%%%mzn-stat: initTime=0.116669046
%%%mzn-stat: objective=187
%%%mzn-stat: nodes=1146
%%%mzn-stat: restarts=0
%%%mzn-stat: peakDepth=661
%%%mzn-stat: solveTime=0.240070781
%%%mzn-stat: variables=1770
%%%mzn-stat: propagators=1406
%%%mzn-stat: failures=401
%%%mzn-stat: propagations=146462
%%%mzn-stat: nogoods=401
%%%mzn-stat: AverageConflictSize=13.571072319201996
%%%mzn-stat: NumUnitNogoodsLearned=186
%%%mzn-stat: AverageLearnedNogoodLength=25.576059850374065
%%%mzn-stat: AverageBacktrackAmount=0
%%%mzn-stat: AverageLbd=12.945137157107231
%%%mzn-stat-end
maxleg = 187;
succ = array1d(1..100,[64, 77, 70, 1, 94, 87, 93, 85, 21, 18, 38, 92, 34, 96, 59, 76, 23, 9, 73, 22, 39, 41, 72, 71, 74, 52, 69, 30, 48, 12, 65, 45, 19, 46, 42, 49, 50, 86, 24, 81, 2, 100, 6, 80, 83, 33, 57, 37, 68, 84, 75, 56, 29, 10, 8, 66, 54, 79, 51, 63, 31, 20, 11, 32, 97, 36, 15, 82, 95, 58, 55, 47, 61, 43, 28, 27, 98, 13, 4, 16, 62, 99, 89, 25, 40, 5, 44, 35, 7, 53, 90, 78, 17, 3, 26, 60, 91, 67, 88, 14]);
% time elapsed: 7.20 s
----------
==========
% time elapsed: 7.20 s
%%%mzn-stat: initTime=0.116669046
%%%mzn-stat: objective=187
%%%mzn-stat: nodes=1146
%%%mzn-stat: restarts=0
%%%mzn-stat: peakDepth=661
%%%mzn-stat: solveTime=0.240085083
%%%mzn-stat: variables=1770
%%%mzn-stat: propagators=1406
%%%mzn-stat: failures=401
%%%mzn-stat: propagations=146462
%%%mzn-stat: nogoods=401
%%%mzn-stat: AverageConflictSize=13.571072319201996
%%%mzn-stat: NumUnitNogoodsLearned=186
%%%mzn-stat: AverageLearnedNogoodLength=25.576059850374065
%%%mzn-stat: AverageBacktrackAmount=0
%%%mzn-stat: AverageLbd=12.945137157107231
%%%mzn-stat-end
