% Logging successfully configured
%%%mzn-stat: initTime=0.012181222
%%%mzn-stat: objective=1152
%%%mzn-stat: nodes=2513
%%%mzn-stat: restarts=0
%%%mzn-stat: peakDepth=452
%%%mzn-stat: solveTime=0.044449471
%%%mzn-stat: variables=1021
%%%mzn-stat: propagators=643
%%%mzn-stat: failures=138
%%%mzn-stat: propagations=16111
%%%mzn-stat: nogoods=138
%%%mzn-stat: numAtomicConstraintsPropagated=0
%%%mzn-stat: allDifferentNumber1TotalHallSetSize=474
%%%mzn-stat: allDifferentNumber1NumberOfConflicts=138
%%%mzn-stat: allDifferentNumber1MaxHallSetSize=50
%%%mzn-stat: allDifferentNumber1PropagationsTotal=2536
%%%mzn-stat: allDifferentNumber1PropagationsThatFoundConflict=138
%%%mzn-stat: circuitNumber2PropagationsThatFoundConflict=0
%%%mzn-stat: circuitNumber2TotalFixedEdgesAtConflict=0
%%%mzn-stat: circuitNumber2NumberOfConflicts=0
%%%mzn-stat: circuitNumber2PropagationsThatPruned=0
%%%mzn-stat: circuitNumber2PropagationsTotal=1969
%%%mzn-stat: AverageConflictSize=2.7681159420289854
%%%mzn-stat: NumUnitNogoodsLearned=1
%%%mzn-stat: AverageLearnedNogoodLength=2.760869565217391
%%%mzn-stat: AverageBacktrackAmount=0
%%%mzn-stat: AverageLbd=2.6884057971014492
%%%mzn-stat: 2AutonomousSearchNumBackupCalled=409
%%%mzn-stat: 2AutonomousSearchNumPredicatesRemoved=0
%%%mzn-stat: 2AutonomousSearchNumCalls=410
%%%mzn-stat: 2AutonomousSearchNumPredicatesAdded=223
%%%mzn-stat: 2AutonomousSearchAverageSizeOfHeap=0.5439024390243903
%%%mzn-stat: 2AutonomousSearchNumAssignedPredicatesEncountered=223
%%%mzn-stat-end
maxleg = 1152;
succ = array1d(1..50,[10, 11, 12, 8, 1, 5, 2, 13, 4, 17, 19, 7, 6, 3, 16, 20, 21, 22, 33, 44, 14, 28, 37, 27, 23, 49, 18, 25, 50, 9, 48, 24, 32, 46, 41, 34, 31, 43, 42, 47, 15, 40, 36, 30, 29, 26, 35, 45, 39, 38]);
% time elapsed: 3.35 s
----------
%%%mzn-stat: initTime=0.012181222
%%%mzn-stat: objective=1067
%%%mzn-stat: nodes=3116
%%%mzn-stat: restarts=0
%%%mzn-stat: peakDepth=452
%%%mzn-stat: solveTime=0.051396211
%%%mzn-stat: variables=1021
%%%mzn-stat: propagators=643
%%%mzn-stat: failures=181
%%%mzn-stat: propagations=18617
%%%mzn-stat: nogoods=181
%%%mzn-stat: numAtomicConstraintsPropagated=0
%%%mzn-stat: allDifferentNumber1TotalHallSetSize=642
%%%mzn-stat: allDifferentNumber1NumberOfConflicts=179
%%%mzn-stat: allDifferentNumber1MaxHallSetSize=50
%%%mzn-stat: allDifferentNumber1PropagationsTotal=2824
%%%mzn-stat: allDifferentNumber1PropagationsThatFoundConflict=179
%%%mzn-stat: circuitNumber2PropagationsThatFoundConflict=0
%%%mzn-stat: circuitNumber2TotalFixedEdgesAtConflict=0
%%%mzn-stat: circuitNumber2NumberOfConflicts=0
%%%mzn-stat: circuitNumber2PropagationsThatPruned=2
%%%mzn-stat: circuitNumber2PropagationsTotal=2162
%%%mzn-stat: AverageConflictSize=3.3591160220994474
%%%mzn-stat: NumUnitNogoodsLearned=1
%%%mzn-stat: AverageLearnedNogoodLength=3.7900552486187844
%%%mzn-stat: AverageBacktrackAmount=0
%%%mzn-stat: AverageLbd=3.2596685082872927
%%%mzn-stat: 2AutonomousSearchNumBackupCalled=805
%%%mzn-stat: 2AutonomousSearchNumPredicatesRemoved=0
%%%mzn-stat: 2AutonomousSearchNumCalls=807
%%%mzn-stat: 2AutonomousSearchNumPredicatesAdded=531
%%%mzn-stat: 2AutonomousSearchAverageSizeOfHeap=0.8822800495662949
%%%mzn-stat: 2AutonomousSearchNumAssignedPredicatesEncountered=712
%%%mzn-stat-end
maxleg = 1067;
succ = array1d(1..50,[10, 11, 12, 8, 1, 5, 2, 13, 4, 17, 19, 7, 6, 3, 16, 20, 21, 22, 37, 33, 14, 28, 41, 27, 23, 49, 18, 30, 50, 9, 48, 24, 32, 46, 42, 44, 31, 34, 47, 35, 15, 43, 36, 39, 29, 26, 25, 45, 40, 38]);
% time elapsed: 3.36 s
----------
%%%mzn-stat: initTime=0.012181222
%%%mzn-stat: objective=968
%%%mzn-stat: nodes=3543
%%%mzn-stat: restarts=0
%%%mzn-stat: peakDepth=452
%%%mzn-stat: solveTime=0.052796254
%%%mzn-stat: variables=1021
%%%mzn-stat: propagators=643
%%%mzn-stat: failures=182
%%%mzn-stat: propagations=19711
%%%mzn-stat: nogoods=182
%%%mzn-stat: numAtomicConstraintsPropagated=0
%%%mzn-stat: allDifferentNumber1TotalHallSetSize=644
%%%mzn-stat: allDifferentNumber1NumberOfConflicts=180
%%%mzn-stat: allDifferentNumber1MaxHallSetSize=50
%%%mzn-stat: allDifferentNumber1PropagationsTotal=2869
%%%mzn-stat: allDifferentNumber1PropagationsThatFoundConflict=180
%%%mzn-stat: circuitNumber2PropagationsThatFoundConflict=0
%%%mzn-stat: circuitNumber2TotalFixedEdgesAtConflict=0
%%%mzn-stat: circuitNumber2NumberOfConflicts=0
%%%mzn-stat: circuitNumber2PropagationsThatPruned=2
%%%mzn-stat: circuitNumber2PropagationsTotal=2200
%%%mzn-stat: AverageConflictSize=3.3516483516483517
%%%mzn-stat: NumUnitNogoodsLearned=1
%%%mzn-stat: AverageLearnedNogoodLength=3.78021978021978
%%%mzn-stat: AverageBacktrackAmount=0
%%%mzn-stat: AverageLbd=3.2527472527472527
%%%mzn-stat: 2AutonomousSearchNumBackupCalled=1192
%%%mzn-stat: 2AutonomousSearchNumPredicatesRemoved=0
%%%mzn-stat: 2AutonomousSearchNumCalls=1195
%%%mzn-stat: 2AutonomousSearchNumPredicatesAdded=533
%%%mzn-stat: 2AutonomousSearchAverageSizeOfHeap=1.0066945606694562
%%%mzn-stat: 2AutonomousSearchNumAssignedPredicatesEncountered=1203
%%%mzn-stat-end
maxleg = 968;
succ = array1d(1..50,[10, 11, 12, 8, 1, 5, 2, 13, 4, 17, 19, 7, 6, 3, 16, 20, 21, 22, 37, 33, 14, 28, 41, 27, 23, 49, 18, 30, 50, 9, 48, 24, 32, 46, 42, 44, 31, 43, 47, 35, 15, 45, 36, 39, 29, 26, 25, 34, 40, 38]);
% time elapsed: 3.36 s
----------
%%%mzn-stat: initTime=0.012181222
%%%mzn-stat: objective=953
%%%mzn-stat: nodes=4016
%%%mzn-stat: restarts=0
%%%mzn-stat: peakDepth=452
%%%mzn-stat: solveTime=0.056337156
%%%mzn-stat: variables=1021
%%%mzn-stat: propagators=643
%%%mzn-stat: failures=206
%%%mzn-stat: propagations=21493
%%%mzn-stat: nogoods=206
%%%mzn-stat: numAtomicConstraintsPropagated=0
%%%mzn-stat: allDifferentNumber1TotalHallSetSize=723
%%%mzn-stat: allDifferentNumber1NumberOfConflicts=198
%%%mzn-stat: allDifferentNumber1MaxHallSetSize=50
%%%mzn-stat: allDifferentNumber1PropagationsTotal=2993
%%%mzn-stat: allDifferentNumber1PropagationsThatFoundConflict=198
%%%mzn-stat: circuitNumber2PropagationsThatFoundConflict=3
%%%mzn-stat: circuitNumber2TotalFixedEdgesAtConflict=128
%%%mzn-stat: circuitNumber2NumberOfConflicts=3
%%%mzn-stat: circuitNumber2PropagationsThatPruned=3
%%%mzn-stat: circuitNumber2PropagationsTotal=2287
%%%mzn-stat: AverageConflictSize=3.7475728155339807
%%%mzn-stat: NumUnitNogoodsLearned=1
%%%mzn-stat: AverageLearnedNogoodLength=4.723300970873787
%%%mzn-stat: AverageBacktrackAmount=0
%%%mzn-stat: AverageLbd=3.762135922330097
%%%mzn-stat: 2AutonomousSearchNumBackupCalled=1577
%%%mzn-stat: 2AutonomousSearchNumPredicatesRemoved=0
%%%mzn-stat: 2AutonomousSearchNumCalls=1581
%%%mzn-stat: 2AutonomousSearchNumPredicatesAdded=843
%%%mzn-stat: 2AutonomousSearchAverageSizeOfHeap=1.1606578115117014
%%%mzn-stat: 2AutonomousSearchNumAssignedPredicatesEncountered=1835
%%%mzn-stat-end
maxleg = 953;
succ = array1d(1..50,[10, 11, 12, 8, 1, 5, 2, 13, 4, 17, 19, 7, 6, 3, 16, 20, 21, 22, 37, 44, 14, 28, 41, 27, 23, 49, 18, 30, 50, 9, 48, 24, 32, 46, 42, 25, 31, 43, 47, 35, 15, 45, 36, 39, 29, 26, 33, 34, 40, 38]);
% time elapsed: 3.37 s
----------
%%%mzn-stat: initTime=0.012181222
%%%mzn-stat: objective=938
%%%mzn-stat: nodes=4549
%%%mzn-stat: restarts=0
%%%mzn-stat: peakDepth=452
%%%mzn-stat: solveTime=0.061939041
%%%mzn-stat: variables=1021
%%%mzn-stat: propagators=643
%%%mzn-stat: failures=248
%%%mzn-stat: propagations=24140
%%%mzn-stat: nogoods=248
%%%mzn-stat: numAtomicConstraintsPropagated=0
%%%mzn-stat: allDifferentNumber1TotalHallSetSize=842
%%%mzn-stat: allDifferentNumber1NumberOfConflicts=238
%%%mzn-stat: allDifferentNumber1MaxHallSetSize=50
%%%mzn-stat: allDifferentNumber1PropagationsTotal=3236
%%%mzn-stat: allDifferentNumber1PropagationsThatFoundConflict=238
%%%mzn-stat: circuitNumber2PropagationsThatFoundConflict=4
%%%mzn-stat: circuitNumber2TotalFixedEdgesAtConflict=171
%%%mzn-stat: circuitNumber2NumberOfConflicts=4
%%%mzn-stat: circuitNumber2PropagationsThatPruned=16
%%%mzn-stat: circuitNumber2PropagationsTotal=2429
%%%mzn-stat: AverageConflictSize=3.685483870967742
%%%mzn-stat: NumUnitNogoodsLearned=1
%%%mzn-stat: AverageLearnedNogoodLength=5.262096774193548
%%%mzn-stat: AverageBacktrackAmount=0
%%%mzn-stat: AverageLbd=4.016129032258065
%%%mzn-stat: 2AutonomousSearchNumBackupCalled=1964
%%%mzn-stat: 2AutonomousSearchNumPredicatesRemoved=0
%%%mzn-stat: 2AutonomousSearchNumCalls=1969
%%%mzn-stat: 2AutonomousSearchNumPredicatesAdded=1188
%%%mzn-stat: 2AutonomousSearchAverageSizeOfHeap=1.3016759776536313
%%%mzn-stat: 2AutonomousSearchNumAssignedPredicatesEncountered=2563
%%%mzn-stat-end
maxleg = 938;
succ = array1d(1..50,[10, 11, 12, 8, 1, 5, 2, 13, 4, 17, 19, 7, 6, 3, 16, 20, 21, 22, 37, 44, 14, 32, 41, 27, 23, 49, 34, 30, 28, 9, 48, 24, 35, 46, 42, 25, 18, 31, 50, 47, 15, 43, 36, 39, 29, 26, 33, 45, 40, 38]);
% time elapsed: 3.37 s
----------
%%%mzn-stat: initTime=0.012181222
%%%mzn-stat: objective=926
%%%mzn-stat: nodes=5113
%%%mzn-stat: restarts=0
%%%mzn-stat: peakDepth=452
%%%mzn-stat: solveTime=0.068337454
%%%mzn-stat: variables=1021
%%%mzn-stat: propagators=643
%%%mzn-stat: failures=269
%%%mzn-stat: propagations=27135
%%%mzn-stat: nogoods=269
%%%mzn-stat: numAtomicConstraintsPropagated=0
%%%mzn-stat: allDifferentNumber1TotalHallSetSize=891
%%%mzn-stat: allDifferentNumber1NumberOfConflicts=257
%%%mzn-stat: allDifferentNumber1MaxHallSetSize=50
%%%mzn-stat: allDifferentNumber1PropagationsTotal=3516
%%%mzn-stat: allDifferentNumber1PropagationsThatFoundConflict=257
%%%mzn-stat: circuitNumber2PropagationsThatFoundConflict=5
%%%mzn-stat: circuitNumber2TotalFixedEdgesAtConflict=211
%%%mzn-stat: circuitNumber2NumberOfConflicts=5
%%%mzn-stat: circuitNumber2PropagationsThatPruned=20
%%%mzn-stat: circuitNumber2PropagationsTotal=2631
%%%mzn-stat: AverageConflictSize=3.721189591078067
%%%mzn-stat: NumUnitNogoodsLearned=1
%%%mzn-stat: AverageLearnedNogoodLength=5.29368029739777
%%%mzn-stat: AverageBacktrackAmount=0
%%%mzn-stat: AverageLbd=4.055762081784387
%%%mzn-stat: 2AutonomousSearchNumBackupCalled=2316
%%%mzn-stat: 2AutonomousSearchNumPredicatesRemoved=0
%%%mzn-stat: 2AutonomousSearchNumCalls=2322
%%%mzn-stat: 2AutonomousSearchNumPredicatesAdded=1362
%%%mzn-stat: 2AutonomousSearchAverageSizeOfHeap=1.425064599483204
%%%mzn-stat: 2AutonomousSearchNumAssignedPredicatesEncountered=3309
%%%mzn-stat-end
maxleg = 926;
succ = array1d(1..50,[10, 11, 32, 8, 1, 5, 2, 13, 4, 17, 19, 7, 6, 3, 16, 12, 21, 22, 37, 15, 14, 34, 41, 20, 23, 49, 18, 30, 28, 9, 48, 24, 35, 46, 42, 44, 27, 31, 50, 47, 33, 43, 36, 39, 29, 26, 25, 45, 40, 38]);
% time elapsed: 3.38 s
----------
%%%mzn-stat: initTime=0.012181222
%%%mzn-stat: objective=896
%%%mzn-stat: nodes=5611
%%%mzn-stat: restarts=0
%%%mzn-stat: peakDepth=452
%%%mzn-stat: solveTime=0.077636138
%%%mzn-stat: variables=1021
%%%mzn-stat: propagators=643
%%%mzn-stat: failures=331
%%%mzn-stat: propagations=30516
%%%mzn-stat: nogoods=331
%%%mzn-stat: numAtomicConstraintsPropagated=0
%%%mzn-stat: allDifferentNumber1TotalHallSetSize=1110
%%%mzn-stat: allDifferentNumber1NumberOfConflicts=311
%%%mzn-stat: allDifferentNumber1MaxHallSetSize=50
%%%mzn-stat: allDifferentNumber1PropagationsTotal=3779
%%%mzn-stat: allDifferentNumber1PropagationsThatFoundConflict=311
%%%mzn-stat: circuitNumber2PropagationsThatFoundConflict=9
%%%mzn-stat: circuitNumber2TotalFixedEdgesAtConflict=385
%%%mzn-stat: circuitNumber2NumberOfConflicts=9
%%%mzn-stat: circuitNumber2PropagationsThatPruned=43
%%%mzn-stat: circuitNumber2PropagationsTotal=2791
%%%mzn-stat: AverageConflictSize=4.214501510574018
%%%mzn-stat: NumUnitNogoodsLearned=1
%%%mzn-stat: AverageLearnedNogoodLength=6.876132930513595
%%%mzn-stat: AverageBacktrackAmount=0
%%%mzn-stat: AverageLbd=5.045317220543807
%%%mzn-stat: 2AutonomousSearchNumBackupCalled=2662
%%%mzn-stat: 2AutonomousSearchNumPredicatesRemoved=0
%%%mzn-stat: 2AutonomousSearchNumCalls=2669
%%%mzn-stat: 2AutonomousSearchNumPredicatesAdded=1916
%%%mzn-stat: 2AutonomousSearchAverageSizeOfHeap=1.5844885724990634
%%%mzn-stat: 2AutonomousSearchNumAssignedPredicatesEncountered=4229
%%%mzn-stat-end
maxleg = 896;
succ = array1d(1..50,[10, 11, 32, 8, 1, 5, 2, 13, 4, 17, 19, 7, 6, 3, 16, 12, 21, 22, 37, 15, 14, 34, 41, 20, 27, 49, 43, 30, 28, 9, 48, 23, 47, 46, 42, 44, 18, 31, 50, 35, 24, 33, 36, 39, 29, 26, 25, 45, 40, 38]);
% time elapsed: 3.40 s
----------
%%%mzn-stat: initTime=0.012181222
%%%mzn-stat: objective=889
%%%mzn-stat: nodes=6102
%%%mzn-stat: restarts=0
%%%mzn-stat: peakDepth=452
%%%mzn-stat: solveTime=0.085134738
%%%mzn-stat: variables=1021
%%%mzn-stat: propagators=643
%%%mzn-stat: failures=379
%%%mzn-stat: propagations=33326
%%%mzn-stat: nogoods=379
%%%mzn-stat: numAtomicConstraintsPropagated=0
%%%mzn-stat: allDifferentNumber1TotalHallSetSize=1374
%%%mzn-stat: allDifferentNumber1NumberOfConflicts=353
%%%mzn-stat: allDifferentNumber1MaxHallSetSize=50
%%%mzn-stat: allDifferentNumber1PropagationsTotal=4000
%%%mzn-stat: allDifferentNumber1PropagationsThatFoundConflict=353
%%%mzn-stat: circuitNumber2PropagationsThatFoundConflict=9
%%%mzn-stat: circuitNumber2TotalFixedEdgesAtConflict=385
%%%mzn-stat: circuitNumber2NumberOfConflicts=9
%%%mzn-stat: circuitNumber2PropagationsThatPruned=54
%%%mzn-stat: circuitNumber2PropagationsTotal=2930
%%%mzn-stat: AverageConflictSize=4.839050131926121
%%%mzn-stat: NumUnitNogoodsLearned=1
%%%mzn-stat: AverageLearnedNogoodLength=7.899736147757256
%%%mzn-stat: AverageBacktrackAmount=0
%%%mzn-stat: AverageLbd=5.525065963060686
%%%mzn-stat: 2AutonomousSearchNumBackupCalled=3001
%%%mzn-stat: 2AutonomousSearchNumPredicatesRemoved=0
%%%mzn-stat: 2AutonomousSearchNumCalls=3009
%%%mzn-stat: 2AutonomousSearchNumPredicatesAdded=2664
%%%mzn-stat: 2AutonomousSearchAverageSizeOfHeap=1.7650382186773015
%%%mzn-stat: 2AutonomousSearchNumAssignedPredicatesEncountered=5311
%%%mzn-stat-end
maxleg = 889;
succ = array1d(1..50,[10, 11, 32, 8, 1, 5, 2, 13, 4, 17, 19, 7, 6, 3, 16, 12, 21, 22, 37, 15, 14, 34, 41, 50, 27, 49, 9, 42, 28, 20, 48, 23, 35, 46, 24, 25, 31, 43, 44, 47, 18, 40, 36, 30, 29, 26, 33, 45, 39, 38]);
% time elapsed: 3.41 s
----------
%%%mzn-stat: initTime=0.012181222
%%%mzn-stat: objective=862
%%%mzn-stat: nodes=6528
%%%mzn-stat: restarts=0
%%%mzn-stat: peakDepth=452
%%%mzn-stat: solveTime=0.091472183
%%%mzn-stat: variables=1021
%%%mzn-stat: propagators=643
%%%mzn-stat: failures=413
%%%mzn-stat: propagations=35865
%%%mzn-stat: nogoods=413
%%%mzn-stat: numAtomicConstraintsPropagated=0
%%%mzn-stat: allDifferentNumber1TotalHallSetSize=1575
%%%mzn-stat: allDifferentNumber1NumberOfConflicts=378
%%%mzn-stat: allDifferentNumber1MaxHallSetSize=50
%%%mzn-stat: allDifferentNumber1PropagationsTotal=4156
%%%mzn-stat: allDifferentNumber1PropagationsThatFoundConflict=378
%%%mzn-stat: circuitNumber2PropagationsThatFoundConflict=10
%%%mzn-stat: circuitNumber2TotalFixedEdgesAtConflict=430
%%%mzn-stat: circuitNumber2NumberOfConflicts=10
%%%mzn-stat: circuitNumber2PropagationsThatPruned=64
%%%mzn-stat: circuitNumber2PropagationsTotal=3031
%%%mzn-stat: AverageConflictSize=5.406779661016949
%%%mzn-stat: NumUnitNogoodsLearned=1
%%%mzn-stat: AverageLearnedNogoodLength=9.079903147699758
%%%mzn-stat: AverageBacktrackAmount=0
%%%mzn-stat: AverageLbd=6.0290556900726395
%%%mzn-stat: 2AutonomousSearchNumBackupCalled=3318
%%%mzn-stat: 2AutonomousSearchNumPredicatesRemoved=0
%%%mzn-stat: 2AutonomousSearchNumCalls=3327
%%%mzn-stat: 2AutonomousSearchNumPredicatesAdded=3327
%%%mzn-stat: 2AutonomousSearchAverageSizeOfHeap=1.9323715058611362
%%%mzn-stat: 2AutonomousSearchNumAssignedPredicatesEncountered=6429
%%%mzn-stat-end
maxleg = 862;
succ = array1d(1..50,[10, 11, 32, 8, 1, 5, 2, 13, 4, 17, 19, 7, 6, 3, 16, 12, 33, 22, 37, 15, 14, 34, 41, 50, 27, 49, 31, 30, 28, 20, 48, 23, 35, 46, 24, 25, 21, 43, 44, 9, 18, 40, 36, 47, 29, 26, 42, 45, 39, 38]);
% time elapsed: 3.41 s
----------
%%%mzn-stat: initTime=0.012181222
%%%mzn-stat: objective=765
%%%mzn-stat: nodes=6862
%%%mzn-stat: restarts=0
%%%mzn-stat: peakDepth=452
%%%mzn-stat: solveTime=0.094937852
%%%mzn-stat: variables=1021
%%%mzn-stat: propagators=643
%%%mzn-stat: failures=424
%%%mzn-stat: propagations=37438
%%%mzn-stat: nogoods=424
%%%mzn-stat: numAtomicConstraintsPropagated=0
%%%mzn-stat: allDifferentNumber1TotalHallSetSize=1609
%%%mzn-stat: allDifferentNumber1NumberOfConflicts=385
%%%mzn-stat: allDifferentNumber1MaxHallSetSize=50
%%%mzn-stat: allDifferentNumber1PropagationsTotal=4221
%%%mzn-stat: allDifferentNumber1PropagationsThatFoundConflict=385
%%%mzn-stat: circuitNumber2PropagationsThatFoundConflict=11
%%%mzn-stat: circuitNumber2TotalFixedEdgesAtConflict=475
%%%mzn-stat: circuitNumber2NumberOfConflicts=11
%%%mzn-stat: circuitNumber2PropagationsThatPruned=72
%%%mzn-stat: circuitNumber2PropagationsTotal=3081
%%%mzn-stat: AverageConflictSize=5.53066037735849
%%%mzn-stat: NumUnitNogoodsLearned=1
%%%mzn-stat: AverageLearnedNogoodLength=9.47877358490566
%%%mzn-stat: AverageBacktrackAmount=0
%%%mzn-stat: AverageLbd=6.181603773584905
%%%mzn-stat: 2AutonomousSearchNumBackupCalled=3608
%%%mzn-stat: 2AutonomousSearchNumPredicatesRemoved=0
%%%mzn-stat: 2AutonomousSearchNumCalls=3618
%%%mzn-stat: 2AutonomousSearchNumPredicatesAdded=3869
%%%mzn-stat: 2AutonomousSearchAverageSizeOfHeap=2.099226091763405
%%%mzn-stat: 2AutonomousSearchNumAssignedPredicatesEncountered=7595
%%%mzn-stat-end
maxleg = 765;
succ = array1d(1..50,[10, 11, 32, 8, 1, 5, 2, 13, 4, 17, 19, 7, 6, 3, 16, 12, 33, 22, 37, 15, 14, 34, 41, 50, 42, 49, 43, 30, 28, 20, 48, 23, 45, 46, 24, 25, 21, 31, 44, 9, 18, 40, 36, 47, 29, 26, 35, 27, 39, 38]);
% time elapsed: 3.42 s
----------
%%%mzn-stat: initTime=0.012181222
%%%mzn-stat: objective=764
%%%mzn-stat: nodes=7216
%%%mzn-stat: restarts=0
%%%mzn-stat: peakDepth=452
%%%mzn-stat: solveTime=0.09706624
%%%mzn-stat: variables=1021
%%%mzn-stat: propagators=643
%%%mzn-stat: failures=432
%%%mzn-stat: propagations=39050
%%%mzn-stat: nogoods=432
%%%mzn-stat: numAtomicConstraintsPropagated=0
%%%mzn-stat: allDifferentNumber1TotalHallSetSize=1624
%%%mzn-stat: allDifferentNumber1NumberOfConflicts=392
%%%mzn-stat: allDifferentNumber1MaxHallSetSize=50
%%%mzn-stat: allDifferentNumber1PropagationsTotal=4297
%%%mzn-stat: allDifferentNumber1PropagationsThatFoundConflict=392
%%%mzn-stat: circuitNumber2PropagationsThatFoundConflict=11
%%%mzn-stat: circuitNumber2TotalFixedEdgesAtConflict=475
%%%mzn-stat: circuitNumber2NumberOfConflicts=11
%%%mzn-stat: circuitNumber2PropagationsThatPruned=74
%%%mzn-stat: circuitNumber2PropagationsTotal=3136
%%%mzn-stat: AverageConflictSize=5.467592592592593
%%%mzn-stat: NumUnitNogoodsLearned=1
%%%mzn-stat: AverageLearnedNogoodLength=9.386574074074074
%%%mzn-stat: AverageBacktrackAmount=0
%%%mzn-stat: AverageLbd=6.127314814814815
%%%mzn-stat: 2AutonomousSearchNumBackupCalled=3905
%%%mzn-stat: 2AutonomousSearchNumPredicatesRemoved=0
%%%mzn-stat: 2AutonomousSearchNumCalls=3916
%%%mzn-stat: 2AutonomousSearchNumPredicatesAdded=3985
%%%mzn-stat: 2AutonomousSearchAverageSizeOfHeap=2.2418283963227785
%%%mzn-stat: 2AutonomousSearchNumAssignedPredicatesEncountered=8779
%%%mzn-stat-end
maxleg = 764;
succ = array1d(1..50,[10, 11, 32, 8, 1, 5, 2, 13, 4, 17, 19, 7, 6, 3, 16, 12, 33, 22, 39, 15, 14, 28, 41, 50, 27, 49, 31, 30, 37, 20, 48, 23, 18, 46, 42, 34, 21, 43, 44, 9, 24, 40, 36, 47, 29, 26, 25, 45, 35, 38]);
% time elapsed: 3.42 s
----------
%%%mzn-stat: initTime=0.012181222
%%%mzn-stat: objective=748
%%%mzn-stat: nodes=7608
%%%mzn-stat: restarts=0
%%%mzn-stat: peakDepth=452
%%%mzn-stat: solveTime=0.106839591
%%%mzn-stat: variables=1021
%%%mzn-stat: propagators=643
%%%mzn-stat: failures=482
%%%mzn-stat: propagations=42973
%%%mzn-stat: nogoods=482
%%%mzn-stat: numAtomicConstraintsPropagated=0
%%%mzn-stat: allDifferentNumber1TotalHallSetSize=1745
%%%mzn-stat: allDifferentNumber1NumberOfConflicts=428
%%%mzn-stat: allDifferentNumber1MaxHallSetSize=50
%%%mzn-stat: allDifferentNumber1PropagationsTotal=4508
%%%mzn-stat: allDifferentNumber1PropagationsThatFoundConflict=428
%%%mzn-stat: circuitNumber2PropagationsThatFoundConflict=19
%%%mzn-stat: circuitNumber2TotalFixedEdgesAtConflict=855
%%%mzn-stat: circuitNumber2NumberOfConflicts=19
%%%mzn-stat: circuitNumber2PropagationsThatPruned=93
%%%mzn-stat: circuitNumber2PropagationsTotal=3263
%%%mzn-stat: AverageConflictSize=5.732365145228216
%%%mzn-stat: NumUnitNogoodsLearned=1
%%%mzn-stat: AverageLearnedNogoodLength=10.923236514522822
%%%mzn-stat: AverageBacktrackAmount=0
%%%mzn-stat: AverageLbd=6.587136929460581
%%%mzn-stat: 2AutonomousSearchNumBackupCalled=4189
%%%mzn-stat: 2AutonomousSearchNumPredicatesRemoved=0
%%%mzn-stat: 2AutonomousSearchNumCalls=4201
%%%mzn-stat: 2AutonomousSearchNumPredicatesAdded=4834
%%%mzn-stat: 2AutonomousSearchAverageSizeOfHeap=2.4263270649845277
%%%mzn-stat: 2AutonomousSearchNumAssignedPredicatesEncountered=10193
%%%mzn-stat-end
maxleg = 748;
succ = array1d(1..50,[10, 11, 32, 8, 1, 5, 2, 13, 4, 17, 19, 7, 6, 3, 16, 12, 33, 22, 39, 44, 14, 34, 41, 50, 27, 49, 43, 30, 37, 20, 48, 23, 18, 46, 28, 24, 21, 31, 42, 9, 15, 40, 36, 47, 29, 26, 25, 45, 35, 38]);
% time elapsed: 3.42 s
----------
==========
% time elapsed: 3.42 s
%%%mzn-stat: initTime=0.012181222
%%%mzn-stat: objective=748
%%%mzn-stat: nodes=7608
%%%mzn-stat: restarts=0
%%%mzn-stat: peakDepth=452
%%%mzn-stat: solveTime=0.106964415
%%%mzn-stat: variables=1021
%%%mzn-stat: propagators=643
%%%mzn-stat: failures=483
%%%mzn-stat: propagations=43140
%%%mzn-stat: nogoods=483
%%%mzn-stat: numAtomicConstraintsPropagated=0
%%%mzn-stat: allDifferentNumber1TotalHallSetSize=1745
%%%mzn-stat: allDifferentNumber1NumberOfConflicts=428
%%%mzn-stat: allDifferentNumber1MaxHallSetSize=50
%%%mzn-stat: allDifferentNumber1PropagationsTotal=4508
%%%mzn-stat: allDifferentNumber1PropagationsThatFoundConflict=428
%%%mzn-stat: circuitNumber2PropagationsThatFoundConflict=19
%%%mzn-stat: circuitNumber2TotalFixedEdgesAtConflict=855
%%%mzn-stat: circuitNumber2NumberOfConflicts=19
%%%mzn-stat: circuitNumber2PropagationsThatPruned=93
%%%mzn-stat: circuitNumber2PropagationsTotal=3263
%%%mzn-stat: AverageConflictSize=5.72463768115942
%%%mzn-stat: NumUnitNogoodsLearned=2
%%%mzn-stat: AverageLearnedNogoodLength=10.902691511387163
%%%mzn-stat: AverageBacktrackAmount=0
%%%mzn-stat: AverageLbd=6.575569358178054
%%%mzn-stat: 2AutonomousSearchNumBackupCalled=4189
%%%mzn-stat: 2AutonomousSearchNumPredicatesRemoved=0
%%%mzn-stat: 2AutonomousSearchNumCalls=4201
%%%mzn-stat: 2AutonomousSearchNumPredicatesAdded=4885
%%%mzn-stat: 2AutonomousSearchAverageSizeOfHeap=2.4263270649845277
%%%mzn-stat: 2AutonomousSearchNumAssignedPredicatesEncountered=10193
%%%mzn-stat-end
