% Logging successfully configured
%%%mzn-stat: initTime=0.003148472
%%%mzn-stat: objective=426
%%%mzn-stat: nodes=149
%%%mzn-stat: restarts=0
%%%mzn-stat: peakDepth=119
%%%mzn-stat: solveTime=0.002120023
%%%mzn-stat: variables=298
%%%mzn-stat: propagators=385
%%%mzn-stat: failures=27
%%%mzn-stat: propagations=4809
%%%mzn-stat: nogoods=27
%%%mzn-stat: numAtomicConstraintsPropagated=0
%%%mzn-stat: circuitNumber191PropagationsThatFoundConflict=20
%%%mzn-stat: circuitNumber191TotalFixedEdgesAtConflict=350
%%%mzn-stat: circuitNumber191NumberOfConflicts=20
%%%mzn-stat: circuitNumber191PropagationsThatPruned=13
%%%mzn-stat: circuitNumber191PropagationsTotal=68
%%%mzn-stat: AverageConflictSize=9.88888888888889
%%%mzn-stat: NumUnitNogoodsLearned=0
%%%mzn-stat: AverageLearnedNogoodLength=8
%%%mzn-stat: AverageBacktrackAmount=0
%%%mzn-stat: AverageLbd=6.888888888888889
%%%mzn-stat: 2AutonomousSearchNumBackupCalled=106
%%%mzn-stat: 2AutonomousSearchNumPredicatesRemoved=0
%%%mzn-stat: 2AutonomousSearchNumCalls=107
%%%mzn-stat: 2AutonomousSearchNumPredicatesAdded=316
%%%mzn-stat: 2AutonomousSearchAverageSizeOfHeap=2.953271028037383
%%%mzn-stat: 2AutonomousSearchNumAssignedPredicatesEncountered=316
%%%mzn-stat-end
maxleg = 426;
succ = array1d(1..20,[3, 4, 6, 1, 8, 11, 10, 2, 16, 15, 12, 13, 19, 20, 14, 17, 18, 5, 7, 9]);
% time elapsed: 1.51 s
----------
%%%mzn-stat: initTime=0.003148472
%%%mzn-stat: objective=422
%%%mzn-stat: nodes=325
%%%mzn-stat: restarts=0
%%%mzn-stat: peakDepth=119
%%%mzn-stat: solveTime=0.006729855
%%%mzn-stat: variables=298
%%%mzn-stat: propagators=385
%%%mzn-stat: failures=86
%%%mzn-stat: propagations=13173
%%%mzn-stat: nogoods=86
%%%mzn-stat: numAtomicConstraintsPropagated=0
%%%mzn-stat: circuitNumber191PropagationsThatFoundConflict=28
%%%mzn-stat: circuitNumber191TotalFixedEdgesAtConflict=446
%%%mzn-stat: circuitNumber191NumberOfConflicts=28
%%%mzn-stat: circuitNumber191PropagationsThatPruned=43
%%%mzn-stat: circuitNumber191PropagationsTotal=161
%%%mzn-stat: AverageConflictSize=5.209302325581396
%%%mzn-stat: NumUnitNogoodsLearned=0
%%%mzn-stat: AverageLearnedNogoodLength=11.453488372093023
%%%mzn-stat: AverageBacktrackAmount=0
%%%mzn-stat: AverageLbd=6.011627906976744
%%%mzn-stat: 2AutonomousSearchNumBackupCalled=205
%%%mzn-stat: 2AutonomousSearchNumPredicatesRemoved=0
%%%mzn-stat: 2AutonomousSearchNumCalls=207
%%%mzn-stat: 2AutonomousSearchNumPredicatesAdded=800
%%%mzn-stat: 2AutonomousSearchAverageSizeOfHeap=4.0144927536231885
%%%mzn-stat: 2AutonomousSearchNumAssignedPredicatesEncountered=831
%%%mzn-stat-end
maxleg = 422;
succ = array1d(1..20,[3, 4, 6, 5, 18, 11, 2, 1, 14, 8, 12, 13, 19, 15, 10, 20, 16, 17, 7, 9]);
% time elapsed: 1.51 s
----------
%%%mzn-stat: initTime=0.003148472
%%%mzn-stat: objective=378
%%%mzn-stat: nodes=682
%%%mzn-stat: restarts=0
%%%mzn-stat: peakDepth=119
%%%mzn-stat: solveTime=0.021385735
%%%mzn-stat: variables=298
%%%mzn-stat: propagators=385
%%%mzn-stat: failures=264
%%%mzn-stat: propagations=39850
%%%mzn-stat: nogoods=264
%%%mzn-stat: numAtomicConstraintsPropagated=0
%%%mzn-stat: circuitNumber191PropagationsThatFoundConflict=64
%%%mzn-stat: circuitNumber191TotalFixedEdgesAtConflict=950
%%%mzn-stat: circuitNumber191NumberOfConflicts=64
%%%mzn-stat: circuitNumber191PropagationsThatPruned=91
%%%mzn-stat: circuitNumber191PropagationsTotal=414
%%%mzn-stat: AverageConflictSize=5.1477272727272725
%%%mzn-stat: NumUnitNogoodsLearned=0
%%%mzn-stat: AverageLearnedNogoodLength=13.931818181818182
%%%mzn-stat: AverageBacktrackAmount=0
%%%mzn-stat: AverageLbd=5.6893939393939394
%%%mzn-stat: 2AutonomousSearchNumBackupCalled=293
%%%mzn-stat: 2AutonomousSearchNumPredicatesRemoved=0
%%%mzn-stat: 2AutonomousSearchNumCalls=296
%%%mzn-stat: 2AutonomousSearchNumPredicatesAdded=1397
%%%mzn-stat: 2AutonomousSearchAverageSizeOfHeap=4.925675675675675
%%%mzn-stat: 2AutonomousSearchNumAssignedPredicatesEncountered=1458
%%%mzn-stat-end
maxleg = 378;
succ = array1d(1..20,[3, 4, 11, 8, 17, 1, 2, 10, 5, 15, 12, 13, 19, 16, 14, 20, 18, 6, 7, 9]);
% time elapsed: 1.52 s
----------
==========
% time elapsed: 1.59 s
%%%mzn-stat: initTime=0.003148472
%%%mzn-stat: objective=378
%%%mzn-stat: nodes=1837
%%%mzn-stat: restarts=0
%%%mzn-stat: peakDepth=119
%%%mzn-stat: solveTime=0.098935773
%%%mzn-stat: variables=298
%%%mzn-stat: propagators=385
%%%mzn-stat: failures=1121
%%%mzn-stat: propagations=154528
%%%mzn-stat: nogoods=1121
%%%mzn-stat: numAtomicConstraintsPropagated=0
%%%mzn-stat: circuitNumber191PropagationsThatFoundConflict=88
%%%mzn-stat: circuitNumber191TotalFixedEdgesAtConflict=1192
%%%mzn-stat: circuitNumber191NumberOfConflicts=88
%%%mzn-stat: circuitNumber191PropagationsThatPruned=307
%%%mzn-stat: circuitNumber191PropagationsTotal=1508
%%%mzn-stat: AverageConflictSize=5.328278322925959
%%%mzn-stat: NumUnitNogoodsLearned=1
%%%mzn-stat: AverageLearnedNogoodLength=16.74487065120428
%%%mzn-stat: AverageBacktrackAmount=0
%%%mzn-stat: AverageLbd=5.270294380017841
%%%mzn-stat: 2AutonomousSearchNumBackupCalled=293
%%%mzn-stat: 2AutonomousSearchNumPredicatesRemoved=0
%%%mzn-stat: 2AutonomousSearchNumCalls=296
%%%mzn-stat: 2AutonomousSearchNumPredicatesAdded=2185
%%%mzn-stat: 2AutonomousSearchAverageSizeOfHeap=4.925675675675675
%%%mzn-stat: 2AutonomousSearchNumAssignedPredicatesEncountered=1458
%%%mzn-stat-end
