% Logging successfully configured
%%%mzn-stat: initTime=0.109614678
%%%mzn-stat: objective=885
%%%mzn-stat: nodes=81
%%%mzn-stat: restarts=0
%%%mzn-stat: peakDepth=81
%%%mzn-stat: solveTime=0.00019373
%%%mzn-stat: variables=212
%%%mzn-stat: propagators=321
%%%mzn-stat: failures=0
%%%mzn-stat: propagations=1004
%%%mzn-stat: nogoods=0
%%%mzn-stat: numAtomicConstraintsPropagated=0
%%%mzn-stat: circuitNumber191PropagationsThatFoundConflict=0
%%%mzn-stat: circuitNumber191TotalFixedEdgesAtConflict=0
%%%mzn-stat: circuitNumber191NumberOfConflicts=0
%%%mzn-stat: circuitNumber191PropagationsThatPruned=2
%%%mzn-stat: circuitNumber191PropagationsTotal=13
%%%mzn-stat: AverageConflictSize=0
%%%mzn-stat: NumUnitNogoodsLearned=0
%%%mzn-stat: AverageLearnedNogoodLength=0
%%%mzn-stat: AverageBacktrackAmount=0
%%%mzn-stat: AverageLbd=0
%%%mzn-stat: 2AutonomousSearchNumBackupCalled=71
%%%mzn-stat: 2AutonomousSearchNumPredicatesRemoved=0
%%%mzn-stat: 2AutonomousSearchNumCalls=72
%%%mzn-stat: 2AutonomousSearchNumPredicatesAdded=0
%%%mzn-stat: 2AutonomousSearchAverageSizeOfHeap=0
%%%mzn-stat: 2AutonomousSearchNumAssignedPredicatesEncountered=0
%%%mzn-stat-end
maxleg = 885;
succ = array1d(1..20,[2, 11, 5, 7, 12, 3, 16, 6, 8, 18, 14, 20, 19, 9, 1, 15, 10, 13, 4, 17]);
% time elapsed: 4.75 s
----------
%%%mzn-stat: initTime=0.109614678
%%%mzn-stat: objective=819
%%%mzn-stat: nodes=164
%%%mzn-stat: restarts=0
%%%mzn-stat: peakDepth=84
%%%mzn-stat: solveTime=0.000327843
%%%mzn-stat: variables=212
%%%mzn-stat: propagators=321
%%%mzn-stat: failures=0
%%%mzn-stat: propagations=1616
%%%mzn-stat: nogoods=0
%%%mzn-stat: numAtomicConstraintsPropagated=0
%%%mzn-stat: circuitNumber191PropagationsThatFoundConflict=0
%%%mzn-stat: circuitNumber191TotalFixedEdgesAtConflict=0
%%%mzn-stat: circuitNumber191NumberOfConflicts=0
%%%mzn-stat: circuitNumber191PropagationsThatPruned=4
%%%mzn-stat: circuitNumber191PropagationsTotal=24
%%%mzn-stat: AverageConflictSize=0
%%%mzn-stat: NumUnitNogoodsLearned=0
%%%mzn-stat: AverageLearnedNogoodLength=0
%%%mzn-stat: AverageBacktrackAmount=0
%%%mzn-stat: AverageLbd=0
%%%mzn-stat: 2AutonomousSearchNumBackupCalled=144
%%%mzn-stat: 2AutonomousSearchNumPredicatesRemoved=0
%%%mzn-stat: 2AutonomousSearchNumCalls=146
%%%mzn-stat: 2AutonomousSearchNumPredicatesAdded=0
%%%mzn-stat: 2AutonomousSearchAverageSizeOfHeap=0
%%%mzn-stat: 2AutonomousSearchNumAssignedPredicatesEncountered=0
%%%mzn-stat-end
maxleg = 819;
succ = array1d(1..20,[2, 11, 5, 7, 12, 3, 16, 6, 8, 19, 14, 20, 4, 9, 1, 15, 18, 10, 13, 17]);
% time elapsed: 4.75 s
----------
%%%mzn-stat: initTime=0.109614678
%%%mzn-stat: objective=507
%%%mzn-stat: nodes=240
%%%mzn-stat: restarts=0
%%%mzn-stat: peakDepth=84
%%%mzn-stat: solveTime=0.000676332
%%%mzn-stat: variables=212
%%%mzn-stat: propagators=321
%%%mzn-stat: failures=2
%%%mzn-stat: propagations=2528
%%%mzn-stat: nogoods=2
%%%mzn-stat: numAtomicConstraintsPropagated=0
%%%mzn-stat: circuitNumber191PropagationsThatFoundConflict=2
%%%mzn-stat: circuitNumber191TotalFixedEdgesAtConflict=40
%%%mzn-stat: circuitNumber191NumberOfConflicts=2
%%%mzn-stat: circuitNumber191PropagationsThatPruned=6
%%%mzn-stat: circuitNumber191PropagationsTotal=37
%%%mzn-stat: AverageConflictSize=17
%%%mzn-stat: NumUnitNogoodsLearned=0
%%%mzn-stat: AverageLearnedNogoodLength=11.5
%%%mzn-stat: AverageBacktrackAmount=0
%%%mzn-stat: AverageLbd=9.5
%%%mzn-stat: 2AutonomousSearchNumBackupCalled=209
%%%mzn-stat: 2AutonomousSearchNumPredicatesRemoved=0
%%%mzn-stat: 2AutonomousSearchNumCalls=212
%%%mzn-stat: 2AutonomousSearchNumPredicatesAdded=75
%%%mzn-stat: 2AutonomousSearchAverageSizeOfHeap=0.35377358490566035
%%%mzn-stat: 2AutonomousSearchNumAssignedPredicatesEncountered=75
%%%mzn-stat-end
maxleg = 507;
succ = array1d(1..20,[2, 11, 5, 7, 12, 3, 16, 17, 8, 19, 14, 20, 4, 6, 1, 15, 18, 10, 13, 9]);
% time elapsed: 4.75 s
----------
==========
% time elapsed: 4.75 s
%%%mzn-stat: initTime=0.109614678
%%%mzn-stat: objective=507
%%%mzn-stat: nodes=333
%%%mzn-stat: restarts=0
%%%mzn-stat: peakDepth=84
%%%mzn-stat: solveTime=0.006564586
%%%mzn-stat: variables=212
%%%mzn-stat: propagators=321
%%%mzn-stat: failures=89
%%%mzn-stat: propagations=14784
%%%mzn-stat: nogoods=89
%%%mzn-stat: numAtomicConstraintsPropagated=0
%%%mzn-stat: circuitNumber191PropagationsThatFoundConflict=7
%%%mzn-stat: circuitNumber191TotalFixedEdgesAtConflict=72
%%%mzn-stat: circuitNumber191NumberOfConflicts=7
%%%mzn-stat: circuitNumber191PropagationsThatPruned=35
%%%mzn-stat: circuitNumber191PropagationsTotal=152
%%%mzn-stat: AverageConflictSize=3.539325842696629
%%%mzn-stat: NumUnitNogoodsLearned=1
%%%mzn-stat: AverageLearnedNogoodLength=13.044943820224718
%%%mzn-stat: AverageBacktrackAmount=0
%%%mzn-stat: AverageLbd=4.449438202247191
%%%mzn-stat: 2AutonomousSearchNumBackupCalled=209
%%%mzn-stat: 2AutonomousSearchNumPredicatesRemoved=0
%%%mzn-stat: 2AutonomousSearchNumCalls=212
%%%mzn-stat: 2AutonomousSearchNumPredicatesAdded=642
%%%mzn-stat: 2AutonomousSearchAverageSizeOfHeap=0.35377358490566035
%%%mzn-stat: 2AutonomousSearchNumAssignedPredicatesEncountered=75
%%%mzn-stat-end
