% Logging successfully configured
%%%mzn-stat: initTime=0.022973681
%%%mzn-stat: objective=924
%%%mzn-stat: nodes=165234
%%%mzn-stat: restarts=0
%%%mzn-stat: peakDepth=1208
%%%mzn-stat: solveTime=116.136224685
%%%mzn-stat: variables=1818
%%%mzn-stat: propagators=1468
%%%mzn-stat: failures=94275
%%%mzn-stat: propagations=2007754
%%%mzn-stat: nogoods=94275
%%%mzn-stat: numAtomicConstraintsPropagated=0
%%%mzn-stat: allDifferentNumber1TotalHallSetSize=9220526
%%%mzn-stat: allDifferentNumber1NumberOfConflicts=94263
%%%mzn-stat: allDifferentNumber1MaxHallSetSize=125
%%%mzn-stat: allDifferentNumber1PropagationsTotal=417669
%%%mzn-stat: allDifferentNumber1PropagationsThatFoundConflict=94263
%%%mzn-stat: circuitNumber2PropagationsThatFoundConflict=4
%%%mzn-stat: circuitNumber2TotalFixedEdgesAtConflict=395
%%%mzn-stat: circuitNumber2NumberOfConflicts=4
%%%mzn-stat: circuitNumber2PropagationsThatPruned=423
%%%mzn-stat: circuitNumber2PropagationsTotal=200085
%%%mzn-stat: AverageConflictSize=68.47594802439671
%%%mzn-stat: NumUnitNogoodsLearned=0
%%%mzn-stat: AverageLearnedNogoodLength=68.51746486343146
%%%mzn-stat: AverageBacktrackAmount=0
%%%mzn-stat: AverageLbd=65.83431450543623
%%%mzn-stat: 2AutonomousSearchNumBackupCalled=1091
%%%mzn-stat: 2AutonomousSearchNumPredicatesRemoved=0
%%%mzn-stat: 2AutonomousSearchNumCalls=1092
%%%mzn-stat: 2AutonomousSearchNumPredicatesAdded=3843
%%%mzn-stat: 2AutonomousSearchAverageSizeOfHeap=3.519230769230769
%%%mzn-stat: 2AutonomousSearchNumAssignedPredicatesEncountered=3843
%%%mzn-stat-end
maxleg = 924;
succ = array1d(1..150,[7, 12, 4, 11, 24, 22, 48, 21, 29, 16, 32, 13, 50, 51, 46, 28, 3, 20, 26, 25, 42, 38, 30, 49, 43, 33, 2, 62, 55, 47, 68, 45, 44, 10, 19, 34, 5, 52, 37, 17, 39, 36, 69, 61, 74, 57, 63, 112, 60, 15, 85, 67, 14, 18, 66, 8, 54, 41, 35, 64, 9, 90, 70, 105, 86, 100, 89, 56, 6, 144, 58, 27, 1, 78, 40, 103, 23, 107, 96, 108, 82, 71, 72, 87, 102, 124, 115, 65, 135, 91, 145, 109, 129, 146, 97, 80, 110, 73, 31, 106, 77, 127, 94, 76, 95, 128, 138, 131, 114, 99, 136, 93, 123, 132, 117, 126, 121, 148, 92, 147, 83, 116, 137, 133, 118, 140, 143, 122, 142, 113, 134, 149, 119, 150, 130, 59, 88, 139, 125, 79, 53, 84, 75, 120, 104, 141, 98, 111, 81, 101]);
% time elapsed: 116.39 s
----------
%%%mzn-stat: initTime=0.022973681
%%%mzn-stat: objective=832
%%%mzn-stat: nodes=271191
%%%mzn-stat: restarts=0
%%%mzn-stat: peakDepth=1231
%%%mzn-stat: solveTime=208.913125808
%%%mzn-stat: variables=1818
%%%mzn-stat: propagators=1468
%%%mzn-stat: failures=161876
%%%mzn-stat: propagations=3866345
%%%mzn-stat: nogoods=161876
%%%mzn-stat: numAtomicConstraintsPropagated=0
%%%mzn-stat: allDifferentNumber1TotalHallSetSize=12334025
%%%mzn-stat: allDifferentNumber1NumberOfConflicts=161826
%%%mzn-stat: allDifferentNumber1MaxHallSetSize=125
%%%mzn-stat: allDifferentNumber1PropagationsTotal=715882
%%%mzn-stat: allDifferentNumber1PropagationsThatFoundConflict=161826
%%%mzn-stat: circuitNumber2PropagationsThatFoundConflict=7
%%%mzn-stat: circuitNumber2TotalFixedEdgesAtConflict=699
%%%mzn-stat: circuitNumber2NumberOfConflicts=7
%%%mzn-stat: circuitNumber2PropagationsThatPruned=58318
%%%mzn-stat: circuitNumber2PropagationsTotal=354725
%%%mzn-stat: AverageConflictSize=67.2212990190022
%%%mzn-stat: NumUnitNogoodsLearned=0
%%%mzn-stat: AverageLearnedNogoodLength=72.84997776075515
%%%mzn-stat: AverageBacktrackAmount=0
%%%mzn-stat: AverageLbd=59.35259704959351
%%%mzn-stat: 2AutonomousSearchNumBackupCalled=2203
%%%mzn-stat: 2AutonomousSearchNumPredicatesRemoved=0
%%%mzn-stat: 2AutonomousSearchNumCalls=2205
%%%mzn-stat: 2AutonomousSearchNumPredicatesAdded=6615
%%%mzn-stat: 2AutonomousSearchAverageSizeOfHeap=4.04172335600907
%%%mzn-stat: 2AutonomousSearchNumAssignedPredicatesEncountered=8912
%%%mzn-stat-end
maxleg = 832;
succ = array1d(1..150,[7, 12, 4, 11, 24, 22, 48, 21, 29, 16, 32, 27, 50, 51, 46, 28, 3, 20, 26, 25, 42, 38, 30, 49, 43, 33, 72, 62, 55, 47, 68, 45, 44, 10, 19, 34, 5, 52, 37, 17, 39, 36, 69, 61, 74, 57, 63, 112, 60, 15, 85, 67, 14, 13, 66, 2, 65, 41, 35, 64, 9, 90, 70, 105, 86, 100, 89, 8, 6, 144, 58, 83, 1, 78, 40, 103, 23, 107, 96, 18, 82, 71, 84, 87, 102, 123, 117, 124, 135, 91, 145, 109, 129, 146, 97, 130, 110, 73, 56, 106, 77, 127, 94, 76, 95, 128, 138, 131, 114, 99, 136, 93, 108, 132, 31, 126, 121, 148, 92, 147, 115, 116, 137, 133, 118, 140, 143, 122, 142, 113, 134, 149, 119, 150, 54, 59, 88, 139, 125, 79, 53, 80, 75, 120, 104, 141, 98, 111, 81, 101]);
% time elapsed: 209.17 s
----------
%%%mzn-stat: initTime=0.022973681
%%%mzn-stat: objective=787
%%%mzn-stat: nodes=273525
%%%mzn-stat: restarts=0
%%%mzn-stat: peakDepth=1231
%%%mzn-stat: solveTime=209.192391627
%%%mzn-stat: variables=1818
%%%mzn-stat: propagators=1468
%%%mzn-stat: failures=162037
%%%mzn-stat: propagations=3881476
%%%mzn-stat: nogoods=162037
%%%mzn-stat: numAtomicConstraintsPropagated=0
%%%mzn-stat: allDifferentNumber1TotalHallSetSize=12337609
%%%mzn-stat: allDifferentNumber1NumberOfConflicts=161963
%%%mzn-stat: allDifferentNumber1MaxHallSetSize=125
%%%mzn-stat: allDifferentNumber1PropagationsTotal=717956
%%%mzn-stat: allDifferentNumber1PropagationsThatFoundConflict=161963
%%%mzn-stat: circuitNumber2PropagationsThatFoundConflict=30
%%%mzn-stat: circuitNumber2TotalFixedEdgesAtConflict=3905
%%%mzn-stat: circuitNumber2NumberOfConflicts=30
%%%mzn-stat: circuitNumber2PropagationsThatPruned=58523
%%%mzn-stat: circuitNumber2PropagationsTotal=356185
%%%mzn-stat: AverageConflictSize=67.19585650191006
%%%mzn-stat: NumUnitNogoodsLearned=0
%%%mzn-stat: AverageLearnedNogoodLength=72.82276887377574
%%%mzn-stat: AverageBacktrackAmount=0
%%%mzn-stat: AverageLbd=59.31868030141264
%%%mzn-stat: 2AutonomousSearchNumBackupCalled=3306
%%%mzn-stat: 2AutonomousSearchNumPredicatesRemoved=0
%%%mzn-stat: 2AutonomousSearchNumCalls=3309
%%%mzn-stat: 2AutonomousSearchNumPredicatesAdded=9014
%%%mzn-stat: 2AutonomousSearchAverageSizeOfHeap=4.549712904200665
%%%mzn-stat: 2AutonomousSearchNumAssignedPredicatesEncountered=15055
%%%mzn-stat-end
maxleg = 787;
succ = array1d(1..150,[7, 12, 4, 11, 24, 22, 48, 21, 29, 16, 32, 27, 50, 51, 46, 28, 3, 20, 26, 25, 42, 38, 30, 49, 43, 33, 72, 62, 55, 47, 68, 45, 44, 10, 19, 34, 5, 52, 37, 17, 39, 36, 69, 61, 74, 57, 63, 112, 60, 15, 85, 67, 14, 13, 66, 2, 65, 41, 35, 64, 9, 90, 70, 105, 86, 106, 79, 8, 6, 116, 58, 83, 1, 78, 40, 103, 23, 107, 96, 18, 82, 71, 84, 87, 102, 124, 117, 137, 130, 91, 145, 109, 129, 146, 97, 89, 110, 73, 56, 119, 114, 127, 94, 76, 126, 128, 138, 131, 132, 99, 136, 93, 108, 149, 31, 144, 121, 148, 92, 147, 115, 100, 113, 133, 118, 140, 143, 122, 142, 135, 134, 77, 88, 150, 54, 59, 123, 139, 125, 95, 53, 80, 75, 120, 104, 141, 98, 111, 81, 101]);
% time elapsed: 209.46 s
----------
%%%mzn-stat: initTime=0.022973681
%%%mzn-stat: objective=721
%%%mzn-stat: nodes=276141
%%%mzn-stat: restarts=0
%%%mzn-stat: peakDepth=1231
%%%mzn-stat: solveTime=209.536400552
%%%mzn-stat: variables=1818
%%%mzn-stat: propagators=1468
%%%mzn-stat: failures=162149
%%%mzn-stat: propagations=3898016
%%%mzn-stat: nogoods=162149
%%%mzn-stat: numAtomicConstraintsPropagated=0
%%%mzn-stat: allDifferentNumber1TotalHallSetSize=12340531
%%%mzn-stat: allDifferentNumber1NumberOfConflicts=162052
%%%mzn-stat: allDifferentNumber1MaxHallSetSize=125
%%%mzn-stat: allDifferentNumber1PropagationsTotal=720361
%%%mzn-stat: allDifferentNumber1PropagationsThatFoundConflict=162052
%%%mzn-stat: circuitNumber2PropagationsThatFoundConflict=53
%%%mzn-stat: circuitNumber2TotalFixedEdgesAtConflict=7146
%%%mzn-stat: circuitNumber2NumberOfConflicts=53
%%%mzn-stat: circuitNumber2PropagationsThatPruned=58718
%%%mzn-stat: circuitNumber2PropagationsTotal=357902
%%%mzn-stat: AverageConflictSize=67.19224910421896
%%%mzn-stat: NumUnitNogoodsLearned=0
%%%mzn-stat: AverageLearnedNogoodLength=72.81607040438115
%%%mzn-stat: AverageBacktrackAmount=0
%%%mzn-stat: AverageLbd=59.30216035868245
%%%mzn-stat: 2AutonomousSearchNumBackupCalled=4410
%%%mzn-stat: 2AutonomousSearchNumPredicatesRemoved=0
%%%mzn-stat: 2AutonomousSearchNumCalls=4414
%%%mzn-stat: 2AutonomousSearchNumPredicatesAdded=11449
%%%mzn-stat: 2AutonomousSearchAverageSizeOfHeap=4.920706841866788
%%%mzn-stat: 2AutonomousSearchNumAssignedPredicatesEncountered=21720
%%%mzn-stat-end
maxleg = 721;
succ = array1d(1..150,[7, 12, 4, 11, 24, 22, 48, 21, 29, 16, 32, 27, 50, 51, 46, 28, 3, 20, 35, 25, 42, 38, 30, 49, 43, 33, 72, 62, 55, 47, 68, 45, 44, 10, 59, 34, 5, 52, 37, 17, 26, 36, 69, 61, 74, 57, 63, 112, 60, 15, 85, 67, 14, 13, 66, 2, 65, 39, 111, 64, 9, 90, 70, 105, 86, 106, 79, 8, 6, 116, 58, 83, 1, 78, 102, 103, 23, 107, 96, 18, 82, 71, 84, 87, 75, 124, 117, 137, 130, 125, 145, 109, 136, 146, 97, 89, 110, 73, 56, 119, 114, 143, 94, 76, 126, 128, 138, 131, 132, 99, 148, 93, 108, 149, 31, 144, 121, 19, 92, 147, 115, 100, 113, 133, 139, 140, 41, 122, 142, 135, 134, 77, 88, 150, 54, 129, 123, 91, 118, 95, 53, 80, 127, 120, 104, 141, 98, 40, 81, 101]);
% time elapsed: 209.82 s
----------
%%%mzn-stat: initTime=0.022973681
%%%mzn-stat: objective=663
%%%mzn-stat: nodes=295304
%%%mzn-stat: restarts=0
%%%mzn-stat: peakDepth=1231
%%%mzn-stat: solveTime=220.900771855
%%%mzn-stat: variables=1818
%%%mzn-stat: propagators=1468
%%%mzn-stat: failures=171139
%%%mzn-stat: propagations=4287827
%%%mzn-stat: nogoods=171139
%%%mzn-stat: numAtomicConstraintsPropagated=0
%%%mzn-stat: allDifferentNumber1TotalHallSetSize=12557308
%%%mzn-stat: allDifferentNumber1NumberOfConflicts=170533
%%%mzn-stat: allDifferentNumber1MaxHallSetSize=125
%%%mzn-stat: allDifferentNumber1PropagationsTotal=762831
%%%mzn-stat: allDifferentNumber1PropagationsThatFoundConflict=170533
%%%mzn-stat: circuitNumber2PropagationsThatFoundConflict=81
%%%mzn-stat: circuitNumber2TotalFixedEdgesAtConflict=10053
%%%mzn-stat: circuitNumber2NumberOfConflicts=81
%%%mzn-stat: circuitNumber2PropagationsThatPruned=67188
%%%mzn-stat: circuitNumber2PropagationsTotal=384608
%%%mzn-stat: AverageConflictSize=65.84364756133903
%%%mzn-stat: NumUnitNogoodsLearned=0
%%%mzn-stat: AverageLearnedNogoodLength=72.70799174939668
%%%mzn-stat: AverageBacktrackAmount=0
%%%mzn-stat: AverageLbd=58.20982943689048
%%%mzn-stat: 2AutonomousSearchNumBackupCalled=5519
%%%mzn-stat: 2AutonomousSearchNumPredicatesRemoved=0
%%%mzn-stat: 2AutonomousSearchNumCalls=5524
%%%mzn-stat: 2AutonomousSearchNumPredicatesAdded=17682
%%%mzn-stat: 2AutonomousSearchAverageSizeOfHeap=5.576212889210717
%%%mzn-stat: 2AutonomousSearchNumAssignedPredicatesEncountered=30803
%%%mzn-stat-end
maxleg = 663;
succ = array1d(1..150,[7, 12, 4, 11, 24, 22, 48, 21, 29, 16, 32, 27, 50, 51, 46, 28, 3, 20, 35, 25, 42, 38, 30, 49, 43, 33, 72, 62, 55, 47, 68, 45, 44, 10, 59, 34, 5, 52, 37, 17, 26, 36, 69, 61, 74, 57, 63, 112, 60, 15, 85, 67, 14, 13, 66, 2, 65, 39, 111, 64, 9, 90, 70, 105, 86, 106, 89, 8, 6, 116, 41, 83, 81, 78, 40, 103, 1, 107, 96, 18, 82, 71, 84, 87, 102, 123, 117, 124, 135, 91, 145, 109, 129, 146, 97, 130, 110, 73, 56, 58, 23, 127, 94, 76, 95, 128, 138, 131, 114, 99, 136, 144, 108, 149, 31, 126, 121, 148, 92, 147, 115, 100, 137, 133, 118, 140, 143, 122, 142, 113, 134, 101, 119, 150, 54, 93, 88, 139, 125, 79, 53, 80, 75, 120, 104, 141, 98, 19, 132, 77]);
% time elapsed: 221.18 s
----------
%%%mzn-stat: initTime=0.022973681
%%%mzn-stat: objective=634
%%%mzn-stat: nodes=298312
%%%mzn-stat: restarts=0
%%%mzn-stat: peakDepth=1231
%%%mzn-stat: solveTime=221.310202649
%%%mzn-stat: variables=1818
%%%mzn-stat: propagators=1468
%%%mzn-stat: failures=171367
%%%mzn-stat: propagations=4311311
%%%mzn-stat: nogoods=171367
%%%mzn-stat: numAtomicConstraintsPropagated=0
%%%mzn-stat: allDifferentNumber1TotalHallSetSize=12558481
%%%mzn-stat: allDifferentNumber1NumberOfConflicts=170705
%%%mzn-stat: allDifferentNumber1MaxHallSetSize=125
%%%mzn-stat: allDifferentNumber1PropagationsTotal=765931
%%%mzn-stat: allDifferentNumber1PropagationsThatFoundConflict=170705
%%%mzn-stat: circuitNumber2PropagationsThatFoundConflict=124
%%%mzn-stat: circuitNumber2TotalFixedEdgesAtConflict=15816
%%%mzn-stat: circuitNumber2NumberOfConflicts=124
%%%mzn-stat: circuitNumber2PropagationsThatPruned=67404
%%%mzn-stat: circuitNumber2PropagationsTotal=386767
%%%mzn-stat: AverageConflictSize=65.77476993820281
%%%mzn-stat: NumUnitNogoodsLearned=0
%%%mzn-stat: AverageLearnedNogoodLength=72.64489662537127
%%%mzn-stat: AverageBacktrackAmount=0
%%%mzn-stat: AverageLbd=58.15507653165429
%%%mzn-stat: 2AutonomousSearchNumBackupCalled=6627
%%%mzn-stat: 2AutonomousSearchNumPredicatesRemoved=0
%%%mzn-stat: 2AutonomousSearchNumCalls=6633
%%%mzn-stat: 2AutonomousSearchNumPredicatesAdded=22136
%%%mzn-stat: 2AutonomousSearchAverageSizeOfHeap=6.088949193426806
%%%mzn-stat: 2AutonomousSearchNumAssignedPredicatesEncountered=40388
%%%mzn-stat-end
maxleg = 634;
succ = array1d(1..150,[7, 12, 4, 11, 24, 22, 48, 21, 29, 16, 32, 27, 50, 51, 46, 28, 3, 20, 35, 25, 42, 38, 30, 49, 43, 33, 72, 62, 55, 47, 68, 45, 44, 10, 59, 34, 5, 52, 37, 17, 26, 36, 69, 61, 74, 57, 63, 112, 60, 15, 85, 67, 14, 13, 66, 2, 65, 39, 111, 94, 9, 64, 70, 105, 86, 106, 89, 8, 6, 116, 41, 83, 81, 78, 40, 141, 1, 19, 96, 18, 82, 58, 142, 87, 102, 124, 117, 137, 130, 91, 145, 109, 84, 103, 97, 80, 110, 73, 56, 119, 23, 127, 53, 76, 126, 128, 125, 131, 114, 99, 148, 144, 108, 149, 31, 95, 121, 107, 92, 147, 115, 100, 113, 133, 139, 140, 143, 122, 136, 135, 134, 101, 88, 150, 54, 93, 123, 90, 138, 79, 146, 129, 75, 120, 104, 71, 98, 118, 132, 77]);
% time elapsed: 221.60 s
----------
%%%mzn-stat: initTime=0.022973681
%%%mzn-stat: objective=453
%%%mzn-stat: nodes=301014
%%%mzn-stat: restarts=0
%%%mzn-stat: peakDepth=1231
%%%mzn-stat: solveTime=222.618417268
%%%mzn-stat: variables=1818
%%%mzn-stat: propagators=1468
%%%mzn-stat: failures=172165
%%%mzn-stat: propagations=4344614
%%%mzn-stat: nogoods=172165
%%%mzn-stat: numAtomicConstraintsPropagated=0
%%%mzn-stat: allDifferentNumber1TotalHallSetSize=12558882
%%%mzn-stat: allDifferentNumber1NumberOfConflicts=170782
%%%mzn-stat: allDifferentNumber1MaxHallSetSize=125
%%%mzn-stat: allDifferentNumber1PropagationsTotal=769243
%%%mzn-stat: allDifferentNumber1PropagationsThatFoundConflict=170782
%%%mzn-stat: circuitNumber2PropagationsThatFoundConflict=827
%%%mzn-stat: circuitNumber2TotalFixedEdgesAtConflict=118352
%%%mzn-stat: circuitNumber2NumberOfConflicts=827
%%%mzn-stat: circuitNumber2PropagationsThatPruned=67909
%%%mzn-stat: circuitNumber2PropagationsTotal=389637
%%%mzn-stat: AverageConflictSize=65.8531989661081
%%%mzn-stat: NumUnitNogoodsLearned=0
%%%mzn-stat: AverageLearnedNogoodLength=72.66632009990415
%%%mzn-stat: AverageBacktrackAmount=0
%%%mzn-stat: AverageLbd=58.171190427787295
%%%mzn-stat: 2AutonomousSearchNumBackupCalled=7728
%%%mzn-stat: 2AutonomousSearchNumPredicatesRemoved=0
%%%mzn-stat: 2AutonomousSearchNumCalls=7735
%%%mzn-stat: 2AutonomousSearchNumPredicatesAdded=25949
%%%mzn-stat: 2AutonomousSearchAverageSizeOfHeap=6.517259211376858
%%%mzn-stat: 2AutonomousSearchNumAssignedPredicatesEncountered=50411
%%%mzn-stat-end
maxleg = 453;
succ = array1d(1..150,[7, 12, 4, 11, 24, 22, 48, 21, 29, 16, 32, 27, 50, 51, 46, 28, 3, 20, 35, 25, 42, 38, 30, 49, 43, 33, 72, 62, 55, 47, 68, 45, 44, 10, 59, 34, 5, 52, 37, 17, 26, 36, 69, 61, 74, 57, 63, 112, 60, 15, 85, 67, 14, 13, 66, 2, 65, 39, 111, 94, 9, 64, 70, 147, 86, 106, 89, 8, 6, 116, 41, 83, 81, 78, 40, 141, 1, 19, 96, 18, 82, 58, 142, 87, 102, 124, 117, 137, 130, 91, 145, 109, 84, 103, 97, 80, 105, 73, 110, 119, 23, 127, 53, 76, 126, 128, 125, 131, 114, 56, 148, 120, 108, 149, 31, 95, 121, 107, 92, 144, 115, 100, 113, 133, 139, 140, 143, 122, 136, 135, 134, 101, 88, 150, 54, 93, 123, 90, 138, 79, 146, 129, 75, 99, 104, 71, 98, 118, 132, 77]);
% time elapsed: 222.92 s
----------
%%%mzn-stat: initTime=0.022973681
%%%mzn-stat: objective=284
%%%mzn-stat: nodes=312212
%%%mzn-stat: restarts=0
%%%mzn-stat: peakDepth=1231
%%%mzn-stat: solveTime=231.946499826
%%%mzn-stat: variables=1818
%%%mzn-stat: propagators=1468
%%%mzn-stat: failures=176542
%%%mzn-stat: propagations=4547578
%%%mzn-stat: nogoods=176542
%%%mzn-stat: numAtomicConstraintsPropagated=0
%%%mzn-stat: allDifferentNumber1TotalHallSetSize=12561895
%%%mzn-stat: allDifferentNumber1NumberOfConflicts=171935
%%%mzn-stat: allDifferentNumber1MaxHallSetSize=125
%%%mzn-stat: allDifferentNumber1PropagationsTotal=794617
%%%mzn-stat: allDifferentNumber1PropagationsThatFoundConflict=171935
%%%mzn-stat: circuitNumber2PropagationsThatFoundConflict=4022
%%%mzn-stat: circuitNumber2TotalFixedEdgesAtConflict=586868
%%%mzn-stat: circuitNumber2NumberOfConflicts=4022
%%%mzn-stat: circuitNumber2PropagationsThatPruned=74488
%%%mzn-stat: circuitNumber2PropagationsTotal=409409
%%%mzn-stat: AverageConflictSize=66.27447292995434
%%%mzn-stat: NumUnitNogoodsLearned=0
%%%mzn-stat: AverageLearnedNogoodLength=73.08753157888775
%%%mzn-stat: AverageBacktrackAmount=0
%%%mzn-stat: AverageLbd=58.53613304482786
%%%mzn-stat: 2AutonomousSearchNumBackupCalled=8799
%%%mzn-stat: 2AutonomousSearchNumPredicatesRemoved=0
%%%mzn-stat: 2AutonomousSearchNumCalls=8807
%%%mzn-stat: 2AutonomousSearchNumPredicatesAdded=30407
%%%mzn-stat: 2AutonomousSearchAverageSizeOfHeap=6.9859202906778695
%%%mzn-stat: 2AutonomousSearchNumAssignedPredicatesEncountered=61525
%%%mzn-stat-end
maxleg = 284;
succ = array1d(1..150,[7, 12, 4, 11, 24, 22, 48, 21, 29, 34, 32, 27, 50, 51, 46, 28, 3, 20, 35, 25, 42, 38, 30, 49, 43, 33, 72, 62, 55, 47, 68, 45, 44, 36, 59, 93, 5, 52, 37, 17, 26, 10, 69, 61, 74, 57, 63, 112, 16, 15, 85, 67, 14, 13, 66, 8, 65, 39, 111, 94, 9, 64, 70, 60, 86, 106, 89, 95, 6, 116, 41, 83, 81, 78, 40, 141, 1, 19, 96, 18, 82, 58, 117, 2, 102, 124, 115, 137, 130, 91, 145, 109, 136, 103, 97, 80, 105, 73, 110, 119, 23, 127, 53, 76, 126, 128, 125, 131, 114, 56, 148, 120, 108, 149, 31, 144, 121, 107, 92, 147, 87, 100, 113, 133, 139, 140, 143, 122, 142, 135, 134, 101, 88, 150, 54, 129, 123, 90, 138, 79, 146, 84, 75, 99, 104, 71, 98, 118, 132, 77]);
% time elapsed: 232.27 s
----------
%%%mzn-stat: initTime=0.022973681
%%%mzn-stat: objective=244
%%%mzn-stat: nodes=415178
%%%mzn-stat: restarts=0
%%%mzn-stat: peakDepth=1231
%%%mzn-stat: solveTime=317.09162493
%%%mzn-stat: variables=1818
%%%mzn-stat: propagators=1468
%%%mzn-stat: failures=223804
%%%mzn-stat: propagations=6738321
%%%mzn-stat: nogoods=223804
%%%mzn-stat: numAtomicConstraintsPropagated=0
%%%mzn-stat: allDifferentNumber1TotalHallSetSize=12585702
%%%mzn-stat: allDifferentNumber1NumberOfConflicts=183577
%%%mzn-stat: allDifferentNumber1MaxHallSetSize=125
%%%mzn-stat: allDifferentNumber1PropagationsTotal=1031995
%%%mzn-stat: allDifferentNumber1PropagationsThatFoundConflict=183577
%%%mzn-stat: circuitNumber2PropagationsThatFoundConflict=38840
%%%mzn-stat: circuitNumber2TotalFixedEdgesAtConflict=5629935
%%%mzn-stat: circuitNumber2NumberOfConflicts=38840
%%%mzn-stat: circuitNumber2PropagationsThatPruned=121395
%%%mzn-stat: circuitNumber2PropagationsTotal=605729
%%%mzn-stat: AverageConflictSize=65.97299422709156
%%%mzn-stat: NumUnitNogoodsLearned=0
%%%mzn-stat: AverageLearnedNogoodLength=73.41245911601223
%%%mzn-stat: AverageBacktrackAmount=0
%%%mzn-stat: AverageLbd=56.70353076799342
%%%mzn-stat: 2AutonomousSearchNumBackupCalled=9894
%%%mzn-stat: 2AutonomousSearchNumPredicatesRemoved=0
%%%mzn-stat: 2AutonomousSearchNumCalls=9903
%%%mzn-stat: 2AutonomousSearchNumPredicatesAdded=35165
%%%mzn-stat: 2AutonomousSearchAverageSizeOfHeap=7.347268504493588
%%%mzn-stat: 2AutonomousSearchNumAssignedPredicatesEncountered=72760
%%%mzn-stat-end
maxleg = 244;
succ = array1d(1..150,[7, 12, 4, 11, 24, 22, 48, 21, 29, 34, 32, 27, 50, 51, 46, 28, 3, 20, 35, 25, 42, 38, 30, 49, 43, 33, 72, 62, 55, 47, 68, 45, 44, 36, 59, 93, 5, 52, 37, 17, 26, 10, 69, 61, 74, 57, 63, 112, 16, 15, 85, 67, 14, 13, 66, 8, 65, 39, 111, 94, 9, 64, 70, 60, 86, 106, 89, 95, 6, 116, 41, 83, 81, 78, 40, 141, 1, 19, 96, 108, 82, 58, 117, 2, 102, 18, 115, 124, 135, 91, 145, 132, 136, 103, 97, 80, 105, 73, 110, 119, 114, 127, 53, 76, 126, 128, 125, 131, 92, 56, 148, 120, 134, 149, 31, 144, 121, 107, 133, 147, 87, 100, 54, 137, 139, 140, 143, 122, 142, 113, 150, 77, 88, 23, 130, 129, 123, 90, 138, 79, 146, 84, 75, 99, 104, 71, 98, 118, 109, 101]);
% time elapsed: 317.41 s
----------
%%%mzn-stat: initTime=0.022973681
%%%mzn-stat: objective=195
%%%mzn-stat: nodes=416608
%%%mzn-stat: restarts=0
%%%mzn-stat: peakDepth=1231
%%%mzn-stat: solveTime=317.161791586
%%%mzn-stat: variables=1818
%%%mzn-stat: propagators=1468
%%%mzn-stat: failures=223828
%%%mzn-stat: propagations=6743360
%%%mzn-stat: nogoods=223828
%%%mzn-stat: numAtomicConstraintsPropagated=0
%%%mzn-stat: allDifferentNumber1TotalHallSetSize=12586226
%%%mzn-stat: allDifferentNumber1NumberOfConflicts=183599
%%%mzn-stat: allDifferentNumber1MaxHallSetSize=126
%%%mzn-stat: allDifferentNumber1PropagationsTotal=1032538
%%%mzn-stat: allDifferentNumber1PropagationsThatFoundConflict=183599
%%%mzn-stat: circuitNumber2PropagationsThatFoundConflict=38842
%%%mzn-stat: circuitNumber2TotalFixedEdgesAtConflict=5630150
%%%mzn-stat: circuitNumber2NumberOfConflicts=38842
%%%mzn-stat: circuitNumber2PropagationsThatPruned=121420
%%%mzn-stat: circuitNumber2PropagationsTotal=606095
%%%mzn-stat: AverageConflictSize=65.96904319388102
%%%mzn-stat: NumUnitNogoodsLearned=0
%%%mzn-stat: AverageLearnedNogoodLength=73.40787122254588
%%%mzn-stat: AverageBacktrackAmount=0
%%%mzn-stat: AverageLbd=56.69890719659739
%%%mzn-stat: 2AutonomousSearchNumBackupCalled=10982
%%%mzn-stat: 2AutonomousSearchNumPredicatesRemoved=0
%%%mzn-stat: 2AutonomousSearchNumCalls=10992
%%%mzn-stat: 2AutonomousSearchNumPredicatesAdded=36259
%%%mzn-stat: 2AutonomousSearchAverageSizeOfHeap=7.6463791848617175
%%%mzn-stat: 2AutonomousSearchNumAssignedPredicatesEncountered=84049
%%%mzn-stat-end
maxleg = 195;
succ = array1d(1..150,[7, 12, 4, 11, 24, 22, 48, 21, 29, 34, 32, 27, 50, 51, 46, 28, 3, 20, 35, 25, 42, 38, 30, 49, 43, 33, 72, 62, 55, 47, 68, 45, 44, 36, 59, 93, 5, 52, 37, 17, 26, 10, 135, 61, 74, 57, 63, 112, 16, 15, 85, 67, 14, 13, 66, 8, 65, 39, 111, 94, 9, 64, 70, 60, 86, 106, 69, 95, 130, 116, 41, 83, 81, 78, 40, 141, 1, 19, 6, 108, 82, 58, 117, 2, 102, 18, 115, 124, 96, 91, 145, 132, 136, 103, 97, 80, 105, 73, 110, 119, 114, 127, 53, 76, 126, 128, 125, 131, 92, 56, 148, 120, 134, 149, 31, 144, 121, 107, 133, 147, 87, 100, 54, 137, 139, 140, 143, 122, 142, 113, 23, 77, 88, 150, 89, 129, 123, 90, 138, 79, 146, 84, 75, 99, 104, 71, 98, 118, 109, 101]);
% time elapsed: 317.49 s
----------
%%%mzn-stat: initTime=0.022973681
%%%mzn-stat: objective=195
%%%mzn-stat: nodes=1227402
%%%mzn-stat: restarts=0
%%%mzn-stat: peakDepth=1231
%%%mzn-stat: solveTime=1799.715308997
%%%mzn-stat: variables=1818
%%%mzn-stat: propagators=1468
%%%mzn-stat: failures=860426
%%%mzn-stat: propagations=27633641
%%%mzn-stat: nogoods=860426
%%%mzn-stat: numAtomicConstraintsPropagated=0
%%%mzn-stat: allDifferentNumber1TotalHallSetSize=12610131
%%%mzn-stat: allDifferentNumber1NumberOfConflicts=188475
%%%mzn-stat: allDifferentNumber1MaxHallSetSize=126
%%%mzn-stat: allDifferentNumber1PropagationsTotal=3193525
%%%mzn-stat: allDifferentNumber1PropagationsThatFoundConflict=188475
%%%mzn-stat: circuitNumber2PropagationsThatFoundConflict=666762
%%%mzn-stat: circuitNumber2TotalFixedEdgesAtConflict=96497328
%%%mzn-stat: circuitNumber2NumberOfConflicts=666762
%%%mzn-stat: circuitNumber2PropagationsThatPruned=685527
%%%mzn-stat: circuitNumber2PropagationsTotal=2610577
%%%mzn-stat: AverageConflictSize=119.5184664340687
%%%mzn-stat: NumUnitNogoodsLearned=0
%%%mzn-stat: AverageLearnedNogoodLength=106.03822525121276
%%%mzn-stat: AverageBacktrackAmount=0
%%%mzn-stat: AverageLbd=79.86308758684652
%%%mzn-stat: 2AutonomousSearchNumBackupCalled=10982
%%%mzn-stat: 2AutonomousSearchNumPredicatesRemoved=0
%%%mzn-stat: 2AutonomousSearchNumCalls=10992
%%%mzn-stat: 2AutonomousSearchNumPredicatesAdded=42192
%%%mzn-stat: 2AutonomousSearchAverageSizeOfHeap=7.6463791848617175
%%%mzn-stat: 2AutonomousSearchNumAssignedPredicatesEncountered=84049
%%%mzn-stat-end
