% Logging successfully configured
%%%mzn-stat: initTime=0.022006431
%%%mzn-stat: objective=736
%%%mzn-stat: nodes=1137
%%%mzn-stat: restarts=0
%%%mzn-stat: peakDepth=1117
%%%mzn-stat: solveTime=0.021198385
%%%mzn-stat: variables=1770
%%%mzn-stat: propagators=1414
%%%mzn-stat: failures=8
%%%mzn-stat: propagations=5341
%%%mzn-stat: nogoods=8
%%%mzn-stat: numAtomicConstraintsPropagated=0
%%%mzn-stat: allDifferentNumber1PropagationsTotal=214
%%%mzn-stat: allDifferentNumber1PropagationsThatFoundConflict=0
%%%mzn-stat: allDifferentNumber1PropagationsThatPruned=112
%%%mzn-stat: allDifferentNumber1TotalValuesPruned=679
%%%mzn-stat: allDifferentNumber1TotalHallSetSizeConflict=0
%%%mzn-stat: allDifferentNumber1NumberOfConflicts=0
%%%mzn-stat: allDifferentNumber1MaxHallSetSizeConflict=0
%%%mzn-stat: allDifferentNumber1TotalPruningHallSetSize=1898
%%%mzn-stat: allDifferentNumber1NumberOfPruningExplanations=679
%%%mzn-stat: allDifferentNumber1MaxPruningHallSetSize=35
%%%mzn-stat: allDifferentNumber1TotalFixedEdgesAtConflict=0
%%%mzn-stat: allDifferentNumber1TotalVarsInvolvedInPruning=612
%%%mzn-stat: allDifferentNumber1MaxValuesPrunedFromSingleVar=5
%%%mzn-stat: allDifferentNumber1TotalSccSizeAtPruning=300
%%%mzn-stat: allDifferentNumber1NumberOfSccPruningCalls=112
%%%mzn-stat: circuitNumber2PropagationsThatFoundConflict=6
%%%mzn-stat: circuitNumber2TotalFixedEdgesAtConflict=572
%%%mzn-stat: circuitNumber2NumberOfConflicts=6
%%%mzn-stat: circuitNumber2PropagationsThatPruned=11
%%%mzn-stat: circuitNumber2PropagationsTotal=113
%%%mzn-stat: AverageConflictSize=11.875
%%%mzn-stat: NumUnitNogoodsLearned=0
%%%mzn-stat: AverageLearnedNogoodLength=15
%%%mzn-stat: AverageBacktrackAmount=0
%%%mzn-stat: AverageLbd=10.875
%%%mzn-stat: 2AutonomousSearchNumBackupCalled=1041
%%%mzn-stat: 2AutonomousSearchNumPredicatesRemoved=0
%%%mzn-stat: 2AutonomousSearchNumCalls=1042
%%%mzn-stat: 2AutonomousSearchNumPredicatesAdded=409
%%%mzn-stat: 2AutonomousSearchAverageSizeOfHeap=0.3925143953934741
%%%mzn-stat: 2AutonomousSearchNumAssignedPredicatesEncountered=409
%%%mzn-stat-end
maxleg = 736;
succ = array1d(1..100,[7, 12, 4, 11, 14, 22, 24, 21, 29, 19, 17, 27, 15, 16, 26, 28, 32, 13, 3, 18, 23, 20, 1, 5, 6, 33, 10, 51, 37, 8, 2, 40, 41, 35, 36, 42, 39, 25, 58, 45, 9, 48, 52, 55, 62, 50, 30, 59, 60, 54, 53, 38, 76, 43, 57, 31, 46, 61, 72, 64, 66, 49, 47, 90, 44, 100, 69, 56, 79, 68, 73, 83, 81, 78, 85, 94, 80, 75, 97, 96, 77, 92, 87, 93, 63, 65, 99, 86, 67, 91, 74, 88, 34, 98, 84, 89, 95, 82, 70, 71]);
% time elapsed: 4.58 s
----------
%%%mzn-stat: initTime=0.022006431
%%%mzn-stat: objective=456
%%%mzn-stat: nodes=2290
%%%mzn-stat: restarts=0
%%%mzn-stat: peakDepth=1154
%%%mzn-stat: solveTime=0.037878186
%%%mzn-stat: variables=1770
%%%mzn-stat: propagators=1414
%%%mzn-stat: failures=8
%%%mzn-stat: propagations=7836
%%%mzn-stat: nogoods=8
%%%mzn-stat: numAtomicConstraintsPropagated=0
%%%mzn-stat: allDifferentNumber1PropagationsTotal=370
%%%mzn-stat: allDifferentNumber1PropagationsThatFoundConflict=0
%%%mzn-stat: allDifferentNumber1PropagationsThatPruned=191
%%%mzn-stat: allDifferentNumber1TotalValuesPruned=1248
%%%mzn-stat: allDifferentNumber1TotalHallSetSizeConflict=0
%%%mzn-stat: allDifferentNumber1NumberOfConflicts=0
%%%mzn-stat: allDifferentNumber1MaxHallSetSizeConflict=0
%%%mzn-stat: allDifferentNumber1TotalPruningHallSetSize=3672
%%%mzn-stat: allDifferentNumber1NumberOfPruningExplanations=1248
%%%mzn-stat: allDifferentNumber1MaxPruningHallSetSize=35
%%%mzn-stat: allDifferentNumber1TotalFixedEdgesAtConflict=0
%%%mzn-stat: allDifferentNumber1TotalVarsInvolvedInPruning=1136
%%%mzn-stat: allDifferentNumber1MaxValuesPrunedFromSingleVar=8
%%%mzn-stat: allDifferentNumber1TotalSccSizeAtPruning=500
%%%mzn-stat: allDifferentNumber1NumberOfSccPruningCalls=191
%%%mzn-stat: circuitNumber2PropagationsThatFoundConflict=6
%%%mzn-stat: circuitNumber2TotalFixedEdgesAtConflict=572
%%%mzn-stat: circuitNumber2NumberOfConflicts=6
%%%mzn-stat: circuitNumber2PropagationsThatPruned=15
%%%mzn-stat: circuitNumber2PropagationsTotal=193
%%%mzn-stat: AverageConflictSize=11.875
%%%mzn-stat: NumUnitNogoodsLearned=0
%%%mzn-stat: AverageLearnedNogoodLength=15
%%%mzn-stat: AverageBacktrackAmount=0
%%%mzn-stat: AverageLbd=10.875
%%%mzn-stat: 2AutonomousSearchNumBackupCalled=2119
%%%mzn-stat: 2AutonomousSearchNumPredicatesRemoved=0
%%%mzn-stat: 2AutonomousSearchNumCalls=2121
%%%mzn-stat: 2AutonomousSearchNumPredicatesAdded=409
%%%mzn-stat: 2AutonomousSearchAverageSizeOfHeap=0.3856671381423857
%%%mzn-stat: 2AutonomousSearchNumAssignedPredicatesEncountered=818
%%%mzn-stat-end
maxleg = 456;
succ = array1d(1..100,[7, 12, 4, 11, 14, 22, 24, 21, 29, 19, 17, 27, 15, 16, 26, 28, 32, 13, 3, 18, 23, 20, 1, 5, 6, 33, 10, 51, 37, 8, 2, 40, 41, 35, 36, 42, 39, 25, 58, 45, 9, 48, 52, 55, 62, 50, 30, 59, 60, 54, 53, 38, 76, 43, 57, 31, 46, 61, 72, 64, 66, 49, 47, 98, 44, 100, 69, 56, 79, 68, 81, 83, 82, 75, 78, 91, 80, 90, 97, 96, 77, 92, 87, 93, 74, 65, 99, 86, 67, 94, 85, 88, 34, 73, 84, 89, 95, 63, 70, 71]);
% time elapsed: 4.58 s
----------
%%%mzn-stat: initTime=0.022006431
%%%mzn-stat: objective=368
%%%mzn-stat: nodes=3442
%%%mzn-stat: restarts=0
%%%mzn-stat: peakDepth=1154
%%%mzn-stat: solveTime=0.054725713
%%%mzn-stat: variables=1770
%%%mzn-stat: propagators=1414
%%%mzn-stat: failures=8
%%%mzn-stat: propagations=10319
%%%mzn-stat: nogoods=8
%%%mzn-stat: numAtomicConstraintsPropagated=0
%%%mzn-stat: allDifferentNumber1PropagationsTotal=526
%%%mzn-stat: allDifferentNumber1PropagationsThatFoundConflict=0
%%%mzn-stat: allDifferentNumber1PropagationsThatPruned=270
%%%mzn-stat: allDifferentNumber1TotalValuesPruned=1823
%%%mzn-stat: allDifferentNumber1TotalHallSetSizeConflict=0
%%%mzn-stat: allDifferentNumber1NumberOfConflicts=0
%%%mzn-stat: allDifferentNumber1MaxHallSetSizeConflict=0
%%%mzn-stat: allDifferentNumber1TotalPruningHallSetSize=5553
%%%mzn-stat: allDifferentNumber1NumberOfPruningExplanations=1823
%%%mzn-stat: allDifferentNumber1MaxPruningHallSetSize=35
%%%mzn-stat: allDifferentNumber1TotalFixedEdgesAtConflict=0
%%%mzn-stat: allDifferentNumber1TotalVarsInvolvedInPruning=1662
%%%mzn-stat: allDifferentNumber1MaxValuesPrunedFromSingleVar=8
%%%mzn-stat: allDifferentNumber1TotalSccSizeAtPruning=715
%%%mzn-stat: allDifferentNumber1NumberOfSccPruningCalls=270
%%%mzn-stat: circuitNumber2PropagationsThatFoundConflict=6
%%%mzn-stat: circuitNumber2TotalFixedEdgesAtConflict=572
%%%mzn-stat: circuitNumber2NumberOfConflicts=6
%%%mzn-stat: circuitNumber2PropagationsThatPruned=19
%%%mzn-stat: circuitNumber2PropagationsTotal=273
%%%mzn-stat: AverageConflictSize=11.875
%%%mzn-stat: NumUnitNogoodsLearned=0
%%%mzn-stat: AverageLearnedNogoodLength=15
%%%mzn-stat: AverageBacktrackAmount=0
%%%mzn-stat: AverageLbd=10.875
%%%mzn-stat: 2AutonomousSearchNumBackupCalled=3196
%%%mzn-stat: 2AutonomousSearchNumPredicatesRemoved=0
%%%mzn-stat: 2AutonomousSearchNumCalls=3199
%%%mzn-stat: 2AutonomousSearchNumPredicatesAdded=409
%%%mzn-stat: 2AutonomousSearchAverageSizeOfHeap=0.3835573616755236
%%%mzn-stat: 2AutonomousSearchNumAssignedPredicatesEncountered=1227
%%%mzn-stat-end
maxleg = 368;
succ = array1d(1..100,[7, 12, 4, 11, 14, 22, 24, 21, 29, 19, 17, 27, 15, 16, 26, 28, 32, 13, 3, 18, 23, 20, 1, 5, 6, 33, 10, 51, 37, 8, 2, 40, 41, 35, 36, 42, 39, 25, 58, 45, 9, 48, 52, 55, 62, 50, 30, 59, 60, 54, 53, 38, 76, 43, 61, 31, 46, 66, 72, 64, 71, 49, 47, 98, 57, 100, 69, 56, 79, 68, 81, 83, 82, 75, 78, 91, 80, 90, 97, 96, 77, 92, 87, 93, 74, 65, 99, 86, 67, 94, 85, 88, 34, 73, 84, 89, 95, 63, 70, 44]);
% time elapsed: 4.60 s
----------
%%%mzn-stat: initTime=0.022006431
%%%mzn-stat: objective=267
%%%mzn-stat: nodes=4598
%%%mzn-stat: restarts=0
%%%mzn-stat: peakDepth=1154
%%%mzn-stat: solveTime=0.087330978
%%%mzn-stat: variables=1770
%%%mzn-stat: propagators=1414
%%%mzn-stat: failures=42
%%%mzn-stat: propagations=14111
%%%mzn-stat: nogoods=42
%%%mzn-stat: numAtomicConstraintsPropagated=0
%%%mzn-stat: allDifferentNumber1PropagationsTotal=887
%%%mzn-stat: allDifferentNumber1PropagationsThatFoundConflict=1
%%%mzn-stat: allDifferentNumber1PropagationsThatPruned=464
%%%mzn-stat: allDifferentNumber1TotalValuesPruned=2696
%%%mzn-stat: allDifferentNumber1TotalHallSetSizeConflict=4
%%%mzn-stat: allDifferentNumber1NumberOfConflicts=1
%%%mzn-stat: allDifferentNumber1MaxHallSetSizeConflict=4
%%%mzn-stat: allDifferentNumber1TotalPruningHallSetSize=8135
%%%mzn-stat: allDifferentNumber1NumberOfPruningExplanations=2696
%%%mzn-stat: allDifferentNumber1MaxPruningHallSetSize=35
%%%mzn-stat: allDifferentNumber1TotalFixedEdgesAtConflict=94
%%%mzn-stat: allDifferentNumber1TotalVarsInvolvedInPruning=2425
%%%mzn-stat: allDifferentNumber1MaxValuesPrunedFromSingleVar=8
%%%mzn-stat: allDifferentNumber1TotalSccSizeAtPruning=1356
%%%mzn-stat: allDifferentNumber1NumberOfSccPruningCalls=464
%%%mzn-stat: circuitNumber2PropagationsThatFoundConflict=26
%%%mzn-stat: circuitNumber2TotalFixedEdgesAtConflict=2482
%%%mzn-stat: circuitNumber2NumberOfConflicts=26
%%%mzn-stat: circuitNumber2PropagationsThatPruned=64
%%%mzn-stat: circuitNumber2PropagationsTotal=474
%%%mzn-stat: AverageConflictSize=12.976190476190476
%%%mzn-stat: NumUnitNogoodsLearned=0
%%%mzn-stat: AverageLearnedNogoodLength=17.095238095238095
%%%mzn-stat: AverageBacktrackAmount=0
%%%mzn-stat: AverageLbd=11.80952380952381
%%%mzn-stat: 2AutonomousSearchNumBackupCalled=4215
%%%mzn-stat: 2AutonomousSearchNumPredicatesRemoved=0
%%%mzn-stat: 2AutonomousSearchNumCalls=4219
%%%mzn-stat: 2AutonomousSearchNumPredicatesAdded=911
%%%mzn-stat: 2AutonomousSearchAverageSizeOfHeap=0.41550130362645177
%%%mzn-stat: 2AutonomousSearchNumAssignedPredicatesEncountered=1753
%%%mzn-stat-end
maxleg = 267;
succ = array1d(1..100,[7, 12, 4, 11, 14, 22, 24, 21, 29, 19, 17, 27, 15, 16, 26, 28, 32, 13, 3, 18, 23, 20, 1, 5, 6, 33, 10, 51, 37, 8, 2, 40, 41, 35, 36, 42, 39, 25, 58, 45, 9, 48, 52, 55, 62, 50, 30, 59, 60, 54, 53, 38, 76, 43, 61, 31, 46, 66, 72, 64, 71, 49, 47, 98, 57, 100, 69, 56, 79, 95, 81, 83, 82, 75, 78, 91, 80, 90, 97, 96, 77, 92, 84, 87, 74, 65, 68, 86, 67, 94, 85, 88, 34, 73, 99, 89, 70, 63, 93, 44]);
% time elapsed: 4.64 s
----------
%%%mzn-stat: initTime=0.022006431
%%%mzn-stat: objective=262
%%%mzn-stat: nodes=5734
%%%mzn-stat: restarts=0
%%%mzn-stat: peakDepth=1154
%%%mzn-stat: solveTime=0.108807922
%%%mzn-stat: variables=1770
%%%mzn-stat: propagators=1414
%%%mzn-stat: failures=51
%%%mzn-stat: propagations=16998
%%%mzn-stat: nogoods=51
%%%mzn-stat: numAtomicConstraintsPropagated=0
%%%mzn-stat: allDifferentNumber1PropagationsTotal=1107
%%%mzn-stat: allDifferentNumber1PropagationsThatFoundConflict=1
%%%mzn-stat: allDifferentNumber1PropagationsThatPruned=580
%%%mzn-stat: allDifferentNumber1TotalValuesPruned=3423
%%%mzn-stat: allDifferentNumber1TotalHallSetSizeConflict=4
%%%mzn-stat: allDifferentNumber1NumberOfConflicts=1
%%%mzn-stat: allDifferentNumber1MaxHallSetSizeConflict=4
%%%mzn-stat: allDifferentNumber1TotalPruningHallSetSize=10485
%%%mzn-stat: allDifferentNumber1NumberOfPruningExplanations=3423
%%%mzn-stat: allDifferentNumber1MaxPruningHallSetSize=35
%%%mzn-stat: allDifferentNumber1TotalFixedEdgesAtConflict=94
%%%mzn-stat: allDifferentNumber1TotalVarsInvolvedInPruning=3069
%%%mzn-stat: allDifferentNumber1MaxValuesPrunedFromSingleVar=8
%%%mzn-stat: allDifferentNumber1TotalSccSizeAtPruning=1725
%%%mzn-stat: allDifferentNumber1NumberOfSccPruningCalls=580
%%%mzn-stat: circuitNumber2PropagationsThatFoundConflict=35
%%%mzn-stat: circuitNumber2TotalFixedEdgesAtConflict=3101
%%%mzn-stat: circuitNumber2NumberOfConflicts=35
%%%mzn-stat: circuitNumber2PropagationsThatPruned=71
%%%mzn-stat: circuitNumber2PropagationsTotal=590
%%%mzn-stat: AverageConflictSize=11.705882352941176
%%%mzn-stat: NumUnitNogoodsLearned=0
%%%mzn-stat: AverageLearnedNogoodLength=16.058823529411764
%%%mzn-stat: AverageBacktrackAmount=0
%%%mzn-stat: AverageLbd=11.03921568627451
%%%mzn-stat: 2AutonomousSearchNumBackupCalled=5250
%%%mzn-stat: 2AutonomousSearchNumPredicatesRemoved=0
%%%mzn-stat: 2AutonomousSearchNumCalls=5255
%%%mzn-stat: 2AutonomousSearchNumPredicatesAdded=1219
%%%mzn-stat: 2AutonomousSearchAverageSizeOfHeap=0.4922930542340628
%%%mzn-stat: 2AutonomousSearchNumAssignedPredicatesEncountered=2587
%%%mzn-stat-end
maxleg = 262;
succ = array1d(1..100,[7, 12, 4, 11, 14, 22, 24, 21, 29, 19, 17, 27, 15, 16, 26, 28, 32, 13, 3, 18, 23, 20, 1, 5, 6, 33, 10, 51, 37, 8, 2, 40, 41, 35, 36, 42, 39, 25, 58, 45, 9, 48, 52, 55, 62, 50, 30, 59, 60, 54, 53, 38, 76, 43, 61, 31, 46, 100, 72, 64, 66, 49, 47, 98, 57, 71, 69, 56, 79, 95, 81, 83, 82, 75, 78, 91, 80, 90, 97, 96, 77, 92, 84, 87, 74, 65, 68, 86, 67, 94, 85, 88, 34, 73, 99, 89, 70, 63, 93, 44]);
% time elapsed: 4.66 s
----------
%%%mzn-stat: initTime=0.022006431
%%%mzn-stat: objective=256
%%%mzn-stat: nodes=6850
%%%mzn-stat: restarts=0
%%%mzn-stat: peakDepth=1154
%%%mzn-stat: solveTime=0.131404779
%%%mzn-stat: variables=1770
%%%mzn-stat: propagators=1414
%%%mzn-stat: failures=57
%%%mzn-stat: propagations=19896
%%%mzn-stat: nogoods=57
%%%mzn-stat: numAtomicConstraintsPropagated=0
%%%mzn-stat: allDifferentNumber1PropagationsTotal=1325
%%%mzn-stat: allDifferentNumber1PropagationsThatFoundConflict=1
%%%mzn-stat: allDifferentNumber1PropagationsThatPruned=692
%%%mzn-stat: allDifferentNumber1TotalValuesPruned=4148
%%%mzn-stat: allDifferentNumber1TotalHallSetSizeConflict=4
%%%mzn-stat: allDifferentNumber1NumberOfConflicts=1
%%%mzn-stat: allDifferentNumber1MaxHallSetSizeConflict=4
%%%mzn-stat: allDifferentNumber1TotalPruningHallSetSize=12658
%%%mzn-stat: allDifferentNumber1NumberOfPruningExplanations=4148
%%%mzn-stat: allDifferentNumber1MaxPruningHallSetSize=35
%%%mzn-stat: allDifferentNumber1TotalFixedEdgesAtConflict=94
%%%mzn-stat: allDifferentNumber1TotalVarsInvolvedInPruning=3728
%%%mzn-stat: allDifferentNumber1MaxValuesPrunedFromSingleVar=8
%%%mzn-stat: allDifferentNumber1TotalSccSizeAtPruning=2026
%%%mzn-stat: allDifferentNumber1NumberOfSccPruningCalls=692
%%%mzn-stat: circuitNumber2PropagationsThatFoundConflict=41
%%%mzn-stat: circuitNumber2TotalFixedEdgesAtConflict=3492
%%%mzn-stat: circuitNumber2NumberOfConflicts=41
%%%mzn-stat: circuitNumber2PropagationsThatPruned=74
%%%mzn-stat: circuitNumber2PropagationsTotal=702
%%%mzn-stat: AverageConflictSize=11
%%%mzn-stat: NumUnitNogoodsLearned=0
%%%mzn-stat: AverageLearnedNogoodLength=15.596491228070175
%%%mzn-stat: AverageBacktrackAmount=0
%%%mzn-stat: AverageLbd=10.526315789473685
%%%mzn-stat: 2AutonomousSearchNumBackupCalled=6261
%%%mzn-stat: 2AutonomousSearchNumPredicatesRemoved=0
%%%mzn-stat: 2AutonomousSearchNumCalls=6267
%%%mzn-stat: 2AutonomousSearchNumPredicatesAdded=1567
%%%mzn-stat: 2AutonomousSearchAverageSizeOfHeap=0.5655018350087762
%%%mzn-stat: 2AutonomousSearchNumAssignedPredicatesEncountered=3544
%%%mzn-stat-end
maxleg = 256;
succ = array1d(1..100,[7, 12, 4, 11, 14, 22, 24, 21, 29, 19, 17, 27, 15, 16, 26, 28, 32, 13, 3, 18, 23, 20, 1, 5, 6, 33, 10, 51, 37, 8, 2, 40, 41, 35, 36, 42, 39, 25, 58, 45, 9, 48, 52, 55, 62, 50, 30, 59, 60, 54, 53, 38, 76, 43, 71, 31, 46, 100, 72, 64, 44, 49, 47, 98, 57, 61, 69, 56, 79, 95, 81, 83, 82, 75, 78, 91, 80, 90, 97, 96, 77, 92, 84, 87, 74, 65, 68, 86, 67, 94, 85, 88, 34, 73, 99, 89, 70, 63, 93, 66]);
% time elapsed: 4.69 s
----------
%%%mzn-stat: initTime=0.022006431
%%%mzn-stat: objective=252
%%%mzn-stat: nodes=8058
%%%mzn-stat: restarts=0
%%%mzn-stat: peakDepth=1154
%%%mzn-stat: solveTime=0.179341686
%%%mzn-stat: variables=1770
%%%mzn-stat: propagators=1414
%%%mzn-stat: failures=106
%%%mzn-stat: propagations=25150
%%%mzn-stat: nogoods=106
%%%mzn-stat: numAtomicConstraintsPropagated=0
%%%mzn-stat: allDifferentNumber1PropagationsTotal=1885
%%%mzn-stat: allDifferentNumber1PropagationsThatFoundConflict=7
%%%mzn-stat: allDifferentNumber1PropagationsThatPruned=988
%%%mzn-stat: allDifferentNumber1TotalValuesPruned=5332
%%%mzn-stat: allDifferentNumber1TotalHallSetSizeConflict=35
%%%mzn-stat: allDifferentNumber1NumberOfConflicts=7
%%%mzn-stat: allDifferentNumber1MaxHallSetSizeConflict=6
%%%mzn-stat: allDifferentNumber1TotalPruningHallSetSize=15960
%%%mzn-stat: allDifferentNumber1NumberOfPruningExplanations=5332
%%%mzn-stat: allDifferentNumber1MaxPruningHallSetSize=35
%%%mzn-stat: allDifferentNumber1TotalFixedEdgesAtConflict=648
%%%mzn-stat: allDifferentNumber1TotalVarsInvolvedInPruning=4713
%%%mzn-stat: allDifferentNumber1MaxValuesPrunedFromSingleVar=8
%%%mzn-stat: allDifferentNumber1TotalSccSizeAtPruning=3061
%%%mzn-stat: allDifferentNumber1NumberOfSccPruningCalls=988
%%%mzn-stat: circuitNumber2PropagationsThatFoundConflict=69
%%%mzn-stat: circuitNumber2TotalFixedEdgesAtConflict=6065
%%%mzn-stat: circuitNumber2NumberOfConflicts=69
%%%mzn-stat: circuitNumber2PropagationsThatPruned=153
%%%mzn-stat: circuitNumber2PropagationsTotal=1012
%%%mzn-stat: AverageConflictSize=11.81132075471698
%%%mzn-stat: NumUnitNogoodsLearned=0
%%%mzn-stat: AverageLearnedNogoodLength=18.150943396226417
%%%mzn-stat: AverageBacktrackAmount=0
%%%mzn-stat: AverageLbd=11.235849056603774
%%%mzn-stat: 2AutonomousSearchNumBackupCalled=7266
%%%mzn-stat: 2AutonomousSearchNumPredicatesRemoved=0
%%%mzn-stat: 2AutonomousSearchNumCalls=7273
%%%mzn-stat: 2AutonomousSearchNumPredicatesAdded=2184
%%%mzn-stat: 2AutonomousSearchAverageSizeOfHeap=0.6361886429258903
%%%mzn-stat: 2AutonomousSearchNumAssignedPredicatesEncountered=4627
%%%mzn-stat-end
maxleg = 252;
succ = array1d(1..100,[7, 12, 4, 11, 14, 22, 24, 21, 29, 19, 17, 27, 15, 16, 26, 28, 32, 13, 3, 18, 23, 20, 1, 5, 6, 33, 10, 51, 37, 8, 2, 40, 41, 35, 36, 42, 39, 25, 58, 45, 9, 48, 52, 55, 62, 50, 30, 59, 60, 54, 53, 38, 76, 43, 71, 31, 46, 100, 72, 64, 44, 49, 47, 98, 57, 61, 69, 70, 79, 95, 81, 83, 82, 75, 78, 91, 80, 90, 97, 96, 77, 92, 84, 87, 74, 65, 56, 86, 67, 94, 85, 88, 34, 73, 99, 89, 68, 63, 93, 66]);
% time elapsed: 4.74 s
----------
%%%mzn-stat: initTime=0.022006431
%%%mzn-stat: objective=238
%%%mzn-stat: nodes=9116
%%%mzn-stat: restarts=0
%%%mzn-stat: peakDepth=1154
%%%mzn-stat: solveTime=0.195933391
%%%mzn-stat: variables=1770
%%%mzn-stat: propagators=1414
%%%mzn-stat: failures=106
%%%mzn-stat: propagations=27650
%%%mzn-stat: nogoods=106
%%%mzn-stat: numAtomicConstraintsPropagated=0
%%%mzn-stat: allDifferentNumber1PropagationsTotal=2034
%%%mzn-stat: allDifferentNumber1PropagationsThatFoundConflict=7
%%%mzn-stat: allDifferentNumber1PropagationsThatPruned=1063
%%%mzn-stat: allDifferentNumber1TotalValuesPruned=5890
%%%mzn-stat: allDifferentNumber1TotalHallSetSizeConflict=35
%%%mzn-stat: allDifferentNumber1NumberOfConflicts=7
%%%mzn-stat: allDifferentNumber1MaxHallSetSizeConflict=6
%%%mzn-stat: allDifferentNumber1TotalPruningHallSetSize=17818
%%%mzn-stat: allDifferentNumber1NumberOfPruningExplanations=5890
%%%mzn-stat: allDifferentNumber1MaxPruningHallSetSize=35
%%%mzn-stat: allDifferentNumber1TotalFixedEdgesAtConflict=648
%%%mzn-stat: allDifferentNumber1TotalVarsInvolvedInPruning=5219
%%%mzn-stat: allDifferentNumber1MaxValuesPrunedFromSingleVar=8
%%%mzn-stat: allDifferentNumber1TotalSccSizeAtPruning=3266
%%%mzn-stat: allDifferentNumber1NumberOfSccPruningCalls=1063
%%%mzn-stat: circuitNumber2PropagationsThatFoundConflict=69
%%%mzn-stat: circuitNumber2TotalFixedEdgesAtConflict=6065
%%%mzn-stat: circuitNumber2NumberOfConflicts=69
%%%mzn-stat: circuitNumber2PropagationsThatPruned=156
%%%mzn-stat: circuitNumber2PropagationsTotal=1087
%%%mzn-stat: AverageConflictSize=11.81132075471698
%%%mzn-stat: NumUnitNogoodsLearned=0
%%%mzn-stat: AverageLearnedNogoodLength=18.150943396226417
%%%mzn-stat: AverageBacktrackAmount=0
%%%mzn-stat: AverageLbd=11.235849056603774
%%%mzn-stat: 2AutonomousSearchNumBackupCalled=8251
%%%mzn-stat: 2AutonomousSearchNumPredicatesRemoved=0
%%%mzn-stat: 2AutonomousSearchNumCalls=8259
%%%mzn-stat: 2AutonomousSearchNumPredicatesAdded=2184
%%%mzn-stat: 2AutonomousSearchAverageSizeOfHeap=0.6913669935827582
%%%mzn-stat: 2AutonomousSearchNumAssignedPredicatesEncountered=5710
%%%mzn-stat-end
maxleg = 238;
succ = array1d(1..100,[7, 12, 4, 11, 14, 22, 24, 21, 29, 19, 17, 27, 15, 16, 26, 28, 32, 13, 3, 18, 23, 20, 1, 5, 6, 33, 10, 51, 37, 8, 2, 40, 41, 35, 36, 42, 39, 25, 58, 45, 71, 48, 52, 9, 62, 50, 30, 59, 60, 54, 53, 38, 76, 43, 44, 31, 46, 81, 72, 64, 55, 49, 47, 98, 57, 61, 69, 70, 79, 95, 100, 83, 82, 75, 78, 91, 80, 90, 97, 96, 77, 92, 84, 87, 74, 65, 56, 86, 67, 94, 85, 88, 34, 73, 99, 89, 68, 63, 93, 66]);
% time elapsed: 4.77 s
----------
%%%mzn-stat: initTime=0.022006431
%%%mzn-stat: objective=237
%%%mzn-stat: nodes=10202
%%%mzn-stat: restarts=0
%%%mzn-stat: peakDepth=1154
%%%mzn-stat: solveTime=0.21227706
%%%mzn-stat: variables=1770
%%%mzn-stat: propagators=1414
%%%mzn-stat: failures=106
%%%mzn-stat: propagations=30105
%%%mzn-stat: nogoods=106
%%%mzn-stat: numAtomicConstraintsPropagated=0
%%%mzn-stat: allDifferentNumber1PropagationsTotal=2183
%%%mzn-stat: allDifferentNumber1PropagationsThatFoundConflict=7
%%%mzn-stat: allDifferentNumber1PropagationsThatPruned=1138
%%%mzn-stat: allDifferentNumber1TotalValuesPruned=6440
%%%mzn-stat: allDifferentNumber1TotalHallSetSizeConflict=35
%%%mzn-stat: allDifferentNumber1NumberOfConflicts=7
%%%mzn-stat: allDifferentNumber1MaxHallSetSizeConflict=6
%%%mzn-stat: allDifferentNumber1TotalPruningHallSetSize=19672
%%%mzn-stat: allDifferentNumber1NumberOfPruningExplanations=6440
%%%mzn-stat: allDifferentNumber1MaxPruningHallSetSize=35
%%%mzn-stat: allDifferentNumber1TotalFixedEdgesAtConflict=648
%%%mzn-stat: allDifferentNumber1TotalVarsInvolvedInPruning=5716
%%%mzn-stat: allDifferentNumber1MaxValuesPrunedFromSingleVar=8
%%%mzn-stat: allDifferentNumber1TotalSccSizeAtPruning=3476
%%%mzn-stat: allDifferentNumber1NumberOfSccPruningCalls=1138
%%%mzn-stat: circuitNumber2PropagationsThatFoundConflict=69
%%%mzn-stat: circuitNumber2TotalFixedEdgesAtConflict=6065
%%%mzn-stat: circuitNumber2NumberOfConflicts=69
%%%mzn-stat: circuitNumber2PropagationsThatPruned=159
%%%mzn-stat: circuitNumber2PropagationsTotal=1162
%%%mzn-stat: AverageConflictSize=11.81132075471698
%%%mzn-stat: NumUnitNogoodsLearned=0
%%%mzn-stat: AverageLearnedNogoodLength=18.150943396226417
%%%mzn-stat: AverageBacktrackAmount=0
%%%mzn-stat: AverageLbd=11.235849056603774
%%%mzn-stat: 2AutonomousSearchNumBackupCalled=9265
%%%mzn-stat: 2AutonomousSearchNumPredicatesRemoved=0
%%%mzn-stat: 2AutonomousSearchNumCalls=9274
%%%mzn-stat: 2AutonomousSearchNumPredicatesAdded=2184
%%%mzn-stat: 2AutonomousSearchAverageSizeOfHeap=0.7324778951908562
%%%mzn-stat: 2AutonomousSearchNumAssignedPredicatesEncountered=6793
%%%mzn-stat-end
maxleg = 237;
succ = array1d(1..100,[7, 12, 4, 11, 14, 22, 24, 21, 29, 19, 17, 27, 15, 16, 26, 28, 32, 13, 3, 18, 23, 20, 1, 5, 6, 33, 10, 51, 37, 8, 2, 40, 41, 35, 36, 42, 39, 25, 58, 45, 71, 48, 52, 55, 62, 50, 30, 59, 60, 54, 53, 38, 76, 43, 9, 31, 46, 81, 72, 64, 44, 49, 47, 98, 57, 61, 69, 70, 79, 95, 100, 83, 82, 75, 78, 91, 80, 90, 97, 96, 77, 92, 84, 87, 74, 65, 56, 86, 67, 94, 85, 88, 34, 73, 99, 89, 68, 63, 93, 66]);
% time elapsed: 4.79 s
----------
%%%mzn-stat: initTime=0.022006431
%%%mzn-stat: objective=232
%%%mzn-stat: nodes=11269
%%%mzn-stat: restarts=0
%%%mzn-stat: peakDepth=1154
%%%mzn-stat: solveTime=0.230143771
%%%mzn-stat: variables=1770
%%%mzn-stat: propagators=1414
%%%mzn-stat: failures=107
%%%mzn-stat: propagations=32716
%%%mzn-stat: nogoods=107
%%%mzn-stat: numAtomicConstraintsPropagated=0
%%%mzn-stat: allDifferentNumber1PropagationsTotal=2342
%%%mzn-stat: allDifferentNumber1PropagationsThatFoundConflict=7
%%%mzn-stat: allDifferentNumber1PropagationsThatPruned=1220
%%%mzn-stat: allDifferentNumber1TotalValuesPruned=7009
%%%mzn-stat: allDifferentNumber1TotalHallSetSizeConflict=35
%%%mzn-stat: allDifferentNumber1NumberOfConflicts=7
%%%mzn-stat: allDifferentNumber1MaxHallSetSizeConflict=6
%%%mzn-stat: allDifferentNumber1TotalPruningHallSetSize=21568
%%%mzn-stat: allDifferentNumber1NumberOfPruningExplanations=7009
%%%mzn-stat: allDifferentNumber1MaxPruningHallSetSize=35
%%%mzn-stat: allDifferentNumber1TotalFixedEdgesAtConflict=648
%%%mzn-stat: allDifferentNumber1TotalVarsInvolvedInPruning=6229
%%%mzn-stat: allDifferentNumber1MaxValuesPrunedFromSingleVar=8
%%%mzn-stat: allDifferentNumber1TotalSccSizeAtPruning=3715
%%%mzn-stat: allDifferentNumber1NumberOfSccPruningCalls=1220
%%%mzn-stat: circuitNumber2PropagationsThatFoundConflict=70
%%%mzn-stat: circuitNumber2TotalFixedEdgesAtConflict=6155
%%%mzn-stat: circuitNumber2NumberOfConflicts=70
%%%mzn-stat: circuitNumber2PropagationsThatPruned=163
%%%mzn-stat: circuitNumber2PropagationsTotal=1243
%%%mzn-stat: AverageConflictSize=11.813084112149532
%%%mzn-stat: NumUnitNogoodsLearned=0
%%%mzn-stat: AverageLearnedNogoodLength=18.22429906542056
%%%mzn-stat: AverageBacktrackAmount=0
%%%mzn-stat: AverageLbd=11.25233644859813
%%%mzn-stat: 2AutonomousSearchNumBackupCalled=10257
%%%mzn-stat: 2AutonomousSearchNumPredicatesRemoved=0
%%%mzn-stat: 2AutonomousSearchNumCalls=10267
%%%mzn-stat: 2AutonomousSearchNumPredicatesAdded=2524
%%%mzn-stat: 2AutonomousSearchAverageSizeOfHeap=0.7673127495860524
%%%mzn-stat: 2AutonomousSearchNumAssignedPredicatesEncountered=7878
%%%mzn-stat-end
maxleg = 232;
succ = array1d(1..100,[7, 12, 4, 11, 14, 22, 24, 21, 29, 19, 17, 27, 15, 16, 26, 28, 32, 13, 3, 18, 23, 20, 1, 5, 6, 33, 10, 51, 37, 8, 2, 40, 41, 35, 36, 42, 39, 25, 58, 45, 71, 48, 52, 55, 62, 50, 30, 59, 60, 54, 53, 38, 76, 43, 9, 68, 46, 81, 72, 64, 44, 49, 47, 98, 57, 61, 69, 31, 79, 95, 100, 83, 82, 75, 78, 91, 80, 90, 97, 96, 77, 92, 84, 87, 74, 65, 56, 86, 67, 94, 85, 88, 34, 73, 99, 89, 70, 63, 93, 66]);
% time elapsed: 4.81 s
----------
%%%mzn-stat: initTime=0.022006431
%%%mzn-stat: objective=230
%%%mzn-stat: nodes=12326
%%%mzn-stat: restarts=0
%%%mzn-stat: peakDepth=1154
%%%mzn-stat: solveTime=0.246077587
%%%mzn-stat: variables=1770
%%%mzn-stat: propagators=1414
%%%mzn-stat: failures=107
%%%mzn-stat: propagations=35276
%%%mzn-stat: nogoods=107
%%%mzn-stat: numAtomicConstraintsPropagated=0
%%%mzn-stat: allDifferentNumber1PropagationsTotal=2493
%%%mzn-stat: allDifferentNumber1PropagationsThatFoundConflict=7
%%%mzn-stat: allDifferentNumber1PropagationsThatPruned=1296
%%%mzn-stat: allDifferentNumber1TotalValuesPruned=7552
%%%mzn-stat: allDifferentNumber1TotalHallSetSizeConflict=35
%%%mzn-stat: allDifferentNumber1NumberOfConflicts=7
%%%mzn-stat: allDifferentNumber1MaxHallSetSizeConflict=6
%%%mzn-stat: allDifferentNumber1TotalPruningHallSetSize=23421
%%%mzn-stat: allDifferentNumber1NumberOfPruningExplanations=7552
%%%mzn-stat: allDifferentNumber1MaxPruningHallSetSize=35
%%%mzn-stat: allDifferentNumber1TotalFixedEdgesAtConflict=648
%%%mzn-stat: allDifferentNumber1TotalVarsInvolvedInPruning=6720
%%%mzn-stat: allDifferentNumber1MaxValuesPrunedFromSingleVar=8
%%%mzn-stat: allDifferentNumber1TotalSccSizeAtPruning=3933
%%%mzn-stat: allDifferentNumber1NumberOfSccPruningCalls=1296
%%%mzn-stat: circuitNumber2PropagationsThatFoundConflict=70
%%%mzn-stat: circuitNumber2TotalFixedEdgesAtConflict=6155
%%%mzn-stat: circuitNumber2NumberOfConflicts=70
%%%mzn-stat: circuitNumber2PropagationsThatPruned=167
%%%mzn-stat: circuitNumber2PropagationsTotal=1320
%%%mzn-stat: AverageConflictSize=11.813084112149532
%%%mzn-stat: NumUnitNogoodsLearned=0
%%%mzn-stat: AverageLearnedNogoodLength=18.22429906542056
%%%mzn-stat: AverageBacktrackAmount=0
%%%mzn-stat: AverageLbd=11.25233644859813
%%%mzn-stat: 2AutonomousSearchNumBackupCalled=11240
%%%mzn-stat: 2AutonomousSearchNumPredicatesRemoved=0
%%%mzn-stat: 2AutonomousSearchNumCalls=11251
%%%mzn-stat: 2AutonomousSearchNumPredicatesAdded=2524
%%%mzn-stat: 2AutonomousSearchAverageSizeOfHeap=0.7966402986401209
%%%mzn-stat: 2AutonomousSearchNumAssignedPredicatesEncountered=8963
%%%mzn-stat-end
maxleg = 230;
succ = array1d(1..100,[7, 12, 4, 11, 14, 22, 24, 21, 29, 19, 17, 27, 15, 16, 26, 28, 32, 13, 3, 18, 23, 20, 1, 5, 6, 33, 36, 51, 37, 8, 2, 40, 41, 10, 34, 35, 39, 25, 58, 45, 71, 48, 52, 55, 62, 50, 30, 59, 60, 54, 53, 38, 76, 43, 9, 42, 46, 81, 72, 64, 44, 49, 47, 98, 57, 61, 69, 31, 79, 56, 100, 83, 82, 75, 78, 91, 80, 90, 95, 96, 77, 92, 87, 93, 74, 65, 84, 86, 67, 94, 85, 88, 99, 73, 97, 89, 70, 63, 68, 66]);
% time elapsed: 4.83 s
----------
%%%mzn-stat: initTime=0.022006431
%%%mzn-stat: objective=224
%%%mzn-stat: nodes=13458
%%%mzn-stat: restarts=0
%%%mzn-stat: peakDepth=1154
%%%mzn-stat: solveTime=0.304517761
%%%mzn-stat: variables=1770
%%%mzn-stat: propagators=1414
%%%mzn-stat: failures=161
%%%mzn-stat: propagations=39849
%%%mzn-stat: nogoods=161
%%%mzn-stat: numAtomicConstraintsPropagated=0
%%%mzn-stat: allDifferentNumber1PropagationsTotal=2893
%%%mzn-stat: allDifferentNumber1PropagationsThatFoundConflict=8
%%%mzn-stat: allDifferentNumber1PropagationsThatPruned=1532
%%%mzn-stat: allDifferentNumber1TotalValuesPruned=8607
%%%mzn-stat: allDifferentNumber1TotalHallSetSizeConflict=37
%%%mzn-stat: allDifferentNumber1NumberOfConflicts=8
%%%mzn-stat: allDifferentNumber1MaxHallSetSizeConflict=6
%%%mzn-stat: allDifferentNumber1TotalPruningHallSetSize=26679
%%%mzn-stat: allDifferentNumber1NumberOfPruningExplanations=8607
%%%mzn-stat: allDifferentNumber1MaxPruningHallSetSize=39
%%%mzn-stat: allDifferentNumber1TotalFixedEdgesAtConflict=740
%%%mzn-stat: allDifferentNumber1TotalVarsInvolvedInPruning=7628
%%%mzn-stat: allDifferentNumber1MaxValuesPrunedFromSingleVar=8
%%%mzn-stat: allDifferentNumber1TotalSccSizeAtPruning=5001
%%%mzn-stat: allDifferentNumber1NumberOfSccPruningCalls=1532
%%%mzn-stat: circuitNumber2PropagationsThatFoundConflict=119
%%%mzn-stat: circuitNumber2TotalFixedEdgesAtConflict=10768
%%%mzn-stat: circuitNumber2NumberOfConflicts=119
%%%mzn-stat: circuitNumber2PropagationsThatPruned=222
%%%mzn-stat: circuitNumber2PropagationsTotal=1557
%%%mzn-stat: AverageConflictSize=16.15527950310559
%%%mzn-stat: NumUnitNogoodsLearned=0
%%%mzn-stat: AverageLearnedNogoodLength=26.801242236024844
%%%mzn-stat: AverageBacktrackAmount=0
%%%mzn-stat: AverageLbd=16.496894409937887
%%%mzn-stat: 2AutonomousSearchNumBackupCalled=12223
%%%mzn-stat: 2AutonomousSearchNumPredicatesRemoved=0
%%%mzn-stat: 2AutonomousSearchNumCalls=12235
%%%mzn-stat: 2AutonomousSearchNumPredicatesAdded=3661
%%%mzn-stat: 2AutonomousSearchAverageSizeOfHeap=0.8811606048222314
%%%mzn-stat: 2AutonomousSearchNumAssignedPredicatesEncountered=10781
%%%mzn-stat-end
maxleg = 224;
succ = array1d(1..100,[7, 12, 4, 11, 14, 22, 24, 21, 29, 19, 17, 27, 15, 16, 26, 28, 32, 13, 3, 18, 23, 20, 1, 5, 6, 33, 72, 51, 37, 8, 2, 40, 41, 10, 34, 35, 39, 25, 58, 45, 71, 36, 52, 55, 62, 50, 30, 42, 48, 54, 53, 38, 60, 43, 9, 68, 46, 73, 93, 49, 44, 64, 47, 90, 57, 61, 69, 70, 79, 63, 100, 59, 81, 91, 85, 94, 80, 75, 95, 96, 77, 92, 84, 56, 74, 65, 83, 86, 67, 78, 76, 88, 99, 98, 97, 89, 31, 82, 87, 66]);
% time elapsed: 4.90 s
----------
%%%mzn-stat: initTime=0.022006431
%%%mzn-stat: objective=222
%%%mzn-stat: nodes=14501
%%%mzn-stat: restarts=0
%%%mzn-stat: peakDepth=1154
%%%mzn-stat: solveTime=0.321664854
%%%mzn-stat: variables=1770
%%%mzn-stat: propagators=1414
%%%mzn-stat: failures=161
%%%mzn-stat: propagations=42397
%%%mzn-stat: nogoods=161
%%%mzn-stat: numAtomicConstraintsPropagated=0
%%%mzn-stat: allDifferentNumber1PropagationsTotal=3045
%%%mzn-stat: allDifferentNumber1PropagationsThatFoundConflict=8
%%%mzn-stat: allDifferentNumber1PropagationsThatPruned=1608
%%%mzn-stat: allDifferentNumber1TotalValuesPruned=9134
%%%mzn-stat: allDifferentNumber1TotalHallSetSizeConflict=37
%%%mzn-stat: allDifferentNumber1NumberOfConflicts=8
%%%mzn-stat: allDifferentNumber1MaxHallSetSizeConflict=6
%%%mzn-stat: allDifferentNumber1TotalPruningHallSetSize=28763
%%%mzn-stat: allDifferentNumber1NumberOfPruningExplanations=9134
%%%mzn-stat: allDifferentNumber1MaxPruningHallSetSize=39
%%%mzn-stat: allDifferentNumber1TotalFixedEdgesAtConflict=740
%%%mzn-stat: allDifferentNumber1TotalVarsInvolvedInPruning=8112
%%%mzn-stat: allDifferentNumber1MaxValuesPrunedFromSingleVar=8
%%%mzn-stat: allDifferentNumber1TotalSccSizeAtPruning=5323
%%%mzn-stat: allDifferentNumber1NumberOfSccPruningCalls=1608
%%%mzn-stat: circuitNumber2PropagationsThatFoundConflict=119
%%%mzn-stat: circuitNumber2TotalFixedEdgesAtConflict=10768
%%%mzn-stat: circuitNumber2NumberOfConflicts=119
%%%mzn-stat: circuitNumber2PropagationsThatPruned=225
%%%mzn-stat: circuitNumber2PropagationsTotal=1634
%%%mzn-stat: AverageConflictSize=16.15527950310559
%%%mzn-stat: NumUnitNogoodsLearned=0
%%%mzn-stat: AverageLearnedNogoodLength=26.801242236024844
%%%mzn-stat: AverageBacktrackAmount=0
%%%mzn-stat: AverageLbd=16.496894409937887
%%%mzn-stat: 2AutonomousSearchNumBackupCalled=13193
%%%mzn-stat: 2AutonomousSearchNumPredicatesRemoved=0
%%%mzn-stat: 2AutonomousSearchNumCalls=13206
%%%mzn-stat: 2AutonomousSearchNumPredicatesAdded=3661
%%%mzn-stat: 2AutonomousSearchAverageSizeOfHeap=0.9540360442223231
%%%mzn-stat: 2AutonomousSearchNumAssignedPredicatesEncountered=12599
%%%mzn-stat-end
maxleg = 222;
succ = array1d(1..100,[7, 12, 4, 11, 14, 22, 24, 21, 29, 19, 17, 27, 15, 16, 26, 28, 32, 13, 3, 18, 23, 20, 1, 5, 6, 33, 72, 51, 37, 8, 68, 40, 41, 10, 34, 35, 39, 25, 58, 45, 71, 36, 52, 55, 62, 50, 30, 42, 48, 54, 53, 38, 60, 43, 9, 2, 46, 73, 93, 49, 44, 64, 47, 90, 57, 61, 69, 56, 79, 63, 100, 59, 81, 91, 85, 94, 80, 75, 95, 96, 77, 92, 84, 87, 74, 65, 99, 86, 67, 78, 76, 88, 83, 98, 97, 89, 31, 82, 70, 66]);
% time elapsed: 4.91 s
----------
%%%mzn-stat: initTime=0.022006431
%%%mzn-stat: objective=221
%%%mzn-stat: nodes=15558
%%%mzn-stat: restarts=0
%%%mzn-stat: peakDepth=1154
%%%mzn-stat: solveTime=0.354925906
%%%mzn-stat: variables=1770
%%%mzn-stat: propagators=1414
%%%mzn-stat: failures=187
%%%mzn-stat: propagations=46490
%%%mzn-stat: nogoods=187
%%%mzn-stat: numAtomicConstraintsPropagated=0
%%%mzn-stat: allDifferentNumber1PropagationsTotal=3397
%%%mzn-stat: allDifferentNumber1PropagationsThatFoundConflict=9
%%%mzn-stat: allDifferentNumber1PropagationsThatPruned=1808
%%%mzn-stat: allDifferentNumber1TotalValuesPruned=10005
%%%mzn-stat: allDifferentNumber1TotalHallSetSizeConflict=42
%%%mzn-stat: allDifferentNumber1NumberOfConflicts=9
%%%mzn-stat: allDifferentNumber1MaxHallSetSizeConflict=6
%%%mzn-stat: allDifferentNumber1TotalPruningHallSetSize=30762
%%%mzn-stat: allDifferentNumber1NumberOfPruningExplanations=10005
%%%mzn-stat: allDifferentNumber1MaxPruningHallSetSize=39
%%%mzn-stat: allDifferentNumber1TotalFixedEdgesAtConflict=833
%%%mzn-stat: allDifferentNumber1TotalVarsInvolvedInPruning=8902
%%%mzn-stat: allDifferentNumber1MaxValuesPrunedFromSingleVar=8
%%%mzn-stat: allDifferentNumber1TotalSccSizeAtPruning=6208
%%%mzn-stat: allDifferentNumber1NumberOfSccPruningCalls=1808
%%%mzn-stat: circuitNumber2PropagationsThatFoundConflict=143
%%%mzn-stat: circuitNumber2TotalFixedEdgesAtConflict=12874
%%%mzn-stat: circuitNumber2NumberOfConflicts=143
%%%mzn-stat: circuitNumber2PropagationsThatPruned=258
%%%mzn-stat: circuitNumber2PropagationsTotal=1833
%%%mzn-stat: AverageConflictSize=14.609625668449198
%%%mzn-stat: NumUnitNogoodsLearned=0
%%%mzn-stat: AverageLearnedNogoodLength=26.9572192513369
%%%mzn-stat: AverageBacktrackAmount=0
%%%mzn-stat: AverageLbd=16.27807486631016
%%%mzn-stat: 2AutonomousSearchNumBackupCalled=14116
%%%mzn-stat: 2AutonomousSearchNumPredicatesRemoved=0
%%%mzn-stat: 2AutonomousSearchNumCalls=14130
%%%mzn-stat: 2AutonomousSearchNumPredicatesAdded=4502
%%%mzn-stat: 2AutonomousSearchAverageSizeOfHeap=1.0310686482661005
%%%mzn-stat: 2AutonomousSearchNumAssignedPredicatesEncountered=14569
%%%mzn-stat-end
maxleg = 221;
succ = array1d(1..100,[7, 12, 4, 11, 14, 22, 24, 21, 29, 19, 17, 27, 15, 16, 26, 28, 32, 13, 3, 18, 23, 20, 1, 5, 6, 33, 72, 51, 37, 25, 68, 40, 41, 10, 34, 8, 39, 30, 58, 45, 71, 36, 52, 55, 62, 50, 63, 42, 60, 54, 53, 38, 76, 43, 9, 2, 46, 73, 35, 64, 44, 49, 70, 48, 57, 61, 69, 56, 89, 95, 100, 83, 81, 85, 78, 91, 80, 90, 97, 47, 77, 92, 84, 87, 75, 65, 99, 86, 96, 94, 74, 88, 59, 98, 67, 79, 31, 82, 93, 66]);
% time elapsed: 4.96 s
----------
%%%mzn-stat: initTime=0.022006431
%%%mzn-stat: objective=211
%%%mzn-stat: nodes=16567
%%%mzn-stat: restarts=0
%%%mzn-stat: peakDepth=1154
%%%mzn-stat: solveTime=0.377156156
%%%mzn-stat: variables=1770
%%%mzn-stat: propagators=1414
%%%mzn-stat: failures=193
%%%mzn-stat: propagations=49442
%%%mzn-stat: nogoods=193
%%%mzn-stat: numAtomicConstraintsPropagated=0
%%%mzn-stat: allDifferentNumber1PropagationsTotal=3598
%%%mzn-stat: allDifferentNumber1PropagationsThatFoundConflict=10
%%%mzn-stat: allDifferentNumber1PropagationsThatPruned=1912
%%%mzn-stat: allDifferentNumber1TotalValuesPruned=10642
%%%mzn-stat: allDifferentNumber1TotalHallSetSizeConflict=44
%%%mzn-stat: allDifferentNumber1NumberOfConflicts=10
%%%mzn-stat: allDifferentNumber1MaxHallSetSizeConflict=6
%%%mzn-stat: allDifferentNumber1TotalPruningHallSetSize=33060
%%%mzn-stat: allDifferentNumber1NumberOfPruningExplanations=10642
%%%mzn-stat: allDifferentNumber1MaxPruningHallSetSize=39
%%%mzn-stat: allDifferentNumber1TotalFixedEdgesAtConflict=922
%%%mzn-stat: allDifferentNumber1TotalVarsInvolvedInPruning=9464
%%%mzn-stat: allDifferentNumber1MaxValuesPrunedFromSingleVar=8
%%%mzn-stat: allDifferentNumber1TotalSccSizeAtPruning=6639
%%%mzn-stat: allDifferentNumber1NumberOfSccPruningCalls=1912
%%%mzn-stat: circuitNumber2PropagationsThatFoundConflict=148
%%%mzn-stat: circuitNumber2TotalFixedEdgesAtConflict=13285
%%%mzn-stat: circuitNumber2NumberOfConflicts=148
%%%mzn-stat: circuitNumber2PropagationsThatPruned=267
%%%mzn-stat: circuitNumber2PropagationsTotal=1938
%%%mzn-stat: AverageConflictSize=14.601036269430052
%%%mzn-stat: NumUnitNogoodsLearned=0
%%%mzn-stat: AverageLearnedNogoodLength=26.818652849740932
%%%mzn-stat: AverageBacktrackAmount=0
%%%mzn-stat: AverageLbd=16.300518134715027
%%%mzn-stat: 2AutonomousSearchNumBackupCalled=15033
%%%mzn-stat: 2AutonomousSearchNumPredicatesRemoved=0
%%%mzn-stat: 2AutonomousSearchNumCalls=15048
%%%mzn-stat: 2AutonomousSearchNumPredicatesAdded=5035
%%%mzn-stat: 2AutonomousSearchAverageSizeOfHeap=1.1180887825624668
%%%mzn-stat: 2AutonomousSearchNumAssignedPredicatesEncountered=16825
%%%mzn-stat-end
maxleg = 211;
succ = array1d(1..100,[7, 12, 4, 11, 14, 22, 24, 21, 29, 19, 17, 27, 15, 16, 26, 28, 32, 13, 3, 18, 36, 20, 1, 5, 6, 33, 72, 51, 37, 23, 68, 40, 41, 10, 34, 35, 39, 25, 58, 45, 71, 8, 52, 55, 62, 50, 30, 42, 60, 54, 53, 38, 76, 43, 9, 2, 46, 73, 93, 94, 44, 49, 47, 48, 57, 61, 69, 56, 79, 63, 100, 59, 81, 85, 78, 91, 80, 90, 95, 96, 77, 92, 87, 83, 75, 65, 99, 86, 67, 64, 74, 88, 84, 98, 97, 89, 31, 82, 70, 66]);
% time elapsed: 4.98 s
----------
%%%mzn-stat: initTime=0.022006431
%%%mzn-stat: objective=209
%%%mzn-stat: nodes=17555
%%%mzn-stat: restarts=0
%%%mzn-stat: peakDepth=1154
%%%mzn-stat: solveTime=0.397687031
%%%mzn-stat: variables=1770
%%%mzn-stat: propagators=1414
%%%mzn-stat: failures=196
%%%mzn-stat: propagations=52151
%%%mzn-stat: nogoods=196
%%%mzn-stat: numAtomicConstraintsPropagated=0
%%%mzn-stat: allDifferentNumber1PropagationsTotal=3763
%%%mzn-stat: allDifferentNumber1PropagationsThatFoundConflict=10
%%%mzn-stat: allDifferentNumber1PropagationsThatPruned=1998
%%%mzn-stat: allDifferentNumber1TotalValuesPruned=11191
%%%mzn-stat: allDifferentNumber1TotalHallSetSizeConflict=44
%%%mzn-stat: allDifferentNumber1NumberOfConflicts=10
%%%mzn-stat: allDifferentNumber1MaxHallSetSizeConflict=6
%%%mzn-stat: allDifferentNumber1TotalPruningHallSetSize=35213
%%%mzn-stat: allDifferentNumber1NumberOfPruningExplanations=11191
%%%mzn-stat: allDifferentNumber1MaxPruningHallSetSize=39
%%%mzn-stat: allDifferentNumber1TotalFixedEdgesAtConflict=922
%%%mzn-stat: allDifferentNumber1TotalVarsInvolvedInPruning=9948
%%%mzn-stat: allDifferentNumber1MaxValuesPrunedFromSingleVar=8
%%%mzn-stat: allDifferentNumber1TotalSccSizeAtPruning=7024
%%%mzn-stat: allDifferentNumber1NumberOfSccPruningCalls=1998
%%%mzn-stat: circuitNumber2PropagationsThatFoundConflict=151
%%%mzn-stat: circuitNumber2TotalFixedEdgesAtConflict=13510
%%%mzn-stat: circuitNumber2NumberOfConflicts=151
%%%mzn-stat: circuitNumber2PropagationsThatPruned=275
%%%mzn-stat: circuitNumber2PropagationsTotal=2025
%%%mzn-stat: AverageConflictSize=14.775510204081632
%%%mzn-stat: NumUnitNogoodsLearned=0
%%%mzn-stat: AverageLearnedNogoodLength=26.877551020408163
%%%mzn-stat: AverageBacktrackAmount=0
%%%mzn-stat: AverageLbd=16.403061224489797
%%%mzn-stat: 2AutonomousSearchNumBackupCalled=15946
%%%mzn-stat: 2AutonomousSearchNumPredicatesRemoved=0
%%%mzn-stat: 2AutonomousSearchNumCalls=15962
%%%mzn-stat: 2AutonomousSearchNumPredicatesAdded=5392
%%%mzn-stat: 2AutonomousSearchAverageSizeOfHeap=1.195589525122165
%%%mzn-stat: 2AutonomousSearchNumAssignedPredicatesEncountered=19084
%%%mzn-stat-end
maxleg = 209;
succ = array1d(1..100,[7, 12, 4, 11, 14, 22, 24, 21, 29, 19, 17, 27, 15, 16, 26, 28, 32, 13, 34, 18, 36, 20, 1, 5, 6, 33, 72, 51, 37, 23, 68, 40, 41, 35, 3, 10, 39, 25, 58, 45, 71, 8, 52, 55, 62, 50, 30, 42, 60, 54, 53, 38, 76, 43, 9, 2, 46, 73, 93, 94, 44, 49, 47, 48, 57, 61, 69, 56, 79, 63, 100, 59, 81, 85, 78, 91, 80, 90, 95, 96, 77, 92, 87, 83, 75, 65, 99, 86, 67, 64, 74, 88, 84, 98, 97, 89, 31, 82, 70, 66]);
% time elapsed: 5.00 s
----------
%%%mzn-stat: initTime=0.022006431
%%%mzn-stat: objective=208
%%%mzn-stat: nodes=18539
%%%mzn-stat: restarts=0
%%%mzn-stat: peakDepth=1154
%%%mzn-stat: solveTime=0.414370796
%%%mzn-stat: variables=1770
%%%mzn-stat: propagators=1414
%%%mzn-stat: failures=196
%%%mzn-stat: propagations=54673
%%%mzn-stat: nogoods=196
%%%mzn-stat: numAtomicConstraintsPropagated=0
%%%mzn-stat: allDifferentNumber1PropagationsTotal=3910
%%%mzn-stat: allDifferentNumber1PropagationsThatFoundConflict=10
%%%mzn-stat: allDifferentNumber1PropagationsThatPruned=2073
%%%mzn-stat: allDifferentNumber1TotalValuesPruned=11704
%%%mzn-stat: allDifferentNumber1TotalHallSetSizeConflict=44
%%%mzn-stat: allDifferentNumber1NumberOfConflicts=10
%%%mzn-stat: allDifferentNumber1MaxHallSetSizeConflict=6
%%%mzn-stat: allDifferentNumber1TotalPruningHallSetSize=37235
%%%mzn-stat: allDifferentNumber1NumberOfPruningExplanations=11704
%%%mzn-stat: allDifferentNumber1MaxPruningHallSetSize=39
%%%mzn-stat: allDifferentNumber1TotalFixedEdgesAtConflict=922
%%%mzn-stat: allDifferentNumber1TotalVarsInvolvedInPruning=10404
%%%mzn-stat: allDifferentNumber1MaxValuesPrunedFromSingleVar=8
%%%mzn-stat: allDifferentNumber1TotalSccSizeAtPruning=7339
%%%mzn-stat: allDifferentNumber1NumberOfSccPruningCalls=2073
%%%mzn-stat: circuitNumber2PropagationsThatFoundConflict=151
%%%mzn-stat: circuitNumber2TotalFixedEdgesAtConflict=13510
%%%mzn-stat: circuitNumber2NumberOfConflicts=151
%%%mzn-stat: circuitNumber2PropagationsThatPruned=279
%%%mzn-stat: circuitNumber2PropagationsTotal=2100
%%%mzn-stat: AverageConflictSize=14.775510204081632
%%%mzn-stat: NumUnitNogoodsLearned=0
%%%mzn-stat: AverageLearnedNogoodLength=26.877551020408163
%%%mzn-stat: AverageBacktrackAmount=0
%%%mzn-stat: AverageLbd=16.403061224489797
%%%mzn-stat: 2AutonomousSearchNumBackupCalled=16861
%%%mzn-stat: 2AutonomousSearchNumPredicatesRemoved=0
%%%mzn-stat: 2AutonomousSearchNumCalls=16878
%%%mzn-stat: 2AutonomousSearchNumPredicatesAdded=5392
%%%mzn-stat: 2AutonomousSearchAverageSizeOfHeap=1.2645455622704111
%%%mzn-stat: 2AutonomousSearchNumAssignedPredicatesEncountered=21343
%%%mzn-stat-end
maxleg = 208;
succ = array1d(1..100,[7, 12, 4, 11, 14, 22, 24, 21, 29, 19, 17, 27, 15, 16, 26, 28, 32, 13, 34, 18, 36, 20, 1, 5, 6, 33, 72, 51, 37, 23, 68, 40, 41, 35, 45, 10, 39, 25, 58, 74, 71, 8, 52, 55, 3, 50, 30, 42, 60, 54, 53, 38, 76, 43, 9, 2, 46, 73, 93, 64, 44, 49, 47, 48, 57, 61, 69, 56, 79, 63, 100, 59, 81, 85, 78, 91, 80, 90, 95, 96, 77, 92, 87, 83, 75, 65, 99, 86, 67, 94, 62, 88, 84, 98, 97, 89, 31, 82, 70, 66]);
% time elapsed: 5.02 s
----------
%%%mzn-stat: initTime=0.022006431
%%%mzn-stat: objective=206
%%%mzn-stat: nodes=19521
%%%mzn-stat: restarts=0
%%%mzn-stat: peakDepth=1154
%%%mzn-stat: solveTime=0.431127745
%%%mzn-stat: variables=1770
%%%mzn-stat: propagators=1414
%%%mzn-stat: failures=196
%%%mzn-stat: propagations=57268
%%%mzn-stat: nogoods=196
%%%mzn-stat: numAtomicConstraintsPropagated=0
%%%mzn-stat: allDifferentNumber1PropagationsTotal=4058
%%%mzn-stat: allDifferentNumber1PropagationsThatFoundConflict=10
%%%mzn-stat: allDifferentNumber1PropagationsThatPruned=2148
%%%mzn-stat: allDifferentNumber1TotalValuesPruned=12212
%%%mzn-stat: allDifferentNumber1TotalHallSetSizeConflict=44
%%%mzn-stat: allDifferentNumber1NumberOfConflicts=10
%%%mzn-stat: allDifferentNumber1MaxHallSetSizeConflict=6
%%%mzn-stat: allDifferentNumber1TotalPruningHallSetSize=39334
%%%mzn-stat: allDifferentNumber1NumberOfPruningExplanations=12212
%%%mzn-stat: allDifferentNumber1MaxPruningHallSetSize=40
%%%mzn-stat: allDifferentNumber1TotalFixedEdgesAtConflict=922
%%%mzn-stat: allDifferentNumber1TotalVarsInvolvedInPruning=10861
%%%mzn-stat: allDifferentNumber1MaxValuesPrunedFromSingleVar=8
%%%mzn-stat: allDifferentNumber1TotalSccSizeAtPruning=7621
%%%mzn-stat: allDifferentNumber1NumberOfSccPruningCalls=2148
%%%mzn-stat: circuitNumber2PropagationsThatFoundConflict=151
%%%mzn-stat: circuitNumber2TotalFixedEdgesAtConflict=13510
%%%mzn-stat: circuitNumber2NumberOfConflicts=151
%%%mzn-stat: circuitNumber2PropagationsThatPruned=282
%%%mzn-stat: circuitNumber2PropagationsTotal=2175
%%%mzn-stat: AverageConflictSize=14.775510204081632
%%%mzn-stat: NumUnitNogoodsLearned=0
%%%mzn-stat: AverageLearnedNogoodLength=26.877551020408163
%%%mzn-stat: AverageBacktrackAmount=0
%%%mzn-stat: AverageLbd=16.403061224489797
%%%mzn-stat: 2AutonomousSearchNumBackupCalled=17771
%%%mzn-stat: 2AutonomousSearchNumPredicatesRemoved=0
%%%mzn-stat: 2AutonomousSearchNumCalls=17789
%%%mzn-stat: 2AutonomousSearchNumPredicatesAdded=5392
%%%mzn-stat: 2AutonomousSearchAverageSizeOfHeap=1.3267749732981056
%%%mzn-stat: 2AutonomousSearchNumAssignedPredicatesEncountered=23602
%%%mzn-stat-end
maxleg = 206;
succ = array1d(1..100,[7, 12, 4, 11, 14, 22, 24, 21, 29, 19, 17, 27, 15, 16, 26, 28, 32, 13, 34, 18, 42, 20, 1, 5, 6, 33, 72, 51, 37, 23, 68, 40, 41, 35, 36, 59, 39, 25, 58, 45, 71, 10, 52, 55, 62, 50, 30, 64, 60, 54, 53, 38, 76, 43, 9, 2, 46, 81, 93, 73, 44, 49, 47, 90, 57, 61, 69, 8, 79, 63, 100, 83, 82, 85, 78, 94, 80, 3, 95, 96, 77, 92, 84, 87, 75, 65, 99, 86, 67, 91, 74, 88, 56, 98, 97, 89, 31, 48, 70, 66]);
% time elapsed: 5.05 s
----------
%%%mzn-stat: initTime=0.022006431
%%%mzn-stat: objective=205
%%%mzn-stat: nodes=21076
%%%mzn-stat: restarts=0
%%%mzn-stat: peakDepth=1154
%%%mzn-stat: solveTime=1.056737384
%%%mzn-stat: variables=1770
%%%mzn-stat: propagators=1414
%%%mzn-stat: failures=650
%%%mzn-stat: propagations=83404
%%%mzn-stat: nogoods=650
%%%mzn-stat: numAtomicConstraintsPropagated=0
%%%mzn-stat: allDifferentNumber1PropagationsTotal=6595
%%%mzn-stat: allDifferentNumber1PropagationsThatFoundConflict=10
%%%mzn-stat: allDifferentNumber1PropagationsThatPruned=3732
%%%mzn-stat: allDifferentNumber1TotalValuesPruned=16737
%%%mzn-stat: allDifferentNumber1TotalHallSetSizeConflict=44
%%%mzn-stat: allDifferentNumber1NumberOfConflicts=10
%%%mzn-stat: allDifferentNumber1MaxHallSetSizeConflict=6
%%%mzn-stat: allDifferentNumber1TotalPruningHallSetSize=49942
%%%mzn-stat: allDifferentNumber1NumberOfPruningExplanations=16737
%%%mzn-stat: allDifferentNumber1MaxPruningHallSetSize=46
%%%mzn-stat: allDifferentNumber1TotalFixedEdgesAtConflict=922
%%%mzn-stat: allDifferentNumber1TotalVarsInvolvedInPruning=14561
%%%mzn-stat: allDifferentNumber1MaxValuesPrunedFromSingleVar=8
%%%mzn-stat: allDifferentNumber1TotalSccSizeAtPruning=13625
%%%mzn-stat: allDifferentNumber1NumberOfSccPruningCalls=3732
%%%mzn-stat: circuitNumber2PropagationsThatFoundConflict=597
%%%mzn-stat: circuitNumber2TotalFixedEdgesAtConflict=55074
%%%mzn-stat: circuitNumber2NumberOfConflicts=597
%%%mzn-stat: circuitNumber2PropagationsThatPruned=581
%%%mzn-stat: circuitNumber2PropagationsTotal=3799
%%%mzn-stat: AverageConflictSize=56.22923076923077
%%%mzn-stat: NumUnitNogoodsLearned=0
%%%mzn-stat: AverageLearnedNogoodLength=66.08769230769231
%%%mzn-stat: AverageBacktrackAmount=0
%%%mzn-stat: AverageLbd=41.69538461538462
%%%mzn-stat: 2AutonomousSearchNumBackupCalled=18655
%%%mzn-stat: 2AutonomousSearchNumPredicatesRemoved=0
%%%mzn-stat: 2AutonomousSearchNumCalls=18674
%%%mzn-stat: 2AutonomousSearchNumPredicatesAdded=8141
%%%mzn-stat: 2AutonomousSearchAverageSizeOfHeap=1.4505194387919031
%%%mzn-stat: 2AutonomousSearchNumAssignedPredicatesEncountered=27087
%%%mzn-stat-end
maxleg = 205;
succ = array1d(1..100,[7, 12, 4, 11, 14, 22, 24, 21, 29, 19, 17, 27, 15, 16, 26, 28, 32, 13, 34, 18, 42, 20, 1, 5, 6, 33, 72, 51, 37, 23, 68, 40, 41, 36, 10, 59, 39, 25, 58, 35, 71, 56, 52, 55, 3, 50, 30, 64, 60, 54, 53, 38, 76, 57, 9, 70, 77, 73, 93, 90, 44, 45, 47, 49, 46, 61, 43, 95, 67, 97, 100, 83, 81, 85, 78, 94, 80, 62, 89, 63, 82, 92, 84, 87, 75, 65, 99, 86, 96, 91, 74, 88, 2, 98, 79, 69, 31, 48, 8, 66]);
% time elapsed: 5.67 s
----------
%%%mzn-stat: initTime=0.022006431
%%%mzn-stat: objective=204
%%%mzn-stat: nodes=22210
%%%mzn-stat: restarts=0
%%%mzn-stat: peakDepth=1154
%%%mzn-stat: solveTime=1.133118134
%%%mzn-stat: variables=1770
%%%mzn-stat: propagators=1414
%%%mzn-stat: failures=755
%%%mzn-stat: propagations=89401
%%%mzn-stat: nogoods=755
%%%mzn-stat: numAtomicConstraintsPropagated=0
%%%mzn-stat: allDifferentNumber1PropagationsTotal=7182
%%%mzn-stat: allDifferentNumber1PropagationsThatFoundConflict=25
%%%mzn-stat: allDifferentNumber1PropagationsThatPruned=4065
%%%mzn-stat: allDifferentNumber1TotalValuesPruned=18468
%%%mzn-stat: allDifferentNumber1TotalHallSetSizeConflict=202
%%%mzn-stat: allDifferentNumber1NumberOfConflicts=25
%%%mzn-stat: allDifferentNumber1MaxHallSetSizeConflict=15
%%%mzn-stat: allDifferentNumber1TotalPruningHallSetSize=57520
%%%mzn-stat: allDifferentNumber1NumberOfPruningExplanations=18468
%%%mzn-stat: allDifferentNumber1MaxPruningHallSetSize=77
%%%mzn-stat: allDifferentNumber1TotalFixedEdgesAtConflict=1976
%%%mzn-stat: allDifferentNumber1TotalVarsInvolvedInPruning=15960
%%%mzn-stat: allDifferentNumber1MaxValuesPrunedFromSingleVar=8
%%%mzn-stat: allDifferentNumber1TotalSccSizeAtPruning=16178
%%%mzn-stat: allDifferentNumber1NumberOfSccPruningCalls=4065
%%%mzn-stat: circuitNumber2PropagationsThatFoundConflict=626
%%%mzn-stat: circuitNumber2TotalFixedEdgesAtConflict=57200
%%%mzn-stat: circuitNumber2NumberOfConflicts=626
%%%mzn-stat: circuitNumber2PropagationsThatPruned=606
%%%mzn-stat: circuitNumber2PropagationsTotal=4084
%%%mzn-stat: AverageConflictSize=50.06092715231788
%%%mzn-stat: NumUnitNogoodsLearned=0
%%%mzn-stat: AverageLearnedNogoodLength=62.043708609271526
%%%mzn-stat: AverageBacktrackAmount=0
%%%mzn-stat: AverageLbd=38.42119205298013
%%%mzn-stat: 2AutonomousSearchNumBackupCalled=19555
%%%mzn-stat: 2AutonomousSearchNumPredicatesRemoved=0
%%%mzn-stat: 2AutonomousSearchNumCalls=19575
%%%mzn-stat: 2AutonomousSearchNumPredicatesAdded=9610
%%%mzn-stat: 2AutonomousSearchAverageSizeOfHeap=1.571800766283525
%%%mzn-stat: 2AutonomousSearchNumAssignedPredicatesEncountered=30768
%%%mzn-stat-end
maxleg = 204;
succ = array1d(1..100,[7, 12, 4, 11, 14, 22, 24, 21, 29, 19, 17, 27, 15, 16, 26, 28, 32, 13, 34, 18, 42, 20, 30, 5, 6, 33, 72, 51, 37, 25, 68, 40, 41, 36, 10, 59, 39, 52, 1, 35, 58, 48, 67, 55, 3, 50, 23, 64, 60, 54, 53, 43, 76, 57, 9, 2, 77, 71, 93, 73, 44, 45, 47, 49, 46, 61, 69, 70, 89, 63, 100, 83, 81, 85, 78, 94, 80, 62, 95, 38, 98, 92, 84, 87, 75, 65, 99, 86, 96, 91, 74, 88, 56, 90, 97, 79, 31, 82, 8, 66]);
% time elapsed: 5.75 s
----------
%%%mzn-stat: initTime=0.022006431
%%%mzn-stat: objective=203
%%%mzn-stat: nodes=23131
%%%mzn-stat: restarts=0
%%%mzn-stat: peakDepth=1154
%%%mzn-stat: solveTime=1.15243788
%%%mzn-stat: variables=1770
%%%mzn-stat: propagators=1414
%%%mzn-stat: failures=759
%%%mzn-stat: propagations=92170
%%%mzn-stat: nogoods=759
%%%mzn-stat: numAtomicConstraintsPropagated=0
%%%mzn-stat: allDifferentNumber1PropagationsTotal=7362
%%%mzn-stat: allDifferentNumber1PropagationsThatFoundConflict=25
%%%mzn-stat: allDifferentNumber1PropagationsThatPruned=4160
%%%mzn-stat: allDifferentNumber1TotalValuesPruned=18994
%%%mzn-stat: allDifferentNumber1TotalHallSetSizeConflict=202
%%%mzn-stat: allDifferentNumber1NumberOfConflicts=25
%%%mzn-stat: allDifferentNumber1MaxHallSetSizeConflict=15
%%%mzn-stat: allDifferentNumber1TotalPruningHallSetSize=59678
%%%mzn-stat: allDifferentNumber1NumberOfPruningExplanations=18994
%%%mzn-stat: allDifferentNumber1MaxPruningHallSetSize=77
%%%mzn-stat: allDifferentNumber1TotalFixedEdgesAtConflict=1976
%%%mzn-stat: allDifferentNumber1TotalVarsInvolvedInPruning=16441
%%%mzn-stat: allDifferentNumber1MaxValuesPrunedFromSingleVar=8
%%%mzn-stat: allDifferentNumber1TotalSccSizeAtPruning=16684
%%%mzn-stat: allDifferentNumber1NumberOfSccPruningCalls=4160
%%%mzn-stat: circuitNumber2PropagationsThatFoundConflict=630
%%%mzn-stat: circuitNumber2TotalFixedEdgesAtConflict=57528
%%%mzn-stat: circuitNumber2NumberOfConflicts=630
%%%mzn-stat: circuitNumber2PropagationsThatPruned=613
%%%mzn-stat: circuitNumber2PropagationsTotal=4179
%%%mzn-stat: AverageConflictSize=49.80764163372859
%%%mzn-stat: NumUnitNogoodsLearned=0
%%%mzn-stat: AverageLearnedNogoodLength=61.78787878787879
%%%mzn-stat: AverageBacktrackAmount=0
%%%mzn-stat: AverageLbd=38.26086956521739
%%%mzn-stat: 2AutonomousSearchNumBackupCalled=20393
%%%mzn-stat: 2AutonomousSearchNumPredicatesRemoved=0
%%%mzn-stat: 2AutonomousSearchNumCalls=20414
%%%mzn-stat: 2AutonomousSearchNumPredicatesAdded=9833
%%%mzn-stat: 2AutonomousSearchAverageSizeOfHeap=1.6890369354364652
%%%mzn-stat: 2AutonomousSearchNumAssignedPredicatesEncountered=34480
%%%mzn-stat-end
maxleg = 203;
succ = array1d(1..100,[7, 12, 4, 11, 14, 22, 24, 21, 29, 19, 17, 27, 15, 16, 26, 28, 32, 13, 34, 18, 42, 20, 30, 5, 6, 33, 72, 51, 37, 47, 68, 40, 41, 36, 10, 59, 39, 25, 1, 35, 58, 48, 52, 61, 3, 50, 63, 64, 60, 54, 53, 38, 76, 57, 9, 2, 65, 71, 93, 73, 66, 45, 70, 49, 86, 100, 43, 95, 67, 97, 82, 83, 94, 62, 85, 91, 80, 75, 89, 23, 77, 92, 84, 87, 74, 88, 99, 44, 96, 78, 90, 46, 56, 98, 79, 69, 31, 81, 8, 55]);
% time elapsed: 5.78 s
----------
%%%mzn-stat: initTime=0.022006431
%%%mzn-stat: objective=202
%%%mzn-stat: nodes=24056
%%%mzn-stat: restarts=0
%%%mzn-stat: peakDepth=1154
%%%mzn-stat: solveTime=1.170450166
%%%mzn-stat: variables=1770
%%%mzn-stat: propagators=1414
%%%mzn-stat: failures=761
%%%mzn-stat: propagations=94745
%%%mzn-stat: nogoods=761
%%%mzn-stat: numAtomicConstraintsPropagated=0
%%%mzn-stat: allDifferentNumber1PropagationsTotal=7517
%%%mzn-stat: allDifferentNumber1PropagationsThatFoundConflict=26
%%%mzn-stat: allDifferentNumber1PropagationsThatPruned=4239
%%%mzn-stat: allDifferentNumber1TotalValuesPruned=19475
%%%mzn-stat: allDifferentNumber1TotalHallSetSizeConflict=223
%%%mzn-stat: allDifferentNumber1NumberOfConflicts=26
%%%mzn-stat: allDifferentNumber1MaxHallSetSizeConflict=21
%%%mzn-stat: allDifferentNumber1TotalPruningHallSetSize=61903
%%%mzn-stat: allDifferentNumber1NumberOfPruningExplanations=19475
%%%mzn-stat: allDifferentNumber1MaxPruningHallSetSize=77
%%%mzn-stat: allDifferentNumber1TotalFixedEdgesAtConflict=2039
%%%mzn-stat: allDifferentNumber1TotalVarsInvolvedInPruning=16876
%%%mzn-stat: allDifferentNumber1MaxValuesPrunedFromSingleVar=8
%%%mzn-stat: allDifferentNumber1TotalSccSizeAtPruning=17172
%%%mzn-stat: allDifferentNumber1NumberOfSccPruningCalls=4239
%%%mzn-stat: circuitNumber2PropagationsThatFoundConflict=630
%%%mzn-stat: circuitNumber2TotalFixedEdgesAtConflict=57528
%%%mzn-stat: circuitNumber2NumberOfConflicts=630
%%%mzn-stat: circuitNumber2PropagationsThatPruned=616
%%%mzn-stat: circuitNumber2PropagationsTotal=4257
%%%mzn-stat: AverageConflictSize=49.777923784494085
%%%mzn-stat: NumUnitNogoodsLearned=0
%%%mzn-stat: AverageLearnedNogoodLength=61.730617608409986
%%%mzn-stat: AverageBacktrackAmount=0
%%%mzn-stat: AverageLbd=38.203679369250985
%%%mzn-stat: 2AutonomousSearchNumBackupCalled=21245
%%%mzn-stat: 2AutonomousSearchNumPredicatesRemoved=0
%%%mzn-stat: 2AutonomousSearchNumCalls=21267
%%%mzn-stat: 2AutonomousSearchNumPredicatesAdded=9920
%%%mzn-stat: 2AutonomousSearchAverageSizeOfHeap=1.7958339210984153
%%%mzn-stat: 2AutonomousSearchNumAssignedPredicatesEncountered=38192
%%%mzn-stat-end
maxleg = 202;
succ = array1d(1..100,[7, 12, 4, 11, 14, 22, 24, 21, 29, 19, 17, 27, 15, 16, 26, 28, 32, 13, 34, 18, 42, 20, 30, 5, 6, 33, 72, 51, 37, 47, 68, 40, 41, 36, 10, 59, 39, 25, 1, 35, 58, 48, 52, 61, 3, 50, 63, 64, 60, 54, 85, 38, 76, 57, 9, 2, 65, 71, 93, 53, 66, 45, 70, 49, 86, 100, 43, 95, 67, 97, 73, 83, 82, 62, 78, 91, 80, 74, 89, 23, 77, 92, 84, 87, 75, 88, 99, 44, 96, 94, 90, 46, 56, 98, 79, 69, 31, 81, 8, 55]);
% time elapsed: 5.81 s
----------
%%%mzn-stat: initTime=0.022006431
%%%mzn-stat: objective=200
%%%mzn-stat: nodes=24960
%%%mzn-stat: restarts=0
%%%mzn-stat: peakDepth=1154
%%%mzn-stat: solveTime=1.188915889
%%%mzn-stat: variables=1770
%%%mzn-stat: propagators=1414
%%%mzn-stat: failures=761
%%%mzn-stat: propagations=97347
%%%mzn-stat: nogoods=761
%%%mzn-stat: numAtomicConstraintsPropagated=0
%%%mzn-stat: allDifferentNumber1PropagationsTotal=7666
%%%mzn-stat: allDifferentNumber1PropagationsThatFoundConflict=26
%%%mzn-stat: allDifferentNumber1PropagationsThatPruned=4316
%%%mzn-stat: allDifferentNumber1TotalValuesPruned=19946
%%%mzn-stat: allDifferentNumber1TotalHallSetSizeConflict=223
%%%mzn-stat: allDifferentNumber1NumberOfConflicts=26
%%%mzn-stat: allDifferentNumber1MaxHallSetSizeConflict=21
%%%mzn-stat: allDifferentNumber1TotalPruningHallSetSize=64100
%%%mzn-stat: allDifferentNumber1NumberOfPruningExplanations=19946
%%%mzn-stat: allDifferentNumber1MaxPruningHallSetSize=77
%%%mzn-stat: allDifferentNumber1TotalFixedEdgesAtConflict=2039
%%%mzn-stat: allDifferentNumber1TotalVarsInvolvedInPruning=17300
%%%mzn-stat: allDifferentNumber1MaxValuesPrunedFromSingleVar=8
%%%mzn-stat: allDifferentNumber1TotalSccSizeAtPruning=17643
%%%mzn-stat: allDifferentNumber1NumberOfSccPruningCalls=4316
%%%mzn-stat: circuitNumber2PropagationsThatFoundConflict=630
%%%mzn-stat: circuitNumber2TotalFixedEdgesAtConflict=57528
%%%mzn-stat: circuitNumber2NumberOfConflicts=630
%%%mzn-stat: circuitNumber2PropagationsThatPruned=618
%%%mzn-stat: circuitNumber2PropagationsTotal=4334
%%%mzn-stat: AverageConflictSize=49.777923784494085
%%%mzn-stat: NumUnitNogoodsLearned=0
%%%mzn-stat: AverageLearnedNogoodLength=61.730617608409986
%%%mzn-stat: AverageBacktrackAmount=0
%%%mzn-stat: AverageLbd=38.203679369250985
%%%mzn-stat: 2AutonomousSearchNumBackupCalled=22078
%%%mzn-stat: 2AutonomousSearchNumPredicatesRemoved=0
%%%mzn-stat: 2AutonomousSearchNumCalls=22101
%%%mzn-stat: 2AutonomousSearchNumPredicatesAdded=9920
%%%mzn-stat: 2AutonomousSearchAverageSizeOfHeap=1.896022804397991
%%%mzn-stat: 2AutonomousSearchNumAssignedPredicatesEncountered=41904
%%%mzn-stat-end
maxleg = 200;
succ = array1d(1..100,[7, 12, 4, 11, 14, 22, 24, 21, 29, 19, 17, 27, 15, 16, 26, 28, 32, 13, 34, 18, 42, 20, 30, 5, 6, 33, 72, 51, 37, 47, 68, 40, 41, 36, 10, 59, 39, 25, 1, 35, 58, 48, 67, 61, 3, 50, 63, 64, 60, 54, 85, 38, 76, 57, 9, 2, 65, 71, 93, 53, 66, 45, 70, 49, 86, 100, 52, 95, 43, 97, 73, 83, 82, 62, 78, 91, 80, 74, 89, 23, 77, 92, 84, 87, 75, 88, 99, 44, 96, 94, 90, 46, 56, 98, 79, 69, 31, 81, 8, 55]);
% time elapsed: 5.83 s
----------
%%%mzn-stat: initTime=0.022006431
%%%mzn-stat: objective=199
%%%mzn-stat: nodes=25898
%%%mzn-stat: restarts=0
%%%mzn-stat: peakDepth=1154
%%%mzn-stat: solveTime=1.210542517
%%%mzn-stat: variables=1770
%%%mzn-stat: propagators=1414
%%%mzn-stat: failures=766
%%%mzn-stat: propagations=100212
%%%mzn-stat: nogoods=766
%%%mzn-stat: numAtomicConstraintsPropagated=0
%%%mzn-stat: allDifferentNumber1PropagationsTotal=7857
%%%mzn-stat: allDifferentNumber1PropagationsThatFoundConflict=27
%%%mzn-stat: allDifferentNumber1PropagationsThatPruned=4418
%%%mzn-stat: allDifferentNumber1TotalValuesPruned=20494
%%%mzn-stat: allDifferentNumber1TotalHallSetSizeConflict=244
%%%mzn-stat: allDifferentNumber1NumberOfConflicts=27
%%%mzn-stat: allDifferentNumber1MaxHallSetSizeConflict=21
%%%mzn-stat: allDifferentNumber1TotalPruningHallSetSize=66501
%%%mzn-stat: allDifferentNumber1NumberOfPruningExplanations=20494
%%%mzn-stat: allDifferentNumber1MaxPruningHallSetSize=77
%%%mzn-stat: allDifferentNumber1TotalFixedEdgesAtConflict=2102
%%%mzn-stat: allDifferentNumber1TotalVarsInvolvedInPruning=17782
%%%mzn-stat: allDifferentNumber1MaxValuesPrunedFromSingleVar=8
%%%mzn-stat: allDifferentNumber1TotalSccSizeAtPruning=18254
%%%mzn-stat: allDifferentNumber1NumberOfSccPruningCalls=4418
%%%mzn-stat: circuitNumber2PropagationsThatFoundConflict=633
%%%mzn-stat: circuitNumber2TotalFixedEdgesAtConflict=57791
%%%mzn-stat: circuitNumber2NumberOfConflicts=633
%%%mzn-stat: circuitNumber2PropagationsThatPruned=625
%%%mzn-stat: circuitNumber2PropagationsTotal=4436
%%%mzn-stat: AverageConflictSize=49.55874673629243
%%%mzn-stat: NumUnitNogoodsLearned=0
%%%mzn-stat: AverageLearnedNogoodLength=61.54960835509139
%%%mzn-stat: AverageBacktrackAmount=0
%%%mzn-stat: AverageLbd=38.06005221932115
%%%mzn-stat: 2AutonomousSearchNumBackupCalled=22931
%%%mzn-stat: 2AutonomousSearchNumPredicatesRemoved=0
%%%mzn-stat: 2AutonomousSearchNumCalls=22955
%%%mzn-stat: 2AutonomousSearchNumPredicatesAdded=10072
%%%mzn-stat: 2AutonomousSearchAverageSizeOfHeap=1.9880200392071443
%%%mzn-stat: 2AutonomousSearchNumAssignedPredicatesEncountered=45635
%%%mzn-stat-end
maxleg = 199;
succ = array1d(1..100,[7, 12, 4, 11, 14, 22, 24, 21, 29, 19, 17, 27, 15, 51, 26, 28, 32, 13, 34, 18, 42, 20, 30, 5, 6, 33, 72, 62, 37, 47, 68, 16, 41, 36, 10, 59, 39, 25, 1, 3, 58, 48, 67, 61, 35, 50, 63, 64, 60, 54, 85, 38, 76, 57, 9, 2, 65, 71, 93, 73, 66, 45, 70, 49, 86, 100, 52, 95, 43, 97, 82, 83, 98, 40, 78, 91, 80, 90, 89, 23, 77, 92, 84, 87, 75, 88, 99, 44, 96, 94, 74, 46, 56, 53, 79, 69, 31, 81, 8, 55]);
% time elapsed: 5.84 s
----------
%%%mzn-stat: initTime=0.022006431
%%%mzn-stat: objective=197
%%%mzn-stat: nodes=26802
%%%mzn-stat: restarts=0
%%%mzn-stat: peakDepth=1154
%%%mzn-stat: solveTime=1.230285172
%%%mzn-stat: variables=1770
%%%mzn-stat: propagators=1414
%%%mzn-stat: failures=768
%%%mzn-stat: propagations=102946
%%%mzn-stat: nogoods=768
%%%mzn-stat: numAtomicConstraintsPropagated=0
%%%mzn-stat: allDifferentNumber1PropagationsTotal=8016
%%%mzn-stat: allDifferentNumber1PropagationsThatFoundConflict=27
%%%mzn-stat: allDifferentNumber1PropagationsThatPruned=4503
%%%mzn-stat: allDifferentNumber1TotalValuesPruned=20995
%%%mzn-stat: allDifferentNumber1TotalHallSetSizeConflict=244
%%%mzn-stat: allDifferentNumber1NumberOfConflicts=27
%%%mzn-stat: allDifferentNumber1MaxHallSetSizeConflict=21
%%%mzn-stat: allDifferentNumber1TotalPruningHallSetSize=69011
%%%mzn-stat: allDifferentNumber1NumberOfPruningExplanations=20995
%%%mzn-stat: allDifferentNumber1MaxPruningHallSetSize=77
%%%mzn-stat: allDifferentNumber1TotalFixedEdgesAtConflict=2102
%%%mzn-stat: allDifferentNumber1TotalVarsInvolvedInPruning=18215
%%%mzn-stat: allDifferentNumber1MaxValuesPrunedFromSingleVar=8
%%%mzn-stat: allDifferentNumber1TotalSccSizeAtPruning=18825
%%%mzn-stat: allDifferentNumber1NumberOfSccPruningCalls=4503
%%%mzn-stat: circuitNumber2PropagationsThatFoundConflict=635
%%%mzn-stat: circuitNumber2TotalFixedEdgesAtConflict=57949
%%%mzn-stat: circuitNumber2NumberOfConflicts=635
%%%mzn-stat: circuitNumber2PropagationsThatPruned=631
%%%mzn-stat: circuitNumber2PropagationsTotal=4521
%%%mzn-stat: AverageConflictSize=49.4765625
%%%mzn-stat: NumUnitNogoodsLearned=0
%%%mzn-stat: AverageLearnedNogoodLength=61.447916666666664
%%%mzn-stat: AverageBacktrackAmount=0
%%%mzn-stat: AverageLbd=37.99609375
%%%mzn-stat: 2AutonomousSearchNumBackupCalled=23763
%%%mzn-stat: 2AutonomousSearchNumPredicatesRemoved=0
%%%mzn-stat: 2AutonomousSearchNumCalls=23788
%%%mzn-stat: 2AutonomousSearchNumPredicatesAdded=10275
%%%mzn-stat: 2AutonomousSearchAverageSizeOfHeap=2.07545821422566
%%%mzn-stat: 2AutonomousSearchNumAssignedPredicatesEncountered=49371
%%%mzn-stat-end
maxleg = 197;
succ = array1d(1..100,[7, 12, 4, 11, 14, 22, 24, 21, 29, 19, 17, 27, 15, 51, 26, 28, 32, 13, 34, 18, 42, 20, 30, 5, 6, 33, 72, 62, 55, 47, 68, 16, 41, 36, 10, 59, 39, 25, 1, 3, 37, 48, 67, 61, 35, 50, 63, 64, 60, 54, 85, 38, 76, 57, 66, 2, 65, 71, 93, 73, 9, 45, 70, 98, 86, 100, 52, 95, 43, 97, 81, 83, 82, 40, 78, 91, 80, 90, 89, 23, 77, 92, 84, 87, 75, 88, 99, 44, 96, 94, 74, 46, 56, 53, 79, 69, 31, 49, 8, 58]);
% time elapsed: 5.87 s
----------
%%%mzn-stat: initTime=0.022006431
%%%mzn-stat: objective=196
%%%mzn-stat: nodes=27711
%%%mzn-stat: restarts=0
%%%mzn-stat: peakDepth=1154
%%%mzn-stat: solveTime=1.255256619
%%%mzn-stat: variables=1770
%%%mzn-stat: propagators=1414
%%%mzn-stat: failures=772
%%%mzn-stat: propagations=106006
%%%mzn-stat: nogoods=772
%%%mzn-stat: numAtomicConstraintsPropagated=0
%%%mzn-stat: allDifferentNumber1PropagationsTotal=8228
%%%mzn-stat: allDifferentNumber1PropagationsThatFoundConflict=27
%%%mzn-stat: allDifferentNumber1PropagationsThatPruned=4619
%%%mzn-stat: allDifferentNumber1TotalValuesPruned=21650
%%%mzn-stat: allDifferentNumber1TotalHallSetSizeConflict=244
%%%mzn-stat: allDifferentNumber1NumberOfConflicts=27
%%%mzn-stat: allDifferentNumber1MaxHallSetSizeConflict=21
%%%mzn-stat: allDifferentNumber1TotalPruningHallSetSize=72807
%%%mzn-stat: allDifferentNumber1NumberOfPruningExplanations=21650
%%%mzn-stat: allDifferentNumber1MaxPruningHallSetSize=77
%%%mzn-stat: allDifferentNumber1TotalFixedEdgesAtConflict=2102
%%%mzn-stat: allDifferentNumber1TotalVarsInvolvedInPruning=18752
%%%mzn-stat: allDifferentNumber1MaxValuesPrunedFromSingleVar=8
%%%mzn-stat: allDifferentNumber1TotalSccSizeAtPruning=19621
%%%mzn-stat: allDifferentNumber1NumberOfSccPruningCalls=4619
%%%mzn-stat: circuitNumber2PropagationsThatFoundConflict=639
%%%mzn-stat: circuitNumber2TotalFixedEdgesAtConflict=58251
%%%mzn-stat: circuitNumber2NumberOfConflicts=639
%%%mzn-stat: circuitNumber2PropagationsThatPruned=645
%%%mzn-stat: circuitNumber2PropagationsTotal=4637
%%%mzn-stat: AverageConflictSize=49.24611398963731
%%%mzn-stat: NumUnitNogoodsLearned=0
%%%mzn-stat: AverageLearnedNogoodLength=61.347150259067355
%%%mzn-stat: AverageBacktrackAmount=0
%%%mzn-stat: AverageLbd=37.86010362694301
%%%mzn-stat: 2AutonomousSearchNumBackupCalled=24582
%%%mzn-stat: 2AutonomousSearchNumPredicatesRemoved=0
%%%mzn-stat: 2AutonomousSearchNumCalls=24608
%%%mzn-stat: 2AutonomousSearchNumPredicatesAdded=10723
%%%mzn-stat: 2AutonomousSearchAverageSizeOfHeap=2.1625894018205463
%%%mzn-stat: 2AutonomousSearchNumAssignedPredicatesEncountered=53217
%%%mzn-stat-end
maxleg = 196;
succ = array1d(1..100,[7, 12, 4, 11, 14, 22, 24, 21, 29, 19, 17, 27, 15, 51, 26, 28, 32, 13, 34, 18, 42, 20, 30, 5, 6, 33, 72, 62, 55, 47, 68, 16, 41, 36, 10, 59, 39, 25, 1, 3, 37, 48, 67, 61, 35, 50, 63, 64, 60, 54, 85, 38, 76, 57, 66, 70, 65, 71, 93, 73, 9, 45, 80, 98, 86, 100, 69, 95, 79, 8, 81, 83, 82, 40, 78, 91, 23, 90, 97, 96, 77, 92, 84, 56, 75, 88, 2, 44, 43, 94, 74, 46, 99, 53, 52, 89, 31, 49, 87, 58]);
% time elapsed: 5.90 s
----------
%%%mzn-stat: initTime=0.022006431
%%%mzn-stat: objective=195
%%%mzn-stat: nodes=28590
%%%mzn-stat: restarts=0
%%%mzn-stat: peakDepth=1154
%%%mzn-stat: solveTime=1.273817352
%%%mzn-stat: variables=1770
%%%mzn-stat: propagators=1414
%%%mzn-stat: failures=772
%%%mzn-stat: propagations=108575
%%%mzn-stat: nogoods=772
%%%mzn-stat: numAtomicConstraintsPropagated=0
%%%mzn-stat: allDifferentNumber1PropagationsTotal=8372
%%%mzn-stat: allDifferentNumber1PropagationsThatFoundConflict=27
%%%mzn-stat: allDifferentNumber1PropagationsThatPruned=4695
%%%mzn-stat: allDifferentNumber1TotalValuesPruned=22114
%%%mzn-stat: allDifferentNumber1TotalHallSetSizeConflict=244
%%%mzn-stat: allDifferentNumber1NumberOfConflicts=27
%%%mzn-stat: allDifferentNumber1MaxHallSetSizeConflict=21
%%%mzn-stat: allDifferentNumber1TotalPruningHallSetSize=75334
%%%mzn-stat: allDifferentNumber1NumberOfPruningExplanations=22114
%%%mzn-stat: allDifferentNumber1MaxPruningHallSetSize=77
%%%mzn-stat: allDifferentNumber1TotalFixedEdgesAtConflict=2102
%%%mzn-stat: allDifferentNumber1TotalVarsInvolvedInPruning=19149
%%%mzn-stat: allDifferentNumber1MaxValuesPrunedFromSingleVar=8
%%%mzn-stat: allDifferentNumber1TotalSccSizeAtPruning=20156
%%%mzn-stat: allDifferentNumber1NumberOfSccPruningCalls=4695
%%%mzn-stat: circuitNumber2PropagationsThatFoundConflict=639
%%%mzn-stat: circuitNumber2TotalFixedEdgesAtConflict=58251
%%%mzn-stat: circuitNumber2NumberOfConflicts=639
%%%mzn-stat: circuitNumber2PropagationsThatPruned=653
%%%mzn-stat: circuitNumber2PropagationsTotal=4714
%%%mzn-stat: AverageConflictSize=49.24611398963731
%%%mzn-stat: NumUnitNogoodsLearned=0
%%%mzn-stat: AverageLearnedNogoodLength=61.347150259067355
%%%mzn-stat: AverageBacktrackAmount=0
%%%mzn-stat: AverageLbd=37.86010362694301
%%%mzn-stat: 2AutonomousSearchNumBackupCalled=25397
%%%mzn-stat: 2AutonomousSearchNumPredicatesRemoved=0
%%%mzn-stat: 2AutonomousSearchNumCalls=25424
%%%mzn-stat: 2AutonomousSearchNumPredicatesAdded=10723
%%%mzn-stat: 2AutonomousSearchAverageSizeOfHeap=2.2444540591567024
%%%mzn-stat: 2AutonomousSearchNumAssignedPredicatesEncountered=57063
%%%mzn-stat-end
maxleg = 195;
succ = array1d(1..100,[7, 12, 4, 11, 14, 22, 24, 21, 29, 19, 17, 27, 15, 51, 26, 28, 32, 13, 34, 18, 42, 20, 30, 5, 38, 33, 72, 62, 55, 47, 68, 16, 41, 36, 10, 59, 39, 6, 1, 3, 37, 48, 25, 61, 35, 50, 63, 64, 60, 54, 85, 67, 76, 57, 66, 70, 65, 71, 93, 73, 9, 45, 80, 98, 86, 100, 43, 95, 79, 8, 81, 83, 82, 40, 78, 91, 23, 90, 97, 96, 77, 92, 84, 56, 75, 88, 2, 44, 69, 94, 74, 46, 99, 53, 52, 89, 31, 49, 87, 58]);
% time elapsed: 5.92 s
----------
%%%mzn-stat: initTime=0.022006431
%%%mzn-stat: objective=194
%%%mzn-stat: nodes=29478
%%%mzn-stat: restarts=0
%%%mzn-stat: peakDepth=1154
%%%mzn-stat: solveTime=1.295663551
%%%mzn-stat: variables=1770
%%%mzn-stat: propagators=1414
%%%mzn-stat: failures=774
%%%mzn-stat: propagations=111398
%%%mzn-stat: nogoods=774
%%%mzn-stat: numAtomicConstraintsPropagated=0
%%%mzn-stat: allDifferentNumber1PropagationsTotal=8546
%%%mzn-stat: allDifferentNumber1PropagationsThatFoundConflict=27
%%%mzn-stat: allDifferentNumber1PropagationsThatPruned=4790
%%%mzn-stat: allDifferentNumber1TotalValuesPruned=22675
%%%mzn-stat: allDifferentNumber1TotalHallSetSizeConflict=244
%%%mzn-stat: allDifferentNumber1NumberOfConflicts=27
%%%mzn-stat: allDifferentNumber1MaxHallSetSizeConflict=21
%%%mzn-stat: allDifferentNumber1TotalPruningHallSetSize=78735
%%%mzn-stat: allDifferentNumber1NumberOfPruningExplanations=22675
%%%mzn-stat: allDifferentNumber1MaxPruningHallSetSize=77
%%%mzn-stat: allDifferentNumber1TotalFixedEdgesAtConflict=2102
%%%mzn-stat: allDifferentNumber1TotalVarsInvolvedInPruning=19617
%%%mzn-stat: allDifferentNumber1MaxValuesPrunedFromSingleVar=8
%%%mzn-stat: allDifferentNumber1TotalSccSizeAtPruning=20827
%%%mzn-stat: allDifferentNumber1NumberOfSccPruningCalls=4790
%%%mzn-stat: circuitNumber2PropagationsThatFoundConflict=641
%%%mzn-stat: circuitNumber2TotalFixedEdgesAtConflict=58384
%%%mzn-stat: circuitNumber2NumberOfConflicts=641
%%%mzn-stat: circuitNumber2PropagationsThatPruned=666
%%%mzn-stat: circuitNumber2PropagationsTotal=4810
%%%mzn-stat: AverageConflictSize=49.13178294573643
%%%mzn-stat: NumUnitNogoodsLearned=0
%%%mzn-stat: AverageLearnedNogoodLength=61.366925064599485
%%%mzn-stat: AverageBacktrackAmount=0
%%%mzn-stat: AverageLbd=37.8062015503876
%%%mzn-stat: 2AutonomousSearchNumBackupCalled=26209
%%%mzn-stat: 2AutonomousSearchNumPredicatesRemoved=0
%%%mzn-stat: 2AutonomousSearchNumCalls=26237
%%%mzn-stat: 2AutonomousSearchNumPredicatesAdded=10858
%%%mzn-stat: 2AutonomousSearchAverageSizeOfHeap=2.322026146281968
%%%mzn-stat: 2AutonomousSearchNumAssignedPredicatesEncountered=60923
%%%mzn-stat-end
maxleg = 194;
succ = array1d(1..100,[7, 12, 4, 11, 14, 22, 24, 21, 29, 34, 17, 27, 15, 51, 26, 28, 19, 13, 35, 18, 42, 20, 30, 5, 38, 33, 72, 32, 55, 47, 68, 3, 41, 36, 59, 84, 39, 6, 1, 45, 37, 48, 25, 61, 62, 50, 63, 64, 60, 54, 85, 67, 76, 57, 66, 70, 65, 71, 10, 16, 9, 49, 80, 98, 86, 100, 43, 95, 79, 8, 81, 83, 82, 40, 78, 91, 23, 90, 97, 96, 77, 92, 87, 2, 75, 88, 99, 44, 69, 94, 74, 46, 56, 53, 52, 89, 31, 73, 93, 58]);
% time elapsed: 5.95 s
----------
%%%mzn-stat: initTime=0.022006431
%%%mzn-stat: objective=190
%%%mzn-stat: nodes=30355
%%%mzn-stat: restarts=0
%%%mzn-stat: peakDepth=1154
%%%mzn-stat: solveTime=1.314650539
%%%mzn-stat: variables=1770
%%%mzn-stat: propagators=1414
%%%mzn-stat: failures=774
%%%mzn-stat: propagations=114036
%%%mzn-stat: nogoods=774
%%%mzn-stat: numAtomicConstraintsPropagated=0
%%%mzn-stat: allDifferentNumber1PropagationsTotal=8686
%%%mzn-stat: allDifferentNumber1PropagationsThatFoundConflict=27
%%%mzn-stat: allDifferentNumber1PropagationsThatPruned=4865
%%%mzn-stat: allDifferentNumber1TotalValuesPruned=23128
%%%mzn-stat: allDifferentNumber1TotalHallSetSizeConflict=244
%%%mzn-stat: allDifferentNumber1NumberOfConflicts=27
%%%mzn-stat: allDifferentNumber1MaxHallSetSizeConflict=21
%%%mzn-stat: allDifferentNumber1TotalPruningHallSetSize=81319
%%%mzn-stat: allDifferentNumber1NumberOfPruningExplanations=23128
%%%mzn-stat: allDifferentNumber1MaxPruningHallSetSize=77
%%%mzn-stat: allDifferentNumber1TotalFixedEdgesAtConflict=2102
%%%mzn-stat: allDifferentNumber1TotalVarsInvolvedInPruning=20012
%%%mzn-stat: allDifferentNumber1MaxValuesPrunedFromSingleVar=8
%%%mzn-stat: allDifferentNumber1TotalSccSizeAtPruning=21387
%%%mzn-stat: allDifferentNumber1NumberOfSccPruningCalls=4865
%%%mzn-stat: circuitNumber2PropagationsThatFoundConflict=641
%%%mzn-stat: circuitNumber2TotalFixedEdgesAtConflict=58384
%%%mzn-stat: circuitNumber2NumberOfConflicts=641
%%%mzn-stat: circuitNumber2PropagationsThatPruned=673
%%%mzn-stat: circuitNumber2PropagationsTotal=4886
%%%mzn-stat: AverageConflictSize=49.13178294573643
%%%mzn-stat: NumUnitNogoodsLearned=0
%%%mzn-stat: AverageLearnedNogoodLength=61.366925064599485
%%%mzn-stat: AverageBacktrackAmount=0
%%%mzn-stat: AverageLbd=37.8062015503876
%%%mzn-stat: 2AutonomousSearchNumBackupCalled=27022
%%%mzn-stat: 2AutonomousSearchNumPredicatesRemoved=0
%%%mzn-stat: 2AutonomousSearchNumCalls=27051
%%%mzn-stat: 2AutonomousSearchNumPredicatesAdded=10858
%%%mzn-stat: 2AutonomousSearchAverageSizeOfHeap=2.394846770914199
%%%mzn-stat: 2AutonomousSearchNumAssignedPredicatesEncountered=64783
%%%mzn-stat-end
maxleg = 190;
succ = array1d(1..100,[7, 12, 4, 11, 14, 22, 24, 21, 29, 34, 17, 27, 15, 51, 26, 28, 19, 13, 35, 18, 42, 20, 30, 5, 38, 33, 72, 32, 55, 47, 95, 3, 41, 36, 59, 84, 39, 6, 1, 45, 37, 48, 25, 61, 62, 50, 63, 64, 60, 54, 85, 67, 76, 57, 66, 2, 65, 71, 10, 16, 9, 49, 70, 98, 86, 100, 43, 97, 52, 56, 81, 83, 82, 40, 78, 91, 80, 90, 96, 23, 77, 92, 87, 93, 75, 88, 99, 44, 69, 94, 74, 46, 8, 53, 79, 89, 31, 73, 68, 58]);
% time elapsed: 5.97 s
----------
%%%mzn-stat: initTime=0.022006431
%%%mzn-stat: objective=189
%%%mzn-stat: nodes=31230
%%%mzn-stat: restarts=0
%%%mzn-stat: peakDepth=1154
%%%mzn-stat: solveTime=1.333286016
%%%mzn-stat: variables=1770
%%%mzn-stat: propagators=1414
%%%mzn-stat: failures=774
%%%mzn-stat: propagations=116661
%%%mzn-stat: nogoods=774
%%%mzn-stat: numAtomicConstraintsPropagated=0
%%%mzn-stat: allDifferentNumber1PropagationsTotal=8828
%%%mzn-stat: allDifferentNumber1PropagationsThatFoundConflict=27
%%%mzn-stat: allDifferentNumber1PropagationsThatPruned=4941
%%%mzn-stat: allDifferentNumber1TotalValuesPruned=23583
%%%mzn-stat: allDifferentNumber1TotalHallSetSizeConflict=244
%%%mzn-stat: allDifferentNumber1NumberOfConflicts=27
%%%mzn-stat: allDifferentNumber1MaxHallSetSizeConflict=21
%%%mzn-stat: allDifferentNumber1TotalPruningHallSetSize=83864
%%%mzn-stat: allDifferentNumber1NumberOfPruningExplanations=23583
%%%mzn-stat: allDifferentNumber1MaxPruningHallSetSize=77
%%%mzn-stat: allDifferentNumber1TotalFixedEdgesAtConflict=2102
%%%mzn-stat: allDifferentNumber1TotalVarsInvolvedInPruning=20405
%%%mzn-stat: allDifferentNumber1MaxValuesPrunedFromSingleVar=8
%%%mzn-stat: allDifferentNumber1TotalSccSizeAtPruning=21971
%%%mzn-stat: allDifferentNumber1NumberOfSccPruningCalls=4941
%%%mzn-stat: circuitNumber2PropagationsThatFoundConflict=641
%%%mzn-stat: circuitNumber2TotalFixedEdgesAtConflict=58384
%%%mzn-stat: circuitNumber2NumberOfConflicts=641
%%%mzn-stat: circuitNumber2PropagationsThatPruned=680
%%%mzn-stat: circuitNumber2PropagationsTotal=4962
%%%mzn-stat: AverageConflictSize=49.13178294573643
%%%mzn-stat: NumUnitNogoodsLearned=0
%%%mzn-stat: AverageLearnedNogoodLength=61.366925064599485
%%%mzn-stat: AverageBacktrackAmount=0
%%%mzn-stat: AverageLbd=37.8062015503876
%%%mzn-stat: 2AutonomousSearchNumBackupCalled=27835
%%%mzn-stat: 2AutonomousSearchNumPredicatesRemoved=0
%%%mzn-stat: 2AutonomousSearchNumCalls=27865
%%%mzn-stat: 2AutonomousSearchNumPredicatesAdded=10858
%%%mzn-stat: 2AutonomousSearchAverageSizeOfHeap=2.463412883545667
%%%mzn-stat: 2AutonomousSearchNumAssignedPredicatesEncountered=68643
%%%mzn-stat-end
maxleg = 189;
succ = array1d(1..100,[7, 12, 4, 11, 14, 22, 24, 21, 29, 34, 17, 27, 15, 51, 26, 28, 19, 13, 35, 18, 42, 20, 30, 5, 38, 33, 72, 32, 55, 47, 95, 3, 41, 36, 59, 84, 39, 6, 1, 45, 37, 48, 25, 61, 62, 50, 63, 64, 60, 54, 85, 67, 76, 57, 66, 2, 65, 71, 10, 16, 9, 49, 70, 98, 86, 100, 43, 97, 52, 68, 81, 83, 82, 40, 78, 91, 80, 90, 96, 23, 77, 92, 87, 56, 75, 88, 99, 44, 69, 94, 74, 46, 8, 53, 79, 89, 31, 73, 93, 58]);
% time elapsed: 6.00 s
----------
%%%mzn-stat: initTime=0.022006431
%%%mzn-stat: objective=186
%%%mzn-stat: nodes=32063
%%%mzn-stat: restarts=0
%%%mzn-stat: peakDepth=1154
%%%mzn-stat: solveTime=1.351021136
%%%mzn-stat: variables=1770
%%%mzn-stat: propagators=1414
%%%mzn-stat: failures=774
%%%mzn-stat: propagations=119331
%%%mzn-stat: nogoods=774
%%%mzn-stat: numAtomicConstraintsPropagated=0
%%%mzn-stat: allDifferentNumber1PropagationsTotal=8974
%%%mzn-stat: allDifferentNumber1PropagationsThatFoundConflict=27
%%%mzn-stat: allDifferentNumber1PropagationsThatPruned=5020
%%%mzn-stat: allDifferentNumber1TotalValuesPruned=24029
%%%mzn-stat: allDifferentNumber1TotalHallSetSizeConflict=244
%%%mzn-stat: allDifferentNumber1NumberOfConflicts=27
%%%mzn-stat: allDifferentNumber1MaxHallSetSizeConflict=21
%%%mzn-stat: allDifferentNumber1TotalPruningHallSetSize=86101
%%%mzn-stat: allDifferentNumber1NumberOfPruningExplanations=24029
%%%mzn-stat: allDifferentNumber1MaxPruningHallSetSize=77
%%%mzn-stat: allDifferentNumber1TotalFixedEdgesAtConflict=2102
%%%mzn-stat: allDifferentNumber1TotalVarsInvolvedInPruning=20803
%%%mzn-stat: allDifferentNumber1MaxValuesPrunedFromSingleVar=8
%%%mzn-stat: allDifferentNumber1TotalSccSizeAtPruning=22535
%%%mzn-stat: allDifferentNumber1NumberOfSccPruningCalls=5020
%%%mzn-stat: circuitNumber2PropagationsThatFoundConflict=641
%%%mzn-stat: circuitNumber2TotalFixedEdgesAtConflict=58384
%%%mzn-stat: circuitNumber2NumberOfConflicts=641
%%%mzn-stat: circuitNumber2PropagationsThatPruned=688
%%%mzn-stat: circuitNumber2PropagationsTotal=5040
%%%mzn-stat: AverageConflictSize=49.13178294573643
%%%mzn-stat: NumUnitNogoodsLearned=0
%%%mzn-stat: AverageLearnedNogoodLength=61.366925064599485
%%%mzn-stat: AverageBacktrackAmount=0
%%%mzn-stat: AverageLbd=37.8062015503876
%%%mzn-stat: 2AutonomousSearchNumBackupCalled=28604
%%%mzn-stat: 2AutonomousSearchNumPredicatesRemoved=0
%%%mzn-stat: 2AutonomousSearchNumCalls=28635
%%%mzn-stat: 2AutonomousSearchNumPredicatesAdded=10858
%%%mzn-stat: 2AutonomousSearchAverageSizeOfHeap=2.5319713637157326
%%%mzn-stat: 2AutonomousSearchNumAssignedPredicatesEncountered=72503
%%%mzn-stat-end
maxleg = 186;
succ = array1d(1..100,[7, 12, 4, 11, 14, 22, 24, 21, 29, 34, 17, 27, 15, 51, 26, 28, 32, 13, 35, 18, 42, 20, 30, 5, 38, 33, 72, 62, 55, 47, 95, 16, 41, 36, 59, 84, 39, 6, 1, 3, 37, 48, 25, 61, 19, 50, 63, 64, 60, 54, 85, 67, 76, 57, 66, 2, 65, 71, 10, 94, 9, 45, 70, 98, 86, 100, 43, 97, 52, 68, 81, 83, 82, 40, 78, 91, 80, 90, 96, 23, 77, 92, 87, 56, 75, 88, 99, 44, 69, 49, 74, 46, 8, 53, 79, 89, 31, 73, 93, 58]);
% time elapsed: 6.02 s
----------
%%%mzn-stat: initTime=0.022006431
%%%mzn-stat: objective=185
%%%mzn-stat: nodes=32894
%%%mzn-stat: restarts=0
%%%mzn-stat: peakDepth=1154
%%%mzn-stat: solveTime=1.368310525
%%%mzn-stat: variables=1770
%%%mzn-stat: propagators=1414
%%%mzn-stat: failures=774
%%%mzn-stat: propagations=121954
%%%mzn-stat: nogoods=774
%%%mzn-stat: numAtomicConstraintsPropagated=0
%%%mzn-stat: allDifferentNumber1PropagationsTotal=9118
%%%mzn-stat: allDifferentNumber1PropagationsThatFoundConflict=27
%%%mzn-stat: allDifferentNumber1PropagationsThatPruned=5097
%%%mzn-stat: allDifferentNumber1TotalValuesPruned=24461
%%%mzn-stat: allDifferentNumber1TotalHallSetSizeConflict=244
%%%mzn-stat: allDifferentNumber1NumberOfConflicts=27
%%%mzn-stat: allDifferentNumber1MaxHallSetSizeConflict=21
%%%mzn-stat: allDifferentNumber1TotalPruningHallSetSize=88546
%%%mzn-stat: allDifferentNumber1NumberOfPruningExplanations=24461
%%%mzn-stat: allDifferentNumber1MaxPruningHallSetSize=94
%%%mzn-stat: allDifferentNumber1TotalFixedEdgesAtConflict=2102
%%%mzn-stat: allDifferentNumber1TotalVarsInvolvedInPruning=21187
%%%mzn-stat: allDifferentNumber1MaxValuesPrunedFromSingleVar=8
%%%mzn-stat: allDifferentNumber1TotalSccSizeAtPruning=23116
%%%mzn-stat: allDifferentNumber1NumberOfSccPruningCalls=5097
%%%mzn-stat: circuitNumber2PropagationsThatFoundConflict=641
%%%mzn-stat: circuitNumber2TotalFixedEdgesAtConflict=58384
%%%mzn-stat: circuitNumber2NumberOfConflicts=641
%%%mzn-stat: circuitNumber2PropagationsThatPruned=694
%%%mzn-stat: circuitNumber2PropagationsTotal=5116
%%%mzn-stat: AverageConflictSize=49.13178294573643
%%%mzn-stat: NumUnitNogoodsLearned=0
%%%mzn-stat: AverageLearnedNogoodLength=61.366925064599485
%%%mzn-stat: AverageBacktrackAmount=0
%%%mzn-stat: AverageLbd=37.8062015503876
%%%mzn-stat: 2AutonomousSearchNumBackupCalled=29372
%%%mzn-stat: 2AutonomousSearchNumPredicatesRemoved=0
%%%mzn-stat: 2AutonomousSearchNumCalls=29404
%%%mzn-stat: 2AutonomousSearchNumPredicatesAdded=10858
%%%mzn-stat: 2AutonomousSearchAverageSizeOfHeap=2.5970276152904366
%%%mzn-stat: 2AutonomousSearchNumAssignedPredicatesEncountered=76363
%%%mzn-stat-end
maxleg = 185;
succ = array1d(1..100,[7, 12, 4, 11, 14, 22, 24, 21, 29, 34, 85, 27, 15, 51, 26, 28, 3, 13, 35, 18, 42, 20, 30, 5, 38, 33, 72, 32, 55, 47, 95, 17, 41, 36, 59, 84, 39, 6, 1, 19, 37, 48, 25, 61, 40, 50, 63, 64, 60, 54, 16, 67, 76, 57, 66, 2, 65, 71, 10, 94, 9, 45, 70, 98, 86, 100, 43, 97, 52, 68, 81, 83, 82, 62, 78, 91, 80, 90, 96, 23, 77, 92, 87, 56, 75, 88, 99, 44, 69, 49, 74, 46, 8, 53, 79, 89, 31, 73, 93, 58]);
% time elapsed: 6.04 s
----------
%%%mzn-stat: initTime=0.022006431
%%%mzn-stat: objective=183
%%%mzn-stat: nodes=33718
%%%mzn-stat: restarts=0
%%%mzn-stat: peakDepth=1154
%%%mzn-stat: solveTime=1.389796805
%%%mzn-stat: variables=1770
%%%mzn-stat: propagators=1414
%%%mzn-stat: failures=776
%%%mzn-stat: propagations=124875
%%%mzn-stat: nogoods=776
%%%mzn-stat: numAtomicConstraintsPropagated=0
%%%mzn-stat: allDifferentNumber1PropagationsTotal=9286
%%%mzn-stat: allDifferentNumber1PropagationsThatFoundConflict=27
%%%mzn-stat: allDifferentNumber1PropagationsThatPruned=5186
%%%mzn-stat: allDifferentNumber1TotalValuesPruned=24989
%%%mzn-stat: allDifferentNumber1TotalHallSetSizeConflict=244
%%%mzn-stat: allDifferentNumber1NumberOfConflicts=27
%%%mzn-stat: allDifferentNumber1MaxHallSetSizeConflict=21
%%%mzn-stat: allDifferentNumber1TotalPruningHallSetSize=91680
%%%mzn-stat: allDifferentNumber1NumberOfPruningExplanations=24989
%%%mzn-stat: allDifferentNumber1MaxPruningHallSetSize=94
%%%mzn-stat: allDifferentNumber1TotalFixedEdgesAtConflict=2102
%%%mzn-stat: allDifferentNumber1TotalVarsInvolvedInPruning=21642
%%%mzn-stat: allDifferentNumber1MaxValuesPrunedFromSingleVar=9
%%%mzn-stat: allDifferentNumber1TotalSccSizeAtPruning=23905
%%%mzn-stat: allDifferentNumber1NumberOfSccPruningCalls=5186
%%%mzn-stat: circuitNumber2PropagationsThatFoundConflict=643
%%%mzn-stat: circuitNumber2TotalFixedEdgesAtConflict=58506
%%%mzn-stat: circuitNumber2NumberOfConflicts=643
%%%mzn-stat: circuitNumber2PropagationsThatPruned=703
%%%mzn-stat: circuitNumber2PropagationsTotal=5206
%%%mzn-stat: AverageConflictSize=49.02319587628866
%%%mzn-stat: NumUnitNogoodsLearned=0
%%%mzn-stat: AverageLearnedNogoodLength=61.329896907216494
%%%mzn-stat: AverageBacktrackAmount=0
%%%mzn-stat: AverageLbd=37.74226804123711
%%%mzn-stat: 2AutonomousSearchNumBackupCalled=30124
%%%mzn-stat: 2AutonomousSearchNumPredicatesRemoved=0
%%%mzn-stat: 2AutonomousSearchNumCalls=30157
%%%mzn-stat: 2AutonomousSearchNumPredicatesAdded=11389
%%%mzn-stat: 2AutonomousSearchAverageSizeOfHeap=2.668965745929635
%%%mzn-stat: 2AutonomousSearchNumAssignedPredicatesEncountered=80488
%%%mzn-stat-end
maxleg = 183;
succ = array1d(1..100,[7, 12, 4, 11, 14, 22, 24, 21, 29, 34, 85, 27, 15, 51, 26, 28, 3, 13, 35, 18, 42, 20, 30, 5, 38, 33, 72, 32, 55, 47, 95, 17, 41, 36, 59, 84, 39, 6, 1, 19, 37, 48, 25, 88, 40, 50, 63, 64, 60, 54, 16, 97, 76, 57, 61, 2, 65, 71, 10, 73, 44, 45, 80, 98, 86, 9, 43, 70, 52, 8, 100, 83, 94, 62, 78, 91, 23, 90, 67, 96, 58, 77, 87, 93, 75, 92, 99, 46, 69, 49, 74, 82, 56, 53, 79, 89, 31, 81, 68, 66]);
% time elapsed: 6.06 s
----------
%%%mzn-stat: initTime=0.022006431
%%%mzn-stat: objective=182
%%%mzn-stat: nodes=34541
%%%mzn-stat: restarts=0
%%%mzn-stat: peakDepth=1154
%%%mzn-stat: solveTime=1.409901323
%%%mzn-stat: variables=1770
%%%mzn-stat: propagators=1414
%%%mzn-stat: failures=777
%%%mzn-stat: propagations=127500
%%%mzn-stat: nogoods=777
%%%mzn-stat: numAtomicConstraintsPropagated=0
%%%mzn-stat: allDifferentNumber1PropagationsTotal=9427
%%%mzn-stat: allDifferentNumber1PropagationsThatFoundConflict=27
%%%mzn-stat: allDifferentNumber1PropagationsThatPruned=5261
%%%mzn-stat: allDifferentNumber1TotalValuesPruned=25447
%%%mzn-stat: allDifferentNumber1TotalHallSetSizeConflict=244
%%%mzn-stat: allDifferentNumber1NumberOfConflicts=27
%%%mzn-stat: allDifferentNumber1MaxHallSetSizeConflict=21
%%%mzn-stat: allDifferentNumber1TotalPruningHallSetSize=95277
%%%mzn-stat: allDifferentNumber1NumberOfPruningExplanations=25447
%%%mzn-stat: allDifferentNumber1MaxPruningHallSetSize=94
%%%mzn-stat: allDifferentNumber1TotalFixedEdgesAtConflict=2102
%%%mzn-stat: allDifferentNumber1TotalVarsInvolvedInPruning=22031
%%%mzn-stat: allDifferentNumber1MaxValuesPrunedFromSingleVar=9
%%%mzn-stat: allDifferentNumber1TotalSccSizeAtPruning=24552
%%%mzn-stat: allDifferentNumber1NumberOfSccPruningCalls=5261
%%%mzn-stat: circuitNumber2PropagationsThatFoundConflict=644
%%%mzn-stat: circuitNumber2TotalFixedEdgesAtConflict=58531
%%%mzn-stat: circuitNumber2NumberOfConflicts=644
%%%mzn-stat: circuitNumber2PropagationsThatPruned=712
%%%mzn-stat: circuitNumber2PropagationsTotal=5281
%%%mzn-stat: AverageConflictSize=48.962676962676966
%%%mzn-stat: NumUnitNogoodsLearned=0
%%%mzn-stat: AverageLearnedNogoodLength=61.3963963963964
%%%mzn-stat: AverageBacktrackAmount=0
%%%mzn-stat: AverageLbd=37.714285714285715
%%%mzn-stat: 2AutonomousSearchNumBackupCalled=30886
%%%mzn-stat: 2AutonomousSearchNumPredicatesRemoved=0
%%%mzn-stat: 2AutonomousSearchNumCalls=30920
%%%mzn-stat: 2AutonomousSearchNumPredicatesAdded=11616
%%%mzn-stat: 2AutonomousSearchAverageSizeOfHeap=2.741009055627426
%%%mzn-stat: 2AutonomousSearchNumAssignedPredicatesEncountered=84752
%%%mzn-stat-end
maxleg = 182;
succ = array1d(1..100,[7, 12, 4, 11, 14, 22, 24, 21, 29, 34, 85, 27, 15, 51, 26, 28, 3, 13, 35, 18, 48, 20, 30, 5, 38, 33, 72, 32, 55, 47, 95, 17, 41, 36, 59, 84, 39, 6, 1, 19, 37, 10, 25, 61, 40, 50, 77, 42, 60, 54, 16, 97, 76, 57, 66, 2, 65, 71, 93, 64, 9, 45, 80, 98, 86, 100, 43, 70, 52, 23, 73, 83, 94, 62, 78, 91, 63, 90, 67, 96, 82, 92, 87, 56, 75, 88, 99, 44, 69, 49, 74, 46, 8, 53, 79, 89, 31, 81, 68, 58]);
% time elapsed: 6.09 s
----------
==========
% time elapsed: 6.10 s
%%%mzn-stat: initTime=0.022006431
%%%mzn-stat: objective=182
%%%mzn-stat: nodes=34541
%%%mzn-stat: restarts=0
%%%mzn-stat: peakDepth=1154
%%%mzn-stat: solveTime=1.4125466580000001
%%%mzn-stat: variables=1770
%%%mzn-stat: propagators=1414
%%%mzn-stat: failures=778
%%%mzn-stat: propagations=128022
%%%mzn-stat: nogoods=778
%%%mzn-stat: numAtomicConstraintsPropagated=0
%%%mzn-stat: allDifferentNumber1PropagationsTotal=9428
%%%mzn-stat: allDifferentNumber1PropagationsThatFoundConflict=27
%%%mzn-stat: allDifferentNumber1PropagationsThatPruned=5262
%%%mzn-stat: allDifferentNumber1TotalValuesPruned=25457
%%%mzn-stat: allDifferentNumber1TotalHallSetSizeConflict=244
%%%mzn-stat: allDifferentNumber1NumberOfConflicts=27
%%%mzn-stat: allDifferentNumber1MaxHallSetSizeConflict=21
%%%mzn-stat: allDifferentNumber1TotalPruningHallSetSize=95777
%%%mzn-stat: allDifferentNumber1NumberOfPruningExplanations=25457
%%%mzn-stat: allDifferentNumber1MaxPruningHallSetSize=99
%%%mzn-stat: allDifferentNumber1TotalFixedEdgesAtConflict=2102
%%%mzn-stat: allDifferentNumber1TotalVarsInvolvedInPruning=22037
%%%mzn-stat: allDifferentNumber1MaxValuesPrunedFromSingleVar=9
%%%mzn-stat: allDifferentNumber1TotalSccSizeAtPruning=24749
%%%mzn-stat: allDifferentNumber1NumberOfSccPruningCalls=5262
%%%mzn-stat: circuitNumber2PropagationsThatFoundConflict=645
%%%mzn-stat: circuitNumber2TotalFixedEdgesAtConflict=58533
%%%mzn-stat: circuitNumber2NumberOfConflicts=645
%%%mzn-stat: circuitNumber2PropagationsThatPruned=712
%%%mzn-stat: circuitNumber2PropagationsTotal=5282
%%%mzn-stat: AverageConflictSize=48.90231362467866
%%%mzn-stat: NumUnitNogoodsLearned=1
%%%mzn-stat: AverageLearnedNogoodLength=61.318766066838045
%%%mzn-stat: AverageBacktrackAmount=0
%%%mzn-stat: AverageLbd=37.667095115681235
%%%mzn-stat: 2AutonomousSearchNumBackupCalled=30886
%%%mzn-stat: 2AutonomousSearchNumPredicatesRemoved=0
%%%mzn-stat: 2AutonomousSearchNumCalls=30920
%%%mzn-stat: 2AutonomousSearchNumPredicatesAdded=12827
%%%mzn-stat: 2AutonomousSearchAverageSizeOfHeap=2.741009055627426
%%%mzn-stat: 2AutonomousSearchNumAssignedPredicatesEncountered=84752
%%%mzn-stat-end
