% Logging successfully configured
%%%mzn-stat: initTime=0.016876909
%%%mzn-stat: objective=515
%%%mzn-stat: nodes=172
%%%mzn-stat: restarts=0
%%%mzn-stat: peakDepth=170
%%%mzn-stat: solveTime=0.000375343
%%%mzn-stat: variables=380
%%%mzn-stat: propagators=450
%%%mzn-stat: failures=2
%%%mzn-stat: propagations=1628
%%%mzn-stat: nogoods=2
%%%mzn-stat: numAtomicConstraintsPropagated=0
%%%mzn-stat: circuitNumber191PropagationsThatFoundConflict=0
%%%mzn-stat: circuitNumber191TotalFixedEdgesAtConflict=0
%%%mzn-stat: circuitNumber191NumberOfConflicts=0
%%%mzn-stat: circuitNumber191PropagationsThatPruned=2
%%%mzn-stat: circuitNumber191PropagationsTotal=17
%%%mzn-stat: AverageConflictSize=2
%%%mzn-stat: NumUnitNogoodsLearned=0
%%%mzn-stat: AverageLearnedNogoodLength=9
%%%mzn-stat: AverageBacktrackAmount=0
%%%mzn-stat: AverageLbd=4.5
%%%mzn-stat: 2AutonomousSearchNumBackupCalled=156
%%%mzn-stat: 2AutonomousSearchNumPredicatesRemoved=0
%%%mzn-stat: 2AutonomousSearchNumCalls=157
%%%mzn-stat: 2AutonomousSearchNumPredicatesAdded=96
%%%mzn-stat: 2AutonomousSearchAverageSizeOfHeap=0.6114649681528662
%%%mzn-stat: 2AutonomousSearchNumAssignedPredicatesEncountered=96
%%%mzn-stat-end
maxleg = 515;
succ = array1d(1..20,[2, 7, 1, 5, 3, 8, 11, 14, 6, 4, 12, 18, 9, 17, 13, 10, 16, 19, 20, 15]);
% time elapsed: 6.12 s
----------
%%%mzn-stat: initTime=0.016876909
%%%mzn-stat: objective=506
%%%mzn-stat: nodes=331
%%%mzn-stat: restarts=0
%%%mzn-stat: peakDepth=170
%%%mzn-stat: solveTime=0.000562607
%%%mzn-stat: variables=380
%%%mzn-stat: propagators=450
%%%mzn-stat: failures=3
%%%mzn-stat: propagations=2506
%%%mzn-stat: nogoods=3
%%%mzn-stat: numAtomicConstraintsPropagated=0
%%%mzn-stat: circuitNumber191PropagationsThatFoundConflict=1
%%%mzn-stat: circuitNumber191TotalFixedEdgesAtConflict=10
%%%mzn-stat: circuitNumber191NumberOfConflicts=1
%%%mzn-stat: circuitNumber191PropagationsThatPruned=4
%%%mzn-stat: circuitNumber191PropagationsTotal=32
%%%mzn-stat: AverageConflictSize=2
%%%mzn-stat: NumUnitNogoodsLearned=0
%%%mzn-stat: AverageLearnedNogoodLength=7
%%%mzn-stat: AverageBacktrackAmount=0
%%%mzn-stat: AverageLbd=3.6666666666666665
%%%mzn-stat: 2AutonomousSearchNumBackupCalled=301
%%%mzn-stat: 2AutonomousSearchNumPredicatesRemoved=0
%%%mzn-stat: 2AutonomousSearchNumCalls=303
%%%mzn-stat: 2AutonomousSearchNumPredicatesAdded=108
%%%mzn-stat: 2AutonomousSearchAverageSizeOfHeap=0.6732673267326733
%%%mzn-stat: 2AutonomousSearchNumAssignedPredicatesEncountered=204
%%%mzn-stat-end
maxleg = 506;
succ = array1d(1..20,[2, 7, 1, 5, 10, 3, 8, 16, 6, 11, 9, 4, 15, 13, 20, 17, 14, 12, 18, 19]);
% time elapsed: 6.12 s
----------
%%%mzn-stat: initTime=0.016876909
%%%mzn-stat: objective=471
%%%mzn-stat: nodes=482
%%%mzn-stat: restarts=0
%%%mzn-stat: peakDepth=170
%%%mzn-stat: solveTime=0.00074157
%%%mzn-stat: variables=380
%%%mzn-stat: propagators=450
%%%mzn-stat: failures=3
%%%mzn-stat: propagations=3323
%%%mzn-stat: nogoods=3
%%%mzn-stat: numAtomicConstraintsPropagated=0
%%%mzn-stat: circuitNumber191PropagationsThatFoundConflict=1
%%%mzn-stat: circuitNumber191TotalFixedEdgesAtConflict=10
%%%mzn-stat: circuitNumber191NumberOfConflicts=1
%%%mzn-stat: circuitNumber191PropagationsThatPruned=7
%%%mzn-stat: circuitNumber191PropagationsTotal=45
%%%mzn-stat: AverageConflictSize=2
%%%mzn-stat: NumUnitNogoodsLearned=0
%%%mzn-stat: AverageLearnedNogoodLength=7
%%%mzn-stat: AverageBacktrackAmount=0
%%%mzn-stat: AverageLbd=3.6666666666666665
%%%mzn-stat: 2AutonomousSearchNumBackupCalled=441
%%%mzn-stat: 2AutonomousSearchNumPredicatesRemoved=0
%%%mzn-stat: 2AutonomousSearchNumCalls=444
%%%mzn-stat: 2AutonomousSearchNumPredicatesAdded=108
%%%mzn-stat: 2AutonomousSearchAverageSizeOfHeap=0.7027027027027027
%%%mzn-stat: 2AutonomousSearchNumAssignedPredicatesEncountered=312
%%%mzn-stat-end
maxleg = 471;
succ = array1d(1..20,[2, 7, 1, 5, 10, 3, 8, 16, 6, 11, 9, 4, 15, 13, 20, 17, 14, 19, 12, 18]);
% time elapsed: 6.12 s
----------
%%%mzn-stat: initTime=0.016876909
%%%mzn-stat: objective=455
%%%mzn-stat: nodes=722
%%%mzn-stat: restarts=0
%%%mzn-stat: peakDepth=170
%%%mzn-stat: solveTime=0.007695765
%%%mzn-stat: variables=380
%%%mzn-stat: propagators=450
%%%mzn-stat: failures=94
%%%mzn-stat: propagations=16793
%%%mzn-stat: nogoods=94
%%%mzn-stat: numAtomicConstraintsPropagated=0
%%%mzn-stat: circuitNumber191PropagationsThatFoundConflict=41
%%%mzn-stat: circuitNumber191TotalFixedEdgesAtConflict=646
%%%mzn-stat: circuitNumber191NumberOfConflicts=41
%%%mzn-stat: circuitNumber191PropagationsThatPruned=84
%%%mzn-stat: circuitNumber191PropagationsTotal=243
%%%mzn-stat: AverageConflictSize=6.0638297872340425
%%%mzn-stat: NumUnitNogoodsLearned=0
%%%mzn-stat: AverageLearnedNogoodLength=17.20212765957447
%%%mzn-stat: AverageBacktrackAmount=0
%%%mzn-stat: AverageLbd=7.840425531914893
%%%mzn-stat: 2AutonomousSearchNumBackupCalled=576
%%%mzn-stat: 2AutonomousSearchNumPredicatesRemoved=0
%%%mzn-stat: 2AutonomousSearchNumCalls=580
%%%mzn-stat: 2AutonomousSearchNumPredicatesAdded=519
%%%mzn-stat: 2AutonomousSearchAverageSizeOfHeap=1.2913793103448277
%%%mzn-stat: 2AutonomousSearchNumAssignedPredicatesEncountered=749
%%%mzn-stat-end
maxleg = 455;
succ = array1d(1..20,[2, 7, 1, 5, 10, 9, 8, 6, 11, 16, 12, 4, 15, 13, 20, 17, 14, 3, 18, 19]);
% time elapsed: 6.12 s
----------
%%%mzn-stat: initTime=0.016876909
%%%mzn-stat: objective=443
%%%mzn-stat: nodes=864
%%%mzn-stat: restarts=0
%%%mzn-stat: peakDepth=170
%%%mzn-stat: solveTime=0.007975398
%%%mzn-stat: variables=380
%%%mzn-stat: propagators=450
%%%mzn-stat: failures=94
%%%mzn-stat: propagations=17632
%%%mzn-stat: nogoods=94
%%%mzn-stat: numAtomicConstraintsPropagated=0
%%%mzn-stat: circuitNumber191PropagationsThatFoundConflict=41
%%%mzn-stat: circuitNumber191TotalFixedEdgesAtConflict=646
%%%mzn-stat: circuitNumber191NumberOfConflicts=41
%%%mzn-stat: circuitNumber191PropagationsThatPruned=87
%%%mzn-stat: circuitNumber191PropagationsTotal=256
%%%mzn-stat: AverageConflictSize=6.0638297872340425
%%%mzn-stat: NumUnitNogoodsLearned=0
%%%mzn-stat: AverageLearnedNogoodLength=17.20212765957447
%%%mzn-stat: AverageBacktrackAmount=0
%%%mzn-stat: AverageLbd=7.840425531914893
%%%mzn-stat: 2AutonomousSearchNumBackupCalled=707
%%%mzn-stat: 2AutonomousSearchNumPredicatesRemoved=0
%%%mzn-stat: 2AutonomousSearchNumCalls=712
%%%mzn-stat: 2AutonomousSearchNumPredicatesAdded=519
%%%mzn-stat: 2AutonomousSearchAverageSizeOfHeap=1.6657303370786516
%%%mzn-stat: 2AutonomousSearchNumAssignedPredicatesEncountered=1186
%%%mzn-stat-end
maxleg = 443;
succ = array1d(1..20,[2, 7, 1, 5, 10, 9, 8, 6, 11, 16, 12, 4, 15, 13, 20, 17, 14, 19, 3, 18]);
% time elapsed: 6.12 s
----------
%%%mzn-stat: initTime=0.016876909
%%%mzn-stat: objective=427
%%%mzn-stat: nodes=2816
%%%mzn-stat: restarts=0
%%%mzn-stat: peakDepth=170
%%%mzn-stat: solveTime=0.166574795
%%%mzn-stat: variables=380
%%%mzn-stat: propagators=450
%%%mzn-stat: failures=1888
%%%mzn-stat: propagations=249492
%%%mzn-stat: nogoods=1888
%%%mzn-stat: numAtomicConstraintsPropagated=0
%%%mzn-stat: circuitNumber191PropagationsThatFoundConflict=970
%%%mzn-stat: circuitNumber191TotalFixedEdgesAtConflict=15864
%%%mzn-stat: circuitNumber191NumberOfConflicts=970
%%%mzn-stat: circuitNumber191PropagationsThatPruned=773
%%%mzn-stat: circuitNumber191PropagationsTotal=3278
%%%mzn-stat: AverageConflictSize=11.278601694915254
%%%mzn-stat: NumUnitNogoodsLearned=0
%%%mzn-stat: AverageLearnedNogoodLength=25.911016949152543
%%%mzn-stat: AverageBacktrackAmount=0
%%%mzn-stat: AverageLbd=7.959216101694915
%%%mzn-stat: 2AutonomousSearchNumBackupCalled=822
%%%mzn-stat: 2AutonomousSearchNumPredicatesRemoved=0
%%%mzn-stat: 2AutonomousSearchNumCalls=828
%%%mzn-stat: 2AutonomousSearchNumPredicatesAdded=1105
%%%mzn-stat: 2AutonomousSearchAverageSizeOfHeap=2.2222222222222223
%%%mzn-stat: 2AutonomousSearchNumAssignedPredicatesEncountered=1840
%%%mzn-stat-end
maxleg = 427;
succ = array1d(1..20,[2, 7, 6, 5, 10, 9, 8, 16, 11, 1, 12, 4, 15, 13, 20, 17, 14, 19, 3, 18]);
% time elapsed: 6.20 s
----------
%%%mzn-stat: initTime=0.016876909
%%%mzn-stat: objective=388
%%%mzn-stat: nodes=3020
%%%mzn-stat: restarts=0
%%%mzn-stat: peakDepth=170
%%%mzn-stat: solveTime=0.172993228
%%%mzn-stat: variables=380
%%%mzn-stat: propagators=450
%%%mzn-stat: failures=1958
%%%mzn-stat: propagations=259694
%%%mzn-stat: nogoods=1958
%%%mzn-stat: numAtomicConstraintsPropagated=0
%%%mzn-stat: circuitNumber191PropagationsThatFoundConflict=1002
%%%mzn-stat: circuitNumber191TotalFixedEdgesAtConflict=16393
%%%mzn-stat: circuitNumber191NumberOfConflicts=1002
%%%mzn-stat: circuitNumber191PropagationsThatPruned=817
%%%mzn-stat: circuitNumber191PropagationsTotal=3410
%%%mzn-stat: AverageConflictSize=11.208886618998978
%%%mzn-stat: NumUnitNogoodsLearned=0
%%%mzn-stat: AverageLearnedNogoodLength=25.890194075587335
%%%mzn-stat: AverageBacktrackAmount=0
%%%mzn-stat: AverageLbd=7.980592441266599
%%%mzn-stat: 2AutonomousSearchNumBackupCalled=938
%%%mzn-stat: 2AutonomousSearchNumPredicatesRemoved=0
%%%mzn-stat: 2AutonomousSearchNumCalls=945
%%%mzn-stat: 2AutonomousSearchNumPredicatesAdded=1520
%%%mzn-stat: 2AutonomousSearchAverageSizeOfHeap=2.6476190476190475
%%%mzn-stat: 2AutonomousSearchNumAssignedPredicatesEncountered=2502
%%%mzn-stat-end
maxleg = 388;
succ = array1d(1..20,[2, 7, 6, 5, 10, 11, 8, 16, 13, 1, 12, 4, 15, 9, 20, 17, 14, 19, 3, 18]);
% time elapsed: 6.21 s
----------
==========
% time elapsed: 268.22 s
%%%mzn-stat: initTime=0.016876909
%%%mzn-stat: objective=388
%%%mzn-stat: nodes=1925000
%%%mzn-stat: restarts=0
%%%mzn-stat: peakDepth=170
%%%mzn-stat: solveTime=262.188177089
%%%mzn-stat: variables=380
%%%mzn-stat: propagators=450
%%%mzn-stat: failures=1908901
%%%mzn-stat: propagations=278247646
%%%mzn-stat: nogoods=1908901
%%%mzn-stat: numAtomicConstraintsPropagated=0
%%%mzn-stat: circuitNumber191PropagationsThatFoundConflict=1366925
%%%mzn-stat: circuitNumber191TotalFixedEdgesAtConflict=23496397
%%%mzn-stat: circuitNumber191NumberOfConflicts=1366925
%%%mzn-stat: circuitNumber191PropagationsThatPruned=575646
%%%mzn-stat: circuitNumber191PropagationsTotal=3370268
%%%mzn-stat: AverageConflictSize=14.856128211992136
%%%mzn-stat: NumUnitNogoodsLearned=1
%%%mzn-stat: AverageLearnedNogoodLength=23.438162062883304
%%%mzn-stat: AverageBacktrackAmount=0
%%%mzn-stat: AverageLbd=8.146502097280058
%%%mzn-stat: 2AutonomousSearchNumBackupCalled=938
%%%mzn-stat: 2AutonomousSearchNumPredicatesRemoved=0
%%%mzn-stat: 2AutonomousSearchNumCalls=945
%%%mzn-stat: 2AutonomousSearchNumPredicatesAdded=2419
%%%mzn-stat: 2AutonomousSearchAverageSizeOfHeap=2.6476190476190475
%%%mzn-stat: 2AutonomousSearchNumAssignedPredicatesEncountered=2502
%%%mzn-stat-end
