%%%mzn-stat: initTime=0.048059084
%%%mzn-stat: objective=487
%%%mzn-stat: nodes=37594
%%%mzn-stat: restarts=12
%%%mzn-stat: peakDepth=1294
%%%mzn-stat: solveTime=9.975006062
%%%mzn-stat: variables=2531
%%%mzn-stat: propagators=7043
%%%mzn-stat: failures=24617
%%%mzn-stat: propagations=12320567
%%%mzn-stat: nogoods=24617
%%%mzn-stat: AverageConflictSize=19.465572571799974
%%%mzn-stat: NumUnitNogoodsLearned=168
%%%mzn-stat: AverageLearnedNogoodLength=79.02465775683471
%%%mzn-stat: AverageBacktrackAmount=0
%%%mzn-stat: AverageLbd=19.720965186659626
%%%mzn-stat-end
maxleg = 487;
succ = array1d(1..100,[44, 15, 68, 60, 62, 38, 56, 52, 85, 18, 28, 100, 78, 95, 22, 93, 71, 73, 72, 64, 14, 66, 20, 77, 76, 35, 37, 17, 10, 16, 11, 70, 47, 84, 31, 69, 25, 50, 81, 45, 89, 91, 30, 94, 3, 79, 7, 92, 88, 57, 6, 58, 12, 9, 23, 1, 98, 54, 61, 63, 29, 43, 46, 34, 48, 40, 87, 21, 83, 86, 24, 42, 51, 75, 2, 32, 99, 26, 90, 27, 74, 8, 59, 33, 39, 67, 41, 36, 65, 96, 80, 49, 53, 82, 19, 13, 55, 4, 5, 97]);
% time elapsed: 14.17 s
----------
%%%mzn-stat: initTime=0.048059084
%%%mzn-stat: objective=470
%%%mzn-stat: nodes=79052
%%%mzn-stat: restarts=13
%%%mzn-stat: peakDepth=1658
%%%mzn-stat: solveTime=23.627638904
%%%mzn-stat: variables=2531
%%%mzn-stat: propagators=7043
%%%mzn-stat: failures=53284
%%%mzn-stat: propagations=25040712
%%%mzn-stat: nogoods=53284
%%%mzn-stat: AverageConflictSize=29.431198858944523
%%%mzn-stat: NumUnitNogoodsLearned=168
%%%mzn-stat: AverageLearnedNogoodLength=95.91657908565423
%%%mzn-stat: AverageBacktrackAmount=0
%%%mzn-stat: AverageLbd=16.211620749193003
%%%mzn-stat-end
maxleg = 470;
succ = array1d(1..100,[44, 15, 68, 60, 62, 38, 56, 52, 85, 18, 28, 100, 78, 95, 22, 93, 71, 73, 72, 64, 14, 66, 20, 77, 76, 35, 37, 17, 10, 16, 11, 70, 47, 84, 31, 69, 25, 50, 81, 45, 89, 91, 30, 94, 3, 79, 7, 92, 88, 57, 6, 58, 12, 9, 23, 1, 98, 54, 61, 63, 29, 43, 46, 34, 48, 40, 87, 21, 83, 86, 24, 42, 51, 75, 2, 32, 99, 26, 90, 27, 74, 8, 59, 33, 39, 67, 41, 36, 65, 96, 80, 49, 53, 82, 19, 13, 55, 4, 5, 97]);
% time elapsed: 27.81 s
----------
%%%mzn-stat: initTime=0.048059084
%%%mzn-stat: objective=469
%%%mzn-stat: nodes=83065
%%%mzn-stat: restarts=14
%%%mzn-stat: peakDepth=1658
%%%mzn-stat: solveTime=24.196609807
%%%mzn-stat: variables=2531
%%%mzn-stat: propagators=7043
%%%mzn-stat: failures=54901
%%%mzn-stat: propagations=26184564
%%%mzn-stat: nogoods=54901
%%%mzn-stat: AverageConflictSize=28.975373854756743
%%%mzn-stat: NumUnitNogoodsLearned=168
%%%mzn-stat: AverageLearnedNogoodLength=94.35778947560154
%%%mzn-stat: AverageBacktrackAmount=0
%%%mzn-stat: AverageLbd=16.16316642684104
%%%mzn-stat-end
maxleg = 469;
succ = array1d(1..100,[44, 15, 68, 60, 62, 38, 56, 52, 85, 18, 28, 100, 78, 95, 22, 93, 71, 73, 72, 64, 14, 66, 20, 77, 76, 35, 37, 17, 10, 16, 11, 70, 47, 84, 31, 69, 25, 50, 81, 45, 89, 91, 30, 94, 3, 79, 7, 92, 88, 57, 6, 58, 12, 9, 23, 1, 98, 54, 61, 63, 29, 43, 46, 34, 48, 40, 87, 21, 83, 86, 24, 42, 51, 75, 2, 32, 99, 26, 90, 27, 74, 8, 59, 33, 39, 67, 41, 36, 65, 96, 80, 49, 53, 82, 19, 13, 55, 4, 5, 97]);
% time elapsed: 28.39 s
----------
%%%mzn-stat: initTime=0.048059084
%%%mzn-stat: objective=464
%%%mzn-stat: nodes=85208
%%%mzn-stat: restarts=15
%%%mzn-stat: peakDepth=1658
%%%mzn-stat: solveTime=24.396350469
%%%mzn-stat: variables=2531
%%%mzn-stat: propagators=7043
%%%mzn-stat: failures=55177
%%%mzn-stat: propagations=26328492
%%%mzn-stat: nogoods=55177
%%%mzn-stat: AverageConflictSize=29.07724232923138
%%%mzn-stat: NumUnitNogoodsLearned=168
%%%mzn-stat: AverageLearnedNogoodLength=94.58054986679232
%%%mzn-stat: AverageBacktrackAmount=0
%%%mzn-stat: AverageLbd=16.16474255577505
%%%mzn-stat-end
maxleg = 464;
succ = array1d(1..100,[44, 15, 68, 60, 62, 38, 56, 52, 85, 18, 28, 100, 78, 95, 22, 93, 71, 73, 72, 64, 14, 66, 20, 77, 76, 35, 37, 17, 10, 16, 11, 70, 47, 84, 31, 69, 25, 50, 81, 45, 89, 91, 30, 94, 3, 79, 7, 92, 88, 57, 6, 58, 12, 9, 23, 1, 98, 54, 61, 63, 29, 43, 46, 34, 48, 40, 87, 21, 83, 86, 24, 42, 51, 75, 2, 32, 99, 26, 90, 27, 74, 8, 59, 33, 39, 67, 41, 36, 65, 96, 80, 49, 53, 82, 19, 13, 55, 4, 5, 97]);
% time elapsed: 28.59 s
----------
%%%mzn-stat: initTime=0.048059084
%%%mzn-stat: objective=414
%%%mzn-stat: nodes=89007
%%%mzn-stat: restarts=16
%%%mzn-stat: peakDepth=1658
%%%mzn-stat: solveTime=24.818622601
%%%mzn-stat: variables=2531
%%%mzn-stat: propagators=7043
%%%mzn-stat: failures=56613
%%%mzn-stat: propagations=27021345
%%%mzn-stat: nogoods=56613
%%%mzn-stat: AverageConflictSize=28.633529401374243
%%%mzn-stat: NumUnitNogoodsLearned=168
%%%mzn-stat: AverageLearnedNogoodLength=93.4496140462438
%%%mzn-stat: AverageBacktrackAmount=0
%%%mzn-stat: AverageLbd=16.150866408775368
%%%mzn-stat-end
maxleg = 414;
succ = array1d(1..100,[44, 15, 68, 60, 62, 38, 56, 52, 85, 18, 28, 100, 78, 95, 22, 93, 71, 73, 72, 64, 14, 66, 20, 77, 76, 35, 37, 17, 10, 16, 11, 70, 47, 84, 31, 69, 25, 50, 81, 45, 89, 91, 30, 94, 3, 79, 7, 92, 88, 57, 6, 58, 12, 9, 23, 1, 98, 54, 61, 63, 29, 43, 46, 34, 48, 40, 87, 21, 83, 86, 24, 42, 51, 75, 2, 32, 99, 26, 90, 27, 74, 8, 59, 33, 39, 67, 41, 36, 65, 96, 80, 49, 53, 82, 19, 13, 55, 4, 5, 97]);
% time elapsed: 29.03 s
----------
%%%mzn-stat: initTime=0.048059084
%%%mzn-stat: objective=410
%%%mzn-stat: nodes=111026
%%%mzn-stat: restarts=17
%%%mzn-stat: peakDepth=1658
%%%mzn-stat: solveTime=31.610359979000002
%%%mzn-stat: variables=2531
%%%mzn-stat: propagators=7043
%%%mzn-stat: failures=72491
%%%mzn-stat: propagations=33987458
%%%mzn-stat: nogoods=72491
%%%mzn-stat: AverageConflictSize=27.167800140707122
%%%mzn-stat: NumUnitNogoodsLearned=168
%%%mzn-stat: AverageLearnedNogoodLength=89.77250969085817
%%%mzn-stat: AverageBacktrackAmount=0
%%%mzn-stat: AverageLbd=15.666662068394697
%%%mzn-stat-end
maxleg = 410;
succ = array1d(1..100,[44, 15, 68, 60, 62, 38, 56, 52, 85, 18, 28, 100, 78, 95, 22, 93, 71, 73, 72, 64, 14, 66, 20, 77, 76, 35, 37, 17, 10, 16, 11, 70, 47, 84, 31, 69, 25, 50, 81, 45, 89, 91, 30, 94, 3, 79, 7, 92, 88, 57, 6, 58, 12, 9, 23, 1, 98, 54, 61, 63, 29, 43, 46, 34, 48, 40, 87, 21, 83, 86, 24, 42, 51, 75, 2, 32, 99, 26, 90, 27, 74, 8, 59, 33, 39, 67, 41, 36, 65, 96, 80, 49, 53, 82, 19, 13, 55, 4, 5, 97]);
% time elapsed: 35.82 s
----------
%%%mzn-stat: initTime=0.048059084
%%%mzn-stat: objective=408
%%%mzn-stat: nodes=113364
%%%mzn-stat: restarts=18
%%%mzn-stat: peakDepth=1658
%%%mzn-stat: solveTime=31.732597592
%%%mzn-stat: variables=2531
%%%mzn-stat: propagators=7043
%%%mzn-stat: failures=72861
%%%mzn-stat: propagations=34206976
%%%mzn-stat: nogoods=72861
%%%mzn-stat: AverageConflictSize=27.100053526578005
%%%mzn-stat: NumUnitNogoodsLearned=168
%%%mzn-stat: AverageLearnedNogoodLength=89.58084571993247
%%%mzn-stat: AverageBacktrackAmount=0
%%%mzn-stat: AverageLbd=15.665184392198844
%%%mzn-stat-end
maxleg = 408;
succ = array1d(1..100,[44, 15, 68, 60, 62, 38, 56, 52, 85, 18, 28, 100, 78, 95, 22, 93, 71, 73, 72, 64, 14, 66, 20, 77, 76, 35, 37, 17, 10, 16, 11, 70, 47, 84, 31, 69, 25, 50, 81, 45, 89, 91, 30, 94, 3, 79, 7, 92, 88, 57, 6, 58, 12, 9, 23, 1, 98, 54, 61, 63, 29, 43, 46, 34, 48, 40, 87, 21, 83, 86, 24, 42, 51, 75, 2, 32, 99, 26, 90, 27, 74, 8, 59, 33, 39, 67, 41, 36, 65, 96, 80, 49, 53, 82, 19, 13, 55, 4, 5, 97]);
% time elapsed: 35.95 s
----------
%%%mzn-stat: initTime=0.048059084
%%%mzn-stat: objective=404
%%%mzn-stat: nodes=115222
%%%mzn-stat: restarts=19
%%%mzn-stat: peakDepth=1658
%%%mzn-stat: solveTime=31.776583111
%%%mzn-stat: variables=2531
%%%mzn-stat: propagators=7043
%%%mzn-stat: failures=72914
%%%mzn-stat: propagations=34246833
%%%mzn-stat: nogoods=72914
%%%mzn-stat: AverageConflictSize=27.09841731354747
%%%mzn-stat: NumUnitNogoodsLearned=168
%%%mzn-stat: AverageLearnedNogoodLength=89.58013550209836
%%%mzn-stat: AverageBacktrackAmount=0
%%%mzn-stat: AverageLbd=15.667594700606193
%%%mzn-stat-end
maxleg = 404;
succ = array1d(1..100,[44, 15, 68, 60, 62, 38, 56, 52, 85, 18, 28, 100, 78, 95, 22, 93, 71, 73, 72, 64, 14, 66, 20, 77, 76, 35, 37, 17, 10, 16, 11, 70, 47, 84, 31, 69, 25, 50, 81, 45, 89, 91, 30, 94, 3, 79, 7, 92, 88, 57, 6, 58, 12, 9, 23, 1, 98, 54, 61, 63, 29, 43, 46, 34, 48, 40, 87, 21, 83, 86, 24, 42, 51, 75, 2, 32, 99, 26, 90, 27, 74, 8, 59, 33, 39, 67, 41, 36, 65, 96, 80, 49, 53, 82, 19, 13, 55, 4, 5, 97]);
% time elapsed: 36.00 s
----------
%%%mzn-stat: initTime=0.048059084
%%%mzn-stat: objective=402
%%%mzn-stat: nodes=117131
%%%mzn-stat: restarts=20
%%%mzn-stat: peakDepth=1658
%%%mzn-stat: solveTime=31.829296413
%%%mzn-stat: variables=2531
%%%mzn-stat: propagators=7043
%%%mzn-stat: failures=72997
%%%mzn-stat: propagations=34348333
%%%mzn-stat: nogoods=72997
%%%mzn-stat: AverageConflictSize=27.078592270915244
%%%mzn-stat: NumUnitNogoodsLearned=168
%%%mzn-stat: AverageLearnedNogoodLength=89.52670657698262
%%%mzn-stat: AverageBacktrackAmount=0
%%%mzn-stat: AverageLbd=15.668780908804472
%%%mzn-stat-end
maxleg = 402;
succ = array1d(1..100,[44, 15, 68, 60, 62, 38, 56, 52, 85, 18, 28, 100, 78, 95, 22, 93, 71, 73, 72, 64, 14, 66, 20, 77, 76, 35, 37, 17, 10, 16, 11, 70, 47, 84, 31, 69, 25, 50, 81, 45, 89, 91, 30, 94, 3, 79, 7, 92, 88, 57, 6, 58, 12, 9, 23, 1, 98, 54, 61, 63, 29, 43, 46, 34, 48, 40, 87, 21, 83, 86, 24, 42, 51, 75, 2, 32, 99, 26, 90, 27, 74, 8, 59, 33, 39, 67, 41, 36, 65, 96, 80, 49, 53, 82, 19, 13, 55, 4, 5, 97]);
% time elapsed: 36.06 s
----------
%%%mzn-stat: initTime=0.048059084
%%%mzn-stat: objective=401
%%%mzn-stat: nodes=120597
%%%mzn-stat: restarts=21
%%%mzn-stat: peakDepth=1658
%%%mzn-stat: solveTime=32.399478731
%%%mzn-stat: variables=2531
%%%mzn-stat: propagators=7043
%%%mzn-stat: failures=74358
%%%mzn-stat: propagations=35251915
%%%mzn-stat: nogoods=74358
%%%mzn-stat: AverageConflictSize=26.79941633717959
%%%mzn-stat: NumUnitNogoodsLearned=168
%%%mzn-stat: AverageLearnedNogoodLength=88.93029667285296
%%%mzn-stat: AverageBacktrackAmount=0
%%%mzn-stat: AverageLbd=15.662107641410474
%%%mzn-stat-end
maxleg = 401;
succ = array1d(1..100,[44, 15, 68, 60, 62, 38, 56, 52, 85, 18, 28, 100, 78, 95, 22, 93, 71, 73, 72, 64, 14, 66, 20, 77, 76, 35, 37, 17, 10, 16, 11, 70, 47, 84, 31, 69, 25, 50, 81, 45, 89, 91, 30, 94, 3, 79, 7, 92, 88, 57, 6, 58, 12, 9, 23, 1, 98, 54, 61, 63, 29, 43, 46, 34, 48, 40, 87, 21, 83, 86, 24, 42, 51, 75, 2, 32, 99, 26, 90, 27, 74, 8, 59, 33, 39, 67, 41, 36, 65, 96, 80, 49, 53, 82, 19, 13, 55, 4, 5, 97]);
% time elapsed: 36.64 s
----------
%%%mzn-stat: initTime=0.048059084
%%%mzn-stat: objective=396
%%%mzn-stat: nodes=122889
%%%mzn-stat: restarts=22
%%%mzn-stat: peakDepth=1658
%%%mzn-stat: solveTime=32.503920035
%%%mzn-stat: variables=2531
%%%mzn-stat: propagators=7043
%%%mzn-stat: failures=74655
%%%mzn-stat: propagations=35505851
%%%mzn-stat: nogoods=74655
%%%mzn-stat: AverageConflictSize=26.714084790034157
%%%mzn-stat: NumUnitNogoodsLearned=168
%%%mzn-stat: AverageLearnedNogoodLength=88.70831156653942
%%%mzn-stat: AverageBacktrackAmount=0
%%%mzn-stat: AverageLbd=15.65666063893912
%%%mzn-stat-end
maxleg = 396;
succ = array1d(1..100,[44, 15, 68, 60, 62, 38, 56, 52, 85, 18, 28, 100, 78, 95, 22, 93, 71, 73, 72, 64, 14, 66, 20, 77, 76, 35, 37, 17, 10, 16, 11, 70, 47, 84, 31, 69, 25, 50, 81, 45, 89, 91, 30, 94, 3, 79, 7, 92, 88, 57, 6, 58, 12, 9, 23, 1, 98, 54, 61, 63, 29, 43, 46, 34, 48, 40, 87, 21, 83, 86, 24, 42, 51, 75, 2, 32, 99, 26, 90, 27, 74, 8, 59, 33, 39, 67, 41, 36, 65, 96, 80, 49, 53, 82, 19, 13, 55, 4, 5, 97]);
% time elapsed: 36.75 s
----------
%%%mzn-stat: initTime=0.048059084
%%%mzn-stat: objective=390
%%%mzn-stat: nodes=125535
%%%mzn-stat: restarts=23
%%%mzn-stat: peakDepth=1658
%%%mzn-stat: solveTime=32.738419338
%%%mzn-stat: variables=2531
%%%mzn-stat: propagators=7043
%%%mzn-stat: failures=75237
%%%mzn-stat: propagations=35871503
%%%mzn-stat: nogoods=75237
%%%mzn-stat: AverageConflictSize=26.588008559618274
%%%mzn-stat: NumUnitNogoodsLearned=168
%%%mzn-stat: AverageLearnedNogoodLength=88.42246501056661
%%%mzn-stat: AverageBacktrackAmount=0
%%%mzn-stat: AverageLbd=15.643792283052221
%%%mzn-stat-end
maxleg = 390;
succ = array1d(1..100,[44, 15, 68, 60, 62, 38, 56, 52, 85, 18, 28, 100, 78, 95, 22, 93, 71, 73, 72, 64, 14, 66, 20, 77, 76, 35, 37, 17, 10, 16, 11, 70, 47, 84, 31, 69, 25, 50, 81, 45, 89, 91, 30, 94, 3, 79, 7, 92, 88, 57, 6, 58, 12, 9, 23, 1, 98, 54, 61, 63, 29, 43, 46, 34, 48, 40, 87, 21, 83, 86, 24, 42, 51, 75, 2, 32, 99, 26, 90, 27, 74, 8, 59, 33, 39, 67, 41, 36, 65, 96, 80, 49, 53, 82, 19, 13, 55, 4, 5, 97]);
% time elapsed: 36.99 s
----------
%%%mzn-stat: initTime=0.048059084
%%%mzn-stat: objective=389
%%%mzn-stat: nodes=127440
%%%mzn-stat: restarts=24
%%%mzn-stat: peakDepth=1658
%%%mzn-stat: solveTime=32.789869931
%%%mzn-stat: variables=2531
%%%mzn-stat: propagators=7043
%%%mzn-stat: failures=75321
%%%mzn-stat: propagations=35971785
%%%mzn-stat: nogoods=75321
%%%mzn-stat: AverageConflictSize=26.56783632718631
%%%mzn-stat: NumUnitNogoodsLearned=168
%%%mzn-stat: AverageLearnedNogoodLength=88.37775653536198
%%%mzn-stat: AverageBacktrackAmount=0
%%%mzn-stat: AverageLbd=15.645158720675509
%%%mzn-stat-end
maxleg = 389;
succ = array1d(1..100,[44, 15, 68, 60, 62, 38, 56, 52, 85, 18, 28, 100, 78, 95, 22, 93, 71, 73, 72, 64, 14, 66, 20, 77, 76, 35, 37, 17, 10, 16, 11, 70, 47, 84, 31, 69, 25, 50, 81, 45, 89, 91, 30, 94, 3, 79, 7, 92, 88, 57, 6, 58, 12, 9, 23, 1, 98, 54, 61, 63, 29, 43, 46, 34, 48, 40, 87, 21, 83, 86, 24, 42, 51, 75, 2, 32, 99, 26, 90, 27, 74, 8, 59, 33, 39, 67, 41, 36, 65, 96, 80, 49, 53, 82, 19, 13, 55, 4, 5, 97]);
% time elapsed: 37.05 s
----------
%%%mzn-stat: initTime=0.048059084
%%%mzn-stat: objective=387
%%%mzn-stat: nodes=130977
%%%mzn-stat: restarts=25
%%%mzn-stat: peakDepth=1658
%%%mzn-stat: solveTime=33.273601393
%%%mzn-stat: variables=2531
%%%mzn-stat: propagators=7043
%%%mzn-stat: failures=76650
%%%mzn-stat: propagations=36763050
%%%mzn-stat: nogoods=76650
%%%mzn-stat: AverageConflictSize=26.320691454664058
%%%mzn-stat: NumUnitNogoodsLearned=168
%%%mzn-stat: AverageLearnedNogoodLength=87.74262230919766
%%%mzn-stat: AverageBacktrackAmount=0
%%%mzn-stat: AverageLbd=15.630671885192433
%%%mzn-stat-end
maxleg = 387;
succ = array1d(1..100,[44, 15, 68, 60, 62, 38, 56, 52, 85, 18, 28, 100, 78, 95, 22, 93, 71, 73, 72, 64, 14, 66, 20, 77, 76, 35, 37, 17, 10, 16, 11, 70, 47, 84, 31, 69, 25, 50, 81, 45, 89, 91, 30, 94, 3, 79, 7, 92, 88, 57, 6, 58, 12, 9, 23, 1, 98, 54, 61, 63, 29, 43, 46, 34, 48, 40, 87, 21, 83, 86, 24, 42, 51, 75, 2, 32, 99, 26, 90, 27, 74, 8, 59, 33, 39, 67, 41, 36, 65, 96, 80, 49, 53, 82, 19, 13, 55, 4, 5, 97]);
% time elapsed: 37.54 s
----------
%%%mzn-stat: initTime=0.048059084
%%%mzn-stat: objective=386
%%%mzn-stat: nodes=135745
%%%mzn-stat: restarts=26
%%%mzn-stat: peakDepth=1658
%%%mzn-stat: solveTime=33.860151636
%%%mzn-stat: variables=2531
%%%mzn-stat: propagators=7043
%%%mzn-stat: failures=78693
%%%mzn-stat: propagations=37920783
%%%mzn-stat: nogoods=78693
%%%mzn-stat: AverageConflictSize=25.94761922915634
%%%mzn-stat: NumUnitNogoodsLearned=168
%%%mzn-stat: AverageLearnedNogoodLength=86.45976135107315
%%%mzn-stat: AverageBacktrackAmount=0
%%%mzn-stat: AverageLbd=15.569796551154486
%%%mzn-stat-end
maxleg = 386;
succ = array1d(1..100,[44, 15, 68, 60, 62, 38, 56, 52, 85, 18, 28, 100, 78, 95, 22, 93, 71, 73, 72, 64, 14, 66, 20, 77, 76, 35, 37, 17, 10, 16, 11, 70, 47, 84, 31, 69, 25, 50, 81, 45, 89, 91, 30, 94, 3, 79, 7, 92, 88, 57, 6, 58, 12, 9, 23, 1, 98, 54, 61, 63, 29, 43, 46, 34, 48, 40, 87, 21, 83, 86, 24, 42, 51, 75, 2, 32, 99, 26, 90, 27, 74, 8, 59, 33, 39, 67, 41, 36, 65, 96, 80, 49, 53, 82, 19, 13, 55, 4, 5, 97]);
% time elapsed: 38.13 s
----------
%%%mzn-stat: initTime=0.048059084
%%%mzn-stat: objective=383
%%%mzn-stat: nodes=138668
%%%mzn-stat: restarts=27
%%%mzn-stat: peakDepth=1658
%%%mzn-stat: solveTime=34.186972542
%%%mzn-stat: variables=2531
%%%mzn-stat: propagators=7043
%%%mzn-stat: failures=79589
%%%mzn-stat: propagations=38391972
%%%mzn-stat: nogoods=79589
%%%mzn-stat: AverageConflictSize=25.780195755694884
%%%mzn-stat: NumUnitNogoodsLearned=168
%%%mzn-stat: AverageLearnedNogoodLength=86.01220017841662
%%%mzn-stat: AverageBacktrackAmount=0
%%%mzn-stat: AverageLbd=15.552450715551144
%%%mzn-stat-end
maxleg = 383;
succ = array1d(1..100,[44, 15, 68, 60, 62, 38, 56, 52, 85, 18, 28, 100, 78, 95, 22, 93, 71, 73, 72, 64, 14, 66, 20, 77, 76, 35, 37, 17, 10, 16, 11, 70, 47, 84, 31, 69, 25, 50, 81, 45, 89, 91, 30, 94, 3, 79, 7, 92, 88, 57, 6, 58, 12, 9, 23, 1, 98, 54, 61, 63, 29, 43, 46, 34, 48, 40, 87, 21, 83, 86, 24, 42, 51, 75, 2, 32, 99, 26, 90, 27, 74, 8, 59, 33, 39, 67, 41, 36, 65, 96, 80, 49, 53, 82, 19, 13, 55, 4, 5, 97]);
% time elapsed: 38.46 s
----------
%%%mzn-stat: initTime=0.048059084
%%%mzn-stat: objective=375
%%%mzn-stat: nodes=141306
%%%mzn-stat: restarts=28
%%%mzn-stat: peakDepth=1658
%%%mzn-stat: solveTime=34.338675537
%%%mzn-stat: variables=2531
%%%mzn-stat: propagators=7043
%%%mzn-stat: failures=79973
%%%mzn-stat: propagations=38675417
%%%mzn-stat: nogoods=79973
%%%mzn-stat: AverageConflictSize=25.708414089755294
%%%mzn-stat: NumUnitNogoodsLearned=168
%%%mzn-stat: AverageLearnedNogoodLength=85.79094194290573
%%%mzn-stat: AverageBacktrackAmount=0
%%%mzn-stat: AverageLbd=15.53983219336526
%%%mzn-stat-end
maxleg = 375;
succ = array1d(1..100,[44, 15, 68, 60, 62, 38, 56, 52, 85, 18, 28, 100, 78, 95, 22, 93, 71, 73, 72, 64, 14, 66, 20, 77, 76, 35, 37, 17, 10, 16, 11, 70, 47, 84, 31, 69, 25, 50, 81, 45, 89, 91, 30, 94, 3, 79, 7, 92, 88, 57, 6, 58, 12, 9, 23, 1, 98, 54, 61, 63, 29, 43, 46, 34, 48, 40, 87, 21, 83, 86, 24, 42, 51, 75, 2, 32, 99, 26, 90, 27, 74, 8, 59, 33, 39, 67, 41, 36, 65, 96, 80, 49, 53, 82, 19, 13, 55, 4, 5, 97]);
% time elapsed: 38.62 s
----------
%%%mzn-stat: initTime=0.048059084
%%%mzn-stat: objective=374
%%%mzn-stat: nodes=143175
%%%mzn-stat: restarts=29
%%%mzn-stat: peakDepth=1658
%%%mzn-stat: solveTime=34.409581121
%%%mzn-stat: variables=2531
%%%mzn-stat: propagators=7043
%%%mzn-stat: failures=80118
%%%mzn-stat: propagations=38772001
%%%mzn-stat: nogoods=80118
%%%mzn-stat: AverageConflictSize=25.68461519259093
%%%mzn-stat: NumUnitNogoodsLearned=168
%%%mzn-stat: AverageLearnedNogoodLength=85.72740208192916
%%%mzn-stat: AverageBacktrackAmount=0
%%%mzn-stat: AverageLbd=15.53888015177613
%%%mzn-stat-end
maxleg = 374;
succ = array1d(1..100,[44, 15, 68, 60, 62, 38, 56, 52, 85, 18, 28, 100, 78, 95, 22, 93, 71, 73, 72, 64, 14, 66, 20, 77, 76, 35, 37, 17, 10, 16, 11, 70, 47, 84, 31, 69, 25, 50, 81, 45, 89, 91, 30, 94, 3, 79, 7, 92, 88, 57, 6, 58, 12, 9, 23, 1, 98, 54, 61, 63, 29, 43, 46, 34, 48, 40, 87, 21, 83, 86, 24, 42, 51, 75, 2, 32, 99, 26, 90, 27, 74, 8, 59, 33, 39, 67, 41, 36, 65, 96, 80, 49, 53, 82, 19, 13, 55, 4, 5, 97]);
% time elapsed: 38.70 s
----------
%%%mzn-stat: initTime=0.048059084
%%%mzn-stat: objective=373
%%%mzn-stat: nodes=150638
%%%mzn-stat: restarts=30
%%%mzn-stat: peakDepth=1658
%%%mzn-stat: solveTime=36.18867535
%%%mzn-stat: variables=2531
%%%mzn-stat: propagators=7043
%%%mzn-stat: failures=84310
%%%mzn-stat: propagations=40675887
%%%mzn-stat: nogoods=84310
%%%mzn-stat: AverageConflictSize=25.13379195824932
%%%mzn-stat: NumUnitNogoodsLearned=168
%%%mzn-stat: AverageLearnedNogoodLength=84.88633614043411
%%%mzn-stat: AverageBacktrackAmount=0
%%%mzn-stat: AverageLbd=15.3308385719369
%%%mzn-stat-end
maxleg = 373;
succ = array1d(1..100,[44, 15, 68, 60, 62, 38, 56, 52, 85, 18, 28, 100, 78, 95, 22, 93, 71, 73, 72, 64, 14, 66, 20, 77, 76, 35, 37, 17, 10, 16, 11, 70, 47, 84, 31, 69, 25, 50, 81, 45, 89, 91, 30, 94, 3, 79, 7, 92, 88, 57, 6, 58, 12, 9, 23, 1, 98, 54, 61, 63, 29, 43, 46, 34, 48, 40, 87, 21, 83, 86, 24, 42, 51, 75, 2, 32, 99, 26, 90, 27, 74, 8, 59, 33, 39, 67, 41, 36, 65, 96, 80, 49, 53, 82, 19, 13, 55, 4, 5, 97]);
% time elapsed: 40.48 s
----------
%%%mzn-stat: initTime=0.048059084
%%%mzn-stat: objective=369
%%%mzn-stat: nodes=152673
%%%mzn-stat: restarts=31
%%%mzn-stat: peakDepth=1658
%%%mzn-stat: solveTime=36.239994227
%%%mzn-stat: variables=2531
%%%mzn-stat: propagators=7043
%%%mzn-stat: failures=84385
%%%mzn-stat: propagations=40749956
%%%mzn-stat: nogoods=84385
%%%mzn-stat: AverageConflictSize=25.118101558333827
%%%mzn-stat: NumUnitNogoodsLearned=168
%%%mzn-stat: AverageLearnedNogoodLength=84.84923860875747
%%%mzn-stat: AverageBacktrackAmount=0
%%%mzn-stat: AverageLbd=15.33188362860698
%%%mzn-stat-end
maxleg = 369;
succ = array1d(1..100,[44, 15, 68, 60, 62, 38, 56, 52, 85, 18, 28, 100, 78, 95, 22, 93, 71, 73, 72, 64, 14, 66, 20, 77, 76, 35, 37, 17, 10, 16, 11, 70, 47, 84, 31, 69, 25, 50, 81, 45, 89, 91, 30, 94, 3, 79, 7, 92, 88, 57, 6, 58, 12, 9, 23, 1, 98, 54, 61, 63, 29, 43, 46, 34, 48, 40, 87, 21, 83, 86, 24, 42, 51, 75, 2, 32, 99, 26, 90, 27, 74, 8, 59, 33, 39, 67, 41, 36, 65, 96, 80, 49, 53, 82, 19, 13, 55, 4, 5, 97]);
% time elapsed: 40.54 s
----------
%%%mzn-stat: initTime=0.048059084
%%%mzn-stat: objective=368
%%%mzn-stat: nodes=158815
%%%mzn-stat: restarts=32
%%%mzn-stat: peakDepth=1658
%%%mzn-stat: solveTime=37.438344791
%%%mzn-stat: variables=2531
%%%mzn-stat: propagators=7043
%%%mzn-stat: failures=87564
%%%mzn-stat: propagations=42413565
%%%mzn-stat: nogoods=87564
%%%mzn-stat: AverageConflictSize=24.705552510163994
%%%mzn-stat: NumUnitNogoodsLearned=168
%%%mzn-stat: AverageLearnedNogoodLength=83.6358092366726
%%%mzn-stat: AverageBacktrackAmount=0
%%%mzn-stat: AverageLbd=15.256749349047555
%%%mzn-stat-end
maxleg = 368;
succ = array1d(1..100,[44, 15, 68, 60, 62, 38, 56, 52, 85, 18, 28, 100, 78, 95, 22, 93, 71, 73, 72, 64, 14, 66, 20, 77, 76, 35, 37, 17, 10, 16, 11, 70, 47, 84, 31, 69, 25, 50, 81, 45, 89, 91, 30, 94, 3, 79, 7, 92, 88, 57, 6, 58, 12, 9, 23, 1, 98, 54, 61, 63, 29, 43, 46, 34, 48, 40, 87, 21, 83, 86, 24, 42, 51, 75, 2, 32, 99, 26, 90, 27, 74, 8, 59, 33, 39, 67, 41, 36, 65, 96, 80, 49, 53, 82, 19, 13, 55, 4, 5, 97]);
% time elapsed: 41.75 s
----------
%%%mzn-stat: initTime=0.048059084
%%%mzn-stat: objective=358
%%%mzn-stat: nodes=161899
%%%mzn-stat: restarts=33
%%%mzn-stat: peakDepth=1658
%%%mzn-stat: solveTime=37.684266562
%%%mzn-stat: variables=2531
%%%mzn-stat: propagators=7043
%%%mzn-stat: failures=88239
%%%mzn-stat: propagations=42813692
%%%mzn-stat: nogoods=88239
%%%mzn-stat: AverageConflictSize=24.617334738607646
%%%mzn-stat: NumUnitNogoodsLearned=168
%%%mzn-stat: AverageLearnedNogoodLength=83.44612926257098
%%%mzn-stat: AverageBacktrackAmount=0
%%%mzn-stat: AverageLbd=15.247815591745146
%%%mzn-stat-end
maxleg = 358;
succ = array1d(1..100,[44, 15, 68, 60, 62, 38, 56, 52, 85, 18, 28, 100, 78, 95, 22, 93, 71, 73, 72, 64, 14, 66, 20, 77, 76, 35, 37, 17, 10, 16, 11, 70, 47, 84, 31, 69, 25, 50, 81, 45, 89, 91, 30, 94, 3, 79, 7, 92, 88, 57, 6, 58, 12, 9, 23, 1, 98, 54, 61, 63, 29, 43, 46, 34, 48, 40, 87, 21, 83, 86, 24, 42, 51, 75, 2, 32, 99, 26, 90, 27, 74, 8, 59, 33, 39, 67, 41, 36, 65, 96, 80, 49, 53, 82, 19, 13, 55, 4, 5, 97]);
% time elapsed: 42.00 s
----------
%%%mzn-stat: initTime=0.048059084
%%%mzn-stat: objective=357
%%%mzn-stat: nodes=164391
%%%mzn-stat: restarts=34
%%%mzn-stat: peakDepth=1658
%%%mzn-stat: solveTime=37.947694134
%%%mzn-stat: variables=2531
%%%mzn-stat: propagators=7043
%%%mzn-stat: failures=88850
%%%mzn-stat: propagations=43146908
%%%mzn-stat: nogoods=88850
%%%mzn-stat: AverageConflictSize=24.543173888576252
%%%mzn-stat: NumUnitNogoodsLearned=168
%%%mzn-stat: AverageLearnedNogoodLength=83.38732695554305
%%%mzn-stat: AverageBacktrackAmount=0
%%%mzn-stat: AverageLbd=15.231772650534609
%%%mzn-stat-end
maxleg = 357;
succ = array1d(1..100,[44, 15, 68, 60, 62, 38, 56, 52, 85, 18, 28, 100, 78, 95, 22, 93, 71, 73, 72, 64, 14, 66, 20, 77, 76, 35, 37, 17, 10, 16, 11, 70, 47, 84, 31, 69, 25, 50, 81, 45, 89, 91, 30, 94, 3, 79, 7, 92, 88, 57, 6, 58, 12, 9, 23, 1, 98, 54, 61, 63, 29, 43, 46, 34, 48, 40, 87, 21, 83, 86, 24, 42, 51, 75, 2, 32, 99, 26, 90, 27, 74, 8, 59, 33, 39, 67, 41, 36, 65, 96, 80, 49, 53, 82, 19, 13, 55, 4, 5, 97]);
% time elapsed: 42.27 s
----------
%%%mzn-stat: initTime=0.048059084
%%%mzn-stat: objective=356
%%%mzn-stat: nodes=166579
%%%mzn-stat: restarts=35
%%%mzn-stat: peakDepth=1658
%%%mzn-stat: solveTime=38.078296928
%%%mzn-stat: variables=2531
%%%mzn-stat: propagators=7043
%%%mzn-stat: failures=89136
%%%mzn-stat: propagations=43355277
%%%mzn-stat: nogoods=89136
%%%mzn-stat: AverageConflictSize=24.49139517142344
%%%mzn-stat: NumUnitNogoodsLearned=168
%%%mzn-stat: AverageLearnedNogoodLength=83.27924744211093
%%%mzn-stat: AverageBacktrackAmount=0
%%%mzn-stat: AverageLbd=15.23063633099982
%%%mzn-stat-end
maxleg = 356;
succ = array1d(1..100,[44, 15, 68, 60, 62, 38, 56, 52, 85, 18, 28, 100, 78, 95, 22, 93, 71, 73, 72, 64, 14, 66, 20, 77, 76, 35, 37, 17, 10, 16, 11, 70, 47, 84, 31, 69, 25, 50, 81, 45, 89, 91, 30, 94, 3, 79, 7, 92, 88, 57, 6, 58, 12, 9, 23, 1, 98, 54, 61, 63, 29, 43, 46, 34, 48, 40, 87, 21, 83, 86, 24, 42, 51, 75, 2, 32, 99, 26, 90, 27, 74, 8, 59, 33, 39, 67, 41, 36, 65, 96, 80, 49, 53, 82, 19, 13, 55, 4, 5, 97]);
% time elapsed: 42.41 s
----------
%%%mzn-stat: initTime=0.048059084
%%%mzn-stat: objective=353
%%%mzn-stat: nodes=169357
%%%mzn-stat: restarts=36
%%%mzn-stat: peakDepth=1658
%%%mzn-stat: solveTime=38.460993182
%%%mzn-stat: variables=2531
%%%mzn-stat: propagators=7043
%%%mzn-stat: failures=89999
%%%mzn-stat: propagations=43757824
%%%mzn-stat: nogoods=89999
%%%mzn-stat: AverageConflictSize=24.41527128079201
%%%mzn-stat: NumUnitNogoodsLearned=168
%%%mzn-stat: AverageLearnedNogoodLength=83.0702230024778
%%%mzn-stat: AverageBacktrackAmount=0
%%%mzn-stat: AverageLbd=15.202935588173203
%%%mzn-stat-end
maxleg = 353;
succ = array1d(1..100,[44, 15, 68, 60, 62, 38, 56, 52, 85, 18, 28, 100, 78, 95, 22, 93, 71, 73, 72, 64, 14, 66, 20, 77, 76, 35, 37, 17, 10, 16, 11, 70, 47, 84, 31, 69, 25, 50, 81, 45, 89, 91, 30, 94, 3, 79, 7, 92, 88, 57, 6, 58, 12, 9, 23, 1, 98, 54, 61, 63, 29, 43, 46, 34, 48, 40, 87, 21, 83, 86, 24, 42, 51, 75, 2, 32, 99, 26, 90, 27, 74, 8, 59, 33, 39, 67, 41, 36, 65, 96, 80, 49, 53, 82, 19, 13, 55, 4, 5, 97]);
% time elapsed: 42.80 s
----------
%%%mzn-stat: initTime=0.048059084
%%%mzn-stat: objective=350
%%%mzn-stat: nodes=172704
%%%mzn-stat: restarts=37
%%%mzn-stat: peakDepth=1658
%%%mzn-stat: solveTime=38.965567291
%%%mzn-stat: variables=2531
%%%mzn-stat: propagators=7043
%%%mzn-stat: failures=91179
%%%mzn-stat: propagations=44300865
%%%mzn-stat: nogoods=91179
%%%mzn-stat: AverageConflictSize=24.266322289123593
%%%mzn-stat: NumUnitNogoodsLearned=168
%%%mzn-stat: AverageLearnedNogoodLength=82.7373408350607
%%%mzn-stat: AverageBacktrackAmount=0
%%%mzn-stat: AverageLbd=15.194902334967482
%%%mzn-stat-end
maxleg = 350;
succ = array1d(1..100,[44, 15, 68, 60, 62, 38, 56, 52, 85, 18, 28, 100, 78, 95, 22, 93, 71, 73, 72, 64, 14, 66, 20, 77, 76, 35, 37, 17, 10, 16, 11, 70, 47, 84, 31, 69, 25, 50, 81, 45, 89, 91, 30, 94, 3, 79, 7, 92, 88, 57, 6, 58, 12, 9, 23, 1, 98, 54, 61, 63, 29, 43, 46, 34, 48, 40, 87, 21, 83, 86, 24, 42, 51, 75, 2, 32, 99, 26, 90, 27, 74, 8, 59, 33, 39, 67, 41, 36, 65, 96, 80, 49, 53, 82, 19, 13, 55, 4, 5, 97]);
% time elapsed: 43.31 s
----------
%%%mzn-stat: initTime=0.048059084
%%%mzn-stat: objective=347
%%%mzn-stat: nodes=175415
%%%mzn-stat: restarts=38
%%%mzn-stat: peakDepth=1658
%%%mzn-stat: solveTime=39.228607733
%%%mzn-stat: variables=2531
%%%mzn-stat: propagators=7043
%%%mzn-stat: failures=91795
%%%mzn-stat: propagations=44720156
%%%mzn-stat: nogoods=91795
%%%mzn-stat: AverageConflictSize=24.190653085680047
%%%mzn-stat: NumUnitNogoodsLearned=168
%%%mzn-stat: AverageLearnedNogoodLength=82.555444196307
%%%mzn-stat: AverageBacktrackAmount=0
%%%mzn-stat: AverageLbd=15.182243041559998
%%%mzn-stat-end
maxleg = 347;
succ = array1d(1..100,[44, 15, 68, 60, 62, 38, 56, 52, 85, 18, 28, 100, 78, 95, 22, 93, 71, 73, 72, 64, 14, 66, 20, 77, 76, 35, 37, 17, 10, 16, 11, 70, 47, 84, 31, 69, 25, 50, 81, 45, 89, 91, 30, 94, 3, 79, 7, 92, 88, 57, 6, 58, 12, 9, 23, 1, 98, 54, 61, 63, 29, 43, 46, 34, 48, 40, 87, 21, 83, 86, 24, 42, 51, 75, 2, 32, 99, 26, 90, 27, 74, 8, 59, 33, 39, 67, 41, 36, 65, 96, 80, 49, 53, 82, 19, 13, 55, 4, 5, 97]);
% time elapsed: 43.58 s
----------
%%%mzn-stat: initTime=0.048059084
%%%mzn-stat: objective=345
%%%mzn-stat: nodes=177536
%%%mzn-stat: restarts=39
%%%mzn-stat: peakDepth=1658
%%%mzn-stat: solveTime=39.310216565
%%%mzn-stat: variables=2531
%%%mzn-stat: propagators=7043
%%%mzn-stat: failures=91961
%%%mzn-stat: propagations=44833868
%%%mzn-stat: nogoods=91961
%%%mzn-stat: AverageConflictSize=24.163601961701154
%%%mzn-stat: NumUnitNogoodsLearned=168
%%%mzn-stat: AverageLearnedNogoodLength=82.49231739541763
%%%mzn-stat: AverageBacktrackAmount=0
%%%mzn-stat: AverageLbd=15.181087634975697
%%%mzn-stat-end
maxleg = 345;
succ = array1d(1..100,[44, 15, 68, 60, 62, 38, 56, 52, 85, 18, 28, 100, 78, 95, 22, 93, 71, 73, 72, 64, 14, 66, 20, 77, 76, 35, 37, 17, 10, 16, 11, 70, 47, 84, 31, 69, 25, 50, 81, 45, 89, 91, 30, 94, 3, 79, 7, 92, 88, 57, 6, 58, 12, 9, 23, 1, 98, 54, 61, 63, 29, 43, 46, 34, 48, 40, 87, 21, 83, 86, 24, 42, 51, 75, 2, 32, 99, 26, 90, 27, 74, 8, 59, 33, 39, 67, 41, 36, 65, 96, 80, 49, 53, 82, 19, 13, 55, 4, 5, 97]);
% time elapsed: 43.66 s
----------
%%%mzn-stat: initTime=0.048059084
%%%mzn-stat: objective=341
%%%mzn-stat: nodes=179942
%%%mzn-stat: restarts=40
%%%mzn-stat: peakDepth=1658
%%%mzn-stat: solveTime=39.48425827
%%%mzn-stat: variables=2531
%%%mzn-stat: propagators=7043
%%%mzn-stat: failures=92441
%%%mzn-stat: propagations=45073483
%%%mzn-stat: nogoods=92441
%%%mzn-stat: AverageConflictSize=24.094492703454094
%%%mzn-stat: NumUnitNogoodsLearned=168
%%%mzn-stat: AverageLearnedNogoodLength=82.31911164959271
%%%mzn-stat: AverageBacktrackAmount=0
%%%mzn-stat: AverageLbd=15.169481074415032
%%%mzn-stat-end
maxleg = 341;
succ = array1d(1..100,[44, 15, 68, 60, 62, 38, 56, 52, 85, 18, 28, 100, 78, 95, 22, 93, 71, 73, 72, 64, 14, 66, 20, 77, 76, 35, 37, 17, 10, 16, 11, 70, 47, 84, 31, 69, 25, 50, 81, 45, 89, 91, 30, 94, 3, 79, 7, 92, 88, 57, 6, 58, 12, 9, 23, 1, 98, 54, 61, 63, 29, 43, 46, 34, 48, 40, 87, 21, 83, 86, 24, 42, 51, 75, 2, 32, 99, 26, 90, 27, 74, 8, 59, 33, 39, 67, 41, 36, 65, 96, 80, 49, 53, 82, 19, 13, 55, 4, 5, 97]);
% time elapsed: 43.85 s
----------
%%%mzn-stat: initTime=0.048059084
%%%mzn-stat: objective=338
%%%mzn-stat: nodes=192866
%%%mzn-stat: restarts=41
%%%mzn-stat: peakDepth=1658
%%%mzn-stat: solveTime=43.335386941
%%%mzn-stat: variables=2531
%%%mzn-stat: propagators=7043
%%%mzn-stat: failures=101082
%%%mzn-stat: propagations=48832080
%%%mzn-stat: nogoods=101082
%%%mzn-stat: AverageConflictSize=23.891503927504402
%%%mzn-stat: NumUnitNogoodsLearned=168
%%%mzn-stat: AverageLearnedNogoodLength=82.53848360736828
%%%mzn-stat: AverageBacktrackAmount=0
%%%mzn-stat: AverageLbd=15.09110425199343
%%%mzn-stat-end
maxleg = 338;
succ = array1d(1..100,[44, 15, 68, 60, 62, 38, 56, 52, 85, 18, 28, 100, 78, 95, 22, 93, 71, 73, 72, 64, 14, 66, 20, 77, 76, 35, 37, 17, 10, 16, 11, 70, 47, 84, 31, 69, 25, 50, 81, 45, 89, 91, 30, 94, 3, 79, 7, 92, 88, 57, 6, 58, 12, 9, 23, 1, 98, 54, 61, 63, 29, 43, 46, 34, 48, 40, 87, 21, 83, 86, 24, 42, 51, 75, 2, 32, 99, 26, 90, 27, 74, 8, 59, 33, 39, 67, 41, 36, 65, 96, 80, 49, 53, 82, 19, 13, 55, 4, 5, 97]);
% time elapsed: 47.70 s
----------
%%%mzn-stat: initTime=0.048059084
%%%mzn-stat: objective=337
%%%mzn-stat: nodes=194928
%%%mzn-stat: restarts=42
%%%mzn-stat: peakDepth=1658
%%%mzn-stat: solveTime=43.450230459
%%%mzn-stat: variables=2531
%%%mzn-stat: propagators=7043
%%%mzn-stat: failures=101325
%%%mzn-stat: propagations=48978770
%%%mzn-stat: nogoods=101325
%%%mzn-stat: AverageConflictSize=23.860429311621022
%%%mzn-stat: NumUnitNogoodsLearned=168
%%%mzn-stat: AverageLearnedNogoodLength=82.45692573402418
%%%mzn-stat: AverageBacktrackAmount=0
%%%mzn-stat: AverageLbd=15.087757216876389
%%%mzn-stat-end
maxleg = 337;
succ = array1d(1..100,[44, 15, 68, 60, 62, 38, 56, 52, 85, 18, 28, 100, 78, 95, 22, 93, 71, 73, 72, 64, 14, 66, 20, 77, 76, 35, 37, 17, 10, 16, 11, 70, 47, 84, 31, 69, 25, 50, 81, 45, 89, 91, 30, 94, 3, 79, 7, 92, 88, 57, 6, 58, 12, 9, 23, 1, 98, 54, 61, 63, 29, 43, 46, 34, 48, 40, 87, 21, 83, 86, 24, 42, 51, 75, 2, 32, 99, 26, 90, 27, 74, 8, 59, 33, 39, 67, 41, 36, 65, 96, 80, 49, 53, 82, 19, 13, 55, 4, 5, 97]);
% time elapsed: 47.82 s
----------
%%%mzn-stat: initTime=0.048059084
%%%mzn-stat: objective=333
%%%mzn-stat: nodes=199000
%%%mzn-stat: restarts=43
%%%mzn-stat: peakDepth=1658
%%%mzn-stat: solveTime=44.128698495
%%%mzn-stat: variables=2531
%%%mzn-stat: propagators=7043
%%%mzn-stat: failures=103034
%%%mzn-stat: propagations=49794233
%%%mzn-stat: nogoods=103034
%%%mzn-stat: AverageConflictSize=23.815323097230042
%%%mzn-stat: NumUnitNogoodsLearned=168
%%%mzn-stat: AverageLearnedNogoodLength=82.3058407904187
%%%mzn-stat: AverageBacktrackAmount=0
%%%mzn-stat: AverageLbd=15.036250169846847
%%%mzn-stat-end
maxleg = 333;
succ = array1d(1..100,[44, 15, 68, 60, 62, 38, 56, 52, 85, 18, 28, 100, 78, 95, 22, 93, 71, 73, 72, 64, 14, 66, 20, 77, 76, 35, 37, 17, 10, 16, 11, 70, 47, 84, 31, 69, 25, 50, 81, 45, 89, 91, 30, 94, 3, 79, 7, 92, 88, 57, 6, 58, 12, 9, 23, 1, 98, 54, 61, 63, 29, 43, 46, 34, 48, 40, 87, 21, 83, 86, 24, 42, 51, 75, 2, 32, 99, 26, 90, 27, 74, 8, 59, 33, 39, 67, 41, 36, 65, 96, 80, 49, 53, 82, 19, 13, 55, 4, 5, 97]);
% time elapsed: 48.51 s
----------
%%%mzn-stat: initTime=0.048059084
%%%mzn-stat: objective=329
%%%mzn-stat: nodes=202320
%%%mzn-stat: restarts=44
%%%mzn-stat: peakDepth=1658
%%%mzn-stat: solveTime=44.64650028
%%%mzn-stat: variables=2531
%%%mzn-stat: propagators=7043
%%%mzn-stat: failures=104116
%%%mzn-stat: propagations=50281118
%%%mzn-stat: nogoods=104116
%%%mzn-stat: AverageConflictSize=23.74167274962542
%%%mzn-stat: NumUnitNogoodsLearned=168
%%%mzn-stat: AverageLearnedNogoodLength=82.24987513926774
%%%mzn-stat: AverageBacktrackAmount=0
%%%mzn-stat: AverageLbd=15.032214068923125
%%%mzn-stat-end
maxleg = 329;
succ = array1d(1..100,[44, 15, 68, 60, 62, 38, 56, 52, 85, 18, 28, 100, 78, 95, 22, 93, 71, 73, 72, 64, 14, 66, 20, 77, 76, 35, 37, 17, 10, 16, 11, 70, 47, 84, 31, 69, 25, 50, 81, 45, 89, 91, 30, 94, 3, 79, 7, 92, 88, 57, 6, 58, 12, 9, 23, 1, 98, 54, 61, 63, 29, 43, 46, 34, 48, 40, 87, 21, 83, 86, 24, 42, 51, 75, 2, 32, 99, 26, 90, 27, 74, 8, 59, 33, 39, 67, 41, 36, 65, 96, 80, 49, 53, 82, 19, 13, 55, 4, 5, 97]);
% time elapsed: 49.03 s
----------
%%%mzn-stat: initTime=0.048059084
%%%mzn-stat: objective=328
%%%mzn-stat: nodes=204324
%%%mzn-stat: restarts=45
%%%mzn-stat: peakDepth=1658
%%%mzn-stat: solveTime=44.732456649
%%%mzn-stat: variables=2531
%%%mzn-stat: propagators=7043
%%%mzn-stat: failures=104314
%%%mzn-stat: propagations=50422617
%%%mzn-stat: nogoods=104314
%%%mzn-stat: AverageConflictSize=23.713116168491286
%%%mzn-stat: NumUnitNogoodsLearned=168
%%%mzn-stat: AverageLearnedNogoodLength=82.1803209540426
%%%mzn-stat: AverageBacktrackAmount=0
%%%mzn-stat: AverageLbd=15.033437505991525
%%%mzn-stat-end
maxleg = 328;
succ = array1d(1..100,[44, 15, 68, 60, 62, 38, 56, 52, 85, 18, 28, 100, 78, 95, 22, 93, 71, 73, 72, 64, 14, 66, 20, 77, 76, 35, 37, 17, 10, 16, 11, 70, 47, 84, 31, 69, 25, 50, 81, 45, 89, 91, 30, 94, 3, 79, 7, 92, 88, 57, 6, 58, 12, 9, 23, 1, 98, 54, 61, 63, 29, 43, 46, 34, 48, 40, 87, 21, 83, 86, 24, 42, 51, 75, 2, 32, 99, 26, 90, 27, 74, 8, 59, 33, 39, 67, 41, 36, 65, 96, 80, 49, 53, 82, 19, 13, 55, 4, 5, 97]);
% time elapsed: 49.13 s
----------
%%%mzn-stat: initTime=0.048059084
%%%mzn-stat: objective=327
%%%mzn-stat: nodes=234184
%%%mzn-stat: restarts=46
%%%mzn-stat: peakDepth=1658
%%%mzn-stat: solveTime=56.110459671
%%%mzn-stat: variables=2531
%%%mzn-stat: propagators=7043
%%%mzn-stat: failures=126342
%%%mzn-stat: propagations=60102607
%%%mzn-stat: nogoods=126342
%%%mzn-stat: AverageConflictSize=25.60767599056529
%%%mzn-stat: NumUnitNogoodsLearned=168
%%%mzn-stat: AverageLearnedNogoodLength=87.03260198508809
%%%mzn-stat: AverageBacktrackAmount=0
%%%mzn-stat: AverageLbd=14.700495480521125
%%%mzn-stat-end
maxleg = 327;
succ = array1d(1..100,[44, 15, 68, 60, 62, 38, 56, 52, 85, 18, 28, 100, 78, 95, 22, 93, 71, 73, 72, 64, 14, 66, 20, 77, 76, 35, 37, 17, 10, 16, 11, 70, 47, 84, 31, 69, 25, 50, 81, 45, 89, 91, 30, 94, 3, 79, 7, 92, 88, 57, 6, 58, 12, 9, 23, 1, 98, 54, 61, 63, 29, 43, 46, 34, 48, 40, 87, 21, 83, 86, 24, 42, 51, 75, 2, 32, 99, 26, 90, 27, 74, 8, 59, 33, 39, 67, 41, 36, 65, 96, 80, 49, 53, 82, 19, 13, 55, 4, 5, 97]);
% time elapsed: 60.51 s
----------
%%%mzn-stat: initTime=0.048059084
%%%mzn-stat: objective=324
%%%mzn-stat: nodes=236310
%%%mzn-stat: restarts=47
%%%mzn-stat: peakDepth=1658
%%%mzn-stat: solveTime=56.202287862
%%%mzn-stat: variables=2531
%%%mzn-stat: propagators=7043
%%%mzn-stat: failures=126571
%%%mzn-stat: propagations=60256603
%%%mzn-stat: nogoods=126571
%%%mzn-stat: AverageConflictSize=25.579082096214773
%%%mzn-stat: NumUnitNogoodsLearned=168
%%%mzn-stat: AverageLearnedNogoodLength=86.95368607342914
%%%mzn-stat: AverageBacktrackAmount=0
%%%mzn-stat: AverageLbd=14.696802585110333
%%%mzn-stat-end
maxleg = 324;
succ = array1d(1..100,[44, 15, 68, 60, 62, 38, 56, 52, 85, 18, 28, 100, 78, 95, 22, 93, 71, 73, 72, 64, 14, 66, 20, 77, 76, 35, 37, 17, 10, 16, 11, 70, 47, 84, 31, 69, 25, 50, 81, 45, 89, 91, 30, 94, 3, 79, 7, 92, 88, 57, 6, 58, 12, 9, 23, 1, 98, 54, 61, 63, 29, 43, 46, 34, 48, 40, 87, 21, 83, 86, 24, 42, 51, 75, 2, 32, 99, 26, 90, 27, 74, 8, 59, 33, 39, 67, 41, 36, 65, 96, 80, 49, 53, 82, 19, 13, 55, 4, 5, 97]);
% time elapsed: 60.61 s
----------
%%%mzn-stat: initTime=0.048059084
%%%mzn-stat: objective=323
%%%mzn-stat: nodes=241051
%%%mzn-stat: restarts=48
%%%mzn-stat: peakDepth=1658
%%%mzn-stat: solveTime=57.582308411
%%%mzn-stat: variables=2531
%%%mzn-stat: propagators=7043
%%%mzn-stat: failures=128945
%%%mzn-stat: propagations=61166380
%%%mzn-stat: nogoods=128945
%%%mzn-stat: AverageConflictSize=25.769428826243747
%%%mzn-stat: NumUnitNogoodsLearned=168
%%%mzn-stat: AverageLearnedNogoodLength=87.5890806157664
%%%mzn-stat: AverageBacktrackAmount=0
%%%mzn-stat: AverageLbd=14.674636472914809
%%%mzn-stat-end
maxleg = 323;
succ = array1d(1..100,[44, 15, 68, 60, 62, 38, 56, 52, 85, 18, 28, 100, 78, 95, 22, 93, 71, 73, 72, 64, 14, 66, 20, 77, 76, 35, 37, 17, 10, 16, 11, 70, 47, 84, 31, 69, 25, 50, 81, 45, 89, 91, 30, 94, 3, 79, 7, 92, 88, 57, 6, 58, 12, 9, 23, 1, 98, 54, 61, 63, 29, 43, 46, 34, 48, 40, 87, 21, 83, 86, 24, 42, 51, 75, 2, 32, 99, 26, 90, 27, 74, 8, 59, 33, 39, 67, 41, 36, 65, 96, 80, 49, 53, 82, 19, 13, 55, 4, 5, 97]);
% time elapsed: 62.00 s
----------
%%%mzn-stat: initTime=0.048059084
%%%mzn-stat: objective=322
%%%mzn-stat: nodes=243495
%%%mzn-stat: restarts=49
%%%mzn-stat: peakDepth=1658
%%%mzn-stat: solveTime=57.728623348
%%%mzn-stat: variables=2531
%%%mzn-stat: propagators=7043
%%%mzn-stat: failures=129384
%%%mzn-stat: propagations=61501975
%%%mzn-stat: nogoods=129384
%%%mzn-stat: AverageConflictSize=25.706362455945094
%%%mzn-stat: NumUnitNogoodsLearned=168
%%%mzn-stat: AverageLearnedNogoodLength=87.41508996475608
%%%mzn-stat: AverageBacktrackAmount=0
%%%mzn-stat: AverageLbd=14.674843875595128
%%%mzn-stat-end
maxleg = 322;
succ = array1d(1..100,[44, 15, 68, 60, 62, 38, 56, 52, 85, 18, 28, 100, 78, 95, 22, 93, 71, 73, 72, 64, 14, 66, 20, 77, 76, 35, 37, 17, 10, 16, 11, 70, 47, 84, 31, 69, 25, 50, 81, 45, 89, 91, 30, 94, 3, 79, 7, 92, 88, 57, 6, 58, 12, 9, 23, 1, 98, 54, 61, 63, 29, 43, 46, 34, 48, 40, 87, 21, 83, 86, 24, 42, 51, 75, 2, 32, 99, 26, 90, 27, 74, 8, 59, 33, 39, 67, 41, 36, 65, 96, 80, 49, 53, 82, 19, 13, 55, 4, 5, 97]);
% time elapsed: 62.15 s
----------
%%%mzn-stat: initTime=0.048059084
%%%mzn-stat: objective=299
%%%mzn-stat: nodes=250929
%%%mzn-stat: restarts=50
%%%mzn-stat: peakDepth=1658
%%%mzn-stat: solveTime=60.150690808
%%%mzn-stat: variables=2531
%%%mzn-stat: propagators=7043
%%%mzn-stat: failures=133995
%%%mzn-stat: propagations=63331562
%%%mzn-stat: nogoods=133995
%%%mzn-stat: AverageConflictSize=25.790253367662974
%%%mzn-stat: NumUnitNogoodsLearned=168
%%%mzn-stat: AverageLearnedNogoodLength=88.00417179745513
%%%mzn-stat: AverageBacktrackAmount=0
%%%mzn-stat: AverageLbd=14.627523415052801
%%%mzn-stat-end
maxleg = 299;
succ = array1d(1..100,[44, 15, 68, 60, 62, 38, 56, 52, 85, 18, 28, 100, 78, 95, 22, 93, 71, 73, 72, 64, 14, 66, 20, 77, 76, 35, 37, 17, 10, 16, 11, 70, 47, 84, 31, 69, 25, 50, 81, 45, 89, 91, 30, 94, 3, 79, 7, 92, 88, 57, 6, 58, 12, 9, 23, 1, 98, 54, 61, 63, 29, 43, 46, 34, 48, 40, 87, 21, 83, 86, 24, 42, 51, 75, 2, 32, 99, 26, 90, 27, 74, 8, 59, 33, 39, 67, 41, 36, 65, 96, 80, 49, 53, 82, 19, 13, 55, 4, 5, 97]);
% time elapsed: 64.58 s
----------
%%%mzn-stat: initTime=0.048059084
%%%mzn-stat: objective=291
%%%mzn-stat: nodes=252874
%%%mzn-stat: restarts=51
%%%mzn-stat: peakDepth=1658
%%%mzn-stat: solveTime=60.227767461
%%%mzn-stat: variables=2531
%%%mzn-stat: propagators=7043
%%%mzn-stat: failures=134237
%%%mzn-stat: propagations=63490587
%%%mzn-stat: nogoods=134237
%%%mzn-stat: AverageConflictSize=25.75466525622593
%%%mzn-stat: NumUnitNogoodsLearned=168
%%%mzn-stat: AverageLearnedNogoodLength=87.90771545848015
%%%mzn-stat: AverageBacktrackAmount=0
%%%mzn-stat: AverageLbd=14.625937707189523
%%%mzn-stat-end
maxleg = 291;
succ = array1d(1..100,[44, 15, 68, 60, 62, 38, 56, 52, 85, 18, 28, 100, 78, 95, 22, 93, 71, 73, 72, 64, 14, 66, 20, 77, 76, 35, 37, 17, 10, 16, 11, 70, 47, 84, 31, 69, 25, 50, 81, 45, 89, 91, 30, 94, 3, 79, 7, 92, 88, 57, 6, 58, 12, 9, 23, 1, 98, 54, 61, 63, 29, 43, 46, 34, 48, 40, 87, 21, 83, 86, 24, 42, 51, 75, 2, 32, 99, 26, 90, 27, 74, 8, 59, 33, 39, 67, 41, 36, 65, 96, 80, 49, 53, 82, 19, 13, 55, 4, 5, 97]);
% time elapsed: 64.66 s
----------
%%%mzn-stat: initTime=0.048059084
%%%mzn-stat: objective=269
%%%mzn-stat: nodes=259361
%%%mzn-stat: restarts=52
%%%mzn-stat: peakDepth=1658
%%%mzn-stat: solveTime=62.055584321
%%%mzn-stat: variables=2531
%%%mzn-stat: propagators=7043
%%%mzn-stat: failures=138019
%%%mzn-stat: propagations=64945209
%%%mzn-stat: nogoods=138019
%%%mzn-stat: AverageConflictSize=25.767205964396208
%%%mzn-stat: NumUnitNogoodsLearned=168
%%%mzn-stat: AverageLearnedNogoodLength=87.9694824625595
%%%mzn-stat: AverageBacktrackAmount=0
%%%mzn-stat: AverageLbd=14.590795470188887
%%%mzn-stat-end
maxleg = 269;
succ = array1d(1..100,[44, 15, 68, 60, 62, 38, 56, 52, 85, 18, 28, 100, 78, 95, 22, 93, 71, 73, 72, 64, 14, 66, 20, 77, 76, 35, 37, 17, 10, 16, 11, 70, 47, 84, 31, 69, 25, 50, 81, 45, 89, 91, 30, 94, 3, 79, 7, 92, 88, 57, 6, 58, 12, 9, 23, 1, 98, 54, 61, 63, 29, 43, 46, 34, 48, 40, 87, 21, 83, 86, 24, 42, 51, 75, 2, 32, 99, 26, 90, 27, 74, 8, 59, 33, 39, 67, 41, 36, 65, 96, 80, 49, 53, 82, 19, 13, 55, 4, 5, 97]);
% time elapsed: 66.50 s
----------
%%%mzn-stat: initTime=0.048059084
%%%mzn-stat: objective=268
%%%mzn-stat: nodes=261687
%%%mzn-stat: restarts=53
%%%mzn-stat: peakDepth=1658
%%%mzn-stat: solveTime=62.193785565
%%%mzn-stat: variables=2531
%%%mzn-stat: propagators=7043
%%%mzn-stat: failures=138451
%%%mzn-stat: propagations=65195991
%%%mzn-stat: nogoods=138451
%%%mzn-stat: AverageConflictSize=25.713573755335823
%%%mzn-stat: NumUnitNogoodsLearned=168
%%%mzn-stat: AverageLearnedNogoodLength=87.81787780514406
%%%mzn-stat: AverageBacktrackAmount=0
%%%mzn-stat: AverageLbd=14.586590201587565
%%%mzn-stat-end
maxleg = 268;
succ = array1d(1..100,[44, 15, 68, 60, 62, 38, 56, 52, 85, 18, 28, 100, 78, 95, 22, 93, 71, 73, 72, 64, 14, 66, 20, 77, 76, 35, 37, 17, 10, 16, 11, 70, 47, 84, 31, 69, 25, 50, 81, 45, 89, 91, 30, 94, 3, 79, 7, 92, 88, 57, 6, 58, 12, 9, 23, 1, 98, 54, 61, 63, 29, 43, 46, 34, 48, 40, 87, 21, 83, 86, 24, 42, 51, 75, 2, 32, 99, 26, 90, 27, 74, 8, 59, 33, 39, 67, 41, 36, 65, 96, 80, 49, 53, 82, 19, 13, 55, 4, 5, 97]);
% time elapsed: 66.64 s
----------
%%%mzn-stat: initTime=0.048059084
%%%mzn-stat: objective=267
%%%mzn-stat: nodes=263391
%%%mzn-stat: restarts=54
%%%mzn-stat: peakDepth=1658
%%%mzn-stat: solveTime=62.302602019
%%%mzn-stat: variables=2531
%%%mzn-stat: propagators=7043
%%%mzn-stat: failures=138612
%%%mzn-stat: propagations=65268382
%%%mzn-stat: nogoods=138612
%%%mzn-stat: AverageConflictSize=25.71555132311777
%%%mzn-stat: NumUnitNogoodsLearned=168
%%%mzn-stat: AverageLearnedNogoodLength=87.85641935763137
%%%mzn-stat: AverageBacktrackAmount=0
%%%mzn-stat: AverageLbd=14.589249127059706
%%%mzn-stat-end
maxleg = 267;
succ = array1d(1..100,[44, 15, 68, 60, 62, 38, 56, 52, 85, 18, 28, 100, 78, 95, 22, 93, 71, 73, 72, 64, 14, 66, 20, 77, 76, 35, 37, 17, 10, 16, 11, 70, 47, 84, 31, 69, 25, 50, 81, 45, 89, 91, 30, 94, 3, 79, 7, 92, 88, 57, 6, 58, 12, 9, 23, 1, 98, 54, 61, 63, 29, 43, 46, 34, 48, 40, 87, 21, 83, 86, 24, 42, 51, 75, 2, 32, 99, 26, 90, 27, 74, 8, 59, 33, 39, 67, 41, 36, 65, 96, 80, 49, 53, 82, 19, 13, 55, 4, 5, 97]);
% time elapsed: 66.76 s
----------
%%%mzn-stat: initTime=0.048059084
%%%mzn-stat: objective=251
%%%mzn-stat: nodes=266255
%%%mzn-stat: restarts=59
%%%mzn-stat: peakDepth=1658
%%%mzn-stat: solveTime=62.442260942
%%%mzn-stat: variables=2531
%%%mzn-stat: propagators=7043
%%%mzn-stat: failures=138939
%%%mzn-stat: propagations=65506895
%%%mzn-stat: nogoods=138939
%%%mzn-stat: AverageConflictSize=25.671640072261926
%%%mzn-stat: NumUnitNogoodsLearned=168
%%%mzn-stat: AverageLearnedNogoodLength=87.7460684185146
%%%mzn-stat: AverageBacktrackAmount=0
%%%mzn-stat: AverageLbd=14.602379461490294
%%%mzn-stat-end
maxleg = 251;
succ = array1d(1..100,[44, 15, 68, 60, 62, 38, 56, 52, 85, 73, 28, 100, 78, 95, 22, 93, 71, 51, 72, 64, 14, 66, 20, 77, 76, 35, 37, 17, 61, 16, 11, 83, 47, 84, 31, 69, 25, 50, 81, 45, 87, 91, 30, 94, 3, 79, 7, 92, 88, 57, 6, 58, 12, 9, 23, 1, 98, 54, 49, 63, 10, 43, 46, 34, 48, 40, 29, 21, 70, 86, 24, 42, 18, 75, 2, 32, 99, 26, 90, 27, 74, 8, 59, 33, 39, 67, 36, 89, 65, 96, 80, 41, 53, 82, 19, 13, 55, 4, 5, 97]);
% time elapsed: 66.91 s
----------
%%%mzn-stat: initTime=0.048059084
%%%mzn-stat: objective=250
%%%mzn-stat: nodes=281122
%%%mzn-stat: restarts=60
%%%mzn-stat: peakDepth=1658
%%%mzn-stat: solveTime=67.106419491
%%%mzn-stat: variables=2531
%%%mzn-stat: propagators=7043
%%%mzn-stat: failures=149384
%%%mzn-stat: propagations=69113163
%%%mzn-stat: nogoods=149384
%%%mzn-stat: AverageConflictSize=25.602280029989824
%%%mzn-stat: NumUnitNogoodsLearned=168
%%%mzn-stat: AverageLearnedNogoodLength=87.67502543779788
%%%mzn-stat: AverageBacktrackAmount=0
%%%mzn-stat: AverageLbd=14.499705457077063
%%%mzn-stat-end
maxleg = 250;
succ = array1d(1..100,[44, 15, 65, 60, 62, 38, 56, 52, 85, 73, 28, 100, 78, 95, 22, 93, 71, 51, 72, 64, 14, 66, 20, 77, 76, 35, 37, 17, 61, 16, 11, 83, 47, 84, 31, 68, 25, 50, 81, 45, 87, 91, 30, 94, 59, 79, 7, 92, 88, 57, 6, 58, 12, 9, 23, 1, 98, 54, 3, 63, 10, 43, 46, 34, 49, 40, 29, 21, 70, 86, 24, 42, 18, 75, 2, 32, 99, 26, 90, 27, 74, 8, 69, 33, 39, 67, 36, 89, 48, 96, 80, 41, 53, 82, 19, 13, 55, 4, 5, 97]);
% time elapsed: 71.58 s
----------
%%%mzn-stat: initTime=0.048059084
%%%mzn-stat: objective=249
%%%mzn-stat: nodes=282850
%%%mzn-stat: restarts=61
%%%mzn-stat: peakDepth=1658
%%%mzn-stat: solveTime=67.178668847
%%%mzn-stat: variables=2531
%%%mzn-stat: propagators=7043
%%%mzn-stat: failures=149547
%%%mzn-stat: propagations=69279620
%%%mzn-stat: nogoods=149547
%%%mzn-stat: AverageConflictSize=25.580292483299566
%%%mzn-stat: NumUnitNogoodsLearned=168
%%%mzn-stat: AverageLearnedNogoodLength=87.62169083966913
%%%mzn-stat: AverageBacktrackAmount=0
%%%mzn-stat: AverageLbd=14.501594816345364
%%%mzn-stat-end
maxleg = 249;
succ = array1d(1..100,[44, 22, 65, 60, 62, 38, 56, 52, 85, 73, 28, 100, 78, 95, 2, 93, 71, 51, 72, 64, 14, 63, 20, 77, 76, 35, 37, 17, 61, 16, 11, 83, 47, 84, 31, 68, 25, 50, 81, 45, 87, 91, 30, 94, 59, 79, 7, 92, 88, 57, 6, 58, 12, 9, 23, 1, 98, 54, 3, 66, 10, 43, 46, 34, 49, 40, 29, 21, 70, 86, 24, 42, 18, 75, 4, 32, 99, 26, 90, 27, 74, 8, 69, 33, 39, 67, 36, 89, 48, 96, 80, 41, 53, 82, 19, 13, 55, 15, 5, 97]);
% time elapsed: 71.66 s
----------
%%%mzn-stat: initTime=0.048059084
%%%mzn-stat: objective=248
%%%mzn-stat: nodes=288333
%%%mzn-stat: restarts=62
%%%mzn-stat: peakDepth=1658
%%%mzn-stat: solveTime=68.564730366
%%%mzn-stat: variables=2531
%%%mzn-stat: propagators=7043
%%%mzn-stat: failures=152471
%%%mzn-stat: propagations=70191780
%%%mzn-stat: nogoods=152471
%%%mzn-stat: AverageConflictSize=25.51710817138997
%%%mzn-stat: NumUnitNogoodsLearned=168
%%%mzn-stat: AverageLearnedNogoodLength=87.48809937627483
%%%mzn-stat: AverageBacktrackAmount=0
%%%mzn-stat: AverageLbd=14.454538895921191
%%%mzn-stat-end
maxleg = 248;
succ = array1d(1..100,[44, 22, 65, 60, 62, 38, 56, 52, 85, 73, 28, 100, 78, 95, 2, 93, 71, 51, 72, 64, 14, 63, 20, 77, 76, 35, 37, 17, 61, 16, 11, 83, 47, 84, 31, 68, 25, 50, 81, 45, 87, 91, 30, 94, 59, 79, 7, 92, 88, 57, 6, 58, 12, 9, 23, 1, 98, 54, 3, 66, 10, 43, 46, 34, 49, 40, 29, 21, 70, 86, 24, 42, 18, 75, 4, 32, 99, 26, 90, 27, 74, 8, 69, 33, 39, 67, 36, 89, 48, 96, 80, 41, 53, 82, 19, 13, 55, 15, 5, 97]);
% time elapsed: 73.05 s
----------
%%%mzn-stat: initTime=0.048059084
%%%mzn-stat: objective=247
%%%mzn-stat: nodes=289972
%%%mzn-stat: restarts=63
%%%mzn-stat: peakDepth=1658
%%%mzn-stat: solveTime=68.618594937
%%%mzn-stat: variables=2531
%%%mzn-stat: propagators=7043
%%%mzn-stat: failures=152556
%%%mzn-stat: propagations=70308614
%%%mzn-stat: nogoods=152556
%%%mzn-stat: AverageConflictSize=25.50818060253284
%%%mzn-stat: NumUnitNogoodsLearned=168
%%%mzn-stat: AverageLearnedNogoodLength=87.46413775924906
%%%mzn-stat: AverageBacktrackAmount=0
%%%mzn-stat: AverageLbd=14.45521644510868
%%%mzn-stat-end
maxleg = 247;
succ = array1d(1..100,[44, 22, 65, 60, 62, 38, 56, 52, 85, 73, 28, 100, 78, 95, 2, 93, 71, 51, 72, 64, 14, 63, 20, 77, 76, 35, 37, 17, 61, 16, 11, 83, 47, 84, 31, 68, 25, 50, 81, 45, 87, 91, 30, 94, 59, 79, 7, 92, 88, 57, 6, 58, 12, 9, 23, 1, 98, 54, 3, 66, 10, 43, 46, 34, 49, 40, 29, 21, 70, 86, 24, 42, 18, 75, 4, 32, 99, 26, 90, 27, 74, 8, 69, 33, 39, 67, 36, 89, 48, 96, 80, 41, 53, 82, 19, 13, 55, 15, 5, 97]);
% time elapsed: 73.11 s
----------
%%%mzn-stat: initTime=0.048059084
%%%mzn-stat: objective=246
%%%mzn-stat: nodes=295087
%%%mzn-stat: restarts=68
%%%mzn-stat: peakDepth=1658
%%%mzn-stat: solveTime=69.130695616
%%%mzn-stat: variables=2531
%%%mzn-stat: propagators=7043
%%%mzn-stat: failures=153721
%%%mzn-stat: propagations=70977835
%%%mzn-stat: nogoods=153721
%%%mzn-stat: AverageConflictSize=25.4229805947138
%%%mzn-stat: NumUnitNogoodsLearned=168
%%%mzn-stat: AverageLearnedNogoodLength=87.31484312488209
%%%mzn-stat: AverageBacktrackAmount=0
%%%mzn-stat: AverageLbd=14.452846390538703
%%%mzn-stat-end
maxleg = 246;
succ = array1d(1..100,[44, 22, 65, 60, 62, 38, 56, 52, 85, 73, 28, 100, 78, 95, 2, 93, 71, 51, 72, 64, 14, 63, 20, 77, 76, 35, 37, 17, 61, 16, 25, 83, 47, 84, 31, 68, 11, 50, 81, 45, 87, 91, 30, 94, 59, 79, 7, 92, 88, 57, 6, 58, 12, 9, 23, 1, 98, 54, 3, 66, 10, 43, 39, 34, 49, 40, 29, 21, 70, 86, 24, 42, 18, 75, 4, 32, 99, 26, 90, 27, 74, 8, 69, 33, 46, 67, 36, 89, 48, 96, 80, 41, 53, 82, 19, 13, 55, 15, 5, 97]);
% time elapsed: 73.63 s
----------
%%%mzn-stat: initTime=0.048059084
%%%mzn-stat: objective=245
%%%mzn-stat: nodes=311756
%%%mzn-stat: restarts=69
%%%mzn-stat: peakDepth=1658
%%%mzn-stat: solveTime=75.717962602
%%%mzn-stat: variables=2531
%%%mzn-stat: propagators=7043
%%%mzn-stat: failures=165731
%%%mzn-stat: propagations=75824546
%%%mzn-stat: nogoods=165731
%%%mzn-stat: AverageConflictSize=25.55236497698077
%%%mzn-stat: NumUnitNogoodsLearned=168
%%%mzn-stat: AverageLearnedNogoodLength=88.76799753817934
%%%mzn-stat: AverageBacktrackAmount=0
%%%mzn-stat: AverageLbd=14.296902812388751
%%%mzn-stat-end
maxleg = 245;
succ = array1d(1..100,[44, 22, 65, 60, 62, 38, 56, 52, 85, 73, 28, 100, 78, 95, 2, 93, 71, 51, 72, 64, 14, 63, 20, 77, 76, 35, 37, 17, 61, 16, 25, 83, 47, 84, 31, 68, 11, 50, 81, 45, 87, 91, 30, 94, 59, 79, 7, 92, 88, 57, 6, 58, 12, 9, 23, 1, 98, 54, 3, 66, 10, 43, 39, 34, 49, 40, 29, 21, 70, 86, 24, 42, 18, 75, 4, 32, 99, 26, 90, 27, 74, 8, 69, 33, 46, 67, 36, 89, 48, 96, 80, 41, 53, 82, 19, 13, 55, 15, 5, 97]);
% time elapsed: 80.23 s
----------
%%%mzn-stat: initTime=0.048059084
%%%mzn-stat: objective=244
%%%mzn-stat: nodes=313518
%%%mzn-stat: restarts=70
%%%mzn-stat: peakDepth=1658
%%%mzn-stat: solveTime=75.817464353
%%%mzn-stat: variables=2531
%%%mzn-stat: propagators=7043
%%%mzn-stat: failures=166000
%%%mzn-stat: propagations=75986963
%%%mzn-stat: nogoods=166000
%%%mzn-stat: AverageConflictSize=25.523138554216867
%%%mzn-stat: NumUnitNogoodsLearned=168
%%%mzn-stat: AverageLearnedNogoodLength=88.69621686746989
%%%mzn-stat: AverageBacktrackAmount=0
%%%mzn-stat: AverageLbd=14.29874096385542
%%%mzn-stat-end
maxleg = 244;
succ = array1d(1..100,[44, 22, 68, 60, 62, 38, 56, 52, 85, 73, 28, 100, 78, 95, 2, 93, 71, 51, 72, 64, 14, 63, 20, 77, 76, 35, 37, 17, 61, 16, 25, 83, 47, 84, 31, 21, 11, 50, 81, 45, 87, 91, 30, 94, 65, 79, 7, 92, 88, 57, 6, 58, 12, 9, 23, 1, 98, 54, 3, 66, 10, 43, 39, 34, 49, 40, 29, 36, 70, 86, 24, 42, 18, 75, 4, 32, 99, 26, 90, 27, 74, 8, 69, 33, 46, 67, 59, 89, 48, 96, 80, 41, 53, 82, 19, 13, 55, 15, 5, 97]);
% time elapsed: 80.33 s
----------
%%%mzn-stat: initTime=0.048059084
%%%mzn-stat: objective=243
%%%mzn-stat: nodes=316224
%%%mzn-stat: restarts=71
%%%mzn-stat: peakDepth=1658
%%%mzn-stat: solveTime=76.288402658
%%%mzn-stat: variables=2531
%%%mzn-stat: propagators=7043
%%%mzn-stat: failures=167027
%%%mzn-stat: propagations=76529134
%%%mzn-stat: nogoods=167027
%%%mzn-stat: AverageConflictSize=25.466535350572062
%%%mzn-stat: NumUnitNogoodsLearned=168
%%%mzn-stat: AverageLearnedNogoodLength=88.66777227633855
%%%mzn-stat: AverageBacktrackAmount=0
%%%mzn-stat: AverageLbd=14.299723996719093
%%%mzn-stat-end
maxleg = 243;
succ = array1d(1..100,[44, 22, 68, 60, 62, 38, 56, 52, 85, 73, 28, 100, 78, 95, 2, 93, 71, 51, 72, 64, 14, 63, 20, 77, 76, 35, 37, 17, 61, 16, 25, 83, 47, 84, 31, 21, 11, 50, 81, 45, 87, 91, 30, 94, 65, 79, 7, 92, 88, 57, 6, 58, 12, 9, 23, 1, 98, 54, 3, 66, 10, 43, 39, 34, 49, 40, 29, 36, 70, 86, 24, 42, 18, 75, 4, 32, 99, 26, 90, 27, 74, 8, 69, 33, 46, 67, 59, 89, 48, 96, 80, 41, 53, 82, 19, 13, 55, 15, 5, 97]);
% time elapsed: 80.81 s
----------
%%%mzn-stat: initTime=0.048059084
%%%mzn-stat: objective=242
%%%mzn-stat: nodes=318944
%%%mzn-stat: restarts=72
%%%mzn-stat: peakDepth=1658
%%%mzn-stat: solveTime=76.517706755
%%%mzn-stat: variables=2531
%%%mzn-stat: propagators=7043
%%%mzn-stat: failures=167728
%%%mzn-stat: propagations=76882821
%%%mzn-stat: nogoods=167728
%%%mzn-stat: AverageConflictSize=25.409854049413337
%%%mzn-stat: NumUnitNogoodsLearned=168
%%%mzn-stat: AverageLearnedNogoodLength=88.4840396356005
%%%mzn-stat: AverageBacktrackAmount=0
%%%mzn-stat: AverageLbd=14.297368358294381
%%%mzn-stat-end
maxleg = 242;
succ = array1d(1..100,[44, 22, 68, 60, 62, 38, 56, 52, 85, 73, 28, 100, 78, 95, 2, 93, 71, 51, 72, 64, 14, 63, 20, 77, 76, 35, 37, 17, 61, 16, 25, 83, 47, 84, 31, 21, 11, 50, 81, 45, 87, 91, 30, 94, 65, 79, 7, 92, 88, 57, 6, 58, 12, 9, 23, 1, 98, 54, 3, 66, 10, 43, 39, 34, 49, 40, 29, 36, 70, 86, 24, 42, 18, 75, 4, 32, 99, 26, 90, 27, 74, 8, 69, 33, 46, 67, 59, 89, 48, 96, 80, 41, 53, 82, 19, 13, 55, 15, 5, 97]);
% time elapsed: 81.05 s
----------
%%%mzn-stat: initTime=0.048059084
%%%mzn-stat: objective=241
%%%mzn-stat: nodes=321501
%%%mzn-stat: restarts=73
%%%mzn-stat: peakDepth=1658
%%%mzn-stat: solveTime=76.963373968
%%%mzn-stat: variables=2531
%%%mzn-stat: propagators=7043
%%%mzn-stat: failures=168469
%%%mzn-stat: propagations=77258568
%%%mzn-stat: nogoods=168469
%%%mzn-stat: AverageConflictSize=25.475434649698165
%%%mzn-stat: NumUnitNogoodsLearned=168
%%%mzn-stat: AverageLearnedNogoodLength=88.64341807691623
%%%mzn-stat: AverageBacktrackAmount=0
%%%mzn-stat: AverageLbd=14.30077937187257
%%%mzn-stat-end
maxleg = 241;
succ = array1d(1..100,[44, 22, 68, 60, 62, 38, 56, 52, 85, 73, 28, 100, 78, 95, 2, 93, 71, 51, 72, 64, 14, 63, 20, 77, 76, 35, 37, 17, 61, 16, 25, 83, 47, 84, 31, 21, 11, 50, 81, 45, 87, 91, 30, 94, 65, 79, 7, 92, 88, 57, 6, 58, 12, 9, 23, 1, 98, 54, 3, 66, 10, 43, 39, 34, 49, 40, 29, 36, 70, 86, 24, 42, 18, 75, 4, 32, 99, 26, 90, 27, 74, 8, 69, 33, 46, 67, 59, 89, 48, 96, 80, 41, 53, 82, 19, 13, 55, 15, 5, 97]);
% time elapsed: 81.50 s
----------
%%%mzn-stat: initTime=0.048059084
%%%mzn-stat: objective=240
%%%mzn-stat: nodes=323372
%%%mzn-stat: restarts=74
%%%mzn-stat: peakDepth=1658
%%%mzn-stat: solveTime=77.038042045
%%%mzn-stat: variables=2531
%%%mzn-stat: propagators=7043
%%%mzn-stat: failures=168630
%%%mzn-stat: propagations=77411030
%%%mzn-stat: nogoods=168630
%%%mzn-stat: AverageConflictSize=25.460149439601494
%%%mzn-stat: NumUnitNogoodsLearned=168
%%%mzn-stat: AverageLearnedNogoodLength=88.60343948289153
%%%mzn-stat: AverageBacktrackAmount=0
%%%mzn-stat: AverageLbd=14.301879855304513
%%%mzn-stat-end
maxleg = 240;
succ = array1d(1..100,[44, 22, 68, 60, 62, 38, 56, 52, 85, 73, 28, 100, 78, 95, 2, 93, 71, 51, 72, 64, 14, 63, 20, 77, 76, 35, 37, 17, 61, 16, 25, 83, 47, 84, 31, 21, 11, 50, 81, 45, 87, 91, 30, 94, 65, 79, 7, 92, 88, 57, 6, 58, 12, 9, 23, 1, 98, 54, 3, 66, 10, 43, 39, 34, 49, 40, 29, 36, 70, 86, 24, 42, 18, 75, 4, 32, 99, 26, 90, 27, 74, 8, 69, 33, 46, 67, 59, 89, 48, 96, 80, 41, 53, 82, 19, 13, 55, 15, 5, 97]);
% time elapsed: 81.58 s
----------
%%%mzn-stat: initTime=0.048059084
%%%mzn-stat: objective=239
%%%mzn-stat: nodes=328444
%%%mzn-stat: restarts=75
%%%mzn-stat: peakDepth=1658
%%%mzn-stat: solveTime=78.627180597
%%%mzn-stat: variables=2531
%%%mzn-stat: propagators=7043
%%%mzn-stat: failures=171384
%%%mzn-stat: propagations=78636511
%%%mzn-stat: nogoods=171384
%%%mzn-stat: AverageConflictSize=25.613289455258368
%%%mzn-stat: NumUnitNogoodsLearned=168
%%%mzn-stat: AverageLearnedNogoodLength=89.12420062549596
%%%mzn-stat: AverageBacktrackAmount=0
%%%mzn-stat: AverageLbd=14.275638332633152
%%%mzn-stat-end
maxleg = 239;
succ = array1d(1..100,[44, 22, 68, 60, 62, 38, 56, 52, 85, 73, 28, 100, 78, 95, 2, 93, 71, 51, 72, 64, 14, 63, 20, 77, 76, 35, 37, 17, 61, 16, 25, 83, 47, 84, 31, 21, 11, 50, 81, 45, 87, 91, 30, 94, 65, 79, 7, 92, 88, 57, 6, 58, 12, 9, 23, 1, 98, 54, 3, 66, 10, 43, 39, 34, 49, 40, 29, 36, 70, 86, 24, 42, 18, 75, 4, 32, 99, 26, 90, 27, 74, 8, 69, 33, 46, 67, 59, 89, 48, 96, 80, 41, 53, 82, 19, 13, 55, 15, 5, 97]);
% time elapsed: 83.18 s
----------
%%%mzn-stat: initTime=0.048059084
%%%mzn-stat: objective=238
%%%mzn-stat: nodes=333033
%%%mzn-stat: restarts=76
%%%mzn-stat: peakDepth=1658
%%%mzn-stat: solveTime=80.018624911
%%%mzn-stat: variables=2531
%%%mzn-stat: propagators=7043
%%%mzn-stat: failures=173939
%%%mzn-stat: propagations=79591583
%%%mzn-stat: nogoods=173939
%%%mzn-stat: AverageConflictSize=25.521705885396603
%%%mzn-stat: NumUnitNogoodsLearned=168
%%%mzn-stat: AverageLearnedNogoodLength=89.01220542833983
%%%mzn-stat: AverageBacktrackAmount=0
%%%mzn-stat: AverageLbd=14.264431783556304
%%%mzn-stat-end
maxleg = 238;
succ = array1d(1..100,[44, 22, 68, 60, 62, 38, 56, 52, 85, 73, 28, 100, 78, 95, 2, 93, 71, 51, 72, 64, 14, 63, 20, 77, 76, 35, 37, 17, 61, 16, 25, 83, 47, 84, 31, 21, 11, 50, 81, 45, 87, 91, 30, 94, 65, 79, 7, 92, 88, 57, 6, 58, 12, 9, 23, 1, 98, 54, 3, 66, 10, 43, 39, 34, 49, 40, 29, 36, 70, 86, 24, 42, 18, 75, 4, 32, 99, 26, 90, 27, 74, 8, 69, 33, 46, 67, 59, 89, 48, 96, 80, 41, 53, 82, 19, 13, 55, 15, 5, 97]);
% time elapsed: 84.58 s
----------
%%%mzn-stat: initTime=0.048059084
%%%mzn-stat: objective=232
%%%mzn-stat: nodes=335949
%%%mzn-stat: restarts=82
%%%mzn-stat: peakDepth=1658
%%%mzn-stat: solveTime=80.263092424
%%%mzn-stat: variables=2531
%%%mzn-stat: propagators=7043
%%%mzn-stat: failures=174450
%%%mzn-stat: propagations=79936039
%%%mzn-stat: nogoods=174450
%%%mzn-stat: AverageConflictSize=25.485010031527658
%%%mzn-stat: NumUnitNogoodsLearned=168
%%%mzn-stat: AverageLearnedNogoodLength=88.91802235597592
%%%mzn-stat: AverageBacktrackAmount=0
%%%mzn-stat: AverageLbd=14.29871023215821
%%%mzn-stat-end
maxleg = 232;
succ = array1d(1..100,[44, 22, 68, 60, 62, 38, 56, 52, 85, 73, 28, 100, 78, 95, 2, 93, 71, 51, 72, 64, 14, 63, 20, 77, 76, 35, 37, 17, 61, 16, 84, 83, 47, 31, 25, 21, 11, 50, 81, 45, 87, 91, 30, 94, 65, 79, 7, 92, 88, 57, 6, 58, 12, 9, 23, 1, 98, 54, 3, 66, 10, 43, 39, 34, 49, 40, 29, 36, 70, 86, 24, 42, 18, 75, 4, 32, 99, 26, 90, 27, 74, 8, 69, 33, 46, 67, 59, 89, 48, 96, 80, 41, 53, 82, 19, 13, 55, 15, 5, 97]);
% time elapsed: 84.83 s
----------
%%%mzn-stat: initTime=0.048059084
%%%mzn-stat: objective=230
%%%mzn-stat: nodes=338014
%%%mzn-stat: restarts=84
%%%mzn-stat: peakDepth=1658
%%%mzn-stat: solveTime=80.345274757
%%%mzn-stat: variables=2531
%%%mzn-stat: propagators=7043
%%%mzn-stat: failures=174567
%%%mzn-stat: propagations=80024990
%%%mzn-stat: nogoods=174567
%%%mzn-stat: AverageConflictSize=25.477031741394423
%%%mzn-stat: NumUnitNogoodsLearned=168
%%%mzn-stat: AverageLearnedNogoodLength=88.9058814094302
%%%mzn-stat: AverageBacktrackAmount=0
%%%mzn-stat: AverageLbd=14.301242502878551
%%%mzn-stat-end
maxleg = 230;
succ = array1d(1..100,[44, 22, 68, 63, 62, 38, 56, 52, 85, 73, 28, 100, 78, 95, 2, 93, 71, 51, 72, 64, 14, 74, 20, 77, 76, 35, 37, 17, 61, 16, 84, 83, 47, 31, 25, 21, 11, 50, 81, 45, 87, 91, 30, 94, 65, 60, 7, 92, 88, 57, 6, 58, 12, 9, 23, 1, 98, 54, 3, 66, 10, 43, 39, 34, 49, 40, 29, 36, 70, 86, 24, 42, 18, 75, 4, 32, 99, 26, 46, 27, 79, 8, 69, 33, 90, 67, 59, 89, 48, 96, 80, 41, 53, 82, 19, 13, 55, 15, 5, 97]);
% time elapsed: 84.92 s
----------
%%%mzn-stat: initTime=0.048059084
%%%mzn-stat: objective=229
%%%mzn-stat: nodes=341771
%%%mzn-stat: restarts=85
%%%mzn-stat: peakDepth=1658
%%%mzn-stat: solveTime=81.238571919
%%%mzn-stat: variables=2531
%%%mzn-stat: propagators=7043
%%%mzn-stat: failures=176538
%%%mzn-stat: propagations=80848520
%%%mzn-stat: nogoods=176538
%%%mzn-stat: AverageConflictSize=25.370838006548166
%%%mzn-stat: NumUnitNogoodsLearned=168
%%%mzn-stat: AverageLearnedNogoodLength=88.72307945031665
%%%mzn-stat: AverageBacktrackAmount=0
%%%mzn-stat: AverageLbd=14.299720173560367
%%%mzn-stat-end
maxleg = 229;
succ = array1d(1..100,[44, 22, 68, 63, 62, 38, 56, 52, 85, 73, 28, 100, 78, 95, 2, 93, 71, 51, 72, 64, 14, 74, 20, 77, 76, 35, 37, 17, 61, 16, 84, 83, 47, 31, 25, 21, 11, 50, 81, 45, 87, 91, 30, 94, 65, 60, 7, 92, 88, 57, 6, 58, 12, 9, 23, 1, 98, 54, 3, 66, 10, 43, 39, 34, 49, 40, 29, 36, 70, 86, 24, 42, 18, 75, 4, 32, 99, 26, 46, 27, 79, 8, 69, 33, 90, 67, 59, 89, 48, 96, 80, 41, 53, 82, 19, 13, 55, 15, 5, 97]);
% time elapsed: 85.82 s
----------
%%%mzn-stat: initTime=0.048059084
%%%mzn-stat: objective=228
%%%mzn-stat: nodes=343468
%%%mzn-stat: restarts=86
%%%mzn-stat: peakDepth=1658
%%%mzn-stat: solveTime=81.316603657
%%%mzn-stat: variables=2531
%%%mzn-stat: propagators=7043
%%%mzn-stat: failures=176704
%%%mzn-stat: propagations=80963307
%%%mzn-stat: nogoods=176704
%%%mzn-stat: AverageConflictSize=25.356075697211157
%%%mzn-stat: NumUnitNogoodsLearned=168
%%%mzn-stat: AverageLearnedNogoodLength=88.68480622962694
%%%mzn-stat: AverageBacktrackAmount=0
%%%mzn-stat: AverageLbd=14.301458936979355
%%%mzn-stat-end
maxleg = 228;
succ = array1d(1..100,[44, 22, 68, 63, 62, 38, 56, 52, 85, 73, 28, 100, 78, 95, 2, 93, 71, 51, 72, 64, 14, 74, 20, 77, 76, 35, 37, 17, 61, 16, 84, 83, 47, 31, 25, 21, 11, 50, 81, 45, 87, 91, 30, 94, 65, 60, 7, 92, 88, 57, 6, 58, 12, 9, 23, 1, 98, 54, 3, 66, 10, 43, 39, 34, 49, 40, 29, 36, 70, 86, 24, 42, 18, 75, 4, 32, 99, 26, 46, 27, 79, 8, 69, 33, 90, 67, 59, 89, 48, 96, 80, 41, 53, 82, 19, 13, 55, 15, 5, 97]);
% time elapsed: 85.90 s
----------
%%%mzn-stat: initTime=0.048059084
%%%mzn-stat: objective=227
%%%mzn-stat: nodes=360772
%%%mzn-stat: restarts=87
%%%mzn-stat: peakDepth=1658
%%%mzn-stat: solveTime=88.610113253
%%%mzn-stat: variables=2531
%%%mzn-stat: propagators=7043
%%%mzn-stat: failures=190076
%%%mzn-stat: propagations=87361442
%%%mzn-stat: nogoods=190076
%%%mzn-stat: AverageConflictSize=25.623540057661145
%%%mzn-stat: NumUnitNogoodsLearned=168
%%%mzn-stat: AverageLearnedNogoodLength=90.18688314148025
%%%mzn-stat: AverageBacktrackAmount=0
%%%mzn-stat: AverageLbd=14.165923104442433
%%%mzn-stat-end
maxleg = 227;
succ = array1d(1..100,[44, 22, 68, 63, 62, 38, 56, 52, 85, 73, 28, 100, 78, 95, 2, 93, 71, 51, 72, 64, 14, 74, 20, 77, 76, 35, 37, 17, 61, 16, 84, 83, 47, 31, 25, 21, 11, 50, 81, 45, 87, 91, 30, 94, 65, 60, 7, 92, 88, 57, 6, 58, 12, 9, 23, 1, 98, 54, 3, 66, 10, 43, 39, 34, 49, 40, 29, 36, 70, 86, 24, 42, 18, 75, 4, 32, 99, 26, 46, 27, 79, 8, 69, 33, 90, 67, 59, 89, 48, 96, 80, 41, 53, 82, 19, 13, 55, 15, 5, 97]);
% time elapsed: 93.20 s
----------
%%%mzn-stat: initTime=0.048059084
%%%mzn-stat: objective=226
%%%mzn-stat: nodes=362761
%%%mzn-stat: restarts=88
%%%mzn-stat: peakDepth=1658
%%%mzn-stat: solveTime=88.742870683
%%%mzn-stat: variables=2531
%%%mzn-stat: propagators=7043
%%%mzn-stat: failures=190423
%%%mzn-stat: propagations=87600034
%%%mzn-stat: nogoods=190423
%%%mzn-stat: AverageConflictSize=25.598388850086387
%%%mzn-stat: NumUnitNogoodsLearned=168
%%%mzn-stat: AverageLearnedNogoodLength=90.1187724171975
%%%mzn-stat: AverageBacktrackAmount=0
%%%mzn-stat: AverageLbd=14.164108327250384
%%%mzn-stat-end
maxleg = 226;
succ = array1d(1..100,[44, 22, 68, 63, 62, 38, 56, 52, 85, 73, 28, 100, 78, 95, 2, 93, 71, 51, 72, 64, 14, 74, 20, 77, 76, 35, 37, 17, 61, 16, 84, 83, 47, 31, 25, 21, 11, 50, 81, 45, 87, 91, 30, 94, 65, 60, 7, 92, 88, 57, 6, 58, 12, 9, 23, 1, 98, 54, 3, 66, 10, 43, 39, 34, 49, 40, 29, 36, 70, 86, 24, 42, 18, 75, 4, 32, 99, 26, 46, 27, 79, 8, 69, 33, 90, 67, 59, 89, 48, 96, 80, 41, 53, 82, 19, 13, 55, 15, 5, 97]);
% time elapsed: 93.34 s
----------
%%%mzn-stat: initTime=0.048059084
%%%mzn-stat: objective=225
%%%mzn-stat: nodes=364219
%%%mzn-stat: restarts=89
%%%mzn-stat: peakDepth=1658
%%%mzn-stat: solveTime=88.826151116
%%%mzn-stat: variables=2531
%%%mzn-stat: propagators=7043
%%%mzn-stat: failures=190547
%%%mzn-stat: propagations=87681571
%%%mzn-stat: nogoods=190547
%%%mzn-stat: AverageConflictSize=25.59188021852876
%%%mzn-stat: NumUnitNogoodsLearned=168
%%%mzn-stat: AverageLearnedNogoodLength=90.11696851695382
%%%mzn-stat: AverageBacktrackAmount=0
%%%mzn-stat: AverageLbd=14.16533978493495
%%%mzn-stat-end
maxleg = 225;
succ = array1d(1..100,[44, 22, 68, 63, 62, 38, 56, 52, 85, 73, 28, 100, 78, 95, 2, 93, 71, 51, 72, 64, 14, 74, 20, 77, 76, 35, 37, 17, 61, 16, 84, 83, 47, 31, 25, 21, 11, 50, 81, 45, 87, 91, 30, 94, 65, 60, 7, 92, 88, 57, 6, 58, 12, 9, 23, 1, 98, 54, 3, 66, 10, 43, 39, 34, 49, 40, 29, 36, 70, 86, 24, 42, 18, 75, 4, 32, 99, 26, 46, 27, 79, 8, 69, 33, 90, 67, 59, 89, 48, 96, 80, 41, 53, 82, 19, 13, 55, 15, 5, 97]);
% time elapsed: 93.44 s
----------
%%%mzn-stat: initTime=0.048059084
%%%mzn-stat: objective=224
%%%mzn-stat: nodes=365812
%%%mzn-stat: restarts=90
%%%mzn-stat: peakDepth=1658
%%%mzn-stat: solveTime=88.897480521
%%%mzn-stat: variables=2531
%%%mzn-stat: propagators=7043
%%%mzn-stat: failures=190620
%%%mzn-stat: propagations=87741069
%%%mzn-stat: nogoods=190620
%%%mzn-stat: AverageConflictSize=25.586779981114258
%%%mzn-stat: NumUnitNogoodsLearned=168
%%%mzn-stat: AverageLearnedNogoodLength=90.10535096002518
%%%mzn-stat: AverageBacktrackAmount=0
%%%mzn-stat: AverageLbd=14.165958451369216
%%%mzn-stat-end
maxleg = 224;
succ = array1d(1..100,[44, 22, 68, 63, 62, 38, 56, 52, 85, 73, 28, 100, 78, 95, 2, 93, 71, 51, 72, 64, 14, 74, 20, 77, 76, 35, 37, 17, 61, 16, 84, 83, 47, 31, 25, 21, 11, 50, 81, 45, 87, 91, 30, 94, 65, 60, 7, 92, 88, 57, 6, 58, 12, 9, 23, 1, 98, 54, 3, 66, 10, 43, 39, 34, 49, 40, 29, 36, 70, 86, 24, 42, 18, 75, 4, 32, 99, 26, 46, 27, 79, 8, 69, 33, 90, 67, 59, 89, 48, 96, 80, 41, 53, 82, 19, 13, 55, 15, 5, 97]);
% time elapsed: 93.51 s
----------
%%%mzn-stat: initTime=0.048059084
%%%mzn-stat: objective=223
%%%mzn-stat: nodes=368430
%%%mzn-stat: restarts=91
%%%mzn-stat: peakDepth=1658
%%%mzn-stat: solveTime=89.479646888
%%%mzn-stat: variables=2531
%%%mzn-stat: propagators=7043
%%%mzn-stat: failures=191746
%%%mzn-stat: propagations=88066062
%%%mzn-stat: nogoods=191746
%%%mzn-stat: AverageConflictSize=25.567323438298583
%%%mzn-stat: NumUnitNogoodsLearned=168
%%%mzn-stat: AverageLearnedNogoodLength=90.14581790493673
%%%mzn-stat: AverageBacktrackAmount=0
%%%mzn-stat: AverageLbd=14.167205574040658
%%%mzn-stat-end
maxleg = 223;
succ = array1d(1..100,[44, 22, 68, 63, 62, 38, 56, 52, 85, 73, 28, 100, 78, 95, 2, 93, 71, 51, 72, 64, 14, 74, 20, 77, 76, 35, 37, 17, 61, 16, 84, 83, 47, 31, 25, 21, 11, 50, 81, 45, 87, 91, 30, 94, 65, 60, 7, 92, 88, 57, 6, 58, 12, 9, 23, 1, 98, 54, 3, 66, 10, 43, 39, 34, 49, 40, 29, 36, 70, 86, 24, 42, 18, 75, 4, 32, 99, 26, 46, 27, 79, 8, 69, 33, 90, 67, 59, 89, 48, 96, 80, 41, 53, 82, 19, 13, 55, 15, 5, 97]);
% time elapsed: 94.10 s
----------
%%%mzn-stat: initTime=0.048059084
%%%mzn-stat: objective=222
%%%mzn-stat: nodes=370921
%%%mzn-stat: restarts=92
%%%mzn-stat: peakDepth=1658
%%%mzn-stat: solveTime=89.710193871
%%%mzn-stat: variables=2531
%%%mzn-stat: propagators=7043
%%%mzn-stat: failures=192486
%%%mzn-stat: propagations=88449309
%%%mzn-stat: nogoods=192486
%%%mzn-stat: AverageConflictSize=25.500384443543947
%%%mzn-stat: NumUnitNogoodsLearned=168
%%%mzn-stat: AverageLearnedNogoodLength=89.97276165539311
%%%mzn-stat: AverageBacktrackAmount=0
%%%mzn-stat: AverageLbd=14.166593934104299
%%%mzn-stat-end
maxleg = 222;
succ = array1d(1..100,[44, 22, 68, 63, 62, 38, 56, 52, 85, 73, 28, 100, 78, 95, 2, 93, 71, 51, 72, 64, 14, 74, 20, 77, 76, 35, 37, 17, 61, 16, 84, 83, 47, 31, 25, 21, 11, 50, 81, 45, 87, 91, 30, 94, 65, 60, 7, 92, 88, 57, 6, 58, 12, 9, 23, 1, 98, 54, 3, 66, 10, 43, 39, 34, 49, 40, 29, 36, 70, 86, 24, 42, 18, 75, 4, 32, 99, 26, 46, 27, 79, 8, 69, 33, 90, 67, 59, 89, 48, 96, 80, 41, 53, 82, 19, 13, 55, 15, 5, 97]);
% time elapsed: 94.34 s
----------
%%%mzn-stat: initTime=0.048059084
%%%mzn-stat: objective=217
%%%mzn-stat: nodes=376482
%%%mzn-stat: restarts=101
%%%mzn-stat: peakDepth=1658
%%%mzn-stat: solveTime=90.290989862
%%%mzn-stat: variables=2531
%%%mzn-stat: propagators=7043
%%%mzn-stat: failures=193852
%%%mzn-stat: propagations=89196654
%%%mzn-stat: nogoods=193852
%%%mzn-stat: AverageConflictSize=25.40105338092978
%%%mzn-stat: NumUnitNogoodsLearned=168
%%%mzn-stat: AverageLearnedNogoodLength=89.71496812000908
%%%mzn-stat: AverageBacktrackAmount=0
%%%mzn-stat: AverageLbd=14.184455151352578
%%%mzn-stat-end
maxleg = 217;
succ = array1d(1..100,[44, 22, 68, 74, 62, 38, 56, 52, 85, 73, 28, 100, 78, 41, 2, 93, 71, 51, 72, 64, 14, 90, 20, 77, 76, 35, 37, 17, 61, 16, 84, 83, 47, 31, 25, 21, 11, 50, 81, 45, 95, 91, 30, 94, 65, 60, 7, 92, 88, 57, 6, 58, 12, 9, 23, 1, 98, 54, 29, 66, 10, 43, 39, 34, 59, 40, 69, 36, 70, 87, 24, 42, 18, 75, 46, 49, 99, 26, 4, 27, 79, 8, 86, 33, 63, 67, 3, 89, 48, 96, 80, 32, 53, 82, 19, 13, 55, 15, 5, 97]);
% time elapsed: 94.93 s
----------
%%%mzn-stat: initTime=0.048059084
%%%mzn-stat: objective=215
%%%mzn-stat: nodes=392438
%%%mzn-stat: restarts=103
%%%mzn-stat: peakDepth=1658
%%%mzn-stat: solveTime=96.082641116
%%%mzn-stat: variables=2531
%%%mzn-stat: propagators=7043
%%%mzn-stat: failures=204801
%%%mzn-stat: propagations=93578886
%%%mzn-stat: nogoods=204801
%%%mzn-stat: AverageConflictSize=25.86309148881109
%%%mzn-stat: NumUnitNogoodsLearned=168
%%%mzn-stat: AverageLearnedNogoodLength=91.07474572878063
%%%mzn-stat: AverageBacktrackAmount=0
%%%mzn-stat: AverageLbd=14.124091190960982
%%%mzn-stat-end
maxleg = 215;
succ = array1d(1..100,[44, 22, 68, 74, 62, 98, 56, 52, 85, 73, 28, 100, 78, 41, 2, 93, 71, 51, 72, 64, 14, 90, 20, 77, 76, 35, 37, 17, 61, 16, 84, 83, 47, 31, 25, 21, 11, 50, 60, 45, 95, 91, 30, 94, 65, 66, 7, 92, 88, 57, 6, 58, 12, 9, 23, 1, 75, 54, 29, 81, 10, 43, 39, 34, 59, 40, 69, 36, 70, 87, 24, 42, 18, 15, 79, 49, 99, 26, 4, 27, 46, 8, 86, 33, 63, 67, 3, 89, 48, 96, 80, 32, 53, 82, 19, 13, 55, 38, 5, 97]);
% time elapsed: 100.73 s
----------
%%%mzn-stat: initTime=0.048059084
%%%mzn-stat: objective=214
%%%mzn-stat: nodes=397194
%%%mzn-stat: restarts=106
%%%mzn-stat: peakDepth=1658
%%%mzn-stat: solveTime=96.909754714
%%%mzn-stat: variables=2531
%%%mzn-stat: propagators=7043
%%%mzn-stat: failures=207085
%%%mzn-stat: propagations=94734866
%%%mzn-stat: nogoods=207085
%%%mzn-stat: AverageConflictSize=25.7050051911051
%%%mzn-stat: NumUnitNogoodsLearned=168
%%%mzn-stat: AverageLearnedNogoodLength=90.6211410773354
%%%mzn-stat: AverageBacktrackAmount=0
%%%mzn-stat: AverageLbd=14.124567206702562
%%%mzn-stat-end
maxleg = 214;
succ = array1d(1..100,[44, 22, 68, 74, 62, 98, 56, 52, 85, 73, 28, 100, 78, 41, 2, 93, 71, 51, 72, 27, 14, 90, 64, 77, 76, 60, 37, 17, 61, 42, 84, 83, 47, 31, 20, 21, 11, 50, 26, 45, 95, 91, 30, 94, 65, 66, 7, 92, 88, 57, 6, 58, 12, 9, 23, 1, 75, 54, 29, 81, 10, 43, 39, 34, 59, 40, 69, 36, 70, 87, 24, 16, 18, 15, 79, 49, 99, 35, 4, 25, 46, 8, 86, 33, 63, 67, 3, 89, 48, 96, 80, 32, 53, 82, 19, 13, 55, 38, 5, 97]);
% time elapsed: 101.56 s
----------
%%%mzn-stat: initTime=0.048059084
%%%mzn-stat: objective=213
%%%mzn-stat: nodes=409366
%%%mzn-stat: restarts=107
%%%mzn-stat: peakDepth=1658
%%%mzn-stat: solveTime=101.806259455
%%%mzn-stat: variables=2531
%%%mzn-stat: propagators=7043
%%%mzn-stat: failures=216042
%%%mzn-stat: propagations=98609752
%%%mzn-stat: nogoods=216042
%%%mzn-stat: AverageConflictSize=26.19661917590098
%%%mzn-stat: NumUnitNogoodsLearned=168
%%%mzn-stat: AverageLearnedNogoodLength=91.96349320965368
%%%mzn-stat: AverageBacktrackAmount=0
%%%mzn-stat: AverageLbd=14.093653085974024
%%%mzn-stat-end
maxleg = 213;
succ = array1d(1..100,[44, 22, 68, 74, 62, 98, 56, 52, 85, 73, 28, 100, 78, 41, 2, 93, 71, 51, 72, 27, 14, 90, 64, 77, 76, 60, 37, 17, 61, 42, 84, 83, 47, 31, 20, 21, 11, 50, 26, 45, 95, 91, 30, 94, 65, 66, 7, 92, 88, 57, 6, 58, 12, 9, 23, 1, 75, 54, 29, 81, 10, 43, 39, 34, 59, 40, 69, 36, 70, 87, 24, 16, 18, 15, 79, 49, 99, 35, 4, 25, 46, 8, 86, 33, 63, 67, 3, 89, 48, 96, 80, 32, 53, 82, 19, 13, 55, 38, 5, 97]);
% time elapsed: 106.47 s
----------
%%%mzn-stat: initTime=0.048059084
%%%mzn-stat: objective=212
%%%mzn-stat: nodes=411419
%%%mzn-stat: restarts=108
%%%mzn-stat: peakDepth=1658
%%%mzn-stat: solveTime=101.939852509
%%%mzn-stat: variables=2531
%%%mzn-stat: propagators=7043
%%%mzn-stat: failures=216438
%%%mzn-stat: propagations=98856076
%%%mzn-stat: nogoods=216438
%%%mzn-stat: AverageConflictSize=26.165049575398037
%%%mzn-stat: NumUnitNogoodsLearned=168
%%%mzn-stat: AverageLearnedNogoodLength=91.86877535368096
%%%mzn-stat: AverageBacktrackAmount=0
%%%mzn-stat: AverageLbd=14.089499071327586
%%%mzn-stat-end
maxleg = 212;
succ = array1d(1..100,[44, 22, 68, 74, 62, 98, 56, 52, 85, 73, 28, 100, 78, 41, 2, 93, 71, 51, 72, 27, 14, 90, 64, 77, 76, 60, 37, 17, 61, 42, 84, 83, 47, 31, 20, 21, 11, 50, 26, 45, 95, 91, 30, 94, 65, 66, 7, 92, 88, 57, 6, 58, 12, 9, 23, 1, 75, 54, 29, 81, 10, 43, 39, 34, 59, 40, 69, 36, 70, 87, 24, 16, 18, 15, 79, 49, 99, 35, 4, 25, 46, 8, 86, 33, 63, 67, 3, 89, 48, 96, 80, 32, 53, 82, 19, 13, 55, 38, 5, 97]);
% time elapsed: 106.61 s
----------
%%%mzn-stat: initTime=0.048059084
%%%mzn-stat: objective=208
%%%mzn-stat: nodes=418496
%%%mzn-stat: restarts=110
%%%mzn-stat: peakDepth=1658
%%%mzn-stat: solveTime=104.128327003
%%%mzn-stat: variables=2531
%%%mzn-stat: propagators=7043
%%%mzn-stat: failures=220762
%%%mzn-stat: propagations=100724782
%%%mzn-stat: nogoods=220762
%%%mzn-stat: AverageConflictSize=26.201855391779382
%%%mzn-stat: NumUnitNogoodsLearned=168
%%%mzn-stat: AverageLearnedNogoodLength=92.06806877995307
%%%mzn-stat: AverageBacktrackAmount=0
%%%mzn-stat: AverageLbd=14.071606526485537
%%%mzn-stat-end
maxleg = 208;
succ = array1d(1..100,[44, 22, 68, 74, 62, 98, 56, 52, 85, 73, 28, 100, 78, 41, 2, 93, 71, 57, 72, 27, 14, 90, 64, 77, 76, 60, 37, 17, 61, 42, 84, 83, 47, 31, 20, 21, 11, 51, 26, 45, 95, 91, 30, 94, 65, 66, 7, 92, 88, 6, 18, 58, 12, 9, 23, 1, 75, 54, 29, 81, 10, 43, 39, 34, 59, 40, 87, 36, 70, 86, 24, 16, 50, 15, 79, 49, 99, 35, 4, 25, 46, 8, 69, 33, 63, 67, 3, 89, 48, 96, 80, 32, 53, 82, 19, 13, 55, 38, 5, 97]);
% time elapsed: 108.81 s
----------
%%%mzn-stat: initTime=0.048059084
%%%mzn-stat: objective=207
%%%mzn-stat: nodes=421125
%%%mzn-stat: restarts=112
%%%mzn-stat: peakDepth=1658
%%%mzn-stat: solveTime=104.282810473
%%%mzn-stat: variables=2531
%%%mzn-stat: propagators=7043
%%%mzn-stat: failures=221160
%%%mzn-stat: propagations=100979831
%%%mzn-stat: nogoods=221160
%%%mzn-stat: AverageConflictSize=26.16606529209622
%%%mzn-stat: NumUnitNogoodsLearned=168
%%%mzn-stat: AverageLearnedNogoodLength=91.96078856936155
%%%mzn-stat: AverageBacktrackAmount=0
%%%mzn-stat: AverageLbd=14.071030023512389
%%%mzn-stat-end
maxleg = 207;
succ = array1d(1..100,[44, 22, 68, 46, 62, 98, 56, 52, 85, 73, 28, 100, 78, 41, 2, 93, 71, 57, 72, 27, 14, 90, 64, 77, 76, 63, 37, 17, 61, 42, 84, 83, 47, 31, 20, 21, 11, 51, 26, 45, 95, 91, 30, 94, 65, 66, 7, 92, 88, 6, 18, 58, 12, 9, 23, 1, 75, 54, 29, 81, 10, 43, 40, 34, 59, 60, 87, 36, 70, 86, 24, 16, 50, 15, 74, 49, 99, 35, 4, 25, 39, 8, 69, 33, 79, 67, 3, 89, 48, 96, 80, 32, 53, 82, 19, 13, 55, 38, 5, 97]);
% time elapsed: 108.98 s
----------
%%%mzn-stat: initTime=0.048059084
%%%mzn-stat: objective=206
%%%mzn-stat: nodes=425366
%%%mzn-stat: restarts=114
%%%mzn-stat: peakDepth=1658
%%%mzn-stat: solveTime=105.170854704
%%%mzn-stat: variables=2531
%%%mzn-stat: propagators=7043
%%%mzn-stat: failures=223058
%%%mzn-stat: propagations=101790700
%%%mzn-stat: nogoods=223058
%%%mzn-stat: AverageConflictSize=26.09473769154211
%%%mzn-stat: NumUnitNogoodsLearned=168
%%%mzn-stat: AverageLearnedNogoodLength=91.76858485237024
%%%mzn-stat: AverageBacktrackAmount=0
%%%mzn-stat: AverageLbd=14.077616584027473
%%%mzn-stat-end
maxleg = 206;
succ = array1d(1..100,[44, 22, 59, 46, 62, 98, 56, 52, 85, 73, 28, 100, 78, 41, 2, 93, 71, 57, 72, 27, 14, 90, 64, 77, 76, 63, 37, 17, 61, 42, 84, 83, 47, 31, 20, 21, 11, 50, 26, 45, 95, 91, 30, 94, 38, 66, 7, 92, 88, 29, 6, 58, 12, 9, 23, 1, 75, 54, 65, 81, 10, 43, 40, 34, 68, 60, 87, 36, 70, 86, 24, 16, 51, 15, 74, 49, 99, 35, 4, 25, 39, 8, 69, 33, 79, 67, 3, 89, 48, 96, 80, 32, 53, 82, 19, 13, 55, 18, 5, 97]);
% time elapsed: 109.86 s
----------
%%%mzn-stat: initTime=0.048059084
%%%mzn-stat: objective=203
%%%mzn-stat: nodes=427089
%%%mzn-stat: restarts=115
%%%mzn-stat: peakDepth=1658
%%%mzn-stat: solveTime=105.25802123
%%%mzn-stat: variables=2531
%%%mzn-stat: propagators=7043
%%%mzn-stat: failures=223289
%%%mzn-stat: propagations=101954578
%%%mzn-stat: nogoods=223289
%%%mzn-stat: AverageConflictSize=26.077540765554954
%%%mzn-stat: NumUnitNogoodsLearned=168
%%%mzn-stat: AverageLearnedNogoodLength=91.70782707612108
%%%mzn-stat: AverageBacktrackAmount=0
%%%mzn-stat: AverageLbd=14.07843198724523
%%%mzn-stat-end
maxleg = 203;
succ = array1d(1..100,[44, 22, 65, 75, 62, 98, 56, 52, 85, 73, 28, 100, 78, 41, 2, 93, 71, 57, 72, 27, 14, 90, 64, 77, 76, 63, 37, 17, 61, 42, 84, 87, 47, 31, 20, 21, 11, 50, 26, 45, 95, 91, 30, 94, 38, 66, 7, 92, 88, 29, 6, 58, 12, 9, 23, 1, 74, 54, 70, 81, 10, 43, 40, 34, 59, 60, 83, 36, 68, 86, 24, 16, 51, 15, 46, 49, 99, 35, 4, 25, 39, 8, 69, 33, 79, 67, 3, 89, 48, 96, 80, 32, 53, 82, 19, 13, 55, 18, 5, 97]);
% time elapsed: 109.96 s
----------
%%%mzn-stat: initTime=0.048059084
%%%mzn-stat: objective=202
%%%mzn-stat: nodes=459565
%%%mzn-stat: restarts=152
%%%mzn-stat: peakDepth=1658
%%%mzn-stat: solveTime=114.784660349
%%%mzn-stat: variables=2531
%%%mzn-stat: propagators=7043
%%%mzn-stat: failures=242521
%%%mzn-stat: propagations=110067430
%%%mzn-stat: nogoods=242521
%%%mzn-stat: AverageConflictSize=26.3732831383674
%%%mzn-stat: NumUnitNogoodsLearned=168
%%%mzn-stat: AverageLearnedNogoodLength=92.36628168282334
%%%mzn-stat: AverageBacktrackAmount=0
%%%mzn-stat: AverageLbd=13.998536209235489
%%%mzn-stat-end
maxleg = 202;
succ = array1d(1..100,[44, 22, 65, 75, 62, 98, 56, 52, 85, 50, 28, 100, 78, 41, 2, 93, 71, 57, 72, 27, 14, 90, 64, 77, 76, 63, 37, 17, 61, 42, 84, 87, 47, 31, 20, 21, 11, 70, 26, 45, 95, 91, 30, 94, 38, 66, 7, 92, 88, 73, 6, 58, 12, 9, 23, 1, 74, 54, 69, 81, 10, 43, 40, 34, 59, 60, 83, 36, 68, 86, 24, 16, 51, 15, 46, 49, 99, 35, 4, 25, 39, 8, 29, 33, 79, 67, 3, 89, 48, 96, 80, 32, 53, 82, 19, 13, 55, 18, 5, 97]);
% time elapsed: 119.49 s
----------
%%%mzn-stat: initTime=0.048059084
%%%mzn-stat: objective=201
%%%mzn-stat: nodes=461672
%%%mzn-stat: restarts=154
%%%mzn-stat: peakDepth=1658
%%%mzn-stat: solveTime=114.864072825
%%%mzn-stat: variables=2531
%%%mzn-stat: propagators=7043
%%%mzn-stat: failures=242643
%%%mzn-stat: propagations=110160709
%%%mzn-stat: nogoods=242643
%%%mzn-stat: AverageConflictSize=26.363167286919467
%%%mzn-stat: NumUnitNogoodsLearned=168
%%%mzn-stat: AverageLearnedNogoodLength=92.34685937776898
%%%mzn-stat: AverageBacktrackAmount=0
%%%mzn-stat: AverageLbd=14.00256755809976
%%%mzn-stat-end
maxleg = 201;
succ = array1d(1..100,[44, 22, 65, 75, 62, 98, 56, 52, 85, 50, 28, 100, 78, 41, 2, 93, 71, 57, 72, 27, 14, 90, 64, 77, 76, 63, 37, 17, 61, 42, 84, 92, 47, 31, 20, 95, 11, 70, 26, 45, 48, 91, 30, 94, 38, 66, 7, 32, 88, 73, 6, 58, 12, 9, 23, 1, 74, 54, 69, 81, 10, 43, 40, 34, 59, 60, 83, 36, 68, 86, 24, 16, 51, 15, 46, 49, 99, 35, 4, 25, 39, 8, 29, 33, 79, 67, 3, 89, 87, 96, 80, 19, 53, 82, 21, 13, 55, 18, 5, 97]);
% time elapsed: 119.58 s
----------
%%%mzn-stat: initTime=0.048059084
%%%mzn-stat: objective=199
%%%mzn-stat: nodes=466464
%%%mzn-stat: restarts=155
%%%mzn-stat: peakDepth=1658
%%%mzn-stat: solveTime=116.661155834
%%%mzn-stat: variables=2531
%%%mzn-stat: propagators=7043
%%%mzn-stat: failures=245668
%%%mzn-stat: propagations=111205804
%%%mzn-stat: nogoods=245668
%%%mzn-stat: AverageConflictSize=26.568283211488676
%%%mzn-stat: NumUnitNogoodsLearned=168
%%%mzn-stat: AverageLearnedNogoodLength=92.79692511845255
%%%mzn-stat: AverageBacktrackAmount=0
%%%mzn-stat: AverageLbd=13.980461435758828
%%%mzn-stat-end
maxleg = 199;
succ = array1d(1..100,[44, 22, 65, 75, 62, 98, 56, 52, 85, 50, 28, 100, 78, 41, 2, 93, 71, 57, 72, 27, 14, 90, 64, 77, 76, 63, 37, 17, 61, 42, 84, 49, 47, 31, 20, 95, 11, 70, 26, 45, 48, 91, 30, 94, 38, 66, 7, 32, 88, 73, 6, 58, 12, 9, 23, 1, 74, 54, 69, 81, 10, 43, 40, 34, 86, 60, 83, 36, 68, 59, 24, 16, 51, 15, 46, 92, 99, 35, 4, 25, 39, 8, 29, 33, 79, 67, 3, 89, 87, 96, 80, 19, 53, 82, 21, 13, 55, 18, 5, 97]);
% time elapsed: 121.38 s
----------
%%%mzn-stat: initTime=0.048059084
%%%mzn-stat: objective=198
%%%mzn-stat: nodes=469506
%%%mzn-stat: restarts=161
%%%mzn-stat: peakDepth=1658
%%%mzn-stat: solveTime=116.865364037
%%%mzn-stat: variables=2531
%%%mzn-stat: propagators=7043
%%%mzn-stat: failures=246009
%%%mzn-stat: propagations=111480247
%%%mzn-stat: nogoods=246009
%%%mzn-stat: AverageConflictSize=26.541394827018525
%%%mzn-stat: NumUnitNogoodsLearned=168
%%%mzn-stat: AverageLearnedNogoodLength=92.74450121743513
%%%mzn-stat: AverageBacktrackAmount=0
%%%mzn-stat: AverageLbd=13.98824433252442
%%%mzn-stat-end
maxleg = 198;
succ = array1d(1..100,[44, 22, 65, 75, 62, 98, 56, 52, 85, 50, 28, 100, 78, 41, 2, 93, 71, 57, 72, 27, 14, 90, 64, 77, 76, 63, 37, 17, 61, 42, 84, 49, 47, 31, 20, 95, 11, 51, 26, 45, 68, 91, 30, 94, 3, 66, 7, 32, 88, 73, 18, 58, 12, 9, 23, 1, 74, 54, 67, 81, 10, 43, 40, 34, 89, 60, 83, 69, 70, 59, 24, 16, 6, 15, 46, 92, 99, 35, 4, 25, 39, 8, 29, 33, 79, 87, 36, 86, 48, 96, 80, 19, 53, 82, 21, 13, 55, 38, 5, 97]);
% time elapsed: 121.59 s
----------
%%%mzn-stat: initTime=0.048059084
%%%mzn-stat: objective=197
%%%mzn-stat: nodes=478977
%%%mzn-stat: restarts=165
%%%mzn-stat: peakDepth=1658
%%%mzn-stat: solveTime=120.064419755
%%%mzn-stat: variables=2531
%%%mzn-stat: propagators=7043
%%%mzn-stat: failures=251870
%%%mzn-stat: propagations=113558742
%%%mzn-stat: nogoods=251870
%%%mzn-stat: AverageConflictSize=26.673375153849207
%%%mzn-stat: NumUnitNogoodsLearned=168
%%%mzn-stat: AverageLearnedNogoodLength=93.01141858895463
%%%mzn-stat: AverageBacktrackAmount=0
%%%mzn-stat: AverageLbd=13.979493389446937
%%%mzn-stat-end
maxleg = 197;
succ = array1d(1..100,[44, 22, 65, 75, 30, 98, 56, 52, 85, 50, 28, 100, 78, 41, 2, 93, 71, 57, 72, 27, 14, 66, 64, 62, 76, 63, 37, 17, 61, 42, 84, 69, 47, 31, 20, 95, 11, 51, 26, 45, 68, 91, 5, 94, 3, 90, 7, 32, 88, 73, 18, 58, 12, 9, 23, 1, 74, 54, 67, 81, 10, 43, 40, 34, 89, 60, 83, 77, 70, 59, 24, 48, 6, 15, 46, 92, 99, 35, 4, 25, 39, 8, 29, 33, 79, 87, 36, 86, 49, 96, 80, 19, 53, 82, 21, 13, 55, 38, 16, 97]);
% time elapsed: 124.80 s
----------
%%%mzn-stat: initTime=0.048059084
%%%mzn-stat: objective=196
%%%mzn-stat: nodes=481833
%%%mzn-stat: restarts=169
%%%mzn-stat: peakDepth=1658
%%%mzn-stat: solveTime=120.388603797
%%%mzn-stat: variables=2531
%%%mzn-stat: propagators=7043
%%%mzn-stat: failures=252405
%%%mzn-stat: propagations=113831951
%%%mzn-stat: nogoods=252405
%%%mzn-stat: AverageConflictSize=26.657918820942534
%%%mzn-stat: NumUnitNogoodsLearned=168
%%%mzn-stat: AverageLearnedNogoodLength=92.97118123650482
%%%mzn-stat: AverageBacktrackAmount=0
%%%mzn-stat: AverageLbd=13.985412333353143
%%%mzn-stat-end
maxleg = 196;
succ = array1d(1..100,[44, 22, 65, 75, 30, 98, 56, 52, 85, 50, 28, 37, 78, 41, 2, 100, 71, 57, 72, 27, 14, 66, 64, 99, 76, 63, 80, 17, 61, 42, 84, 69, 47, 31, 20, 95, 11, 51, 26, 45, 68, 91, 5, 94, 3, 90, 7, 32, 88, 73, 18, 58, 12, 9, 23, 1, 74, 54, 67, 81, 10, 43, 40, 34, 89, 60, 83, 77, 70, 59, 24, 48, 6, 15, 46, 92, 93, 35, 4, 25, 39, 8, 29, 33, 79, 87, 36, 86, 49, 96, 16, 19, 53, 82, 21, 13, 55, 38, 62, 97]);
% time elapsed: 125.13 s
----------
%%%mzn-stat: initTime=0.048059084
%%%mzn-stat: objective=195
%%%mzn-stat: nodes=485748
%%%mzn-stat: restarts=170
%%%mzn-stat: peakDepth=1658
%%%mzn-stat: solveTime=121.587879203
%%%mzn-stat: variables=2531
%%%mzn-stat: propagators=7043
%%%mzn-stat: failures=254452
%%%mzn-stat: propagations=114588138
%%%mzn-stat: nogoods=254452
%%%mzn-stat: AverageConflictSize=26.844461823841037
%%%mzn-stat: NumUnitNogoodsLearned=168
%%%mzn-stat: AverageLearnedNogoodLength=93.38594312483298
%%%mzn-stat: AverageBacktrackAmount=0
%%%mzn-stat: AverageLbd=13.97846352160722
%%%mzn-stat-end
maxleg = 195;
succ = array1d(1..100,[44, 22, 65, 75, 30, 98, 56, 52, 85, 50, 28, 37, 78, 41, 2, 99, 91, 57, 72, 27, 14, 66, 64, 100, 76, 63, 80, 17, 61, 42, 84, 69, 47, 31, 20, 95, 11, 51, 26, 45, 68, 71, 5, 94, 3, 90, 7, 32, 88, 73, 18, 58, 12, 9, 23, 1, 74, 54, 67, 81, 10, 43, 40, 34, 89, 60, 83, 77, 70, 59, 24, 48, 6, 15, 46, 92, 93, 35, 4, 25, 39, 8, 29, 33, 79, 87, 36, 86, 49, 96, 16, 19, 53, 82, 21, 13, 55, 38, 62, 97]);
% time elapsed: 126.34 s
----------
%%%mzn-stat: initTime=0.048059084
%%%mzn-stat: objective=194
%%%mzn-stat: nodes=487411
%%%mzn-stat: restarts=171
%%%mzn-stat: peakDepth=1658
%%%mzn-stat: solveTime=121.761364737
%%%mzn-stat: variables=2531
%%%mzn-stat: propagators=7043
%%%mzn-stat: failures=254719
%%%mzn-stat: propagations=114710090
%%%mzn-stat: nogoods=254719
%%%mzn-stat: AverageConflictSize=26.845496409769197
%%%mzn-stat: NumUnitNogoodsLearned=168
%%%mzn-stat: AverageLearnedNogoodLength=93.3823585990837
%%%mzn-stat: AverageBacktrackAmount=0
%%%mzn-stat: AverageLbd=13.979173128035207
%%%mzn-stat-end
maxleg = 194;
succ = array1d(1..100,[44, 22, 65, 75, 30, 98, 56, 52, 85, 50, 17, 97, 78, 41, 2, 99, 91, 57, 72, 27, 14, 66, 64, 100, 76, 63, 80, 23, 61, 42, 84, 69, 47, 31, 20, 95, 11, 51, 26, 45, 68, 71, 5, 94, 3, 90, 7, 32, 88, 73, 18, 58, 12, 9, 37, 1, 74, 54, 67, 81, 10, 43, 40, 34, 89, 60, 83, 77, 70, 59, 24, 48, 6, 15, 46, 92, 93, 35, 4, 25, 39, 8, 29, 33, 79, 87, 36, 86, 49, 96, 16, 19, 53, 82, 21, 13, 55, 38, 62, 28]);
% time elapsed: 126.52 s
----------
%%%mzn-stat: initTime=0.048059084
%%%mzn-stat: objective=193
%%%mzn-stat: nodes=490668
%%%mzn-stat: restarts=176
%%%mzn-stat: peakDepth=1658
%%%mzn-stat: solveTime=122.119463993
%%%mzn-stat: variables=2531
%%%mzn-stat: propagators=7043
%%%mzn-stat: failures=255545
%%%mzn-stat: propagations=115205124
%%%mzn-stat: nogoods=255545
%%%mzn-stat: AverageConflictSize=26.798270363341093
%%%mzn-stat: NumUnitNogoodsLearned=168
%%%mzn-stat: AverageLearnedNogoodLength=93.2647322389403
%%%mzn-stat: AverageBacktrackAmount=0
%%%mzn-stat: AverageLbd=13.982664501359839
%%%mzn-stat-end
maxleg = 193;
succ = array1d(1..100,[44, 22, 65, 75, 14, 98, 56, 52, 85, 50, 17, 97, 78, 19, 2, 53, 91, 57, 72, 23, 99, 66, 64, 100, 76, 63, 80, 34, 61, 43, 84, 69, 47, 31, 20, 95, 11, 51, 26, 45, 68, 12, 5, 94, 3, 90, 7, 32, 88, 73, 18, 58, 30, 9, 37, 1, 74, 54, 67, 81, 10, 71, 40, 27, 89, 60, 83, 77, 70, 59, 24, 48, 6, 15, 46, 92, 93, 35, 4, 25, 39, 8, 29, 33, 79, 87, 36, 86, 49, 96, 16, 41, 42, 82, 21, 13, 55, 38, 62, 28]);
% time elapsed: 126.89 s
----------
%%%mzn-stat: initTime=0.048059084
%%%mzn-stat: objective=192
%%%mzn-stat: nodes=503142
%%%mzn-stat: restarts=185
%%%mzn-stat: peakDepth=1658
%%%mzn-stat: solveTime=125.297063258
%%%mzn-stat: variables=2531
%%%mzn-stat: propagators=7043
%%%mzn-stat: failures=262673
%%%mzn-stat: propagations=117846977
%%%mzn-stat: nogoods=262673
%%%mzn-stat: AverageConflictSize=26.750107548168256
%%%mzn-stat: NumUnitNogoodsLearned=168
%%%mzn-stat: AverageLearnedNogoodLength=93.1517057329836
%%%mzn-stat: AverageBacktrackAmount=0
%%%mzn-stat: AverageLbd=13.924552580584987
%%%mzn-stat-end
maxleg = 192;
succ = array1d(1..100,[44, 22, 65, 75, 14, 15, 56, 52, 85, 50, 17, 100, 78, 19, 2, 53, 97, 6, 72, 23, 99, 63, 64, 91, 76, 96, 55, 34, 61, 43, 84, 69, 47, 31, 20, 95, 11, 51, 26, 45, 68, 12, 5, 94, 3, 90, 7, 41, 88, 73, 18, 58, 30, 9, 37, 1, 98, 54, 67, 81, 10, 71, 40, 27, 89, 60, 83, 77, 70, 59, 24, 48, 57, 66, 46, 92, 93, 35, 4, 25, 39, 8, 29, 33, 79, 87, 36, 86, 49, 74, 16, 32, 42, 82, 21, 13, 80, 38, 62, 28]);
% time elapsed: 130.07 s
----------
%%%mzn-stat: initTime=0.048059084
%%%mzn-stat: objective=191
%%%mzn-stat: nodes=506622
%%%mzn-stat: restarts=188
%%%mzn-stat: peakDepth=1658
%%%mzn-stat: solveTime=125.624931138
%%%mzn-stat: variables=2531
%%%mzn-stat: propagators=7043
%%%mzn-stat: failures=263273
%%%mzn-stat: propagations=118161998
%%%mzn-stat: nogoods=263273
%%%mzn-stat: AverageConflictSize=26.73596608843292
%%%mzn-stat: NumUnitNogoodsLearned=168
%%%mzn-stat: AverageLearnedNogoodLength=93.12498433185324
%%%mzn-stat: AverageBacktrackAmount=0
%%%mzn-stat: AverageLbd=13.92565511845119
%%%mzn-stat-end
maxleg = 191;
succ = array1d(1..100,[44, 22, 65, 75, 14, 18, 56, 52, 85, 50, 17, 100, 78, 19, 2, 53, 97, 51, 72, 23, 99, 63, 64, 91, 76, 96, 55, 34, 61, 43, 84, 69, 47, 31, 20, 95, 11, 15, 26, 45, 68, 16, 5, 94, 3, 90, 7, 49, 88, 73, 57, 58, 30, 9, 37, 1, 98, 54, 67, 81, 10, 71, 40, 27, 89, 60, 83, 77, 70, 59, 24, 48, 6, 66, 46, 92, 93, 35, 4, 25, 39, 8, 29, 33, 79, 87, 36, 86, 41, 74, 12, 32, 42, 82, 21, 13, 80, 38, 62, 28]);
% time elapsed: 130.41 s
----------
%%%mzn-stat: initTime=0.048059084
%%%mzn-stat: objective=190
%%%mzn-stat: nodes=508963
%%%mzn-stat: restarts=189
%%%mzn-stat: peakDepth=1658
%%%mzn-stat: solveTime=125.875652624
%%%mzn-stat: variables=2531
%%%mzn-stat: propagators=7043
%%%mzn-stat: failures=263954
%%%mzn-stat: propagations=118487576
%%%mzn-stat: nogoods=263954
%%%mzn-stat: AverageConflictSize=26.72603559711162
%%%mzn-stat: NumUnitNogoodsLearned=168
%%%mzn-stat: AverageLearnedNogoodLength=93.07453950309524
%%%mzn-stat: AverageBacktrackAmount=0
%%%mzn-stat: AverageLbd=13.923100237162537
%%%mzn-stat-end
maxleg = 190;
succ = array1d(1..100,[44, 22, 65, 75, 14, 18, 56, 52, 85, 50, 17, 100, 78, 19, 2, 53, 97, 51, 72, 23, 99, 63, 64, 91, 76, 96, 55, 34, 61, 43, 84, 69, 47, 31, 20, 95, 11, 15, 26, 45, 68, 16, 5, 94, 3, 90, 7, 49, 88, 73, 57, 58, 30, 9, 37, 1, 98, 54, 67, 81, 10, 71, 40, 27, 89, 60, 83, 77, 70, 59, 24, 48, 6, 66, 46, 92, 93, 35, 4, 25, 39, 8, 29, 33, 79, 87, 36, 86, 41, 74, 12, 32, 42, 82, 21, 13, 80, 38, 62, 28]);
% time elapsed: 130.67 s
----------
%%%mzn-stat: initTime=0.048059084
%%%mzn-stat: objective=189
%%%mzn-stat: nodes=511494
%%%mzn-stat: restarts=190
%%%mzn-stat: peakDepth=1658
%%%mzn-stat: solveTime=126.402309634
%%%mzn-stat: variables=2531
%%%mzn-stat: propagators=7043
%%%mzn-stat: failures=265150
%%%mzn-stat: propagations=119030495
%%%mzn-stat: nogoods=265150
%%%mzn-stat: AverageConflictSize=26.694753912879502
%%%mzn-stat: NumUnitNogoodsLearned=168
%%%mzn-stat: AverageLearnedNogoodLength=93.05272110126343
%%%mzn-stat: AverageBacktrackAmount=0
%%%mzn-stat: AverageLbd=13.914433339619084
%%%mzn-stat-end
maxleg = 189;
succ = array1d(1..100,[44, 22, 65, 75, 14, 18, 56, 52, 85, 50, 17, 100, 78, 19, 2, 53, 97, 51, 72, 23, 99, 63, 64, 91, 76, 96, 55, 34, 61, 43, 84, 69, 47, 31, 20, 95, 11, 15, 26, 45, 68, 16, 5, 94, 3, 90, 7, 49, 88, 73, 57, 58, 30, 9, 37, 1, 98, 54, 67, 81, 10, 71, 40, 27, 89, 60, 83, 77, 70, 59, 24, 48, 6, 66, 46, 92, 93, 35, 4, 25, 39, 8, 29, 33, 79, 87, 36, 86, 41, 74, 12, 32, 42, 82, 21, 13, 80, 38, 62, 28]);
% time elapsed: 131.20 s
----------
%%%mzn-stat: initTime=0.048059084
%%%mzn-stat: objective=188
%%%mzn-stat: nodes=513099
%%%mzn-stat: restarts=191
%%%mzn-stat: peakDepth=1658
%%%mzn-stat: solveTime=126.552156211
%%%mzn-stat: variables=2531
%%%mzn-stat: propagators=7043
%%%mzn-stat: failures=265503
%%%mzn-stat: propagations=119230593
%%%mzn-stat: nogoods=265503
%%%mzn-stat: AverageConflictSize=26.6697250125234
%%%mzn-stat: NumUnitNogoodsLearned=168
%%%mzn-stat: AverageLearnedNogoodLength=92.9951751957605
%%%mzn-stat: AverageBacktrackAmount=0
%%%mzn-stat: AverageLbd=13.915778729430553
%%%mzn-stat-end
maxleg = 188;
succ = array1d(1..100,[44, 66, 65, 75, 14, 18, 56, 52, 85, 50, 17, 100, 78, 19, 40, 53, 97, 51, 72, 23, 99, 63, 64, 91, 76, 96, 55, 34, 61, 43, 84, 69, 47, 31, 20, 95, 11, 15, 26, 45, 68, 16, 5, 94, 3, 90, 7, 49, 88, 73, 57, 58, 30, 9, 37, 1, 98, 54, 67, 81, 10, 71, 2, 27, 89, 60, 83, 77, 70, 59, 24, 48, 6, 22, 46, 92, 93, 35, 4, 25, 39, 8, 29, 33, 79, 87, 36, 86, 41, 74, 12, 32, 42, 82, 21, 13, 80, 38, 62, 28]);
% time elapsed: 131.36 s
----------
=====ERROR=====
% time elapsed: 1526.40 s
