% Logging successfully configured
%%%mzn-stat: initTime=0.042429228
%%%mzn-stat: objective=923
%%%mzn-stat: nodes=1695
%%%mzn-stat: restarts=0
%%%mzn-stat: peakDepth=1695
%%%mzn-stat: solveTime=0.007227146
%%%mzn-stat: variables=2426
%%%mzn-stat: propagators=6961
%%%mzn-stat: failures=0
%%%mzn-stat: propagations=21679
%%%mzn-stat: nogoods=0
%%%mzn-stat: numAtomicConstraintsPropagated=0
%%%mzn-stat: circuitNumber4951PropagationsThatFoundConflict=0
%%%mzn-stat: circuitNumber4951TotalFixedEdgesAtConflict=0
%%%mzn-stat: circuitNumber4951NumberOfConflicts=0
%%%mzn-stat: circuitNumber4951PropagationsThatPruned=1
%%%mzn-stat: circuitNumber4951PropagationsTotal=91
%%%mzn-stat: AverageConflictSize=0
%%%mzn-stat: NumUnitNogoodsLearned=0
%%%mzn-stat: AverageLearnedNogoodLength=0
%%%mzn-stat: AverageBacktrackAmount=0
%%%mzn-stat: AverageLbd=0
%%%mzn-stat: 2AutonomousSearchNumBackupCalled=1606
%%%mzn-stat: 2AutonomousSearchNumPredicatesRemoved=0
%%%mzn-stat: 2AutonomousSearchNumCalls=1607
%%%mzn-stat: 2AutonomousSearchNumPredicatesAdded=0
%%%mzn-stat: 2AutonomousSearchAverageSizeOfHeap=0
%%%mzn-stat: 2AutonomousSearchNumAssignedPredicatesEncountered=0
%%%mzn-stat-end
maxleg = 923;
succ = array1d(1..100,[7, 8, 4, 11, 14, 20, 5, 10, 26, 12, 16, 27, 15, 24, 18, 17, 19, 22, 32, 13, 23, 25, 1, 37, 30, 33, 34, 3, 9, 21, 2, 35, 39, 36, 40, 42, 29, 6, 41, 45, 44, 48, 38, 46, 50, 54, 63, 49, 53, 57, 28, 31, 51, 65, 58, 68, 77, 61, 72, 62, 66, 64, 70, 73, 86, 71, 43, 79, 52, 56, 81, 83, 76, 75, 78, 90, 47, 59, 67, 69, 60, 55, 84, 87, 74, 88, 93, 92, 80, 98, 85, 100, 99, 91, 96, 89, 95, 94, 97, 82]);
% time elapsed: 8.25 s
----------
%%%mzn-stat: initTime=0.042429228
%%%mzn-stat: objective=342
%%%mzn-stat: nodes=3369
%%%mzn-stat: restarts=0
%%%mzn-stat: peakDepth=1695
%%%mzn-stat: solveTime=0.015635063
%%%mzn-stat: variables=2426
%%%mzn-stat: propagators=6961
%%%mzn-stat: failures=15
%%%mzn-stat: propagations=43260
%%%mzn-stat: nogoods=15
%%%mzn-stat: numAtomicConstraintsPropagated=0
%%%mzn-stat: circuitNumber4951PropagationsThatFoundConflict=5
%%%mzn-stat: circuitNumber4951TotalFixedEdgesAtConflict=470
%%%mzn-stat: circuitNumber4951NumberOfConflicts=5
%%%mzn-stat: circuitNumber4951PropagationsThatPruned=10
%%%mzn-stat: circuitNumber4951PropagationsTotal=203
%%%mzn-stat: AverageConflictSize=4.4
%%%mzn-stat: NumUnitNogoodsLearned=0
%%%mzn-stat: AverageLearnedNogoodLength=11.133333333333333
%%%mzn-stat: AverageBacktrackAmount=0
%%%mzn-stat: AverageLbd=7.333333333333333
%%%mzn-stat: 2AutonomousSearchNumBackupCalled=3174
%%%mzn-stat: 2AutonomousSearchNumPredicatesRemoved=0
%%%mzn-stat: 2AutonomousSearchNumCalls=3176
%%%mzn-stat: 2AutonomousSearchNumPredicatesAdded=605
%%%mzn-stat: 2AutonomousSearchAverageSizeOfHeap=0.1904911838790932
%%%mzn-stat: 2AutonomousSearchNumAssignedPredicatesEncountered=605
%%%mzn-stat-end
maxleg = 342;
succ = array1d(1..100,[7, 8, 4, 11, 14, 20, 5, 10, 26, 12, 16, 27, 15, 24, 18, 17, 19, 22, 32, 13, 23, 25, 1, 37, 30, 33, 34, 3, 9, 21, 2, 35, 39, 36, 40, 42, 29, 6, 41, 45, 44, 48, 38, 46, 62, 50, 63, 49, 53, 54, 28, 31, 51, 57, 58, 68, 65, 61, 72, 64, 66, 60, 70, 73, 77, 71, 43, 79, 52, 56, 81, 83, 76, 75, 78, 90, 47, 59, 69, 67, 94, 92, 84, 87, 74, 88, 93, 100, 80, 98, 85, 86, 99, 91, 96, 89, 95, 82, 97, 55]);
% time elapsed: 8.26 s
----------
%%%mzn-stat: initTime=0.042429228
%%%mzn-stat: objective=337
%%%mzn-stat: nodes=5003
%%%mzn-stat: restarts=0
%%%mzn-stat: peakDepth=1695
%%%mzn-stat: solveTime=0.021601543
%%%mzn-stat: variables=2426
%%%mzn-stat: propagators=6961
%%%mzn-stat: failures=16
%%%mzn-stat: propagations=57788
%%%mzn-stat: nogoods=16
%%%mzn-stat: numAtomicConstraintsPropagated=0
%%%mzn-stat: circuitNumber4951PropagationsThatFoundConflict=6
%%%mzn-stat: circuitNumber4951TotalFixedEdgesAtConflict=561
%%%mzn-stat: circuitNumber4951NumberOfConflicts=6
%%%mzn-stat: circuitNumber4951PropagationsThatPruned=14
%%%mzn-stat: circuitNumber4951PropagationsTotal=298
%%%mzn-stat: AverageConflictSize=4.8125
%%%mzn-stat: NumUnitNogoodsLearned=0
%%%mzn-stat: AverageLearnedNogoodLength=11.625
%%%mzn-stat: AverageBacktrackAmount=0
%%%mzn-stat: AverageLbd=7.8125
%%%mzn-stat: 2AutonomousSearchNumBackupCalled=4717
%%%mzn-stat: 2AutonomousSearchNumPredicatesRemoved=0
%%%mzn-stat: 2AutonomousSearchNumCalls=4720
%%%mzn-stat: 2AutonomousSearchNumPredicatesAdded=782
%%%mzn-stat: 2AutonomousSearchAverageSizeOfHeap=0.2563559322033898
%%%mzn-stat: 2AutonomousSearchNumAssignedPredicatesEncountered=1210
%%%mzn-stat-end
maxleg = 337;
succ = array1d(1..100,[7, 8, 4, 11, 14, 20, 5, 10, 26, 19, 16, 2, 15, 24, 18, 17, 28, 22, 3, 13, 23, 25, 1, 37, 30, 33, 12, 32, 9, 21, 6, 35, 39, 27, 36, 42, 29, 31, 41, 45, 44, 48, 38, 46, 62, 50, 63, 49, 53, 54, 60, 43, 51, 57, 58, 34, 65, 61, 72, 64, 66, 74, 68, 73, 77, 71, 52, 56, 67, 47, 81, 83, 76, 75, 78, 90, 80, 59, 69, 70, 94, 92, 84, 87, 40, 88, 93, 100, 79, 98, 85, 86, 99, 91, 96, 89, 95, 82, 97, 55]);
% time elapsed: 8.27 s
----------
%%%mzn-stat: initTime=0.042429228
%%%mzn-stat: objective=307
%%%mzn-stat: nodes=6611
%%%mzn-stat: restarts=0
%%%mzn-stat: peakDepth=1695
%%%mzn-stat: solveTime=0.028426556
%%%mzn-stat: variables=2426
%%%mzn-stat: propagators=6961
%%%mzn-stat: failures=16
%%%mzn-stat: propagations=70869
%%%mzn-stat: nogoods=16
%%%mzn-stat: numAtomicConstraintsPropagated=0
%%%mzn-stat: circuitNumber4951PropagationsThatFoundConflict=6
%%%mzn-stat: circuitNumber4951TotalFixedEdgesAtConflict=561
%%%mzn-stat: circuitNumber4951NumberOfConflicts=6
%%%mzn-stat: circuitNumber4951PropagationsThatPruned=17
%%%mzn-stat: circuitNumber4951PropagationsTotal=387
%%%mzn-stat: AverageConflictSize=4.8125
%%%mzn-stat: NumUnitNogoodsLearned=0
%%%mzn-stat: AverageLearnedNogoodLength=11.625
%%%mzn-stat: AverageBacktrackAmount=0
%%%mzn-stat: AverageLbd=7.8125
%%%mzn-stat: 2AutonomousSearchNumBackupCalled=6238
%%%mzn-stat: 2AutonomousSearchNumPredicatesRemoved=0
%%%mzn-stat: 2AutonomousSearchNumCalls=6242
%%%mzn-stat: 2AutonomousSearchNumPredicatesAdded=782
%%%mzn-stat: 2AutonomousSearchAverageSizeOfHeap=0.2907721884011535
%%%mzn-stat: 2AutonomousSearchNumAssignedPredicatesEncountered=1815
%%%mzn-stat-end
maxleg = 307;
succ = array1d(1..100,[7, 8, 4, 11, 14, 20, 5, 10, 26, 19, 16, 2, 15, 24, 18, 17, 28, 22, 3, 13, 23, 25, 1, 37, 30, 33, 12, 32, 9, 21, 38, 35, 39, 27, 36, 42, 29, 6, 41, 45, 44, 48, 52, 46, 62, 50, 63, 49, 53, 54, 60, 31, 51, 57, 58, 34, 65, 61, 72, 64, 66, 74, 68, 73, 77, 71, 43, 56, 67, 47, 81, 83, 76, 75, 78, 90, 80, 59, 69, 70, 94, 92, 84, 87, 40, 88, 93, 100, 79, 98, 85, 86, 99, 91, 96, 89, 95, 82, 97, 55]);
% time elapsed: 8.28 s
----------
%%%mzn-stat: initTime=0.042429228
%%%mzn-stat: objective=305
%%%mzn-stat: nodes=10459
%%%mzn-stat: restarts=0
%%%mzn-stat: peakDepth=1695
%%%mzn-stat: solveTime=0.860475494
%%%mzn-stat: variables=2426
%%%mzn-stat: propagators=6961
%%%mzn-stat: failures=1860
%%%mzn-stat: propagations=1402608
%%%mzn-stat: nogoods=1860
%%%mzn-stat: numAtomicConstraintsPropagated=0
%%%mzn-stat: circuitNumber4951PropagationsThatFoundConflict=652
%%%mzn-stat: circuitNumber4951TotalFixedEdgesAtConflict=60206
%%%mzn-stat: circuitNumber4951NumberOfConflicts=652
%%%mzn-stat: circuitNumber4951PropagationsThatPruned=890
%%%mzn-stat: circuitNumber4951PropagationsTotal=4283
%%%mzn-stat: AverageConflictSize=17.986021505376343
%%%mzn-stat: NumUnitNogoodsLearned=0
%%%mzn-stat: AverageLearnedNogoodLength=35.92903225806452
%%%mzn-stat: AverageBacktrackAmount=0
%%%mzn-stat: AverageLbd=27.087096774193547
%%%mzn-stat: 2AutonomousSearchNumBackupCalled=7720
%%%mzn-stat: 2AutonomousSearchNumPredicatesRemoved=0
%%%mzn-stat: 2AutonomousSearchNumCalls=7725
%%%mzn-stat: 2AutonomousSearchNumPredicatesAdded=2793
%%%mzn-stat: 2AutonomousSearchAverageSizeOfHeap=0.5084789644012945
%%%mzn-stat: 2AutonomousSearchNumAssignedPredicatesEncountered=3928
%%%mzn-stat-end
maxleg = 305;
succ = array1d(1..100,[7, 8, 4, 11, 14, 20, 5, 10, 26, 19, 16, 2, 15, 24, 18, 17, 28, 22, 3, 13, 23, 25, 1, 37, 30, 33, 12, 32, 9, 21, 52, 35, 39, 27, 36, 42, 29, 6, 41, 45, 44, 48, 38, 46, 62, 50, 63, 49, 53, 54, 60, 43, 51, 57, 58, 31, 65, 61, 34, 64, 66, 74, 68, 73, 77, 71, 69, 56, 79, 95, 81, 59, 82, 75, 78, 91, 80, 90, 89, 67, 94, 92, 72, 83, 40, 88, 84, 100, 96, 98, 85, 86, 87, 76, 99, 97, 70, 47, 93, 55]);
% time elapsed: 9.11 s
----------
%%%mzn-stat: initTime=0.042429228
%%%mzn-stat: objective=279
%%%mzn-stat: nodes=11993
%%%mzn-stat: restarts=0
%%%mzn-stat: peakDepth=1695
%%%mzn-stat: solveTime=0.866920305
%%%mzn-stat: variables=2426
%%%mzn-stat: propagators=6961
%%%mzn-stat: failures=1860
%%%mzn-stat: propagations=1415747
%%%mzn-stat: nogoods=1860
%%%mzn-stat: numAtomicConstraintsPropagated=0
%%%mzn-stat: circuitNumber4951PropagationsThatFoundConflict=652
%%%mzn-stat: circuitNumber4951TotalFixedEdgesAtConflict=60206
%%%mzn-stat: circuitNumber4951NumberOfConflicts=652
%%%mzn-stat: circuitNumber4951PropagationsThatPruned=893
%%%mzn-stat: circuitNumber4951PropagationsTotal=4371
%%%mzn-stat: AverageConflictSize=17.986021505376343
%%%mzn-stat: NumUnitNogoodsLearned=0
%%%mzn-stat: AverageLearnedNogoodLength=35.92903225806452
%%%mzn-stat: AverageBacktrackAmount=0
%%%mzn-stat: AverageLbd=27.087096774193547
%%%mzn-stat: 2AutonomousSearchNumBackupCalled=9168
%%%mzn-stat: 2AutonomousSearchNumPredicatesRemoved=0
%%%mzn-stat: 2AutonomousSearchNumCalls=9174
%%%mzn-stat: 2AutonomousSearchNumPredicatesAdded=2793
%%%mzn-stat: 2AutonomousSearchAverageSizeOfHeap=0.658491388707216
%%%mzn-stat: 2AutonomousSearchNumAssignedPredicatesEncountered=6041
%%%mzn-stat-end
maxleg = 279;
succ = array1d(1..100,[7, 8, 4, 11, 14, 20, 5, 10, 26, 19, 16, 2, 15, 24, 18, 17, 28, 22, 3, 13, 23, 25, 1, 37, 30, 33, 12, 32, 9, 21, 56, 35, 39, 27, 36, 42, 29, 6, 41, 45, 44, 48, 38, 46, 62, 50, 63, 49, 53, 54, 60, 43, 51, 57, 58, 34, 65, 61, 72, 64, 66, 74, 68, 73, 77, 71, 52, 31, 67, 47, 81, 83, 76, 75, 78, 90, 80, 59, 69, 70, 94, 92, 84, 87, 40, 88, 93, 100, 79, 98, 85, 86, 99, 91, 96, 89, 95, 82, 97, 55]);
% time elapsed: 9.13 s
----------
%%%mzn-stat: initTime=0.042429228
%%%mzn-stat: objective=276
%%%mzn-stat: nodes=13660
%%%mzn-stat: restarts=0
%%%mzn-stat: peakDepth=1695
%%%mzn-stat: solveTime=0.89602912
%%%mzn-stat: variables=2426
%%%mzn-stat: propagators=6961
%%%mzn-stat: failures=1936
%%%mzn-stat: propagations=1491338
%%%mzn-stat: nogoods=1936
%%%mzn-stat: numAtomicConstraintsPropagated=0
%%%mzn-stat: circuitNumber4951PropagationsThatFoundConflict=655
%%%mzn-stat: circuitNumber4951TotalFixedEdgesAtConflict=60478
%%%mzn-stat: circuitNumber4951NumberOfConflicts=655
%%%mzn-stat: circuitNumber4951PropagationsThatPruned=925
%%%mzn-stat: circuitNumber4951PropagationsTotal=4613
%%%mzn-stat: AverageConflictSize=17.424586776859503
%%%mzn-stat: NumUnitNogoodsLearned=0
%%%mzn-stat: AverageLearnedNogoodLength=35.71435950413223
%%%mzn-stat: AverageBacktrackAmount=0
%%%mzn-stat: AverageLbd=26.671487603305785
%%%mzn-stat: 2AutonomousSearchNumBackupCalled=10610
%%%mzn-stat: 2AutonomousSearchNumPredicatesRemoved=0
%%%mzn-stat: 2AutonomousSearchNumCalls=10617
%%%mzn-stat: 2AutonomousSearchNumPredicatesAdded=4161
%%%mzn-stat: 2AutonomousSearchAverageSizeOfHeap=0.8063483093152491
%%%mzn-stat: 2AutonomousSearchNumAssignedPredicatesEncountered=8561
%%%mzn-stat-end
maxleg = 276;
succ = array1d(1..100,[7, 8, 4, 11, 14, 22, 5, 10, 26, 19, 16, 2, 15, 24, 18, 17, 28, 20, 3, 23, 30, 25, 1, 37, 38, 33, 12, 32, 9, 47, 56, 35, 39, 21, 34, 27, 29, 43, 41, 45, 44, 36, 13, 46, 62, 50, 63, 42, 48, 54, 53, 6, 49, 57, 58, 68, 65, 61, 72, 51, 66, 60, 70, 73, 77, 71, 52, 79, 67, 80, 81, 83, 76, 40, 74, 90, 82, 91, 69, 89, 94, 92, 84, 87, 75, 88, 31, 100, 96, 78, 85, 86, 59, 98, 97, 95, 99, 64, 93, 55]);
% time elapsed: 9.17 s
----------
%%%mzn-stat: initTime=0.042429228
%%%mzn-stat: objective=273
%%%mzn-stat: nodes=15229
%%%mzn-stat: restarts=0
%%%mzn-stat: peakDepth=1695
%%%mzn-stat: solveTime=0.907681508
%%%mzn-stat: variables=2426
%%%mzn-stat: propagators=6961
%%%mzn-stat: failures=1944
%%%mzn-stat: propagations=1511681
%%%mzn-stat: nogoods=1944
%%%mzn-stat: numAtomicConstraintsPropagated=0
%%%mzn-stat: circuitNumber4951PropagationsThatFoundConflict=659
%%%mzn-stat: circuitNumber4951TotalFixedEdgesAtConflict=60846
%%%mzn-stat: circuitNumber4951NumberOfConflicts=659
%%%mzn-stat: circuitNumber4951PropagationsThatPruned=933
%%%mzn-stat: circuitNumber4951PropagationsTotal=4727
%%%mzn-stat: AverageConflictSize=17.530864197530864
%%%mzn-stat: NumUnitNogoodsLearned=0
%%%mzn-stat: AverageLearnedNogoodLength=35.77160493827161
%%%mzn-stat: AverageBacktrackAmount=0
%%%mzn-stat: AverageLbd=26.734567901234566
%%%mzn-stat: 2AutonomousSearchNumBackupCalled=12074
%%%mzn-stat: 2AutonomousSearchNumPredicatesRemoved=0
%%%mzn-stat: 2AutonomousSearchNumCalls=12082
%%%mzn-stat: 2AutonomousSearchNumPredicatesAdded=4793
%%%mzn-stat: 2AutonomousSearchAverageSizeOfHeap=0.9188876013904983
%%%mzn-stat: 2AutonomousSearchNumAssignedPredicatesEncountered=11102
%%%mzn-stat-end
maxleg = 273;
succ = array1d(1..100,[7, 8, 4, 11, 14, 22, 5, 10, 26, 19, 16, 2, 15, 24, 18, 17, 28, 20, 3, 23, 30, 25, 1, 37, 38, 33, 12, 32, 9, 47, 56, 35, 39, 21, 34, 27, 29, 43, 41, 45, 44, 36, 13, 46, 62, 50, 63, 42, 48, 54, 53, 6, 49, 57, 58, 68, 65, 61, 72, 51, 66, 60, 70, 73, 77, 71, 52, 87, 67, 80, 81, 83, 76, 40, 74, 90, 82, 91, 69, 89, 94, 92, 84, 99, 75, 88, 93, 100, 96, 78, 85, 86, 59, 98, 31, 95, 79, 64, 97, 55]);
% time elapsed: 9.18 s
----------
%%%mzn-stat: initTime=0.042429228
%%%mzn-stat: objective=271
%%%mzn-stat: nodes=16756
%%%mzn-stat: restarts=0
%%%mzn-stat: peakDepth=1695
%%%mzn-stat: solveTime=0.918739429
%%%mzn-stat: variables=2426
%%%mzn-stat: propagators=6961
%%%mzn-stat: failures=1951
%%%mzn-stat: propagations=1529543
%%%mzn-stat: nogoods=1951
%%%mzn-stat: numAtomicConstraintsPropagated=0
%%%mzn-stat: circuitNumber4951PropagationsThatFoundConflict=663
%%%mzn-stat: circuitNumber4951TotalFixedEdgesAtConflict=61214
%%%mzn-stat: circuitNumber4951NumberOfConflicts=663
%%%mzn-stat: circuitNumber4951PropagationsThatPruned=939
%%%mzn-stat: circuitNumber4951PropagationsTotal=4828
%%%mzn-stat: AverageConflictSize=17.64787288569964
%%%mzn-stat: NumUnitNogoodsLearned=0
%%%mzn-stat: AverageLearnedNogoodLength=35.83341875961045
%%%mzn-stat: AverageBacktrackAmount=0
%%%mzn-stat: AverageLbd=26.805740645822656
%%%mzn-stat: 2AutonomousSearchNumBackupCalled=13508
%%%mzn-stat: 2AutonomousSearchNumPredicatesRemoved=0
%%%mzn-stat: 2AutonomousSearchNumCalls=13517
%%%mzn-stat: 2AutonomousSearchNumPredicatesAdded=5241
%%%mzn-stat: 2AutonomousSearchAverageSizeOfHeap=1.0111711178515943
%%%mzn-stat: 2AutonomousSearchNumAssignedPredicatesEncountered=13668
%%%mzn-stat-end
maxleg = 271;
succ = array1d(1..100,[7, 8, 4, 11, 14, 22, 5, 10, 29, 19, 16, 2, 15, 24, 18, 17, 28, 20, 3, 23, 30, 25, 1, 37, 38, 33, 12, 32, 41, 47, 56, 35, 9, 27, 36, 21, 26, 43, 58, 45, 39, 34, 13, 46, 62, 50, 63, 42, 48, 54, 53, 6, 49, 57, 44, 68, 65, 55, 72, 51, 66, 60, 70, 73, 77, 71, 52, 87, 67, 80, 81, 83, 76, 40, 74, 90, 82, 91, 69, 89, 94, 92, 84, 99, 75, 88, 93, 100, 96, 78, 85, 86, 59, 98, 31, 95, 79, 64, 97, 61]);
% time elapsed: 9.20 s
----------
%%%mzn-stat: initTime=0.042429228
%%%mzn-stat: objective=267
%%%mzn-stat: nodes=18287
%%%mzn-stat: restarts=0
%%%mzn-stat: peakDepth=1695
%%%mzn-stat: solveTime=0.927788759
%%%mzn-stat: variables=2426
%%%mzn-stat: propagators=6961
%%%mzn-stat: failures=1962
%%%mzn-stat: propagations=1550783
%%%mzn-stat: nogoods=1962
%%%mzn-stat: numAtomicConstraintsPropagated=0
%%%mzn-stat: circuitNumber4951PropagationsThatFoundConflict=663
%%%mzn-stat: circuitNumber4951TotalFixedEdgesAtConflict=61214
%%%mzn-stat: circuitNumber4951NumberOfConflicts=663
%%%mzn-stat: circuitNumber4951PropagationsThatPruned=944
%%%mzn-stat: circuitNumber4951PropagationsTotal=4934
%%%mzn-stat: AverageConflictSize=17.581039755351682
%%%mzn-stat: NumUnitNogoodsLearned=0
%%%mzn-stat: AverageLearnedNogoodLength=35.783893985728845
%%%mzn-stat: AverageBacktrackAmount=0
%%%mzn-stat: AverageLbd=26.732925586136595
%%%mzn-stat: 2AutonomousSearchNumBackupCalled=14934
%%%mzn-stat: 2AutonomousSearchNumPredicatesRemoved=0
%%%mzn-stat: 2AutonomousSearchNumCalls=14944
%%%mzn-stat: 2AutonomousSearchNumPredicatesAdded=6008
%%%mzn-stat: 2AutonomousSearchAverageSizeOfHeap=1.089132762312634
%%%mzn-stat: 2AutonomousSearchNumAssignedPredicatesEncountered=16276
%%%mzn-stat-end
maxleg = 267;
succ = array1d(1..100,[7, 8, 4, 11, 14, 22, 5, 10, 29, 19, 16, 2, 15, 24, 18, 17, 28, 20, 3, 23, 30, 25, 1, 37, 38, 33, 12, 32, 41, 47, 56, 35, 9, 27, 36, 21, 26, 43, 58, 45, 39, 34, 13, 46, 62, 50, 63, 42, 48, 54, 53, 6, 49, 57, 44, 68, 65, 55, 72, 51, 66, 60, 70, 73, 86, 71, 52, 87, 67, 80, 81, 83, 76, 40, 74, 90, 82, 91, 69, 89, 77, 98, 84, 99, 75, 88, 93, 92, 96, 78, 85, 100, 59, 64, 31, 95, 79, 94, 97, 61]);
% time elapsed: 9.21 s
----------
%%%mzn-stat: initTime=0.042429228
%%%mzn-stat: objective=266
%%%mzn-stat: nodes=19807
%%%mzn-stat: restarts=0
%%%mzn-stat: peakDepth=1695
%%%mzn-stat: solveTime=0.938659323
%%%mzn-stat: variables=2426
%%%mzn-stat: propagators=6961
%%%mzn-stat: failures=1978
%%%mzn-stat: propagations=1573321
%%%mzn-stat: nogoods=1978
%%%mzn-stat: numAtomicConstraintsPropagated=0
%%%mzn-stat: circuitNumber4951PropagationsThatFoundConflict=664
%%%mzn-stat: circuitNumber4951TotalFixedEdgesAtConflict=61301
%%%mzn-stat: circuitNumber4951NumberOfConflicts=664
%%%mzn-stat: circuitNumber4951PropagationsThatPruned=950
%%%mzn-stat: circuitNumber4951PropagationsTotal=5047
%%%mzn-stat: AverageConflictSize=17.461577350859454
%%%mzn-stat: NumUnitNogoodsLearned=0
%%%mzn-stat: AverageLearnedNogoodLength=35.70829120323559
%%%mzn-stat: AverageBacktrackAmount=0
%%%mzn-stat: AverageLbd=26.63902932254803
%%%mzn-stat: 2AutonomousSearchNumBackupCalled=16346
%%%mzn-stat: 2AutonomousSearchNumPredicatesRemoved=0
%%%mzn-stat: 2AutonomousSearchNumCalls=16357
%%%mzn-stat: 2AutonomousSearchNumPredicatesAdded=6495
%%%mzn-stat: 2AutonomousSearchAverageSizeOfHeap=1.1596869841658006
%%%mzn-stat: 2AutonomousSearchNumAssignedPredicatesEncountered=18969
%%%mzn-stat-end
maxleg = 266;
succ = array1d(1..100,[7, 8, 4, 11, 14, 22, 5, 10, 29, 19, 16, 2, 15, 24, 18, 17, 28, 20, 3, 23, 30, 25, 1, 37, 38, 33, 12, 32, 55, 47, 56, 35, 39, 27, 36, 21, 9, 43, 41, 45, 58, 34, 13, 26, 62, 44, 63, 42, 48, 46, 53, 6, 49, 50, 61, 68, 54, 71, 72, 51, 66, 60, 70, 73, 57, 100, 52, 87, 67, 80, 81, 83, 76, 40, 74, 90, 82, 91, 69, 89, 77, 98, 84, 99, 75, 65, 93, 86, 96, 78, 85, 88, 59, 64, 31, 95, 79, 94, 97, 92]);
% time elapsed: 9.22 s
----------
%%%mzn-stat: initTime=0.042429228
%%%mzn-stat: objective=256
%%%mzn-stat: nodes=21268
%%%mzn-stat: restarts=0
%%%mzn-stat: peakDepth=1695
%%%mzn-stat: solveTime=0.945466194
%%%mzn-stat: variables=2426
%%%mzn-stat: propagators=6961
%%%mzn-stat: failures=1979
%%%mzn-stat: propagations=1588525
%%%mzn-stat: nogoods=1979
%%%mzn-stat: numAtomicConstraintsPropagated=0
%%%mzn-stat: circuitNumber4951PropagationsThatFoundConflict=665
%%%mzn-stat: circuitNumber4951TotalFixedEdgesAtConflict=61392
%%%mzn-stat: circuitNumber4951NumberOfConflicts=665
%%%mzn-stat: circuitNumber4951PropagationsThatPruned=953
%%%mzn-stat: circuitNumber4951PropagationsTotal=5144
%%%mzn-stat: AverageConflictSize=17.455280444669025
%%%mzn-stat: NumUnitNogoodsLearned=0
%%%mzn-stat: AverageLearnedNogoodLength=35.69530065689742
%%%mzn-stat: AverageBacktrackAmount=0
%%%mzn-stat: AverageLbd=26.629610914603337
%%%mzn-stat: 2AutonomousSearchNumBackupCalled=17715
%%%mzn-stat: 2AutonomousSearchNumPredicatesRemoved=0
%%%mzn-stat: 2AutonomousSearchNumCalls=17727
%%%mzn-stat: 2AutonomousSearchNumPredicatesAdded=6608
%%%mzn-stat: 2AutonomousSearchAverageSizeOfHeap=1.2219777740170361
%%%mzn-stat: 2AutonomousSearchNumAssignedPredicatesEncountered=21662
%%%mzn-stat-end
maxleg = 256;
succ = array1d(1..100,[7, 8, 4, 11, 14, 22, 5, 10, 29, 19, 16, 2, 15, 24, 18, 17, 28, 20, 3, 23, 30, 25, 1, 37, 38, 33, 12, 32, 55, 47, 56, 35, 39, 27, 36, 21, 9, 43, 41, 45, 58, 34, 13, 26, 62, 44, 63, 42, 48, 46, 53, 6, 49, 50, 61, 68, 54, 71, 72, 51, 66, 60, 70, 73, 57, 100, 52, 87, 67, 80, 81, 83, 76, 40, 74, 90, 82, 91, 69, 89, 77, 98, 93, 59, 75, 65, 84, 86, 96, 78, 85, 88, 99, 64, 31, 95, 79, 94, 97, 92]);
% time elapsed: 9.23 s
----------
%%%mzn-stat: initTime=0.042429228
%%%mzn-stat: objective=256
%%%mzn-stat: nodes=2675358
%%%mzn-stat: restarts=0
%%%mzn-stat: peakDepth=1695
%%%mzn-stat: solveTime=1791.415999198
%%%mzn-stat: variables=2426
%%%mzn-stat: propagators=6961
%%%mzn-stat: failures=2092861
%%%mzn-stat: propagations=1298732306
%%%mzn-stat: nogoods=2092861
%%%mzn-stat: numAtomicConstraintsPropagated=0
%%%mzn-stat: circuitNumber4951PropagationsThatFoundConflict=77925
%%%mzn-stat: circuitNumber4951TotalFixedEdgesAtConflict=6407313
%%%mzn-stat: circuitNumber4951NumberOfConflicts=77925
%%%mzn-stat: circuitNumber4951PropagationsThatPruned=448795
%%%mzn-stat: circuitNumber4951PropagationsTotal=2799015
%%%mzn-stat: AverageConflictSize=31.85043679441683
%%%mzn-stat: NumUnitNogoodsLearned=0
%%%mzn-stat: AverageLearnedNogoodLength=100.16645825976975
%%%mzn-stat: AverageBacktrackAmount=0
%%%mzn-stat: AverageLbd=47.288140015032056
%%%mzn-stat: 2AutonomousSearchNumBackupCalled=17715
%%%mzn-stat: 2AutonomousSearchNumPredicatesRemoved=0
%%%mzn-stat: 2AutonomousSearchNumCalls=17727
%%%mzn-stat: 2AutonomousSearchNumPredicatesAdded=10303
%%%mzn-stat: 2AutonomousSearchAverageSizeOfHeap=1.2219777740170361
%%%mzn-stat: 2AutonomousSearchNumAssignedPredicatesEncountered=21662
%%%mzn-stat-end
