%%%mzn-stat: initTime=0.014510642
%%%mzn-stat: objective=197
%%%mzn-stat: nodes=4632
%%%mzn-stat: restarts=0
%%%mzn-stat: peakDepth=608
%%%mzn-stat: solveTime=2.191416168
%%%mzn-stat: variables=1395
%%%mzn-stat: propagators=1065
%%%mzn-stat: failures=3099
%%%mzn-stat: propagations=202898
%%%mzn-stat: nogoods=3099
%%%mzn-stat: AverageConflictSize=30.77896095514682
%%%mzn-stat: NumUnitNogoodsLearned=196
%%%mzn-stat: AverageLearnedNogoodLength=56.37786382704098
%%%mzn-stat: AverageBacktrackAmount=0
%%%mzn-stat: AverageLbd=27.16618263956115
%%%mzn-stat-end
maxleg = 197;
succ = array1d(1..100,[94, 21, 89, 8, 74, 11, 15, 71, 65, 80, 79, 1, 84, 43, 38, 18, 66, 51, 14, 81, 98, 60, 55, 90, 95, 93, 88, 2, 86, 25, 28, 61, 37, 32, 53, 13, 64, 6, 56, 52, 76, 10, 35, 82, 85, 24, 39, 75, 63, 12, 100, 19, 58, 30, 87, 17, 72, 46, 33, 57, 78, 70, 91, 44, 47, 4, 73, 22, 7, 34, 97, 27, 29, 3, 77, 68, 83, 9, 49, 23, 42, 67, 16, 31, 5, 92, 50, 26, 96, 20, 62, 99, 69, 36, 40, 48, 45, 59, 41, 54]);
% time elapsed: 3.40 s
----------
==========
% time elapsed: 3.40 s
%%%mzn-stat: initTime=0.014510642
%%%mzn-stat: objective=197
%%%mzn-stat: nodes=4632
%%%mzn-stat: restarts=0
%%%mzn-stat: peakDepth=608
%%%mzn-stat: solveTime=2.191430149
%%%mzn-stat: variables=1395
%%%mzn-stat: propagators=1065
%%%mzn-stat: failures=3099
%%%mzn-stat: propagations=202898
%%%mzn-stat: nogoods=3099
%%%mzn-stat: AverageConflictSize=30.77896095514682
%%%mzn-stat: NumUnitNogoodsLearned=196
%%%mzn-stat: AverageLearnedNogoodLength=56.37786382704098
%%%mzn-stat: AverageBacktrackAmount=0
%%%mzn-stat: AverageLbd=27.16618263956115
%%%mzn-stat-end
