% Logging successfully configured
%%%mzn-stat: initTime=0.031701883
%%%mzn-stat: objective=1115
%%%mzn-stat: nodes=39650
%%%mzn-stat: restarts=0
%%%mzn-stat: peakDepth=1214
%%%mzn-stat: solveTime=31.321748419
%%%mzn-stat: variables=2687
%%%mzn-stat: propagators=12951
%%%mzn-stat: failures=28663
%%%mzn-stat: propagations=65571398
%%%mzn-stat: nogoods=28663
%%%mzn-stat: numAtomicConstraintsPropagated=0
%%%mzn-stat: circuitNumber11176PropagationsThatFoundConflict=419
%%%mzn-stat: circuitNumber11176TotalFixedEdgesAtConflict=55107
%%%mzn-stat: circuitNumber11176NumberOfConflicts=419
%%%mzn-stat: circuitNumber11176PropagationsThatPruned=5985
%%%mzn-stat: circuitNumber11176PropagationsTotal=39665
%%%mzn-stat: AverageConflictSize=21.751945016223004
%%%mzn-stat: NumUnitNogoodsLearned=0
%%%mzn-stat: AverageLearnedNogoodLength=88.31273767574922
%%%mzn-stat: AverageBacktrackAmount=0
%%%mzn-stat: AverageLbd=42.005093674772354
%%%mzn-stat: 2AutonomousSearchNumBackupCalled=1124
%%%mzn-stat: 2AutonomousSearchNumPredicatesRemoved=0
%%%mzn-stat: 2AutonomousSearchNumCalls=1125
%%%mzn-stat: 2AutonomousSearchNumPredicatesAdded=7137
%%%mzn-stat: 2AutonomousSearchAverageSizeOfHeap=6.344
%%%mzn-stat: 2AutonomousSearchNumAssignedPredicatesEncountered=7137
%%%mzn-stat-end
maxleg = 1115;
succ = array1d(1..150,[8, 14, 45, 16, 4, 39, 10, 11, 20, 23, 32, 43, 2, 22, 28, 13, 53, 7, 38, 12, 46, 9, 30, 62, 35, 25, 19, 18, 49, 6, 15, 17, 3, 5, 29, 37, 33, 69, 61, 84, 86, 26, 50, 64, 40, 54, 58, 81, 34, 47, 70, 85, 27, 55, 48, 21, 90, 65, 51, 101, 99, 57, 76, 77, 66, 75, 36, 44, 82, 120, 42, 102, 68, 89, 96, 132, 67, 100, 94, 117, 119, 123, 127, 115, 59, 141, 104, 78, 112, 116, 79, 108, 134, 148, 138, 95, 131, 91, 111, 146, 63, 147, 114, 52, 98, 97, 103, 107, 80, 144, 105, 92, 87, 133, 113, 140, 106, 136, 109, 24, 83, 149, 137, 142, 145, 143, 118, 126, 93, 1, 129, 73, 124, 125, 88, 135, 150, 31, 121, 139, 72, 56, 41, 122, 110, 71, 130, 74, 128, 60]);
% time elapsed: 34.13 s
----------
%%%mzn-stat: initTime=0.031701883
%%%mzn-stat: objective=1115
%%%mzn-stat: nodes=335098
%%%mzn-stat: restarts=0
%%%mzn-stat: peakDepth=1214
%%%mzn-stat: solveTime=297.245739016
%%%mzn-stat: variables=2687
%%%mzn-stat: propagators=12951
%%%mzn-stat: failures=246374
%%%mzn-stat: propagations=596653615
%%%mzn-stat: nogoods=246374
%%%mzn-stat: numAtomicConstraintsPropagated=0
%%%mzn-stat: circuitNumber11176PropagationsThatFoundConflict=1632
%%%mzn-stat: circuitNumber11176TotalFixedEdgesAtConflict=211823
%%%mzn-stat: circuitNumber11176NumberOfConflicts=1632
%%%mzn-stat: circuitNumber11176PropagationsThatPruned=50954
%%%mzn-stat: circuitNumber11176PropagationsTotal=333047
%%%mzn-stat: AverageConflictSize=24.414451200207814
%%%mzn-stat: NumUnitNogoodsLearned=0
%%%mzn-stat: AverageLearnedNogoodLength=93.45215810109833
%%%mzn-stat: AverageBacktrackAmount=0
%%%mzn-stat: AverageLbd=45.17376021820484
%%%mzn-stat: 2AutonomousSearchNumBackupCalled=1124
%%%mzn-stat: 2AutonomousSearchNumPredicatesRemoved=0
%%%mzn-stat: 2AutonomousSearchNumCalls=1125
%%%mzn-stat: 2AutonomousSearchNumPredicatesAdded=14106
%%%mzn-stat: 2AutonomousSearchAverageSizeOfHeap=6.344
%%%mzn-stat: 2AutonomousSearchNumAssignedPredicatesEncountered=7137
%%%mzn-stat-end
