% Logging successfully configured
%%%mzn-stat: initTime=0.071256708
%%%mzn-stat: objective=743
%%%mzn-stat: nodes=1609
%%%mzn-stat: restarts=0
%%%mzn-stat: peakDepth=794
%%%mzn-stat: solveTime=0.127403331
%%%mzn-stat: variables=1346
%%%mzn-stat: propagators=5975
%%%mzn-stat: failures=303
%%%mzn-stat: propagations=315006
%%%mzn-stat: nogoods=303
%%%mzn-stat: numAtomicConstraintsPropagated=0
%%%mzn-stat: circuitNumber4951PropagationsThatFoundConflict=137
%%%mzn-stat: circuitNumber4951TotalFixedEdgesAtConflict=12199
%%%mzn-stat: circuitNumber4951NumberOfConflicts=137
%%%mzn-stat: circuitNumber4951PropagationsThatPruned=185
%%%mzn-stat: circuitNumber4951PropagationsTotal=1134
%%%mzn-stat: AverageConflictSize=24.765676567656765
%%%mzn-stat: NumUnitNogoodsLearned=0
%%%mzn-stat: AverageLearnedNogoodLength=32.72937293729373
%%%mzn-stat: AverageBacktrackAmount=0
%%%mzn-stat: AverageLbd=25.419141914191417
%%%mzn-stat: 2AutonomousSearchNumBackupCalled=726
%%%mzn-stat: 2AutonomousSearchNumPredicatesRemoved=0
%%%mzn-stat: 2AutonomousSearchNumCalls=727
%%%mzn-stat: 2AutonomousSearchNumPredicatesAdded=3574
%%%mzn-stat: 2AutonomousSearchAverageSizeOfHeap=4.916093535075653
%%%mzn-stat: 2AutonomousSearchNumAssignedPredicatesEncountered=3574
%%%mzn-stat-end
maxleg = 743;
succ = array1d(1..100,[4, 11, 5, 32, 15, 9, 17, 23, 10, 18, 3, 13, 30, 22, 41, 6, 40, 21, 28, 2, 24, 20, 7, 39, 16, 27, 35, 33, 37, 19, 53, 38, 34, 46, 14, 25, 36, 58, 54, 55, 59, 60, 44, 74, 1, 61, 71, 29, 56, 48, 12, 26, 50, 47, 72, 68, 73, 70, 67, 88, 65, 93, 84, 79, 90, 49, 92, 82, 43, 86, 8, 85, 75, 80, 98, 69, 63, 51, 45, 87, 62, 99, 64, 66, 81, 94, 52, 100, 83, 96, 97, 78, 89, 57, 76, 42, 31, 77, 95, 91]);
% time elapsed: 5.85 s
----------
%%%mzn-stat: initTime=0.071256708
%%%mzn-stat: objective=574
%%%mzn-stat: nodes=249804
%%%mzn-stat: restarts=0
%%%mzn-stat: peakDepth=794
%%%mzn-stat: solveTime=26.172481675
%%%mzn-stat: variables=1346
%%%mzn-stat: propagators=5975
%%%mzn-stat: failures=54962
%%%mzn-stat: propagations=50995357
%%%mzn-stat: nogoods=54962
%%%mzn-stat: numAtomicConstraintsPropagated=0
%%%mzn-stat: circuitNumber4951PropagationsThatFoundConflict=1226
%%%mzn-stat: circuitNumber4951TotalFixedEdgesAtConflict=76111
%%%mzn-stat: circuitNumber4951NumberOfConflicts=1226
%%%mzn-stat: circuitNumber4951PropagationsThatPruned=11721
%%%mzn-stat: circuitNumber4951PropagationsTotal=243313
%%%mzn-stat: AverageConflictSize=13.444670863505694
%%%mzn-stat: NumUnitNogoodsLearned=0
%%%mzn-stat: AverageLearnedNogoodLength=40.53291364943052
%%%mzn-stat: AverageBacktrackAmount=0
%%%mzn-stat: AverageLbd=18.379917033586842
%%%mzn-stat: 2AutonomousSearchNumBackupCalled=1440
%%%mzn-stat: 2AutonomousSearchNumPredicatesRemoved=0
%%%mzn-stat: 2AutonomousSearchNumCalls=1442
%%%mzn-stat: 2AutonomousSearchNumPredicatesAdded=8425
%%%mzn-stat: 2AutonomousSearchAverageSizeOfHeap=6.342579750346741
%%%mzn-stat: 2AutonomousSearchNumAssignedPredicatesEncountered=9146
%%%mzn-stat-end
maxleg = 574;
succ = array1d(1..100,[4, 11, 5, 32, 15, 9, 17, 23, 10, 18, 3, 13, 30, 22, 41, 6, 40, 21, 28, 2, 24, 60, 7, 39, 16, 27, 35, 33, 37, 19, 53, 38, 34, 46, 14, 25, 36, 58, 54, 55, 59, 73, 44, 74, 1, 61, 57, 29, 56, 48, 12, 26, 50, 8, 71, 68, 72, 64, 67, 88, 31, 20, 84, 79, 90, 49, 98, 82, 43, 62, 47, 85, 75, 80, 78, 69, 63, 92, 94, 87, 93, 99, 45, 66, 81, 70, 52, 100, 83, 96, 97, 51, 89, 86, 76, 42, 65, 77, 95, 91]);
% time elapsed: 31.90 s
----------
%%%mzn-stat: initTime=0.071256708
%%%mzn-stat: objective=258
%%%mzn-stat: nodes=262478
%%%mzn-stat: restarts=1
%%%mzn-stat: peakDepth=834
%%%mzn-stat: solveTime=29.276583356
%%%mzn-stat: variables=1346
%%%mzn-stat: propagators=5975
%%%mzn-stat: failures=59101
%%%mzn-stat: propagations=54989690
%%%mzn-stat: nogoods=59101
%%%mzn-stat: numAtomicConstraintsPropagated=0
%%%mzn-stat: circuitNumber4951PropagationsThatFoundConflict=1285
%%%mzn-stat: circuitNumber4951TotalFixedEdgesAtConflict=81026
%%%mzn-stat: circuitNumber4951NumberOfConflicts=1285
%%%mzn-stat: circuitNumber4951PropagationsThatPruned=15206
%%%mzn-stat: circuitNumber4951PropagationsTotal=259544
%%%mzn-stat: AverageConflictSize=12.730224530887803
%%%mzn-stat: NumUnitNogoodsLearned=0
%%%mzn-stat: AverageLearnedNogoodLength=42.210910136884316
%%%mzn-stat: AverageBacktrackAmount=0
%%%mzn-stat: AverageLbd=20.339249758887327
%%%mzn-stat: 2AutonomousSearchNumBackupCalled=2133
%%%mzn-stat: 2AutonomousSearchNumPredicatesRemoved=0
%%%mzn-stat: 2AutonomousSearchNumCalls=2277
%%%mzn-stat: 2AutonomousSearchNumPredicatesAdded=12749
%%%mzn-stat: 2AutonomousSearchAverageSizeOfHeap=292.3522178304787
%%%mzn-stat: 2AutonomousSearchNumAssignedPredicatesEncountered=27168
%%%mzn-stat-end
maxleg = 258;
succ = array1d(1..100,[4, 22, 5, 32, 15, 9, 17, 23, 10, 18, 3, 13, 30, 35, 2, 6, 40, 21, 28, 11, 24, 41, 7, 39, 36, 27, 76, 33, 37, 19, 53, 38, 34, 46, 42, 66, 84, 58, 54, 55, 59, 73, 44, 74, 1, 61, 57, 29, 56, 48, 12, 26, 50, 8, 71, 68, 72, 64, 67, 88, 31, 20, 60, 79, 90, 49, 98, 82, 16, 62, 47, 85, 75, 25, 78, 43, 63, 92, 94, 87, 93, 99, 45, 80, 81, 70, 52, 100, 83, 96, 97, 51, 89, 86, 69, 14, 65, 77, 95, 91]);
% time elapsed: 35.01 s
----------
%%%mzn-stat: initTime=0.071256708
%%%mzn-stat: objective=251
%%%mzn-stat: nodes=263841
%%%mzn-stat: restarts=2
%%%mzn-stat: peakDepth=863
%%%mzn-stat: solveTime=29.464216381
%%%mzn-stat: variables=1346
%%%mzn-stat: propagators=5975
%%%mzn-stat: failures=59345
%%%mzn-stat: propagations=55177659
%%%mzn-stat: nogoods=59345
%%%mzn-stat: numAtomicConstraintsPropagated=0
%%%mzn-stat: circuitNumber4951PropagationsThatFoundConflict=1474
%%%mzn-stat: circuitNumber4951TotalFixedEdgesAtConflict=98889
%%%mzn-stat: circuitNumber4951NumberOfConflicts=1474
%%%mzn-stat: circuitNumber4951PropagationsThatPruned=15267
%%%mzn-stat: circuitNumber4951PropagationsTotal=260314
%%%mzn-stat: AverageConflictSize=12.956104136827028
%%%mzn-stat: NumUnitNogoodsLearned=0
%%%mzn-stat: AverageLearnedNogoodLength=42.30199679838234
%%%mzn-stat: AverageBacktrackAmount=0
%%%mzn-stat: AverageLbd=20.451192181312663
%%%mzn-stat: 2AutonomousSearchNumBackupCalled=2834
%%%mzn-stat: 2AutonomousSearchNumPredicatesRemoved=0
%%%mzn-stat: 2AutonomousSearchNumCalls=3143
%%%mzn-stat: 2AutonomousSearchNumPredicatesAdded=15400
%%%mzn-stat: 2AutonomousSearchAverageSizeOfHeap=451.923958001909
%%%mzn-stat: 2AutonomousSearchNumAssignedPredicatesEncountered=47631
%%%mzn-stat-end
maxleg = 251;
succ = array1d(1..100,[4, 22, 5, 32, 15, 9, 17, 23, 21, 54, 3, 13, 30, 35, 2, 6, 40, 10, 28, 11, 24, 41, 7, 39, 36, 27, 76, 33, 37, 19, 53, 38, 34, 46, 42, 66, 84, 58, 18, 55, 59, 73, 44, 74, 1, 61, 57, 29, 56, 48, 12, 26, 50, 8, 71, 68, 72, 64, 67, 88, 31, 20, 60, 79, 90, 49, 98, 82, 16, 62, 47, 85, 75, 25, 78, 43, 63, 92, 94, 87, 93, 99, 45, 80, 81, 70, 52, 100, 83, 96, 97, 51, 89, 86, 69, 14, 65, 77, 95, 91]);
% time elapsed: 35.20 s
----------
%%%mzn-stat: initTime=0.071256708
%%%mzn-stat: objective=236
%%%mzn-stat: nodes=264767
%%%mzn-stat: restarts=2
%%%mzn-stat: peakDepth=863
%%%mzn-stat: solveTime=29.482020169
%%%mzn-stat: variables=1346
%%%mzn-stat: propagators=5975
%%%mzn-stat: failures=59377
%%%mzn-stat: propagations=55234563
%%%mzn-stat: nogoods=59377
%%%mzn-stat: numAtomicConstraintsPropagated=0
%%%mzn-stat: circuitNumber4951PropagationsThatFoundConflict=1489
%%%mzn-stat: circuitNumber4951TotalFixedEdgesAtConflict=100267
%%%mzn-stat: circuitNumber4951NumberOfConflicts=1489
%%%mzn-stat: circuitNumber4951PropagationsThatPruned=15287
%%%mzn-stat: circuitNumber4951PropagationsTotal=260555
%%%mzn-stat: AverageConflictSize=12.955066776698049
%%%mzn-stat: NumUnitNogoodsLearned=0
%%%mzn-stat: AverageLearnedNogoodLength=42.290684945349206
%%%mzn-stat: AverageBacktrackAmount=0
%%%mzn-stat: AverageLbd=20.4466039038685
%%%mzn-stat: 2AutonomousSearchNumBackupCalled=3542
%%%mzn-stat: 2AutonomousSearchNumPredicatesRemoved=0
%%%mzn-stat: 2AutonomousSearchNumCalls=3852
%%%mzn-stat: 2AutonomousSearchNumPredicatesAdded=16991
%%%mzn-stat: 2AutonomousSearchAverageSizeOfHeap=370.59034267912773
%%%mzn-stat: 2AutonomousSearchNumAssignedPredicatesEncountered=54748
%%%mzn-stat-end
maxleg = 236;
succ = array1d(1..100,[4, 11, 5, 32, 15, 9, 17, 23, 10, 18, 3, 13, 30, 22, 41, 6, 40, 21, 28, 2, 24, 60, 7, 39, 16, 27, 35, 33, 37, 19, 53, 38, 34, 46, 14, 25, 36, 58, 71, 55, 59, 88, 44, 74, 1, 97, 54, 29, 56, 48, 12, 26, 82, 8, 57, 50, 72, 64, 67, 63, 31, 20, 77, 79, 90, 49, 92, 66, 43, 62, 47, 85, 61, 80, 73, 69, 98, 51, 94, 87, 93, 84, 45, 68, 81, 70, 52, 99, 83, 91, 96, 78, 89, 86, 76, 100, 65, 75, 95, 42]);
% time elapsed: 35.22 s
----------
%%%mzn-stat: initTime=0.071256708
%%%mzn-stat: objective=222
%%%mzn-stat: nodes=265552
%%%mzn-stat: restarts=2
%%%mzn-stat: peakDepth=863
%%%mzn-stat: solveTime=29.491063292
%%%mzn-stat: variables=1346
%%%mzn-stat: propagators=5975
%%%mzn-stat: failures=59387
%%%mzn-stat: propagations=55261173
%%%mzn-stat: nogoods=59387
%%%mzn-stat: numAtomicConstraintsPropagated=0
%%%mzn-stat: circuitNumber4951PropagationsThatFoundConflict=1494
%%%mzn-stat: circuitNumber4951TotalFixedEdgesAtConflict=100695
%%%mzn-stat: circuitNumber4951NumberOfConflicts=1494
%%%mzn-stat: circuitNumber4951PropagationsThatPruned=15300
%%%mzn-stat: circuitNumber4951PropagationsTotal=260674
%%%mzn-stat: AverageConflictSize=12.954249246468082
%%%mzn-stat: NumUnitNogoodsLearned=0
%%%mzn-stat: AverageLearnedNogoodLength=42.2870325155337
%%%mzn-stat: AverageBacktrackAmount=0
%%%mzn-stat: AverageLbd=20.445299476316364
%%%mzn-stat: 2AutonomousSearchNumBackupCalled=4221
%%%mzn-stat: 2AutonomousSearchNumPredicatesRemoved=0
%%%mzn-stat: 2AutonomousSearchNumCalls=4532
%%%mzn-stat: 2AutonomousSearchNumPredicatesAdded=17522
%%%mzn-stat: 2AutonomousSearchAverageSizeOfHeap=316.556266548985
%%%mzn-stat: 2AutonomousSearchNumAssignedPredicatesEncountered=61867
%%%mzn-stat-end
maxleg = 222;
succ = array1d(1..100,[4, 11, 5, 32, 15, 9, 17, 23, 10, 18, 3, 13, 30, 22, 41, 6, 40, 21, 28, 2, 24, 60, 7, 39, 16, 27, 35, 33, 48, 19, 53, 38, 34, 46, 14, 25, 36, 58, 71, 55, 59, 88, 44, 74, 1, 97, 54, 37, 29, 56, 12, 26, 50, 8, 57, 68, 72, 64, 67, 63, 31, 20, 77, 79, 90, 49, 92, 82, 43, 62, 47, 85, 61, 80, 73, 69, 98, 51, 94, 87, 93, 84, 45, 66, 81, 70, 52, 99, 83, 91, 96, 78, 89, 86, 76, 100, 65, 75, 95, 42]);
% time elapsed: 35.23 s
----------
%%%mzn-stat: initTime=0.071256708
%%%mzn-stat: objective=210
%%%mzn-stat: nodes=310203
%%%mzn-stat: restarts=2
%%%mzn-stat: peakDepth=863
%%%mzn-stat: solveTime=32.797460128
%%%mzn-stat: variables=1346
%%%mzn-stat: propagators=5975
%%%mzn-stat: failures=65907
%%%mzn-stat: propagations=65342718
%%%mzn-stat: nogoods=65907
%%%mzn-stat: numAtomicConstraintsPropagated=0
%%%mzn-stat: circuitNumber4951PropagationsThatFoundConflict=5626
%%%mzn-stat: circuitNumber4951TotalFixedEdgesAtConflict=445284
%%%mzn-stat: circuitNumber4951NumberOfConflicts=5626
%%%mzn-stat: circuitNumber4951PropagationsThatPruned=18588
%%%mzn-stat: circuitNumber4951PropagationsTotal=311778
%%%mzn-stat: AverageConflictSize=13.05984189843264
%%%mzn-stat: NumUnitNogoodsLearned=0
%%%mzn-stat: AverageLearnedNogoodLength=40.021454473728134
%%%mzn-stat: AverageBacktrackAmount=0
%%%mzn-stat: AverageLbd=19.490448662509294
%%%mzn-stat: 2AutonomousSearchNumBackupCalled=4877
%%%mzn-stat: 2AutonomousSearchNumPredicatesRemoved=0
%%%mzn-stat: 2AutonomousSearchNumCalls=5189
%%%mzn-stat: 2AutonomousSearchNumPredicatesAdded=21401
%%%mzn-stat: 2AutonomousSearchAverageSizeOfHeap=277.91366351898245
%%%mzn-stat: 2AutonomousSearchNumAssignedPredicatesEncountered=69328
%%%mzn-stat-end
maxleg = 210;
succ = array1d(1..100,[4, 11, 5, 32, 15, 9, 17, 23, 10, 18, 3, 13, 30, 22, 41, 6, 55, 21, 28, 2, 24, 60, 40, 39, 16, 27, 35, 33, 48, 19, 53, 38, 34, 46, 14, 25, 36, 58, 71, 7, 59, 88, 44, 74, 1, 97, 54, 37, 29, 56, 12, 26, 50, 8, 57, 68, 72, 64, 67, 63, 31, 20, 77, 79, 90, 49, 92, 82, 43, 62, 47, 85, 61, 80, 73, 69, 98, 51, 94, 87, 93, 84, 45, 66, 81, 70, 52, 99, 83, 91, 96, 78, 89, 86, 76, 100, 65, 75, 95, 42]);
% time elapsed: 38.54 s
----------
%%%mzn-stat: initTime=0.071256708
%%%mzn-stat: objective=209
%%%mzn-stat: nodes=311053
%%%mzn-stat: restarts=2
%%%mzn-stat: peakDepth=863
%%%mzn-stat: solveTime=32.807037187
%%%mzn-stat: variables=1346
%%%mzn-stat: propagators=5975
%%%mzn-stat: failures=65915
%%%mzn-stat: propagations=65369893
%%%mzn-stat: nogoods=65915
%%%mzn-stat: numAtomicConstraintsPropagated=0
%%%mzn-stat: circuitNumber4951PropagationsThatFoundConflict=5630
%%%mzn-stat: circuitNumber4951TotalFixedEdgesAtConflict=445640
%%%mzn-stat: circuitNumber4951NumberOfConflicts=5630
%%%mzn-stat: circuitNumber4951PropagationsThatPruned=18591
%%%mzn-stat: circuitNumber4951PropagationsTotal=311947
%%%mzn-stat: AverageConflictSize=13.061002806644922
%%%mzn-stat: NumUnitNogoodsLearned=0
%%%mzn-stat: AverageLearnedNogoodLength=40.01982856709399
%%%mzn-stat: AverageBacktrackAmount=0
%%%mzn-stat: AverageLbd=19.48947887430782
%%%mzn-stat: 2AutonomousSearchNumBackupCalled=5568
%%%mzn-stat: 2AutonomousSearchNumPredicatesRemoved=0
%%%mzn-stat: 2AutonomousSearchNumCalls=5881
%%%mzn-stat: 2AutonomousSearchNumPredicatesAdded=22146
%%%mzn-stat: 2AutonomousSearchAverageSizeOfHeap=246.48104063934704
%%%mzn-stat: 2AutonomousSearchNumAssignedPredicatesEncountered=76789
%%%mzn-stat-end
maxleg = 209;
succ = array1d(1..100,[4, 11, 5, 32, 15, 9, 17, 23, 10, 18, 3, 13, 30, 22, 41, 6, 55, 21, 28, 2, 24, 60, 40, 39, 16, 27, 35, 33, 48, 19, 53, 38, 34, 46, 14, 25, 36, 58, 71, 7, 59, 88, 44, 74, 62, 97, 54, 37, 29, 56, 12, 26, 50, 8, 57, 68, 72, 70, 67, 63, 31, 20, 77, 1, 90, 49, 92, 82, 43, 86, 47, 85, 61, 80, 73, 69, 98, 51, 45, 87, 93, 84, 64, 66, 81, 94, 52, 99, 83, 91, 96, 78, 89, 79, 76, 100, 65, 75, 95, 42]);
% time elapsed: 38.56 s
----------
%%%mzn-stat: initTime=0.071256708
%%%mzn-stat: objective=200
%%%mzn-stat: nodes=311775
%%%mzn-stat: restarts=2
%%%mzn-stat: peakDepth=863
%%%mzn-stat: solveTime=32.811703731
%%%mzn-stat: variables=1346
%%%mzn-stat: propagators=5975
%%%mzn-stat: failures=65915
%%%mzn-stat: propagations=65381594
%%%mzn-stat: nogoods=65915
%%%mzn-stat: numAtomicConstraintsPropagated=0
%%%mzn-stat: circuitNumber4951PropagationsThatFoundConflict=5630
%%%mzn-stat: circuitNumber4951TotalFixedEdgesAtConflict=445640
%%%mzn-stat: circuitNumber4951NumberOfConflicts=5630
%%%mzn-stat: circuitNumber4951PropagationsThatPruned=18593
%%%mzn-stat: circuitNumber4951PropagationsTotal=312020
%%%mzn-stat: AverageConflictSize=13.061002806644922
%%%mzn-stat: NumUnitNogoodsLearned=0
%%%mzn-stat: AverageLearnedNogoodLength=40.01982856709399
%%%mzn-stat: AverageBacktrackAmount=0
%%%mzn-stat: AverageLbd=19.48947887430782
%%%mzn-stat: 2AutonomousSearchNumBackupCalled=6220
%%%mzn-stat: 2AutonomousSearchNumPredicatesRemoved=0
%%%mzn-stat: 2AutonomousSearchNumCalls=6534
%%%mzn-stat: 2AutonomousSearchNumPredicatesAdded=22146
%%%mzn-stat: 2AutonomousSearchAverageSizeOfHeap=222.989898989899
%%%mzn-stat: 2AutonomousSearchNumAssignedPredicatesEncountered=84250
%%%mzn-stat-end
maxleg = 200;
succ = array1d(1..100,[4, 11, 5, 32, 15, 10, 17, 23, 18, 9, 3, 13, 30, 22, 41, 6, 55, 21, 28, 2, 24, 60, 40, 39, 16, 27, 35, 33, 48, 19, 53, 38, 34, 46, 14, 25, 36, 58, 71, 7, 59, 88, 44, 74, 62, 97, 54, 37, 29, 56, 12, 26, 50, 8, 57, 68, 72, 70, 67, 63, 31, 20, 77, 1, 90, 49, 92, 82, 43, 86, 47, 85, 61, 80, 73, 69, 98, 51, 45, 87, 93, 84, 64, 66, 81, 94, 52, 99, 83, 91, 96, 78, 89, 79, 76, 100, 65, 75, 95, 42]);
% time elapsed: 38.56 s
----------
%%%mzn-stat: initTime=0.071256708
%%%mzn-stat: objective=196
%%%mzn-stat: nodes=314480
%%%mzn-stat: restarts=2
%%%mzn-stat: peakDepth=863
%%%mzn-stat: solveTime=32.968530005
%%%mzn-stat: variables=1346
%%%mzn-stat: propagators=5975
%%%mzn-stat: failures=66242
%%%mzn-stat: propagations=65840868
%%%mzn-stat: nogoods=66242
%%%mzn-stat: numAtomicConstraintsPropagated=0
%%%mzn-stat: circuitNumber4951PropagationsThatFoundConflict=5633
%%%mzn-stat: circuitNumber4951TotalFixedEdgesAtConflict=445775
%%%mzn-stat: circuitNumber4951NumberOfConflicts=5633
%%%mzn-stat: circuitNumber4951PropagationsThatPruned=18701
%%%mzn-stat: circuitNumber4951PropagationsTotal=314275
%%%mzn-stat: AverageConflictSize=13.041725793303343
%%%mzn-stat: NumUnitNogoodsLearned=0
%%%mzn-stat: AverageLearnedNogoodLength=40.012575103408714
%%%mzn-stat: AverageBacktrackAmount=0
%%%mzn-stat: AverageLbd=19.45662872497811
%%%mzn-stat: 2AutonomousSearchNumBackupCalled=6877
%%%mzn-stat: 2AutonomousSearchNumPredicatesRemoved=0
%%%mzn-stat: 2AutonomousSearchNumCalls=7192
%%%mzn-stat: 2AutonomousSearchNumPredicatesAdded=25030
%%%mzn-stat: 2AutonomousSearchAverageSizeOfHeap=203.62597330367075
%%%mzn-stat: 2AutonomousSearchNumAssignedPredicatesEncountered=91712
%%%mzn-stat-end
maxleg = 196;
succ = array1d(1..100,[4, 11, 5, 32, 15, 10, 17, 23, 18, 9, 3, 13, 30, 22, 41, 6, 55, 21, 28, 2, 39, 60, 40, 54, 16, 27, 35, 33, 48, 19, 53, 38, 34, 46, 14, 25, 36, 58, 24, 7, 59, 88, 44, 74, 62, 97, 57, 37, 29, 56, 12, 26, 50, 8, 71, 68, 72, 70, 67, 63, 31, 20, 77, 1, 90, 49, 92, 82, 43, 86, 47, 85, 61, 80, 73, 69, 98, 51, 45, 87, 93, 84, 64, 66, 81, 94, 52, 99, 83, 91, 96, 78, 89, 79, 76, 100, 65, 75, 95, 42]);
% time elapsed: 38.72 s
----------
%%%mzn-stat: initTime=0.071256708
%%%mzn-stat: objective=195
%%%mzn-stat: nodes=328697
%%%mzn-stat: restarts=2
%%%mzn-stat: peakDepth=863
%%%mzn-stat: solveTime=34.40805174
%%%mzn-stat: variables=1346
%%%mzn-stat: propagators=5975
%%%mzn-stat: failures=70162
%%%mzn-stat: propagations=69816549
%%%mzn-stat: nogoods=70162
%%%mzn-stat: numAtomicConstraintsPropagated=0
%%%mzn-stat: circuitNumber4951PropagationsThatFoundConflict=9401
%%%mzn-stat: circuitNumber4951TotalFixedEdgesAtConflict=786078
%%%mzn-stat: circuitNumber4951NumberOfConflicts=9401
%%%mzn-stat: circuitNumber4951PropagationsThatPruned=20256
%%%mzn-stat: circuitNumber4951PropagationsTotal=332833
%%%mzn-stat: AverageConflictSize=13.20097773723668
%%%mzn-stat: NumUnitNogoodsLearned=0
%%%mzn-stat: AverageLearnedNogoodLength=38.839713805193696
%%%mzn-stat: AverageBacktrackAmount=0
%%%mzn-stat: AverageLbd=18.892035574812578
%%%mzn-stat: 2AutonomousSearchNumBackupCalled=7549
%%%mzn-stat: 2AutonomousSearchNumPredicatesRemoved=0
%%%mzn-stat: 2AutonomousSearchNumCalls=7865
%%%mzn-stat: 2AutonomousSearchNumPredicatesAdded=26510
%%%mzn-stat: 2AutonomousSearchAverageSizeOfHeap=187.21678321678323
%%%mzn-stat: 2AutonomousSearchNumAssignedPredicatesEncountered=99694
%%%mzn-stat-end
maxleg = 195;
succ = array1d(1..100,[4, 11, 5, 32, 15, 10, 17, 23, 18, 9, 3, 13, 30, 22, 41, 6, 55, 21, 28, 2, 39, 60, 40, 54, 16, 27, 35, 33, 48, 19, 53, 38, 34, 46, 14, 25, 36, 58, 24, 7, 59, 88, 44, 74, 62, 97, 57, 50, 37, 56, 12, 26, 29, 8, 71, 68, 72, 70, 67, 63, 31, 20, 77, 1, 90, 49, 92, 82, 43, 86, 47, 85, 61, 80, 73, 69, 98, 51, 45, 87, 93, 84, 64, 66, 81, 94, 52, 99, 83, 91, 96, 78, 89, 79, 76, 100, 65, 75, 95, 42]);
% time elapsed: 40.17 s
----------
%%%mzn-stat: initTime=0.071256708
%%%mzn-stat: objective=194
%%%mzn-stat: nodes=329747
%%%mzn-stat: restarts=3
%%%mzn-stat: peakDepth=863
%%%mzn-stat: solveTime=34.447460792
%%%mzn-stat: variables=1346
%%%mzn-stat: propagators=5975
%%%mzn-stat: failures=70203
%%%mzn-stat: propagations=69884142
%%%mzn-stat: nogoods=70203
%%%mzn-stat: numAtomicConstraintsPropagated=0
%%%mzn-stat: circuitNumber4951PropagationsThatFoundConflict=9429
%%%mzn-stat: circuitNumber4951TotalFixedEdgesAtConflict=788652
%%%mzn-stat: circuitNumber4951NumberOfConflicts=9429
%%%mzn-stat: circuitNumber4951PropagationsThatPruned=20296
%%%mzn-stat: circuitNumber4951PropagationsTotal=333174
%%%mzn-stat: AverageConflictSize=13.224107231884677
%%%mzn-stat: NumUnitNogoodsLearned=0
%%%mzn-stat: AverageLearnedNogoodLength=38.85026280928165
%%%mzn-stat: AverageBacktrackAmount=0
%%%mzn-stat: AverageLbd=18.904348817002123
%%%mzn-stat: 2AutonomousSearchNumBackupCalled=8207
%%%mzn-stat: 2AutonomousSearchNumPredicatesRemoved=0
%%%mzn-stat: 2AutonomousSearchNumCalls=8700
%%%mzn-stat: 2AutonomousSearchNumPredicatesAdded=28534
%%%mzn-stat: 2AutonomousSearchAverageSizeOfHeap=297.7609195402299
%%%mzn-stat: 2AutonomousSearchNumAssignedPredicatesEncountered=115834
%%%mzn-stat-end
maxleg = 194;
succ = array1d(1..100,[4, 11, 5, 32, 15, 10, 17, 23, 18, 9, 3, 46, 92, 22, 67, 6, 55, 21, 28, 2, 39, 60, 40, 54, 16, 27, 35, 33, 48, 19, 53, 38, 34, 13, 14, 25, 36, 58, 24, 7, 59, 88, 44, 74, 62, 97, 57, 50, 37, 56, 12, 26, 29, 8, 71, 68, 72, 70, 30, 63, 31, 20, 77, 1, 90, 49, 41, 82, 43, 86, 47, 85, 61, 80, 73, 69, 98, 51, 45, 87, 93, 84, 64, 66, 81, 94, 52, 99, 83, 91, 96, 78, 89, 79, 76, 100, 65, 75, 95, 42]);
% time elapsed: 40.21 s
----------
%%%mzn-stat: initTime=0.071256708
%%%mzn-stat: objective=192
%%%mzn-stat: nodes=330480
%%%mzn-stat: restarts=3
%%%mzn-stat: peakDepth=863
%%%mzn-stat: solveTime=34.453264263
%%%mzn-stat: variables=1346
%%%mzn-stat: propagators=5975
%%%mzn-stat: failures=70203
%%%mzn-stat: propagations=69895848
%%%mzn-stat: nogoods=70203
%%%mzn-stat: numAtomicConstraintsPropagated=0
%%%mzn-stat: circuitNumber4951PropagationsThatFoundConflict=9429
%%%mzn-stat: circuitNumber4951TotalFixedEdgesAtConflict=788652
%%%mzn-stat: circuitNumber4951NumberOfConflicts=9429
%%%mzn-stat: circuitNumber4951PropagationsThatPruned=20298
%%%mzn-stat: circuitNumber4951PropagationsTotal=333247
%%%mzn-stat: AverageConflictSize=13.224107231884677
%%%mzn-stat: NumUnitNogoodsLearned=0
%%%mzn-stat: AverageLearnedNogoodLength=38.85026280928165
%%%mzn-stat: AverageBacktrackAmount=0
%%%mzn-stat: AverageLbd=18.904348817002123
%%%mzn-stat: 2AutonomousSearchNumBackupCalled=8870
%%%mzn-stat: 2AutonomousSearchNumPredicatesRemoved=0
%%%mzn-stat: 2AutonomousSearchNumCalls=9364
%%%mzn-stat: 2AutonomousSearchNumPredicatesAdded=28534
%%%mzn-stat: 2AutonomousSearchAverageSizeOfHeap=277.5085433575395
%%%mzn-stat: 2AutonomousSearchNumAssignedPredicatesEncountered=123904
%%%mzn-stat-end
maxleg = 192;
succ = array1d(1..100,[4, 11, 5, 32, 15, 10, 17, 23, 18, 9, 3, 13, 30, 22, 41, 6, 55, 21, 28, 2, 39, 60, 40, 54, 16, 27, 35, 33, 48, 19, 53, 38, 34, 46, 14, 25, 36, 58, 24, 7, 63, 88, 44, 74, 62, 73, 57, 50, 37, 56, 12, 26, 29, 8, 71, 68, 72, 70, 75, 96, 65, 20, 77, 1, 90, 49, 59, 82, 43, 86, 47, 85, 61, 80, 92, 69, 98, 51, 45, 87, 93, 84, 64, 66, 81, 94, 52, 99, 83, 91, 100, 78, 89, 79, 76, 97, 31, 67, 95, 42]);
% time elapsed: 40.22 s
----------
%%%mzn-stat: initTime=0.071256708
%%%mzn-stat: objective=191
%%%mzn-stat: nodes=331272
%%%mzn-stat: restarts=3
%%%mzn-stat: peakDepth=863
%%%mzn-stat: solveTime=34.488638103
%%%mzn-stat: variables=1346
%%%mzn-stat: propagators=5975
%%%mzn-stat: failures=70243
%%%mzn-stat: propagations=69941529
%%%mzn-stat: nogoods=70243
%%%mzn-stat: numAtomicConstraintsPropagated=0
%%%mzn-stat: circuitNumber4951PropagationsThatFoundConflict=9457
%%%mzn-stat: circuitNumber4951TotalFixedEdgesAtConflict=791226
%%%mzn-stat: circuitNumber4951NumberOfConflicts=9457
%%%mzn-stat: circuitNumber4951PropagationsThatPruned=20329
%%%mzn-stat: circuitNumber4951PropagationsTotal=333471
%%%mzn-stat: AverageConflictSize=13.24987543242743
%%%mzn-stat: NumUnitNogoodsLearned=0
%%%mzn-stat: AverageLearnedNogoodLength=38.86431388181029
%%%mzn-stat: AverageBacktrackAmount=0
%%%mzn-stat: AverageLbd=18.91683157040559
%%%mzn-stat: 2AutonomousSearchNumBackupCalled=9504
%%%mzn-stat: 2AutonomousSearchNumPredicatesRemoved=0
%%%mzn-stat: 2AutonomousSearchNumCalls=9999
%%%mzn-stat: 2AutonomousSearchNumPredicatesAdded=30551
%%%mzn-stat: 2AutonomousSearchAverageSizeOfHeap=260.6939693969397
%%%mzn-stat: 2AutonomousSearchNumAssignedPredicatesEncountered=131993
%%%mzn-stat-end
maxleg = 191;
succ = array1d(1..100,[4, 11, 5, 32, 15, 10, 17, 23, 18, 24, 3, 13, 30, 22, 41, 6, 55, 21, 28, 2, 39, 60, 81, 9, 16, 27, 35, 33, 48, 19, 53, 38, 34, 46, 14, 25, 36, 58, 71, 7, 63, 88, 44, 74, 62, 73, 54, 50, 37, 56, 12, 26, 29, 8, 57, 68, 47, 70, 75, 96, 65, 20, 77, 1, 90, 49, 59, 82, 43, 86, 72, 85, 61, 80, 92, 69, 98, 51, 45, 87, 93, 84, 64, 66, 40, 94, 52, 99, 83, 91, 100, 78, 89, 79, 76, 97, 31, 67, 95, 42]);
% time elapsed: 40.26 s
----------
%%%mzn-stat: initTime=0.071256708
%%%mzn-stat: objective=190
%%%mzn-stat: nodes=332598
%%%mzn-stat: restarts=4
%%%mzn-stat: peakDepth=863
%%%mzn-stat: solveTime=34.543072795
%%%mzn-stat: variables=1346
%%%mzn-stat: propagators=5975
%%%mzn-stat: failures=70301
%%%mzn-stat: propagations=70046137
%%%mzn-stat: nogoods=70301
%%%mzn-stat: numAtomicConstraintsPropagated=0
%%%mzn-stat: circuitNumber4951PropagationsThatFoundConflict=9485
%%%mzn-stat: circuitNumber4951TotalFixedEdgesAtConflict=793800
%%%mzn-stat: circuitNumber4951NumberOfConflicts=9485
%%%mzn-stat: circuitNumber4951PropagationsThatPruned=20379
%%%mzn-stat: circuitNumber4951PropagationsTotal=334108
%%%mzn-stat: AverageConflictSize=13.273154009189058
%%%mzn-stat: NumUnitNogoodsLearned=0
%%%mzn-stat: AverageLearnedNogoodLength=38.87594771055888
%%%mzn-stat: AverageBacktrackAmount=0
%%%mzn-stat: AverageLbd=18.926658226767756
%%%mzn-stat: 2AutonomousSearchNumBackupCalled=10153
%%%mzn-stat: 2AutonomousSearchNumPredicatesRemoved=0
%%%mzn-stat: 2AutonomousSearchNumCalls=10831
%%%mzn-stat: 2AutonomousSearchNumPredicatesAdded=32587
%%%mzn-stat: 2AutonomousSearchAverageSizeOfHeap=347.7056596805466
%%%mzn-stat: 2AutonomousSearchNumAssignedPredicatesEncountered=148171
%%%mzn-stat-end
maxleg = 190;
succ = array1d(1..100,[4, 11, 5, 32, 15, 18, 17, 23, 21, 24, 3, 13, 30, 22, 41, 6, 55, 10, 28, 2, 39, 60, 81, 9, 16, 27, 35, 33, 48, 19, 53, 38, 34, 46, 14, 25, 36, 58, 71, 7, 63, 88, 44, 74, 62, 73, 54, 50, 37, 56, 12, 26, 29, 8, 57, 68, 47, 70, 75, 96, 65, 20, 77, 1, 90, 49, 59, 82, 43, 86, 72, 85, 61, 80, 92, 69, 98, 51, 45, 87, 93, 84, 64, 66, 40, 94, 52, 99, 83, 91, 100, 78, 89, 79, 76, 97, 31, 67, 95, 42]);
% time elapsed: 40.32 s
----------
%%%mzn-stat: initTime=0.071256708
%%%mzn-stat: objective=187
%%%mzn-stat: nodes=333320
%%%mzn-stat: restarts=4
%%%mzn-stat: peakDepth=863
%%%mzn-stat: solveTime=34.549463234
%%%mzn-stat: variables=1346
%%%mzn-stat: propagators=5975
%%%mzn-stat: failures=70301
%%%mzn-stat: propagations=70057862
%%%mzn-stat: nogoods=70301
%%%mzn-stat: numAtomicConstraintsPropagated=0
%%%mzn-stat: circuitNumber4951PropagationsThatFoundConflict=9485
%%%mzn-stat: circuitNumber4951TotalFixedEdgesAtConflict=793800
%%%mzn-stat: circuitNumber4951NumberOfConflicts=9485
%%%mzn-stat: circuitNumber4951PropagationsThatPruned=20382
%%%mzn-stat: circuitNumber4951PropagationsTotal=334183
%%%mzn-stat: AverageConflictSize=13.273154009189058
%%%mzn-stat: NumUnitNogoodsLearned=0
%%%mzn-stat: AverageLearnedNogoodLength=38.87594771055888
%%%mzn-stat: AverageBacktrackAmount=0
%%%mzn-stat: AverageLbd=18.926658226767756
%%%mzn-stat: 2AutonomousSearchNumBackupCalled=10807
%%%mzn-stat: 2AutonomousSearchNumPredicatesRemoved=0
%%%mzn-stat: 2AutonomousSearchNumCalls=11486
%%%mzn-stat: 2AutonomousSearchNumPredicatesAdded=32587
%%%mzn-stat: 2AutonomousSearchAverageSizeOfHeap=328.5816646352081
%%%mzn-stat: 2AutonomousSearchNumAssignedPredicatesEncountered=156260
%%%mzn-stat-end
maxleg = 187;
succ = array1d(1..100,[4, 11, 5, 32, 15, 10, 17, 23, 18, 24, 3, 13, 30, 22, 41, 6, 55, 71, 28, 2, 9, 60, 81, 39, 16, 27, 35, 33, 48, 19, 53, 38, 34, 46, 14, 25, 36, 58, 21, 7, 63, 88, 44, 74, 62, 73, 54, 50, 37, 56, 12, 26, 29, 8, 57, 68, 47, 70, 75, 96, 65, 20, 77, 1, 90, 49, 59, 82, 43, 86, 72, 85, 61, 80, 92, 69, 98, 51, 45, 87, 93, 84, 64, 66, 40, 94, 52, 99, 83, 91, 100, 78, 89, 79, 76, 97, 31, 67, 95, 42]);
% time elapsed: 40.33 s
----------
%%%mzn-stat: initTime=0.071256708
%%%mzn-stat: objective=187
%%%mzn-stat: nodes=4075854
%%%mzn-stat: restarts=4
%%%mzn-stat: peakDepth=863
%%%mzn-stat: solveTime=1794.628041002
%%%mzn-stat: variables=1346
%%%mzn-stat: propagators=5975
%%%mzn-stat: failures=1906582
%%%mzn-stat: propagations=1910920892
%%%mzn-stat: nogoods=1906582
%%%mzn-stat: numAtomicConstraintsPropagated=0
%%%mzn-stat: circuitNumber4951PropagationsThatFoundConflict=185394
%%%mzn-stat: circuitNumber4951TotalFixedEdgesAtConflict=16195598
%%%mzn-stat: circuitNumber4951NumberOfConflicts=185394
%%%mzn-stat: circuitNumber4951PropagationsThatPruned=989711
%%%mzn-stat: circuitNumber4951PropagationsTotal=5258437
%%%mzn-stat: AverageConflictSize=10.180229856360754
%%%mzn-stat: NumUnitNogoodsLearned=0
%%%mzn-stat: AverageLearnedNogoodLength=62.903025938564404
%%%mzn-stat: AverageBacktrackAmount=0
%%%mzn-stat: AverageLbd=31.942579443213038
%%%mzn-stat: 2AutonomousSearchNumBackupCalled=10807
%%%mzn-stat: 2AutonomousSearchNumPredicatesRemoved=0
%%%mzn-stat: 2AutonomousSearchNumCalls=11486
%%%mzn-stat: 2AutonomousSearchNumPredicatesAdded=40282
%%%mzn-stat: 2AutonomousSearchAverageSizeOfHeap=328.5816646352081
%%%mzn-stat: 2AutonomousSearchNumAssignedPredicatesEncountered=156260
%%%mzn-stat-end
