%%%mzn-stat: initTime=0.009700656
%%%mzn-stat: objective=410
%%%mzn-stat: nodes=128740
%%%mzn-stat: restarts=113
%%%mzn-stat: peakDepth=432
%%%mzn-stat: solveTime=24.383677417
%%%mzn-stat: variables=844
%%%mzn-stat: propagators=1819
%%%mzn-stat: failures=88650
%%%mzn-stat: propagations=19863831
%%%mzn-stat: nogoods=88650
%%%mzn-stat: AverageConflictSize=15.80594472645234
%%%mzn-stat: NumUnitNogoodsLearned=220
%%%mzn-stat: AverageLearnedNogoodLength=40.1336943034405
%%%mzn-stat: AverageBacktrackAmount=0
%%%mzn-stat: AverageLbd=13.673040045121263
%%%mzn-stat-end
maxleg = 410;
succ = array1d(1..50,[19, 5, 37, 30, 25, 48, 34, 23, 41, 44, 8, 6, 22, 39, 43, 36, 13, 33, 40, 38, 45, 47, 42, 18, 24, 29, 11, 3, 21, 1, 35, 46, 28, 16, 10, 31, 14, 17, 7, 26, 4, 32, 49, 15, 50, 12, 27, 2, 9, 20]);
% time elapsed: 28.42 s
----------
%%%mzn-stat: initTime=0.009700656
%%%mzn-stat: objective=364
%%%mzn-stat: nodes=130261
%%%mzn-stat: restarts=115
%%%mzn-stat: peakDepth=467
%%%mzn-stat: solveTime=24.484089558
%%%mzn-stat: variables=844
%%%mzn-stat: propagators=1819
%%%mzn-stat: failures=89114
%%%mzn-stat: propagations=19945654
%%%mzn-stat: nogoods=89114
%%%mzn-stat: AverageConflictSize=15.759274636981843
%%%mzn-stat: NumUnitNogoodsLearned=220
%%%mzn-stat: AverageLearnedNogoodLength=40.03275579594676
%%%mzn-stat: AverageBacktrackAmount=0
%%%mzn-stat: AverageLbd=13.661613214534192
%%%mzn-stat-end
maxleg = 364;
succ = array1d(1..50,[46, 14, 37, 19, 25, 48, 34, 11, 41, 44, 26, 6, 22, 39, 43, 36, 13, 33, 40, 38, 45, 47, 42, 18, 24, 29, 30, 3, 21, 1, 35, 8, 28, 16, 10, 31, 12, 17, 7, 23, 4, 32, 49, 15, 50, 5, 27, 2, 9, 20]);
% time elapsed: 28.49 s
----------
%%%mzn-stat: initTime=0.009700656
%%%mzn-stat: objective=363
%%%mzn-stat: nodes=138960
%%%mzn-stat: restarts=118
%%%mzn-stat: peakDepth=470
%%%mzn-stat: solveTime=25.861680537
%%%mzn-stat: variables=844
%%%mzn-stat: propagators=1819
%%%mzn-stat: failures=95318
%%%mzn-stat: propagations=21148875
%%%mzn-stat: nogoods=95318
%%%mzn-stat: AverageConflictSize=15.377903439014666
%%%mzn-stat: NumUnitNogoodsLearned=220
%%%mzn-stat: AverageLearnedNogoodLength=39.273442581673976
%%%mzn-stat: AverageBacktrackAmount=0
%%%mzn-stat: AverageLbd=13.58033110220525
%%%mzn-stat-end
maxleg = 363;
succ = array1d(1..50,[46, 33, 37, 19, 24, 48, 34, 11, 41, 44, 26, 14, 22, 39, 43, 36, 13, 25, 40, 38, 45, 47, 42, 18, 2, 29, 30, 3, 21, 1, 35, 8, 28, 16, 10, 31, 12, 17, 7, 23, 4, 32, 49, 15, 50, 6, 27, 5, 9, 20]);
% time elapsed: 29.88 s
----------
%%%mzn-stat: initTime=0.009700656
%%%mzn-stat: objective=362
%%%mzn-stat: nodes=140030
%%%mzn-stat: restarts=119
%%%mzn-stat: peakDepth=477
%%%mzn-stat: solveTime=26.004884535
%%%mzn-stat: variables=844
%%%mzn-stat: propagators=1819
%%%mzn-stat: failures=95672
%%%mzn-stat: propagations=21222128
%%%mzn-stat: nogoods=95672
%%%mzn-stat: AverageConflictSize=15.425443180867966
%%%mzn-stat: NumUnitNogoodsLearned=220
%%%mzn-stat: AverageLearnedNogoodLength=39.41258675474538
%%%mzn-stat: AverageBacktrackAmount=0
%%%mzn-stat: AverageLbd=13.570647629400451
%%%mzn-stat-end
maxleg = 362;
succ = array1d(1..50,[46, 33, 37, 19, 24, 48, 34, 11, 41, 44, 26, 14, 22, 39, 43, 36, 13, 25, 40, 38, 45, 47, 42, 18, 2, 29, 30, 3, 21, 1, 35, 8, 28, 16, 10, 31, 12, 17, 7, 23, 4, 32, 49, 15, 50, 6, 27, 5, 9, 20]);
% time elapsed: 30.02 s
----------
%%%mzn-stat: initTime=0.009700656
%%%mzn-stat: objective=361
%%%mzn-stat: nodes=142195
%%%mzn-stat: restarts=120
%%%mzn-stat: peakDepth=477
%%%mzn-stat: solveTime=26.410937497
%%%mzn-stat: variables=844
%%%mzn-stat: propagators=1819
%%%mzn-stat: failures=96744
%%%mzn-stat: propagations=21448637
%%%mzn-stat: nogoods=96744
%%%mzn-stat: AverageConflictSize=15.531629868518978
%%%mzn-stat: NumUnitNogoodsLearned=220
%%%mzn-stat: AverageLearnedNogoodLength=39.723176631108906
%%%mzn-stat: AverageBacktrackAmount=0
%%%mzn-stat: AverageLbd=13.566195319606384
%%%mzn-stat-end
maxleg = 361;
succ = array1d(1..50,[46, 33, 37, 19, 24, 48, 34, 11, 41, 44, 26, 14, 22, 39, 43, 36, 13, 25, 40, 38, 45, 47, 42, 18, 2, 29, 30, 3, 21, 1, 35, 8, 28, 16, 10, 31, 12, 17, 7, 23, 4, 32, 49, 15, 50, 6, 27, 5, 9, 20]);
% time elapsed: 30.43 s
----------
%%%mzn-stat: initTime=0.009700656
%%%mzn-stat: objective=360
%%%mzn-stat: nodes=143480
%%%mzn-stat: restarts=121
%%%mzn-stat: peakDepth=477
%%%mzn-stat: solveTime=26.598498171
%%%mzn-stat: variables=844
%%%mzn-stat: propagators=1819
%%%mzn-stat: failures=97225
%%%mzn-stat: propagations=21537022
%%%mzn-stat: nogoods=97225
%%%mzn-stat: AverageConflictSize=15.591339676009257
%%%mzn-stat: NumUnitNogoodsLearned=220
%%%mzn-stat: AverageLearnedNogoodLength=39.89567498071484
%%%mzn-stat: AverageBacktrackAmount=0
%%%mzn-stat: AverageLbd=13.570059141167395
%%%mzn-stat-end
maxleg = 360;
succ = array1d(1..50,[46, 33, 37, 19, 24, 48, 34, 11, 41, 44, 26, 14, 22, 39, 43, 36, 13, 25, 40, 38, 45, 47, 42, 18, 2, 29, 30, 3, 21, 1, 35, 8, 28, 16, 10, 31, 12, 17, 7, 23, 4, 32, 49, 15, 50, 6, 27, 5, 9, 20]);
% time elapsed: 30.62 s
----------
%%%mzn-stat: initTime=0.009700656
%%%mzn-stat: objective=359
%%%mzn-stat: nodes=160425
%%%mzn-stat: restarts=122
%%%mzn-stat: peakDepth=477
%%%mzn-stat: solveTime=30.804665876
%%%mzn-stat: variables=844
%%%mzn-stat: propagators=1819
%%%mzn-stat: failures=111716
%%%mzn-stat: propagations=25502626
%%%mzn-stat: nogoods=111716
%%%mzn-stat: AverageConflictSize=14.991943857639013
%%%mzn-stat: NumUnitNogoodsLearned=220
%%%mzn-stat: AverageLearnedNogoodLength=38.73899889004261
%%%mzn-stat: AverageBacktrackAmount=0
%%%mzn-stat: AverageLbd=13.07358838483297
%%%mzn-stat-end
maxleg = 359;
succ = array1d(1..50,[46, 33, 37, 19, 24, 48, 34, 11, 41, 44, 26, 14, 22, 39, 43, 36, 13, 25, 40, 38, 45, 47, 42, 18, 2, 29, 30, 3, 21, 1, 35, 8, 28, 16, 10, 31, 12, 17, 7, 23, 4, 32, 49, 15, 50, 6, 27, 5, 9, 20]);
% time elapsed: 34.83 s
----------
%%%mzn-stat: initTime=0.009700656
%%%mzn-stat: objective=358
%%%mzn-stat: nodes=163532
%%%mzn-stat: restarts=123
%%%mzn-stat: peakDepth=477
%%%mzn-stat: solveTime=31.583520702
%%%mzn-stat: variables=844
%%%mzn-stat: propagators=1819
%%%mzn-stat: failures=113505
%%%mzn-stat: propagations=25893506
%%%mzn-stat: nogoods=113505
%%%mzn-stat: AverageConflictSize=15.30961631646183
%%%mzn-stat: NumUnitNogoodsLearned=220
%%%mzn-stat: AverageLearnedNogoodLength=39.492850535218714
%%%mzn-stat: AverageBacktrackAmount=0
%%%mzn-stat: AverageLbd=13.069283291484957
%%%mzn-stat-end
maxleg = 358;
succ = array1d(1..50,[46, 33, 37, 19, 24, 48, 34, 11, 41, 44, 26, 14, 22, 39, 43, 36, 13, 25, 40, 38, 45, 47, 42, 18, 2, 29, 30, 3, 21, 1, 35, 8, 28, 16, 10, 31, 12, 17, 7, 23, 4, 32, 49, 15, 50, 6, 27, 5, 9, 20]);
% time elapsed: 35.61 s
----------
%%%mzn-stat: initTime=0.009700656
%%%mzn-stat: objective=357
%%%mzn-stat: nodes=165466
%%%mzn-stat: restarts=124
%%%mzn-stat: peakDepth=477
%%%mzn-stat: solveTime=32.005870518
%%%mzn-stat: variables=844
%%%mzn-stat: propagators=1819
%%%mzn-stat: failures=114526
%%%mzn-stat: propagations=26128256
%%%mzn-stat: nogoods=114526
%%%mzn-stat: AverageConflictSize=15.44025810732934
%%%mzn-stat: NumUnitNogoodsLearned=220
%%%mzn-stat: AverageLearnedNogoodLength=39.762350907217574
%%%mzn-stat: AverageBacktrackAmount=0
%%%mzn-stat: AverageLbd=13.058405951486998
%%%mzn-stat-end
maxleg = 357;
succ = array1d(1..50,[46, 33, 37, 19, 24, 48, 34, 11, 41, 44, 26, 14, 22, 39, 43, 36, 13, 25, 40, 38, 45, 47, 42, 18, 2, 29, 30, 3, 21, 1, 35, 8, 28, 16, 10, 31, 12, 17, 7, 23, 4, 32, 49, 15, 50, 6, 27, 5, 9, 20]);
% time elapsed: 36.04 s
----------
%%%mzn-stat: initTime=0.009700656
%%%mzn-stat: objective=356
%%%mzn-stat: nodes=166655
%%%mzn-stat: restarts=125
%%%mzn-stat: peakDepth=477
%%%mzn-stat: solveTime=32.219501194
%%%mzn-stat: variables=844
%%%mzn-stat: propagators=1819
%%%mzn-stat: failures=115001
%%%mzn-stat: propagations=26252929
%%%mzn-stat: nogoods=115001
%%%mzn-stat: AverageConflictSize=15.467952452587369
%%%mzn-stat: NumUnitNogoodsLearned=220
%%%mzn-stat: AverageLearnedNogoodLength=39.86881853201277
%%%mzn-stat: AverageBacktrackAmount=0
%%%mzn-stat: AverageLbd=13.053669098529578
%%%mzn-stat-end
maxleg = 356;
succ = array1d(1..50,[46, 33, 37, 19, 25, 48, 34, 11, 41, 44, 26, 14, 22, 39, 43, 36, 13, 2, 40, 38, 45, 47, 42, 18, 24, 29, 30, 3, 21, 1, 35, 8, 28, 16, 10, 31, 12, 17, 7, 23, 4, 32, 49, 15, 50, 6, 27, 5, 9, 20]);
% time elapsed: 36.26 s
----------
%%%mzn-stat: initTime=0.009700656
%%%mzn-stat: objective=355
%%%mzn-stat: nodes=168596
%%%mzn-stat: restarts=126
%%%mzn-stat: peakDepth=477
%%%mzn-stat: solveTime=32.556439994
%%%mzn-stat: variables=844
%%%mzn-stat: propagators=1819
%%%mzn-stat: failures=116159
%%%mzn-stat: propagations=26540746
%%%mzn-stat: nogoods=116159
%%%mzn-stat: AverageConflictSize=15.509603216281132
%%%mzn-stat: NumUnitNogoodsLearned=220
%%%mzn-stat: AverageLearnedNogoodLength=39.91455677132207
%%%mzn-stat: AverageBacktrackAmount=0
%%%mzn-stat: AverageLbd=13.027755059874826
%%%mzn-stat-end
maxleg = 355;
succ = array1d(1..50,[46, 33, 37, 19, 25, 48, 34, 11, 41, 44, 26, 14, 22, 39, 43, 36, 13, 2, 40, 38, 45, 47, 42, 18, 24, 29, 30, 3, 21, 1, 35, 8, 28, 16, 10, 31, 12, 17, 7, 23, 4, 32, 49, 15, 50, 6, 27, 5, 9, 20]);
% time elapsed: 36.59 s
----------
%%%mzn-stat: initTime=0.009700656
%%%mzn-stat: objective=354
%%%mzn-stat: nodes=169205
%%%mzn-stat: restarts=127
%%%mzn-stat: peakDepth=477
%%%mzn-stat: solveTime=32.600795533
%%%mzn-stat: variables=844
%%%mzn-stat: propagators=1819
%%%mzn-stat: failures=116230
%%%mzn-stat: propagations=26563472
%%%mzn-stat: nogoods=116230
%%%mzn-stat: AverageConflictSize=15.52122515701626
%%%mzn-stat: NumUnitNogoodsLearned=220
%%%mzn-stat: AverageLearnedNogoodLength=39.94401617482578
%%%mzn-stat: AverageBacktrackAmount=0
%%%mzn-stat: AverageLbd=13.02939860621182
%%%mzn-stat-end
maxleg = 354;
succ = array1d(1..50,[46, 33, 37, 19, 25, 48, 34, 11, 41, 44, 26, 14, 22, 39, 43, 36, 13, 2, 40, 38, 45, 47, 42, 18, 24, 29, 30, 3, 21, 1, 35, 8, 28, 16, 10, 31, 12, 17, 7, 23, 4, 32, 49, 15, 50, 6, 27, 5, 9, 20]);
% time elapsed: 36.64 s
----------
%%%mzn-stat: initTime=0.009700656
%%%mzn-stat: objective=353
%%%mzn-stat: nodes=178032
%%%mzn-stat: restarts=128
%%%mzn-stat: peakDepth=477
%%%mzn-stat: solveTime=34.311880709
%%%mzn-stat: variables=844
%%%mzn-stat: propagators=1819
%%%mzn-stat: failures=123627
%%%mzn-stat: propagations=28402955
%%%mzn-stat: nogoods=123627
%%%mzn-stat: AverageConflictSize=15.390505310328649
%%%mzn-stat: NumUnitNogoodsLearned=220
%%%mzn-stat: AverageLearnedNogoodLength=39.10310854425004
%%%mzn-stat: AverageBacktrackAmount=0
%%%mzn-stat: AverageLbd=12.767251490370226
%%%mzn-stat-end
maxleg = 353;
succ = array1d(1..50,[46, 33, 37, 19, 25, 48, 34, 11, 41, 44, 26, 14, 22, 39, 43, 36, 13, 2, 40, 38, 45, 47, 42, 18, 24, 29, 30, 3, 21, 1, 35, 8, 28, 16, 10, 31, 12, 17, 7, 23, 4, 32, 49, 15, 50, 6, 27, 5, 9, 20]);
% time elapsed: 38.35 s
----------
%%%mzn-stat: initTime=0.009700656
%%%mzn-stat: objective=352
%%%mzn-stat: nodes=179436
%%%mzn-stat: restarts=129
%%%mzn-stat: peakDepth=477
%%%mzn-stat: solveTime=34.534322262
%%%mzn-stat: variables=844
%%%mzn-stat: propagators=1819
%%%mzn-stat: failures=124162
%%%mzn-stat: propagations=28518332
%%%mzn-stat: nogoods=124162
%%%mzn-stat: AverageConflictSize=15.481411381904286
%%%mzn-stat: NumUnitNogoodsLearned=220
%%%mzn-stat: AverageLearnedNogoodLength=39.27289347787568
%%%mzn-stat: AverageBacktrackAmount=0
%%%mzn-stat: AverageLbd=12.76989739211675
%%%mzn-stat-end
maxleg = 352;
succ = array1d(1..50,[46, 33, 37, 19, 25, 48, 34, 11, 41, 44, 26, 14, 22, 39, 43, 36, 13, 2, 40, 38, 45, 47, 42, 18, 24, 29, 30, 3, 21, 1, 35, 8, 28, 16, 10, 31, 12, 17, 7, 23, 4, 32, 49, 15, 50, 6, 27, 5, 9, 20]);
% time elapsed: 38.58 s
----------
%%%mzn-stat: initTime=0.009700656
%%%mzn-stat: objective=351
%%%mzn-stat: nodes=184790
%%%mzn-stat: restarts=130
%%%mzn-stat: peakDepth=477
%%%mzn-stat: solveTime=35.624828544
%%%mzn-stat: variables=844
%%%mzn-stat: propagators=1819
%%%mzn-stat: failures=128254
%%%mzn-stat: propagations=29376502
%%%mzn-stat: nogoods=128254
%%%mzn-stat: AverageConflictSize=15.452586274112308
%%%mzn-stat: NumUnitNogoodsLearned=220
%%%mzn-stat: AverageLearnedNogoodLength=38.87469396665991
%%%mzn-stat: AverageBacktrackAmount=0
%%%mzn-stat: AverageLbd=12.638498604332028
%%%mzn-stat-end
maxleg = 351;
succ = array1d(1..50,[46, 33, 37, 19, 25, 48, 34, 11, 41, 44, 26, 14, 22, 39, 43, 36, 13, 2, 40, 38, 45, 47, 42, 18, 24, 29, 30, 3, 21, 1, 35, 8, 28, 16, 10, 31, 12, 17, 7, 23, 4, 32, 49, 15, 50, 6, 27, 5, 9, 20]);
% time elapsed: 39.68 s
----------
%%%mzn-stat: initTime=0.009700656
%%%mzn-stat: objective=350
%%%mzn-stat: nodes=186401
%%%mzn-stat: restarts=131
%%%mzn-stat: peakDepth=477
%%%mzn-stat: solveTime=35.881080936000004
%%%mzn-stat: variables=844
%%%mzn-stat: propagators=1819
%%%mzn-stat: failures=129041
%%%mzn-stat: propagations=29503634
%%%mzn-stat: nogoods=129041
%%%mzn-stat: AverageConflictSize=15.427864012213172
%%%mzn-stat: NumUnitNogoodsLearned=220
%%%mzn-stat: AverageLearnedNogoodLength=38.787338907789
%%%mzn-stat: AverageBacktrackAmount=0
%%%mzn-stat: AverageLbd=12.627041017971033
%%%mzn-stat-end
maxleg = 350;
succ = array1d(1..50,[46, 33, 37, 19, 25, 48, 34, 11, 41, 44, 26, 14, 22, 39, 43, 36, 13, 2, 40, 38, 45, 47, 42, 18, 24, 29, 30, 3, 21, 1, 35, 8, 28, 16, 10, 31, 12, 17, 7, 23, 4, 32, 49, 15, 50, 6, 27, 5, 9, 20]);
% time elapsed: 39.94 s
----------
%%%mzn-stat: initTime=0.009700656
%%%mzn-stat: objective=349
%%%mzn-stat: nodes=187116
%%%mzn-stat: restarts=132
%%%mzn-stat: peakDepth=477
%%%mzn-stat: solveTime=35.971844696
%%%mzn-stat: variables=844
%%%mzn-stat: propagators=1819
%%%mzn-stat: failures=129215
%%%mzn-stat: propagations=29540175
%%%mzn-stat: nogoods=129215
%%%mzn-stat: AverageConflictSize=15.46083659017916
%%%mzn-stat: NumUnitNogoodsLearned=220
%%%mzn-stat: AverageLearnedNogoodLength=38.84656580118407
%%%mzn-stat: AverageBacktrackAmount=0
%%%mzn-stat: AverageLbd=12.62495840266223
%%%mzn-stat-end
maxleg = 349;
succ = array1d(1..50,[46, 33, 37, 19, 25, 48, 34, 11, 41, 44, 26, 14, 22, 39, 43, 36, 13, 2, 40, 38, 45, 47, 42, 18, 24, 29, 30, 3, 21, 1, 35, 8, 28, 16, 10, 31, 12, 17, 7, 23, 4, 32, 49, 15, 50, 6, 27, 5, 9, 20]);
% time elapsed: 40.02 s
----------
%%%mzn-stat: initTime=0.009700656
%%%mzn-stat: objective=348
%%%mzn-stat: nodes=190838
%%%mzn-stat: restarts=133
%%%mzn-stat: peakDepth=477
%%%mzn-stat: solveTime=36.675429246
%%%mzn-stat: variables=844
%%%mzn-stat: propagators=1819
%%%mzn-stat: failures=131955
%%%mzn-stat: propagations=30198738
%%%mzn-stat: nogoods=131955
%%%mzn-stat: AverageConflictSize=15.410890076162328
%%%mzn-stat: NumUnitNogoodsLearned=220
%%%mzn-stat: AverageLearnedNogoodLength=38.63821757417301
%%%mzn-stat: AverageBacktrackAmount=0
%%%mzn-stat: AverageLbd=12.536213102951764
%%%mzn-stat-end
maxleg = 348;
succ = array1d(1..50,[46, 33, 37, 19, 25, 48, 34, 11, 41, 44, 26, 14, 22, 39, 43, 36, 13, 2, 40, 38, 45, 47, 42, 18, 24, 29, 30, 3, 21, 1, 35, 8, 28, 16, 10, 31, 12, 17, 7, 23, 4, 32, 49, 15, 50, 6, 27, 5, 9, 20]);
% time elapsed: 40.73 s
----------
%%%mzn-stat: initTime=0.009700656
%%%mzn-stat: objective=347
%%%mzn-stat: nodes=192842
%%%mzn-stat: restarts=134
%%%mzn-stat: peakDepth=479
%%%mzn-stat: solveTime=37.026125854
%%%mzn-stat: variables=844
%%%mzn-stat: propagators=1819
%%%mzn-stat: failures=133210
%%%mzn-stat: propagations=30540028
%%%mzn-stat: nogoods=133210
%%%mzn-stat: AverageConflictSize=15.387538473087606
%%%mzn-stat: NumUnitNogoodsLearned=220
%%%mzn-stat: AverageLearnedNogoodLength=38.50586292320396
%%%mzn-stat: AverageBacktrackAmount=0
%%%mzn-stat: AverageLbd=12.491832445011635
%%%mzn-stat-end
maxleg = 347;
succ = array1d(1..50,[46, 33, 37, 19, 25, 48, 34, 11, 41, 44, 26, 14, 22, 39, 43, 36, 13, 2, 40, 38, 45, 47, 42, 18, 24, 29, 30, 3, 21, 1, 35, 8, 28, 16, 10, 31, 12, 17, 7, 23, 4, 32, 49, 15, 50, 6, 27, 5, 9, 20]);
% time elapsed: 41.08 s
----------
%%%mzn-stat: initTime=0.009700656
%%%mzn-stat: objective=346
%%%mzn-stat: nodes=193496
%%%mzn-stat: restarts=135
%%%mzn-stat: peakDepth=479
%%%mzn-stat: solveTime=37.063491043
%%%mzn-stat: variables=844
%%%mzn-stat: propagators=1819
%%%mzn-stat: failures=133278
%%%mzn-stat: propagations=30562067
%%%mzn-stat: nogoods=133278
%%%mzn-stat: AverageConflictSize=15.39297558486772
%%%mzn-stat: NumUnitNogoodsLearned=220
%%%mzn-stat: AverageLearnedNogoodLength=38.51812001980822
%%%mzn-stat: AverageBacktrackAmount=0
%%%mzn-stat: AverageLbd=12.492451867525023
%%%mzn-stat-end
maxleg = 346;
succ = array1d(1..50,[46, 33, 37, 19, 25, 48, 34, 11, 41, 44, 26, 14, 22, 39, 43, 36, 13, 2, 40, 38, 45, 47, 42, 18, 24, 29, 30, 3, 21, 1, 35, 8, 28, 16, 10, 31, 12, 17, 7, 23, 4, 32, 49, 15, 50, 6, 27, 5, 9, 20]);
% time elapsed: 41.12 s
----------
%%%mzn-stat: initTime=0.009700656
%%%mzn-stat: objective=345
%%%mzn-stat: nodes=194458
%%%mzn-stat: restarts=136
%%%mzn-stat: peakDepth=479
%%%mzn-stat: solveTime=37.165431504
%%%mzn-stat: variables=844
%%%mzn-stat: propagators=1819
%%%mzn-stat: failures=133521
%%%mzn-stat: propagations=30620703
%%%mzn-stat: nogoods=133521
%%%mzn-stat: AverageConflictSize=15.41738752705567
%%%mzn-stat: NumUnitNogoodsLearned=220
%%%mzn-stat: AverageLearnedNogoodLength=38.576703290119156
%%%mzn-stat: AverageBacktrackAmount=0
%%%mzn-stat: AverageLbd=12.490709326622778
%%%mzn-stat-end
maxleg = 345;
succ = array1d(1..50,[46, 33, 37, 19, 25, 48, 34, 11, 41, 44, 26, 14, 22, 39, 43, 36, 13, 2, 40, 38, 45, 47, 42, 18, 24, 29, 30, 3, 21, 1, 35, 8, 28, 16, 10, 31, 12, 17, 7, 23, 4, 32, 49, 15, 50, 6, 27, 5, 9, 20]);
% time elapsed: 41.23 s
----------
%%%mzn-stat: initTime=0.009700656
%%%mzn-stat: objective=344
%%%mzn-stat: nodes=197895
%%%mzn-stat: restarts=137
%%%mzn-stat: peakDepth=481
%%%mzn-stat: solveTime=38.134934092
%%%mzn-stat: variables=844
%%%mzn-stat: propagators=1819
%%%mzn-stat: failures=135739
%%%mzn-stat: propagations=31075858
%%%mzn-stat: nogoods=135739
%%%mzn-stat: AverageConflictSize=15.67773447572179
%%%mzn-stat: NumUnitNogoodsLearned=220
%%%mzn-stat: AverageLearnedNogoodLength=39.31900927515305
%%%mzn-stat: AverageBacktrackAmount=0
%%%mzn-stat: AverageLbd=12.45970575884602
%%%mzn-stat-end
maxleg = 344;
succ = array1d(1..50,[46, 33, 37, 19, 25, 48, 34, 11, 41, 44, 26, 14, 22, 39, 43, 36, 13, 2, 40, 38, 45, 47, 42, 18, 24, 29, 30, 3, 21, 1, 35, 8, 28, 16, 10, 31, 12, 17, 7, 23, 4, 32, 49, 15, 50, 6, 27, 5, 9, 20]);
% time elapsed: 42.20 s
----------
%%%mzn-stat: initTime=0.009700656
%%%mzn-stat: objective=343
%%%mzn-stat: nodes=199115
%%%mzn-stat: restarts=138
%%%mzn-stat: peakDepth=481
%%%mzn-stat: solveTime=38.327668805
%%%mzn-stat: variables=844
%%%mzn-stat: propagators=1819
%%%mzn-stat: failures=136261
%%%mzn-stat: propagations=31193698
%%%mzn-stat: nogoods=136261
%%%mzn-stat: AverageConflictSize=15.708515275830942
%%%mzn-stat: NumUnitNogoodsLearned=220
%%%mzn-stat: AverageLearnedNogoodLength=39.34585831602586
%%%mzn-stat: AverageBacktrackAmount=0
%%%mzn-stat: AverageLbd=12.448675703245977
%%%mzn-stat-end
maxleg = 343;
succ = array1d(1..50,[46, 33, 37, 19, 25, 48, 34, 11, 41, 44, 26, 14, 22, 39, 43, 36, 13, 2, 40, 38, 45, 47, 42, 18, 24, 29, 30, 3, 21, 1, 35, 8, 28, 16, 10, 31, 12, 17, 7, 23, 4, 32, 49, 15, 50, 6, 27, 5, 9, 20]);
% time elapsed: 42.40 s
----------
%%%mzn-stat: initTime=0.009700656
%%%mzn-stat: objective=342
%%%mzn-stat: nodes=200833
%%%mzn-stat: restarts=139
%%%mzn-stat: peakDepth=482
%%%mzn-stat: solveTime=38.716538236
%%%mzn-stat: variables=844
%%%mzn-stat: propagators=1819
%%%mzn-stat: failures=137025
%%%mzn-stat: propagations=31362747
%%%mzn-stat: nogoods=137025
%%%mzn-stat: AverageConflictSize=15.842795110381317
%%%mzn-stat: NumUnitNogoodsLearned=220
%%%mzn-stat: AverageLearnedNogoodLength=39.54614851304507
%%%mzn-stat: AverageBacktrackAmount=0
%%%mzn-stat: AverageLbd=12.445196132092684
%%%mzn-stat-end
maxleg = 342;
succ = array1d(1..50,[46, 33, 37, 19, 25, 48, 34, 11, 41, 44, 26, 14, 22, 39, 43, 36, 13, 2, 40, 38, 45, 47, 42, 18, 24, 29, 30, 3, 21, 1, 35, 8, 28, 16, 10, 31, 12, 17, 7, 23, 4, 32, 49, 15, 50, 6, 27, 5, 9, 20]);
% time elapsed: 42.79 s
----------
%%%mzn-stat: initTime=0.009700656
%%%mzn-stat: objective=341
%%%mzn-stat: nodes=204043
%%%mzn-stat: restarts=140
%%%mzn-stat: peakDepth=482
%%%mzn-stat: solveTime=39.346520236
%%%mzn-stat: variables=844
%%%mzn-stat: propagators=1819
%%%mzn-stat: failures=139068
%%%mzn-stat: propagations=31706347
%%%mzn-stat: nogoods=139068
%%%mzn-stat: AverageConflictSize=15.830341990968448
%%%mzn-stat: NumUnitNogoodsLearned=220
%%%mzn-stat: AverageLearnedNogoodLength=39.45538153996606
%%%mzn-stat: AverageBacktrackAmount=0
%%%mzn-stat: AverageLbd=12.408807202232001
%%%mzn-stat-end
maxleg = 341;
succ = array1d(1..50,[46, 33, 37, 19, 25, 48, 34, 11, 41, 44, 26, 14, 22, 39, 43, 36, 13, 2, 40, 38, 45, 47, 42, 18, 24, 29, 30, 3, 21, 1, 35, 8, 28, 16, 10, 31, 12, 17, 7, 23, 4, 32, 49, 15, 50, 6, 27, 5, 9, 20]);
% time elapsed: 43.43 s
----------
%%%mzn-stat: initTime=0.009700656
%%%mzn-stat: objective=340
%%%mzn-stat: nodes=204644
%%%mzn-stat: restarts=141
%%%mzn-stat: peakDepth=482
%%%mzn-stat: solveTime=39.39529915
%%%mzn-stat: variables=844
%%%mzn-stat: propagators=1819
%%%mzn-stat: failures=139145
%%%mzn-stat: propagations=31729676
%%%mzn-stat: nogoods=139145
%%%mzn-stat: AverageConflictSize=15.837241726256783
%%%mzn-stat: NumUnitNogoodsLearned=220
%%%mzn-stat: AverageLearnedNogoodLength=39.471041000395275
%%%mzn-stat: AverageBacktrackAmount=0
%%%mzn-stat: AverageLbd=12.4100614466923
%%%mzn-stat-end
maxleg = 340;
succ = array1d(1..50,[46, 33, 37, 19, 25, 48, 34, 11, 41, 44, 26, 14, 22, 39, 43, 36, 13, 2, 40, 38, 45, 47, 42, 18, 24, 29, 30, 3, 21, 1, 35, 8, 28, 16, 10, 31, 12, 17, 7, 23, 4, 32, 49, 15, 50, 6, 27, 5, 9, 20]);
% time elapsed: 43.48 s
----------
%%%mzn-stat: initTime=0.009700656
%%%mzn-stat: objective=339
%%%mzn-stat: nodes=205440
%%%mzn-stat: restarts=142
%%%mzn-stat: peakDepth=482
%%%mzn-stat: solveTime=39.493173344
%%%mzn-stat: variables=844
%%%mzn-stat: propagators=1819
%%%mzn-stat: failures=139307
%%%mzn-stat: propagations=31770664
%%%mzn-stat: nogoods=139307
%%%mzn-stat: AverageConflictSize=15.857279246556168
%%%mzn-stat: NumUnitNogoodsLearned=220
%%%mzn-stat: AverageLearnedNogoodLength=39.50064246592059
%%%mzn-stat: AverageBacktrackAmount=0
%%%mzn-stat: AverageLbd=12.409232845442082
%%%mzn-stat-end
maxleg = 339;
succ = array1d(1..50,[46, 33, 37, 19, 25, 48, 34, 11, 41, 44, 26, 14, 22, 39, 43, 36, 13, 2, 40, 38, 45, 47, 42, 18, 24, 29, 30, 3, 21, 1, 35, 8, 28, 16, 10, 31, 12, 17, 7, 23, 4, 32, 49, 15, 50, 6, 27, 5, 9, 20]);
% time elapsed: 43.57 s
----------
%%%mzn-stat: initTime=0.009700656
%%%mzn-stat: objective=338
%%%mzn-stat: nodes=206608
%%%mzn-stat: restarts=143
%%%mzn-stat: peakDepth=482
%%%mzn-stat: solveTime=39.743195194
%%%mzn-stat: variables=844
%%%mzn-stat: propagators=1819
%%%mzn-stat: failures=139799
%%%mzn-stat: propagations=31885095
%%%mzn-stat: nogoods=139799
%%%mzn-stat: AverageConflictSize=15.927159707866293
%%%mzn-stat: NumUnitNogoodsLearned=220
%%%mzn-stat: AverageLearnedNogoodLength=39.6293964906759
%%%mzn-stat: AverageBacktrackAmount=0
%%%mzn-stat: AverageLbd=12.406683881858955
%%%mzn-stat-end
maxleg = 338;
succ = array1d(1..50,[46, 33, 37, 19, 25, 48, 34, 11, 41, 44, 26, 14, 22, 39, 43, 36, 13, 2, 40, 38, 45, 47, 42, 18, 24, 29, 30, 3, 21, 1, 35, 8, 28, 16, 10, 31, 12, 17, 7, 23, 4, 32, 49, 15, 50, 6, 27, 5, 9, 20]);
% time elapsed: 43.83 s
----------
%%%mzn-stat: initTime=0.009700656
%%%mzn-stat: objective=337
%%%mzn-stat: nodes=207383
%%%mzn-stat: restarts=144
%%%mzn-stat: peakDepth=482
%%%mzn-stat: solveTime=39.837342123
%%%mzn-stat: variables=844
%%%mzn-stat: propagators=1819
%%%mzn-stat: failures=139943
%%%mzn-stat: propagations=31914706
%%%mzn-stat: nogoods=139943
%%%mzn-stat: AverageConflictSize=15.953381019415048
%%%mzn-stat: NumUnitNogoodsLearned=220
%%%mzn-stat: AverageLearnedNogoodLength=39.67192356888162
%%%mzn-stat: AverageBacktrackAmount=0
%%%mzn-stat: AverageLbd=12.406787049012813
%%%mzn-stat-end
maxleg = 337;
succ = array1d(1..50,[46, 33, 37, 19, 25, 48, 34, 11, 41, 44, 26, 14, 22, 39, 43, 36, 13, 2, 40, 38, 45, 47, 42, 18, 24, 29, 30, 3, 21, 1, 35, 8, 28, 16, 10, 31, 12, 17, 7, 23, 4, 32, 49, 15, 50, 6, 27, 5, 9, 20]);
% time elapsed: 43.93 s
----------
%%%mzn-stat: initTime=0.009700656
%%%mzn-stat: objective=336
%%%mzn-stat: nodes=210477
%%%mzn-stat: restarts=145
%%%mzn-stat: peakDepth=482
%%%mzn-stat: solveTime=40.859271564
%%%mzn-stat: variables=844
%%%mzn-stat: propagators=1819
%%%mzn-stat: failures=141735
%%%mzn-stat: propagations=32314509
%%%mzn-stat: nogoods=141735
%%%mzn-stat: AverageConflictSize=16.292680001411085
%%%mzn-stat: NumUnitNogoodsLearned=220
%%%mzn-stat: AverageLearnedNogoodLength=40.151712703284296
%%%mzn-stat: AverageBacktrackAmount=0
%%%mzn-stat: AverageLbd=12.388513775708187
%%%mzn-stat-end
maxleg = 336;
succ = array1d(1..50,[46, 33, 37, 19, 25, 48, 34, 11, 41, 44, 26, 14, 22, 39, 43, 36, 13, 2, 40, 38, 45, 47, 42, 18, 24, 29, 30, 3, 21, 1, 35, 8, 28, 16, 10, 31, 12, 17, 7, 23, 4, 32, 49, 15, 50, 6, 27, 5, 9, 20]);
% time elapsed: 44.96 s
----------
%%%mzn-stat: initTime=0.009700656
%%%mzn-stat: objective=335
%%%mzn-stat: nodes=211822
%%%mzn-stat: restarts=146
%%%mzn-stat: peakDepth=482
%%%mzn-stat: solveTime=41.08930431
%%%mzn-stat: variables=844
%%%mzn-stat: propagators=1819
%%%mzn-stat: failures=142330
%%%mzn-stat: propagations=32443254
%%%mzn-stat: nogoods=142330
%%%mzn-stat: AverageConflictSize=16.31510574018127
%%%mzn-stat: NumUnitNogoodsLearned=220
%%%mzn-stat: AverageLearnedNogoodLength=40.16208810510785
%%%mzn-stat: AverageBacktrackAmount=0
%%%mzn-stat: AverageLbd=12.373139886180004
%%%mzn-stat-end
maxleg = 335;
succ = array1d(1..50,[46, 33, 37, 19, 25, 48, 34, 11, 41, 44, 26, 14, 22, 39, 43, 36, 13, 2, 40, 38, 45, 47, 42, 18, 24, 29, 30, 3, 21, 1, 35, 8, 28, 16, 10, 31, 12, 17, 7, 23, 4, 32, 49, 15, 50, 6, 27, 5, 9, 20]);
% time elapsed: 45.18 s
----------
%%%mzn-stat: initTime=0.009700656
%%%mzn-stat: objective=334
%%%mzn-stat: nodes=213646
%%%mzn-stat: restarts=147
%%%mzn-stat: peakDepth=482
%%%mzn-stat: solveTime=41.677515511
%%%mzn-stat: variables=844
%%%mzn-stat: propagators=1819
%%%mzn-stat: failures=143292
%%%mzn-stat: propagations=32656193
%%%mzn-stat: nogoods=143292
%%%mzn-stat: AverageConflictSize=16.477779638779555
%%%mzn-stat: NumUnitNogoodsLearned=220
%%%mzn-stat: AverageLearnedNogoodLength=40.35297155458783
%%%mzn-stat: AverageBacktrackAmount=0
%%%mzn-stat: AverageLbd=12.35856153867627
%%%mzn-stat-end
maxleg = 334;
succ = array1d(1..50,[46, 33, 37, 19, 25, 48, 34, 11, 41, 44, 26, 14, 22, 39, 43, 36, 13, 2, 40, 38, 45, 47, 42, 18, 24, 29, 30, 3, 21, 1, 35, 8, 28, 16, 10, 31, 12, 17, 7, 23, 4, 32, 49, 15, 50, 6, 27, 5, 9, 20]);
% time elapsed: 45.77 s
----------
%%%mzn-stat: initTime=0.009700656
%%%mzn-stat: objective=333
%%%mzn-stat: nodes=214354
%%%mzn-stat: restarts=148
%%%mzn-stat: peakDepth=482
%%%mzn-stat: solveTime=41.772883758
%%%mzn-stat: variables=844
%%%mzn-stat: propagators=1819
%%%mzn-stat: failures=143425
%%%mzn-stat: propagations=32688141
%%%mzn-stat: nogoods=143425
%%%mzn-stat: AverageConflictSize=16.500435767822903
%%%mzn-stat: NumUnitNogoodsLearned=220
%%%mzn-stat: AverageLearnedNogoodLength=40.38926268084364
%%%mzn-stat: AverageBacktrackAmount=0
%%%mzn-stat: AverageLbd=12.35966533031201
%%%mzn-stat-end
maxleg = 333;
succ = array1d(1..50,[46, 33, 37, 19, 25, 48, 34, 11, 41, 44, 26, 14, 22, 39, 43, 36, 13, 2, 40, 38, 45, 47, 42, 18, 24, 29, 30, 3, 21, 1, 35, 8, 28, 16, 10, 31, 12, 17, 7, 23, 4, 32, 49, 15, 50, 6, 27, 5, 9, 20]);
% time elapsed: 45.88 s
----------
%%%mzn-stat: initTime=0.009700656
%%%mzn-stat: objective=332
%%%mzn-stat: nodes=214901
%%%mzn-stat: restarts=149
%%%mzn-stat: peakDepth=482
%%%mzn-stat: solveTime=41.813777816
%%%mzn-stat: variables=844
%%%mzn-stat: propagators=1819
%%%mzn-stat: failures=143476
%%%mzn-stat: propagations=32703060
%%%mzn-stat: nogoods=143476
%%%mzn-stat: AverageConflictSize=16.513193844266638
%%%mzn-stat: NumUnitNogoodsLearned=220
%%%mzn-stat: AverageLearnedNogoodLength=40.41079344280577
%%%mzn-stat: AverageBacktrackAmount=0
%%%mzn-stat: AverageLbd=12.360994173241517
%%%mzn-stat-end
maxleg = 332;
succ = array1d(1..50,[46, 33, 37, 19, 25, 48, 34, 11, 41, 44, 26, 14, 22, 39, 43, 36, 13, 2, 40, 38, 45, 47, 42, 18, 24, 29, 30, 3, 21, 1, 35, 8, 28, 16, 10, 31, 12, 17, 7, 23, 4, 32, 49, 15, 50, 6, 27, 5, 9, 20]);
% time elapsed: 45.92 s
----------
%%%mzn-stat: initTime=0.009700656
%%%mzn-stat: objective=331
%%%mzn-stat: nodes=216499
%%%mzn-stat: restarts=150
%%%mzn-stat: peakDepth=482
%%%mzn-stat: solveTime=42.313232742
%%%mzn-stat: variables=844
%%%mzn-stat: propagators=1819
%%%mzn-stat: failures=144259
%%%mzn-stat: propagations=32877541
%%%mzn-stat: nogoods=144259
%%%mzn-stat: AverageConflictSize=16.672325470161308
%%%mzn-stat: NumUnitNogoodsLearned=220
%%%mzn-stat: AverageLearnedNogoodLength=40.60669351652236
%%%mzn-stat: AverageBacktrackAmount=0
%%%mzn-stat: AverageLbd=12.356546212021433
%%%mzn-stat-end
maxleg = 331;
succ = array1d(1..50,[46, 33, 37, 19, 25, 48, 34, 11, 41, 44, 26, 14, 22, 39, 43, 36, 13, 2, 40, 38, 45, 47, 42, 18, 24, 29, 30, 3, 21, 1, 35, 8, 28, 16, 10, 31, 12, 17, 7, 23, 4, 32, 49, 15, 50, 6, 27, 5, 9, 20]);
% time elapsed: 46.42 s
----------
%%%mzn-stat: initTime=0.009700656
%%%mzn-stat: objective=330
%%%mzn-stat: nodes=217352
%%%mzn-stat: restarts=151
%%%mzn-stat: peakDepth=482
%%%mzn-stat: solveTime=42.485669879
%%%mzn-stat: variables=844
%%%mzn-stat: propagators=1819
%%%mzn-stat: failures=144510
%%%mzn-stat: propagations=32943653
%%%mzn-stat: nogoods=144510
%%%mzn-stat: AverageConflictSize=16.716185731091272
%%%mzn-stat: NumUnitNogoodsLearned=220
%%%mzn-stat: AverageLearnedNogoodLength=40.66372569372362
%%%mzn-stat: AverageBacktrackAmount=0
%%%mzn-stat: AverageLbd=12.356439000761194
%%%mzn-stat-end
maxleg = 330;
succ = array1d(1..50,[46, 33, 37, 19, 25, 48, 34, 11, 41, 44, 26, 14, 22, 39, 43, 36, 13, 2, 40, 38, 45, 47, 42, 18, 24, 29, 30, 3, 21, 1, 35, 8, 28, 16, 10, 31, 12, 17, 7, 23, 4, 32, 49, 15, 50, 6, 27, 5, 9, 20]);
% time elapsed: 46.59 s
----------
%%%mzn-stat: initTime=0.009700656
%%%mzn-stat: objective=329
%%%mzn-stat: nodes=218812
%%%mzn-stat: restarts=152
%%%mzn-stat: peakDepth=482
%%%mzn-stat: solveTime=42.905526302
%%%mzn-stat: variables=844
%%%mzn-stat: propagators=1819
%%%mzn-stat: failures=145271
%%%mzn-stat: propagations=33066440
%%%mzn-stat: nogoods=145271
%%%mzn-stat: AverageConflictSize=16.872101107585134
%%%mzn-stat: NumUnitNogoodsLearned=220
%%%mzn-stat: AverageLearnedNogoodLength=40.858457641236036
%%%mzn-stat: AverageBacktrackAmount=0
%%%mzn-stat: AverageLbd=12.354317103895479
%%%mzn-stat-end
maxleg = 329;
succ = array1d(1..50,[46, 33, 37, 19, 25, 48, 34, 11, 41, 44, 26, 14, 22, 39, 43, 36, 13, 2, 40, 38, 45, 47, 42, 18, 24, 29, 30, 3, 21, 1, 35, 8, 28, 16, 10, 31, 12, 17, 7, 23, 4, 32, 49, 15, 50, 6, 27, 5, 9, 20]);
% time elapsed: 47.02 s
----------
%%%mzn-stat: initTime=0.009700656
%%%mzn-stat: objective=328
%%%mzn-stat: nodes=220465
%%%mzn-stat: restarts=153
%%%mzn-stat: peakDepth=482
%%%mzn-stat: solveTime=43.370778422
%%%mzn-stat: variables=844
%%%mzn-stat: propagators=1819
%%%mzn-stat: failures=146107
%%%mzn-stat: propagations=33213812
%%%mzn-stat: nogoods=146107
%%%mzn-stat: AverageConflictSize=17.068620942186207
%%%mzn-stat: NumUnitNogoodsLearned=220
%%%mzn-stat: AverageLearnedNogoodLength=41.07330244273033
%%%mzn-stat: AverageBacktrackAmount=0
%%%mzn-stat: AverageLbd=12.348292689604195
%%%mzn-stat-end
maxleg = 328;
succ = array1d(1..50,[46, 33, 37, 19, 25, 48, 34, 11, 41, 44, 26, 14, 22, 39, 43, 36, 13, 2, 40, 38, 45, 47, 42, 18, 24, 29, 30, 3, 21, 1, 35, 8, 28, 16, 10, 31, 12, 17, 7, 23, 4, 32, 49, 15, 50, 6, 27, 5, 9, 20]);
% time elapsed: 47.49 s
----------
%%%mzn-stat: initTime=0.009700656
%%%mzn-stat: objective=327
%%%mzn-stat: nodes=221416
%%%mzn-stat: restarts=154
%%%mzn-stat: peakDepth=482
%%%mzn-stat: solveTime=43.497600137
%%%mzn-stat: variables=844
%%%mzn-stat: propagators=1819
%%%mzn-stat: failures=146358
%%%mzn-stat: propagations=33265703
%%%mzn-stat: nogoods=146358
%%%mzn-stat: AverageConflictSize=17.087812077235274
%%%mzn-stat: NumUnitNogoodsLearned=220
%%%mzn-stat: AverageLearnedNogoodLength=41.08395168012681
%%%mzn-stat: AverageBacktrackAmount=0
%%%mzn-stat: AverageLbd=12.3475997212315
%%%mzn-stat-end
maxleg = 327;
succ = array1d(1..50,[46, 33, 37, 19, 25, 48, 34, 11, 41, 44, 26, 14, 22, 39, 43, 36, 13, 2, 40, 38, 45, 47, 42, 18, 24, 29, 30, 3, 21, 1, 35, 8, 28, 16, 10, 31, 12, 17, 7, 23, 4, 32, 49, 15, 50, 6, 27, 5, 9, 20]);
% time elapsed: 47.61 s
----------
%%%mzn-stat: initTime=0.009700656
%%%mzn-stat: objective=326
%%%mzn-stat: nodes=222331
%%%mzn-stat: restarts=155
%%%mzn-stat: peakDepth=482
%%%mzn-stat: solveTime=43.697846024
%%%mzn-stat: variables=844
%%%mzn-stat: propagators=1819
%%%mzn-stat: failures=146663
%%%mzn-stat: propagations=33339106
%%%mzn-stat: nogoods=146663
%%%mzn-stat: AverageConflictSize=17.146240019636856
%%%mzn-stat: NumUnitNogoodsLearned=220
%%%mzn-stat: AverageLearnedNogoodLength=41.156392546177294
%%%mzn-stat: AverageBacktrackAmount=0
%%%mzn-stat: AverageLbd=12.347333683342084
%%%mzn-stat-end
maxleg = 326;
succ = array1d(1..50,[46, 33, 37, 19, 25, 48, 34, 11, 41, 44, 26, 14, 22, 39, 43, 36, 13, 2, 40, 38, 45, 47, 42, 18, 24, 29, 30, 3, 21, 1, 35, 8, 28, 16, 10, 31, 12, 17, 7, 23, 4, 32, 49, 15, 50, 6, 27, 5, 9, 20]);
% time elapsed: 47.82 s
----------
%%%mzn-stat: initTime=0.009700656
%%%mzn-stat: objective=325
%%%mzn-stat: nodes=223446
%%%mzn-stat: restarts=156
%%%mzn-stat: peakDepth=482
%%%mzn-stat: solveTime=44.006271456
%%%mzn-stat: variables=844
%%%mzn-stat: propagators=1819
%%%mzn-stat: failures=147116
%%%mzn-stat: propagations=33462615
%%%mzn-stat: nogoods=147116
%%%mzn-stat: AverageConflictSize=17.217855297860194
%%%mzn-stat: NumUnitNogoodsLearned=220
%%%mzn-stat: AverageLearnedNogoodLength=41.2574634981919
%%%mzn-stat: AverageBacktrackAmount=0
%%%mzn-stat: AverageLbd=12.344585225264417
%%%mzn-stat-end
maxleg = 325;
succ = array1d(1..50,[46, 33, 37, 19, 25, 48, 34, 11, 41, 44, 26, 14, 22, 39, 43, 36, 13, 2, 40, 38, 45, 47, 42, 18, 24, 29, 30, 3, 21, 1, 35, 8, 28, 16, 10, 31, 12, 17, 7, 23, 4, 32, 49, 15, 50, 6, 27, 5, 9, 20]);
% time elapsed: 48.13 s
----------
%%%mzn-stat: initTime=0.009700656
%%%mzn-stat: objective=324
%%%mzn-stat: nodes=225138
%%%mzn-stat: restarts=157
%%%mzn-stat: peakDepth=482
%%%mzn-stat: solveTime=44.592656761
%%%mzn-stat: variables=844
%%%mzn-stat: propagators=1819
%%%mzn-stat: failures=148059
%%%mzn-stat: propagations=33647792
%%%mzn-stat: nogoods=148059
%%%mzn-stat: AverageConflictSize=17.41729986019087
%%%mzn-stat: NumUnitNogoodsLearned=220
%%%mzn-stat: AverageLearnedNogoodLength=41.46120803193322
%%%mzn-stat: AverageBacktrackAmount=0
%%%mzn-stat: AverageLbd=12.334751686827548
%%%mzn-stat-end
maxleg = 324;
succ = array1d(1..50,[46, 33, 37, 19, 25, 48, 34, 11, 41, 44, 26, 14, 22, 39, 43, 36, 13, 2, 40, 38, 45, 47, 42, 18, 24, 29, 30, 3, 21, 1, 35, 8, 28, 16, 10, 31, 12, 17, 7, 23, 4, 32, 49, 15, 50, 6, 27, 5, 9, 20]);
% time elapsed: 48.72 s
----------
%%%mzn-stat: initTime=0.009700656
%%%mzn-stat: objective=323
%%%mzn-stat: nodes=226151
%%%mzn-stat: restarts=158
%%%mzn-stat: peakDepth=482
%%%mzn-stat: solveTime=44.834614909
%%%mzn-stat: variables=844
%%%mzn-stat: propagators=1819
%%%mzn-stat: failures=148438
%%%mzn-stat: propagations=33723244
%%%mzn-stat: nogoods=148438
%%%mzn-stat: AverageConflictSize=17.459963082229617
%%%mzn-stat: NumUnitNogoodsLearned=220
%%%mzn-stat: AverageLearnedNogoodLength=41.54040070601867
%%%mzn-stat: AverageBacktrackAmount=0
%%%mzn-stat: AverageLbd=12.33803338767701
%%%mzn-stat-end
maxleg = 323;
succ = array1d(1..50,[46, 33, 37, 19, 25, 48, 34, 11, 41, 44, 26, 14, 22, 39, 43, 36, 13, 2, 40, 38, 45, 47, 42, 18, 24, 29, 30, 3, 21, 1, 35, 8, 28, 16, 10, 31, 12, 17, 7, 23, 4, 32, 49, 15, 50, 6, 27, 5, 9, 20]);
% time elapsed: 48.96 s
----------
%%%mzn-stat: initTime=0.009700656
%%%mzn-stat: objective=322
%%%mzn-stat: nodes=226951
%%%mzn-stat: restarts=159
%%%mzn-stat: peakDepth=482
%%%mzn-stat: solveTime=45.009899809
%%%mzn-stat: variables=844
%%%mzn-stat: propagators=1819
%%%mzn-stat: failures=148683
%%%mzn-stat: propagations=33776242
%%%mzn-stat: nogoods=148683
%%%mzn-stat: AverageConflictSize=17.50607668664205
%%%mzn-stat: NumUnitNogoodsLearned=220
%%%mzn-stat: AverageLearnedNogoodLength=41.58699380561328
%%%mzn-stat: AverageBacktrackAmount=0
%%%mzn-stat: AverageLbd=12.338216204946093
%%%mzn-stat-end
maxleg = 322;
succ = array1d(1..50,[46, 33, 37, 19, 25, 48, 34, 11, 41, 44, 26, 14, 22, 39, 43, 36, 13, 2, 40, 38, 45, 47, 42, 18, 24, 29, 30, 3, 21, 1, 35, 8, 28, 16, 10, 31, 12, 17, 7, 23, 4, 32, 49, 15, 50, 6, 27, 5, 9, 20]);
% time elapsed: 49.15 s
----------
%%%mzn-stat: initTime=0.009700656
%%%mzn-stat: objective=321
%%%mzn-stat: nodes=227806
%%%mzn-stat: restarts=160
%%%mzn-stat: peakDepth=482
%%%mzn-stat: solveTime=45.183532897
%%%mzn-stat: variables=844
%%%mzn-stat: propagators=1819
%%%mzn-stat: failures=148930
%%%mzn-stat: propagations=33831570
%%%mzn-stat: nogoods=148930
%%%mzn-stat: AverageConflictSize=17.547767407506882
%%%mzn-stat: NumUnitNogoodsLearned=220
%%%mzn-stat: AverageLearnedNogoodLength=41.63412341368428
%%%mzn-stat: AverageBacktrackAmount=0
%%%mzn-stat: AverageLbd=12.336433223662123
%%%mzn-stat-end
maxleg = 321;
succ = array1d(1..50,[46, 33, 37, 19, 25, 48, 34, 11, 41, 44, 26, 14, 22, 39, 43, 36, 13, 2, 40, 38, 45, 47, 42, 18, 24, 29, 30, 3, 21, 1, 35, 8, 28, 16, 10, 31, 12, 17, 7, 23, 4, 32, 49, 15, 50, 6, 27, 5, 9, 20]);
% time elapsed: 49.32 s
----------
%%%mzn-stat: initTime=0.009700656
%%%mzn-stat: objective=320
%%%mzn-stat: nodes=228497
%%%mzn-stat: restarts=161
%%%mzn-stat: peakDepth=482
%%%mzn-stat: solveTime=45.302851277
%%%mzn-stat: variables=844
%%%mzn-stat: propagators=1819
%%%mzn-stat: failures=149107
%%%mzn-stat: propagations=33879839
%%%mzn-stat: nogoods=149107
%%%mzn-stat: AverageConflictSize=17.591454458878523
%%%mzn-stat: NumUnitNogoodsLearned=220
%%%mzn-stat: AverageLearnedNogoodLength=41.672449985580826
%%%mzn-stat: AverageBacktrackAmount=0
%%%mzn-stat: AverageLbd=12.339963918528305
%%%mzn-stat-end
maxleg = 320;
succ = array1d(1..50,[46, 33, 37, 19, 25, 48, 34, 11, 41, 44, 26, 14, 22, 39, 43, 36, 13, 2, 40, 38, 45, 47, 42, 18, 24, 29, 30, 3, 21, 1, 35, 8, 28, 16, 10, 31, 12, 17, 7, 23, 4, 32, 49, 15, 50, 6, 27, 5, 9, 20]);
% time elapsed: 49.44 s
----------
%%%mzn-stat: initTime=0.009700656
%%%mzn-stat: objective=319
%%%mzn-stat: nodes=229647
%%%mzn-stat: restarts=162
%%%mzn-stat: peakDepth=482
%%%mzn-stat: solveTime=45.615939425
%%%mzn-stat: variables=844
%%%mzn-stat: propagators=1819
%%%mzn-stat: failures=149578
%%%mzn-stat: propagations=33986539
%%%mzn-stat: nogoods=149578
%%%mzn-stat: AverageConflictSize=17.67909719343754
%%%mzn-stat: NumUnitNogoodsLearned=220
%%%mzn-stat: AverageLearnedNogoodLength=41.78175934963698
%%%mzn-stat: AverageBacktrackAmount=0
%%%mzn-stat: AverageLbd=12.33905387155865
%%%mzn-stat-end
maxleg = 319;
succ = array1d(1..50,[46, 33, 37, 19, 25, 48, 34, 11, 41, 44, 26, 14, 22, 39, 43, 36, 13, 2, 40, 38, 45, 47, 42, 18, 24, 29, 30, 3, 21, 1, 35, 8, 28, 16, 10, 31, 12, 17, 7, 23, 4, 32, 49, 15, 50, 6, 27, 5, 9, 20]);
% time elapsed: 49.76 s
----------
%%%mzn-stat: initTime=0.009700656
%%%mzn-stat: objective=318
%%%mzn-stat: nodes=230832
%%%mzn-stat: restarts=163
%%%mzn-stat: peakDepth=482
%%%mzn-stat: solveTime=45.989377933
%%%mzn-stat: variables=844
%%%mzn-stat: propagators=1819
%%%mzn-stat: failures=150128
%%%mzn-stat: propagations=34107366
%%%mzn-stat: nogoods=150128
%%%mzn-stat: AverageConflictSize=17.776703879356283
%%%mzn-stat: NumUnitNogoodsLearned=220
%%%mzn-stat: AverageLearnedNogoodLength=41.89831343919855
%%%mzn-stat: AverageBacktrackAmount=0
%%%mzn-stat: AverageLbd=12.340136416924224
%%%mzn-stat-end
maxleg = 318;
succ = array1d(1..50,[46, 33, 37, 19, 25, 48, 34, 11, 41, 44, 26, 14, 22, 39, 43, 36, 13, 2, 40, 38, 45, 47, 42, 18, 24, 29, 30, 3, 21, 1, 35, 8, 28, 16, 10, 31, 12, 17, 7, 23, 4, 32, 49, 15, 50, 6, 27, 5, 9, 20]);
% time elapsed: 50.13 s
----------
%%%mzn-stat: initTime=0.009700656
%%%mzn-stat: objective=317
%%%mzn-stat: nodes=239190
%%%mzn-stat: restarts=164
%%%mzn-stat: peakDepth=482
%%%mzn-stat: solveTime=47.765736067
%%%mzn-stat: variables=844
%%%mzn-stat: propagators=1819
%%%mzn-stat: failures=157101
%%%mzn-stat: propagations=35878576
%%%mzn-stat: nogoods=157101
%%%mzn-stat: AverageConflictSize=17.461652058230055
%%%mzn-stat: NumUnitNogoodsLearned=220
%%%mzn-stat: AverageLearnedNogoodLength=41.0886117847754
%%%mzn-stat: AverageBacktrackAmount=0
%%%mzn-stat: AverageLbd=12.21689868301284
%%%mzn-stat-end
maxleg = 317;
succ = array1d(1..50,[46, 33, 37, 19, 25, 48, 34, 11, 41, 44, 26, 14, 22, 39, 43, 36, 13, 2, 40, 38, 45, 47, 42, 18, 24, 29, 30, 3, 21, 1, 35, 8, 28, 16, 10, 31, 12, 17, 7, 23, 4, 32, 49, 15, 50, 6, 27, 5, 9, 20]);
% time elapsed: 51.91 s
----------
%%%mzn-stat: initTime=0.009700656
%%%mzn-stat: objective=316
%%%mzn-stat: nodes=240492
%%%mzn-stat: restarts=165
%%%mzn-stat: peakDepth=482
%%%mzn-stat: solveTime=48.224003392
%%%mzn-stat: variables=844
%%%mzn-stat: propagators=1819
%%%mzn-stat: failures=157743
%%%mzn-stat: propagations=36015649
%%%mzn-stat: nogoods=157743
%%%mzn-stat: AverageConflictSize=17.563232599861802
%%%mzn-stat: NumUnitNogoodsLearned=220
%%%mzn-stat: AverageLearnedNogoodLength=41.234305167265745
%%%mzn-stat: AverageBacktrackAmount=0
%%%mzn-stat: AverageLbd=12.216757637422896
%%%mzn-stat-end
maxleg = 316;
succ = array1d(1..50,[46, 33, 37, 19, 25, 48, 34, 11, 41, 44, 26, 14, 22, 39, 43, 36, 13, 2, 40, 38, 45, 47, 42, 18, 24, 29, 30, 3, 21, 1, 35, 8, 28, 16, 10, 31, 12, 17, 7, 23, 4, 32, 49, 15, 50, 6, 27, 5, 9, 20]);
% time elapsed: 52.38 s
----------
%%%mzn-stat: initTime=0.009700656
%%%mzn-stat: objective=315
%%%mzn-stat: nodes=241056
%%%mzn-stat: restarts=166
%%%mzn-stat: peakDepth=482
%%%mzn-stat: solveTime=48.280959895
%%%mzn-stat: variables=844
%%%mzn-stat: propagators=1819
%%%mzn-stat: failures=157802
%%%mzn-stat: propagations=36032437
%%%mzn-stat: nogoods=157802
%%%mzn-stat: AverageConflictSize=17.57736277106754
%%%mzn-stat: NumUnitNogoodsLearned=220
%%%mzn-stat: AverageLearnedNogoodLength=41.24604250896693
%%%mzn-stat: AverageBacktrackAmount=0
%%%mzn-stat: AverageLbd=12.219743729483783
%%%mzn-stat-end
maxleg = 315;
succ = array1d(1..50,[46, 33, 37, 19, 25, 48, 34, 11, 41, 44, 26, 14, 22, 39, 43, 36, 13, 2, 40, 38, 45, 47, 42, 18, 24, 29, 30, 3, 21, 1, 35, 8, 28, 16, 10, 31, 12, 17, 7, 23, 4, 32, 49, 15, 50, 6, 27, 5, 9, 20]);
% time elapsed: 52.43 s
----------
%%%mzn-stat: initTime=0.009700656
%%%mzn-stat: objective=314
%%%mzn-stat: nodes=242355
%%%mzn-stat: restarts=167
%%%mzn-stat: peakDepth=482
%%%mzn-stat: solveTime=48.70427371
%%%mzn-stat: variables=844
%%%mzn-stat: propagators=1819
%%%mzn-stat: failures=158402
%%%mzn-stat: propagations=36166033
%%%mzn-stat: nogoods=158402
%%%mzn-stat: AverageConflictSize=17.700527771114
%%%mzn-stat: NumUnitNogoodsLearned=220
%%%mzn-stat: AverageLearnedNogoodLength=41.37680079796972
%%%mzn-stat: AverageBacktrackAmount=0
%%%mzn-stat: AverageLbd=12.212156412166513
%%%mzn-stat-end
maxleg = 314;
succ = array1d(1..50,[46, 33, 37, 19, 25, 48, 34, 11, 41, 44, 26, 14, 22, 39, 43, 36, 13, 2, 40, 38, 45, 47, 42, 18, 24, 29, 30, 3, 21, 1, 35, 8, 28, 16, 10, 31, 12, 17, 7, 23, 4, 32, 49, 15, 50, 6, 27, 5, 9, 20]);
% time elapsed: 52.86 s
----------
%%%mzn-stat: initTime=0.009700656
%%%mzn-stat: objective=313
%%%mzn-stat: nodes=243661
%%%mzn-stat: restarts=168
%%%mzn-stat: peakDepth=482
%%%mzn-stat: solveTime=49.159483835
%%%mzn-stat: variables=844
%%%mzn-stat: propagators=1819
%%%mzn-stat: failures=159030
%%%mzn-stat: propagations=36307463
%%%mzn-stat: nogoods=159030
%%%mzn-stat: AverageConflictSize=17.832937181663837
%%%mzn-stat: NumUnitNogoodsLearned=220
%%%mzn-stat: AverageLearnedNogoodLength=41.48615984405458
%%%mzn-stat: AverageBacktrackAmount=0
%%%mzn-stat: AverageLbd=12.207740677859523
%%%mzn-stat-end
maxleg = 313;
succ = array1d(1..50,[46, 33, 37, 19, 25, 48, 34, 11, 41, 44, 26, 14, 22, 39, 43, 36, 13, 2, 40, 38, 45, 47, 42, 18, 24, 29, 30, 3, 21, 1, 35, 8, 28, 16, 10, 31, 12, 17, 7, 23, 4, 32, 49, 15, 50, 6, 27, 5, 9, 20]);
% time elapsed: 53.33 s
----------
%%%mzn-stat: initTime=0.009700656
%%%mzn-stat: objective=312
%%%mzn-stat: nodes=244480
%%%mzn-stat: restarts=169
%%%mzn-stat: peakDepth=482
%%%mzn-stat: solveTime=49.322783069
%%%mzn-stat: variables=844
%%%mzn-stat: propagators=1819
%%%mzn-stat: failures=159244
%%%mzn-stat: propagations=36351821
%%%mzn-stat: nogoods=159244
%%%mzn-stat: AverageConflictSize=17.88960337595137
%%%mzn-stat: NumUnitNogoodsLearned=220
%%%mzn-stat: AverageLearnedNogoodLength=41.5287797342443
%%%mzn-stat: AverageBacktrackAmount=0
%%%mzn-stat: AverageLbd=12.20601718118108
%%%mzn-stat-end
maxleg = 312;
succ = array1d(1..50,[46, 33, 37, 19, 25, 48, 34, 11, 41, 44, 26, 14, 22, 39, 43, 36, 13, 2, 40, 38, 45, 47, 42, 18, 24, 29, 30, 3, 21, 1, 35, 8, 28, 16, 10, 31, 12, 17, 7, 23, 4, 32, 49, 15, 50, 6, 27, 5, 9, 20]);
% time elapsed: 53.49 s
----------
%%%mzn-stat: initTime=0.009700656
%%%mzn-stat: objective=311
%%%mzn-stat: nodes=245930
%%%mzn-stat: restarts=170
%%%mzn-stat: peakDepth=482
%%%mzn-stat: solveTime=49.915684149
%%%mzn-stat: variables=844
%%%mzn-stat: propagators=1819
%%%mzn-stat: failures=160038
%%%mzn-stat: propagations=36509061
%%%mzn-stat: nogoods=160038
%%%mzn-stat: AverageConflictSize=18.06340369162324
%%%mzn-stat: NumUnitNogoodsLearned=220
%%%mzn-stat: AverageLearnedNogoodLength=41.69431010135093
%%%mzn-stat: AverageBacktrackAmount=0
%%%mzn-stat: AverageLbd=12.208700433647008
%%%mzn-stat-end
maxleg = 311;
succ = array1d(1..50,[46, 33, 37, 19, 25, 48, 34, 11, 41, 44, 26, 14, 22, 39, 43, 36, 13, 2, 40, 38, 45, 47, 42, 18, 24, 29, 30, 3, 21, 1, 35, 8, 28, 16, 10, 31, 12, 17, 7, 23, 4, 32, 49, 15, 50, 6, 27, 5, 9, 20]);
% time elapsed: 54.08 s
----------
%%%mzn-stat: initTime=0.009700656
%%%mzn-stat: objective=310
%%%mzn-stat: nodes=246969
%%%mzn-stat: restarts=171
%%%mzn-stat: peakDepth=482
%%%mzn-stat: solveTime=50.182268664
%%%mzn-stat: variables=844
%%%mzn-stat: propagators=1819
%%%mzn-stat: failures=160410
%%%mzn-stat: propagations=36592997
%%%mzn-stat: nogoods=160410
%%%mzn-stat: AverageConflictSize=18.138501340315443
%%%mzn-stat: NumUnitNogoodsLearned=220
%%%mzn-stat: AverageLearnedNogoodLength=41.79010036780749
%%%mzn-stat: AverageBacktrackAmount=0
%%%mzn-stat: AverageLbd=12.20525528333645
%%%mzn-stat-end
maxleg = 310;
succ = array1d(1..50,[46, 33, 37, 19, 25, 48, 34, 11, 41, 44, 26, 14, 22, 39, 43, 36, 13, 2, 40, 38, 45, 47, 42, 18, 24, 29, 30, 3, 21, 1, 35, 8, 28, 16, 10, 31, 12, 17, 7, 23, 4, 32, 49, 15, 50, 6, 27, 5, 9, 20]);
% time elapsed: 54.36 s
----------
%%%mzn-stat: initTime=0.009700656
%%%mzn-stat: objective=309
%%%mzn-stat: nodes=259539
%%%mzn-stat: restarts=172
%%%mzn-stat: peakDepth=482
%%%mzn-stat: solveTime=52.959953116
%%%mzn-stat: variables=844
%%%mzn-stat: propagators=1819
%%%mzn-stat: failures=171529
%%%mzn-stat: propagations=39464958
%%%mzn-stat: nogoods=171529
%%%mzn-stat: AverageConflictSize=17.68360452168438
%%%mzn-stat: NumUnitNogoodsLearned=220
%%%mzn-stat: AverageLearnedNogoodLength=40.25633566335722
%%%mzn-stat: AverageBacktrackAmount=0
%%%mzn-stat: AverageLbd=11.914090328749074
%%%mzn-stat-end
maxleg = 309;
succ = array1d(1..50,[46, 33, 37, 19, 25, 48, 34, 11, 41, 44, 26, 14, 22, 39, 43, 36, 13, 2, 40, 38, 45, 47, 42, 18, 24, 29, 30, 3, 21, 1, 35, 8, 28, 16, 10, 31, 12, 17, 7, 23, 4, 32, 49, 15, 50, 6, 27, 5, 9, 20]);
% time elapsed: 57.14 s
----------
%%%mzn-stat: initTime=0.009700656
%%%mzn-stat: objective=308
%%%mzn-stat: nodes=260782
%%%mzn-stat: restarts=173
%%%mzn-stat: peakDepth=482
%%%mzn-stat: solveTime=53.337830636
%%%mzn-stat: variables=844
%%%mzn-stat: propagators=1819
%%%mzn-stat: failures=172135
%%%mzn-stat: propagations=39617586
%%%mzn-stat: nogoods=172135
%%%mzn-stat: AverageConflictSize=17.78734133093212
%%%mzn-stat: NumUnitNogoodsLearned=220
%%%mzn-stat: AverageLearnedNogoodLength=40.36234350945479
%%%mzn-stat: AverageBacktrackAmount=0
%%%mzn-stat: AverageLbd=11.912771952246784
%%%mzn-stat-end
maxleg = 308;
succ = array1d(1..50,[46, 33, 37, 19, 25, 48, 34, 11, 41, 44, 26, 14, 22, 39, 43, 36, 13, 2, 40, 38, 45, 47, 42, 18, 24, 29, 30, 3, 21, 1, 35, 8, 28, 16, 10, 31, 12, 17, 7, 23, 4, 32, 49, 15, 50, 6, 27, 5, 9, 20]);
% time elapsed: 57.52 s
----------
%%%mzn-stat: initTime=0.009700656
%%%mzn-stat: objective=307
%%%mzn-stat: nodes=261398
%%%mzn-stat: restarts=174
%%%mzn-stat: peakDepth=482
%%%mzn-stat: solveTime=53.382432296
%%%mzn-stat: variables=844
%%%mzn-stat: propagators=1819
%%%mzn-stat: failures=172187
%%%mzn-stat: propagations=39636516
%%%mzn-stat: nogoods=172187
%%%mzn-stat: AverageConflictSize=17.797383077700406
%%%mzn-stat: NumUnitNogoodsLearned=220
%%%mzn-stat: AverageLearnedNogoodLength=40.37304209957779
%%%mzn-stat: AverageBacktrackAmount=0
%%%mzn-stat: AverageLbd=11.913669440782405
%%%mzn-stat-end
maxleg = 307;
succ = array1d(1..50,[46, 33, 37, 19, 25, 48, 34, 11, 41, 44, 26, 14, 22, 39, 43, 36, 13, 2, 40, 38, 45, 47, 42, 18, 24, 29, 30, 3, 21, 1, 35, 8, 28, 16, 10, 31, 12, 17, 7, 23, 4, 32, 49, 15, 50, 6, 27, 5, 9, 20]);
% time elapsed: 57.57 s
----------
%%%mzn-stat: initTime=0.009700656
%%%mzn-stat: objective=306
%%%mzn-stat: nodes=262042
%%%mzn-stat: restarts=175
%%%mzn-stat: peakDepth=482
%%%mzn-stat: solveTime=53.494696704
%%%mzn-stat: variables=844
%%%mzn-stat: propagators=1819
%%%mzn-stat: failures=172352
%%%mzn-stat: propagations=39679169
%%%mzn-stat: nogoods=172352
%%%mzn-stat: AverageConflictSize=17.830892591904938
%%%mzn-stat: NumUnitNogoodsLearned=220
%%%mzn-stat: AverageLearnedNogoodLength=40.40635443743037
%%%mzn-stat: AverageBacktrackAmount=0
%%%mzn-stat: AverageLbd=11.913374953583364
%%%mzn-stat-end
maxleg = 306;
succ = array1d(1..50,[46, 33, 37, 19, 25, 48, 34, 11, 41, 44, 26, 14, 22, 39, 43, 36, 13, 2, 40, 38, 45, 47, 42, 18, 24, 29, 30, 3, 21, 1, 35, 8, 28, 16, 10, 31, 12, 17, 7, 23, 4, 32, 49, 15, 50, 6, 27, 5, 9, 20]);
% time elapsed: 57.68 s
----------
%%%mzn-stat: initTime=0.009700656
%%%mzn-stat: objective=305
%%%mzn-stat: nodes=262967
%%%mzn-stat: restarts=176
%%%mzn-stat: peakDepth=482
%%%mzn-stat: solveTime=53.715972912
%%%mzn-stat: variables=844
%%%mzn-stat: propagators=1819
%%%mzn-stat: failures=172685
%%%mzn-stat: propagations=39749425
%%%mzn-stat: nogoods=172685
%%%mzn-stat: AverageConflictSize=17.90896719460289
%%%mzn-stat: NumUnitNogoodsLearned=220
%%%mzn-stat: AverageLearnedNogoodLength=40.46565133045719
%%%mzn-stat: AverageBacktrackAmount=0
%%%mzn-stat: AverageLbd=11.912053739467817
%%%mzn-stat-end
maxleg = 305;
succ = array1d(1..50,[46, 33, 37, 19, 25, 48, 34, 11, 41, 44, 26, 14, 22, 39, 43, 36, 13, 2, 40, 38, 45, 47, 42, 18, 24, 29, 30, 3, 21, 1, 35, 8, 28, 16, 10, 31, 12, 17, 7, 23, 4, 32, 49, 15, 50, 6, 27, 5, 9, 20]);
% time elapsed: 57.90 s
----------
%%%mzn-stat: initTime=0.009700656
%%%mzn-stat: objective=304
%%%mzn-stat: nodes=263536
%%%mzn-stat: restarts=177
%%%mzn-stat: peakDepth=482
%%%mzn-stat: solveTime=53.77814897
%%%mzn-stat: variables=844
%%%mzn-stat: propagators=1819
%%%mzn-stat: failures=172763
%%%mzn-stat: propagations=39769213
%%%mzn-stat: nogoods=172763
%%%mzn-stat: AverageConflictSize=17.927744945387612
%%%mzn-stat: NumUnitNogoodsLearned=220
%%%mzn-stat: AverageLearnedNogoodLength=40.47995809287868
%%%mzn-stat: AverageBacktrackAmount=0
%%%mzn-stat: AverageLbd=11.913094817756116
%%%mzn-stat-end
maxleg = 304;
succ = array1d(1..50,[46, 33, 37, 19, 25, 48, 34, 11, 41, 44, 26, 14, 22, 39, 43, 36, 13, 2, 40, 38, 45, 47, 42, 18, 24, 29, 30, 3, 21, 1, 35, 8, 28, 16, 10, 31, 12, 17, 7, 23, 4, 32, 49, 15, 50, 6, 27, 5, 9, 20]);
% time elapsed: 57.98 s
----------
%%%mzn-stat: initTime=0.009700656
%%%mzn-stat: objective=303
%%%mzn-stat: nodes=264376
%%%mzn-stat: restarts=178
%%%mzn-stat: peakDepth=482
%%%mzn-stat: solveTime=53.986190824
%%%mzn-stat: variables=844
%%%mzn-stat: propagators=1819
%%%mzn-stat: failures=173069
%%%mzn-stat: propagations=39839429
%%%mzn-stat: nogoods=173069
%%%mzn-stat: AverageConflictSize=17.982411639288376
%%%mzn-stat: NumUnitNogoodsLearned=220
%%%mzn-stat: AverageLearnedNogoodLength=40.54286440668173
%%%mzn-stat: AverageBacktrackAmount=0
%%%mzn-stat: AverageLbd=11.914323189017097
%%%mzn-stat-end
maxleg = 303;
succ = array1d(1..50,[46, 33, 37, 19, 25, 48, 34, 11, 41, 44, 26, 14, 22, 39, 43, 36, 13, 2, 40, 38, 45, 47, 42, 18, 24, 29, 30, 3, 21, 1, 35, 8, 28, 16, 10, 31, 12, 17, 7, 23, 4, 32, 49, 15, 50, 6, 27, 5, 9, 20]);
% time elapsed: 58.18 s
----------
%%%mzn-stat: initTime=0.009700656
%%%mzn-stat: objective=302
%%%mzn-stat: nodes=265147
%%%mzn-stat: restarts=179
%%%mzn-stat: peakDepth=482
%%%mzn-stat: solveTime=54.187380466
%%%mzn-stat: variables=844
%%%mzn-stat: propagators=1819
%%%mzn-stat: failures=173346
%%%mzn-stat: propagations=39912878
%%%mzn-stat: nogoods=173346
%%%mzn-stat: AverageConflictSize=18.03193035893531
%%%mzn-stat: NumUnitNogoodsLearned=220
%%%mzn-stat: AverageLearnedNogoodLength=40.59388160095993
%%%mzn-stat: AverageBacktrackAmount=0
%%%mzn-stat: AverageLbd=11.91256792772836
%%%mzn-stat-end
maxleg = 302;
succ = array1d(1..50,[46, 33, 37, 19, 25, 48, 34, 11, 41, 44, 26, 14, 22, 39, 43, 36, 13, 2, 40, 38, 45, 47, 42, 18, 24, 29, 30, 3, 21, 1, 35, 8, 28, 16, 10, 31, 12, 17, 7, 23, 4, 32, 49, 15, 50, 6, 27, 5, 9, 20]);
% time elapsed: 58.38 s
----------
%%%mzn-stat: initTime=0.009700656
%%%mzn-stat: objective=301
%%%mzn-stat: nodes=265716
%%%mzn-stat: restarts=180
%%%mzn-stat: peakDepth=482
%%%mzn-stat: solveTime=54.255642859
%%%mzn-stat: variables=844
%%%mzn-stat: propagators=1819
%%%mzn-stat: failures=173439
%%%mzn-stat: propagations=39937954
%%%mzn-stat: nogoods=173439
%%%mzn-stat: AverageConflictSize=18.05074406563691
%%%mzn-stat: NumUnitNogoodsLearned=220
%%%mzn-stat: AverageLearnedNogoodLength=40.61261884581899
%%%mzn-stat: AverageBacktrackAmount=0
%%%mzn-stat: AverageLbd=11.913185615691972
%%%mzn-stat-end
maxleg = 301;
succ = array1d(1..50,[46, 33, 37, 19, 25, 48, 34, 11, 41, 44, 26, 14, 22, 39, 43, 36, 13, 2, 40, 38, 45, 47, 42, 18, 24, 29, 30, 3, 21, 1, 35, 8, 28, 16, 10, 31, 12, 17, 7, 23, 4, 32, 49, 15, 50, 6, 27, 5, 9, 20]);
% time elapsed: 58.45 s
----------
%%%mzn-stat: initTime=0.009700656
%%%mzn-stat: objective=300
%%%mzn-stat: nodes=266978
%%%mzn-stat: restarts=181
%%%mzn-stat: peakDepth=482
%%%mzn-stat: solveTime=54.6357874
%%%mzn-stat: variables=844
%%%mzn-stat: propagators=1819
%%%mzn-stat: failures=174045
%%%mzn-stat: propagations=40055621
%%%mzn-stat: nogoods=174045
%%%mzn-stat: AverageConflictSize=18.155316153868252
%%%mzn-stat: NumUnitNogoodsLearned=220
%%%mzn-stat: AverageLearnedNogoodLength=40.72846677583384
%%%mzn-stat: AverageBacktrackAmount=0
%%%mzn-stat: AverageLbd=11.911413714843862
%%%mzn-stat-end
maxleg = 300;
succ = array1d(1..50,[46, 33, 37, 19, 25, 48, 34, 11, 41, 44, 26, 14, 22, 39, 43, 36, 13, 2, 40, 38, 45, 47, 42, 18, 24, 29, 30, 3, 21, 1, 35, 8, 28, 16, 10, 31, 12, 17, 7, 23, 4, 32, 49, 15, 50, 6, 27, 5, 9, 20]);
% time elapsed: 58.84 s
----------
%%%mzn-stat: initTime=0.009700656
%%%mzn-stat: objective=299
%%%mzn-stat: nodes=268090
%%%mzn-stat: restarts=182
%%%mzn-stat: peakDepth=482
%%%mzn-stat: solveTime=54.924774252
%%%mzn-stat: variables=844
%%%mzn-stat: propagators=1819
%%%mzn-stat: failures=174471
%%%mzn-stat: propagations=40161806
%%%mzn-stat: nogoods=174471
%%%mzn-stat: AverageConflictSize=18.225114775521433
%%%mzn-stat: NumUnitNogoodsLearned=220
%%%mzn-stat: AverageLearnedNogoodLength=40.81207192026182
%%%mzn-stat: AverageBacktrackAmount=0
%%%mzn-stat: AverageLbd=11.910151257228994
%%%mzn-stat-end
maxleg = 299;
succ = array1d(1..50,[46, 33, 37, 19, 25, 48, 34, 11, 41, 44, 26, 14, 22, 39, 43, 36, 13, 2, 40, 38, 45, 47, 42, 18, 24, 29, 30, 3, 21, 1, 35, 8, 28, 16, 10, 31, 12, 17, 7, 23, 4, 32, 49, 15, 50, 6, 27, 5, 9, 20]);
% time elapsed: 59.14 s
----------
%%%mzn-stat: initTime=0.009700656
%%%mzn-stat: objective=298
%%%mzn-stat: nodes=269676
%%%mzn-stat: restarts=183
%%%mzn-stat: peakDepth=482
%%%mzn-stat: solveTime=55.162149482
%%%mzn-stat: variables=844
%%%mzn-stat: propagators=1819
%%%mzn-stat: failures=175268
%%%mzn-stat: propagations=40312143
%%%mzn-stat: nogoods=175268
%%%mzn-stat: AverageConflictSize=18.207630599995436
%%%mzn-stat: NumUnitNogoodsLearned=220
%%%mzn-stat: AverageLearnedNogoodLength=40.79993495675195
%%%mzn-stat: AverageBacktrackAmount=0
%%%mzn-stat: AverageLbd=11.90440924755232
%%%mzn-stat-end
maxleg = 298;
succ = array1d(1..50,[46, 33, 37, 19, 25, 48, 34, 11, 41, 44, 26, 14, 22, 39, 43, 36, 13, 2, 40, 38, 45, 47, 42, 18, 24, 29, 30, 3, 21, 1, 35, 8, 28, 16, 10, 31, 12, 17, 7, 23, 4, 32, 49, 15, 50, 6, 27, 5, 9, 20]);
% time elapsed: 59.38 s
----------
%%%mzn-stat: initTime=0.009700656
%%%mzn-stat: objective=297
%%%mzn-stat: nodes=270239
%%%mzn-stat: restarts=184
%%%mzn-stat: peakDepth=482
%%%mzn-stat: solveTime=55.20043306
%%%mzn-stat: variables=844
%%%mzn-stat: propagators=1819
%%%mzn-stat: failures=175337
%%%mzn-stat: propagations=40336177
%%%mzn-stat: nogoods=175337
%%%mzn-stat: AverageConflictSize=18.206642066420663
%%%mzn-stat: NumUnitNogoodsLearned=220
%%%mzn-stat: AverageLearnedNogoodLength=40.80992032486013
%%%mzn-stat: AverageBacktrackAmount=0
%%%mzn-stat: AverageLbd=11.9052111077525
%%%mzn-stat-end
maxleg = 297;
succ = array1d(1..50,[46, 33, 37, 19, 25, 48, 34, 11, 41, 44, 26, 14, 22, 39, 43, 36, 13, 2, 40, 38, 45, 47, 42, 18, 24, 29, 30, 3, 21, 1, 35, 8, 28, 16, 10, 31, 12, 17, 7, 23, 4, 32, 49, 15, 50, 6, 27, 5, 9, 20]);
% time elapsed: 59.42 s
----------
%%%mzn-stat: initTime=0.009700656
%%%mzn-stat: objective=296
%%%mzn-stat: nodes=270976
%%%mzn-stat: restarts=185
%%%mzn-stat: peakDepth=482
%%%mzn-stat: solveTime=55.283048737
%%%mzn-stat: variables=844
%%%mzn-stat: propagators=1819
%%%mzn-stat: failures=175476
%%%mzn-stat: propagations=40379192
%%%mzn-stat: nogoods=175476
%%%mzn-stat: AverageConflictSize=18.232316670085936
%%%mzn-stat: NumUnitNogoodsLearned=220
%%%mzn-stat: AverageLearnedNogoodLength=40.85762155508446
%%%mzn-stat: AverageBacktrackAmount=0
%%%mzn-stat: AverageLbd=11.907001527274385
%%%mzn-stat-end
maxleg = 296;
succ = array1d(1..50,[46, 33, 37, 19, 25, 48, 34, 11, 41, 44, 26, 14, 22, 39, 43, 36, 13, 2, 40, 38, 45, 47, 42, 18, 24, 29, 30, 3, 21, 1, 35, 8, 28, 16, 10, 31, 12, 17, 7, 23, 4, 32, 49, 15, 50, 6, 27, 5, 9, 20]);
% time elapsed: 59.50 s
----------
%%%mzn-stat: initTime=0.009700656
%%%mzn-stat: objective=295
%%%mzn-stat: nodes=271733
%%%mzn-stat: restarts=186
%%%mzn-stat: peakDepth=482
%%%mzn-stat: solveTime=55.347433728
%%%mzn-stat: variables=844
%%%mzn-stat: propagators=1819
%%%mzn-stat: failures=175614
%%%mzn-stat: propagations=40413524
%%%mzn-stat: nogoods=175614
%%%mzn-stat: AverageConflictSize=18.238380766909245
%%%mzn-stat: NumUnitNogoodsLearned=220
%%%mzn-stat: AverageLearnedNogoodLength=40.89290717141002
%%%mzn-stat: AverageBacktrackAmount=0
%%%mzn-stat: AverageLbd=11.90706321819445
%%%mzn-stat-end
maxleg = 295;
succ = array1d(1..50,[46, 33, 37, 19, 25, 48, 34, 11, 41, 44, 26, 14, 22, 39, 43, 36, 13, 2, 40, 38, 45, 47, 42, 18, 24, 29, 30, 3, 21, 1, 35, 8, 28, 16, 10, 31, 12, 17, 7, 23, 4, 32, 49, 15, 50, 6, 27, 5, 9, 20]);
% time elapsed: 59.57 s
----------
%%%mzn-stat: initTime=0.009700656
%%%mzn-stat: objective=294
%%%mzn-stat: nodes=272399
%%%mzn-stat: restarts=187
%%%mzn-stat: peakDepth=482
%%%mzn-stat: solveTime=55.401843678
%%%mzn-stat: variables=844
%%%mzn-stat: propagators=1819
%%%mzn-stat: failures=175733
%%%mzn-stat: propagations=40453512
%%%mzn-stat: nogoods=175733
%%%mzn-stat: AverageConflictSize=18.235180643362373
%%%mzn-stat: NumUnitNogoodsLearned=220
%%%mzn-stat: AverageLearnedNogoodLength=40.90470770999186
%%%mzn-stat: AverageBacktrackAmount=0
%%%mzn-stat: AverageLbd=11.907365150540878
%%%mzn-stat-end
maxleg = 294;
succ = array1d(1..50,[46, 33, 37, 19, 25, 48, 34, 11, 41, 44, 26, 14, 22, 39, 43, 36, 13, 2, 40, 38, 45, 47, 42, 18, 24, 29, 30, 3, 21, 1, 35, 8, 28, 16, 10, 31, 12, 17, 7, 23, 4, 32, 49, 15, 50, 6, 27, 5, 9, 20]);
% time elapsed: 59.63 s
----------
%%%mzn-stat: initTime=0.009700656
%%%mzn-stat: objective=293
%%%mzn-stat: nodes=273348
%%%mzn-stat: restarts=188
%%%mzn-stat: peakDepth=482
%%%mzn-stat: solveTime=55.580246934
%%%mzn-stat: variables=844
%%%mzn-stat: propagators=1819
%%%mzn-stat: failures=176083
%%%mzn-stat: propagations=40528656
%%%mzn-stat: nogoods=176083
%%%mzn-stat: AverageConflictSize=18.310285490365338
%%%mzn-stat: NumUnitNogoodsLearned=220
%%%mzn-stat: AverageLearnedNogoodLength=41.029684864524114
%%%mzn-stat: AverageBacktrackAmount=0
%%%mzn-stat: AverageLbd=11.909764145317833
%%%mzn-stat-end
maxleg = 293;
succ = array1d(1..50,[46, 33, 37, 19, 25, 48, 34, 11, 41, 44, 26, 14, 22, 39, 43, 36, 13, 2, 40, 38, 45, 47, 42, 18, 24, 29, 30, 3, 21, 1, 35, 8, 28, 16, 10, 31, 12, 17, 7, 23, 4, 32, 49, 15, 50, 6, 27, 5, 9, 20]);
% time elapsed: 59.81 s
----------
%%%mzn-stat: initTime=0.009700656
%%%mzn-stat: objective=292
%%%mzn-stat: nodes=273912
%%%mzn-stat: restarts=189
%%%mzn-stat: peakDepth=482
%%%mzn-stat: solveTime=55.621829356
%%%mzn-stat: variables=844
%%%mzn-stat: propagators=1819
%%%mzn-stat: failures=176135
%%%mzn-stat: propagations=40545664
%%%mzn-stat: nogoods=176135
%%%mzn-stat: AverageConflictSize=18.322179010418147
%%%mzn-stat: NumUnitNogoodsLearned=220
%%%mzn-stat: AverageLearnedNogoodLength=41.05359525364067
%%%mzn-stat: AverageBacktrackAmount=0
%%%mzn-stat: AverageLbd=11.912538677718794
%%%mzn-stat-end
maxleg = 292;
succ = array1d(1..50,[46, 33, 37, 19, 25, 48, 34, 11, 41, 44, 26, 14, 22, 39, 43, 36, 13, 2, 40, 38, 45, 47, 42, 18, 24, 29, 30, 3, 21, 1, 35, 8, 28, 16, 10, 31, 12, 17, 7, 23, 4, 32, 49, 15, 50, 6, 27, 5, 9, 20]);
% time elapsed: 59.85 s
----------
%%%mzn-stat: initTime=0.009700656
%%%mzn-stat: objective=290
%%%mzn-stat: nodes=300958
%%%mzn-stat: restarts=191
%%%mzn-stat: peakDepth=482
%%%mzn-stat: solveTime=60.321630652
%%%mzn-stat: variables=844
%%%mzn-stat: propagators=1819
%%%mzn-stat: failures=199980
%%%mzn-stat: propagations=46025756
%%%mzn-stat: nogoods=199980
%%%mzn-stat: AverageConflictSize=17.34971497149715
%%%mzn-stat: NumUnitNogoodsLearned=220
%%%mzn-stat: AverageLearnedNogoodLength=38.064126412641265
%%%mzn-stat: AverageBacktrackAmount=0
%%%mzn-stat: AverageLbd=11.51975197519752
%%%mzn-stat-end
maxleg = 290;
succ = array1d(1..50,[46, 33, 37, 19, 25, 48, 34, 11, 44, 49, 26, 14, 22, 39, 41, 36, 13, 2, 40, 38, 45, 47, 42, 18, 24, 29, 30, 3, 21, 1, 35, 8, 28, 16, 10, 31, 12, 17, 7, 23, 4, 32, 15, 43, 50, 6, 27, 5, 9, 20]);
% time elapsed: 64.55 s
----------
%%%mzn-stat: initTime=0.009700656
%%%mzn-stat: objective=284
%%%mzn-stat: nodes=302833
%%%mzn-stat: restarts=195
%%%mzn-stat: peakDepth=482
%%%mzn-stat: solveTime=60.513210718
%%%mzn-stat: variables=844
%%%mzn-stat: propagators=1819
%%%mzn-stat: failures=200659
%%%mzn-stat: propagations=46169519
%%%mzn-stat: nogoods=200659
%%%mzn-stat: AverageConflictSize=17.33838003777553
%%%mzn-stat: NumUnitNogoodsLearned=220
%%%mzn-stat: AverageLearnedNogoodLength=38.06974020602116
%%%mzn-stat: AverageBacktrackAmount=0
%%%mzn-stat: AverageLbd=11.527332439611481
%%%mzn-stat-end
maxleg = 284;
succ = array1d(1..50,[46, 33, 37, 19, 48, 18, 34, 11, 44, 49, 26, 14, 22, 39, 41, 36, 13, 5, 40, 38, 45, 47, 42, 2, 24, 29, 30, 3, 21, 1, 35, 8, 28, 16, 10, 31, 12, 17, 7, 23, 4, 32, 15, 43, 50, 6, 27, 25, 9, 20]);
% time elapsed: 64.74 s
----------
%%%mzn-stat: initTime=0.009700656
%%%mzn-stat: objective=273
%%%mzn-stat: nodes=303368
%%%mzn-stat: restarts=196
%%%mzn-stat: peakDepth=482
%%%mzn-stat: solveTime=60.542340956
%%%mzn-stat: variables=844
%%%mzn-stat: propagators=1819
%%%mzn-stat: failures=200707
%%%mzn-stat: propagations=46186187
%%%mzn-stat: nogoods=200707
%%%mzn-stat: AverageConflictSize=17.33955965661387
%%%mzn-stat: NumUnitNogoodsLearned=220
%%%mzn-stat: AverageLearnedNogoodLength=38.08037088890771
%%%mzn-stat: AverageBacktrackAmount=0
%%%mzn-stat: AverageLbd=11.527978595664326
%%%mzn-stat-end
maxleg = 273;
succ = array1d(1..50,[23, 33, 37, 19, 48, 18, 34, 11, 44, 49, 26, 14, 22, 39, 41, 36, 13, 5, 40, 38, 45, 47, 46, 2, 24, 29, 30, 3, 21, 1, 35, 8, 28, 16, 10, 31, 12, 17, 7, 42, 4, 32, 15, 43, 50, 6, 27, 25, 9, 20]);
% time elapsed: 64.78 s
----------
%%%mzn-stat: initTime=0.009700656
%%%mzn-stat: objective=272
%%%mzn-stat: nodes=304148
%%%mzn-stat: restarts=197
%%%mzn-stat: peakDepth=482
%%%mzn-stat: solveTime=60.6361727
%%%mzn-stat: variables=844
%%%mzn-stat: propagators=1819
%%%mzn-stat: failures=200934
%%%mzn-stat: propagations=46249340
%%%mzn-stat: nogoods=200934
%%%mzn-stat: AverageConflictSize=17.349049936795165
%%%mzn-stat: NumUnitNogoodsLearned=220
%%%mzn-stat: AverageLearnedNogoodLength=38.124483661301724
%%%mzn-stat: AverageBacktrackAmount=0
%%%mzn-stat: AverageLbd=11.529168781789044
%%%mzn-stat-end
maxleg = 272;
succ = array1d(1..50,[23, 33, 37, 19, 48, 18, 34, 11, 44, 49, 26, 14, 22, 39, 41, 36, 13, 5, 40, 38, 45, 47, 46, 2, 24, 29, 30, 3, 21, 1, 35, 8, 28, 16, 10, 31, 12, 17, 7, 42, 4, 32, 15, 43, 50, 6, 27, 25, 9, 20]);
% time elapsed: 64.88 s
----------
%%%mzn-stat: initTime=0.009700656
%%%mzn-stat: objective=271
%%%mzn-stat: nodes=304720
%%%mzn-stat: restarts=198
%%%mzn-stat: peakDepth=482
%%%mzn-stat: solveTime=60.667341318
%%%mzn-stat: variables=844
%%%mzn-stat: propagators=1819
%%%mzn-stat: failures=200986
%%%mzn-stat: propagations=46265430
%%%mzn-stat: nogoods=200986
%%%mzn-stat: AverageConflictSize=17.35061148537709
%%%mzn-stat: NumUnitNogoodsLearned=220
%%%mzn-stat: AverageLearnedNogoodLength=38.13329286616978
%%%mzn-stat: AverageBacktrackAmount=0
%%%mzn-stat: AverageLbd=11.529947359517578
%%%mzn-stat-end
maxleg = 271;
succ = array1d(1..50,[23, 33, 37, 19, 48, 18, 34, 11, 15, 49, 26, 14, 22, 39, 41, 36, 13, 5, 40, 38, 45, 47, 46, 2, 24, 29, 30, 3, 21, 1, 35, 8, 28, 16, 10, 31, 12, 17, 7, 42, 4, 32, 44, 9, 50, 6, 27, 25, 43, 20]);
% time elapsed: 64.91 s
----------
%%%mzn-stat: initTime=0.009700656
%%%mzn-stat: objective=270
%%%mzn-stat: nodes=305616
%%%mzn-stat: restarts=199
%%%mzn-stat: peakDepth=482
%%%mzn-stat: solveTime=60.771669517
%%%mzn-stat: variables=844
%%%mzn-stat: propagators=1819
%%%mzn-stat: failures=201284
%%%mzn-stat: propagations=46323349
%%%mzn-stat: nogoods=201284
%%%mzn-stat: AverageConflictSize=17.344632459609308
%%%mzn-stat: NumUnitNogoodsLearned=220
%%%mzn-stat: AverageLearnedNogoodLength=38.11450487867888
%%%mzn-stat: AverageBacktrackAmount=0
%%%mzn-stat: AverageLbd=11.528854752489021
%%%mzn-stat-end
maxleg = 270;
succ = array1d(1..50,[23, 33, 37, 19, 48, 18, 34, 11, 15, 49, 26, 14, 22, 39, 41, 36, 13, 5, 40, 38, 45, 47, 46, 2, 24, 29, 30, 3, 21, 1, 35, 8, 28, 16, 10, 31, 12, 17, 7, 42, 4, 32, 44, 9, 50, 6, 27, 25, 43, 20]);
% time elapsed: 65.02 s
----------
%%%mzn-stat: initTime=0.009700656
%%%mzn-stat: objective=269
%%%mzn-stat: nodes=306322
%%%mzn-stat: restarts=200
%%%mzn-stat: peakDepth=482
%%%mzn-stat: solveTime=60.835308417
%%%mzn-stat: variables=844
%%%mzn-stat: propagators=1819
%%%mzn-stat: failures=201433
%%%mzn-stat: propagations=46360204
%%%mzn-stat: nogoods=201433
%%%mzn-stat: AverageConflictSize=17.356604925707305
%%%mzn-stat: NumUnitNogoodsLearned=220
%%%mzn-stat: AverageLearnedNogoodLength=38.14465355726222
%%%mzn-stat: AverageBacktrackAmount=0
%%%mzn-stat: AverageLbd=11.53015642918489
%%%mzn-stat-end
maxleg = 269;
succ = array1d(1..50,[23, 33, 37, 19, 48, 18, 34, 11, 15, 49, 26, 14, 22, 39, 41, 36, 13, 5, 40, 38, 45, 47, 46, 2, 24, 29, 30, 3, 21, 1, 35, 8, 28, 16, 10, 31, 12, 17, 7, 42, 4, 32, 44, 9, 50, 6, 27, 25, 43, 20]);
% time elapsed: 65.09 s
----------
%%%mzn-stat: initTime=0.009700656
%%%mzn-stat: objective=268
%%%mzn-stat: nodes=306866
%%%mzn-stat: restarts=201
%%%mzn-stat: peakDepth=482
%%%mzn-stat: solveTime=60.876058738
%%%mzn-stat: variables=844
%%%mzn-stat: propagators=1819
%%%mzn-stat: failures=201498
%%%mzn-stat: propagations=46384045
%%%mzn-stat: nogoods=201498
%%%mzn-stat: AverageConflictSize=17.367159971811134
%%%mzn-stat: NumUnitNogoodsLearned=220
%%%mzn-stat: AverageLearnedNogoodLength=38.16504382177491
%%%mzn-stat: AverageBacktrackAmount=0
%%%mzn-stat: AverageLbd=11.53073479637515
%%%mzn-stat-end
maxleg = 268;
succ = array1d(1..50,[23, 33, 37, 19, 48, 18, 34, 11, 15, 49, 26, 14, 22, 39, 41, 36, 13, 5, 40, 38, 45, 47, 46, 2, 24, 29, 30, 3, 21, 1, 35, 8, 28, 16, 10, 31, 12, 17, 7, 42, 4, 32, 44, 9, 50, 6, 27, 25, 43, 20]);
% time elapsed: 65.13 s
----------
%%%mzn-stat: initTime=0.009700656
%%%mzn-stat: objective=266
%%%mzn-stat: nodes=311058
%%%mzn-stat: restarts=205
%%%mzn-stat: peakDepth=482
%%%mzn-stat: solveTime=61.743894095
%%%mzn-stat: variables=844
%%%mzn-stat: propagators=1819
%%%mzn-stat: failures=204014
%%%mzn-stat: propagations=46917875
%%%mzn-stat: nogoods=204014
%%%mzn-stat: AverageConflictSize=17.39320830923368
%%%mzn-stat: NumUnitNogoodsLearned=220
%%%mzn-stat: AverageLearnedNogoodLength=38.37067064025018
%%%mzn-stat: AverageBacktrackAmount=0
%%%mzn-stat: AverageLbd=11.52497377630947
%%%mzn-stat-end
maxleg = 266;
succ = array1d(1..50,[23, 33, 37, 26, 48, 18, 34, 11, 15, 49, 30, 14, 22, 39, 41, 36, 13, 5, 40, 38, 45, 47, 46, 2, 24, 29, 19, 3, 21, 1, 35, 8, 28, 16, 10, 31, 12, 17, 7, 42, 4, 32, 44, 9, 50, 6, 27, 25, 43, 20]);
% time elapsed: 66.00 s
----------
%%%mzn-stat: initTime=0.009700656
%%%mzn-stat: objective=265
%%%mzn-stat: nodes=311665
%%%mzn-stat: restarts=206
%%%mzn-stat: peakDepth=482
%%%mzn-stat: solveTime=61.775106081
%%%mzn-stat: variables=844
%%%mzn-stat: propagators=1819
%%%mzn-stat: failures=204063
%%%mzn-stat: propagations=46934273
%%%mzn-stat: nogoods=204063
%%%mzn-stat: AverageConflictSize=17.394843749234305
%%%mzn-stat: NumUnitNogoodsLearned=220
%%%mzn-stat: AverageLearnedNogoodLength=38.37714823363373
%%%mzn-stat: AverageBacktrackAmount=0
%%%mzn-stat: AverageLbd=11.525925817027094
%%%mzn-stat-end
maxleg = 265;
succ = array1d(1..50,[23, 33, 37, 26, 48, 18, 34, 11, 15, 36, 30, 14, 22, 39, 41, 49, 13, 5, 40, 38, 45, 47, 46, 2, 24, 29, 19, 3, 21, 1, 16, 8, 28, 10, 31, 35, 12, 17, 7, 42, 4, 32, 44, 9, 50, 6, 27, 25, 43, 20]);
% time elapsed: 66.04 s
----------
%%%mzn-stat: initTime=0.009700656
%%%mzn-stat: objective=264
%%%mzn-stat: nodes=312464
%%%mzn-stat: restarts=207
%%%mzn-stat: peakDepth=482
%%%mzn-stat: solveTime=61.886975138
%%%mzn-stat: variables=844
%%%mzn-stat: propagators=1819
%%%mzn-stat: failures=204286
%%%mzn-stat: propagations=46990849
%%%mzn-stat: nogoods=204286
%%%mzn-stat: AverageConflictSize=17.413102219437455
%%%mzn-stat: NumUnitNogoodsLearned=220
%%%mzn-stat: AverageLearnedNogoodLength=38.419514797881405
%%%mzn-stat: AverageBacktrackAmount=0
%%%mzn-stat: AverageLbd=11.525992970639201
%%%mzn-stat-end
maxleg = 264;
succ = array1d(1..50,[23, 33, 37, 26, 48, 18, 34, 11, 15, 36, 30, 14, 22, 39, 41, 49, 13, 5, 40, 38, 45, 47, 46, 2, 24, 29, 19, 3, 21, 1, 16, 8, 28, 10, 31, 35, 12, 17, 7, 42, 4, 32, 44, 9, 50, 6, 27, 25, 43, 20]);
% time elapsed: 66.16 s
----------
%%%mzn-stat: initTime=0.009700656
%%%mzn-stat: objective=263
%%%mzn-stat: nodes=313556
%%%mzn-stat: restarts=208
%%%mzn-stat: peakDepth=482
%%%mzn-stat: solveTime=62.081911697
%%%mzn-stat: variables=844
%%%mzn-stat: propagators=1819
%%%mzn-stat: failures=204727
%%%mzn-stat: propagations=47106686
%%%mzn-stat: nogoods=204727
%%%mzn-stat: AverageConflictSize=17.450604951960415
%%%mzn-stat: NumUnitNogoodsLearned=220
%%%mzn-stat: AverageLearnedNogoodLength=38.53074093793198
%%%mzn-stat: AverageBacktrackAmount=0
%%%mzn-stat: AverageLbd=11.527272904892857
%%%mzn-stat-end
maxleg = 263;
succ = array1d(1..50,[23, 33, 37, 26, 48, 18, 34, 11, 15, 36, 30, 14, 22, 39, 41, 49, 13, 5, 40, 38, 45, 47, 46, 2, 24, 29, 19, 3, 21, 1, 16, 8, 28, 10, 31, 35, 12, 17, 7, 42, 4, 32, 44, 9, 50, 6, 27, 25, 43, 20]);
% time elapsed: 66.35 s
----------
%%%mzn-stat: initTime=0.009700656
%%%mzn-stat: objective=262
%%%mzn-stat: nodes=314132
%%%mzn-stat: restarts=209
%%%mzn-stat: peakDepth=482
%%%mzn-stat: solveTime=62.145887701
%%%mzn-stat: variables=844
%%%mzn-stat: propagators=1819
%%%mzn-stat: failures=204834
%%%mzn-stat: propagations=47142560
%%%mzn-stat: nogoods=204834
%%%mzn-stat: AverageConflictSize=17.463004188757726
%%%mzn-stat: NumUnitNogoodsLearned=220
%%%mzn-stat: AverageLearnedNogoodLength=38.56411533241552
%%%mzn-stat: AverageBacktrackAmount=0
%%%mzn-stat: AverageLbd=11.528193561615748
%%%mzn-stat-end
maxleg = 262;
succ = array1d(1..50,[23, 33, 37, 26, 48, 18, 34, 11, 15, 36, 30, 14, 22, 39, 41, 49, 13, 5, 40, 38, 45, 47, 46, 2, 24, 29, 19, 3, 21, 1, 16, 8, 28, 10, 31, 35, 12, 17, 7, 42, 4, 32, 44, 9, 50, 6, 27, 25, 43, 20]);
% time elapsed: 66.41 s
----------
%%%mzn-stat: initTime=0.009700656
%%%mzn-stat: objective=261
%%%mzn-stat: nodes=314712
%%%mzn-stat: restarts=210
%%%mzn-stat: peakDepth=482
%%%mzn-stat: solveTime=62.193183734
%%%mzn-stat: variables=844
%%%mzn-stat: propagators=1819
%%%mzn-stat: failures=204921
%%%mzn-stat: propagations=47162164
%%%mzn-stat: nogoods=204921
%%%mzn-stat: AverageConflictSize=17.470259270645762
%%%mzn-stat: NumUnitNogoodsLearned=220
%%%mzn-stat: AverageLearnedNogoodLength=38.5868066230401
%%%mzn-stat: AverageBacktrackAmount=0
%%%mzn-stat: AverageLbd=11.529047779388154
%%%mzn-stat-end
maxleg = 261;
succ = array1d(1..50,[23, 33, 37, 26, 48, 18, 34, 11, 15, 36, 30, 14, 22, 39, 41, 49, 13, 5, 40, 38, 45, 47, 46, 2, 24, 29, 19, 3, 21, 1, 16, 8, 28, 10, 31, 35, 12, 17, 7, 42, 4, 32, 44, 9, 50, 6, 27, 25, 43, 20]);
% time elapsed: 66.47 s
----------
%%%mzn-stat: initTime=0.009700656
%%%mzn-stat: objective=260
%%%mzn-stat: nodes=316187
%%%mzn-stat: restarts=211
%%%mzn-stat: peakDepth=482
%%%mzn-stat: solveTime=62.450241263
%%%mzn-stat: variables=844
%%%mzn-stat: propagators=1819
%%%mzn-stat: failures=205574
%%%mzn-stat: propagations=47307880
%%%mzn-stat: nogoods=205574
%%%mzn-stat: AverageConflictSize=17.49895414789808
%%%mzn-stat: NumUnitNogoodsLearned=220
%%%mzn-stat: AverageLearnedNogoodLength=38.66727796316655
%%%mzn-stat: AverageBacktrackAmount=0
%%%mzn-stat: AverageLbd=11.529030908577933
%%%mzn-stat-end
maxleg = 260;
succ = array1d(1..50,[23, 33, 37, 26, 48, 18, 34, 11, 15, 36, 30, 14, 22, 39, 41, 49, 13, 5, 40, 38, 45, 47, 46, 2, 24, 29, 19, 3, 21, 1, 16, 8, 28, 10, 31, 35, 12, 17, 7, 42, 4, 32, 44, 9, 50, 6, 27, 25, 43, 20]);
% time elapsed: 66.73 s
----------
%%%mzn-stat: initTime=0.009700656
%%%mzn-stat: objective=259
%%%mzn-stat: nodes=316744
%%%mzn-stat: restarts=212
%%%mzn-stat: peakDepth=482
%%%mzn-stat: solveTime=62.495170639
%%%mzn-stat: variables=844
%%%mzn-stat: propagators=1819
%%%mzn-stat: failures=205639
%%%mzn-stat: propagations=47331114
%%%mzn-stat: nogoods=205639
%%%mzn-stat: AverageConflictSize=17.502886125686274
%%%mzn-stat: NumUnitNogoodsLearned=220
%%%mzn-stat: AverageLearnedNogoodLength=38.687082703183734
%%%mzn-stat: AverageBacktrackAmount=0
%%%mzn-stat: AverageLbd=11.529704968415524
%%%mzn-stat-end
maxleg = 259;
succ = array1d(1..50,[23, 33, 37, 26, 48, 18, 34, 11, 15, 36, 30, 14, 22, 39, 41, 49, 13, 5, 40, 38, 45, 47, 46, 2, 24, 29, 19, 3, 21, 1, 16, 8, 28, 10, 31, 35, 12, 17, 7, 42, 4, 32, 44, 9, 50, 6, 27, 25, 43, 20]);
% time elapsed: 66.77 s
----------
%%%mzn-stat: initTime=0.009700656
%%%mzn-stat: objective=258
%%%mzn-stat: nodes=317560
%%%mzn-stat: restarts=213
%%%mzn-stat: peakDepth=482
%%%mzn-stat: solveTime=62.583173374
%%%mzn-stat: variables=844
%%%mzn-stat: propagators=1819
%%%mzn-stat: failures=205813
%%%mzn-stat: propagations=47375717
%%%mzn-stat: nogoods=205813
%%%mzn-stat: AverageConflictSize=17.519631898859643
%%%mzn-stat: NumUnitNogoodsLearned=220
%%%mzn-stat: AverageLearnedNogoodLength=38.71615981497767
%%%mzn-stat: AverageBacktrackAmount=0
%%%mzn-stat: AverageLbd=11.529655561116158
%%%mzn-stat-end
maxleg = 258;
succ = array1d(1..50,[23, 33, 37, 26, 48, 18, 34, 11, 15, 36, 30, 14, 22, 39, 41, 49, 13, 5, 40, 38, 45, 47, 46, 2, 24, 29, 19, 3, 21, 1, 16, 8, 28, 10, 31, 35, 12, 17, 7, 42, 4, 32, 44, 9, 50, 6, 27, 25, 43, 20]);
% time elapsed: 66.86 s
----------
%%%mzn-stat: initTime=0.009700656
%%%mzn-stat: objective=255
%%%mzn-stat: nodes=332785
%%%mzn-stat: restarts=224
%%%mzn-stat: peakDepth=482
%%%mzn-stat: solveTime=65.200533817
%%%mzn-stat: variables=844
%%%mzn-stat: propagators=1819
%%%mzn-stat: failures=217151
%%%mzn-stat: propagations=49169557
%%%mzn-stat: nogoods=217151
%%%mzn-stat: AverageConflictSize=17.01083117277839
%%%mzn-stat: NumUnitNogoodsLearned=220
%%%mzn-stat: AverageLearnedNogoodLength=37.67406090692651
%%%mzn-stat: AverageBacktrackAmount=0
%%%mzn-stat: AverageLbd=11.394895717726374
%%%mzn-stat-end
maxleg = 255;
succ = array1d(1..50,[23, 33, 37, 26, 48, 18, 34, 11, 15, 36, 30, 14, 22, 39, 41, 49, 13, 5, 40, 38, 50, 45, 46, 2, 24, 47, 19, 3, 21, 1, 16, 8, 28, 10, 31, 35, 12, 17, 7, 42, 4, 32, 44, 9, 27, 6, 29, 25, 43, 20]);
% time elapsed: 69.49 s
----------
