% Logging successfully configured
%%%mzn-stat: initTime=0.004204778
%%%mzn-stat: objective=515
%%%mzn-stat: nodes=630
%%%mzn-stat: restarts=0
%%%mzn-stat: peakDepth=173
%%%mzn-stat: solveTime=0.00561757
%%%mzn-stat: variables=380
%%%mzn-stat: propagators=261
%%%mzn-stat: failures=69
%%%mzn-stat: propagations=4097
%%%mzn-stat: nogoods=69
%%%mzn-stat: numAtomicConstraintsPropagated=0
%%%mzn-stat: allDifferentNumber1TotalHallSetSize=153
%%%mzn-stat: allDifferentNumber1NumberOfConflicts=69
%%%mzn-stat: allDifferentNumber1MaxHallSetSize=12
%%%mzn-stat: allDifferentNumber1PropagationsTotal=800
%%%mzn-stat: allDifferentNumber1PropagationsThatFoundConflict=69
%%%mzn-stat: circuitNumber2PropagationsThatFoundConflict=0
%%%mzn-stat: circuitNumber2TotalFixedEdgesAtConflict=0
%%%mzn-stat: circuitNumber2NumberOfConflicts=0
%%%mzn-stat: circuitNumber2PropagationsThatPruned=34
%%%mzn-stat: circuitNumber2PropagationsTotal=442
%%%mzn-stat: AverageConflictSize=2.1739130434782608
%%%mzn-stat: NumUnitNogoodsLearned=0
%%%mzn-stat: AverageLearnedNogoodLength=2.1884057971014492
%%%mzn-stat: AverageBacktrackAmount=0
%%%mzn-stat: AverageLbd=2.1449275362318843
%%%mzn-stat: 2AutonomousSearchNumBackupCalled=156
%%%mzn-stat: 2AutonomousSearchNumPredicatesRemoved=0
%%%mzn-stat: 2AutonomousSearchNumCalls=157
%%%mzn-stat: 2AutonomousSearchNumPredicatesAdded=124
%%%mzn-stat: 2AutonomousSearchAverageSizeOfHeap=0.7898089171974523
%%%mzn-stat: 2AutonomousSearchNumAssignedPredicatesEncountered=124
%%%mzn-stat-end
maxleg = 515;
succ = array1d(1..20,[2, 7, 1, 5, 3, 8, 11, 14, 6, 4, 12, 18, 9, 17, 13, 10, 16, 19, 20, 15]);
% time elapsed: 0.20 s
----------
%%%mzn-stat: initTime=0.004204778
%%%mzn-stat: objective=506
%%%mzn-stat: nodes=977
%%%mzn-stat: restarts=0
%%%mzn-stat: peakDepth=173
%%%mzn-stat: solveTime=0.00800218
%%%mzn-stat: variables=380
%%%mzn-stat: propagators=261
%%%mzn-stat: failures=98
%%%mzn-stat: propagations=6073
%%%mzn-stat: nogoods=98
%%%mzn-stat: numAtomicConstraintsPropagated=0
%%%mzn-stat: allDifferentNumber1TotalHallSetSize=225
%%%mzn-stat: allDifferentNumber1NumberOfConflicts=98
%%%mzn-stat: allDifferentNumber1MaxHallSetSize=12
%%%mzn-stat: allDifferentNumber1PropagationsTotal=1130
%%%mzn-stat: allDifferentNumber1PropagationsThatFoundConflict=98
%%%mzn-stat: circuitNumber2PropagationsThatFoundConflict=0
%%%mzn-stat: circuitNumber2TotalFixedEdgesAtConflict=0
%%%mzn-stat: circuitNumber2NumberOfConflicts=0
%%%mzn-stat: circuitNumber2PropagationsThatPruned=49
%%%mzn-stat: circuitNumber2PropagationsTotal=631
%%%mzn-stat: AverageConflictSize=2.2755102040816326
%%%mzn-stat: NumUnitNogoodsLearned=0
%%%mzn-stat: AverageLearnedNogoodLength=2.2857142857142856
%%%mzn-stat: AverageBacktrackAmount=0
%%%mzn-stat: AverageLbd=2.2448979591836733
%%%mzn-stat: 2AutonomousSearchNumBackupCalled=301
%%%mzn-stat: 2AutonomousSearchNumPredicatesRemoved=0
%%%mzn-stat: 2AutonomousSearchNumCalls=303
%%%mzn-stat: 2AutonomousSearchNumPredicatesAdded=182
%%%mzn-stat: 2AutonomousSearchAverageSizeOfHeap=0.8910891089108911
%%%mzn-stat: 2AutonomousSearchNumAssignedPredicatesEncountered=270
%%%mzn-stat-end
maxleg = 506;
succ = array1d(1..20,[2, 7, 1, 5, 10, 3, 8, 16, 6, 11, 9, 4, 15, 13, 20, 17, 14, 12, 18, 19]);
% time elapsed: 0.20 s
----------
%%%mzn-stat: initTime=0.004204778
%%%mzn-stat: objective=471
%%%mzn-stat: nodes=1133
%%%mzn-stat: restarts=0
%%%mzn-stat: peakDepth=173
%%%mzn-stat: solveTime=0.00832194
%%%mzn-stat: variables=380
%%%mzn-stat: propagators=261
%%%mzn-stat: failures=98
%%%mzn-stat: propagations=6537
%%%mzn-stat: nogoods=98
%%%mzn-stat: numAtomicConstraintsPropagated=0
%%%mzn-stat: allDifferentNumber1TotalHallSetSize=225
%%%mzn-stat: allDifferentNumber1NumberOfConflicts=98
%%%mzn-stat: allDifferentNumber1MaxHallSetSize=12
%%%mzn-stat: allDifferentNumber1PropagationsTotal=1157
%%%mzn-stat: allDifferentNumber1PropagationsThatFoundConflict=98
%%%mzn-stat: circuitNumber2PropagationsThatFoundConflict=0
%%%mzn-stat: circuitNumber2TotalFixedEdgesAtConflict=0
%%%mzn-stat: circuitNumber2NumberOfConflicts=0
%%%mzn-stat: circuitNumber2PropagationsThatPruned=50
%%%mzn-stat: circuitNumber2PropagationsTotal=649
%%%mzn-stat: AverageConflictSize=2.2755102040816326
%%%mzn-stat: NumUnitNogoodsLearned=0
%%%mzn-stat: AverageLearnedNogoodLength=2.2857142857142856
%%%mzn-stat: AverageBacktrackAmount=0
%%%mzn-stat: AverageLbd=2.2448979591836733
%%%mzn-stat: 2AutonomousSearchNumBackupCalled=439
%%%mzn-stat: 2AutonomousSearchNumPredicatesRemoved=0
%%%mzn-stat: 2AutonomousSearchNumCalls=442
%%%mzn-stat: 2AutonomousSearchNumPredicatesAdded=182
%%%mzn-stat: 2AutonomousSearchAverageSizeOfHeap=0.9411764705882353
%%%mzn-stat: 2AutonomousSearchNumAssignedPredicatesEncountered=416
%%%mzn-stat-end
maxleg = 471;
succ = array1d(1..20,[2, 7, 1, 5, 10, 3, 8, 16, 6, 11, 9, 4, 15, 13, 20, 17, 14, 19, 12, 18]);
% time elapsed: 0.20 s
----------
%%%mzn-stat: initTime=0.004204778
%%%mzn-stat: objective=455
%%%mzn-stat: nodes=1548
%%%mzn-stat: restarts=0
%%%mzn-stat: peakDepth=173
%%%mzn-stat: solveTime=0.021873334
%%%mzn-stat: variables=380
%%%mzn-stat: propagators=261
%%%mzn-stat: failures=278
%%%mzn-stat: propagations=11470
%%%mzn-stat: nogoods=278
%%%mzn-stat: numAtomicConstraintsPropagated=0
%%%mzn-stat: allDifferentNumber1TotalHallSetSize=1287
%%%mzn-stat: allDifferentNumber1NumberOfConflicts=265
%%%mzn-stat: allDifferentNumber1MaxHallSetSize=14
%%%mzn-stat: allDifferentNumber1PropagationsTotal=1891
%%%mzn-stat: allDifferentNumber1PropagationsThatFoundConflict=265
%%%mzn-stat: circuitNumber2PropagationsThatFoundConflict=4
%%%mzn-stat: circuitNumber2TotalFixedEdgesAtConflict=72
%%%mzn-stat: circuitNumber2NumberOfConflicts=4
%%%mzn-stat: circuitNumber2PropagationsThatPruned=131
%%%mzn-stat: circuitNumber2PropagationsTotal=1011
%%%mzn-stat: AverageConflictSize=7.330935251798561
%%%mzn-stat: NumUnitNogoodsLearned=0
%%%mzn-stat: AverageLearnedNogoodLength=9.046762589928058
%%%mzn-stat: AverageBacktrackAmount=0
%%%mzn-stat: AverageLbd=4.787769784172662
%%%mzn-stat: 2AutonomousSearchNumBackupCalled=569
%%%mzn-stat: 2AutonomousSearchNumPredicatesRemoved=0
%%%mzn-stat: 2AutonomousSearchNumCalls=573
%%%mzn-stat: 2AutonomousSearchNumPredicatesAdded=554
%%%mzn-stat: 2AutonomousSearchAverageSizeOfHeap=1.493891797556719
%%%mzn-stat: 2AutonomousSearchNumAssignedPredicatesEncountered=856
%%%mzn-stat-end
maxleg = 455;
succ = array1d(1..20,[2, 7, 1, 5, 10, 9, 8, 6, 11, 16, 12, 4, 15, 13, 20, 17, 14, 3, 18, 19]);
% time elapsed: 0.20 s
----------
%%%mzn-stat: initTime=0.004204778
%%%mzn-stat: objective=443
%%%mzn-stat: nodes=1676
%%%mzn-stat: restarts=0
%%%mzn-stat: peakDepth=173
%%%mzn-stat: solveTime=0.022313955
%%%mzn-stat: variables=380
%%%mzn-stat: propagators=261
%%%mzn-stat: failures=278
%%%mzn-stat: propagations=11954
%%%mzn-stat: nogoods=278
%%%mzn-stat: numAtomicConstraintsPropagated=0
%%%mzn-stat: allDifferentNumber1TotalHallSetSize=1287
%%%mzn-stat: allDifferentNumber1NumberOfConflicts=265
%%%mzn-stat: allDifferentNumber1MaxHallSetSize=14
%%%mzn-stat: allDifferentNumber1PropagationsTotal=1914
%%%mzn-stat: allDifferentNumber1PropagationsThatFoundConflict=265
%%%mzn-stat: circuitNumber2PropagationsThatFoundConflict=4
%%%mzn-stat: circuitNumber2TotalFixedEdgesAtConflict=72
%%%mzn-stat: circuitNumber2NumberOfConflicts=4
%%%mzn-stat: circuitNumber2PropagationsThatPruned=134
%%%mzn-stat: circuitNumber2PropagationsTotal=1026
%%%mzn-stat: AverageConflictSize=7.330935251798561
%%%mzn-stat: NumUnitNogoodsLearned=0
%%%mzn-stat: AverageLearnedNogoodLength=9.046762589928058
%%%mzn-stat: AverageBacktrackAmount=0
%%%mzn-stat: AverageLbd=4.787769784172662
%%%mzn-stat: 2AutonomousSearchNumBackupCalled=685
%%%mzn-stat: 2AutonomousSearchNumPredicatesRemoved=0
%%%mzn-stat: 2AutonomousSearchNumCalls=690
%%%mzn-stat: 2AutonomousSearchNumPredicatesAdded=554
%%%mzn-stat: 2AutonomousSearchAverageSizeOfHeap=1.8782608695652174
%%%mzn-stat: 2AutonomousSearchNumAssignedPredicatesEncountered=1296
%%%mzn-stat-end
maxleg = 443;
succ = array1d(1..20,[2, 7, 1, 5, 10, 9, 8, 6, 11, 16, 12, 4, 15, 13, 20, 17, 14, 19, 3, 18]);
% time elapsed: 0.20 s
----------
%%%mzn-stat: initTime=0.004204778
%%%mzn-stat: objective=427
%%%mzn-stat: nodes=4148
%%%mzn-stat: restarts=0
%%%mzn-stat: peakDepth=173
%%%mzn-stat: solveTime=0.230905411
%%%mzn-stat: variables=380
%%%mzn-stat: propagators=261
%%%mzn-stat: failures=2418
%%%mzn-stat: propagations=86148
%%%mzn-stat: nogoods=2418
%%%mzn-stat: numAtomicConstraintsPropagated=0
%%%mzn-stat: allDifferentNumber1TotalHallSetSize=6069
%%%mzn-stat: allDifferentNumber1NumberOfConflicts=1131
%%%mzn-stat: allDifferentNumber1MaxHallSetSize=14
%%%mzn-stat: allDifferentNumber1PropagationsTotal=8221
%%%mzn-stat: allDifferentNumber1PropagationsThatFoundConflict=1131
%%%mzn-stat: circuitNumber2PropagationsThatFoundConflict=803
%%%mzn-stat: circuitNumber2TotalFixedEdgesAtConflict=13238
%%%mzn-stat: circuitNumber2NumberOfConflicts=803
%%%mzn-stat: circuitNumber2PropagationsThatPruned=1177
%%%mzn-stat: circuitNumber2PropagationsTotal=4781
%%%mzn-stat: AverageConflictSize=12.220843672456576
%%%mzn-stat: NumUnitNogoodsLearned=0
%%%mzn-stat: AverageLearnedNogoodLength=23.27874276261373
%%%mzn-stat: AverageBacktrackAmount=0
%%%mzn-stat: AverageLbd=7.62944582299421
%%%mzn-stat: 2AutonomousSearchNumBackupCalled=794
%%%mzn-stat: 2AutonomousSearchNumPredicatesRemoved=0
%%%mzn-stat: 2AutonomousSearchNumCalls=800
%%%mzn-stat: 2AutonomousSearchNumPredicatesAdded=1123
%%%mzn-stat: 2AutonomousSearchAverageSizeOfHeap=2.42125
%%%mzn-stat: 2AutonomousSearchNumAssignedPredicatesEncountered=1937
%%%mzn-stat-end
maxleg = 427;
succ = array1d(1..20,[2, 7, 6, 5, 10, 9, 8, 16, 11, 1, 12, 4, 15, 13, 20, 17, 14, 19, 3, 18]);
% time elapsed: 0.40 s
----------
%%%mzn-stat: initTime=0.004204778
%%%mzn-stat: objective=388
%%%mzn-stat: nodes=4375
%%%mzn-stat: restarts=0
%%%mzn-stat: peakDepth=173
%%%mzn-stat: solveTime=0.240875702
%%%mzn-stat: variables=380
%%%mzn-stat: propagators=261
%%%mzn-stat: failures=2510
%%%mzn-stat: propagations=90067
%%%mzn-stat: nogoods=2510
%%%mzn-stat: numAtomicConstraintsPropagated=0
%%%mzn-stat: allDifferentNumber1TotalHallSetSize=6293
%%%mzn-stat: allDifferentNumber1NumberOfConflicts=1182
%%%mzn-stat: allDifferentNumber1MaxHallSetSize=14
%%%mzn-stat: allDifferentNumber1PropagationsTotal=8543
%%%mzn-stat: allDifferentNumber1PropagationsThatFoundConflict=1182
%%%mzn-stat: circuitNumber2PropagationsThatFoundConflict=821
%%%mzn-stat: circuitNumber2TotalFixedEdgesAtConflict=13510
%%%mzn-stat: circuitNumber2NumberOfConflicts=821
%%%mzn-stat: circuitNumber2PropagationsThatPruned=1245
%%%mzn-stat: circuitNumber2PropagationsTotal=4960
%%%mzn-stat: AverageConflictSize=12.143027888446214
%%%mzn-stat: NumUnitNogoodsLearned=0
%%%mzn-stat: AverageLearnedNogoodLength=23.281274900398408
%%%mzn-stat: AverageBacktrackAmount=0
%%%mzn-stat: AverageLbd=7.649800796812749
%%%mzn-stat: 2AutonomousSearchNumBackupCalled=905
%%%mzn-stat: 2AutonomousSearchNumPredicatesRemoved=0
%%%mzn-stat: 2AutonomousSearchNumCalls=912
%%%mzn-stat: 2AutonomousSearchNumPredicatesAdded=1504
%%%mzn-stat: 2AutonomousSearchAverageSizeOfHeap=2.830043859649123
%%%mzn-stat: 2AutonomousSearchNumAssignedPredicatesEncountered=2581
%%%mzn-stat-end
maxleg = 388;
succ = array1d(1..20,[2, 7, 6, 5, 10, 11, 8, 16, 13, 1, 12, 4, 15, 9, 20, 17, 14, 19, 3, 18]);
% time elapsed: 0.41 s
----------
==========
% time elapsed: 372.28 s
%%%mzn-stat: initTime=0.004204778
%%%mzn-stat: objective=388
%%%mzn-stat: nodes=2211946
%%%mzn-stat: restarts=0
%%%mzn-stat: peakDepth=173
%%%mzn-stat: solveTime=372.115666588
%%%mzn-stat: variables=380
%%%mzn-stat: propagators=261
%%%mzn-stat: failures=2192656
%%%mzn-stat: propagations=88193444
%%%mzn-stat: nogoods=2192656
%%%mzn-stat: numAtomicConstraintsPropagated=0
%%%mzn-stat: allDifferentNumber1TotalHallSetSize=208916
%%%mzn-stat: allDifferentNumber1NumberOfConflicts=45725
%%%mzn-stat: allDifferentNumber1MaxHallSetSize=14
%%%mzn-stat: allDifferentNumber1PropagationsTotal=5521344
%%%mzn-stat: allDifferentNumber1PropagationsThatFoundConflict=45725
%%%mzn-stat: circuitNumber2PropagationsThatFoundConflict=1579515
%%%mzn-stat: circuitNumber2TotalFixedEdgesAtConflict=26874724
%%%mzn-stat: circuitNumber2NumberOfConflicts=1579515
%%%mzn-stat: circuitNumber2PropagationsThatPruned=661537
%%%mzn-stat: circuitNumber2PropagationsTotal=3882184
%%%mzn-stat: AverageConflictSize=14.869269963003772
%%%mzn-stat: NumUnitNogoodsLearned=1
%%%mzn-stat: AverageLearnedNogoodLength=23.024001028889163
%%%mzn-stat: AverageBacktrackAmount=0
%%%mzn-stat: AverageLbd=8.392332404171015
%%%mzn-stat: 2AutonomousSearchNumBackupCalled=905
%%%mzn-stat: 2AutonomousSearchNumPredicatesRemoved=0
%%%mzn-stat: 2AutonomousSearchNumCalls=912
%%%mzn-stat: 2AutonomousSearchNumPredicatesAdded=2390
%%%mzn-stat: 2AutonomousSearchAverageSizeOfHeap=2.830043859649123
%%%mzn-stat: 2AutonomousSearchNumAssignedPredicatesEncountered=2581
%%%mzn-stat-end
