% Logging successfully configured
%%%mzn-stat: initTime=0.0178661
%%%mzn-stat: objective=1124
%%%mzn-stat: nodes=14420
%%%mzn-stat: restarts=0
%%%mzn-stat: peakDepth=1135
%%%mzn-stat: solveTime=0.73645177
%%%mzn-stat: variables=2303
%%%mzn-stat: propagators=1562
%%%mzn-stat: failures=459
%%%mzn-stat: propagations=93912
%%%mzn-stat: nogoods=459
%%%mzn-stat: numAtomicConstraintsPropagated=0
%%%mzn-stat: allDifferentNumber1TotalHallSetSize=3215
%%%mzn-stat: allDifferentNumber1NumberOfConflicts=454
%%%mzn-stat: allDifferentNumber1MaxHallSetSize=96
%%%mzn-stat: allDifferentNumber1PropagationsTotal=14864
%%%mzn-stat: allDifferentNumber1PropagationsThatFoundConflict=454
%%%mzn-stat: circuitNumber2PropagationsThatFoundConflict=4
%%%mzn-stat: circuitNumber2TotalFixedEdgesAtConflict=356
%%%mzn-stat: circuitNumber2NumberOfConflicts=4
%%%mzn-stat: circuitNumber2PropagationsThatPruned=109
%%%mzn-stat: circuitNumber2PropagationsTotal=13056
%%%mzn-stat: AverageConflictSize=5.821350762527233
%%%mzn-stat: NumUnitNogoodsLearned=0
%%%mzn-stat: AverageLearnedNogoodLength=6.875816993464053
%%%mzn-stat: AverageBacktrackAmount=0
%%%mzn-stat: AverageLbd=6.568627450980392
%%%mzn-stat: 2AutonomousSearchNumBackupCalled=1058
%%%mzn-stat: 2AutonomousSearchNumPredicatesRemoved=0
%%%mzn-stat: 2AutonomousSearchNumCalls=1059
%%%mzn-stat: 2AutonomousSearchNumPredicatesAdded=953
%%%mzn-stat: 2AutonomousSearchAverageSizeOfHeap=0.8999055712936733
%%%mzn-stat: 2AutonomousSearchNumAssignedPredicatesEncountered=953
%%%mzn-stat-end
maxleg = 1124;
succ = array1d(1..100,[7, 16, 19, 8, 15, 3, 6, 10, 1, 20, 18, 40, 17, 9, 33, 13, 14, 23, 37, 30, 32, 46, 4, 21, 24, 39, 44, 43, 11, 22, 38, 2, 28, 48, 25, 31, 42, 50, 36, 65, 49, 26, 61, 68, 5, 12, 41, 55, 58, 29, 53, 47, 57, 67, 60, 52, 27, 100, 51, 94, 35, 56, 86, 98, 73, 88, 69, 64, 84, 72, 66, 91, 90, 92, 85, 99, 87, 96, 78, 76, 83, 34, 62, 63, 95, 77, 45, 54, 75, 97, 71, 59, 74, 81, 79, 70, 93, 80, 82, 89]);
% time elapsed: 1.06 s
----------
%%%mzn-stat: initTime=0.0178661
%%%mzn-stat: objective=1042
%%%mzn-stat: nodes=16306
%%%mzn-stat: restarts=0
%%%mzn-stat: peakDepth=1135
%%%mzn-stat: solveTime=0.790274131
%%%mzn-stat: variables=2303
%%%mzn-stat: propagators=1562
%%%mzn-stat: failures=522
%%%mzn-stat: propagations=103101
%%%mzn-stat: nogoods=522
%%%mzn-stat: numAtomicConstraintsPropagated=0
%%%mzn-stat: allDifferentNumber1TotalHallSetSize=4046
%%%mzn-stat: allDifferentNumber1NumberOfConflicts=516
%%%mzn-stat: allDifferentNumber1MaxHallSetSize=96
%%%mzn-stat: allDifferentNumber1PropagationsTotal=15952
%%%mzn-stat: allDifferentNumber1PropagationsThatFoundConflict=516
%%%mzn-stat: circuitNumber2PropagationsThatFoundConflict=5
%%%mzn-stat: circuitNumber2TotalFixedEdgesAtConflict=448
%%%mzn-stat: circuitNumber2NumberOfConflicts=5
%%%mzn-stat: circuitNumber2PropagationsThatPruned=144
%%%mzn-stat: circuitNumber2PropagationsTotal=13916
%%%mzn-stat: AverageConflictSize=7.507662835249042
%%%mzn-stat: NumUnitNogoodsLearned=0
%%%mzn-stat: AverageLearnedNogoodLength=8.452107279693486
%%%mzn-stat: AverageBacktrackAmount=0
%%%mzn-stat: AverageLbd=7.388888888888889
%%%mzn-stat: 2AutonomousSearchNumBackupCalled=2069
%%%mzn-stat: 2AutonomousSearchNumPredicatesRemoved=0
%%%mzn-stat: 2AutonomousSearchNumCalls=2071
%%%mzn-stat: 2AutonomousSearchNumPredicatesAdded=1161
%%%mzn-stat: 2AutonomousSearchAverageSizeOfHeap=0.9773056494447127
%%%mzn-stat: 2AutonomousSearchNumAssignedPredicatesEncountered=2024
%%%mzn-stat-end
maxleg = 1042;
succ = array1d(1..100,[7, 16, 19, 8, 15, 3, 6, 10, 1, 20, 18, 40, 17, 9, 41, 13, 14, 23, 37, 30, 32, 46, 4, 21, 24, 39, 44, 43, 11, 22, 38, 2, 28, 48, 25, 31, 42, 50, 36, 65, 49, 26, 61, 68, 5, 12, 33, 55, 47, 29, 53, 71, 57, 67, 60, 52, 27, 100, 51, 94, 35, 56, 86, 98, 73, 88, 69, 64, 84, 72, 66, 91, 90, 92, 85, 99, 87, 96, 78, 58, 83, 34, 62, 63, 95, 77, 45, 54, 75, 97, 76, 59, 74, 81, 79, 70, 93, 80, 82, 89]);
% time elapsed: 1.12 s
----------
%%%mzn-stat: initTime=0.0178661
%%%mzn-stat: objective=1010
%%%mzn-stat: nodes=17466
%%%mzn-stat: restarts=0
%%%mzn-stat: peakDepth=1135
%%%mzn-stat: solveTime=0.799865469
%%%mzn-stat: variables=2303
%%%mzn-stat: propagators=1562
%%%mzn-stat: failures=534
%%%mzn-stat: propagations=106198
%%%mzn-stat: nogoods=534
%%%mzn-stat: numAtomicConstraintsPropagated=0
%%%mzn-stat: allDifferentNumber1TotalHallSetSize=4095
%%%mzn-stat: allDifferentNumber1NumberOfConflicts=528
%%%mzn-stat: allDifferentNumber1MaxHallSetSize=96
%%%mzn-stat: allDifferentNumber1PropagationsTotal=16119
%%%mzn-stat: allDifferentNumber1PropagationsThatFoundConflict=528
%%%mzn-stat: circuitNumber2PropagationsThatFoundConflict=5
%%%mzn-stat: circuitNumber2TotalFixedEdgesAtConflict=448
%%%mzn-stat: circuitNumber2NumberOfConflicts=5
%%%mzn-stat: circuitNumber2PropagationsThatPruned=147
%%%mzn-stat: circuitNumber2PropagationsTotal=14047
%%%mzn-stat: AverageConflictSize=7.451310861423221
%%%mzn-stat: NumUnitNogoodsLearned=0
%%%mzn-stat: AverageLearnedNogoodLength=8.374531835205993
%%%mzn-stat: AverageBacktrackAmount=0
%%%mzn-stat: AverageLbd=7.329588014981273
%%%mzn-stat: 2AutonomousSearchNumBackupCalled=3093
%%%mzn-stat: 2AutonomousSearchNumPredicatesRemoved=0
%%%mzn-stat: 2AutonomousSearchNumCalls=3096
%%%mzn-stat: 2AutonomousSearchNumPredicatesAdded=1192
%%%mzn-stat: 2AutonomousSearchAverageSizeOfHeap=1.0025839793281655
%%%mzn-stat: 2AutonomousSearchNumAssignedPredicatesEncountered=3104
%%%mzn-stat-end
maxleg = 1010;
succ = array1d(1..100,[7, 16, 19, 8, 15, 3, 6, 10, 1, 20, 18, 40, 17, 9, 41, 13, 14, 23, 37, 30, 32, 46, 4, 21, 24, 39, 44, 43, 11, 22, 38, 2, 28, 48, 25, 31, 42, 50, 36, 65, 49, 26, 61, 68, 5, 12, 33, 55, 47, 29, 53, 71, 57, 67, 60, 52, 27, 100, 51, 94, 35, 56, 86, 98, 73, 88, 69, 83, 84, 72, 66, 91, 90, 92, 85, 99, 87, 96, 78, 58, 34, 77, 62, 81, 95, 89, 45, 54, 75, 97, 76, 59, 74, 64, 79, 70, 93, 80, 82, 63]);
% time elapsed: 1.14 s
----------
%%%mzn-stat: initTime=0.0178661
%%%mzn-stat: objective=998
%%%mzn-stat: nodes=19291
%%%mzn-stat: restarts=0
%%%mzn-stat: peakDepth=1135
%%%mzn-stat: solveTime=0.86806872
%%%mzn-stat: variables=2303
%%%mzn-stat: propagators=1562
%%%mzn-stat: failures=739
%%%mzn-stat: propagations=116407
%%%mzn-stat: nogoods=739
%%%mzn-stat: numAtomicConstraintsPropagated=0
%%%mzn-stat: allDifferentNumber1TotalHallSetSize=5829
%%%mzn-stat: allDifferentNumber1NumberOfConflicts=715
%%%mzn-stat: allDifferentNumber1MaxHallSetSize=96
%%%mzn-stat: allDifferentNumber1PropagationsTotal=17247
%%%mzn-stat: allDifferentNumber1PropagationsThatFoundConflict=715
%%%mzn-stat: circuitNumber2PropagationsThatFoundConflict=11
%%%mzn-stat: circuitNumber2TotalFixedEdgesAtConflict=1008
%%%mzn-stat: circuitNumber2NumberOfConflicts=11
%%%mzn-stat: circuitNumber2PropagationsThatPruned=175
%%%mzn-stat: circuitNumber2PropagationsTotal=14793
%%%mzn-stat: AverageConflictSize=9.485791610284167
%%%mzn-stat: NumUnitNogoodsLearned=0
%%%mzn-stat: AverageLearnedNogoodLength=11.66576454668471
%%%mzn-stat: AverageBacktrackAmount=0
%%%mzn-stat: AverageLbd=9.307171853856563
%%%mzn-stat: 2AutonomousSearchNumBackupCalled=4121
%%%mzn-stat: 2AutonomousSearchNumPredicatesRemoved=0
%%%mzn-stat: 2AutonomousSearchNumCalls=4125
%%%mzn-stat: 2AutonomousSearchNumPredicatesAdded=2973
%%%mzn-stat: 2AutonomousSearchAverageSizeOfHeap=1.3415757575757576
%%%mzn-stat: 2AutonomousSearchNumAssignedPredicatesEncountered=5534
%%%mzn-stat-end
maxleg = 998;
succ = array1d(1..100,[7, 16, 19, 8, 15, 3, 6, 10, 1, 20, 18, 40, 17, 9, 41, 13, 14, 23, 37, 30, 32, 46, 4, 21, 24, 39, 44, 43, 11, 22, 38, 2, 28, 48, 25, 31, 42, 50, 36, 65, 49, 26, 61, 68, 5, 12, 33, 55, 47, 29, 53, 71, 57, 67, 60, 52, 27, 100, 82, 94, 77, 35, 86, 98, 73, 88, 69, 83, 84, 72, 66, 91, 56, 51, 45, 97, 87, 96, 78, 58, 34, 99, 62, 81, 95, 89, 76, 54, 75, 85, 92, 59, 74, 64, 79, 70, 90, 80, 93, 63]);
% time elapsed: 1.20 s
----------
%%%mzn-stat: initTime=0.0178661
%%%mzn-stat: objective=980
%%%mzn-stat: nodes=20750
%%%mzn-stat: restarts=0
%%%mzn-stat: peakDepth=1135
%%%mzn-stat: solveTime=0.897595614
%%%mzn-stat: variables=2303
%%%mzn-stat: propagators=1562
%%%mzn-stat: failures=776
%%%mzn-stat: propagations=122115
%%%mzn-stat: nogoods=776
%%%mzn-stat: numAtomicConstraintsPropagated=0
%%%mzn-stat: allDifferentNumber1TotalHallSetSize=6336
%%%mzn-stat: allDifferentNumber1NumberOfConflicts=752
%%%mzn-stat: allDifferentNumber1MaxHallSetSize=96
%%%mzn-stat: allDifferentNumber1PropagationsTotal=17804
%%%mzn-stat: allDifferentNumber1PropagationsThatFoundConflict=752
%%%mzn-stat: circuitNumber2PropagationsThatFoundConflict=11
%%%mzn-stat: circuitNumber2TotalFixedEdgesAtConflict=1008
%%%mzn-stat: circuitNumber2NumberOfConflicts=11
%%%mzn-stat: circuitNumber2PropagationsThatPruned=184
%%%mzn-stat: circuitNumber2PropagationsTotal=15226
%%%mzn-stat: AverageConflictSize=10.279639175257731
%%%mzn-stat: NumUnitNogoodsLearned=0
%%%mzn-stat: AverageLearnedNogoodLength=12.345360824742269
%%%mzn-stat: AverageBacktrackAmount=0
%%%mzn-stat: AverageLbd=9.577319587628866
%%%mzn-stat: 2AutonomousSearchNumBackupCalled=5139
%%%mzn-stat: 2AutonomousSearchNumPredicatesRemoved=0
%%%mzn-stat: 2AutonomousSearchNumCalls=5144
%%%mzn-stat: 2AutonomousSearchNumPredicatesAdded=3140
%%%mzn-stat: 2AutonomousSearchAverageSizeOfHeap=1.5530715396578538
%%%mzn-stat: 2AutonomousSearchNumAssignedPredicatesEncountered=7989
%%%mzn-stat-end
maxleg = 980;
succ = array1d(1..100,[7, 16, 19, 8, 15, 3, 6, 10, 1, 20, 18, 40, 17, 9, 41, 13, 14, 23, 37, 30, 32, 46, 4, 21, 42, 24, 44, 43, 11, 22, 38, 2, 28, 48, 25, 31, 45, 50, 36, 65, 49, 26, 61, 68, 5, 12, 33, 55, 47, 29, 53, 71, 57, 67, 60, 52, 27, 100, 51, 94, 77, 35, 86, 98, 73, 88, 69, 83, 96, 72, 66, 91, 90, 92, 85, 97, 87, 82, 78, 58, 34, 99, 62, 81, 95, 89, 76, 54, 75, 70, 56, 59, 74, 64, 79, 84, 39, 80, 93, 63]);
% time elapsed: 1.23 s
----------
%%%mzn-stat: initTime=0.0178661
%%%mzn-stat: objective=972
%%%mzn-stat: nodes=22234
%%%mzn-stat: restarts=0
%%%mzn-stat: peakDepth=1135
%%%mzn-stat: solveTime=0.942191234
%%%mzn-stat: variables=2303
%%%mzn-stat: propagators=1562
%%%mzn-stat: failures=879
%%%mzn-stat: propagations=129349
%%%mzn-stat: nogoods=879
%%%mzn-stat: numAtomicConstraintsPropagated=0
%%%mzn-stat: allDifferentNumber1TotalHallSetSize=7570
%%%mzn-stat: allDifferentNumber1NumberOfConflicts=848
%%%mzn-stat: allDifferentNumber1MaxHallSetSize=96
%%%mzn-stat: allDifferentNumber1PropagationsTotal=18465
%%%mzn-stat: allDifferentNumber1PropagationsThatFoundConflict=848
%%%mzn-stat: circuitNumber2PropagationsThatFoundConflict=14
%%%mzn-stat: circuitNumber2TotalFixedEdgesAtConflict=1279
%%%mzn-stat: circuitNumber2NumberOfConflicts=14
%%%mzn-stat: circuitNumber2PropagationsThatPruned=214
%%%mzn-stat: circuitNumber2PropagationsTotal=15698
%%%mzn-stat: AverageConflictSize=11.508532423208191
%%%mzn-stat: NumUnitNogoodsLearned=0
%%%mzn-stat: AverageLearnedNogoodLength=14.127417519908988
%%%mzn-stat: AverageBacktrackAmount=0
%%%mzn-stat: AverageLbd=10.456200227531285
%%%mzn-stat: 2AutonomousSearchNumBackupCalled=6140
%%%mzn-stat: 2AutonomousSearchNumPredicatesRemoved=0
%%%mzn-stat: 2AutonomousSearchNumCalls=6146
%%%mzn-stat: 2AutonomousSearchNumPredicatesAdded=4504
%%%mzn-stat: 2AutonomousSearchAverageSizeOfHeap=1.782622844126261
%%%mzn-stat: 2AutonomousSearchNumAssignedPredicatesEncountered=10956
%%%mzn-stat-end
maxleg = 972;
succ = array1d(1..100,[7, 16, 19, 8, 15, 3, 6, 10, 1, 20, 18, 40, 17, 9, 41, 13, 14, 23, 37, 30, 32, 46, 4, 21, 42, 24, 44, 43, 11, 22, 38, 2, 64, 48, 25, 31, 45, 50, 36, 65, 49, 26, 61, 68, 5, 12, 33, 55, 47, 29, 53, 71, 57, 67, 60, 52, 27, 100, 51, 94, 35, 78, 86, 98, 73, 88, 77, 83, 84, 90, 66, 91, 56, 93, 85, 99, 74, 96, 76, 58, 87, 34, 62, 81, 95, 89, 92, 54, 75, 97, 69, 59, 28, 72, 79, 70, 39, 80, 82, 63]);
% time elapsed: 1.28 s
----------
%%%mzn-stat: initTime=0.0178661
%%%mzn-stat: objective=962
%%%mzn-stat: nodes=23487
%%%mzn-stat: restarts=0
%%%mzn-stat: peakDepth=1135
%%%mzn-stat: solveTime=0.965342663
%%%mzn-stat: variables=2303
%%%mzn-stat: propagators=1562
%%%mzn-stat: failures=929
%%%mzn-stat: propagations=133875
%%%mzn-stat: nogoods=929
%%%mzn-stat: numAtomicConstraintsPropagated=0
%%%mzn-stat: allDifferentNumber1TotalHallSetSize=8177
%%%mzn-stat: allDifferentNumber1NumberOfConflicts=896
%%%mzn-stat: allDifferentNumber1MaxHallSetSize=96
%%%mzn-stat: allDifferentNumber1PropagationsTotal=18820
%%%mzn-stat: allDifferentNumber1PropagationsThatFoundConflict=896
%%%mzn-stat: circuitNumber2PropagationsThatFoundConflict=15
%%%mzn-stat: circuitNumber2TotalFixedEdgesAtConflict=1374
%%%mzn-stat: circuitNumber2NumberOfConflicts=15
%%%mzn-stat: circuitNumber2PropagationsThatPruned=231
%%%mzn-stat: circuitNumber2PropagationsTotal=15942
%%%mzn-stat: AverageConflictSize=12.132400430570506
%%%mzn-stat: NumUnitNogoodsLearned=0
%%%mzn-stat: AverageLearnedNogoodLength=14.920344456404736
%%%mzn-stat: AverageBacktrackAmount=0
%%%mzn-stat: AverageLbd=10.892357373519914
%%%mzn-stat: 2AutonomousSearchNumBackupCalled=7141
%%%mzn-stat: 2AutonomousSearchNumPredicatesRemoved=0
%%%mzn-stat: 2AutonomousSearchNumCalls=7148
%%%mzn-stat: 2AutonomousSearchNumPredicatesAdded=5415
%%%mzn-stat: 2AutonomousSearchAverageSizeOfHeap=1.9615277000559597
%%%mzn-stat: 2AutonomousSearchNumAssignedPredicatesEncountered=14021
%%%mzn-stat-end
maxleg = 962;
succ = array1d(1..100,[7, 16, 19, 8, 15, 3, 6, 10, 1, 20, 18, 40, 17, 9, 41, 13, 14, 23, 37, 30, 32, 46, 4, 21, 42, 24, 44, 43, 11, 22, 38, 2, 64, 48, 25, 31, 45, 50, 36, 65, 49, 26, 61, 70, 5, 12, 33, 55, 47, 29, 53, 71, 57, 67, 60, 52, 27, 100, 51, 94, 35, 39, 86, 98, 73, 88, 77, 83, 96, 72, 66, 91, 56, 93, 34, 97, 87, 82, 78, 58, 69, 99, 62, 68, 95, 89, 92, 54, 75, 85, 76, 59, 28, 81, 79, 84, 90, 80, 74, 63]);
% time elapsed: 1.31 s
----------
%%%mzn-stat: initTime=0.0178661
%%%mzn-stat: objective=953
%%%mzn-stat: nodes=24720
%%%mzn-stat: restarts=0
%%%mzn-stat: peakDepth=1135
%%%mzn-stat: solveTime=0.991600382
%%%mzn-stat: variables=2303
%%%mzn-stat: propagators=1562
%%%mzn-stat: failures=978
%%%mzn-stat: propagations=138727
%%%mzn-stat: nogoods=978
%%%mzn-stat: numAtomicConstraintsPropagated=0
%%%mzn-stat: allDifferentNumber1TotalHallSetSize=8838
%%%mzn-stat: allDifferentNumber1NumberOfConflicts=938
%%%mzn-stat: allDifferentNumber1MaxHallSetSize=96
%%%mzn-stat: allDifferentNumber1PropagationsTotal=19165
%%%mzn-stat: allDifferentNumber1PropagationsThatFoundConflict=938
%%%mzn-stat: circuitNumber2PropagationsThatFoundConflict=16
%%%mzn-stat: circuitNumber2TotalFixedEdgesAtConflict=1470
%%%mzn-stat: circuitNumber2NumberOfConflicts=16
%%%mzn-stat: circuitNumber2PropagationsThatPruned=251
%%%mzn-stat: circuitNumber2PropagationsTotal=16175
%%%mzn-stat: AverageConflictSize=12.76278118609407
%%%mzn-stat: NumUnitNogoodsLearned=0
%%%mzn-stat: AverageLearnedNogoodLength=15.982617586912065
%%%mzn-stat: AverageBacktrackAmount=0
%%%mzn-stat: AverageLbd=11.496932515337424
%%%mzn-stat: 2AutonomousSearchNumBackupCalled=8130
%%%mzn-stat: 2AutonomousSearchNumPredicatesRemoved=0
%%%mzn-stat: 2AutonomousSearchNumCalls=8138
%%%mzn-stat: 2AutonomousSearchNumPredicatesAdded=6466
%%%mzn-stat: 2AutonomousSearchAverageSizeOfHeap=2.1071516343081838
%%%mzn-stat: 2AutonomousSearchNumAssignedPredicatesEncountered=17148
%%%mzn-stat-end
maxleg = 953;
succ = array1d(1..100,[7, 16, 19, 8, 15, 3, 6, 10, 1, 20, 18, 40, 17, 9, 41, 13, 14, 23, 37, 30, 32, 46, 4, 21, 42, 24, 44, 43, 11, 22, 38, 2, 64, 48, 25, 31, 45, 50, 36, 65, 49, 26, 61, 70, 5, 12, 33, 55, 47, 29, 56, 53, 57, 67, 60, 52, 27, 100, 51, 94, 35, 39, 86, 98, 73, 88, 77, 83, 84, 72, 66, 91, 90, 93, 85, 99, 74, 96, 78, 58, 87, 34, 62, 68, 95, 89, 92, 54, 75, 97, 69, 59, 28, 81, 79, 76, 71, 80, 82, 63]);
% time elapsed: 1.34 s
----------
%%%mzn-stat: initTime=0.0178661
%%%mzn-stat: objective=936
%%%mzn-stat: nodes=25934
%%%mzn-stat: restarts=0
%%%mzn-stat: peakDepth=1135
%%%mzn-stat: solveTime=1.010344568
%%%mzn-stat: variables=2303
%%%mzn-stat: propagators=1562
%%%mzn-stat: failures=1006
%%%mzn-stat: propagations=143014
%%%mzn-stat: nogoods=1006
%%%mzn-stat: numAtomicConstraintsPropagated=0
%%%mzn-stat: allDifferentNumber1TotalHallSetSize=9358
%%%mzn-stat: allDifferentNumber1NumberOfConflicts=966
%%%mzn-stat: allDifferentNumber1MaxHallSetSize=96
%%%mzn-stat: allDifferentNumber1PropagationsTotal=19452
%%%mzn-stat: allDifferentNumber1PropagationsThatFoundConflict=966
%%%mzn-stat: circuitNumber2PropagationsThatFoundConflict=16
%%%mzn-stat: circuitNumber2TotalFixedEdgesAtConflict=1470
%%%mzn-stat: circuitNumber2NumberOfConflicts=16
%%%mzn-stat: circuitNumber2PropagationsThatPruned=271
%%%mzn-stat: circuitNumber2PropagationsTotal=16393
%%%mzn-stat: AverageConflictSize=13.276341948310138
%%%mzn-stat: NumUnitNogoodsLearned=0
%%%mzn-stat: AverageLearnedNogoodLength=16.40954274353877
%%%mzn-stat: AverageBacktrackAmount=0
%%%mzn-stat: AverageLbd=11.6948310139165
%%%mzn-stat: 2AutonomousSearchNumBackupCalled=9121
%%%mzn-stat: 2AutonomousSearchNumPredicatesRemoved=0
%%%mzn-stat: 2AutonomousSearchNumCalls=9130
%%%mzn-stat: 2AutonomousSearchNumPredicatesAdded=6679
%%%mzn-stat: 2AutonomousSearchAverageSizeOfHeap=2.2210295728368017
%%%mzn-stat: 2AutonomousSearchNumAssignedPredicatesEncountered=20278
%%%mzn-stat-end
maxleg = 936;
succ = array1d(1..100,[7, 16, 19, 8, 15, 3, 6, 10, 1, 20, 18, 40, 17, 9, 41, 13, 14, 23, 37, 30, 32, 46, 4, 21, 42, 24, 44, 43, 11, 22, 38, 2, 64, 48, 25, 31, 45, 50, 36, 65, 49, 26, 61, 70, 5, 12, 33, 55, 47, 29, 57, 53, 58, 67, 60, 52, 27, 100, 51, 94, 35, 39, 86, 98, 73, 88, 69, 56, 85, 72, 66, 91, 90, 93, 34, 99, 87, 82, 78, 96, 83, 77, 62, 68, 95, 89, 92, 54, 75, 97, 76, 59, 28, 81, 79, 84, 71, 80, 74, 63]);
% time elapsed: 1.36 s
----------
%%%mzn-stat: initTime=0.0178661
%%%mzn-stat: objective=915
%%%mzn-stat: nodes=27614
%%%mzn-stat: restarts=0
%%%mzn-stat: peakDepth=1135
%%%mzn-stat: solveTime=1.055084037
%%%mzn-stat: variables=2303
%%%mzn-stat: propagators=1562
%%%mzn-stat: failures=1072
%%%mzn-stat: propagations=151247
%%%mzn-stat: nogoods=1072
%%%mzn-stat: numAtomicConstraintsPropagated=0
%%%mzn-stat: allDifferentNumber1TotalHallSetSize=10090
%%%mzn-stat: allDifferentNumber1NumberOfConflicts=1030
%%%mzn-stat: allDifferentNumber1MaxHallSetSize=96
%%%mzn-stat: allDifferentNumber1PropagationsTotal=20292
%%%mzn-stat: allDifferentNumber1PropagationsThatFoundConflict=1030
%%%mzn-stat: circuitNumber2PropagationsThatFoundConflict=17
%%%mzn-stat: circuitNumber2TotalFixedEdgesAtConflict=1560
%%%mzn-stat: circuitNumber2NumberOfConflicts=17
%%%mzn-stat: circuitNumber2PropagationsThatPruned=294
%%%mzn-stat: circuitNumber2PropagationsTotal=17063
%%%mzn-stat: AverageConflictSize=13.736940298507463
%%%mzn-stat: NumUnitNogoodsLearned=0
%%%mzn-stat: AverageLearnedNogoodLength=16.813432835820894
%%%mzn-stat: AverageBacktrackAmount=0
%%%mzn-stat: AverageLbd=11.880597014925373
%%%mzn-stat: 2AutonomousSearchNumBackupCalled=10109
%%%mzn-stat: 2AutonomousSearchNumPredicatesRemoved=0
%%%mzn-stat: 2AutonomousSearchNumCalls=10119
%%%mzn-stat: 2AutonomousSearchNumPredicatesAdded=7391
%%%mzn-stat: 2AutonomousSearchAverageSizeOfHeap=2.318509734163455
%%%mzn-stat: 2AutonomousSearchNumAssignedPredicatesEncountered=23461
%%%mzn-stat-end
maxleg = 915;
succ = array1d(1..100,[7, 16, 19, 8, 15, 3, 6, 10, 1, 20, 18, 40, 17, 9, 41, 13, 14, 23, 37, 30, 32, 46, 4, 21, 42, 24, 44, 43, 11, 22, 38, 45, 64, 48, 25, 31, 66, 50, 2, 65, 36, 26, 61, 49, 5, 12, 33, 71, 47, 29, 57, 53, 58, 67, 60, 52, 27, 100, 51, 94, 35, 39, 86, 98, 73, 88, 77, 56, 85, 81, 55, 91, 68, 93, 34, 97, 87, 82, 76, 96, 83, 99, 62, 78, 95, 89, 92, 54, 75, 70, 69, 59, 28, 72, 79, 84, 90, 80, 74, 63]);
% time elapsed: 1.40 s
----------
%%%mzn-stat: initTime=0.0178661
%%%mzn-stat: objective=895
%%%mzn-stat: nodes=28675
%%%mzn-stat: restarts=0
%%%mzn-stat: peakDepth=1135
%%%mzn-stat: solveTime=1.068249507
%%%mzn-stat: variables=2303
%%%mzn-stat: propagators=1562
%%%mzn-stat: failures=1088
%%%mzn-stat: propagations=154286
%%%mzn-stat: nogoods=1088
%%%mzn-stat: numAtomicConstraintsPropagated=0
%%%mzn-stat: allDifferentNumber1TotalHallSetSize=10446
%%%mzn-stat: allDifferentNumber1NumberOfConflicts=1043
%%%mzn-stat: allDifferentNumber1MaxHallSetSize=96
%%%mzn-stat: allDifferentNumber1PropagationsTotal=20422
%%%mzn-stat: allDifferentNumber1PropagationsThatFoundConflict=1043
%%%mzn-stat: circuitNumber2PropagationsThatFoundConflict=17
%%%mzn-stat: circuitNumber2TotalFixedEdgesAtConflict=1560
%%%mzn-stat: circuitNumber2NumberOfConflicts=17
%%%mzn-stat: circuitNumber2PropagationsThatPruned=300
%%%mzn-stat: circuitNumber2PropagationsTotal=17160
%%%mzn-stat: AverageConflictSize=14.158088235294118
%%%mzn-stat: NumUnitNogoodsLearned=0
%%%mzn-stat: AverageLearnedNogoodLength=17.264705882352942
%%%mzn-stat: AverageBacktrackAmount=0
%%%mzn-stat: AverageLbd=12.115808823529411
%%%mzn-stat: 2AutonomousSearchNumBackupCalled=11066
%%%mzn-stat: 2AutonomousSearchNumPredicatesRemoved=0
%%%mzn-stat: 2AutonomousSearchNumCalls=11077
%%%mzn-stat: 2AutonomousSearchNumPredicatesAdded=7971
%%%mzn-stat: 2AutonomousSearchAverageSizeOfHeap=2.405615238783064
%%%mzn-stat: 2AutonomousSearchNumAssignedPredicatesEncountered=26647
%%%mzn-stat-end
maxleg = 895;
succ = array1d(1..100,[7, 16, 19, 8, 15, 3, 6, 10, 1, 20, 18, 40, 17, 9, 41, 13, 14, 23, 37, 30, 32, 46, 4, 21, 42, 24, 44, 43, 11, 22, 38, 45, 64, 48, 25, 31, 66, 50, 2, 65, 36, 26, 61, 49, 5, 12, 33, 71, 47, 29, 57, 53, 58, 67, 60, 52, 27, 100, 98, 94, 35, 39, 86, 63, 73, 88, 69, 56, 85, 72, 55, 91, 68, 93, 34, 97, 87, 82, 76, 96, 83, 99, 62, 78, 95, 77, 92, 54, 75, 70, 51, 59, 28, 81, 79, 84, 90, 80, 74, 89]);
% time elapsed: 1.43 s
----------
%%%mzn-stat: initTime=0.0178661
%%%mzn-stat: objective=889
%%%mzn-stat: nodes=29823
%%%mzn-stat: restarts=0
%%%mzn-stat: peakDepth=1135
%%%mzn-stat: solveTime=1.09021567
%%%mzn-stat: variables=2303
%%%mzn-stat: propagators=1562
%%%mzn-stat: failures=1130
%%%mzn-stat: propagations=158563
%%%mzn-stat: nogoods=1130
%%%mzn-stat: numAtomicConstraintsPropagated=0
%%%mzn-stat: allDifferentNumber1TotalHallSetSize=11085
%%%mzn-stat: allDifferentNumber1NumberOfConflicts=1083
%%%mzn-stat: allDifferentNumber1MaxHallSetSize=96
%%%mzn-stat: allDifferentNumber1PropagationsTotal=20695
%%%mzn-stat: allDifferentNumber1PropagationsThatFoundConflict=1083
%%%mzn-stat: circuitNumber2PropagationsThatFoundConflict=17
%%%mzn-stat: circuitNumber2TotalFixedEdgesAtConflict=1560
%%%mzn-stat: circuitNumber2NumberOfConflicts=17
%%%mzn-stat: circuitNumber2PropagationsThatPruned=310
%%%mzn-stat: circuitNumber2PropagationsTotal=17351
%%%mzn-stat: AverageConflictSize=14.68849557522124
%%%mzn-stat: NumUnitNogoodsLearned=0
%%%mzn-stat: AverageLearnedNogoodLength=17.905309734513274
%%%mzn-stat: AverageBacktrackAmount=0
%%%mzn-stat: AverageLbd=12.482300884955752
%%%mzn-stat: 2AutonomousSearchNumBackupCalled=12019
%%%mzn-stat: 2AutonomousSearchNumPredicatesRemoved=0
%%%mzn-stat: 2AutonomousSearchNumCalls=12031
%%%mzn-stat: 2AutonomousSearchNumPredicatesAdded=9030
%%%mzn-stat: 2AutonomousSearchAverageSizeOfHeap=2.486160751392237
%%%mzn-stat: 2AutonomousSearchNumAssignedPredicatesEncountered=29911
%%%mzn-stat-end
maxleg = 889;
succ = array1d(1..100,[7, 16, 19, 8, 15, 3, 6, 10, 1, 20, 18, 40, 17, 9, 41, 13, 14, 23, 37, 30, 32, 46, 4, 21, 42, 24, 44, 43, 11, 22, 38, 45, 64, 48, 25, 31, 66, 50, 2, 65, 36, 26, 61, 70, 5, 12, 33, 71, 47, 29, 57, 53, 58, 67, 49, 52, 27, 100, 98, 94, 35, 39, 86, 63, 73, 88, 69, 56, 96, 72, 55, 91, 68, 51, 34, 97, 87, 80, 78, 59, 83, 99, 82, 60, 95, 77, 92, 54, 75, 85, 76, 62, 74, 81, 79, 84, 90, 28, 93, 89]);
% time elapsed: 1.45 s
----------
%%%mzn-stat: initTime=0.0178661
%%%mzn-stat: objective=861
%%%mzn-stat: nodes=31033
%%%mzn-stat: restarts=0
%%%mzn-stat: peakDepth=1135
%%%mzn-stat: solveTime=1.113448354
%%%mzn-stat: variables=2303
%%%mzn-stat: propagators=1562
%%%mzn-stat: failures=1160
%%%mzn-stat: propagations=163337
%%%mzn-stat: nogoods=1160
%%%mzn-stat: numAtomicConstraintsPropagated=0
%%%mzn-stat: allDifferentNumber1TotalHallSetSize=11691
%%%mzn-stat: allDifferentNumber1NumberOfConflicts=1112
%%%mzn-stat: allDifferentNumber1MaxHallSetSize=96
%%%mzn-stat: allDifferentNumber1PropagationsTotal=21031
%%%mzn-stat: allDifferentNumber1PropagationsThatFoundConflict=1112
%%%mzn-stat: circuitNumber2PropagationsThatFoundConflict=18
%%%mzn-stat: circuitNumber2TotalFixedEdgesAtConflict=1641
%%%mzn-stat: circuitNumber2NumberOfConflicts=18
%%%mzn-stat: circuitNumber2PropagationsThatPruned=321
%%%mzn-stat: circuitNumber2PropagationsTotal=17621
%%%mzn-stat: AverageConflictSize=15.277586206896551
%%%mzn-stat: NumUnitNogoodsLearned=0
%%%mzn-stat: AverageLearnedNogoodLength=18.443103448275863
%%%mzn-stat: AverageBacktrackAmount=0
%%%mzn-stat: AverageLbd=12.749137931034483
%%%mzn-stat: 2AutonomousSearchNumBackupCalled=12946
%%%mzn-stat: 2AutonomousSearchNumPredicatesRemoved=0
%%%mzn-stat: 2AutonomousSearchNumCalls=12959
%%%mzn-stat: 2AutonomousSearchNumPredicatesAdded=9354
%%%mzn-stat: 2AutonomousSearchAverageSizeOfHeap=2.5606914113743344
%%%mzn-stat: 2AutonomousSearchNumAssignedPredicatesEncountered=33184
%%%mzn-stat-end
maxleg = 861;
succ = array1d(1..100,[7, 16, 19, 8, 15, 3, 6, 10, 1, 20, 18, 40, 17, 9, 41, 13, 14, 23, 37, 30, 32, 46, 4, 21, 42, 24, 44, 43, 11, 22, 38, 45, 64, 48, 25, 31, 66, 50, 2, 65, 36, 26, 61, 70, 5, 12, 33, 71, 47, 54, 57, 53, 58, 29, 49, 52, 27, 100, 98, 94, 35, 39, 86, 63, 73, 88, 69, 56, 84, 81, 55, 91, 67, 93, 34, 97, 87, 82, 78, 96, 83, 99, 62, 60, 95, 77, 92, 68, 75, 85, 51, 59, 28, 72, 79, 76, 90, 80, 74, 89]);
% time elapsed: 1.47 s
----------
%%%mzn-stat: initTime=0.0178661
%%%mzn-stat: objective=859
%%%mzn-stat: nodes=32863
%%%mzn-stat: restarts=0
%%%mzn-stat: peakDepth=1135
%%%mzn-stat: solveTime=1.1751860729999999
%%%mzn-stat: variables=2303
%%%mzn-stat: propagators=1562
%%%mzn-stat: failures=1223
%%%mzn-stat: propagations=173860
%%%mzn-stat: nogoods=1223
%%%mzn-stat: numAtomicConstraintsPropagated=0
%%%mzn-stat: allDifferentNumber1TotalHallSetSize=12241
%%%mzn-stat: allDifferentNumber1NumberOfConflicts=1171
%%%mzn-stat: allDifferentNumber1MaxHallSetSize=96
%%%mzn-stat: allDifferentNumber1PropagationsTotal=22174
%%%mzn-stat: allDifferentNumber1PropagationsThatFoundConflict=1171
%%%mzn-stat: circuitNumber2PropagationsThatFoundConflict=18
%%%mzn-stat: circuitNumber2TotalFixedEdgesAtConflict=1641
%%%mzn-stat: circuitNumber2NumberOfConflicts=18
%%%mzn-stat: circuitNumber2PropagationsThatPruned=363
%%%mzn-stat: circuitNumber2PropagationsTotal=18525
%%%mzn-stat: AverageConflictSize=15.470973017170891
%%%mzn-stat: NumUnitNogoodsLearned=0
%%%mzn-stat: AverageLearnedNogoodLength=18.77350776778414
%%%mzn-stat: AverageBacktrackAmount=0
%%%mzn-stat: AverageLbd=12.916598528209322
%%%mzn-stat: 2AutonomousSearchNumBackupCalled=13879
%%%mzn-stat: 2AutonomousSearchNumPredicatesRemoved=0
%%%mzn-stat: 2AutonomousSearchNumCalls=13893
%%%mzn-stat: 2AutonomousSearchNumPredicatesAdded=10305
%%%mzn-stat: 2AutonomousSearchAverageSizeOfHeap=2.6319009573166343
%%%mzn-stat: 2AutonomousSearchNumAssignedPredicatesEncountered=36565
%%%mzn-stat-end
maxleg = 859;
succ = array1d(1..100,[7, 16, 19, 8, 15, 3, 6, 10, 27, 20, 18, 40, 17, 1, 41, 13, 14, 23, 37, 30, 32, 9, 4, 21, 42, 24, 44, 43, 11, 22, 38, 45, 64, 48, 25, 31, 66, 50, 2, 65, 36, 26, 61, 70, 5, 12, 33, 71, 47, 54, 57, 46, 58, 29, 49, 52, 35, 100, 98, 94, 84, 39, 86, 63, 73, 88, 83, 56, 96, 72, 55, 91, 67, 51, 34, 97, 87, 80, 78, 59, 53, 99, 82, 60, 95, 77, 92, 68, 75, 85, 69, 62, 74, 81, 79, 76, 90, 28, 93, 89]);
% time elapsed: 1.54 s
----------
%%%mzn-stat: initTime=0.0178661
%%%mzn-stat: objective=847
%%%mzn-stat: nodes=34171
%%%mzn-stat: restarts=0
%%%mzn-stat: peakDepth=1135
%%%mzn-stat: solveTime=1.204325293
%%%mzn-stat: variables=2303
%%%mzn-stat: propagators=1562
%%%mzn-stat: failures=1254
%%%mzn-stat: propagations=179153
%%%mzn-stat: nogoods=1254
%%%mzn-stat: numAtomicConstraintsPropagated=0
%%%mzn-stat: allDifferentNumber1TotalHallSetSize=12669
%%%mzn-stat: allDifferentNumber1NumberOfConflicts=1202
%%%mzn-stat: allDifferentNumber1MaxHallSetSize=96
%%%mzn-stat: allDifferentNumber1PropagationsTotal=22634
%%%mzn-stat: allDifferentNumber1PropagationsThatFoundConflict=1202
%%%mzn-stat: circuitNumber2PropagationsThatFoundConflict=18
%%%mzn-stat: circuitNumber2TotalFixedEdgesAtConflict=1641
%%%mzn-stat: circuitNumber2NumberOfConflicts=18
%%%mzn-stat: circuitNumber2PropagationsThatPruned=369
%%%mzn-stat: circuitNumber2PropagationsTotal=18885
%%%mzn-stat: AverageConflictSize=15.740829346092504
%%%mzn-stat: NumUnitNogoodsLearned=0
%%%mzn-stat: AverageLearnedNogoodLength=18.96810207336523
%%%mzn-stat: AverageBacktrackAmount=0
%%%mzn-stat: AverageLbd=13.015151515151516
%%%mzn-stat: 2AutonomousSearchNumBackupCalled=14808
%%%mzn-stat: 2AutonomousSearchNumPredicatesRemoved=0
%%%mzn-stat: 2AutonomousSearchNumCalls=14823
%%%mzn-stat: 2AutonomousSearchNumPredicatesAdded=10587
%%%mzn-stat: 2AutonomousSearchAverageSizeOfHeap=2.6958780273898673
%%%mzn-stat: 2AutonomousSearchNumAssignedPredicatesEncountered=39961
%%%mzn-stat-end
maxleg = 847;
succ = array1d(1..100,[7, 16, 19, 8, 15, 3, 6, 10, 27, 20, 18, 40, 17, 1, 41, 13, 14, 23, 37, 30, 32, 9, 4, 21, 42, 24, 44, 43, 11, 22, 38, 45, 64, 48, 25, 31, 66, 50, 2, 65, 36, 26, 61, 70, 46, 12, 33, 71, 47, 29, 57, 53, 58, 5, 49, 52, 35, 100, 98, 94, 84, 39, 86, 63, 73, 88, 69, 56, 85, 72, 55, 91, 67, 93, 34, 97, 87, 82, 78, 96, 83, 99, 62, 68, 95, 77, 92, 54, 75, 60, 51, 59, 28, 81, 79, 76, 90, 80, 74, 89]);
% time elapsed: 1.57 s
----------
%%%mzn-stat: initTime=0.0178661
%%%mzn-stat: objective=838
%%%mzn-stat: nodes=35176
%%%mzn-stat: restarts=0
%%%mzn-stat: peakDepth=1135
%%%mzn-stat: solveTime=1.219641657
%%%mzn-stat: variables=2303
%%%mzn-stat: propagators=1562
%%%mzn-stat: failures=1269
%%%mzn-stat: propagations=182777
%%%mzn-stat: nogoods=1269
%%%mzn-stat: numAtomicConstraintsPropagated=0
%%%mzn-stat: allDifferentNumber1TotalHallSetSize=12745
%%%mzn-stat: allDifferentNumber1NumberOfConflicts=1214
%%%mzn-stat: allDifferentNumber1MaxHallSetSize=96
%%%mzn-stat: allDifferentNumber1PropagationsTotal=22801
%%%mzn-stat: allDifferentNumber1PropagationsThatFoundConflict=1214
%%%mzn-stat: circuitNumber2PropagationsThatFoundConflict=20
%%%mzn-stat: circuitNumber2TotalFixedEdgesAtConflict=1823
%%%mzn-stat: circuitNumber2NumberOfConflicts=20
%%%mzn-stat: circuitNumber2PropagationsThatPruned=383
%%%mzn-stat: circuitNumber2PropagationsTotal=19018
%%%mzn-stat: AverageConflictSize=15.692671394799055
%%%mzn-stat: NumUnitNogoodsLearned=0
%%%mzn-stat: AverageLearnedNogoodLength=19.24507486209614
%%%mzn-stat: AverageBacktrackAmount=0
%%%mzn-stat: AverageLbd=13.217494089834515
%%%mzn-stat: 2AutonomousSearchNumBackupCalled=15694
%%%mzn-stat: 2AutonomousSearchNumPredicatesRemoved=0
%%%mzn-stat: 2AutonomousSearchNumCalls=15710
%%%mzn-stat: 2AutonomousSearchNumPredicatesAdded=11599
%%%mzn-stat: 2AutonomousSearchAverageSizeOfHeap=2.762126034373011
%%%mzn-stat: 2AutonomousSearchNumAssignedPredicatesEncountered=43393
%%%mzn-stat-end
maxleg = 838;
succ = array1d(1..100,[7, 16, 19, 8, 15, 3, 6, 10, 27, 20, 18, 40, 17, 1, 41, 13, 14, 23, 37, 30, 32, 9, 4, 21, 42, 24, 44, 43, 11, 22, 38, 45, 64, 48, 25, 31, 66, 50, 2, 65, 36, 26, 61, 70, 46, 12, 33, 71, 47, 29, 57, 53, 58, 5, 49, 52, 35, 100, 98, 94, 84, 39, 86, 63, 73, 88, 69, 83, 85, 81, 55, 91, 56, 51, 28, 97, 87, 82, 78, 96, 34, 99, 62, 68, 95, 77, 92, 54, 75, 60, 67, 59, 74, 72, 79, 76, 90, 80, 93, 89]);
% time elapsed: 1.59 s
----------
%%%mzn-stat: initTime=0.0178661
%%%mzn-stat: objective=829
%%%mzn-stat: nodes=37461
%%%mzn-stat: restarts=0
%%%mzn-stat: peakDepth=1135
%%%mzn-stat: solveTime=1.306072121
%%%mzn-stat: variables=2303
%%%mzn-stat: propagators=1562
%%%mzn-stat: failures=1343
%%%mzn-stat: propagations=197490
%%%mzn-stat: nogoods=1343
%%%mzn-stat: numAtomicConstraintsPropagated=0
%%%mzn-stat: allDifferentNumber1TotalHallSetSize=13588
%%%mzn-stat: allDifferentNumber1NumberOfConflicts=1287
%%%mzn-stat: allDifferentNumber1MaxHallSetSize=96
%%%mzn-stat: allDifferentNumber1PropagationsTotal=24465
%%%mzn-stat: allDifferentNumber1PropagationsThatFoundConflict=1287
%%%mzn-stat: circuitNumber2PropagationsThatFoundConflict=21
%%%mzn-stat: circuitNumber2TotalFixedEdgesAtConflict=1915
%%%mzn-stat: circuitNumber2NumberOfConflicts=21
%%%mzn-stat: circuitNumber2PropagationsThatPruned=410
%%%mzn-stat: circuitNumber2PropagationsTotal=20384
%%%mzn-stat: AverageConflictSize=16.162323157110947
%%%mzn-stat: NumUnitNogoodsLearned=0
%%%mzn-stat: AverageLearnedNogoodLength=19.732688011913627
%%%mzn-stat: AverageBacktrackAmount=0
%%%mzn-stat: AverageLbd=13.396128071481757
%%%mzn-stat: 2AutonomousSearchNumBackupCalled=16596
%%%mzn-stat: 2AutonomousSearchNumPredicatesRemoved=0
%%%mzn-stat: 2AutonomousSearchNumCalls=16613
%%%mzn-stat: 2AutonomousSearchNumPredicatesAdded=12776
%%%mzn-stat: 2AutonomousSearchAverageSizeOfHeap=2.82351170769879
%%%mzn-stat: 2AutonomousSearchNumAssignedPredicatesEncountered=46907
%%%mzn-stat-end
maxleg = 829;
succ = array1d(1..100,[7, 16, 19, 8, 15, 3, 6, 10, 30, 20, 18, 40, 17, 1, 41, 13, 14, 23, 37, 32, 35, 9, 4, 21, 42, 24, 44, 43, 11, 49, 38, 45, 64, 48, 25, 31, 22, 50, 2, 65, 36, 29, 61, 70, 46, 12, 33, 55, 47, 95, 57, 53, 58, 5, 60, 52, 26, 100, 98, 94, 27, 56, 86, 63, 73, 88, 69, 83, 84, 81, 66, 91, 67, 51, 34, 97, 74, 82, 78, 96, 87, 99, 62, 68, 39, 77, 92, 54, 75, 85, 71, 59, 28, 72, 79, 76, 90, 80, 93, 89]);
% time elapsed: 1.67 s
----------
%%%mzn-stat: initTime=0.0178661
%%%mzn-stat: objective=829
%%%mzn-stat: nodes=500366
%%%mzn-stat: restarts=0
%%%mzn-stat: peakDepth=1135
%%%mzn-stat: solveTime=299.675414148
%%%mzn-stat: variables=2303
%%%mzn-stat: propagators=1562
%%%mzn-stat: failures=459607
%%%mzn-stat: propagations=15614245
%%%mzn-stat: nogoods=459607
%%%mzn-stat: numAtomicConstraintsPropagated=0
%%%mzn-stat: allDifferentNumber1TotalHallSetSize=9246722
%%%mzn-stat: allDifferentNumber1NumberOfConflicts=381091
%%%mzn-stat: allDifferentNumber1MaxHallSetSize=96
%%%mzn-stat: allDifferentNumber1PropagationsTotal=1098909
%%%mzn-stat: allDifferentNumber1PropagationsThatFoundConflict=381091
%%%mzn-stat: circuitNumber2PropagationsThatFoundConflict=6982
%%%mzn-stat: circuitNumber2TotalFixedEdgesAtConflict=601827
%%%mzn-stat: circuitNumber2NumberOfConflicts=6982
%%%mzn-stat: circuitNumber2PropagationsThatPruned=85292
%%%mzn-stat: circuitNumber2PropagationsTotal=451727
%%%mzn-stat: AverageConflictSize=54.590780819265156
%%%mzn-stat: NumUnitNogoodsLearned=0
%%%mzn-stat: AverageLearnedNogoodLength=71.7709499637734
%%%mzn-stat: AverageBacktrackAmount=0
%%%mzn-stat: AverageLbd=35.617566747242755
%%%mzn-stat: 2AutonomousSearchNumBackupCalled=16596
%%%mzn-stat: 2AutonomousSearchNumPredicatesRemoved=0
%%%mzn-stat: 2AutonomousSearchNumCalls=16613
%%%mzn-stat: 2AutonomousSearchNumPredicatesAdded=16555
%%%mzn-stat: 2AutonomousSearchAverageSizeOfHeap=2.82351170769879
%%%mzn-stat: 2AutonomousSearchNumAssignedPredicatesEncountered=46907
%%%mzn-stat-end
