% Logging successfully configured
%%%mzn-stat: initTime=0.019911043
%%%mzn-stat: objective=1013
%%%mzn-stat: nodes=4706398
%%%mzn-stat: restarts=0
%%%mzn-stat: peakDepth=1186
%%%mzn-stat: solveTime=838.865704056
%%%mzn-stat: variables=1827
%%%mzn-stat: propagators=1454
%%%mzn-stat: failures=1786384
%%%mzn-stat: propagations=42821241
%%%mzn-stat: nogoods=1786384
%%%mzn-stat: numAtomicConstraintsPropagated=0
%%%mzn-stat: allDifferentNumber1TotalHallSetSize=56300854
%%%mzn-stat: allDifferentNumber1NumberOfConflicts=1776826
%%%mzn-stat: allDifferentNumber1MaxHallSetSize=92
%%%mzn-stat: allDifferentNumber1PropagationsTotal=9217950
%%%mzn-stat: allDifferentNumber1PropagationsThatFoundConflict=1776826
%%%mzn-stat: circuitNumber2PropagationsThatFoundConflict=1327
%%%mzn-stat: circuitNumber2TotalFixedEdgesAtConflict=97410
%%%mzn-stat: circuitNumber2NumberOfConflicts=1327
%%%mzn-stat: circuitNumber2PropagationsThatPruned=144786
%%%mzn-stat: circuitNumber2PropagationsTotal=4371904
%%%mzn-stat: AverageConflictSize=27.21502991518061
%%%mzn-stat: NumUnitNogoodsLearned=0
%%%mzn-stat: AverageLearnedNogoodLength=29.823821753889423
%%%mzn-stat: AverageBacktrackAmount=0
%%%mzn-stat: AverageLbd=26.51353516377218
%%%mzn-stat: 2AutonomousSearchNumBackupCalled=1099
%%%mzn-stat: 2AutonomousSearchNumPredicatesRemoved=0
%%%mzn-stat: 2AutonomousSearchNumCalls=1100
%%%mzn-stat: 2AutonomousSearchNumPredicatesAdded=3111
%%%mzn-stat: 2AutonomousSearchAverageSizeOfHeap=2.828181818181818
%%%mzn-stat: 2AutonomousSearchNumAssignedPredicatesEncountered=3111
%%%mzn-stat-end
maxleg = 1013;
succ = array1d(1..100,[8, 4, 32, 15, 14, 10, 20, 13, 39, 18, 12, 17, 22, 19, 6, 5, 16, 29, 21, 1, 36, 2, 7, 30, 11, 35, 23, 27, 50, 42, 25, 45, 31, 28, 44, 40, 33, 51, 26, 38, 3, 53, 24, 56, 49, 9, 34, 41, 65, 57, 98, 78, 77, 46, 80, 64, 74, 54, 67, 63, 59, 43, 58, 84, 70, 60, 83, 72, 48, 89, 99, 76, 61, 75, 79, 97, 95, 82, 81, 91, 85, 94, 86, 37, 90, 87, 88, 69, 92, 96, 93, 68, 71, 47, 52, 66, 100, 73, 62, 55]);
% time elapsed: 839.09 s
----------
