% Logging successfully configured
%%%mzn-stat: initTime=0.056626765
%%%mzn-stat: objective=735
%%%mzn-stat: nodes=84349
%%%mzn-stat: restarts=0
%%%mzn-stat: peakDepth=3349
%%%mzn-stat: solveTime=12.90371671
%%%mzn-stat: variables=4276
%%%mzn-stat: propagators=3791
%%%mzn-stat: failures=1976
%%%mzn-stat: propagations=525883
%%%mzn-stat: nogoods=1976
%%%mzn-stat: numAtomicConstraintsPropagated=0
%%%mzn-stat: allDifferentNumber1TotalHallSetSize=24432
%%%mzn-stat: allDifferentNumber1NumberOfConflicts=1935
%%%mzn-stat: allDifferentNumber1MaxHallSetSize=150
%%%mzn-stat: allDifferentNumber1PropagationsTotal=110407
%%%mzn-stat: allDifferentNumber1PropagationsThatFoundConflict=1935
%%%mzn-stat: circuitNumber2PropagationsThatFoundConflict=20
%%%mzn-stat: circuitNumber2TotalFixedEdgesAtConflict=2850
%%%mzn-stat: circuitNumber2NumberOfConflicts=20
%%%mzn-stat: circuitNumber2PropagationsThatPruned=254
%%%mzn-stat: circuitNumber2PropagationsTotal=79866
%%%mzn-stat: AverageConflictSize=13.377024291497976
%%%mzn-stat: NumUnitNogoodsLearned=0
%%%mzn-stat: AverageLearnedNogoodLength=16.557186234817813
%%%mzn-stat: AverageBacktrackAmount=0
%%%mzn-stat: AverageLbd=15.94331983805668
%%%mzn-stat: 2AutonomousSearchNumBackupCalled=3217
%%%mzn-stat: 2AutonomousSearchNumPredicatesRemoved=0
%%%mzn-stat: 2AutonomousSearchNumCalls=3218
%%%mzn-stat: 2AutonomousSearchNumPredicatesAdded=2756
%%%mzn-stat: 2AutonomousSearchAverageSizeOfHeap=0.8564325668116842
%%%mzn-stat: 2AutonomousSearchNumAssignedPredicatesEncountered=2756
%%%mzn-stat-end
maxleg = 735;
succ = array1d(1..150,[3, 4, 10, 8, 7, 27, 11, 9, 19, 17, 13, 15, 18, 38, 14, 21, 29, 16, 25, 5, 22, 23, 12, 2, 1, 32, 35, 24, 48, 31, 28, 42, 34, 50, 20, 6, 33, 52, 60, 43, 26, 45, 46, 37, 51, 44, 36, 49, 55, 54, 30, 57, 41, 61, 58, 53, 76, 77, 40, 67, 63, 39, 68, 70, 56, 59, 86, 90, 65, 69, 75, 80, 47, 82, 112, 66, 62, 64, 81, 95, 87, 73, 84, 89, 71, 83, 92, 72, 91, 96, 79, 98, 105, 88, 99, 94, 74, 104, 101, 78, 106, 100, 85, 128, 114, 110, 111, 117, 103, 102, 119, 129, 97, 141, 130, 109, 123, 137, 121, 113, 127, 120, 126, 116, 118, 134, 131, 142, 136, 122, 133, 108, 146, 139, 125, 145, 143, 132, 149, 93, 135, 107, 124, 148, 150, 144, 115, 140, 147, 138]);
% time elapsed: 16.13 s
----------
%%%mzn-stat: initTime=0.056626765
%%%mzn-stat: objective=377
%%%mzn-stat: nodes=88835
%%%mzn-stat: restarts=0
%%%mzn-stat: peakDepth=3379
%%%mzn-stat: solveTime=13.075951367
%%%mzn-stat: variables=4276
%%%mzn-stat: propagators=3791
%%%mzn-stat: failures=2124
%%%mzn-stat: propagations=541358
%%%mzn-stat: nogoods=2124
%%%mzn-stat: numAtomicConstraintsPropagated=0
%%%mzn-stat: allDifferentNumber1TotalHallSetSize=25497
%%%mzn-stat: allDifferentNumber1NumberOfConflicts=2061
%%%mzn-stat: allDifferentNumber1MaxHallSetSize=150
%%%mzn-stat: allDifferentNumber1PropagationsTotal=112365
%%%mzn-stat: allDifferentNumber1PropagationsThatFoundConflict=2061
%%%mzn-stat: circuitNumber2PropagationsThatFoundConflict=39
%%%mzn-stat: circuitNumber2TotalFixedEdgesAtConflict=5515
%%%mzn-stat: circuitNumber2NumberOfConflicts=39
%%%mzn-stat: circuitNumber2PropagationsThatPruned=283
%%%mzn-stat: circuitNumber2PropagationsTotal=81115
%%%mzn-stat: AverageConflictSize=13.769303201506592
%%%mzn-stat: NumUnitNogoodsLearned=0
%%%mzn-stat: AverageLearnedNogoodLength=17.15536723163842
%%%mzn-stat: AverageBacktrackAmount=0
%%%mzn-stat: AverageLbd=16.225517890772128
%%%mzn-stat: 2AutonomousSearchNumBackupCalled=6462
%%%mzn-stat: 2AutonomousSearchNumPredicatesRemoved=0
%%%mzn-stat: 2AutonomousSearchNumCalls=6464
%%%mzn-stat: 2AutonomousSearchNumPredicatesAdded=3673
%%%mzn-stat: 2AutonomousSearchAverageSizeOfHeap=0.9076423267326733
%%%mzn-stat: 2AutonomousSearchNumAssignedPredicatesEncountered=5867
%%%mzn-stat-end
maxleg = 377;
succ = array1d(1..150,[3, 4, 10, 8, 7, 27, 11, 9, 19, 17, 13, 15, 18, 38, 14, 21, 29, 16, 25, 5, 22, 23, 12, 2, 1, 32, 35, 24, 48, 31, 28, 42, 34, 50, 20, 6, 33, 52, 60, 43, 26, 45, 46, 37, 51, 44, 36, 49, 55, 54, 30, 57, 41, 61, 58, 53, 76, 77, 40, 67, 63, 39, 68, 70, 56, 59, 86, 90, 65, 69, 75, 80, 47, 82, 112, 66, 62, 64, 81, 95, 87, 73, 84, 89, 71, 83, 92, 72, 91, 96, 79, 98, 105, 118, 94, 88, 74, 104, 101, 78, 106, 100, 85, 128, 114, 119, 99, 117, 103, 102, 107, 129, 97, 141, 110, 120, 116, 125, 121, 122, 127, 124, 126, 143, 135, 130, 131, 142, 136, 115, 133, 108, 146, 113, 109, 145, 132, 137, 134, 93, 147, 111, 123, 148, 150, 144, 149, 140, 139, 138]);
% time elapsed: 16.31 s
----------
%%%mzn-stat: initTime=0.056626765
%%%mzn-stat: objective=340
%%%mzn-stat: nodes=93753
%%%mzn-stat: restarts=0
%%%mzn-stat: peakDepth=3379
%%%mzn-stat: solveTime=13.340497723
%%%mzn-stat: variables=4276
%%%mzn-stat: propagators=3791
%%%mzn-stat: failures=2219
%%%mzn-stat: propagations=559533
%%%mzn-stat: nogoods=2219
%%%mzn-stat: numAtomicConstraintsPropagated=0
%%%mzn-stat: allDifferentNumber1TotalHallSetSize=26849
%%%mzn-stat: allDifferentNumber1NumberOfConflicts=2155
%%%mzn-stat: allDifferentNumber1MaxHallSetSize=150
%%%mzn-stat: allDifferentNumber1PropagationsTotal=114885
%%%mzn-stat: allDifferentNumber1PropagationsThatFoundConflict=2155
%%%mzn-stat: circuitNumber2PropagationsThatFoundConflict=39
%%%mzn-stat: circuitNumber2TotalFixedEdgesAtConflict=5515
%%%mzn-stat: circuitNumber2NumberOfConflicts=39
%%%mzn-stat: circuitNumber2PropagationsThatPruned=305
%%%mzn-stat: circuitNumber2PropagationsTotal=82899
%%%mzn-stat: AverageConflictSize=14.011716989634971
%%%mzn-stat: NumUnitNogoodsLearned=0
%%%mzn-stat: AverageLearnedNogoodLength=17.530869761153674
%%%mzn-stat: AverageBacktrackAmount=0
%%%mzn-stat: AverageLbd=16.333032897701667
%%%mzn-stat: 2AutonomousSearchNumBackupCalled=9632
%%%mzn-stat: 2AutonomousSearchNumPredicatesRemoved=0
%%%mzn-stat: 2AutonomousSearchNumCalls=9635
%%%mzn-stat: 2AutonomousSearchNumPredicatesAdded=4457
%%%mzn-stat: 2AutonomousSearchAverageSizeOfHeap=0.94094447327452
%%%mzn-stat: 2AutonomousSearchNumAssignedPredicatesEncountered=9066
%%%mzn-stat-end
maxleg = 340;
succ = array1d(1..150,[3, 4, 10, 8, 7, 27, 11, 9, 19, 17, 13, 15, 18, 38, 14, 21, 29, 16, 25, 5, 22, 23, 12, 2, 1, 32, 35, 24, 48, 31, 28, 42, 34, 50, 20, 6, 33, 52, 60, 43, 26, 45, 46, 37, 51, 44, 36, 49, 55, 54, 30, 57, 41, 61, 58, 53, 76, 77, 40, 67, 63, 39, 68, 70, 56, 59, 86, 90, 65, 69, 75, 80, 47, 82, 112, 66, 62, 64, 81, 95, 87, 73, 84, 89, 71, 83, 92, 72, 91, 96, 79, 98, 114, 118, 94, 88, 74, 104, 101, 78, 106, 100, 85, 128, 140, 119, 99, 117, 103, 102, 107, 129, 97, 141, 110, 120, 116, 125, 121, 122, 127, 124, 126, 143, 135, 130, 131, 142, 136, 115, 133, 108, 146, 113, 109, 145, 132, 137, 134, 93, 147, 111, 123, 148, 150, 144, 149, 105, 139, 138]);
% time elapsed: 16.59 s
----------
%%%mzn-stat: initTime=0.056626765
%%%mzn-stat: objective=335
%%%mzn-stat: nodes=100988
%%%mzn-stat: restarts=0
%%%mzn-stat: peakDepth=3379
%%%mzn-stat: solveTime=13.99092532
%%%mzn-stat: variables=4276
%%%mzn-stat: propagators=3791
%%%mzn-stat: failures=2344
%%%mzn-stat: propagations=592662
%%%mzn-stat: nogoods=2344
%%%mzn-stat: numAtomicConstraintsPropagated=0
%%%mzn-stat: allDifferentNumber1TotalHallSetSize=27237
%%%mzn-stat: allDifferentNumber1NumberOfConflicts=2246
%%%mzn-stat: allDifferentNumber1MaxHallSetSize=150
%%%mzn-stat: allDifferentNumber1PropagationsTotal=120467
%%%mzn-stat: allDifferentNumber1PropagationsThatFoundConflict=2246
%%%mzn-stat: circuitNumber2PropagationsThatFoundConflict=57
%%%mzn-stat: circuitNumber2TotalFixedEdgesAtConflict=8105
%%%mzn-stat: circuitNumber2NumberOfConflicts=57
%%%mzn-stat: circuitNumber2PropagationsThatPruned=347
%%%mzn-stat: circuitNumber2PropagationsTotal=86956
%%%mzn-stat: AverageConflictSize=14.247440273037542
%%%mzn-stat: NumUnitNogoodsLearned=0
%%%mzn-stat: AverageLearnedNogoodLength=17.99018771331058
%%%mzn-stat: AverageBacktrackAmount=0
%%%mzn-stat: AverageLbd=16.61646757679181
%%%mzn-stat: 2AutonomousSearchNumBackupCalled=12827
%%%mzn-stat: 2AutonomousSearchNumPredicatesRemoved=0
%%%mzn-stat: 2AutonomousSearchNumCalls=12831
%%%mzn-stat: 2AutonomousSearchNumPredicatesAdded=5402
%%%mzn-stat: 2AutonomousSearchAverageSizeOfHeap=0.9691372457329904
%%%mzn-stat: 2AutonomousSearchNumAssignedPredicatesEncountered=12435
%%%mzn-stat-end
maxleg = 335;
succ = array1d(1..150,[3, 4, 10, 8, 7, 27, 11, 9, 19, 17, 13, 15, 18, 38, 14, 26, 29, 16, 25, 5, 22, 23, 12, 2, 1, 21, 35, 24, 48, 31, 28, 42, 34, 50, 20, 6, 33, 52, 60, 43, 30, 45, 46, 37, 51, 44, 36, 49, 55, 54, 41, 57, 32, 61, 58, 53, 76, 77, 40, 67, 63, 39, 68, 70, 56, 59, 86, 90, 65, 69, 75, 80, 47, 82, 112, 66, 62, 64, 81, 95, 87, 73, 84, 89, 71, 83, 92, 72, 91, 96, 79, 98, 114, 118, 94, 88, 74, 104, 101, 78, 106, 100, 85, 128, 140, 119, 99, 117, 103, 102, 107, 129, 97, 141, 110, 120, 116, 125, 121, 122, 127, 124, 126, 143, 135, 130, 131, 142, 136, 115, 133, 108, 146, 113, 109, 145, 132, 137, 134, 93, 147, 111, 123, 148, 150, 144, 149, 105, 139, 138]);
% time elapsed: 17.26 s
----------
%%%mzn-stat: initTime=0.056626765
%%%mzn-stat: objective=321
%%%mzn-stat: nodes=110838
%%%mzn-stat: restarts=0
%%%mzn-stat: peakDepth=3379
%%%mzn-stat: solveTime=15.294008234
%%%mzn-stat: variables=4276
%%%mzn-stat: propagators=3791
%%%mzn-stat: failures=2497
%%%mzn-stat: propagations=643115
%%%mzn-stat: nogoods=2497
%%%mzn-stat: numAtomicConstraintsPropagated=0
%%%mzn-stat: allDifferentNumber1TotalHallSetSize=27755
%%%mzn-stat: allDifferentNumber1NumberOfConflicts=2378
%%%mzn-stat: allDifferentNumber1MaxHallSetSize=150
%%%mzn-stat: allDifferentNumber1PropagationsTotal=129725
%%%mzn-stat: allDifferentNumber1PropagationsThatFoundConflict=2378
%%%mzn-stat: circuitNumber2PropagationsThatFoundConflict=76
%%%mzn-stat: circuitNumber2TotalFixedEdgesAtConflict=10802
%%%mzn-stat: circuitNumber2NumberOfConflicts=76
%%%mzn-stat: circuitNumber2PropagationsThatPruned=357
%%%mzn-stat: circuitNumber2PropagationsTotal=93595
%%%mzn-stat: AverageConflictSize=14.274729675610732
%%%mzn-stat: NumUnitNogoodsLearned=0
%%%mzn-stat: AverageLearnedNogoodLength=18.20304365238286
%%%mzn-stat: AverageBacktrackAmount=0
%%%mzn-stat: AverageLbd=16.718862635162196
%%%mzn-stat: 2AutonomousSearchNumBackupCalled=16032
%%%mzn-stat: 2AutonomousSearchNumPredicatesRemoved=0
%%%mzn-stat: 2AutonomousSearchNumCalls=16037
%%%mzn-stat: 2AutonomousSearchNumPredicatesAdded=6361
%%%mzn-stat: 2AutonomousSearchAverageSizeOfHeap=0.9910831202843424
%%%mzn-stat: 2AutonomousSearchNumAssignedPredicatesEncountered=15894
%%%mzn-stat-end
maxleg = 321;
succ = array1d(1..150,[3, 4, 10, 8, 11, 27, 16, 9, 19, 17, 7, 15, 5, 38, 14, 18, 29, 26, 25, 13, 22, 23, 12, 2, 1, 21, 35, 24, 48, 31, 28, 42, 34, 50, 20, 6, 33, 52, 60, 43, 30, 45, 46, 37, 51, 44, 36, 49, 55, 54, 41, 57, 32, 61, 58, 53, 76, 77, 40, 67, 63, 39, 68, 70, 56, 59, 86, 90, 65, 69, 75, 80, 47, 82, 112, 66, 62, 64, 81, 95, 87, 73, 84, 89, 71, 83, 92, 72, 91, 96, 79, 98, 114, 118, 94, 88, 74, 104, 101, 78, 106, 100, 85, 128, 140, 119, 99, 117, 103, 102, 107, 129, 97, 141, 110, 120, 116, 125, 121, 122, 127, 124, 126, 143, 135, 130, 131, 142, 136, 115, 133, 108, 146, 113, 109, 145, 132, 137, 134, 93, 147, 111, 123, 148, 150, 144, 149, 105, 139, 138]);
% time elapsed: 18.57 s
----------
%%%mzn-stat: initTime=0.056626765
%%%mzn-stat: objective=309
%%%mzn-stat: nodes=114178
%%%mzn-stat: restarts=0
%%%mzn-stat: peakDepth=3379
%%%mzn-stat: solveTime=15.331977835
%%%mzn-stat: variables=4276
%%%mzn-stat: propagators=3791
%%%mzn-stat: failures=2499
%%%mzn-stat: propagations=649564
%%%mzn-stat: nogoods=2499
%%%mzn-stat: numAtomicConstraintsPropagated=0
%%%mzn-stat: allDifferentNumber1TotalHallSetSize=27759
%%%mzn-stat: allDifferentNumber1NumberOfConflicts=2380
%%%mzn-stat: allDifferentNumber1MaxHallSetSize=150
%%%mzn-stat: allDifferentNumber1PropagationsTotal=129933
%%%mzn-stat: allDifferentNumber1PropagationsThatFoundConflict=2380
%%%mzn-stat: circuitNumber2PropagationsThatFoundConflict=76
%%%mzn-stat: circuitNumber2TotalFixedEdgesAtConflict=10802
%%%mzn-stat: circuitNumber2NumberOfConflicts=76
%%%mzn-stat: circuitNumber2PropagationsThatPruned=359
%%%mzn-stat: circuitNumber2PropagationsTotal=93745
%%%mzn-stat: AverageConflictSize=14.264905962384955
%%%mzn-stat: NumUnitNogoodsLearned=0
%%%mzn-stat: AverageLearnedNogoodLength=18.190076030412165
%%%mzn-stat: AverageBacktrackAmount=0
%%%mzn-stat: AverageLbd=16.707082833133253
%%%mzn-stat: 2AutonomousSearchNumBackupCalled=19225
%%%mzn-stat: 2AutonomousSearchNumPredicatesRemoved=0
%%%mzn-stat: 2AutonomousSearchNumCalls=19231
%%%mzn-stat: 2AutonomousSearchNumPredicatesAdded=6366
%%%mzn-stat: 2AutonomousSearchAverageSizeOfHeap=1.0064479226249285
%%%mzn-stat: 2AutonomousSearchNumAssignedPredicatesEncountered=19355
%%%mzn-stat-end
maxleg = 309;
succ = array1d(1..150,[3, 4, 10, 8, 11, 27, 16, 9, 19, 17, 7, 15, 5, 38, 14, 18, 29, 26, 25, 13, 22, 23, 12, 2, 1, 21, 35, 24, 48, 31, 28, 42, 34, 50, 20, 6, 33, 52, 60, 43, 30, 45, 46, 37, 51, 44, 36, 49, 55, 54, 41, 57, 32, 61, 58, 53, 76, 77, 40, 67, 63, 39, 68, 70, 56, 59, 86, 90, 65, 69, 75, 80, 47, 82, 112, 66, 62, 64, 81, 95, 87, 73, 84, 89, 71, 83, 92, 72, 91, 96, 79, 98, 114, 118, 94, 88, 74, 104, 101, 78, 106, 100, 85, 128, 140, 119, 99, 117, 103, 102, 107, 129, 97, 141, 110, 120, 116, 125, 121, 122, 127, 124, 126, 143, 135, 130, 131, 142, 136, 115, 133, 108, 146, 139, 109, 145, 132, 137, 113, 93, 147, 111, 123, 148, 150, 144, 149, 105, 134, 138]);
% time elapsed: 18.62 s
----------
%%%mzn-stat: initTime=0.056626765
%%%mzn-stat: objective=301
%%%mzn-stat: nodes=117637
%%%mzn-stat: restarts=0
%%%mzn-stat: peakDepth=3379
%%%mzn-stat: solveTime=15.37851627
%%%mzn-stat: variables=4276
%%%mzn-stat: propagators=3791
%%%mzn-stat: failures=2513
%%%mzn-stat: propagations=657358
%%%mzn-stat: nogoods=2513
%%%mzn-stat: numAtomicConstraintsPropagated=0
%%%mzn-stat: allDifferentNumber1TotalHallSetSize=27791
%%%mzn-stat: allDifferentNumber1NumberOfConflicts=2391
%%%mzn-stat: allDifferentNumber1MaxHallSetSize=150
%%%mzn-stat: allDifferentNumber1PropagationsTotal=130333
%%%mzn-stat: allDifferentNumber1PropagationsThatFoundConflict=2391
%%%mzn-stat: circuitNumber2PropagationsThatFoundConflict=76
%%%mzn-stat: circuitNumber2TotalFixedEdgesAtConflict=10802
%%%mzn-stat: circuitNumber2NumberOfConflicts=76
%%%mzn-stat: circuitNumber2PropagationsThatPruned=373
%%%mzn-stat: circuitNumber2PropagationsTotal=94037
%%%mzn-stat: AverageConflictSize=14.212495025865499
%%%mzn-stat: NumUnitNogoodsLearned=0
%%%mzn-stat: AverageLearnedNogoodLength=18.121368881814565
%%%mzn-stat: AverageBacktrackAmount=0
%%%mzn-stat: AverageLbd=16.643056108237168
%%%mzn-stat: 2AutonomousSearchNumBackupCalled=22404
%%%mzn-stat: 2AutonomousSearchNumPredicatesRemoved=0
%%%mzn-stat: 2AutonomousSearchNumCalls=22411
%%%mzn-stat: 2AutonomousSearchNumPredicatesAdded=6516
%%%mzn-stat: 2AutonomousSearchAverageSizeOfHeap=1.0203471509526572
%%%mzn-stat: 2AutonomousSearchNumAssignedPredicatesEncountered=22867
%%%mzn-stat-end
maxleg = 301;
succ = array1d(1..150,[3, 4, 10, 8, 11, 27, 16, 9, 19, 17, 7, 15, 5, 38, 14, 18, 29, 26, 25, 13, 22, 23, 12, 2, 1, 21, 35, 24, 48, 31, 28, 42, 34, 50, 20, 6, 33, 52, 60, 43, 30, 45, 46, 37, 51, 44, 36, 49, 55, 54, 41, 57, 32, 61, 58, 53, 76, 77, 40, 67, 63, 39, 68, 70, 56, 59, 86, 90, 65, 69, 75, 80, 47, 82, 112, 66, 62, 64, 81, 95, 87, 73, 84, 89, 71, 83, 92, 72, 91, 96, 79, 98, 114, 118, 94, 88, 74, 104, 101, 78, 106, 100, 85, 128, 140, 119, 99, 117, 103, 102, 107, 129, 97, 141, 110, 120, 116, 125, 121, 122, 127, 124, 126, 143, 135, 130, 142, 131, 136, 115, 111, 108, 146, 139, 109, 145, 132, 137, 113, 93, 147, 133, 123, 148, 150, 144, 149, 105, 134, 138]);
% time elapsed: 18.67 s
----------
%%%mzn-stat: initTime=0.056626765
%%%mzn-stat: objective=282
%%%mzn-stat: nodes=144310
%%%mzn-stat: restarts=1
%%%mzn-stat: peakDepth=3381
%%%mzn-stat: solveTime=23.898438778
%%%mzn-stat: variables=4276
%%%mzn-stat: propagators=3791
%%%mzn-stat: failures=10627
%%%mzn-stat: propagations=1009050
%%%mzn-stat: nogoods=10627
%%%mzn-stat: numAtomicConstraintsPropagated=0
%%%mzn-stat: allDifferentNumber1TotalHallSetSize=83654
%%%mzn-stat: allDifferentNumber1NumberOfConflicts=8376
%%%mzn-stat: allDifferentNumber1MaxHallSetSize=150
%%%mzn-stat: allDifferentNumber1PropagationsTotal=172343
%%%mzn-stat: allDifferentNumber1PropagationsThatFoundConflict=8376
%%%mzn-stat: circuitNumber2PropagationsThatFoundConflict=231
%%%mzn-stat: circuitNumber2TotalFixedEdgesAtConflict=32821
%%%mzn-stat: circuitNumber2NumberOfConflicts=231
%%%mzn-stat: circuitNumber2PropagationsThatPruned=3623
%%%mzn-stat: circuitNumber2PropagationsTotal=116763
%%%mzn-stat: AverageConflictSize=18.87672908628964
%%%mzn-stat: NumUnitNogoodsLearned=0
%%%mzn-stat: AverageLearnedNogoodLength=48.03359367648443
%%%mzn-stat: AverageBacktrackAmount=0
%%%mzn-stat: AverageLbd=35.987578808694835
%%%mzn-stat: 2AutonomousSearchNumBackupCalled=25521
%%%mzn-stat: 2AutonomousSearchNumPredicatesRemoved=0
%%%mzn-stat: 2AutonomousSearchNumCalls=26318
%%%mzn-stat: 2AutonomousSearchNumPredicatesAdded=9933
%%%mzn-stat: 2AutonomousSearchAverageSizeOfHeap=131.99156470856448
%%%mzn-stat: 2AutonomousSearchNumAssignedPredicatesEncountered=35164
%%%mzn-stat-end
maxleg = 282;
succ = array1d(1..150,[3, 4, 10, 8, 11, 27, 16, 9, 19, 17, 7, 15, 5, 38, 14, 18, 29, 26, 25, 13, 22, 23, 12, 2, 1, 32, 35, 24, 48, 21, 28, 42, 34, 50, 20, 6, 33, 52, 31, 43, 30, 45, 46, 37, 51, 44, 36, 49, 55, 54, 41, 57, 56, 60, 58, 71, 76, 77, 40, 39, 63, 67, 68, 70, 53, 59, 86, 90, 65, 69, 75, 80, 47, 82, 112, 66, 62, 73, 81, 61, 87, 78, 84, 89, 64, 83, 92, 72, 91, 101, 79, 98, 114, 95, 99, 88, 74, 104, 96, 102, 106, 110, 85, 128, 140, 119, 111, 117, 103, 115, 94, 129, 97, 141, 130, 120, 116, 125, 121, 100, 131, 113, 124, 143, 135, 123, 142, 127, 136, 122, 133, 108, 146, 139, 109, 145, 118, 132, 126, 93, 147, 107, 137, 148, 150, 144, 149, 105, 134, 138]);
% time elapsed: 27.22 s
----------
%%%mzn-stat: initTime=0.056626765
%%%mzn-stat: objective=282
%%%mzn-stat: nodes=2444416
%%%mzn-stat: restarts=1
%%%mzn-stat: peakDepth=3381
%%%mzn-stat: solveTime=1796.853012934
%%%mzn-stat: variables=4276
%%%mzn-stat: propagators=3791
%%%mzn-stat: failures=1552636
%%%mzn-stat: propagations=34819886
%%%mzn-stat: nogoods=1552636
%%%mzn-stat: numAtomicConstraintsPropagated=0
%%%mzn-stat: allDifferentNumber1TotalHallSetSize=71472134
%%%mzn-stat: allDifferentNumber1NumberOfConflicts=1549845
%%%mzn-stat: allDifferentNumber1MaxHallSetSize=150
%%%mzn-stat: allDifferentNumber1PropagationsTotal=6148901
%%%mzn-stat: allDifferentNumber1PropagationsThatFoundConflict=1549845
%%%mzn-stat: circuitNumber2PropagationsThatFoundConflict=336
%%%mzn-stat: circuitNumber2TotalFixedEdgesAtConflict=46914
%%%mzn-stat: circuitNumber2NumberOfConflicts=336
%%%mzn-stat: circuitNumber2PropagationsThatPruned=292532
%%%mzn-stat: circuitNumber2PropagationsTotal=3127085
%%%mzn-stat: AverageConflictSize=76.5594762713218
%%%mzn-stat: NumUnitNogoodsLearned=0
%%%mzn-stat: AverageLearnedNogoodLength=77.9703478471451
%%%mzn-stat: AverageBacktrackAmount=0
%%%mzn-stat: AverageLbd=40.05907050976533
%%%mzn-stat: 2AutonomousSearchNumBackupCalled=25521
%%%mzn-stat: 2AutonomousSearchNumPredicatesRemoved=0
%%%mzn-stat: 2AutonomousSearchNumCalls=26318
%%%mzn-stat: 2AutonomousSearchNumPredicatesAdded=12852
%%%mzn-stat: 2AutonomousSearchAverageSizeOfHeap=131.99156470856448
%%%mzn-stat: 2AutonomousSearchNumAssignedPredicatesEncountered=35164
%%%mzn-stat-end
