% Logging successfully configured
%%%mzn-stat: initTime=0.094153417
%%%mzn-stat: objective=502
%%%mzn-stat: nodes=1138
%%%mzn-stat: restarts=0
%%%mzn-stat: peakDepth=638
%%%mzn-stat: solveTime=0.057785644
%%%mzn-stat: variables=1162
%%%mzn-stat: propagators=2077
%%%mzn-stat: failures=424
%%%mzn-stat: propagations=142507
%%%mzn-stat: nogoods=424
%%%mzn-stat: numAtomicConstraintsPropagated=0
%%%mzn-stat: circuitNumber1226PropagationsThatFoundConflict=6
%%%mzn-stat: circuitNumber1226TotalFixedEdgesAtConflict=276
%%%mzn-stat: circuitNumber1226NumberOfConflicts=6
%%%mzn-stat: circuitNumber1226PropagationsThatPruned=186
%%%mzn-stat: circuitNumber1226PropagationsTotal=606
%%%mzn-stat: AverageConflictSize=4.252358490566038
%%%mzn-stat: NumUnitNogoodsLearned=0
%%%mzn-stat: AverageLearnedNogoodLength=23.83254716981132
%%%mzn-stat: AverageBacktrackAmount=0
%%%mzn-stat: AverageLbd=16.441037735849058
%%%mzn-stat: 2AutonomousSearchNumBackupCalled=600
%%%mzn-stat: 2AutonomousSearchNumPredicatesRemoved=0
%%%mzn-stat: 2AutonomousSearchNumCalls=601
%%%mzn-stat: 2AutonomousSearchNumPredicatesAdded=735
%%%mzn-stat: 2AutonomousSearchAverageSizeOfHeap=1.2229617304492513
%%%mzn-stat: 2AutonomousSearchNumAssignedPredicatesEncountered=735
%%%mzn-stat-end
maxleg = 502;
succ = array1d(1..50,[4, 5, 8, 10, 1, 9, 2, 11, 18, 13, 15, 14, 20, 7, 16, 17, 27, 22, 3, 19, 25, 12, 24, 6, 26, 30, 28, 32, 36, 29, 39, 42, 31, 23, 34, 46, 38, 41, 44, 45, 43, 33, 21, 50, 35, 48, 37, 40, 47, 49]);
% time elapsed: 13.51 s
----------
%%%mzn-stat: initTime=0.094153417
%%%mzn-stat: objective=364
%%%mzn-stat: nodes=1735
%%%mzn-stat: restarts=0
%%%mzn-stat: peakDepth=638
%%%mzn-stat: solveTime=0.062177254
%%%mzn-stat: variables=1162
%%%mzn-stat: propagators=2077
%%%mzn-stat: failures=446
%%%mzn-stat: propagations=153350
%%%mzn-stat: nogoods=446
%%%mzn-stat: numAtomicConstraintsPropagated=0
%%%mzn-stat: circuitNumber1226PropagationsThatFoundConflict=8
%%%mzn-stat: circuitNumber1226TotalFixedEdgesAtConflict=359
%%%mzn-stat: circuitNumber1226NumberOfConflicts=8
%%%mzn-stat: circuitNumber1226PropagationsThatPruned=198
%%%mzn-stat: circuitNumber1226PropagationsTotal=680
%%%mzn-stat: AverageConflictSize=4.515695067264574
%%%mzn-stat: NumUnitNogoodsLearned=0
%%%mzn-stat: AverageLearnedNogoodLength=23.634529147982065
%%%mzn-stat: AverageBacktrackAmount=0
%%%mzn-stat: AverageLbd=16.13677130044843
%%%mzn-stat: 2AutonomousSearchNumBackupCalled=1133
%%%mzn-stat: 2AutonomousSearchNumPredicatesRemoved=0
%%%mzn-stat: 2AutonomousSearchNumCalls=1135
%%%mzn-stat: 2AutonomousSearchNumPredicatesAdded=1280
%%%mzn-stat: 2AutonomousSearchAverageSizeOfHeap=1.3321585903083701
%%%mzn-stat: 2AutonomousSearchNumAssignedPredicatesEncountered=1512
%%%mzn-stat-end
maxleg = 364;
succ = array1d(1..50,[4, 5, 8, 10, 1, 9, 2, 11, 18, 13, 15, 14, 20, 7, 16, 17, 27, 22, 3, 19, 25, 12, 24, 6, 26, 30, 29, 32, 36, 23, 39, 42, 31, 35, 43, 46, 21, 28, 44, 45, 38, 33, 41, 50, 34, 48, 37, 40, 47, 49]);
% time elapsed: 13.52 s
----------
%%%mzn-stat: initTime=0.094153417
%%%mzn-stat: objective=362
%%%mzn-stat: nodes=2605
%%%mzn-stat: restarts=0
%%%mzn-stat: peakDepth=638
%%%mzn-stat: solveTime=0.079266881
%%%mzn-stat: variables=1162
%%%mzn-stat: propagators=2077
%%%mzn-stat: failures=630
%%%mzn-stat: propagations=217481
%%%mzn-stat: nogoods=630
%%%mzn-stat: numAtomicConstraintsPropagated=0
%%%mzn-stat: circuitNumber1226PropagationsThatFoundConflict=13
%%%mzn-stat: circuitNumber1226TotalFixedEdgesAtConflict=552
%%%mzn-stat: circuitNumber1226NumberOfConflicts=13
%%%mzn-stat: circuitNumber1226PropagationsThatPruned=249
%%%mzn-stat: circuitNumber1226PropagationsTotal=995
%%%mzn-stat: AverageConflictSize=4.20952380952381
%%%mzn-stat: NumUnitNogoodsLearned=0
%%%mzn-stat: AverageLearnedNogoodLength=20.917460317460318
%%%mzn-stat: AverageBacktrackAmount=0
%%%mzn-stat: AverageLbd=13.606349206349206
%%%mzn-stat: 2AutonomousSearchNumBackupCalled=1661
%%%mzn-stat: 2AutonomousSearchNumPredicatesRemoved=0
%%%mzn-stat: 2AutonomousSearchNumCalls=1664
%%%mzn-stat: 2AutonomousSearchNumPredicatesAdded=1966
%%%mzn-stat: 2AutonomousSearchAverageSizeOfHeap=1.4507211538461537
%%%mzn-stat: 2AutonomousSearchNumAssignedPredicatesEncountered=2414
%%%mzn-stat-end
maxleg = 362;
succ = array1d(1..50,[4, 5, 8, 10, 1, 9, 2, 11, 18, 13, 15, 14, 20, 7, 16, 19, 3, 22, 28, 25, 37, 12, 24, 6, 21, 30, 17, 38, 36, 29, 33, 42, 32, 23, 26, 46, 39, 41, 44, 45, 43, 27, 35, 47, 34, 48, 49, 40, 50, 31]);
% time elapsed: 13.54 s
----------
%%%mzn-stat: initTime=0.094153417
%%%mzn-stat: objective=333
%%%mzn-stat: nodes=3182
%%%mzn-stat: restarts=0
%%%mzn-stat: peakDepth=638
%%%mzn-stat: solveTime=0.083431027
%%%mzn-stat: variables=1162
%%%mzn-stat: propagators=2077
%%%mzn-stat: failures=653
%%%mzn-stat: propagations=228825
%%%mzn-stat: nogoods=653
%%%mzn-stat: numAtomicConstraintsPropagated=0
%%%mzn-stat: circuitNumber1226PropagationsThatFoundConflict=13
%%%mzn-stat: circuitNumber1226TotalFixedEdgesAtConflict=552
%%%mzn-stat: circuitNumber1226NumberOfConflicts=13
%%%mzn-stat: circuitNumber1226PropagationsThatPruned=258
%%%mzn-stat: circuitNumber1226PropagationsTotal=1064
%%%mzn-stat: AverageConflictSize=4.411944869831546
%%%mzn-stat: NumUnitNogoodsLearned=0
%%%mzn-stat: AverageLearnedNogoodLength=20.98468606431853
%%%mzn-stat: AverageBacktrackAmount=0
%%%mzn-stat: AverageLbd=13.627871362940276
%%%mzn-stat: 2AutonomousSearchNumBackupCalled=2175
%%%mzn-stat: 2AutonomousSearchNumPredicatesRemoved=0
%%%mzn-stat: 2AutonomousSearchNumCalls=2179
%%%mzn-stat: 2AutonomousSearchNumPredicatesAdded=2381
%%%mzn-stat: 2AutonomousSearchAverageSizeOfHeap=1.5273061037173015
%%%mzn-stat: 2AutonomousSearchNumAssignedPredicatesEncountered=3328
%%%mzn-stat-end
maxleg = 333;
succ = array1d(1..50,[4, 5, 8, 10, 1, 9, 2, 11, 18, 21, 15, 14, 20, 7, 13, 3, 27, 22, 16, 25, 37, 12, 24, 6, 26, 30, 29, 19, 36, 23, 33, 17, 42, 35, 43, 46, 38, 39, 44, 45, 47, 32, 41, 49, 34, 48, 28, 40, 50, 31]);
% time elapsed: 13.54 s
----------
%%%mzn-stat: initTime=0.094153417
%%%mzn-stat: objective=331
%%%mzn-stat: nodes=3867
%%%mzn-stat: restarts=0
%%%mzn-stat: peakDepth=638
%%%mzn-stat: solveTime=0.101165195
%%%mzn-stat: variables=1162
%%%mzn-stat: propagators=2077
%%%mzn-stat: failures=793
%%%mzn-stat: propagations=286194
%%%mzn-stat: nogoods=793
%%%mzn-stat: numAtomicConstraintsPropagated=0
%%%mzn-stat: circuitNumber1226PropagationsThatFoundConflict=13
%%%mzn-stat: circuitNumber1226TotalFixedEdgesAtConflict=552
%%%mzn-stat: circuitNumber1226NumberOfConflicts=13
%%%mzn-stat: circuitNumber1226PropagationsThatPruned=306
%%%mzn-stat: circuitNumber1226PropagationsTotal=1264
%%%mzn-stat: AverageConflictSize=4.390920554854981
%%%mzn-stat: NumUnitNogoodsLearned=0
%%%mzn-stat: AverageLearnedNogoodLength=21.453972257250946
%%%mzn-stat: AverageBacktrackAmount=0
%%%mzn-stat: AverageLbd=13.490542244640606
%%%mzn-stat: 2AutonomousSearchNumBackupCalled=2662
%%%mzn-stat: 2AutonomousSearchNumPredicatesRemoved=0
%%%mzn-stat: 2AutonomousSearchNumCalls=2667
%%%mzn-stat: 2AutonomousSearchNumPredicatesAdded=2816
%%%mzn-stat: 2AutonomousSearchAverageSizeOfHeap=1.5905511811023623
%%%mzn-stat: 2AutonomousSearchNumAssignedPredicatesEncountered=4242
%%%mzn-stat-end
maxleg = 331;
succ = array1d(1..50,[4, 5, 8, 10, 1, 9, 2, 11, 18, 21, 15, 14, 20, 7, 13, 3, 27, 22, 16, 25, 37, 12, 24, 6, 26, 30, 29, 19, 36, 23, 50, 17, 42, 35, 43, 46, 38, 39, 44, 45, 47, 32, 41, 49, 34, 48, 28, 40, 31, 33]);
% time elapsed: 13.56 s
----------
%%%mzn-stat: initTime=0.094153417
%%%mzn-stat: objective=319
%%%mzn-stat: nodes=5280
%%%mzn-stat: restarts=0
%%%mzn-stat: peakDepth=638
%%%mzn-stat: solveTime=0.226518211
%%%mzn-stat: variables=1162
%%%mzn-stat: propagators=2077
%%%mzn-stat: failures=1637
%%%mzn-stat: propagations=583649
%%%mzn-stat: nogoods=1637
%%%mzn-stat: numAtomicConstraintsPropagated=0
%%%mzn-stat: circuitNumber1226PropagationsThatFoundConflict=30
%%%mzn-stat: circuitNumber1226TotalFixedEdgesAtConflict=1218
%%%mzn-stat: circuitNumber1226NumberOfConflicts=30
%%%mzn-stat: circuitNumber1226PropagationsThatPruned=725
%%%mzn-stat: circuitNumber1226PropagationsTotal=2415
%%%mzn-stat: AverageConflictSize=6.4624312767257175
%%%mzn-stat: NumUnitNogoodsLearned=0
%%%mzn-stat: AverageLearnedNogoodLength=28.325595601710447
%%%mzn-stat: AverageBacktrackAmount=0
%%%mzn-stat: AverageLbd=14.870494807574833
%%%mzn-stat: 2AutonomousSearchNumBackupCalled=3137
%%%mzn-stat: 2AutonomousSearchNumPredicatesRemoved=0
%%%mzn-stat: 2AutonomousSearchNumCalls=3143
%%%mzn-stat: 2AutonomousSearchNumPredicatesAdded=3908
%%%mzn-stat: 2AutonomousSearchAverageSizeOfHeap=1.7597836461979002
%%%mzn-stat: 2AutonomousSearchNumAssignedPredicatesEncountered=5531
%%%mzn-stat-end
maxleg = 319;
succ = array1d(1..50,[4, 5, 8, 10, 1, 9, 2, 11, 18, 21, 15, 14, 20, 7, 13, 3, 27, 22, 16, 25, 37, 12, 24, 6, 26, 30, 36, 19, 46, 23, 50, 17, 42, 35, 43, 29, 38, 39, 44, 45, 47, 32, 41, 49, 34, 48, 28, 40, 31, 33]);
% time elapsed: 13.69 s
----------
%%%mzn-stat: initTime=0.094153417
%%%mzn-stat: objective=315
%%%mzn-stat: nodes=5998
%%%mzn-stat: restarts=0
%%%mzn-stat: peakDepth=638
%%%mzn-stat: solveTime=0.238029047
%%%mzn-stat: variables=1162
%%%mzn-stat: propagators=2077
%%%mzn-stat: failures=1730
%%%mzn-stat: propagations=619983
%%%mzn-stat: nogoods=1730
%%%mzn-stat: numAtomicConstraintsPropagated=0
%%%mzn-stat: circuitNumber1226PropagationsThatFoundConflict=30
%%%mzn-stat: circuitNumber1226TotalFixedEdgesAtConflict=1218
%%%mzn-stat: circuitNumber1226NumberOfConflicts=30
%%%mzn-stat: circuitNumber1226PropagationsThatPruned=746
%%%mzn-stat: circuitNumber1226PropagationsTotal=2653
%%%mzn-stat: AverageConflictSize=6.328323699421965
%%%mzn-stat: NumUnitNogoodsLearned=0
%%%mzn-stat: AverageLearnedNogoodLength=27.684393063583816
%%%mzn-stat: AverageBacktrackAmount=0
%%%mzn-stat: AverageLbd=14.458959537572253
%%%mzn-stat: 2AutonomousSearchNumBackupCalled=3602
%%%mzn-stat: 2AutonomousSearchNumPredicatesRemoved=0
%%%mzn-stat: 2AutonomousSearchNumCalls=3609
%%%mzn-stat: 2AutonomousSearchNumPredicatesAdded=4738
%%%mzn-stat: 2AutonomousSearchAverageSizeOfHeap=1.9118869492934332
%%%mzn-stat: 2AutonomousSearchNumAssignedPredicatesEncountered=6900
%%%mzn-stat-end
maxleg = 315;
succ = array1d(1..50,[4, 5, 8, 10, 1, 9, 2, 11, 18, 21, 15, 14, 20, 7, 13, 3, 27, 22, 16, 25, 41, 12, 24, 6, 28, 30, 36, 32, 46, 23, 33, 42, 50, 26, 43, 29, 38, 39, 31, 45, 47, 17, 34, 37, 35, 48, 49, 40, 44, 19]);
% time elapsed: 13.70 s
----------
%%%mzn-stat: initTime=0.094153417
%%%mzn-stat: objective=310
%%%mzn-stat: nodes=6491
%%%mzn-stat: restarts=0
%%%mzn-stat: peakDepth=638
%%%mzn-stat: solveTime=0.239975547
%%%mzn-stat: variables=1162
%%%mzn-stat: propagators=2077
%%%mzn-stat: failures=1731
%%%mzn-stat: propagations=624358
%%%mzn-stat: nogoods=1731
%%%mzn-stat: numAtomicConstraintsPropagated=0
%%%mzn-stat: circuitNumber1226PropagationsThatFoundConflict=31
%%%mzn-stat: circuitNumber1226TotalFixedEdgesAtConflict=1261
%%%mzn-stat: circuitNumber1226NumberOfConflicts=31
%%%mzn-stat: circuitNumber1226PropagationsThatPruned=754
%%%mzn-stat: circuitNumber1226PropagationsTotal=2694
%%%mzn-stat: AverageConflictSize=6.325823223570191
%%%mzn-stat: NumUnitNogoodsLearned=0
%%%mzn-stat: AverageLearnedNogoodLength=27.67417677642981
%%%mzn-stat: AverageBacktrackAmount=0
%%%mzn-stat: AverageLbd=14.454072790294628
%%%mzn-stat: 2AutonomousSearchNumBackupCalled=4061
%%%mzn-stat: 2AutonomousSearchNumPredicatesRemoved=0
%%%mzn-stat: 2AutonomousSearchNumCalls=4069
%%%mzn-stat: 2AutonomousSearchNumPredicatesAdded=4778
%%%mzn-stat: 2AutonomousSearchAverageSizeOfHeap=2.0321946424182844
%%%mzn-stat: 2AutonomousSearchNumAssignedPredicatesEncountered=8269
%%%mzn-stat-end
maxleg = 310;
succ = array1d(1..50,[4, 5, 8, 10, 1, 9, 2, 11, 18, 21, 15, 14, 20, 7, 13, 3, 27, 22, 16, 25, 41, 12, 24, 6, 28, 30, 36, 32, 46, 23, 33, 42, 50, 35, 43, 29, 38, 39, 31, 45, 47, 17, 26, 37, 34, 48, 49, 40, 44, 19]);
% time elapsed: 13.71 s
----------
%%%mzn-stat: initTime=0.094153417
%%%mzn-stat: objective=308
%%%mzn-stat: nodes=6982
%%%mzn-stat: restarts=0
%%%mzn-stat: peakDepth=638
%%%mzn-stat: solveTime=0.241822727
%%%mzn-stat: variables=1162
%%%mzn-stat: propagators=2077
%%%mzn-stat: failures=1734
%%%mzn-stat: propagations=628739
%%%mzn-stat: nogoods=1734
%%%mzn-stat: numAtomicConstraintsPropagated=0
%%%mzn-stat: circuitNumber1226PropagationsThatFoundConflict=31
%%%mzn-stat: circuitNumber1226TotalFixedEdgesAtConflict=1261
%%%mzn-stat: circuitNumber1226NumberOfConflicts=31
%%%mzn-stat: circuitNumber1226PropagationsThatPruned=761
%%%mzn-stat: circuitNumber1226PropagationsTotal=2734
%%%mzn-stat: AverageConflictSize=6.3367935409457905
%%%mzn-stat: NumUnitNogoodsLearned=0
%%%mzn-stat: AverageLearnedNogoodLength=27.674740484429066
%%%mzn-stat: AverageBacktrackAmount=0
%%%mzn-stat: AverageLbd=14.444636678200691
%%%mzn-stat: 2AutonomousSearchNumBackupCalled=4518
%%%mzn-stat: 2AutonomousSearchNumPredicatesRemoved=0
%%%mzn-stat: 2AutonomousSearchNumCalls=4527
%%%mzn-stat: 2AutonomousSearchNumPredicatesAdded=5021
%%%mzn-stat: 2AutonomousSearchAverageSizeOfHeap=2.1292246520874754
%%%mzn-stat: 2AutonomousSearchNumAssignedPredicatesEncountered=9639
%%%mzn-stat-end
maxleg = 308;
succ = array1d(1..50,[4, 5, 8, 10, 1, 9, 2, 11, 18, 21, 15, 14, 20, 7, 13, 3, 27, 22, 16, 28, 41, 12, 24, 6, 26, 30, 36, 32, 46, 23, 33, 42, 50, 35, 43, 29, 38, 39, 31, 45, 47, 17, 25, 37, 34, 48, 49, 40, 44, 19]);
% time elapsed: 13.71 s
----------
%%%mzn-stat: initTime=0.094153417
%%%mzn-stat: objective=303
%%%mzn-stat: nodes=7560
%%%mzn-stat: restarts=0
%%%mzn-stat: peakDepth=638
%%%mzn-stat: solveTime=0.252734457
%%%mzn-stat: variables=1162
%%%mzn-stat: propagators=2077
%%%mzn-stat: failures=1812
%%%mzn-stat: propagations=654227
%%%mzn-stat: nogoods=1812
%%%mzn-stat: numAtomicConstraintsPropagated=0
%%%mzn-stat: circuitNumber1226PropagationsThatFoundConflict=31
%%%mzn-stat: circuitNumber1226TotalFixedEdgesAtConflict=1261
%%%mzn-stat: circuitNumber1226NumberOfConflicts=31
%%%mzn-stat: circuitNumber1226PropagationsThatPruned=777
%%%mzn-stat: circuitNumber1226PropagationsTotal=2844
%%%mzn-stat: AverageConflictSize=6.422737306843267
%%%mzn-stat: NumUnitNogoodsLearned=0
%%%mzn-stat: AverageLearnedNogoodLength=27.66169977924945
%%%mzn-stat: AverageBacktrackAmount=0
%%%mzn-stat: AverageLbd=14.343818984547461
%%%mzn-stat: 2AutonomousSearchNumBackupCalled=4970
%%%mzn-stat: 2AutonomousSearchNumPredicatesRemoved=0
%%%mzn-stat: 2AutonomousSearchNumCalls=4980
%%%mzn-stat: 2AutonomousSearchNumPredicatesAdded=5579
%%%mzn-stat: 2AutonomousSearchAverageSizeOfHeap=2.21285140562249
%%%mzn-stat: 2AutonomousSearchNumAssignedPredicatesEncountered=11020
%%%mzn-stat-end
maxleg = 303;
succ = array1d(1..50,[4, 5, 8, 10, 1, 9, 2, 11, 18, 21, 15, 14, 20, 7, 13, 3, 27, 22, 16, 28, 41, 12, 24, 6, 37, 30, 36, 25, 46, 23, 50, 17, 42, 35, 43, 29, 38, 39, 31, 45, 47, 32, 26, 19, 34, 48, 49, 40, 44, 33]);
% time elapsed: 13.72 s
----------
%%%mzn-stat: initTime=0.094153417
%%%mzn-stat: objective=289
%%%mzn-stat: nodes=8372
%%%mzn-stat: restarts=0
%%%mzn-stat: peakDepth=638
%%%mzn-stat: solveTime=0.290740195
%%%mzn-stat: variables=1162
%%%mzn-stat: propagators=2077
%%%mzn-stat: failures=2018
%%%mzn-stat: propagations=735733
%%%mzn-stat: nogoods=2018
%%%mzn-stat: numAtomicConstraintsPropagated=0
%%%mzn-stat: circuitNumber1226PropagationsThatFoundConflict=138
%%%mzn-stat: circuitNumber1226TotalFixedEdgesAtConflict=6076
%%%mzn-stat: circuitNumber1226NumberOfConflicts=138
%%%mzn-stat: circuitNumber1226PropagationsThatPruned=873
%%%mzn-stat: circuitNumber1226PropagationsTotal=3334
%%%mzn-stat: AverageConflictSize=8.122398414271556
%%%mzn-stat: NumUnitNogoodsLearned=0
%%%mzn-stat: AverageLearnedNogoodLength=28.313181367690785
%%%mzn-stat: AverageBacktrackAmount=0
%%%mzn-stat: AverageLbd=14.866204162537166
%%%mzn-stat: 2AutonomousSearchNumBackupCalled=5418
%%%mzn-stat: 2AutonomousSearchNumPredicatesRemoved=0
%%%mzn-stat: 2AutonomousSearchNumCalls=5429
%%%mzn-stat: 2AutonomousSearchNumPredicatesAdded=6561
%%%mzn-stat: 2AutonomousSearchAverageSizeOfHeap=2.290661263584454
%%%mzn-stat: 2AutonomousSearchNumAssignedPredicatesEncountered=12436
%%%mzn-stat-end
maxleg = 289;
succ = array1d(1..50,[4, 5, 8, 10, 1, 9, 2, 11, 18, 21, 15, 14, 20, 7, 13, 3, 27, 28, 16, 31, 41, 6, 22, 23, 37, 12, 36, 25, 46, 24, 50, 17, 42, 26, 30, 29, 38, 39, 44, 45, 43, 32, 35, 47, 34, 48, 49, 40, 19, 33]);
% time elapsed: 13.76 s
----------
%%%mzn-stat: initTime=0.094153417
%%%mzn-stat: objective=286
%%%mzn-stat: nodes=9757
%%%mzn-stat: restarts=0
%%%mzn-stat: peakDepth=638
%%%mzn-stat: solveTime=0.393253005
%%%mzn-stat: variables=1162
%%%mzn-stat: propagators=2077
%%%mzn-stat: failures=2497
%%%mzn-stat: propagations=920074
%%%mzn-stat: nogoods=2497
%%%mzn-stat: numAtomicConstraintsPropagated=0
%%%mzn-stat: circuitNumber1226PropagationsThatFoundConflict=434
%%%mzn-stat: circuitNumber1226TotalFixedEdgesAtConflict=19379
%%%mzn-stat: circuitNumber1226NumberOfConflicts=434
%%%mzn-stat: circuitNumber1226PropagationsThatPruned=1052
%%%mzn-stat: circuitNumber1226PropagationsTotal=4549
%%%mzn-stat: AverageConflictSize=11.072486984381257
%%%mzn-stat: NumUnitNogoodsLearned=0
%%%mzn-stat: AverageLearnedNogoodLength=31.0905086103324
%%%mzn-stat: AverageBacktrackAmount=0
%%%mzn-stat: AverageLbd=16.263115738886665
%%%mzn-stat: 2AutonomousSearchNumBackupCalled=5849
%%%mzn-stat: 2AutonomousSearchNumPredicatesRemoved=0
%%%mzn-stat: 2AutonomousSearchNumCalls=5861
%%%mzn-stat: 2AutonomousSearchNumPredicatesAdded=7895
%%%mzn-stat: 2AutonomousSearchAverageSizeOfHeap=2.4139225388159016
%%%mzn-stat: 2AutonomousSearchNumAssignedPredicatesEncountered=14148
%%%mzn-stat-end
maxleg = 286;
succ = array1d(1..50,[4, 5, 8, 10, 1, 9, 2, 11, 18, 21, 15, 14, 20, 7, 16, 19, 27, 28, 31, 37, 41, 6, 22, 23, 43, 12, 36, 32, 46, 24, 50, 3, 42, 26, 30, 29, 25, 39, 44, 45, 38, 17, 35, 47, 34, 48, 49, 40, 13, 33]);
% time elapsed: 13.86 s
----------
%%%mzn-stat: initTime=0.094153417
%%%mzn-stat: objective=280
%%%mzn-stat: nodes=26701
%%%mzn-stat: restarts=0
%%%mzn-stat: peakDepth=638
%%%mzn-stat: solveTime=3.17086583
%%%mzn-stat: variables=1162
%%%mzn-stat: propagators=2077
%%%mzn-stat: failures=14762
%%%mzn-stat: propagations=4311650
%%%mzn-stat: nogoods=14762
%%%mzn-stat: numAtomicConstraintsPropagated=0
%%%mzn-stat: circuitNumber1226PropagationsThatFoundConflict=606
%%%mzn-stat: circuitNumber1226TotalFixedEdgesAtConflict=26248
%%%mzn-stat: circuitNumber1226NumberOfConflicts=606
%%%mzn-stat: circuitNumber1226PropagationsThatPruned=3773
%%%mzn-stat: circuitNumber1226PropagationsTotal=20751
%%%mzn-stat: AverageConflictSize=11.447161631215282
%%%mzn-stat: NumUnitNogoodsLearned=0
%%%mzn-stat: AverageLearnedNogoodLength=42.158921555344804
%%%mzn-stat: AverageBacktrackAmount=0
%%%mzn-stat: AverageLbd=15.967348597750982
%%%mzn-stat: 2AutonomousSearchNumBackupCalled=6276
%%%mzn-stat: 2AutonomousSearchNumPredicatesRemoved=0
%%%mzn-stat: 2AutonomousSearchNumCalls=6289
%%%mzn-stat: 2AutonomousSearchNumPredicatesAdded=9907
%%%mzn-stat: 2AutonomousSearchAverageSizeOfHeap=2.6180632851009698
%%%mzn-stat: 2AutonomousSearchNumAssignedPredicatesEncountered=16465
%%%mzn-stat-end
maxleg = 280;
succ = array1d(1..50,[4, 5, 8, 10, 1, 9, 2, 11, 18, 21, 15, 14, 20, 7, 16, 19, 27, 28, 32, 3, 41, 6, 22, 23, 37, 12, 36, 33, 46, 24, 39, 42, 50, 26, 30, 29, 13, 25, 44, 45, 43, 17, 35, 49, 34, 48, 38, 40, 47, 31]);
% time elapsed: 16.65 s
----------
%%%mzn-stat: initTime=0.094153417
%%%mzn-stat: objective=277
%%%mzn-stat: nodes=28108
%%%mzn-stat: restarts=0
%%%mzn-stat: peakDepth=638
%%%mzn-stat: solveTime=3.336755576
%%%mzn-stat: variables=1162
%%%mzn-stat: propagators=2077
%%%mzn-stat: failures=15368
%%%mzn-stat: propagations=4535941
%%%mzn-stat: nogoods=15368
%%%mzn-stat: numAtomicConstraintsPropagated=0
%%%mzn-stat: circuitNumber1226PropagationsThatFoundConflict=1002
%%%mzn-stat: circuitNumber1226TotalFixedEdgesAtConflict=43997
%%%mzn-stat: circuitNumber1226NumberOfConflicts=1002
%%%mzn-stat: circuitNumber1226PropagationsThatPruned=4022
%%%mzn-stat: circuitNumber1226PropagationsTotal=22223
%%%mzn-stat: AverageConflictSize=12.028956272774597
%%%mzn-stat: NumUnitNogoodsLearned=0
%%%mzn-stat: AverageLearnedNogoodLength=42.310320145757416
%%%mzn-stat: AverageBacktrackAmount=0
%%%mzn-stat: AverageLbd=16.227941176470587
%%%mzn-stat: 2AutonomousSearchNumBackupCalled=6689
%%%mzn-stat: 2AutonomousSearchNumPredicatesRemoved=0
%%%mzn-stat: 2AutonomousSearchNumCalls=6703
%%%mzn-stat: 2AutonomousSearchNumPredicatesAdded=11057
%%%mzn-stat: 2AutonomousSearchAverageSizeOfHeap=2.8021781291958825
%%%mzn-stat: 2AutonomousSearchNumAssignedPredicatesEncountered=18783
%%%mzn-stat-end
maxleg = 277;
succ = array1d(1..50,[4, 5, 8, 10, 1, 9, 2, 11, 18, 21, 15, 14, 20, 7, 16, 19, 27, 28, 33, 3, 41, 6, 22, 23, 43, 12, 36, 32, 46, 24, 39, 42, 50, 26, 30, 29, 13, 37, 44, 45, 38, 17, 35, 49, 34, 48, 25, 40, 47, 31]);
% time elapsed: 16.81 s
----------
%%%mzn-stat: initTime=0.094153417
%%%mzn-stat: objective=276
%%%mzn-stat: nodes=6696166
%%%mzn-stat: restarts=0
%%%mzn-stat: peakDepth=638
%%%mzn-stat: solveTime=920.772487598
%%%mzn-stat: variables=1162
%%%mzn-stat: propagators=2077
%%%mzn-stat: failures=3715428
%%%mzn-stat: propagations=1256046240
%%%mzn-stat: nogoods=3715428
%%%mzn-stat: numAtomicConstraintsPropagated=0
%%%mzn-stat: circuitNumber1226PropagationsThatFoundConflict=3460260
%%%mzn-stat: circuitNumber1226TotalFixedEdgesAtConflict=156320229
%%%mzn-stat: circuitNumber1226NumberOfConflicts=3460260
%%%mzn-stat: circuitNumber1226PropagationsThatPruned=1492342
%%%mzn-stat: circuitNumber1226PropagationsTotal=10136901
%%%mzn-stat: AverageConflictSize=30.615704301092634
%%%mzn-stat: NumUnitNogoodsLearned=0
%%%mzn-stat: AverageLearnedNogoodLength=37.44371684769561
%%%mzn-stat: AverageBacktrackAmount=0
%%%mzn-stat: AverageLbd=19.135740216201203
%%%mzn-stat: 2AutonomousSearchNumBackupCalled=7089
%%%mzn-stat: 2AutonomousSearchNumPredicatesRemoved=0
%%%mzn-stat: 2AutonomousSearchNumCalls=7104
%%%mzn-stat: 2AutonomousSearchNumPredicatesAdded=13236
%%%mzn-stat: 2AutonomousSearchAverageSizeOfHeap=2.988175675675676
%%%mzn-stat: 2AutonomousSearchNumAssignedPredicatesEncountered=21228
%%%mzn-stat-end
maxleg = 276;
succ = array1d(1..50,[4, 5, 8, 10, 1, 9, 2, 11, 18, 21, 15, 14, 20, 7, 16, 19, 27, 30, 28, 31, 41, 6, 22, 23, 37, 12, 36, 32, 46, 26, 50, 42, 3, 43, 24, 29, 13, 39, 44, 45, 38, 17, 35, 49, 34, 48, 25, 40, 47, 33]);
% time elapsed: 934.25 s
----------
=====ERROR=====
% time elapsed: 1507.25 s
