%%%mzn-stat: initTime=0.11126181
%%%mzn-stat: objective=239
%%%mzn-stat: nodes=239620
%%%mzn-stat: restarts=7
%%%mzn-stat: peakDepth=1138
%%%mzn-stat: solveTime=375.658023197
%%%mzn-stat: variables=2560
%%%mzn-stat: propagators=2117
%%%mzn-stat: failures=227038
%%%mzn-stat: propagations=14299621
%%%mzn-stat: nogoods=227038
%%%mzn-stat: AverageConflictSize=70.85808983518177
%%%mzn-stat: NumUnitNogoodsLearned=201
%%%mzn-stat: AverageLearnedNogoodLength=96.18982725358751
%%%mzn-stat: AverageBacktrackAmount=0
%%%mzn-stat: AverageLbd=48.472048731930336
%%%mzn-stat-end
maxleg = 239;
succ = array1d(1..100,[27, 79, 91, 5, 95, 3, 53, 74, 100, 45, 35, 19, 23, 96, 28, 37, 24, 25, 84, 36, 20, 98, 55, 88, 68, 81, 97, 70, 22, 41, 59, 65, 17, 9, 77, 14, 94, 32, 46, 33, 26, 90, 7, 4, 78, 56, 71, 12, 58, 31, 38, 30, 49, 82, 86, 52, 92, 8, 73, 66, 69, 40, 43, 13, 85, 83, 2, 60, 93, 99, 48, 67, 47, 57, 10, 51, 1, 15, 62, 63, 11, 6, 75, 87, 44, 54, 16, 21, 61, 29, 50, 76, 34, 18, 39, 80, 89, 64, 72, 42]);
% time elapsed: 382.65 s
----------
%%%mzn-stat: initTime=0.11126181
%%%mzn-stat: objective=202
%%%mzn-stat: nodes=240771
%%%mzn-stat: restarts=7
%%%mzn-stat: peakDepth=1138
%%%mzn-stat: solveTime=375.855746262
%%%mzn-stat: variables=2560
%%%mzn-stat: propagators=2117
%%%mzn-stat: failures=227097
%%%mzn-stat: propagations=14308660
%%%mzn-stat: nogoods=227097
%%%mzn-stat: AverageConflictSize=70.84280285516762
%%%mzn-stat: NumUnitNogoodsLearned=201
%%%mzn-stat: AverageLearnedNogoodLength=96.18309356794674
%%%mzn-stat: AverageBacktrackAmount=0
%%%mzn-stat: AverageLbd=48.46392510689265
%%%mzn-stat-end
maxleg = 202;
succ = array1d(1..100,[27, 79, 91, 5, 95, 3, 8, 74, 100, 45, 35, 19, 23, 96, 28, 37, 24, 25, 84, 36, 20, 98, 55, 65, 68, 81, 97, 70, 22, 41, 59, 88, 17, 9, 77, 14, 94, 32, 46, 33, 26, 90, 7, 4, 78, 56, 71, 12, 58, 31, 40, 30, 49, 82, 86, 52, 92, 57, 73, 66, 69, 38, 43, 13, 85, 83, 2, 60, 93, 99, 48, 67, 47, 53, 10, 51, 1, 15, 62, 63, 11, 6, 75, 87, 44, 54, 16, 21, 61, 29, 50, 76, 34, 18, 39, 80, 89, 64, 72, 42]);
% time elapsed: 382.86 s
----------
==========
% time elapsed: 382.87 s
%%%mzn-stat: initTime=0.11126181
%%%mzn-stat: objective=202
%%%mzn-stat: nodes=240771
%%%mzn-stat: restarts=7
%%%mzn-stat: peakDepth=1138
%%%mzn-stat: solveTime=375.855756204
%%%mzn-stat: variables=2560
%%%mzn-stat: propagators=2117
%%%mzn-stat: failures=227097
%%%mzn-stat: propagations=14308660
%%%mzn-stat: nogoods=227097
%%%mzn-stat: AverageConflictSize=70.84280285516762
%%%mzn-stat: NumUnitNogoodsLearned=201
%%%mzn-stat: AverageLearnedNogoodLength=96.18309356794674
%%%mzn-stat: AverageBacktrackAmount=0
%%%mzn-stat: AverageLbd=48.46392510689265
%%%mzn-stat-end
