% Logging successfully configured
%%%mzn-stat: initTime=0.007938532
%%%mzn-stat: objective=1077
%%%mzn-stat: nodes=434
%%%mzn-stat: restarts=0
%%%mzn-stat: peakDepth=432
%%%mzn-stat: solveTime=0.003265194
%%%mzn-stat: variables=1005
%%%mzn-stat: propagators=633
%%%mzn-stat: failures=2
%%%mzn-stat: propagations=1982
%%%mzn-stat: nogoods=2
%%%mzn-stat: numAtomicConstraintsPropagated=0
%%%mzn-stat: circuitNumber1PropagationsTotal=57
%%%mzn-stat: circuitNumber1CircuitConflicts=1
%%%mzn-stat: circuitNumber1AlldiffConflicts=1
%%%mzn-stat: circuitNumber1TotalFixedEdgesAtConflict=88
%%%mzn-stat: circuitNumber1NumberOfConflicts=2
%%%mzn-stat: circuitNumber1GacPrunings=224
%%%mzn-stat: circuitNumber1PropagationsThatGacPruned=26
%%%mzn-stat: circuitNumber1TotalPruningHallSetSize=1142
%%%mzn-stat: circuitNumber1NumberOfPruningExplanations=224
%%%mzn-stat: circuitNumber1MaxPruningHallSetSize=49
%%%mzn-stat: circuitNumber1TotalSccSizeAtPruning=326
%%%mzn-stat: circuitNumber1NumberOfSccPruningCalls=26
%%%mzn-stat: circuitNumber1TotalVarsInvolvedInPruning=162
%%%mzn-stat: circuitNumber1MaxValuesPrunedFromSingleVar=7
%%%mzn-stat: circuitNumber1HallCircuitChecks=56
%%%mzn-stat: circuitNumber1HallCircuitPrunings=1
%%%mzn-stat: circuitNumber1CircuitPreventPrunings=12
%%%mzn-stat: AverageConflictSize=12
%%%mzn-stat: NumUnitNogoodsLearned=0
%%%mzn-stat: AverageLearnedNogoodLength=36.5
%%%mzn-stat: AverageBacktrackAmount=0
%%%mzn-stat: AverageLbd=14
%%%mzn-stat: 2AutonomousSearchNumBackupCalled=412
%%%mzn-stat: 2AutonomousSearchNumPredicatesRemoved=0
%%%mzn-stat: 2AutonomousSearchNumCalls=413
%%%mzn-stat: 2AutonomousSearchNumPredicatesAdded=117
%%%mzn-stat: 2AutonomousSearchAverageSizeOfHeap=0.28329297820823246
%%%mzn-stat: 2AutonomousSearchNumAssignedPredicatesEncountered=117
%%%mzn-stat-end
maxleg = 1077;
succ = array1d(1..50,[2, 6, 16, 10, 35, 4, 12, 17, 8, 5, 18, 3, 21, 13, 22, 1, 19, 20, 37, 24, 15, 40, 44, 28, 32, 42, 33, 38, 39, 25, 29, 45, 26, 30, 31, 48, 36, 46, 50, 7, 14, 41, 11, 49, 9, 47, 27, 43, 34, 23]);
% time elapsed: 0.27 s
----------
%%%mzn-stat: initTime=0.007938532
%%%mzn-stat: objective=905
%%%mzn-stat: nodes=834
%%%mzn-stat: restarts=0
%%%mzn-stat: peakDepth=432
%%%mzn-stat: solveTime=0.006289195
%%%mzn-stat: variables=1005
%%%mzn-stat: propagators=633
%%%mzn-stat: failures=3
%%%mzn-stat: propagations=3024
%%%mzn-stat: nogoods=3
%%%mzn-stat: numAtomicConstraintsPropagated=0
%%%mzn-stat: circuitNumber1PropagationsTotal=109
%%%mzn-stat: circuitNumber1CircuitConflicts=1
%%%mzn-stat: circuitNumber1AlldiffConflicts=1
%%%mzn-stat: circuitNumber1TotalFixedEdgesAtConflict=88
%%%mzn-stat: circuitNumber1NumberOfConflicts=2
%%%mzn-stat: circuitNumber1GacPrunings=433
%%%mzn-stat: circuitNumber1PropagationsThatGacPruned=51
%%%mzn-stat: circuitNumber1TotalPruningHallSetSize=1897
%%%mzn-stat: circuitNumber1NumberOfPruningExplanations=433
%%%mzn-stat: circuitNumber1MaxPruningHallSetSize=49
%%%mzn-stat: circuitNumber1TotalSccSizeAtPruning=595
%%%mzn-stat: circuitNumber1NumberOfSccPruningCalls=51
%%%mzn-stat: circuitNumber1TotalVarsInvolvedInPruning=334
%%%mzn-stat: circuitNumber1MaxValuesPrunedFromSingleVar=7
%%%mzn-stat: circuitNumber1HallCircuitChecks=108
%%%mzn-stat: circuitNumber1HallCircuitPrunings=1
%%%mzn-stat: circuitNumber1CircuitPreventPrunings=18
%%%mzn-stat: AverageConflictSize=18.666666666666668
%%%mzn-stat: NumUnitNogoodsLearned=0
%%%mzn-stat: AverageLearnedNogoodLength=37.666666666666664
%%%mzn-stat: AverageBacktrackAmount=0
%%%mzn-stat: AverageLbd=15.333333333333334
%%%mzn-stat: 2AutonomousSearchNumBackupCalled=788
%%%mzn-stat: 2AutonomousSearchNumPredicatesRemoved=0
%%%mzn-stat: 2AutonomousSearchNumCalls=790
%%%mzn-stat: 2AutonomousSearchNumPredicatesAdded=189
%%%mzn-stat: 2AutonomousSearchAverageSizeOfHeap=0.32531645569620254
%%%mzn-stat: 2AutonomousSearchNumAssignedPredicatesEncountered=257
%%%mzn-stat-end
maxleg = 905;
succ = array1d(1..50,[2, 6, 16, 11, 35, 4, 12, 10, 8, 5, 18, 3, 21, 13, 22, 1, 19, 20, 37, 24, 15, 26, 38, 28, 32, 42, 33, 36, 39, 25, 29, 45, 14, 30, 40, 48, 44, 46, 50, 7, 31, 41, 47, 49, 9, 17, 27, 43, 34, 23]);
% time elapsed: 0.27 s
----------
==========
% time elapsed: 0.27 s
%%%mzn-stat: initTime=0.007938532
%%%mzn-stat: objective=905
%%%mzn-stat: nodes=834
%%%mzn-stat: restarts=0
%%%mzn-stat: peakDepth=432
%%%mzn-stat: solveTime=0.006297067
%%%mzn-stat: variables=1005
%%%mzn-stat: propagators=633
%%%mzn-stat: failures=3
%%%mzn-stat: propagations=3024
%%%mzn-stat: nogoods=3
%%%mzn-stat: numAtomicConstraintsPropagated=0
%%%mzn-stat: circuitNumber1PropagationsTotal=109
%%%mzn-stat: circuitNumber1CircuitConflicts=1
%%%mzn-stat: circuitNumber1AlldiffConflicts=1
%%%mzn-stat: circuitNumber1TotalFixedEdgesAtConflict=88
%%%mzn-stat: circuitNumber1NumberOfConflicts=2
%%%mzn-stat: circuitNumber1GacPrunings=433
%%%mzn-stat: circuitNumber1PropagationsThatGacPruned=51
%%%mzn-stat: circuitNumber1TotalPruningHallSetSize=1897
%%%mzn-stat: circuitNumber1NumberOfPruningExplanations=433
%%%mzn-stat: circuitNumber1MaxPruningHallSetSize=49
%%%mzn-stat: circuitNumber1TotalSccSizeAtPruning=595
%%%mzn-stat: circuitNumber1NumberOfSccPruningCalls=51
%%%mzn-stat: circuitNumber1TotalVarsInvolvedInPruning=334
%%%mzn-stat: circuitNumber1MaxValuesPrunedFromSingleVar=7
%%%mzn-stat: circuitNumber1HallCircuitChecks=108
%%%mzn-stat: circuitNumber1HallCircuitPrunings=1
%%%mzn-stat: circuitNumber1CircuitPreventPrunings=18
%%%mzn-stat: AverageConflictSize=18.666666666666668
%%%mzn-stat: NumUnitNogoodsLearned=0
%%%mzn-stat: AverageLearnedNogoodLength=37.666666666666664
%%%mzn-stat: AverageBacktrackAmount=0
%%%mzn-stat: AverageLbd=15.333333333333334
%%%mzn-stat: 2AutonomousSearchNumBackupCalled=788
%%%mzn-stat: 2AutonomousSearchNumPredicatesRemoved=0
%%%mzn-stat: 2AutonomousSearchNumCalls=790
%%%mzn-stat: 2AutonomousSearchNumPredicatesAdded=189
%%%mzn-stat: 2AutonomousSearchAverageSizeOfHeap=0.32531645569620254
%%%mzn-stat: 2AutonomousSearchNumAssignedPredicatesEncountered=257
%%%mzn-stat-end
