% Logging successfully configured
%%%mzn-stat: initTime=0.142224278
%%%mzn-stat: objective=899
%%%mzn-stat: nodes=5515
%%%mzn-stat: restarts=0
%%%mzn-stat: peakDepth=632
%%%mzn-stat: solveTime=0.253704368
%%%mzn-stat: variables=1184
%%%mzn-stat: propagators=863
%%%mzn-stat: failures=885
%%%mzn-stat: propagations=45707
%%%mzn-stat: nogoods=885
%%%mzn-stat: numAtomicConstraintsPropagated=0
%%%mzn-stat: allDifferentNumber1TotalHallSetSize=7224
%%%mzn-stat: allDifferentNumber1NumberOfConflicts=834
%%%mzn-stat: allDifferentNumber1MaxHallSetSize=47
%%%mzn-stat: allDifferentNumber1PropagationsTotal=9334
%%%mzn-stat: allDifferentNumber1PropagationsThatFoundConflict=834
%%%mzn-stat: circuitNumber2PropagationsThatFoundConflict=48
%%%mzn-stat: circuitNumber2TotalFixedEdgesAtConflict=2201
%%%mzn-stat: circuitNumber2NumberOfConflicts=48
%%%mzn-stat: circuitNumber2PropagationsThatPruned=471
%%%mzn-stat: circuitNumber2PropagationsTotal=5515
%%%mzn-stat: AverageConflictSize=9.827118644067797
%%%mzn-stat: NumUnitNogoodsLearned=0
%%%mzn-stat: AverageLearnedNogoodLength=22.74576271186441
%%%mzn-stat: AverageBacktrackAmount=0
%%%mzn-stat: AverageLbd=21.401129943502823
%%%mzn-stat: 2AutonomousSearchNumBackupCalled=588
%%%mzn-stat: 2AutonomousSearchNumPredicatesRemoved=0
%%%mzn-stat: 2AutonomousSearchNumCalls=589
%%%mzn-stat: 2AutonomousSearchNumPredicatesAdded=754
%%%mzn-stat: 2AutonomousSearchAverageSizeOfHeap=1.2801358234295417
%%%mzn-stat: 2AutonomousSearchNumAssignedPredicatesEncountered=754
%%%mzn-stat-end
maxleg = 899;
succ = array1d(1..50,[2, 6, 5, 7, 8, 13, 9, 12, 3, 16, 14, 19, 15, 4, 11, 20, 1, 34, 24, 21, 25, 28, 17, 22, 27, 23, 26, 36, 10, 31, 32, 33, 47, 35, 43, 37, 40, 42, 29, 45, 44, 18, 48, 46, 50, 49, 39, 41, 30, 38]);
% time elapsed: 12.15 s
----------
%%%mzn-stat: initTime=0.142224278
%%%mzn-stat: objective=480
%%%mzn-stat: nodes=7745
%%%mzn-stat: restarts=0
%%%mzn-stat: peakDepth=647
%%%mzn-stat: solveTime=0.461450143
%%%mzn-stat: variables=1184
%%%mzn-stat: propagators=863
%%%mzn-stat: failures=1665
%%%mzn-stat: propagations=68274
%%%mzn-stat: nogoods=1665
%%%mzn-stat: numAtomicConstraintsPropagated=0
%%%mzn-stat: allDifferentNumber1TotalHallSetSize=15306
%%%mzn-stat: allDifferentNumber1NumberOfConflicts=1596
%%%mzn-stat: allDifferentNumber1MaxHallSetSize=47
%%%mzn-stat: allDifferentNumber1PropagationsTotal=13396
%%%mzn-stat: allDifferentNumber1PropagationsThatFoundConflict=1596
%%%mzn-stat: circuitNumber2PropagationsThatFoundConflict=60
%%%mzn-stat: circuitNumber2TotalFixedEdgesAtConflict=2717
%%%mzn-stat: circuitNumber2NumberOfConflicts=60
%%%mzn-stat: circuitNumber2PropagationsThatPruned=1035
%%%mzn-stat: circuitNumber2PropagationsTotal=7896
%%%mzn-stat: AverageConflictSize=12.006606606606606
%%%mzn-stat: NumUnitNogoodsLearned=0
%%%mzn-stat: AverageLearnedNogoodLength=29.251651651651652
%%%mzn-stat: AverageBacktrackAmount=0
%%%mzn-stat: AverageLbd=27.75795795795796
%%%mzn-stat: 2AutonomousSearchNumBackupCalled=1191
%%%mzn-stat: 2AutonomousSearchNumPredicatesRemoved=0
%%%mzn-stat: 2AutonomousSearchNumCalls=1193
%%%mzn-stat: 2AutonomousSearchNumPredicatesAdded=1232
%%%mzn-stat: 2AutonomousSearchAverageSizeOfHeap=1.3210393964794636
%%%mzn-stat: 2AutonomousSearchNumAssignedPredicatesEncountered=1576
%%%mzn-stat-end
maxleg = 480;
succ = array1d(1..50,[2, 6, 5, 7, 8, 13, 9, 12, 3, 16, 14, 19, 15, 4, 17, 11, 23, 34, 24, 10, 20, 28, 26, 22, 21, 27, 25, 36, 39, 1, 30, 31, 32, 35, 43, 37, 40, 42, 47, 45, 29, 18, 48, 46, 50, 49, 33, 44, 41, 38]);
% time elapsed: 12.35 s
----------
%%%mzn-stat: initTime=0.142224278
%%%mzn-stat: objective=478
%%%mzn-stat: nodes=8607
%%%mzn-stat: restarts=0
%%%mzn-stat: peakDepth=647
%%%mzn-stat: solveTime=0.471650028
%%%mzn-stat: variables=1184
%%%mzn-stat: propagators=863
%%%mzn-stat: failures=1694
%%%mzn-stat: propagations=71832
%%%mzn-stat: nogoods=1694
%%%mzn-stat: numAtomicConstraintsPropagated=0
%%%mzn-stat: allDifferentNumber1TotalHallSetSize=15404
%%%mzn-stat: allDifferentNumber1NumberOfConflicts=1620
%%%mzn-stat: allDifferentNumber1MaxHallSetSize=47
%%%mzn-stat: allDifferentNumber1PropagationsTotal=13808
%%%mzn-stat: allDifferentNumber1PropagationsThatFoundConflict=1620
%%%mzn-stat: circuitNumber2PropagationsThatFoundConflict=62
%%%mzn-stat: circuitNumber2TotalFixedEdgesAtConflict=2807
%%%mzn-stat: circuitNumber2NumberOfConflicts=62
%%%mzn-stat: circuitNumber2PropagationsThatPruned=1051
%%%mzn-stat: circuitNumber2PropagationsTotal=8181
%%%mzn-stat: AverageConflictSize=11.903778040141676
%%%mzn-stat: NumUnitNogoodsLearned=0
%%%mzn-stat: AverageLearnedNogoodLength=28.92207792207792
%%%mzn-stat: AverageBacktrackAmount=0
%%%mzn-stat: AverageLbd=27.437426210153482
%%%mzn-stat: 2AutonomousSearchNumBackupCalled=1778
%%%mzn-stat: 2AutonomousSearchNumPredicatesRemoved=0
%%%mzn-stat: 2AutonomousSearchNumCalls=1781
%%%mzn-stat: 2AutonomousSearchNumPredicatesAdded=1416
%%%mzn-stat: 2AutonomousSearchAverageSizeOfHeap=1.3795620437956204
%%%mzn-stat: 2AutonomousSearchNumAssignedPredicatesEncountered=2457
%%%mzn-stat-end
maxleg = 478;
succ = array1d(1..50,[2, 6, 5, 7, 8, 13, 9, 12, 3, 16, 14, 19, 15, 4, 17, 11, 23, 34, 24, 10, 20, 28, 26, 22, 21, 27, 25, 37, 39, 1, 30, 31, 32, 35, 43, 38, 40, 42, 47, 45, 29, 18, 48, 46, 50, 49, 33, 44, 41, 36]);
% time elapsed: 12.36 s
----------
%%%mzn-stat: initTime=0.142224278
%%%mzn-stat: objective=456
%%%mzn-stat: nodes=9294
%%%mzn-stat: restarts=0
%%%mzn-stat: peakDepth=647
%%%mzn-stat: solveTime=0.478041744
%%%mzn-stat: variables=1184
%%%mzn-stat: propagators=863
%%%mzn-stat: failures=1715
%%%mzn-stat: propagations=74254
%%%mzn-stat: nogoods=1715
%%%mzn-stat: numAtomicConstraintsPropagated=0
%%%mzn-stat: allDifferentNumber1TotalHallSetSize=15476
%%%mzn-stat: allDifferentNumber1NumberOfConflicts=1636
%%%mzn-stat: allDifferentNumber1MaxHallSetSize=47
%%%mzn-stat: allDifferentNumber1PropagationsTotal=14034
%%%mzn-stat: allDifferentNumber1PropagationsThatFoundConflict=1636
%%%mzn-stat: circuitNumber2PropagationsThatFoundConflict=64
%%%mzn-stat: circuitNumber2TotalFixedEdgesAtConflict=2897
%%%mzn-stat: circuitNumber2NumberOfConflicts=64
%%%mzn-stat: circuitNumber2PropagationsThatPruned=1063
%%%mzn-stat: circuitNumber2PropagationsTotal=8324
%%%mzn-stat: AverageConflictSize=11.829154518950437
%%%mzn-stat: NumUnitNogoodsLearned=0
%%%mzn-stat: AverageLearnedNogoodLength=28.775510204081634
%%%mzn-stat: AverageBacktrackAmount=0
%%%mzn-stat: AverageLbd=27.28746355685131
%%%mzn-stat: 2AutonomousSearchNumBackupCalled=2336
%%%mzn-stat: 2AutonomousSearchNumPredicatesRemoved=0
%%%mzn-stat: 2AutonomousSearchNumCalls=2340
%%%mzn-stat: 2AutonomousSearchNumPredicatesAdded=1719
%%%mzn-stat: 2AutonomousSearchAverageSizeOfHeap=1.4658119658119657
%%%mzn-stat: 2AutonomousSearchNumAssignedPredicatesEncountered=3430
%%%mzn-stat-end
maxleg = 456;
succ = array1d(1..50,[2, 6, 5, 7, 8, 13, 9, 12, 3, 16, 14, 19, 15, 4, 17, 11, 23, 34, 24, 10, 20, 36, 26, 22, 21, 27, 25, 37, 39, 1, 30, 31, 32, 35, 43, 40, 38, 42, 47, 45, 29, 18, 48, 46, 50, 49, 33, 44, 41, 28]);
% time elapsed: 12.37 s
----------
%%%mzn-stat: initTime=0.142224278
%%%mzn-stat: objective=437
%%%mzn-stat: nodes=9880
%%%mzn-stat: restarts=0
%%%mzn-stat: peakDepth=647
%%%mzn-stat: solveTime=0.479982113
%%%mzn-stat: variables=1184
%%%mzn-stat: propagators=863
%%%mzn-stat: failures=1715
%%%mzn-stat: propagations=75693
%%%mzn-stat: nogoods=1715
%%%mzn-stat: numAtomicConstraintsPropagated=0
%%%mzn-stat: allDifferentNumber1TotalHallSetSize=15476
%%%mzn-stat: allDifferentNumber1NumberOfConflicts=1636
%%%mzn-stat: allDifferentNumber1MaxHallSetSize=47
%%%mzn-stat: allDifferentNumber1PropagationsTotal=14097
%%%mzn-stat: allDifferentNumber1PropagationsThatFoundConflict=1636
%%%mzn-stat: circuitNumber2PropagationsThatFoundConflict=64
%%%mzn-stat: circuitNumber2TotalFixedEdgesAtConflict=2897
%%%mzn-stat: circuitNumber2NumberOfConflicts=64
%%%mzn-stat: circuitNumber2PropagationsThatPruned=1064
%%%mzn-stat: circuitNumber2PropagationsTotal=8365
%%%mzn-stat: AverageConflictSize=11.829154518950437
%%%mzn-stat: NumUnitNogoodsLearned=0
%%%mzn-stat: AverageLearnedNogoodLength=28.775510204081634
%%%mzn-stat: AverageBacktrackAmount=0
%%%mzn-stat: AverageLbd=27.28746355685131
%%%mzn-stat: 2AutonomousSearchNumBackupCalled=2881
%%%mzn-stat: 2AutonomousSearchNumPredicatesRemoved=0
%%%mzn-stat: 2AutonomousSearchNumCalls=2886
%%%mzn-stat: 2AutonomousSearchNumPredicatesAdded=1719
%%%mzn-stat: 2AutonomousSearchAverageSizeOfHeap=1.5256410256410255
%%%mzn-stat: 2AutonomousSearchNumAssignedPredicatesEncountered=4403
%%%mzn-stat-end
maxleg = 437;
succ = array1d(1..50,[2, 6, 5, 7, 8, 13, 9, 12, 3, 16, 14, 19, 15, 4, 17, 11, 23, 34, 24, 10, 20, 36, 26, 22, 21, 27, 25, 37, 39, 1, 30, 31, 32, 35, 43, 40, 38, 42, 47, 50, 29, 18, 48, 46, 28, 49, 33, 44, 41, 45]);
% time elapsed: 12.37 s
----------
%%%mzn-stat: initTime=0.142224278
%%%mzn-stat: objective=414
%%%mzn-stat: nodes=10494
%%%mzn-stat: restarts=0
%%%mzn-stat: peakDepth=647
%%%mzn-stat: solveTime=0.483574617
%%%mzn-stat: variables=1184
%%%mzn-stat: propagators=863
%%%mzn-stat: failures=1722
%%%mzn-stat: propagations=77674
%%%mzn-stat: nogoods=1722
%%%mzn-stat: numAtomicConstraintsPropagated=0
%%%mzn-stat: allDifferentNumber1TotalHallSetSize=15499
%%%mzn-stat: allDifferentNumber1NumberOfConflicts=1643
%%%mzn-stat: allDifferentNumber1MaxHallSetSize=47
%%%mzn-stat: allDifferentNumber1PropagationsTotal=14233
%%%mzn-stat: allDifferentNumber1PropagationsThatFoundConflict=1643
%%%mzn-stat: circuitNumber2PropagationsThatFoundConflict=64
%%%mzn-stat: circuitNumber2TotalFixedEdgesAtConflict=2897
%%%mzn-stat: circuitNumber2NumberOfConflicts=64
%%%mzn-stat: circuitNumber2PropagationsThatPruned=1068
%%%mzn-stat: circuitNumber2PropagationsTotal=8455
%%%mzn-stat: AverageConflictSize=11.800813008130081
%%%mzn-stat: NumUnitNogoodsLearned=0
%%%mzn-stat: AverageLearnedNogoodLength=28.684088269454122
%%%mzn-stat: AverageBacktrackAmount=0
%%%mzn-stat: AverageLbd=27.194541231126596
%%%mzn-stat: 2AutonomousSearchNumBackupCalled=3403
%%%mzn-stat: 2AutonomousSearchNumPredicatesRemoved=0
%%%mzn-stat: 2AutonomousSearchNumCalls=3409
%%%mzn-stat: 2AutonomousSearchNumPredicatesAdded=1791
%%%mzn-stat: 2AutonomousSearchAverageSizeOfHeap=1.5775887356996185
%%%mzn-stat: 2AutonomousSearchNumAssignedPredicatesEncountered=5378
%%%mzn-stat-end
maxleg = 414;
succ = array1d(1..50,[2, 6, 5, 7, 8, 13, 9, 12, 3, 16, 14, 19, 15, 4, 17, 11, 23, 34, 24, 10, 20, 36, 26, 22, 21, 27, 25, 40, 39, 1, 30, 31, 32, 35, 43, 37, 50, 42, 47, 38, 29, 18, 48, 46, 28, 49, 33, 44, 41, 45]);
% time elapsed: 12.38 s
----------
%%%mzn-stat: initTime=0.142224278
%%%mzn-stat: objective=403
%%%mzn-stat: nodes=236417
%%%mzn-stat: restarts=0
%%%mzn-stat: peakDepth=647
%%%mzn-stat: solveTime=71.530018726
%%%mzn-stat: variables=1184
%%%mzn-stat: propagators=863
%%%mzn-stat: failures=221031
%%%mzn-stat: propagations=8779532
%%%mzn-stat: nogoods=221031
%%%mzn-stat: numAtomicConstraintsPropagated=0
%%%mzn-stat: allDifferentNumber1TotalHallSetSize=637583
%%%mzn-stat: allDifferentNumber1NumberOfConflicts=130522
%%%mzn-stat: allDifferentNumber1MaxHallSetSize=47
%%%mzn-stat: allDifferentNumber1PropagationsTotal=774081
%%%mzn-stat: allDifferentNumber1PropagationsThatFoundConflict=130522
%%%mzn-stat: circuitNumber2PropagationsThatFoundConflict=61519
%%%mzn-stat: circuitNumber2TotalFixedEdgesAtConflict=2871173
%%%mzn-stat: circuitNumber2NumberOfConflicts=61519
%%%mzn-stat: circuitNumber2PropagationsThatPruned=155132
%%%mzn-stat: circuitNumber2PropagationsTotal=490006
%%%mzn-stat: AverageConflictSize=21.49460935343911
%%%mzn-stat: NumUnitNogoodsLearned=0
%%%mzn-stat: AverageLearnedNogoodLength=45.62736901158661
%%%mzn-stat: AverageBacktrackAmount=0
%%%mzn-stat: AverageLbd=34.1247472074053
%%%mzn-stat: 2AutonomousSearchNumBackupCalled=3943
%%%mzn-stat: 2AutonomousSearchNumPredicatesRemoved=0
%%%mzn-stat: 2AutonomousSearchNumCalls=3950
%%%mzn-stat: 2AutonomousSearchNumPredicatesAdded=3042
%%%mzn-stat: 2AutonomousSearchAverageSizeOfHeap=1.7640506329113923
%%%mzn-stat: 2AutonomousSearchNumAssignedPredicatesEncountered=6968
%%%mzn-stat-end
maxleg = 403;
succ = array1d(1..50,[2, 6, 5, 7, 8, 13, 9, 12, 3, 16, 14, 19, 15, 4, 17, 11, 23, 34, 24, 10, 20, 36, 26, 22, 21, 28, 25, 45, 39, 1, 27, 30, 32, 35, 43, 37, 40, 42, 47, 50, 29, 18, 48, 46, 31, 49, 33, 44, 41, 38]);
% time elapsed: 83.42 s
----------
%%%mzn-stat: initTime=0.142224278
%%%mzn-stat: objective=393
%%%mzn-stat: nodes=238214
%%%mzn-stat: restarts=0
%%%mzn-stat: peakDepth=647
%%%mzn-stat: solveTime=71.652586886
%%%mzn-stat: variables=1184
%%%mzn-stat: propagators=863
%%%mzn-stat: failures=221462
%%%mzn-stat: propagations=8799943
%%%mzn-stat: nogoods=221462
%%%mzn-stat: numAtomicConstraintsPropagated=0
%%%mzn-stat: allDifferentNumber1TotalHallSetSize=638489
%%%mzn-stat: allDifferentNumber1NumberOfConflicts=130747
%%%mzn-stat: allDifferentNumber1MaxHallSetSize=47
%%%mzn-stat: allDifferentNumber1PropagationsTotal=776531
%%%mzn-stat: allDifferentNumber1PropagationsThatFoundConflict=130747
%%%mzn-stat: circuitNumber2PropagationsThatFoundConflict=61711
%%%mzn-stat: circuitNumber2TotalFixedEdgesAtConflict=2880295
%%%mzn-stat: circuitNumber2NumberOfConflicts=61711
%%%mzn-stat: circuitNumber2PropagationsThatPruned=155314
%%%mzn-stat: circuitNumber2PropagationsTotal=491546
%%%mzn-stat: AverageConflictSize=21.484823581472217
%%%mzn-stat: NumUnitNogoodsLearned=0
%%%mzn-stat: AverageLearnedNogoodLength=45.60604076545864
%%%mzn-stat: AverageBacktrackAmount=0
%%%mzn-stat: AverageLbd=34.10547633454046
%%%mzn-stat: 2AutonomousSearchNumBackupCalled=4491
%%%mzn-stat: 2AutonomousSearchNumPredicatesRemoved=0
%%%mzn-stat: 2AutonomousSearchNumCalls=4499
%%%mzn-stat: 2AutonomousSearchNumPredicatesAdded=3777
%%%mzn-stat: 2AutonomousSearchAverageSizeOfHeap=1.9162036008001777
%%%mzn-stat: 2AutonomousSearchNumAssignedPredicatesEncountered=8621
%%%mzn-stat-end
maxleg = 393;
succ = array1d(1..50,[2, 6, 5, 7, 18, 13, 9, 3, 8, 16, 14, 4, 15, 12, 17, 11, 23, 34, 24, 10, 20, 36, 26, 22, 21, 27, 19, 45, 39, 1, 32, 25, 30, 35, 38, 37, 40, 42, 47, 50, 29, 43, 48, 46, 31, 49, 33, 44, 41, 28]);
% time elapsed: 83.55 s
----------
%%%mzn-stat: initTime=0.142224278
%%%mzn-stat: objective=387
%%%mzn-stat: nodes=238795
%%%mzn-stat: restarts=0
%%%mzn-stat: peakDepth=647
%%%mzn-stat: solveTime=71.655420357
%%%mzn-stat: variables=1184
%%%mzn-stat: propagators=863
%%%mzn-stat: failures=221462
%%%mzn-stat: propagations=8801420
%%%mzn-stat: nogoods=221462
%%%mzn-stat: numAtomicConstraintsPropagated=0
%%%mzn-stat: allDifferentNumber1TotalHallSetSize=638489
%%%mzn-stat: allDifferentNumber1NumberOfConflicts=130747
%%%mzn-stat: allDifferentNumber1MaxHallSetSize=47
%%%mzn-stat: allDifferentNumber1PropagationsTotal=776589
%%%mzn-stat: allDifferentNumber1PropagationsThatFoundConflict=130747
%%%mzn-stat: circuitNumber2PropagationsThatFoundConflict=61711
%%%mzn-stat: circuitNumber2TotalFixedEdgesAtConflict=2880295
%%%mzn-stat: circuitNumber2NumberOfConflicts=61711
%%%mzn-stat: circuitNumber2PropagationsThatPruned=155315
%%%mzn-stat: circuitNumber2PropagationsTotal=491585
%%%mzn-stat: AverageConflictSize=21.484823581472217
%%%mzn-stat: NumUnitNogoodsLearned=0
%%%mzn-stat: AverageLearnedNogoodLength=45.60604076545864
%%%mzn-stat: AverageBacktrackAmount=0
%%%mzn-stat: AverageLbd=34.10547633454046
%%%mzn-stat: 2AutonomousSearchNumBackupCalled=5033
%%%mzn-stat: 2AutonomousSearchNumPredicatesRemoved=0
%%%mzn-stat: 2AutonomousSearchNumCalls=5042
%%%mzn-stat: 2AutonomousSearchNumPredicatesAdded=3777
%%%mzn-stat: 2AutonomousSearchAverageSizeOfHeap=2.0376834589448634
%%%mzn-stat: 2AutonomousSearchNumAssignedPredicatesEncountered=10274
%%%mzn-stat-end
maxleg = 387;
succ = array1d(1..50,[2, 6, 5, 7, 18, 13, 9, 3, 8, 16, 14, 4, 15, 12, 17, 11, 23, 34, 24, 10, 20, 36, 26, 22, 21, 27, 19, 45, 39, 1, 32, 25, 30, 35, 38, 37, 40, 42, 47, 50, 44, 43, 48, 46, 31, 49, 33, 41, 29, 28]);
% time elapsed: 83.56 s
----------
%%%mzn-stat: initTime=0.142224278
%%%mzn-stat: objective=366
%%%mzn-stat: nodes=239352
%%%mzn-stat: restarts=0
%%%mzn-stat: peakDepth=647
%%%mzn-stat: solveTime=71.657844407
%%%mzn-stat: variables=1184
%%%mzn-stat: propagators=863
%%%mzn-stat: failures=221462
%%%mzn-stat: propagations=8802901
%%%mzn-stat: nogoods=221462
%%%mzn-stat: numAtomicConstraintsPropagated=0
%%%mzn-stat: allDifferentNumber1TotalHallSetSize=638489
%%%mzn-stat: allDifferentNumber1NumberOfConflicts=130747
%%%mzn-stat: allDifferentNumber1MaxHallSetSize=47
%%%mzn-stat: allDifferentNumber1PropagationsTotal=776646
%%%mzn-stat: allDifferentNumber1PropagationsThatFoundConflict=130747
%%%mzn-stat: circuitNumber2PropagationsThatFoundConflict=61711
%%%mzn-stat: circuitNumber2TotalFixedEdgesAtConflict=2880295
%%%mzn-stat: circuitNumber2NumberOfConflicts=61711
%%%mzn-stat: circuitNumber2PropagationsThatPruned=155315
%%%mzn-stat: circuitNumber2PropagationsTotal=491623
%%%mzn-stat: AverageConflictSize=21.484823581472217
%%%mzn-stat: NumUnitNogoodsLearned=0
%%%mzn-stat: AverageLearnedNogoodLength=45.60604076545864
%%%mzn-stat: AverageBacktrackAmount=0
%%%mzn-stat: AverageLbd=34.10547633454046
%%%mzn-stat: 2AutonomousSearchNumBackupCalled=5551
%%%mzn-stat: 2AutonomousSearchNumPredicatesRemoved=0
%%%mzn-stat: 2AutonomousSearchNumCalls=5561
%%%mzn-stat: 2AutonomousSearchNumPredicatesAdded=3777
%%%mzn-stat: 2AutonomousSearchAverageSizeOfHeap=2.1447581370257147
%%%mzn-stat: 2AutonomousSearchNumAssignedPredicatesEncountered=11927
%%%mzn-stat-end
maxleg = 366;
succ = array1d(1..50,[2, 6, 5, 7, 18, 13, 9, 3, 8, 16, 14, 4, 15, 12, 17, 11, 23, 34, 24, 10, 20, 36, 26, 22, 21, 27, 19, 45, 39, 1, 32, 25, 30, 35, 38, 37, 40, 42, 47, 50, 46, 43, 48, 41, 31, 49, 33, 44, 29, 28]);
% time elapsed: 83.56 s
----------
%%%mzn-stat: initTime=0.142224278
%%%mzn-stat: objective=352
%%%mzn-stat: nodes=239898
%%%mzn-stat: restarts=0
%%%mzn-stat: peakDepth=647
%%%mzn-stat: solveTime=71.660344635
%%%mzn-stat: variables=1184
%%%mzn-stat: propagators=863
%%%mzn-stat: failures=221463
%%%mzn-stat: propagations=8804471
%%%mzn-stat: nogoods=221463
%%%mzn-stat: numAtomicConstraintsPropagated=0
%%%mzn-stat: allDifferentNumber1TotalHallSetSize=638491
%%%mzn-stat: allDifferentNumber1NumberOfConflicts=130748
%%%mzn-stat: allDifferentNumber1MaxHallSetSize=47
%%%mzn-stat: allDifferentNumber1PropagationsTotal=776710
%%%mzn-stat: allDifferentNumber1PropagationsThatFoundConflict=130748
%%%mzn-stat: circuitNumber2PropagationsThatFoundConflict=61711
%%%mzn-stat: circuitNumber2TotalFixedEdgesAtConflict=2880295
%%%mzn-stat: circuitNumber2NumberOfConflicts=61711
%%%mzn-stat: circuitNumber2PropagationsThatPruned=155315
%%%mzn-stat: circuitNumber2PropagationsTotal=491663
%%%mzn-stat: AverageConflictSize=21.48473559917458
%%%mzn-stat: NumUnitNogoodsLearned=0
%%%mzn-stat: AverageLearnedNogoodLength=45.60584386556671
%%%mzn-stat: AverageBacktrackAmount=0
%%%mzn-stat: AverageLbd=34.10533136460718
%%%mzn-stat: 2AutonomousSearchNumBackupCalled=6055
%%%mzn-stat: 2AutonomousSearchNumPredicatesRemoved=0
%%%mzn-stat: 2AutonomousSearchNumCalls=6066
%%%mzn-stat: 2AutonomousSearchNumPredicatesAdded=3779
%%%mzn-stat: 2AutonomousSearchAverageSizeOfHeap=2.2387075502802505
%%%mzn-stat: 2AutonomousSearchNumAssignedPredicatesEncountered=13580
%%%mzn-stat-end
maxleg = 352;
succ = array1d(1..50,[2, 6, 5, 7, 18, 13, 9, 3, 8, 16, 14, 4, 15, 12, 17, 11, 23, 34, 24, 10, 20, 36, 26, 22, 21, 27, 19, 45, 39, 1, 32, 25, 30, 38, 42, 37, 40, 35, 47, 50, 49, 43, 48, 41, 31, 29, 33, 44, 46, 28]);
% time elapsed: 83.57 s
----------
=====ERROR=====
% time elapsed: 973.49 s
