%%%mzn-stat: initTime=0.047704898
%%%mzn-stat: objective=339
%%%mzn-stat: nodes=48200
%%%mzn-stat: restarts=29
%%%mzn-stat: peakDepth=1741
%%%mzn-stat: solveTime=12.143540371
%%%mzn-stat: variables=3259
%%%mzn-stat: propagators=7686
%%%mzn-stat: failures=27425
%%%mzn-stat: propagations=14005701
%%%mzn-stat: nogoods=27425
%%%mzn-stat: AverageConflictSize=24.72911577028259
%%%mzn-stat: NumUnitNogoodsLearned=169
%%%mzn-stat: AverageLearnedNogoodLength=92.33323609845031
%%%mzn-stat: AverageBacktrackAmount=0
%%%mzn-stat: AverageLbd=19.550227894257066
%%%mzn-stat-end
maxleg = 339;
succ = array1d(1..100,[30, 46, 23, 49, 44, 69, 73, 6, 42, 13, 59, 52, 22, 45, 40, 94, 16, 10, 75, 18, 32, 12, 21, 86, 55, 56, 74, 41, 50, 47, 95, 87, 54, 4, 19, 100, 7, 15, 81, 24, 27, 82, 61, 2, 93, 64, 5, 85, 63, 51, 90, 80, 36, 70, 62, 43, 98, 89, 3, 20, 66, 39, 97, 11, 92, 53, 26, 1, 96, 9, 91, 37, 17, 14, 29, 35, 84, 79, 71, 31, 60, 38, 34, 33, 8, 48, 25, 83, 99, 58, 72, 57, 88, 76, 78, 65, 67, 68, 28, 77]);
% time elapsed: 14.00 s
----------
%%%mzn-stat: initTime=0.047704898
%%%mzn-stat: objective=338
%%%mzn-stat: nodes=52207
%%%mzn-stat: restarts=31
%%%mzn-stat: peakDepth=1781
%%%mzn-stat: solveTime=12.560465533
%%%mzn-stat: variables=3259
%%%mzn-stat: propagators=7686
%%%mzn-stat: failures=28202
%%%mzn-stat: propagations=14660866
%%%mzn-stat: nogoods=28202
%%%mzn-stat: AverageConflictSize=24.50180838238423
%%%mzn-stat: NumUnitNogoodsLearned=169
%%%mzn-stat: AverageLearnedNogoodLength=92.33189135522304
%%%mzn-stat: AverageBacktrackAmount=0
%%%mzn-stat: AverageLbd=19.541060917665416
%%%mzn-stat-end
maxleg = 338;
succ = array1d(1..100,[30, 46, 23, 49, 44, 69, 73, 6, 42, 13, 95, 52, 22, 45, 40, 94, 16, 10, 75, 18, 32, 12, 21, 86, 55, 56, 74, 41, 50, 47, 64, 87, 54, 4, 19, 100, 7, 15, 81, 24, 27, 82, 61, 2, 93, 59, 5, 85, 63, 51, 90, 80, 36, 70, 62, 43, 98, 89, 3, 20, 66, 39, 97, 11, 92, 53, 26, 1, 96, 9, 91, 37, 17, 14, 29, 35, 84, 79, 71, 31, 60, 38, 34, 33, 8, 48, 25, 83, 99, 58, 72, 57, 88, 76, 78, 65, 67, 68, 28, 77]);
% time elapsed: 14.40 s
----------
%%%mzn-stat: initTime=0.047704898
%%%mzn-stat: objective=337
%%%mzn-stat: nodes=57154
%%%mzn-stat: restarts=32
%%%mzn-stat: peakDepth=1984
%%%mzn-stat: solveTime=13.689372688
%%%mzn-stat: variables=3259
%%%mzn-stat: propagators=7686
%%%mzn-stat: failures=30240
%%%mzn-stat: propagations=15975009
%%%mzn-stat: nogoods=30240
%%%mzn-stat: AverageConflictSize=25.029398148148147
%%%mzn-stat: NumUnitNogoodsLearned=169
%%%mzn-stat: AverageLearnedNogoodLength=93.49609788359788
%%%mzn-stat: AverageBacktrackAmount=0
%%%mzn-stat: AverageLbd=19.396031746031746
%%%mzn-stat-end
maxleg = 337;
succ = array1d(1..100,[30, 46, 23, 49, 44, 69, 73, 6, 42, 13, 95, 52, 22, 45, 40, 94, 16, 10, 75, 18, 32, 12, 21, 86, 55, 56, 74, 41, 50, 47, 64, 87, 54, 4, 19, 100, 7, 15, 81, 24, 27, 82, 61, 2, 93, 59, 5, 85, 63, 51, 90, 80, 36, 70, 62, 43, 98, 89, 3, 20, 66, 39, 97, 11, 92, 53, 26, 1, 96, 9, 91, 37, 17, 14, 29, 35, 84, 79, 71, 31, 60, 38, 34, 33, 8, 48, 25, 83, 99, 58, 72, 57, 88, 76, 78, 65, 67, 68, 28, 77]);
% time elapsed: 15.53 s
----------
%%%mzn-stat: initTime=0.047704898
%%%mzn-stat: objective=336
%%%mzn-stat: nodes=63722
%%%mzn-stat: restarts=33
%%%mzn-stat: peakDepth=1984
%%%mzn-stat: solveTime=15.76913829
%%%mzn-stat: variables=3259
%%%mzn-stat: propagators=7686
%%%mzn-stat: failures=33717
%%%mzn-stat: propagations=17849803
%%%mzn-stat: nogoods=33717
%%%mzn-stat: AverageConflictSize=26.572589494913544
%%%mzn-stat: NumUnitNogoodsLearned=169
%%%mzn-stat: AverageLearnedNogoodLength=96.88029777263695
%%%mzn-stat: AverageBacktrackAmount=0
%%%mzn-stat: AverageLbd=19.05202123557849
%%%mzn-stat-end
maxleg = 336;
succ = array1d(1..100,[30, 46, 23, 49, 44, 69, 73, 6, 42, 13, 95, 52, 22, 45, 40, 94, 16, 10, 75, 18, 32, 12, 21, 86, 55, 56, 74, 41, 50, 47, 64, 87, 54, 4, 19, 100, 7, 15, 81, 24, 27, 82, 61, 2, 93, 59, 5, 85, 63, 51, 90, 80, 36, 70, 62, 43, 98, 89, 3, 20, 66, 39, 97, 11, 92, 53, 26, 1, 96, 9, 91, 37, 17, 14, 29, 35, 84, 79, 71, 31, 60, 38, 34, 33, 8, 48, 25, 83, 99, 58, 72, 57, 88, 76, 78, 65, 67, 68, 28, 77]);
% time elapsed: 17.62 s
----------
%%%mzn-stat: initTime=0.047704898
%%%mzn-stat: objective=335
%%%mzn-stat: nodes=85453
%%%mzn-stat: restarts=34
%%%mzn-stat: peakDepth=1984
%%%mzn-stat: solveTime=22.291322155
%%%mzn-stat: variables=3259
%%%mzn-stat: propagators=7686
%%%mzn-stat: failures=48573
%%%mzn-stat: propagations=24223677
%%%mzn-stat: nogoods=48573
%%%mzn-stat: AverageConflictSize=27.72398245939102
%%%mzn-stat: NumUnitNogoodsLearned=169
%%%mzn-stat: AverageLearnedNogoodLength=96.62845613818376
%%%mzn-stat: AverageBacktrackAmount=0
%%%mzn-stat: AverageLbd=17.35863545591172
%%%mzn-stat-end
maxleg = 335;
succ = array1d(1..100,[30, 46, 23, 49, 44, 69, 73, 6, 42, 13, 95, 52, 22, 45, 40, 94, 16, 10, 75, 18, 32, 12, 21, 86, 55, 56, 74, 41, 50, 47, 64, 87, 54, 4, 19, 100, 7, 15, 81, 24, 27, 82, 61, 2, 93, 59, 5, 85, 63, 51, 90, 80, 36, 70, 62, 43, 98, 89, 3, 20, 66, 39, 97, 11, 92, 53, 26, 1, 96, 9, 91, 37, 17, 14, 29, 35, 84, 79, 71, 31, 60, 38, 34, 33, 8, 48, 25, 83, 99, 58, 72, 57, 88, 76, 78, 65, 67, 68, 28, 77]);
% time elapsed: 24.15 s
----------
%%%mzn-stat: initTime=0.047704898
%%%mzn-stat: objective=334
%%%mzn-stat: nodes=92477
%%%mzn-stat: restarts=35
%%%mzn-stat: peakDepth=1984
%%%mzn-stat: solveTime=23.472699109
%%%mzn-stat: variables=3259
%%%mzn-stat: propagators=7686
%%%mzn-stat: failures=52159
%%%mzn-stat: propagations=25896498
%%%mzn-stat: nogoods=52159
%%%mzn-stat: AverageConflictSize=26.498494986483635
%%%mzn-stat: NumUnitNogoodsLearned=169
%%%mzn-stat: AverageLearnedNogoodLength=92.91405126632029
%%%mzn-stat: AverageBacktrackAmount=0
%%%mzn-stat: AverageLbd=17.00408366724822
%%%mzn-stat-end
maxleg = 334;
succ = array1d(1..100,[30, 46, 23, 49, 44, 69, 73, 6, 42, 13, 95, 52, 22, 45, 40, 94, 16, 10, 75, 18, 32, 12, 21, 86, 55, 56, 74, 41, 50, 47, 64, 87, 54, 4, 19, 100, 7, 15, 81, 24, 27, 82, 61, 2, 93, 59, 5, 85, 63, 51, 90, 80, 36, 70, 62, 43, 98, 89, 3, 20, 66, 39, 97, 11, 92, 53, 26, 1, 96, 9, 91, 37, 17, 14, 29, 35, 84, 79, 71, 31, 60, 38, 34, 33, 8, 48, 25, 83, 99, 58, 72, 57, 88, 76, 78, 65, 67, 68, 28, 77]);
% time elapsed: 25.34 s
----------
%%%mzn-stat: initTime=0.047704898
%%%mzn-stat: objective=333
%%%mzn-stat: nodes=95871
%%%mzn-stat: restarts=36
%%%mzn-stat: peakDepth=1984
%%%mzn-stat: solveTime=23.797632807
%%%mzn-stat: variables=3259
%%%mzn-stat: propagators=7686
%%%mzn-stat: failures=52820
%%%mzn-stat: propagations=26267536
%%%mzn-stat: nogoods=52820
%%%mzn-stat: AverageConflictSize=26.408216584627034
%%%mzn-stat: NumUnitNogoodsLearned=169
%%%mzn-stat: AverageLearnedNogoodLength=92.63267701628172
%%%mzn-stat: AverageBacktrackAmount=0
%%%mzn-stat: AverageLbd=16.93396440742143
%%%mzn-stat-end
maxleg = 333;
succ = array1d(1..100,[30, 46, 23, 49, 44, 69, 73, 6, 42, 13, 95, 52, 22, 45, 40, 94, 16, 10, 75, 18, 32, 12, 21, 86, 55, 56, 74, 41, 50, 47, 64, 87, 54, 4, 19, 100, 7, 15, 81, 24, 27, 82, 61, 2, 93, 59, 5, 85, 63, 51, 90, 80, 36, 70, 62, 43, 98, 89, 3, 20, 66, 39, 97, 11, 92, 53, 26, 1, 96, 9, 91, 37, 17, 14, 29, 35, 84, 79, 71, 31, 60, 38, 34, 33, 8, 48, 25, 83, 99, 58, 72, 57, 88, 76, 78, 65, 67, 68, 28, 77]);
% time elapsed: 25.69 s
----------
%%%mzn-stat: initTime=0.047704898
%%%mzn-stat: objective=332
%%%mzn-stat: nodes=98731
%%%mzn-stat: restarts=37
%%%mzn-stat: peakDepth=2003
%%%mzn-stat: solveTime=24.037896997
%%%mzn-stat: variables=3259
%%%mzn-stat: propagators=7686
%%%mzn-stat: failures=53182
%%%mzn-stat: propagations=26574892
%%%mzn-stat: nogoods=53182
%%%mzn-stat: AverageConflictSize=26.36749276070851
%%%mzn-stat: NumUnitNogoodsLearned=169
%%%mzn-stat: AverageLearnedNogoodLength=92.64944906171262
%%%mzn-stat: AverageBacktrackAmount=0
%%%mzn-stat: AverageLbd=16.931687413034485
%%%mzn-stat-end
maxleg = 332;
succ = array1d(1..100,[30, 46, 23, 49, 44, 69, 73, 6, 42, 13, 95, 52, 22, 45, 40, 94, 16, 10, 75, 18, 32, 12, 21, 86, 55, 56, 74, 41, 50, 47, 64, 87, 54, 4, 19, 100, 7, 15, 81, 24, 27, 82, 61, 2, 93, 59, 5, 85, 63, 51, 90, 80, 36, 70, 62, 43, 98, 89, 3, 20, 66, 39, 97, 11, 92, 53, 26, 1, 96, 9, 91, 37, 17, 14, 29, 35, 84, 79, 71, 31, 60, 38, 34, 33, 8, 48, 25, 83, 99, 58, 72, 57, 88, 76, 78, 65, 67, 68, 28, 77]);
% time elapsed: 25.93 s
----------
%%%mzn-stat: initTime=0.047704898
%%%mzn-stat: objective=331
%%%mzn-stat: nodes=108032
%%%mzn-stat: restarts=38
%%%mzn-stat: peakDepth=2003
%%%mzn-stat: solveTime=27.110292314
%%%mzn-stat: variables=3259
%%%mzn-stat: propagators=7686
%%%mzn-stat: failures=58494
%%%mzn-stat: propagations=28914197
%%%mzn-stat: nogoods=58494
%%%mzn-stat: AverageConflictSize=27.867097480083427
%%%mzn-stat: NumUnitNogoodsLearned=169
%%%mzn-stat: AverageLearnedNogoodLength=96.0061715731528
%%%mzn-stat: AverageBacktrackAmount=0
%%%mzn-stat: AverageLbd=16.717406913529594
%%%mzn-stat-end
maxleg = 331;
succ = array1d(1..100,[30, 46, 23, 49, 44, 69, 73, 6, 42, 13, 95, 52, 22, 45, 40, 94, 16, 10, 75, 18, 32, 12, 21, 86, 55, 56, 74, 41, 50, 47, 64, 87, 54, 4, 19, 100, 7, 15, 81, 24, 27, 82, 61, 2, 93, 59, 5, 85, 63, 51, 90, 80, 36, 70, 62, 43, 98, 89, 3, 20, 66, 39, 97, 11, 92, 53, 26, 1, 96, 9, 91, 37, 17, 14, 29, 35, 84, 79, 71, 31, 60, 38, 34, 33, 8, 48, 25, 83, 99, 58, 72, 57, 88, 76, 78, 65, 67, 68, 28, 77]);
% time elapsed: 29.01 s
----------
%%%mzn-stat: initTime=0.047704898
%%%mzn-stat: objective=330
%%%mzn-stat: nodes=114422
%%%mzn-stat: restarts=39
%%%mzn-stat: peakDepth=2003
%%%mzn-stat: solveTime=28.555552364
%%%mzn-stat: variables=3259
%%%mzn-stat: propagators=7686
%%%mzn-stat: failures=61492
%%%mzn-stat: propagations=30770973
%%%mzn-stat: nogoods=61492
%%%mzn-stat: AverageConflictSize=27.728777727184024
%%%mzn-stat: NumUnitNogoodsLearned=169
%%%mzn-stat: AverageLearnedNogoodLength=94.48656735835556
%%%mzn-stat: AverageBacktrackAmount=0
%%%mzn-stat: AverageLbd=16.539078254081833
%%%mzn-stat-end
maxleg = 330;
succ = array1d(1..100,[30, 46, 23, 49, 44, 69, 73, 6, 42, 13, 95, 52, 22, 45, 40, 94, 16, 10, 75, 18, 32, 12, 21, 86, 55, 56, 74, 41, 50, 47, 64, 87, 54, 4, 19, 100, 7, 15, 81, 24, 27, 82, 61, 2, 93, 59, 5, 85, 63, 51, 90, 80, 36, 70, 62, 43, 98, 89, 3, 20, 66, 39, 97, 11, 92, 53, 26, 1, 96, 9, 91, 37, 17, 14, 29, 35, 84, 79, 71, 31, 60, 38, 34, 33, 8, 48, 25, 83, 99, 58, 72, 57, 88, 76, 78, 65, 67, 68, 28, 77]);
% time elapsed: 30.47 s
----------
%%%mzn-stat: initTime=0.047704898
%%%mzn-stat: objective=329
%%%mzn-stat: nodes=117343
%%%mzn-stat: restarts=40
%%%mzn-stat: peakDepth=2003
%%%mzn-stat: solveTime=28.813572623
%%%mzn-stat: variables=3259
%%%mzn-stat: propagators=7686
%%%mzn-stat: failures=62080
%%%mzn-stat: propagations=31065910
%%%mzn-stat: nogoods=62080
%%%mzn-stat: AverageConflictSize=27.589513530927835
%%%mzn-stat: NumUnitNogoodsLearned=169
%%%mzn-stat: AverageLearnedNogoodLength=94.09484536082475
%%%mzn-stat: AverageBacktrackAmount=0
%%%mzn-stat: AverageLbd=16.534052835051547
%%%mzn-stat-end
maxleg = 329;
succ = array1d(1..100,[30, 46, 23, 49, 44, 69, 73, 6, 42, 13, 95, 52, 22, 45, 40, 94, 16, 10, 75, 18, 32, 12, 21, 86, 55, 56, 74, 41, 50, 47, 64, 87, 54, 4, 19, 100, 7, 15, 81, 24, 27, 82, 61, 2, 93, 59, 5, 85, 63, 51, 90, 80, 36, 70, 62, 43, 98, 89, 3, 20, 66, 39, 97, 11, 92, 53, 26, 1, 96, 9, 91, 37, 17, 14, 29, 35, 84, 79, 71, 31, 60, 38, 34, 33, 8, 48, 25, 83, 99, 58, 72, 57, 88, 76, 78, 65, 67, 68, 28, 77]);
% time elapsed: 30.73 s
----------
%%%mzn-stat: initTime=0.047704898
%%%mzn-stat: objective=328
%%%mzn-stat: nodes=120946
%%%mzn-stat: restarts=41
%%%mzn-stat: peakDepth=2003
%%%mzn-stat: solveTime=29.346148353
%%%mzn-stat: variables=3259
%%%mzn-stat: propagators=7686
%%%mzn-stat: failures=63198
%%%mzn-stat: propagations=31583654
%%%mzn-stat: nogoods=63198
%%%mzn-stat: AverageConflictSize=27.481550049052185
%%%mzn-stat: NumUnitNogoodsLearned=169
%%%mzn-stat: AverageLearnedNogoodLength=93.8647267318586
%%%mzn-stat: AverageBacktrackAmount=0
%%%mzn-stat: AverageLbd=16.45859046172347
%%%mzn-stat-end
maxleg = 328;
succ = array1d(1..100,[30, 46, 23, 49, 44, 69, 73, 6, 42, 13, 95, 52, 22, 45, 40, 94, 16, 10, 75, 18, 32, 12, 21, 86, 55, 56, 74, 41, 50, 47, 64, 87, 54, 4, 19, 100, 7, 15, 81, 24, 27, 82, 61, 2, 93, 59, 5, 85, 63, 51, 90, 80, 36, 70, 62, 43, 98, 89, 3, 20, 66, 39, 97, 11, 92, 53, 26, 1, 96, 9, 91, 37, 17, 14, 29, 35, 84, 79, 71, 31, 60, 38, 34, 33, 8, 48, 25, 83, 99, 58, 72, 57, 88, 76, 78, 65, 67, 68, 28, 77]);
% time elapsed: 31.28 s
----------
%%%mzn-stat: initTime=0.047704898
%%%mzn-stat: objective=327
%%%mzn-stat: nodes=123544
%%%mzn-stat: restarts=42
%%%mzn-stat: peakDepth=2003
%%%mzn-stat: solveTime=29.577196405
%%%mzn-stat: variables=3259
%%%mzn-stat: propagators=7686
%%%mzn-stat: failures=63519
%%%mzn-stat: propagations=31798355
%%%mzn-stat: nogoods=63519
%%%mzn-stat: AverageConflictSize=27.491758371510887
%%%mzn-stat: NumUnitNogoodsLearned=169
%%%mzn-stat: AverageLearnedNogoodLength=93.94526047324423
%%%mzn-stat: AverageBacktrackAmount=0
%%%mzn-stat: AverageLbd=16.447818762889845
%%%mzn-stat-end
maxleg = 327;
succ = array1d(1..100,[30, 46, 23, 49, 44, 69, 73, 6, 42, 13, 95, 52, 22, 45, 40, 94, 16, 10, 75, 18, 32, 12, 21, 86, 55, 56, 74, 41, 50, 47, 64, 87, 54, 4, 19, 100, 7, 15, 81, 24, 27, 82, 61, 2, 93, 59, 5, 85, 63, 51, 90, 80, 36, 70, 62, 43, 98, 89, 3, 20, 66, 39, 97, 11, 92, 53, 26, 1, 96, 9, 91, 37, 17, 14, 29, 35, 84, 79, 71, 31, 60, 38, 34, 33, 8, 48, 25, 83, 99, 58, 72, 57, 88, 76, 78, 65, 67, 68, 28, 77]);
% time elapsed: 31.52 s
----------
%%%mzn-stat: initTime=0.047704898
%%%mzn-stat: objective=326
%%%mzn-stat: nodes=126692
%%%mzn-stat: restarts=43
%%%mzn-stat: peakDepth=2003
%%%mzn-stat: solveTime=29.881792869999998
%%%mzn-stat: variables=3259
%%%mzn-stat: propagators=7686
%%%mzn-stat: failures=64347
%%%mzn-stat: propagations=32162069
%%%mzn-stat: nogoods=64347
%%%mzn-stat: AverageConflictSize=27.270377795390615
%%%mzn-stat: NumUnitNogoodsLearned=169
%%%mzn-stat: AverageLearnedNogoodLength=93.2420470262794
%%%mzn-stat: AverageBacktrackAmount=0
%%%mzn-stat: AverageLbd=16.397625374920352
%%%mzn-stat-end
maxleg = 326;
succ = array1d(1..100,[30, 46, 23, 49, 44, 69, 73, 6, 42, 13, 95, 52, 22, 45, 40, 94, 16, 10, 75, 18, 32, 12, 21, 86, 55, 56, 74, 41, 50, 47, 64, 87, 54, 4, 19, 100, 7, 15, 81, 24, 27, 82, 61, 2, 93, 59, 5, 85, 63, 51, 90, 80, 36, 70, 62, 43, 98, 89, 3, 20, 66, 39, 97, 11, 92, 53, 26, 1, 96, 9, 91, 37, 17, 14, 29, 35, 84, 79, 71, 31, 60, 38, 34, 33, 8, 48, 25, 83, 99, 58, 72, 57, 88, 76, 78, 65, 67, 68, 28, 77]);
% time elapsed: 31.83 s
----------
%%%mzn-stat: initTime=0.047704898
%%%mzn-stat: objective=325
%%%mzn-stat: nodes=129232
%%%mzn-stat: restarts=44
%%%mzn-stat: peakDepth=2030
%%%mzn-stat: solveTime=30.03954513
%%%mzn-stat: variables=3259
%%%mzn-stat: propagators=7686
%%%mzn-stat: failures=64612
%%%mzn-stat: propagations=32326441
%%%mzn-stat: nogoods=64612
%%%mzn-stat: AverageConflictSize=27.23896489816133
%%%mzn-stat: NumUnitNogoodsLearned=169
%%%mzn-stat: AverageLearnedNogoodLength=93.21314926019934
%%%mzn-stat: AverageBacktrackAmount=0
%%%mzn-stat: AverageLbd=16.400297158422585
%%%mzn-stat-end
maxleg = 325;
succ = array1d(1..100,[30, 46, 23, 49, 44, 69, 73, 6, 42, 13, 95, 52, 22, 45, 40, 94, 16, 10, 75, 18, 32, 12, 21, 86, 55, 56, 74, 41, 50, 47, 64, 87, 54, 4, 19, 100, 7, 15, 81, 24, 27, 82, 61, 2, 93, 59, 5, 85, 63, 51, 90, 80, 36, 70, 62, 43, 98, 89, 3, 20, 66, 39, 97, 11, 92, 53, 26, 1, 96, 9, 91, 37, 17, 14, 29, 35, 84, 79, 71, 31, 60, 38, 34, 33, 8, 48, 25, 83, 99, 58, 72, 57, 88, 76, 78, 65, 67, 68, 28, 77]);
% time elapsed: 32.00 s
----------
%%%mzn-stat: initTime=0.047704898
%%%mzn-stat: objective=324
%%%mzn-stat: nodes=133628
%%%mzn-stat: restarts=45
%%%mzn-stat: peakDepth=2030
%%%mzn-stat: solveTime=30.787311198
%%%mzn-stat: variables=3259
%%%mzn-stat: propagators=7686
%%%mzn-stat: failures=66384
%%%mzn-stat: propagations=33141827
%%%mzn-stat: nogoods=66384
%%%mzn-stat: AverageConflictSize=26.969962641600386
%%%mzn-stat: NumUnitNogoodsLearned=169
%%%mzn-stat: AverageLearnedNogoodLength=92.50632682574114
%%%mzn-stat: AverageBacktrackAmount=0
%%%mzn-stat: AverageLbd=16.293429139551698
%%%mzn-stat-end
maxleg = 324;
succ = array1d(1..100,[30, 46, 23, 49, 44, 69, 73, 6, 42, 13, 95, 52, 22, 45, 40, 94, 16, 10, 75, 18, 32, 12, 21, 86, 55, 56, 74, 41, 50, 47, 64, 87, 54, 4, 19, 100, 7, 15, 81, 24, 27, 82, 61, 2, 93, 59, 5, 85, 63, 51, 90, 80, 36, 70, 62, 43, 98, 89, 3, 20, 66, 39, 97, 11, 92, 53, 26, 1, 96, 9, 91, 37, 17, 14, 29, 35, 84, 79, 71, 31, 60, 38, 34, 33, 8, 48, 25, 83, 99, 58, 72, 57, 88, 76, 78, 65, 67, 68, 28, 77]);
% time elapsed: 32.75 s
----------
%%%mzn-stat: initTime=0.047704898
%%%mzn-stat: objective=323
%%%mzn-stat: nodes=136975
%%%mzn-stat: restarts=46
%%%mzn-stat: peakDepth=2030
%%%mzn-stat: solveTime=31.180591471
%%%mzn-stat: variables=3259
%%%mzn-stat: propagators=7686
%%%mzn-stat: failures=67091
%%%mzn-stat: propagations=33488467
%%%mzn-stat: nogoods=67091
%%%mzn-stat: AverageConflictSize=27.06552294644587
%%%mzn-stat: NumUnitNogoodsLearned=169
%%%mzn-stat: AverageLearnedNogoodLength=92.71493941065121
%%%mzn-stat: AverageBacktrackAmount=0
%%%mzn-stat: AverageLbd=16.277414258246264
%%%mzn-stat-end
maxleg = 323;
succ = array1d(1..100,[30, 46, 23, 49, 44, 69, 73, 6, 42, 13, 95, 52, 22, 45, 40, 94, 16, 10, 75, 18, 32, 12, 21, 86, 55, 56, 74, 41, 50, 47, 64, 87, 54, 4, 19, 100, 7, 15, 81, 24, 27, 82, 61, 2, 93, 59, 5, 85, 63, 51, 90, 80, 36, 70, 62, 43, 98, 89, 3, 20, 66, 39, 97, 11, 92, 53, 26, 1, 96, 9, 91, 37, 17, 14, 29, 35, 84, 79, 71, 31, 60, 38, 34, 33, 8, 48, 25, 83, 99, 58, 72, 57, 88, 76, 78, 65, 67, 68, 28, 77]);
% time elapsed: 33.16 s
----------
%%%mzn-stat: initTime=0.047704898
%%%mzn-stat: objective=322
%%%mzn-stat: nodes=139912
%%%mzn-stat: restarts=48
%%%mzn-stat: peakDepth=2030
%%%mzn-stat: solveTime=31.307362642
%%%mzn-stat: variables=3259
%%%mzn-stat: propagators=7686
%%%mzn-stat: failures=67276
%%%mzn-stat: propagations=33626669
%%%mzn-stat: nogoods=67276
%%%mzn-stat: AverageConflictSize=27.01914501456686
%%%mzn-stat: NumUnitNogoodsLearned=169
%%%mzn-stat: AverageLearnedNogoodLength=92.62662762352102
%%%mzn-stat: AverageBacktrackAmount=0
%%%mzn-stat: AverageLbd=16.286105000297283
%%%mzn-stat-end
maxleg = 322;
succ = array1d(1..100,[30, 46, 23, 49, 44, 69, 73, 6, 42, 13, 95, 52, 22, 45, 40, 94, 16, 10, 75, 18, 32, 12, 21, 86, 55, 56, 74, 41, 50, 47, 64, 87, 54, 4, 19, 100, 7, 15, 81, 24, 27, 82, 61, 2, 93, 59, 5, 85, 51, 88, 90, 80, 36, 70, 62, 43, 98, 89, 3, 20, 66, 39, 97, 11, 92, 53, 26, 1, 96, 9, 91, 37, 17, 14, 29, 35, 84, 79, 71, 31, 60, 38, 34, 33, 8, 48, 25, 83, 99, 58, 72, 57, 63, 76, 78, 65, 67, 68, 28, 77]);
% time elapsed: 33.29 s
----------
%%%mzn-stat: initTime=0.047704898
%%%mzn-stat: objective=321
%%%mzn-stat: nodes=142023
%%%mzn-stat: restarts=49
%%%mzn-stat: peakDepth=2030
%%%mzn-stat: solveTime=31.377659445
%%%mzn-stat: variables=3259
%%%mzn-stat: propagators=7686
%%%mzn-stat: failures=67352
%%%mzn-stat: propagations=33692170
%%%mzn-stat: nogoods=67352
%%%mzn-stat: AverageConflictSize=27.011670032070317
%%%mzn-stat: NumUnitNogoodsLearned=169
%%%mzn-stat: AverageLearnedNogoodLength=92.64005523221286
%%%mzn-stat: AverageBacktrackAmount=0
%%%mzn-stat: AverageLbd=16.289538543770043
%%%mzn-stat-end
maxleg = 321;
succ = array1d(1..100,[30, 46, 23, 49, 44, 69, 73, 6, 42, 13, 95, 52, 22, 45, 40, 94, 16, 10, 75, 18, 32, 12, 21, 86, 55, 56, 74, 41, 50, 47, 64, 87, 54, 4, 19, 100, 7, 15, 81, 24, 27, 82, 61, 2, 93, 59, 5, 85, 51, 88, 90, 80, 36, 70, 62, 43, 98, 89, 3, 20, 66, 39, 97, 11, 92, 53, 26, 1, 96, 9, 91, 37, 17, 14, 29, 35, 84, 79, 71, 31, 60, 38, 34, 33, 8, 48, 25, 83, 99, 58, 72, 57, 63, 76, 78, 65, 67, 68, 28, 77]);
% time elapsed: 33.37 s
----------
%%%mzn-stat: initTime=0.047704898
%%%mzn-stat: objective=320
%%%mzn-stat: nodes=145288
%%%mzn-stat: restarts=50
%%%mzn-stat: peakDepth=2030
%%%mzn-stat: solveTime=31.726597355
%%%mzn-stat: variables=3259
%%%mzn-stat: propagators=7686
%%%mzn-stat: failures=68104
%%%mzn-stat: propagations=34097092
%%%mzn-stat: nogoods=68104
%%%mzn-stat: AverageConflictSize=26.86896511218137
%%%mzn-stat: NumUnitNogoodsLearned=169
%%%mzn-stat: AverageLearnedNogoodLength=92.20709503112886
%%%mzn-stat: AverageBacktrackAmount=0
%%%mzn-stat: AverageLbd=16.25663690825796
%%%mzn-stat-end
maxleg = 320;
succ = array1d(1..100,[30, 46, 23, 49, 44, 69, 73, 6, 42, 13, 95, 52, 22, 45, 40, 94, 16, 10, 75, 18, 32, 12, 21, 86, 55, 56, 74, 41, 50, 47, 64, 87, 54, 4, 19, 100, 7, 15, 81, 24, 27, 82, 61, 2, 93, 59, 5, 85, 51, 88, 90, 80, 36, 70, 62, 43, 98, 89, 3, 20, 66, 39, 97, 11, 92, 53, 26, 1, 96, 9, 91, 37, 17, 14, 29, 35, 84, 79, 71, 31, 60, 38, 34, 33, 8, 48, 25, 83, 99, 58, 72, 57, 63, 76, 78, 65, 67, 68, 28, 77]);
% time elapsed: 33.73 s
----------
%%%mzn-stat: initTime=0.047704898
%%%mzn-stat: objective=319
%%%mzn-stat: nodes=152725
%%%mzn-stat: restarts=51
%%%mzn-stat: peakDepth=2030
%%%mzn-stat: solveTime=33.34809577
%%%mzn-stat: variables=3259
%%%mzn-stat: propagators=7686
%%%mzn-stat: failures=72073
%%%mzn-stat: propagations=35507366
%%%mzn-stat: nogoods=72073
%%%mzn-stat: AverageConflictSize=26.55533972500104
%%%mzn-stat: NumUnitNogoodsLearned=169
%%%mzn-stat: AverageLearnedNogoodLength=90.88984779320967
%%%mzn-stat: AverageBacktrackAmount=0
%%%mzn-stat: AverageLbd=16.06544753236302
%%%mzn-stat-end
maxleg = 319;
succ = array1d(1..100,[30, 46, 23, 49, 44, 69, 73, 6, 42, 13, 95, 52, 22, 45, 40, 94, 16, 10, 75, 18, 32, 12, 21, 86, 55, 56, 74, 41, 50, 47, 64, 87, 54, 4, 19, 100, 7, 15, 81, 24, 27, 82, 61, 2, 93, 59, 5, 85, 51, 88, 90, 80, 36, 70, 62, 43, 98, 89, 3, 20, 66, 39, 97, 11, 92, 53, 26, 1, 96, 9, 91, 37, 17, 14, 29, 35, 84, 79, 71, 31, 60, 38, 34, 33, 8, 48, 25, 83, 99, 58, 72, 57, 63, 76, 78, 65, 67, 68, 28, 77]);
% time elapsed: 35.37 s
----------
%%%mzn-stat: initTime=0.047704898
%%%mzn-stat: objective=316
%%%mzn-stat: nodes=159080
%%%mzn-stat: restarts=53
%%%mzn-stat: peakDepth=2030
%%%mzn-stat: solveTime=35.060888556
%%%mzn-stat: variables=3259
%%%mzn-stat: propagators=7686
%%%mzn-stat: failures=74747
%%%mzn-stat: propagations=36986058
%%%mzn-stat: nogoods=74747
%%%mzn-stat: AverageConflictSize=26.921816260184354
%%%mzn-stat: NumUnitNogoodsLearned=169
%%%mzn-stat: AverageLearnedNogoodLength=92.17385313122935
%%%mzn-stat: AverageBacktrackAmount=0
%%%mzn-stat: AverageLbd=16.051025459215754
%%%mzn-stat-end
maxleg = 316;
succ = array1d(1..100,[30, 46, 23, 49, 44, 69, 73, 6, 42, 13, 95, 52, 22, 45, 40, 94, 16, 10, 75, 18, 32, 12, 21, 86, 55, 56, 74, 41, 50, 47, 64, 87, 54, 4, 19, 100, 17, 15, 81, 24, 27, 82, 61, 2, 93, 59, 5, 85, 51, 88, 90, 80, 36, 70, 62, 43, 98, 89, 3, 20, 66, 39, 97, 11, 92, 53, 26, 1, 96, 9, 91, 37, 72, 14, 29, 35, 84, 79, 71, 31, 60, 38, 34, 33, 8, 48, 25, 83, 99, 58, 7, 57, 63, 76, 78, 65, 67, 68, 28, 77]);
% time elapsed: 37.09 s
----------
%%%mzn-stat: initTime=0.047704898
%%%mzn-stat: objective=315
%%%mzn-stat: nodes=161663
%%%mzn-stat: restarts=54
%%%mzn-stat: peakDepth=2030
%%%mzn-stat: solveTime=35.23690931
%%%mzn-stat: variables=3259
%%%mzn-stat: propagators=7686
%%%mzn-stat: failures=74957
%%%mzn-stat: propagations=37128985
%%%mzn-stat: nogoods=74957
%%%mzn-stat: AverageConflictSize=26.955667916271995
%%%mzn-stat: NumUnitNogoodsLearned=169
%%%mzn-stat: AverageLearnedNogoodLength=92.26533879424203
%%%mzn-stat: AverageBacktrackAmount=0
%%%mzn-stat: AverageLbd=16.05269687954427
%%%mzn-stat-end
maxleg = 315;
succ = array1d(1..100,[30, 46, 23, 49, 27, 69, 73, 6, 42, 13, 95, 52, 22, 45, 40, 44, 16, 10, 60, 28, 32, 12, 21, 86, 55, 53, 74, 41, 50, 47, 64, 87, 54, 4, 19, 100, 17, 15, 81, 24, 18, 82, 51, 2, 83, 59, 5, 85, 88, 94, 75, 80, 61, 70, 62, 36, 98, 89, 3, 20, 66, 39, 97, 11, 93, 56, 43, 1, 96, 9, 91, 37, 72, 14, 29, 35, 84, 79, 71, 31, 92, 38, 34, 33, 8, 48, 25, 90, 99, 58, 7, 57, 63, 76, 78, 65, 67, 68, 26, 77]);
% time elapsed: 37.28 s
----------
%%%mzn-stat: initTime=0.047704898
%%%mzn-stat: objective=314
%%%mzn-stat: nodes=164400
%%%mzn-stat: restarts=55
%%%mzn-stat: peakDepth=2030
%%%mzn-stat: solveTime=35.495983168
%%%mzn-stat: variables=3259
%%%mzn-stat: propagators=7686
%%%mzn-stat: failures=75348
%%%mzn-stat: propagations=37344378
%%%mzn-stat: nogoods=75348
%%%mzn-stat: AverageConflictSize=27.000716674629718
%%%mzn-stat: NumUnitNogoodsLearned=169
%%%mzn-stat: AverageLearnedNogoodLength=92.39569729787121
%%%mzn-stat: AverageBacktrackAmount=0
%%%mzn-stat: AverageLbd=16.050286669851886
%%%mzn-stat-end
maxleg = 314;
succ = array1d(1..100,[30, 46, 23, 49, 27, 69, 73, 6, 42, 13, 95, 52, 22, 45, 40, 44, 16, 10, 60, 28, 32, 12, 21, 86, 55, 53, 74, 41, 50, 47, 64, 87, 54, 4, 19, 100, 17, 15, 81, 24, 18, 82, 51, 2, 83, 59, 5, 85, 88, 94, 75, 80, 61, 70, 62, 36, 98, 89, 3, 20, 66, 39, 97, 11, 93, 56, 43, 1, 96, 9, 91, 37, 72, 14, 29, 35, 84, 79, 71, 31, 92, 38, 34, 33, 8, 48, 25, 90, 99, 58, 7, 57, 63, 76, 78, 65, 67, 68, 26, 77]);
% time elapsed: 37.54 s
----------
%%%mzn-stat: initTime=0.047704898
%%%mzn-stat: objective=310
%%%mzn-stat: nodes=166923
%%%mzn-stat: restarts=57
%%%mzn-stat: peakDepth=2030
%%%mzn-stat: solveTime=35.61066716
%%%mzn-stat: variables=3259
%%%mzn-stat: propagators=7686
%%%mzn-stat: failures=75496
%%%mzn-stat: propagations=37465446
%%%mzn-stat: nogoods=75496
%%%mzn-stat: AverageConflictSize=26.957706368549328
%%%mzn-stat: NumUnitNogoodsLearned=169
%%%mzn-stat: AverageLearnedNogoodLength=92.35150206633465
%%%mzn-stat: AverageBacktrackAmount=0
%%%mzn-stat: AverageLbd=16.078944579845288
%%%mzn-stat-end
maxleg = 310;
succ = array1d(1..100,[30, 46, 8, 49, 27, 69, 73, 6, 42, 13, 95, 52, 32, 45, 40, 44, 16, 21, 60, 10, 23, 12, 22, 86, 55, 53, 74, 41, 50, 47, 64, 87, 54, 4, 19, 100, 17, 15, 81, 24, 18, 82, 51, 2, 83, 59, 5, 85, 88, 94, 75, 80, 61, 70, 62, 36, 98, 89, 3, 20, 66, 39, 97, 11, 93, 56, 43, 1, 96, 9, 91, 37, 72, 14, 29, 35, 84, 79, 71, 31, 92, 38, 34, 33, 28, 48, 25, 90, 99, 58, 7, 57, 63, 76, 78, 65, 67, 68, 26, 77]);
% time elapsed: 37.67 s
----------
%%%mzn-stat: initTime=0.047704898
%%%mzn-stat: objective=301
%%%mzn-stat: nodes=169941
%%%mzn-stat: restarts=59
%%%mzn-stat: peakDepth=2030
%%%mzn-stat: solveTime=35.877753451
%%%mzn-stat: variables=3259
%%%mzn-stat: propagators=7686
%%%mzn-stat: failures=75933
%%%mzn-stat: propagations=37760845
%%%mzn-stat: nogoods=75933
%%%mzn-stat: AverageConflictSize=26.89316897791474
%%%mzn-stat: NumUnitNogoodsLearned=169
%%%mzn-stat: AverageLearnedNogoodLength=92.23437767505564
%%%mzn-stat: AverageBacktrackAmount=0
%%%mzn-stat: AverageLbd=16.085101339338628
%%%mzn-stat-end
maxleg = 301;
succ = array1d(1..100,[30, 46, 8, 49, 27, 69, 73, 6, 42, 59, 95, 52, 32, 45, 40, 44, 16, 21, 60, 10, 23, 12, 22, 86, 55, 67, 74, 41, 50, 47, 64, 87, 54, 4, 19, 100, 17, 15, 81, 24, 18, 82, 51, 2, 83, 13, 5, 85, 88, 94, 75, 80, 61, 70, 62, 36, 98, 89, 3, 20, 66, 39, 97, 11, 93, 56, 43, 1, 96, 9, 91, 37, 72, 14, 29, 35, 84, 79, 71, 31, 92, 38, 34, 33, 28, 48, 25, 90, 99, 58, 7, 57, 63, 76, 78, 65, 53, 68, 26, 77]);
% time elapsed: 37.95 s
----------
%%%mzn-stat: initTime=0.047704898
%%%mzn-stat: objective=299
%%%mzn-stat: nodes=174573
%%%mzn-stat: restarts=61
%%%mzn-stat: peakDepth=2030
%%%mzn-stat: solveTime=36.549737393
%%%mzn-stat: variables=3259
%%%mzn-stat: propagators=7686
%%%mzn-stat: failures=77507
%%%mzn-stat: propagations=38514107
%%%mzn-stat: nogoods=77507
%%%mzn-stat: AverageConflictSize=26.681190086056745
%%%mzn-stat: NumUnitNogoodsLearned=169
%%%mzn-stat: AverageLearnedNogoodLength=91.63373630768834
%%%mzn-stat: AverageBacktrackAmount=0
%%%mzn-stat: AverageLbd=16.049892267795165
%%%mzn-stat-end
maxleg = 299;
succ = array1d(1..100,[30, 46, 8, 49, 27, 69, 73, 6, 42, 59, 95, 52, 32, 45, 40, 44, 7, 21, 60, 10, 23, 12, 22, 86, 55, 67, 74, 41, 50, 47, 64, 87, 54, 4, 19, 100, 16, 15, 81, 24, 18, 82, 51, 2, 83, 13, 5, 85, 88, 94, 75, 80, 61, 70, 62, 36, 98, 89, 3, 20, 66, 39, 97, 11, 93, 56, 43, 1, 96, 9, 91, 37, 72, 14, 29, 35, 84, 79, 71, 31, 92, 38, 34, 33, 28, 48, 25, 90, 99, 58, 17, 57, 63, 76, 78, 65, 53, 68, 26, 77]);
% time elapsed: 38.63 s
----------
%%%mzn-stat: initTime=0.047704898
%%%mzn-stat: objective=298
%%%mzn-stat: nodes=179041
%%%mzn-stat: restarts=63
%%%mzn-stat: peakDepth=2030
%%%mzn-stat: solveTime=36.981823892
%%%mzn-stat: variables=3259
%%%mzn-stat: propagators=7686
%%%mzn-stat: failures=78619
%%%mzn-stat: propagations=39149328
%%%mzn-stat: nogoods=78619
%%%mzn-stat: AverageConflictSize=26.50384767041046
%%%mzn-stat: NumUnitNogoodsLearned=169
%%%mzn-stat: AverageLearnedNogoodLength=91.19899769775753
%%%mzn-stat: AverageBacktrackAmount=0
%%%mzn-stat: AverageLbd=16.039214439257687
%%%mzn-stat-end
maxleg = 298;
succ = array1d(1..100,[30, 46, 8, 49, 27, 66, 73, 6, 42, 59, 95, 52, 32, 45, 40, 44, 7, 21, 60, 10, 23, 12, 22, 86, 55, 67, 74, 41, 50, 47, 64, 87, 84, 4, 19, 100, 16, 15, 81, 24, 18, 77, 51, 2, 83, 13, 5, 85, 88, 94, 75, 80, 61, 70, 62, 36, 98, 89, 3, 20, 99, 39, 97, 11, 69, 56, 43, 1, 96, 9, 91, 37, 72, 14, 29, 35, 82, 79, 71, 31, 92, 38, 34, 54, 28, 48, 25, 90, 93, 58, 17, 57, 63, 76, 78, 33, 53, 68, 26, 65]);
% time elapsed: 39.07 s
----------
%%%mzn-stat: initTime=0.047704898
%%%mzn-stat: objective=297
%%%mzn-stat: nodes=182034
%%%mzn-stat: restarts=64
%%%mzn-stat: peakDepth=2030
%%%mzn-stat: solveTime=37.237470531
%%%mzn-stat: variables=3259
%%%mzn-stat: propagators=7686
%%%mzn-stat: failures=79212
%%%mzn-stat: propagations=39486628
%%%mzn-stat: nogoods=79212
%%%mzn-stat: AverageConflictSize=26.448972377922537
%%%mzn-stat: NumUnitNogoodsLearned=169
%%%mzn-stat: AverageLearnedNogoodLength=91.06733828207847
%%%mzn-stat: AverageBacktrackAmount=0
%%%mzn-stat: AverageLbd=16.030058576983286
%%%mzn-stat-end
maxleg = 297;
succ = array1d(1..100,[30, 46, 8, 49, 27, 66, 73, 6, 42, 59, 95, 52, 32, 45, 40, 44, 7, 21, 60, 10, 23, 12, 22, 86, 55, 67, 74, 41, 50, 47, 64, 87, 84, 4, 19, 100, 16, 15, 81, 24, 18, 77, 51, 2, 83, 13, 5, 85, 88, 94, 75, 80, 61, 70, 62, 36, 98, 89, 3, 20, 99, 39, 97, 11, 69, 56, 43, 1, 96, 9, 91, 37, 72, 14, 29, 35, 82, 79, 71, 31, 92, 38, 34, 54, 28, 48, 25, 90, 93, 58, 17, 57, 63, 76, 78, 33, 53, 68, 26, 65]);
% time elapsed: 39.34 s
----------
%%%mzn-stat: initTime=0.047704898
%%%mzn-stat: objective=296
%%%mzn-stat: nodes=184451
%%%mzn-stat: restarts=65
%%%mzn-stat: peakDepth=2030
%%%mzn-stat: solveTime=37.398037175
%%%mzn-stat: variables=3259
%%%mzn-stat: propagators=7686
%%%mzn-stat: failures=79425
%%%mzn-stat: propagations=39603956
%%%mzn-stat: nogoods=79425
%%%mzn-stat: AverageConflictSize=26.514510544538872
%%%mzn-stat: NumUnitNogoodsLearned=169
%%%mzn-stat: AverageLearnedNogoodLength=91.18448851117407
%%%mzn-stat: AverageBacktrackAmount=0
%%%mzn-stat: AverageLbd=16.027837582625118
%%%mzn-stat-end
maxleg = 296;
succ = array1d(1..100,[30, 46, 8, 49, 27, 66, 73, 6, 42, 59, 95, 52, 32, 45, 40, 44, 7, 21, 60, 10, 23, 12, 22, 86, 55, 67, 74, 41, 50, 47, 64, 87, 84, 4, 19, 100, 16, 15, 81, 24, 18, 77, 51, 2, 83, 13, 5, 85, 88, 94, 75, 80, 61, 70, 62, 36, 98, 89, 3, 20, 99, 39, 97, 11, 69, 56, 43, 1, 96, 9, 91, 37, 72, 14, 29, 35, 82, 79, 71, 31, 92, 38, 34, 54, 28, 48, 25, 90, 93, 58, 17, 57, 63, 76, 78, 33, 53, 68, 26, 65]);
% time elapsed: 39.51 s
----------
%%%mzn-stat: initTime=0.047704898
%%%mzn-stat: objective=295
%%%mzn-stat: nodes=189789
%%%mzn-stat: restarts=66
%%%mzn-stat: peakDepth=2030
%%%mzn-stat: solveTime=38.39648554
%%%mzn-stat: variables=3259
%%%mzn-stat: propagators=7686
%%%mzn-stat: failures=81832
%%%mzn-stat: propagations=40650313
%%%mzn-stat: nogoods=81832
%%%mzn-stat: AverageConflictSize=26.271593019845536
%%%mzn-stat: NumUnitNogoodsLearned=169
%%%mzn-stat: AverageLearnedNogoodLength=90.55803353211458
%%%mzn-stat: AverageBacktrackAmount=0
%%%mzn-stat: AverageLbd=16.005083585883273
%%%mzn-stat-end
maxleg = 295;
succ = array1d(1..100,[30, 46, 8, 49, 27, 66, 73, 6, 42, 59, 95, 52, 32, 45, 40, 44, 7, 21, 60, 10, 23, 12, 22, 86, 55, 67, 74, 41, 50, 47, 64, 87, 84, 4, 19, 100, 16, 15, 81, 24, 18, 77, 51, 2, 83, 13, 5, 85, 88, 94, 75, 80, 61, 70, 62, 36, 98, 89, 3, 20, 99, 39, 97, 11, 69, 56, 43, 1, 96, 9, 91, 37, 72, 14, 29, 35, 82, 79, 71, 31, 92, 38, 34, 54, 28, 48, 25, 90, 93, 58, 17, 57, 63, 76, 78, 33, 53, 68, 26, 65]);
% time elapsed: 40.52 s
----------
%%%mzn-stat: initTime=0.047704898
%%%mzn-stat: objective=294
%%%mzn-stat: nodes=192177
%%%mzn-stat: restarts=67
%%%mzn-stat: peakDepth=2030
%%%mzn-stat: solveTime=38.486125703
%%%mzn-stat: variables=3259
%%%mzn-stat: propagators=7686
%%%mzn-stat: failures=81937
%%%mzn-stat: propagations=40740973
%%%mzn-stat: nogoods=81937
%%%mzn-stat: AverageConflictSize=26.25952866226491
%%%mzn-stat: NumUnitNogoodsLearned=169
%%%mzn-stat: AverageLearnedNogoodLength=90.54419859160086
%%%mzn-stat: AverageBacktrackAmount=0
%%%mzn-stat: AverageLbd=16.00929982791657
%%%mzn-stat-end
maxleg = 294;
succ = array1d(1..100,[30, 46, 8, 49, 27, 66, 73, 6, 42, 59, 95, 52, 32, 45, 40, 44, 7, 21, 60, 10, 23, 12, 22, 86, 55, 67, 74, 41, 50, 47, 64, 87, 84, 4, 19, 100, 16, 15, 81, 24, 18, 77, 51, 2, 83, 13, 5, 85, 88, 94, 75, 80, 61, 70, 62, 36, 98, 89, 3, 20, 99, 39, 97, 11, 69, 56, 43, 1, 96, 9, 91, 37, 72, 14, 29, 35, 82, 79, 71, 31, 92, 38, 34, 54, 28, 48, 25, 90, 93, 58, 17, 57, 63, 76, 78, 33, 53, 68, 26, 65]);
% time elapsed: 40.62 s
----------
%%%mzn-stat: initTime=0.047704898
%%%mzn-stat: objective=293
%%%mzn-stat: nodes=195924
%%%mzn-stat: restarts=68
%%%mzn-stat: peakDepth=2030
%%%mzn-stat: solveTime=38.934617396
%%%mzn-stat: variables=3259
%%%mzn-stat: propagators=7686
%%%mzn-stat: failures=83061
%%%mzn-stat: propagations=41376296
%%%mzn-stat: nogoods=83061
%%%mzn-stat: AverageConflictSize=26.151105813799497
%%%mzn-stat: NumUnitNogoodsLearned=169
%%%mzn-stat: AverageLearnedNogoodLength=90.18657372292652
%%%mzn-stat: AverageBacktrackAmount=0
%%%mzn-stat: AverageLbd=15.976631632173945
%%%mzn-stat-end
maxleg = 293;
succ = array1d(1..100,[30, 46, 8, 49, 27, 66, 73, 6, 42, 59, 95, 52, 32, 45, 40, 44, 7, 21, 60, 10, 23, 12, 22, 86, 55, 67, 74, 41, 50, 47, 64, 87, 84, 4, 19, 100, 16, 15, 81, 24, 18, 77, 51, 2, 83, 13, 5, 85, 88, 94, 75, 80, 61, 70, 62, 36, 98, 89, 3, 20, 99, 39, 97, 11, 69, 56, 43, 1, 96, 9, 91, 37, 72, 14, 29, 35, 82, 79, 71, 31, 92, 38, 34, 54, 28, 48, 25, 90, 93, 58, 17, 57, 63, 76, 78, 33, 53, 68, 26, 65]);
% time elapsed: 41.08 s
----------
%%%mzn-stat: initTime=0.047704898
%%%mzn-stat: objective=292
%%%mzn-stat: nodes=198097
%%%mzn-stat: restarts=69
%%%mzn-stat: peakDepth=2030
%%%mzn-stat: solveTime=39.034065868
%%%mzn-stat: variables=3259
%%%mzn-stat: propagators=7686
%%%mzn-stat: failures=83180
%%%mzn-stat: propagations=41468282
%%%mzn-stat: nogoods=83180
%%%mzn-stat: AverageConflictSize=26.154460206780477
%%%mzn-stat: NumUnitNogoodsLearned=169
%%%mzn-stat: AverageLearnedNogoodLength=90.21374128396249
%%%mzn-stat: AverageBacktrackAmount=0
%%%mzn-stat: AverageLbd=15.979634527530656
%%%mzn-stat-end
maxleg = 292;
succ = array1d(1..100,[30, 46, 8, 49, 27, 66, 73, 6, 42, 59, 95, 52, 32, 45, 40, 44, 7, 21, 60, 10, 23, 12, 22, 86, 55, 67, 74, 41, 50, 47, 64, 87, 84, 4, 19, 100, 16, 15, 81, 24, 18, 77, 51, 2, 83, 13, 5, 85, 88, 94, 75, 80, 61, 70, 62, 36, 98, 89, 3, 20, 99, 39, 97, 11, 69, 56, 43, 1, 96, 9, 91, 37, 72, 14, 29, 35, 82, 79, 71, 31, 92, 38, 34, 54, 28, 48, 25, 90, 93, 58, 17, 57, 63, 76, 78, 33, 53, 68, 26, 65]);
% time elapsed: 41.19 s
----------
%%%mzn-stat: initTime=0.047704898
%%%mzn-stat: objective=291
%%%mzn-stat: nodes=200976
%%%mzn-stat: restarts=70
%%%mzn-stat: peakDepth=2030
%%%mzn-stat: solveTime=39.44571918
%%%mzn-stat: variables=3259
%%%mzn-stat: propagators=7686
%%%mzn-stat: failures=83726
%%%mzn-stat: propagations=41792563
%%%mzn-stat: nogoods=83726
%%%mzn-stat: AverageConflictSize=26.2132312543296
%%%mzn-stat: NumUnitNogoodsLearned=169
%%%mzn-stat: AverageLearnedNogoodLength=90.46427632993336
%%%mzn-stat: AverageBacktrackAmount=0
%%%mzn-stat: AverageLbd=15.973138571053198
%%%mzn-stat-end
maxleg = 291;
succ = array1d(1..100,[30, 46, 8, 49, 27, 66, 73, 6, 42, 59, 95, 52, 32, 45, 40, 44, 7, 21, 60, 10, 23, 12, 22, 86, 55, 67, 74, 41, 50, 47, 64, 87, 84, 4, 19, 100, 16, 15, 81, 24, 18, 77, 51, 2, 83, 13, 5, 85, 88, 94, 75, 80, 61, 70, 62, 36, 98, 89, 3, 20, 99, 39, 97, 11, 69, 56, 43, 1, 96, 9, 91, 37, 72, 14, 29, 35, 82, 79, 71, 31, 92, 38, 34, 54, 28, 48, 25, 90, 93, 58, 17, 57, 63, 76, 78, 33, 53, 68, 26, 65]);
% time elapsed: 41.61 s
----------
%%%mzn-stat: initTime=0.047704898
%%%mzn-stat: objective=290
%%%mzn-stat: nodes=203151
%%%mzn-stat: restarts=71
%%%mzn-stat: peakDepth=2030
%%%mzn-stat: solveTime=39.532544302
%%%mzn-stat: variables=3259
%%%mzn-stat: propagators=7686
%%%mzn-stat: failures=83845
%%%mzn-stat: propagations=41883744
%%%mzn-stat: nogoods=83845
%%%mzn-stat: AverageConflictSize=26.19624306756515
%%%mzn-stat: NumUnitNogoodsLearned=169
%%%mzn-stat: AverageLearnedNogoodLength=90.43248852048423
%%%mzn-stat: AverageBacktrackAmount=0
%%%mzn-stat: AverageLbd=15.975788657642077
%%%mzn-stat-end
maxleg = 290;
succ = array1d(1..100,[30, 46, 8, 49, 27, 66, 73, 6, 42, 59, 95, 52, 32, 45, 40, 44, 7, 21, 60, 10, 23, 12, 22, 86, 55, 67, 74, 41, 50, 47, 64, 87, 84, 4, 19, 100, 16, 15, 81, 24, 18, 77, 51, 2, 83, 13, 5, 85, 88, 94, 75, 80, 61, 70, 62, 36, 98, 89, 3, 20, 99, 39, 97, 11, 69, 56, 43, 1, 96, 9, 91, 37, 72, 14, 29, 35, 82, 79, 71, 31, 92, 38, 34, 54, 28, 48, 25, 90, 93, 58, 17, 57, 63, 76, 78, 33, 53, 68, 26, 65]);
% time elapsed: 41.71 s
----------
%%%mzn-stat: initTime=0.047704898
%%%mzn-stat: objective=289
%%%mzn-stat: nodes=205588
%%%mzn-stat: restarts=72
%%%mzn-stat: peakDepth=2030
%%%mzn-stat: solveTime=39.748531707
%%%mzn-stat: variables=3259
%%%mzn-stat: propagators=7686
%%%mzn-stat: failures=84206
%%%mzn-stat: propagations=42130895
%%%mzn-stat: nogoods=84206
%%%mzn-stat: AverageConflictSize=26.193430396883834
%%%mzn-stat: NumUnitNogoodsLearned=169
%%%mzn-stat: AverageLearnedNogoodLength=90.47623684773056
%%%mzn-stat: AverageBacktrackAmount=0
%%%mzn-stat: AverageLbd=15.979538275182291
%%%mzn-stat-end
maxleg = 289;
succ = array1d(1..100,[30, 46, 8, 49, 27, 66, 73, 6, 42, 59, 95, 52, 32, 45, 40, 44, 7, 21, 60, 10, 23, 12, 22, 86, 55, 67, 74, 41, 50, 47, 64, 87, 84, 4, 19, 100, 16, 15, 81, 24, 18, 77, 51, 2, 83, 13, 5, 85, 88, 94, 75, 80, 61, 70, 62, 36, 98, 89, 3, 20, 99, 39, 97, 11, 69, 56, 43, 1, 96, 9, 91, 37, 72, 14, 29, 35, 82, 79, 71, 31, 92, 38, 34, 54, 28, 48, 25, 90, 93, 58, 17, 57, 63, 76, 78, 33, 53, 68, 26, 65]);
% time elapsed: 41.93 s
----------
%%%mzn-stat: initTime=0.047704898
%%%mzn-stat: objective=288
%%%mzn-stat: nodes=207748
%%%mzn-stat: restarts=73
%%%mzn-stat: peakDepth=2030
%%%mzn-stat: solveTime=39.815816688
%%%mzn-stat: variables=3259
%%%mzn-stat: propagators=7686
%%%mzn-stat: failures=84262
%%%mzn-stat: propagations=42192964
%%%mzn-stat: nogoods=84262
%%%mzn-stat: AverageConflictSize=26.18251406327882
%%%mzn-stat: NumUnitNogoodsLearned=169
%%%mzn-stat: AverageLearnedNogoodLength=90.45420236880207
%%%mzn-stat: AverageBacktrackAmount=0
%%%mzn-stat: AverageLbd=15.982862975006528
%%%mzn-stat-end
maxleg = 288;
succ = array1d(1..100,[30, 46, 8, 49, 27, 66, 73, 15, 42, 59, 95, 48, 32, 45, 40, 44, 7, 21, 60, 10, 23, 12, 22, 84, 55, 67, 74, 41, 50, 47, 64, 87, 85, 4, 19, 100, 16, 6, 81, 24, 18, 77, 51, 2, 75, 13, 5, 86, 90, 94, 88, 80, 61, 70, 62, 36, 98, 89, 3, 20, 99, 39, 97, 11, 69, 56, 43, 1, 96, 9, 91, 37, 72, 14, 58, 35, 82, 79, 71, 31, 92, 38, 34, 54, 28, 52, 25, 83, 93, 29, 17, 57, 63, 76, 78, 33, 53, 68, 26, 65]);
% time elapsed: 42.01 s
----------
%%%mzn-stat: initTime=0.047704898
%%%mzn-stat: objective=287
%%%mzn-stat: nodes=210124
%%%mzn-stat: restarts=74
%%%mzn-stat: peakDepth=2030
%%%mzn-stat: solveTime=39.938827625
%%%mzn-stat: variables=3259
%%%mzn-stat: propagators=7686
%%%mzn-stat: failures=84470
%%%mzn-stat: propagations=42322279
%%%mzn-stat: nogoods=84470
%%%mzn-stat: AverageConflictSize=26.148573458032438
%%%mzn-stat: NumUnitNogoodsLearned=169
%%%mzn-stat: AverageLearnedNogoodLength=90.41753285190008
%%%mzn-stat: AverageBacktrackAmount=0
%%%mzn-stat: AverageLbd=15.98491772226826
%%%mzn-stat-end
maxleg = 287;
succ = array1d(1..100,[18, 46, 8, 49, 27, 66, 73, 15, 42, 59, 95, 48, 32, 45, 40, 44, 7, 21, 60, 10, 23, 12, 22, 84, 55, 67, 74, 41, 50, 47, 64, 87, 85, 4, 19, 100, 16, 6, 81, 24, 39, 77, 51, 2, 75, 13, 5, 86, 90, 94, 88, 80, 61, 70, 62, 36, 98, 89, 3, 20, 99, 30, 97, 11, 69, 56, 43, 1, 96, 9, 91, 37, 72, 14, 58, 35, 82, 79, 71, 31, 92, 38, 34, 54, 28, 52, 25, 83, 93, 29, 17, 57, 63, 76, 78, 33, 53, 68, 26, 65]);
% time elapsed: 42.14 s
----------
%%%mzn-stat: initTime=0.047704898
%%%mzn-stat: objective=286
%%%mzn-stat: nodes=213030
%%%mzn-stat: restarts=76
%%%mzn-stat: peakDepth=2030
%%%mzn-stat: solveTime=40.108461168
%%%mzn-stat: variables=3259
%%%mzn-stat: propagators=7686
%%%mzn-stat: failures=84715
%%%mzn-stat: propagations=42525347
%%%mzn-stat: nogoods=84715
%%%mzn-stat: AverageConflictSize=26.11721654960751
%%%mzn-stat: NumUnitNogoodsLearned=169
%%%mzn-stat: AverageLearnedNogoodLength=90.40384819689547
%%%mzn-stat: AverageBacktrackAmount=0
%%%mzn-stat: AverageLbd=15.998854984359323
%%%mzn-stat-end
maxleg = 286;
succ = array1d(1..100,[18, 46, 8, 49, 27, 66, 73, 15, 42, 59, 95, 48, 32, 45, 40, 44, 7, 21, 60, 10, 23, 12, 22, 84, 55, 53, 74, 41, 50, 47, 64, 87, 85, 4, 19, 100, 16, 6, 81, 24, 39, 77, 51, 2, 75, 13, 5, 86, 90, 94, 88, 80, 67, 70, 62, 36, 98, 89, 3, 20, 99, 30, 97, 11, 69, 56, 43, 1, 96, 9, 91, 37, 72, 14, 58, 35, 82, 79, 71, 31, 92, 38, 34, 54, 28, 52, 25, 83, 93, 29, 17, 57, 63, 76, 78, 33, 61, 68, 26, 65]);
% time elapsed: 42.32 s
----------
%%%mzn-stat: initTime=0.047704898
%%%mzn-stat: objective=285
%%%mzn-stat: nodes=217487
%%%mzn-stat: restarts=77
%%%mzn-stat: peakDepth=2030
%%%mzn-stat: solveTime=40.695483195
%%%mzn-stat: variables=3259
%%%mzn-stat: propagators=7686
%%%mzn-stat: failures=86154
%%%mzn-stat: propagations=43399218
%%%mzn-stat: nogoods=86154
%%%mzn-stat: AverageConflictSize=25.89379483250923
%%%mzn-stat: NumUnitNogoodsLearned=169
%%%mzn-stat: AverageLearnedNogoodLength=89.75109687304129
%%%mzn-stat: AverageBacktrackAmount=0
%%%mzn-stat: AverageLbd=15.95580007892843
%%%mzn-stat-end
maxleg = 285;
succ = array1d(1..100,[18, 46, 8, 49, 27, 66, 73, 15, 42, 59, 95, 48, 32, 45, 40, 44, 7, 21, 60, 10, 23, 12, 22, 84, 55, 53, 74, 41, 50, 47, 64, 87, 85, 4, 19, 100, 16, 6, 81, 24, 39, 77, 51, 2, 75, 13, 5, 86, 90, 94, 88, 80, 67, 70, 62, 36, 98, 89, 3, 20, 99, 30, 97, 11, 69, 56, 43, 1, 96, 9, 91, 37, 72, 14, 58, 35, 82, 79, 71, 31, 92, 38, 34, 54, 28, 52, 25, 83, 93, 29, 17, 57, 63, 76, 78, 33, 61, 68, 26, 65]);
% time elapsed: 42.92 s
----------
%%%mzn-stat: initTime=0.047704898
%%%mzn-stat: objective=284
%%%mzn-stat: nodes=219747
%%%mzn-stat: restarts=78
%%%mzn-stat: peakDepth=2030
%%%mzn-stat: solveTime=40.820830368
%%%mzn-stat: variables=3259
%%%mzn-stat: propagators=7686
%%%mzn-stat: failures=86344
%%%mzn-stat: propagations=43520224
%%%mzn-stat: nogoods=86344
%%%mzn-stat: AverageConflictSize=25.876250810710644
%%%mzn-stat: NumUnitNogoodsLearned=169
%%%mzn-stat: AverageLearnedNogoodLength=89.75340498471232
%%%mzn-stat: AverageBacktrackAmount=0
%%%mzn-stat: AverageLbd=15.957032335773187
%%%mzn-stat-end
maxleg = 284;
succ = array1d(1..100,[18, 46, 8, 49, 27, 66, 73, 15, 42, 59, 95, 48, 32, 45, 69, 44, 7, 21, 60, 10, 40, 12, 22, 80, 55, 36, 74, 41, 50, 47, 64, 87, 85, 4, 19, 100, 16, 6, 81, 24, 39, 77, 51, 2, 75, 13, 5, 86, 90, 94, 88, 31, 67, 70, 62, 53, 98, 89, 3, 20, 99, 30, 97, 11, 84, 56, 43, 1, 96, 9, 91, 37, 72, 14, 58, 35, 82, 79, 71, 23, 92, 38, 34, 54, 28, 52, 25, 83, 93, 29, 17, 57, 63, 76, 78, 33, 61, 68, 26, 65]);
% time elapsed: 43.06 s
----------
%%%mzn-stat: initTime=0.047704898
%%%mzn-stat: objective=283
%%%mzn-stat: nodes=229304
%%%mzn-stat: restarts=81
%%%mzn-stat: peakDepth=2030
%%%mzn-stat: solveTime=43.081748472
%%%mzn-stat: variables=3259
%%%mzn-stat: propagators=7686
%%%mzn-stat: failures=91404
%%%mzn-stat: propagations=46250221
%%%mzn-stat: nogoods=91404
%%%mzn-stat: AverageConflictSize=25.45739792569253
%%%mzn-stat: NumUnitNogoodsLearned=169
%%%mzn-stat: AverageLearnedNogoodLength=88.83944903942934
%%%mzn-stat: AverageBacktrackAmount=0
%%%mzn-stat: AverageLbd=15.853441862500548
%%%mzn-stat-end
maxleg = 283;
succ = array1d(1..100,[18, 46, 12, 49, 27, 66, 73, 15, 42, 59, 95, 48, 32, 45, 69, 44, 7, 21, 60, 10, 40, 13, 22, 80, 55, 36, 74, 41, 50, 47, 64, 87, 85, 4, 19, 100, 16, 8, 81, 24, 39, 77, 51, 2, 75, 28, 5, 86, 90, 94, 88, 31, 67, 70, 62, 53, 98, 89, 3, 20, 99, 30, 97, 11, 84, 56, 43, 1, 96, 38, 91, 37, 72, 14, 58, 35, 82, 79, 71, 23, 92, 6, 34, 54, 9, 52, 25, 83, 93, 29, 17, 57, 63, 76, 78, 33, 61, 68, 26, 65]);
% time elapsed: 45.33 s
----------
%%%mzn-stat: initTime=0.047704898
%%%mzn-stat: objective=282
%%%mzn-stat: nodes=231397
%%%mzn-stat: restarts=82
%%%mzn-stat: peakDepth=2030
%%%mzn-stat: solveTime=43.14369455
%%%mzn-stat: variables=3259
%%%mzn-stat: propagators=7686
%%%mzn-stat: failures=91464
%%%mzn-stat: propagations=46309849
%%%mzn-stat: nogoods=91464
%%%mzn-stat: AverageConflictSize=25.452997900813436
%%%mzn-stat: NumUnitNogoodsLearned=169
%%%mzn-stat: AverageLearnedNogoodLength=88.82398539316016
%%%mzn-stat: AverageBacktrackAmount=0
%%%mzn-stat: AverageLbd=15.858348639902038
%%%mzn-stat-end
maxleg = 282;
succ = array1d(1..100,[41, 46, 12, 49, 27, 66, 73, 15, 42, 59, 95, 48, 32, 45, 69, 44, 7, 57, 60, 10, 40, 13, 22, 80, 55, 36, 74, 39, 50, 47, 64, 87, 85, 4, 19, 100, 16, 8, 81, 24, 68, 77, 51, 2, 75, 28, 5, 86, 90, 94, 88, 31, 67, 70, 62, 53, 98, 89, 3, 20, 99, 30, 76, 11, 84, 97, 43, 18, 96, 38, 91, 37, 72, 14, 58, 35, 82, 79, 71, 23, 92, 6, 34, 54, 9, 52, 25, 83, 93, 29, 17, 61, 63, 1, 78, 33, 56, 21, 26, 65]);
% time elapsed: 45.40 s
----------
%%%mzn-stat: initTime=0.047704898
%%%mzn-stat: objective=281
%%%mzn-stat: nodes=237551
%%%mzn-stat: restarts=91
%%%mzn-stat: peakDepth=2030
%%%mzn-stat: solveTime=43.439316554
%%%mzn-stat: variables=3259
%%%mzn-stat: propagators=7686
%%%mzn-stat: failures=91904
%%%mzn-stat: propagations=46687676
%%%mzn-stat: nogoods=91904
%%%mzn-stat: AverageConflictSize=25.361224756267408
%%%mzn-stat: NumUnitNogoodsLearned=169
%%%mzn-stat: AverageLearnedNogoodLength=88.63901462395543
%%%mzn-stat: AverageBacktrackAmount=0
%%%mzn-stat: AverageLbd=15.897262360724234
%%%mzn-stat-end
maxleg = 281;
succ = array1d(1..100,[41, 46, 12, 49, 27, 66, 73, 15, 42, 59, 95, 32, 62, 45, 69, 44, 7, 57, 60, 10, 40, 13, 48, 80, 55, 36, 74, 39, 50, 47, 64, 87, 85, 4, 19, 100, 16, 8, 81, 24, 68, 77, 51, 2, 75, 28, 5, 86, 90, 94, 93, 31, 67, 70, 22, 53, 98, 89, 3, 20, 99, 30, 76, 11, 84, 97, 43, 18, 96, 38, 91, 37, 72, 14, 58, 35, 82, 79, 71, 23, 92, 6, 34, 54, 9, 52, 25, 83, 88, 29, 17, 61, 63, 1, 78, 33, 56, 21, 26, 65]);
% time elapsed: 45.71 s
----------
%%%mzn-stat: initTime=0.047704898
%%%mzn-stat: objective=280
%%%mzn-stat: nodes=240681
%%%mzn-stat: restarts=92
%%%mzn-stat: peakDepth=2030
%%%mzn-stat: solveTime=43.718447297
%%%mzn-stat: variables=3259
%%%mzn-stat: propagators=7686
%%%mzn-stat: failures=92435
%%%mzn-stat: propagations=47023993
%%%mzn-stat: nogoods=92435
%%%mzn-stat: AverageConflictSize=25.3122193974144
%%%mzn-stat: NumUnitNogoodsLearned=169
%%%mzn-stat: AverageLearnedNogoodLength=88.54655704008222
%%%mzn-stat: AverageBacktrackAmount=0
%%%mzn-stat: AverageLbd=15.89117758424839
%%%mzn-stat-end
maxleg = 280;
succ = array1d(1..100,[41, 46, 12, 49, 27, 66, 73, 15, 42, 59, 95, 32, 62, 45, 69, 44, 7, 57, 60, 10, 40, 13, 48, 80, 55, 36, 74, 39, 50, 47, 64, 87, 85, 4, 19, 100, 16, 8, 81, 24, 68, 77, 51, 2, 75, 28, 5, 86, 90, 94, 93, 31, 67, 70, 22, 53, 98, 89, 3, 20, 99, 30, 76, 11, 84, 97, 43, 18, 96, 38, 91, 37, 72, 14, 58, 35, 82, 79, 71, 23, 92, 6, 34, 54, 9, 52, 25, 83, 88, 29, 17, 61, 63, 1, 78, 33, 56, 21, 26, 65]);
% time elapsed: 46.00 s
----------
%%%mzn-stat: initTime=0.047704898
%%%mzn-stat: objective=279
%%%mzn-stat: nodes=244964
%%%mzn-stat: restarts=97
%%%mzn-stat: peakDepth=2030
%%%mzn-stat: solveTime=43.942339213
%%%mzn-stat: variables=3259
%%%mzn-stat: propagators=7686
%%%mzn-stat: failures=92764
%%%mzn-stat: propagations=47298760
%%%mzn-stat: nogoods=92764
%%%mzn-stat: AverageConflictSize=25.25651114656548
%%%mzn-stat: NumUnitNogoodsLearned=169
%%%mzn-stat: AverageLearnedNogoodLength=88.44269328618861
%%%mzn-stat: AverageBacktrackAmount=0
%%%mzn-stat: AverageLbd=15.916530119442887
%%%mzn-stat-end
maxleg = 279;
succ = array1d(1..100,[41, 46, 12, 49, 27, 66, 73, 15, 42, 59, 95, 32, 62, 45, 69, 44, 7, 57, 60, 10, 40, 13, 48, 80, 55, 36, 74, 39, 50, 47, 64, 87, 85, 4, 19, 100, 16, 8, 21, 24, 68, 77, 51, 5, 75, 28, 2, 86, 90, 94, 93, 31, 67, 70, 22, 53, 98, 89, 3, 20, 99, 30, 76, 11, 84, 97, 43, 18, 96, 38, 91, 37, 72, 14, 58, 35, 82, 79, 71, 23, 92, 6, 34, 54, 9, 52, 25, 83, 88, 29, 17, 61, 63, 1, 78, 33, 56, 81, 26, 65]);
% time elapsed: 46.23 s
----------
%%%mzn-stat: initTime=0.047704898
%%%mzn-stat: objective=278
%%%mzn-stat: nodes=248129
%%%mzn-stat: restarts=98
%%%mzn-stat: peakDepth=2030
%%%mzn-stat: solveTime=44.24995197
%%%mzn-stat: variables=3259
%%%mzn-stat: propagators=7686
%%%mzn-stat: failures=93389
%%%mzn-stat: propagations=47688889
%%%mzn-stat: nogoods=93389
%%%mzn-stat: AverageConflictSize=25.19120024842326
%%%mzn-stat: NumUnitNogoodsLearned=169
%%%mzn-stat: AverageLearnedNogoodLength=88.33588538264678
%%%mzn-stat: AverageBacktrackAmount=0
%%%mzn-stat: AverageLbd=15.899934681814775
%%%mzn-stat-end
maxleg = 278;
succ = array1d(1..100,[41, 46, 12, 49, 27, 66, 73, 15, 42, 59, 95, 32, 62, 45, 69, 44, 7, 57, 60, 10, 40, 13, 48, 80, 55, 36, 74, 39, 50, 47, 64, 87, 85, 4, 19, 100, 16, 8, 21, 24, 68, 77, 51, 5, 75, 28, 2, 86, 90, 94, 93, 31, 67, 70, 22, 53, 98, 89, 3, 20, 99, 30, 76, 11, 84, 97, 43, 18, 96, 38, 91, 37, 72, 14, 58, 35, 82, 79, 71, 23, 92, 6, 34, 54, 9, 52, 25, 83, 88, 29, 17, 61, 63, 1, 78, 33, 56, 81, 26, 65]);
% time elapsed: 46.55 s
----------
%%%mzn-stat: initTime=0.047704898
%%%mzn-stat: objective=277
%%%mzn-stat: nodes=251426
%%%mzn-stat: restarts=101
%%%mzn-stat: peakDepth=2030
%%%mzn-stat: solveTime=44.451622622
%%%mzn-stat: variables=3259
%%%mzn-stat: propagators=7686
%%%mzn-stat: failures=93699
%%%mzn-stat: propagations=47936891
%%%mzn-stat: nogoods=93699
%%%mzn-stat: AverageConflictSize=25.146981291155722
%%%mzn-stat: NumUnitNogoodsLearned=169
%%%mzn-stat: AverageLearnedNogoodLength=88.22333215936136
%%%mzn-stat: AverageBacktrackAmount=0
%%%mzn-stat: AverageLbd=15.904982977406375
%%%mzn-stat-end
maxleg = 277;
succ = array1d(1..100,[41, 46, 12, 49, 27, 66, 73, 15, 42, 59, 95, 32, 62, 45, 69, 44, 7, 57, 60, 10, 40, 13, 48, 80, 55, 36, 74, 39, 50, 47, 64, 87, 85, 4, 19, 100, 16, 8, 21, 24, 68, 77, 51, 5, 75, 28, 2, 86, 90, 94, 93, 31, 67, 70, 22, 53, 98, 89, 3, 20, 99, 18, 83, 11, 84, 97, 43, 30, 96, 38, 91, 37, 72, 14, 58, 35, 82, 79, 71, 23, 92, 6, 34, 54, 9, 52, 25, 76, 88, 29, 17, 61, 63, 1, 78, 33, 56, 81, 26, 65]);
% time elapsed: 46.76 s
----------
%%%mzn-stat: initTime=0.047704898
%%%mzn-stat: objective=274
%%%mzn-stat: nodes=256961
%%%mzn-stat: restarts=103
%%%mzn-stat: peakDepth=2030
%%%mzn-stat: solveTime=45.46412327
%%%mzn-stat: variables=3259
%%%mzn-stat: propagators=7686
%%%mzn-stat: failures=95983
%%%mzn-stat: propagations=49232081
%%%mzn-stat: nogoods=95983
%%%mzn-stat: AverageConflictSize=24.957971724159485
%%%mzn-stat: NumUnitNogoodsLearned=169
%%%mzn-stat: AverageLearnedNogoodLength=87.91907942031402
%%%mzn-stat: AverageBacktrackAmount=0
%%%mzn-stat: AverageLbd=15.873560943083671
%%%mzn-stat-end
maxleg = 274;
succ = array1d(1..100,[41, 18, 12, 49, 27, 66, 73, 15, 42, 59, 95, 32, 62, 45, 69, 44, 7, 10, 60, 81, 40, 13, 48, 80, 55, 36, 74, 39, 50, 47, 64, 87, 85, 4, 19, 100, 16, 8, 21, 24, 68, 77, 51, 5, 75, 57, 2, 86, 90, 94, 93, 31, 67, 70, 22, 53, 98, 89, 3, 20, 99, 46, 83, 11, 84, 97, 43, 30, 96, 38, 91, 37, 72, 14, 58, 35, 82, 79, 71, 23, 92, 6, 34, 54, 9, 52, 25, 76, 88, 29, 17, 61, 63, 1, 78, 33, 56, 28, 26, 65]);
% time elapsed: 47.79 s
----------
%%%mzn-stat: initTime=0.047704898
%%%mzn-stat: objective=273
%%%mzn-stat: nodes=259150
%%%mzn-stat: restarts=104
%%%mzn-stat: peakDepth=2030
%%%mzn-stat: solveTime=45.517554372
%%%mzn-stat: variables=3259
%%%mzn-stat: propagators=7686
%%%mzn-stat: failures=96013
%%%mzn-stat: propagations=49284733
%%%mzn-stat: nogoods=96013
%%%mzn-stat: AverageConflictSize=24.951381583743867
%%%mzn-stat: NumUnitNogoodsLearned=169
%%%mzn-stat: AverageLearnedNogoodLength=87.91324091529272
%%%mzn-stat: AverageBacktrackAmount=0
%%%mzn-stat: AverageLbd=15.87364211096414
%%%mzn-stat-end
maxleg = 273;
succ = array1d(1..100,[41, 18, 12, 49, 27, 66, 73, 15, 42, 59, 95, 32, 62, 45, 69, 44, 7, 10, 60, 81, 40, 13, 48, 80, 55, 36, 74, 39, 50, 47, 64, 87, 85, 4, 19, 100, 16, 8, 21, 24, 68, 77, 51, 5, 75, 57, 2, 86, 90, 94, 93, 31, 67, 70, 22, 53, 98, 89, 3, 20, 99, 46, 83, 11, 84, 97, 43, 30, 96, 38, 91, 37, 72, 14, 58, 35, 82, 79, 71, 23, 92, 6, 34, 54, 9, 52, 25, 76, 88, 29, 17, 61, 63, 1, 78, 33, 56, 28, 26, 65]);
% time elapsed: 47.85 s
----------
%%%mzn-stat: initTime=0.047704898
%%%mzn-stat: objective=272
%%%mzn-stat: nodes=263861
%%%mzn-stat: restarts=105
%%%mzn-stat: peakDepth=2030
%%%mzn-stat: solveTime=46.314250753
%%%mzn-stat: variables=3259
%%%mzn-stat: propagators=7686
%%%mzn-stat: failures=98140
%%%mzn-stat: propagations=50163415
%%%mzn-stat: nogoods=98140
%%%mzn-stat: AverageConflictSize=24.797921336865702
%%%mzn-stat: NumUnitNogoodsLearned=169
%%%mzn-stat: AverageLearnedNogoodLength=87.39356022009375
%%%mzn-stat: AverageBacktrackAmount=0
%%%mzn-stat: AverageLbd=15.817648257591197
%%%mzn-stat-end
maxleg = 272;
succ = array1d(1..100,[41, 18, 12, 49, 27, 66, 73, 15, 42, 59, 95, 32, 62, 45, 69, 44, 7, 10, 60, 81, 40, 13, 48, 80, 55, 36, 74, 39, 50, 47, 64, 87, 85, 4, 19, 100, 16, 8, 21, 24, 68, 77, 51, 5, 75, 57, 2, 86, 90, 94, 93, 31, 67, 70, 22, 53, 98, 89, 3, 20, 99, 46, 83, 11, 84, 97, 43, 30, 96, 38, 91, 37, 72, 14, 58, 35, 82, 79, 71, 23, 92, 6, 34, 54, 9, 52, 25, 76, 88, 29, 17, 61, 63, 1, 78, 33, 56, 28, 26, 65]);
% time elapsed: 48.66 s
----------
%%%mzn-stat: initTime=0.047704898
%%%mzn-stat: objective=270
%%%mzn-stat: nodes=270901
%%%mzn-stat: restarts=109
%%%mzn-stat: peakDepth=2030
%%%mzn-stat: solveTime=47.34385485
%%%mzn-stat: variables=3259
%%%mzn-stat: propagators=7686
%%%mzn-stat: failures=100657
%%%mzn-stat: propagations=51259614
%%%mzn-stat: nogoods=100657
%%%mzn-stat: AverageConflictSize=24.46650506174434
%%%mzn-stat: NumUnitNogoodsLearned=169
%%%mzn-stat: AverageLearnedNogoodLength=86.58075444330747
%%%mzn-stat: AverageBacktrackAmount=0
%%%mzn-stat: AverageLbd=15.730838391766097
%%%mzn-stat-end
maxleg = 270;
succ = array1d(1..100,[41, 18, 12, 49, 27, 66, 73, 15, 42, 59, 95, 32, 62, 45, 69, 44, 7, 10, 60, 81, 40, 13, 48, 80, 55, 36, 74, 39, 50, 47, 64, 87, 85, 4, 19, 100, 16, 8, 21, 24, 68, 77, 51, 5, 75, 57, 2, 86, 90, 94, 93, 31, 67, 70, 22, 53, 98, 76, 3, 20, 99, 46, 83, 11, 84, 97, 43, 30, 96, 38, 91, 37, 72, 14, 89, 35, 82, 79, 71, 23, 92, 6, 34, 54, 9, 52, 25, 58, 88, 29, 17, 61, 63, 1, 78, 33, 56, 28, 26, 65]);
% time elapsed: 49.70 s
----------
%%%mzn-stat: initTime=0.047704898
%%%mzn-stat: objective=267
%%%mzn-stat: nodes=274800
%%%mzn-stat: restarts=113
%%%mzn-stat: peakDepth=2030
%%%mzn-stat: solveTime=47.646168354
%%%mzn-stat: variables=3259
%%%mzn-stat: propagators=7686
%%%mzn-stat: failures=101222
%%%mzn-stat: propagations=51591767
%%%mzn-stat: nogoods=101222
%%%mzn-stat: AverageConflictSize=24.411580486455513
%%%mzn-stat: NumUnitNogoodsLearned=169
%%%mzn-stat: AverageLearnedNogoodLength=86.46707237557052
%%%mzn-stat: AverageBacktrackAmount=0
%%%mzn-stat: AverageLbd=15.752632826855821
%%%mzn-stat-end
maxleg = 267;
succ = array1d(1..100,[41, 18, 12, 49, 27, 66, 72, 15, 42, 59, 95, 32, 62, 45, 69, 44, 7, 10, 63, 81, 40, 13, 48, 80, 55, 84, 74, 39, 50, 60, 64, 87, 85, 4, 19, 100, 16, 8, 21, 24, 68, 77, 51, 5, 93, 57, 2, 86, 90, 94, 75, 31, 67, 70, 22, 53, 98, 76, 3, 20, 99, 46, 83, 11, 92, 97, 43, 30, 96, 38, 91, 73, 37, 14, 89, 35, 82, 79, 71, 23, 47, 6, 34, 54, 9, 52, 25, 58, 88, 29, 17, 61, 36, 1, 78, 33, 56, 28, 26, 65]);
% time elapsed: 50.02 s
----------
%%%mzn-stat: initTime=0.047704898
%%%mzn-stat: objective=264
%%%mzn-stat: nodes=279609
%%%mzn-stat: restarts=118
%%%mzn-stat: peakDepth=2030
%%%mzn-stat: solveTime=47.849162144
%%%mzn-stat: variables=3259
%%%mzn-stat: propagators=7686
%%%mzn-stat: failures=101561
%%%mzn-stat: propagations=51849256
%%%mzn-stat: nogoods=101561
%%%mzn-stat: AverageConflictSize=24.35821821368439
%%%mzn-stat: NumUnitNogoodsLearned=169
%%%mzn-stat: AverageLearnedNogoodLength=86.33739329073168
%%%mzn-stat: AverageBacktrackAmount=0
%%%mzn-stat: AverageLbd=15.767331948287236
%%%mzn-stat-end
maxleg = 264;
succ = array1d(1..100,[41, 16, 23, 49, 27, 70, 62, 15, 42, 78, 95, 32, 71, 45, 77, 44, 7, 10, 63, 81, 40, 13, 12, 59, 55, 84, 74, 66, 50, 60, 64, 87, 85, 4, 19, 100, 17, 8, 9, 24, 68, 82, 51, 5, 93, 57, 2, 86, 90, 94, 75, 31, 67, 48, 22, 53, 98, 76, 3, 20, 99, 46, 83, 11, 92, 97, 43, 30, 96, 38, 91, 73, 37, 14, 89, 35, 69, 79, 72, 21, 47, 6, 34, 54, 28, 52, 25, 58, 88, 29, 18, 61, 36, 1, 80, 33, 56, 39, 26, 65]);
% time elapsed: 50.23 s
----------
%%%mzn-stat: initTime=0.047704898
%%%mzn-stat: objective=261
%%%mzn-stat: nodes=283893
%%%mzn-stat: restarts=121
%%%mzn-stat: peakDepth=2030
%%%mzn-stat: solveTime=48.358202472
%%%mzn-stat: variables=3259
%%%mzn-stat: propagators=7686
%%%mzn-stat: failures=102757
%%%mzn-stat: propagations=52484340
%%%mzn-stat: nogoods=102757
%%%mzn-stat: AverageConflictSize=24.242241404478527
%%%mzn-stat: NumUnitNogoodsLearned=169
%%%mzn-stat: AverageLearnedNogoodLength=86.03362301351733
%%%mzn-stat: AverageBacktrackAmount=0
%%%mzn-stat: AverageLbd=15.790953414365932
%%%mzn-stat-end
maxleg = 261;
succ = array1d(1..100,[41, 16, 23, 49, 27, 70, 62, 15, 42, 78, 95, 87, 71, 45, 77, 44, 7, 10, 63, 81, 40, 31, 12, 59, 13, 84, 74, 66, 50, 60, 64, 55, 85, 4, 19, 100, 17, 8, 9, 24, 68, 82, 51, 5, 93, 57, 2, 86, 90, 94, 75, 32, 67, 48, 22, 53, 98, 76, 3, 20, 99, 46, 83, 11, 92, 97, 43, 30, 96, 38, 91, 73, 37, 14, 89, 35, 69, 79, 72, 21, 47, 6, 34, 54, 28, 52, 25, 58, 88, 29, 18, 61, 36, 1, 80, 33, 56, 39, 26, 65]);
% time elapsed: 50.76 s
----------
%%%mzn-stat: initTime=0.047704898
%%%mzn-stat: objective=260
%%%mzn-stat: nodes=287420
%%%mzn-stat: restarts=125
%%%mzn-stat: peakDepth=2030
%%%mzn-stat: solveTime=48.542118551
%%%mzn-stat: variables=3259
%%%mzn-stat: propagators=7686
%%%mzn-stat: failures=103043
%%%mzn-stat: propagations=52716857
%%%mzn-stat: nogoods=103043
%%%mzn-stat: AverageConflictSize=24.2062342905389
%%%mzn-stat: NumUnitNogoodsLearned=169
%%%mzn-stat: AverageLearnedNogoodLength=85.95457236299409
%%%mzn-stat: AverageBacktrackAmount=0
%%%mzn-stat: AverageLbd=15.807594887571208
%%%mzn-stat-end
maxleg = 260;
succ = array1d(1..100,[41, 16, 23, 49, 27, 70, 62, 15, 42, 78, 95, 87, 71, 45, 85, 44, 7, 10, 63, 81, 40, 31, 12, 59, 13, 84, 74, 66, 50, 60, 64, 55, 82, 4, 19, 100, 17, 8, 9, 24, 68, 77, 51, 5, 93, 57, 2, 86, 90, 94, 75, 32, 67, 48, 22, 53, 98, 76, 3, 20, 99, 46, 83, 11, 92, 97, 43, 30, 96, 38, 91, 73, 37, 14, 89, 35, 69, 79, 72, 21, 47, 6, 34, 54, 28, 52, 25, 58, 88, 29, 18, 61, 36, 1, 80, 33, 56, 39, 26, 65]);
% time elapsed: 50.96 s
----------
%%%mzn-stat: initTime=0.047704898
%%%mzn-stat: objective=259
%%%mzn-stat: nodes=290336
%%%mzn-stat: restarts=127
%%%mzn-stat: peakDepth=2030
%%%mzn-stat: solveTime=48.767678741
%%%mzn-stat: variables=3259
%%%mzn-stat: propagators=7686
%%%mzn-stat: failures=103493
%%%mzn-stat: propagations=52961780
%%%mzn-stat: nogoods=103493
%%%mzn-stat: AverageConflictSize=24.18292058400085
%%%mzn-stat: NumUnitNogoodsLearned=169
%%%mzn-stat: AverageLearnedNogoodLength=85.91010020001353
%%%mzn-stat: AverageBacktrackAmount=0
%%%mzn-stat: AverageLbd=15.816528654111872
%%%mzn-stat-end
maxleg = 259;
succ = array1d(1..100,[41, 16, 23, 49, 27, 38, 62, 15, 42, 78, 95, 87, 71, 45, 85, 44, 7, 10, 63, 81, 40, 31, 12, 59, 13, 84, 74, 66, 50, 60, 64, 55, 82, 4, 19, 100, 17, 8, 9, 24, 68, 77, 51, 5, 93, 57, 2, 86, 90, 94, 75, 32, 67, 48, 22, 53, 98, 76, 3, 20, 99, 46, 83, 11, 92, 97, 43, 30, 96, 69, 91, 73, 37, 14, 89, 35, 70, 79, 72, 21, 47, 6, 34, 54, 28, 52, 25, 58, 88, 29, 18, 61, 36, 1, 80, 33, 56, 39, 26, 65]);
% time elapsed: 51.19 s
----------
%%%mzn-stat: initTime=0.047704898
%%%mzn-stat: objective=257
%%%mzn-stat: nodes=293614
%%%mzn-stat: restarts=128
%%%mzn-stat: peakDepth=2030
%%%mzn-stat: solveTime=49.089613211
%%%mzn-stat: variables=3259
%%%mzn-stat: propagators=7686
%%%mzn-stat: failures=104077
%%%mzn-stat: propagations=53272046
%%%mzn-stat: nogoods=104077
%%%mzn-stat: AverageConflictSize=24.170892704439982
%%%mzn-stat: NumUnitNogoodsLearned=169
%%%mzn-stat: AverageLearnedNogoodLength=85.8838263977632
%%%mzn-stat: AverageBacktrackAmount=0
%%%mzn-stat: AverageLbd=15.803232222296954
%%%mzn-stat-end
maxleg = 257;
succ = array1d(1..100,[41, 16, 23, 49, 27, 38, 62, 15, 42, 78, 95, 87, 71, 45, 85, 44, 7, 10, 63, 81, 40, 25, 12, 59, 11, 84, 74, 66, 50, 60, 64, 55, 82, 4, 19, 100, 17, 8, 9, 24, 68, 77, 51, 5, 93, 57, 2, 86, 90, 94, 75, 32, 67, 48, 22, 53, 98, 76, 3, 20, 99, 46, 83, 13, 92, 97, 43, 30, 96, 69, 91, 73, 37, 14, 89, 35, 70, 79, 72, 21, 47, 6, 34, 54, 28, 52, 31, 58, 88, 29, 18, 61, 36, 1, 80, 33, 56, 39, 26, 65]);
% time elapsed: 51.52 s
----------
%%%mzn-stat: initTime=0.047704898
%%%mzn-stat: objective=254
%%%mzn-stat: nodes=296785
%%%mzn-stat: restarts=129
%%%mzn-stat: peakDepth=2030
%%%mzn-stat: solveTime=49.596065149
%%%mzn-stat: variables=3259
%%%mzn-stat: propagators=7686
%%%mzn-stat: failures=105110
%%%mzn-stat: propagations=53853849
%%%mzn-stat: nogoods=105110
%%%mzn-stat: AverageConflictSize=24.166102178669966
%%%mzn-stat: NumUnitNogoodsLearned=169
%%%mzn-stat: AverageLearnedNogoodLength=85.84481019883931
%%%mzn-stat: AverageBacktrackAmount=0
%%%mzn-stat: AverageLbd=15.785529445342974
%%%mzn-stat-end
maxleg = 254;
succ = array1d(1..100,[30, 16, 23, 49, 27, 38, 62, 15, 42, 78, 95, 87, 71, 45, 84, 44, 7, 10, 63, 68, 40, 25, 12, 59, 11, 85, 74, 66, 50, 60, 64, 55, 82, 4, 19, 100, 17, 8, 9, 24, 81, 77, 51, 5, 93, 57, 2, 86, 90, 94, 75, 32, 67, 48, 22, 53, 98, 76, 3, 20, 99, 46, 83, 13, 92, 97, 43, 39, 96, 69, 91, 73, 37, 14, 89, 35, 70, 79, 72, 21, 47, 6, 34, 54, 28, 52, 31, 58, 88, 29, 18, 61, 36, 1, 80, 33, 56, 41, 26, 65]);
% time elapsed: 52.04 s
----------
%%%mzn-stat: initTime=0.047704898
%%%mzn-stat: objective=253
%%%mzn-stat: nodes=298901
%%%mzn-stat: restarts=130
%%%mzn-stat: peakDepth=2030
%%%mzn-stat: solveTime=49.704334538
%%%mzn-stat: variables=3259
%%%mzn-stat: propagators=7686
%%%mzn-stat: failures=105234
%%%mzn-stat: propagations=53963376
%%%mzn-stat: nogoods=105234
%%%mzn-stat: AverageConflictSize=24.165545356063628
%%%mzn-stat: NumUnitNogoodsLearned=169
%%%mzn-stat: AverageLearnedNogoodLength=85.82155006936921
%%%mzn-stat: AverageBacktrackAmount=0
%%%mzn-stat: AverageLbd=15.78687496436513
%%%mzn-stat-end
maxleg = 253;
succ = array1d(1..100,[30, 16, 23, 49, 27, 38, 62, 15, 42, 78, 95, 87, 71, 45, 84, 44, 7, 10, 63, 68, 40, 25, 12, 59, 11, 85, 74, 66, 50, 2, 64, 55, 82, 4, 60, 100, 17, 8, 9, 24, 81, 77, 51, 5, 93, 57, 19, 86, 90, 94, 75, 32, 67, 48, 22, 53, 98, 76, 3, 20, 99, 46, 83, 13, 92, 97, 43, 39, 96, 69, 91, 73, 37, 14, 89, 35, 70, 79, 72, 21, 47, 6, 34, 54, 28, 52, 31, 58, 88, 29, 18, 61, 36, 1, 80, 33, 56, 41, 26, 65]);
% time elapsed: 52.16 s
----------
%%%mzn-stat: initTime=0.047704898
%%%mzn-stat: objective=252
%%%mzn-stat: nodes=304290
%%%mzn-stat: restarts=131
%%%mzn-stat: peakDepth=2030
%%%mzn-stat: solveTime=51.317027509
%%%mzn-stat: variables=3259
%%%mzn-stat: propagators=7686
%%%mzn-stat: failures=107971
%%%mzn-stat: propagations=55246388
%%%mzn-stat: nogoods=107971
%%%mzn-stat: AverageConflictSize=24.44599938872475
%%%mzn-stat: NumUnitNogoodsLearned=169
%%%mzn-stat: AverageLearnedNogoodLength=86.62995619194042
%%%mzn-stat: AverageBacktrackAmount=0
%%%mzn-stat: AverageLbd=15.759602115382835
%%%mzn-stat-end
maxleg = 252;
succ = array1d(1..100,[30, 16, 23, 49, 27, 38, 62, 15, 42, 78, 95, 87, 71, 45, 84, 44, 7, 10, 63, 68, 40, 25, 12, 59, 11, 85, 74, 66, 50, 2, 64, 55, 82, 4, 60, 100, 17, 8, 9, 24, 81, 77, 51, 5, 93, 57, 19, 86, 90, 94, 75, 32, 67, 48, 22, 53, 98, 76, 3, 20, 99, 46, 83, 13, 92, 97, 43, 39, 96, 69, 91, 73, 37, 14, 89, 35, 70, 79, 72, 21, 47, 6, 34, 54, 28, 52, 31, 58, 88, 29, 18, 61, 36, 1, 80, 33, 56, 41, 26, 65]);
% time elapsed: 53.78 s
----------
%%%mzn-stat: initTime=0.047704898
%%%mzn-stat: objective=251
%%%mzn-stat: nodes=306058
%%%mzn-stat: restarts=132
%%%mzn-stat: peakDepth=2030
%%%mzn-stat: solveTime=51.377247669
%%%mzn-stat: variables=3259
%%%mzn-stat: propagators=7686
%%%mzn-stat: failures=108023
%%%mzn-stat: propagations=55329489
%%%mzn-stat: nogoods=108023
%%%mzn-stat: AverageConflictSize=24.443942493728187
%%%mzn-stat: NumUnitNogoodsLearned=169
%%%mzn-stat: AverageLearnedNogoodLength=86.63249493163492
%%%mzn-stat: AverageBacktrackAmount=0
%%%mzn-stat: AverageLbd=15.761930329652019
%%%mzn-stat-end
maxleg = 251;
succ = array1d(1..100,[30, 16, 23, 49, 27, 38, 62, 15, 42, 78, 95, 87, 71, 45, 84, 44, 7, 10, 63, 68, 40, 25, 12, 59, 11, 85, 74, 66, 50, 2, 64, 55, 82, 4, 60, 100, 17, 8, 9, 24, 81, 77, 51, 5, 93, 57, 19, 86, 90, 94, 75, 32, 67, 48, 22, 53, 98, 76, 3, 20, 99, 46, 83, 13, 92, 97, 43, 39, 96, 69, 91, 73, 37, 14, 89, 35, 70, 79, 72, 21, 47, 6, 34, 54, 28, 52, 31, 58, 88, 29, 18, 61, 36, 1, 80, 33, 56, 41, 26, 65]);
% time elapsed: 53.85 s
----------
%%%mzn-stat: initTime=0.047704898
%%%mzn-stat: objective=250
%%%mzn-stat: nodes=308117
%%%mzn-stat: restarts=133
%%%mzn-stat: peakDepth=2030
%%%mzn-stat: solveTime=51.506320235
%%%mzn-stat: variables=3259
%%%mzn-stat: propagators=7686
%%%mzn-stat: failures=108202
%%%mzn-stat: propagations=55463196
%%%mzn-stat: nogoods=108202
%%%mzn-stat: AverageConflictSize=24.438346795807842
%%%mzn-stat: NumUnitNogoodsLearned=169
%%%mzn-stat: AverageLearnedNogoodLength=86.64380510526608
%%%mzn-stat: AverageBacktrackAmount=0
%%%mzn-stat: AverageLbd=15.765900815142048
%%%mzn-stat-end
maxleg = 250;
succ = array1d(1..100,[30, 16, 23, 49, 27, 38, 62, 15, 42, 78, 95, 87, 71, 45, 84, 44, 7, 10, 63, 68, 40, 25, 12, 59, 11, 85, 74, 66, 50, 2, 64, 55, 82, 4, 60, 100, 17, 8, 9, 24, 81, 77, 51, 5, 93, 57, 19, 86, 90, 94, 75, 32, 67, 48, 22, 53, 98, 76, 3, 20, 99, 46, 83, 13, 92, 97, 43, 39, 96, 69, 91, 73, 37, 14, 89, 35, 70, 79, 72, 21, 47, 6, 34, 54, 28, 52, 31, 58, 88, 29, 18, 61, 36, 1, 80, 33, 56, 41, 26, 65]);
% time elapsed: 53.99 s
----------
%%%mzn-stat: initTime=0.047704898
%%%mzn-stat: objective=249
%%%mzn-stat: nodes=310137
%%%mzn-stat: restarts=134
%%%mzn-stat: peakDepth=2030
%%%mzn-stat: solveTime=51.6252026
%%%mzn-stat: variables=3259
%%%mzn-stat: propagators=7686
%%%mzn-stat: failures=108391
%%%mzn-stat: propagations=55598207
%%%mzn-stat: nogoods=108391
%%%mzn-stat: AverageConflictSize=24.410975080956906
%%%mzn-stat: NumUnitNogoodsLearned=169
%%%mzn-stat: AverageLearnedNogoodLength=86.61943334778718
%%%mzn-stat: AverageBacktrackAmount=0
%%%mzn-stat: AverageLbd=15.765266488915131
%%%mzn-stat-end
maxleg = 249;
succ = array1d(1..100,[30, 16, 23, 49, 27, 38, 62, 15, 42, 78, 95, 87, 71, 45, 84, 44, 7, 10, 63, 68, 40, 25, 12, 59, 11, 85, 74, 66, 50, 2, 64, 55, 82, 4, 60, 100, 17, 8, 9, 24, 81, 77, 51, 5, 93, 57, 19, 86, 90, 94, 75, 32, 67, 48, 22, 53, 98, 76, 3, 20, 99, 46, 83, 13, 92, 97, 43, 39, 96, 69, 91, 73, 37, 14, 89, 35, 70, 79, 72, 21, 47, 6, 34, 54, 28, 52, 31, 58, 88, 29, 18, 61, 36, 1, 80, 33, 56, 41, 26, 65]);
% time elapsed: 54.12 s
----------
%%%mzn-stat: initTime=0.047704898
%%%mzn-stat: objective=248
%%%mzn-stat: nodes=312268
%%%mzn-stat: restarts=135
%%%mzn-stat: peakDepth=2030
%%%mzn-stat: solveTime=51.806628945
%%%mzn-stat: variables=3259
%%%mzn-stat: propagators=7686
%%%mzn-stat: failures=108640
%%%mzn-stat: propagations=55765366
%%%mzn-stat: nogoods=108640
%%%mzn-stat: AverageConflictSize=24.43819035346097
%%%mzn-stat: NumUnitNogoodsLearned=169
%%%mzn-stat: AverageLearnedNogoodLength=86.70157400589102
%%%mzn-stat: AverageBacktrackAmount=0
%%%mzn-stat: AverageLbd=15.767562592047128
%%%mzn-stat-end
maxleg = 248;
succ = array1d(1..100,[30, 16, 23, 49, 27, 38, 62, 15, 42, 78, 95, 87, 71, 45, 84, 44, 7, 10, 63, 68, 40, 25, 12, 59, 11, 85, 74, 65, 50, 2, 64, 55, 82, 4, 60, 100, 17, 8, 9, 24, 81, 77, 51, 5, 93, 57, 19, 86, 90, 94, 75, 32, 67, 48, 22, 53, 98, 76, 3, 20, 99, 46, 83, 13, 92, 97, 43, 39, 28, 69, 91, 73, 37, 14, 89, 35, 70, 79, 72, 21, 47, 6, 34, 54, 96, 52, 31, 58, 88, 29, 18, 61, 36, 1, 80, 33, 56, 41, 26, 66]);
% time elapsed: 54.31 s
----------
%%%mzn-stat: initTime=0.047704898
%%%mzn-stat: objective=247
%%%mzn-stat: nodes=314290
%%%mzn-stat: restarts=136
%%%mzn-stat: peakDepth=2030
%%%mzn-stat: solveTime=51.927728478
%%%mzn-stat: variables=3259
%%%mzn-stat: propagators=7686
%%%mzn-stat: failures=108879
%%%mzn-stat: propagations=55939234
%%%mzn-stat: nogoods=108879
%%%mzn-stat: AverageConflictSize=24.406047079785818
%%%mzn-stat: NumUnitNogoodsLearned=169
%%%mzn-stat: AverageLearnedNogoodLength=86.6270998080438
%%%mzn-stat: AverageBacktrackAmount=0
%%%mzn-stat: AverageLbd=15.764720469512028
%%%mzn-stat-end
maxleg = 247;
succ = array1d(1..100,[30, 16, 23, 49, 27, 38, 62, 15, 42, 78, 95, 87, 71, 45, 84, 44, 7, 10, 63, 68, 40, 25, 12, 59, 11, 85, 74, 65, 50, 2, 64, 55, 82, 4, 60, 100, 17, 8, 9, 24, 81, 77, 51, 5, 93, 57, 19, 86, 90, 94, 75, 32, 67, 48, 22, 53, 98, 76, 3, 20, 99, 46, 83, 13, 92, 97, 43, 39, 28, 69, 91, 73, 37, 14, 89, 35, 70, 79, 72, 21, 47, 6, 34, 54, 96, 52, 31, 58, 88, 29, 18, 61, 36, 1, 80, 33, 56, 41, 26, 66]);
% time elapsed: 54.44 s
----------
%%%mzn-stat: initTime=0.047704898
%%%mzn-stat: objective=246
%%%mzn-stat: nodes=318288
%%%mzn-stat: restarts=137
%%%mzn-stat: peakDepth=2030
%%%mzn-stat: solveTime=52.620021457
%%%mzn-stat: variables=3259
%%%mzn-stat: propagators=7686
%%%mzn-stat: failures=110410
%%%mzn-stat: propagations=56712846
%%%mzn-stat: nogoods=110410
%%%mzn-stat: AverageConflictSize=24.307318177701294
%%%mzn-stat: NumUnitNogoodsLearned=169
%%%mzn-stat: AverageLearnedNogoodLength=86.47361652024273
%%%mzn-stat: AverageBacktrackAmount=0
%%%mzn-stat: AverageLbd=15.736817317271987
%%%mzn-stat-end
maxleg = 246;
succ = array1d(1..100,[30, 16, 23, 49, 27, 38, 62, 15, 42, 78, 95, 87, 71, 45, 84, 44, 7, 10, 63, 68, 40, 25, 12, 59, 11, 85, 74, 65, 50, 2, 64, 55, 82, 4, 60, 100, 17, 8, 9, 24, 81, 77, 51, 5, 93, 57, 19, 86, 90, 94, 75, 32, 67, 48, 22, 53, 98, 76, 3, 20, 99, 46, 83, 13, 92, 97, 43, 39, 28, 69, 91, 73, 37, 14, 89, 35, 70, 79, 72, 21, 47, 6, 34, 54, 96, 52, 31, 58, 88, 29, 18, 61, 36, 1, 80, 33, 56, 41, 26, 66]);
% time elapsed: 55.15 s
----------
%%%mzn-stat: initTime=0.047704898
%%%mzn-stat: objective=245
%%%mzn-stat: nodes=320312
%%%mzn-stat: restarts=138
%%%mzn-stat: peakDepth=2030
%%%mzn-stat: solveTime=52.680960677
%%%mzn-stat: variables=3259
%%%mzn-stat: propagators=7686
%%%mzn-stat: failures=110467
%%%mzn-stat: propagations=56781846
%%%mzn-stat: nogoods=110467
%%%mzn-stat: AverageConflictSize=24.300614663202584
%%%mzn-stat: NumUnitNogoodsLearned=169
%%%mzn-stat: AverageLearnedNogoodLength=86.46320620637837
%%%mzn-stat: AverageBacktrackAmount=0
%%%mzn-stat: AverageLbd=15.738220464029983
%%%mzn-stat-end
maxleg = 245;
succ = array1d(1..100,[41, 16, 23, 49, 27, 38, 62, 15, 42, 78, 95, 87, 71, 45, 84, 44, 7, 10, 63, 68, 40, 25, 12, 59, 11, 85, 74, 65, 50, 2, 64, 55, 82, 4, 60, 100, 17, 8, 9, 24, 81, 77, 51, 5, 93, 57, 20, 86, 90, 94, 75, 32, 67, 48, 22, 53, 98, 76, 3, 19, 99, 46, 83, 13, 92, 97, 43, 39, 28, 69, 91, 73, 37, 14, 89, 35, 70, 79, 72, 21, 47, 6, 34, 54, 96, 52, 31, 58, 88, 29, 18, 61, 36, 1, 80, 33, 56, 30, 26, 66]);
% time elapsed: 55.22 s
----------
%%%mzn-stat: initTime=0.047704898
%%%mzn-stat: objective=244
%%%mzn-stat: nodes=323505
%%%mzn-stat: restarts=139
%%%mzn-stat: peakDepth=2030
%%%mzn-stat: solveTime=53.245959465
%%%mzn-stat: variables=3259
%%%mzn-stat: propagators=7686
%%%mzn-stat: failures=111416
%%%mzn-stat: propagations=57231591
%%%mzn-stat: nogoods=111416
%%%mzn-stat: AverageConflictSize=24.302317440942055
%%%mzn-stat: NumUnitNogoodsLearned=169
%%%mzn-stat: AverageLearnedNogoodLength=86.50337473971422
%%%mzn-stat: AverageBacktrackAmount=0
%%%mzn-stat: AverageLbd=15.730649098872693
%%%mzn-stat-end
maxleg = 244;
succ = array1d(1..100,[41, 16, 23, 49, 27, 38, 62, 15, 42, 78, 95, 87, 71, 45, 84, 44, 7, 10, 63, 68, 40, 25, 12, 59, 11, 85, 74, 65, 50, 2, 64, 55, 82, 4, 60, 100, 17, 8, 9, 24, 81, 77, 51, 5, 93, 57, 20, 86, 90, 94, 75, 32, 67, 48, 22, 53, 98, 76, 3, 19, 99, 46, 83, 13, 92, 97, 43, 39, 28, 69, 91, 73, 37, 14, 89, 35, 70, 79, 72, 21, 47, 6, 34, 54, 96, 52, 31, 58, 88, 29, 18, 61, 36, 1, 80, 33, 56, 30, 26, 66]);
% time elapsed: 55.80 s
----------
%%%mzn-stat: initTime=0.047704898
%%%mzn-stat: objective=243
%%%mzn-stat: nodes=326736
%%%mzn-stat: restarts=141
%%%mzn-stat: peakDepth=2030
%%%mzn-stat: solveTime=53.731836169
%%%mzn-stat: variables=3259
%%%mzn-stat: propagators=7686
%%%mzn-stat: failures=112135
%%%mzn-stat: propagations=57602098
%%%mzn-stat: nogoods=112135
%%%mzn-stat: AverageConflictSize=24.303776697730413
%%%mzn-stat: NumUnitNogoodsLearned=169
%%%mzn-stat: AverageLearnedNogoodLength=86.57294332723949
%%%mzn-stat: AverageBacktrackAmount=0
%%%mzn-stat: AverageLbd=15.72457305925893
%%%mzn-stat-end
maxleg = 243;
succ = array1d(1..100,[41, 16, 23, 49, 27, 38, 62, 15, 42, 78, 95, 87, 71, 45, 84, 44, 7, 10, 76, 68, 40, 25, 12, 59, 11, 85, 74, 65, 50, 2, 64, 55, 82, 4, 60, 100, 17, 8, 9, 24, 81, 77, 51, 5, 93, 57, 20, 86, 90, 63, 75, 32, 67, 48, 22, 53, 98, 34, 3, 19, 99, 46, 83, 13, 92, 97, 43, 39, 28, 69, 91, 73, 37, 14, 89, 94, 70, 79, 72, 21, 47, 6, 35, 54, 96, 52, 31, 58, 88, 29, 18, 61, 36, 1, 80, 33, 56, 30, 26, 66]);
% time elapsed: 56.29 s
----------
%%%mzn-stat: initTime=0.047704898
%%%mzn-stat: objective=242
%%%mzn-stat: nodes=330702
%%%mzn-stat: restarts=142
%%%mzn-stat: peakDepth=2030
%%%mzn-stat: solveTime=54.643678326
%%%mzn-stat: variables=3259
%%%mzn-stat: propagators=7686
%%%mzn-stat: failures=113571
%%%mzn-stat: propagations=58364220
%%%mzn-stat: nogoods=113571
%%%mzn-stat: AverageConflictSize=24.424254431148796
%%%mzn-stat: NumUnitNogoodsLearned=169
%%%mzn-stat: AverageLearnedNogoodLength=86.89650526983121
%%%mzn-stat: AverageBacktrackAmount=0
%%%mzn-stat: AverageLbd=15.707557387009007
%%%mzn-stat-end
maxleg = 242;
succ = array1d(1..100,[41, 16, 23, 49, 27, 38, 62, 15, 42, 78, 95, 87, 71, 45, 84, 44, 7, 39, 76, 68, 40, 25, 12, 59, 11, 85, 74, 65, 50, 2, 64, 55, 82, 4, 60, 100, 17, 8, 10, 24, 81, 77, 51, 5, 93, 57, 20, 86, 88, 63, 75, 32, 67, 48, 22, 53, 98, 29, 3, 19, 99, 46, 83, 13, 92, 97, 43, 9, 28, 69, 91, 73, 37, 14, 89, 94, 70, 79, 72, 21, 47, 6, 35, 54, 96, 52, 31, 58, 90, 34, 18, 61, 36, 1, 80, 33, 56, 30, 26, 66]);
% time elapsed: 57.22 s
----------
%%%mzn-stat: initTime=0.047704898
%%%mzn-stat: objective=241
%%%mzn-stat: nodes=334710
%%%mzn-stat: restarts=144
%%%mzn-stat: peakDepth=2030
%%%mzn-stat: solveTime=55.194048514
%%%mzn-stat: variables=3259
%%%mzn-stat: propagators=7686
%%%mzn-stat: failures=114657
%%%mzn-stat: propagations=58946293
%%%mzn-stat: nogoods=114657
%%%mzn-stat: AverageConflictSize=24.44403743338828
%%%mzn-stat: NumUnitNogoodsLearned=169
%%%mzn-stat: AverageLearnedNogoodLength=86.72135150928422
%%%mzn-stat: AverageBacktrackAmount=0
%%%mzn-stat: AverageLbd=15.696224391009707
%%%mzn-stat-end
maxleg = 241;
succ = array1d(1..100,[41, 16, 23, 49, 27, 38, 62, 15, 42, 78, 31, 87, 79, 45, 84, 44, 7, 39, 76, 68, 40, 13, 12, 59, 11, 85, 74, 65, 50, 2, 64, 55, 82, 4, 60, 100, 17, 8, 10, 24, 81, 77, 51, 5, 93, 57, 20, 86, 88, 63, 75, 25, 67, 48, 22, 53, 98, 29, 3, 19, 99, 46, 83, 71, 92, 97, 43, 9, 28, 69, 91, 73, 37, 14, 89, 94, 70, 80, 72, 21, 47, 6, 35, 54, 96, 52, 95, 58, 90, 34, 18, 61, 36, 1, 32, 33, 56, 30, 26, 66]);
% time elapsed: 57.78 s
----------
%%%mzn-stat: initTime=0.047704898
%%%mzn-stat: objective=239
%%%mzn-stat: nodes=340051
%%%mzn-stat: restarts=147
%%%mzn-stat: peakDepth=2030
%%%mzn-stat: solveTime=56.401713285
%%%mzn-stat: variables=3259
%%%mzn-stat: propagators=7686
%%%mzn-stat: failures=116572
%%%mzn-stat: propagations=59906076
%%%mzn-stat: nogoods=116572
%%%mzn-stat: AverageConflictSize=24.71698177950108
%%%mzn-stat: NumUnitNogoodsLearned=169
%%%mzn-stat: AverageLearnedNogoodLength=87.25199018632262
%%%mzn-stat: AverageBacktrackAmount=0
%%%mzn-stat: AverageLbd=15.643868167312906
%%%mzn-stat-end
maxleg = 239;
succ = array1d(1..100,[68, 16, 23, 49, 27, 38, 62, 15, 42, 78, 31, 87, 10, 45, 84, 44, 7, 39, 93, 57, 81, 13, 12, 59, 11, 85, 74, 65, 50, 2, 64, 55, 82, 4, 60, 100, 17, 8, 1, 24, 91, 77, 61, 5, 92, 41, 20, 86, 88, 63, 75, 25, 67, 48, 22, 53, 98, 29, 3, 19, 99, 46, 83, 71, 51, 97, 43, 9, 28, 69, 79, 73, 37, 14, 89, 94, 70, 80, 72, 21, 47, 6, 76, 54, 96, 52, 95, 58, 90, 34, 18, 33, 36, 35, 32, 40, 56, 30, 26, 66]);
% time elapsed: 59.00 s
----------
%%%mzn-stat: initTime=0.047704898
%%%mzn-stat: objective=238
%%%mzn-stat: nodes=344083
%%%mzn-stat: restarts=150
%%%mzn-stat: peakDepth=2030
%%%mzn-stat: solveTime=56.974394636
%%%mzn-stat: variables=3259
%%%mzn-stat: propagators=7686
%%%mzn-stat: failures=117661
%%%mzn-stat: propagations=60591155
%%%mzn-stat: nogoods=117661
%%%mzn-stat: AverageConflictSize=24.613661281138185
%%%mzn-stat: NumUnitNogoodsLearned=169
%%%mzn-stat: AverageLearnedNogoodLength=87.07978854505741
%%%mzn-stat: AverageBacktrackAmount=0
%%%mzn-stat: AverageLbd=15.645277534612148
%%%mzn-stat-end
maxleg = 238;
succ = array1d(1..100,[68, 16, 23, 49, 27, 38, 62, 15, 42, 78, 31, 87, 10, 45, 84, 44, 7, 39, 93, 57, 81, 13, 12, 59, 11, 85, 74, 65, 50, 2, 64, 55, 82, 4, 60, 99, 17, 8, 1, 24, 91, 77, 61, 5, 92, 41, 20, 86, 88, 63, 75, 25, 67, 48, 22, 53, 98, 29, 3, 19, 100, 46, 83, 71, 51, 97, 43, 9, 28, 69, 79, 73, 37, 14, 89, 94, 70, 80, 72, 21, 47, 6, 76, 54, 66, 52, 95, 58, 90, 34, 18, 33, 36, 35, 32, 40, 56, 30, 26, 96]);
% time elapsed: 59.58 s
----------
%%%mzn-stat: initTime=0.047704898
%%%mzn-stat: objective=237
%%%mzn-stat: nodes=348410
%%%mzn-stat: restarts=155
%%%mzn-stat: peakDepth=2030
%%%mzn-stat: solveTime=57.255131561
%%%mzn-stat: variables=3259
%%%mzn-stat: propagators=7686
%%%mzn-stat: failures=118099
%%%mzn-stat: propagations=60867759
%%%mzn-stat: nogoods=118099
%%%mzn-stat: AverageConflictSize=24.571071727957055
%%%mzn-stat: NumUnitNogoodsLearned=169
%%%mzn-stat: AverageLearnedNogoodLength=86.98532587066784
%%%mzn-stat: AverageBacktrackAmount=0
%%%mzn-stat: AverageLbd=15.65636457548328
%%%mzn-stat-end
maxleg = 237;
succ = array1d(1..100,[68, 16, 23, 49, 27, 38, 62, 15, 42, 78, 31, 87, 10, 45, 84, 44, 7, 39, 93, 57, 81, 13, 12, 21, 11, 85, 74, 65, 50, 2, 64, 55, 82, 4, 60, 99, 17, 8, 1, 24, 91, 77, 61, 5, 92, 41, 20, 59, 88, 63, 75, 25, 67, 48, 22, 53, 98, 29, 3, 19, 100, 46, 83, 71, 51, 97, 43, 9, 28, 69, 79, 73, 37, 14, 89, 94, 70, 80, 72, 86, 47, 6, 76, 54, 66, 52, 95, 58, 90, 34, 18, 33, 36, 35, 32, 40, 56, 30, 26, 96]);
% time elapsed: 59.87 s
----------
%%%mzn-stat: initTime=0.047704898
%%%mzn-stat: objective=236
%%%mzn-stat: nodes=350944
%%%mzn-stat: restarts=158
%%%mzn-stat: peakDepth=2030
%%%mzn-stat: solveTime=57.546986228
%%%mzn-stat: variables=3259
%%%mzn-stat: propagators=7686
%%%mzn-stat: failures=118532
%%%mzn-stat: propagations=61159187
%%%mzn-stat: nogoods=118532
%%%mzn-stat: AverageConflictSize=24.553740761988323
%%%mzn-stat: NumUnitNogoodsLearned=169
%%%mzn-stat: AverageLearnedNogoodLength=86.98511794283401
%%%mzn-stat: AverageBacktrackAmount=0
%%%mzn-stat: AverageLbd=15.663871359632841
%%%mzn-stat-end
maxleg = 236;
succ = array1d(1..100,[68, 16, 23, 49, 27, 38, 62, 15, 42, 78, 31, 87, 10, 45, 84, 44, 7, 91, 93, 57, 81, 13, 12, 21, 11, 85, 74, 65, 50, 2, 64, 55, 82, 4, 60, 99, 17, 8, 1, 24, 18, 77, 61, 5, 92, 41, 20, 59, 88, 63, 75, 25, 67, 48, 22, 53, 98, 29, 3, 19, 100, 46, 83, 71, 36, 97, 43, 9, 28, 69, 79, 73, 37, 14, 89, 94, 70, 80, 72, 86, 47, 6, 76, 54, 66, 52, 95, 58, 90, 34, 39, 33, 26, 35, 32, 40, 56, 30, 51, 96]);
% time elapsed: 60.18 s
----------
%%%mzn-stat: initTime=0.047704898
%%%mzn-stat: objective=235
%%%mzn-stat: nodes=355324
%%%mzn-stat: restarts=161
%%%mzn-stat: peakDepth=2030
%%%mzn-stat: solveTime=58.271073332
%%%mzn-stat: variables=3259
%%%mzn-stat: propagators=7686
%%%mzn-stat: failures=119864
%%%mzn-stat: propagations=61889912
%%%mzn-stat: nogoods=119864
%%%mzn-stat: AverageConflictSize=24.567626643529334
%%%mzn-stat: NumUnitNogoodsLearned=169
%%%mzn-stat: AverageLearnedNogoodLength=86.92806847760795
%%%mzn-stat: AverageBacktrackAmount=0
%%%mzn-stat: AverageLbd=15.648393178936127
%%%mzn-stat-end
maxleg = 235;
succ = array1d(1..100,[68, 16, 23, 49, 27, 38, 72, 15, 42, 78, 31, 87, 10, 45, 84, 44, 62, 91, 93, 57, 81, 13, 12, 21, 11, 85, 74, 65, 50, 2, 64, 55, 82, 4, 60, 99, 17, 8, 1, 24, 18, 77, 61, 5, 92, 41, 20, 59, 88, 63, 75, 25, 67, 48, 22, 53, 98, 29, 3, 19, 100, 46, 83, 71, 36, 97, 43, 9, 28, 69, 79, 73, 37, 14, 89, 94, 70, 80, 7, 86, 47, 6, 76, 54, 66, 52, 95, 58, 90, 34, 39, 33, 26, 35, 32, 40, 56, 30, 51, 96]);
% time elapsed: 60.91 s
----------
%%%mzn-stat: initTime=0.047704898
%%%mzn-stat: objective=234
%%%mzn-stat: nodes=362145
%%%mzn-stat: restarts=162
%%%mzn-stat: peakDepth=2030
%%%mzn-stat: solveTime=59.83197506
%%%mzn-stat: variables=3259
%%%mzn-stat: propagators=7686
%%%mzn-stat: failures=123448
%%%mzn-stat: propagations=63599543
%%%mzn-stat: nogoods=123448
%%%mzn-stat: AverageConflictSize=24.520858985159744
%%%mzn-stat: NumUnitNogoodsLearned=169
%%%mzn-stat: AverageLearnedNogoodLength=86.54075400168492
%%%mzn-stat: AverageBacktrackAmount=0
%%%mzn-stat: AverageLbd=15.596542673838377
%%%mzn-stat-end
maxleg = 234;
succ = array1d(1..100,[68, 16, 23, 49, 27, 38, 72, 15, 42, 78, 22, 87, 10, 45, 84, 44, 62, 91, 93, 57, 81, 31, 12, 21, 11, 85, 74, 65, 50, 2, 64, 55, 82, 4, 60, 99, 17, 8, 1, 24, 18, 77, 61, 5, 92, 41, 20, 59, 88, 63, 75, 25, 67, 48, 13, 53, 98, 29, 3, 19, 100, 46, 83, 71, 36, 97, 43, 9, 28, 69, 79, 73, 37, 14, 89, 94, 70, 80, 7, 86, 47, 6, 76, 54, 66, 52, 95, 58, 90, 34, 39, 33, 26, 35, 32, 40, 56, 30, 51, 96]);
% time elapsed: 62.49 s
----------
%%%mzn-stat: initTime=0.047704898
%%%mzn-stat: objective=233
%%%mzn-stat: nodes=375925
%%%mzn-stat: restarts=163
%%%mzn-stat: peakDepth=2030
%%%mzn-stat: solveTime=63.462702991
%%%mzn-stat: variables=3259
%%%mzn-stat: propagators=7686
%%%mzn-stat: failures=133198
%%%mzn-stat: propagations=67396044
%%%mzn-stat: nogoods=133198
%%%mzn-stat: AverageConflictSize=24.040721332152135
%%%mzn-stat: NumUnitNogoodsLearned=169
%%%mzn-stat: AverageLearnedNogoodLength=84.60976140782894
%%%mzn-stat: AverageBacktrackAmount=0
%%%mzn-stat: AverageLbd=15.445779966666166
%%%mzn-stat-end
maxleg = 233;
succ = array1d(1..100,[68, 16, 23, 49, 27, 38, 72, 15, 42, 78, 22, 87, 10, 45, 84, 44, 62, 91, 93, 57, 81, 31, 12, 21, 11, 85, 74, 65, 50, 2, 64, 55, 82, 4, 60, 99, 17, 8, 1, 24, 18, 77, 61, 5, 92, 41, 20, 59, 88, 63, 75, 25, 67, 48, 13, 53, 98, 29, 3, 19, 100, 46, 83, 71, 36, 97, 43, 9, 28, 69, 79, 73, 37, 14, 89, 94, 70, 80, 7, 86, 47, 6, 76, 54, 66, 52, 95, 58, 90, 34, 39, 33, 26, 35, 32, 40, 56, 30, 51, 96]);
% time elapsed: 66.13 s
----------
%%%mzn-stat: initTime=0.047704898
%%%mzn-stat: objective=232
%%%mzn-stat: nodes=380110
%%%mzn-stat: restarts=164
%%%mzn-stat: peakDepth=2030
%%%mzn-stat: solveTime=64.214785884
%%%mzn-stat: variables=3259
%%%mzn-stat: propagators=7686
%%%mzn-stat: failures=134842
%%%mzn-stat: propagations=68114494
%%%mzn-stat: nogoods=134842
%%%mzn-stat: AverageConflictSize=24.00247697304994
%%%mzn-stat: NumUnitNogoodsLearned=169
%%%mzn-stat: AverageLearnedNogoodLength=84.36700731226176
%%%mzn-stat: AverageBacktrackAmount=0
%%%mzn-stat: AverageLbd=15.428086204595008
%%%mzn-stat-end
maxleg = 232;
succ = array1d(1..100,[68, 16, 23, 49, 27, 38, 72, 15, 42, 78, 22, 87, 10, 45, 84, 44, 62, 91, 93, 57, 81, 31, 12, 21, 11, 85, 74, 65, 50, 2, 64, 55, 82, 4, 60, 99, 17, 8, 1, 24, 18, 77, 61, 5, 92, 41, 20, 59, 88, 63, 75, 25, 67, 48, 13, 53, 98, 29, 3, 19, 100, 46, 83, 71, 36, 97, 43, 9, 28, 69, 79, 73, 37, 14, 89, 94, 70, 80, 7, 86, 47, 6, 76, 54, 66, 52, 95, 58, 90, 34, 39, 33, 26, 35, 32, 40, 56, 30, 51, 96]);
% time elapsed: 66.89 s
----------
%%%mzn-stat: initTime=0.047704898
%%%mzn-stat: objective=231
%%%mzn-stat: nodes=383540
%%%mzn-stat: restarts=165
%%%mzn-stat: peakDepth=2030
%%%mzn-stat: solveTime=64.782663633
%%%mzn-stat: variables=3259
%%%mzn-stat: propagators=7686
%%%mzn-stat: failures=135922
%%%mzn-stat: propagations=68521123
%%%mzn-stat: nogoods=135922
%%%mzn-stat: AverageConflictSize=24.042848104059683
%%%mzn-stat: NumUnitNogoodsLearned=169
%%%mzn-stat: AverageLearnedNogoodLength=84.41528965141772
%%%mzn-stat: AverageBacktrackAmount=0
%%%mzn-stat: AverageLbd=15.422882241285443
%%%mzn-stat-end
maxleg = 231;
succ = array1d(1..100,[68, 16, 23, 49, 27, 38, 72, 15, 42, 78, 22, 87, 10, 45, 84, 44, 62, 91, 93, 57, 81, 31, 12, 21, 11, 85, 74, 65, 50, 2, 64, 55, 82, 4, 60, 99, 17, 8, 1, 24, 18, 77, 61, 5, 92, 41, 20, 59, 88, 63, 75, 25, 67, 48, 13, 53, 98, 29, 3, 19, 100, 46, 83, 71, 36, 97, 43, 9, 28, 69, 79, 73, 37, 14, 89, 94, 70, 80, 7, 86, 47, 6, 76, 54, 66, 52, 95, 58, 90, 34, 39, 33, 26, 35, 32, 40, 56, 30, 51, 96]);
% time elapsed: 67.48 s
----------
%%%mzn-stat: initTime=0.047704898
%%%mzn-stat: objective=230
%%%mzn-stat: nodes=388186
%%%mzn-stat: restarts=170
%%%mzn-stat: peakDepth=2030
%%%mzn-stat: solveTime=65.204864813
%%%mzn-stat: variables=3259
%%%mzn-stat: propagators=7686
%%%mzn-stat: failures=136903
%%%mzn-stat: propagations=69103459
%%%mzn-stat: nogoods=136903
%%%mzn-stat: AverageConflictSize=23.940790194517287
%%%mzn-stat: NumUnitNogoodsLearned=169
%%%mzn-stat: AverageLearnedNogoodLength=84.20499185554736
%%%mzn-stat: AverageBacktrackAmount=0
%%%mzn-stat: AverageLbd=15.43577569520025
%%%mzn-stat-end
maxleg = 230;
succ = array1d(1..100,[68, 16, 86, 53, 27, 38, 72, 15, 42, 78, 31, 21, 10, 45, 84, 44, 62, 91, 88, 57, 81, 80, 22, 23, 11, 85, 74, 65, 50, 2, 95, 55, 82, 4, 60, 99, 17, 8, 1, 24, 18, 77, 61, 5, 92, 41, 20, 59, 58, 83, 75, 12, 67, 48, 13, 36, 98, 63, 3, 19, 100, 46, 90, 71, 93, 97, 43, 9, 28, 69, 79, 73, 37, 14, 89, 94, 70, 64, 7, 87, 47, 6, 76, 54, 66, 25, 52, 49, 29, 34, 39, 33, 26, 35, 32, 40, 56, 30, 51, 96]);
% time elapsed: 67.91 s
----------
