%%%mzn-stat: initTime=0.029382115
%%%mzn-stat: objective=230
%%%mzn-stat: nodes=2218
%%%mzn-stat: restarts=0
%%%mzn-stat: peakDepth=1341
%%%mzn-stat: solveTime=0.389912857
%%%mzn-stat: variables=2420
%%%mzn-stat: propagators=2021
%%%mzn-stat: failures=345
%%%mzn-stat: propagations=162814
%%%mzn-stat: nogoods=345
%%%mzn-stat: AverageConflictSize=17.568115942028985
%%%mzn-stat: NumUnitNogoodsLearned=229
%%%mzn-stat: AverageLearnedNogoodLength=30.411594202898552
%%%mzn-stat: AverageBacktrackAmount=0
%%%mzn-stat: AverageLbd=11.614492753623189
%%%mzn-stat-end
maxleg = 230;
succ = array1d(1..150,[142, 143, 149, 93, 145, 8, 79, 122, 96, 46, 31, 52, 62, 74, 150, 2, 37, 133, 83, 124, 108, 11, 24, 105, 87, 61, 138, 92, 148, 68, 64, 12, 9, 49, 111, 53, 73, 77, 98, 120, 39, 70, 97, 5, 19, 18, 147, 136, 63, 29, 4, 130, 99, 38, 95, 36, 107, 76, 119, 110, 141, 17, 88, 78, 131, 100, 90, 139, 84, 33, 101, 7, 72, 44, 51, 146, 15, 134, 55, 23, 57, 125, 94, 6, 106, 132, 140, 58, 75, 34, 104, 65, 60, 123, 22, 85, 67, 20, 43, 26, 91, 25, 144, 13, 59, 126, 117, 81, 113, 112, 41, 135, 1, 103, 21, 54, 28, 89, 115, 116, 16, 82, 27, 137, 114, 69, 42, 30, 48, 3, 66, 80, 71, 102, 45, 86, 128, 109, 10, 32, 56, 47, 35, 129, 121, 50, 14, 118, 40, 127]);
% time elapsed: 4.77 s
----------
==========
% time elapsed: 4.77 s
%%%mzn-stat: initTime=0.029382115
%%%mzn-stat: objective=230
%%%mzn-stat: nodes=2218
%%%mzn-stat: restarts=0
%%%mzn-stat: peakDepth=1341
%%%mzn-stat: solveTime=0.389926298
%%%mzn-stat: variables=2420
%%%mzn-stat: propagators=2021
%%%mzn-stat: failures=345
%%%mzn-stat: propagations=162814
%%%mzn-stat: nogoods=345
%%%mzn-stat: AverageConflictSize=17.568115942028985
%%%mzn-stat: NumUnitNogoodsLearned=229
%%%mzn-stat: AverageLearnedNogoodLength=30.411594202898552
%%%mzn-stat: AverageBacktrackAmount=0
%%%mzn-stat: AverageLbd=11.614492753623189
%%%mzn-stat-end
