% Logging successfully configured
%%%mzn-stat: initTime=0.039727202
%%%mzn-stat: objective=430
%%%mzn-stat: nodes=2320
%%%mzn-stat: restarts=0
%%%mzn-stat: peakDepth=2319
%%%mzn-stat: solveTime=0.019651064
%%%mzn-stat: variables=3315
%%%mzn-stat: propagators=2810
%%%mzn-stat: failures=1
%%%mzn-stat: propagations=9759
%%%mzn-stat: nogoods=1
%%%mzn-stat: numAtomicConstraintsPropagated=0
%%%mzn-stat: allDifferentNumber1PropagationsTotal=181
%%%mzn-stat: allDifferentNumber1PropagationsThatFoundConflict=0
%%%mzn-stat: allDifferentNumber1PropagationsThatPruned=93
%%%mzn-stat: allDifferentNumber1TotalValuesPruned=1188
%%%mzn-stat: allDifferentNumber1TotalHallSetSizeConflict=0
%%%mzn-stat: allDifferentNumber1NumberOfConflicts=0
%%%mzn-stat: allDifferentNumber1MaxHallSetSizeConflict=0
%%%mzn-stat: allDifferentNumber1TotalPruningHallSetSize=1382
%%%mzn-stat: allDifferentNumber1NumberOfPruningExplanations=1188
%%%mzn-stat: allDifferentNumber1MaxPruningHallSetSize=24
%%%mzn-stat: allDifferentNumber1TotalFixedEdgesAtConflict=0
%%%mzn-stat: allDifferentNumber1TotalVarsInvolvedInPruning=1173
%%%mzn-stat: allDifferentNumber1MaxValuesPrunedFromSingleVar=4
%%%mzn-stat: allDifferentNumber1TotalSccSizeAtPruning=237
%%%mzn-stat: allDifferentNumber1NumberOfSccPruningCalls=93
%%%mzn-stat: circuitNumber2PropagationsThatFoundConflict=1
%%%mzn-stat: circuitNumber2TotalFixedEdgesAtConflict=83
%%%mzn-stat: circuitNumber2NumberOfConflicts=1
%%%mzn-stat: circuitNumber2PropagationsThatPruned=4
%%%mzn-stat: circuitNumber2PropagationsTotal=93
%%%mzn-stat: AverageConflictSize=2
%%%mzn-stat: NumUnitNogoodsLearned=0
%%%mzn-stat: AverageLearnedNogoodLength=38
%%%mzn-stat: AverageBacktrackAmount=0
%%%mzn-stat: AverageLbd=11
%%%mzn-stat: 2AutonomousSearchNumBackupCalled=2232
%%%mzn-stat: 2AutonomousSearchNumPredicatesRemoved=0
%%%mzn-stat: 2AutonomousSearchNumCalls=2233
%%%mzn-stat: 2AutonomousSearchNumPredicatesAdded=82
%%%mzn-stat: 2AutonomousSearchAverageSizeOfHeap=0.03672189879086431
%%%mzn-stat: 2AutonomousSearchNumAssignedPredicatesEncountered=82
%%%mzn-stat-end
maxleg = 430;
succ = array1d(1..100,[3, 8, 6, 1, 4, 17, 13, 10, 5, 14, 12, 34, 19, 9, 2, 20, 18, 22, 27, 21, 25, 11, 15, 28, 23, 16, 32, 29, 7, 36, 33, 35, 37, 38, 43, 53, 39, 49, 24, 26, 30, 40, 50, 31, 44, 41, 42, 46, 54, 56, 63, 47, 57, 58, 48, 51, 52, 59, 60, 65, 45, 68, 64, 67, 62, 69, 66, 70, 80, 71, 72, 74, 61, 78, 55, 85, 92, 98, 77, 81, 75, 73, 89, 86, 88, 82, 84, 95, 97, 87, 100, 93, 83, 99, 91, 76, 96, 79, 90, 94]);
% time elapsed: 0.34 s
----------
%%%mzn-stat: initTime=0.039727202
%%%mzn-stat: objective=428
%%%mzn-stat: nodes=4667
%%%mzn-stat: restarts=0
%%%mzn-stat: peakDepth=2348
%%%mzn-stat: solveTime=0.038262633
%%%mzn-stat: variables=3315
%%%mzn-stat: propagators=2810
%%%mzn-stat: failures=1
%%%mzn-stat: propagations=14281
%%%mzn-stat: nogoods=1
%%%mzn-stat: numAtomicConstraintsPropagated=0
%%%mzn-stat: allDifferentNumber1PropagationsTotal=359
%%%mzn-stat: allDifferentNumber1PropagationsThatFoundConflict=0
%%%mzn-stat: allDifferentNumber1PropagationsThatPruned=184
%%%mzn-stat: allDifferentNumber1TotalValuesPruned=2346
%%%mzn-stat: allDifferentNumber1TotalHallSetSizeConflict=0
%%%mzn-stat: allDifferentNumber1NumberOfConflicts=0
%%%mzn-stat: allDifferentNumber1MaxHallSetSizeConflict=0
%%%mzn-stat: allDifferentNumber1TotalPruningHallSetSize=2810
%%%mzn-stat: allDifferentNumber1NumberOfPruningExplanations=2346
%%%mzn-stat: allDifferentNumber1MaxPruningHallSetSize=24
%%%mzn-stat: allDifferentNumber1TotalFixedEdgesAtConflict=0
%%%mzn-stat: allDifferentNumber1TotalVarsInvolvedInPruning=2314
%%%mzn-stat: allDifferentNumber1MaxValuesPrunedFromSingleVar=7
%%%mzn-stat: allDifferentNumber1TotalSccSizeAtPruning=466
%%%mzn-stat: allDifferentNumber1NumberOfSccPruningCalls=184
%%%mzn-stat: circuitNumber2PropagationsThatFoundConflict=1
%%%mzn-stat: circuitNumber2TotalFixedEdgesAtConflict=83
%%%mzn-stat: circuitNumber2NumberOfConflicts=1
%%%mzn-stat: circuitNumber2PropagationsThatPruned=8
%%%mzn-stat: circuitNumber2PropagationsTotal=184
%%%mzn-stat: AverageConflictSize=2
%%%mzn-stat: NumUnitNogoodsLearned=0
%%%mzn-stat: AverageLearnedNogoodLength=38
%%%mzn-stat: AverageBacktrackAmount=0
%%%mzn-stat: AverageLbd=11
%%%mzn-stat: 2AutonomousSearchNumBackupCalled=4492
%%%mzn-stat: 2AutonomousSearchNumPredicatesRemoved=0
%%%mzn-stat: 2AutonomousSearchNumCalls=4494
%%%mzn-stat: 2AutonomousSearchNumPredicatesAdded=82
%%%mzn-stat: 2AutonomousSearchAverageSizeOfHeap=0.03649310191366266
%%%mzn-stat: 2AutonomousSearchNumAssignedPredicatesEncountered=164
%%%mzn-stat-end
maxleg = 428;
succ = array1d(1..100,[3, 8, 6, 1, 4, 17, 13, 10, 5, 14, 12, 34, 19, 9, 2, 20, 18, 22, 27, 21, 25, 11, 15, 28, 23, 16, 32, 29, 7, 36, 33, 35, 37, 38, 43, 53, 39, 49, 24, 26, 30, 40, 50, 31, 44, 41, 42, 46, 54, 56, 63, 48, 57, 58, 47, 51, 55, 59, 60, 65, 45, 68, 64, 67, 62, 69, 66, 70, 80, 71, 72, 74, 61, 78, 73, 85, 52, 98, 83, 81, 82, 86, 89, 75, 88, 87, 90, 94, 97, 99, 84, 77, 92, 95, 100, 76, 96, 79, 93, 91]);
% time elapsed: 0.35 s
----------
%%%mzn-stat: initTime=0.039727202
%%%mzn-stat: objective=416
%%%mzn-stat: nodes=6925
%%%mzn-stat: restarts=0
%%%mzn-stat: peakDepth=2348
%%%mzn-stat: solveTime=0.05678399
%%%mzn-stat: variables=3315
%%%mzn-stat: propagators=2810
%%%mzn-stat: failures=1
%%%mzn-stat: propagations=18789
%%%mzn-stat: nogoods=1
%%%mzn-stat: numAtomicConstraintsPropagated=0
%%%mzn-stat: allDifferentNumber1PropagationsTotal=534
%%%mzn-stat: allDifferentNumber1PropagationsThatFoundConflict=0
%%%mzn-stat: allDifferentNumber1PropagationsThatPruned=273
%%%mzn-stat: allDifferentNumber1TotalValuesPruned=3503
%%%mzn-stat: allDifferentNumber1TotalHallSetSizeConflict=0
%%%mzn-stat: allDifferentNumber1NumberOfConflicts=0
%%%mzn-stat: allDifferentNumber1MaxHallSetSizeConflict=0
%%%mzn-stat: allDifferentNumber1TotalPruningHallSetSize=4221
%%%mzn-stat: allDifferentNumber1NumberOfPruningExplanations=3503
%%%mzn-stat: allDifferentNumber1MaxPruningHallSetSize=24
%%%mzn-stat: allDifferentNumber1TotalFixedEdgesAtConflict=0
%%%mzn-stat: allDifferentNumber1TotalVarsInvolvedInPruning=3453
%%%mzn-stat: allDifferentNumber1MaxValuesPrunedFromSingleVar=7
%%%mzn-stat: allDifferentNumber1TotalSccSizeAtPruning=685
%%%mzn-stat: allDifferentNumber1NumberOfSccPruningCalls=273
%%%mzn-stat: circuitNumber2PropagationsThatFoundConflict=1
%%%mzn-stat: circuitNumber2TotalFixedEdgesAtConflict=83
%%%mzn-stat: circuitNumber2NumberOfConflicts=1
%%%mzn-stat: circuitNumber2PropagationsThatPruned=11
%%%mzn-stat: circuitNumber2PropagationsTotal=273
%%%mzn-stat: AverageConflictSize=2
%%%mzn-stat: NumUnitNogoodsLearned=0
%%%mzn-stat: AverageLearnedNogoodLength=38
%%%mzn-stat: AverageBacktrackAmount=0
%%%mzn-stat: AverageLbd=11
%%%mzn-stat: 2AutonomousSearchNumBackupCalled=6664
%%%mzn-stat: 2AutonomousSearchNumPredicatesRemoved=0
%%%mzn-stat: 2AutonomousSearchNumCalls=6667
%%%mzn-stat: 2AutonomousSearchNumPredicatesAdded=82
%%%mzn-stat: 2AutonomousSearchAverageSizeOfHeap=0.03689815509224539
%%%mzn-stat: 2AutonomousSearchNumAssignedPredicatesEncountered=246
%%%mzn-stat-end
maxleg = 416;
succ = array1d(1..100,[3, 8, 6, 1, 4, 17, 13, 10, 5, 14, 12, 34, 19, 9, 2, 20, 18, 22, 27, 21, 25, 11, 15, 28, 23, 16, 32, 29, 7, 36, 33, 35, 37, 38, 43, 53, 39, 49, 24, 26, 30, 40, 50, 31, 44, 41, 42, 46, 54, 56, 63, 48, 57, 58, 47, 51, 55, 59, 60, 65, 45, 68, 64, 67, 62, 69, 66, 70, 80, 71, 72, 74, 61, 78, 73, 85, 52, 98, 83, 81, 82, 86, 89, 75, 96, 87, 90, 94, 97, 99, 84, 77, 92, 95, 100, 88, 76, 79, 93, 91]);
% time elapsed: 0.37 s
----------
%%%mzn-stat: initTime=0.039727202
%%%mzn-stat: objective=407
%%%mzn-stat: nodes=9170
%%%mzn-stat: restarts=0
%%%mzn-stat: peakDepth=2348
%%%mzn-stat: solveTime=0.075886976
%%%mzn-stat: variables=3315
%%%mzn-stat: propagators=2810
%%%mzn-stat: failures=2
%%%mzn-stat: propagations=23359
%%%mzn-stat: nogoods=2
%%%mzn-stat: numAtomicConstraintsPropagated=0
%%%mzn-stat: allDifferentNumber1PropagationsTotal=712
%%%mzn-stat: allDifferentNumber1PropagationsThatFoundConflict=0
%%%mzn-stat: allDifferentNumber1PropagationsThatPruned=364
%%%mzn-stat: allDifferentNumber1TotalValuesPruned=4664
%%%mzn-stat: allDifferentNumber1TotalHallSetSizeConflict=0
%%%mzn-stat: allDifferentNumber1NumberOfConflicts=0
%%%mzn-stat: allDifferentNumber1MaxHallSetSizeConflict=0
%%%mzn-stat: allDifferentNumber1TotalPruningHallSetSize=5771
%%%mzn-stat: allDifferentNumber1NumberOfPruningExplanations=4664
%%%mzn-stat: allDifferentNumber1MaxPruningHallSetSize=24
%%%mzn-stat: allDifferentNumber1TotalFixedEdgesAtConflict=0
%%%mzn-stat: allDifferentNumber1TotalVarsInvolvedInPruning=4586
%%%mzn-stat: allDifferentNumber1MaxValuesPrunedFromSingleVar=7
%%%mzn-stat: allDifferentNumber1TotalSccSizeAtPruning=975
%%%mzn-stat: allDifferentNumber1NumberOfSccPruningCalls=364
%%%mzn-stat: circuitNumber2PropagationsThatFoundConflict=2
%%%mzn-stat: circuitNumber2TotalFixedEdgesAtConflict=165
%%%mzn-stat: circuitNumber2NumberOfConflicts=2
%%%mzn-stat: circuitNumber2PropagationsThatPruned=15
%%%mzn-stat: circuitNumber2PropagationsTotal=364
%%%mzn-stat: AverageConflictSize=2.5
%%%mzn-stat: NumUnitNogoodsLearned=0
%%%mzn-stat: AverageLearnedNogoodLength=49.5
%%%mzn-stat: AverageBacktrackAmount=0
%%%mzn-stat: AverageLbd=15.5
%%%mzn-stat: 2AutonomousSearchNumBackupCalled=8822
%%%mzn-stat: 2AutonomousSearchNumPredicatesRemoved=0
%%%mzn-stat: 2AutonomousSearchNumCalls=8826
%%%mzn-stat: 2AutonomousSearchNumPredicatesAdded=180
%%%mzn-stat: 2AutonomousSearchAverageSizeOfHeap=0.045547246770904146
%%%mzn-stat: 2AutonomousSearchNumAssignedPredicatesEncountered=402
%%%mzn-stat-end
maxleg = 407;
succ = array1d(1..100,[3, 8, 6, 1, 4, 17, 13, 10, 5, 14, 12, 34, 19, 9, 2, 20, 18, 22, 27, 21, 25, 11, 15, 28, 23, 16, 32, 29, 7, 36, 33, 35, 37, 38, 43, 53, 39, 49, 24, 26, 30, 40, 50, 31, 44, 41, 42, 46, 54, 56, 63, 48, 57, 58, 47, 51, 55, 59, 60, 65, 45, 68, 64, 67, 62, 69, 66, 70, 80, 71, 72, 74, 61, 78, 73, 88, 52, 98, 83, 81, 82, 86, 89, 75, 96, 87, 90, 94, 97, 99, 84, 77, 92, 95, 100, 76, 85, 79, 93, 91]);
% time elapsed: 0.38 s
----------
%%%mzn-stat: initTime=0.039727202
%%%mzn-stat: objective=400
%%%mzn-stat: nodes=11458
%%%mzn-stat: restarts=0
%%%mzn-stat: peakDepth=2348
%%%mzn-stat: solveTime=0.097708192
%%%mzn-stat: variables=3315
%%%mzn-stat: propagators=2810
%%%mzn-stat: failures=6
%%%mzn-stat: propagations=28048
%%%mzn-stat: nogoods=6
%%%mzn-stat: numAtomicConstraintsPropagated=0
%%%mzn-stat: allDifferentNumber1PropagationsTotal=904
%%%mzn-stat: allDifferentNumber1PropagationsThatFoundConflict=0
%%%mzn-stat: allDifferentNumber1PropagationsThatPruned=462
%%%mzn-stat: allDifferentNumber1TotalValuesPruned=5878
%%%mzn-stat: allDifferentNumber1TotalHallSetSizeConflict=0
%%%mzn-stat: allDifferentNumber1NumberOfConflicts=0
%%%mzn-stat: allDifferentNumber1MaxHallSetSizeConflict=0
%%%mzn-stat: allDifferentNumber1TotalPruningHallSetSize=7404
%%%mzn-stat: allDifferentNumber1NumberOfPruningExplanations=5878
%%%mzn-stat: allDifferentNumber1MaxPruningHallSetSize=35
%%%mzn-stat: allDifferentNumber1TotalFixedEdgesAtConflict=0
%%%mzn-stat: allDifferentNumber1TotalVarsInvolvedInPruning=5766
%%%mzn-stat: allDifferentNumber1MaxValuesPrunedFromSingleVar=7
%%%mzn-stat: allDifferentNumber1TotalSccSizeAtPruning=1297
%%%mzn-stat: allDifferentNumber1NumberOfSccPruningCalls=462
%%%mzn-stat: circuitNumber2PropagationsThatFoundConflict=6
%%%mzn-stat: circuitNumber2TotalFixedEdgesAtConflict=510
%%%mzn-stat: circuitNumber2NumberOfConflicts=6
%%%mzn-stat: circuitNumber2PropagationsThatPruned=17
%%%mzn-stat: circuitNumber2PropagationsTotal=462
%%%mzn-stat: AverageConflictSize=19.833333333333332
%%%mzn-stat: NumUnitNogoodsLearned=0
%%%mzn-stat: AverageLearnedNogoodLength=61
%%%mzn-stat: AverageBacktrackAmount=0
%%%mzn-stat: AverageLbd=34.5
%%%mzn-stat: 2AutonomousSearchNumBackupCalled=11016
%%%mzn-stat: 2AutonomousSearchNumPredicatesRemoved=0
%%%mzn-stat: 2AutonomousSearchNumCalls=11021
%%%mzn-stat: 2AutonomousSearchNumPredicatesAdded=517
%%%mzn-stat: 2AutonomousSearchAverageSizeOfHeap=0.07449414753652119
%%%mzn-stat: 2AutonomousSearchNumAssignedPredicatesEncountered=821
%%%mzn-stat-end
maxleg = 400;
succ = array1d(1..100,[3, 8, 6, 1, 4, 17, 13, 10, 5, 14, 12, 34, 19, 9, 2, 20, 18, 22, 27, 21, 25, 11, 15, 28, 23, 16, 32, 29, 7, 36, 33, 35, 37, 38, 43, 53, 39, 49, 24, 26, 30, 40, 50, 31, 44, 41, 42, 46, 54, 56, 63, 48, 57, 58, 47, 51, 55, 59, 60, 65, 45, 68, 64, 96, 62, 67, 69, 70, 80, 71, 72, 74, 61, 78, 73, 88, 92, 98, 83, 81, 75, 52, 77, 66, 89, 82, 84, 94, 97, 87, 86, 93, 99, 95, 100, 85, 76, 79, 90, 91]);
% time elapsed: 0.41 s
----------
%%%mzn-stat: initTime=0.039727202
%%%mzn-stat: objective=391
%%%mzn-stat: nodes=14597
%%%mzn-stat: restarts=0
%%%mzn-stat: peakDepth=2348
%%%mzn-stat: solveTime=0.858639073
%%%mzn-stat: variables=3315
%%%mzn-stat: propagators=2810
%%%mzn-stat: failures=752
%%%mzn-stat: propagations=55106
%%%mzn-stat: nogoods=752
%%%mzn-stat: numAtomicConstraintsPropagated=0
%%%mzn-stat: allDifferentNumber1PropagationsTotal=4045
%%%mzn-stat: allDifferentNumber1PropagationsThatFoundConflict=220
%%%mzn-stat: allDifferentNumber1PropagationsThatPruned=2171
%%%mzn-stat: allDifferentNumber1TotalValuesPruned=17695
%%%mzn-stat: allDifferentNumber1TotalHallSetSizeConflict=4284
%%%mzn-stat: allDifferentNumber1NumberOfConflicts=220
%%%mzn-stat: allDifferentNumber1MaxHallSetSizeConflict=22
%%%mzn-stat: allDifferentNumber1TotalPruningHallSetSize=55434
%%%mzn-stat: allDifferentNumber1NumberOfPruningExplanations=17695
%%%mzn-stat: allDifferentNumber1MaxPruningHallSetSize=35
%%%mzn-stat: allDifferentNumber1TotalFixedEdgesAtConflict=17620
%%%mzn-stat: allDifferentNumber1TotalVarsInvolvedInPruning=14745
%%%mzn-stat: allDifferentNumber1MaxValuesPrunedFromSingleVar=7
%%%mzn-stat: allDifferentNumber1TotalSccSizeAtPruning=23793
%%%mzn-stat: allDifferentNumber1NumberOfSccPruningCalls=2171
%%%mzn-stat: circuitNumber2PropagationsThatFoundConflict=441
%%%mzn-stat: circuitNumber2TotalFixedEdgesAtConflict=37014
%%%mzn-stat: circuitNumber2NumberOfConflicts=441
%%%mzn-stat: circuitNumber2PropagationsThatPruned=367
%%%mzn-stat: circuitNumber2PropagationsTotal=2063
%%%mzn-stat: AverageConflictSize=54.392287234042556
%%%mzn-stat: NumUnitNogoodsLearned=0
%%%mzn-stat: AverageLearnedNogoodLength=97.69813829787235
%%%mzn-stat: AverageBacktrackAmount=0
%%%mzn-stat: AverageLbd=55.226063829787236
%%%mzn-stat: 2AutonomousSearchNumBackupCalled=13207
%%%mzn-stat: 2AutonomousSearchNumPredicatesRemoved=0
%%%mzn-stat: 2AutonomousSearchNumCalls=13213
%%%mzn-stat: 2AutonomousSearchNumPredicatesAdded=1540
%%%mzn-stat: 2AutonomousSearchAverageSizeOfHeap=0.14410050707636418
%%%mzn-stat: 2AutonomousSearchNumAssignedPredicatesEncountered=1904
%%%mzn-stat-end
maxleg = 391;
succ = array1d(1..100,[3, 8, 6, 1, 4, 17, 13, 10, 5, 14, 12, 34, 19, 9, 2, 20, 18, 22, 27, 21, 25, 11, 15, 28, 23, 16, 32, 29, 7, 36, 33, 35, 37, 38, 43, 53, 39, 49, 24, 26, 30, 40, 50, 31, 44, 41, 42, 46, 54, 56, 63, 48, 57, 58, 47, 51, 55, 59, 60, 65, 45, 68, 64, 96, 62, 67, 69, 70, 80, 71, 72, 76, 61, 78, 73, 88, 92, 77, 98, 81, 75, 86, 79, 66, 97, 84, 82, 95, 83, 87, 100, 93, 52, 99, 91, 85, 89, 74, 90, 94]);
% time elapsed: 1.17 s
----------
%%%mzn-stat: initTime=0.039727202
%%%mzn-stat: objective=386
%%%mzn-stat: nodes=16845
%%%mzn-stat: restarts=0
%%%mzn-stat: peakDepth=2348
%%%mzn-stat: solveTime=0.878159802
%%%mzn-stat: variables=3315
%%%mzn-stat: propagators=2810
%%%mzn-stat: failures=754
%%%mzn-stat: propagations=59725
%%%mzn-stat: nogoods=754
%%%mzn-stat: numAtomicConstraintsPropagated=0
%%%mzn-stat: allDifferentNumber1PropagationsTotal=4220
%%%mzn-stat: allDifferentNumber1PropagationsThatFoundConflict=220
%%%mzn-stat: allDifferentNumber1PropagationsThatPruned=2260
%%%mzn-stat: allDifferentNumber1TotalValuesPruned=18845
%%%mzn-stat: allDifferentNumber1TotalHallSetSizeConflict=4284
%%%mzn-stat: allDifferentNumber1NumberOfConflicts=220
%%%mzn-stat: allDifferentNumber1MaxHallSetSizeConflict=22
%%%mzn-stat: allDifferentNumber1TotalPruningHallSetSize=56939
%%%mzn-stat: allDifferentNumber1NumberOfPruningExplanations=18845
%%%mzn-stat: allDifferentNumber1MaxPruningHallSetSize=35
%%%mzn-stat: allDifferentNumber1TotalFixedEdgesAtConflict=17620
%%%mzn-stat: allDifferentNumber1TotalVarsInvolvedInPruning=15874
%%%mzn-stat: allDifferentNumber1MaxValuesPrunedFromSingleVar=7
%%%mzn-stat: allDifferentNumber1TotalSccSizeAtPruning=24101
%%%mzn-stat: allDifferentNumber1NumberOfSccPruningCalls=2260
%%%mzn-stat: circuitNumber2PropagationsThatFoundConflict=443
%%%mzn-stat: circuitNumber2TotalFixedEdgesAtConflict=37183
%%%mzn-stat: circuitNumber2NumberOfConflicts=443
%%%mzn-stat: circuitNumber2PropagationsThatPruned=369
%%%mzn-stat: circuitNumber2PropagationsTotal=2152
%%%mzn-stat: AverageConflictSize=54.255968169761275
%%%mzn-stat: NumUnitNogoodsLearned=0
%%%mzn-stat: AverageLearnedNogoodLength=97.59151193633953
%%%mzn-stat: AverageBacktrackAmount=0
%%%mzn-stat: AverageLbd=55.12997347480106
%%%mzn-stat: 2AutonomousSearchNumBackupCalled=15369
%%%mzn-stat: 2AutonomousSearchNumPredicatesRemoved=0
%%%mzn-stat: 2AutonomousSearchNumCalls=15376
%%%mzn-stat: 2AutonomousSearchNumPredicatesAdded=1642
%%%mzn-stat: 2AutonomousSearchAverageSizeOfHeap=0.19426378772112382
%%%mzn-stat: 2AutonomousSearchNumAssignedPredicatesEncountered=2987
%%%mzn-stat-end
maxleg = 386;
succ = array1d(1..100,[3, 8, 6, 1, 4, 17, 13, 10, 5, 14, 12, 34, 19, 9, 2, 20, 18, 22, 27, 21, 25, 11, 15, 28, 23, 16, 32, 29, 7, 36, 33, 35, 37, 38, 43, 53, 39, 49, 24, 26, 30, 40, 50, 31, 44, 41, 42, 46, 54, 56, 63, 48, 57, 58, 47, 51, 55, 59, 60, 65, 45, 68, 64, 96, 62, 67, 69, 70, 80, 71, 72, 76, 61, 78, 73, 88, 92, 98, 77, 81, 75, 86, 74, 66, 97, 84, 82, 95, 83, 87, 100, 93, 52, 99, 91, 85, 89, 79, 90, 94]);
% time elapsed: 1.20 s
----------
%%%mzn-stat: initTime=0.039727202
%%%mzn-stat: objective=378
%%%mzn-stat: nodes=19025
%%%mzn-stat: restarts=0
%%%mzn-stat: peakDepth=2348
%%%mzn-stat: solveTime=0.897286255
%%%mzn-stat: variables=3315
%%%mzn-stat: propagators=2810
%%%mzn-stat: failures=754
%%%mzn-stat: propagations=64255
%%%mzn-stat: nogoods=754
%%%mzn-stat: numAtomicConstraintsPropagated=0
%%%mzn-stat: allDifferentNumber1PropagationsTotal=4393
%%%mzn-stat: allDifferentNumber1PropagationsThatFoundConflict=220
%%%mzn-stat: allDifferentNumber1PropagationsThatPruned=2348
%%%mzn-stat: allDifferentNumber1TotalValuesPruned=19969
%%%mzn-stat: allDifferentNumber1TotalHallSetSizeConflict=4284
%%%mzn-stat: allDifferentNumber1NumberOfConflicts=220
%%%mzn-stat: allDifferentNumber1MaxHallSetSizeConflict=22
%%%mzn-stat: allDifferentNumber1TotalPruningHallSetSize=58434
%%%mzn-stat: allDifferentNumber1NumberOfPruningExplanations=19969
%%%mzn-stat: allDifferentNumber1MaxPruningHallSetSize=35
%%%mzn-stat: allDifferentNumber1TotalFixedEdgesAtConflict=17620
%%%mzn-stat: allDifferentNumber1TotalVarsInvolvedInPruning=16981
%%%mzn-stat: allDifferentNumber1MaxValuesPrunedFromSingleVar=7
%%%mzn-stat: allDifferentNumber1TotalSccSizeAtPruning=24381
%%%mzn-stat: allDifferentNumber1NumberOfSccPruningCalls=2348
%%%mzn-stat: circuitNumber2PropagationsThatFoundConflict=443
%%%mzn-stat: circuitNumber2TotalFixedEdgesAtConflict=37183
%%%mzn-stat: circuitNumber2NumberOfConflicts=443
%%%mzn-stat: circuitNumber2PropagationsThatPruned=373
%%%mzn-stat: circuitNumber2PropagationsTotal=2240
%%%mzn-stat: AverageConflictSize=54.255968169761275
%%%mzn-stat: NumUnitNogoodsLearned=0
%%%mzn-stat: AverageLearnedNogoodLength=97.59151193633953
%%%mzn-stat: AverageBacktrackAmount=0
%%%mzn-stat: AverageLbd=55.12997347480106
%%%mzn-stat: 2AutonomousSearchNumBackupCalled=17465
%%%mzn-stat: 2AutonomousSearchNumPredicatesRemoved=0
%%%mzn-stat: 2AutonomousSearchNumCalls=17473
%%%mzn-stat: 2AutonomousSearchNumPredicatesAdded=1642
%%%mzn-stat: 2AutonomousSearchAverageSizeOfHeap=0.2329308075316202
%%%mzn-stat: 2AutonomousSearchNumAssignedPredicatesEncountered=4070
%%%mzn-stat-end
maxleg = 378;
succ = array1d(1..100,[3, 8, 6, 1, 4, 17, 13, 10, 5, 14, 12, 34, 19, 9, 2, 20, 18, 22, 32, 21, 25, 11, 15, 28, 23, 16, 7, 27, 31, 36, 33, 35, 37, 38, 43, 53, 39, 49, 24, 26, 30, 40, 50, 42, 44, 41, 45, 46, 54, 56, 29, 48, 57, 58, 47, 59, 55, 60, 63, 65, 73, 68, 64, 96, 62, 67, 51, 70, 66, 71, 72, 74, 75, 78, 81, 80, 83, 98, 77, 69, 82, 86, 89, 61, 88, 87, 90, 94, 97, 99, 95, 52, 92, 100, 84, 85, 76, 79, 93, 91]);
% time elapsed: 1.22 s
----------
%%%mzn-stat: initTime=0.039727202
%%%mzn-stat: objective=377
%%%mzn-stat: nodes=21241
%%%mzn-stat: restarts=0
%%%mzn-stat: peakDepth=2348
%%%mzn-stat: solveTime=0.922573934
%%%mzn-stat: variables=3315
%%%mzn-stat: propagators=2810
%%%mzn-stat: failures=762
%%%mzn-stat: propagations=69040
%%%mzn-stat: nogoods=762
%%%mzn-stat: numAtomicConstraintsPropagated=0
%%%mzn-stat: allDifferentNumber1PropagationsTotal=4591
%%%mzn-stat: allDifferentNumber1PropagationsThatFoundConflict=220
%%%mzn-stat: allDifferentNumber1PropagationsThatPruned=2450
%%%mzn-stat: allDifferentNumber1TotalValuesPruned=21168
%%%mzn-stat: allDifferentNumber1TotalHallSetSizeConflict=4284
%%%mzn-stat: allDifferentNumber1NumberOfConflicts=220
%%%mzn-stat: allDifferentNumber1MaxHallSetSizeConflict=22
%%%mzn-stat: allDifferentNumber1TotalPruningHallSetSize=60784
%%%mzn-stat: allDifferentNumber1NumberOfPruningExplanations=21168
%%%mzn-stat: allDifferentNumber1MaxPruningHallSetSize=42
%%%mzn-stat: allDifferentNumber1TotalFixedEdgesAtConflict=17620
%%%mzn-stat: allDifferentNumber1TotalVarsInvolvedInPruning=18133
%%%mzn-stat: allDifferentNumber1MaxValuesPrunedFromSingleVar=7
%%%mzn-stat: allDifferentNumber1TotalSccSizeAtPruning=25044
%%%mzn-stat: allDifferentNumber1NumberOfSccPruningCalls=2450
%%%mzn-stat: circuitNumber2PropagationsThatFoundConflict=451
%%%mzn-stat: circuitNumber2TotalFixedEdgesAtConflict=37874
%%%mzn-stat: circuitNumber2NumberOfConflicts=451
%%%mzn-stat: circuitNumber2PropagationsThatPruned=383
%%%mzn-stat: circuitNumber2PropagationsTotal=2344
%%%mzn-stat: AverageConflictSize=53.960629921259844
%%%mzn-stat: NumUnitNogoodsLearned=0
%%%mzn-stat: AverageLearnedNogoodLength=97.33333333333333
%%%mzn-stat: AverageBacktrackAmount=0
%%%mzn-stat: AverageLbd=54.9238845144357
%%%mzn-stat: 2AutonomousSearchNumBackupCalled=19591
%%%mzn-stat: 2AutonomousSearchNumPredicatesRemoved=0
%%%mzn-stat: 2AutonomousSearchNumCalls=19600
%%%mzn-stat: 2AutonomousSearchNumPredicatesAdded=2252
%%%mzn-stat: 2AutonomousSearchAverageSizeOfHeap=0.2713265306122449
%%%mzn-stat: 2AutonomousSearchNumAssignedPredicatesEncountered=5318
%%%mzn-stat-end
maxleg = 377;
succ = array1d(1..100,[3, 8, 6, 1, 4, 17, 13, 10, 5, 14, 12, 34, 19, 9, 2, 20, 18, 22, 32, 21, 25, 11, 15, 28, 23, 16, 7, 27, 31, 36, 33, 35, 37, 38, 43, 53, 39, 49, 24, 26, 30, 40, 50, 42, 44, 41, 45, 46, 54, 56, 29, 48, 57, 58, 47, 59, 55, 60, 96, 63, 73, 65, 51, 67, 68, 69, 66, 70, 80, 71, 72, 74, 75, 78, 81, 85, 92, 98, 77, 84, 82, 86, 62, 61, 97, 87, 90, 76, 83, 99, 95, 93, 52, 100, 88, 64, 89, 79, 94, 91]);
% time elapsed: 1.25 s
----------
%%%mzn-stat: initTime=0.039727202
%%%mzn-stat: objective=367
%%%mzn-stat: nodes=23495
%%%mzn-stat: restarts=0
%%%mzn-stat: peakDepth=2348
%%%mzn-stat: solveTime=0.948550037
%%%mzn-stat: variables=3315
%%%mzn-stat: propagators=2810
%%%mzn-stat: failures=771
%%%mzn-stat: propagations=74076
%%%mzn-stat: nogoods=771
%%%mzn-stat: numAtomicConstraintsPropagated=0
%%%mzn-stat: allDifferentNumber1PropagationsTotal=4816
%%%mzn-stat: allDifferentNumber1PropagationsThatFoundConflict=220
%%%mzn-stat: allDifferentNumber1PropagationsThatPruned=2566
%%%mzn-stat: allDifferentNumber1TotalValuesPruned=22392
%%%mzn-stat: allDifferentNumber1TotalHallSetSizeConflict=4284
%%%mzn-stat: allDifferentNumber1NumberOfConflicts=220
%%%mzn-stat: allDifferentNumber1MaxHallSetSizeConflict=22
%%%mzn-stat: allDifferentNumber1TotalPruningHallSetSize=63009
%%%mzn-stat: allDifferentNumber1NumberOfPruningExplanations=22392
%%%mzn-stat: allDifferentNumber1MaxPruningHallSetSize=42
%%%mzn-stat: allDifferentNumber1TotalFixedEdgesAtConflict=17620
%%%mzn-stat: allDifferentNumber1TotalVarsInvolvedInPruning=19319
%%%mzn-stat: allDifferentNumber1MaxValuesPrunedFromSingleVar=7
%%%mzn-stat: allDifferentNumber1TotalSccSizeAtPruning=25748
%%%mzn-stat: allDifferentNumber1NumberOfSccPruningCalls=2566
%%%mzn-stat: circuitNumber2PropagationsThatFoundConflict=460
%%%mzn-stat: circuitNumber2TotalFixedEdgesAtConflict=38626
%%%mzn-stat: circuitNumber2NumberOfConflicts=460
%%%mzn-stat: circuitNumber2PropagationsThatPruned=394
%%%mzn-stat: circuitNumber2PropagationsTotal=2462
%%%mzn-stat: AverageConflictSize=53.62775616083009
%%%mzn-stat: NumUnitNogoodsLearned=0
%%%mzn-stat: AverageLearnedNogoodLength=96.87029831387808
%%%mzn-stat: AverageBacktrackAmount=0
%%%mzn-stat: AverageLbd=54.63683527885863
%%%mzn-stat: 2AutonomousSearchNumBackupCalled=21745
%%%mzn-stat: 2AutonomousSearchNumPredicatesRemoved=0
%%%mzn-stat: 2AutonomousSearchNumCalls=21755
%%%mzn-stat: 2AutonomousSearchNumPredicatesAdded=2826
%%%mzn-stat: 2AutonomousSearchAverageSizeOfHeap=0.30324063433693405
%%%mzn-stat: 2AutonomousSearchNumAssignedPredicatesEncountered=6597
%%%mzn-stat-end
maxleg = 367;
succ = array1d(1..100,[3, 8, 6, 1, 4, 17, 13, 10, 5, 14, 12, 34, 19, 9, 2, 20, 18, 22, 32, 21, 25, 11, 15, 28, 23, 16, 7, 27, 31, 36, 33, 35, 37, 38, 43, 53, 39, 49, 24, 26, 30, 40, 50, 42, 44, 41, 45, 46, 54, 56, 29, 48, 57, 58, 47, 59, 55, 60, 96, 63, 73, 65, 51, 67, 68, 69, 66, 70, 80, 71, 72, 74, 75, 79, 81, 85, 92, 77, 98, 84, 82, 86, 62, 61, 97, 87, 90, 76, 83, 99, 95, 93, 52, 100, 88, 64, 89, 78, 94, 91]);
% time elapsed: 1.28 s
----------
%%%mzn-stat: initTime=0.039727202
%%%mzn-stat: objective=362
%%%mzn-stat: nodes=25731
%%%mzn-stat: restarts=0
%%%mzn-stat: peakDepth=2348
%%%mzn-stat: solveTime=0.975116584
%%%mzn-stat: variables=3315
%%%mzn-stat: propagators=2810
%%%mzn-stat: failures=779
%%%mzn-stat: propagations=79103
%%%mzn-stat: nogoods=779
%%%mzn-stat: numAtomicConstraintsPropagated=0
%%%mzn-stat: allDifferentNumber1PropagationsTotal=5033
%%%mzn-stat: allDifferentNumber1PropagationsThatFoundConflict=220
%%%mzn-stat: allDifferentNumber1PropagationsThatPruned=2681
%%%mzn-stat: allDifferentNumber1TotalValuesPruned=23613
%%%mzn-stat: allDifferentNumber1TotalHallSetSizeConflict=4284
%%%mzn-stat: allDifferentNumber1NumberOfConflicts=220
%%%mzn-stat: allDifferentNumber1MaxHallSetSizeConflict=22
%%%mzn-stat: allDifferentNumber1TotalPruningHallSetSize=65073
%%%mzn-stat: allDifferentNumber1NumberOfPruningExplanations=23613
%%%mzn-stat: allDifferentNumber1MaxPruningHallSetSize=42
%%%mzn-stat: allDifferentNumber1TotalFixedEdgesAtConflict=17620
%%%mzn-stat: allDifferentNumber1TotalVarsInvolvedInPruning=20496
%%%mzn-stat: allDifferentNumber1MaxValuesPrunedFromSingleVar=7
%%%mzn-stat: allDifferentNumber1TotalSccSizeAtPruning=26383
%%%mzn-stat: allDifferentNumber1NumberOfSccPruningCalls=2681
%%%mzn-stat: circuitNumber2PropagationsThatFoundConflict=468
%%%mzn-stat: circuitNumber2TotalFixedEdgesAtConflict=39329
%%%mzn-stat: circuitNumber2NumberOfConflicts=468
%%%mzn-stat: circuitNumber2PropagationsThatPruned=407
%%%mzn-stat: circuitNumber2PropagationsTotal=2578
%%%mzn-stat: AverageConflictSize=53.48652118100129
%%%mzn-stat: NumUnitNogoodsLearned=0
%%%mzn-stat: AverageLearnedNogoodLength=96.46726572528883
%%%mzn-stat: AverageBacktrackAmount=0
%%%mzn-stat: AverageLbd=54.481386392811295
%%%mzn-stat: 2AutonomousSearchNumBackupCalled=23881
%%%mzn-stat: 2AutonomousSearchNumPredicatesRemoved=0
%%%mzn-stat: 2AutonomousSearchNumCalls=23892
%%%mzn-stat: 2AutonomousSearchNumPredicatesAdded=3215
%%%mzn-stat: 2AutonomousSearchAverageSizeOfHeap=0.33165913276410514
%%%mzn-stat: 2AutonomousSearchNumAssignedPredicatesEncountered=7924
%%%mzn-stat-end
maxleg = 362;
succ = array1d(1..100,[3, 8, 6, 1, 4, 17, 13, 10, 5, 14, 12, 34, 19, 9, 2, 20, 18, 22, 32, 21, 25, 30, 15, 28, 23, 16, 7, 27, 31, 36, 33, 35, 37, 38, 43, 53, 39, 49, 24, 26, 40, 41, 50, 42, 44, 47, 45, 46, 54, 11, 29, 48, 57, 58, 52, 51, 68, 59, 96, 63, 73, 65, 56, 67, 60, 69, 66, 62, 80, 71, 72, 74, 75, 79, 55, 85, 92, 77, 98, 76, 61, 81, 70, 86, 97, 87, 90, 95, 83, 82, 100, 93, 99, 88, 91, 64, 89, 78, 94, 84]);
% time elapsed: 1.31 s
----------
%%%mzn-stat: initTime=0.039727202
%%%mzn-stat: objective=361
%%%mzn-stat: nodes=27904
%%%mzn-stat: restarts=0
%%%mzn-stat: peakDepth=2348
%%%mzn-stat: solveTime=0.995796594
%%%mzn-stat: variables=3315
%%%mzn-stat: propagators=2810
%%%mzn-stat: failures=780
%%%mzn-stat: propagations=83675
%%%mzn-stat: nogoods=780
%%%mzn-stat: numAtomicConstraintsPropagated=0
%%%mzn-stat: allDifferentNumber1PropagationsTotal=5210
%%%mzn-stat: allDifferentNumber1PropagationsThatFoundConflict=220
%%%mzn-stat: allDifferentNumber1PropagationsThatPruned=2772
%%%mzn-stat: allDifferentNumber1TotalValuesPruned=24703
%%%mzn-stat: allDifferentNumber1TotalHallSetSizeConflict=4284
%%%mzn-stat: allDifferentNumber1NumberOfConflicts=220
%%%mzn-stat: allDifferentNumber1MaxHallSetSizeConflict=22
%%%mzn-stat: allDifferentNumber1TotalPruningHallSetSize=66717
%%%mzn-stat: allDifferentNumber1NumberOfPruningExplanations=24703
%%%mzn-stat: allDifferentNumber1MaxPruningHallSetSize=55
%%%mzn-stat: allDifferentNumber1TotalFixedEdgesAtConflict=17620
%%%mzn-stat: allDifferentNumber1TotalVarsInvolvedInPruning=21570
%%%mzn-stat: allDifferentNumber1MaxValuesPrunedFromSingleVar=9
%%%mzn-stat: allDifferentNumber1TotalSccSizeAtPruning=26675
%%%mzn-stat: allDifferentNumber1NumberOfSccPruningCalls=2772
%%%mzn-stat: circuitNumber2PropagationsThatFoundConflict=469
%%%mzn-stat: circuitNumber2TotalFixedEdgesAtConflict=39424
%%%mzn-stat: circuitNumber2NumberOfConflicts=469
%%%mzn-stat: circuitNumber2PropagationsThatPruned=413
%%%mzn-stat: circuitNumber2PropagationsTotal=2670
%%%mzn-stat: AverageConflictSize=53.53974358974359
%%%mzn-stat: NumUnitNogoodsLearned=0
%%%mzn-stat: AverageLearnedNogoodLength=96.47051282051282
%%%mzn-stat: AverageBacktrackAmount=0
%%%mzn-stat: AverageLbd=54.51923076923077
%%%mzn-stat: 2AutonomousSearchNumBackupCalled=25970
%%%mzn-stat: 2AutonomousSearchNumPredicatesRemoved=0
%%%mzn-stat: 2AutonomousSearchNumCalls=25982
%%%mzn-stat: 2AutonomousSearchNumPredicatesAdded=3332
%%%mzn-stat: 2AutonomousSearchAverageSizeOfHeap=0.3562851204680163
%%%mzn-stat: 2AutonomousSearchNumAssignedPredicatesEncountered=9257
%%%mzn-stat-end
maxleg = 361;
succ = array1d(1..100,[3, 8, 6, 1, 4, 17, 13, 10, 5, 14, 12, 34, 19, 9, 2, 20, 18, 22, 32, 21, 25, 30, 15, 28, 23, 16, 7, 27, 31, 36, 33, 35, 37, 38, 43, 53, 39, 49, 24, 26, 40, 41, 59, 42, 44, 47, 45, 46, 50, 54, 29, 48, 57, 58, 52, 51, 68, 60, 96, 63, 73, 11, 56, 67, 62, 69, 66, 65, 80, 71, 72, 74, 75, 79, 55, 85, 92, 77, 98, 76, 61, 81, 70, 86, 97, 87, 90, 95, 83, 82, 100, 93, 99, 88, 91, 64, 89, 78, 94, 84]);
% time elapsed: 1.33 s
----------
%%%mzn-stat: initTime=0.039727202
%%%mzn-stat: objective=350
%%%mzn-stat: nodes=30082
%%%mzn-stat: restarts=0
%%%mzn-stat: peakDepth=2348
%%%mzn-stat: solveTime=1.014973513
%%%mzn-stat: variables=3315
%%%mzn-stat: propagators=2810
%%%mzn-stat: failures=780
%%%mzn-stat: propagations=88297
%%%mzn-stat: nogoods=780
%%%mzn-stat: numAtomicConstraintsPropagated=0
%%%mzn-stat: allDifferentNumber1PropagationsTotal=5386
%%%mzn-stat: allDifferentNumber1PropagationsThatFoundConflict=220
%%%mzn-stat: allDifferentNumber1PropagationsThatPruned=2861
%%%mzn-stat: allDifferentNumber1TotalValuesPruned=25787
%%%mzn-stat: allDifferentNumber1TotalHallSetSizeConflict=4284
%%%mzn-stat: allDifferentNumber1NumberOfConflicts=220
%%%mzn-stat: allDifferentNumber1MaxHallSetSizeConflict=22
%%%mzn-stat: allDifferentNumber1TotalPruningHallSetSize=68354
%%%mzn-stat: allDifferentNumber1NumberOfPruningExplanations=25787
%%%mzn-stat: allDifferentNumber1MaxPruningHallSetSize=55
%%%mzn-stat: allDifferentNumber1TotalFixedEdgesAtConflict=17620
%%%mzn-stat: allDifferentNumber1TotalVarsInvolvedInPruning=22639
%%%mzn-stat: allDifferentNumber1MaxValuesPrunedFromSingleVar=9
%%%mzn-stat: allDifferentNumber1TotalSccSizeAtPruning=26949
%%%mzn-stat: allDifferentNumber1NumberOfSccPruningCalls=2861
%%%mzn-stat: circuitNumber2PropagationsThatFoundConflict=469
%%%mzn-stat: circuitNumber2TotalFixedEdgesAtConflict=39424
%%%mzn-stat: circuitNumber2NumberOfConflicts=469
%%%mzn-stat: circuitNumber2PropagationsThatPruned=416
%%%mzn-stat: circuitNumber2PropagationsTotal=2759
%%%mzn-stat: AverageConflictSize=53.53974358974359
%%%mzn-stat: NumUnitNogoodsLearned=0
%%%mzn-stat: AverageLearnedNogoodLength=96.47051282051282
%%%mzn-stat: AverageBacktrackAmount=0
%%%mzn-stat: AverageLbd=54.51923076923077
%%%mzn-stat: 2AutonomousSearchNumBackupCalled=28062
%%%mzn-stat: 2AutonomousSearchNumPredicatesRemoved=0
%%%mzn-stat: 2AutonomousSearchNumCalls=28075
%%%mzn-stat: 2AutonomousSearchNumPredicatesAdded=3332
%%%mzn-stat: 2AutonomousSearchAverageSizeOfHeap=0.3772039180765806
%%%mzn-stat: 2AutonomousSearchNumAssignedPredicatesEncountered=10590
%%%mzn-stat-end
maxleg = 350;
succ = array1d(1..100,[3, 8, 6, 1, 4, 17, 13, 10, 5, 14, 12, 34, 19, 9, 2, 20, 18, 22, 32, 21, 25, 30, 15, 28, 23, 16, 7, 27, 31, 36, 33, 35, 37, 38, 43, 53, 39, 49, 24, 26, 40, 41, 59, 42, 44, 47, 45, 46, 50, 54, 29, 48, 57, 58, 52, 51, 68, 60, 96, 63, 73, 11, 56, 67, 62, 69, 66, 65, 80, 71, 72, 74, 75, 79, 55, 85, 92, 77, 98, 76, 61, 81, 70, 87, 97, 90, 82, 95, 83, 84, 86, 93, 99, 88, 100, 64, 89, 78, 94, 91]);
% time elapsed: 1.36 s
----------
%%%mzn-stat: initTime=0.039727202
%%%mzn-stat: objective=345
%%%mzn-stat: nodes=32231
%%%mzn-stat: restarts=0
%%%mzn-stat: peakDepth=2348
%%%mzn-stat: solveTime=1.046306414
%%%mzn-stat: variables=3315
%%%mzn-stat: propagators=2810
%%%mzn-stat: failures=790
%%%mzn-stat: propagations=93324
%%%mzn-stat: nogoods=790
%%%mzn-stat: numAtomicConstraintsPropagated=0
%%%mzn-stat: allDifferentNumber1PropagationsTotal=5598
%%%mzn-stat: allDifferentNumber1PropagationsThatFoundConflict=220
%%%mzn-stat: allDifferentNumber1PropagationsThatPruned=2969
%%%mzn-stat: allDifferentNumber1TotalValuesPruned=26961
%%%mzn-stat: allDifferentNumber1TotalHallSetSizeConflict=4284
%%%mzn-stat: allDifferentNumber1NumberOfConflicts=220
%%%mzn-stat: allDifferentNumber1MaxHallSetSizeConflict=22
%%%mzn-stat: allDifferentNumber1TotalPruningHallSetSize=69884
%%%mzn-stat: allDifferentNumber1NumberOfPruningExplanations=26961
%%%mzn-stat: allDifferentNumber1MaxPruningHallSetSize=63
%%%mzn-stat: allDifferentNumber1TotalFixedEdgesAtConflict=17620
%%%mzn-stat: allDifferentNumber1TotalVarsInvolvedInPruning=23787
%%%mzn-stat: allDifferentNumber1MaxValuesPrunedFromSingleVar=9
%%%mzn-stat: allDifferentNumber1TotalSccSizeAtPruning=27348
%%%mzn-stat: allDifferentNumber1NumberOfSccPruningCalls=2969
%%%mzn-stat: circuitNumber2PropagationsThatFoundConflict=479
%%%mzn-stat: circuitNumber2TotalFixedEdgesAtConflict=40319
%%%mzn-stat: circuitNumber2NumberOfConflicts=479
%%%mzn-stat: circuitNumber2PropagationsThatPruned=425
%%%mzn-stat: circuitNumber2PropagationsTotal=2872
%%%mzn-stat: AverageConflictSize=53.778481012658226
%%%mzn-stat: NumUnitNogoodsLearned=0
%%%mzn-stat: AverageLearnedNogoodLength=96.28987341772152
%%%mzn-stat: AverageBacktrackAmount=0
%%%mzn-stat: AverageLbd=54.675949367088606
%%%mzn-stat: 2AutonomousSearchNumBackupCalled=30111
%%%mzn-stat: 2AutonomousSearchNumPredicatesRemoved=0
%%%mzn-stat: 2AutonomousSearchNumCalls=30125
%%%mzn-stat: 2AutonomousSearchNumPredicatesAdded=3828
%%%mzn-stat: 2AutonomousSearchAverageSizeOfHeap=0.3983402489626556
%%%mzn-stat: 2AutonomousSearchNumAssignedPredicatesEncountered=12000
%%%mzn-stat-end
maxleg = 345;
succ = array1d(1..100,[3, 8, 6, 1, 4, 17, 13, 10, 5, 14, 12, 34, 19, 9, 2, 20, 18, 22, 32, 21, 25, 30, 15, 28, 23, 16, 7, 27, 31, 36, 33, 35, 37, 38, 43, 53, 39, 49, 24, 26, 40, 41, 96, 42, 44, 47, 45, 46, 50, 54, 29, 48, 57, 58, 52, 51, 68, 60, 63, 65, 73, 11, 64, 67, 70, 69, 66, 62, 80, 71, 72, 74, 75, 79, 55, 56, 92, 77, 98, 81, 82, 87, 89, 61, 76, 90, 86, 95, 97, 99, 100, 93, 83, 88, 91, 59, 85, 78, 94, 84]);
% time elapsed: 1.39 s
----------
%%%mzn-stat: initTime=0.039727202
%%%mzn-stat: objective=332
%%%mzn-stat: nodes=34323
%%%mzn-stat: restarts=0
%%%mzn-stat: peakDepth=2348
%%%mzn-stat: solveTime=1.065317373
%%%mzn-stat: variables=3315
%%%mzn-stat: propagators=2810
%%%mzn-stat: failures=791
%%%mzn-stat: propagations=98028
%%%mzn-stat: nogoods=791
%%%mzn-stat: numAtomicConstraintsPropagated=0
%%%mzn-stat: allDifferentNumber1PropagationsTotal=5773
%%%mzn-stat: allDifferentNumber1PropagationsThatFoundConflict=220
%%%mzn-stat: allDifferentNumber1PropagationsThatPruned=3058
%%%mzn-stat: allDifferentNumber1TotalValuesPruned=28027
%%%mzn-stat: allDifferentNumber1TotalHallSetSizeConflict=4284
%%%mzn-stat: allDifferentNumber1NumberOfConflicts=220
%%%mzn-stat: allDifferentNumber1MaxHallSetSizeConflict=22
%%%mzn-stat: allDifferentNumber1TotalPruningHallSetSize=71219
%%%mzn-stat: allDifferentNumber1NumberOfPruningExplanations=28027
%%%mzn-stat: allDifferentNumber1MaxPruningHallSetSize=63
%%%mzn-stat: allDifferentNumber1TotalFixedEdgesAtConflict=17620
%%%mzn-stat: allDifferentNumber1TotalVarsInvolvedInPruning=24837
%%%mzn-stat: allDifferentNumber1MaxValuesPrunedFromSingleVar=9
%%%mzn-stat: allDifferentNumber1TotalSccSizeAtPruning=27701
%%%mzn-stat: allDifferentNumber1NumberOfSccPruningCalls=3058
%%%mzn-stat: circuitNumber2PropagationsThatFoundConflict=480
%%%mzn-stat: circuitNumber2TotalFixedEdgesAtConflict=40405
%%%mzn-stat: circuitNumber2NumberOfConflicts=480
%%%mzn-stat: circuitNumber2PropagationsThatPruned=427
%%%mzn-stat: circuitNumber2PropagationsTotal=2961
%%%mzn-stat: AverageConflictSize=53.713021491782555
%%%mzn-stat: NumUnitNogoodsLearned=0
%%%mzn-stat: AverageLearnedNogoodLength=96.25284450063211
%%%mzn-stat: AverageBacktrackAmount=0
%%%mzn-stat: AverageLbd=54.62958280657396
%%%mzn-stat: 2AutonomousSearchNumBackupCalled=32117
%%%mzn-stat: 2AutonomousSearchNumPredicatesRemoved=0
%%%mzn-stat: 2AutonomousSearchNumCalls=32132
%%%mzn-stat: 2AutonomousSearchNumPredicatesAdded=3939
%%%mzn-stat: 2AutonomousSearchAverageSizeOfHeap=0.4176210631146521
%%%mzn-stat: 2AutonomousSearchNumAssignedPredicatesEncountered=13419
%%%mzn-stat-end
maxleg = 332;
succ = array1d(1..100,[3, 8, 6, 1, 4, 17, 13, 10, 5, 14, 12, 34, 19, 9, 2, 20, 18, 22, 32, 21, 25, 30, 15, 28, 23, 16, 7, 27, 31, 36, 33, 35, 37, 38, 43, 53, 39, 49, 24, 26, 40, 41, 96, 42, 44, 47, 45, 46, 50, 54, 29, 48, 57, 58, 52, 51, 68, 60, 63, 65, 73, 11, 64, 67, 70, 86, 66, 62, 56, 71, 72, 74, 75, 79, 55, 80, 92, 77, 98, 69, 61, 81, 89, 87, 76, 91, 82, 94, 97, 84, 95, 93, 83, 99, 100, 59, 85, 78, 90, 88]);
% time elapsed: 1.41 s
----------
%%%mzn-stat: initTime=0.039727202
%%%mzn-stat: objective=330
%%%mzn-stat: nodes=36417
%%%mzn-stat: restarts=0
%%%mzn-stat: peakDepth=2348
%%%mzn-stat: solveTime=1.086582255
%%%mzn-stat: variables=3315
%%%mzn-stat: propagators=2810
%%%mzn-stat: failures=795
%%%mzn-stat: propagations=102818
%%%mzn-stat: nogoods=795
%%%mzn-stat: numAtomicConstraintsPropagated=0
%%%mzn-stat: allDifferentNumber1PropagationsTotal=5954
%%%mzn-stat: allDifferentNumber1PropagationsThatFoundConflict=220
%%%mzn-stat: allDifferentNumber1PropagationsThatPruned=3149
%%%mzn-stat: allDifferentNumber1TotalValuesPruned=29105
%%%mzn-stat: allDifferentNumber1TotalHallSetSizeConflict=4284
%%%mzn-stat: allDifferentNumber1NumberOfConflicts=220
%%%mzn-stat: allDifferentNumber1MaxHallSetSizeConflict=22
%%%mzn-stat: allDifferentNumber1TotalPruningHallSetSize=73406
%%%mzn-stat: allDifferentNumber1NumberOfPruningExplanations=29105
%%%mzn-stat: allDifferentNumber1MaxPruningHallSetSize=63
%%%mzn-stat: allDifferentNumber1TotalFixedEdgesAtConflict=17620
%%%mzn-stat: allDifferentNumber1TotalVarsInvolvedInPruning=25886
%%%mzn-stat: allDifferentNumber1MaxValuesPrunedFromSingleVar=10
%%%mzn-stat: allDifferentNumber1TotalSccSizeAtPruning=28091
%%%mzn-stat: allDifferentNumber1NumberOfSccPruningCalls=3149
%%%mzn-stat: circuitNumber2PropagationsThatFoundConflict=484
%%%mzn-stat: circuitNumber2TotalFixedEdgesAtConflict=40719
%%%mzn-stat: circuitNumber2NumberOfConflicts=484
%%%mzn-stat: circuitNumber2PropagationsThatPruned=430
%%%mzn-stat: circuitNumber2PropagationsTotal=3053
%%%mzn-stat: AverageConflictSize=53.503144654088054
%%%mzn-stat: NumUnitNogoodsLearned=0
%%%mzn-stat: AverageLearnedNogoodLength=96.17106918238994
%%%mzn-stat: AverageBacktrackAmount=0
%%%mzn-stat: AverageLbd=54.449056603773585
%%%mzn-stat: 2AutonomousSearchNumBackupCalled=34121
%%%mzn-stat: 2AutonomousSearchNumPredicatesRemoved=0
%%%mzn-stat: 2AutonomousSearchNumCalls=34137
%%%mzn-stat: 2AutonomousSearchNumPredicatesAdded=4511
%%%mzn-stat: 2AutonomousSearchAverageSizeOfHeap=0.44649500541933973
%%%mzn-stat: 2AutonomousSearchNumAssignedPredicatesEncountered=15242
%%%mzn-stat-end
maxleg = 330;
succ = array1d(1..100,[3, 8, 6, 1, 4, 17, 13, 10, 5, 14, 12, 34, 27, 9, 2, 20, 18, 22, 7, 21, 25, 30, 15, 28, 23, 16, 32, 29, 31, 36, 33, 35, 37, 38, 43, 53, 39, 49, 40, 26, 42, 44, 85, 45, 47, 41, 55, 46, 50, 54, 24, 48, 57, 58, 75, 51, 52, 60, 96, 59, 73, 11, 56, 63, 62, 67, 64, 65, 80, 68, 70, 71, 81, 72, 61, 88, 78, 79, 98, 83, 82, 87, 93, 69, 89, 66, 90, 94, 97, 99, 86, 77, 92, 100, 91, 19, 76, 74, 84, 95]);
% time elapsed: 1.44 s
----------
%%%mzn-stat: initTime=0.039727202
%%%mzn-stat: objective=329
%%%mzn-stat: nodes=38500
%%%mzn-stat: restarts=0
%%%mzn-stat: peakDepth=2348
%%%mzn-stat: solveTime=1.105395652
%%%mzn-stat: variables=3315
%%%mzn-stat: propagators=2810
%%%mzn-stat: failures=795
%%%mzn-stat: propagations=107462
%%%mzn-stat: nogoods=795
%%%mzn-stat: numAtomicConstraintsPropagated=0
%%%mzn-stat: allDifferentNumber1PropagationsTotal=6127
%%%mzn-stat: allDifferentNumber1PropagationsThatFoundConflict=220
%%%mzn-stat: allDifferentNumber1PropagationsThatPruned=3236
%%%mzn-stat: allDifferentNumber1TotalValuesPruned=30136
%%%mzn-stat: allDifferentNumber1TotalHallSetSizeConflict=4284
%%%mzn-stat: allDifferentNumber1NumberOfConflicts=220
%%%mzn-stat: allDifferentNumber1MaxHallSetSizeConflict=22
%%%mzn-stat: allDifferentNumber1TotalPruningHallSetSize=75026
%%%mzn-stat: allDifferentNumber1NumberOfPruningExplanations=30136
%%%mzn-stat: allDifferentNumber1MaxPruningHallSetSize=63
%%%mzn-stat: allDifferentNumber1TotalFixedEdgesAtConflict=17620
%%%mzn-stat: allDifferentNumber1TotalVarsInvolvedInPruning=26903
%%%mzn-stat: allDifferentNumber1MaxValuesPrunedFromSingleVar=10
%%%mzn-stat: allDifferentNumber1TotalSccSizeAtPruning=28357
%%%mzn-stat: allDifferentNumber1NumberOfSccPruningCalls=3236
%%%mzn-stat: circuitNumber2PropagationsThatFoundConflict=484
%%%mzn-stat: circuitNumber2TotalFixedEdgesAtConflict=40719
%%%mzn-stat: circuitNumber2NumberOfConflicts=484
%%%mzn-stat: circuitNumber2PropagationsThatPruned=433
%%%mzn-stat: circuitNumber2PropagationsTotal=3141
%%%mzn-stat: AverageConflictSize=53.503144654088054
%%%mzn-stat: NumUnitNogoodsLearned=0
%%%mzn-stat: AverageLearnedNogoodLength=96.17106918238994
%%%mzn-stat: AverageBacktrackAmount=0
%%%mzn-stat: AverageLbd=54.449056603773585
%%%mzn-stat: 2AutonomousSearchNumBackupCalled=36119
%%%mzn-stat: 2AutonomousSearchNumPredicatesRemoved=0
%%%mzn-stat: 2AutonomousSearchNumCalls=36136
%%%mzn-stat: 2AutonomousSearchNumPredicatesAdded=4511
%%%mzn-stat: 2AutonomousSearchAverageSizeOfHeap=0.47224374584901485
%%%mzn-stat: 2AutonomousSearchNumAssignedPredicatesEncountered=17065
%%%mzn-stat-end
maxleg = 329;
succ = array1d(1..100,[3, 8, 6, 1, 4, 17, 13, 10, 5, 14, 12, 34, 27, 9, 2, 20, 18, 22, 7, 21, 25, 30, 15, 28, 23, 16, 32, 33, 31, 36, 37, 35, 29, 38, 43, 53, 39, 49, 40, 26, 42, 44, 85, 45, 47, 41, 55, 46, 50, 54, 24, 48, 57, 58, 75, 51, 52, 60, 96, 59, 73, 11, 56, 63, 62, 67, 64, 65, 80, 68, 70, 71, 81, 72, 61, 88, 78, 79, 98, 83, 82, 87, 93, 69, 89, 66, 90, 94, 97, 99, 86, 77, 92, 100, 91, 19, 76, 74, 84, 95]);
% time elapsed: 1.46 s
----------
%%%mzn-stat: initTime=0.039727202
%%%mzn-stat: objective=328
%%%mzn-stat: nodes=40556
%%%mzn-stat: restarts=0
%%%mzn-stat: peakDepth=2348
%%%mzn-stat: solveTime=1.123983266
%%%mzn-stat: variables=3315
%%%mzn-stat: propagators=2810
%%%mzn-stat: failures=795
%%%mzn-stat: propagations=112096
%%%mzn-stat: nogoods=795
%%%mzn-stat: numAtomicConstraintsPropagated=0
%%%mzn-stat: allDifferentNumber1PropagationsTotal=6298
%%%mzn-stat: allDifferentNumber1PropagationsThatFoundConflict=220
%%%mzn-stat: allDifferentNumber1PropagationsThatPruned=3324
%%%mzn-stat: allDifferentNumber1TotalValuesPruned=31150
%%%mzn-stat: allDifferentNumber1TotalHallSetSizeConflict=4284
%%%mzn-stat: allDifferentNumber1NumberOfConflicts=220
%%%mzn-stat: allDifferentNumber1MaxHallSetSizeConflict=22
%%%mzn-stat: allDifferentNumber1TotalPruningHallSetSize=76229
%%%mzn-stat: allDifferentNumber1NumberOfPruningExplanations=31150
%%%mzn-stat: allDifferentNumber1MaxPruningHallSetSize=63
%%%mzn-stat: allDifferentNumber1TotalFixedEdgesAtConflict=17620
%%%mzn-stat: allDifferentNumber1TotalVarsInvolvedInPruning=27906
%%%mzn-stat: allDifferentNumber1MaxValuesPrunedFromSingleVar=10
%%%mzn-stat: allDifferentNumber1TotalSccSizeAtPruning=28610
%%%mzn-stat: allDifferentNumber1NumberOfSccPruningCalls=3324
%%%mzn-stat: circuitNumber2PropagationsThatFoundConflict=484
%%%mzn-stat: circuitNumber2TotalFixedEdgesAtConflict=40719
%%%mzn-stat: circuitNumber2NumberOfConflicts=484
%%%mzn-stat: circuitNumber2PropagationsThatPruned=438
%%%mzn-stat: circuitNumber2PropagationsTotal=3229
%%%mzn-stat: AverageConflictSize=53.503144654088054
%%%mzn-stat: NumUnitNogoodsLearned=0
%%%mzn-stat: AverageLearnedNogoodLength=96.17106918238994
%%%mzn-stat: AverageBacktrackAmount=0
%%%mzn-stat: AverageLbd=54.449056603773585
%%%mzn-stat: 2AutonomousSearchNumBackupCalled=38094
%%%mzn-stat: 2AutonomousSearchNumPredicatesRemoved=0
%%%mzn-stat: 2AutonomousSearchNumCalls=38112
%%%mzn-stat: 2AutonomousSearchNumPredicatesAdded=4511
%%%mzn-stat: 2AutonomousSearchAverageSizeOfHeap=0.49559193954659947
%%%mzn-stat: 2AutonomousSearchNumAssignedPredicatesEncountered=18888
%%%mzn-stat-end
maxleg = 328;
succ = array1d(1..100,[3, 8, 6, 1, 4, 17, 13, 10, 5, 14, 12, 34, 27, 9, 2, 20, 18, 22, 7, 21, 25, 30, 15, 28, 23, 16, 32, 33, 31, 36, 37, 35, 29, 38, 43, 53, 39, 49, 40, 26, 42, 44, 96, 45, 47, 41, 55, 46, 50, 54, 24, 48, 57, 58, 75, 51, 52, 60, 56, 19, 73, 11, 64, 67, 62, 86, 66, 65, 63, 68, 70, 71, 80, 72, 61, 85, 78, 79, 98, 69, 82, 87, 93, 81, 97, 91, 90, 76, 83, 99, 95, 77, 92, 88, 100, 59, 89, 74, 94, 84]);
% time elapsed: 1.48 s
----------
%%%mzn-stat: initTime=0.039727202
%%%mzn-stat: objective=320
%%%mzn-stat: nodes=42519
%%%mzn-stat: restarts=0
%%%mzn-stat: peakDepth=2348
%%%mzn-stat: solveTime=1.142417901
%%%mzn-stat: variables=3315
%%%mzn-stat: propagators=2810
%%%mzn-stat: failures=795
%%%mzn-stat: propagations=116798
%%%mzn-stat: nogoods=795
%%%mzn-stat: numAtomicConstraintsPropagated=0
%%%mzn-stat: allDifferentNumber1PropagationsTotal=6470
%%%mzn-stat: allDifferentNumber1PropagationsThatFoundConflict=220
%%%mzn-stat: allDifferentNumber1PropagationsThatPruned=3412
%%%mzn-stat: allDifferentNumber1TotalValuesPruned=32161
%%%mzn-stat: allDifferentNumber1TotalHallSetSizeConflict=4284
%%%mzn-stat: allDifferentNumber1NumberOfConflicts=220
%%%mzn-stat: allDifferentNumber1MaxHallSetSizeConflict=22
%%%mzn-stat: allDifferentNumber1TotalPruningHallSetSize=77429
%%%mzn-stat: allDifferentNumber1NumberOfPruningExplanations=32161
%%%mzn-stat: allDifferentNumber1MaxPruningHallSetSize=63
%%%mzn-stat: allDifferentNumber1TotalFixedEdgesAtConflict=17620
%%%mzn-stat: allDifferentNumber1TotalVarsInvolvedInPruning=28904
%%%mzn-stat: allDifferentNumber1MaxValuesPrunedFromSingleVar=10
%%%mzn-stat: allDifferentNumber1TotalSccSizeAtPruning=28863
%%%mzn-stat: allDifferentNumber1NumberOfSccPruningCalls=3412
%%%mzn-stat: circuitNumber2PropagationsThatFoundConflict=484
%%%mzn-stat: circuitNumber2TotalFixedEdgesAtConflict=40719
%%%mzn-stat: circuitNumber2NumberOfConflicts=484
%%%mzn-stat: circuitNumber2PropagationsThatPruned=443
%%%mzn-stat: circuitNumber2PropagationsTotal=3317
%%%mzn-stat: AverageConflictSize=53.503144654088054
%%%mzn-stat: NumUnitNogoodsLearned=0
%%%mzn-stat: AverageLearnedNogoodLength=96.17106918238994
%%%mzn-stat: AverageBacktrackAmount=0
%%%mzn-stat: AverageLbd=54.449056603773585
%%%mzn-stat: 2AutonomousSearchNumBackupCalled=39975
%%%mzn-stat: 2AutonomousSearchNumPredicatesRemoved=0
%%%mzn-stat: 2AutonomousSearchNumCalls=39994
%%%mzn-stat: 2AutonomousSearchNumPredicatesAdded=4511
%%%mzn-stat: 2AutonomousSearchAverageSizeOfHeap=0.5178526779016852
%%%mzn-stat: 2AutonomousSearchNumAssignedPredicatesEncountered=20711
%%%mzn-stat-end
maxleg = 320;
succ = array1d(1..100,[3, 8, 6, 1, 4, 17, 13, 10, 5, 14, 12, 34, 27, 9, 2, 20, 18, 22, 7, 21, 25, 30, 15, 28, 23, 16, 32, 33, 31, 36, 37, 35, 29, 38, 43, 53, 39, 49, 40, 26, 42, 44, 96, 45, 47, 41, 55, 46, 50, 54, 24, 48, 57, 58, 75, 51, 52, 60, 56, 19, 73, 11, 69, 67, 62, 86, 66, 65, 64, 68, 70, 71, 80, 72, 61, 63, 78, 79, 98, 76, 82, 87, 93, 81, 97, 91, 90, 85, 83, 99, 95, 77, 92, 88, 100, 59, 89, 74, 94, 84]);
% time elapsed: 1.50 s
----------
%%%mzn-stat: initTime=0.039727202
%%%mzn-stat: objective=317
%%%mzn-stat: nodes=44546
%%%mzn-stat: restarts=0
%%%mzn-stat: peakDepth=2348
%%%mzn-stat: solveTime=1.161065698
%%%mzn-stat: variables=3315
%%%mzn-stat: propagators=2810
%%%mzn-stat: failures=795
%%%mzn-stat: propagations=121570
%%%mzn-stat: nogoods=795
%%%mzn-stat: numAtomicConstraintsPropagated=0
%%%mzn-stat: allDifferentNumber1PropagationsTotal=6641
%%%mzn-stat: allDifferentNumber1PropagationsThatFoundConflict=220
%%%mzn-stat: allDifferentNumber1PropagationsThatPruned=3500
%%%mzn-stat: allDifferentNumber1TotalValuesPruned=33156
%%%mzn-stat: allDifferentNumber1TotalHallSetSizeConflict=4284
%%%mzn-stat: allDifferentNumber1NumberOfConflicts=220
%%%mzn-stat: allDifferentNumber1MaxHallSetSizeConflict=22
%%%mzn-stat: allDifferentNumber1TotalPruningHallSetSize=79260
%%%mzn-stat: allDifferentNumber1NumberOfPruningExplanations=33156
%%%mzn-stat: allDifferentNumber1MaxPruningHallSetSize=63
%%%mzn-stat: allDifferentNumber1TotalFixedEdgesAtConflict=17620
%%%mzn-stat: allDifferentNumber1TotalVarsInvolvedInPruning=29873
%%%mzn-stat: allDifferentNumber1MaxValuesPrunedFromSingleVar=12
%%%mzn-stat: allDifferentNumber1TotalSccSizeAtPruning=29162
%%%mzn-stat: allDifferentNumber1NumberOfSccPruningCalls=3500
%%%mzn-stat: circuitNumber2PropagationsThatFoundConflict=484
%%%mzn-stat: circuitNumber2TotalFixedEdgesAtConflict=40719
%%%mzn-stat: circuitNumber2NumberOfConflicts=484
%%%mzn-stat: circuitNumber2PropagationsThatPruned=449
%%%mzn-stat: circuitNumber2PropagationsTotal=3405
%%%mzn-stat: AverageConflictSize=53.503144654088054
%%%mzn-stat: NumUnitNogoodsLearned=0
%%%mzn-stat: AverageLearnedNogoodLength=96.17106918238994
%%%mzn-stat: AverageBacktrackAmount=0
%%%mzn-stat: AverageLbd=54.449056603773585
%%%mzn-stat: 2AutonomousSearchNumBackupCalled=41920
%%%mzn-stat: 2AutonomousSearchNumPredicatesRemoved=0
%%%mzn-stat: 2AutonomousSearchNumCalls=41940
%%%mzn-stat: 2AutonomousSearchNumPredicatesAdded=4511
%%%mzn-stat: 2AutonomousSearchAverageSizeOfHeap=0.5372913686218407
%%%mzn-stat: 2AutonomousSearchNumAssignedPredicatesEncountered=22534
%%%mzn-stat-end
maxleg = 317;
succ = array1d(1..100,[3, 8, 6, 1, 4, 17, 13, 10, 5, 14, 12, 34, 27, 9, 2, 20, 18, 22, 7, 21, 25, 30, 15, 28, 23, 16, 32, 33, 31, 36, 37, 35, 29, 38, 43, 53, 39, 49, 40, 26, 42, 44, 96, 45, 47, 41, 55, 46, 50, 54, 24, 48, 57, 58, 75, 51, 52, 60, 56, 70, 73, 11, 69, 67, 62, 86, 66, 65, 64, 71, 72, 74, 80, 79, 61, 63, 68, 83, 98, 76, 82, 87, 89, 81, 19, 91, 90, 94, 97, 99, 95, 77, 92, 84, 100, 59, 85, 78, 93, 88]);
% time elapsed: 1.53 s
----------
%%%mzn-stat: initTime=0.039727202
%%%mzn-stat: objective=317
%%%mzn-stat: nodes=953040
%%%mzn-stat: restarts=0
%%%mzn-stat: peakDepth=2348
%%%mzn-stat: solveTime=1799.67633181
%%%mzn-stat: variables=3315
%%%mzn-stat: propagators=2810
%%%mzn-stat: failures=909248
%%%mzn-stat: propagations=47749016
%%%mzn-stat: nogoods=909248
%%%mzn-stat: numAtomicConstraintsPropagated=0
%%%mzn-stat: allDifferentNumber1PropagationsTotal=2776054
%%%mzn-stat: allDifferentNumber1PropagationsThatFoundConflict=8784
%%%mzn-stat: allDifferentNumber1PropagationsThatPruned=1855855
%%%mzn-stat: allDifferentNumber1TotalValuesPruned=25612467
%%%mzn-stat: allDifferentNumber1TotalHallSetSizeConflict=21412
%%%mzn-stat: allDifferentNumber1NumberOfConflicts=8784
%%%mzn-stat: allDifferentNumber1MaxHallSetSizeConflict=22
%%%mzn-stat: allDifferentNumber1TotalPruningHallSetSize=463788751
%%%mzn-stat: allDifferentNumber1NumberOfPruningExplanations=25612467
%%%mzn-stat: allDifferentNumber1MaxPruningHallSetSize=63
%%%mzn-stat: allDifferentNumber1TotalFixedEdgesAtConflict=387612
%%%mzn-stat: allDifferentNumber1TotalVarsInvolvedInPruning=17829627
%%%mzn-stat: allDifferentNumber1MaxValuesPrunedFromSingleVar=12
%%%mzn-stat: allDifferentNumber1TotalSccSizeAtPruning=101362997
%%%mzn-stat: allDifferentNumber1NumberOfSccPruningCalls=1855855
%%%mzn-stat: circuitNumber2PropagationsThatFoundConflict=898543
%%%mzn-stat: circuitNumber2TotalFixedEdgesAtConflict=40504681
%%%mzn-stat: circuitNumber2NumberOfConflicts=898543
%%%mzn-stat: circuitNumber2PropagationsThatPruned=580051
%%%mzn-stat: circuitNumber2PropagationsTotal=1853178
%%%mzn-stat: AverageConflictSize=9.443287199971845
%%%mzn-stat: NumUnitNogoodsLearned=0
%%%mzn-stat: AverageLearnedNogoodLength=280.468912771873
%%%mzn-stat: AverageBacktrackAmount=0
%%%mzn-stat: AverageLbd=33.27022770465263
%%%mzn-stat: 2AutonomousSearchNumBackupCalled=41920
%%%mzn-stat: 2AutonomousSearchNumPredicatesRemoved=0
%%%mzn-stat: 2AutonomousSearchNumCalls=41940
%%%mzn-stat: 2AutonomousSearchNumPredicatesAdded=7730
%%%mzn-stat: 2AutonomousSearchAverageSizeOfHeap=0.5372913686218407
%%%mzn-stat: 2AutonomousSearchNumAssignedPredicatesEncountered=22534
%%%mzn-stat-end
