% Logging successfully configured
%%%mzn-stat: initTime=0.015485998
%%%mzn-stat: objective=763
%%%mzn-stat: nodes=979
%%%mzn-stat: restarts=0
%%%mzn-stat: peakDepth=784
%%%mzn-stat: solveTime=0.067353014
%%%mzn-stat: variables=1334
%%%mzn-stat: propagators=1014
%%%mzn-stat: failures=84
%%%mzn-stat: propagations=7582
%%%mzn-stat: nogoods=84
%%%mzn-stat: numAtomicConstraintsPropagated=0
%%%mzn-stat: allDifferentNumber1PropagationsTotal=737
%%%mzn-stat: allDifferentNumber1PropagationsThatFoundConflict=0
%%%mzn-stat: allDifferentNumber1PropagationsThatPruned=451
%%%mzn-stat: allDifferentNumber1TotalValuesPruned=1587
%%%mzn-stat: allDifferentNumber1TotalHallSetSizeConflict=0
%%%mzn-stat: allDifferentNumber1NumberOfConflicts=0
%%%mzn-stat: allDifferentNumber1MaxHallSetSizeConflict=0
%%%mzn-stat: allDifferentNumber1TotalPruningHallSetSize=5190
%%%mzn-stat: allDifferentNumber1NumberOfPruningExplanations=1587
%%%mzn-stat: allDifferentNumber1MaxPruningHallSetSize=65
%%%mzn-stat: allDifferentNumber1TotalFixedEdgesAtConflict=0
%%%mzn-stat: allDifferentNumber1TotalVarsInvolvedInPruning=1492
%%%mzn-stat: allDifferentNumber1MaxValuesPrunedFromSingleVar=6
%%%mzn-stat: allDifferentNumber1TotalSccSizeAtPruning=2613
%%%mzn-stat: allDifferentNumber1NumberOfSccPruningCalls=451
%%%mzn-stat: circuitNumber2PropagationsThatFoundConflict=84
%%%mzn-stat: circuitNumber2TotalFixedEdgesAtConflict=7266
%%%mzn-stat: circuitNumber2NumberOfConflicts=84
%%%mzn-stat: circuitNumber2PropagationsThatPruned=88
%%%mzn-stat: circuitNumber2PropagationsTotal=465
%%%mzn-stat: AverageConflictSize=10.30952380952381
%%%mzn-stat: NumUnitNogoodsLearned=0
%%%mzn-stat: AverageLearnedNogoodLength=18.095238095238095
%%%mzn-stat: AverageBacktrackAmount=0
%%%mzn-stat: AverageLbd=11.428571428571429
%%%mzn-stat: 2AutonomousSearchNumBackupCalled=719
%%%mzn-stat: 2AutonomousSearchNumPredicatesRemoved=0
%%%mzn-stat: 2AutonomousSearchNumCalls=720
%%%mzn-stat: 2AutonomousSearchNumPredicatesAdded=1319
%%%mzn-stat: 2AutonomousSearchAverageSizeOfHeap=1.8319444444444444
%%%mzn-stat: 2AutonomousSearchNumAssignedPredicatesEncountered=1319
%%%mzn-stat-end
maxleg = 763;
succ = array1d(1..100,[18, 5, 7, 11, 27, 42, 21, 10, 30, 14, 13, 17, 23, 37, 24, 22, 28, 15, 40, 25, 44, 39, 48, 35, 31, 49, 1, 32, 2, 3, 46, 53, 52, 29, 38, 58, 68, 47, 55, 41, 9, 73, 6, 50, 16, 66, 57, 74, 8, 43, 56, 69, 54, 91, 90, 59, 61, 12, 65, 4, 82, 89, 94, 75, 70, 78, 63, 87, 95, 72, 83, 96, 98, 93, 34, 33, 26, 79, 99, 84, 62, 20, 60, 71, 88, 19, 67, 64, 86, 97, 81, 45, 36, 51, 80, 76, 77, 100, 92, 85]);
% time elapsed: 14.33 s
----------
%%%mzn-stat: initTime=0.015485998
%%%mzn-stat: objective=565
%%%mzn-stat: nodes=1789
%%%mzn-stat: restarts=0
%%%mzn-stat: peakDepth=784
%%%mzn-stat: solveTime=0.116123655
%%%mzn-stat: variables=1334
%%%mzn-stat: propagators=1014
%%%mzn-stat: failures=110
%%%mzn-stat: propagations=10490
%%%mzn-stat: nogoods=110
%%%mzn-stat: numAtomicConstraintsPropagated=0
%%%mzn-stat: allDifferentNumber1PropagationsTotal=1053
%%%mzn-stat: allDifferentNumber1PropagationsThatFoundConflict=0
%%%mzn-stat: allDifferentNumber1PropagationsThatPruned=627
%%%mzn-stat: allDifferentNumber1TotalValuesPruned=2239
%%%mzn-stat: allDifferentNumber1TotalHallSetSizeConflict=0
%%%mzn-stat: allDifferentNumber1NumberOfConflicts=0
%%%mzn-stat: allDifferentNumber1MaxHallSetSizeConflict=0
%%%mzn-stat: allDifferentNumber1TotalPruningHallSetSize=6927
%%%mzn-stat: allDifferentNumber1NumberOfPruningExplanations=2239
%%%mzn-stat: allDifferentNumber1MaxPruningHallSetSize=65
%%%mzn-stat: allDifferentNumber1TotalFixedEdgesAtConflict=0
%%%mzn-stat: allDifferentNumber1TotalVarsInvolvedInPruning=2085
%%%mzn-stat: allDifferentNumber1MaxValuesPrunedFromSingleVar=6
%%%mzn-stat: allDifferentNumber1TotalSccSizeAtPruning=3415
%%%mzn-stat: allDifferentNumber1NumberOfSccPruningCalls=627
%%%mzn-stat: circuitNumber2PropagationsThatFoundConflict=110
%%%mzn-stat: circuitNumber2TotalFixedEdgesAtConflict=9733
%%%mzn-stat: circuitNumber2NumberOfConflicts=110
%%%mzn-stat: circuitNumber2PropagationsThatPruned=120
%%%mzn-stat: circuitNumber2PropagationsTotal=646
%%%mzn-stat: AverageConflictSize=25.509090909090908
%%%mzn-stat: NumUnitNogoodsLearned=0
%%%mzn-stat: AverageLearnedNogoodLength=30.036363636363635
%%%mzn-stat: AverageBacktrackAmount=0
%%%mzn-stat: AverageLbd=20.21818181818182
%%%mzn-stat: 2AutonomousSearchNumBackupCalled=1421
%%%mzn-stat: 2AutonomousSearchNumPredicatesRemoved=0
%%%mzn-stat: 2AutonomousSearchNumCalls=1423
%%%mzn-stat: 2AutonomousSearchNumPredicatesAdded=2438
%%%mzn-stat: 2AutonomousSearchAverageSizeOfHeap=2.2234715390021083
%%%mzn-stat: 2AutonomousSearchNumAssignedPredicatesEncountered=3164
%%%mzn-stat-end
maxleg = 565;
succ = array1d(1..100,[18, 5, 7, 11, 27, 42, 21, 10, 30, 14, 13, 17, 23, 37, 24, 22, 28, 15, 40, 25, 44, 39, 48, 35, 31, 49, 1, 32, 2, 3, 46, 53, 52, 29, 38, 58, 68, 47, 55, 41, 9, 73, 6, 50, 16, 66, 57, 74, 8, 43, 56, 69, 54, 91, 90, 59, 61, 12, 65, 71, 82, 89, 94, 75, 70, 67, 78, 87, 95, 72, 84, 96, 98, 93, 34, 33, 45, 99, 63, 26, 62, 86, 60, 80, 88, 83, 20, 64, 19, 97, 81, 77, 36, 51, 4, 76, 79, 100, 92, 85]);
% time elapsed: 14.36 s
----------
%%%mzn-stat: initTime=0.015485998
%%%mzn-stat: objective=243
%%%mzn-stat: nodes=2554
%%%mzn-stat: restarts=0
%%%mzn-stat: peakDepth=784
%%%mzn-stat: solveTime=0.130688619
%%%mzn-stat: variables=1334
%%%mzn-stat: propagators=1014
%%%mzn-stat: failures=110
%%%mzn-stat: propagations=12347
%%%mzn-stat: nogoods=110
%%%mzn-stat: numAtomicConstraintsPropagated=0
%%%mzn-stat: allDifferentNumber1PropagationsTotal=1193
%%%mzn-stat: allDifferentNumber1PropagationsThatFoundConflict=0
%%%mzn-stat: allDifferentNumber1PropagationsThatPruned=701
%%%mzn-stat: allDifferentNumber1TotalValuesPruned=2615
%%%mzn-stat: allDifferentNumber1TotalHallSetSizeConflict=0
%%%mzn-stat: allDifferentNumber1NumberOfConflicts=0
%%%mzn-stat: allDifferentNumber1MaxHallSetSizeConflict=0
%%%mzn-stat: allDifferentNumber1TotalPruningHallSetSize=8103
%%%mzn-stat: allDifferentNumber1NumberOfPruningExplanations=2615
%%%mzn-stat: allDifferentNumber1MaxPruningHallSetSize=65
%%%mzn-stat: allDifferentNumber1TotalFixedEdgesAtConflict=0
%%%mzn-stat: allDifferentNumber1TotalVarsInvolvedInPruning=2423
%%%mzn-stat: allDifferentNumber1MaxValuesPrunedFromSingleVar=6
%%%mzn-stat: allDifferentNumber1TotalSccSizeAtPruning=3860
%%%mzn-stat: allDifferentNumber1NumberOfSccPruningCalls=701
%%%mzn-stat: circuitNumber2PropagationsThatFoundConflict=110
%%%mzn-stat: circuitNumber2TotalFixedEdgesAtConflict=9733
%%%mzn-stat: circuitNumber2NumberOfConflicts=110
%%%mzn-stat: circuitNumber2PropagationsThatPruned=128
%%%mzn-stat: circuitNumber2PropagationsTotal=720
%%%mzn-stat: AverageConflictSize=25.509090909090908
%%%mzn-stat: NumUnitNogoodsLearned=0
%%%mzn-stat: AverageLearnedNogoodLength=30.036363636363635
%%%mzn-stat: AverageBacktrackAmount=0
%%%mzn-stat: AverageLbd=20.21818181818182
%%%mzn-stat: 2AutonomousSearchNumBackupCalled=2121
%%%mzn-stat: 2AutonomousSearchNumPredicatesRemoved=0
%%%mzn-stat: 2AutonomousSearchNumCalls=2124
%%%mzn-stat: 2AutonomousSearchNumPredicatesAdded=2438
%%%mzn-stat: 2AutonomousSearchAverageSizeOfHeap=2.358286252354049
%%%mzn-stat: 2AutonomousSearchNumAssignedPredicatesEncountered=5009
%%%mzn-stat-end
maxleg = 243;
succ = array1d(1..100,[18, 5, 7, 11, 27, 42, 21, 10, 30, 14, 13, 17, 23, 37, 24, 22, 28, 15, 40, 25, 44, 39, 48, 35, 31, 49, 1, 32, 2, 3, 46, 53, 52, 29, 38, 58, 68, 47, 55, 41, 9, 73, 6, 50, 16, 66, 57, 74, 8, 43, 56, 69, 54, 91, 90, 59, 61, 51, 65, 4, 82, 89, 26, 75, 70, 67, 78, 87, 95, 72, 84, 96, 98, 93, 34, 33, 12, 79, 99, 94, 62, 86, 71, 60, 88, 83, 20, 64, 19, 97, 81, 45, 36, 63, 80, 76, 77, 100, 92, 85]);
% time elapsed: 14.38 s
----------
%%%mzn-stat: initTime=0.015485998
%%%mzn-stat: objective=240
%%%mzn-stat: nodes=3309
%%%mzn-stat: restarts=0
%%%mzn-stat: peakDepth=784
%%%mzn-stat: solveTime=0.148738581
%%%mzn-stat: variables=1334
%%%mzn-stat: propagators=1014
%%%mzn-stat: failures=113
%%%mzn-stat: propagations=14427
%%%mzn-stat: nogoods=113
%%%mzn-stat: numAtomicConstraintsPropagated=0
%%%mzn-stat: allDifferentNumber1PropagationsTotal=1367
%%%mzn-stat: allDifferentNumber1PropagationsThatFoundConflict=0
%%%mzn-stat: allDifferentNumber1PropagationsThatPruned=794
%%%mzn-stat: allDifferentNumber1TotalValuesPruned=3075
%%%mzn-stat: allDifferentNumber1TotalHallSetSizeConflict=0
%%%mzn-stat: allDifferentNumber1NumberOfConflicts=0
%%%mzn-stat: allDifferentNumber1MaxHallSetSizeConflict=0
%%%mzn-stat: allDifferentNumber1TotalPruningHallSetSize=9741
%%%mzn-stat: allDifferentNumber1NumberOfPruningExplanations=3075
%%%mzn-stat: allDifferentNumber1MaxPruningHallSetSize=65
%%%mzn-stat: allDifferentNumber1TotalFixedEdgesAtConflict=0
%%%mzn-stat: allDifferentNumber1TotalVarsInvolvedInPruning=2830
%%%mzn-stat: allDifferentNumber1MaxValuesPrunedFromSingleVar=7
%%%mzn-stat: allDifferentNumber1TotalSccSizeAtPruning=4439
%%%mzn-stat: allDifferentNumber1NumberOfSccPruningCalls=794
%%%mzn-stat: circuitNumber2PropagationsThatFoundConflict=113
%%%mzn-stat: circuitNumber2TotalFixedEdgesAtConflict=9961
%%%mzn-stat: circuitNumber2NumberOfConflicts=113
%%%mzn-stat: circuitNumber2PropagationsThatPruned=140
%%%mzn-stat: circuitNumber2PropagationsTotal=813
%%%mzn-stat: AverageConflictSize=24.946902654867255
%%%mzn-stat: NumUnitNogoodsLearned=0
%%%mzn-stat: AverageLearnedNogoodLength=30.309734513274336
%%%mzn-stat: AverageBacktrackAmount=0
%%%mzn-stat: AverageLbd=20.106194690265486
%%%mzn-stat: 2AutonomousSearchNumBackupCalled=2796
%%%mzn-stat: 2AutonomousSearchNumPredicatesRemoved=0
%%%mzn-stat: 2AutonomousSearchNumCalls=2800
%%%mzn-stat: 2AutonomousSearchNumPredicatesAdded=2792
%%%mzn-stat: 2AutonomousSearchAverageSizeOfHeap=2.4757142857142855
%%%mzn-stat: 2AutonomousSearchNumAssignedPredicatesEncountered=6932
%%%mzn-stat-end
maxleg = 240;
succ = array1d(1..100,[18, 5, 7, 11, 27, 42, 21, 10, 30, 14, 13, 17, 23, 37, 24, 22, 28, 15, 40, 25, 44, 39, 48, 35, 31, 49, 1, 32, 2, 3, 46, 53, 52, 29, 38, 58, 68, 47, 55, 41, 9, 73, 6, 50, 16, 66, 57, 74, 8, 43, 69, 56, 54, 91, 90, 51, 61, 95, 33, 4, 82, 89, 67, 75, 59, 78, 87, 70, 94, 72, 84, 76, 98, 93, 34, 96, 12, 79, 99, 26, 62, 86, 71, 60, 88, 83, 20, 64, 19, 97, 81, 45, 36, 63, 80, 65, 77, 100, 92, 85]);
% time elapsed: 14.40 s
----------
%%%mzn-stat: initTime=0.015485998
%%%mzn-stat: objective=221
%%%mzn-stat: nodes=4082
%%%mzn-stat: restarts=0
%%%mzn-stat: peakDepth=784
%%%mzn-stat: solveTime=0.173346017
%%%mzn-stat: variables=1334
%%%mzn-stat: propagators=1014
%%%mzn-stat: failures=137
%%%mzn-stat: propagations=16962
%%%mzn-stat: nogoods=137
%%%mzn-stat: numAtomicConstraintsPropagated=0
%%%mzn-stat: allDifferentNumber1PropagationsTotal=1590
%%%mzn-stat: allDifferentNumber1PropagationsThatFoundConflict=0
%%%mzn-stat: allDifferentNumber1PropagationsThatPruned=915
%%%mzn-stat: allDifferentNumber1TotalValuesPruned=3583
%%%mzn-stat: allDifferentNumber1TotalHallSetSizeConflict=0
%%%mzn-stat: allDifferentNumber1NumberOfConflicts=0
%%%mzn-stat: allDifferentNumber1MaxHallSetSizeConflict=0
%%%mzn-stat: allDifferentNumber1TotalPruningHallSetSize=11310
%%%mzn-stat: allDifferentNumber1NumberOfPruningExplanations=3583
%%%mzn-stat: allDifferentNumber1MaxPruningHallSetSize=65
%%%mzn-stat: allDifferentNumber1TotalFixedEdgesAtConflict=0
%%%mzn-stat: allDifferentNumber1TotalVarsInvolvedInPruning=3285
%%%mzn-stat: allDifferentNumber1MaxValuesPrunedFromSingleVar=7
%%%mzn-stat: allDifferentNumber1TotalSccSizeAtPruning=5058
%%%mzn-stat: allDifferentNumber1NumberOfSccPruningCalls=915
%%%mzn-stat: circuitNumber2PropagationsThatFoundConflict=137
%%%mzn-stat: circuitNumber2TotalFixedEdgesAtConflict=12172
%%%mzn-stat: circuitNumber2NumberOfConflicts=137
%%%mzn-stat: circuitNumber2PropagationsThatPruned=159
%%%mzn-stat: circuitNumber2PropagationsTotal=941
%%%mzn-stat: AverageConflictSize=23.861313868613138
%%%mzn-stat: NumUnitNogoodsLearned=0
%%%mzn-stat: AverageLearnedNogoodLength=29.635036496350367
%%%mzn-stat: AverageBacktrackAmount=0
%%%mzn-stat: AverageLbd=19.357664233576642
%%%mzn-stat: 2AutonomousSearchNumBackupCalled=3477
%%%mzn-stat: 2AutonomousSearchNumPredicatesRemoved=0
%%%mzn-stat: 2AutonomousSearchNumCalls=3482
%%%mzn-stat: 2AutonomousSearchNumPredicatesAdded=3536
%%%mzn-stat: 2AutonomousSearchAverageSizeOfHeap=2.6105686387133833
%%%mzn-stat: 2AutonomousSearchNumAssignedPredicatesEncountered=9090
%%%mzn-stat-end
maxleg = 221;
succ = array1d(1..100,[18, 5, 7, 11, 29, 42, 21, 10, 30, 14, 13, 17, 23, 37, 24, 22, 28, 15, 40, 25, 44, 39, 48, 35, 31, 49, 1, 32, 27, 3, 46, 53, 52, 36, 38, 2, 68, 47, 55, 41, 9, 73, 6, 50, 16, 66, 57, 74, 8, 43, 58, 56, 54, 91, 90, 51, 61, 95, 33, 71, 82, 89, 67, 75, 59, 78, 87, 70, 94, 72, 84, 76, 98, 93, 34, 96, 12, 79, 99, 26, 62, 86, 60, 80, 88, 83, 20, 64, 19, 97, 81, 45, 69, 63, 4, 65, 77, 100, 92, 85]);
% time elapsed: 14.43 s
----------
%%%mzn-stat: initTime=0.015485998
%%%mzn-stat: objective=220
%%%mzn-stat: nodes=4812
%%%mzn-stat: restarts=0
%%%mzn-stat: peakDepth=784
%%%mzn-stat: solveTime=0.190530116
%%%mzn-stat: variables=1334
%%%mzn-stat: propagators=1014
%%%mzn-stat: failures=140
%%%mzn-stat: propagations=18831
%%%mzn-stat: nogoods=140
%%%mzn-stat: numAtomicConstraintsPropagated=0
%%%mzn-stat: allDifferentNumber1PropagationsTotal=1732
%%%mzn-stat: allDifferentNumber1PropagationsThatFoundConflict=0
%%%mzn-stat: allDifferentNumber1PropagationsThatPruned=990
%%%mzn-stat: allDifferentNumber1TotalValuesPruned=3971
%%%mzn-stat: allDifferentNumber1TotalHallSetSizeConflict=0
%%%mzn-stat: allDifferentNumber1NumberOfConflicts=0
%%%mzn-stat: allDifferentNumber1MaxHallSetSizeConflict=0
%%%mzn-stat: allDifferentNumber1TotalPruningHallSetSize=12944
%%%mzn-stat: allDifferentNumber1NumberOfPruningExplanations=3971
%%%mzn-stat: allDifferentNumber1MaxPruningHallSetSize=65
%%%mzn-stat: allDifferentNumber1TotalFixedEdgesAtConflict=0
%%%mzn-stat: allDifferentNumber1TotalVarsInvolvedInPruning=3634
%%%mzn-stat: allDifferentNumber1MaxValuesPrunedFromSingleVar=7
%%%mzn-stat: allDifferentNumber1TotalSccSizeAtPruning=5800
%%%mzn-stat: allDifferentNumber1NumberOfSccPruningCalls=990
%%%mzn-stat: circuitNumber2PropagationsThatFoundConflict=140
%%%mzn-stat: circuitNumber2TotalFixedEdgesAtConflict=12328
%%%mzn-stat: circuitNumber2NumberOfConflicts=140
%%%mzn-stat: circuitNumber2PropagationsThatPruned=167
%%%mzn-stat: circuitNumber2PropagationsTotal=1017
%%%mzn-stat: AverageConflictSize=23.47142857142857
%%%mzn-stat: NumUnitNogoodsLearned=0
%%%mzn-stat: AverageLearnedNogoodLength=31.35
%%%mzn-stat: AverageBacktrackAmount=0
%%%mzn-stat: AverageLbd=19.67142857142857
%%%mzn-stat: 2AutonomousSearchNumBackupCalled=4142
%%%mzn-stat: 2AutonomousSearchNumPredicatesRemoved=0
%%%mzn-stat: 2AutonomousSearchNumCalls=4148
%%%mzn-stat: 2AutonomousSearchNumPredicatesAdded=4109
%%%mzn-stat: 2AutonomousSearchAverageSizeOfHeap=2.759643201542912
%%%mzn-stat: 2AutonomousSearchNumAssignedPredicatesEncountered=11447
%%%mzn-stat-end
maxleg = 220;
succ = array1d(1..100,[18, 5, 7, 11, 29, 42, 21, 10, 30, 14, 13, 17, 23, 37, 24, 22, 28, 15, 40, 25, 44, 45, 48, 35, 31, 49, 1, 32, 27, 3, 46, 53, 52, 36, 38, 2, 68, 47, 16, 41, 9, 73, 6, 50, 77, 66, 57, 74, 8, 43, 58, 56, 54, 91, 39, 51, 61, 95, 33, 71, 82, 89, 67, 75, 59, 78, 87, 70, 94, 72, 84, 76, 98, 93, 34, 96, 12, 79, 99, 26, 62, 86, 60, 80, 88, 83, 20, 64, 19, 55, 81, 97, 69, 63, 4, 65, 90, 100, 92, 85]);
% time elapsed: 14.45 s
----------
%%%mzn-stat: initTime=0.015485998
%%%mzn-stat: objective=206
%%%mzn-stat: nodes=5537
%%%mzn-stat: restarts=0
%%%mzn-stat: peakDepth=784
%%%mzn-stat: solveTime=0.20476586
%%%mzn-stat: variables=1334
%%%mzn-stat: propagators=1014
%%%mzn-stat: failures=140
%%%mzn-stat: propagations=20748
%%%mzn-stat: nogoods=140
%%%mzn-stat: numAtomicConstraintsPropagated=0
%%%mzn-stat: allDifferentNumber1PropagationsTotal=1866
%%%mzn-stat: allDifferentNumber1PropagationsThatFoundConflict=0
%%%mzn-stat: allDifferentNumber1PropagationsThatPruned=1061
%%%mzn-stat: allDifferentNumber1TotalValuesPruned=4331
%%%mzn-stat: allDifferentNumber1TotalHallSetSizeConflict=0
%%%mzn-stat: allDifferentNumber1NumberOfConflicts=0
%%%mzn-stat: allDifferentNumber1MaxHallSetSizeConflict=0
%%%mzn-stat: allDifferentNumber1TotalPruningHallSetSize=14134
%%%mzn-stat: allDifferentNumber1NumberOfPruningExplanations=4331
%%%mzn-stat: allDifferentNumber1MaxPruningHallSetSize=65
%%%mzn-stat: allDifferentNumber1TotalFixedEdgesAtConflict=0
%%%mzn-stat: allDifferentNumber1TotalVarsInvolvedInPruning=3959
%%%mzn-stat: allDifferentNumber1MaxValuesPrunedFromSingleVar=7
%%%mzn-stat: allDifferentNumber1TotalSccSizeAtPruning=6296
%%%mzn-stat: allDifferentNumber1NumberOfSccPruningCalls=1061
%%%mzn-stat: circuitNumber2PropagationsThatFoundConflict=140
%%%mzn-stat: circuitNumber2TotalFixedEdgesAtConflict=12328
%%%mzn-stat: circuitNumber2NumberOfConflicts=140
%%%mzn-stat: circuitNumber2PropagationsThatPruned=176
%%%mzn-stat: circuitNumber2PropagationsTotal=1089
%%%mzn-stat: AverageConflictSize=23.47142857142857
%%%mzn-stat: NumUnitNogoodsLearned=0
%%%mzn-stat: AverageLearnedNogoodLength=31.35
%%%mzn-stat: AverageBacktrackAmount=0
%%%mzn-stat: AverageLbd=19.67142857142857
%%%mzn-stat: 2AutonomousSearchNumBackupCalled=4805
%%%mzn-stat: 2AutonomousSearchNumPredicatesRemoved=0
%%%mzn-stat: 2AutonomousSearchNumCalls=4812
%%%mzn-stat: 2AutonomousSearchNumPredicatesAdded=4109
%%%mzn-stat: 2AutonomousSearchAverageSizeOfHeap=2.8686616791354944
%%%mzn-stat: 2AutonomousSearchNumAssignedPredicatesEncountered=13804
%%%mzn-stat-end
maxleg = 206;
succ = array1d(1..100,[18, 5, 7, 11, 29, 42, 21, 10, 30, 14, 13, 17, 23, 37, 24, 22, 28, 15, 40, 25, 44, 45, 48, 35, 31, 49, 1, 32, 27, 3, 46, 53, 52, 36, 38, 2, 68, 47, 55, 41, 9, 73, 6, 50, 77, 66, 57, 74, 8, 43, 58, 56, 54, 91, 16, 51, 61, 95, 33, 71, 82, 89, 67, 75, 59, 78, 87, 70, 94, 72, 84, 76, 98, 93, 34, 96, 12, 79, 99, 26, 62, 86, 60, 80, 88, 83, 20, 64, 19, 39, 81, 97, 69, 63, 4, 65, 90, 100, 92, 85]);
% time elapsed: 14.47 s
----------
%%%mzn-stat: initTime=0.015485998
%%%mzn-stat: objective=205
%%%mzn-stat: nodes=6248
%%%mzn-stat: restarts=0
%%%mzn-stat: peakDepth=784
%%%mzn-stat: solveTime=0.221537103
%%%mzn-stat: variables=1334
%%%mzn-stat: propagators=1014
%%%mzn-stat: failures=142
%%%mzn-stat: propagations=22640
%%%mzn-stat: nogoods=142
%%%mzn-stat: numAtomicConstraintsPropagated=0
%%%mzn-stat: allDifferentNumber1PropagationsTotal=2006
%%%mzn-stat: allDifferentNumber1PropagationsThatFoundConflict=0
%%%mzn-stat: allDifferentNumber1PropagationsThatPruned=1136
%%%mzn-stat: allDifferentNumber1TotalValuesPruned=4697
%%%mzn-stat: allDifferentNumber1TotalHallSetSizeConflict=0
%%%mzn-stat: allDifferentNumber1NumberOfConflicts=0
%%%mzn-stat: allDifferentNumber1MaxHallSetSizeConflict=0
%%%mzn-stat: allDifferentNumber1TotalPruningHallSetSize=15676
%%%mzn-stat: allDifferentNumber1NumberOfPruningExplanations=4697
%%%mzn-stat: allDifferentNumber1MaxPruningHallSetSize=65
%%%mzn-stat: allDifferentNumber1TotalFixedEdgesAtConflict=0
%%%mzn-stat: allDifferentNumber1TotalVarsInvolvedInPruning=4271
%%%mzn-stat: allDifferentNumber1MaxValuesPrunedFromSingleVar=7
%%%mzn-stat: allDifferentNumber1TotalSccSizeAtPruning=6740
%%%mzn-stat: allDifferentNumber1NumberOfSccPruningCalls=1136
%%%mzn-stat: circuitNumber2PropagationsThatFoundConflict=142
%%%mzn-stat: circuitNumber2TotalFixedEdgesAtConflict=12490
%%%mzn-stat: circuitNumber2NumberOfConflicts=142
%%%mzn-stat: circuitNumber2PropagationsThatPruned=183
%%%mzn-stat: circuitNumber2PropagationsTotal=1164
%%%mzn-stat: AverageConflictSize=23.3943661971831
%%%mzn-stat: NumUnitNogoodsLearned=0
%%%mzn-stat: AverageLearnedNogoodLength=31.654929577464788
%%%mzn-stat: AverageBacktrackAmount=0
%%%mzn-stat: AverageLbd=19.880281690140844
%%%mzn-stat: 2AutonomousSearchNumBackupCalled=5454
%%%mzn-stat: 2AutonomousSearchNumPredicatesRemoved=0
%%%mzn-stat: 2AutonomousSearchNumCalls=5462
%%%mzn-stat: 2AutonomousSearchNumPredicatesAdded=4462
%%%mzn-stat: 2AutonomousSearchAverageSizeOfHeap=3.010252654705236
%%%mzn-stat: 2AutonomousSearchNumAssignedPredicatesEncountered=16442
%%%mzn-stat-end
maxleg = 205;
succ = array1d(1..100,[18, 5, 7, 11, 29, 42, 21, 10, 30, 14, 13, 17, 23, 37, 24, 22, 28, 15, 40, 25, 44, 45, 48, 35, 31, 49, 1, 32, 27, 3, 46, 53, 52, 36, 38, 2, 68, 88, 55, 41, 9, 73, 6, 50, 77, 66, 57, 98, 8, 43, 58, 56, 54, 91, 16, 51, 61, 95, 33, 71, 82, 89, 67, 75, 59, 78, 87, 70, 94, 72, 84, 76, 64, 93, 34, 96, 12, 79, 99, 26, 62, 86, 60, 80, 47, 83, 20, 85, 19, 39, 81, 97, 69, 63, 4, 65, 90, 100, 92, 74]);
% time elapsed: 14.49 s
----------
%%%mzn-stat: initTime=0.015485998
%%%mzn-stat: objective=203
%%%mzn-stat: nodes=6949
%%%mzn-stat: restarts=0
%%%mzn-stat: peakDepth=784
%%%mzn-stat: solveTime=0.240050535
%%%mzn-stat: variables=1334
%%%mzn-stat: propagators=1014
%%%mzn-stat: failures=145
%%%mzn-stat: propagations=24733
%%%mzn-stat: nogoods=145
%%%mzn-stat: numAtomicConstraintsPropagated=0
%%%mzn-stat: allDifferentNumber1PropagationsTotal=2171
%%%mzn-stat: allDifferentNumber1PropagationsThatFoundConflict=0
%%%mzn-stat: allDifferentNumber1PropagationsThatPruned=1225
%%%mzn-stat: allDifferentNumber1TotalValuesPruned=5099
%%%mzn-stat: allDifferentNumber1TotalHallSetSizeConflict=0
%%%mzn-stat: allDifferentNumber1NumberOfConflicts=0
%%%mzn-stat: allDifferentNumber1MaxHallSetSizeConflict=0
%%%mzn-stat: allDifferentNumber1TotalPruningHallSetSize=17267
%%%mzn-stat: allDifferentNumber1NumberOfPruningExplanations=5099
%%%mzn-stat: allDifferentNumber1MaxPruningHallSetSize=65
%%%mzn-stat: allDifferentNumber1TotalFixedEdgesAtConflict=0
%%%mzn-stat: allDifferentNumber1TotalVarsInvolvedInPruning=4618
%%%mzn-stat: allDifferentNumber1MaxValuesPrunedFromSingleVar=7
%%%mzn-stat: allDifferentNumber1TotalSccSizeAtPruning=7208
%%%mzn-stat: allDifferentNumber1NumberOfSccPruningCalls=1225
%%%mzn-stat: circuitNumber2PropagationsThatFoundConflict=145
%%%mzn-stat: circuitNumber2TotalFixedEdgesAtConflict=12726
%%%mzn-stat: circuitNumber2NumberOfConflicts=145
%%%mzn-stat: circuitNumber2PropagationsThatPruned=192
%%%mzn-stat: circuitNumber2PropagationsTotal=1253
%%%mzn-stat: AverageConflictSize=23.124137931034483
%%%mzn-stat: NumUnitNogoodsLearned=0
%%%mzn-stat: AverageLearnedNogoodLength=31.76551724137931
%%%mzn-stat: AverageBacktrackAmount=0
%%%mzn-stat: AverageLbd=19.951724137931034
%%%mzn-stat: 2AutonomousSearchNumBackupCalled=6081
%%%mzn-stat: 2AutonomousSearchNumPredicatesRemoved=0
%%%mzn-stat: 2AutonomousSearchNumCalls=6090
%%%mzn-stat: 2AutonomousSearchNumPredicatesAdded=4996
%%%mzn-stat: 2AutonomousSearchAverageSizeOfHeap=3.1676518883415437
%%%mzn-stat: 2AutonomousSearchNumAssignedPredicatesEncountered=19291
%%%mzn-stat-end
maxleg = 203;
succ = array1d(1..100,[18, 5, 7, 11, 29, 42, 21, 10, 30, 14, 13, 17, 23, 37, 24, 22, 28, 15, 40, 25, 44, 45, 48, 35, 31, 49, 1, 32, 27, 3, 46, 53, 52, 36, 38, 2, 68, 88, 55, 41, 62, 73, 6, 19, 77, 66, 57, 98, 8, 43, 58, 56, 54, 91, 16, 51, 61, 95, 33, 71, 82, 89, 67, 75, 59, 78, 87, 70, 94, 72, 84, 76, 64, 93, 34, 96, 12, 79, 99, 26, 9, 86, 60, 80, 47, 83, 20, 85, 50, 39, 81, 97, 69, 63, 4, 65, 90, 100, 92, 74]);
% time elapsed: 14.51 s
----------
%%%mzn-stat: initTime=0.015485998
%%%mzn-stat: objective=202
%%%mzn-stat: nodes=7647
%%%mzn-stat: restarts=0
%%%mzn-stat: peakDepth=784
%%%mzn-stat: solveTime=0.256265569
%%%mzn-stat: variables=1334
%%%mzn-stat: propagators=1014
%%%mzn-stat: failures=146
%%%mzn-stat: propagations=26601
%%%mzn-stat: nogoods=146
%%%mzn-stat: numAtomicConstraintsPropagated=0
%%%mzn-stat: allDifferentNumber1PropagationsTotal=2307
%%%mzn-stat: allDifferentNumber1PropagationsThatFoundConflict=0
%%%mzn-stat: allDifferentNumber1PropagationsThatPruned=1298
%%%mzn-stat: allDifferentNumber1TotalValuesPruned=5455
%%%mzn-stat: allDifferentNumber1TotalHallSetSizeConflict=0
%%%mzn-stat: allDifferentNumber1NumberOfConflicts=0
%%%mzn-stat: allDifferentNumber1MaxHallSetSizeConflict=0
%%%mzn-stat: allDifferentNumber1TotalPruningHallSetSize=18853
%%%mzn-stat: allDifferentNumber1NumberOfPruningExplanations=5455
%%%mzn-stat: allDifferentNumber1MaxPruningHallSetSize=65
%%%mzn-stat: allDifferentNumber1TotalFixedEdgesAtConflict=0
%%%mzn-stat: allDifferentNumber1TotalVarsInvolvedInPruning=4924
%%%mzn-stat: allDifferentNumber1MaxValuesPrunedFromSingleVar=7
%%%mzn-stat: allDifferentNumber1TotalSccSizeAtPruning=7642
%%%mzn-stat: allDifferentNumber1NumberOfSccPruningCalls=1298
%%%mzn-stat: circuitNumber2PropagationsThatFoundConflict=146
%%%mzn-stat: circuitNumber2TotalFixedEdgesAtConflict=12826
%%%mzn-stat: circuitNumber2NumberOfConflicts=146
%%%mzn-stat: circuitNumber2PropagationsThatPruned=199
%%%mzn-stat: circuitNumber2PropagationsTotal=1326
%%%mzn-stat: AverageConflictSize=23.136986301369863
%%%mzn-stat: NumUnitNogoodsLearned=0
%%%mzn-stat: AverageLearnedNogoodLength=32.205479452054796
%%%mzn-stat: AverageBacktrackAmount=0
%%%mzn-stat: AverageLbd=20.21917808219178
%%%mzn-stat: 2AutonomousSearchNumBackupCalled=6719
%%%mzn-stat: 2AutonomousSearchNumPredicatesRemoved=0
%%%mzn-stat: 2AutonomousSearchNumCalls=6729
%%%mzn-stat: 2AutonomousSearchNumPredicatesAdded=5253
%%%mzn-stat: 2AutonomousSearchAverageSizeOfHeap=3.290236290682122
%%%mzn-stat: 2AutonomousSearchNumAssignedPredicatesEncountered=22140
%%%mzn-stat-end
maxleg = 202;
succ = array1d(1..100,[18, 5, 7, 11, 29, 42, 21, 10, 30, 14, 13, 17, 23, 37, 24, 22, 28, 15, 40, 25, 44, 45, 48, 35, 31, 49, 1, 32, 27, 3, 46, 53, 52, 36, 38, 2, 68, 88, 55, 41, 62, 73, 6, 19, 77, 66, 57, 98, 8, 43, 58, 56, 54, 91, 16, 51, 61, 95, 33, 71, 82, 89, 67, 75, 59, 78, 87, 96, 94, 65, 84, 70, 64, 93, 34, 72, 12, 79, 99, 26, 9, 86, 60, 80, 47, 83, 20, 85, 50, 39, 81, 97, 69, 63, 4, 76, 90, 100, 92, 74]);
% time elapsed: 14.53 s
----------
%%%mzn-stat: initTime=0.015485998
%%%mzn-stat: objective=202
%%%mzn-stat: nodes=846352
%%%mzn-stat: restarts=0
%%%mzn-stat: peakDepth=784
%%%mzn-stat: solveTime=1786.052187798
%%%mzn-stat: variables=1334
%%%mzn-stat: propagators=1014
%%%mzn-stat: failures=828323
%%%mzn-stat: propagations=58479159
%%%mzn-stat: nogoods=828323
%%%mzn-stat: numAtomicConstraintsPropagated=0
%%%mzn-stat: allDifferentNumber1PropagationsTotal=6809962
%%%mzn-stat: allDifferentNumber1PropagationsThatFoundConflict=3
%%%mzn-stat: allDifferentNumber1PropagationsThatPruned=5618344
%%%mzn-stat: allDifferentNumber1TotalValuesPruned=21688549
%%%mzn-stat: allDifferentNumber1TotalHallSetSizeConflict=6
%%%mzn-stat: allDifferentNumber1NumberOfConflicts=3
%%%mzn-stat: allDifferentNumber1MaxHallSetSizeConflict=2
%%%mzn-stat: allDifferentNumber1TotalPruningHallSetSize=83397564
%%%mzn-stat: allDifferentNumber1NumberOfPruningExplanations=21688549
%%%mzn-stat: allDifferentNumber1MaxPruningHallSetSize=65
%%%mzn-stat: allDifferentNumber1TotalFixedEdgesAtConflict=227
%%%mzn-stat: allDifferentNumber1TotalVarsInvolvedInPruning=18032391
%%%mzn-stat: allDifferentNumber1MaxValuesPrunedFromSingleVar=7
%%%mzn-stat: allDifferentNumber1TotalSccSizeAtPruning=111592549
%%%mzn-stat: allDifferentNumber1NumberOfSccPruningCalls=5618344
%%%mzn-stat: circuitNumber2PropagationsThatFoundConflict=828319
%%%mzn-stat: circuitNumber2TotalFixedEdgesAtConflict=34261527
%%%mzn-stat: circuitNumber2NumberOfConflicts=828319
%%%mzn-stat: circuitNumber2PropagationsThatPruned=473406
%%%mzn-stat: circuitNumber2PropagationsTotal=4313560
%%%mzn-stat: AverageConflictSize=9.00251471949952
%%%mzn-stat: NumUnitNogoodsLearned=0
%%%mzn-stat: AverageLearnedNogoodLength=154.4008798500102
%%%mzn-stat: AverageBacktrackAmount=0
%%%mzn-stat: AverageLbd=30.73970178300011
%%%mzn-stat: 2AutonomousSearchNumBackupCalled=6719
%%%mzn-stat: 2AutonomousSearchNumPredicatesRemoved=0
%%%mzn-stat: 2AutonomousSearchNumCalls=6729
%%%mzn-stat: 2AutonomousSearchNumPredicatesAdded=8947
%%%mzn-stat: 2AutonomousSearchAverageSizeOfHeap=3.290236290682122
%%%mzn-stat: 2AutonomousSearchNumAssignedPredicatesEncountered=22140
%%%mzn-stat-end
