%%%mzn-stat: initTime=0.217668134
%%%mzn-stat: objective=187
%%%mzn-stat: nodes=10982
%%%mzn-stat: restarts=0
%%%mzn-stat: peakDepth=688
%%%mzn-stat: solveTime=6.040452011
%%%mzn-stat: variables=3136
%%%mzn-stat: propagators=2643
%%%mzn-stat: failures=9570
%%%mzn-stat: propagations=1614516
%%%mzn-stat: nogoods=9570
%%%mzn-stat: AverageConflictSize=33.0551724137931
%%%mzn-stat: NumUnitNogoodsLearned=186
%%%mzn-stat: AverageLearnedNogoodLength=84.7176593521421
%%%mzn-stat: AverageBacktrackAmount=0
%%%mzn-stat: AverageLbd=28.83364681295716
%%%mzn-stat-end
maxleg = 187;
succ = array1d(1..100,[79, 20, 15, 1, 3, 87, 89, 85, 21, 18, 70, 30, 12, 60, 67, 43, 93, 9, 61, 62, 39, 77, 47, 71, 52, 95, 69, 59, 48, 92, 53, 4, 46, 19, 42, 56, 49, 11, 24, 17, 63, 96, 6, 36, 83, 34, 10, 37, 84, 99, 78, 26, 29, 55, 8, 50, 54, 38, 51, 41, 100, 81, 22, 32, 31, 80, 98, 66, 16, 86, 72, 57, 33, 44, 73, 27, 2, 13, 58, 25, 23, 68, 64, 82, 40, 94, 74, 35, 45, 65, 97, 75, 7, 5, 76, 14, 90, 28, 88, 91]);
% time elapsed: 10.25 s
----------
==========
% time elapsed: 10.25 s
%%%mzn-stat: initTime=0.217668134
%%%mzn-stat: objective=187
%%%mzn-stat: nodes=10982
%%%mzn-stat: restarts=0
%%%mzn-stat: peakDepth=688
%%%mzn-stat: solveTime=6.040456214
%%%mzn-stat: variables=3136
%%%mzn-stat: propagators=2643
%%%mzn-stat: failures=9570
%%%mzn-stat: propagations=1614516
%%%mzn-stat: nogoods=9570
%%%mzn-stat: AverageConflictSize=33.0551724137931
%%%mzn-stat: NumUnitNogoodsLearned=186
%%%mzn-stat: AverageLearnedNogoodLength=84.7176593521421
%%%mzn-stat: AverageBacktrackAmount=0
%%%mzn-stat: AverageLbd=28.83364681295716
%%%mzn-stat-end
