%%%mzn-stat: initTime=0.0548229
%%%mzn-stat: objective=613
%%%mzn-stat: nodes=19787
%%%mzn-stat: restarts=9
%%%mzn-stat: peakDepth=222
%%%mzn-stat: solveTime=2.438206816
%%%mzn-stat: variables=531
%%%mzn-stat: propagators=564
%%%mzn-stat: failures=15472
%%%mzn-stat: propagations=1990637
%%%mzn-stat: nogoods=15472
%%%mzn-stat: AverageConflictSize=11.740369700103413
%%%mzn-stat: NumUnitNogoodsLearned=328
%%%mzn-stat: AverageLearnedNogoodLength=42.285741985522236
%%%mzn-stat: AverageBacktrackAmount=0
%%%mzn-stat: AverageLbd=10.927869700103413
%%%mzn-stat-end
maxleg = 613;
succ = array1d(1..20,[13, 6, 5, 19, 18, 1, 10, 3, 4, 20, 9, 15, 14, 11, 2, 17, 12, 7, 8, 16]);
% time elapsed: 5.77 s
----------
%%%mzn-stat: initTime=0.0548229
%%%mzn-stat: objective=493
%%%mzn-stat: nodes=24294
%%%mzn-stat: restarts=11
%%%mzn-stat: peakDepth=222
%%%mzn-stat: solveTime=3.378101306
%%%mzn-stat: variables=531
%%%mzn-stat: propagators=564
%%%mzn-stat: failures=18699
%%%mzn-stat: propagations=2346898
%%%mzn-stat: nogoods=18699
%%%mzn-stat: AverageConflictSize=12.520829990908604
%%%mzn-stat: NumUnitNogoodsLearned=328
%%%mzn-stat: AverageLearnedNogoodLength=44.65495481041767
%%%mzn-stat: AverageBacktrackAmount=0
%%%mzn-stat: AverageLbd=10.499652387828226
%%%mzn-stat-end
maxleg = 493;
succ = array1d(1..20,[13, 6, 5, 16, 18, 1, 10, 3, 4, 20, 9, 15, 19, 11, 2, 17, 12, 7, 8, 14]);
% time elapsed: 6.69 s
----------
%%%mzn-stat: initTime=0.0548229
%%%mzn-stat: objective=452
%%%mzn-stat: nodes=27410
%%%mzn-stat: restarts=12
%%%mzn-stat: peakDepth=222
%%%mzn-stat: solveTime=4.094632447
%%%mzn-stat: variables=531
%%%mzn-stat: propagators=564
%%%mzn-stat: failures=21138
%%%mzn-stat: propagations=2612117
%%%mzn-stat: nogoods=21138
%%%mzn-stat: AverageConflictSize=12.690084208534394
%%%mzn-stat: NumUnitNogoodsLearned=328
%%%mzn-stat: AverageLearnedNogoodLength=46.06254139464472
%%%mzn-stat: AverageBacktrackAmount=0
%%%mzn-stat: AverageLbd=10.412527202195099
%%%mzn-stat-end
maxleg = 452;
succ = array1d(1..20,[13, 1, 5, 16, 18, 15, 10, 12, 4, 20, 9, 3, 19, 11, 2, 17, 6, 7, 8, 14]);
% time elapsed: 7.41 s
----------
=====ERROR=====
% time elapsed: 1191.63 s
