% Logging successfully configured
%%%mzn-stat: initTime=0.010652191
%%%mzn-stat: objective=599
%%%mzn-stat: nodes=7368
%%%mzn-stat: restarts=0
%%%mzn-stat: peakDepth=899
%%%mzn-stat: solveTime=0.138681013
%%%mzn-stat: variables=1559
%%%mzn-stat: propagators=1193
%%%mzn-stat: failures=392
%%%mzn-stat: propagations=46153
%%%mzn-stat: nogoods=392
%%%mzn-stat: numAtomicConstraintsPropagated=0
%%%mzn-stat: allDifferentNumber1TotalHallSetSize=1038
%%%mzn-stat: allDifferentNumber1NumberOfConflicts=392
%%%mzn-stat: allDifferentNumber1MaxHallSetSize=39
%%%mzn-stat: allDifferentNumber1PropagationsTotal=9186
%%%mzn-stat: allDifferentNumber1PropagationsThatFoundConflict=392
%%%mzn-stat: circuitNumber2PropagationsThatFoundConflict=0
%%%mzn-stat: circuitNumber2TotalFixedEdgesAtConflict=0
%%%mzn-stat: circuitNumber2NumberOfConflicts=0
%%%mzn-stat: circuitNumber2PropagationsThatPruned=137
%%%mzn-stat: circuitNumber2PropagationsTotal=6292
%%%mzn-stat: AverageConflictSize=2.6301020408163267
%%%mzn-stat: NumUnitNogoodsLearned=0
%%%mzn-stat: AverageLearnedNogoodLength=3.0306122448979593
%%%mzn-stat: AverageBacktrackAmount=0
%%%mzn-stat: AverageLbd=3.0255102040816326
%%%mzn-stat: 2AutonomousSearchNumBackupCalled=853
%%%mzn-stat: 2AutonomousSearchNumPredicatesRemoved=0
%%%mzn-stat: 2AutonomousSearchNumCalls=854
%%%mzn-stat: 2AutonomousSearchNumPredicatesAdded=564
%%%mzn-stat: 2AutonomousSearchAverageSizeOfHeap=0.6604215456674473
%%%mzn-stat: 2AutonomousSearchNumAssignedPredicatesEncountered=564
%%%mzn-stat-end
maxleg = 599;
succ = array1d(1..50,[2, 4, 5, 3, 7, 1, 8, 13, 10, 14, 6, 9, 15, 16, 17, 19, 18, 12, 21, 30, 23, 11, 24, 25, 27, 34, 26, 22, 28, 32, 33, 29, 36, 35, 31, 37, 39, 20, 41, 46, 43, 40, 44, 42, 48, 50, 45, 49, 38, 47]);
% time elapsed: 0.38 s
----------
%%%mzn-stat: initTime=0.010652191
%%%mzn-stat: objective=490
%%%mzn-stat: nodes=8692
%%%mzn-stat: restarts=0
%%%mzn-stat: peakDepth=899
%%%mzn-stat: solveTime=0.151429553
%%%mzn-stat: variables=1559
%%%mzn-stat: propagators=1193
%%%mzn-stat: failures=433
%%%mzn-stat: propagations=51519
%%%mzn-stat: nogoods=433
%%%mzn-stat: numAtomicConstraintsPropagated=0
%%%mzn-stat: allDifferentNumber1TotalHallSetSize=1144
%%%mzn-stat: allDifferentNumber1NumberOfConflicts=417
%%%mzn-stat: allDifferentNumber1MaxHallSetSize=39
%%%mzn-stat: allDifferentNumber1PropagationsTotal=9954
%%%mzn-stat: allDifferentNumber1PropagationsThatFoundConflict=417
%%%mzn-stat: circuitNumber2PropagationsThatFoundConflict=0
%%%mzn-stat: circuitNumber2TotalFixedEdgesAtConflict=0
%%%mzn-stat: circuitNumber2NumberOfConflicts=0
%%%mzn-stat: circuitNumber2PropagationsThatPruned=153
%%%mzn-stat: circuitNumber2PropagationsTotal=6799
%%%mzn-stat: AverageConflictSize=3.4018475750577366
%%%mzn-stat: NumUnitNogoodsLearned=0
%%%mzn-stat: AverageLearnedNogoodLength=3.766743648960739
%%%mzn-stat: AverageBacktrackAmount=0
%%%mzn-stat: AverageLbd=3.7621247113163974
%%%mzn-stat: 2AutonomousSearchNumBackupCalled=1652
%%%mzn-stat: 2AutonomousSearchNumPredicatesRemoved=0
%%%mzn-stat: 2AutonomousSearchNumCalls=1654
%%%mzn-stat: 2AutonomousSearchNumPredicatesAdded=659
%%%mzn-stat: 2AutonomousSearchAverageSizeOfHeap=0.7140266021765417
%%%mzn-stat: 2AutonomousSearchNumAssignedPredicatesEncountered=1181
%%%mzn-stat-end
maxleg = 490;
succ = array1d(1..50,[2, 4, 5, 3, 7, 1, 8, 13, 10, 14, 6, 9, 15, 16, 17, 19, 18, 12, 21, 30, 23, 11, 24, 25, 27, 34, 26, 22, 28, 32, 33, 29, 36, 35, 31, 42, 39, 20, 41, 38, 48, 44, 37, 43, 47, 40, 50, 49, 45, 46]);
% time elapsed: 0.38 s
----------
%%%mzn-stat: initTime=0.010652191
%%%mzn-stat: objective=487
%%%mzn-stat: nodes=10489
%%%mzn-stat: restarts=0
%%%mzn-stat: peakDepth=899
%%%mzn-stat: solveTime=0.178061662
%%%mzn-stat: variables=1559
%%%mzn-stat: propagators=1193
%%%mzn-stat: failures=472
%%%mzn-stat: propagations=60241
%%%mzn-stat: nogoods=472
%%%mzn-stat: numAtomicConstraintsPropagated=0
%%%mzn-stat: allDifferentNumber1TotalHallSetSize=1226
%%%mzn-stat: allDifferentNumber1NumberOfConflicts=456
%%%mzn-stat: allDifferentNumber1MaxHallSetSize=39
%%%mzn-stat: allDifferentNumber1PropagationsTotal=11345
%%%mzn-stat: allDifferentNumber1PropagationsThatFoundConflict=456
%%%mzn-stat: circuitNumber2PropagationsThatFoundConflict=0
%%%mzn-stat: circuitNumber2TotalFixedEdgesAtConflict=0
%%%mzn-stat: circuitNumber2NumberOfConflicts=0
%%%mzn-stat: circuitNumber2PropagationsThatPruned=167
%%%mzn-stat: circuitNumber2PropagationsTotal=7756
%%%mzn-stat: AverageConflictSize=3.319915254237288
%%%mzn-stat: NumUnitNogoodsLearned=0
%%%mzn-stat: AverageLearnedNogoodLength=3.6546610169491527
%%%mzn-stat: AverageBacktrackAmount=0
%%%mzn-stat: AverageLbd=3.6504237288135593
%%%mzn-stat: 2AutonomousSearchNumBackupCalled=2467
%%%mzn-stat: 2AutonomousSearchNumPredicatesRemoved=0
%%%mzn-stat: 2AutonomousSearchNumCalls=2470
%%%mzn-stat: 2AutonomousSearchNumPredicatesAdded=722
%%%mzn-stat: 2AutonomousSearchAverageSizeOfHeap=0.7336032388663968
%%%mzn-stat: 2AutonomousSearchNumAssignedPredicatesEncountered=1812
%%%mzn-stat-end
maxleg = 487;
succ = array1d(1..50,[2, 4, 7, 3, 8, 1, 5, 13, 10, 14, 6, 9, 15, 16, 17, 19, 18, 12, 21, 30, 23, 11, 24, 25, 27, 34, 26, 22, 28, 32, 33, 29, 36, 35, 31, 42, 39, 20, 41, 38, 48, 44, 37, 43, 47, 40, 50, 49, 45, 46]);
% time elapsed: 0.40 s
----------
%%%mzn-stat: initTime=0.010652191
%%%mzn-stat: objective=470
%%%mzn-stat: nodes=12239
%%%mzn-stat: restarts=0
%%%mzn-stat: peakDepth=899
%%%mzn-stat: solveTime=0.198595762
%%%mzn-stat: variables=1559
%%%mzn-stat: propagators=1193
%%%mzn-stat: failures=523
%%%mzn-stat: propagations=68448
%%%mzn-stat: nogoods=523
%%%mzn-stat: numAtomicConstraintsPropagated=0
%%%mzn-stat: allDifferentNumber1TotalHallSetSize=1367
%%%mzn-stat: allDifferentNumber1NumberOfConflicts=507
%%%mzn-stat: allDifferentNumber1MaxHallSetSize=39
%%%mzn-stat: allDifferentNumber1PropagationsTotal=12595
%%%mzn-stat: allDifferentNumber1PropagationsThatFoundConflict=507
%%%mzn-stat: circuitNumber2PropagationsThatFoundConflict=0
%%%mzn-stat: circuitNumber2TotalFixedEdgesAtConflict=0
%%%mzn-stat: circuitNumber2NumberOfConflicts=0
%%%mzn-stat: circuitNumber2PropagationsThatPruned=177
%%%mzn-stat: circuitNumber2PropagationsTotal=8633
%%%mzn-stat: AverageConflictSize=3.275334608030593
%%%mzn-stat: NumUnitNogoodsLearned=0
%%%mzn-stat: AverageLearnedNogoodLength=3.6137667304015295
%%%mzn-stat: AverageBacktrackAmount=0
%%%mzn-stat: AverageLbd=3.6061185468451242
%%%mzn-stat: 2AutonomousSearchNumBackupCalled=3302
%%%mzn-stat: 2AutonomousSearchNumPredicatesRemoved=0
%%%mzn-stat: 2AutonomousSearchNumCalls=3306
%%%mzn-stat: 2AutonomousSearchNumPredicatesAdded=816
%%%mzn-stat: 2AutonomousSearchAverageSizeOfHeap=0.7428917120387175
%%%mzn-stat: 2AutonomousSearchNumAssignedPredicatesEncountered=2456
%%%mzn-stat-end
maxleg = 470;
succ = array1d(1..50,[2, 4, 7, 3, 8, 1, 5, 13, 10, 14, 9, 6, 15, 16, 11, 19, 18, 12, 21, 30, 23, 17, 24, 25, 27, 34, 26, 22, 28, 32, 33, 29, 36, 35, 31, 42, 39, 20, 41, 38, 48, 44, 37, 43, 47, 40, 50, 49, 45, 46]);
% time elapsed: 0.42 s
----------
%%%mzn-stat: initTime=0.010652191
%%%mzn-stat: objective=460
%%%mzn-stat: nodes=14335
%%%mzn-stat: restarts=0
%%%mzn-stat: peakDepth=899
%%%mzn-stat: solveTime=0.242424081
%%%mzn-stat: variables=1559
%%%mzn-stat: propagators=1193
%%%mzn-stat: failures=754
%%%mzn-stat: propagations=81251
%%%mzn-stat: nogoods=754
%%%mzn-stat: numAtomicConstraintsPropagated=0
%%%mzn-stat: allDifferentNumber1TotalHallSetSize=2415
%%%mzn-stat: allDifferentNumber1NumberOfConflicts=716
%%%mzn-stat: allDifferentNumber1MaxHallSetSize=39
%%%mzn-stat: allDifferentNumber1PropagationsTotal=14601
%%%mzn-stat: allDifferentNumber1PropagationsThatFoundConflict=716
%%%mzn-stat: circuitNumber2PropagationsThatFoundConflict=6
%%%mzn-stat: circuitNumber2TotalFixedEdgesAtConflict=279
%%%mzn-stat: circuitNumber2NumberOfConflicts=6
%%%mzn-stat: circuitNumber2PropagationsThatPruned=270
%%%mzn-stat: circuitNumber2PropagationsTotal=9935
%%%mzn-stat: AverageConflictSize=4.997347480106101
%%%mzn-stat: NumUnitNogoodsLearned=0
%%%mzn-stat: AverageLearnedNogoodLength=9.066312997347481
%%%mzn-stat: AverageBacktrackAmount=0
%%%mzn-stat: AverageLbd=8.478779840848807
%%%mzn-stat: 2AutonomousSearchNumBackupCalled=4119
%%%mzn-stat: 2AutonomousSearchNumPredicatesRemoved=0
%%%mzn-stat: 2AutonomousSearchNumCalls=4124
%%%mzn-stat: 2AutonomousSearchNumPredicatesAdded=1191
%%%mzn-stat: 2AutonomousSearchAverageSizeOfHeap=0.7999515033947624
%%%mzn-stat: 2AutonomousSearchNumAssignedPredicatesEncountered=3299
%%%mzn-stat-end
maxleg = 460;
succ = array1d(1..50,[2, 4, 7, 3, 8, 1, 5, 13, 10, 14, 9, 6, 20, 16, 11, 19, 15, 12, 21, 30, 23, 17, 24, 25, 27, 18, 26, 22, 28, 32, 33, 38, 36, 35, 29, 42, 34, 49, 37, 46, 39, 44, 41, 43, 47, 31, 50, 45, 48, 40]);
% time elapsed: 0.46 s
----------
%%%mzn-stat: initTime=0.010652191
%%%mzn-stat: objective=456
%%%mzn-stat: nodes=16212
%%%mzn-stat: restarts=0
%%%mzn-stat: peakDepth=899
%%%mzn-stat: solveTime=0.271575016
%%%mzn-stat: variables=1559
%%%mzn-stat: propagators=1193
%%%mzn-stat: failures=813
%%%mzn-stat: propagations=91349
%%%mzn-stat: nogoods=813
%%%mzn-stat: numAtomicConstraintsPropagated=0
%%%mzn-stat: allDifferentNumber1TotalHallSetSize=2553
%%%mzn-stat: allDifferentNumber1NumberOfConflicts=775
%%%mzn-stat: allDifferentNumber1MaxHallSetSize=39
%%%mzn-stat: allDifferentNumber1PropagationsTotal=16327
%%%mzn-stat: allDifferentNumber1PropagationsThatFoundConflict=775
%%%mzn-stat: circuitNumber2PropagationsThatFoundConflict=6
%%%mzn-stat: circuitNumber2TotalFixedEdgesAtConflict=279
%%%mzn-stat: circuitNumber2NumberOfConflicts=6
%%%mzn-stat: circuitNumber2PropagationsThatPruned=287
%%%mzn-stat: circuitNumber2PropagationsTotal=10980
%%%mzn-stat: AverageConflictSize=4.841328413284133
%%%mzn-stat: NumUnitNogoodsLearned=0
%%%mzn-stat: AverageLearnedNogoodLength=8.638376383763838
%%%mzn-stat: AverageBacktrackAmount=0
%%%mzn-stat: AverageLbd=8.08979089790898
%%%mzn-stat: 2AutonomousSearchNumBackupCalled=4913
%%%mzn-stat: 2AutonomousSearchNumPredicatesRemoved=0
%%%mzn-stat: 2AutonomousSearchNumCalls=4919
%%%mzn-stat: 2AutonomousSearchNumPredicatesAdded=1315
%%%mzn-stat: 2AutonomousSearchAverageSizeOfHeap=0.8442772921325473
%%%mzn-stat: 2AutonomousSearchNumAssignedPredicatesEncountered=4153
%%%mzn-stat-end
maxleg = 456;
succ = array1d(1..50,[2, 4, 7, 3, 8, 12, 5, 13, 10, 14, 1, 9, 20, 16, 11, 15, 18, 6, 21, 30, 23, 17, 24, 25, 27, 34, 26, 22, 19, 32, 33, 29, 36, 35, 31, 42, 39, 28, 41, 38, 48, 44, 37, 43, 47, 40, 50, 49, 45, 46]);
% time elapsed: 0.49 s
----------
%%%mzn-stat: initTime=0.010652191
%%%mzn-stat: objective=453
%%%mzn-stat: nodes=17873
%%%mzn-stat: restarts=0
%%%mzn-stat: peakDepth=899
%%%mzn-stat: solveTime=0.291426383
%%%mzn-stat: variables=1559
%%%mzn-stat: propagators=1193
%%%mzn-stat: failures=880
%%%mzn-stat: propagations=99537
%%%mzn-stat: nogoods=880
%%%mzn-stat: numAtomicConstraintsPropagated=0
%%%mzn-stat: allDifferentNumber1TotalHallSetSize=2737
%%%mzn-stat: allDifferentNumber1NumberOfConflicts=842
%%%mzn-stat: allDifferentNumber1MaxHallSetSize=39
%%%mzn-stat: allDifferentNumber1PropagationsTotal=17571
%%%mzn-stat: allDifferentNumber1PropagationsThatFoundConflict=842
%%%mzn-stat: circuitNumber2PropagationsThatFoundConflict=6
%%%mzn-stat: circuitNumber2TotalFixedEdgesAtConflict=279
%%%mzn-stat: circuitNumber2NumberOfConflicts=6
%%%mzn-stat: circuitNumber2PropagationsThatPruned=302
%%%mzn-stat: circuitNumber2PropagationsTotal=11772
%%%mzn-stat: AverageConflictSize=4.726136363636364
%%%mzn-stat: NumUnitNogoodsLearned=0
%%%mzn-stat: AverageLearnedNogoodLength=8.230681818181818
%%%mzn-stat: AverageBacktrackAmount=0
%%%mzn-stat: AverageLbd=7.703409090909091
%%%mzn-stat: 2AutonomousSearchNumBackupCalled=5734
%%%mzn-stat: 2AutonomousSearchNumPredicatesRemoved=0
%%%mzn-stat: 2AutonomousSearchNumCalls=5741
%%%mzn-stat: 2AutonomousSearchNumPredicatesAdded=1431
%%%mzn-stat: 2AutonomousSearchAverageSizeOfHeap=0.8744121233234629
%%%mzn-stat: 2AutonomousSearchNumAssignedPredicatesEncountered=5020
%%%mzn-stat-end
maxleg = 453;
succ = array1d(1..50,[2, 4, 7, 3, 8, 12, 5, 13, 10, 14, 1, 9, 20, 16, 11, 15, 18, 6, 21, 30, 24, 17, 19, 25, 27, 23, 29, 22, 28, 32, 33, 38, 36, 26, 31, 42, 34, 40, 35, 46, 37, 44, 41, 43, 49, 50, 45, 39, 48, 47]);
% time elapsed: 0.51 s
----------
%%%mzn-stat: initTime=0.010652191
%%%mzn-stat: objective=428
%%%mzn-stat: nodes=18817
%%%mzn-stat: restarts=0
%%%mzn-stat: peakDepth=899
%%%mzn-stat: solveTime=0.29577081
%%%mzn-stat: variables=1559
%%%mzn-stat: propagators=1193
%%%mzn-stat: failures=900
%%%mzn-stat: propagations=102769
%%%mzn-stat: nogoods=900
%%%mzn-stat: numAtomicConstraintsPropagated=0
%%%mzn-stat: allDifferentNumber1TotalHallSetSize=2779
%%%mzn-stat: allDifferentNumber1NumberOfConflicts=862
%%%mzn-stat: allDifferentNumber1MaxHallSetSize=39
%%%mzn-stat: allDifferentNumber1PropagationsTotal=17879
%%%mzn-stat: allDifferentNumber1PropagationsThatFoundConflict=862
%%%mzn-stat: circuitNumber2PropagationsThatFoundConflict=6
%%%mzn-stat: circuitNumber2TotalFixedEdgesAtConflict=279
%%%mzn-stat: circuitNumber2NumberOfConflicts=6
%%%mzn-stat: circuitNumber2PropagationsThatPruned=318
%%%mzn-stat: circuitNumber2PropagationsTotal=11960
%%%mzn-stat: AverageConflictSize=4.671111111111111
%%%mzn-stat: NumUnitNogoodsLearned=0
%%%mzn-stat: AverageLearnedNogoodLength=8.097777777777777
%%%mzn-stat: AverageBacktrackAmount=0
%%%mzn-stat: AverageLbd=7.581111111111111
%%%mzn-stat: 2AutonomousSearchNumBackupCalled=6492
%%%mzn-stat: 2AutonomousSearchNumPredicatesRemoved=0
%%%mzn-stat: 2AutonomousSearchNumCalls=6500
%%%mzn-stat: 2AutonomousSearchNumPredicatesAdded=1463
%%%mzn-stat: 2AutonomousSearchAverageSizeOfHeap=0.9061538461538462
%%%mzn-stat: 2AutonomousSearchNumAssignedPredicatesEncountered=5890
%%%mzn-stat-end
maxleg = 428;
succ = array1d(1..50,[2, 4, 7, 3, 8, 12, 5, 13, 10, 14, 1, 9, 20, 16, 11, 15, 18, 6, 21, 30, 24, 17, 19, 25, 27, 34, 26, 22, 28, 32, 23, 38, 31, 35, 29, 33, 39, 40, 41, 42, 43, 46, 44, 36, 49, 50, 45, 37, 48, 47]);
% time elapsed: 0.53 s
----------
%%%mzn-stat: initTime=0.010652191
%%%mzn-stat: objective=419
%%%mzn-stat: nodes=19625
%%%mzn-stat: restarts=0
%%%mzn-stat: peakDepth=899
%%%mzn-stat: solveTime=0.29780017
%%%mzn-stat: variables=1559
%%%mzn-stat: propagators=1193
%%%mzn-stat: failures=904
%%%mzn-stat: propagations=104800
%%%mzn-stat: nogoods=904
%%%mzn-stat: numAtomicConstraintsPropagated=0
%%%mzn-stat: allDifferentNumber1TotalHallSetSize=2810
%%%mzn-stat: allDifferentNumber1NumberOfConflicts=866
%%%mzn-stat: allDifferentNumber1MaxHallSetSize=39
%%%mzn-stat: allDifferentNumber1PropagationsTotal=17956
%%%mzn-stat: allDifferentNumber1PropagationsThatFoundConflict=866
%%%mzn-stat: circuitNumber2PropagationsThatFoundConflict=6
%%%mzn-stat: circuitNumber2TotalFixedEdgesAtConflict=279
%%%mzn-stat: circuitNumber2NumberOfConflicts=6
%%%mzn-stat: circuitNumber2PropagationsThatPruned=319
%%%mzn-stat: circuitNumber2PropagationsTotal=12007
%%%mzn-stat: AverageConflictSize=4.70575221238938
%%%mzn-stat: NumUnitNogoodsLearned=0
%%%mzn-stat: AverageLearnedNogoodLength=8.11504424778761
%%%mzn-stat: AverageBacktrackAmount=0
%%%mzn-stat: AverageLbd=7.577433628318584
%%%mzn-stat: 2AutonomousSearchNumBackupCalled=7250
%%%mzn-stat: 2AutonomousSearchNumPredicatesRemoved=0
%%%mzn-stat: 2AutonomousSearchNumCalls=7259
%%%mzn-stat: 2AutonomousSearchNumPredicatesAdded=1487
%%%mzn-stat: 2AutonomousSearchAverageSizeOfHeap=0.9318087890894062
%%%mzn-stat: 2AutonomousSearchNumAssignedPredicatesEncountered=6764
%%%mzn-stat-end
maxleg = 419;
succ = array1d(1..50,[2, 4, 7, 3, 8, 12, 5, 13, 10, 14, 1, 9, 20, 16, 11, 15, 18, 6, 21, 30, 24, 17, 19, 25, 27, 34, 26, 22, 28, 32, 23, 38, 31, 35, 29, 33, 39, 40, 48, 42, 37, 44, 41, 43, 47, 36, 50, 49, 45, 46]);
% time elapsed: 0.53 s
----------
%%%mzn-stat: initTime=0.010652191
%%%mzn-stat: objective=406
%%%mzn-stat: nodes=20609
%%%mzn-stat: restarts=0
%%%mzn-stat: peakDepth=899
%%%mzn-stat: solveTime=0.308733638
%%%mzn-stat: variables=1559
%%%mzn-stat: propagators=1193
%%%mzn-stat: failures=999
%%%mzn-stat: propagations=110119
%%%mzn-stat: nogoods=999
%%%mzn-stat: numAtomicConstraintsPropagated=0
%%%mzn-stat: allDifferentNumber1TotalHallSetSize=3568
%%%mzn-stat: allDifferentNumber1NumberOfConflicts=949
%%%mzn-stat: allDifferentNumber1MaxHallSetSize=39
%%%mzn-stat: allDifferentNumber1PropagationsTotal=18427
%%%mzn-stat: allDifferentNumber1PropagationsThatFoundConflict=949
%%%mzn-stat: circuitNumber2PropagationsThatFoundConflict=16
%%%mzn-stat: circuitNumber2TotalFixedEdgesAtConflict=723
%%%mzn-stat: circuitNumber2NumberOfConflicts=16
%%%mzn-stat: circuitNumber2PropagationsThatPruned=355
%%%mzn-stat: circuitNumber2PropagationsTotal=12250
%%%mzn-stat: AverageConflictSize=5.85985985985986
%%%mzn-stat: NumUnitNogoodsLearned=0
%%%mzn-stat: AverageLearnedNogoodLength=9.465465465465465
%%%mzn-stat: AverageBacktrackAmount=0
%%%mzn-stat: AverageLbd=7.995995995995996
%%%mzn-stat: 2AutonomousSearchNumBackupCalled=7986
%%%mzn-stat: 2AutonomousSearchNumPredicatesRemoved=0
%%%mzn-stat: 2AutonomousSearchNumCalls=7996
%%%mzn-stat: 2AutonomousSearchNumPredicatesAdded=1890
%%%mzn-stat: 2AutonomousSearchAverageSizeOfHeap=0.9811155577788895
%%%mzn-stat: 2AutonomousSearchNumAssignedPredicatesEncountered=7845
%%%mzn-stat-end
maxleg = 406;
succ = array1d(1..50,[2, 4, 7, 3, 8, 12, 5, 13, 10, 14, 1, 9, 20, 16, 11, 15, 18, 6, 21, 30, 24, 17, 19, 25, 27, 34, 26, 22, 32, 40, 23, 38, 31, 35, 29, 42, 39, 49, 48, 33, 37, 44, 41, 43, 47, 36, 50, 28, 45, 46]);
% time elapsed: 0.54 s
----------
%%%mzn-stat: initTime=0.010652191
%%%mzn-stat: objective=398
%%%mzn-stat: nodes=21727
%%%mzn-stat: restarts=0
%%%mzn-stat: peakDepth=899
%%%mzn-stat: solveTime=0.340588679
%%%mzn-stat: variables=1559
%%%mzn-stat: propagators=1193
%%%mzn-stat: failures=1245
%%%mzn-stat: propagations=120173
%%%mzn-stat: nogoods=1245
%%%mzn-stat: numAtomicConstraintsPropagated=0
%%%mzn-stat: allDifferentNumber1TotalHallSetSize=4848
%%%mzn-stat: allDifferentNumber1NumberOfConflicts=1152
%%%mzn-stat: allDifferentNumber1MaxHallSetSize=39
%%%mzn-stat: allDifferentNumber1PropagationsTotal=19499
%%%mzn-stat: allDifferentNumber1PropagationsThatFoundConflict=1152
%%%mzn-stat: circuitNumber2PropagationsThatFoundConflict=54
%%%mzn-stat: circuitNumber2TotalFixedEdgesAtConflict=2483
%%%mzn-stat: circuitNumber2NumberOfConflicts=54
%%%mzn-stat: circuitNumber2PropagationsThatPruned=484
%%%mzn-stat: circuitNumber2PropagationsTotal=12799
%%%mzn-stat: AverageConflictSize=7.383935742971888
%%%mzn-stat: NumUnitNogoodsLearned=0
%%%mzn-stat: AverageLearnedNogoodLength=12.503614457831326
%%%mzn-stat: AverageBacktrackAmount=0
%%%mzn-stat: AverageLbd=9.710843373493976
%%%mzn-stat: 2AutonomousSearchNumBackupCalled=8715
%%%mzn-stat: 2AutonomousSearchNumPredicatesRemoved=0
%%%mzn-stat: 2AutonomousSearchNumCalls=8726
%%%mzn-stat: 2AutonomousSearchNumPredicatesAdded=2463
%%%mzn-stat: 2AutonomousSearchAverageSizeOfHeap=1.0399954159981664
%%%mzn-stat: 2AutonomousSearchNumAssignedPredicatesEncountered=9075
%%%mzn-stat-end
maxleg = 398;
succ = array1d(1..50,[2, 4, 7, 3, 8, 12, 5, 13, 10, 14, 1, 9, 20, 16, 11, 15, 18, 6, 21, 30, 24, 17, 19, 25, 27, 34, 26, 48, 28, 32, 23, 38, 31, 35, 36, 42, 39, 49, 29, 33, 37, 44, 41, 43, 47, 40, 50, 22, 45, 46]);
% time elapsed: 0.57 s
----------
%%%mzn-stat: initTime=0.010652191
%%%mzn-stat: objective=391
%%%mzn-stat: nodes=22613
%%%mzn-stat: restarts=0
%%%mzn-stat: peakDepth=899
%%%mzn-stat: solveTime=0.354676
%%%mzn-stat: variables=1559
%%%mzn-stat: propagators=1193
%%%mzn-stat: failures=1380
%%%mzn-stat: propagations=126187
%%%mzn-stat: nogoods=1380
%%%mzn-stat: numAtomicConstraintsPropagated=0
%%%mzn-stat: allDifferentNumber1TotalHallSetSize=5855
%%%mzn-stat: allDifferentNumber1NumberOfConflicts=1287
%%%mzn-stat: allDifferentNumber1MaxHallSetSize=39
%%%mzn-stat: allDifferentNumber1PropagationsTotal=20052
%%%mzn-stat: allDifferentNumber1PropagationsThatFoundConflict=1287
%%%mzn-stat: circuitNumber2PropagationsThatFoundConflict=54
%%%mzn-stat: circuitNumber2TotalFixedEdgesAtConflict=2483
%%%mzn-stat: circuitNumber2NumberOfConflicts=54
%%%mzn-stat: circuitNumber2PropagationsThatPruned=548
%%%mzn-stat: circuitNumber2PropagationsTotal=13053
%%%mzn-stat: AverageConflictSize=9.226811594202898
%%%mzn-stat: NumUnitNogoodsLearned=0
%%%mzn-stat: AverageLearnedNogoodLength=14.404347826086957
%%%mzn-stat: AverageBacktrackAmount=0
%%%mzn-stat: AverageLbd=10.193478260869565
%%%mzn-stat: 2AutonomousSearchNumBackupCalled=9413
%%%mzn-stat: 2AutonomousSearchNumPredicatesRemoved=0
%%%mzn-stat: 2AutonomousSearchNumCalls=9425
%%%mzn-stat: 2AutonomousSearchNumPredicatesAdded=2793
%%%mzn-stat: 2AutonomousSearchAverageSizeOfHeap=1.0938992042440319
%%%mzn-stat: 2AutonomousSearchNumAssignedPredicatesEncountered=10310
%%%mzn-stat-end
maxleg = 391;
succ = array1d(1..50,[2, 4, 7, 3, 8, 12, 5, 13, 10, 14, 1, 9, 20, 16, 11, 15, 18, 6, 21, 30, 24, 17, 19, 25, 27, 34, 26, 48, 28, 32, 23, 38, 31, 35, 39, 33, 41, 49, 37, 42, 43, 36, 44, 29, 47, 40, 50, 22, 45, 46]);
% time elapsed: 0.58 s
----------
%%%mzn-stat: initTime=0.010652191
%%%mzn-stat: objective=389
%%%mzn-stat: nodes=23378
%%%mzn-stat: restarts=0
%%%mzn-stat: peakDepth=899
%%%mzn-stat: solveTime=0.357608109
%%%mzn-stat: variables=1559
%%%mzn-stat: propagators=1193
%%%mzn-stat: failures=1392
%%%mzn-stat: propagations=128586
%%%mzn-stat: nogoods=1392
%%%mzn-stat: numAtomicConstraintsPropagated=0
%%%mzn-stat: allDifferentNumber1TotalHallSetSize=5966
%%%mzn-stat: allDifferentNumber1NumberOfConflicts=1299
%%%mzn-stat: allDifferentNumber1MaxHallSetSize=39
%%%mzn-stat: allDifferentNumber1PropagationsTotal=20162
%%%mzn-stat: allDifferentNumber1PropagationsThatFoundConflict=1299
%%%mzn-stat: circuitNumber2PropagationsThatFoundConflict=54
%%%mzn-stat: circuitNumber2TotalFixedEdgesAtConflict=2483
%%%mzn-stat: circuitNumber2NumberOfConflicts=54
%%%mzn-stat: circuitNumber2PropagationsThatPruned=552
%%%mzn-stat: circuitNumber2PropagationsTotal=13118
%%%mzn-stat: AverageConflictSize=9.357758620689655
%%%mzn-stat: NumUnitNogoodsLearned=0
%%%mzn-stat: AverageLearnedNogoodLength=14.508620689655173
%%%mzn-stat: AverageBacktrackAmount=0
%%%mzn-stat: AverageLbd=10.157327586206897
%%%mzn-stat: 2AutonomousSearchNumBackupCalled=10104
%%%mzn-stat: 2AutonomousSearchNumPredicatesRemoved=0
%%%mzn-stat: 2AutonomousSearchNumCalls=10117
%%%mzn-stat: 2AutonomousSearchNumPredicatesAdded=2996
%%%mzn-stat: 2AutonomousSearchAverageSizeOfHeap=1.144113867747356
%%%mzn-stat: 2AutonomousSearchNumAssignedPredicatesEncountered=11575
%%%mzn-stat-end
maxleg = 389;
succ = array1d(1..50,[2, 4, 7, 3, 8, 12, 5, 13, 10, 14, 1, 9, 20, 16, 11, 15, 18, 6, 21, 30, 24, 17, 19, 25, 27, 34, 29, 48, 28, 32, 23, 38, 31, 35, 36, 33, 26, 49, 37, 42, 39, 44, 41, 43, 47, 40, 50, 22, 45, 46]);
% time elapsed: 0.59 s
----------
%%%mzn-stat: initTime=0.010652191
%%%mzn-stat: objective=376
%%%mzn-stat: nodes=24414
%%%mzn-stat: restarts=0
%%%mzn-stat: peakDepth=899
%%%mzn-stat: solveTime=0.365379603
%%%mzn-stat: variables=1559
%%%mzn-stat: propagators=1193
%%%mzn-stat: failures=1424
%%%mzn-stat: propagations=134159
%%%mzn-stat: nogoods=1424
%%%mzn-stat: numAtomicConstraintsPropagated=0
%%%mzn-stat: allDifferentNumber1TotalHallSetSize=6132
%%%mzn-stat: allDifferentNumber1NumberOfConflicts=1331
%%%mzn-stat: allDifferentNumber1MaxHallSetSize=39
%%%mzn-stat: allDifferentNumber1PropagationsTotal=20675
%%%mzn-stat: allDifferentNumber1PropagationsThatFoundConflict=1331
%%%mzn-stat: circuitNumber2PropagationsThatFoundConflict=54
%%%mzn-stat: circuitNumber2TotalFixedEdgesAtConflict=2483
%%%mzn-stat: circuitNumber2NumberOfConflicts=54
%%%mzn-stat: circuitNumber2PropagationsThatPruned=595
%%%mzn-stat: circuitNumber2PropagationsTotal=13470
%%%mzn-stat: AverageConflictSize=9.405898876404494
%%%mzn-stat: NumUnitNogoodsLearned=0
%%%mzn-stat: AverageLearnedNogoodLength=14.445224719101123
%%%mzn-stat: AverageBacktrackAmount=0
%%%mzn-stat: AverageLbd=10.018960674157304
%%%mzn-stat: 2AutonomousSearchNumBackupCalled=10798
%%%mzn-stat: 2AutonomousSearchNumPredicatesRemoved=0
%%%mzn-stat: 2AutonomousSearchNumCalls=10812
%%%mzn-stat: 2AutonomousSearchNumPredicatesAdded=3160
%%%mzn-stat: 2AutonomousSearchAverageSizeOfHeap=1.188031816500185
%%%mzn-stat: 2AutonomousSearchNumAssignedPredicatesEncountered=12845
%%%mzn-stat-end
maxleg = 376;
succ = array1d(1..50,[2, 4, 7, 3, 8, 12, 5, 13, 10, 14, 1, 9, 20, 16, 11, 15, 18, 6, 21, 30, 25, 17, 19, 23, 27, 34, 29, 48, 28, 32, 24, 38, 31, 35, 36, 33, 26, 49, 37, 42, 39, 44, 41, 43, 47, 40, 50, 22, 45, 46]);
% time elapsed: 0.60 s
----------
%%%mzn-stat: initTime=0.010652191
%%%mzn-stat: objective=368
%%%mzn-stat: nodes=25396
%%%mzn-stat: restarts=0
%%%mzn-stat: peakDepth=899
%%%mzn-stat: solveTime=0.373234606
%%%mzn-stat: variables=1559
%%%mzn-stat: propagators=1193
%%%mzn-stat: failures=1449
%%%mzn-stat: propagations=139342
%%%mzn-stat: nogoods=1449
%%%mzn-stat: numAtomicConstraintsPropagated=0
%%%mzn-stat: allDifferentNumber1TotalHallSetSize=6286
%%%mzn-stat: allDifferentNumber1NumberOfConflicts=1356
%%%mzn-stat: allDifferentNumber1MaxHallSetSize=39
%%%mzn-stat: allDifferentNumber1PropagationsTotal=21094
%%%mzn-stat: allDifferentNumber1PropagationsThatFoundConflict=1356
%%%mzn-stat: circuitNumber2PropagationsThatFoundConflict=54
%%%mzn-stat: circuitNumber2TotalFixedEdgesAtConflict=2483
%%%mzn-stat: circuitNumber2NumberOfConflicts=54
%%%mzn-stat: circuitNumber2PropagationsThatPruned=636
%%%mzn-stat: circuitNumber2PropagationsTotal=13783
%%%mzn-stat: AverageConflictSize=9.46031746031746
%%%mzn-stat: NumUnitNogoodsLearned=0
%%%mzn-stat: AverageLearnedNogoodLength=14.416149068322982
%%%mzn-stat: AverageBacktrackAmount=0
%%%mzn-stat: AverageLbd=9.924775707384404
%%%mzn-stat: 2AutonomousSearchNumBackupCalled=11482
%%%mzn-stat: 2AutonomousSearchNumPredicatesRemoved=0
%%%mzn-stat: 2AutonomousSearchNumCalls=11497
%%%mzn-stat: 2AutonomousSearchNumPredicatesAdded=3304
%%%mzn-stat: 2AutonomousSearchAverageSizeOfHeap=1.2277985561450813
%%%mzn-stat: 2AutonomousSearchNumAssignedPredicatesEncountered=14116
%%%mzn-stat-end
maxleg = 368;
succ = array1d(1..50,[2, 4, 7, 3, 8, 12, 5, 13, 10, 14, 1, 9, 20, 16, 11, 15, 18, 6, 21, 30, 25, 17, 19, 27, 24, 34, 29, 48, 28, 32, 23, 38, 31, 35, 36, 33, 26, 49, 37, 42, 39, 44, 41, 43, 47, 40, 50, 22, 45, 46]);
% time elapsed: 0.61 s
----------
%%%mzn-stat: initTime=0.010652191
%%%mzn-stat: objective=364
%%%mzn-stat: nodes=26863
%%%mzn-stat: restarts=0
%%%mzn-stat: peakDepth=899
%%%mzn-stat: solveTime=0.397656145
%%%mzn-stat: variables=1559
%%%mzn-stat: propagators=1193
%%%mzn-stat: failures=1513
%%%mzn-stat: propagations=150572
%%%mzn-stat: nogoods=1513
%%%mzn-stat: numAtomicConstraintsPropagated=0
%%%mzn-stat: allDifferentNumber1TotalHallSetSize=6652
%%%mzn-stat: allDifferentNumber1NumberOfConflicts=1420
%%%mzn-stat: allDifferentNumber1MaxHallSetSize=39
%%%mzn-stat: allDifferentNumber1PropagationsTotal=22392
%%%mzn-stat: allDifferentNumber1PropagationsThatFoundConflict=1420
%%%mzn-stat: circuitNumber2PropagationsThatFoundConflict=54
%%%mzn-stat: circuitNumber2TotalFixedEdgesAtConflict=2483
%%%mzn-stat: circuitNumber2NumberOfConflicts=54
%%%mzn-stat: circuitNumber2PropagationsThatPruned=647
%%%mzn-stat: circuitNumber2PropagationsTotal=14556
%%%mzn-stat: AverageConflictSize=9.482485128883013
%%%mzn-stat: NumUnitNogoodsLearned=0
%%%mzn-stat: AverageLearnedNogoodLength=14.229345670852611
%%%mzn-stat: AverageBacktrackAmount=0
%%%mzn-stat: AverageLbd=9.681427627230667
%%%mzn-stat: 2AutonomousSearchNumBackupCalled=12157
%%%mzn-stat: 2AutonomousSearchNumPredicatesRemoved=0
%%%mzn-stat: 2AutonomousSearchNumCalls=12173
%%%mzn-stat: 2AutonomousSearchNumPredicatesAdded=3490
%%%mzn-stat: 2AutonomousSearchAverageSizeOfHeap=1.2700238232153125
%%%mzn-stat: 2AutonomousSearchNumAssignedPredicatesEncountered=15460
%%%mzn-stat-end
maxleg = 364;
succ = array1d(1..50,[2, 4, 7, 3, 8, 18, 5, 13, 10, 14, 1, 9, 20, 16, 11, 15, 22, 12, 21, 30, 25, 29, 19, 27, 24, 6, 31, 48, 32, 47, 33, 38, 36, 23, 34, 42, 26, 40, 37, 50, 39, 44, 41, 43, 49, 35, 45, 17, 28, 46]);
% time elapsed: 0.63 s
----------
%%%mzn-stat: initTime=0.010652191
%%%mzn-stat: objective=357
%%%mzn-stat: nodes=28483
%%%mzn-stat: restarts=0
%%%mzn-stat: peakDepth=899
%%%mzn-stat: solveTime=0.494938339
%%%mzn-stat: variables=1559
%%%mzn-stat: propagators=1193
%%%mzn-stat: failures=2057
%%%mzn-stat: propagations=177190
%%%mzn-stat: nogoods=2057
%%%mzn-stat: numAtomicConstraintsPropagated=0
%%%mzn-stat: allDifferentNumber1TotalHallSetSize=10283
%%%mzn-stat: allDifferentNumber1NumberOfConflicts=1804
%%%mzn-stat: allDifferentNumber1MaxHallSetSize=39
%%%mzn-stat: allDifferentNumber1PropagationsTotal=24832
%%%mzn-stat: allDifferentNumber1PropagationsThatFoundConflict=1804
%%%mzn-stat: circuitNumber2PropagationsThatFoundConflict=155
%%%mzn-stat: circuitNumber2TotalFixedEdgesAtConflict=7075
%%%mzn-stat: circuitNumber2NumberOfConflicts=155
%%%mzn-stat: circuitNumber2PropagationsThatPruned=871
%%%mzn-stat: circuitNumber2PropagationsTotal=15909
%%%mzn-stat: AverageConflictSize=14.535245503159942
%%%mzn-stat: NumUnitNogoodsLearned=0
%%%mzn-stat: AverageLearnedNogoodLength=21.891589693728733
%%%mzn-stat: AverageBacktrackAmount=0
%%%mzn-stat: AverageLbd=14.96353913466213
%%%mzn-stat: 2AutonomousSearchNumBackupCalled=12805
%%%mzn-stat: 2AutonomousSearchNumPredicatesRemoved=0
%%%mzn-stat: 2AutonomousSearchNumCalls=12822
%%%mzn-stat: 2AutonomousSearchNumPredicatesAdded=4057
%%%mzn-stat: 2AutonomousSearchAverageSizeOfHeap=1.3153954141319606
%%%mzn-stat: 2AutonomousSearchNumAssignedPredicatesEncountered=16866
%%%mzn-stat-end
maxleg = 357;
succ = array1d(1..50,[2, 4, 7, 3, 8, 18, 5, 13, 10, 14, 1, 9, 20, 16, 11, 15, 22, 12, 21, 30, 31, 29, 19, 25, 23, 6, 24, 48, 27, 32, 33, 28, 36, 26, 44, 42, 34, 49, 37, 46, 39, 38, 41, 43, 47, 35, 50, 17, 45, 40]);
% time elapsed: 0.73 s
----------
%%%mzn-stat: initTime=0.010652191
%%%mzn-stat: objective=351
%%%mzn-stat: nodes=29281
%%%mzn-stat: restarts=0
%%%mzn-stat: peakDepth=899
%%%mzn-stat: solveTime=0.499722159
%%%mzn-stat: variables=1559
%%%mzn-stat: propagators=1193
%%%mzn-stat: failures=2069
%%%mzn-stat: propagations=180946
%%%mzn-stat: nogoods=2069
%%%mzn-stat: numAtomicConstraintsPropagated=0
%%%mzn-stat: allDifferentNumber1TotalHallSetSize=10407
%%%mzn-stat: allDifferentNumber1NumberOfConflicts=1816
%%%mzn-stat: allDifferentNumber1MaxHallSetSize=39
%%%mzn-stat: allDifferentNumber1PropagationsTotal=25092
%%%mzn-stat: allDifferentNumber1PropagationsThatFoundConflict=1816
%%%mzn-stat: circuitNumber2PropagationsThatFoundConflict=155
%%%mzn-stat: circuitNumber2TotalFixedEdgesAtConflict=7075
%%%mzn-stat: circuitNumber2NumberOfConflicts=155
%%%mzn-stat: circuitNumber2PropagationsThatPruned=877
%%%mzn-stat: circuitNumber2PropagationsTotal=16075
%%%mzn-stat: AverageConflictSize=14.549540840985983
%%%mzn-stat: NumUnitNogoodsLearned=0
%%%mzn-stat: AverageLearnedNogoodLength=21.863218946350894
%%%mzn-stat: AverageBacktrackAmount=0
%%%mzn-stat: AverageLbd=14.911551474142097
%%%mzn-stat: 2AutonomousSearchNumBackupCalled=13441
%%%mzn-stat: 2AutonomousSearchNumPredicatesRemoved=0
%%%mzn-stat: 2AutonomousSearchNumCalls=13459
%%%mzn-stat: 2AutonomousSearchNumPredicatesAdded=4116
%%%mzn-stat: 2AutonomousSearchAverageSizeOfHeap=1.3582732743888848
%%%mzn-stat: 2AutonomousSearchNumAssignedPredicatesEncountered=18281
%%%mzn-stat-end
maxleg = 351;
succ = array1d(1..50,[2, 4, 7, 3, 8, 18, 5, 13, 10, 14, 1, 9, 20, 16, 11, 15, 22, 12, 21, 30, 31, 38, 19, 25, 23, 6, 24, 48, 27, 32, 33, 28, 36, 26, 29, 42, 34, 49, 37, 46, 39, 44, 41, 43, 47, 35, 50, 17, 45, 40]);
% time elapsed: 0.74 s
----------
%%%mzn-stat: initTime=0.010652191
%%%mzn-stat: objective=344
%%%mzn-stat: nodes=30141
%%%mzn-stat: restarts=0
%%%mzn-stat: peakDepth=899
%%%mzn-stat: solveTime=0.52114434
%%%mzn-stat: variables=1559
%%%mzn-stat: propagators=1193
%%%mzn-stat: failures=2202
%%%mzn-stat: propagations=189577
%%%mzn-stat: nogoods=2202
%%%mzn-stat: numAtomicConstraintsPropagated=0
%%%mzn-stat: allDifferentNumber1TotalHallSetSize=10648
%%%mzn-stat: allDifferentNumber1NumberOfConflicts=1876
%%%mzn-stat: allDifferentNumber1MaxHallSetSize=39
%%%mzn-stat: allDifferentNumber1PropagationsTotal=25646
%%%mzn-stat: allDifferentNumber1PropagationsThatFoundConflict=1876
%%%mzn-stat: circuitNumber2PropagationsThatFoundConflict=222
%%%mzn-stat: circuitNumber2TotalFixedEdgesAtConflict=10121
%%%mzn-stat: circuitNumber2NumberOfConflicts=222
%%%mzn-stat: circuitNumber2PropagationsThatPruned=952
%%%mzn-stat: circuitNumber2PropagationsTotal=16415
%%%mzn-stat: AverageConflictSize=15.024069028156221
%%%mzn-stat: NumUnitNogoodsLearned=0
%%%mzn-stat: AverageLearnedNogoodLength=22.79336966394187
%%%mzn-stat: AverageBacktrackAmount=0
%%%mzn-stat: AverageLbd=15.770663033605812
%%%mzn-stat: 2AutonomousSearchNumBackupCalled=14084
%%%mzn-stat: 2AutonomousSearchNumPredicatesRemoved=0
%%%mzn-stat: 2AutonomousSearchNumCalls=14103
%%%mzn-stat: 2AutonomousSearchNumPredicatesAdded=4513
%%%mzn-stat: 2AutonomousSearchAverageSizeOfHeap=1.396936821952776
%%%mzn-stat: 2AutonomousSearchNumAssignedPredicatesEncountered=19701
%%%mzn-stat-end
maxleg = 344;
succ = array1d(1..50,[2, 4, 7, 3, 8, 18, 5, 13, 10, 14, 1, 9, 20, 16, 11, 15, 22, 12, 21, 30, 31, 38, 19, 25, 23, 6, 24, 48, 27, 32, 33, 29, 36, 26, 44, 46, 34, 42, 37, 47, 39, 35, 41, 43, 49, 50, 45, 17, 28, 40]);
% time elapsed: 0.76 s
----------
%%%mzn-stat: initTime=0.010652191
%%%mzn-stat: objective=337
%%%mzn-stat: nodes=30789
%%%mzn-stat: restarts=0
%%%mzn-stat: peakDepth=899
%%%mzn-stat: solveTime=0.522900385
%%%mzn-stat: variables=1559
%%%mzn-stat: propagators=1193
%%%mzn-stat: failures=2203
%%%mzn-stat: propagations=191714
%%%mzn-stat: nogoods=2203
%%%mzn-stat: numAtomicConstraintsPropagated=0
%%%mzn-stat: allDifferentNumber1TotalHallSetSize=10648
%%%mzn-stat: allDifferentNumber1NumberOfConflicts=1876
%%%mzn-stat: allDifferentNumber1MaxHallSetSize=39
%%%mzn-stat: allDifferentNumber1PropagationsTotal=25710
%%%mzn-stat: allDifferentNumber1PropagationsThatFoundConflict=1876
%%%mzn-stat: circuitNumber2PropagationsThatFoundConflict=223
%%%mzn-stat: circuitNumber2TotalFixedEdgesAtConflict=10165
%%%mzn-stat: circuitNumber2NumberOfConflicts=223
%%%mzn-stat: circuitNumber2PropagationsThatPruned=954
%%%mzn-stat: circuitNumber2PropagationsTotal=16460
%%%mzn-stat: AverageConflictSize=15.018157058556515
%%%mzn-stat: NumUnitNogoodsLearned=0
%%%mzn-stat: AverageLearnedNogoodLength=22.78620063549705
%%%mzn-stat: AverageBacktrackAmount=0
%%%mzn-stat: AverageLbd=15.764866091693145
%%%mzn-stat: 2AutonomousSearchNumBackupCalled=14689
%%%mzn-stat: 2AutonomousSearchNumPredicatesRemoved=0
%%%mzn-stat: 2AutonomousSearchNumCalls=14709
%%%mzn-stat: 2AutonomousSearchNumPredicatesAdded=4534
%%%mzn-stat: 2AutonomousSearchAverageSizeOfHeap=1.4359235842001496
%%%mzn-stat: 2AutonomousSearchNumAssignedPredicatesEncountered=21121
%%%mzn-stat-end
maxleg = 337;
succ = array1d(1..50,[2, 4, 7, 3, 8, 18, 5, 13, 10, 14, 1, 9, 20, 16, 11, 15, 22, 12, 21, 30, 31, 38, 19, 25, 23, 6, 24, 48, 27, 32, 33, 29, 36, 26, 44, 46, 34, 42, 41, 47, 43, 35, 37, 39, 49, 50, 45, 17, 28, 40]);
% time elapsed: 0.76 s
----------
%%%mzn-stat: initTime=0.010652191
%%%mzn-stat: objective=330
%%%mzn-stat: nodes=31525
%%%mzn-stat: restarts=0
%%%mzn-stat: peakDepth=899
%%%mzn-stat: solveTime=0.527031442
%%%mzn-stat: variables=1559
%%%mzn-stat: propagators=1193
%%%mzn-stat: failures=2218
%%%mzn-stat: propagations=194953
%%%mzn-stat: nogoods=2218
%%%mzn-stat: numAtomicConstraintsPropagated=0
%%%mzn-stat: allDifferentNumber1TotalHallSetSize=10826
%%%mzn-stat: allDifferentNumber1NumberOfConflicts=1890
%%%mzn-stat: allDifferentNumber1MaxHallSetSize=39
%%%mzn-stat: allDifferentNumber1PropagationsTotal=25901
%%%mzn-stat: allDifferentNumber1PropagationsThatFoundConflict=1890
%%%mzn-stat: circuitNumber2PropagationsThatFoundConflict=223
%%%mzn-stat: circuitNumber2TotalFixedEdgesAtConflict=10165
%%%mzn-stat: circuitNumber2NumberOfConflicts=223
%%%mzn-stat: circuitNumber2PropagationsThatPruned=958
%%%mzn-stat: circuitNumber2PropagationsTotal=16569
%%%mzn-stat: AverageConflictSize=15.060414788097384
%%%mzn-stat: NumUnitNogoodsLearned=0
%%%mzn-stat: AverageLearnedNogoodLength=22.78043282236249
%%%mzn-stat: AverageBacktrackAmount=0
%%%mzn-stat: AverageLbd=15.707844905320108
%%%mzn-stat: 2AutonomousSearchNumBackupCalled=15311
%%%mzn-stat: 2AutonomousSearchNumPredicatesRemoved=0
%%%mzn-stat: 2AutonomousSearchNumCalls=15332
%%%mzn-stat: 2AutonomousSearchNumPredicatesAdded=4681
%%%mzn-stat: 2AutonomousSearchAverageSizeOfHeap=1.4708452908948604
%%%mzn-stat: 2AutonomousSearchNumAssignedPredicatesEncountered=22551
%%%mzn-stat-end
maxleg = 330;
succ = array1d(1..50,[2, 4, 7, 3, 8, 18, 5, 13, 10, 14, 1, 9, 20, 16, 11, 15, 22, 12, 21, 30, 31, 45, 19, 25, 23, 6, 24, 48, 27, 32, 33, 49, 36, 26, 29, 42, 34, 47, 41, 46, 43, 44, 37, 39, 38, 35, 50, 17, 28, 40]);
% time elapsed: 0.77 s
----------
%%%mzn-stat: initTime=0.010652191
%%%mzn-stat: objective=327
%%%mzn-stat: nodes=32913
%%%mzn-stat: restarts=0
%%%mzn-stat: peakDepth=899
%%%mzn-stat: solveTime=0.545511419
%%%mzn-stat: variables=1559
%%%mzn-stat: propagators=1193
%%%mzn-stat: failures=2294
%%%mzn-stat: propagations=207770
%%%mzn-stat: nogoods=2294
%%%mzn-stat: numAtomicConstraintsPropagated=0
%%%mzn-stat: allDifferentNumber1TotalHallSetSize=11354
%%%mzn-stat: allDifferentNumber1NumberOfConflicts=1966
%%%mzn-stat: allDifferentNumber1MaxHallSetSize=39
%%%mzn-stat: allDifferentNumber1PropagationsTotal=27073
%%%mzn-stat: allDifferentNumber1PropagationsThatFoundConflict=1966
%%%mzn-stat: circuitNumber2PropagationsThatFoundConflict=223
%%%mzn-stat: circuitNumber2TotalFixedEdgesAtConflict=10165
%%%mzn-stat: circuitNumber2NumberOfConflicts=223
%%%mzn-stat: circuitNumber2PropagationsThatPruned=961
%%%mzn-stat: circuitNumber2PropagationsTotal=17313
%%%mzn-stat: AverageConflictSize=15.149956408020925
%%%mzn-stat: NumUnitNogoodsLearned=0
%%%mzn-stat: AverageLearnedNogoodLength=22.64210985178727
%%%mzn-stat: AverageBacktrackAmount=0
%%%mzn-stat: AverageLbd=15.423278116826504
%%%mzn-stat: 2AutonomousSearchNumBackupCalled=15932
%%%mzn-stat: 2AutonomousSearchNumPredicatesRemoved=0
%%%mzn-stat: 2AutonomousSearchNumCalls=15954
%%%mzn-stat: 2AutonomousSearchNumPredicatesAdded=4996
%%%mzn-stat: 2AutonomousSearchAverageSizeOfHeap=1.5063933809702896
%%%mzn-stat: 2AutonomousSearchNumAssignedPredicatesEncountered=24033
%%%mzn-stat-end
maxleg = 327;
succ = array1d(1..50,[2, 4, 7, 3, 8, 18, 5, 13, 11, 14, 1, 9, 20, 16, 24, 15, 22, 12, 10, 30, 19, 45, 25, 27, 29, 6, 23, 48, 28, 47, 21, 38, 31, 26, 36, 33, 34, 42, 41, 46, 43, 44, 37, 39, 49, 35, 50, 17, 32, 40]);
% time elapsed: 0.79 s
----------
%%%mzn-stat: initTime=0.010652191
%%%mzn-stat: objective=324
%%%mzn-stat: nodes=33794
%%%mzn-stat: restarts=0
%%%mzn-stat: peakDepth=899
%%%mzn-stat: solveTime=0.553925661
%%%mzn-stat: variables=1559
%%%mzn-stat: propagators=1193
%%%mzn-stat: failures=2322
%%%mzn-stat: propagations=213394
%%%mzn-stat: nogoods=2322
%%%mzn-stat: numAtomicConstraintsPropagated=0
%%%mzn-stat: allDifferentNumber1TotalHallSetSize=11586
%%%mzn-stat: allDifferentNumber1NumberOfConflicts=1991
%%%mzn-stat: allDifferentNumber1MaxHallSetSize=39
%%%mzn-stat: allDifferentNumber1PropagationsTotal=27499
%%%mzn-stat: allDifferentNumber1PropagationsThatFoundConflict=1991
%%%mzn-stat: circuitNumber2PropagationsThatFoundConflict=225
%%%mzn-stat: circuitNumber2TotalFixedEdgesAtConflict=10262
%%%mzn-stat: circuitNumber2NumberOfConflicts=225
%%%mzn-stat: circuitNumber2PropagationsThatPruned=966
%%%mzn-stat: circuitNumber2PropagationsTotal=17607
%%%mzn-stat: AverageConflictSize=15.22609819121447
%%%mzn-stat: NumUnitNogoodsLearned=0
%%%mzn-stat: AverageLearnedNogoodLength=22.657192075796726
%%%mzn-stat: AverageBacktrackAmount=0
%%%mzn-stat: AverageLbd=15.37424633936262
%%%mzn-stat: 2AutonomousSearchNumBackupCalled=16503
%%%mzn-stat: 2AutonomousSearchNumPredicatesRemoved=0
%%%mzn-stat: 2AutonomousSearchNumCalls=16526
%%%mzn-stat: 2AutonomousSearchNumPredicatesAdded=5247
%%%mzn-stat: 2AutonomousSearchAverageSizeOfHeap=1.5450199685344306
%%%mzn-stat: 2AutonomousSearchNumAssignedPredicatesEncountered=25533
%%%mzn-stat-end
maxleg = 324;
succ = array1d(1..50,[2, 4, 7, 3, 8, 26, 5, 13, 11, 14, 1, 9, 20, 16, 24, 15, 22, 12, 10, 30, 19, 18, 25, 27, 29, 34, 23, 48, 28, 32, 21, 49, 31, 35, 36, 33, 6, 47, 41, 46, 43, 44, 37, 39, 38, 42, 50, 17, 45, 40]);
% time elapsed: 0.80 s
----------
%%%mzn-stat: initTime=0.010652191
%%%mzn-stat: objective=322
%%%mzn-stat: nodes=34462
%%%mzn-stat: restarts=0
%%%mzn-stat: peakDepth=899
%%%mzn-stat: solveTime=0.558216074
%%%mzn-stat: variables=1559
%%%mzn-stat: propagators=1193
%%%mzn-stat: failures=2334
%%%mzn-stat: propagations=216612
%%%mzn-stat: nogoods=2334
%%%mzn-stat: numAtomicConstraintsPropagated=0
%%%mzn-stat: allDifferentNumber1TotalHallSetSize=11753
%%%mzn-stat: allDifferentNumber1NumberOfConflicts=2001
%%%mzn-stat: allDifferentNumber1MaxHallSetSize=39
%%%mzn-stat: allDifferentNumber1PropagationsTotal=27668
%%%mzn-stat: allDifferentNumber1PropagationsThatFoundConflict=2001
%%%mzn-stat: circuitNumber2PropagationsThatFoundConflict=227
%%%mzn-stat: circuitNumber2TotalFixedEdgesAtConflict=10356
%%%mzn-stat: circuitNumber2NumberOfConflicts=227
%%%mzn-stat: circuitNumber2PropagationsThatPruned=972
%%%mzn-stat: circuitNumber2PropagationsTotal=17718
%%%mzn-stat: AverageConflictSize=15.418166238217653
%%%mzn-stat: NumUnitNogoodsLearned=0
%%%mzn-stat: AverageLearnedNogoodLength=22.819622964867182
%%%mzn-stat: AverageBacktrackAmount=0
%%%mzn-stat: AverageLbd=15.394601542416453
%%%mzn-stat: 2AutonomousSearchNumBackupCalled=17060
%%%mzn-stat: 2AutonomousSearchNumPredicatesRemoved=0
%%%mzn-stat: 2AutonomousSearchNumCalls=17084
%%%mzn-stat: 2AutonomousSearchNumPredicatesAdded=5501
%%%mzn-stat: 2AutonomousSearchAverageSizeOfHeap=1.5826504331538283
%%%mzn-stat: 2AutonomousSearchNumAssignedPredicatesEncountered=27038
%%%mzn-stat-end
maxleg = 322;
succ = array1d(1..50,[2, 4, 7, 3, 8, 26, 5, 13, 11, 14, 1, 9, 20, 16, 24, 15, 22, 12, 10, 30, 31, 18, 19, 25, 27, 34, 29, 48, 28, 32, 23, 49, 21, 35, 36, 33, 6, 47, 41, 46, 43, 44, 37, 39, 38, 42, 50, 17, 45, 40]);
% time elapsed: 0.80 s
----------
%%%mzn-stat: initTime=0.010652191
%%%mzn-stat: objective=318
%%%mzn-stat: nodes=35633
%%%mzn-stat: restarts=0
%%%mzn-stat: peakDepth=899
%%%mzn-stat: solveTime=0.573605588
%%%mzn-stat: variables=1559
%%%mzn-stat: propagators=1193
%%%mzn-stat: failures=2375
%%%mzn-stat: propagations=226799
%%%mzn-stat: nogoods=2375
%%%mzn-stat: numAtomicConstraintsPropagated=0
%%%mzn-stat: allDifferentNumber1TotalHallSetSize=12039
%%%mzn-stat: allDifferentNumber1NumberOfConflicts=2042
%%%mzn-stat: allDifferentNumber1MaxHallSetSize=39
%%%mzn-stat: allDifferentNumber1PropagationsTotal=28551
%%%mzn-stat: allDifferentNumber1PropagationsThatFoundConflict=2042
%%%mzn-stat: circuitNumber2PropagationsThatFoundConflict=227
%%%mzn-stat: circuitNumber2TotalFixedEdgesAtConflict=10356
%%%mzn-stat: circuitNumber2NumberOfConflicts=227
%%%mzn-stat: circuitNumber2PropagationsThatPruned=974
%%%mzn-stat: circuitNumber2PropagationsTotal=18312
%%%mzn-stat: AverageConflictSize=15.577684210526316
%%%mzn-stat: NumUnitNogoodsLearned=0
%%%mzn-stat: AverageLearnedNogoodLength=22.854315789473684
%%%mzn-stat: AverageBacktrackAmount=0
%%%mzn-stat: AverageLbd=15.27621052631579
%%%mzn-stat: 2AutonomousSearchNumBackupCalled=17622
%%%mzn-stat: 2AutonomousSearchNumPredicatesRemoved=0
%%%mzn-stat: 2AutonomousSearchNumCalls=17647
%%%mzn-stat: 2AutonomousSearchNumPredicatesAdded=5754
%%%mzn-stat: 2AutonomousSearchAverageSizeOfHeap=1.619028730095767
%%%mzn-stat: 2AutonomousSearchNumAssignedPredicatesEncountered=28571
%%%mzn-stat-end
maxleg = 318;
succ = array1d(1..50,[2, 4, 15, 3, 7, 26, 8, 13, 11, 14, 1, 9, 20, 16, 24, 19, 22, 12, 23, 30, 10, 18, 25, 27, 29, 34, 31, 48, 28, 32, 33, 49, 40, 35, 36, 21, 6, 42, 41, 46, 43, 44, 37, 39, 38, 47, 50, 17, 45, 5]);
% time elapsed: 0.82 s
----------
%%%mzn-stat: initTime=0.010652191
%%%mzn-stat: objective=311
%%%mzn-stat: nodes=36201
%%%mzn-stat: restarts=0
%%%mzn-stat: peakDepth=899
%%%mzn-stat: solveTime=0.575621938
%%%mzn-stat: variables=1559
%%%mzn-stat: propagators=1193
%%%mzn-stat: failures=2378
%%%mzn-stat: propagations=229096
%%%mzn-stat: nogoods=2378
%%%mzn-stat: numAtomicConstraintsPropagated=0
%%%mzn-stat: allDifferentNumber1TotalHallSetSize=12069
%%%mzn-stat: allDifferentNumber1NumberOfConflicts=2045
%%%mzn-stat: allDifferentNumber1MaxHallSetSize=39
%%%mzn-stat: allDifferentNumber1PropagationsTotal=28623
%%%mzn-stat: allDifferentNumber1PropagationsThatFoundConflict=2045
%%%mzn-stat: circuitNumber2PropagationsThatFoundConflict=227
%%%mzn-stat: circuitNumber2TotalFixedEdgesAtConflict=10356
%%%mzn-stat: circuitNumber2NumberOfConflicts=227
%%%mzn-stat: circuitNumber2PropagationsThatPruned=976
%%%mzn-stat: circuitNumber2PropagationsTotal=18360
%%%mzn-stat: AverageConflictSize=15.605971404541632
%%%mzn-stat: NumUnitNogoodsLearned=0
%%%mzn-stat: AverageLearnedNogoodLength=22.875525651808243
%%%mzn-stat: AverageBacktrackAmount=0
%%%mzn-stat: AverageLbd=15.278385197645079
%%%mzn-stat: 2AutonomousSearchNumBackupCalled=18144
%%%mzn-stat: 2AutonomousSearchNumPredicatesRemoved=0
%%%mzn-stat: 2AutonomousSearchNumCalls=18170
%%%mzn-stat: 2AutonomousSearchNumPredicatesAdded=5879
%%%mzn-stat: 2AutonomousSearchAverageSizeOfHeap=1.657347275729224
%%%mzn-stat: 2AutonomousSearchNumAssignedPredicatesEncountered=30114
%%%mzn-stat-end
maxleg = 311;
succ = array1d(1..50,[2, 4, 15, 3, 7, 26, 8, 13, 11, 14, 1, 9, 20, 16, 24, 19, 22, 12, 23, 30, 10, 18, 25, 27, 29, 34, 31, 48, 28, 47, 33, 38, 40, 35, 36, 21, 6, 42, 41, 46, 43, 44, 37, 39, 49, 50, 45, 17, 32, 5]);
% time elapsed: 0.82 s
----------
%%%mzn-stat: initTime=0.010652191
%%%mzn-stat: objective=301
%%%mzn-stat: nodes=37392
%%%mzn-stat: restarts=0
%%%mzn-stat: peakDepth=899
%%%mzn-stat: solveTime=0.627322839
%%%mzn-stat: variables=1559
%%%mzn-stat: propagators=1193
%%%mzn-stat: failures=2755
%%%mzn-stat: propagations=254643
%%%mzn-stat: nogoods=2755
%%%mzn-stat: numAtomicConstraintsPropagated=0
%%%mzn-stat: allDifferentNumber1TotalHallSetSize=12747
%%%mzn-stat: allDifferentNumber1NumberOfConflicts=2294
%%%mzn-stat: allDifferentNumber1MaxHallSetSize=39
%%%mzn-stat: allDifferentNumber1PropagationsTotal=30177
%%%mzn-stat: allDifferentNumber1PropagationsThatFoundConflict=2294
%%%mzn-stat: circuitNumber2PropagationsThatFoundConflict=337
%%%mzn-stat: circuitNumber2TotalFixedEdgesAtConflict=15314
%%%mzn-stat: circuitNumber2NumberOfConflicts=337
%%%mzn-stat: circuitNumber2PropagationsThatPruned=1202
%%%mzn-stat: circuitNumber2PropagationsTotal=19261
%%%mzn-stat: AverageConflictSize=15.073321234119783
%%%mzn-stat: NumUnitNogoodsLearned=0
%%%mzn-stat: AverageLearnedNogoodLength=24.795281306715065
%%%mzn-stat: AverageBacktrackAmount=0
%%%mzn-stat: AverageLbd=15.646823956442832
%%%mzn-stat: 2AutonomousSearchNumBackupCalled=18650
%%%mzn-stat: 2AutonomousSearchNumPredicatesRemoved=0
%%%mzn-stat: 2AutonomousSearchNumCalls=18677
%%%mzn-stat: 2AutonomousSearchNumPredicatesAdded=6852
%%%mzn-stat: 2AutonomousSearchAverageSizeOfHeap=1.7159608074101838
%%%mzn-stat: 2AutonomousSearchNumAssignedPredicatesEncountered=32049
%%%mzn-stat-end
maxleg = 301;
succ = array1d(1..50,[2, 4, 15, 3, 7, 26, 8, 13, 11, 14, 1, 9, 20, 16, 24, 19, 22, 12, 23, 30, 10, 18, 25, 27, 29, 34, 31, 48, 32, 47, 33, 38, 50, 35, 36, 21, 6, 45, 41, 46, 43, 44, 37, 39, 49, 42, 40, 17, 28, 5]);
% time elapsed: 0.87 s
----------
%%%mzn-stat: initTime=0.010652191
%%%mzn-stat: objective=294
%%%mzn-stat: nodes=37967
%%%mzn-stat: restarts=0
%%%mzn-stat: peakDepth=899
%%%mzn-stat: solveTime=0.631166549
%%%mzn-stat: variables=1559
%%%mzn-stat: propagators=1193
%%%mzn-stat: failures=2765
%%%mzn-stat: propagations=257838
%%%mzn-stat: nogoods=2765
%%%mzn-stat: numAtomicConstraintsPropagated=0
%%%mzn-stat: allDifferentNumber1TotalHallSetSize=12855
%%%mzn-stat: allDifferentNumber1NumberOfConflicts=2303
%%%mzn-stat: allDifferentNumber1MaxHallSetSize=39
%%%mzn-stat: allDifferentNumber1PropagationsTotal=30308
%%%mzn-stat: allDifferentNumber1PropagationsThatFoundConflict=2303
%%%mzn-stat: circuitNumber2PropagationsThatFoundConflict=337
%%%mzn-stat: circuitNumber2TotalFixedEdgesAtConflict=15314
%%%mzn-stat: circuitNumber2NumberOfConflicts=337
%%%mzn-stat: circuitNumber2PropagationsThatPruned=1212
%%%mzn-stat: circuitNumber2PropagationsTotal=19349
%%%mzn-stat: AverageConflictSize=15.125858951175406
%%%mzn-stat: NumUnitNogoodsLearned=0
%%%mzn-stat: AverageLearnedNogoodLength=24.826763110307414
%%%mzn-stat: AverageBacktrackAmount=0
%%%mzn-stat: AverageLbd=15.623146473779386
%%%mzn-stat: 2AutonomousSearchNumBackupCalled=19138
%%%mzn-stat: 2AutonomousSearchNumPredicatesRemoved=0
%%%mzn-stat: 2AutonomousSearchNumCalls=19166
%%%mzn-stat: 2AutonomousSearchNumPredicatesAdded=7112
%%%mzn-stat: 2AutonomousSearchAverageSizeOfHeap=1.774235625586977
%%%mzn-stat: 2AutonomousSearchNumAssignedPredicatesEncountered=34005
%%%mzn-stat-end
maxleg = 294;
succ = array1d(1..50,[2, 4, 15, 3, 7, 26, 8, 13, 11, 14, 1, 9, 20, 16, 24, 19, 22, 12, 23, 30, 10, 48, 25, 27, 29, 34, 31, 17, 32, 47, 33, 38, 50, 35, 36, 21, 6, 45, 41, 46, 43, 44, 37, 39, 49, 42, 40, 18, 28, 5]);
% time elapsed: 0.88 s
----------
%%%mzn-stat: initTime=0.010652191
%%%mzn-stat: objective=293
%%%mzn-stat: nodes=38516
%%%mzn-stat: restarts=0
%%%mzn-stat: peakDepth=899
%%%mzn-stat: solveTime=0.633816436
%%%mzn-stat: variables=1559
%%%mzn-stat: propagators=1193
%%%mzn-stat: failures=2774
%%%mzn-stat: propagations=260632
%%%mzn-stat: nogoods=2774
%%%mzn-stat: numAtomicConstraintsPropagated=0
%%%mzn-stat: allDifferentNumber1TotalHallSetSize=12879
%%%mzn-stat: allDifferentNumber1NumberOfConflicts=2310
%%%mzn-stat: allDifferentNumber1MaxHallSetSize=39
%%%mzn-stat: allDifferentNumber1PropagationsTotal=30412
%%%mzn-stat: allDifferentNumber1PropagationsThatFoundConflict=2310
%%%mzn-stat: circuitNumber2PropagationsThatFoundConflict=339
%%%mzn-stat: circuitNumber2TotalFixedEdgesAtConflict=15406
%%%mzn-stat: circuitNumber2NumberOfConflicts=339
%%%mzn-stat: circuitNumber2PropagationsThatPruned=1220
%%%mzn-stat: circuitNumber2PropagationsTotal=19418
%%%mzn-stat: AverageConflictSize=15.104181687094448
%%%mzn-stat: NumUnitNogoodsLearned=0
%%%mzn-stat: AverageLearnedNogoodLength=24.826604181687095
%%%mzn-stat: AverageBacktrackAmount=0
%%%mzn-stat: AverageLbd=15.594448449891853
%%%mzn-stat: 2AutonomousSearchNumBackupCalled=19626
%%%mzn-stat: 2AutonomousSearchNumPredicatesRemoved=0
%%%mzn-stat: 2AutonomousSearchNumCalls=19655
%%%mzn-stat: 2AutonomousSearchNumPredicatesAdded=7425
%%%mzn-stat: 2AutonomousSearchAverageSizeOfHeap=1.8296107860595268
%%%mzn-stat: 2AutonomousSearchNumAssignedPredicatesEncountered=35961
%%%mzn-stat-end
maxleg = 293;
succ = array1d(1..50,[2, 4, 15, 3, 7, 26, 8, 13, 11, 14, 1, 9, 20, 16, 24, 19, 22, 12, 23, 30, 10, 48, 25, 27, 29, 34, 31, 17, 32, 47, 36, 38, 21, 35, 42, 44, 6, 45, 41, 33, 43, 46, 37, 39, 49, 50, 40, 18, 28, 5]);
% time elapsed: 0.88 s
----------
%%%mzn-stat: initTime=0.010652191
%%%mzn-stat: objective=290
%%%mzn-stat: nodes=39283
%%%mzn-stat: restarts=0
%%%mzn-stat: peakDepth=899
%%%mzn-stat: solveTime=0.645036373
%%%mzn-stat: variables=1559
%%%mzn-stat: propagators=1193
%%%mzn-stat: failures=2848
%%%mzn-stat: propagations=268534
%%%mzn-stat: nogoods=2848
%%%mzn-stat: numAtomicConstraintsPropagated=0
%%%mzn-stat: allDifferentNumber1TotalHallSetSize=13322
%%%mzn-stat: allDifferentNumber1NumberOfConflicts=2377
%%%mzn-stat: allDifferentNumber1MaxHallSetSize=39
%%%mzn-stat: allDifferentNumber1PropagationsTotal=30926
%%%mzn-stat: allDifferentNumber1PropagationsThatFoundConflict=2377
%%%mzn-stat: circuitNumber2PropagationsThatFoundConflict=342
%%%mzn-stat: circuitNumber2TotalFixedEdgesAtConflict=15528
%%%mzn-stat: circuitNumber2NumberOfConflicts=342
%%%mzn-stat: circuitNumber2PropagationsThatPruned=1254
%%%mzn-stat: circuitNumber2PropagationsTotal=19721
%%%mzn-stat: AverageConflictSize=15.257022471910112
%%%mzn-stat: NumUnitNogoodsLearned=0
%%%mzn-stat: AverageLearnedNogoodLength=24.9873595505618
%%%mzn-stat: AverageBacktrackAmount=0
%%%mzn-stat: AverageLbd=15.456460674157304
%%%mzn-stat: 2AutonomousSearchNumBackupCalled=20104
%%%mzn-stat: 2AutonomousSearchNumPredicatesRemoved=0
%%%mzn-stat: 2AutonomousSearchNumCalls=20134
%%%mzn-stat: 2AutonomousSearchNumPredicatesAdded=8238
%%%mzn-stat: 2AutonomousSearchAverageSizeOfHeap=1.886758716598788
%%%mzn-stat: 2AutonomousSearchNumAssignedPredicatesEncountered=37988
%%%mzn-stat-end
maxleg = 290;
succ = array1d(1..50,[2, 4, 15, 3, 7, 26, 8, 13, 11, 14, 1, 9, 20, 16, 28, 19, 22, 12, 23, 30, 10, 48, 25, 27, 24, 34, 31, 29, 42, 47, 44, 38, 21, 35, 46, 33, 6, 45, 41, 50, 43, 36, 37, 39, 49, 40, 32, 18, 17, 5]);
% time elapsed: 0.90 s
----------
%%%mzn-stat: initTime=0.010652191
%%%mzn-stat: objective=289
%%%mzn-stat: nodes=40391
%%%mzn-stat: restarts=0
%%%mzn-stat: peakDepth=899
%%%mzn-stat: solveTime=0.662010851
%%%mzn-stat: variables=1559
%%%mzn-stat: propagators=1193
%%%mzn-stat: failures=2902
%%%mzn-stat: propagations=280777
%%%mzn-stat: nogoods=2902
%%%mzn-stat: numAtomicConstraintsPropagated=0
%%%mzn-stat: allDifferentNumber1TotalHallSetSize=13577
%%%mzn-stat: allDifferentNumber1NumberOfConflicts=2423
%%%mzn-stat: allDifferentNumber1MaxHallSetSize=39
%%%mzn-stat: allDifferentNumber1PropagationsTotal=31922
%%%mzn-stat: allDifferentNumber1PropagationsThatFoundConflict=2423
%%%mzn-stat: circuitNumber2PropagationsThatFoundConflict=350
%%%mzn-stat: circuitNumber2TotalFixedEdgesAtConflict=15888
%%%mzn-stat: circuitNumber2NumberOfConflicts=350
%%%mzn-stat: circuitNumber2PropagationsThatPruned=1293
%%%mzn-stat: circuitNumber2PropagationsTotal=20351
%%%mzn-stat: AverageConflictSize=15.286009648518263
%%%mzn-stat: NumUnitNogoodsLearned=0
%%%mzn-stat: AverageLearnedNogoodLength=24.916264645072363
%%%mzn-stat: AverageBacktrackAmount=0
%%%mzn-stat: AverageLbd=15.321847002067539
%%%mzn-stat: 2AutonomousSearchNumBackupCalled=20590
%%%mzn-stat: 2AutonomousSearchNumPredicatesRemoved=0
%%%mzn-stat: 2AutonomousSearchNumCalls=20621
%%%mzn-stat: 2AutonomousSearchNumPredicatesAdded=8942
%%%mzn-stat: 2AutonomousSearchAverageSizeOfHeap=1.9458804131710392
%%%mzn-stat: 2AutonomousSearchNumAssignedPredicatesEncountered=40126
%%%mzn-stat-end
maxleg = 289;
succ = array1d(1..50,[2, 4, 15, 11, 7, 26, 8, 13, 12, 14, 9, 18, 20, 16, 28, 19, 1, 37, 23, 30, 10, 48, 25, 27, 24, 34, 29, 22, 32, 47, 21, 38, 36, 35, 42, 44, 39, 45, 41, 33, 43, 46, 6, 31, 49, 50, 40, 17, 3, 5]);
% time elapsed: 0.91 s
----------
=====ERROR=====
% time elapsed: 804.00 s
