% Logging successfully configured
=====UNKNOWN=====
% time elapsed: 1799.82 s
%%%mzn-stat: initTime=0.043702909
%%%mzn-stat: nodes=1203933
%%%mzn-stat: restarts=0
%%%mzn-stat: peakDepth=125
%%%mzn-stat: solveTime=1786.466977895
%%%mzn-stat: variables=3255
%%%mzn-stat: propagators=2839
%%%mzn-stat: failures=810833
%%%mzn-stat: propagations=20071303
%%%mzn-stat: nogoods=810833
%%%mzn-stat: numAtomicConstraintsPropagated=0
%%%mzn-stat: circuitNumber1PropagationsTotal=4023337
%%%mzn-stat: circuitNumber1CircuitConflicts=277842
%%%mzn-stat: circuitNumber1AlldiffConflicts=8877
%%%mzn-stat: circuitNumber1TotalFixedEdgesAtConflict=34533060
%%%mzn-stat: circuitNumber1NumberOfConflicts=286719
%%%mzn-stat: circuitNumber1GacPrunings=10542914
%%%mzn-stat: circuitNumber1PropagationsThatGacPruned=2517030
%%%mzn-stat: circuitNumber1TotalPruningHallSetSize=62610512
%%%mzn-stat: circuitNumber1NumberOfPruningExplanations=10542914
%%%mzn-stat: circuitNumber1MaxPruningHallSetSize=68
%%%mzn-stat: circuitNumber1TotalSccSizeAtPruning=46947684
%%%mzn-stat: circuitNumber1NumberOfSccPruningCalls=2517030
%%%mzn-stat: circuitNumber1TotalVarsInvolvedInPruning=8774430
%%%mzn-stat: circuitNumber1MaxValuesPrunedFromSingleVar=6
%%%mzn-stat: circuitNumber1HallCircuitChecks=12307958
%%%mzn-stat: circuitNumber1HallCircuitPrunings=160486
%%%mzn-stat: circuitNumber1CircuitPreventPrunings=1347520
%%%mzn-stat: AverageConflictSize=18.39974199372744
%%%mzn-stat: NumUnitNogoodsLearned=0
%%%mzn-stat: AverageLearnedNogoodLength=102.57215480869674
%%%mzn-stat: AverageBacktrackAmount=0
%%%mzn-stat: AverageLbd=38.70106791410809
%%%mzn-stat: 2AutonomousSearchNumBackupCalled=0
%%%mzn-stat: 2AutonomousSearchNumPredicatesRemoved=0
%%%mzn-stat: 2AutonomousSearchNumCalls=0
%%%mzn-stat: 2AutonomousSearchNumPredicatesAdded=3155
%%%mzn-stat: 2AutonomousSearchAverageSizeOfHeap=0
%%%mzn-stat: 2AutonomousSearchNumAssignedPredicatesEncountered=0
%%%mzn-stat-end
