%%%mzn-stat: initTime=0.061668075
%%%mzn-stat: objective=475
%%%mzn-stat: nodes=22671
%%%mzn-stat: restarts=1
%%%mzn-stat: peakDepth=819
%%%mzn-stat: solveTime=4.065779871
%%%mzn-stat: variables=1526
%%%mzn-stat: propagators=2388
%%%mzn-stat: failures=15387
%%%mzn-stat: propagations=4101110
%%%mzn-stat: nogoods=15387
%%%mzn-stat: AverageConflictSize=31.433482810164424
%%%mzn-stat: NumUnitNogoodsLearned=208
%%%mzn-stat: AverageLearnedNogoodLength=92.39383895496198
%%%mzn-stat: AverageBacktrackAmount=0
%%%mzn-stat: AverageLbd=12.2697731851563
%%%mzn-stat-end
maxleg = 475;
succ = array1d(1..50,[45, 14, 36, 31, 7, 34, 33, 48, 41, 12, 30, 44, 25, 40, 20, 11, 8, 19, 17, 50, 18, 32, 42, 47, 5, 23, 2, 13, 46, 43, 1, 6, 29, 26, 24, 27, 16, 15, 38, 4, 21, 10, 9, 3, 35, 37, 28, 49, 39, 22]);
% time elapsed: 10.66 s
----------
%%%mzn-stat: initTime=0.061668075
%%%mzn-stat: objective=450
%%%mzn-stat: nodes=23727
%%%mzn-stat: restarts=2
%%%mzn-stat: peakDepth=889
%%%mzn-stat: solveTime=4.088147957
%%%mzn-stat: variables=1526
%%%mzn-stat: propagators=2388
%%%mzn-stat: failures=15435
%%%mzn-stat: propagations=4121221
%%%mzn-stat: nogoods=15435
%%%mzn-stat: AverageConflictSize=31.383867832847425
%%%mzn-stat: NumUnitNogoodsLearned=208
%%%mzn-stat: AverageLearnedNogoodLength=92.29944930353093
%%%mzn-stat: AverageBacktrackAmount=0
%%%mzn-stat: AverageLbd=12.27437641723356
%%%mzn-stat-end
maxleg = 450;
succ = array1d(1..50,[32, 14, 27, 31, 7, 34, 33, 50, 47, 12, 41, 44, 25, 36, 30, 11, 8, 19, 17, 40, 18, 45, 42, 48, 5, 23, 2, 13, 46, 43, 1, 6, 29, 26, 20, 24, 16, 15, 38, 4, 21, 10, 9, 3, 35, 37, 28, 49, 39, 22]);
% time elapsed: 10.68 s
----------
%%%mzn-stat: initTime=0.061668075
%%%mzn-stat: objective=446
%%%mzn-stat: nodes=24750
%%%mzn-stat: restarts=3
%%%mzn-stat: peakDepth=904
%%%mzn-stat: solveTime=4.110850163
%%%mzn-stat: variables=1526
%%%mzn-stat: propagators=2388
%%%mzn-stat: failures=15485
%%%mzn-stat: propagations=4143631
%%%mzn-stat: nogoods=15485
%%%mzn-stat: AverageConflictSize=31.33832741362609
%%%mzn-stat: NumUnitNogoodsLearned=208
%%%mzn-stat: AverageLearnedNogoodLength=92.26193090087182
%%%mzn-stat: AverageBacktrackAmount=0
%%%mzn-stat: AverageLbd=12.290668388763319
%%%mzn-stat-end
maxleg = 446;
succ = array1d(1..50,[32, 14, 27, 31, 7, 34, 33, 50, 49, 12, 41, 44, 25, 36, 30, 11, 28, 19, 8, 40, 18, 45, 42, 48, 5, 23, 2, 13, 46, 43, 1, 6, 29, 26, 20, 24, 16, 15, 38, 4, 21, 10, 9, 3, 35, 37, 39, 47, 17, 22]);
% time elapsed: 10.70 s
----------
%%%mzn-stat: initTime=0.061668075
%%%mzn-stat: objective=440
%%%mzn-stat: nodes=26145
%%%mzn-stat: restarts=5
%%%mzn-stat: peakDepth=904
%%%mzn-stat: solveTime=4.176489307
%%%mzn-stat: variables=1526
%%%mzn-stat: propagators=2388
%%%mzn-stat: failures=15696
%%%mzn-stat: propagations=4224255
%%%mzn-stat: nogoods=15696
%%%mzn-stat: AverageConflictSize=31.105950560652396
%%%mzn-stat: NumUnitNogoodsLearned=208
%%%mzn-stat: AverageLearnedNogoodLength=91.90551732925586
%%%mzn-stat: AverageBacktrackAmount=0
%%%mzn-stat: AverageLbd=12.308804791029562
%%%mzn-stat-end
maxleg = 440;
succ = array1d(1..50,[32, 14, 27, 40, 7, 34, 33, 50, 49, 12, 41, 44, 25, 36, 30, 11, 28, 19, 8, 4, 18, 45, 42, 48, 5, 23, 2, 13, 46, 43, 1, 6, 29, 26, 20, 24, 16, 15, 38, 31, 21, 10, 9, 3, 35, 37, 39, 47, 17, 22]);
% time elapsed: 10.76 s
----------
%%%mzn-stat: initTime=0.061668075
%%%mzn-stat: objective=438
%%%mzn-stat: nodes=27555
%%%mzn-stat: restarts=6
%%%mzn-stat: peakDepth=904
%%%mzn-stat: solveTime=4.266512568
%%%mzn-stat: variables=1526
%%%mzn-stat: propagators=2388
%%%mzn-stat: failures=16018
%%%mzn-stat: propagations=4342068
%%%mzn-stat: nogoods=16018
%%%mzn-stat: AverageConflictSize=30.814646023223872
%%%mzn-stat: NumUnitNogoodsLearned=208
%%%mzn-stat: AverageLearnedNogoodLength=91.2921088775128
%%%mzn-stat: AverageBacktrackAmount=0
%%%mzn-stat: AverageLbd=12.281058808840054
%%%mzn-stat-end
maxleg = 438;
succ = array1d(1..50,[32, 14, 27, 40, 7, 34, 33, 50, 49, 12, 41, 44, 25, 36, 30, 11, 28, 19, 8, 4, 18, 45, 42, 48, 5, 23, 2, 13, 46, 43, 1, 6, 29, 26, 20, 24, 16, 15, 38, 31, 21, 10, 9, 3, 35, 37, 39, 47, 17, 22]);
% time elapsed: 10.86 s
----------
%%%mzn-stat: initTime=0.061668075
%%%mzn-stat: objective=395
%%%mzn-stat: nodes=28806
%%%mzn-stat: restarts=7
%%%mzn-stat: peakDepth=904
%%%mzn-stat: solveTime=4.328252807
%%%mzn-stat: variables=1526
%%%mzn-stat: propagators=2388
%%%mzn-stat: failures=16247
%%%mzn-stat: propagations=4401183
%%%mzn-stat: nogoods=16247
%%%mzn-stat: AverageConflictSize=30.56933587739275
%%%mzn-stat: NumUnitNogoodsLearned=208
%%%mzn-stat: AverageLearnedNogoodLength=90.77725118483413
%%%mzn-stat: AverageBacktrackAmount=0
%%%mzn-stat: AverageLbd=12.29808580045547
%%%mzn-stat-end
maxleg = 395;
succ = array1d(1..50,[32, 14, 27, 40, 7, 34, 33, 50, 49, 12, 41, 44, 25, 36, 8, 11, 38, 19, 9, 4, 18, 45, 42, 48, 5, 23, 2, 13, 46, 43, 1, 6, 29, 26, 20, 24, 16, 15, 30, 31, 21, 10, 28, 3, 35, 37, 39, 47, 17, 22]);
% time elapsed: 10.92 s
----------
%%%mzn-stat: initTime=0.061668075
%%%mzn-stat: objective=382
%%%mzn-stat: nodes=30921
%%%mzn-stat: restarts=10
%%%mzn-stat: peakDepth=904
%%%mzn-stat: solveTime=4.488804901
%%%mzn-stat: variables=1526
%%%mzn-stat: propagators=2388
%%%mzn-stat: failures=16793
%%%mzn-stat: propagations=4561649
%%%mzn-stat: nogoods=16793
%%%mzn-stat: AverageConflictSize=30.29262192580242
%%%mzn-stat: NumUnitNogoodsLearned=208
%%%mzn-stat: AverageLearnedNogoodLength=90.09754064193415
%%%mzn-stat: AverageBacktrackAmount=0
%%%mzn-stat: AverageLbd=12.332638599416423
%%%mzn-stat-end
maxleg = 382;
succ = array1d(1..50,[5, 14, 27, 40, 7, 34, 33, 50, 49, 12, 41, 44, 25, 4, 17, 11, 43, 19, 9, 15, 18, 36, 42, 48, 32, 23, 2, 13, 46, 45, 1, 6, 29, 26, 20, 24, 16, 8, 30, 31, 21, 10, 28, 3, 35, 37, 39, 47, 38, 22]);
% time elapsed: 11.08 s
----------
%%%mzn-stat: initTime=0.061668075
%%%mzn-stat: objective=381
%%%mzn-stat: nodes=31950
%%%mzn-stat: restarts=11
%%%mzn-stat: peakDepth=904
%%%mzn-stat: solveTime=4.511059634
%%%mzn-stat: variables=1526
%%%mzn-stat: propagators=2388
%%%mzn-stat: failures=16834
%%%mzn-stat: propagations=4583953
%%%mzn-stat: nogoods=16834
%%%mzn-stat: AverageConflictSize=30.252999881192824
%%%mzn-stat: NumUnitNogoodsLearned=208
%%%mzn-stat: AverageLearnedNogoodLength=90.02186052037543
%%%mzn-stat: AverageBacktrackAmount=0
%%%mzn-stat: AverageLbd=12.341154805750268
%%%mzn-stat-end
maxleg = 381;
succ = array1d(1..50,[5, 14, 27, 40, 7, 34, 33, 50, 49, 12, 41, 44, 19, 4, 17, 11, 43, 28, 9, 15, 18, 36, 42, 48, 32, 23, 2, 13, 46, 45, 1, 6, 29, 26, 20, 24, 16, 8, 30, 31, 21, 10, 25, 3, 35, 37, 39, 47, 38, 22]);
% time elapsed: 11.11 s
----------
%%%mzn-stat: initTime=0.061668075
%%%mzn-stat: objective=380
%%%mzn-stat: nodes=33472
%%%mzn-stat: restarts=12
%%%mzn-stat: peakDepth=904
%%%mzn-stat: solveTime=4.618820459
%%%mzn-stat: variables=1526
%%%mzn-stat: propagators=2388
%%%mzn-stat: failures=17133
%%%mzn-stat: propagations=4696522
%%%mzn-stat: nogoods=17133
%%%mzn-stat: AverageConflictSize=30.056440786785735
%%%mzn-stat: NumUnitNogoodsLearned=208
%%%mzn-stat: AverageLearnedNogoodLength=90.07068230899434
%%%mzn-stat: AverageBacktrackAmount=0
%%%mzn-stat: AverageLbd=12.323060759936963
%%%mzn-stat-end
maxleg = 380;
succ = array1d(1..50,[5, 14, 27, 40, 7, 34, 33, 50, 49, 12, 41, 44, 19, 4, 17, 11, 43, 28, 9, 15, 18, 36, 42, 48, 32, 23, 2, 13, 46, 45, 1, 6, 29, 26, 20, 24, 16, 8, 30, 31, 21, 10, 25, 3, 35, 37, 39, 47, 38, 22]);
% time elapsed: 11.22 s
----------
%%%mzn-stat: initTime=0.061668075
%%%mzn-stat: objective=379
%%%mzn-stat: nodes=34573
%%%mzn-stat: restarts=13
%%%mzn-stat: peakDepth=904
%%%mzn-stat: solveTime=4.649952946
%%%mzn-stat: variables=1526
%%%mzn-stat: propagators=2388
%%%mzn-stat: failures=17196
%%%mzn-stat: propagations=4723723
%%%mzn-stat: nogoods=17196
%%%mzn-stat: AverageConflictSize=30.017504070714118
%%%mzn-stat: NumUnitNogoodsLearned=208
%%%mzn-stat: AverageLearnedNogoodLength=89.99249825540824
%%%mzn-stat: AverageBacktrackAmount=0
%%%mzn-stat: AverageLbd=12.333682251686438
%%%mzn-stat-end
maxleg = 379;
succ = array1d(1..50,[5, 14, 27, 40, 7, 34, 33, 50, 49, 12, 41, 44, 19, 4, 17, 11, 43, 28, 9, 15, 18, 36, 42, 48, 32, 23, 2, 13, 46, 45, 1, 6, 29, 26, 20, 24, 16, 8, 30, 31, 21, 10, 25, 3, 35, 37, 39, 47, 38, 22]);
% time elapsed: 11.25 s
----------
%%%mzn-stat: initTime=0.061668075
%%%mzn-stat: objective=378
%%%mzn-stat: nodes=35910
%%%mzn-stat: restarts=14
%%%mzn-stat: peakDepth=904
%%%mzn-stat: solveTime=4.7810416589999996
%%%mzn-stat: variables=1526
%%%mzn-stat: propagators=2388
%%%mzn-stat: failures=17532
%%%mzn-stat: propagations=4845719
%%%mzn-stat: nogoods=17532
%%%mzn-stat: AverageConflictSize=30.131359799224274
%%%mzn-stat: NumUnitNogoodsLearned=208
%%%mzn-stat: AverageLearnedNogoodLength=90.70744923568333
%%%mzn-stat: AverageBacktrackAmount=0
%%%mzn-stat: AverageLbd=12.33242071640429
%%%mzn-stat-end
maxleg = 378;
succ = array1d(1..50,[5, 14, 27, 40, 7, 34, 33, 50, 49, 12, 41, 44, 19, 4, 17, 11, 43, 28, 9, 15, 18, 36, 42, 48, 32, 23, 2, 13, 46, 45, 1, 6, 29, 26, 20, 24, 16, 8, 30, 31, 21, 10, 25, 3, 35, 37, 39, 47, 38, 22]);
% time elapsed: 11.38 s
----------
%%%mzn-stat: initTime=0.061668075
%%%mzn-stat: objective=377
%%%mzn-stat: nodes=37339
%%%mzn-stat: restarts=15
%%%mzn-stat: peakDepth=904
%%%mzn-stat: solveTime=4.910324059
%%%mzn-stat: variables=1526
%%%mzn-stat: propagators=2388
%%%mzn-stat: failures=17857
%%%mzn-stat: propagations=4952127
%%%mzn-stat: nogoods=17857
%%%mzn-stat: AverageConflictSize=30.4124992999944
%%%mzn-stat: NumUnitNogoodsLearned=208
%%%mzn-stat: AverageLearnedNogoodLength=91.4435795486364
%%%mzn-stat: AverageBacktrackAmount=0
%%%mzn-stat: AverageLbd=12.341658733269867
%%%mzn-stat-end
maxleg = 377;
succ = array1d(1..50,[5, 14, 27, 40, 7, 34, 33, 50, 49, 12, 41, 44, 19, 4, 17, 11, 43, 28, 9, 15, 18, 36, 42, 48, 32, 23, 2, 13, 46, 45, 1, 6, 29, 26, 20, 24, 16, 8, 30, 31, 21, 10, 25, 3, 35, 37, 39, 47, 38, 22]);
% time elapsed: 11.51 s
----------
%%%mzn-stat: initTime=0.061668075
%%%mzn-stat: objective=375
%%%mzn-stat: nodes=38593
%%%mzn-stat: restarts=16
%%%mzn-stat: peakDepth=904
%%%mzn-stat: solveTime=4.987980794
%%%mzn-stat: variables=1526
%%%mzn-stat: propagators=2388
%%%mzn-stat: failures=18092
%%%mzn-stat: propagations=5018067
%%%mzn-stat: nogoods=18092
%%%mzn-stat: AverageConflictSize=30.46744417422065
%%%mzn-stat: NumUnitNogoodsLearned=208
%%%mzn-stat: AverageLearnedNogoodLength=91.30212248507628
%%%mzn-stat: AverageBacktrackAmount=0
%%%mzn-stat: AverageLbd=12.34683838160513
%%%mzn-stat-end
maxleg = 375;
succ = array1d(1..50,[5, 14, 27, 40, 7, 34, 33, 50, 49, 12, 41, 44, 19, 4, 17, 11, 43, 28, 9, 15, 18, 36, 42, 48, 32, 23, 2, 13, 46, 45, 1, 6, 29, 26, 20, 24, 16, 8, 30, 31, 21, 10, 25, 3, 35, 37, 39, 47, 38, 22]);
% time elapsed: 11.59 s
----------
%%%mzn-stat: initTime=0.061668075
%%%mzn-stat: objective=374
%%%mzn-stat: nodes=40121
%%%mzn-stat: restarts=18
%%%mzn-stat: peakDepth=904
%%%mzn-stat: solveTime=5.112751869
%%%mzn-stat: variables=1526
%%%mzn-stat: propagators=2388
%%%mzn-stat: failures=18456
%%%mzn-stat: propagations=5149171
%%%mzn-stat: nogoods=18456
%%%mzn-stat: AverageConflictSize=30.265658864325964
%%%mzn-stat: NumUnitNogoodsLearned=208
%%%mzn-stat: AverageLearnedNogoodLength=91.38079757260512
%%%mzn-stat: AverageBacktrackAmount=0
%%%mzn-stat: AverageLbd=12.346012136974426
%%%mzn-stat-end
maxleg = 374;
succ = array1d(1..50,[5, 14, 27, 40, 7, 36, 33, 50, 49, 12, 25, 44, 19, 4, 17, 11, 43, 28, 9, 15, 18, 34, 42, 48, 32, 23, 2, 13, 46, 45, 1, 6, 29, 26, 20, 24, 16, 8, 30, 31, 21, 10, 41, 3, 35, 37, 39, 47, 38, 22]);
% time elapsed: 11.72 s
----------
%%%mzn-stat: initTime=0.061668075
%%%mzn-stat: objective=366
%%%mzn-stat: nodes=41780
%%%mzn-stat: restarts=20
%%%mzn-stat: peakDepth=904
%%%mzn-stat: solveTime=5.218637708
%%%mzn-stat: variables=1526
%%%mzn-stat: propagators=2388
%%%mzn-stat: failures=18939
%%%mzn-stat: propagations=5292944
%%%mzn-stat: nogoods=18939
%%%mzn-stat: AverageConflictSize=29.799355826601193
%%%mzn-stat: NumUnitNogoodsLearned=208
%%%mzn-stat: AverageLearnedNogoodLength=90.40171075558372
%%%mzn-stat: AverageBacktrackAmount=0
%%%mzn-stat: AverageLbd=12.373092560325254
%%%mzn-stat-end
maxleg = 366;
succ = array1d(1..50,[5, 32, 14, 40, 7, 36, 33, 24, 49, 12, 25, 44, 19, 4, 17, 11, 43, 28, 9, 15, 18, 34, 42, 48, 46, 23, 2, 13, 37, 45, 1, 6, 29, 26, 20, 35, 16, 8, 30, 31, 21, 10, 41, 3, 50, 27, 39, 47, 38, 22]);
% time elapsed: 11.83 s
----------
%%%mzn-stat: initTime=0.061668075
%%%mzn-stat: objective=360
%%%mzn-stat: nodes=42688
%%%mzn-stat: restarts=21
%%%mzn-stat: peakDepth=904
%%%mzn-stat: solveTime=5.228885186
%%%mzn-stat: variables=1526
%%%mzn-stat: propagators=2388
%%%mzn-stat: failures=18945
%%%mzn-stat: propagations=5301010
%%%mzn-stat: nogoods=18945
%%%mzn-stat: AverageConflictSize=29.795038268672474
%%%mzn-stat: NumUnitNogoodsLearned=208
%%%mzn-stat: AverageLearnedNogoodLength=90.39926101873846
%%%mzn-stat: AverageBacktrackAmount=0
%%%mzn-stat: AverageLbd=12.3731327527052
%%%mzn-stat-end
maxleg = 360;
succ = array1d(1..50,[5, 32, 14, 40, 7, 36, 33, 24, 49, 12, 25, 44, 19, 4, 17, 11, 43, 13, 28, 15, 18, 34, 42, 48, 46, 23, 2, 9, 37, 45, 1, 6, 29, 26, 20, 35, 16, 8, 30, 31, 21, 10, 41, 3, 50, 27, 39, 47, 38, 22]);
% time elapsed: 11.84 s
----------
%%%mzn-stat: initTime=0.061668075
%%%mzn-stat: objective=358
%%%mzn-stat: nodes=43950
%%%mzn-stat: restarts=23
%%%mzn-stat: peakDepth=904
%%%mzn-stat: solveTime=5.311617935
%%%mzn-stat: variables=1526
%%%mzn-stat: propagators=2388
%%%mzn-stat: failures=19217
%%%mzn-stat: propagations=5382745
%%%mzn-stat: nogoods=19217
%%%mzn-stat: AverageConflictSize=29.667898215122026
%%%mzn-stat: NumUnitNogoodsLearned=208
%%%mzn-stat: AverageLearnedNogoodLength=90.25924962272987
%%%mzn-stat: AverageBacktrackAmount=0
%%%mzn-stat: AverageLbd=12.386324608419628
%%%mzn-stat-end
maxleg = 358;
succ = array1d(1..50,[5, 42, 14, 40, 7, 36, 33, 24, 49, 12, 25, 44, 19, 4, 17, 11, 43, 13, 28, 15, 18, 34, 46, 48, 32, 23, 2, 9, 37, 45, 1, 6, 29, 26, 20, 35, 16, 8, 30, 31, 21, 10, 41, 3, 50, 27, 39, 47, 38, 22]);
% time elapsed: 11.93 s
----------
%%%mzn-stat: initTime=0.061668075
%%%mzn-stat: objective=357
%%%mzn-stat: nodes=45246
%%%mzn-stat: restarts=24
%%%mzn-stat: peakDepth=904
%%%mzn-stat: solveTime=5.403517809
%%%mzn-stat: variables=1526
%%%mzn-stat: propagators=2388
%%%mzn-stat: failures=19523
%%%mzn-stat: propagations=5470778
%%%mzn-stat: nogoods=19523
%%%mzn-stat: AverageConflictSize=29.575065307585923
%%%mzn-stat: NumUnitNogoodsLearned=208
%%%mzn-stat: AverageLearnedNogoodLength=90.002714746709
%%%mzn-stat: AverageBacktrackAmount=0
%%%mzn-stat: AverageLbd=12.370690979869897
%%%mzn-stat-end
maxleg = 357;
succ = array1d(1..50,[5, 42, 14, 40, 7, 36, 33, 24, 49, 12, 25, 44, 19, 4, 17, 11, 43, 13, 28, 15, 18, 34, 46, 48, 32, 23, 2, 9, 37, 45, 1, 6, 29, 26, 20, 35, 16, 8, 30, 31, 21, 10, 41, 3, 50, 27, 39, 47, 38, 22]);
% time elapsed: 12.02 s
----------
%%%mzn-stat: initTime=0.061668075
%%%mzn-stat: objective=356
%%%mzn-stat: nodes=46144
%%%mzn-stat: restarts=25
%%%mzn-stat: peakDepth=904
%%%mzn-stat: solveTime=5.438213661
%%%mzn-stat: variables=1526
%%%mzn-stat: propagators=2388
%%%mzn-stat: failures=19597
%%%mzn-stat: propagations=5499875
%%%mzn-stat: nogoods=19597
%%%mzn-stat: AverageConflictSize=29.604888503342348
%%%mzn-stat: NumUnitNogoodsLearned=208
%%%mzn-stat: AverageLearnedNogoodLength=90.09761698219116
%%%mzn-stat: AverageBacktrackAmount=0
%%%mzn-stat: AverageLbd=12.378374240955248
%%%mzn-stat-end
maxleg = 356;
succ = array1d(1..50,[5, 42, 14, 40, 7, 36, 33, 24, 49, 12, 25, 44, 19, 4, 17, 11, 43, 13, 28, 15, 18, 34, 46, 48, 32, 23, 2, 9, 37, 45, 1, 6, 29, 26, 20, 35, 16, 8, 30, 31, 21, 10, 41, 3, 50, 27, 39, 47, 38, 22]);
% time elapsed: 12.06 s
----------
%%%mzn-stat: initTime=0.061668075
%%%mzn-stat: objective=355
%%%mzn-stat: nodes=47549
%%%mzn-stat: restarts=26
%%%mzn-stat: peakDepth=904
%%%mzn-stat: solveTime=5.604691367
%%%mzn-stat: variables=1526
%%%mzn-stat: propagators=2388
%%%mzn-stat: failures=19974
%%%mzn-stat: propagations=5634799
%%%mzn-stat: nogoods=19974
%%%mzn-stat: AverageConflictSize=29.676879943927105
%%%mzn-stat: NumUnitNogoodsLearned=208
%%%mzn-stat: AverageLearnedNogoodLength=90.75307900270352
%%%mzn-stat: AverageBacktrackAmount=0
%%%mzn-stat: AverageLbd=12.368028436968059
%%%mzn-stat-end
maxleg = 355;
succ = array1d(1..50,[5, 42, 14, 40, 7, 36, 33, 24, 49, 12, 25, 44, 19, 4, 17, 11, 43, 13, 28, 15, 18, 34, 46, 48, 32, 23, 2, 9, 37, 45, 1, 6, 29, 26, 20, 35, 16, 8, 30, 31, 21, 10, 41, 3, 50, 27, 39, 47, 38, 22]);
% time elapsed: 12.23 s
----------
%%%mzn-stat: initTime=0.061668075
%%%mzn-stat: objective=354
%%%mzn-stat: nodes=48676
%%%mzn-stat: restarts=27
%%%mzn-stat: peakDepth=904
%%%mzn-stat: solveTime=5.693262098
%%%mzn-stat: variables=1526
%%%mzn-stat: propagators=2388
%%%mzn-stat: failures=20168
%%%mzn-stat: propagations=5704882
%%%mzn-stat: nogoods=20168
%%%mzn-stat: AverageConflictSize=29.626239587465292
%%%mzn-stat: NumUnitNogoodsLearned=208
%%%mzn-stat: AverageLearnedNogoodLength=90.83310194367314
%%%mzn-stat: AverageBacktrackAmount=0
%%%mzn-stat: AverageLbd=12.374157080523602
%%%mzn-stat-end
maxleg = 354;
succ = array1d(1..50,[5, 42, 14, 40, 7, 36, 33, 24, 49, 12, 25, 44, 19, 4, 17, 11, 43, 13, 28, 15, 18, 34, 46, 48, 32, 23, 2, 9, 37, 45, 1, 6, 29, 26, 20, 35, 16, 8, 30, 31, 21, 10, 41, 3, 50, 27, 39, 47, 38, 22]);
% time elapsed: 12.32 s
----------
%%%mzn-stat: initTime=0.061668075
%%%mzn-stat: objective=353
%%%mzn-stat: nodes=49819
%%%mzn-stat: restarts=28
%%%mzn-stat: peakDepth=904
%%%mzn-stat: solveTime=5.759916454
%%%mzn-stat: variables=1526
%%%mzn-stat: propagators=2388
%%%mzn-stat: failures=20299
%%%mzn-stat: propagations=5761649
%%%mzn-stat: nogoods=20299
%%%mzn-stat: AverageConflictSize=29.615744617961475
%%%mzn-stat: NumUnitNogoodsLearned=208
%%%mzn-stat: AverageLearnedNogoodLength=91.0047292970097
%%%mzn-stat: AverageBacktrackAmount=0
%%%mzn-stat: AverageLbd=12.386718557564413
%%%mzn-stat-end
maxleg = 353;
succ = array1d(1..50,[5, 42, 14, 40, 7, 36, 33, 24, 49, 12, 25, 44, 19, 4, 17, 11, 43, 13, 28, 15, 18, 34, 46, 48, 32, 23, 2, 9, 37, 45, 1, 6, 29, 26, 20, 35, 16, 8, 30, 31, 21, 10, 41, 3, 50, 27, 39, 47, 38, 22]);
% time elapsed: 12.39 s
----------
%%%mzn-stat: initTime=0.061668075
%%%mzn-stat: objective=352
%%%mzn-stat: nodes=51128
%%%mzn-stat: restarts=29
%%%mzn-stat: peakDepth=904
%%%mzn-stat: solveTime=5.916888376
%%%mzn-stat: variables=1526
%%%mzn-stat: propagators=2388
%%%mzn-stat: failures=20620
%%%mzn-stat: propagations=5874239
%%%mzn-stat: nogoods=20620
%%%mzn-stat: AverageConflictSize=29.816052376333655
%%%mzn-stat: NumUnitNogoodsLearned=208
%%%mzn-stat: AverageLearnedNogoodLength=91.76677982541221
%%%mzn-stat: AverageBacktrackAmount=0
%%%mzn-stat: AverageLbd=12.3860814742968
%%%mzn-stat-end
maxleg = 352;
succ = array1d(1..50,[5, 42, 14, 40, 7, 36, 33, 24, 49, 12, 25, 44, 19, 4, 17, 11, 43, 13, 28, 15, 18, 34, 46, 48, 32, 23, 2, 9, 37, 45, 1, 6, 29, 26, 20, 35, 16, 8, 30, 31, 21, 10, 41, 3, 50, 27, 39, 47, 38, 22]);
% time elapsed: 12.55 s
----------
%%%mzn-stat: initTime=0.061668075
%%%mzn-stat: objective=346
%%%mzn-stat: nodes=52089
%%%mzn-stat: restarts=30
%%%mzn-stat: peakDepth=904
%%%mzn-stat: solveTime=5.947985148
%%%mzn-stat: variables=1526
%%%mzn-stat: propagators=2388
%%%mzn-stat: failures=20675
%%%mzn-stat: propagations=5897361
%%%mzn-stat: nogoods=20675
%%%mzn-stat: AverageConflictSize=29.8293107617896
%%%mzn-stat: NumUnitNogoodsLearned=208
%%%mzn-stat: AverageLearnedNogoodLength=91.81828295042321
%%%mzn-stat: AverageBacktrackAmount=0
%%%mzn-stat: AverageLbd=12.393808948004837
%%%mzn-stat-end
maxleg = 346;
succ = array1d(1..50,[5, 42, 14, 40, 7, 36, 33, 24, 49, 12, 25, 44, 19, 4, 17, 11, 43, 13, 28, 15, 18, 34, 46, 48, 32, 23, 2, 9, 37, 45, 1, 6, 29, 26, 20, 35, 16, 8, 30, 31, 21, 10, 41, 3, 50, 27, 39, 47, 38, 22]);
% time elapsed: 12.58 s
----------
%%%mzn-stat: initTime=0.061668075
%%%mzn-stat: objective=345
%%%mzn-stat: nodes=53888
%%%mzn-stat: restarts=31
%%%mzn-stat: peakDepth=904
%%%mzn-stat: solveTime=6.18813047
%%%mzn-stat: variables=1526
%%%mzn-stat: propagators=2388
%%%mzn-stat: failures=21356
%%%mzn-stat: propagations=6127547
%%%mzn-stat: nogoods=21356
%%%mzn-stat: AverageConflictSize=29.64506461884248
%%%mzn-stat: NumUnitNogoodsLearned=208
%%%mzn-stat: AverageLearnedNogoodLength=92.16496534931635
%%%mzn-stat: AverageBacktrackAmount=0
%%%mzn-stat: AverageLbd=12.38855590934632
%%%mzn-stat-end
maxleg = 345;
succ = array1d(1..50,[5, 42, 14, 40, 7, 36, 33, 24, 49, 12, 25, 44, 19, 4, 17, 11, 43, 13, 28, 15, 18, 34, 46, 48, 32, 23, 2, 9, 37, 45, 1, 6, 29, 26, 20, 35, 16, 8, 30, 31, 21, 10, 41, 3, 50, 27, 39, 47, 38, 22]);
% time elapsed: 12.82 s
----------
%%%mzn-stat: initTime=0.061668075
%%%mzn-stat: objective=344
%%%mzn-stat: nodes=56411
%%%mzn-stat: restarts=32
%%%mzn-stat: peakDepth=904
%%%mzn-stat: solveTime=6.689195994
%%%mzn-stat: variables=1526
%%%mzn-stat: propagators=2388
%%%mzn-stat: failures=22519
%%%mzn-stat: propagations=6492239
%%%mzn-stat: nogoods=22519
%%%mzn-stat: AverageConflictSize=30.35148097162396
%%%mzn-stat: NumUnitNogoodsLearned=208
%%%mzn-stat: AverageLearnedNogoodLength=94.20826857320485
%%%mzn-stat: AverageBacktrackAmount=0
%%%mzn-stat: AverageLbd=12.397619787734802
%%%mzn-stat-end
maxleg = 344;
succ = array1d(1..50,[5, 42, 14, 40, 7, 36, 33, 24, 49, 12, 25, 44, 19, 4, 17, 11, 43, 13, 28, 15, 18, 34, 46, 48, 32, 23, 2, 9, 37, 45, 1, 6, 29, 26, 20, 35, 16, 8, 30, 31, 21, 10, 41, 3, 50, 27, 39, 47, 38, 22]);
% time elapsed: 13.33 s
----------
%%%mzn-stat: initTime=0.061668075
%%%mzn-stat: objective=340
%%%mzn-stat: nodes=58185
%%%mzn-stat: restarts=33
%%%mzn-stat: peakDepth=904
%%%mzn-stat: solveTime=6.919605354
%%%mzn-stat: variables=1526
%%%mzn-stat: propagators=2388
%%%mzn-stat: failures=23179
%%%mzn-stat: propagations=6683330
%%%mzn-stat: nogoods=23179
%%%mzn-stat: AverageConflictSize=30.224168428318738
%%%mzn-stat: NumUnitNogoodsLearned=208
%%%mzn-stat: AverageLearnedNogoodLength=93.8685879459856
%%%mzn-stat: AverageBacktrackAmount=0
%%%mzn-stat: AverageLbd=12.335519219983606
%%%mzn-stat-end
maxleg = 340;
succ = array1d(1..50,[5, 42, 14, 40, 7, 36, 33, 24, 49, 12, 25, 44, 19, 4, 8, 11, 43, 13, 30, 15, 18, 34, 46, 48, 32, 23, 2, 17, 37, 45, 1, 6, 29, 26, 20, 35, 16, 9, 38, 31, 21, 10, 41, 3, 50, 27, 39, 47, 28, 22]);
% time elapsed: 13.56 s
----------
%%%mzn-stat: initTime=0.061668075
%%%mzn-stat: objective=336
%%%mzn-stat: nodes=59335
%%%mzn-stat: restarts=34
%%%mzn-stat: peakDepth=904
%%%mzn-stat: solveTime=7.025938957
%%%mzn-stat: variables=1526
%%%mzn-stat: propagators=2388
%%%mzn-stat: failures=23408
%%%mzn-stat: propagations=6765654
%%%mzn-stat: nogoods=23408
%%%mzn-stat: AverageConflictSize=30.312756322624743
%%%mzn-stat: NumUnitNogoodsLearned=208
%%%mzn-stat: AverageLearnedNogoodLength=94.26328605604921
%%%mzn-stat: AverageBacktrackAmount=0
%%%mzn-stat: AverageLbd=12.336338004101162
%%%mzn-stat-end
maxleg = 336;
succ = array1d(1..50,[5, 42, 14, 40, 7, 36, 33, 24, 49, 12, 25, 44, 19, 4, 8, 11, 43, 13, 30, 15, 18, 34, 46, 48, 32, 23, 2, 17, 37, 45, 1, 6, 29, 26, 20, 35, 16, 9, 38, 31, 21, 10, 41, 3, 50, 27, 39, 47, 28, 22]);
% time elapsed: 13.67 s
----------
%%%mzn-stat: initTime=0.061668075
%%%mzn-stat: objective=335
%%%mzn-stat: nodes=60813
%%%mzn-stat: restarts=35
%%%mzn-stat: peakDepth=904
%%%mzn-stat: solveTime=7.2507621669999995
%%%mzn-stat: variables=1526
%%%mzn-stat: propagators=2388
%%%mzn-stat: failures=23896
%%%mzn-stat: propagations=6940030
%%%mzn-stat: nogoods=23896
%%%mzn-stat: AverageConflictSize=30.46384332105792
%%%mzn-stat: NumUnitNogoodsLearned=208
%%%mzn-stat: AverageLearnedNogoodLength=95.15111315701373
%%%mzn-stat: AverageBacktrackAmount=0
%%%mzn-stat: AverageLbd=12.307289922999665
%%%mzn-stat-end
maxleg = 335;
succ = array1d(1..50,[5, 42, 14, 40, 7, 36, 33, 24, 49, 12, 25, 44, 19, 4, 8, 11, 43, 13, 30, 15, 18, 34, 46, 48, 32, 23, 2, 17, 37, 45, 1, 6, 29, 26, 20, 35, 16, 9, 38, 31, 21, 10, 41, 3, 50, 27, 39, 47, 28, 22]);
% time elapsed: 13.90 s
----------
%%%mzn-stat: initTime=0.061668075
%%%mzn-stat: objective=333
%%%mzn-stat: nodes=62265
%%%mzn-stat: restarts=36
%%%mzn-stat: peakDepth=904
%%%mzn-stat: solveTime=7.405865036
%%%mzn-stat: variables=1526
%%%mzn-stat: propagators=2388
%%%mzn-stat: failures=24413
%%%mzn-stat: propagations=7072371
%%%mzn-stat: nogoods=24413
%%%mzn-stat: AverageConflictSize=30.431696227419817
%%%mzn-stat: NumUnitNogoodsLearned=208
%%%mzn-stat: AverageLearnedNogoodLength=95.05271781427928
%%%mzn-stat: AverageBacktrackAmount=0
%%%mzn-stat: AverageLbd=12.261500020480891
%%%mzn-stat-end
maxleg = 333;
succ = array1d(1..50,[5, 42, 14, 40, 7, 36, 33, 24, 47, 12, 25, 44, 19, 4, 8, 11, 43, 13, 38, 15, 18, 34, 46, 48, 32, 23, 2, 17, 37, 45, 1, 6, 29, 26, 20, 35, 16, 9, 30, 31, 21, 10, 41, 3, 50, 27, 39, 49, 28, 22]);
% time elapsed: 14.05 s
----------
%%%mzn-stat: initTime=0.061668075
%%%mzn-stat: objective=331
%%%mzn-stat: nodes=63170
%%%mzn-stat: restarts=37
%%%mzn-stat: peakDepth=904
%%%mzn-stat: solveTime=7.462854702
%%%mzn-stat: variables=1526
%%%mzn-stat: propagators=2388
%%%mzn-stat: failures=24498
%%%mzn-stat: propagations=7101695
%%%mzn-stat: nogoods=24498
%%%mzn-stat: AverageConflictSize=30.507020981304596
%%%mzn-stat: NumUnitNogoodsLearned=208
%%%mzn-stat: AverageLearnedNogoodLength=95.20209813045963
%%%mzn-stat: AverageBacktrackAmount=0
%%%mzn-stat: AverageLbd=12.270960894766919
%%%mzn-stat-end
maxleg = 331;
succ = array1d(1..50,[5, 42, 14, 40, 7, 36, 33, 24, 47, 12, 25, 44, 19, 4, 8, 11, 43, 13, 38, 15, 18, 34, 46, 48, 32, 23, 2, 17, 37, 45, 1, 6, 29, 26, 20, 35, 16, 9, 30, 31, 21, 10, 41, 3, 50, 27, 39, 49, 28, 22]);
% time elapsed: 14.11 s
----------
%%%mzn-stat: initTime=0.061668075
%%%mzn-stat: objective=330
%%%mzn-stat: nodes=64121
%%%mzn-stat: restarts=38
%%%mzn-stat: peakDepth=904
%%%mzn-stat: solveTime=7.509951111
%%%mzn-stat: variables=1526
%%%mzn-stat: propagators=2388
%%%mzn-stat: failures=24613
%%%mzn-stat: propagations=7137473
%%%mzn-stat: nogoods=24613
%%%mzn-stat: AverageConflictSize=30.506520944216472
%%%mzn-stat: NumUnitNogoodsLearned=208
%%%mzn-stat: AverageLearnedNogoodLength=95.2097265672612
%%%mzn-stat: AverageBacktrackAmount=0
%%%mzn-stat: AverageLbd=12.2821273310852
%%%mzn-stat-end
maxleg = 330;
succ = array1d(1..50,[5, 42, 14, 40, 7, 36, 33, 24, 47, 12, 25, 44, 19, 4, 8, 11, 43, 13, 38, 15, 18, 34, 46, 48, 32, 23, 2, 17, 37, 45, 1, 6, 29, 26, 20, 35, 16, 9, 30, 31, 21, 10, 41, 3, 50, 27, 39, 49, 28, 22]);
% time elapsed: 14.16 s
----------
%%%mzn-stat: initTime=0.061668075
%%%mzn-stat: objective=329
%%%mzn-stat: nodes=64962
%%%mzn-stat: restarts=39
%%%mzn-stat: peakDepth=904
%%%mzn-stat: solveTime=7.544366123
%%%mzn-stat: variables=1526
%%%mzn-stat: propagators=2388
%%%mzn-stat: failures=24669
%%%mzn-stat: propagations=7159092
%%%mzn-stat: nogoods=24669
%%%mzn-stat: AverageConflictSize=30.54850216871377
%%%mzn-stat: NumUnitNogoodsLearned=208
%%%mzn-stat: AverageLearnedNogoodLength=95.34849406137258
%%%mzn-stat: AverageBacktrackAmount=0
%%%mzn-stat: AverageLbd=12.287972759333577
%%%mzn-stat-end
maxleg = 329;
succ = array1d(1..50,[5, 42, 14, 40, 7, 36, 33, 24, 47, 12, 25, 44, 19, 4, 8, 11, 43, 13, 38, 15, 18, 34, 46, 48, 32, 23, 2, 17, 37, 45, 1, 6, 29, 26, 20, 35, 16, 9, 30, 31, 21, 10, 41, 3, 50, 27, 39, 49, 28, 22]);
% time elapsed: 14.20 s
----------
%%%mzn-stat: initTime=0.061668075
%%%mzn-stat: objective=328
%%%mzn-stat: nodes=65968
%%%mzn-stat: restarts=40
%%%mzn-stat: peakDepth=904
%%%mzn-stat: solveTime=7.60892967
%%%mzn-stat: variables=1526
%%%mzn-stat: propagators=2388
%%%mzn-stat: failures=24829
%%%mzn-stat: propagations=7214033
%%%mzn-stat: nogoods=24829
%%%mzn-stat: AverageConflictSize=30.50767247976157
%%%mzn-stat: NumUnitNogoodsLearned=208
%%%mzn-stat: AverageLearnedNogoodLength=95.22944943412945
%%%mzn-stat: AverageBacktrackAmount=0
%%%mzn-stat: AverageLbd=12.274920455918483
%%%mzn-stat-end
maxleg = 328;
succ = array1d(1..50,[5, 42, 14, 40, 7, 36, 33, 24, 47, 12, 25, 44, 19, 4, 8, 11, 43, 13, 38, 15, 18, 34, 46, 48, 32, 23, 2, 17, 37, 45, 1, 6, 29, 26, 20, 35, 16, 9, 30, 31, 21, 10, 41, 3, 50, 27, 39, 49, 28, 22]);
% time elapsed: 14.27 s
----------
%%%mzn-stat: initTime=0.061668075
%%%mzn-stat: objective=321
%%%mzn-stat: nodes=66989
%%%mzn-stat: restarts=41
%%%mzn-stat: peakDepth=904
%%%mzn-stat: solveTime=7.695686467
%%%mzn-stat: variables=1526
%%%mzn-stat: propagators=2388
%%%mzn-stat: failures=25054
%%%mzn-stat: propagations=7288220
%%%mzn-stat: nogoods=25054
%%%mzn-stat: AverageConflictSize=30.484194140656182
%%%mzn-stat: NumUnitNogoodsLearned=208
%%%mzn-stat: AverageLearnedNogoodLength=95.28753891594157
%%%mzn-stat: AverageBacktrackAmount=0
%%%mzn-stat: AverageLbd=12.289933743114872
%%%mzn-stat-end
maxleg = 321;
succ = array1d(1..50,[5, 42, 14, 40, 7, 36, 33, 24, 47, 12, 25, 44, 19, 4, 8, 11, 43, 13, 38, 15, 18, 34, 46, 48, 32, 23, 2, 17, 37, 45, 1, 6, 29, 26, 20, 35, 16, 9, 30, 31, 21, 10, 41, 3, 50, 27, 39, 49, 28, 22]);
% time elapsed: 14.36 s
----------
%%%mzn-stat: initTime=0.061668075
%%%mzn-stat: objective=311
%%%mzn-stat: nodes=68100
%%%mzn-stat: restarts=43
%%%mzn-stat: peakDepth=904
%%%mzn-stat: solveTime=7.765031209
%%%mzn-stat: variables=1526
%%%mzn-stat: propagators=2388
%%%mzn-stat: failures=25215
%%%mzn-stat: propagations=7347336
%%%mzn-stat: nogoods=25215
%%%mzn-stat: AverageConflictSize=30.490977592702755
%%%mzn-stat: NumUnitNogoodsLearned=208
%%%mzn-stat: AverageLearnedNogoodLength=95.3507832639302
%%%mzn-stat: AverageBacktrackAmount=0
%%%mzn-stat: AverageLbd=12.313702161411857
%%%mzn-stat-end
maxleg = 311;
succ = array1d(1..50,[5, 42, 14, 40, 7, 36, 33, 24, 47, 12, 25, 44, 11, 4, 8, 45, 43, 19, 38, 15, 13, 34, 46, 48, 37, 23, 2, 18, 32, 17, 1, 6, 29, 26, 20, 35, 16, 9, 30, 31, 21, 10, 41, 3, 50, 27, 39, 49, 28, 22]);
% time elapsed: 14.43 s
----------
%%%mzn-stat: initTime=0.061668075
%%%mzn-stat: objective=310
%%%mzn-stat: nodes=70589
%%%mzn-stat: restarts=51
%%%mzn-stat: peakDepth=904
%%%mzn-stat: solveTime=7.969215169
%%%mzn-stat: variables=1526
%%%mzn-stat: propagators=2388
%%%mzn-stat: failures=25823
%%%mzn-stat: propagations=7565434
%%%mzn-stat: nogoods=25823
%%%mzn-stat: AverageConflictSize=30.308562134531233
%%%mzn-stat: NumUnitNogoodsLearned=208
%%%mzn-stat: AverageLearnedNogoodLength=94.88800681562948
%%%mzn-stat: AverageBacktrackAmount=0
%%%mzn-stat: AverageLbd=12.41222940789219
%%%mzn-stat-end
maxleg = 310;
succ = array1d(1..50,[5, 42, 14, 40, 7, 36, 33, 24, 47, 12, 25, 44, 11, 31, 8, 45, 43, 19, 38, 15, 13, 34, 27, 48, 37, 23, 2, 18, 32, 17, 1, 6, 46, 26, 20, 35, 16, 9, 30, 3, 21, 10, 41, 4, 50, 29, 39, 49, 28, 22]);
% time elapsed: 14.64 s
----------
%%%mzn-stat: initTime=0.061668075
%%%mzn-stat: objective=309
%%%mzn-stat: nodes=71460
%%%mzn-stat: restarts=52
%%%mzn-stat: peakDepth=904
%%%mzn-stat: solveTime=7.999541107
%%%mzn-stat: variables=1526
%%%mzn-stat: propagators=2388
%%%mzn-stat: failures=25873
%%%mzn-stat: propagations=7592923
%%%mzn-stat: nogoods=25873
%%%mzn-stat: AverageConflictSize=30.30506705832335
%%%mzn-stat: NumUnitNogoodsLearned=208
%%%mzn-stat: AverageLearnedNogoodLength=94.95385150543036
%%%mzn-stat: AverageBacktrackAmount=0
%%%mzn-stat: AverageLbd=12.426622347621072
%%%mzn-stat-end
maxleg = 309;
succ = array1d(1..50,[5, 42, 14, 40, 7, 36, 33, 24, 47, 12, 25, 44, 11, 31, 8, 45, 43, 19, 38, 15, 13, 34, 27, 48, 37, 23, 2, 18, 32, 17, 1, 6, 46, 26, 20, 35, 16, 9, 30, 3, 21, 10, 41, 4, 50, 29, 39, 49, 28, 22]);
% time elapsed: 14.67 s
----------
%%%mzn-stat: initTime=0.061668075
%%%mzn-stat: objective=307
%%%mzn-stat: nodes=72700
%%%mzn-stat: restarts=53
%%%mzn-stat: peakDepth=904
%%%mzn-stat: solveTime=8.191635869
%%%mzn-stat: variables=1526
%%%mzn-stat: propagators=2388
%%%mzn-stat: failures=26327
%%%mzn-stat: propagations=7703823
%%%mzn-stat: nogoods=26327
%%%mzn-stat: AverageConflictSize=30.51270558741976
%%%mzn-stat: NumUnitNogoodsLearned=208
%%%mzn-stat: AverageLearnedNogoodLength=95.4043377521176
%%%mzn-stat: AverageBacktrackAmount=0
%%%mzn-stat: AverageLbd=12.434800774869906
%%%mzn-stat-end
maxleg = 307;
succ = array1d(1..50,[5, 42, 14, 40, 7, 36, 33, 24, 47, 12, 25, 44, 11, 31, 8, 45, 43, 19, 38, 15, 13, 34, 27, 48, 37, 23, 2, 18, 32, 17, 1, 6, 46, 26, 20, 35, 16, 9, 30, 3, 21, 10, 41, 4, 50, 29, 39, 49, 28, 22]);
% time elapsed: 14.86 s
----------
%%%mzn-stat: initTime=0.061668075
%%%mzn-stat: objective=306
%%%mzn-stat: nodes=74397
%%%mzn-stat: restarts=57
%%%mzn-stat: peakDepth=904
%%%mzn-stat: solveTime=8.3137522
%%%mzn-stat: variables=1526
%%%mzn-stat: propagators=2388
%%%mzn-stat: failures=26887
%%%mzn-stat: propagations=7854616
%%%mzn-stat: nogoods=26887
%%%mzn-stat: AverageConflictSize=30.072153828987986
%%%mzn-stat: NumUnitNogoodsLearned=208
%%%mzn-stat: AverageLearnedNogoodLength=94.360880723026
%%%mzn-stat: AverageBacktrackAmount=0
%%%mzn-stat: AverageLbd=12.463160635251237
%%%mzn-stat-end
maxleg = 306;
succ = array1d(1..50,[5, 42, 14, 40, 7, 36, 33, 24, 47, 12, 25, 44, 11, 31, 8, 45, 43, 19, 38, 15, 13, 34, 27, 48, 37, 23, 2, 18, 32, 17, 1, 6, 46, 26, 20, 50, 16, 9, 30, 3, 21, 10, 41, 4, 22, 29, 39, 49, 28, 35]);
% time elapsed: 14.99 s
----------
%%%mzn-stat: initTime=0.061668075
%%%mzn-stat: objective=305
%%%mzn-stat: nodes=75966
%%%mzn-stat: restarts=59
%%%mzn-stat: peakDepth=904
%%%mzn-stat: solveTime=8.536276854
%%%mzn-stat: variables=1526
%%%mzn-stat: propagators=2388
%%%mzn-stat: failures=27395
%%%mzn-stat: propagations=8012468
%%%mzn-stat: nogoods=27395
%%%mzn-stat: AverageConflictSize=30.34546450082132
%%%mzn-stat: NumUnitNogoodsLearned=208
%%%mzn-stat: AverageLearnedNogoodLength=95.21116992151852
%%%mzn-stat: AverageBacktrackAmount=0
%%%mzn-stat: AverageLbd=12.490929001642636
%%%mzn-stat-end
maxleg = 305;
succ = array1d(1..50,[5, 44, 14, 40, 7, 42, 33, 24, 47, 12, 25, 26, 11, 31, 8, 45, 43, 19, 38, 15, 13, 34, 36, 48, 37, 23, 2, 18, 32, 17, 1, 6, 46, 27, 20, 50, 16, 9, 30, 3, 21, 10, 41, 4, 22, 29, 39, 49, 28, 35]);
% time elapsed: 15.21 s
----------
%%%mzn-stat: initTime=0.061668075
%%%mzn-stat: objective=304
%%%mzn-stat: nodes=76752
%%%mzn-stat: restarts=60
%%%mzn-stat: peakDepth=904
%%%mzn-stat: solveTime=8.565220245999999
%%%mzn-stat: variables=1526
%%%mzn-stat: propagators=2388
%%%mzn-stat: failures=27445
%%%mzn-stat: propagations=8033116
%%%mzn-stat: nogoods=27445
%%%mzn-stat: AverageConflictSize=30.38593550737839
%%%mzn-stat: NumUnitNogoodsLearned=208
%%%mzn-stat: AverageLearnedNogoodLength=95.31860083803971
%%%mzn-stat: AverageBacktrackAmount=0
%%%mzn-stat: AverageLbd=12.507451266168701
%%%mzn-stat-end
maxleg = 304;
succ = array1d(1..50,[5, 44, 14, 40, 7, 42, 33, 24, 47, 12, 25, 26, 11, 31, 8, 45, 43, 19, 38, 15, 13, 34, 36, 48, 37, 23, 2, 18, 32, 17, 1, 6, 46, 27, 20, 50, 16, 9, 30, 3, 21, 10, 41, 4, 22, 29, 39, 49, 28, 35]);
% time elapsed: 15.25 s
----------
%%%mzn-stat: initTime=0.061668075
%%%mzn-stat: objective=303
%%%mzn-stat: nodes=77686
%%%mzn-stat: restarts=61
%%%mzn-stat: peakDepth=904
%%%mzn-stat: solveTime=8.633707719
%%%mzn-stat: variables=1526
%%%mzn-stat: propagators=2388
%%%mzn-stat: failures=27588
%%%mzn-stat: propagations=8073593
%%%mzn-stat: nogoods=27588
%%%mzn-stat: AverageConflictSize=30.453168044077135
%%%mzn-stat: NumUnitNogoodsLearned=208
%%%mzn-stat: AverageLearnedNogoodLength=95.46556473829202
%%%mzn-stat: AverageBacktrackAmount=0
%%%mzn-stat: AverageLbd=12.517435116717413
%%%mzn-stat-end
maxleg = 303;
succ = array1d(1..50,[5, 44, 14, 40, 7, 42, 33, 24, 47, 12, 25, 26, 11, 31, 8, 45, 43, 19, 38, 15, 13, 34, 36, 48, 37, 23, 2, 18, 32, 17, 1, 6, 46, 27, 20, 50, 16, 9, 30, 3, 21, 10, 41, 4, 22, 29, 39, 49, 28, 35]);
% time elapsed: 15.32 s
----------
%%%mzn-stat: initTime=0.061668075
%%%mzn-stat: objective=302
%%%mzn-stat: nodes=79299
%%%mzn-stat: restarts=65
%%%mzn-stat: peakDepth=904
%%%mzn-stat: solveTime=8.767196687
%%%mzn-stat: variables=1526
%%%mzn-stat: propagators=2388
%%%mzn-stat: failures=27946
%%%mzn-stat: propagations=8186556
%%%mzn-stat: nogoods=27946
%%%mzn-stat: AverageConflictSize=30.45834824304015
%%%mzn-stat: NumUnitNogoodsLearned=208
%%%mzn-stat: AverageLearnedNogoodLength=95.57632577113003
%%%mzn-stat: AverageBacktrackAmount=0
%%%mzn-stat: AverageLbd=12.55066914764188
%%%mzn-stat-end
maxleg = 302;
succ = array1d(1..50,[5, 44, 14, 40, 7, 42, 33, 24, 47, 12, 25, 26, 11, 31, 20, 45, 43, 19, 38, 8, 13, 34, 36, 48, 37, 23, 2, 18, 32, 17, 1, 6, 46, 27, 15, 50, 16, 9, 30, 3, 21, 10, 41, 4, 22, 29, 39, 49, 28, 35]);
% time elapsed: 15.45 s
----------
%%%mzn-stat: initTime=0.061668075
%%%mzn-stat: objective=301
%%%mzn-stat: nodes=80884
%%%mzn-stat: restarts=67
%%%mzn-stat: peakDepth=904
%%%mzn-stat: solveTime=8.950348774
%%%mzn-stat: variables=1526
%%%mzn-stat: propagators=2388
%%%mzn-stat: failures=28448
%%%mzn-stat: propagations=8345252
%%%mzn-stat: nogoods=28448
%%%mzn-stat: AverageConflictSize=30.34392575928009
%%%mzn-stat: NumUnitNogoodsLearned=208
%%%mzn-stat: AverageLearnedNogoodLength=95.55793025871766
%%%mzn-stat: AverageBacktrackAmount=0
%%%mzn-stat: AverageLbd=12.57673650168729
%%%mzn-stat-end
maxleg = 301;
succ = array1d(1..50,[5, 44, 14, 40, 7, 42, 33, 20, 47, 12, 25, 26, 11, 31, 8, 45, 43, 19, 38, 24, 13, 34, 36, 48, 37, 23, 2, 18, 32, 17, 1, 6, 46, 27, 15, 50, 16, 9, 30, 3, 21, 10, 41, 4, 22, 29, 39, 49, 28, 35]);
% time elapsed: 15.64 s
----------
%%%mzn-stat: initTime=0.061668075
%%%mzn-stat: objective=300
%%%mzn-stat: nodes=82998
%%%mzn-stat: restarts=68
%%%mzn-stat: peakDepth=904
%%%mzn-stat: solveTime=9.396564335
%%%mzn-stat: variables=1526
%%%mzn-stat: propagators=2388
%%%mzn-stat: failures=29581
%%%mzn-stat: propagations=8681124
%%%mzn-stat: nogoods=29581
%%%mzn-stat: AverageConflictSize=30.720834319326595
%%%mzn-stat: NumUnitNogoodsLearned=208
%%%mzn-stat: AverageLearnedNogoodLength=96.49839423954566
%%%mzn-stat: AverageBacktrackAmount=0
%%%mzn-stat: AverageLbd=12.580676785774653
%%%mzn-stat-end
maxleg = 300;
succ = array1d(1..50,[5, 44, 14, 40, 7, 42, 33, 20, 47, 12, 25, 26, 11, 31, 8, 45, 43, 19, 38, 24, 13, 34, 36, 48, 37, 23, 2, 18, 32, 17, 1, 6, 46, 27, 15, 50, 16, 9, 30, 3, 21, 10, 41, 4, 22, 29, 39, 49, 28, 35]);
% time elapsed: 16.09 s
----------
%%%mzn-stat: initTime=0.061668075
%%%mzn-stat: objective=299
%%%mzn-stat: nodes=83994
%%%mzn-stat: restarts=69
%%%mzn-stat: peakDepth=904
%%%mzn-stat: solveTime=9.439148612
%%%mzn-stat: variables=1526
%%%mzn-stat: propagators=2388
%%%mzn-stat: failures=29668
%%%mzn-stat: propagations=8711173
%%%mzn-stat: nogoods=29668
%%%mzn-stat: AverageConflictSize=30.73254011055683
%%%mzn-stat: NumUnitNogoodsLearned=208
%%%mzn-stat: AverageLearnedNogoodLength=96.47519212619657
%%%mzn-stat: AverageBacktrackAmount=0
%%%mzn-stat: AverageLbd=12.579546986652286
%%%mzn-stat-end
maxleg = 299;
succ = array1d(1..50,[5, 44, 14, 40, 7, 42, 33, 20, 47, 12, 25, 26, 11, 31, 8, 45, 43, 19, 38, 24, 13, 34, 36, 48, 37, 23, 2, 18, 32, 17, 1, 6, 46, 27, 15, 50, 16, 9, 30, 3, 21, 10, 41, 4, 22, 29, 39, 49, 28, 35]);
% time elapsed: 16.13 s
----------
%%%mzn-stat: initTime=0.061668075
%%%mzn-stat: objective=298
%%%mzn-stat: nodes=85468
%%%mzn-stat: restarts=71
%%%mzn-stat: peakDepth=904
%%%mzn-stat: solveTime=9.66080334
%%%mzn-stat: variables=1526
%%%mzn-stat: propagators=2388
%%%mzn-stat: failures=30177
%%%mzn-stat: propagations=8861885
%%%mzn-stat: nogoods=30177
%%%mzn-stat: AverageConflictSize=30.95347450044736
%%%mzn-stat: NumUnitNogoodsLearned=208
%%%mzn-stat: AverageLearnedNogoodLength=96.96881731119727
%%%mzn-stat: AverageBacktrackAmount=0
%%%mzn-stat: AverageLbd=12.58614176359479
%%%mzn-stat-end
maxleg = 298;
succ = array1d(1..50,[5, 44, 14, 40, 25, 23, 33, 20, 47, 12, 41, 26, 11, 31, 8, 22, 43, 19, 38, 24, 13, 34, 36, 48, 37, 42, 2, 18, 32, 17, 10, 6, 46, 27, 15, 50, 16, 9, 45, 3, 28, 7, 21, 4, 1, 29, 39, 49, 30, 35]);
% time elapsed: 16.36 s
----------
%%%mzn-stat: initTime=0.061668075
%%%mzn-stat: objective=295
%%%mzn-stat: nodes=87355
%%%mzn-stat: restarts=72
%%%mzn-stat: peakDepth=904
%%%mzn-stat: solveTime=9.937685447
%%%mzn-stat: variables=1526
%%%mzn-stat: propagators=2388
%%%mzn-stat: failures=31067
%%%mzn-stat: propagations=9161361
%%%mzn-stat: nogoods=31067
%%%mzn-stat: AverageConflictSize=30.886954002639456
%%%mzn-stat: NumUnitNogoodsLearned=208
%%%mzn-stat: AverageLearnedNogoodLength=96.4487398203882
%%%mzn-stat: AverageBacktrackAmount=0
%%%mzn-stat: AverageLbd=12.5458525123121
%%%mzn-stat-end
maxleg = 295;
succ = array1d(1..50,[5, 44, 14, 40, 25, 23, 33, 20, 47, 12, 41, 26, 11, 31, 8, 22, 43, 19, 38, 24, 13, 34, 36, 48, 37, 42, 2, 18, 32, 17, 10, 6, 46, 27, 15, 50, 16, 9, 45, 3, 28, 7, 21, 4, 1, 29, 39, 49, 30, 35]);
% time elapsed: 16.64 s
----------
%%%mzn-stat: initTime=0.061668075
%%%mzn-stat: objective=294
%%%mzn-stat: nodes=88133
%%%mzn-stat: restarts=73
%%%mzn-stat: peakDepth=904
%%%mzn-stat: solveTime=9.972197159
%%%mzn-stat: variables=1526
%%%mzn-stat: propagators=2388
%%%mzn-stat: failures=31134
%%%mzn-stat: propagations=9187418
%%%mzn-stat: nogoods=31134
%%%mzn-stat: AverageConflictSize=30.898985032440418
%%%mzn-stat: NumUnitNogoodsLearned=208
%%%mzn-stat: AverageLearnedNogoodLength=96.43470161238517
%%%mzn-stat: AverageBacktrackAmount=0
%%%mzn-stat: AverageLbd=12.549784801181987
%%%mzn-stat-end
maxleg = 294;
succ = array1d(1..50,[5, 44, 14, 40, 25, 23, 33, 20, 47, 12, 41, 26, 11, 31, 8, 22, 43, 19, 38, 24, 13, 34, 36, 48, 37, 42, 2, 18, 32, 17, 10, 6, 46, 27, 15, 50, 16, 9, 45, 3, 28, 7, 21, 4, 1, 29, 39, 49, 30, 35]);
% time elapsed: 16.68 s
----------
%%%mzn-stat: initTime=0.061668075
%%%mzn-stat: objective=292
%%%mzn-stat: nodes=89238
%%%mzn-stat: restarts=74
%%%mzn-stat: peakDepth=904
%%%mzn-stat: solveTime=10.070713251
%%%mzn-stat: variables=1526
%%%mzn-stat: propagators=2388
%%%mzn-stat: failures=31415
%%%mzn-stat: propagations=9274726
%%%mzn-stat: nogoods=31415
%%%mzn-stat: AverageConflictSize=30.94021964029922
%%%mzn-stat: NumUnitNogoodsLearned=208
%%%mzn-stat: AverageLearnedNogoodLength=96.35234760464746
%%%mzn-stat: AverageBacktrackAmount=0
%%%mzn-stat: AverageLbd=12.536495304790705
%%%mzn-stat-end
maxleg = 292;
succ = array1d(1..50,[5, 44, 14, 40, 25, 23, 33, 20, 47, 12, 41, 26, 11, 31, 8, 22, 43, 19, 38, 24, 13, 34, 36, 48, 37, 42, 2, 18, 32, 17, 10, 6, 46, 27, 15, 50, 16, 9, 45, 3, 28, 7, 21, 4, 1, 29, 39, 49, 30, 35]);
% time elapsed: 16.78 s
----------
%%%mzn-stat: initTime=0.061668075
%%%mzn-stat: objective=290
%%%mzn-stat: nodes=90453
%%%mzn-stat: restarts=75
%%%mzn-stat: peakDepth=904
%%%mzn-stat: solveTime=10.232985827
%%%mzn-stat: variables=1526
%%%mzn-stat: propagators=2388
%%%mzn-stat: failures=31876
%%%mzn-stat: propagations=9409641
%%%mzn-stat: nogoods=31876
%%%mzn-stat: AverageConflictSize=30.936096122474588
%%%mzn-stat: NumUnitNogoodsLearned=208
%%%mzn-stat: AverageLearnedNogoodLength=96.48666708495419
%%%mzn-stat: AverageBacktrackAmount=0
%%%mzn-stat: AverageLbd=12.530053959091479
%%%mzn-stat-end
maxleg = 290;
succ = array1d(1..50,[5, 44, 14, 40, 25, 23, 33, 20, 47, 12, 41, 26, 11, 31, 8, 22, 43, 19, 39, 24, 13, 34, 36, 48, 37, 42, 2, 18, 32, 45, 10, 6, 46, 27, 15, 50, 16, 9, 49, 3, 28, 7, 21, 4, 1, 29, 17, 38, 30, 35]);
% time elapsed: 16.94 s
----------
%%%mzn-stat: initTime=0.061668075
%%%mzn-stat: objective=289
%%%mzn-stat: nodes=91120
%%%mzn-stat: restarts=76
%%%mzn-stat: peakDepth=904
%%%mzn-stat: solveTime=10.260630851
%%%mzn-stat: variables=1526
%%%mzn-stat: propagators=2388
%%%mzn-stat: failures=31927
%%%mzn-stat: propagations=9431085
%%%mzn-stat: nogoods=31927
%%%mzn-stat: AverageConflictSize=30.94393460080809
%%%mzn-stat: NumUnitNogoodsLearned=208
%%%mzn-stat: AverageLearnedNogoodLength=96.50139380461678
%%%mzn-stat: AverageBacktrackAmount=0
%%%mzn-stat: AverageLbd=12.535033044131925
%%%mzn-stat-end
maxleg = 289;
succ = array1d(1..50,[5, 44, 14, 40, 25, 23, 33, 20, 47, 12, 41, 26, 11, 31, 8, 22, 43, 19, 39, 24, 13, 34, 36, 48, 37, 42, 2, 18, 32, 45, 10, 6, 46, 27, 15, 50, 16, 9, 49, 3, 28, 7, 21, 4, 1, 29, 17, 38, 30, 35]);
% time elapsed: 16.97 s
----------
%%%mzn-stat: initTime=0.061668075
%%%mzn-stat: objective=288
%%%mzn-stat: nodes=92253
%%%mzn-stat: restarts=77
%%%mzn-stat: peakDepth=904
%%%mzn-stat: solveTime=10.401969422
%%%mzn-stat: variables=1526
%%%mzn-stat: propagators=2388
%%%mzn-stat: failures=32259
%%%mzn-stat: propagations=9545368
%%%mzn-stat: nogoods=32259
%%%mzn-stat: AverageConflictSize=31.078055736383646
%%%mzn-stat: NumUnitNogoodsLearned=208
%%%mzn-stat: AverageLearnedNogoodLength=96.87547661117827
%%%mzn-stat: AverageBacktrackAmount=0
%%%mzn-stat: AverageLbd=12.536749434266406
%%%mzn-stat-end
maxleg = 288;
succ = array1d(1..50,[5, 44, 14, 40, 25, 23, 33, 20, 47, 12, 41, 26, 11, 31, 8, 22, 43, 19, 39, 24, 13, 34, 36, 48, 37, 42, 2, 18, 32, 45, 10, 6, 46, 27, 15, 50, 16, 9, 49, 3, 28, 7, 21, 4, 1, 29, 17, 38, 30, 35]);
% time elapsed: 17.12 s
----------
%%%mzn-stat: initTime=0.061668075
%%%mzn-stat: objective=287
%%%mzn-stat: nodes=93390
%%%mzn-stat: restarts=78
%%%mzn-stat: peakDepth=904
%%%mzn-stat: solveTime=10.515843098
%%%mzn-stat: variables=1526
%%%mzn-stat: propagators=2388
%%%mzn-stat: failures=32622
%%%mzn-stat: propagations=9667436
%%%mzn-stat: nogoods=32622
%%%mzn-stat: AverageConflictSize=30.984335724357795
%%%mzn-stat: NumUnitNogoodsLearned=208
%%%mzn-stat: AverageLearnedNogoodLength=96.5431917111152
%%%mzn-stat: AverageBacktrackAmount=0
%%%mzn-stat: AverageLbd=12.505946906995279
%%%mzn-stat-end
maxleg = 287;
succ = array1d(1..50,[5, 44, 14, 40, 25, 23, 33, 20, 47, 12, 41, 26, 11, 31, 8, 22, 43, 19, 39, 24, 13, 34, 36, 48, 37, 42, 2, 18, 32, 45, 10, 6, 46, 27, 15, 50, 16, 9, 49, 3, 28, 7, 21, 4, 1, 29, 17, 38, 30, 35]);
% time elapsed: 17.23 s
----------
%%%mzn-stat: initTime=0.061668075
%%%mzn-stat: objective=286
%%%mzn-stat: nodes=94514
%%%mzn-stat: restarts=80
%%%mzn-stat: peakDepth=904
%%%mzn-stat: solveTime=10.585828274
%%%mzn-stat: variables=1526
%%%mzn-stat: propagators=2388
%%%mzn-stat: failures=32866
%%%mzn-stat: propagations=9746855
%%%mzn-stat: nogoods=32866
%%%mzn-stat: AverageConflictSize=30.875251019290452
%%%mzn-stat: NumUnitNogoodsLearned=208
%%%mzn-stat: AverageLearnedNogoodLength=96.24411245664213
%%%mzn-stat: AverageBacktrackAmount=0
%%%mzn-stat: AverageLbd=12.52251566968904
%%%mzn-stat-end
maxleg = 286;
succ = array1d(1..50,[5, 44, 4, 31, 25, 23, 33, 20, 47, 26, 41, 14, 11, 40, 8, 22, 43, 19, 39, 24, 13, 34, 36, 48, 37, 42, 2, 18, 32, 45, 10, 6, 46, 27, 15, 50, 16, 9, 49, 3, 28, 7, 21, 12, 1, 29, 17, 38, 30, 35]);
% time elapsed: 17.31 s
----------
%%%mzn-stat: initTime=0.061668075
%%%mzn-stat: objective=284
%%%mzn-stat: nodes=95188
%%%mzn-stat: restarts=81
%%%mzn-stat: peakDepth=904
%%%mzn-stat: solveTime=10.611080088
%%%mzn-stat: variables=1526
%%%mzn-stat: propagators=2388
%%%mzn-stat: failures=32912
%%%mzn-stat: propagations=9765733
%%%mzn-stat: nogoods=32912
%%%mzn-stat: AverageConflictSize=30.873541565386486
%%%mzn-stat: NumUnitNogoodsLearned=208
%%%mzn-stat: AverageLearnedNogoodLength=96.24346742829363
%%%mzn-stat: AverageBacktrackAmount=0
%%%mzn-stat: AverageLbd=12.525066844919786
%%%mzn-stat-end
maxleg = 284;
succ = array1d(1..50,[5, 44, 4, 31, 25, 23, 33, 20, 21, 26, 41, 14, 11, 40, 8, 22, 43, 19, 39, 24, 13, 34, 36, 48, 37, 42, 2, 17, 32, 45, 10, 6, 46, 27, 15, 50, 16, 9, 49, 3, 28, 7, 18, 12, 1, 29, 30, 38, 47, 35]);
% time elapsed: 17.33 s
----------
%%%mzn-stat: initTime=0.061668075
%%%mzn-stat: objective=282
%%%mzn-stat: nodes=96043
%%%mzn-stat: restarts=82
%%%mzn-stat: peakDepth=904
%%%mzn-stat: solveTime=10.665657398
%%%mzn-stat: variables=1526
%%%mzn-stat: propagators=2388
%%%mzn-stat: failures=33022
%%%mzn-stat: propagations=9798599
%%%mzn-stat: nogoods=33022
%%%mzn-stat: AverageConflictSize=30.96317606444189
%%%mzn-stat: NumUnitNogoodsLearned=208
%%%mzn-stat: AverageLearnedNogoodLength=96.38559142389921
%%%mzn-stat: AverageBacktrackAmount=0
%%%mzn-stat: AverageLbd=12.524862213070074
%%%mzn-stat-end
maxleg = 282;
succ = array1d(1..50,[5, 44, 4, 31, 25, 23, 33, 20, 30, 26, 41, 14, 11, 40, 8, 22, 43, 21, 39, 24, 13, 34, 36, 48, 37, 42, 2, 17, 32, 45, 10, 6, 46, 27, 15, 50, 16, 19, 49, 3, 9, 7, 18, 12, 1, 29, 28, 38, 47, 35]);
% time elapsed: 17.39 s
----------
%%%mzn-stat: initTime=0.061668075
%%%mzn-stat: objective=281
%%%mzn-stat: nodes=97843
%%%mzn-stat: restarts=84
%%%mzn-stat: peakDepth=904
%%%mzn-stat: solveTime=10.831436458
%%%mzn-stat: variables=1526
%%%mzn-stat: propagators=2388
%%%mzn-stat: failures=33691
%%%mzn-stat: propagations=9985276
%%%mzn-stat: nogoods=33691
%%%mzn-stat: AverageConflictSize=30.729126472945296
%%%mzn-stat: NumUnitNogoodsLearned=208
%%%mzn-stat: AverageLearnedNogoodLength=95.68816597904485
%%%mzn-stat: AverageBacktrackAmount=0
%%%mzn-stat: AverageLbd=12.533495592294678
%%%mzn-stat-end
maxleg = 281;
succ = array1d(1..50,[5, 44, 4, 31, 25, 32, 33, 20, 30, 26, 41, 14, 11, 40, 8, 22, 43, 21, 39, 24, 13, 34, 36, 48, 37, 42, 2, 17, 6, 45, 10, 23, 46, 27, 15, 50, 16, 19, 49, 3, 9, 7, 18, 12, 1, 29, 28, 38, 47, 35]);
% time elapsed: 17.57 s
----------
%%%mzn-stat: initTime=0.061668075
%%%mzn-stat: objective=279
%%%mzn-stat: nodes=99299
%%%mzn-stat: restarts=86
%%%mzn-stat: peakDepth=904
%%%mzn-stat: solveTime=10.997002157
%%%mzn-stat: variables=1526
%%%mzn-stat: propagators=2388
%%%mzn-stat: failures=34126
%%%mzn-stat: propagations=10080055
%%%mzn-stat: nogoods=34126
%%%mzn-stat: AverageConflictSize=30.8649416866905
%%%mzn-stat: NumUnitNogoodsLearned=208
%%%mzn-stat: AverageLearnedNogoodLength=95.84592392896911
%%%mzn-stat: AverageBacktrackAmount=0
%%%mzn-stat: AverageLbd=12.561741780460645
%%%mzn-stat-end
maxleg = 279;
succ = array1d(1..50,[5, 44, 4, 31, 25, 32, 33, 20, 30, 26, 18, 14, 11, 40, 8, 22, 43, 21, 39, 24, 41, 34, 36, 48, 37, 42, 2, 17, 6, 45, 10, 23, 46, 27, 15, 50, 16, 19, 49, 3, 9, 7, 13, 12, 1, 29, 28, 38, 47, 35]);
% time elapsed: 17.73 s
----------
%%%mzn-stat: initTime=0.061668075
%%%mzn-stat: objective=273
%%%mzn-stat: nodes=104725
%%%mzn-stat: restarts=104
%%%mzn-stat: peakDepth=904
%%%mzn-stat: solveTime=11.518992973
%%%mzn-stat: variables=1526
%%%mzn-stat: propagators=2388
%%%mzn-stat: failures=36359
%%%mzn-stat: propagations=10768894
%%%mzn-stat: nogoods=36359
%%%mzn-stat: AverageConflictSize=29.819989548667454
%%%mzn-stat: NumUnitNogoodsLearned=208
%%%mzn-stat: AverageLearnedNogoodLength=93.00167771390852
%%%mzn-stat: AverageBacktrackAmount=0
%%%mzn-stat: AverageLbd=12.676668775268848
%%%mzn-stat-end
maxleg = 273;
succ = array1d(1..50,[5, 44, 4, 31, 25, 32, 33, 20, 30, 26, 18, 14, 11, 40, 8, 22, 43, 21, 39, 24, 41, 34, 36, 48, 37, 42, 2, 17, 6, 38, 10, 23, 46, 27, 15, 50, 16, 45, 49, 3, 9, 7, 13, 12, 1, 29, 28, 19, 47, 35]);
% time elapsed: 18.25 s
----------
%%%mzn-stat: initTime=0.061668075
%%%mzn-stat: objective=272
%%%mzn-stat: nodes=105519
%%%mzn-stat: restarts=105
%%%mzn-stat: peakDepth=904
%%%mzn-stat: solveTime=11.569236902
%%%mzn-stat: variables=1526
%%%mzn-stat: propagators=2388
%%%mzn-stat: failures=36455
%%%mzn-stat: propagations=10797682
%%%mzn-stat: nogoods=36455
%%%mzn-stat: AverageConflictSize=29.885612398847893
%%%mzn-stat: NumUnitNogoodsLearned=208
%%%mzn-stat: AverageLearnedNogoodLength=93.14022767795913
%%%mzn-stat: AverageBacktrackAmount=0
%%%mzn-stat: AverageLbd=12.688739541900974
%%%mzn-stat-end
maxleg = 272;
succ = array1d(1..50,[5, 44, 4, 31, 25, 32, 33, 20, 28, 26, 18, 14, 11, 40, 8, 22, 39, 21, 43, 24, 41, 34, 36, 48, 37, 42, 2, 17, 6, 38, 10, 23, 46, 27, 15, 50, 16, 45, 49, 3, 9, 7, 13, 12, 1, 29, 30, 19, 47, 35]);
% time elapsed: 18.31 s
----------
%%%mzn-stat: initTime=0.061668075
%%%mzn-stat: objective=271
%%%mzn-stat: nodes=106178
%%%mzn-stat: restarts=106
%%%mzn-stat: peakDepth=904
%%%mzn-stat: solveTime=11.59451566
%%%mzn-stat: variables=1526
%%%mzn-stat: propagators=2388
%%%mzn-stat: failures=36496
%%%mzn-stat: propagations=10814262
%%%mzn-stat: nogoods=36496
%%%mzn-stat: AverageConflictSize=29.920429636124506
%%%mzn-stat: NumUnitNogoodsLearned=208
%%%mzn-stat: AverageLearnedNogoodLength=93.17322446295485
%%%mzn-stat: AverageBacktrackAmount=0
%%%mzn-stat: AverageLbd=12.691555238930293
%%%mzn-stat-end
maxleg = 271;
succ = array1d(1..50,[5, 44, 4, 31, 25, 32, 33, 20, 28, 26, 18, 14, 11, 40, 8, 22, 39, 21, 43, 24, 41, 34, 36, 48, 37, 42, 2, 17, 6, 38, 10, 23, 46, 27, 15, 50, 16, 45, 49, 3, 9, 7, 13, 12, 1, 29, 30, 19, 47, 35]);
% time elapsed: 18.34 s
----------
%%%mzn-stat: initTime=0.061668075
%%%mzn-stat: objective=270
%%%mzn-stat: nodes=107053
%%%mzn-stat: restarts=107
%%%mzn-stat: peakDepth=904
%%%mzn-stat: solveTime=11.655050665
%%%mzn-stat: variables=1526
%%%mzn-stat: propagators=2388
%%%mzn-stat: failures=36645
%%%mzn-stat: propagations=10866622
%%%mzn-stat: nogoods=36645
%%%mzn-stat: AverageConflictSize=29.982917178332652
%%%mzn-stat: NumUnitNogoodsLearned=208
%%%mzn-stat: AverageLearnedNogoodLength=93.22663392004367
%%%mzn-stat: AverageBacktrackAmount=0
%%%mzn-stat: AverageLbd=12.686232773911858
%%%mzn-stat-end
maxleg = 270;
succ = array1d(1..50,[5, 44, 4, 31, 25, 32, 33, 20, 28, 26, 18, 14, 11, 40, 8, 22, 39, 21, 43, 24, 41, 34, 36, 48, 37, 42, 2, 17, 6, 38, 10, 23, 46, 27, 15, 50, 16, 45, 49, 3, 9, 7, 13, 12, 1, 29, 30, 19, 47, 35]);
% time elapsed: 18.40 s
----------
%%%mzn-stat: initTime=0.061668075
%%%mzn-stat: objective=269
%%%mzn-stat: nodes=108035
%%%mzn-stat: restarts=108
%%%mzn-stat: peakDepth=904
%%%mzn-stat: solveTime=11.736231988
%%%mzn-stat: variables=1526
%%%mzn-stat: propagators=2388
%%%mzn-stat: failures=36834
%%%mzn-stat: propagations=10935824
%%%mzn-stat: nogoods=36834
%%%mzn-stat: AverageConflictSize=29.9890047238964
%%%mzn-stat: NumUnitNogoodsLearned=208
%%%mzn-stat: AverageLearnedNogoodLength=93.2495520443069
%%%mzn-stat: AverageBacktrackAmount=0
%%%mzn-stat: AverageLbd=12.68197860672205
%%%mzn-stat-end
maxleg = 269;
succ = array1d(1..50,[5, 44, 4, 31, 25, 32, 33, 20, 28, 26, 18, 14, 11, 40, 8, 22, 39, 21, 43, 24, 41, 34, 36, 48, 37, 42, 2, 17, 6, 38, 10, 23, 46, 27, 15, 50, 16, 45, 49, 3, 9, 7, 13, 12, 1, 29, 30, 19, 47, 35]);
% time elapsed: 18.48 s
----------
%%%mzn-stat: initTime=0.061668075
%%%mzn-stat: objective=268
%%%mzn-stat: nodes=109094
%%%mzn-stat: restarts=109
%%%mzn-stat: peakDepth=904
%%%mzn-stat: solveTime=11.828318033
%%%mzn-stat: variables=1526
%%%mzn-stat: propagators=2388
%%%mzn-stat: failures=37049
%%%mzn-stat: propagations=11000849
%%%mzn-stat: nogoods=37049
%%%mzn-stat: AverageConflictSize=30.07600744959378
%%%mzn-stat: NumUnitNogoodsLearned=208
%%%mzn-stat: AverageLearnedNogoodLength=93.42338524656536
%%%mzn-stat: AverageBacktrackAmount=0
%%%mzn-stat: AverageLbd=12.682204647898729
%%%mzn-stat-end
maxleg = 268;
succ = array1d(1..50,[5, 44, 4, 31, 25, 32, 33, 20, 28, 26, 18, 14, 11, 40, 8, 22, 39, 21, 43, 24, 41, 34, 36, 48, 37, 42, 2, 17, 6, 38, 10, 23, 46, 27, 15, 50, 16, 45, 49, 3, 9, 7, 13, 12, 1, 29, 30, 19, 47, 35]);
% time elapsed: 18.58 s
----------
%%%mzn-stat: initTime=0.061668075
%%%mzn-stat: objective=267
%%%mzn-stat: nodes=111155
%%%mzn-stat: restarts=111
%%%mzn-stat: peakDepth=904
%%%mzn-stat: solveTime=12.099513999
%%%mzn-stat: variables=1526
%%%mzn-stat: propagators=2388
%%%mzn-stat: failures=37994
%%%mzn-stat: propagations=11232767
%%%mzn-stat: nogoods=37994
%%%mzn-stat: AverageConflictSize=29.825051323893245
%%%mzn-stat: NumUnitNogoodsLearned=208
%%%mzn-stat: AverageLearnedNogoodLength=92.87426962151919
%%%mzn-stat: AverageBacktrackAmount=0
%%%mzn-stat: AverageLbd=12.68868768752961
%%%mzn-stat-end
maxleg = 267;
succ = array1d(1..50,[5, 44, 4, 31, 25, 32, 33, 20, 28, 26, 18, 14, 11, 40, 8, 22, 39, 21, 43, 24, 41, 42, 34, 48, 37, 36, 2, 17, 6, 38, 10, 23, 46, 27, 15, 50, 16, 45, 49, 3, 9, 7, 13, 12, 1, 29, 30, 19, 47, 35]);
% time elapsed: 18.85 s
----------
%%%mzn-stat: initTime=0.061668075
%%%mzn-stat: objective=266
%%%mzn-stat: nodes=112858
%%%mzn-stat: restarts=112
%%%mzn-stat: peakDepth=904
%%%mzn-stat: solveTime=12.366128878
%%%mzn-stat: variables=1526
%%%mzn-stat: propagators=2388
%%%mzn-stat: failures=38953
%%%mzn-stat: propagations=11463952
%%%mzn-stat: nogoods=38953
%%%mzn-stat: AverageConflictSize=29.920365568762353
%%%mzn-stat: NumUnitNogoodsLearned=208
%%%mzn-stat: AverageLearnedNogoodLength=92.73837701845814
%%%mzn-stat: AverageBacktrackAmount=0
%%%mzn-stat: AverageLbd=12.620799424948014
%%%mzn-stat-end
maxleg = 266;
succ = array1d(1..50,[5, 44, 4, 31, 25, 32, 33, 20, 28, 26, 18, 14, 11, 40, 8, 22, 39, 21, 43, 24, 41, 42, 34, 48, 37, 36, 2, 17, 6, 38, 10, 23, 46, 27, 15, 50, 16, 45, 49, 3, 9, 7, 13, 12, 1, 29, 30, 19, 47, 35]);
% time elapsed: 19.12 s
----------
=====ERROR=====
% time elapsed: 1218.68 s
