%%%mzn-stat: initTime=0.031610462
%%%mzn-stat: objective=191
%%%mzn-stat: nodes=834509
%%%mzn-stat: restarts=491
%%%mzn-stat: peakDepth=1084
%%%mzn-stat: solveTime=199.432980676
%%%mzn-stat: variables=2591
%%%mzn-stat: propagators=2149
%%%mzn-stat: failures=189329
%%%mzn-stat: propagations=16531694
%%%mzn-stat: nogoods=189329
%%%mzn-stat: AverageConflictSize=134.83517580508004
%%%mzn-stat: NumUnitNogoodsLearned=190
%%%mzn-stat: AverageLearnedNogoodLength=163.9308610936518
%%%mzn-stat: AverageBacktrackAmount=0
%%%mzn-stat: AverageLbd=54.6109629269684
%%%mzn-stat-end
maxleg = 191;
succ = array1d(1..100,[97, 99, 91, 22, 8, 43, 89, 78, 35, 21, 80, 44, 5, 62, 7, 24, 49, 11, 100, 94, 14, 51, 34, 75, 76, 39, 77, 74, 86, 13, 59, 45, 69, 71, 19, 81, 26, 32, 41, 60, 6, 25, 58, 55, 67, 9, 15, 1, 65, 40, 54, 10, 61, 93, 92, 29, 56, 12, 36, 98, 82, 46, 27, 37, 3, 48, 57, 63, 79, 17, 64, 20, 30, 83, 95, 23, 96, 47, 52, 66, 16, 85, 4, 42, 2, 53, 18, 33, 50, 68, 72, 90, 70, 73, 38, 31, 28, 88, 87, 84]);
% time elapsed: 199.89 s
----------
==========
% time elapsed: 199.90 s
%%%mzn-stat: initTime=0.031610462
%%%mzn-stat: objective=191
%%%mzn-stat: nodes=834509
%%%mzn-stat: restarts=491
%%%mzn-stat: peakDepth=1084
%%%mzn-stat: solveTime=199.432983995
%%%mzn-stat: variables=2591
%%%mzn-stat: propagators=2149
%%%mzn-stat: failures=189329
%%%mzn-stat: propagations=16531694
%%%mzn-stat: nogoods=189329
%%%mzn-stat: AverageConflictSize=134.83517580508004
%%%mzn-stat: NumUnitNogoodsLearned=190
%%%mzn-stat: AverageLearnedNogoodLength=163.9308610936518
%%%mzn-stat: AverageBacktrackAmount=0
%%%mzn-stat: AverageLbd=54.6109629269684
%%%mzn-stat-end
