%%%mzn-stat: initTime=0.012657309
%%%mzn-stat: objective=239
%%%mzn-stat: nodes=595
%%%mzn-stat: restarts=0
%%%mzn-stat: peakDepth=282
%%%mzn-stat: solveTime=0.08465751
%%%mzn-stat: variables=1581
%%%mzn-stat: propagators=1190
%%%mzn-stat: failures=248
%%%mzn-stat: propagations=191175
%%%mzn-stat: nogoods=248
%%%mzn-stat: AverageConflictSize=2.0524193548387095
%%%mzn-stat: NumUnitNogoodsLearned=238
%%%mzn-stat: AverageLearnedNogoodLength=4.512096774193548
%%%mzn-stat: AverageBacktrackAmount=0
%%%mzn-stat: AverageLbd=1.3588709677419355
%%%mzn-stat-end
maxleg = 239;
succ = array1d(1..50,[4, 20, 5, 32, 11, 47, 45, 23, 6, 18, 22, 30, 46, 42, 3, 26, 40, 24, 14, 41, 9, 2, 7, 39, 16, 50, 35, 34, 49, 13, 48, 38, 12, 19, 33, 43, 44, 15, 21, 8, 28, 27, 10, 25, 1, 31, 17, 37, 36, 29]);
% time elapsed: 1.53 s
----------
==========
% time elapsed: 1.53 s
%%%mzn-stat: initTime=0.012657309
%%%mzn-stat: objective=239
%%%mzn-stat: nodes=595
%%%mzn-stat: restarts=0
%%%mzn-stat: peakDepth=282
%%%mzn-stat: solveTime=0.084661384
%%%mzn-stat: variables=1581
%%%mzn-stat: propagators=1190
%%%mzn-stat: failures=248
%%%mzn-stat: propagations=191175
%%%mzn-stat: nogoods=248
%%%mzn-stat: AverageConflictSize=2.0524193548387095
%%%mzn-stat: NumUnitNogoodsLearned=238
%%%mzn-stat: AverageLearnedNogoodLength=4.512096774193548
%%%mzn-stat: AverageBacktrackAmount=0
%%%mzn-stat: AverageLbd=1.3588709677419355
%%%mzn-stat-end
