% Logging successfully configured
%%%mzn-stat: initTime=0.147498622
%%%mzn-stat: objective=1002
%%%mzn-stat: nodes=3769
%%%mzn-stat: restarts=0
%%%mzn-stat: peakDepth=296
%%%mzn-stat: solveTime=0.28831155
%%%mzn-stat: variables=636
%%%mzn-stat: propagators=1651
%%%mzn-stat: failures=1964
%%%mzn-stat: propagations=823123
%%%mzn-stat: nogoods=1964
%%%mzn-stat: numAtomicConstraintsPropagated=0
%%%mzn-stat: circuitNumber1226PropagationsThatFoundConflict=126
%%%mzn-stat: circuitNumber1226TotalFixedEdgesAtConflict=4116
%%%mzn-stat: circuitNumber1226NumberOfConflicts=126
%%%mzn-stat: circuitNumber1226PropagationsThatPruned=471
%%%mzn-stat: circuitNumber1226PropagationsTotal=3521
%%%mzn-stat: AverageConflictSize=7.380346232179226
%%%mzn-stat: NumUnitNogoodsLearned=0
%%%mzn-stat: AverageLearnedNogoodLength=26.918024439918533
%%%mzn-stat: AverageBacktrackAmount=0
%%%mzn-stat: AverageLbd=12.439918533604889
%%%mzn-stat: 2AutonomousSearchNumBackupCalled=270
%%%mzn-stat: 2AutonomousSearchNumPredicatesRemoved=0
%%%mzn-stat: 2AutonomousSearchNumCalls=271
%%%mzn-stat: 2AutonomousSearchNumPredicatesAdded=2037
%%%mzn-stat: 2AutonomousSearchAverageSizeOfHeap=7.516605166051661
%%%mzn-stat: 2AutonomousSearchNumAssignedPredicatesEncountered=2037
%%%mzn-stat-end
maxleg = 1002;
succ = array1d(1..50,[2, 5, 15, 19, 16, 8, 17, 33, 26, 13, 12, 21, 14, 1, 6, 27, 37, 7, 29, 18, 46, 25, 22, 23, 31, 36, 44, 9, 49, 20, 32, 11, 42, 43, 47, 4, 10, 48, 28, 3, 30, 24, 45, 38, 35, 39, 41, 40, 50, 34]);
% time elapsed: 13.74 s
----------
%%%mzn-stat: initTime=0.147498622
%%%mzn-stat: objective=552
%%%mzn-stat: nodes=2682644
%%%mzn-stat: restarts=1
%%%mzn-stat: peakDepth=317
%%%mzn-stat: solveTime=627.415291325
%%%mzn-stat: variables=636
%%%mzn-stat: propagators=1651
%%%mzn-stat: failures=2294933
%%%mzn-stat: propagations=938817236
%%%mzn-stat: nogoods=2294933
%%%mzn-stat: numAtomicConstraintsPropagated=0
%%%mzn-stat: circuitNumber1226PropagationsThatFoundConflict=159697
%%%mzn-stat: circuitNumber1226TotalFixedEdgesAtConflict=5302638
%%%mzn-stat: circuitNumber1226NumberOfConflicts=159697
%%%mzn-stat: circuitNumber1226PropagationsThatPruned=603653
%%%mzn-stat: circuitNumber1226PropagationsTotal=2970843
%%%mzn-stat: AverageConflictSize=15.245523943400526
%%%mzn-stat: NumUnitNogoodsLearned=0
%%%mzn-stat: AverageLearnedNogoodLength=34.22517563693581
%%%mzn-stat: AverageBacktrackAmount=0
%%%mzn-stat: AverageLbd=17.76939326769017
%%%mzn-stat: 2AutonomousSearchNumBackupCalled=543
%%%mzn-stat: 2AutonomousSearchNumPredicatesRemoved=0
%%%mzn-stat: 2AutonomousSearchNumCalls=619
%%%mzn-stat: 2AutonomousSearchNumPredicatesAdded=7792
%%%mzn-stat: 2AutonomousSearchAverageSizeOfHeap=287.48303715670437
%%%mzn-stat: 2AutonomousSearchNumAssignedPredicatesEncountered=11598
%%%mzn-stat-end
maxleg = 552;
succ = array1d(1..50,[2, 5, 15, 19, 16, 42, 17, 48, 36, 13, 12, 21, 14, 1, 6, 27, 18, 20, 29, 30, 10, 25, 22, 23, 31, 33, 44, 9, 49, 46, 32, 11, 38, 43, 45, 4, 7, 8, 41, 3, 47, 24, 26, 37, 28, 39, 35, 40, 50, 34]);
% time elapsed: 640.88 s
----------
%%%mzn-stat: initTime=0.147498622
%%%mzn-stat: objective=334
%%%mzn-stat: nodes=2690800
%%%mzn-stat: restarts=2
%%%mzn-stat: peakDepth=317
%%%mzn-stat: solveTime=628.553038217
%%%mzn-stat: variables=636
%%%mzn-stat: propagators=1651
%%%mzn-stat: failures=2299209
%%%mzn-stat: propagations=940605899
%%%mzn-stat: nogoods=2299209
%%%mzn-stat: numAtomicConstraintsPropagated=0
%%%mzn-stat: circuitNumber1226PropagationsThatFoundConflict=160871
%%%mzn-stat: circuitNumber1226TotalFixedEdgesAtConflict=5354770
%%%mzn-stat: circuitNumber1226NumberOfConflicts=160871
%%%mzn-stat: circuitNumber1226PropagationsThatPruned=605390
%%%mzn-stat: circuitNumber1226PropagationsTotal=2980859
%%%mzn-stat: AverageConflictSize=15.24721371567352
%%%mzn-stat: NumUnitNogoodsLearned=0
%%%mzn-stat: AverageLearnedNogoodLength=34.20624005908119
%%%mzn-stat: AverageBacktrackAmount=0
%%%mzn-stat: AverageLbd=17.763828777636135
%%%mzn-stat: 2AutonomousSearchNumBackupCalled=787
%%%mzn-stat: 2AutonomousSearchNumPredicatesRemoved=0
%%%mzn-stat: 2AutonomousSearchNumCalls=914
%%%mzn-stat: 2AutonomousSearchNumPredicatesAdded=10648
%%%mzn-stat: 2AutonomousSearchAverageSizeOfHeap=413.43763676148797
%%%mzn-stat: 2AutonomousSearchNumAssignedPredicatesEncountered=20847
%%%mzn-stat-end
maxleg = 334;
succ = array1d(1..50,[2, 5, 15, 19, 16, 42, 17, 48, 36, 13, 12, 21, 46, 1, 6, 27, 18, 20, 29, 28, 10, 25, 22, 23, 31, 33, 44, 9, 49, 39, 32, 11, 38, 43, 45, 4, 7, 8, 41, 3, 47, 24, 26, 37, 14, 30, 35, 40, 50, 34]);
% time elapsed: 642.01 s
----------
%%%mzn-stat: initTime=0.147498622
%%%mzn-stat: objective=330
%%%mzn-stat: nodes=2691246
%%%mzn-stat: restarts=3
%%%mzn-stat: peakDepth=318
%%%mzn-stat: solveTime=628.58004988
%%%mzn-stat: variables=636
%%%mzn-stat: propagators=1651
%%%mzn-stat: failures=2299300
%%%mzn-stat: propagations=940640332
%%%mzn-stat: nogoods=2299300
%%%mzn-stat: numAtomicConstraintsPropagated=0
%%%mzn-stat: circuitNumber1226PropagationsThatFoundConflict=160925
%%%mzn-stat: circuitNumber1226TotalFixedEdgesAtConflict=5357229
%%%mzn-stat: circuitNumber1226NumberOfConflicts=160925
%%%mzn-stat: circuitNumber1226PropagationsThatPruned=605418
%%%mzn-stat: circuitNumber1226PropagationsTotal=2981070
%%%mzn-stat: AverageConflictSize=15.247747140434045
%%%mzn-stat: NumUnitNogoodsLearned=0
%%%mzn-stat: AverageLearnedNogoodLength=34.20591832296786
%%%mzn-stat: AverageBacktrackAmount=0
%%%mzn-stat: AverageLbd=17.763821597877616
%%%mzn-stat: 2AutonomousSearchNumBackupCalled=1038
%%%mzn-stat: 2AutonomousSearchNumPredicatesRemoved=0
%%%mzn-stat: 2AutonomousSearchNumCalls=1232
%%%mzn-stat: 2AutonomousSearchNumPredicatesAdded=11993
%%%mzn-stat: 2AutonomousSearchAverageSizeOfHeap=517.6363636363636
%%%mzn-stat: 2AutonomousSearchNumAssignedPredicatesEncountered=29797
%%%mzn-stat-end
maxleg = 330;
succ = array1d(1..50,[2, 5, 15, 19, 16, 42, 18, 48, 36, 13, 12, 21, 46, 27, 6, 17, 37, 20, 29, 28, 10, 25, 22, 23, 31, 33, 44, 9, 49, 39, 32, 11, 38, 43, 45, 4, 7, 8, 41, 3, 47, 24, 26, 1, 14, 30, 35, 40, 50, 34]);
% time elapsed: 642.03 s
----------
%%%mzn-stat: initTime=0.147498622
%%%mzn-stat: objective=318
%%%mzn-stat: nodes=2691513
%%%mzn-stat: restarts=3
%%%mzn-stat: peakDepth=318
%%%mzn-stat: solveTime=628.582378828
%%%mzn-stat: variables=636
%%%mzn-stat: propagators=1651
%%%mzn-stat: failures=2299300
%%%mzn-stat: propagations=940643534
%%%mzn-stat: nogoods=2299300
%%%mzn-stat: numAtomicConstraintsPropagated=0
%%%mzn-stat: circuitNumber1226PropagationsThatFoundConflict=160925
%%%mzn-stat: circuitNumber1226TotalFixedEdgesAtConflict=5357229
%%%mzn-stat: circuitNumber1226NumberOfConflicts=160925
%%%mzn-stat: circuitNumber1226PropagationsThatPruned=605423
%%%mzn-stat: circuitNumber1226PropagationsTotal=2981101
%%%mzn-stat: AverageConflictSize=15.247747140434045
%%%mzn-stat: NumUnitNogoodsLearned=0
%%%mzn-stat: AverageLearnedNogoodLength=34.20591832296786
%%%mzn-stat: AverageBacktrackAmount=0
%%%mzn-stat: AverageLbd=17.763821597877616
%%%mzn-stat: 2AutonomousSearchNumBackupCalled=1279
%%%mzn-stat: 2AutonomousSearchNumPredicatesRemoved=0
%%%mzn-stat: 2AutonomousSearchNumCalls=1474
%%%mzn-stat: 2AutonomousSearchNumPredicatesAdded=11993
%%%mzn-stat: 2AutonomousSearchAverageSizeOfHeap=435.3683853459973
%%%mzn-stat: 2AutonomousSearchNumAssignedPredicatesEncountered=33802
%%%mzn-stat-end
maxleg = 318;
succ = array1d(1..50,[2, 5, 15, 19, 16, 8, 17, 33, 26, 13, 12, 21, 31, 27, 6, 37, 18, 10, 14, 30, 25, 23, 24, 40, 22, 28, 44, 20, 4, 46, 32, 11, 36, 49, 45, 9, 7, 48, 41, 42, 47, 38, 34, 1, 43, 39, 35, 3, 50, 29]);
% time elapsed: 642.05 s
----------
%%%mzn-stat: initTime=0.147498622
%%%mzn-stat: objective=317
%%%mzn-stat: nodes=2691801
%%%mzn-stat: restarts=3
%%%mzn-stat: peakDepth=318
%%%mzn-stat: solveTime=628.584225425
%%%mzn-stat: variables=636
%%%mzn-stat: propagators=1651
%%%mzn-stat: failures=2299303
%%%mzn-stat: propagations=940648243
%%%mzn-stat: nogoods=2299303
%%%mzn-stat: numAtomicConstraintsPropagated=0
%%%mzn-stat: circuitNumber1226PropagationsThatFoundConflict=160928
%%%mzn-stat: circuitNumber1226TotalFixedEdgesAtConflict=5357368
%%%mzn-stat: circuitNumber1226NumberOfConflicts=160928
%%%mzn-stat: circuitNumber1226PropagationsThatPruned=605432
%%%mzn-stat: circuitNumber1226PropagationsTotal=2981148
%%%mzn-stat: AverageConflictSize=15.247732030097817
%%%mzn-stat: NumUnitNogoodsLearned=0
%%%mzn-stat: AverageLearnedNogoodLength=34.205883696059196
%%%mzn-stat: AverageBacktrackAmount=0
%%%mzn-stat: AverageLbd=17.763805814196736
%%%mzn-stat: 2AutonomousSearchNumBackupCalled=1532
%%%mzn-stat: 2AutonomousSearchNumPredicatesRemoved=0
%%%mzn-stat: 2AutonomousSearchNumCalls=1728
%%%mzn-stat: 2AutonomousSearchNumPredicatesAdded=12245
%%%mzn-stat: 2AutonomousSearchAverageSizeOfHeap=373.69097222222223
%%%mzn-stat: 2AutonomousSearchNumAssignedPredicatesEncountered=37807
%%%mzn-stat-end
maxleg = 317;
succ = array1d(1..50,[2, 5, 15, 19, 16, 8, 17, 33, 26, 13, 12, 21, 31, 27, 6, 37, 18, 10, 14, 30, 25, 23, 24, 40, 22, 28, 44, 20, 49, 46, 32, 11, 36, 29, 45, 9, 7, 48, 41, 42, 47, 38, 34, 1, 43, 39, 35, 3, 50, 4]);
% time elapsed: 642.05 s
----------
