% Logging successfully configured
%%%mzn-stat: initTime=0.012876597
%%%mzn-stat: objective=539
%%%mzn-stat: nodes=9284
%%%mzn-stat: restarts=0
%%%mzn-stat: peakDepth=902
%%%mzn-stat: solveTime=0.324303945
%%%mzn-stat: variables=1578
%%%mzn-stat: propagators=1199
%%%mzn-stat: failures=942
%%%mzn-stat: propagations=65068
%%%mzn-stat: nogoods=942
%%%mzn-stat: numAtomicConstraintsPropagated=0
%%%mzn-stat: allDifferentNumber1TotalHallSetSize=7814
%%%mzn-stat: allDifferentNumber1NumberOfConflicts=911
%%%mzn-stat: allDifferentNumber1MaxHallSetSize=33
%%%mzn-stat: allDifferentNumber1PropagationsTotal=14732
%%%mzn-stat: allDifferentNumber1PropagationsThatFoundConflict=911
%%%mzn-stat: circuitNumber2PropagationsThatFoundConflict=26
%%%mzn-stat: circuitNumber2TotalFixedEdgesAtConflict=1138
%%%mzn-stat: circuitNumber2NumberOfConflicts=26
%%%mzn-stat: circuitNumber2PropagationsThatPruned=205
%%%mzn-stat: circuitNumber2PropagationsTotal=8325
%%%mzn-stat: AverageConflictSize=9.33864118895966
%%%mzn-stat: NumUnitNogoodsLearned=0
%%%mzn-stat: AverageLearnedNogoodLength=14.99787685774947
%%%mzn-stat: AverageBacktrackAmount=0
%%%mzn-stat: AverageLbd=14.464968152866241
%%%mzn-stat: 2AutonomousSearchNumBackupCalled=855
%%%mzn-stat: 2AutonomousSearchNumPredicatesRemoved=0
%%%mzn-stat: 2AutonomousSearchNumCalls=856
%%%mzn-stat: 2AutonomousSearchNumPredicatesAdded=978
%%%mzn-stat: 2AutonomousSearchAverageSizeOfHeap=1.1425233644859814
%%%mzn-stat: 2AutonomousSearchNumAssignedPredicatesEncountered=978
%%%mzn-stat-end
maxleg = 539;
succ = array1d(1..50,[3, 5, 2, 9, 6, 8, 10, 11, 7, 15, 4, 1, 17, 12, 13, 24, 20, 14, 21, 22, 26, 27, 18, 25, 28, 29, 19, 31, 30, 32, 33, 37, 34, 39, 16, 35, 41, 45, 40, 42, 38, 46, 36, 49, 47, 48, 50, 23, 43, 44]);
% time elapsed: 3.50 s
----------
%%%mzn-stat: initTime=0.012876597
%%%mzn-stat: objective=537
%%%mzn-stat: nodes=10962
%%%mzn-stat: restarts=0
%%%mzn-stat: peakDepth=902
%%%mzn-stat: solveTime=0.387453769
%%%mzn-stat: variables=1578
%%%mzn-stat: propagators=1199
%%%mzn-stat: failures=1312
%%%mzn-stat: propagations=78292
%%%mzn-stat: nogoods=1312
%%%mzn-stat: numAtomicConstraintsPropagated=0
%%%mzn-stat: allDifferentNumber1TotalHallSetSize=9138
%%%mzn-stat: allDifferentNumber1NumberOfConflicts=1227
%%%mzn-stat: allDifferentNumber1MaxHallSetSize=33
%%%mzn-stat: allDifferentNumber1PropagationsTotal=16941
%%%mzn-stat: allDifferentNumber1PropagationsThatFoundConflict=1227
%%%mzn-stat: circuitNumber2PropagationsThatFoundConflict=79
%%%mzn-stat: circuitNumber2TotalFixedEdgesAtConflict=3351
%%%mzn-stat: circuitNumber2NumberOfConflicts=79
%%%mzn-stat: circuitNumber2PropagationsThatPruned=400
%%%mzn-stat: circuitNumber2PropagationsTotal=9460
%%%mzn-stat: AverageConflictSize=9.018292682926829
%%%mzn-stat: NumUnitNogoodsLearned=0
%%%mzn-stat: AverageLearnedNogoodLength=17.13719512195122
%%%mzn-stat: AverageBacktrackAmount=0
%%%mzn-stat: AverageLbd=16.108231707317074
%%%mzn-stat: 2AutonomousSearchNumBackupCalled=1660
%%%mzn-stat: 2AutonomousSearchNumPredicatesRemoved=0
%%%mzn-stat: 2AutonomousSearchNumCalls=1662
%%%mzn-stat: 2AutonomousSearchNumPredicatesAdded=1613
%%%mzn-stat: 2AutonomousSearchAverageSizeOfHeap=1.259927797833935
%%%mzn-stat: 2AutonomousSearchNumAssignedPredicatesEncountered=2094
%%%mzn-stat-end
maxleg = 537;
succ = array1d(1..50,[3, 5, 2, 9, 6, 8, 10, 11, 7, 15, 4, 1, 17, 12, 13, 24, 20, 14, 21, 22, 26, 27, 18, 25, 28, 29, 19, 31, 30, 32, 33, 39, 34, 37, 16, 35, 40, 45, 41, 42, 38, 46, 36, 49, 47, 48, 50, 23, 43, 44]);
% time elapsed: 3.56 s
----------
%%%mzn-stat: initTime=0.012876597
%%%mzn-stat: objective=534
%%%mzn-stat: nodes=14531
%%%mzn-stat: restarts=0
%%%mzn-stat: peakDepth=902
%%%mzn-stat: solveTime=0.472569608
%%%mzn-stat: variables=1578
%%%mzn-stat: propagators=1199
%%%mzn-stat: failures=1656
%%%mzn-stat: propagations=101521
%%%mzn-stat: nogoods=1656
%%%mzn-stat: numAtomicConstraintsPropagated=0
%%%mzn-stat: allDifferentNumber1TotalHallSetSize=10808
%%%mzn-stat: allDifferentNumber1NumberOfConflicts=1519
%%%mzn-stat: allDifferentNumber1MaxHallSetSize=33
%%%mzn-stat: allDifferentNumber1PropagationsTotal=21263
%%%mzn-stat: allDifferentNumber1PropagationsThatFoundConflict=1519
%%%mzn-stat: circuitNumber2PropagationsThatFoundConflict=128
%%%mzn-stat: circuitNumber2TotalFixedEdgesAtConflict=5489
%%%mzn-stat: circuitNumber2NumberOfConflicts=128
%%%mzn-stat: circuitNumber2PropagationsThatPruned=525
%%%mzn-stat: circuitNumber2PropagationsTotal=12150
%%%mzn-stat: AverageConflictSize=8.746980676328503
%%%mzn-stat: NumUnitNogoodsLearned=0
%%%mzn-stat: AverageLearnedNogoodLength=16.170289855072465
%%%mzn-stat: AverageBacktrackAmount=0
%%%mzn-stat: AverageLbd=14.992753623188406
%%%mzn-stat: 2AutonomousSearchNumBackupCalled=2481
%%%mzn-stat: 2AutonomousSearchNumPredicatesRemoved=0
%%%mzn-stat: 2AutonomousSearchNumCalls=2484
%%%mzn-stat: 2AutonomousSearchNumPredicatesAdded=2233
%%%mzn-stat: 2AutonomousSearchAverageSizeOfHeap=1.3289049919484701
%%%mzn-stat: 2AutonomousSearchNumAssignedPredicatesEncountered=3301
%%%mzn-stat-end
maxleg = 534;
succ = array1d(1..50,[3, 5, 2, 9, 6, 11, 10, 1, 7, 15, 4, 14, 17, 18, 13, 24, 20, 23, 8, 21, 22, 26, 30, 12, 16, 27, 29, 25, 38, 19, 28, 39, 31, 33, 36, 43, 40, 45, 34, 42, 37, 48, 41, 49, 47, 32, 50, 46, 35, 44]);
% time elapsed: 3.64 s
----------
%%%mzn-stat: initTime=0.012876597
%%%mzn-stat: objective=509
%%%mzn-stat: nodes=15583
%%%mzn-stat: restarts=0
%%%mzn-stat: peakDepth=902
%%%mzn-stat: solveTime=0.492790902
%%%mzn-stat: variables=1578
%%%mzn-stat: propagators=1199
%%%mzn-stat: failures=1776
%%%mzn-stat: propagations=106927
%%%mzn-stat: nogoods=1776
%%%mzn-stat: numAtomicConstraintsPropagated=0
%%%mzn-stat: allDifferentNumber1TotalHallSetSize=11190
%%%mzn-stat: allDifferentNumber1NumberOfConflicts=1587
%%%mzn-stat: allDifferentNumber1MaxHallSetSize=33
%%%mzn-stat: allDifferentNumber1PropagationsTotal=21843
%%%mzn-stat: allDifferentNumber1PropagationsThatFoundConflict=1587
%%%mzn-stat: circuitNumber2PropagationsThatFoundConflict=180
%%%mzn-stat: circuitNumber2TotalFixedEdgesAtConflict=7783
%%%mzn-stat: circuitNumber2NumberOfConflicts=180
%%%mzn-stat: circuitNumber2PropagationsThatPruned=616
%%%mzn-stat: circuitNumber2PropagationsTotal=12486
%%%mzn-stat: AverageConflictSize=8.829391891891891
%%%mzn-stat: NumUnitNogoodsLearned=0
%%%mzn-stat: AverageLearnedNogoodLength=16.48873873873874
%%%mzn-stat: AverageBacktrackAmount=0
%%%mzn-stat: AverageLbd=15.118806306306306
%%%mzn-stat: 2AutonomousSearchNumBackupCalled=3300
%%%mzn-stat: 2AutonomousSearchNumPredicatesRemoved=0
%%%mzn-stat: 2AutonomousSearchNumCalls=3304
%%%mzn-stat: 2AutonomousSearchNumPredicatesAdded=2607
%%%mzn-stat: 2AutonomousSearchAverageSizeOfHeap=1.3674334140435835
%%%mzn-stat: 2AutonomousSearchNumAssignedPredicatesEncountered=4518
%%%mzn-stat-end
maxleg = 509;
succ = array1d(1..50,[3, 5, 2, 9, 6, 11, 10, 1, 7, 15, 4, 14, 17, 18, 13, 24, 20, 23, 8, 21, 22, 26, 30, 12, 16, 27, 29, 25, 38, 19, 28, 40, 31, 33, 36, 43, 34, 45, 42, 37, 39, 48, 41, 49, 47, 32, 50, 46, 35, 44]);
% time elapsed: 3.67 s
----------
%%%mzn-stat: initTime=0.012876597
%%%mzn-stat: objective=507
%%%mzn-stat: nodes=16479
%%%mzn-stat: restarts=0
%%%mzn-stat: peakDepth=902
%%%mzn-stat: solveTime=0.497178337
%%%mzn-stat: variables=1578
%%%mzn-stat: propagators=1199
%%%mzn-stat: failures=1780
%%%mzn-stat: propagations=108959
%%%mzn-stat: nogoods=1780
%%%mzn-stat: numAtomicConstraintsPropagated=0
%%%mzn-stat: allDifferentNumber1TotalHallSetSize=11192
%%%mzn-stat: allDifferentNumber1NumberOfConflicts=1588
%%%mzn-stat: allDifferentNumber1MaxHallSetSize=33
%%%mzn-stat: allDifferentNumber1PropagationsTotal=21924
%%%mzn-stat: allDifferentNumber1PropagationsThatFoundConflict=1588
%%%mzn-stat: circuitNumber2PropagationsThatFoundConflict=182
%%%mzn-stat: circuitNumber2TotalFixedEdgesAtConflict=7873
%%%mzn-stat: circuitNumber2NumberOfConflicts=182
%%%mzn-stat: circuitNumber2PropagationsThatPruned=617
%%%mzn-stat: circuitNumber2PropagationsTotal=12537
%%%mzn-stat: AverageConflictSize=8.830898876404495
%%%mzn-stat: NumUnitNogoodsLearned=0
%%%mzn-stat: AverageLearnedNogoodLength=16.524719101123594
%%%mzn-stat: AverageBacktrackAmount=0
%%%mzn-stat: AverageLbd=15.140449438202246
%%%mzn-stat: 2AutonomousSearchNumBackupCalled=4146
%%%mzn-stat: 2AutonomousSearchNumPredicatesRemoved=0
%%%mzn-stat: 2AutonomousSearchNumCalls=4151
%%%mzn-stat: 2AutonomousSearchNumPredicatesAdded=2722
%%%mzn-stat: 2AutonomousSearchAverageSizeOfHeap=1.381835702240424
%%%mzn-stat: 2AutonomousSearchNumAssignedPredicatesEncountered=5736
%%%mzn-stat-end
maxleg = 507;
succ = array1d(1..50,[3, 5, 2, 9, 6, 11, 10, 1, 7, 15, 4, 14, 17, 18, 13, 24, 20, 23, 8, 21, 22, 26, 30, 12, 16, 27, 29, 25, 38, 19, 28, 40, 31, 33, 36, 43, 34, 45, 42, 46, 39, 32, 41, 49, 47, 48, 50, 37, 35, 44]);
% time elapsed: 3.68 s
----------
%%%mzn-stat: initTime=0.012876597
%%%mzn-stat: objective=448
%%%mzn-stat: nodes=17477
%%%mzn-stat: restarts=0
%%%mzn-stat: peakDepth=902
%%%mzn-stat: solveTime=0.51374855
%%%mzn-stat: variables=1578
%%%mzn-stat: propagators=1199
%%%mzn-stat: failures=1858
%%%mzn-stat: propagations=113360
%%%mzn-stat: nogoods=1858
%%%mzn-stat: numAtomicConstraintsPropagated=0
%%%mzn-stat: allDifferentNumber1TotalHallSetSize=11704
%%%mzn-stat: allDifferentNumber1NumberOfConflicts=1657
%%%mzn-stat: allDifferentNumber1MaxHallSetSize=33
%%%mzn-stat: allDifferentNumber1PropagationsTotal=22381
%%%mzn-stat: allDifferentNumber1PropagationsThatFoundConflict=1657
%%%mzn-stat: circuitNumber2PropagationsThatFoundConflict=188
%%%mzn-stat: circuitNumber2TotalFixedEdgesAtConflict=8139
%%%mzn-stat: circuitNumber2NumberOfConflicts=188
%%%mzn-stat: circuitNumber2PropagationsThatPruned=640
%%%mzn-stat: circuitNumber2PropagationsTotal=12785
%%%mzn-stat: AverageConflictSize=8.956942949407965
%%%mzn-stat: NumUnitNogoodsLearned=0
%%%mzn-stat: AverageLearnedNogoodLength=16.66361679224973
%%%mzn-stat: AverageBacktrackAmount=0
%%%mzn-stat: AverageLbd=15.122712594187298
%%%mzn-stat: 2AutonomousSearchNumBackupCalled=4918
%%%mzn-stat: 2AutonomousSearchNumPredicatesRemoved=0
%%%mzn-stat: 2AutonomousSearchNumCalls=4924
%%%mzn-stat: 2AutonomousSearchNumPredicatesAdded=3074
%%%mzn-stat: 2AutonomousSearchAverageSizeOfHeap=1.413484971567831
%%%mzn-stat: 2AutonomousSearchNumAssignedPredicatesEncountered=6960
%%%mzn-stat-end
maxleg = 448;
succ = array1d(1..50,[3, 5, 2, 9, 6, 11, 10, 1, 7, 15, 4, 14, 17, 18, 13, 24, 20, 23, 8, 21, 22, 26, 30, 12, 28, 27, 29, 16, 38, 19, 33, 40, 25, 31, 36, 43, 34, 45, 42, 46, 39, 32, 41, 49, 47, 48, 50, 37, 35, 44]);
% time elapsed: 3.70 s
----------
%%%mzn-stat: initTime=0.012876597
%%%mzn-stat: objective=433
%%%mzn-stat: nodes=18504
%%%mzn-stat: restarts=0
%%%mzn-stat: peakDepth=902
%%%mzn-stat: solveTime=0.535870125
%%%mzn-stat: variables=1578
%%%mzn-stat: propagators=1199
%%%mzn-stat: failures=1986
%%%mzn-stat: propagations=119113
%%%mzn-stat: nogoods=1986
%%%mzn-stat: numAtomicConstraintsPropagated=0
%%%mzn-stat: allDifferentNumber1TotalHallSetSize=12912
%%%mzn-stat: allDifferentNumber1NumberOfConflicts=1772
%%%mzn-stat: allDifferentNumber1MaxHallSetSize=33
%%%mzn-stat: allDifferentNumber1PropagationsTotal=22956
%%%mzn-stat: allDifferentNumber1PropagationsThatFoundConflict=1772
%%%mzn-stat: circuitNumber2PropagationsThatFoundConflict=196
%%%mzn-stat: circuitNumber2TotalFixedEdgesAtConflict=8490
%%%mzn-stat: circuitNumber2NumberOfConflicts=196
%%%mzn-stat: circuitNumber2PropagationsThatPruned=675
%%%mzn-stat: circuitNumber2PropagationsTotal=13071
%%%mzn-stat: AverageConflictSize=9.553877139979859
%%%mzn-stat: NumUnitNogoodsLearned=0
%%%mzn-stat: AverageLearnedNogoodLength=17.164652567975832
%%%mzn-stat: AverageBacktrackAmount=0
%%%mzn-stat: AverageLbd=14.968277945619336
%%%mzn-stat: 2AutonomousSearchNumBackupCalled=5708
%%%mzn-stat: 2AutonomousSearchNumPredicatesRemoved=0
%%%mzn-stat: 2AutonomousSearchNumCalls=5715
%%%mzn-stat: 2AutonomousSearchNumPredicatesAdded=3438
%%%mzn-stat: 2AutonomousSearchAverageSizeOfHeap=1.4383202099737533
%%%mzn-stat: 2AutonomousSearchNumAssignedPredicatesEncountered=8220
%%%mzn-stat-end
maxleg = 433;
succ = array1d(1..50,[3, 5, 2, 9, 6, 11, 10, 1, 7, 15, 4, 14, 17, 18, 13, 24, 20, 23, 8, 21, 22, 26, 30, 12, 28, 27, 29, 16, 38, 19, 34, 40, 25, 35, 36, 43, 33, 45, 42, 46, 39, 32, 41, 49, 47, 48, 50, 37, 31, 44]);
% time elapsed: 3.71 s
----------
%%%mzn-stat: initTime=0.012876597
%%%mzn-stat: objective=426
%%%mzn-stat: nodes=20395
%%%mzn-stat: restarts=0
%%%mzn-stat: peakDepth=902
%%%mzn-stat: solveTime=0.573522646
%%%mzn-stat: variables=1578
%%%mzn-stat: propagators=1199
%%%mzn-stat: failures=2054
%%%mzn-stat: propagations=131496
%%%mzn-stat: nogoods=2054
%%%mzn-stat: numAtomicConstraintsPropagated=0
%%%mzn-stat: allDifferentNumber1TotalHallSetSize=13067
%%%mzn-stat: allDifferentNumber1NumberOfConflicts=1840
%%%mzn-stat: allDifferentNumber1MaxHallSetSize=33
%%%mzn-stat: allDifferentNumber1PropagationsTotal=24823
%%%mzn-stat: allDifferentNumber1PropagationsThatFoundConflict=1840
%%%mzn-stat: circuitNumber2PropagationsThatFoundConflict=196
%%%mzn-stat: circuitNumber2TotalFixedEdgesAtConflict=8490
%%%mzn-stat: circuitNumber2NumberOfConflicts=196
%%%mzn-stat: circuitNumber2PropagationsThatPruned=720
%%%mzn-stat: circuitNumber2PropagationsTotal=14180
%%%mzn-stat: AverageConflictSize=9.32667964946446
%%%mzn-stat: NumUnitNogoodsLearned=0
%%%mzn-stat: AverageLearnedNogoodLength=16.685491723466406
%%%mzn-stat: AverageBacktrackAmount=0
%%%mzn-stat: AverageLbd=14.553067185978579
%%%mzn-stat: 2AutonomousSearchNumBackupCalled=6468
%%%mzn-stat: 2AutonomousSearchNumPredicatesRemoved=0
%%%mzn-stat: 2AutonomousSearchNumCalls=6476
%%%mzn-stat: 2AutonomousSearchNumPredicatesAdded=3562
%%%mzn-stat: 2AutonomousSearchAverageSizeOfHeap=1.468035824583076
%%%mzn-stat: 2AutonomousSearchNumAssignedPredicatesEncountered=9507
%%%mzn-stat-end
maxleg = 426;
succ = array1d(1..50,[3, 5, 2, 9, 6, 12, 10, 1, 7, 15, 4, 14, 17, 18, 13, 24, 20, 23, 8, 21, 19, 26, 30, 25, 28, 11, 22, 31, 27, 32, 34, 40, 37, 35, 36, 43, 39, 29, 41, 42, 16, 46, 49, 50, 38, 48, 45, 33, 44, 47]);
% time elapsed: 3.75 s
----------
%%%mzn-stat: initTime=0.012876597
%%%mzn-stat: objective=421
%%%mzn-stat: nodes=21485
%%%mzn-stat: restarts=0
%%%mzn-stat: peakDepth=902
%%%mzn-stat: solveTime=0.586317115
%%%mzn-stat: variables=1578
%%%mzn-stat: propagators=1199
%%%mzn-stat: failures=2080
%%%mzn-stat: propagations=136534
%%%mzn-stat: nogoods=2080
%%%mzn-stat: numAtomicConstraintsPropagated=0
%%%mzn-stat: allDifferentNumber1TotalHallSetSize=13120
%%%mzn-stat: allDifferentNumber1NumberOfConflicts=1865
%%%mzn-stat: allDifferentNumber1MaxHallSetSize=33
%%%mzn-stat: allDifferentNumber1PropagationsTotal=25409
%%%mzn-stat: allDifferentNumber1PropagationsThatFoundConflict=1865
%%%mzn-stat: circuitNumber2PropagationsThatFoundConflict=196
%%%mzn-stat: circuitNumber2TotalFixedEdgesAtConflict=8490
%%%mzn-stat: circuitNumber2NumberOfConflicts=196
%%%mzn-stat: circuitNumber2PropagationsThatPruned=722
%%%mzn-stat: circuitNumber2PropagationsTotal=14515
%%%mzn-stat: AverageConflictSize=9.238461538461538
%%%mzn-stat: NumUnitNogoodsLearned=0
%%%mzn-stat: AverageLearnedNogoodLength=16.51105769230769
%%%mzn-stat: AverageBacktrackAmount=0
%%%mzn-stat: AverageLbd=14.403365384615384
%%%mzn-stat: 2AutonomousSearchNumBackupCalled=7201
%%%mzn-stat: 2AutonomousSearchNumPredicatesRemoved=0
%%%mzn-stat: 2AutonomousSearchNumCalls=7210
%%%mzn-stat: 2AutonomousSearchNumPredicatesAdded=3643
%%%mzn-stat: 2AutonomousSearchAverageSizeOfHeap=1.497642163661581
%%%mzn-stat: 2AutonomousSearchNumAssignedPredicatesEncountered=10798
%%%mzn-stat-end
maxleg = 421;
succ = array1d(1..50,[3, 5, 2, 9, 6, 12, 10, 1, 7, 15, 4, 14, 17, 18, 13, 28, 20, 23, 8, 21, 19, 26, 30, 25, 33, 11, 22, 24, 27, 32, 16, 40, 34, 35, 36, 43, 39, 29, 41, 42, 31, 46, 49, 50, 38, 48, 45, 37, 44, 47]);
% time elapsed: 3.77 s
----------
%%%mzn-stat: initTime=0.012876597
%%%mzn-stat: objective=418
%%%mzn-stat: nodes=22407
%%%mzn-stat: restarts=0
%%%mzn-stat: peakDepth=902
%%%mzn-stat: solveTime=0.59479175
%%%mzn-stat: variables=1578
%%%mzn-stat: propagators=1199
%%%mzn-stat: failures=2098
%%%mzn-stat: propagations=139934
%%%mzn-stat: nogoods=2098
%%%mzn-stat: numAtomicConstraintsPropagated=0
%%%mzn-stat: allDifferentNumber1TotalHallSetSize=13164
%%%mzn-stat: allDifferentNumber1NumberOfConflicts=1880
%%%mzn-stat: allDifferentNumber1MaxHallSetSize=33
%%%mzn-stat: allDifferentNumber1PropagationsTotal=25717
%%%mzn-stat: allDifferentNumber1PropagationsThatFoundConflict=1880
%%%mzn-stat: circuitNumber2PropagationsThatFoundConflict=198
%%%mzn-stat: circuitNumber2TotalFixedEdgesAtConflict=8576
%%%mzn-stat: circuitNumber2NumberOfConflicts=198
%%%mzn-stat: circuitNumber2PropagationsThatPruned=728
%%%mzn-stat: circuitNumber2PropagationsTotal=14679
%%%mzn-stat: AverageConflictSize=9.224976167778838
%%%mzn-stat: NumUnitNogoodsLearned=0
%%%mzn-stat: AverageLearnedNogoodLength=16.455672068636797
%%%mzn-stat: AverageBacktrackAmount=0
%%%mzn-stat: AverageLbd=14.348427073403242
%%%mzn-stat: 2AutonomousSearchNumBackupCalled=7950
%%%mzn-stat: 2AutonomousSearchNumPredicatesRemoved=0
%%%mzn-stat: 2AutonomousSearchNumCalls=7960
%%%mzn-stat: 2AutonomousSearchNumPredicatesAdded=3829
%%%mzn-stat: 2AutonomousSearchAverageSizeOfHeap=1.521356783919598
%%%mzn-stat: 2AutonomousSearchNumAssignedPredicatesEncountered=12110
%%%mzn-stat-end
maxleg = 418;
succ = array1d(1..50,[3, 5, 2, 9, 6, 12, 10, 1, 7, 15, 4, 14, 17, 18, 13, 28, 20, 23, 8, 21, 22, 26, 11, 25, 33, 27, 29, 24, 30, 32, 16, 40, 34, 35, 36, 43, 39, 45, 41, 42, 31, 46, 49, 50, 19, 48, 38, 37, 44, 47]);
% time elapsed: 3.78 s
----------
%%%mzn-stat: initTime=0.012876597
%%%mzn-stat: objective=408
%%%mzn-stat: nodes=23204
%%%mzn-stat: restarts=0
%%%mzn-stat: peakDepth=902
%%%mzn-stat: solveTime=0.600763908
%%%mzn-stat: variables=1578
%%%mzn-stat: propagators=1199
%%%mzn-stat: failures=2107
%%%mzn-stat: propagations=142483
%%%mzn-stat: nogoods=2107
%%%mzn-stat: numAtomicConstraintsPropagated=0
%%%mzn-stat: allDifferentNumber1TotalHallSetSize=13186
%%%mzn-stat: allDifferentNumber1NumberOfConflicts=1889
%%%mzn-stat: allDifferentNumber1MaxHallSetSize=33
%%%mzn-stat: allDifferentNumber1PropagationsTotal=25871
%%%mzn-stat: allDifferentNumber1PropagationsThatFoundConflict=1889
%%%mzn-stat: circuitNumber2PropagationsThatFoundConflict=198
%%%mzn-stat: circuitNumber2TotalFixedEdgesAtConflict=8576
%%%mzn-stat: circuitNumber2NumberOfConflicts=198
%%%mzn-stat: circuitNumber2PropagationsThatPruned=737
%%%mzn-stat: circuitNumber2PropagationsTotal=14767
%%%mzn-stat: AverageConflictSize=9.200284765068819
%%%mzn-stat: NumUnitNogoodsLearned=0
%%%mzn-stat: AverageLearnedNogoodLength=16.440436639772187
%%%mzn-stat: AverageBacktrackAmount=0
%%%mzn-stat: AverageLbd=14.335548172757475
%%%mzn-stat: 2AutonomousSearchNumBackupCalled=8664
%%%mzn-stat: 2AutonomousSearchNumPredicatesRemoved=0
%%%mzn-stat: 2AutonomousSearchNumCalls=8675
%%%mzn-stat: 2AutonomousSearchNumPredicatesAdded=4005
%%%mzn-stat: 2AutonomousSearchAverageSizeOfHeap=1.554121037463977
%%%mzn-stat: 2AutonomousSearchNumAssignedPredicatesEncountered=13482
%%%mzn-stat-end
maxleg = 408;
succ = array1d(1..50,[3, 5, 2, 9, 6, 12, 10, 1, 7, 15, 4, 14, 17, 18, 13, 28, 20, 23, 8, 21, 22, 26, 11, 25, 33, 27, 29, 24, 30, 32, 16, 40, 34, 35, 36, 43, 39, 45, 41, 42, 44, 46, 50, 49, 19, 48, 38, 37, 31, 47]);
% time elapsed: 3.79 s
----------
%%%mzn-stat: initTime=0.012876597
%%%mzn-stat: objective=402
%%%mzn-stat: nodes=25337
%%%mzn-stat: restarts=0
%%%mzn-stat: peakDepth=902
%%%mzn-stat: solveTime=0.643757277
%%%mzn-stat: variables=1578
%%%mzn-stat: propagators=1199
%%%mzn-stat: failures=2201
%%%mzn-stat: propagations=159552
%%%mzn-stat: nogoods=2201
%%%mzn-stat: numAtomicConstraintsPropagated=0
%%%mzn-stat: allDifferentNumber1TotalHallSetSize=13380
%%%mzn-stat: allDifferentNumber1NumberOfConflicts=1983
%%%mzn-stat: allDifferentNumber1MaxHallSetSize=33
%%%mzn-stat: allDifferentNumber1PropagationsTotal=28161
%%%mzn-stat: allDifferentNumber1PropagationsThatFoundConflict=1983
%%%mzn-stat: circuitNumber2PropagationsThatFoundConflict=198
%%%mzn-stat: circuitNumber2TotalFixedEdgesAtConflict=8576
%%%mzn-stat: circuitNumber2NumberOfConflicts=198
%%%mzn-stat: circuitNumber2PropagationsThatPruned=803
%%%mzn-stat: circuitNumber2PropagationsTotal=16162
%%%mzn-stat: AverageConflictSize=8.902771467514766
%%%mzn-stat: NumUnitNogoodsLearned=0
%%%mzn-stat: AverageLearnedNogoodLength=15.83371194911404
%%%mzn-stat: AverageBacktrackAmount=0
%%%mzn-stat: AverageLbd=13.816447069513858
%%%mzn-stat: 2AutonomousSearchNumBackupCalled=9378
%%%mzn-stat: 2AutonomousSearchNumPredicatesRemoved=0
%%%mzn-stat: 2AutonomousSearchNumCalls=9390
%%%mzn-stat: 2AutonomousSearchNumPredicatesAdded=4151
%%%mzn-stat: 2AutonomousSearchAverageSizeOfHeap=1.5828541001064962
%%%mzn-stat: 2AutonomousSearchNumAssignedPredicatesEncountered=14863
%%%mzn-stat-end
maxleg = 402;
succ = array1d(1..50,[3, 5, 2, 9, 6, 12, 10, 11, 7, 15, 1, 14, 4, 18, 16, 28, 13, 23, 8, 17, 20, 21, 30, 25, 33, 19, 22, 24, 26, 27, 34, 40, 37, 35, 36, 43, 48, 29, 41, 39, 44, 32, 50, 49, 38, 42, 45, 46, 31, 47]);
% time elapsed: 3.83 s
----------
%%%mzn-stat: initTime=0.012876597
%%%mzn-stat: objective=390
%%%mzn-stat: nodes=26087
%%%mzn-stat: restarts=0
%%%mzn-stat: peakDepth=902
%%%mzn-stat: solveTime=0.647718916
%%%mzn-stat: variables=1578
%%%mzn-stat: propagators=1199
%%%mzn-stat: failures=2204
%%%mzn-stat: propagations=161657
%%%mzn-stat: nogoods=2204
%%%mzn-stat: numAtomicConstraintsPropagated=0
%%%mzn-stat: allDifferentNumber1TotalHallSetSize=13386
%%%mzn-stat: allDifferentNumber1NumberOfConflicts=1986
%%%mzn-stat: allDifferentNumber1MaxHallSetSize=33
%%%mzn-stat: allDifferentNumber1PropagationsTotal=28242
%%%mzn-stat: allDifferentNumber1PropagationsThatFoundConflict=1986
%%%mzn-stat: circuitNumber2PropagationsThatFoundConflict=198
%%%mzn-stat: circuitNumber2TotalFixedEdgesAtConflict=8576
%%%mzn-stat: circuitNumber2NumberOfConflicts=198
%%%mzn-stat: circuitNumber2PropagationsThatPruned=807
%%%mzn-stat: circuitNumber2PropagationsTotal=16214
%%%mzn-stat: AverageConflictSize=8.893375680580762
%%%mzn-stat: NumUnitNogoodsLearned=0
%%%mzn-stat: AverageLearnedNogoodLength=15.814882032667876
%%%mzn-stat: AverageBacktrackAmount=0
%%%mzn-stat: AverageLbd=13.800362976406534
%%%mzn-stat: 2AutonomousSearchNumBackupCalled=10078
%%%mzn-stat: 2AutonomousSearchNumPredicatesRemoved=0
%%%mzn-stat: 2AutonomousSearchNumCalls=10091
%%%mzn-stat: 2AutonomousSearchNumPredicatesAdded=4156
%%%mzn-stat: 2AutonomousSearchAverageSizeOfHeap=1.6097512635021307
%%%mzn-stat: 2AutonomousSearchNumAssignedPredicatesEncountered=16244
%%%mzn-stat-end
maxleg = 390;
succ = array1d(1..50,[3, 5, 2, 9, 6, 12, 10, 11, 7, 15, 1, 14, 4, 18, 16, 28, 13, 23, 8, 17, 20, 21, 30, 25, 33, 19, 22, 24, 26, 27, 34, 40, 37, 35, 36, 49, 48, 29, 41, 39, 43, 32, 31, 50, 38, 42, 45, 46, 44, 47]);
% time elapsed: 3.85 s
----------
%%%mzn-stat: initTime=0.012876597
%%%mzn-stat: objective=386
%%%mzn-stat: nodes=27573
%%%mzn-stat: restarts=0
%%%mzn-stat: peakDepth=902
%%%mzn-stat: solveTime=0.67774212
%%%mzn-stat: variables=1578
%%%mzn-stat: propagators=1199
%%%mzn-stat: failures=2264
%%%mzn-stat: propagations=171429
%%%mzn-stat: nogoods=2264
%%%mzn-stat: numAtomicConstraintsPropagated=0
%%%mzn-stat: allDifferentNumber1TotalHallSetSize=13604
%%%mzn-stat: allDifferentNumber1NumberOfConflicts=2044
%%%mzn-stat: allDifferentNumber1MaxHallSetSize=33
%%%mzn-stat: allDifferentNumber1PropagationsTotal=29459
%%%mzn-stat: allDifferentNumber1PropagationsThatFoundConflict=2044
%%%mzn-stat: circuitNumber2PropagationsThatFoundConflict=199
%%%mzn-stat: circuitNumber2TotalFixedEdgesAtConflict=8621
%%%mzn-stat: circuitNumber2NumberOfConflicts=199
%%%mzn-stat: circuitNumber2PropagationsThatPruned=818
%%%mzn-stat: circuitNumber2PropagationsTotal=16961
%%%mzn-stat: AverageConflictSize=8.810512367491166
%%%mzn-stat: NumUnitNogoodsLearned=0
%%%mzn-stat: AverageLearnedNogoodLength=15.655918727915195
%%%mzn-stat: AverageBacktrackAmount=0
%%%mzn-stat: AverageLbd=13.583038869257951
%%%mzn-stat: 2AutonomousSearchNumBackupCalled=10800
%%%mzn-stat: 2AutonomousSearchNumPredicatesRemoved=0
%%%mzn-stat: 2AutonomousSearchNumCalls=10814
%%%mzn-stat: 2AutonomousSearchNumPredicatesAdded=4582
%%%mzn-stat: 2AutonomousSearchAverageSizeOfHeap=1.6342703902348807
%%%mzn-stat: 2AutonomousSearchNumAssignedPredicatesEncountered=17673
%%%mzn-stat-end
maxleg = 386;
succ = array1d(1..50,[3, 5, 2, 9, 18, 1, 10, 11, 7, 15, 4, 6, 17, 12, 13, 28, 20, 23, 8, 21, 22, 26, 30, 14, 24, 27, 29, 31, 38, 19, 34, 40, 25, 35, 36, 49, 33, 45, 42, 46, 39, 32, 16, 41, 47, 48, 50, 37, 44, 43]);
% time elapsed: 3.87 s
----------
%%%mzn-stat: initTime=0.012876597
%%%mzn-stat: objective=382
%%%mzn-stat: nodes=28476
%%%mzn-stat: restarts=0
%%%mzn-stat: peakDepth=902
%%%mzn-stat: solveTime=0.689828864
%%%mzn-stat: variables=1578
%%%mzn-stat: propagators=1199
%%%mzn-stat: failures=2300
%%%mzn-stat: propagations=176357
%%%mzn-stat: nogoods=2300
%%%mzn-stat: numAtomicConstraintsPropagated=0
%%%mzn-stat: allDifferentNumber1TotalHallSetSize=13781
%%%mzn-stat: allDifferentNumber1NumberOfConflicts=2071
%%%mzn-stat: allDifferentNumber1MaxHallSetSize=33
%%%mzn-stat: allDifferentNumber1PropagationsTotal=29825
%%%mzn-stat: allDifferentNumber1PropagationsThatFoundConflict=2071
%%%mzn-stat: circuitNumber2PropagationsThatFoundConflict=204
%%%mzn-stat: circuitNumber2TotalFixedEdgesAtConflict=8843
%%%mzn-stat: circuitNumber2NumberOfConflicts=204
%%%mzn-stat: circuitNumber2PropagationsThatPruned=829
%%%mzn-stat: circuitNumber2PropagationsTotal=17179
%%%mzn-stat: AverageConflictSize=8.860434782608696
%%%mzn-stat: NumUnitNogoodsLearned=0
%%%mzn-stat: AverageLearnedNogoodLength=15.927391304347825
%%%mzn-stat: AverageBacktrackAmount=0
%%%mzn-stat: AverageLbd=13.614782608695652
%%%mzn-stat: 2AutonomousSearchNumBackupCalled=11491
%%%mzn-stat: 2AutonomousSearchNumPredicatesRemoved=0
%%%mzn-stat: 2AutonomousSearchNumCalls=11506
%%%mzn-stat: 2AutonomousSearchNumPredicatesAdded=4816
%%%mzn-stat: 2AutonomousSearchAverageSizeOfHeap=1.6611333217451765
%%%mzn-stat: 2AutonomousSearchNumAssignedPredicatesEncountered=19113
%%%mzn-stat-end
maxleg = 382;
succ = array1d(1..50,[3, 5, 2, 9, 18, 1, 10, 11, 7, 15, 4, 6, 17, 12, 13, 28, 20, 23, 8, 21, 22, 26, 30, 14, 24, 27, 29, 31, 38, 19, 34, 40, 25, 35, 36, 49, 46, 45, 42, 37, 39, 32, 16, 41, 47, 48, 50, 33, 44, 43]);
% time elapsed: 3.89 s
----------
%%%mzn-stat: initTime=0.012876597
%%%mzn-stat: objective=376
%%%mzn-stat: nodes=29220
%%%mzn-stat: restarts=0
%%%mzn-stat: peakDepth=902
%%%mzn-stat: solveTime=0.694368474
%%%mzn-stat: variables=1578
%%%mzn-stat: propagators=1199
%%%mzn-stat: failures=2305
%%%mzn-stat: propagations=178687
%%%mzn-stat: nogoods=2305
%%%mzn-stat: numAtomicConstraintsPropagated=0
%%%mzn-stat: allDifferentNumber1TotalHallSetSize=13781
%%%mzn-stat: allDifferentNumber1NumberOfConflicts=2071
%%%mzn-stat: allDifferentNumber1MaxHallSetSize=33
%%%mzn-stat: allDifferentNumber1PropagationsTotal=29905
%%%mzn-stat: allDifferentNumber1PropagationsThatFoundConflict=2071
%%%mzn-stat: circuitNumber2PropagationsThatFoundConflict=208
%%%mzn-stat: circuitNumber2TotalFixedEdgesAtConflict=9019
%%%mzn-stat: circuitNumber2NumberOfConflicts=208
%%%mzn-stat: circuitNumber2PropagationsThatPruned=833
%%%mzn-stat: circuitNumber2PropagationsTotal=17232
%%%mzn-stat: AverageConflictSize=8.850759219088937
%%%mzn-stat: NumUnitNogoodsLearned=0
%%%mzn-stat: AverageLearnedNogoodLength=15.996963123644251
%%%mzn-stat: AverageBacktrackAmount=0
%%%mzn-stat: AverageLbd=13.634273318872017
%%%mzn-stat: 2AutonomousSearchNumBackupCalled=12189
%%%mzn-stat: 2AutonomousSearchNumPredicatesRemoved=0
%%%mzn-stat: 2AutonomousSearchNumCalls=12205
%%%mzn-stat: 2AutonomousSearchNumPredicatesAdded=4963
%%%mzn-stat: 2AutonomousSearchAverageSizeOfHeap=1.6839819746005735
%%%mzn-stat: 2AutonomousSearchNumAssignedPredicatesEncountered=20553
%%%mzn-stat-end
maxleg = 376;
succ = array1d(1..50,[3, 5, 2, 9, 18, 1, 10, 11, 7, 15, 4, 6, 17, 12, 13, 28, 20, 23, 8, 21, 22, 26, 30, 14, 24, 27, 29, 31, 38, 19, 34, 40, 25, 35, 36, 49, 48, 45, 33, 39, 37, 32, 16, 41, 47, 42, 50, 46, 44, 43]);
% time elapsed: 3.90 s
----------
%%%mzn-stat: initTime=0.012876597
%%%mzn-stat: objective=361
%%%mzn-stat: nodes=30712
%%%mzn-stat: restarts=0
%%%mzn-stat: peakDepth=902
%%%mzn-stat: solveTime=0.732975472
%%%mzn-stat: variables=1578
%%%mzn-stat: propagators=1199
%%%mzn-stat: failures=2519
%%%mzn-stat: propagations=195762
%%%mzn-stat: nogoods=2519
%%%mzn-stat: numAtomicConstraintsPropagated=0
%%%mzn-stat: allDifferentNumber1TotalHallSetSize=14484
%%%mzn-stat: allDifferentNumber1NumberOfConflicts=2213
%%%mzn-stat: allDifferentNumber1MaxHallSetSize=33
%%%mzn-stat: allDifferentNumber1PropagationsTotal=31368
%%%mzn-stat: allDifferentNumber1PropagationsThatFoundConflict=2213
%%%mzn-stat: circuitNumber2PropagationsThatFoundConflict=247
%%%mzn-stat: circuitNumber2TotalFixedEdgesAtConflict=10674
%%%mzn-stat: circuitNumber2NumberOfConflicts=247
%%%mzn-stat: circuitNumber2PropagationsThatPruned=915
%%%mzn-stat: circuitNumber2PropagationsTotal=18136
%%%mzn-stat: AverageConflictSize=8.962683604605003
%%%mzn-stat: NumUnitNogoodsLearned=0
%%%mzn-stat: AverageLearnedNogoodLength=16.625248114331082
%%%mzn-stat: AverageBacktrackAmount=0
%%%mzn-stat: AverageLbd=13.382691544263597
%%%mzn-stat: 2AutonomousSearchNumBackupCalled=12822
%%%mzn-stat: 2AutonomousSearchNumPredicatesRemoved=0
%%%mzn-stat: 2AutonomousSearchNumCalls=12839
%%%mzn-stat: 2AutonomousSearchNumPredicatesAdded=5538
%%%mzn-stat: 2AutonomousSearchAverageSizeOfHeap=1.7251343562582755
%%%mzn-stat: 2AutonomousSearchNumAssignedPredicatesEncountered=22149
%%%mzn-stat-end
maxleg = 361;
succ = array1d(1..50,[3, 6, 2, 9, 18, 12, 10, 11, 7, 15, 1, 14, 4, 23, 16, 28, 13, 24, 8, 17, 20, 21, 30, 25, 33, 19, 22, 31, 26, 27, 35, 42, 34, 43, 36, 49, 39, 29, 40, 32, 37, 46, 44, 50, 38, 48, 45, 5, 41, 47]);
% time elapsed: 3.93 s
----------
%%%mzn-stat: initTime=0.012876597
%%%mzn-stat: objective=354
%%%mzn-stat: nodes=31447
%%%mzn-stat: restarts=0
%%%mzn-stat: peakDepth=902
%%%mzn-stat: solveTime=0.73671358
%%%mzn-stat: variables=1578
%%%mzn-stat: propagators=1199
%%%mzn-stat: failures=2531
%%%mzn-stat: propagations=198596
%%%mzn-stat: nogoods=2531
%%%mzn-stat: numAtomicConstraintsPropagated=0
%%%mzn-stat: allDifferentNumber1TotalHallSetSize=14508
%%%mzn-stat: allDifferentNumber1NumberOfConflicts=2225
%%%mzn-stat: allDifferentNumber1MaxHallSetSize=33
%%%mzn-stat: allDifferentNumber1PropagationsTotal=31499
%%%mzn-stat: allDifferentNumber1PropagationsThatFoundConflict=2225
%%%mzn-stat: circuitNumber2PropagationsThatFoundConflict=247
%%%mzn-stat: circuitNumber2TotalFixedEdgesAtConflict=10674
%%%mzn-stat: circuitNumber2NumberOfConflicts=247
%%%mzn-stat: circuitNumber2PropagationsThatPruned=921
%%%mzn-stat: circuitNumber2PropagationsTotal=18223
%%%mzn-stat: AverageConflictSize=8.929672066376925
%%%mzn-stat: NumUnitNogoodsLearned=0
%%%mzn-stat: AverageLearnedNogoodLength=16.568945080995654
%%%mzn-stat: AverageBacktrackAmount=0
%%%mzn-stat: AverageLbd=13.335440537337021
%%%mzn-stat: 2AutonomousSearchNumBackupCalled=13465
%%%mzn-stat: 2AutonomousSearchNumPredicatesRemoved=0
%%%mzn-stat: 2AutonomousSearchNumCalls=13483
%%%mzn-stat: 2AutonomousSearchNumPredicatesAdded=5596
%%%mzn-stat: 2AutonomousSearchAverageSizeOfHeap=1.7614774160053401
%%%mzn-stat: 2AutonomousSearchNumAssignedPredicatesEncountered=23750
%%%mzn-stat-end
maxleg = 354;
succ = array1d(1..50,[3, 6, 2, 9, 18, 12, 10, 11, 7, 15, 1, 14, 4, 23, 16, 28, 13, 24, 8, 17, 20, 21, 32, 25, 33, 19, 22, 31, 26, 27, 34, 40, 37, 35, 36, 49, 39, 29, 30, 42, 43, 46, 44, 50, 38, 48, 45, 5, 41, 47]);
% time elapsed: 3.95 s
----------
%%%mzn-stat: initTime=0.012876597
%%%mzn-stat: objective=345
%%%mzn-stat: nodes=32119
%%%mzn-stat: restarts=0
%%%mzn-stat: peakDepth=902
%%%mzn-stat: solveTime=0.741505497
%%%mzn-stat: variables=1578
%%%mzn-stat: propagators=1199
%%%mzn-stat: failures=2555
%%%mzn-stat: propagations=202352
%%%mzn-stat: nogoods=2555
%%%mzn-stat: numAtomicConstraintsPropagated=0
%%%mzn-stat: allDifferentNumber1TotalHallSetSize=14562
%%%mzn-stat: allDifferentNumber1NumberOfConflicts=2243
%%%mzn-stat: allDifferentNumber1MaxHallSetSize=33
%%%mzn-stat: allDifferentNumber1PropagationsTotal=31635
%%%mzn-stat: allDifferentNumber1PropagationsThatFoundConflict=2243
%%%mzn-stat: circuitNumber2PropagationsThatFoundConflict=251
%%%mzn-stat: circuitNumber2TotalFixedEdgesAtConflict=10851
%%%mzn-stat: circuitNumber2NumberOfConflicts=251
%%%mzn-stat: circuitNumber2PropagationsThatPruned=934
%%%mzn-stat: circuitNumber2PropagationsTotal=18313
%%%mzn-stat: AverageConflictSize=8.911154598825831
%%%mzn-stat: NumUnitNogoodsLearned=0
%%%mzn-stat: AverageLearnedNogoodLength=16.672407045009784
%%%mzn-stat: AverageBacktrackAmount=0
%%%mzn-stat: AverageLbd=13.324070450097848
%%%mzn-stat: 2AutonomousSearchNumBackupCalled=14057
%%%mzn-stat: 2AutonomousSearchNumPredicatesRemoved=0
%%%mzn-stat: 2AutonomousSearchNumCalls=14076
%%%mzn-stat: 2AutonomousSearchNumPredicatesAdded=5962
%%%mzn-stat: 2AutonomousSearchAverageSizeOfHeap=1.8026427962489344
%%%mzn-stat: 2AutonomousSearchNumAssignedPredicatesEncountered=25374
%%%mzn-stat-end
maxleg = 345;
succ = array1d(1..50,[3, 6, 2, 9, 18, 12, 10, 11, 7, 15, 1, 14, 4, 23, 16, 28, 13, 24, 8, 17, 20, 21, 32, 25, 33, 19, 22, 31, 26, 27, 35, 40, 34, 37, 36, 49, 39, 29, 30, 42, 50, 46, 41, 43, 38, 48, 45, 5, 44, 47]);
% time elapsed: 3.95 s
----------
%%%mzn-stat: initTime=0.012876597
%%%mzn-stat: objective=341
%%%mzn-stat: nodes=33243
%%%mzn-stat: restarts=0
%%%mzn-stat: peakDepth=902
%%%mzn-stat: solveTime=0.756498311
%%%mzn-stat: variables=1578
%%%mzn-stat: propagators=1199
%%%mzn-stat: failures=2601
%%%mzn-stat: propagations=212042
%%%mzn-stat: nogoods=2601
%%%mzn-stat: numAtomicConstraintsPropagated=0
%%%mzn-stat: allDifferentNumber1TotalHallSetSize=14690
%%%mzn-stat: allDifferentNumber1NumberOfConflicts=2285
%%%mzn-stat: allDifferentNumber1MaxHallSetSize=33
%%%mzn-stat: allDifferentNumber1PropagationsTotal=32315
%%%mzn-stat: allDifferentNumber1PropagationsThatFoundConflict=2285
%%%mzn-stat: circuitNumber2PropagationsThatFoundConflict=254
%%%mzn-stat: circuitNumber2TotalFixedEdgesAtConflict=10967
%%%mzn-stat: circuitNumber2NumberOfConflicts=254
%%%mzn-stat: circuitNumber2PropagationsThatPruned=945
%%%mzn-stat: circuitNumber2PropagationsTotal=18822
%%%mzn-stat: AverageConflictSize=8.943867743175701
%%%mzn-stat: NumUnitNogoodsLearned=0
%%%mzn-stat: AverageLearnedNogoodLength=16.71510957324106
%%%mzn-stat: AverageBacktrackAmount=0
%%%mzn-stat: AverageLbd=13.23606305267205
%%%mzn-stat: 2AutonomousSearchNumBackupCalled=14661
%%%mzn-stat: 2AutonomousSearchNumPredicatesRemoved=0
%%%mzn-stat: 2AutonomousSearchNumCalls=14681
%%%mzn-stat: 2AutonomousSearchNumPredicatesAdded=6282
%%%mzn-stat: 2AutonomousSearchAverageSizeOfHeap=1.839520468632927
%%%mzn-stat: 2AutonomousSearchNumAssignedPredicatesEncountered=27006
%%%mzn-stat-end
maxleg = 341;
succ = array1d(1..50,[3, 6, 2, 9, 18, 12, 10, 11, 7, 16, 1, 14, 4, 23, 13, 28, 15, 24, 8, 17, 20, 21, 32, 25, 33, 19, 22, 31, 26, 27, 35, 40, 34, 37, 36, 49, 39, 29, 30, 42, 50, 46, 41, 43, 38, 48, 45, 5, 44, 47]);
% time elapsed: 3.96 s
----------
%%%mzn-stat: initTime=0.012876597
%%%mzn-stat: objective=339
%%%mzn-stat: nodes=34190
%%%mzn-stat: restarts=0
%%%mzn-stat: peakDepth=902
%%%mzn-stat: solveTime=0.774848763
%%%mzn-stat: variables=1578
%%%mzn-stat: propagators=1199
%%%mzn-stat: failures=2676
%%%mzn-stat: propagations=221323
%%%mzn-stat: nogoods=2676
%%%mzn-stat: numAtomicConstraintsPropagated=0
%%%mzn-stat: allDifferentNumber1TotalHallSetSize=15048
%%%mzn-stat: allDifferentNumber1NumberOfConflicts=2344
%%%mzn-stat: allDifferentNumber1MaxHallSetSize=33
%%%mzn-stat: allDifferentNumber1PropagationsTotal=32943
%%%mzn-stat: allDifferentNumber1PropagationsThatFoundConflict=2344
%%%mzn-stat: circuitNumber2PropagationsThatFoundConflict=265
%%%mzn-stat: circuitNumber2TotalFixedEdgesAtConflict=11473
%%%mzn-stat: circuitNumber2NumberOfConflicts=265
%%%mzn-stat: circuitNumber2PropagationsThatPruned=1017
%%%mzn-stat: circuitNumber2PropagationsTotal=19253
%%%mzn-stat: AverageConflictSize=9.236547085201794
%%%mzn-stat: NumUnitNogoodsLearned=0
%%%mzn-stat: AverageLearnedNogoodLength=17.12257100149477
%%%mzn-stat: AverageBacktrackAmount=0
%%%mzn-stat: AverageLbd=13.342675635276532
%%%mzn-stat: 2AutonomousSearchNumBackupCalled=15247
%%%mzn-stat: 2AutonomousSearchNumPredicatesRemoved=0
%%%mzn-stat: 2AutonomousSearchNumCalls=15268
%%%mzn-stat: 2AutonomousSearchNumPredicatesAdded=6800
%%%mzn-stat: 2AutonomousSearchAverageSizeOfHeap=1.8797484935813467
%%%mzn-stat: 2AutonomousSearchNumAssignedPredicatesEncountered=28700
%%%mzn-stat-end
maxleg = 339;
succ = array1d(1..50,[3, 6, 2, 9, 18, 12, 10, 11, 7, 16, 1, 14, 4, 23, 13, 28, 15, 24, 26, 17, 20, 21, 32, 25, 33, 22, 19, 31, 27, 29, 35, 42, 37, 39, 36, 49, 41, 45, 40, 8, 50, 46, 34, 43, 47, 48, 30, 5, 44, 38]);
% time elapsed: 3.98 s
----------
%%%mzn-stat: initTime=0.012876597
%%%mzn-stat: objective=336
%%%mzn-stat: nodes=34823
%%%mzn-stat: restarts=0
%%%mzn-stat: peakDepth=902
%%%mzn-stat: solveTime=0.779802761
%%%mzn-stat: variables=1578
%%%mzn-stat: propagators=1199
%%%mzn-stat: failures=2690
%%%mzn-stat: propagations=224645
%%%mzn-stat: nogoods=2690
%%%mzn-stat: numAtomicConstraintsPropagated=0
%%%mzn-stat: allDifferentNumber1TotalHallSetSize=15073
%%%mzn-stat: allDifferentNumber1NumberOfConflicts=2353
%%%mzn-stat: allDifferentNumber1MaxHallSetSize=33
%%%mzn-stat: allDifferentNumber1PropagationsTotal=33062
%%%mzn-stat: allDifferentNumber1PropagationsThatFoundConflict=2353
%%%mzn-stat: circuitNumber2PropagationsThatFoundConflict=266
%%%mzn-stat: circuitNumber2TotalFixedEdgesAtConflict=11518
%%%mzn-stat: circuitNumber2NumberOfConflicts=266
%%%mzn-stat: circuitNumber2PropagationsThatPruned=1027
%%%mzn-stat: circuitNumber2PropagationsTotal=19331
%%%mzn-stat: AverageConflictSize=9.270631970260222
%%%mzn-stat: NumUnitNogoodsLearned=0
%%%mzn-stat: AverageLearnedNogoodLength=17.164684014869888
%%%mzn-stat: AverageBacktrackAmount=0
%%%mzn-stat: AverageLbd=13.334200743494424
%%%mzn-stat: 2AutonomousSearchNumBackupCalled=15814
%%%mzn-stat: 2AutonomousSearchNumPredicatesRemoved=0
%%%mzn-stat: 2AutonomousSearchNumCalls=15836
%%%mzn-stat: 2AutonomousSearchNumPredicatesAdded=7119
%%%mzn-stat: 2AutonomousSearchAverageSizeOfHeap=1.919992422328871
%%%mzn-stat: 2AutonomousSearchNumAssignedPredicatesEncountered=30405
%%%mzn-stat-end
maxleg = 336;
succ = array1d(1..50,[3, 6, 2, 9, 18, 12, 10, 11, 7, 16, 1, 14, 4, 23, 13, 28, 15, 24, 26, 17, 20, 21, 32, 25, 33, 22, 19, 31, 27, 37, 35, 42, 41, 39, 36, 49, 40, 29, 30, 8, 50, 46, 34, 43, 38, 48, 45, 5, 44, 47]);
% time elapsed: 4.00 s
----------
%%%mzn-stat: initTime=0.012876597
%%%mzn-stat: objective=334
%%%mzn-stat: nodes=36876
%%%mzn-stat: restarts=0
%%%mzn-stat: peakDepth=902
%%%mzn-stat: solveTime=0.831665781
%%%mzn-stat: variables=1578
%%%mzn-stat: propagators=1199
%%%mzn-stat: failures=2851
%%%mzn-stat: propagations=249526
%%%mzn-stat: nogoods=2851
%%%mzn-stat: numAtomicConstraintsPropagated=0
%%%mzn-stat: allDifferentNumber1TotalHallSetSize=15788
%%%mzn-stat: allDifferentNumber1NumberOfConflicts=2494
%%%mzn-stat: allDifferentNumber1MaxHallSetSize=33
%%%mzn-stat: allDifferentNumber1PropagationsTotal=35254
%%%mzn-stat: allDifferentNumber1PropagationsThatFoundConflict=2494
%%%mzn-stat: circuitNumber2PropagationsThatFoundConflict=278
%%%mzn-stat: circuitNumber2TotalFixedEdgesAtConflict=12052
%%%mzn-stat: circuitNumber2NumberOfConflicts=278
%%%mzn-stat: circuitNumber2PropagationsThatPruned=1065
%%%mzn-stat: circuitNumber2PropagationsTotal=20777
%%%mzn-stat: AverageConflictSize=9.687127323746054
%%%mzn-stat: NumUnitNogoodsLearned=0
%%%mzn-stat: AverageLearnedNogoodLength=17.778323395299896
%%%mzn-stat: AverageBacktrackAmount=0
%%%mzn-stat: AverageLbd=13.269729919326553
%%%mzn-stat: 2AutonomousSearchNumBackupCalled=16386
%%%mzn-stat: 2AutonomousSearchNumPredicatesRemoved=0
%%%mzn-stat: 2AutonomousSearchNumCalls=16409
%%%mzn-stat: 2AutonomousSearchNumPredicatesAdded=8023
%%%mzn-stat: 2AutonomousSearchAverageSizeOfHeap=1.9651410811140229
%%%mzn-stat: 2AutonomousSearchNumAssignedPredicatesEncountered=32246
%%%mzn-stat-end
maxleg = 334;
succ = array1d(1..50,[3, 7, 2, 9, 18, 1, 10, 11, 13, 16, 19, 6, 15, 12, 17, 28, 20, 14, 4, 21, 22, 26, 32, 25, 5, 27, 29, 31, 38, 37, 35, 8, 48, 33, 36, 49, 34, 45, 40, 42, 39, 46, 41, 43, 50, 23, 30, 24, 44, 47]);
% time elapsed: 4.04 s
----------
%%%mzn-stat: initTime=0.012876597
%%%mzn-stat: objective=331
%%%mzn-stat: nodes=38620
%%%mzn-stat: restarts=0
%%%mzn-stat: peakDepth=902
%%%mzn-stat: solveTime=0.866018278
%%%mzn-stat: variables=1578
%%%mzn-stat: propagators=1199
%%%mzn-stat: failures=2921
%%%mzn-stat: propagations=267370
%%%mzn-stat: nogoods=2921
%%%mzn-stat: numAtomicConstraintsPropagated=0
%%%mzn-stat: allDifferentNumber1TotalHallSetSize=15965
%%%mzn-stat: allDifferentNumber1NumberOfConflicts=2564
%%%mzn-stat: allDifferentNumber1MaxHallSetSize=33
%%%mzn-stat: allDifferentNumber1PropagationsTotal=36796
%%%mzn-stat: allDifferentNumber1PropagationsThatFoundConflict=2564
%%%mzn-stat: circuitNumber2PropagationsThatFoundConflict=278
%%%mzn-stat: circuitNumber2TotalFixedEdgesAtConflict=12052
%%%mzn-stat: circuitNumber2NumberOfConflicts=278
%%%mzn-stat: circuitNumber2PropagationsThatPruned=1097
%%%mzn-stat: circuitNumber2PropagationsTotal=21945
%%%mzn-stat: AverageConflictSize=9.549469359808285
%%%mzn-stat: NumUnitNogoodsLearned=0
%%%mzn-stat: AverageLearnedNogoodLength=17.46217048955837
%%%mzn-stat: AverageBacktrackAmount=0
%%%mzn-stat: AverageLbd=13.02841492639507
%%%mzn-stat: 2AutonomousSearchNumBackupCalled=16926
%%%mzn-stat: 2AutonomousSearchNumPredicatesRemoved=0
%%%mzn-stat: 2AutonomousSearchNumCalls=16950
%%%mzn-stat: 2AutonomousSearchNumPredicatesAdded=8305
%%%mzn-stat: 2AutonomousSearchAverageSizeOfHeap=2.011386430678466
%%%mzn-stat: 2AutonomousSearchNumAssignedPredicatesEncountered=34093
%%%mzn-stat-end
maxleg = 331;
succ = array1d(1..50,[3, 7, 4, 9, 18, 1, 10, 11, 13, 16, 19, 2, 15, 6, 17, 28, 20, 12, 26, 21, 22, 27, 32, 25, 5, 29, 30, 14, 38, 37, 34, 8, 24, 39, 31, 35, 23, 45, 40, 42, 43, 46, 44, 49, 47, 48, 50, 33, 36, 41]);
% time elapsed: 4.08 s
----------
%%%mzn-stat: initTime=0.012876597
%%%mzn-stat: objective=329
%%%mzn-stat: nodes=40156
%%%mzn-stat: restarts=0
%%%mzn-stat: peakDepth=902
%%%mzn-stat: solveTime=0.93320537
%%%mzn-stat: variables=1578
%%%mzn-stat: propagators=1199
%%%mzn-stat: failures=3193
%%%mzn-stat: propagations=291268
%%%mzn-stat: nogoods=3193
%%%mzn-stat: numAtomicConstraintsPropagated=0
%%%mzn-stat: allDifferentNumber1TotalHallSetSize=17305
%%%mzn-stat: allDifferentNumber1NumberOfConflicts=2796
%%%mzn-stat: allDifferentNumber1MaxHallSetSize=33
%%%mzn-stat: allDifferentNumber1PropagationsTotal=38427
%%%mzn-stat: allDifferentNumber1PropagationsThatFoundConflict=2796
%%%mzn-stat: circuitNumber2PropagationsThatFoundConflict=290
%%%mzn-stat: circuitNumber2TotalFixedEdgesAtConflict=12527
%%%mzn-stat: circuitNumber2NumberOfConflicts=290
%%%mzn-stat: circuitNumber2PropagationsThatPruned=1195
%%%mzn-stat: circuitNumber2PropagationsTotal=22940
%%%mzn-stat: AverageConflictSize=10.449420607579079
%%%mzn-stat: NumUnitNogoodsLearned=0
%%%mzn-stat: AverageLearnedNogoodLength=20.350140933291577
%%%mzn-stat: AverageBacktrackAmount=0
%%%mzn-stat: AverageLbd=13.474475414970247
%%%mzn-stat: 2AutonomousSearchNumBackupCalled=17483
%%%mzn-stat: 2AutonomousSearchNumPredicatesRemoved=0
%%%mzn-stat: 2AutonomousSearchNumCalls=17508
%%%mzn-stat: 2AutonomousSearchNumPredicatesAdded=9179
%%%mzn-stat: 2AutonomousSearchAverageSizeOfHeap=2.0584875485492344
%%%mzn-stat: 2AutonomousSearchNumAssignedPredicatesEncountered=36040
%%%mzn-stat-end
maxleg = 329;
succ = array1d(1..50,[3, 7, 4, 9, 18, 1, 10, 11, 13, 16, 19, 2, 17, 6, 20, 15, 22, 12, 26, 21, 27, 29, 32, 25, 5, 30, 40, 14, 38, 39, 28, 42, 24, 43, 31, 35, 23, 45, 34, 8, 37, 46, 44, 49, 47, 48, 50, 33, 36, 41]);
% time elapsed: 4.15 s
----------
%%%mzn-stat: initTime=0.012876597
%%%mzn-stat: objective=323
%%%mzn-stat: nodes=40915
%%%mzn-stat: restarts=0
%%%mzn-stat: peakDepth=902
%%%mzn-stat: solveTime=0.971340783
%%%mzn-stat: variables=1578
%%%mzn-stat: propagators=1199
%%%mzn-stat: failures=3326
%%%mzn-stat: propagations=301871
%%%mzn-stat: nogoods=3326
%%%mzn-stat: numAtomicConstraintsPropagated=0
%%%mzn-stat: allDifferentNumber1TotalHallSetSize=17896
%%%mzn-stat: allDifferentNumber1NumberOfConflicts=2863
%%%mzn-stat: allDifferentNumber1MaxHallSetSize=33
%%%mzn-stat: allDifferentNumber1PropagationsTotal=38855
%%%mzn-stat: allDifferentNumber1PropagationsThatFoundConflict=2863
%%%mzn-stat: circuitNumber2PropagationsThatFoundConflict=311
%%%mzn-stat: circuitNumber2TotalFixedEdgesAtConflict=13478
%%%mzn-stat: circuitNumber2NumberOfConflicts=311
%%%mzn-stat: circuitNumber2PropagationsThatPruned=1230
%%%mzn-stat: circuitNumber2PropagationsTotal=23192
%%%mzn-stat: AverageConflictSize=11.270294648226097
%%%mzn-stat: NumUnitNogoodsLearned=0
%%%mzn-stat: AverageLearnedNogoodLength=22.603427540589298
%%%mzn-stat: AverageBacktrackAmount=0
%%%mzn-stat: AverageLbd=13.984666265784726
%%%mzn-stat: 2AutonomousSearchNumBackupCalled=18035
%%%mzn-stat: 2AutonomousSearchNumPredicatesRemoved=0
%%%mzn-stat: 2AutonomousSearchNumCalls=18061
%%%mzn-stat: 2AutonomousSearchNumPredicatesAdded=10012
%%%mzn-stat: 2AutonomousSearchAverageSizeOfHeap=2.1035380100769614
%%%mzn-stat: 2AutonomousSearchNumAssignedPredicatesEncountered=37992
%%%mzn-stat-end
maxleg = 323;
succ = array1d(1..50,[3, 7, 4, 9, 18, 1, 10, 11, 13, 16, 19, 2, 17, 6, 20, 15, 22, 12, 26, 21, 27, 29, 32, 25, 5, 30, 40, 14, 38, 42, 28, 8, 24, 43, 31, 35, 23, 45, 34, 39, 37, 46, 44, 49, 47, 48, 50, 33, 36, 41]);
% time elapsed: 4.19 s
----------
%%%mzn-stat: initTime=0.012876597
%%%mzn-stat: objective=314
%%%mzn-stat: nodes=41893
%%%mzn-stat: restarts=0
%%%mzn-stat: peakDepth=902
%%%mzn-stat: solveTime=1.013250444
%%%mzn-stat: variables=1578
%%%mzn-stat: propagators=1199
%%%mzn-stat: failures=3488
%%%mzn-stat: propagations=316926
%%%mzn-stat: nogoods=3488
%%%mzn-stat: numAtomicConstraintsPropagated=0
%%%mzn-stat: allDifferentNumber1TotalHallSetSize=18789
%%%mzn-stat: allDifferentNumber1NumberOfConflicts=2971
%%%mzn-stat: allDifferentNumber1MaxHallSetSize=33
%%%mzn-stat: allDifferentNumber1PropagationsTotal=39661
%%%mzn-stat: allDifferentNumber1PropagationsThatFoundConflict=2971
%%%mzn-stat: circuitNumber2PropagationsThatFoundConflict=327
%%%mzn-stat: circuitNumber2TotalFixedEdgesAtConflict=14120
%%%mzn-stat: circuitNumber2NumberOfConflicts=327
%%%mzn-stat: circuitNumber2PropagationsThatPruned=1269
%%%mzn-stat: circuitNumber2PropagationsTotal=23688
%%%mzn-stat: AverageConflictSize=11.778956422018348
%%%mzn-stat: NumUnitNogoodsLearned=0
%%%mzn-stat: AverageLearnedNogoodLength=24.058199541284402
%%%mzn-stat: AverageBacktrackAmount=0
%%%mzn-stat: AverageLbd=14.209288990825687
%%%mzn-stat: 2AutonomousSearchNumBackupCalled=18522
%%%mzn-stat: 2AutonomousSearchNumPredicatesRemoved=0
%%%mzn-stat: 2AutonomousSearchNumCalls=18549
%%%mzn-stat: 2AutonomousSearchNumPredicatesAdded=10794
%%%mzn-stat: 2AutonomousSearchAverageSizeOfHeap=2.153916653188851
%%%mzn-stat: 2AutonomousSearchNumAssignedPredicatesEncountered=39953
%%%mzn-stat-end
maxleg = 314;
succ = array1d(1..50,[3, 7, 4, 9, 18, 1, 10, 11, 13, 16, 19, 2, 17, 6, 20, 15, 22, 12, 26, 21, 27, 29, 32, 25, 5, 39, 40, 14, 38, 42, 28, 8, 24, 37, 31, 35, 41, 45, 34, 23, 43, 46, 44, 49, 50, 48, 30, 33, 36, 47]);
% time elapsed: 4.23 s
----------
%%%mzn-stat: initTime=0.012876597
%%%mzn-stat: objective=312
%%%mzn-stat: nodes=1534652
%%%mzn-stat: restarts=0
%%%mzn-stat: peakDepth=902
%%%mzn-stat: solveTime=475.944007934
%%%mzn-stat: variables=1578
%%%mzn-stat: propagators=1199
%%%mzn-stat: failures=1289538
%%%mzn-stat: propagations=62519635
%%%mzn-stat: nogoods=1289538
%%%mzn-stat: numAtomicConstraintsPropagated=0
%%%mzn-stat: allDifferentNumber1TotalHallSetSize=5857362
%%%mzn-stat: allDifferentNumber1NumberOfConflicts=622889
%%%mzn-stat: allDifferentNumber1MaxHallSetSize=33
%%%mzn-stat: allDifferentNumber1PropagationsTotal=3093328
%%%mzn-stat: allDifferentNumber1PropagationsThatFoundConflict=622889
%%%mzn-stat: circuitNumber2PropagationsThatFoundConflict=18610
%%%mzn-stat: circuitNumber2TotalFixedEdgesAtConflict=637547
%%%mzn-stat: circuitNumber2NumberOfConflicts=18610
%%%mzn-stat: circuitNumber2PropagationsThatPruned=156104
%%%mzn-stat: circuitNumber2PropagationsTotal=1287997
%%%mzn-stat: AverageConflictSize=54.04857863824098
%%%mzn-stat: NumUnitNogoodsLearned=0
%%%mzn-stat: AverageLearnedNogoodLength=101.88609564045417
%%%mzn-stat: AverageBacktrackAmount=0
%%%mzn-stat: AverageLbd=16.968511203237128
%%%mzn-stat: 2AutonomousSearchNumBackupCalled=19036
%%%mzn-stat: 2AutonomousSearchNumPredicatesRemoved=0
%%%mzn-stat: 2AutonomousSearchNumCalls=19064
%%%mzn-stat: 2AutonomousSearchNumPredicatesAdded=13067
%%%mzn-stat: 2AutonomousSearchAverageSizeOfHeap=2.2566093159882503
%%%mzn-stat: 2AutonomousSearchNumAssignedPredicatesEncountered=43020
%%%mzn-stat-end
maxleg = 312;
succ = array1d(1..50,[3, 7, 4, 9, 18, 1, 10, 11, 13, 16, 19, 2, 17, 6, 20, 15, 43, 12, 26, 21, 22, 27, 32, 25, 5, 29, 40, 14, 38, 42, 34, 8, 24, 37, 31, 35, 23, 45, 41, 39, 28, 46, 44, 49, 50, 48, 30, 33, 36, 47]);
% time elapsed: 479.17 s
----------
%%%mzn-stat: initTime=0.012876597
%%%mzn-stat: objective=308
%%%mzn-stat: nodes=1535201
%%%mzn-stat: restarts=0
%%%mzn-stat: peakDepth=902
%%%mzn-stat: solveTime=475.948373793
%%%mzn-stat: variables=1578
%%%mzn-stat: propagators=1199
%%%mzn-stat: failures=1289541
%%%mzn-stat: propagations=62521993
%%%mzn-stat: nogoods=1289541
%%%mzn-stat: numAtomicConstraintsPropagated=0
%%%mzn-stat: allDifferentNumber1TotalHallSetSize=5857370
%%%mzn-stat: allDifferentNumber1NumberOfConflicts=622891
%%%mzn-stat: allDifferentNumber1MaxHallSetSize=33
%%%mzn-stat: allDifferentNumber1PropagationsTotal=3093377
%%%mzn-stat: allDifferentNumber1PropagationsThatFoundConflict=622891
%%%mzn-stat: circuitNumber2PropagationsThatFoundConflict=18610
%%%mzn-stat: circuitNumber2TotalFixedEdgesAtConflict=637547
%%%mzn-stat: circuitNumber2NumberOfConflicts=18610
%%%mzn-stat: circuitNumber2PropagationsThatPruned=156104
%%%mzn-stat: circuitNumber2PropagationsTotal=1288034
%%%mzn-stat: AverageConflictSize=54.048485468860626
%%%mzn-stat: NumUnitNogoodsLearned=0
%%%mzn-stat: AverageLearnedNogoodLength=101.8858958342542
%%%mzn-stat: AverageBacktrackAmount=0
%%%mzn-stat: AverageLbd=16.968485685992146
%%%mzn-stat: 2AutonomousSearchNumBackupCalled=19547
%%%mzn-stat: 2AutonomousSearchNumPredicatesRemoved=0
%%%mzn-stat: 2AutonomousSearchNumCalls=19576
%%%mzn-stat: 2AutonomousSearchNumPredicatesAdded=13127
%%%mzn-stat: 2AutonomousSearchAverageSizeOfHeap=2.3542603187576625
%%%mzn-stat: 2AutonomousSearchNumAssignedPredicatesEncountered=46087
%%%mzn-stat-end
maxleg = 308;
succ = array1d(1..50,[3, 7, 4, 9, 18, 1, 10, 11, 13, 16, 19, 2, 17, 6, 20, 15, 43, 12, 26, 21, 22, 27, 32, 25, 5, 29, 40, 14, 38, 42, 34, 8, 24, 37, 36, 31, 23, 45, 41, 39, 28, 46, 44, 49, 50, 48, 30, 33, 35, 47]);
% time elapsed: 479.18 s
----------
=====ERROR=====
% time elapsed: 1105.67 s
