% Logging successfully configured
=====UNKNOWN=====
% time elapsed: 300.32 s
%%%mzn-stat: initTime=0.029361996
%%%mzn-stat: nodes=627314
%%%mzn-stat: restarts=0
%%%mzn-stat: peakDepth=73
%%%mzn-stat: solveTime=293.782731858
%%%mzn-stat: variables=2408
%%%mzn-stat: propagators=6581
%%%mzn-stat: failures=472877
%%%mzn-stat: propagations=442975742
%%%mzn-stat: nogoods=472877
%%%mzn-stat: numAtomicConstraintsPropagated=0
%%%mzn-stat: circuitNumber4951PropagationsThatFoundConflict=1919
%%%mzn-stat: circuitNumber4951TotalFixedEdgesAtConflict=153461
%%%mzn-stat: circuitNumber4951NumberOfConflicts=1919
%%%mzn-stat: circuitNumber4951PropagationsThatPruned=26841
%%%mzn-stat: circuitNumber4951PropagationsTotal=543788
%%%mzn-stat: AverageConflictSize=20.394032697720547
%%%mzn-stat: NumUnitNogoodsLearned=0
%%%mzn-stat: AverageLearnedNogoodLength=59.790778574555326
%%%mzn-stat: AverageBacktrackAmount=0
%%%mzn-stat: AverageLbd=29.9891705454061
%%%mzn-stat: 2AutonomousSearchNumBackupCalled=0
%%%mzn-stat: 2AutonomousSearchNumPredicatesRemoved=0
%%%mzn-stat: 2AutonomousSearchNumCalls=0
%%%mzn-stat: 2AutonomousSearchNumPredicatesAdded=3718
%%%mzn-stat: 2AutonomousSearchAverageSizeOfHeap=0
%%%mzn-stat: 2AutonomousSearchNumAssignedPredicatesEncountered=0
%%%mzn-stat-end
