%%%mzn-stat: initTime=0.012408192
%%%mzn-stat: objective=183
%%%mzn-stat: nodes=80757
%%%mzn-stat: restarts=86
%%%mzn-stat: peakDepth=546
%%%mzn-stat: solveTime=17.055090701
%%%mzn-stat: variables=1083
%%%mzn-stat: propagators=791
%%%mzn-stat: failures=30824
%%%mzn-stat: propagations=1436189
%%%mzn-stat: nogoods=30824
%%%mzn-stat: AverageConflictSize=26.56806384635349
%%%mzn-stat: NumUnitNogoodsLearned=171
%%%mzn-stat: AverageLearnedNogoodLength=37.94192836750584
%%%mzn-stat: AverageBacktrackAmount=0
%%%mzn-stat: AverageLbd=23.273845055800674
%%%mzn-stat-end
maxleg = 183;
succ = array1d(1..100,[2, 49, 68, 66, 60, 44, 55, 54, 62, 3, 38, 41, 53, 23, 20, 4, 80, 30, 65, 96, 86, 76, 9, 48, 10, 70, 21, 39, 22, 84, 98, 94, 67, 19, 43, 89, 73, 78, 12, 90, 64, 59, 50, 33, 32, 69, 35, 14, 93, 5, 61, 77, 7, 91, 40, 51, 15, 6, 71, 56, 79, 25, 36, 72, 31, 85, 82, 1, 28, 95, 83, 74, 97, 34, 46, 37, 16, 24, 52, 88, 17, 57, 11, 26, 81, 92, 99, 13, 29, 27, 87, 75, 18, 63, 100, 8, 42, 58, 45, 47]);
% time elapsed: 18.64 s
----------
==========
% time elapsed: 334.69 s
%%%mzn-stat: initTime=0.012408192
%%%mzn-stat: objective=183
%%%mzn-stat: nodes=739684
%%%mzn-stat: restarts=938
%%%mzn-stat: peakDepth=546
%%%mzn-stat: solveTime=333.115188424
%%%mzn-stat: variables=1083
%%%mzn-stat: propagators=791
%%%mzn-stat: failures=566826
%%%mzn-stat: propagations=16541301
%%%mzn-stat: nogoods=566826
%%%mzn-stat: AverageConflictSize=27.216712006859247
%%%mzn-stat: NumUnitNogoodsLearned=172
%%%mzn-stat: AverageLearnedNogoodLength=39.528153260436184
%%%mzn-stat: AverageBacktrackAmount=0
%%%mzn-stat: AverageLbd=15.271390162060316
%%%mzn-stat-end
