% Logging successfully configured
%%%mzn-stat: initTime=0.016748964
%%%mzn-stat: objective=646
%%%mzn-stat: nodes=178
%%%mzn-stat: restarts=0
%%%mzn-stat: peakDepth=176
%%%mzn-stat: solveTime=0.000379119
%%%mzn-stat: variables=377
%%%mzn-stat: propagators=446
%%%mzn-stat: failures=2
%%%mzn-stat: propagations=1553
%%%mzn-stat: nogoods=2
%%%mzn-stat: numAtomicConstraintsPropagated=0
%%%mzn-stat: circuitNumber191PropagationsThatFoundConflict=0
%%%mzn-stat: circuitNumber191TotalFixedEdgesAtConflict=0
%%%mzn-stat: circuitNumber191NumberOfConflicts=0
%%%mzn-stat: circuitNumber191PropagationsThatPruned=1
%%%mzn-stat: circuitNumber191PropagationsTotal=19
%%%mzn-stat: AverageConflictSize=2
%%%mzn-stat: NumUnitNogoodsLearned=0
%%%mzn-stat: AverageLearnedNogoodLength=11
%%%mzn-stat: AverageBacktrackAmount=0
%%%mzn-stat: AverageLbd=9.5
%%%mzn-stat: 2AutonomousSearchNumBackupCalled=160
%%%mzn-stat: 2AutonomousSearchNumPredicatesRemoved=0
%%%mzn-stat: 2AutonomousSearchNumCalls=161
%%%mzn-stat: 2AutonomousSearchNumPredicatesAdded=73
%%%mzn-stat: 2AutonomousSearchAverageSizeOfHeap=0.453416149068323
%%%mzn-stat: 2AutonomousSearchNumAssignedPredicatesEncountered=73
%%%mzn-stat-end
maxleg = 646;
succ = array1d(1..20,[2, 3, 4, 8, 12, 7, 9, 14, 1, 6, 10, 15, 11, 5, 19, 20, 13, 17, 16, 18]);
% time elapsed: 6.12 s
----------
%%%mzn-stat: initTime=0.016748964
%%%mzn-stat: objective=641
%%%mzn-stat: nodes=345
%%%mzn-stat: restarts=0
%%%mzn-stat: peakDepth=176
%%%mzn-stat: solveTime=0.000533815
%%%mzn-stat: variables=377
%%%mzn-stat: propagators=446
%%%mzn-stat: failures=2
%%%mzn-stat: propagations=2352
%%%mzn-stat: nogoods=2
%%%mzn-stat: numAtomicConstraintsPropagated=0
%%%mzn-stat: circuitNumber191PropagationsThatFoundConflict=0
%%%mzn-stat: circuitNumber191TotalFixedEdgesAtConflict=0
%%%mzn-stat: circuitNumber191NumberOfConflicts=0
%%%mzn-stat: circuitNumber191PropagationsThatPruned=2
%%%mzn-stat: circuitNumber191PropagationsTotal=36
%%%mzn-stat: AverageConflictSize=2
%%%mzn-stat: NumUnitNogoodsLearned=0
%%%mzn-stat: AverageLearnedNogoodLength=11
%%%mzn-stat: AverageBacktrackAmount=0
%%%mzn-stat: AverageLbd=9.5
%%%mzn-stat: 2AutonomousSearchNumBackupCalled=310
%%%mzn-stat: 2AutonomousSearchNumPredicatesRemoved=0
%%%mzn-stat: 2AutonomousSearchNumCalls=312
%%%mzn-stat: 2AutonomousSearchNumPredicatesAdded=73
%%%mzn-stat: 2AutonomousSearchAverageSizeOfHeap=0.46794871794871795
%%%mzn-stat: 2AutonomousSearchNumAssignedPredicatesEncountered=146
%%%mzn-stat-end
maxleg = 641;
succ = array1d(1..20,[2, 3, 4, 8, 12, 7, 9, 14, 1, 6, 10, 16, 11, 5, 17, 19, 18, 20, 15, 13]);
% time elapsed: 6.12 s
----------
%%%mzn-stat: initTime=0.016748964
%%%mzn-stat: objective=614
%%%mzn-stat: nodes=514
%%%mzn-stat: restarts=0
%%%mzn-stat: peakDepth=176
%%%mzn-stat: solveTime=0.000972354
%%%mzn-stat: variables=377
%%%mzn-stat: propagators=446
%%%mzn-stat: failures=6
%%%mzn-stat: propagations=3558
%%%mzn-stat: nogoods=6
%%%mzn-stat: numAtomicConstraintsPropagated=0
%%%mzn-stat: circuitNumber191PropagationsThatFoundConflict=0
%%%mzn-stat: circuitNumber191TotalFixedEdgesAtConflict=0
%%%mzn-stat: circuitNumber191NumberOfConflicts=0
%%%mzn-stat: circuitNumber191PropagationsThatPruned=6
%%%mzn-stat: circuitNumber191PropagationsTotal=57
%%%mzn-stat: AverageConflictSize=2
%%%mzn-stat: NumUnitNogoodsLearned=0
%%%mzn-stat: AverageLearnedNogoodLength=12.333333333333334
%%%mzn-stat: AverageBacktrackAmount=0
%%%mzn-stat: AverageLbd=9
%%%mzn-stat: 2AutonomousSearchNumBackupCalled=460
%%%mzn-stat: 2AutonomousSearchNumPredicatesRemoved=0
%%%mzn-stat: 2AutonomousSearchNumCalls=463
%%%mzn-stat: 2AutonomousSearchNumPredicatesAdded=233
%%%mzn-stat: 2AutonomousSearchAverageSizeOfHeap=0.67170626349892
%%%mzn-stat: 2AutonomousSearchNumAssignedPredicatesEncountered=311
%%%mzn-stat-end
maxleg = 614;
succ = array1d(1..20,[2, 3, 4, 8, 14, 7, 9, 12, 1, 6, 10, 19, 11, 16, 5, 20, 13, 17, 15, 18]);
% time elapsed: 6.12 s
----------
%%%mzn-stat: initTime=0.016748964
%%%mzn-stat: objective=583
%%%mzn-stat: nodes=677
%%%mzn-stat: restarts=0
%%%mzn-stat: peakDepth=176
%%%mzn-stat: solveTime=0.001176367
%%%mzn-stat: variables=377
%%%mzn-stat: propagators=446
%%%mzn-stat: failures=6
%%%mzn-stat: propagations=4369
%%%mzn-stat: nogoods=6
%%%mzn-stat: numAtomicConstraintsPropagated=0
%%%mzn-stat: circuitNumber191PropagationsThatFoundConflict=0
%%%mzn-stat: circuitNumber191TotalFixedEdgesAtConflict=0
%%%mzn-stat: circuitNumber191NumberOfConflicts=0
%%%mzn-stat: circuitNumber191PropagationsThatPruned=7
%%%mzn-stat: circuitNumber191PropagationsTotal=74
%%%mzn-stat: AverageConflictSize=2
%%%mzn-stat: NumUnitNogoodsLearned=0
%%%mzn-stat: AverageLearnedNogoodLength=12.333333333333334
%%%mzn-stat: AverageBacktrackAmount=0
%%%mzn-stat: AverageLbd=9
%%%mzn-stat: 2AutonomousSearchNumBackupCalled=606
%%%mzn-stat: 2AutonomousSearchNumPredicatesRemoved=0
%%%mzn-stat: 2AutonomousSearchNumCalls=610
%%%mzn-stat: 2AutonomousSearchNumPredicatesAdded=233
%%%mzn-stat: 2AutonomousSearchAverageSizeOfHeap=0.780327868852459
%%%mzn-stat: 2AutonomousSearchNumAssignedPredicatesEncountered=476
%%%mzn-stat-end
maxleg = 583;
succ = array1d(1..20,[2, 3, 4, 8, 15, 7, 9, 12, 1, 6, 10, 14, 11, 16, 17, 19, 18, 20, 5, 13]);
% time elapsed: 6.12 s
----------
==========
% time elapsed: 32.15 s
%%%mzn-stat: initTime=0.016748964
%%%mzn-stat: objective=583
%%%mzn-stat: nodes=174137
%%%mzn-stat: restarts=0
%%%mzn-stat: peakDepth=176
%%%mzn-stat: solveTime=26.121663812
%%%mzn-stat: variables=377
%%%mzn-stat: propagators=446
%%%mzn-stat: failures=164308
%%%mzn-stat: propagations=17850829
%%%mzn-stat: nogoods=164308
%%%mzn-stat: numAtomicConstraintsPropagated=0
%%%mzn-stat: circuitNumber191PropagationsThatFoundConflict=2274
%%%mzn-stat: circuitNumber191TotalFixedEdgesAtConflict=30931
%%%mzn-stat: circuitNumber191NumberOfConflicts=2274
%%%mzn-stat: circuitNumber191PropagationsThatPruned=30989
%%%mzn-stat: circuitNumber191PropagationsTotal=188351
%%%mzn-stat: AverageConflictSize=9.85526572047618
%%%mzn-stat: NumUnitNogoodsLearned=1
%%%mzn-stat: AverageLearnedNogoodLength=25.10428585339728
%%%mzn-stat: AverageBacktrackAmount=0
%%%mzn-stat: AverageLbd=8.899761423667746
%%%mzn-stat: 2AutonomousSearchNumBackupCalled=606
%%%mzn-stat: 2AutonomousSearchNumPredicatesRemoved=0
%%%mzn-stat: 2AutonomousSearchNumCalls=610
%%%mzn-stat: 2AutonomousSearchNumPredicatesAdded=1160
%%%mzn-stat: 2AutonomousSearchAverageSizeOfHeap=0.780327868852459
%%%mzn-stat: 2AutonomousSearchNumAssignedPredicatesEncountered=476
%%%mzn-stat-end
