%%%mzn-stat: initTime=0.046093473
%%%mzn-stat: objective=166
%%%mzn-stat: nodes=8425
%%%mzn-stat: restarts=0
%%%mzn-stat: peakDepth=1751
%%%mzn-stat: solveTime=7.87433887
%%%mzn-stat: variables=3354
%%%mzn-stat: propagators=2914
%%%mzn-stat: failures=5629
%%%mzn-stat: propagations=524549
%%%mzn-stat: nogoods=5629
%%%mzn-stat: AverageConflictSize=17.808669390655535
%%%mzn-stat: NumUnitNogoodsLearned=165
%%%mzn-stat: AverageLearnedNogoodLength=98.64327589269853
%%%mzn-stat: AverageBacktrackAmount=0
%%%mzn-stat: AverageLbd=19.72126487830876
%%%mzn-stat-end
maxleg = 166;
succ = array1d(1..150,[36, 98, 149, 129, 102, 123, 38, 71, 49, 70, 23, 138, 113, 81, 140, 15, 39, 86, 40, 10, 124, 83, 80, 143, 18, 93, 141, 130, 67, 100, 114, 112, 103, 122, 101, 2, 33, 69, 47, 52, 72, 125, 42, 29, 96, 35, 78, 75, 11, 53, 54, 87, 28, 134, 50, 17, 111, 121, 126, 22, 32, 142, 91, 44, 110, 115, 73, 60, 26, 62, 97, 68, 99, 147, 77, 27, 5, 131, 19, 43, 90, 109, 57, 1, 89, 41, 119, 76, 135, 24, 116, 128, 88, 127, 79, 105, 104, 107, 137, 51, 13, 85, 92, 3, 7, 82, 94, 63, 37, 61, 150, 34, 84, 146, 145, 4, 8, 59, 12, 118, 46, 9, 65, 136, 132, 21, 25, 30, 56, 31, 144, 14, 45, 148, 133, 64, 106, 120, 58, 95, 16, 108, 20, 66, 117, 139, 48, 55, 74, 6]);
% time elapsed: 11.44 s
----------
==========
% time elapsed: 11.44 s
%%%mzn-stat: initTime=0.046093473
%%%mzn-stat: objective=166
%%%mzn-stat: nodes=8425
%%%mzn-stat: restarts=0
%%%mzn-stat: peakDepth=1751
%%%mzn-stat: solveTime=7.874352202
%%%mzn-stat: variables=3354
%%%mzn-stat: propagators=2914
%%%mzn-stat: failures=5629
%%%mzn-stat: propagations=524549
%%%mzn-stat: nogoods=5629
%%%mzn-stat: AverageConflictSize=17.808669390655535
%%%mzn-stat: NumUnitNogoodsLearned=165
%%%mzn-stat: AverageLearnedNogoodLength=98.64327589269853
%%%mzn-stat: AverageBacktrackAmount=0
%%%mzn-stat: AverageLbd=19.72126487830876
%%%mzn-stat-end
