%%%mzn-stat: initTime=0.009083877
%%%mzn-stat: objective=520
%%%mzn-stat: nodes=1023
%%%mzn-stat: restarts=0
%%%mzn-stat: peakDepth=67
%%%mzn-stat: solveTime=0.02614995
%%%mzn-stat: variables=192
%%%mzn-stat: propagators=117
%%%mzn-stat: failures=583
%%%mzn-stat: propagations=28659
%%%mzn-stat: nogoods=583
%%%mzn-stat: AverageConflictSize=2.955403087478559
%%%mzn-stat: NumUnitNogoodsLearned=519
%%%mzn-stat: AverageLearnedNogoodLength=1.2967409948542024
%%%mzn-stat: AverageBacktrackAmount=0
%%%mzn-stat: AverageLbd=1.1938250428816466
%%%mzn-stat-end
maxleg = 520;
succ = array1d(1..20,[7, 16, 18, 12, 4, 13, 2, 14, 15, 5, 1, 11, 9, 6, 3, 17, 8, 20, 10, 19]);
% time elapsed: 6.45 s
----------
==========
% time elapsed: 6.45 s
%%%mzn-stat: initTime=0.009083877
%%%mzn-stat: objective=520
%%%mzn-stat: nodes=1023
%%%mzn-stat: restarts=0
%%%mzn-stat: peakDepth=67
%%%mzn-stat: solveTime=0.026152642
%%%mzn-stat: variables=192
%%%mzn-stat: propagators=117
%%%mzn-stat: failures=583
%%%mzn-stat: propagations=28659
%%%mzn-stat: nogoods=583
%%%mzn-stat: AverageConflictSize=2.955403087478559
%%%mzn-stat: NumUnitNogoodsLearned=519
%%%mzn-stat: AverageLearnedNogoodLength=1.2967409948542024
%%%mzn-stat: AverageBacktrackAmount=0
%%%mzn-stat: AverageLbd=1.1938250428816466
%%%mzn-stat-end
