% Logging successfully configured
=====UNKNOWN=====
% time elapsed: 300.04 s
%%%mzn-stat: initTime=0.027889192
%%%mzn-stat: nodes=785600
%%%mzn-stat: restarts=0
%%%mzn-stat: peakDepth=83
%%%mzn-stat: solveTime=299.79128838
%%%mzn-stat: variables=3111
%%%mzn-stat: propagators=7167
%%%mzn-stat: failures=729299
%%%mzn-stat: propagations=560256700
%%%mzn-stat: nogoods=729299
%%%mzn-stat: numAtomicConstraintsPropagated=0
%%%mzn-stat: circuitNumber4951PropagationsThatFoundConflict=2392
%%%mzn-stat: circuitNumber4951TotalFixedEdgesAtConflict=213326
%%%mzn-stat: circuitNumber4951NumberOfConflicts=2392
%%%mzn-stat: circuitNumber4951PropagationsThatPruned=77095
%%%mzn-stat: circuitNumber4951PropagationsTotal=604087
%%%mzn-stat: AverageConflictSize=17.80043027619673
%%%mzn-stat: NumUnitNogoodsLearned=0
%%%mzn-stat: AverageLearnedNogoodLength=55.143060665104436
%%%mzn-stat: AverageBacktrackAmount=0
%%%mzn-stat: AverageLbd=28.47863907670242
%%%mzn-stat: 2AutonomousSearchNumBackupCalled=0
%%%mzn-stat: 2AutonomousSearchNumPredicatesRemoved=0
%%%mzn-stat: 2AutonomousSearchNumCalls=0
%%%mzn-stat: 2AutonomousSearchNumPredicatesAdded=2258
%%%mzn-stat: 2AutonomousSearchAverageSizeOfHeap=0
%%%mzn-stat: 2AutonomousSearchNumAssignedPredicatesEncountered=0
%%%mzn-stat-end
