% Logging successfully configured
%%%mzn-stat: initTime=0.005132037
%%%mzn-stat: objective=849
%%%mzn-stat: nodes=2968
%%%mzn-stat: restarts=0
%%%mzn-stat: peakDepth=193
%%%mzn-stat: solveTime=0.164147265
%%%mzn-stat: variables=482
%%%mzn-stat: propagators=309
%%%mzn-stat: failures=1067
%%%mzn-stat: propagations=35388
%%%mzn-stat: nogoods=1067
%%%mzn-stat: numAtomicConstraintsPropagated=0
%%%mzn-stat: allDifferentNumber1TotalHallSetSize=15026
%%%mzn-stat: allDifferentNumber1NumberOfConflicts=987
%%%mzn-stat: allDifferentNumber1MaxHallSetSize=50
%%%mzn-stat: allDifferentNumber1PropagationsTotal=6162
%%%mzn-stat: allDifferentNumber1PropagationsThatFoundConflict=987
%%%mzn-stat: circuitNumber2PropagationsThatFoundConflict=51
%%%mzn-stat: circuitNumber2TotalFixedEdgesAtConflict=1706
%%%mzn-stat: circuitNumber2NumberOfConflicts=51
%%%mzn-stat: circuitNumber2PropagationsThatPruned=565
%%%mzn-stat: circuitNumber2PropagationsTotal=3478
%%%mzn-stat: AverageConflictSize=12.12464854732896
%%%mzn-stat: NumUnitNogoodsLearned=0
%%%mzn-stat: AverageLearnedNogoodLength=11.946579194001874
%%%mzn-stat: AverageBacktrackAmount=0
%%%mzn-stat: AverageLbd=8.489222118088097
%%%mzn-stat: 2AutonomousSearchNumBackupCalled=171
%%%mzn-stat: 2AutonomousSearchNumPredicatesRemoved=0
%%%mzn-stat: 2AutonomousSearchNumCalls=172
%%%mzn-stat: 2AutonomousSearchNumPredicatesAdded=1831
%%%mzn-stat: 2AutonomousSearchAverageSizeOfHeap=10.645348837209303
%%%mzn-stat: 2AutonomousSearchNumAssignedPredicatesEncountered=1831
%%%mzn-stat-end
maxleg = 849;
succ = array1d(1..50,[4, 10, 6, 5, 40, 22, 27, 39, 11, 15, 8, 38, 35, 44, 37, 25, 18, 30, 32, 26, 41, 36, 45, 1, 42, 21, 50, 24, 2, 31, 29, 7, 28, 49, 43, 23, 33, 3, 13, 9, 46, 48, 19, 47, 14, 16, 20, 17, 12, 34]);
% time elapsed: 0.50 s
----------
%%%mzn-stat: initTime=0.005132037
%%%mzn-stat: objective=741
%%%mzn-stat: nodes=3211
%%%mzn-stat: restarts=0
%%%mzn-stat: peakDepth=199
%%%mzn-stat: solveTime=0.167169383
%%%mzn-stat: variables=482
%%%mzn-stat: propagators=309
%%%mzn-stat: failures=1074
%%%mzn-stat: propagations=36542
%%%mzn-stat: nogoods=1074
%%%mzn-stat: numAtomicConstraintsPropagated=0
%%%mzn-stat: allDifferentNumber1TotalHallSetSize=15074
%%%mzn-stat: allDifferentNumber1NumberOfConflicts=994
%%%mzn-stat: allDifferentNumber1MaxHallSetSize=50
%%%mzn-stat: allDifferentNumber1PropagationsTotal=6273
%%%mzn-stat: allDifferentNumber1PropagationsThatFoundConflict=994
%%%mzn-stat: circuitNumber2PropagationsThatFoundConflict=51
%%%mzn-stat: circuitNumber2TotalFixedEdgesAtConflict=1706
%%%mzn-stat: circuitNumber2NumberOfConflicts=51
%%%mzn-stat: circuitNumber2PropagationsThatPruned=578
%%%mzn-stat: circuitNumber2PropagationsTotal=3555
%%%mzn-stat: AverageConflictSize=12.085661080074487
%%%mzn-stat: NumUnitNogoodsLearned=0
%%%mzn-stat: AverageLearnedNogoodLength=11.904096834264433
%%%mzn-stat: AverageBacktrackAmount=0
%%%mzn-stat: AverageLbd=8.455307262569832
%%%mzn-stat: 2AutonomousSearchNumBackupCalled=344
%%%mzn-stat: 2AutonomousSearchNumPredicatesRemoved=0
%%%mzn-stat: 2AutonomousSearchNumCalls=346
%%%mzn-stat: 2AutonomousSearchNumPredicatesAdded=1869
%%%mzn-stat: 2AutonomousSearchAverageSizeOfHeap=10.61271676300578
%%%mzn-stat: 2AutonomousSearchNumAssignedPredicatesEncountered=3672
%%%mzn-stat-end
maxleg = 741;
succ = array1d(1..50,[4, 10, 6, 5, 40, 22, 27, 39, 16, 8, 12, 38, 35, 15, 37, 20, 18, 30, 32, 26, 25, 36, 47, 1, 42, 46, 50, 24, 2, 31, 29, 7, 28, 49, 43, 23, 33, 3, 13, 9, 21, 48, 19, 45, 14, 41, 44, 17, 11, 34]);
% time elapsed: 0.50 s
----------
%%%mzn-stat: initTime=0.005132037
%%%mzn-stat: objective=729
%%%mzn-stat: nodes=4062
%%%mzn-stat: restarts=0
%%%mzn-stat: peakDepth=199
%%%mzn-stat: solveTime=0.192869339
%%%mzn-stat: variables=482
%%%mzn-stat: propagators=309
%%%mzn-stat: failures=1227
%%%mzn-stat: propagations=44471
%%%mzn-stat: nogoods=1227
%%%mzn-stat: numAtomicConstraintsPropagated=0
%%%mzn-stat: allDifferentNumber1TotalHallSetSize=15939
%%%mzn-stat: allDifferentNumber1NumberOfConflicts=1134
%%%mzn-stat: allDifferentNumber1MaxHallSetSize=50
%%%mzn-stat: allDifferentNumber1PropagationsTotal=7495
%%%mzn-stat: allDifferentNumber1PropagationsThatFoundConflict=1134
%%%mzn-stat: circuitNumber2PropagationsThatFoundConflict=54
%%%mzn-stat: circuitNumber2TotalFixedEdgesAtConflict=1804
%%%mzn-stat: circuitNumber2NumberOfConflicts=54
%%%mzn-stat: circuitNumber2PropagationsThatPruned=701
%%%mzn-stat: circuitNumber2PropagationsTotal=4342
%%%mzn-stat: AverageConflictSize=11.290138549307253
%%%mzn-stat: NumUnitNogoodsLearned=0
%%%mzn-stat: AverageLearnedNogoodLength=11.163814180929096
%%%mzn-stat: AverageBacktrackAmount=0
%%%mzn-stat: AverageLbd=7.9119804400978
%%%mzn-stat: 2AutonomousSearchNumBackupCalled=510
%%%mzn-stat: 2AutonomousSearchNumPredicatesRemoved=0
%%%mzn-stat: 2AutonomousSearchNumCalls=513
%%%mzn-stat: 2AutonomousSearchNumPredicatesAdded=3119
%%%mzn-stat: 2AutonomousSearchAverageSizeOfHeap=11.300194931773879
%%%mzn-stat: 2AutonomousSearchNumAssignedPredicatesEncountered=5797
%%%mzn-stat-end
maxleg = 729;
succ = array1d(1..50,[4, 10, 6, 5, 40, 47, 27, 11, 16, 8, 38, 49, 39, 15, 37, 20, 18, 36, 32, 26, 25, 3, 44, 1, 42, 46, 13, 24, 31, 17, 2, 7, 29, 50, 43, 22, 33, 12, 28, 9, 21, 48, 19, 45, 14, 41, 23, 30, 34, 35]);
% time elapsed: 0.51 s
----------
%%%mzn-stat: initTime=0.005132037
%%%mzn-stat: objective=281
%%%mzn-stat: nodes=5046
%%%mzn-stat: restarts=0
%%%mzn-stat: peakDepth=199
%%%mzn-stat: solveTime=0.245146003
%%%mzn-stat: variables=482
%%%mzn-stat: propagators=309
%%%mzn-stat: failures=1587
%%%mzn-stat: propagations=57056
%%%mzn-stat: nogoods=1587
%%%mzn-stat: numAtomicConstraintsPropagated=0
%%%mzn-stat: allDifferentNumber1TotalHallSetSize=19523
%%%mzn-stat: allDifferentNumber1NumberOfConflicts=1455
%%%mzn-stat: allDifferentNumber1MaxHallSetSize=50
%%%mzn-stat: allDifferentNumber1PropagationsTotal=9337
%%%mzn-stat: allDifferentNumber1PropagationsThatFoundConflict=1455
%%%mzn-stat: circuitNumber2PropagationsThatFoundConflict=64
%%%mzn-stat: circuitNumber2TotalFixedEdgesAtConflict=2071
%%%mzn-stat: circuitNumber2NumberOfConflicts=64
%%%mzn-stat: circuitNumber2PropagationsThatPruned=971
%%%mzn-stat: circuitNumber2PropagationsTotal=5366
%%%mzn-stat: AverageConflictSize=10.67548834278513
%%%mzn-stat: NumUnitNogoodsLearned=0
%%%mzn-stat: AverageLearnedNogoodLength=10.771896660365469
%%%mzn-stat: AverageBacktrackAmount=0
%%%mzn-stat: AverageLbd=7.390044108380592
%%%mzn-stat: 2AutonomousSearchNumBackupCalled=667
%%%mzn-stat: 2AutonomousSearchNumPredicatesRemoved=0
%%%mzn-stat: 2AutonomousSearchNumCalls=671
%%%mzn-stat: 2AutonomousSearchNumPredicatesAdded=5215
%%%mzn-stat: 2AutonomousSearchAverageSizeOfHeap=12.357675111773473
%%%mzn-stat: 2AutonomousSearchNumAssignedPredicatesEncountered=8292
%%%mzn-stat-end
maxleg = 281;
succ = array1d(1..50,[4, 10, 6, 40, 24, 22, 32, 39, 16, 8, 12, 38, 27, 15, 37, 20, 30, 17, 35, 47, 25, 36, 44, 28, 42, 21, 50, 33, 2, 48, 29, 43, 7, 49, 13, 18, 31, 3, 1, 5, 46, 9, 19, 45, 14, 26, 23, 41, 11, 34]);
% time elapsed: 0.56 s
----------
==========
% time elapsed: 0.62 s
%%%mzn-stat: initTime=0.005132037
%%%mzn-stat: objective=281
%%%mzn-stat: nodes=5817
%%%mzn-stat: restarts=0
%%%mzn-stat: peakDepth=199
%%%mzn-stat: solveTime=0.309049467
%%%mzn-stat: variables=482
%%%mzn-stat: propagators=309
%%%mzn-stat: failures=1995
%%%mzn-stat: propagations=71701
%%%mzn-stat: nogoods=1995
%%%mzn-stat: numAtomicConstraintsPropagated=0
%%%mzn-stat: allDifferentNumber1TotalHallSetSize=24792
%%%mzn-stat: allDifferentNumber1NumberOfConflicts=1793
%%%mzn-stat: allDifferentNumber1MaxHallSetSize=50
%%%mzn-stat: allDifferentNumber1PropagationsTotal=11130
%%%mzn-stat: allDifferentNumber1PropagationsThatFoundConflict=1793
%%%mzn-stat: circuitNumber2PropagationsThatFoundConflict=96
%%%mzn-stat: circuitNumber2TotalFixedEdgesAtConflict=2490
%%%mzn-stat: circuitNumber2NumberOfConflicts=96
%%%mzn-stat: circuitNumber2PropagationsThatPruned=1136
%%%mzn-stat: circuitNumber2PropagationsTotal=6286
%%%mzn-stat: AverageConflictSize=10.821052631578947
%%%mzn-stat: NumUnitNogoodsLearned=1
%%%mzn-stat: AverageLearnedNogoodLength=11.234586466165414
%%%mzn-stat: AverageBacktrackAmount=0
%%%mzn-stat: AverageLbd=6.68671679197995
%%%mzn-stat: 2AutonomousSearchNumBackupCalled=667
%%%mzn-stat: 2AutonomousSearchNumPredicatesRemoved=0
%%%mzn-stat: 2AutonomousSearchNumCalls=671
%%%mzn-stat: 2AutonomousSearchNumPredicatesAdded=7250
%%%mzn-stat: 2AutonomousSearchAverageSizeOfHeap=12.357675111773473
%%%mzn-stat: 2AutonomousSearchNumAssignedPredicatesEncountered=8292
%%%mzn-stat-end
