%%%mzn-stat: initTime=0.016406727
%%%mzn-stat: objective=271
%%%mzn-stat: nodes=37079
%%%mzn-stat: restarts=1
%%%mzn-stat: peakDepth=546
%%%mzn-stat: solveTime=29.423665377
%%%mzn-stat: variables=1121
%%%mzn-stat: propagators=821
%%%mzn-stat: failures=35209
%%%mzn-stat: propagations=1007275
%%%mzn-stat: nogoods=35209
%%%mzn-stat: AverageConflictSize=77.82586838592405
%%%mzn-stat: NumUnitNogoodsLearned=187
%%%mzn-stat: AverageLearnedNogoodLength=86.03308813087563
%%%mzn-stat: AverageBacktrackAmount=0
%%%mzn-stat: AverageLbd=37.15774375869806
%%%mzn-stat-end
maxleg = 271;
succ = array1d(1..100,[56, 4, 70, 79, 43, 50, 33, 26, 39, 61, 27, 80, 96, 99, 2, 30, 100, 98, 41, 35, 95, 15, 64, 71, 76, 13, 37, 55, 83, 5, 7, 3, 47, 28, 82, 68, 23, 18, 58, 66, 21, 77, 62, 8, 38, 54, 84, 72, 65, 10, 6, 78, 24, 9, 12, 31, 73, 52, 67, 40, 29, 53, 60, 20, 89, 22, 87, 48, 36, 45, 17, 93, 51, 90, 74, 92, 19, 94, 75, 25, 85, 44, 88, 34, 46, 59, 69, 86, 32, 81, 11, 49, 42, 1, 14, 63, 91, 57, 16, 97]);
% time elapsed: 36.22 s
----------
%%%mzn-stat: initTime=0.016406727
%%%mzn-stat: objective=188
%%%mzn-stat: nodes=37646
%%%mzn-stat: restarts=1
%%%mzn-stat: peakDepth=553
%%%mzn-stat: solveTime=29.447481356
%%%mzn-stat: variables=1121
%%%mzn-stat: propagators=821
%%%mzn-stat: failures=35215
%%%mzn-stat: propagations=1009006
%%%mzn-stat: nogoods=35215
%%%mzn-stat: AverageConflictSize=77.81451086184865
%%%mzn-stat: NumUnitNogoodsLearned=187
%%%mzn-stat: AverageLearnedNogoodLength=86.0232287377538
%%%mzn-stat: AverageBacktrackAmount=0
%%%mzn-stat: AverageLbd=37.15433764021014
%%%mzn-stat-end
maxleg = 188;
succ = array1d(1..100,[56, 90, 70, 57, 43, 18, 33, 26, 85, 61, 27, 80, 78, 99, 74, 30, 100, 98, 41, 35, 95, 63, 64, 71, 76, 13, 37, 55, 83, 5, 7, 3, 47, 28, 82, 68, 23, 40, 58, 22, 21, 77, 62, 8, 38, 4, 84, 72, 65, 10, 6, 39, 24, 9, 12, 31, 51, 54, 67, 66, 29, 53, 60, 20, 89, 15, 87, 48, 36, 45, 17, 93, 50, 79, 2, 92, 19, 94, 75, 25, 96, 44, 88, 34, 46, 59, 69, 86, 32, 81, 11, 49, 42, 1, 14, 52, 91, 73, 16, 97]);
% time elapsed: 36.25 s
----------
==========
% time elapsed: 36.25 s
%%%mzn-stat: initTime=0.016406727
%%%mzn-stat: objective=188
%%%mzn-stat: nodes=37646
%%%mzn-stat: restarts=1
%%%mzn-stat: peakDepth=553
%%%mzn-stat: solveTime=29.447494889
%%%mzn-stat: variables=1121
%%%mzn-stat: propagators=821
%%%mzn-stat: failures=35215
%%%mzn-stat: propagations=1009006
%%%mzn-stat: nogoods=35215
%%%mzn-stat: AverageConflictSize=77.81451086184865
%%%mzn-stat: NumUnitNogoodsLearned=187
%%%mzn-stat: AverageLearnedNogoodLength=86.0232287377538
%%%mzn-stat: AverageBacktrackAmount=0
%%%mzn-stat: AverageLbd=37.15433764021014
%%%mzn-stat-end
