%%%mzn-stat: initTime=0.011699897
%%%mzn-stat: objective=557
%%%mzn-stat: nodes=12893
%%%mzn-stat: restarts=3
%%%mzn-stat: peakDepth=761
%%%mzn-stat: solveTime=5.139199021
%%%mzn-stat: variables=1377
%%%mzn-stat: propagators=1050
%%%mzn-stat: failures=11124
%%%mzn-stat: propagations=356914
%%%mzn-stat: nogoods=11124
%%%mzn-stat: AverageConflictSize=15.142754404890328
%%%mzn-stat: NumUnitNogoodsLearned=171
%%%mzn-stat: AverageLearnedNogoodLength=27.81103919453434
%%%mzn-stat: AverageBacktrackAmount=0
%%%mzn-stat: AverageLbd=11.830636461704422
%%%mzn-stat-end
maxleg = 557;
succ = array1d(1..100,[68, 49, 80, 85, 61, 69, 90, 96, 23, 18, 38, 41, 88, 59, 82, 66, 2, 30, 64, 57, 75, 99, 14, 71, 79, 62, 12, 27, 63, 24, 65, 45, 44, 31, 43, 29, 97, 84, 28, 13, 55, 37, 50, 6, 20, 21, 100, 73, 93, 51, 56, 35, 3, 15, 7, 5, 8, 92, 83, 52, 47, 9, 32, 40, 19, 4, 33, 10, 98, 95, 11, 74, 76, 34, 86, 89, 16, 42, 60, 17, 1, 67, 78, 70, 81, 39, 54, 53, 22, 72, 87, 46, 25, 36, 26, 91, 48, 58, 94, 77]);
% time elapsed: 6.54 s
----------
%%%mzn-stat: initTime=0.011699897
%%%mzn-stat: objective=237
%%%mzn-stat: nodes=13911
%%%mzn-stat: restarts=4
%%%mzn-stat: peakDepth=761
%%%mzn-stat: solveTime=5.23154828
%%%mzn-stat: variables=1377
%%%mzn-stat: propagators=1050
%%%mzn-stat: failures=11248
%%%mzn-stat: propagations=363527
%%%mzn-stat: nogoods=11248
%%%mzn-stat: AverageConflictSize=15.133890469416786
%%%mzn-stat: NumUnitNogoodsLearned=171
%%%mzn-stat: AverageLearnedNogoodLength=27.784228307254622
%%%mzn-stat: AverageBacktrackAmount=0
%%%mzn-stat: AverageLbd=11.836237553342816
%%%mzn-stat-end
maxleg = 237;
succ = array1d(1..100,[68, 80, 17, 52, 79, 69, 90, 96, 23, 18, 38, 41, 88, 83, 82, 66, 2, 93, 74, 57, 75, 36, 14, 84, 9, 62, 12, 39, 99, 24, 65, 45, 44, 64, 43, 73, 89, 59, 27, 13, 55, 37, 50, 6, 20, 21, 95, 97, 100, 51, 56, 35, 3, 15, 7, 5, 8, 31, 48, 61, 47, 30, 29, 40, 19, 4, 33, 10, 92, 25, 11, 98, 63, 34, 86, 22, 16, 71, 60, 85, 1, 67, 78, 70, 81, 28, 54, 53, 76, 72, 87, 46, 49, 32, 26, 91, 42, 58, 94, 77]);
% time elapsed: 6.58 s
----------
%%%mzn-stat: initTime=0.011699897
%%%mzn-stat: objective=236
%%%mzn-stat: nodes=15388
%%%mzn-stat: restarts=6
%%%mzn-stat: peakDepth=805
%%%mzn-stat: solveTime=5.497362278
%%%mzn-stat: variables=1377
%%%mzn-stat: propagators=1050
%%%mzn-stat: failures=11697
%%%mzn-stat: propagations=382643
%%%mzn-stat: nogoods=11697
%%%mzn-stat: AverageConflictSize=15.140121398649226
%%%mzn-stat: NumUnitNogoodsLearned=171
%%%mzn-stat: AverageLearnedNogoodLength=27.793536804308797
%%%mzn-stat: AverageBacktrackAmount=0
%%%mzn-stat: AverageLbd=11.790715568094383
%%%mzn-stat-end
maxleg = 236;
succ = array1d(1..100,[68, 80, 17, 35, 79, 69, 90, 96, 23, 18, 38, 41, 88, 83, 82, 66, 2, 93, 74, 57, 75, 89, 14, 84, 30, 62, 12, 39, 63, 24, 65, 99, 44, 64, 43, 22, 42, 59, 27, 13, 55, 97, 50, 6, 20, 21, 95, 37, 100, 51, 56, 60, 3, 15, 7, 5, 8, 31, 48, 61, 47, 25, 32, 40, 19, 4, 33, 10, 92, 9, 11, 98, 36, 34, 86, 29, 16, 71, 52, 85, 1, 67, 78, 70, 81, 28, 54, 53, 76, 72, 87, 46, 49, 45, 26, 91, 73, 58, 94, 77]);
% time elapsed: 6.84 s
----------
%%%mzn-stat: initTime=0.011699897
%%%mzn-stat: objective=235
%%%mzn-stat: nodes=16405
%%%mzn-stat: restarts=7
%%%mzn-stat: peakDepth=805
%%%mzn-stat: solveTime=5.568230689
%%%mzn-stat: variables=1377
%%%mzn-stat: propagators=1050
%%%mzn-stat: failures=11749
%%%mzn-stat: propagations=387351
%%%mzn-stat: nogoods=11749
%%%mzn-stat: AverageConflictSize=15.174908502851306
%%%mzn-stat: NumUnitNogoodsLearned=171
%%%mzn-stat: AverageLearnedNogoodLength=27.88373478593923
%%%mzn-stat: AverageBacktrackAmount=0
%%%mzn-stat: AverageLbd=11.81555877095923
%%%mzn-stat-end
maxleg = 235;
succ = array1d(1..100,[68, 80, 17, 35, 79, 69, 90, 96, 23, 18, 38, 41, 88, 83, 82, 66, 2, 93, 74, 57, 75, 76, 14, 84, 9, 62, 12, 39, 63, 24, 65, 99, 44, 64, 43, 89, 73, 59, 27, 13, 55, 37, 50, 6, 20, 21, 95, 97, 100, 51, 56, 60, 3, 15, 7, 5, 8, 31, 48, 61, 47, 30, 32, 40, 19, 4, 33, 10, 92, 25, 11, 98, 36, 34, 86, 29, 16, 71, 52, 85, 1, 67, 78, 70, 81, 28, 54, 53, 22, 72, 87, 46, 49, 45, 26, 91, 42, 58, 94, 77]);
% time elapsed: 6.92 s
----------
%%%mzn-stat: initTime=0.011699897
%%%mzn-stat: objective=234
%%%mzn-stat: nodes=17375
%%%mzn-stat: restarts=8
%%%mzn-stat: peakDepth=805
%%%mzn-stat: solveTime=5.656769082
%%%mzn-stat: variables=1377
%%%mzn-stat: propagators=1050
%%%mzn-stat: failures=11808
%%%mzn-stat: propagations=392807
%%%mzn-stat: nogoods=11808
%%%mzn-stat: AverageConflictSize=15.269308943089431
%%%mzn-stat: NumUnitNogoodsLearned=171
%%%mzn-stat: AverageLearnedNogoodLength=28.06173780487805
%%%mzn-stat: AverageBacktrackAmount=0
%%%mzn-stat: AverageLbd=11.888380758807589
%%%mzn-stat-end
maxleg = 234;
succ = array1d(1..100,[68, 80, 17, 35, 79, 69, 90, 96, 23, 18, 38, 41, 88, 83, 82, 66, 2, 93, 74, 57, 75, 63, 14, 84, 30, 62, 12, 39, 76, 24, 65, 99, 44, 64, 43, 22, 89, 59, 27, 13, 55, 97, 50, 6, 20, 21, 95, 42, 100, 51, 56, 60, 3, 15, 7, 5, 8, 31, 48, 61, 47, 25, 32, 40, 19, 4, 33, 10, 92, 9, 11, 98, 36, 34, 86, 73, 16, 71, 52, 85, 1, 67, 78, 70, 81, 28, 54, 53, 29, 72, 87, 46, 49, 45, 26, 91, 37, 58, 94, 77]);
% time elapsed: 7.01 s
----------
%%%mzn-stat: initTime=0.011699897
%%%mzn-stat: objective=233
%%%mzn-stat: nodes=22468
%%%mzn-stat: restarts=14
%%%mzn-stat: peakDepth=852
%%%mzn-stat: solveTime=7.5102232749999995
%%%mzn-stat: variables=1377
%%%mzn-stat: propagators=1050
%%%mzn-stat: failures=15432
%%%mzn-stat: propagations=498794
%%%mzn-stat: nogoods=15432
%%%mzn-stat: AverageConflictSize=15.508424053913945
%%%mzn-stat: NumUnitNogoodsLearned=171
%%%mzn-stat: AverageLearnedNogoodLength=27.78758424053914
%%%mzn-stat: AverageBacktrackAmount=0
%%%mzn-stat: AverageLbd=11.874092794193883
%%%mzn-stat-end
maxleg = 233;
succ = array1d(1..100,[68, 80, 10, 35, 79, 69, 90, 96, 30, 18, 38, 41, 88, 83, 82, 66, 2, 49, 74, 57, 75, 63, 14, 84, 23, 62, 12, 39, 76, 24, 65, 99, 44, 31, 43, 22, 89, 59, 81, 13, 64, 37, 50, 6, 20, 21, 5, 97, 100, 51, 56, 60, 3, 15, 7, 61, 8, 27, 48, 16, 47, 25, 32, 34, 19, 85, 33, 93, 92, 95, 11, 98, 36, 40, 86, 73, 4, 71, 52, 55, 17, 67, 78, 70, 1, 28, 54, 53, 29, 72, 87, 46, 9, 45, 26, 91, 42, 58, 94, 77]);
% time elapsed: 8.86 s
----------
%%%mzn-stat: initTime=0.011699897
%%%mzn-stat: objective=232
%%%mzn-stat: nodes=23926
%%%mzn-stat: restarts=15
%%%mzn-stat: peakDepth=852
%%%mzn-stat: solveTime=7.755727171
%%%mzn-stat: variables=1377
%%%mzn-stat: propagators=1050
%%%mzn-stat: failures=15923
%%%mzn-stat: propagations=514990
%%%mzn-stat: nogoods=15923
%%%mzn-stat: AverageConflictSize=15.454813791370972
%%%mzn-stat: NumUnitNogoodsLearned=171
%%%mzn-stat: AverageLearnedNogoodLength=27.72379576712931
%%%mzn-stat: AverageBacktrackAmount=0
%%%mzn-stat: AverageLbd=11.879168498398544
%%%mzn-stat-end
maxleg = 232;
succ = array1d(1..100,[68, 80, 10, 35, 79, 69, 90, 96, 30, 18, 38, 41, 88, 83, 82, 66, 2, 49, 74, 57, 75, 63, 14, 84, 23, 62, 12, 39, 76, 24, 65, 99, 44, 31, 43, 22, 89, 59, 81, 13, 64, 97, 50, 6, 20, 21, 5, 42, 100, 51, 56, 60, 3, 15, 7, 61, 8, 27, 48, 16, 47, 25, 32, 34, 19, 85, 33, 93, 92, 95, 11, 98, 36, 40, 86, 73, 4, 71, 52, 55, 17, 67, 78, 70, 1, 28, 54, 53, 29, 72, 87, 46, 9, 45, 26, 91, 37, 58, 94, 77]);
% time elapsed: 9.11 s
----------
%%%mzn-stat: initTime=0.011699897
%%%mzn-stat: objective=231
%%%mzn-stat: nodes=24941
%%%mzn-stat: restarts=16
%%%mzn-stat: peakDepth=852
%%%mzn-stat: solveTime=7.838040517
%%%mzn-stat: variables=1377
%%%mzn-stat: propagators=1050
%%%mzn-stat: failures=15976
%%%mzn-stat: propagations=518976
%%%mzn-stat: nogoods=15976
%%%mzn-stat: AverageConflictSize=15.536492238357535
%%%mzn-stat: NumUnitNogoodsLearned=171
%%%mzn-stat: AverageLearnedNogoodLength=27.9221331997997
%%%mzn-stat: AverageBacktrackAmount=0
%%%mzn-stat: AverageLbd=11.94385327991988
%%%mzn-stat-end
maxleg = 231;
succ = array1d(1..100,[68, 80, 10, 35, 79, 92, 13, 96, 30, 18, 38, 72, 88, 83, 82, 66, 2, 49, 74, 57, 75, 63, 14, 84, 23, 62, 69, 39, 76, 24, 65, 99, 44, 31, 43, 22, 89, 59, 81, 12, 64, 97, 50, 6, 20, 21, 5, 42, 100, 51, 56, 60, 3, 15, 7, 61, 8, 33, 48, 16, 47, 25, 32, 40, 19, 85, 34, 93, 98, 95, 11, 90, 36, 41, 86, 73, 4, 71, 52, 55, 17, 67, 78, 70, 1, 28, 54, 53, 29, 27, 87, 46, 9, 45, 26, 91, 37, 58, 94, 77]);
% time elapsed: 9.19 s
----------
%%%mzn-stat: initTime=0.011699897
%%%mzn-stat: objective=230
%%%mzn-stat: nodes=26180
%%%mzn-stat: restarts=17
%%%mzn-stat: peakDepth=852
%%%mzn-stat: solveTime=8.190099895
%%%mzn-stat: variables=1377
%%%mzn-stat: propagators=1050
%%%mzn-stat: failures=16400
%%%mzn-stat: propagations=535376
%%%mzn-stat: nogoods=16400
%%%mzn-stat: AverageConflictSize=15.471158536585365
%%%mzn-stat: NumUnitNogoodsLearned=171
%%%mzn-stat: AverageLearnedNogoodLength=28.551341463414634
%%%mzn-stat: AverageBacktrackAmount=0
%%%mzn-stat: AverageLbd=11.936829268292684
%%%mzn-stat-end
maxleg = 230;
succ = array1d(1..100,[68, 80, 10, 35, 79, 92, 13, 96, 30, 18, 38, 72, 88, 83, 82, 66, 2, 49, 74, 57, 75, 63, 14, 84, 23, 62, 69, 39, 76, 24, 65, 99, 44, 31, 43, 22, 89, 59, 81, 12, 64, 97, 50, 6, 20, 21, 5, 42, 100, 51, 56, 60, 3, 15, 7, 61, 8, 33, 48, 16, 47, 25, 32, 40, 19, 85, 34, 93, 98, 95, 11, 90, 36, 41, 86, 73, 4, 71, 52, 55, 17, 67, 78, 70, 1, 28, 54, 53, 29, 27, 87, 46, 9, 45, 26, 91, 37, 58, 94, 77]);
% time elapsed: 9.55 s
----------
%%%mzn-stat: initTime=0.011699897
%%%mzn-stat: objective=229
%%%mzn-stat: nodes=27955
%%%mzn-stat: restarts=18
%%%mzn-stat: peakDepth=852
%%%mzn-stat: solveTime=8.501380576
%%%mzn-stat: variables=1377
%%%mzn-stat: propagators=1050
%%%mzn-stat: failures=17044
%%%mzn-stat: propagations=554389
%%%mzn-stat: nogoods=17044
%%%mzn-stat: AverageConflictSize=15.476413987326918
%%%mzn-stat: NumUnitNogoodsLearned=171
%%%mzn-stat: AverageLearnedNogoodLength=28.372975827270594
%%%mzn-stat: AverageBacktrackAmount=0
%%%mzn-stat: AverageLbd=11.901079558789016
%%%mzn-stat-end
maxleg = 229;
succ = array1d(1..100,[68, 80, 10, 35, 79, 92, 13, 96, 30, 18, 38, 72, 88, 83, 82, 66, 2, 49, 74, 57, 75, 63, 14, 84, 23, 62, 69, 39, 76, 24, 65, 99, 44, 31, 43, 22, 89, 59, 81, 12, 64, 97, 50, 6, 20, 21, 5, 42, 100, 51, 56, 60, 3, 15, 7, 61, 8, 33, 48, 16, 47, 25, 32, 40, 19, 85, 34, 93, 98, 95, 11, 90, 36, 41, 86, 73, 4, 71, 52, 55, 17, 67, 78, 70, 1, 28, 54, 53, 29, 27, 87, 46, 9, 45, 26, 91, 37, 58, 94, 77]);
% time elapsed: 9.86 s
----------
%%%mzn-stat: initTime=0.011699897
%%%mzn-stat: objective=228
%%%mzn-stat: nodes=36808
%%%mzn-stat: restarts=19
%%%mzn-stat: peakDepth=852
%%%mzn-stat: solveTime=12.163249451
%%%mzn-stat: variables=1377
%%%mzn-stat: propagators=1050
%%%mzn-stat: failures=24720
%%%mzn-stat: propagations=755310
%%%mzn-stat: nogoods=24720
%%%mzn-stat: AverageConflictSize=15.03131067961165
%%%mzn-stat: NumUnitNogoodsLearned=171
%%%mzn-stat: AverageLearnedNogoodLength=26.02997572815534
%%%mzn-stat: AverageBacktrackAmount=0
%%%mzn-stat: AverageLbd=11.315250809061489
%%%mzn-stat-end
maxleg = 228;
succ = array1d(1..100,[68, 80, 10, 35, 79, 92, 13, 96, 30, 18, 38, 72, 88, 83, 82, 66, 2, 49, 74, 57, 75, 63, 14, 84, 23, 62, 69, 39, 76, 24, 65, 99, 44, 31, 43, 22, 89, 59, 81, 12, 64, 97, 50, 6, 20, 21, 5, 42, 100, 51, 56, 60, 3, 15, 7, 61, 8, 33, 48, 16, 47, 25, 32, 40, 19, 85, 34, 93, 98, 95, 11, 90, 36, 41, 86, 73, 4, 71, 52, 55, 17, 67, 78, 70, 1, 28, 54, 53, 29, 27, 87, 46, 9, 45, 26, 91, 37, 58, 94, 77]);
% time elapsed: 13.52 s
----------
%%%mzn-stat: initTime=0.011699897
%%%mzn-stat: objective=227
%%%mzn-stat: nodes=37765
%%%mzn-stat: restarts=20
%%%mzn-stat: peakDepth=852
%%%mzn-stat: solveTime=12.253275939
%%%mzn-stat: variables=1377
%%%mzn-stat: propagators=1050
%%%mzn-stat: failures=24774
%%%mzn-stat: propagations=759959
%%%mzn-stat: nogoods=24774
%%%mzn-stat: AverageConflictSize=15.093646564947122
%%%mzn-stat: NumUnitNogoodsLearned=171
%%%mzn-stat: AverageLearnedNogoodLength=26.169290385081133
%%%mzn-stat: AverageBacktrackAmount=0
%%%mzn-stat: AverageLbd=11.371679987083233
%%%mzn-stat-end
maxleg = 227;
succ = array1d(1..100,[68, 80, 10, 35, 79, 92, 13, 96, 30, 18, 38, 72, 88, 83, 82, 66, 2, 49, 74, 57, 75, 63, 14, 84, 23, 62, 69, 39, 76, 24, 65, 99, 44, 31, 43, 22, 89, 59, 81, 12, 64, 97, 50, 6, 20, 21, 5, 42, 100, 51, 56, 60, 3, 15, 7, 61, 8, 33, 48, 16, 47, 25, 32, 40, 19, 85, 34, 93, 98, 95, 11, 90, 36, 41, 86, 73, 4, 71, 52, 55, 17, 67, 78, 70, 1, 28, 54, 53, 29, 27, 87, 46, 9, 45, 26, 91, 37, 58, 94, 77]);
% time elapsed: 13.62 s
----------
%%%mzn-stat: initTime=0.011699897
%%%mzn-stat: objective=226
%%%mzn-stat: nodes=38740
%%%mzn-stat: restarts=21
%%%mzn-stat: peakDepth=852
%%%mzn-stat: solveTime=12.372608692
%%%mzn-stat: variables=1377
%%%mzn-stat: propagators=1050
%%%mzn-stat: failures=24903
%%%mzn-stat: propagations=767073
%%%mzn-stat: nogoods=24903
%%%mzn-stat: AverageConflictSize=15.082720957314379
%%%mzn-stat: NumUnitNogoodsLearned=171
%%%mzn-stat: AverageLearnedNogoodLength=26.173714010360197
%%%mzn-stat: AverageBacktrackAmount=0
%%%mzn-stat: AverageLbd=11.374934746817653
%%%mzn-stat-end
maxleg = 226;
succ = array1d(1..100,[68, 80, 10, 35, 79, 92, 13, 96, 30, 18, 38, 72, 88, 83, 82, 66, 2, 49, 74, 57, 75, 63, 14, 84, 23, 62, 69, 39, 76, 24, 65, 99, 44, 31, 43, 22, 89, 59, 81, 12, 64, 97, 50, 6, 20, 21, 5, 42, 100, 51, 56, 60, 3, 15, 7, 61, 8, 33, 48, 16, 47, 25, 32, 40, 19, 85, 34, 93, 98, 95, 11, 90, 36, 41, 86, 73, 4, 71, 52, 55, 17, 67, 78, 70, 1, 28, 54, 53, 29, 27, 87, 46, 9, 45, 26, 91, 37, 58, 94, 77]);
% time elapsed: 13.74 s
----------
%%%mzn-stat: initTime=0.011699897
%%%mzn-stat: objective=225
%%%mzn-stat: nodes=39612
%%%mzn-stat: restarts=22
%%%mzn-stat: peakDepth=852
%%%mzn-stat: solveTime=12.459198118
%%%mzn-stat: variables=1377
%%%mzn-stat: propagators=1050
%%%mzn-stat: failures=24954
%%%mzn-stat: propagations=771092
%%%mzn-stat: nogoods=24954
%%%mzn-stat: AverageConflictSize=15.219283481606155
%%%mzn-stat: NumUnitNogoodsLearned=171
%%%mzn-stat: AverageLearnedNogoodLength=26.30488098100505
%%%mzn-stat: AverageBacktrackAmount=0
%%%mzn-stat: AverageLbd=11.436122465336219
%%%mzn-stat-end
maxleg = 225;
succ = array1d(1..100,[68, 80, 10, 35, 79, 92, 13, 96, 30, 18, 38, 72, 88, 83, 82, 66, 2, 49, 74, 57, 75, 63, 14, 84, 23, 62, 69, 39, 76, 24, 65, 99, 44, 31, 43, 22, 89, 59, 81, 12, 64, 97, 50, 6, 20, 21, 5, 42, 100, 51, 56, 60, 3, 15, 7, 61, 8, 33, 48, 16, 47, 25, 32, 40, 19, 85, 34, 93, 98, 95, 11, 90, 36, 41, 86, 73, 4, 71, 52, 55, 17, 67, 78, 70, 1, 28, 54, 53, 29, 27, 87, 46, 9, 45, 26, 91, 37, 58, 94, 77]);
% time elapsed: 13.83 s
----------
%%%mzn-stat: initTime=0.011699897
%%%mzn-stat: objective=224
%%%mzn-stat: nodes=40638
%%%mzn-stat: restarts=23
%%%mzn-stat: peakDepth=852
%%%mzn-stat: solveTime=12.577510699
%%%mzn-stat: variables=1377
%%%mzn-stat: propagators=1050
%%%mzn-stat: failures=25113
%%%mzn-stat: propagations=777530
%%%mzn-stat: nogoods=25113
%%%mzn-stat: AverageConflictSize=15.21889061442281
%%%mzn-stat: NumUnitNogoodsLearned=171
%%%mzn-stat: AverageLearnedNogoodLength=26.30752996456019
%%%mzn-stat: AverageBacktrackAmount=0
%%%mzn-stat: AverageLbd=11.432485167044957
%%%mzn-stat-end
maxleg = 224;
succ = array1d(1..100,[68, 80, 10, 35, 79, 92, 13, 96, 30, 18, 38, 72, 88, 83, 82, 66, 2, 49, 74, 57, 75, 63, 14, 84, 23, 62, 69, 39, 76, 24, 65, 99, 44, 31, 43, 22, 89, 59, 81, 12, 64, 97, 50, 6, 20, 21, 5, 42, 100, 51, 56, 60, 3, 15, 7, 61, 8, 33, 48, 16, 47, 25, 32, 40, 19, 85, 34, 93, 98, 95, 11, 90, 36, 41, 86, 73, 4, 71, 52, 55, 17, 67, 78, 70, 1, 28, 54, 53, 29, 27, 87, 46, 9, 45, 26, 91, 37, 58, 94, 77]);
% time elapsed: 13.95 s
----------
%%%mzn-stat: initTime=0.011699897
%%%mzn-stat: objective=223
%%%mzn-stat: nodes=41599
%%%mzn-stat: restarts=24
%%%mzn-stat: peakDepth=852
%%%mzn-stat: solveTime=12.671342696
%%%mzn-stat: variables=1377
%%%mzn-stat: propagators=1050
%%%mzn-stat: failures=25165
%%%mzn-stat: propagations=782235
%%%mzn-stat: nogoods=25165
%%%mzn-stat: AverageConflictSize=15.301212000794754
%%%mzn-stat: NumUnitNogoodsLearned=171
%%%mzn-stat: AverageLearnedNogoodLength=26.404887740909995
%%%mzn-stat: AverageBacktrackAmount=0
%%%mzn-stat: AverageLbd=11.483210808662825
%%%mzn-stat-end
maxleg = 223;
succ = array1d(1..100,[68, 80, 10, 35, 79, 92, 13, 96, 30, 18, 38, 72, 88, 83, 82, 66, 2, 49, 74, 57, 75, 63, 14, 84, 23, 62, 69, 39, 76, 24, 65, 99, 44, 31, 43, 22, 89, 59, 81, 12, 64, 97, 50, 6, 20, 21, 5, 42, 100, 51, 56, 60, 3, 15, 7, 61, 8, 33, 48, 16, 47, 25, 32, 40, 19, 85, 34, 93, 98, 95, 11, 90, 36, 41, 86, 73, 4, 71, 52, 55, 17, 67, 78, 70, 1, 28, 54, 53, 29, 27, 87, 46, 9, 45, 26, 91, 37, 58, 94, 77]);
% time elapsed: 14.04 s
----------
%%%mzn-stat: initTime=0.011699897
%%%mzn-stat: objective=222
%%%mzn-stat: nodes=52751
%%%mzn-stat: restarts=25
%%%mzn-stat: peakDepth=852
%%%mzn-stat: solveTime=17.379120497
%%%mzn-stat: variables=1377
%%%mzn-stat: propagators=1050
%%%mzn-stat: failures=34975
%%%mzn-stat: propagations=1029861
%%%mzn-stat: nogoods=34975
%%%mzn-stat: AverageConflictSize=14.971007862759114
%%%mzn-stat: NumUnitNogoodsLearned=171
%%%mzn-stat: AverageLearnedNogoodLength=24.397741243745532
%%%mzn-stat: AverageBacktrackAmount=0
%%%mzn-stat: AverageLbd=10.743845604002859
%%%mzn-stat-end
maxleg = 222;
succ = array1d(1..100,[68, 80, 10, 35, 79, 92, 13, 96, 30, 18, 38, 72, 88, 83, 82, 66, 2, 49, 74, 57, 75, 63, 14, 84, 23, 62, 69, 39, 76, 24, 65, 99, 44, 31, 43, 22, 89, 59, 81, 12, 64, 97, 50, 6, 20, 21, 5, 42, 100, 51, 56, 60, 3, 15, 7, 61, 8, 33, 48, 16, 47, 25, 32, 40, 19, 85, 34, 93, 98, 95, 11, 90, 36, 41, 86, 73, 4, 71, 52, 55, 17, 67, 78, 70, 1, 28, 54, 53, 29, 27, 87, 46, 9, 45, 26, 91, 37, 58, 94, 77]);
% time elapsed: 18.75 s
----------
%%%mzn-stat: initTime=0.011699897
%%%mzn-stat: objective=221
%%%mzn-stat: nodes=53673
%%%mzn-stat: restarts=26
%%%mzn-stat: peakDepth=852
%%%mzn-stat: solveTime=17.463949419
%%%mzn-stat: variables=1377
%%%mzn-stat: propagators=1050
%%%mzn-stat: failures=35029
%%%mzn-stat: propagations=1034087
%%%mzn-stat: nogoods=35029
%%%mzn-stat: AverageConflictSize=14.998287133517943
%%%mzn-stat: NumUnitNogoodsLearned=171
%%%mzn-stat: AverageLearnedNogoodLength=24.50860715407234
%%%mzn-stat: AverageBacktrackAmount=0
%%%mzn-stat: AverageLbd=10.769648005937936
%%%mzn-stat-end
maxleg = 221;
succ = array1d(1..100,[68, 80, 10, 35, 79, 92, 13, 96, 30, 18, 38, 72, 88, 83, 82, 66, 2, 49, 74, 57, 75, 63, 14, 84, 23, 62, 69, 39, 76, 24, 65, 99, 44, 31, 43, 22, 89, 59, 81, 12, 64, 97, 50, 6, 20, 21, 5, 42, 100, 51, 56, 60, 3, 15, 7, 61, 8, 33, 48, 16, 47, 25, 32, 40, 19, 85, 34, 93, 98, 95, 11, 90, 36, 41, 86, 73, 4, 71, 52, 55, 17, 67, 78, 70, 1, 28, 54, 53, 29, 27, 87, 46, 9, 45, 26, 91, 37, 58, 94, 77]);
% time elapsed: 18.84 s
----------
%%%mzn-stat: initTime=0.011699897
%%%mzn-stat: objective=220
%%%mzn-stat: nodes=55108
%%%mzn-stat: restarts=27
%%%mzn-stat: peakDepth=852
%%%mzn-stat: solveTime=17.670935048
%%%mzn-stat: variables=1377
%%%mzn-stat: propagators=1050
%%%mzn-stat: failures=35249
%%%mzn-stat: propagations=1043935
%%%mzn-stat: nogoods=35249
%%%mzn-stat: AverageConflictSize=14.999914891202588
%%%mzn-stat: NumUnitNogoodsLearned=171
%%%mzn-stat: AverageLearnedNogoodLength=24.527561065562143
%%%mzn-stat: AverageBacktrackAmount=0
%%%mzn-stat: AverageLbd=10.760475474481545
%%%mzn-stat-end
maxleg = 220;
succ = array1d(1..100,[68, 80, 10, 35, 79, 92, 13, 96, 30, 18, 38, 72, 88, 83, 82, 66, 2, 49, 74, 57, 75, 63, 14, 84, 23, 62, 69, 39, 76, 24, 65, 99, 44, 31, 43, 22, 89, 59, 81, 12, 64, 97, 50, 6, 20, 21, 5, 42, 100, 51, 56, 60, 3, 15, 7, 61, 8, 33, 48, 16, 47, 25, 32, 40, 19, 85, 34, 93, 98, 95, 11, 90, 36, 41, 86, 73, 4, 71, 52, 55, 17, 67, 78, 70, 1, 28, 54, 53, 29, 27, 87, 46, 9, 45, 26, 91, 37, 58, 94, 77]);
% time elapsed: 19.05 s
----------
%%%mzn-stat: initTime=0.011699897
%%%mzn-stat: objective=219
%%%mzn-stat: nodes=56075
%%%mzn-stat: restarts=28
%%%mzn-stat: peakDepth=852
%%%mzn-stat: solveTime=17.769777522
%%%mzn-stat: variables=1377
%%%mzn-stat: propagators=1050
%%%mzn-stat: failures=35300
%%%mzn-stat: propagations=1049124
%%%mzn-stat: nogoods=35300
%%%mzn-stat: AverageConflictSize=15.003172804532579
%%%mzn-stat: NumUnitNogoodsLearned=171
%%%mzn-stat: AverageLearnedNogoodLength=24.611048158640227
%%%mzn-stat: AverageBacktrackAmount=0
%%%mzn-stat: AverageLbd=10.797762039660057
%%%mzn-stat-end
maxleg = 219;
succ = array1d(1..100,[68, 80, 10, 35, 79, 92, 13, 96, 30, 18, 38, 72, 88, 83, 82, 66, 2, 49, 74, 57, 75, 63, 14, 84, 23, 62, 69, 39, 76, 24, 65, 99, 44, 31, 43, 22, 89, 59, 81, 12, 64, 97, 50, 6, 20, 21, 5, 42, 100, 51, 56, 60, 3, 15, 7, 61, 8, 33, 48, 16, 47, 25, 32, 40, 19, 85, 34, 93, 98, 95, 11, 90, 36, 41, 86, 73, 4, 71, 52, 55, 17, 67, 78, 70, 1, 28, 54, 53, 29, 27, 87, 46, 9, 45, 26, 91, 37, 58, 94, 77]);
% time elapsed: 19.15 s
----------
%%%mzn-stat: initTime=0.011699897
%%%mzn-stat: objective=218
%%%mzn-stat: nodes=59857
%%%mzn-stat: restarts=29
%%%mzn-stat: peakDepth=852
%%%mzn-stat: solveTime=19.160036512
%%%mzn-stat: variables=1377
%%%mzn-stat: propagators=1050
%%%mzn-stat: failures=38008
%%%mzn-stat: propagations=1120547
%%%mzn-stat: nogoods=38008
%%%mzn-stat: AverageConflictSize=14.95185224163334
%%%mzn-stat: NumUnitNogoodsLearned=171
%%%mzn-stat: AverageLearnedNogoodLength=24.281019785308356
%%%mzn-stat: AverageBacktrackAmount=0
%%%mzn-stat: AverageLbd=10.685382024836876
%%%mzn-stat-end
maxleg = 218;
succ = array1d(1..100,[68, 80, 10, 35, 79, 92, 13, 96, 30, 25, 38, 72, 88, 84, 82, 66, 2, 49, 74, 57, 75, 63, 14, 83, 23, 62, 69, 39, 76, 24, 65, 99, 44, 31, 43, 22, 89, 59, 81, 12, 64, 97, 50, 6, 20, 21, 5, 42, 100, 51, 56, 60, 3, 15, 7, 61, 8, 33, 48, 16, 47, 18, 32, 40, 19, 85, 34, 93, 98, 95, 11, 90, 36, 41, 86, 73, 4, 71, 52, 55, 17, 67, 78, 70, 1, 28, 54, 53, 29, 27, 87, 46, 9, 45, 26, 91, 37, 58, 94, 77]);
% time elapsed: 20.54 s
----------
%%%mzn-stat: initTime=0.011699897
%%%mzn-stat: objective=217
%%%mzn-stat: nodes=60749
%%%mzn-stat: restarts=30
%%%mzn-stat: peakDepth=852
%%%mzn-stat: solveTime=19.240255538
%%%mzn-stat: variables=1377
%%%mzn-stat: propagators=1050
%%%mzn-stat: failures=38062
%%%mzn-stat: propagations=1124047
%%%mzn-stat: nogoods=38062
%%%mzn-stat: AverageConflictSize=14.955362303609899
%%%mzn-stat: NumUnitNogoodsLearned=171
%%%mzn-stat: AverageLearnedNogoodLength=24.402080815511535
%%%mzn-stat: AverageBacktrackAmount=0
%%%mzn-stat: AverageLbd=10.719536545636068
%%%mzn-stat-end
maxleg = 217;
succ = array1d(1..100,[68, 80, 10, 35, 79, 92, 13, 96, 30, 25, 38, 72, 88, 84, 82, 66, 2, 49, 74, 57, 75, 63, 14, 83, 23, 62, 69, 39, 76, 24, 65, 99, 44, 31, 43, 22, 89, 59, 81, 12, 64, 97, 50, 6, 20, 21, 5, 42, 100, 51, 56, 60, 3, 15, 7, 61, 8, 33, 48, 16, 47, 18, 32, 40, 19, 85, 34, 93, 98, 95, 11, 90, 36, 41, 86, 73, 4, 71, 52, 55, 17, 67, 78, 70, 1, 28, 54, 53, 29, 27, 87, 46, 9, 45, 26, 91, 37, 58, 94, 77]);
% time elapsed: 20.63 s
----------
%%%mzn-stat: initTime=0.011699897
%%%mzn-stat: objective=216
%%%mzn-stat: nodes=63813
%%%mzn-stat: restarts=31
%%%mzn-stat: peakDepth=852
%%%mzn-stat: solveTime=20.284508049
%%%mzn-stat: variables=1377
%%%mzn-stat: propagators=1050
%%%mzn-stat: failures=40079
%%%mzn-stat: propagations=1177445
%%%mzn-stat: nogoods=40079
%%%mzn-stat: AverageConflictSize=14.96716484942239
%%%mzn-stat: NumUnitNogoodsLearned=171
%%%mzn-stat: AverageLearnedNogoodLength=24.234611642007035
%%%mzn-stat: AverageBacktrackAmount=0
%%%mzn-stat: AverageLbd=10.69148431847102
%%%mzn-stat-end
maxleg = 216;
succ = array1d(1..100,[68, 80, 10, 35, 79, 92, 13, 96, 30, 25, 38, 72, 88, 84, 82, 66, 2, 49, 74, 57, 75, 63, 14, 83, 23, 62, 69, 39, 76, 24, 65, 99, 44, 31, 43, 22, 89, 59, 81, 12, 64, 97, 50, 6, 20, 21, 5, 42, 100, 51, 56, 60, 3, 15, 7, 61, 8, 33, 48, 16, 47, 18, 32, 40, 19, 85, 34, 93, 98, 95, 11, 90, 36, 41, 86, 73, 4, 71, 52, 55, 17, 67, 78, 70, 1, 28, 54, 53, 29, 27, 87, 46, 9, 45, 26, 91, 37, 58, 94, 77]);
% time elapsed: 21.67 s
----------
%%%mzn-stat: initTime=0.011699897
%%%mzn-stat: objective=215
%%%mzn-stat: nodes=64768
%%%mzn-stat: restarts=32
%%%mzn-stat: peakDepth=852
%%%mzn-stat: solveTime=20.371394833
%%%mzn-stat: variables=1377
%%%mzn-stat: propagators=1050
%%%mzn-stat: failures=40136
%%%mzn-stat: propagations=1182127
%%%mzn-stat: nogoods=40136
%%%mzn-stat: AverageConflictSize=14.980790312936017
%%%mzn-stat: NumUnitNogoodsLearned=171
%%%mzn-stat: AverageLearnedNogoodLength=24.29848515048834
%%%mzn-stat: AverageBacktrackAmount=0
%%%mzn-stat: AverageLbd=10.69568467211481
%%%mzn-stat-end
maxleg = 215;
succ = array1d(1..100,[68, 80, 10, 35, 79, 92, 13, 96, 30, 25, 38, 72, 88, 84, 82, 66, 2, 49, 74, 57, 75, 63, 14, 83, 23, 62, 69, 39, 76, 24, 65, 99, 44, 31, 43, 22, 89, 59, 81, 12, 64, 97, 50, 6, 20, 21, 5, 42, 100, 51, 56, 60, 3, 15, 7, 61, 8, 33, 48, 16, 47, 18, 32, 40, 19, 85, 34, 93, 98, 95, 11, 90, 36, 41, 86, 73, 4, 71, 52, 55, 17, 67, 78, 70, 1, 28, 54, 53, 29, 27, 87, 46, 9, 45, 26, 91, 37, 58, 94, 77]);
% time elapsed: 21.76 s
----------
%%%mzn-stat: initTime=0.011699897
%%%mzn-stat: objective=214
%%%mzn-stat: nodes=67054
%%%mzn-stat: restarts=33
%%%mzn-stat: peakDepth=852
%%%mzn-stat: solveTime=21.01387069
%%%mzn-stat: variables=1377
%%%mzn-stat: propagators=1050
%%%mzn-stat: failures=41290
%%%mzn-stat: propagations=1215843
%%%mzn-stat: nogoods=41290
%%%mzn-stat: AverageConflictSize=14.953233228384597
%%%mzn-stat: NumUnitNogoodsLearned=171
%%%mzn-stat: AverageLearnedNogoodLength=24.20319689997578
%%%mzn-stat: AverageBacktrackAmount=0
%%%mzn-stat: AverageLbd=10.701937515136837
%%%mzn-stat-end
maxleg = 214;
succ = array1d(1..100,[68, 80, 10, 35, 79, 92, 13, 96, 30, 25, 38, 72, 88, 84, 82, 66, 2, 49, 74, 57, 75, 63, 14, 83, 23, 62, 69, 39, 76, 24, 65, 99, 44, 31, 43, 22, 89, 59, 81, 12, 64, 97, 50, 6, 20, 21, 5, 42, 100, 51, 56, 60, 3, 15, 7, 61, 8, 33, 48, 16, 47, 18, 32, 40, 19, 85, 34, 93, 98, 95, 11, 90, 36, 41, 86, 73, 4, 71, 52, 55, 17, 67, 78, 70, 1, 28, 54, 53, 29, 27, 87, 46, 9, 45, 26, 91, 37, 58, 94, 77]);
% time elapsed: 22.41 s
----------
%%%mzn-stat: initTime=0.011699897
%%%mzn-stat: objective=205
%%%mzn-stat: nodes=68113
%%%mzn-stat: restarts=35
%%%mzn-stat: peakDepth=852
%%%mzn-stat: solveTime=21.170492147
%%%mzn-stat: variables=1377
%%%mzn-stat: propagators=1050
%%%mzn-stat: failures=41393
%%%mzn-stat: propagations=1222805
%%%mzn-stat: nogoods=41393
%%%mzn-stat: AverageConflictSize=15.051530452008794
%%%mzn-stat: NumUnitNogoodsLearned=171
%%%mzn-stat: AverageLearnedNogoodLength=24.3748943058005
%%%mzn-stat: AverageBacktrackAmount=0
%%%mzn-stat: AverageLbd=10.78237866305897
%%%mzn-stat-end
maxleg = 205;
succ = array1d(1..100,[68, 80, 10, 35, 79, 92, 13, 96, 30, 25, 38, 72, 88, 24, 82, 66, 2, 49, 74, 57, 75, 63, 14, 83, 70, 62, 69, 39, 76, 84, 65, 99, 44, 31, 47, 22, 89, 59, 81, 12, 64, 97, 16, 6, 20, 21, 5, 42, 100, 43, 61, 60, 3, 15, 7, 50, 8, 33, 48, 51, 56, 18, 32, 40, 19, 85, 34, 93, 98, 95, 11, 90, 36, 41, 86, 73, 4, 23, 52, 55, 17, 67, 71, 78, 1, 28, 54, 53, 29, 27, 87, 46, 9, 45, 26, 91, 37, 58, 94, 77]);
% time elapsed: 22.57 s
----------
%%%mzn-stat: initTime=0.011699897
%%%mzn-stat: objective=204
%%%mzn-stat: nodes=69161
%%%mzn-stat: restarts=36
%%%mzn-stat: peakDepth=852
%%%mzn-stat: solveTime=21.258526051
%%%mzn-stat: variables=1377
%%%mzn-stat: propagators=1050
%%%mzn-stat: failures=41445
%%%mzn-stat: propagations=1227543
%%%mzn-stat: nogoods=41445
%%%mzn-stat: AverageConflictSize=15.047339847991314
%%%mzn-stat: NumUnitNogoodsLearned=171
%%%mzn-stat: AverageLearnedNogoodLength=24.41201592471951
%%%mzn-stat: AverageBacktrackAmount=0
%%%mzn-stat: AverageLbd=10.80294366027265
%%%mzn-stat-end
maxleg = 204;
succ = array1d(1..100,[68, 80, 10, 35, 79, 92, 13, 96, 30, 25, 83, 72, 88, 24, 82, 66, 2, 49, 74, 57, 75, 63, 14, 97, 70, 62, 69, 39, 76, 84, 65, 99, 44, 31, 47, 22, 89, 11, 81, 12, 64, 73, 16, 6, 20, 21, 5, 23, 100, 43, 61, 60, 3, 15, 7, 50, 8, 33, 48, 51, 56, 18, 32, 40, 19, 85, 34, 93, 98, 95, 59, 90, 37, 41, 86, 36, 4, 38, 52, 55, 17, 67, 71, 78, 1, 28, 54, 53, 29, 27, 87, 46, 9, 45, 26, 91, 42, 58, 94, 77]);
% time elapsed: 22.66 s
----------
%%%mzn-stat: initTime=0.011699897
%%%mzn-stat: objective=203
%%%mzn-stat: nodes=70073
%%%mzn-stat: restarts=37
%%%mzn-stat: peakDepth=852
%%%mzn-stat: solveTime=21.354207246
%%%mzn-stat: variables=1377
%%%mzn-stat: propagators=1050
%%%mzn-stat: failures=41495
%%%mzn-stat: propagations=1231721
%%%mzn-stat: nogoods=41495
%%%mzn-stat: AverageConflictSize=15.040727798529943
%%%mzn-stat: NumUnitNogoodsLearned=171
%%%mzn-stat: AverageLearnedNogoodLength=24.49837329798771
%%%mzn-stat: AverageBacktrackAmount=0
%%%mzn-stat: AverageLbd=10.824677672008676
%%%mzn-stat-end
maxleg = 203;
succ = array1d(1..100,[68, 80, 10, 35, 79, 92, 13, 96, 30, 25, 83, 72, 88, 24, 82, 66, 2, 49, 74, 57, 75, 63, 14, 97, 70, 62, 69, 39, 76, 84, 65, 99, 44, 31, 47, 22, 89, 11, 81, 12, 64, 73, 16, 6, 20, 21, 5, 23, 100, 43, 61, 60, 3, 15, 7, 50, 8, 33, 48, 51, 56, 18, 32, 40, 19, 85, 34, 93, 98, 95, 59, 90, 37, 41, 86, 36, 4, 38, 52, 55, 17, 67, 71, 78, 1, 28, 54, 53, 29, 27, 87, 46, 9, 45, 26, 91, 42, 58, 94, 77]);
% time elapsed: 22.75 s
----------
%%%mzn-stat: initTime=0.011699897
%%%mzn-stat: objective=202
%%%mzn-stat: nodes=79694
%%%mzn-stat: restarts=38
%%%mzn-stat: peakDepth=852
%%%mzn-stat: solveTime=25.513611601
%%%mzn-stat: variables=1377
%%%mzn-stat: propagators=1050
%%%mzn-stat: failures=49651
%%%mzn-stat: propagations=1427960
%%%mzn-stat: nogoods=49651
%%%mzn-stat: AverageConflictSize=14.913637187569233
%%%mzn-stat: NumUnitNogoodsLearned=171
%%%mzn-stat: AverageLearnedNogoodLength=23.796559988721274
%%%mzn-stat: AverageBacktrackAmount=0
%%%mzn-stat: AverageLbd=10.75688304364464
%%%mzn-stat-end
maxleg = 202;
succ = array1d(1..100,[68, 80, 10, 35, 79, 92, 13, 96, 30, 25, 83, 72, 88, 24, 82, 66, 2, 49, 74, 57, 75, 63, 14, 97, 70, 62, 69, 39, 76, 84, 65, 99, 44, 31, 47, 22, 89, 11, 81, 12, 64, 73, 16, 6, 20, 21, 5, 23, 100, 43, 61, 60, 3, 15, 7, 50, 8, 33, 48, 51, 56, 18, 32, 40, 19, 85, 34, 93, 98, 95, 59, 90, 37, 41, 86, 36, 4, 38, 52, 55, 17, 67, 71, 78, 1, 28, 54, 53, 29, 27, 87, 46, 9, 45, 26, 91, 42, 58, 94, 77]);
% time elapsed: 26.92 s
----------
%%%mzn-stat: initTime=0.011699897
%%%mzn-stat: objective=201
%%%mzn-stat: nodes=80662
%%%mzn-stat: restarts=39
%%%mzn-stat: peakDepth=852
%%%mzn-stat: solveTime=25.624844738
%%%mzn-stat: variables=1377
%%%mzn-stat: propagators=1050
%%%mzn-stat: failures=49701
%%%mzn-stat: propagations=1432879
%%%mzn-stat: nogoods=49701
%%%mzn-stat: AverageConflictSize=14.941791915655621
%%%mzn-stat: NumUnitNogoodsLearned=171
%%%mzn-stat: AverageLearnedNogoodLength=23.829560773425083
%%%mzn-stat: AverageBacktrackAmount=0
%%%mzn-stat: AverageLbd=10.77334460071226
%%%mzn-stat-end
maxleg = 201;
succ = array1d(1..100,[68, 80, 10, 35, 79, 92, 13, 96, 30, 25, 83, 72, 88, 24, 82, 66, 2, 49, 74, 57, 75, 63, 14, 97, 70, 62, 69, 39, 76, 84, 65, 99, 44, 31, 47, 22, 89, 11, 81, 12, 64, 73, 16, 6, 20, 21, 5, 23, 100, 43, 61, 60, 3, 15, 7, 50, 8, 33, 48, 51, 56, 18, 32, 40, 19, 85, 34, 93, 98, 95, 59, 90, 37, 41, 86, 36, 4, 38, 52, 55, 17, 67, 71, 78, 1, 28, 54, 53, 29, 27, 87, 46, 9, 45, 26, 91, 42, 58, 94, 77]);
% time elapsed: 27.03 s
----------
%%%mzn-stat: initTime=0.011699897
%%%mzn-stat: objective=200
%%%mzn-stat: nodes=81659
%%%mzn-stat: restarts=40
%%%mzn-stat: peakDepth=852
%%%mzn-stat: solveTime=25.743323671
%%%mzn-stat: variables=1377
%%%mzn-stat: propagators=1050
%%%mzn-stat: failures=49753
%%%mzn-stat: propagations=1437318
%%%mzn-stat: nogoods=49753
%%%mzn-stat: AverageConflictSize=14.934375816533676
%%%mzn-stat: NumUnitNogoodsLearned=171
%%%mzn-stat: AverageLearnedNogoodLength=23.895463590135268
%%%mzn-stat: AverageBacktrackAmount=0
%%%mzn-stat: AverageLbd=10.79727855606697
%%%mzn-stat-end
maxleg = 200;
succ = array1d(1..100,[68, 80, 10, 35, 79, 92, 13, 96, 30, 25, 83, 72, 88, 24, 82, 66, 2, 49, 74, 57, 75, 63, 14, 97, 70, 62, 69, 39, 76, 84, 65, 99, 44, 31, 47, 22, 89, 11, 81, 12, 64, 73, 16, 6, 20, 21, 5, 23, 100, 43, 61, 60, 3, 15, 7, 50, 8, 33, 48, 51, 56, 18, 32, 40, 19, 85, 34, 93, 98, 95, 59, 90, 37, 41, 86, 36, 4, 38, 52, 55, 17, 67, 71, 78, 1, 28, 54, 53, 29, 27, 87, 46, 9, 45, 26, 91, 42, 58, 94, 77]);
% time elapsed: 27.16 s
----------
%%%mzn-stat: initTime=0.011699897
%%%mzn-stat: objective=186
%%%mzn-stat: nodes=82552
%%%mzn-stat: restarts=41
%%%mzn-stat: peakDepth=852
%%%mzn-stat: solveTime=25.856386333
%%%mzn-stat: variables=1377
%%%mzn-stat: propagators=1050
%%%mzn-stat: failures=49816
%%%mzn-stat: propagations=1442489
%%%mzn-stat: nogoods=49816
%%%mzn-stat: AverageConflictSize=15.00289063754617
%%%mzn-stat: NumUnitNogoodsLearned=171
%%%mzn-stat: AverageLearnedNogoodLength=23.964388951340936
%%%mzn-stat: AverageBacktrackAmount=0
%%%mzn-stat: AverageLbd=10.825819013971415
%%%mzn-stat-end
maxleg = 186;
succ = array1d(1..100,[68, 80, 10, 35, 79, 69, 13, 96, 30, 93, 83, 21, 88, 24, 82, 52, 1, 49, 74, 57, 75, 63, 14, 97, 62, 70, 28, 39, 76, 84, 65, 99, 44, 31, 60, 22, 89, 11, 81, 12, 64, 73, 5, 58, 20, 92, 100, 23, 17, 43, 56, 50, 3, 15, 7, 61, 8, 72, 48, 77, 47, 18, 32, 40, 19, 4, 34, 2, 98, 25, 59, 90, 37, 41, 86, 36, 16, 38, 51, 55, 85, 67, 71, 78, 66, 46, 54, 53, 29, 27, 87, 6, 9, 45, 26, 91, 42, 33, 94, 95]);
% time elapsed: 27.27 s
----------
%%%mzn-stat: initTime=0.011699897
%%%mzn-stat: objective=183
%%%mzn-stat: nodes=83482
%%%mzn-stat: restarts=42
%%%mzn-stat: peakDepth=852
%%%mzn-stat: solveTime=25.942466044
%%%mzn-stat: variables=1377
%%%mzn-stat: propagators=1050
%%%mzn-stat: failures=49872
%%%mzn-stat: propagations=1446718
%%%mzn-stat: nogoods=49872
%%%mzn-stat: AverageConflictSize=15.003448829002245
%%%mzn-stat: NumUnitNogoodsLearned=171
%%%mzn-stat: AverageLearnedNogoodLength=23.997774302213667
%%%mzn-stat: AverageBacktrackAmount=0
%%%mzn-stat: AverageLbd=10.836260827718961
%%%mzn-stat-end
maxleg = 183;
succ = array1d(1..100,[68, 80, 10, 35, 79, 69, 13, 96, 30, 93, 83, 21, 88, 97, 82, 52, 1, 62, 74, 57, 75, 63, 14, 78, 23, 70, 28, 39, 76, 84, 65, 99, 44, 31, 60, 22, 89, 11, 81, 12, 64, 73, 5, 58, 20, 92, 100, 42, 17, 43, 56, 50, 3, 15, 7, 61, 8, 72, 48, 77, 47, 9, 32, 40, 19, 4, 34, 2, 98, 25, 59, 90, 37, 41, 86, 36, 16, 38, 51, 55, 85, 67, 71, 26, 66, 46, 54, 53, 29, 27, 87, 6, 18, 45, 49, 91, 24, 33, 94, 95]);
% time elapsed: 27.35 s
----------
%%%mzn-stat: initTime=0.011699897
%%%mzn-stat: objective=183
%%%mzn-stat: nodes=2524668
%%%mzn-stat: restarts=1382
%%%mzn-stat: peakDepth=852
%%%mzn-stat: solveTime=1798.66928253
%%%mzn-stat: variables=1377
%%%mzn-stat: propagators=1050
%%%mzn-stat: failures=2266173
%%%mzn-stat: propagations=66211796
%%%mzn-stat: nogoods=2266173
%%%mzn-stat: AverageConflictSize=21.010384467558303
%%%mzn-stat: NumUnitNogoodsLearned=171
%%%mzn-stat: AverageLearnedNogoodLength=49.77998678829904
%%%mzn-stat: AverageBacktrackAmount=0
%%%mzn-stat: AverageLbd=12.683827315919835
%%%mzn-stat-end
