% Logging successfully configured
%%%mzn-stat: initTime=0.011434171
%%%mzn-stat: objective=876
%%%mzn-stat: nodes=7638
%%%mzn-stat: restarts=0
%%%mzn-stat: peakDepth=912
%%%mzn-stat: solveTime=0.155646524
%%%mzn-stat: variables=1591
%%%mzn-stat: propagators=1203
%%%mzn-stat: failures=400
%%%mzn-stat: propagations=47733
%%%mzn-stat: nogoods=400
%%%mzn-stat: numAtomicConstraintsPropagated=0
%%%mzn-stat: allDifferentNumber1TotalHallSetSize=983
%%%mzn-stat: allDifferentNumber1NumberOfConflicts=400
%%%mzn-stat: allDifferentNumber1MaxHallSetSize=39
%%%mzn-stat: allDifferentNumber1PropagationsTotal=9528
%%%mzn-stat: allDifferentNumber1PropagationsThatFoundConflict=400
%%%mzn-stat: circuitNumber2PropagationsThatFoundConflict=0
%%%mzn-stat: circuitNumber2TotalFixedEdgesAtConflict=0
%%%mzn-stat: circuitNumber2NumberOfConflicts=0
%%%mzn-stat: circuitNumber2PropagationsThatPruned=7
%%%mzn-stat: circuitNumber2PropagationsTotal=6394
%%%mzn-stat: AverageConflictSize=2.43
%%%mzn-stat: NumUnitNogoodsLearned=0
%%%mzn-stat: AverageLearnedNogoodLength=2.4675
%%%mzn-stat: AverageBacktrackAmount=0
%%%mzn-stat: AverageLbd=2.4475
%%%mzn-stat: 2AutonomousSearchNumBackupCalled=867
%%%mzn-stat: 2AutonomousSearchNumPredicatesRemoved=0
%%%mzn-stat: 2AutonomousSearchNumCalls=868
%%%mzn-stat: 2AutonomousSearchNumPredicatesAdded=550
%%%mzn-stat: 2AutonomousSearchAverageSizeOfHeap=0.6336405529953917
%%%mzn-stat: 2AutonomousSearchNumAssignedPredicatesEncountered=550
%%%mzn-stat-end
maxleg = 876;
succ = array1d(1..50,[2, 3, 4, 9, 7, 8, 6, 15, 5, 11, 12, 13, 18, 19, 10, 1, 24, 23, 22, 16, 20, 25, 14, 28, 17, 21, 29, 30, 31, 32, 26, 33, 36, 35, 27, 41, 40, 42, 45, 44, 48, 34, 47, 50, 43, 38, 49, 39, 37, 46]);
% time elapsed: 0.40 s
----------
%%%mzn-stat: initTime=0.011434171
%%%mzn-stat: objective=609
%%%mzn-stat: nodes=11923
%%%mzn-stat: restarts=0
%%%mzn-stat: peakDepth=912
%%%mzn-stat: solveTime=0.367662403
%%%mzn-stat: variables=1591
%%%mzn-stat: propagators=1203
%%%mzn-stat: failures=2915
%%%mzn-stat: propagations=83478
%%%mzn-stat: nogoods=2915
%%%mzn-stat: numAtomicConstraintsPropagated=0
%%%mzn-stat: allDifferentNumber1TotalHallSetSize=23257
%%%mzn-stat: allDifferentNumber1NumberOfConflicts=2177
%%%mzn-stat: allDifferentNumber1MaxHallSetSize=39
%%%mzn-stat: allDifferentNumber1PropagationsTotal=15892
%%%mzn-stat: allDifferentNumber1PropagationsThatFoundConflict=2177
%%%mzn-stat: circuitNumber2PropagationsThatFoundConflict=2
%%%mzn-stat: circuitNumber2TotalFixedEdgesAtConflict=95
%%%mzn-stat: circuitNumber2NumberOfConflicts=2
%%%mzn-stat: circuitNumber2PropagationsThatPruned=100
%%%mzn-stat: circuitNumber2PropagationsTotal=9109
%%%mzn-stat: AverageConflictSize=10.118696397941681
%%%mzn-stat: NumUnitNogoodsLearned=0
%%%mzn-stat: AverageLearnedNogoodLength=19.23327615780446
%%%mzn-stat: AverageBacktrackAmount=0
%%%mzn-stat: AverageLbd=12.83704974271012
%%%mzn-stat: 2AutonomousSearchNumBackupCalled=1710
%%%mzn-stat: 2AutonomousSearchNumPredicatesRemoved=0
%%%mzn-stat: 2AutonomousSearchNumCalls=1712
%%%mzn-stat: 2AutonomousSearchNumPredicatesAdded=1068
%%%mzn-stat: 2AutonomousSearchAverageSizeOfHeap=0.8860981308411215
%%%mzn-stat: 2AutonomousSearchNumAssignedPredicatesEncountered=1517
%%%mzn-stat-end
maxleg = 609;
succ = array1d(1..50,[2, 3, 4, 9, 7, 8, 6, 15, 5, 11, 12, 13, 18, 19, 10, 1, 24, 23, 22, 16, 20, 25, 14, 28, 17, 21, 29, 30, 31, 32, 26, 39, 37, 35, 27, 33, 40, 42, 48, 47, 36, 34, 44, 45, 50, 38, 49, 41, 43, 46]);
% time elapsed: 0.61 s
----------
%%%mzn-stat: initTime=0.011434171
%%%mzn-stat: objective=564
%%%mzn-stat: nodes=12886
%%%mzn-stat: restarts=0
%%%mzn-stat: peakDepth=912
%%%mzn-stat: solveTime=0.379141668
%%%mzn-stat: variables=1591
%%%mzn-stat: propagators=1203
%%%mzn-stat: failures=2976
%%%mzn-stat: propagations=86732
%%%mzn-stat: nogoods=2976
%%%mzn-stat: numAtomicConstraintsPropagated=0
%%%mzn-stat: allDifferentNumber1TotalHallSetSize=23385
%%%mzn-stat: allDifferentNumber1NumberOfConflicts=2236
%%%mzn-stat: allDifferentNumber1MaxHallSetSize=39
%%%mzn-stat: allDifferentNumber1PropagationsTotal=16217
%%%mzn-stat: allDifferentNumber1PropagationsThatFoundConflict=2236
%%%mzn-stat: circuitNumber2PropagationsThatFoundConflict=4
%%%mzn-stat: circuitNumber2TotalFixedEdgesAtConflict=191
%%%mzn-stat: circuitNumber2NumberOfConflicts=4
%%%mzn-stat: circuitNumber2PropagationsThatPruned=148
%%%mzn-stat: circuitNumber2PropagationsTotal=9282
%%%mzn-stat: AverageConflictSize=9.99630376344086
%%%mzn-stat: NumUnitNogoodsLearned=0
%%%mzn-stat: AverageLearnedNogoodLength=19.3252688172043
%%%mzn-stat: AverageBacktrackAmount=0
%%%mzn-stat: AverageLbd=13.040322580645162
%%%mzn-stat: 2AutonomousSearchNumBackupCalled=2527
%%%mzn-stat: 2AutonomousSearchNumPredicatesRemoved=0
%%%mzn-stat: 2AutonomousSearchNumCalls=2530
%%%mzn-stat: 2AutonomousSearchNumPredicatesAdded=1319
%%%mzn-stat: 2AutonomousSearchAverageSizeOfHeap=1.008300395256917
%%%mzn-stat: 2AutonomousSearchNumAssignedPredicatesEncountered=2551
%%%mzn-stat-end
maxleg = 564;
succ = array1d(1..50,[2, 3, 4, 9, 7, 8, 6, 15, 5, 11, 12, 13, 18, 19, 10, 1, 24, 23, 22, 16, 20, 25, 14, 28, 17, 21, 29, 30, 31, 32, 26, 39, 37, 35, 42, 33, 40, 27, 48, 47, 36, 38, 44, 45, 46, 50, 49, 41, 43, 34]);
% time elapsed: 0.63 s
----------
%%%mzn-stat: initTime=0.011434171
%%%mzn-stat: objective=498
%%%mzn-stat: nodes=15408
%%%mzn-stat: restarts=0
%%%mzn-stat: peakDepth=912
%%%mzn-stat: solveTime=0.496874848
%%%mzn-stat: variables=1591
%%%mzn-stat: propagators=1203
%%%mzn-stat: failures=4128
%%%mzn-stat: propagations=115288
%%%mzn-stat: nogoods=4128
%%%mzn-stat: numAtomicConstraintsPropagated=0
%%%mzn-stat: allDifferentNumber1TotalHallSetSize=32982
%%%mzn-stat: allDifferentNumber1NumberOfConflicts=3385
%%%mzn-stat: allDifferentNumber1MaxHallSetSize=39
%%%mzn-stat: allDifferentNumber1PropagationsTotal=20599
%%%mzn-stat: allDifferentNumber1PropagationsThatFoundConflict=3385
%%%mzn-stat: circuitNumber2PropagationsThatFoundConflict=6
%%%mzn-stat: circuitNumber2TotalFixedEdgesAtConflict=287
%%%mzn-stat: circuitNumber2NumberOfConflicts=6
%%%mzn-stat: circuitNumber2PropagationsThatPruned=658
%%%mzn-stat: circuitNumber2PropagationsTotal=11486
%%%mzn-stat: AverageConflictSize=11.794331395348838
%%%mzn-stat: NumUnitNogoodsLearned=0
%%%mzn-stat: AverageLearnedNogoodLength=21.728924418604652
%%%mzn-stat: AverageBacktrackAmount=0
%%%mzn-stat: AverageLbd=13.347625968992247
%%%mzn-stat: 2AutonomousSearchNumBackupCalled=3307
%%%mzn-stat: 2AutonomousSearchNumPredicatesRemoved=0
%%%mzn-stat: 2AutonomousSearchNumCalls=3311
%%%mzn-stat: 2AutonomousSearchNumPredicatesAdded=1898
%%%mzn-stat: 2AutonomousSearchAverageSizeOfHeap=1.0948353971609786
%%%mzn-stat: 2AutonomousSearchNumAssignedPredicatesEncountered=3625
%%%mzn-stat-end
maxleg = 498;
succ = array1d(1..50,[2, 3, 4, 9, 7, 8, 6, 15, 5, 12, 13, 11, 18, 19, 10, 1, 24, 23, 22, 16, 20, 25, 14, 28, 17, 21, 29, 30, 31, 32, 26, 39, 37, 35, 42, 33, 40, 27, 48, 47, 36, 38, 44, 45, 46, 50, 49, 41, 43, 34]);
% time elapsed: 0.74 s
----------
%%%mzn-stat: initTime=0.011434171
%%%mzn-stat: objective=483
%%%mzn-stat: nodes=16670
%%%mzn-stat: restarts=0
%%%mzn-stat: peakDepth=912
%%%mzn-stat: solveTime=0.508964089
%%%mzn-stat: variables=1591
%%%mzn-stat: propagators=1203
%%%mzn-stat: failures=4196
%%%mzn-stat: propagations=120822
%%%mzn-stat: nogoods=4196
%%%mzn-stat: numAtomicConstraintsPropagated=0
%%%mzn-stat: allDifferentNumber1TotalHallSetSize=33213
%%%mzn-stat: allDifferentNumber1NumberOfConflicts=3452
%%%mzn-stat: allDifferentNumber1MaxHallSetSize=39
%%%mzn-stat: allDifferentNumber1PropagationsTotal=21294
%%%mzn-stat: allDifferentNumber1PropagationsThatFoundConflict=3452
%%%mzn-stat: circuitNumber2PropagationsThatFoundConflict=7
%%%mzn-stat: circuitNumber2TotalFixedEdgesAtConflict=335
%%%mzn-stat: circuitNumber2NumberOfConflicts=7
%%%mzn-stat: circuitNumber2PropagationsThatPruned=672
%%%mzn-stat: circuitNumber2PropagationsTotal=11910
%%%mzn-stat: AverageConflictSize=11.682316491897044
%%%mzn-stat: NumUnitNogoodsLearned=0
%%%mzn-stat: AverageLearnedNogoodLength=21.543851286939944
%%%mzn-stat: AverageBacktrackAmount=0
%%%mzn-stat: AverageLbd=13.28813155386082
%%%mzn-stat: 2AutonomousSearchNumBackupCalled=4116
%%%mzn-stat: 2AutonomousSearchNumPredicatesRemoved=0
%%%mzn-stat: 2AutonomousSearchNumCalls=4121
%%%mzn-stat: 2AutonomousSearchNumPredicatesAdded=2132
%%%mzn-stat: 2AutonomousSearchAverageSizeOfHeap=1.1553021111380732
%%%mzn-stat: 2AutonomousSearchNumAssignedPredicatesEncountered=4761
%%%mzn-stat-end
maxleg = 483;
succ = array1d(1..50,[2, 3, 4, 9, 7, 8, 6, 15, 5, 12, 13, 11, 18, 19, 10, 1, 24, 23, 22, 16, 20, 25, 14, 28, 26, 31, 29, 30, 38, 32, 34, 21, 36, 35, 42, 39, 33, 46, 41, 37, 48, 27, 47, 43, 44, 50, 49, 17, 40, 45]);
% time elapsed: 0.75 s
----------
%%%mzn-stat: initTime=0.011434171
%%%mzn-stat: objective=469
%%%mzn-stat: nodes=20952
%%%mzn-stat: restarts=0
%%%mzn-stat: peakDepth=912
%%%mzn-stat: solveTime=0.688249471
%%%mzn-stat: variables=1591
%%%mzn-stat: propagators=1203
%%%mzn-stat: failures=5699
%%%mzn-stat: propagations=163767
%%%mzn-stat: nogoods=5699
%%%mzn-stat: numAtomicConstraintsPropagated=0
%%%mzn-stat: allDifferentNumber1TotalHallSetSize=54769
%%%mzn-stat: allDifferentNumber1NumberOfConflicts=4949
%%%mzn-stat: allDifferentNumber1MaxHallSetSize=39
%%%mzn-stat: allDifferentNumber1PropagationsTotal=28207
%%%mzn-stat: allDifferentNumber1PropagationsThatFoundConflict=4949
%%%mzn-stat: circuitNumber2PropagationsThatFoundConflict=13
%%%mzn-stat: circuitNumber2TotalFixedEdgesAtConflict=624
%%%mzn-stat: circuitNumber2NumberOfConflicts=13
%%%mzn-stat: circuitNumber2PropagationsThatPruned=705
%%%mzn-stat: circuitNumber2PropagationsTotal=15335
%%%mzn-stat: AverageConflictSize=16.35076329180558
%%%mzn-stat: NumUnitNogoodsLearned=0
%%%mzn-stat: AverageLearnedNogoodLength=24.436392349535005
%%%mzn-stat: AverageBacktrackAmount=0
%%%mzn-stat: AverageLbd=13.886646780136866
%%%mzn-stat: 2AutonomousSearchNumBackupCalled=4883
%%%mzn-stat: 2AutonomousSearchNumPredicatesRemoved=0
%%%mzn-stat: 2AutonomousSearchNumCalls=4889
%%%mzn-stat: 2AutonomousSearchNumPredicatesAdded=2781
%%%mzn-stat: 2AutonomousSearchAverageSizeOfHeap=1.2170177950501124
%%%mzn-stat: 2AutonomousSearchNumAssignedPredicatesEncountered=5950
%%%mzn-stat-end
maxleg = 469;
succ = array1d(1..50,[2, 3, 4, 9, 7, 8, 6, 15, 5, 12, 13, 17, 10, 19, 16, 20, 24, 11, 22, 21, 26, 23, 18, 1, 30, 25, 29, 32, 31, 28, 14, 39, 37, 35, 42, 33, 40, 27, 48, 47, 36, 38, 44, 45, 46, 50, 49, 41, 43, 34]);
% time elapsed: 0.94 s
----------
%%%mzn-stat: initTime=0.011434171
%%%mzn-stat: objective=468
%%%mzn-stat: nodes=24333
%%%mzn-stat: restarts=0
%%%mzn-stat: peakDepth=912
%%%mzn-stat: solveTime=0.885167874
%%%mzn-stat: variables=1591
%%%mzn-stat: propagators=1203
%%%mzn-stat: failures=7455
%%%mzn-stat: propagations=199282
%%%mzn-stat: nogoods=7455
%%%mzn-stat: numAtomicConstraintsPropagated=0
%%%mzn-stat: allDifferentNumber1TotalHallSetSize=76480
%%%mzn-stat: allDifferentNumber1NumberOfConflicts=6698
%%%mzn-stat: allDifferentNumber1MaxHallSetSize=39
%%%mzn-stat: allDifferentNumber1PropagationsTotal=34031
%%%mzn-stat: allDifferentNumber1PropagationsThatFoundConflict=6698
%%%mzn-stat: circuitNumber2PropagationsThatFoundConflict=19
%%%mzn-stat: circuitNumber2TotalFixedEdgesAtConflict=905
%%%mzn-stat: circuitNumber2NumberOfConflicts=19
%%%mzn-stat: circuitNumber2PropagationsThatPruned=742
%%%mzn-stat: circuitNumber2PropagationsTotal=18034
%%%mzn-stat: AverageConflictSize=20.588329979879276
%%%mzn-stat: NumUnitNogoodsLearned=0
%%%mzn-stat: AverageLearnedNogoodLength=27.796378269617705
%%%mzn-stat: AverageBacktrackAmount=0
%%%mzn-stat: AverageLbd=15.21851106639839
%%%mzn-stat: 2AutonomousSearchNumBackupCalled=5664
%%%mzn-stat: 2AutonomousSearchNumPredicatesRemoved=0
%%%mzn-stat: 2AutonomousSearchNumCalls=5671
%%%mzn-stat: 2AutonomousSearchNumPredicatesAdded=3420
%%%mzn-stat: 2AutonomousSearchAverageSizeOfHeap=1.2756127667078117
%%%mzn-stat: 2AutonomousSearchNumAssignedPredicatesEncountered=7234
%%%mzn-stat-end
maxleg = 468;
succ = array1d(1..50,[2, 3, 4, 9, 7, 8, 6, 15, 5, 12, 13, 17, 10, 19, 16, 20, 24, 11, 22, 21, 26, 23, 18, 1, 30, 25, 29, 32, 31, 28, 34, 39, 37, 14, 42, 33, 40, 27, 48, 47, 36, 38, 44, 45, 46, 50, 49, 41, 43, 35]);
% time elapsed: 1.13 s
----------
%%%mzn-stat: initTime=0.011434171
%%%mzn-stat: objective=449
%%%mzn-stat: nodes=25199
%%%mzn-stat: restarts=0
%%%mzn-stat: peakDepth=912
%%%mzn-stat: solveTime=0.890551096
%%%mzn-stat: variables=1591
%%%mzn-stat: propagators=1203
%%%mzn-stat: failures=7474
%%%mzn-stat: propagations=201815
%%%mzn-stat: nogoods=7474
%%%mzn-stat: numAtomicConstraintsPropagated=0
%%%mzn-stat: allDifferentNumber1TotalHallSetSize=76512
%%%mzn-stat: allDifferentNumber1NumberOfConflicts=6711
%%%mzn-stat: allDifferentNumber1MaxHallSetSize=39
%%%mzn-stat: allDifferentNumber1PropagationsTotal=34178
%%%mzn-stat: allDifferentNumber1PropagationsThatFoundConflict=6711
%%%mzn-stat: circuitNumber2PropagationsThatFoundConflict=25
%%%mzn-stat: circuitNumber2TotalFixedEdgesAtConflict=1187
%%%mzn-stat: circuitNumber2NumberOfConflicts=25
%%%mzn-stat: circuitNumber2PropagationsThatPruned=750
%%%mzn-stat: circuitNumber2PropagationsTotal=18129
%%%mzn-stat: AverageConflictSize=20.576398180358577
%%%mzn-stat: NumUnitNogoodsLearned=0
%%%mzn-stat: AverageLearnedNogoodLength=27.794219962536793
%%%mzn-stat: AverageBacktrackAmount=0
%%%mzn-stat: AverageLbd=15.243644634733744
%%%mzn-stat: 2AutonomousSearchNumBackupCalled=6438
%%%mzn-stat: 2AutonomousSearchNumPredicatesRemoved=0
%%%mzn-stat: 2AutonomousSearchNumCalls=6446
%%%mzn-stat: 2AutonomousSearchNumPredicatesAdded=3619
%%%mzn-stat: 2AutonomousSearchAverageSizeOfHeap=1.321439652497673
%%%mzn-stat: 2AutonomousSearchNumAssignedPredicatesEncountered=8518
%%%mzn-stat-end
maxleg = 449;
succ = array1d(1..50,[2, 3, 4, 9, 7, 8, 6, 15, 5, 12, 13, 17, 10, 19, 16, 20, 24, 11, 22, 21, 26, 23, 18, 1, 30, 25, 29, 32, 31, 28, 34, 39, 37, 14, 43, 33, 47, 27, 48, 44, 36, 38, 45, 35, 50, 42, 49, 41, 40, 46]);
% time elapsed: 1.14 s
----------
%%%mzn-stat: initTime=0.011434171
%%%mzn-stat: objective=447
%%%mzn-stat: nodes=29943
%%%mzn-stat: restarts=0
%%%mzn-stat: peakDepth=912
%%%mzn-stat: solveTime=1.214411171
%%%mzn-stat: variables=1591
%%%mzn-stat: propagators=1203
%%%mzn-stat: failures=10116
%%%mzn-stat: propagations=255526
%%%mzn-stat: nogoods=10116
%%%mzn-stat: numAtomicConstraintsPropagated=0
%%%mzn-stat: allDifferentNumber1TotalHallSetSize=132689
%%%mzn-stat: allDifferentNumber1NumberOfConflicts=9348
%%%mzn-stat: allDifferentNumber1MaxHallSetSize=39
%%%mzn-stat: allDifferentNumber1PropagationsTotal=42478
%%%mzn-stat: allDifferentNumber1PropagationsThatFoundConflict=9348
%%%mzn-stat: circuitNumber2PropagationsThatFoundConflict=29
%%%mzn-stat: circuitNumber2TotalFixedEdgesAtConflict=1378
%%%mzn-stat: circuitNumber2NumberOfConflicts=29
%%%mzn-stat: circuitNumber2PropagationsThatPruned=790
%%%mzn-stat: circuitNumber2PropagationsTotal=21983
%%%mzn-stat: AverageConflictSize=25.851522340846184
%%%mzn-stat: NumUnitNogoodsLearned=0
%%%mzn-stat: AverageLearnedNogoodLength=31.94988137603796
%%%mzn-stat: AverageBacktrackAmount=0
%%%mzn-stat: AverageLbd=17.39699485962831
%%%mzn-stat: 2AutonomousSearchNumBackupCalled=7179
%%%mzn-stat: 2AutonomousSearchNumPredicatesRemoved=0
%%%mzn-stat: 2AutonomousSearchNumCalls=7188
%%%mzn-stat: 2AutonomousSearchNumPredicatesAdded=4276
%%%mzn-stat: 2AutonomousSearchAverageSizeOfHeap=1.3696438508625486
%%%mzn-stat: 2AutonomousSearchNumAssignedPredicatesEncountered=9845
%%%mzn-stat-end
maxleg = 447;
succ = array1d(1..50,[2, 3, 4, 9, 10, 7, 8, 15, 5, 12, 13, 17, 18, 19, 1, 6, 24, 23, 22, 16, 20, 25, 26, 28, 30, 21, 11, 32, 27, 38, 29, 39, 37, 14, 31, 33, 40, 42, 48, 47, 36, 46, 34, 35, 44, 50, 49, 41, 43, 45]);
% time elapsed: 1.46 s
----------
%%%mzn-stat: initTime=0.011434171
%%%mzn-stat: objective=440
%%%mzn-stat: nodes=31374
%%%mzn-stat: restarts=0
%%%mzn-stat: peakDepth=912
%%%mzn-stat: solveTime=1.246216314
%%%mzn-stat: variables=1591
%%%mzn-stat: propagators=1203
%%%mzn-stat: failures=10275
%%%mzn-stat: propagations=264477
%%%mzn-stat: nogoods=10275
%%%mzn-stat: numAtomicConstraintsPropagated=0
%%%mzn-stat: allDifferentNumber1TotalHallSetSize=134607
%%%mzn-stat: allDifferentNumber1NumberOfConflicts=9501
%%%mzn-stat: allDifferentNumber1MaxHallSetSize=39
%%%mzn-stat: allDifferentNumber1PropagationsTotal=43589
%%%mzn-stat: allDifferentNumber1PropagationsThatFoundConflict=9501
%%%mzn-stat: circuitNumber2PropagationsThatFoundConflict=34
%%%mzn-stat: circuitNumber2TotalFixedEdgesAtConflict=1597
%%%mzn-stat: circuitNumber2NumberOfConflicts=34
%%%mzn-stat: circuitNumber2PropagationsThatPruned=803
%%%mzn-stat: circuitNumber2PropagationsTotal=22667
%%%mzn-stat: AverageConflictSize=25.933917274939173
%%%mzn-stat: NumUnitNogoodsLearned=0
%%%mzn-stat: AverageLearnedNogoodLength=31.96778588807786
%%%mzn-stat: AverageBacktrackAmount=0
%%%mzn-stat: AverageLbd=17.496934306569344
%%%mzn-stat: 2AutonomousSearchNumBackupCalled=7943
%%%mzn-stat: 2AutonomousSearchNumPredicatesRemoved=0
%%%mzn-stat: 2AutonomousSearchNumCalls=7953
%%%mzn-stat: 2AutonomousSearchNumPredicatesAdded=4927
%%%mzn-stat: 2AutonomousSearchAverageSizeOfHeap=1.4231107758078712
%%%mzn-stat: 2AutonomousSearchNumAssignedPredicatesEncountered=11318
%%%mzn-stat-end
maxleg = 440;
succ = array1d(1..50,[2, 3, 4, 9, 10, 7, 8, 15, 5, 12, 13, 17, 18, 19, 1, 6, 24, 27, 22, 16, 20, 23, 25, 28, 26, 21, 29, 30, 31, 38, 34, 33, 37, 35, 43, 39, 40, 42, 41, 44, 48, 11, 47, 45, 46, 50, 49, 32, 36, 14]);
% time elapsed: 1.50 s
----------
%%%mzn-stat: initTime=0.011434171
%%%mzn-stat: objective=433
%%%mzn-stat: nodes=32205
%%%mzn-stat: restarts=0
%%%mzn-stat: peakDepth=912
%%%mzn-stat: solveTime=1.251418965
%%%mzn-stat: variables=1591
%%%mzn-stat: propagators=1203
%%%mzn-stat: failures=10293
%%%mzn-stat: propagations=267142
%%%mzn-stat: nogoods=10293
%%%mzn-stat: numAtomicConstraintsPropagated=0
%%%mzn-stat: allDifferentNumber1TotalHallSetSize=134637
%%%mzn-stat: allDifferentNumber1NumberOfConflicts=9513
%%%mzn-stat: allDifferentNumber1MaxHallSetSize=39
%%%mzn-stat: allDifferentNumber1PropagationsTotal=43736
%%%mzn-stat: allDifferentNumber1PropagationsThatFoundConflict=9513
%%%mzn-stat: circuitNumber2PropagationsThatFoundConflict=40
%%%mzn-stat: circuitNumber2TotalFixedEdgesAtConflict=1878
%%%mzn-stat: circuitNumber2NumberOfConflicts=40
%%%mzn-stat: circuitNumber2PropagationsThatPruned=810
%%%mzn-stat: circuitNumber2PropagationsTotal=22766
%%%mzn-stat: AverageConflictSize=25.91790537258331
%%%mzn-stat: NumUnitNogoodsLearned=0
%%%mzn-stat: AverageLearnedNogoodLength=31.96172155834062
%%%mzn-stat: AverageBacktrackAmount=0
%%%mzn-stat: AverageLbd=17.513844360244825
%%%mzn-stat: 2AutonomousSearchNumBackupCalled=8677
%%%mzn-stat: 2AutonomousSearchNumPredicatesRemoved=0
%%%mzn-stat: 2AutonomousSearchNumCalls=8688
%%%mzn-stat: 2AutonomousSearchNumPredicatesAdded=5141
%%%mzn-stat: 2AutonomousSearchAverageSizeOfHeap=1.4723756906077348
%%%mzn-stat: 2AutonomousSearchNumAssignedPredicatesEncountered=12792
%%%mzn-stat-end
maxleg = 433;
succ = array1d(1..50,[2, 3, 4, 9, 10, 7, 8, 15, 5, 12, 13, 17, 18, 19, 1, 6, 24, 27, 22, 16, 20, 23, 25, 28, 26, 21, 29, 30, 31, 39, 34, 33, 36, 14, 43, 37, 47, 11, 41, 44, 48, 38, 45, 35, 50, 42, 49, 32, 40, 46]);
% time elapsed: 1.51 s
----------
%%%mzn-stat: initTime=0.011434171
%%%mzn-stat: objective=432
%%%mzn-stat: nodes=122389
%%%mzn-stat: restarts=0
%%%mzn-stat: peakDepth=912
%%%mzn-stat: solveTime=15.322596357
%%%mzn-stat: variables=1591
%%%mzn-stat: propagators=1203
%%%mzn-stat: failures=98571
%%%mzn-stat: propagations=2714012
%%%mzn-stat: nogoods=98571
%%%mzn-stat: numAtomicConstraintsPropagated=0
%%%mzn-stat: allDifferentNumber1TotalHallSetSize=1019707
%%%mzn-stat: allDifferentNumber1NumberOfConflicts=85600
%%%mzn-stat: allDifferentNumber1MaxHallSetSize=39
%%%mzn-stat: allDifferentNumber1PropagationsTotal=337423
%%%mzn-stat: allDifferentNumber1PropagationsThatFoundConflict=85600
%%%mzn-stat: circuitNumber2PropagationsThatFoundConflict=3686
%%%mzn-stat: circuitNumber2TotalFixedEdgesAtConflict=150781
%%%mzn-stat: circuitNumber2NumberOfConflicts=3686
%%%mzn-stat: circuitNumber2PropagationsThatPruned=34199
%%%mzn-stat: circuitNumber2PropagationsTotal=169200
%%%mzn-stat: AverageConflictSize=26.93424029379838
%%%mzn-stat: NumUnitNogoodsLearned=0
%%%mzn-stat: AverageLearnedNogoodLength=44.07468728124905
%%%mzn-stat: AverageBacktrackAmount=0
%%%mzn-stat: AverageLbd=22.24871412484402
%%%mzn-stat: 2AutonomousSearchNumBackupCalled=9422
%%%mzn-stat: 2AutonomousSearchNumPredicatesRemoved=0
%%%mzn-stat: 2AutonomousSearchNumCalls=9434
%%%mzn-stat: 2AutonomousSearchNumPredicatesAdded=6222
%%%mzn-stat: 2AutonomousSearchAverageSizeOfHeap=1.543565825736697
%%%mzn-stat: 2AutonomousSearchNumAssignedPredicatesEncountered=14562
%%%mzn-stat-end
maxleg = 432;
succ = array1d(1..50,[2, 3, 4, 9, 10, 7, 8, 15, 5, 12, 13, 17, 18, 19, 1, 6, 24, 27, 22, 16, 20, 23, 25, 28, 26, 31, 29, 30, 42, 39, 38, 21, 32, 14, 34, 37, 40, 11, 48, 44, 36, 46, 47, 35, 43, 50, 49, 41, 33, 45]);
% time elapsed: 15.58 s
----------
%%%mzn-stat: initTime=0.011434171
%%%mzn-stat: objective=423
%%%mzn-stat: nodes=124494
%%%mzn-stat: restarts=0
%%%mzn-stat: peakDepth=912
%%%mzn-stat: solveTime=15.391320412
%%%mzn-stat: variables=1591
%%%mzn-stat: propagators=1203
%%%mzn-stat: failures=98866
%%%mzn-stat: propagations=2733255
%%%mzn-stat: nogoods=98866
%%%mzn-stat: numAtomicConstraintsPropagated=0
%%%mzn-stat: allDifferentNumber1TotalHallSetSize=1022596
%%%mzn-stat: allDifferentNumber1NumberOfConflicts=85865
%%%mzn-stat: allDifferentNumber1MaxHallSetSize=39
%%%mzn-stat: allDifferentNumber1PropagationsTotal=339909
%%%mzn-stat: allDifferentNumber1PropagationsThatFoundConflict=85865
%%%mzn-stat: circuitNumber2PropagationsThatFoundConflict=3707
%%%mzn-stat: circuitNumber2TotalFixedEdgesAtConflict=151684
%%%mzn-stat: circuitNumber2NumberOfConflicts=3707
%%%mzn-stat: circuitNumber2PropagationsThatPruned=34294
%%%mzn-stat: circuitNumber2PropagationsTotal=170654
%%%mzn-stat: AverageConflictSize=26.97649343555924
%%%mzn-stat: NumUnitNogoodsLearned=0
%%%mzn-stat: AverageLearnedNogoodLength=44.096726882851534
%%%mzn-stat: AverageBacktrackAmount=0
%%%mzn-stat: AverageLbd=22.250328727772946
%%%mzn-stat: 2AutonomousSearchNumBackupCalled=10148
%%%mzn-stat: 2AutonomousSearchNumPredicatesRemoved=0
%%%mzn-stat: 2AutonomousSearchNumCalls=10161
%%%mzn-stat: 2AutonomousSearchNumPredicatesAdded=6984
%%%mzn-stat: 2AutonomousSearchAverageSizeOfHeap=1.6104714102942623
%%%mzn-stat: 2AutonomousSearchNumAssignedPredicatesEncountered=16364
%%%mzn-stat-end
maxleg = 423;
succ = array1d(1..50,[2, 3, 4, 9, 10, 7, 14, 6, 5, 12, 13, 15, 18, 19, 8, 1, 24, 27, 22, 16, 20, 23, 25, 28, 26, 31, 29, 30, 42, 39, 38, 21, 36, 35, 43, 41, 33, 11, 32, 37, 48, 46, 47, 34, 44, 50, 49, 17, 40, 45]);
% time elapsed: 15.65 s
----------
%%%mzn-stat: initTime=0.011434171
%%%mzn-stat: objective=416
%%%mzn-stat: nodes=125773
%%%mzn-stat: restarts=0
%%%mzn-stat: peakDepth=912
%%%mzn-stat: solveTime=15.420591858
%%%mzn-stat: variables=1591
%%%mzn-stat: propagators=1203
%%%mzn-stat: failures=99016
%%%mzn-stat: propagations=2742399
%%%mzn-stat: nogoods=99016
%%%mzn-stat: numAtomicConstraintsPropagated=0
%%%mzn-stat: allDifferentNumber1TotalHallSetSize=1023906
%%%mzn-stat: allDifferentNumber1NumberOfConflicts=85989
%%%mzn-stat: allDifferentNumber1MaxHallSetSize=39
%%%mzn-stat: allDifferentNumber1PropagationsTotal=340936
%%%mzn-stat: allDifferentNumber1PropagationsThatFoundConflict=85989
%%%mzn-stat: circuitNumber2PropagationsThatFoundConflict=3729
%%%mzn-stat: circuitNumber2TotalFixedEdgesAtConflict=152593
%%%mzn-stat: circuitNumber2NumberOfConflicts=3729
%%%mzn-stat: circuitNumber2PropagationsThatPruned=34317
%%%mzn-stat: circuitNumber2PropagationsTotal=171246
%%%mzn-stat: AverageConflictSize=26.96730831380787
%%%mzn-stat: NumUnitNogoodsLearned=0
%%%mzn-stat: AverageLearnedNogoodLength=44.071372303466106
%%%mzn-stat: AverageBacktrackAmount=0
%%%mzn-stat: AverageLbd=22.241264038135252
%%%mzn-stat: 2AutonomousSearchNumBackupCalled=10847
%%%mzn-stat: 2AutonomousSearchNumPredicatesRemoved=0
%%%mzn-stat: 2AutonomousSearchNumCalls=10861
%%%mzn-stat: 2AutonomousSearchNumPredicatesAdded=7662
%%%mzn-stat: 2AutonomousSearchAverageSizeOfHeap=1.6728662185802412
%%%mzn-stat: 2AutonomousSearchNumAssignedPredicatesEncountered=18169
%%%mzn-stat-end
maxleg = 416;
succ = array1d(1..50,[2, 3, 4, 9, 13, 7, 14, 6, 5, 12, 18, 15, 10, 19, 8, 1, 24, 27, 22, 16, 20, 23, 25, 28, 26, 31, 29, 30, 42, 39, 38, 21, 36, 35, 43, 41, 33, 11, 32, 37, 48, 46, 47, 34, 44, 50, 49, 17, 40, 45]);
% time elapsed: 15.68 s
----------
%%%mzn-stat: initTime=0.011434171
%%%mzn-stat: objective=383
%%%mzn-stat: nodes=127613
%%%mzn-stat: restarts=0
%%%mzn-stat: peakDepth=912
%%%mzn-stat: solveTime=15.451656931
%%%mzn-stat: variables=1591
%%%mzn-stat: propagators=1203
%%%mzn-stat: failures=99113
%%%mzn-stat: propagations=2757587
%%%mzn-stat: nogoods=99113
%%%mzn-stat: numAtomicConstraintsPropagated=0
%%%mzn-stat: allDifferentNumber1TotalHallSetSize=1024215
%%%mzn-stat: allDifferentNumber1NumberOfConflicts=86071
%%%mzn-stat: allDifferentNumber1MaxHallSetSize=39
%%%mzn-stat: allDifferentNumber1PropagationsTotal=342744
%%%mzn-stat: allDifferentNumber1PropagationsThatFoundConflict=86071
%%%mzn-stat: circuitNumber2PropagationsThatFoundConflict=3738
%%%mzn-stat: circuitNumber2TotalFixedEdgesAtConflict=152976
%%%mzn-stat: circuitNumber2NumberOfConflicts=3738
%%%mzn-stat: circuitNumber2PropagationsThatPruned=34318
%%%mzn-stat: circuitNumber2PropagationsTotal=172386
%%%mzn-stat: AverageConflictSize=26.94835188118612
%%%mzn-stat: NumUnitNogoodsLearned=0
%%%mzn-stat: AverageLearnedNogoodLength=44.038168555083594
%%%mzn-stat: AverageBacktrackAmount=0
%%%mzn-stat: AverageLbd=22.22595421387709
%%%mzn-stat: 2AutonomousSearchNumBackupCalled=11476
%%%mzn-stat: 2AutonomousSearchNumPredicatesRemoved=0
%%%mzn-stat: 2AutonomousSearchNumCalls=11491
%%%mzn-stat: 2AutonomousSearchNumPredicatesAdded=8045
%%%mzn-stat: 2AutonomousSearchAverageSizeOfHeap=1.7391871899747628
%%%mzn-stat: 2AutonomousSearchNumAssignedPredicatesEncountered=19985
%%%mzn-stat-end
maxleg = 383;
succ = array1d(1..50,[2, 8, 4, 9, 13, 7, 14, 6, 5, 12, 18, 3, 11, 19, 1, 10, 24, 27, 22, 15, 16, 23, 25, 28, 26, 31, 29, 30, 38, 39, 34, 20, 21, 35, 43, 41, 33, 42, 32, 47, 48, 46, 49, 40, 44, 50, 36, 17, 37, 45]);
% time elapsed: 15.71 s
----------
%%%mzn-stat: initTime=0.011434171
%%%mzn-stat: objective=377
%%%mzn-stat: nodes=128317
%%%mzn-stat: restarts=0
%%%mzn-stat: peakDepth=912
%%%mzn-stat: solveTime=15.455691072
%%%mzn-stat: variables=1591
%%%mzn-stat: propagators=1203
%%%mzn-stat: failures=99127
%%%mzn-stat: propagations=2760118
%%%mzn-stat: nogoods=99127
%%%mzn-stat: numAtomicConstraintsPropagated=0
%%%mzn-stat: allDifferentNumber1TotalHallSetSize=1024248
%%%mzn-stat: allDifferentNumber1NumberOfConflicts=86078
%%%mzn-stat: allDifferentNumber1MaxHallSetSize=39
%%%mzn-stat: allDifferentNumber1PropagationsTotal=342863
%%%mzn-stat: allDifferentNumber1PropagationsThatFoundConflict=86078
%%%mzn-stat: circuitNumber2PropagationsThatFoundConflict=3741
%%%mzn-stat: circuitNumber2TotalFixedEdgesAtConflict=153109
%%%mzn-stat: circuitNumber2NumberOfConflicts=3741
%%%mzn-stat: circuitNumber2PropagationsThatPruned=34319
%%%mzn-stat: circuitNumber2PropagationsTotal=172457
%%%mzn-stat: AverageConflictSize=26.946946845965275
%%%mzn-stat: NumUnitNogoodsLearned=0
%%%mzn-stat: AverageLearnedNogoodLength=44.035116567635455
%%%mzn-stat: AverageBacktrackAmount=0
%%%mzn-stat: AverageLbd=22.224852966396643
%%%mzn-stat: 2AutonomousSearchNumBackupCalled=12102
%%%mzn-stat: 2AutonomousSearchNumPredicatesRemoved=0
%%%mzn-stat: 2AutonomousSearchNumCalls=12118
%%%mzn-stat: 2AutonomousSearchNumPredicatesAdded=8255
%%%mzn-stat: 2AutonomousSearchAverageSizeOfHeap=1.799141772569731
%%%mzn-stat: 2AutonomousSearchNumAssignedPredicatesEncountered=21802
%%%mzn-stat-end
maxleg = 377;
succ = array1d(1..50,[2, 8, 4, 9, 13, 7, 14, 6, 5, 12, 18, 3, 11, 19, 1, 10, 24, 27, 22, 15, 16, 23, 25, 28, 26, 31, 29, 30, 38, 39, 34, 20, 21, 44, 43, 41, 33, 42, 32, 37, 48, 46, 49, 45, 50, 35, 36, 17, 47, 40]);
% time elapsed: 15.72 s
----------
%%%mzn-stat: initTime=0.011434171
%%%mzn-stat: objective=369
%%%mzn-stat: nodes=129612
%%%mzn-stat: restarts=0
%%%mzn-stat: peakDepth=912
%%%mzn-stat: solveTime=15.476260321
%%%mzn-stat: variables=1591
%%%mzn-stat: propagators=1203
%%%mzn-stat: failures=99210
%%%mzn-stat: propagations=2771412
%%%mzn-stat: nogoods=99210
%%%mzn-stat: numAtomicConstraintsPropagated=0
%%%mzn-stat: allDifferentNumber1TotalHallSetSize=1024603
%%%mzn-stat: allDifferentNumber1NumberOfConflicts=86150
%%%mzn-stat: allDifferentNumber1MaxHallSetSize=39
%%%mzn-stat: allDifferentNumber1PropagationsTotal=343859
%%%mzn-stat: allDifferentNumber1PropagationsThatFoundConflict=86150
%%%mzn-stat: circuitNumber2PropagationsThatFoundConflict=3748
%%%mzn-stat: circuitNumber2TotalFixedEdgesAtConflict=153445
%%%mzn-stat: circuitNumber2NumberOfConflicts=3748
%%%mzn-stat: circuitNumber2PropagationsThatPruned=34329
%%%mzn-stat: circuitNumber2PropagationsTotal=173105
%%%mzn-stat: AverageConflictSize=26.932194335248465
%%%mzn-stat: NumUnitNogoodsLearned=0
%%%mzn-stat: AverageLearnedNogoodLength=44.01021066424756
%%%mzn-stat: AverageBacktrackAmount=0
%%%mzn-stat: AverageLbd=22.215099284346337
%%%mzn-stat: 2AutonomousSearchNumBackupCalled=12699
%%%mzn-stat: 2AutonomousSearchNumPredicatesRemoved=0
%%%mzn-stat: 2AutonomousSearchNumCalls=12716
%%%mzn-stat: 2AutonomousSearchNumPredicatesAdded=8629
%%%mzn-stat: 2AutonomousSearchAverageSizeOfHeap=1.8587606165460837
%%%mzn-stat: 2AutonomousSearchNumAssignedPredicatesEncountered=23636
%%%mzn-stat-end
maxleg = 369;
succ = array1d(1..50,[2, 8, 4, 9, 13, 7, 14, 6, 5, 15, 18, 3, 10, 19, 1, 20, 12, 27, 22, 25, 16, 23, 26, 17, 31, 32, 29, 24, 42, 28, 38, 33, 21, 35, 43, 39, 36, 11, 41, 47, 48, 46, 44, 45, 50, 34, 49, 30, 37, 40]);
% time elapsed: 15.74 s
----------
%%%mzn-stat: initTime=0.011434171
%%%mzn-stat: objective=368
%%%mzn-stat: nodes=130284
%%%mzn-stat: restarts=0
%%%mzn-stat: peakDepth=912
%%%mzn-stat: solveTime=15.479166233
%%%mzn-stat: variables=1591
%%%mzn-stat: propagators=1203
%%%mzn-stat: failures=99216
%%%mzn-stat: propagations=2773718
%%%mzn-stat: nogoods=99216
%%%mzn-stat: numAtomicConstraintsPropagated=0
%%%mzn-stat: allDifferentNumber1TotalHallSetSize=1024625
%%%mzn-stat: allDifferentNumber1NumberOfConflicts=86155
%%%mzn-stat: allDifferentNumber1MaxHallSetSize=39
%%%mzn-stat: allDifferentNumber1PropagationsTotal=343944
%%%mzn-stat: allDifferentNumber1PropagationsThatFoundConflict=86155
%%%mzn-stat: circuitNumber2PropagationsThatFoundConflict=3749
%%%mzn-stat: circuitNumber2TotalFixedEdgesAtConflict=153493
%%%mzn-stat: circuitNumber2NumberOfConflicts=3749
%%%mzn-stat: circuitNumber2PropagationsThatPruned=34329
%%%mzn-stat: circuitNumber2PropagationsTotal=173158
%%%mzn-stat: AverageConflictSize=26.93135179809708
%%%mzn-stat: NumUnitNogoodsLearned=0
%%%mzn-stat: AverageLearnedNogoodLength=44.00832527011772
%%%mzn-stat: AverageBacktrackAmount=0
%%%mzn-stat: AverageLbd=22.214380745041122
%%%mzn-stat: 2AutonomousSearchNumBackupCalled=13313
%%%mzn-stat: 2AutonomousSearchNumPredicatesRemoved=0
%%%mzn-stat: 2AutonomousSearchNumCalls=13331
%%%mzn-stat: 2AutonomousSearchNumPredicatesAdded=8709
%%%mzn-stat: 2AutonomousSearchAverageSizeOfHeap=1.9105843522616457
%%%mzn-stat: 2AutonomousSearchNumAssignedPredicatesEncountered=25470
%%%mzn-stat-end
maxleg = 368;
succ = array1d(1..50,[2, 8, 4, 9, 13, 7, 14, 6, 5, 15, 18, 3, 10, 19, 1, 20, 12, 27, 22, 25, 16, 23, 26, 17, 31, 32, 29, 24, 42, 28, 38, 33, 21, 35, 44, 39, 36, 11, 41, 43, 48, 46, 49, 45, 50, 34, 37, 30, 47, 40]);
% time elapsed: 15.75 s
----------
%%%mzn-stat: initTime=0.011434171
%%%mzn-stat: objective=348
%%%mzn-stat: nodes=131005
%%%mzn-stat: restarts=0
%%%mzn-stat: peakDepth=912
%%%mzn-stat: solveTime=15.485423448
%%%mzn-stat: variables=1591
%%%mzn-stat: propagators=1203
%%%mzn-stat: failures=99239
%%%mzn-stat: propagations=2777496
%%%mzn-stat: nogoods=99239
%%%mzn-stat: numAtomicConstraintsPropagated=0
%%%mzn-stat: allDifferentNumber1TotalHallSetSize=1024814
%%%mzn-stat: allDifferentNumber1NumberOfConflicts=86177
%%%mzn-stat: allDifferentNumber1MaxHallSetSize=39
%%%mzn-stat: allDifferentNumber1PropagationsTotal=344169
%%%mzn-stat: allDifferentNumber1PropagationsThatFoundConflict=86177
%%%mzn-stat: circuitNumber2PropagationsThatFoundConflict=3750
%%%mzn-stat: circuitNumber2TotalFixedEdgesAtConflict=153535
%%%mzn-stat: circuitNumber2NumberOfConflicts=3750
%%%mzn-stat: circuitNumber2PropagationsThatPruned=34344
%%%mzn-stat: circuitNumber2PropagationsTotal=173304
%%%mzn-stat: AverageConflictSize=26.928385009925535
%%%mzn-stat: NumUnitNogoodsLearned=0
%%%mzn-stat: AverageLearnedNogoodLength=44.00306331180282
%%%mzn-stat: AverageBacktrackAmount=0
%%%mzn-stat: AverageLbd=22.21224518586443
%%%mzn-stat: 2AutonomousSearchNumBackupCalled=13889
%%%mzn-stat: 2AutonomousSearchNumPredicatesRemoved=0
%%%mzn-stat: 2AutonomousSearchNumCalls=13908
%%%mzn-stat: 2AutonomousSearchNumPredicatesAdded=9073
%%%mzn-stat: 2AutonomousSearchAverageSizeOfHeap=1.9636899626114466
%%%mzn-stat: 2AutonomousSearchNumAssignedPredicatesEncountered=27311
%%%mzn-stat-end
maxleg = 348;
succ = array1d(1..50,[2, 8, 4, 9, 13, 7, 14, 6, 5, 15, 18, 3, 10, 19, 1, 20, 12, 27, 22, 25, 16, 23, 26, 17, 31, 33, 29, 24, 42, 28, 38, 39, 21, 35, 44, 32, 36, 11, 41, 43, 48, 46, 49, 45, 50, 34, 37, 30, 47, 40]);
% time elapsed: 15.76 s
----------
%%%mzn-stat: initTime=0.011434171
%%%mzn-stat: objective=339
%%%mzn-stat: nodes=133102
%%%mzn-stat: restarts=0
%%%mzn-stat: peakDepth=912
%%%mzn-stat: solveTime=15.782469412
%%%mzn-stat: variables=1591
%%%mzn-stat: propagators=1203
%%%mzn-stat: failures=100684
%%%mzn-stat: propagations=2845235
%%%mzn-stat: nogoods=100684
%%%mzn-stat: numAtomicConstraintsPropagated=0
%%%mzn-stat: allDifferentNumber1TotalHallSetSize=1067950
%%%mzn-stat: allDifferentNumber1NumberOfConflicts=87600
%%%mzn-stat: allDifferentNumber1MaxHallSetSize=39
%%%mzn-stat: allDifferentNumber1PropagationsTotal=349041
%%%mzn-stat: allDifferentNumber1PropagationsThatFoundConflict=87600
%%%mzn-stat: circuitNumber2PropagationsThatFoundConflict=3769
%%%mzn-stat: circuitNumber2TotalFixedEdgesAtConflict=154067
%%%mzn-stat: circuitNumber2NumberOfConflicts=3769
%%%mzn-stat: circuitNumber2PropagationsThatPruned=35270
%%%mzn-stat: circuitNumber2PropagationsTotal=175576
%%%mzn-stat: AverageConflictSize=27.19206626673553
%%%mzn-stat: NumUnitNogoodsLearned=0
%%%mzn-stat: AverageLearnedNogoodLength=44.30266973898534
%%%mzn-stat: AverageBacktrackAmount=0
%%%mzn-stat: AverageLbd=22.23047356084383
%%%mzn-stat: 2AutonomousSearchNumBackupCalled=14427
%%%mzn-stat: 2AutonomousSearchNumPredicatesRemoved=0
%%%mzn-stat: 2AutonomousSearchNumCalls=14447
%%%mzn-stat: 2AutonomousSearchNumPredicatesAdded=9696
%%%mzn-stat: 2AutonomousSearchAverageSizeOfHeap=2.0404928358828824
%%%mzn-stat: 2AutonomousSearchNumAssignedPredicatesEncountered=29479
%%%mzn-stat-end
maxleg = 339;
succ = array1d(1..50,[2, 8, 4, 9, 13, 7, 14, 6, 5, 15, 18, 3, 10, 19, 1, 20, 12, 27, 22, 25, 16, 23, 29, 17, 26, 33, 42, 24, 11, 28, 34, 36, 32, 46, 44, 39, 21, 31, 41, 43, 48, 38, 49, 45, 50, 35, 37, 30, 47, 40]);
% time elapsed: 16.05 s
----------
%%%mzn-stat: initTime=0.011434171
%%%mzn-stat: objective=337
%%%mzn-stat: nodes=133685
%%%mzn-stat: restarts=0
%%%mzn-stat: peakDepth=912
%%%mzn-stat: solveTime=15.785118053
%%%mzn-stat: variables=1591
%%%mzn-stat: propagators=1203
%%%mzn-stat: failures=100685
%%%mzn-stat: propagations=2847420
%%%mzn-stat: nogoods=100685
%%%mzn-stat: numAtomicConstraintsPropagated=0
%%%mzn-stat: allDifferentNumber1TotalHallSetSize=1067952
%%%mzn-stat: allDifferentNumber1NumberOfConflicts=87601
%%%mzn-stat: allDifferentNumber1MaxHallSetSize=39
%%%mzn-stat: allDifferentNumber1PropagationsTotal=349102
%%%mzn-stat: allDifferentNumber1PropagationsThatFoundConflict=87601
%%%mzn-stat: circuitNumber2PropagationsThatFoundConflict=3769
%%%mzn-stat: circuitNumber2TotalFixedEdgesAtConflict=154067
%%%mzn-stat: circuitNumber2NumberOfConflicts=3769
%%%mzn-stat: circuitNumber2PropagationsThatPruned=35270
%%%mzn-stat: circuitNumber2PropagationsTotal=175620
%%%mzn-stat: AverageConflictSize=27.191816059989076
%%%mzn-stat: NumUnitNogoodsLearned=0
%%%mzn-stat: AverageLearnedNogoodLength=44.3022495903064
%%%mzn-stat: AverageBacktrackAmount=0
%%%mzn-stat: AverageLbd=22.230272632467596
%%%mzn-stat: 2AutonomousSearchNumBackupCalled=14967
%%%mzn-stat: 2AutonomousSearchNumPredicatesRemoved=0
%%%mzn-stat: 2AutonomousSearchNumCalls=14988
%%%mzn-stat: 2AutonomousSearchNumPredicatesAdded=9698
%%%mzn-stat: 2AutonomousSearchAverageSizeOfHeap=2.1114891913530824
%%%mzn-stat: 2AutonomousSearchNumAssignedPredicatesEncountered=31647
%%%mzn-stat-end
maxleg = 337;
succ = array1d(1..50,[2, 8, 4, 9, 13, 7, 14, 6, 5, 15, 18, 3, 10, 19, 1, 20, 12, 27, 22, 25, 16, 23, 29, 17, 26, 33, 42, 24, 11, 28, 34, 36, 32, 46, 44, 41, 21, 31, 30, 43, 48, 38, 49, 45, 50, 35, 37, 39, 47, 40]);
% time elapsed: 16.06 s
----------
%%%mzn-stat: initTime=0.011434171
%%%mzn-stat: objective=332
%%%mzn-stat: nodes=134512
%%%mzn-stat: restarts=0
%%%mzn-stat: peakDepth=912
%%%mzn-stat: solveTime=15.795637892
%%%mzn-stat: variables=1591
%%%mzn-stat: propagators=1203
%%%mzn-stat: failures=100730
%%%mzn-stat: propagations=2854575
%%%mzn-stat: nogoods=100730
%%%mzn-stat: numAtomicConstraintsPropagated=0
%%%mzn-stat: allDifferentNumber1TotalHallSetSize=1068130
%%%mzn-stat: allDifferentNumber1NumberOfConflicts=87640
%%%mzn-stat: allDifferentNumber1MaxHallSetSize=39
%%%mzn-stat: allDifferentNumber1PropagationsTotal=349630
%%%mzn-stat: allDifferentNumber1PropagationsThatFoundConflict=87640
%%%mzn-stat: circuitNumber2PropagationsThatFoundConflict=3774
%%%mzn-stat: circuitNumber2TotalFixedEdgesAtConflict=154286
%%%mzn-stat: circuitNumber2NumberOfConflicts=3774
%%%mzn-stat: circuitNumber2PropagationsThatPruned=35302
%%%mzn-stat: circuitNumber2PropagationsTotal=175951
%%%mzn-stat: AverageConflictSize=27.184880373275092
%%%mzn-stat: NumUnitNogoodsLearned=0
%%%mzn-stat: AverageLearnedNogoodLength=44.28871239948377
%%%mzn-stat: AverageBacktrackAmount=0
%%%mzn-stat: AverageLbd=22.224292663556042
%%%mzn-stat: 2AutonomousSearchNumBackupCalled=15497
%%%mzn-stat: 2AutonomousSearchNumPredicatesRemoved=0
%%%mzn-stat: 2AutonomousSearchNumCalls=15519
%%%mzn-stat: 2AutonomousSearchNumPredicatesAdded=10022
%%%mzn-stat: 2AutonomousSearchAverageSizeOfHeap=2.179393002126426
%%%mzn-stat: 2AutonomousSearchNumAssignedPredicatesEncountered=33822
%%%mzn-stat-end
maxleg = 332;
succ = array1d(1..50,[2, 8, 4, 9, 13, 7, 14, 6, 5, 15, 18, 3, 10, 19, 1, 20, 12, 27, 22, 25, 33, 16, 29, 17, 23, 36, 42, 24, 11, 28, 26, 39, 32, 44, 46, 37, 47, 31, 41, 45, 48, 38, 49, 43, 50, 34, 40, 30, 21, 35]);
% time elapsed: 16.07 s
----------
%%%mzn-stat: initTime=0.011434171
%%%mzn-stat: objective=331
%%%mzn-stat: nodes=135838
%%%mzn-stat: restarts=0
%%%mzn-stat: peakDepth=912
%%%mzn-stat: solveTime=15.817157456
%%%mzn-stat: variables=1591
%%%mzn-stat: propagators=1203
%%%mzn-stat: failures=100786
%%%mzn-stat: propagations=2867815
%%%mzn-stat: nogoods=100786
%%%mzn-stat: numAtomicConstraintsPropagated=0
%%%mzn-stat: allDifferentNumber1TotalHallSetSize=1068337
%%%mzn-stat: allDifferentNumber1NumberOfConflicts=87696
%%%mzn-stat: allDifferentNumber1MaxHallSetSize=39
%%%mzn-stat: allDifferentNumber1PropagationsTotal=350795
%%%mzn-stat: allDifferentNumber1PropagationsThatFoundConflict=87696
%%%mzn-stat: circuitNumber2PropagationsThatFoundConflict=3774
%%%mzn-stat: circuitNumber2TotalFixedEdgesAtConflict=154286
%%%mzn-stat: circuitNumber2NumberOfConflicts=3774
%%%mzn-stat: circuitNumber2PropagationsThatPruned=35307
%%%mzn-stat: circuitNumber2PropagationsTotal=176708
%%%mzn-stat: AverageConflictSize=27.17347647490723
%%%mzn-stat: NumUnitNogoodsLearned=0
%%%mzn-stat: AverageLearnedNogoodLength=44.26771575417221
%%%mzn-stat: AverageBacktrackAmount=0
%%%mzn-stat: AverageLbd=22.214037663961264
%%%mzn-stat: 2AutonomousSearchNumBackupCalled=16017
%%%mzn-stat: 2AutonomousSearchNumPredicatesRemoved=0
%%%mzn-stat: 2AutonomousSearchNumCalls=16040
%%%mzn-stat: 2AutonomousSearchNumPredicatesAdded=10157
%%%mzn-stat: 2AutonomousSearchAverageSizeOfHeap=2.245137157107232
%%%mzn-stat: 2AutonomousSearchNumAssignedPredicatesEncountered=36012
%%%mzn-stat-end
maxleg = 331;
succ = array1d(1..50,[2, 8, 4, 10, 9, 7, 14, 6, 13, 15, 18, 3, 11, 5, 1, 20, 12, 27, 22, 25, 33, 16, 19, 17, 26, 31, 29, 24, 42, 28, 34, 36, 32, 46, 44, 41, 21, 23, 30, 43, 48, 38, 49, 45, 50, 35, 37, 39, 47, 40]);
% time elapsed: 16.10 s
----------
%%%mzn-stat: initTime=0.011434171
%%%mzn-stat: objective=326
%%%mzn-stat: nodes=136413
%%%mzn-stat: restarts=0
%%%mzn-stat: peakDepth=912
%%%mzn-stat: solveTime=15.819639986
%%%mzn-stat: variables=1591
%%%mzn-stat: propagators=1203
%%%mzn-stat: failures=100791
%%%mzn-stat: propagations=2870326
%%%mzn-stat: nogoods=100791
%%%mzn-stat: numAtomicConstraintsPropagated=0
%%%mzn-stat: allDifferentNumber1TotalHallSetSize=1068348
%%%mzn-stat: allDifferentNumber1NumberOfConflicts=87700
%%%mzn-stat: allDifferentNumber1MaxHallSetSize=39
%%%mzn-stat: allDifferentNumber1PropagationsTotal=350881
%%%mzn-stat: allDifferentNumber1PropagationsThatFoundConflict=87700
%%%mzn-stat: circuitNumber2PropagationsThatFoundConflict=3775
%%%mzn-stat: circuitNumber2TotalFixedEdgesAtConflict=154334
%%%mzn-stat: circuitNumber2NumberOfConflicts=3775
%%%mzn-stat: circuitNumber2PropagationsThatPruned=35310
%%%mzn-stat: circuitNumber2PropagationsTotal=176767
%%%mzn-stat: AverageConflictSize=27.172316972745584
%%%mzn-stat: NumUnitNogoodsLearned=0
%%%mzn-stat: AverageLearnedNogoodLength=44.265847149051005
%%%mzn-stat: AverageBacktrackAmount=0
%%%mzn-stat: AverageLbd=22.213124187675486
%%%mzn-stat: 2AutonomousSearchNumBackupCalled=16531
%%%mzn-stat: 2AutonomousSearchNumPredicatesRemoved=0
%%%mzn-stat: 2AutonomousSearchNumCalls=16555
%%%mzn-stat: 2AutonomousSearchNumPredicatesAdded=10230
%%%mzn-stat: 2AutonomousSearchAverageSizeOfHeap=2.3075807913017217
%%%mzn-stat: 2AutonomousSearchNumAssignedPredicatesEncountered=38202
%%%mzn-stat-end
maxleg = 326;
succ = array1d(1..50,[2, 8, 4, 10, 9, 7, 14, 6, 13, 15, 18, 3, 11, 5, 1, 20, 12, 27, 22, 25, 33, 16, 19, 17, 26, 31, 29, 24, 42, 28, 34, 36, 32, 46, 44, 41, 21, 23, 30, 47, 48, 38, 40, 45, 50, 35, 49, 39, 37, 43]);
% time elapsed: 16.10 s
----------
%%%mzn-stat: initTime=0.011434171
%%%mzn-stat: objective=321
%%%mzn-stat: nodes=137270
%%%mzn-stat: restarts=0
%%%mzn-stat: peakDepth=912
%%%mzn-stat: solveTime=15.82958393
%%%mzn-stat: variables=1591
%%%mzn-stat: propagators=1203
%%%mzn-stat: failures=100809
%%%mzn-stat: propagations=2877529
%%%mzn-stat: nogoods=100809
%%%mzn-stat: numAtomicConstraintsPropagated=0
%%%mzn-stat: allDifferentNumber1TotalHallSetSize=1068394
%%%mzn-stat: allDifferentNumber1NumberOfConflicts=87718
%%%mzn-stat: allDifferentNumber1MaxHallSetSize=39
%%%mzn-stat: allDifferentNumber1PropagationsTotal=351419
%%%mzn-stat: allDifferentNumber1PropagationsThatFoundConflict=87718
%%%mzn-stat: circuitNumber2PropagationsThatFoundConflict=3775
%%%mzn-stat: circuitNumber2TotalFixedEdgesAtConflict=154334
%%%mzn-stat: circuitNumber2NumberOfConflicts=3775
%%%mzn-stat: circuitNumber2PropagationsThatPruned=35320
%%%mzn-stat: circuitNumber2PropagationsTotal=177118
%%%mzn-stat: AverageConflictSize=27.16793143469333
%%%mzn-stat: NumUnitNogoodsLearned=0
%%%mzn-stat: AverageLearnedNogoodLength=44.25840946740866
%%%mzn-stat: AverageBacktrackAmount=0
%%%mzn-stat: AverageLbd=22.209624140701724
%%%mzn-stat: 2AutonomousSearchNumBackupCalled=17028
%%%mzn-stat: 2AutonomousSearchNumPredicatesRemoved=0
%%%mzn-stat: 2AutonomousSearchNumCalls=17053
%%%mzn-stat: 2AutonomousSearchNumPredicatesAdded=10265
%%%mzn-stat: 2AutonomousSearchAverageSizeOfHeap=2.3687327742919133
%%%mzn-stat: 2AutonomousSearchNumAssignedPredicatesEncountered=40394
%%%mzn-stat-end
maxleg = 321;
succ = array1d(1..50,[2, 8, 12, 10, 9, 7, 14, 6, 13, 15, 18, 4, 11, 5, 1, 20, 3, 27, 22, 25, 33, 16, 19, 17, 26, 31, 29, 24, 42, 28, 34, 36, 32, 46, 44, 41, 21, 23, 30, 47, 48, 38, 40, 45, 50, 35, 49, 39, 37, 43]);
% time elapsed: 16.11 s
----------
%%%mzn-stat: initTime=0.011434171
%%%mzn-stat: objective=320
%%%mzn-stat: nodes=165944
%%%mzn-stat: restarts=0
%%%mzn-stat: peakDepth=912
%%%mzn-stat: solveTime=22.163143015
%%%mzn-stat: variables=1591
%%%mzn-stat: propagators=1203
%%%mzn-stat: failures=127302
%%%mzn-stat: propagations=4370816
%%%mzn-stat: nogoods=127302
%%%mzn-stat: numAtomicConstraintsPropagated=0
%%%mzn-stat: allDifferentNumber1TotalHallSetSize=1110011
%%%mzn-stat: allDifferentNumber1NumberOfConflicts=97732
%%%mzn-stat: allDifferentNumber1MaxHallSetSize=39
%%%mzn-stat: allDifferentNumber1PropagationsTotal=444197
%%%mzn-stat: allDifferentNumber1PropagationsThatFoundConflict=97732
%%%mzn-stat: circuitNumber2PropagationsThatFoundConflict=17390
%%%mzn-stat: circuitNumber2TotalFixedEdgesAtConflict=779237
%%%mzn-stat: circuitNumber2NumberOfConflicts=17390
%%%mzn-stat: circuitNumber2PropagationsThatPruned=51944
%%%mzn-stat: circuitNumber2PropagationsTotal=238034
%%%mzn-stat: AverageConflictSize=25.560902421014596
%%%mzn-stat: NumUnitNogoodsLearned=0
%%%mzn-stat: AverageLearnedNogoodLength=49.006983393819425
%%%mzn-stat: AverageBacktrackAmount=0
%%%mzn-stat: AverageLbd=23.9074719957267
%%%mzn-stat: 2AutonomousSearchNumBackupCalled=17515
%%%mzn-stat: 2AutonomousSearchNumPredicatesRemoved=0
%%%mzn-stat: 2AutonomousSearchNumCalls=17541
%%%mzn-stat: 2AutonomousSearchNumPredicatesAdded=11820
%%%mzn-stat: 2AutonomousSearchAverageSizeOfHeap=2.4475799555327518
%%%mzn-stat: 2AutonomousSearchNumAssignedPredicatesEncountered=42933
%%%mzn-stat-end
maxleg = 320;
succ = array1d(1..50,[2, 8, 12, 10, 9, 16, 14, 6, 13, 15, 18, 4, 11, 5, 1, 20, 3, 27, 22, 25, 33, 23, 31, 17, 48, 37, 29, 24, 42, 28, 26, 39, 32, 7, 46, 47, 21, 19, 30, 43, 36, 38, 44, 45, 50, 34, 49, 41, 40, 35]);
% time elapsed: 22.44 s
----------
%%%mzn-stat: initTime=0.011434171
%%%mzn-stat: objective=316
%%%mzn-stat: nodes=202568
%%%mzn-stat: restarts=0
%%%mzn-stat: peakDepth=912
%%%mzn-stat: solveTime=30.96515638
%%%mzn-stat: variables=1591
%%%mzn-stat: propagators=1203
%%%mzn-stat: failures=162885
%%%mzn-stat: propagations=6322219
%%%mzn-stat: nogoods=162885
%%%mzn-stat: numAtomicConstraintsPropagated=0
%%%mzn-stat: allDifferentNumber1TotalHallSetSize=1179098
%%%mzn-stat: allDifferentNumber1NumberOfConflicts=111872
%%%mzn-stat: allDifferentNumber1MaxHallSetSize=39
%%%mzn-stat: allDifferentNumber1PropagationsTotal=571463
%%%mzn-stat: allDifferentNumber1PropagationsThatFoundConflict=111872
%%%mzn-stat: circuitNumber2PropagationsThatFoundConflict=36035
%%%mzn-stat: circuitNumber2TotalFixedEdgesAtConflict=1639225
%%%mzn-stat: circuitNumber2NumberOfConflicts=36035
%%%mzn-stat: circuitNumber2PropagationsThatPruned=77737
%%%mzn-stat: circuitNumber2PropagationsTotal=324399
%%%mzn-stat: AverageConflictSize=24.56278969825337
%%%mzn-stat: NumUnitNogoodsLearned=0
%%%mzn-stat: AverageLearnedNogoodLength=53.598268717193115
%%%mzn-stat: AverageBacktrackAmount=0
%%%mzn-stat: AverageLbd=25.604954415692053
%%%mzn-stat: 2AutonomousSearchNumBackupCalled=17989
%%%mzn-stat: 2AutonomousSearchNumPredicatesRemoved=0
%%%mzn-stat: 2AutonomousSearchNumCalls=18016
%%%mzn-stat: 2AutonomousSearchNumPredicatesAdded=13202
%%%mzn-stat: 2AutonomousSearchAverageSizeOfHeap=2.52425621669627
%%%mzn-stat: 2AutonomousSearchNumAssignedPredicatesEncountered=45477
%%%mzn-stat-end
maxleg = 316;
succ = array1d(1..50,[2, 8, 12, 10, 9, 16, 14, 6, 13, 15, 18, 4, 11, 5, 1, 20, 3, 27, 23, 22, 33, 25, 31, 17, 48, 37, 29, 24, 42, 28, 26, 39, 32, 7, 46, 47, 21, 19, 30, 43, 36, 38, 44, 45, 50, 34, 49, 41, 40, 35]);
% time elapsed: 31.25 s
----------
%%%mzn-stat: initTime=0.011434171
%%%mzn-stat: objective=314
%%%mzn-stat: nodes=203463
%%%mzn-stat: restarts=0
%%%mzn-stat: peakDepth=912
%%%mzn-stat: solveTime=31.032404937
%%%mzn-stat: variables=1591
%%%mzn-stat: propagators=1203
%%%mzn-stat: failures=163200
%%%mzn-stat: propagations=6342801
%%%mzn-stat: nogoods=163200
%%%mzn-stat: numAtomicConstraintsPropagated=0
%%%mzn-stat: allDifferentNumber1TotalHallSetSize=1180576
%%%mzn-stat: allDifferentNumber1NumberOfConflicts=112043
%%%mzn-stat: allDifferentNumber1MaxHallSetSize=39
%%%mzn-stat: allDifferentNumber1PropagationsTotal=572709
%%%mzn-stat: allDifferentNumber1PropagationsThatFoundConflict=112043
%%%mzn-stat: circuitNumber2PropagationsThatFoundConflict=36164
%%%mzn-stat: circuitNumber2TotalFixedEdgesAtConflict=1644722
%%%mzn-stat: circuitNumber2NumberOfConflicts=36164
%%%mzn-stat: circuitNumber2PropagationsThatPruned=77802
%%%mzn-stat: circuitNumber2PropagationsTotal=325126
%%%mzn-stat: AverageConflictSize=24.57375
%%%mzn-stat: NumUnitNogoodsLearned=0
%%%mzn-stat: AverageLearnedNogoodLength=53.615686274509805
%%%mzn-stat: AverageBacktrackAmount=0
%%%mzn-stat: AverageLbd=25.59814338235294
%%%mzn-stat: 2AutonomousSearchNumBackupCalled=18474
%%%mzn-stat: 2AutonomousSearchNumPredicatesRemoved=0
%%%mzn-stat: 2AutonomousSearchNumCalls=18502
%%%mzn-stat: 2AutonomousSearchNumPredicatesAdded=14365
%%%mzn-stat: 2AutonomousSearchAverageSizeOfHeap=2.5954491406334452
%%%mzn-stat: 2AutonomousSearchNumAssignedPredicatesEncountered=48021
%%%mzn-stat-end
maxleg = 314;
succ = array1d(1..50,[2, 8, 12, 10, 9, 16, 14, 6, 13, 15, 18, 4, 11, 5, 1, 20, 3, 27, 23, 22, 33, 25, 31, 17, 48, 47, 29, 24, 42, 28, 26, 39, 32, 7, 46, 37, 49, 19, 30, 43, 36, 38, 44, 45, 50, 34, 21, 41, 40, 35]);
% time elapsed: 31.32 s
----------
%%%mzn-stat: initTime=0.011434171
%%%mzn-stat: objective=312
%%%mzn-stat: nodes=212926
%%%mzn-stat: restarts=0
%%%mzn-stat: peakDepth=912
%%%mzn-stat: solveTime=32.957342358
%%%mzn-stat: variables=1591
%%%mzn-stat: propagators=1203
%%%mzn-stat: failures=171415
%%%mzn-stat: propagations=6831175
%%%mzn-stat: nogoods=171415
%%%mzn-stat: numAtomicConstraintsPropagated=0
%%%mzn-stat: allDifferentNumber1TotalHallSetSize=1206474
%%%mzn-stat: allDifferentNumber1NumberOfConflicts=114206
%%%mzn-stat: allDifferentNumber1MaxHallSetSize=39
%%%mzn-stat: allDifferentNumber1PropagationsTotal=601050
%%%mzn-stat: allDifferentNumber1PropagationsThatFoundConflict=114206
%%%mzn-stat: circuitNumber2PropagationsThatFoundConflict=41896
%%%mzn-stat: circuitNumber2TotalFixedEdgesAtConflict=1898162
%%%mzn-stat: circuitNumber2NumberOfConflicts=41896
%%%mzn-stat: circuitNumber2PropagationsThatPruned=83586
%%%mzn-stat: circuitNumber2PropagationsTotal=345715
%%%mzn-stat: AverageConflictSize=24.823667707026807
%%%mzn-stat: NumUnitNogoodsLearned=0
%%%mzn-stat: AverageLearnedNogoodLength=54.79889157891667
%%%mzn-stat: AverageBacktrackAmount=0
%%%mzn-stat: AverageLbd=25.716675903509028
%%%mzn-stat: 2AutonomousSearchNumBackupCalled=18926
%%%mzn-stat: 2AutonomousSearchNumPredicatesRemoved=0
%%%mzn-stat: 2AutonomousSearchNumCalls=18955
%%%mzn-stat: 2AutonomousSearchNumPredicatesAdded=15557
%%%mzn-stat: 2AutonomousSearchAverageSizeOfHeap=2.6683724610920603
%%%mzn-stat: 2AutonomousSearchNumAssignedPredicatesEncountered=50579
%%%mzn-stat-end
maxleg = 312;
succ = array1d(1..50,[2, 8, 12, 10, 9, 16, 14, 6, 13, 15, 18, 4, 11, 5, 1, 20, 3, 27, 23, 22, 33, 25, 34, 17, 48, 47, 29, 24, 42, 28, 26, 39, 32, 7, 46, 37, 49, 31, 30, 43, 36, 38, 44, 45, 50, 19, 21, 41, 40, 35]);
% time elapsed: 33.24 s
----------
%%%mzn-stat: initTime=0.011434171
%%%mzn-stat: objective=310
%%%mzn-stat: nodes=215104
%%%mzn-stat: restarts=0
%%%mzn-stat: peakDepth=912
%%%mzn-stat: solveTime=33.120035554
%%%mzn-stat: variables=1591
%%%mzn-stat: propagators=1203
%%%mzn-stat: failures=172267
%%%mzn-stat: propagations=6897361
%%%mzn-stat: nogoods=172267
%%%mzn-stat: numAtomicConstraintsPropagated=0
%%%mzn-stat: allDifferentNumber1TotalHallSetSize=1206875
%%%mzn-stat: allDifferentNumber1NumberOfConflicts=114260
%%%mzn-stat: allDifferentNumber1MaxHallSetSize=39
%%%mzn-stat: allDifferentNumber1PropagationsTotal=605045
%%%mzn-stat: allDifferentNumber1PropagationsThatFoundConflict=114260
%%%mzn-stat: circuitNumber2PropagationsThatFoundConflict=42677
%%%mzn-stat: circuitNumber2TotalFixedEdgesAtConflict=1932295
%%%mzn-stat: circuitNumber2NumberOfConflicts=42677
%%%mzn-stat: circuitNumber2PropagationsThatPruned=83762
%%%mzn-stat: circuitNumber2PropagationsTotal=348314
%%%mzn-stat: AverageConflictSize=24.833874160460216
%%%mzn-stat: NumUnitNogoodsLearned=0
%%%mzn-stat: AverageLearnedNogoodLength=54.7188027886943
%%%mzn-stat: AverageBacktrackAmount=0
%%%mzn-stat: AverageLbd=25.692256787428818
%%%mzn-stat: 2AutonomousSearchNumBackupCalled=19393
%%%mzn-stat: 2AutonomousSearchNumPredicatesRemoved=0
%%%mzn-stat: 2AutonomousSearchNumCalls=19423
%%%mzn-stat: 2AutonomousSearchNumPredicatesAdded=16648
%%%mzn-stat: 2AutonomousSearchAverageSizeOfHeap=2.7358286567471555
%%%mzn-stat: 2AutonomousSearchNumAssignedPredicatesEncountered=53138
%%%mzn-stat-end
maxleg = 310;
succ = array1d(1..50,[2, 8, 12, 10, 9, 16, 14, 6, 13, 15, 18, 4, 19, 5, 1, 20, 3, 27, 23, 22, 33, 25, 29, 17, 48, 47, 42, 24, 11, 28, 26, 39, 32, 7, 46, 37, 49, 31, 30, 43, 36, 38, 44, 45, 50, 34, 21, 41, 40, 35]);
% time elapsed: 33.41 s
----------
%%%mzn-stat: initTime=0.011434171
%%%mzn-stat: objective=306
%%%mzn-stat: nodes=224856
%%%mzn-stat: restarts=0
%%%mzn-stat: peakDepth=912
%%%mzn-stat: solveTime=33.924364112
%%%mzn-stat: variables=1591
%%%mzn-stat: propagators=1203
%%%mzn-stat: failures=176485
%%%mzn-stat: propagations=7210391
%%%mzn-stat: nogoods=176485
%%%mzn-stat: numAtomicConstraintsPropagated=0
%%%mzn-stat: allDifferentNumber1TotalHallSetSize=1221309
%%%mzn-stat: allDifferentNumber1NumberOfConflicts=115821
%%%mzn-stat: allDifferentNumber1MaxHallSetSize=39
%%%mzn-stat: allDifferentNumber1PropagationsTotal=628416
%%%mzn-stat: allDifferentNumber1PropagationsThatFoundConflict=115821
%%%mzn-stat: circuitNumber2PropagationsThatFoundConflict=45240
%%%mzn-stat: circuitNumber2TotalFixedEdgesAtConflict=2044441
%%%mzn-stat: circuitNumber2NumberOfConflicts=45240
%%%mzn-stat: circuitNumber2PropagationsThatPruned=85017
%%%mzn-stat: circuitNumber2PropagationsTotal=362061
%%%mzn-stat: AverageConflictSize=24.75590560104258
%%%mzn-stat: NumUnitNogoodsLearned=0
%%%mzn-stat: AverageLearnedNogoodLength=54.29144686517268
%%%mzn-stat: AverageBacktrackAmount=0
%%%mzn-stat: AverageLbd=25.562042099895177
%%%mzn-stat: 2AutonomousSearchNumBackupCalled=19831
%%%mzn-stat: 2AutonomousSearchNumPredicatesRemoved=0
%%%mzn-stat: 2AutonomousSearchNumCalls=19862
%%%mzn-stat: 2AutonomousSearchNumPredicatesAdded=17765
%%%mzn-stat: 2AutonomousSearchAverageSizeOfHeap=2.806716342765079
%%%mzn-stat: 2AutonomousSearchNumAssignedPredicatesEncountered=55747
%%%mzn-stat-end
maxleg = 306;
succ = array1d(1..50,[2, 8, 12, 10, 9, 16, 14, 6, 13, 15, 18, 4, 19, 5, 1, 20, 3, 27, 23, 22, 33, 26, 29, 17, 48, 36, 42, 24, 11, 28, 25, 39, 37, 7, 46, 21, 47, 31, 30, 43, 32, 38, 44, 45, 50, 34, 49, 41, 40, 35]);
% time elapsed: 34.22 s
----------
%%%mzn-stat: initTime=0.011434171
%%%mzn-stat: objective=302
%%%mzn-stat: nodes=284642
%%%mzn-stat: restarts=0
%%%mzn-stat: peakDepth=912
%%%mzn-stat: solveTime=45.553499519
%%%mzn-stat: variables=1591
%%%mzn-stat: propagators=1203
%%%mzn-stat: failures=225748
%%%mzn-stat: propagations=9168107
%%%mzn-stat: nogoods=225748
%%%mzn-stat: numAtomicConstraintsPropagated=0
%%%mzn-stat: allDifferentNumber1TotalHallSetSize=2851135
%%%mzn-stat: allDifferentNumber1NumberOfConflicts=162069
%%%mzn-stat: allDifferentNumber1MaxHallSetSize=42
%%%mzn-stat: allDifferentNumber1PropagationsTotal=792205
%%%mzn-stat: allDifferentNumber1PropagationsThatFoundConflict=162069
%%%mzn-stat: circuitNumber2PropagationsThatFoundConflict=47348
%%%mzn-stat: circuitNumber2TotalFixedEdgesAtConflict=2136691
%%%mzn-stat: circuitNumber2NumberOfConflicts=47348
%%%mzn-stat: circuitNumber2PropagationsThatPruned=85801
%%%mzn-stat: circuitNumber2PropagationsTotal=430436
%%%mzn-stat: AverageConflictSize=35.03529156404486
%%%mzn-stat: NumUnitNogoodsLearned=0
%%%mzn-stat: AverageLearnedNogoodLength=64.91226057373709
%%%mzn-stat: AverageBacktrackAmount=0
%%%mzn-stat: AverageLbd=24.293437815617413
%%%mzn-stat: 2AutonomousSearchNumBackupCalled=20268
%%%mzn-stat: 2AutonomousSearchNumPredicatesRemoved=0
%%%mzn-stat: 2AutonomousSearchNumCalls=20300
%%%mzn-stat: 2AutonomousSearchNumPredicatesAdded=20221
%%%mzn-stat: 2AutonomousSearchAverageSizeOfHeap=2.918029556650246
%%%mzn-stat: 2AutonomousSearchNumAssignedPredicatesEncountered=59236
%%%mzn-stat-end
maxleg = 302;
succ = array1d(1..50,[2, 8, 12, 10, 9, 16, 14, 6, 13, 15, 18, 4, 29, 5, 1, 20, 3, 27, 23, 22, 33, 26, 25, 17, 48, 36, 42, 24, 11, 28, 19, 39, 37, 7, 46, 21, 47, 31, 30, 43, 32, 38, 44, 45, 50, 34, 49, 41, 40, 35]);
% time elapsed: 45.85 s
----------
%%%mzn-stat: initTime=0.011434171
%%%mzn-stat: objective=294
%%%mzn-stat: nodes=313515
%%%mzn-stat: restarts=0
%%%mzn-stat: peakDepth=912
%%%mzn-stat: solveTime=52.126664788
%%%mzn-stat: variables=1591
%%%mzn-stat: propagators=1203
%%%mzn-stat: failures=252935
%%%mzn-stat: propagations=9936814
%%%mzn-stat: nogoods=252935
%%%mzn-stat: numAtomicConstraintsPropagated=0
%%%mzn-stat: allDifferentNumber1TotalHallSetSize=3993515
%%%mzn-stat: allDifferentNumber1NumberOfConflicts=189146
%%%mzn-stat: allDifferentNumber1MaxHallSetSize=43
%%%mzn-stat: allDifferentNumber1PropagationsTotal=885457
%%%mzn-stat: allDifferentNumber1PropagationsThatFoundConflict=189146
%%%mzn-stat: circuitNumber2PropagationsThatFoundConflict=47435
%%%mzn-stat: circuitNumber2TotalFixedEdgesAtConflict=2140219
%%%mzn-stat: circuitNumber2NumberOfConflicts=47435
%%%mzn-stat: circuitNumber2PropagationsThatPruned=85907
%%%mzn-stat: circuitNumber2PropagationsTotal=469589
%%%mzn-stat: AverageConflictSize=39.79843833395932
%%%mzn-stat: NumUnitNogoodsLearned=0
%%%mzn-stat: AverageLearnedNogoodLength=69.099021487734
%%%mzn-stat: AverageBacktrackAmount=0
%%%mzn-stat: AverageLbd=23.62691600608852
%%%mzn-stat: 2AutonomousSearchNumBackupCalled=20666
%%%mzn-stat: 2AutonomousSearchNumPredicatesRemoved=0
%%%mzn-stat: 2AutonomousSearchNumCalls=20699
%%%mzn-stat: 2AutonomousSearchNumPredicatesAdded=22519
%%%mzn-stat: 2AutonomousSearchAverageSizeOfHeap=3.036909995651964
%%%mzn-stat: 2AutonomousSearchNumAssignedPredicatesEncountered=62861
%%%mzn-stat-end
maxleg = 294;
succ = array1d(1..50,[2, 10, 12, 13, 9, 8, 14, 16, 19, 4, 18, 17, 29, 5, 1, 15, 24, 27, 23, 22, 33, 6, 25, 28, 48, 20, 42, 30, 11, 39, 35, 36, 26, 45, 46, 37, 47, 31, 32, 7, 3, 38, 40, 43, 50, 34, 49, 41, 21, 44]);
% time elapsed: 52.42 s
----------
%%%mzn-stat: initTime=0.011434171
%%%mzn-stat: objective=287
%%%mzn-stat: nodes=314028
%%%mzn-stat: restarts=0
%%%mzn-stat: peakDepth=912
%%%mzn-stat: solveTime=52.134163274
%%%mzn-stat: variables=1591
%%%mzn-stat: propagators=1203
%%%mzn-stat: failures=252951
%%%mzn-stat: propagations=9941646
%%%mzn-stat: nogoods=252951
%%%mzn-stat: numAtomicConstraintsPropagated=0
%%%mzn-stat: allDifferentNumber1TotalHallSetSize=3993583
%%%mzn-stat: allDifferentNumber1NumberOfConflicts=189157
%%%mzn-stat: allDifferentNumber1MaxHallSetSize=43
%%%mzn-stat: allDifferentNumber1PropagationsTotal=885681
%%%mzn-stat: allDifferentNumber1PropagationsThatFoundConflict=189157
%%%mzn-stat: circuitNumber2PropagationsThatFoundConflict=47439
%%%mzn-stat: circuitNumber2TotalFixedEdgesAtConflict=2140399
%%%mzn-stat: circuitNumber2NumberOfConflicts=47439
%%%mzn-stat: circuitNumber2PropagationsThatPruned=85921
%%%mzn-stat: circuitNumber2PropagationsTotal=469733
%%%mzn-stat: AverageConflictSize=39.79795296322212
%%%mzn-stat: NumUnitNogoodsLearned=0
%%%mzn-stat: AverageLearnedNogoodLength=69.09733505698732
%%%mzn-stat: AverageBacktrackAmount=0
%%%mzn-stat: AverageLbd=23.62631497799969
%%%mzn-stat: 2AutonomousSearchNumBackupCalled=21053
%%%mzn-stat: 2AutonomousSearchNumPredicatesRemoved=0
%%%mzn-stat: 2AutonomousSearchNumCalls=21087
%%%mzn-stat: 2AutonomousSearchNumPredicatesAdded=22982
%%%mzn-stat: 2AutonomousSearchAverageSizeOfHeap=3.152937828994167
%%%mzn-stat: 2AutonomousSearchNumAssignedPredicatesEncountered=66486
%%%mzn-stat-end
maxleg = 287;
succ = array1d(1..50,[2, 10, 12, 13, 9, 8, 14, 16, 19, 4, 18, 17, 29, 34, 1, 15, 24, 27, 23, 22, 33, 6, 25, 28, 48, 20, 42, 30, 11, 39, 35, 36, 26, 46, 45, 37, 47, 31, 32, 7, 3, 38, 40, 43, 50, 5, 49, 41, 21, 44]);
% time elapsed: 52.44 s
----------
%%%mzn-stat: initTime=0.011434171
%%%mzn-stat: objective=280
%%%mzn-stat: nodes=314771
%%%mzn-stat: restarts=0
%%%mzn-stat: peakDepth=912
%%%mzn-stat: solveTime=52.155212333
%%%mzn-stat: variables=1591
%%%mzn-stat: propagators=1203
%%%mzn-stat: failures=253037
%%%mzn-stat: propagations=9953296
%%%mzn-stat: nogoods=253037
%%%mzn-stat: numAtomicConstraintsPropagated=0
%%%mzn-stat: allDifferentNumber1TotalHallSetSize=3993812
%%%mzn-stat: allDifferentNumber1NumberOfConflicts=189211
%%%mzn-stat: allDifferentNumber1MaxHallSetSize=43
%%%mzn-stat: allDifferentNumber1PropagationsTotal=886407
%%%mzn-stat: allDifferentNumber1PropagationsThatFoundConflict=189211
%%%mzn-stat: circuitNumber2PropagationsThatFoundConflict=47467
%%%mzn-stat: circuitNumber2TotalFixedEdgesAtConflict=2141668
%%%mzn-stat: circuitNumber2NumberOfConflicts=47467
%%%mzn-stat: circuitNumber2PropagationsThatPruned=85973
%%%mzn-stat: circuitNumber2PropagationsTotal=470172
%%%mzn-stat: AverageConflictSize=39.79113331251951
%%%mzn-stat: NumUnitNogoodsLearned=0
%%%mzn-stat: AverageLearnedNogoodLength=69.08563569754621
%%%mzn-stat: AverageBacktrackAmount=0
%%%mzn-stat: AverageLbd=23.6230551263254
%%%mzn-stat: 2AutonomousSearchNumBackupCalled=21437
%%%mzn-stat: 2AutonomousSearchNumPredicatesRemoved=0
%%%mzn-stat: 2AutonomousSearchNumCalls=21472
%%%mzn-stat: 2AutonomousSearchNumPredicatesAdded=23941
%%%mzn-stat: 2AutonomousSearchAverageSizeOfHeap=3.265694858420268
%%%mzn-stat: 2AutonomousSearchNumAssignedPredicatesEncountered=70121
%%%mzn-stat-end
maxleg = 280;
succ = array1d(1..50,[2, 10, 12, 13, 9, 8, 14, 16, 19, 4, 18, 17, 29, 34, 1, 15, 24, 27, 23, 22, 33, 25, 35, 28, 48, 20, 42, 30, 11, 39, 26, 36, 47, 46, 45, 37, 21, 31, 32, 7, 3, 38, 6, 43, 50, 5, 49, 41, 40, 44]);
% time elapsed: 52.46 s
----------
%%%mzn-stat: initTime=0.011434171
%%%mzn-stat: objective=278
%%%mzn-stat: nodes=315181
%%%mzn-stat: restarts=0
%%%mzn-stat: peakDepth=912
%%%mzn-stat: solveTime=52.157546427
%%%mzn-stat: variables=1591
%%%mzn-stat: propagators=1203
%%%mzn-stat: failures=253037
%%%mzn-stat: propagations=9955597
%%%mzn-stat: nogoods=253037
%%%mzn-stat: numAtomicConstraintsPropagated=0
%%%mzn-stat: allDifferentNumber1TotalHallSetSize=3993812
%%%mzn-stat: allDifferentNumber1NumberOfConflicts=189211
%%%mzn-stat: allDifferentNumber1MaxHallSetSize=43
%%%mzn-stat: allDifferentNumber1PropagationsTotal=886464
%%%mzn-stat: allDifferentNumber1PropagationsThatFoundConflict=189211
%%%mzn-stat: circuitNumber2PropagationsThatFoundConflict=47467
%%%mzn-stat: circuitNumber2TotalFixedEdgesAtConflict=2141668
%%%mzn-stat: circuitNumber2NumberOfConflicts=47467
%%%mzn-stat: circuitNumber2PropagationsThatPruned=85977
%%%mzn-stat: circuitNumber2PropagationsTotal=470210
%%%mzn-stat: AverageConflictSize=39.79113331251951
%%%mzn-stat: NumUnitNogoodsLearned=0
%%%mzn-stat: AverageLearnedNogoodLength=69.08563569754621
%%%mzn-stat: AverageBacktrackAmount=0
%%%mzn-stat: AverageLbd=23.6230551263254
%%%mzn-stat: 2AutonomousSearchNumBackupCalled=21814
%%%mzn-stat: 2AutonomousSearchNumPredicatesRemoved=0
%%%mzn-stat: 2AutonomousSearchNumCalls=21850
%%%mzn-stat: 2AutonomousSearchNumPredicatesAdded=23941
%%%mzn-stat: 2AutonomousSearchAverageSizeOfHeap=3.3755606407322656
%%%mzn-stat: 2AutonomousSearchNumAssignedPredicatesEncountered=73756
%%%mzn-stat-end
maxleg = 278;
succ = array1d(1..50,[2, 10, 12, 13, 9, 8, 14, 16, 19, 4, 18, 17, 29, 34, 1, 15, 24, 27, 23, 22, 33, 25, 35, 28, 48, 20, 42, 30, 11, 39, 26, 36, 47, 46, 50, 37, 21, 31, 32, 7, 3, 38, 6, 43, 44, 5, 49, 41, 40, 45]);
% time elapsed: 52.47 s
----------
%%%mzn-stat: initTime=0.011434171
%%%mzn-stat: objective=272
%%%mzn-stat: nodes=319706
%%%mzn-stat: restarts=0
%%%mzn-stat: peakDepth=912
%%%mzn-stat: solveTime=52.4459464
%%%mzn-stat: variables=1591
%%%mzn-stat: propagators=1203
%%%mzn-stat: failures=255082
%%%mzn-stat: propagations=10125214
%%%mzn-stat: nogoods=255082
%%%mzn-stat: numAtomicConstraintsPropagated=0
%%%mzn-stat: allDifferentNumber1TotalHallSetSize=3995123
%%%mzn-stat: allDifferentNumber1NumberOfConflicts=189604
%%%mzn-stat: allDifferentNumber1MaxHallSetSize=43
%%%mzn-stat: allDifferentNumber1PropagationsTotal=896800
%%%mzn-stat: allDifferentNumber1PropagationsThatFoundConflict=189604
%%%mzn-stat: circuitNumber2PropagationsThatFoundConflict=48977
%%%mzn-stat: circuitNumber2TotalFixedEdgesAtConflict=2203830
%%%mzn-stat: circuitNumber2NumberOfConflicts=48977
%%%mzn-stat: circuitNumber2PropagationsThatPruned=87258
%%%mzn-stat: circuitNumber2PropagationsTotal=476856
%%%mzn-stat: AverageConflictSize=39.55872621353134
%%%mzn-stat: NumUnitNogoodsLearned=0
%%%mzn-stat: AverageLearnedNogoodLength=68.78995773907998
%%%mzn-stat: AverageBacktrackAmount=0
%%%mzn-stat: AverageLbd=23.513207517582583
%%%mzn-stat: 2AutonomousSearchNumBackupCalled=22181
%%%mzn-stat: 2AutonomousSearchNumPredicatesRemoved=0
%%%mzn-stat: 2AutonomousSearchNumCalls=22218
%%%mzn-stat: 2AutonomousSearchNumPredicatesAdded=25600
%%%mzn-stat: 2AutonomousSearchAverageSizeOfHeap=3.4890179134035466
%%%mzn-stat: 2AutonomousSearchNumAssignedPredicatesEncountered=77519
%%%mzn-stat-end
maxleg = 272;
succ = array1d(1..50,[2, 10, 12, 13, 9, 8, 14, 16, 19, 4, 18, 17, 29, 34, 1, 20, 24, 27, 23, 33, 37, 25, 22, 28, 26, 6, 42, 30, 11, 39, 35, 41, 47, 46, 50, 32, 36, 31, 48, 7, 3, 38, 40, 43, 44, 5, 49, 15, 21, 45]);
% time elapsed: 52.75 s
----------
%%%mzn-stat: initTime=0.011434171
%%%mzn-stat: objective=270
%%%mzn-stat: nodes=321564
%%%mzn-stat: restarts=0
%%%mzn-stat: peakDepth=912
%%%mzn-stat: solveTime=52.66656569
%%%mzn-stat: variables=1591
%%%mzn-stat: propagators=1203
%%%mzn-stat: failures=255966
%%%mzn-stat: propagations=10163373
%%%mzn-stat: nogoods=255966
%%%mzn-stat: numAtomicConstraintsPropagated=0
%%%mzn-stat: allDifferentNumber1TotalHallSetSize=4021820
%%%mzn-stat: allDifferentNumber1NumberOfConflicts=190485
%%%mzn-stat: allDifferentNumber1MaxHallSetSize=43
%%%mzn-stat: allDifferentNumber1PropagationsTotal=900444
%%%mzn-stat: allDifferentNumber1PropagationsThatFoundConflict=190485
%%%mzn-stat: circuitNumber2PropagationsThatFoundConflict=48980
%%%mzn-stat: circuitNumber2TotalFixedEdgesAtConflict=2203974
%%%mzn-stat: circuitNumber2NumberOfConflicts=48980
%%%mzn-stat: circuitNumber2PropagationsThatPruned=87297
%%%mzn-stat: circuitNumber2PropagationsTotal=478717
%%%mzn-stat: AverageConflictSize=39.79651203675488
%%%mzn-stat: NumUnitNogoodsLearned=0
%%%mzn-stat: AverageLearnedNogoodLength=69.00961846495238
%%%mzn-stat: AverageBacktrackAmount=0
%%%mzn-stat: AverageLbd=23.487947618043023
%%%mzn-stat: 2AutonomousSearchNumBackupCalled=22538
%%%mzn-stat: 2AutonomousSearchNumPredicatesRemoved=0
%%%mzn-stat: 2AutonomousSearchNumCalls=22576
%%%mzn-stat: 2AutonomousSearchNumPredicatesAdded=26548
%%%mzn-stat: 2AutonomousSearchAverageSizeOfHeap=3.6012136782423814
%%%mzn-stat: 2AutonomousSearchNumAssignedPredicatesEncountered=81301
%%%mzn-stat-end
maxleg = 270;
succ = array1d(1..50,[2, 15, 12, 10, 9, 8, 14, 16, 13, 20, 18, 4, 29, 34, 22, 25, 3, 27, 46, 1, 33, 23, 19, 17, 26, 36, 42, 24, 11, 28, 35, 39, 32, 45, 50, 37, 21, 31, 41, 49, 48, 38, 7, 40, 44, 5, 6, 30, 47, 43]);
% time elapsed: 52.98 s
----------
%%%mzn-stat: initTime=0.011434171
%%%mzn-stat: objective=269
%%%mzn-stat: nodes=321997
%%%mzn-stat: restarts=0
%%%mzn-stat: peakDepth=912
%%%mzn-stat: solveTime=52.671313809
%%%mzn-stat: variables=1591
%%%mzn-stat: propagators=1203
%%%mzn-stat: failures=255977
%%%mzn-stat: propagations=10166879
%%%mzn-stat: nogoods=255977
%%%mzn-stat: numAtomicConstraintsPropagated=0
%%%mzn-stat: allDifferentNumber1TotalHallSetSize=4021843
%%%mzn-stat: allDifferentNumber1NumberOfConflicts=190491
%%%mzn-stat: allDifferentNumber1MaxHallSetSize=43
%%%mzn-stat: allDifferentNumber1PropagationsTotal=900558
%%%mzn-stat: allDifferentNumber1PropagationsThatFoundConflict=190491
%%%mzn-stat: circuitNumber2PropagationsThatFoundConflict=48985
%%%mzn-stat: circuitNumber2TotalFixedEdgesAtConflict=2204070
%%%mzn-stat: circuitNumber2NumberOfConflicts=48985
%%%mzn-stat: circuitNumber2PropagationsThatPruned=87300
%%%mzn-stat: circuitNumber2PropagationsTotal=478797
%%%mzn-stat: AverageConflictSize=39.795376147075714
%%%mzn-stat: NumUnitNogoodsLearned=0
%%%mzn-stat: AverageLearnedNogoodLength=69.00802806502146
%%%mzn-stat: AverageBacktrackAmount=0
%%%mzn-stat: AverageLbd=23.487313313305492
%%%mzn-stat: 2AutonomousSearchNumBackupCalled=22896
%%%mzn-stat: 2AutonomousSearchNumPredicatesRemoved=0
%%%mzn-stat: 2AutonomousSearchNumCalls=22935
%%%mzn-stat: 2AutonomousSearchNumPredicatesAdded=26999
%%%mzn-stat: 2AutonomousSearchAverageSizeOfHeap=3.709832134292566
%%%mzn-stat: 2AutonomousSearchNumAssignedPredicatesEncountered=85085
%%%mzn-stat-end
maxleg = 269;
succ = array1d(1..50,[2, 15, 12, 10, 9, 8, 14, 16, 13, 20, 18, 4, 42, 34, 22, 25, 3, 27, 46, 1, 33, 23, 19, 17, 26, 36, 29, 24, 38, 28, 35, 39, 32, 45, 50, 37, 21, 31, 41, 49, 48, 11, 7, 40, 44, 5, 6, 30, 47, 43]);
% time elapsed: 52.99 s
----------
%%%mzn-stat: initTime=0.011434171
%%%mzn-stat: objective=259
%%%mzn-stat: nodes=323696
%%%mzn-stat: restarts=0
%%%mzn-stat: peakDepth=912
%%%mzn-stat: solveTime=52.79833505
%%%mzn-stat: variables=1591
%%%mzn-stat: propagators=1203
%%%mzn-stat: failures=256718
%%%mzn-stat: propagations=10229772
%%%mzn-stat: nogoods=256718
%%%mzn-stat: numAtomicConstraintsPropagated=0
%%%mzn-stat: allDifferentNumber1TotalHallSetSize=4022136
%%%mzn-stat: allDifferentNumber1NumberOfConflicts=190615
%%%mzn-stat: allDifferentNumber1MaxHallSetSize=43
%%%mzn-stat: allDifferentNumber1PropagationsTotal=903837
%%%mzn-stat: allDifferentNumber1PropagationsThatFoundConflict=190615
%%%mzn-stat: circuitNumber2PropagationsThatFoundConflict=49597
%%%mzn-stat: circuitNumber2TotalFixedEdgesAtConflict=2229891
%%%mzn-stat: circuitNumber2NumberOfConflicts=49597
%%%mzn-stat: circuitNumber2PropagationsThatPruned=87829
%%%mzn-stat: circuitNumber2PropagationsTotal=481237
%%%mzn-stat: AverageConflictSize=39.7482490514884
%%%mzn-stat: NumUnitNogoodsLearned=0
%%%mzn-stat: AverageLearnedNogoodLength=68.91975241315373
%%%mzn-stat: AverageBacktrackAmount=0
%%%mzn-stat: AverageLbd=23.47213284615804
%%%mzn-stat: 2AutonomousSearchNumBackupCalled=23238
%%%mzn-stat: 2AutonomousSearchNumPredicatesRemoved=0
%%%mzn-stat: 2AutonomousSearchNumCalls=23278
%%%mzn-stat: 2AutonomousSearchNumPredicatesAdded=28302
%%%mzn-stat: 2AutonomousSearchAverageSizeOfHeap=3.817767849471604
%%%mzn-stat: 2AutonomousSearchNumAssignedPredicatesEncountered=88870
%%%mzn-stat-end
maxleg = 259;
succ = array1d(1..50,[2, 15, 12, 10, 9, 8, 14, 16, 13, 20, 18, 4, 42, 34, 22, 33, 3, 27, 5, 1, 37, 23, 35, 17, 26, 6, 29, 24, 38, 28, 25, 39, 47, 46, 50, 32, 36, 31, 41, 7, 48, 11, 40, 43, 44, 19, 49, 30, 21, 45]);
% time elapsed: 53.11 s
----------
%%%mzn-stat: initTime=0.011434171
%%%mzn-stat: objective=258
%%%mzn-stat: nodes=324069
%%%mzn-stat: restarts=0
%%%mzn-stat: peakDepth=912
%%%mzn-stat: solveTime=52.801072728
%%%mzn-stat: variables=1591
%%%mzn-stat: propagators=1203
%%%mzn-stat: failures=256718
%%%mzn-stat: propagations=10232039
%%%mzn-stat: nogoods=256718
%%%mzn-stat: numAtomicConstraintsPropagated=0
%%%mzn-stat: allDifferentNumber1TotalHallSetSize=4022136
%%%mzn-stat: allDifferentNumber1NumberOfConflicts=190615
%%%mzn-stat: allDifferentNumber1MaxHallSetSize=43
%%%mzn-stat: allDifferentNumber1PropagationsTotal=903884
%%%mzn-stat: allDifferentNumber1PropagationsThatFoundConflict=190615
%%%mzn-stat: circuitNumber2PropagationsThatFoundConflict=49597
%%%mzn-stat: circuitNumber2TotalFixedEdgesAtConflict=2229891
%%%mzn-stat: circuitNumber2NumberOfConflicts=49597
%%%mzn-stat: circuitNumber2PropagationsThatPruned=87832
%%%mzn-stat: circuitNumber2PropagationsTotal=481271
%%%mzn-stat: AverageConflictSize=39.7482490514884
%%%mzn-stat: NumUnitNogoodsLearned=0
%%%mzn-stat: AverageLearnedNogoodLength=68.91975241315373
%%%mzn-stat: AverageBacktrackAmount=0
%%%mzn-stat: AverageLbd=23.47213284615804
%%%mzn-stat: 2AutonomousSearchNumBackupCalled=23581
%%%mzn-stat: 2AutonomousSearchNumPredicatesRemoved=0
%%%mzn-stat: 2AutonomousSearchNumCalls=23622
%%%mzn-stat: 2AutonomousSearchNumPredicatesAdded=28302
%%%mzn-stat: 2AutonomousSearchAverageSizeOfHeap=3.92240284480569
%%%mzn-stat: 2AutonomousSearchNumAssignedPredicatesEncountered=92655
%%%mzn-stat-end
maxleg = 258;
succ = array1d(1..50,[2, 15, 12, 10, 9, 8, 14, 16, 13, 20, 18, 4, 42, 34, 22, 33, 3, 27, 5, 1, 37, 23, 35, 17, 26, 6, 29, 24, 38, 28, 25, 41, 47, 46, 50, 32, 36, 31, 30, 7, 48, 11, 40, 43, 44, 19, 49, 39, 21, 45]);
% time elapsed: 53.12 s
----------
%%%mzn-stat: initTime=0.011434171
%%%mzn-stat: objective=256
%%%mzn-stat: nodes=324853
%%%mzn-stat: restarts=0
%%%mzn-stat: peakDepth=912
%%%mzn-stat: solveTime=52.871548374
%%%mzn-stat: variables=1591
%%%mzn-stat: propagators=1203
%%%mzn-stat: failures=257113
%%%mzn-stat: propagations=10262517
%%%mzn-stat: nogoods=257113
%%%mzn-stat: numAtomicConstraintsPropagated=0
%%%mzn-stat: allDifferentNumber1TotalHallSetSize=4022356
%%%mzn-stat: allDifferentNumber1NumberOfConflicts=190721
%%%mzn-stat: allDifferentNumber1MaxHallSetSize=43
%%%mzn-stat: allDifferentNumber1PropagationsTotal=905292
%%%mzn-stat: allDifferentNumber1PropagationsThatFoundConflict=190721
%%%mzn-stat: circuitNumber2PropagationsThatFoundConflict=49885
%%%mzn-stat: circuitNumber2TotalFixedEdgesAtConflict=2242851
%%%mzn-stat: circuitNumber2NumberOfConflicts=49885
%%%mzn-stat: circuitNumber2PropagationsThatPruned=88195
%%%mzn-stat: circuitNumber2PropagationsTotal=482286
%%%mzn-stat: AverageConflictSize=39.720967045618075
%%%mzn-stat: NumUnitNogoodsLearned=0
%%%mzn-stat: AverageLearnedNogoodLength=68.88089283700162
%%%mzn-stat: AverageBacktrackAmount=0
%%%mzn-stat: AverageLbd=23.465923543344754
%%%mzn-stat: 2AutonomousSearchNumBackupCalled=23901
%%%mzn-stat: 2AutonomousSearchNumPredicatesRemoved=0
%%%mzn-stat: 2AutonomousSearchNumCalls=23943
%%%mzn-stat: 2AutonomousSearchNumPredicatesAdded=29164
%%%mzn-stat: 2AutonomousSearchAverageSizeOfHeap=4.029027273106962
%%%mzn-stat: 2AutonomousSearchNumAssignedPredicatesEncountered=96467
%%%mzn-stat-end
maxleg = 256;
succ = array1d(1..50,[2, 15, 12, 10, 9, 8, 14, 16, 13, 20, 18, 4, 42, 34, 22, 36, 3, 27, 5, 1, 37, 23, 35, 17, 26, 33, 29, 24, 38, 28, 25, 41, 21, 46, 50, 32, 47, 31, 30, 7, 48, 11, 40, 43, 44, 19, 49, 39, 6, 45]);
% time elapsed: 53.19 s
----------
%%%mzn-stat: initTime=0.011434171
%%%mzn-stat: objective=251
%%%mzn-stat: nodes=326396
%%%mzn-stat: restarts=0
%%%mzn-stat: peakDepth=912
%%%mzn-stat: solveTime=53.073108725
%%%mzn-stat: variables=1591
%%%mzn-stat: propagators=1203
%%%mzn-stat: failures=258281
%%%mzn-stat: propagations=10346923
%%%mzn-stat: nogoods=258281
%%%mzn-stat: numAtomicConstraintsPropagated=0
%%%mzn-stat: allDifferentNumber1TotalHallSetSize=4022962
%%%mzn-stat: allDifferentNumber1NumberOfConflicts=191024
%%%mzn-stat: allDifferentNumber1MaxHallSetSize=43
%%%mzn-stat: allDifferentNumber1PropagationsTotal=909273
%%%mzn-stat: allDifferentNumber1PropagationsThatFoundConflict=191024
%%%mzn-stat: circuitNumber2PropagationsThatFoundConflict=50749
%%%mzn-stat: circuitNumber2TotalFixedEdgesAtConflict=2281731
%%%mzn-stat: circuitNumber2NumberOfConflicts=50749
%%%mzn-stat: circuitNumber2PropagationsThatPruned=89284
%%%mzn-stat: circuitNumber2PropagationsTotal=485177
%%%mzn-stat: AverageConflictSize=39.637545928659094
%%%mzn-stat: NumUnitNogoodsLearned=0
%%%mzn-stat: AverageLearnedNogoodLength=68.76284356960055
%%%mzn-stat: AverageBacktrackAmount=0
%%%mzn-stat: AverageLbd=23.445619306104593
%%%mzn-stat: 2AutonomousSearchNumBackupCalled=24217
%%%mzn-stat: 2AutonomousSearchNumPredicatesRemoved=0
%%%mzn-stat: 2AutonomousSearchNumCalls=24260
%%%mzn-stat: 2AutonomousSearchNumPredicatesAdded=30041
%%%mzn-stat: 2AutonomousSearchAverageSizeOfHeap=4.13351195383347
%%%mzn-stat: 2AutonomousSearchNumAssignedPredicatesEncountered=100279
%%%mzn-stat-end
maxleg = 251;
succ = array1d(1..50,[2, 15, 12, 10, 9, 8, 14, 16, 13, 20, 18, 4, 42, 34, 22, 36, 3, 27, 5, 1, 37, 31, 25, 17, 26, 33, 29, 24, 38, 28, 35, 41, 21, 46, 50, 32, 47, 23, 30, 7, 48, 11, 40, 43, 44, 19, 49, 39, 6, 45]);
% time elapsed: 53.39 s
----------
%%%mzn-stat: initTime=0.011434171
%%%mzn-stat: objective=250
%%%mzn-stat: nodes=326749
%%%mzn-stat: restarts=0
%%%mzn-stat: peakDepth=912
%%%mzn-stat: solveTime=53.076027864
%%%mzn-stat: variables=1591
%%%mzn-stat: propagators=1203
%%%mzn-stat: failures=258281
%%%mzn-stat: propagations=10349219
%%%mzn-stat: nogoods=258281
%%%mzn-stat: numAtomicConstraintsPropagated=0
%%%mzn-stat: allDifferentNumber1TotalHallSetSize=4022962
%%%mzn-stat: allDifferentNumber1NumberOfConflicts=191024
%%%mzn-stat: allDifferentNumber1MaxHallSetSize=43
%%%mzn-stat: allDifferentNumber1PropagationsTotal=909322
%%%mzn-stat: allDifferentNumber1PropagationsThatFoundConflict=191024
%%%mzn-stat: circuitNumber2PropagationsThatFoundConflict=50749
%%%mzn-stat: circuitNumber2TotalFixedEdgesAtConflict=2281731
%%%mzn-stat: circuitNumber2NumberOfConflicts=50749
%%%mzn-stat: circuitNumber2PropagationsThatPruned=89285
%%%mzn-stat: circuitNumber2PropagationsTotal=485211
%%%mzn-stat: AverageConflictSize=39.637545928659094
%%%mzn-stat: NumUnitNogoodsLearned=0
%%%mzn-stat: AverageLearnedNogoodLength=68.76284356960055
%%%mzn-stat: AverageBacktrackAmount=0
%%%mzn-stat: AverageLbd=23.445619306104593
%%%mzn-stat: 2AutonomousSearchNumBackupCalled=24539
%%%mzn-stat: 2AutonomousSearchNumPredicatesRemoved=0
%%%mzn-stat: 2AutonomousSearchNumCalls=24583
%%%mzn-stat: 2AutonomousSearchNumPredicatesAdded=30041
%%%mzn-stat: 2AutonomousSearchAverageSizeOfHeap=4.234267583289265
%%%mzn-stat: 2AutonomousSearchNumAssignedPredicatesEncountered=104091
%%%mzn-stat-end
maxleg = 250;
succ = array1d(1..50,[2, 15, 12, 10, 9, 8, 14, 16, 13, 20, 18, 4, 42, 34, 22, 36, 3, 27, 5, 1, 37, 31, 25, 17, 26, 33, 29, 24, 38, 28, 35, 41, 21, 46, 50, 32, 47, 23, 30, 43, 48, 11, 7, 40, 44, 19, 49, 39, 6, 45]);
% time elapsed: 53.41 s
----------
%%%mzn-stat: initTime=0.011434171
%%%mzn-stat: objective=242
%%%mzn-stat: nodes=327330
%%%mzn-stat: restarts=0
%%%mzn-stat: peakDepth=912
%%%mzn-stat: solveTime=53.11364113
%%%mzn-stat: variables=1591
%%%mzn-stat: propagators=1203
%%%mzn-stat: failures=258491
%%%mzn-stat: propagations=10366769
%%%mzn-stat: nogoods=258491
%%%mzn-stat: numAtomicConstraintsPropagated=0
%%%mzn-stat: allDifferentNumber1TotalHallSetSize=4023098
%%%mzn-stat: allDifferentNumber1NumberOfConflicts=191084
%%%mzn-stat: allDifferentNumber1MaxHallSetSize=43
%%%mzn-stat: allDifferentNumber1PropagationsTotal=910065
%%%mzn-stat: allDifferentNumber1PropagationsThatFoundConflict=191084
%%%mzn-stat: circuitNumber2PropagationsThatFoundConflict=50896
%%%mzn-stat: circuitNumber2TotalFixedEdgesAtConflict=2288318
%%%mzn-stat: circuitNumber2NumberOfConflicts=50896
%%%mzn-stat: circuitNumber2PropagationsThatPruned=89410
%%%mzn-stat: circuitNumber2PropagationsTotal=485725
%%%mzn-stat: AverageConflictSize=39.6229114359881
%%%mzn-stat: NumUnitNogoodsLearned=0
%%%mzn-stat: AverageLearnedNogoodLength=68.73955379490968
%%%mzn-stat: AverageBacktrackAmount=0
%%%mzn-stat: AverageLbd=23.440812252650964
%%%mzn-stat: 2AutonomousSearchNumBackupCalled=24846
%%%mzn-stat: 2AutonomousSearchNumPredicatesRemoved=0
%%%mzn-stat: 2AutonomousSearchNumCalls=24891
%%%mzn-stat: 2AutonomousSearchNumPredicatesAdded=30981
%%%mzn-stat: 2AutonomousSearchAverageSizeOfHeap=4.335181390864168
%%%mzn-stat: 2AutonomousSearchNumAssignedPredicatesEncountered=107907
%%%mzn-stat-end
maxleg = 242;
succ = array1d(1..50,[2, 15, 12, 10, 9, 8, 14, 16, 13, 20, 18, 4, 42, 34, 22, 36, 3, 27, 35, 1, 37, 31, 25, 17, 26, 33, 29, 24, 38, 28, 19, 41, 21, 46, 50, 32, 47, 23, 30, 43, 48, 11, 7, 40, 44, 5, 49, 39, 6, 45]);
% time elapsed: 53.44 s
----------
%%%mzn-stat: initTime=0.011434171
%%%mzn-stat: objective=240
%%%mzn-stat: nodes=331328
%%%mzn-stat: restarts=0
%%%mzn-stat: peakDepth=912
%%%mzn-stat: solveTime=53.519939525
%%%mzn-stat: variables=1591
%%%mzn-stat: propagators=1203
%%%mzn-stat: failures=261017
%%%mzn-stat: propagations=10580711
%%%mzn-stat: nogoods=261017
%%%mzn-stat: numAtomicConstraintsPropagated=0
%%%mzn-stat: allDifferentNumber1TotalHallSetSize=4023887
%%%mzn-stat: allDifferentNumber1NumberOfConflicts=191388
%%%mzn-stat: allDifferentNumber1MaxHallSetSize=43
%%%mzn-stat: allDifferentNumber1PropagationsTotal=919362
%%%mzn-stat: allDifferentNumber1PropagationsThatFoundConflict=191388
%%%mzn-stat: circuitNumber2PropagationsThatFoundConflict=53099
%%%mzn-stat: circuitNumber2TotalFixedEdgesAtConflict=2383448
%%%mzn-stat: circuitNumber2NumberOfConflicts=53099
%%%mzn-stat: circuitNumber2PropagationsThatPruned=90627
%%%mzn-stat: circuitNumber2PropagationsTotal=492381
%%%mzn-stat: AverageConflictSize=39.4212292685917
%%%mzn-stat: NumUnitNogoodsLearned=0
%%%mzn-stat: AverageLearnedNogoodLength=68.43676465517572
%%%mzn-stat: AverageBacktrackAmount=0
%%%mzn-stat: AverageLbd=23.35493090488359
%%%mzn-stat: 2AutonomousSearchNumBackupCalled=25140
%%%mzn-stat: 2AutonomousSearchNumPredicatesRemoved=0
%%%mzn-stat: 2AutonomousSearchNumCalls=25186
%%%mzn-stat: 2AutonomousSearchNumPredicatesAdded=32681
%%%mzn-stat: 2AutonomousSearchAverageSizeOfHeap=4.4402445803224015
%%%mzn-stat: 2AutonomousSearchNumAssignedPredicatesEncountered=111832
%%%mzn-stat-end
maxleg = 240;
succ = array1d(1..50,[2, 15, 12, 10, 9, 8, 14, 16, 13, 20, 18, 4, 42, 34, 48, 36, 3, 27, 35, 25, 37, 26, 22, 17, 31, 33, 29, 24, 38, 28, 19, 1, 21, 46, 50, 32, 47, 23, 30, 43, 39, 11, 7, 40, 44, 5, 49, 41, 6, 45]);
% time elapsed: 53.85 s
----------
%%%mzn-stat: initTime=0.011434171
%%%mzn-stat: objective=239
%%%mzn-stat: nodes=541475
%%%mzn-stat: restarts=0
%%%mzn-stat: peakDepth=912
%%%mzn-stat: solveTime=95.011130136
%%%mzn-stat: variables=1591
%%%mzn-stat: propagators=1203
%%%mzn-stat: failures=449413
%%%mzn-stat: propagations=25071192
%%%mzn-stat: nogoods=449413
%%%mzn-stat: numAtomicConstraintsPropagated=0
%%%mzn-stat: allDifferentNumber1TotalHallSetSize=4040601
%%%mzn-stat: allDifferentNumber1NumberOfConflicts=193573
%%%mzn-stat: allDifferentNumber1MaxHallSetSize=43
%%%mzn-stat: allDifferentNumber1PropagationsTotal=1474043
%%%mzn-stat: allDifferentNumber1PropagationsThatFoundConflict=193573
%%%mzn-stat: circuitNumber2PropagationsThatFoundConflict=237281
%%%mzn-stat: circuitNumber2TotalFixedEdgesAtConflict=10605252
%%%mzn-stat: circuitNumber2NumberOfConflicts=237281
%%%mzn-stat: circuitNumber2PropagationsThatPruned=145518
%%%mzn-stat: circuitNumber2PropagationsTotal=915762
%%%mzn-stat: AverageConflictSize=37.904760209428744
%%%mzn-stat: NumUnitNogoodsLearned=0
%%%mzn-stat: AverageLearnedNogoodLength=62.02175727003892
%%%mzn-stat: AverageBacktrackAmount=0
%%%mzn-stat: AverageLbd=20.684806625531525
%%%mzn-stat: 2AutonomousSearchNumBackupCalled=25430
%%%mzn-stat: 2AutonomousSearchNumPredicatesRemoved=0
%%%mzn-stat: 2AutonomousSearchNumCalls=25477
%%%mzn-stat: 2AutonomousSearchNumPredicatesAdded=35265
%%%mzn-stat: 2AutonomousSearchAverageSizeOfHeap=4.559995289869294
%%%mzn-stat: 2AutonomousSearchNumAssignedPredicatesEncountered=116175
%%%mzn-stat-end
maxleg = 239;
succ = array1d(1..50,[2, 15, 12, 10, 9, 8, 14, 16, 31, 38, 18, 4, 23, 34, 48, 20, 3, 27, 35, 36, 37, 25, 19, 17, 26, 33, 42, 24, 11, 28, 22, 1, 21, 46, 50, 32, 47, 29, 30, 43, 39, 13, 7, 40, 44, 5, 49, 41, 6, 45]);
% time elapsed: 95.34 s
----------
=====ERROR=====
% time elapsed: 642.42 s
