%%%mzn-stat: initTime=0.01712771
%%%mzn-stat: objective=223
%%%mzn-stat: nodes=775
%%%mzn-stat: restarts=0
%%%mzn-stat: peakDepth=265
%%%mzn-stat: solveTime=0.17008172
%%%mzn-stat: variables=1597
%%%mzn-stat: propagators=1209
%%%mzn-stat: failures=387
%%%mzn-stat: propagations=212039
%%%mzn-stat: nogoods=387
%%%mzn-stat: AverageConflictSize=4.89405684754522
%%%mzn-stat: NumUnitNogoodsLearned=222
%%%mzn-stat: AverageLearnedNogoodLength=24.06201550387597
%%%mzn-stat: AverageBacktrackAmount=0
%%%mzn-stat: AverageLbd=3.1912144702842378
%%%mzn-stat-end
maxleg = 223;
succ = array1d(1..50,[35, 8, 33, 6, 22, 27, 3, 40, 13, 11, 32, 44, 49, 16, 7, 45, 38, 26, 43, 10, 1, 28, 14, 50, 15, 12, 42, 23, 31, 46, 2, 18, 39, 20, 30, 47, 21, 25, 9, 4, 36, 41, 34, 5, 17, 19, 24, 37, 29, 48]);
% time elapsed: 1.98 s
----------
==========
% time elapsed: 1.98 s
%%%mzn-stat: initTime=0.01712771
%%%mzn-stat: objective=223
%%%mzn-stat: nodes=775
%%%mzn-stat: restarts=0
%%%mzn-stat: peakDepth=265
%%%mzn-stat: solveTime=0.170087962
%%%mzn-stat: variables=1597
%%%mzn-stat: propagators=1209
%%%mzn-stat: failures=387
%%%mzn-stat: propagations=212039
%%%mzn-stat: nogoods=387
%%%mzn-stat: AverageConflictSize=4.89405684754522
%%%mzn-stat: NumUnitNogoodsLearned=222
%%%mzn-stat: AverageLearnedNogoodLength=24.06201550387597
%%%mzn-stat: AverageBacktrackAmount=0
%%%mzn-stat: AverageLbd=3.1912144702842378
%%%mzn-stat-end
