% Logging successfully configured
%%%mzn-stat: initTime=0.00493516
%%%mzn-stat: objective=590
%%%mzn-stat: nodes=230
%%%mzn-stat: restarts=0
%%%mzn-stat: peakDepth=230
%%%mzn-stat: solveTime=0.000731126
%%%mzn-stat: variables=496
%%%mzn-stat: propagators=348
%%%mzn-stat: failures=0
%%%mzn-stat: propagations=1151
%%%mzn-stat: nogoods=0
%%%mzn-stat: numAtomicConstraintsPropagated=0
%%%mzn-stat: allDifferentNumber1PropagationsTotal=33
%%%mzn-stat: allDifferentNumber1PropagationsThatFoundConflict=0
%%%mzn-stat: allDifferentNumber1PropagationsThatPruned=16
%%%mzn-stat: allDifferentNumber1TotalValuesPruned=111
%%%mzn-stat: allDifferentNumber1TotalHallSetSizeConflict=0
%%%mzn-stat: allDifferentNumber1NumberOfConflicts=0
%%%mzn-stat: allDifferentNumber1MaxHallSetSizeConflict=0
%%%mzn-stat: allDifferentNumber1TotalPruningHallSetSize=115
%%%mzn-stat: allDifferentNumber1NumberOfPruningExplanations=111
%%%mzn-stat: allDifferentNumber1MaxPruningHallSetSize=3
%%%mzn-stat: allDifferentNumber1TotalFixedEdgesAtConflict=0
%%%mzn-stat: allDifferentNumber1TotalVarsInvolvedInPruning=109
%%%mzn-stat: allDifferentNumber1MaxValuesPrunedFromSingleVar=2
%%%mzn-stat: allDifferentNumber1TotalSccSizeAtPruning=18
%%%mzn-stat: allDifferentNumber1NumberOfSccPruningCalls=16
%%%mzn-stat: circuitNumber2PropagationsThatFoundConflict=0
%%%mzn-stat: circuitNumber2TotalFixedEdgesAtConflict=0
%%%mzn-stat: circuitNumber2NumberOfConflicts=0
%%%mzn-stat: circuitNumber2PropagationsThatPruned=1
%%%mzn-stat: circuitNumber2PropagationsTotal=18
%%%mzn-stat: AverageConflictSize=0
%%%mzn-stat: NumUnitNogoodsLearned=0
%%%mzn-stat: AverageLearnedNogoodLength=0
%%%mzn-stat: AverageBacktrackAmount=0
%%%mzn-stat: AverageLbd=0
%%%mzn-stat: 2AutonomousSearchNumBackupCalled=213
%%%mzn-stat: 2AutonomousSearchNumPredicatesRemoved=0
%%%mzn-stat: 2AutonomousSearchNumCalls=214
%%%mzn-stat: 2AutonomousSearchNumPredicatesAdded=0
%%%mzn-stat: 2AutonomousSearchAverageSizeOfHeap=0
%%%mzn-stat: 2AutonomousSearchNumAssignedPredicatesEncountered=0
%%%mzn-stat-end
maxleg = 590;
succ = array1d(1..20,[2, 5, 4, 6, 8, 9, 1, 10, 11, 3, 12, 13, 14, 15, 16, 17, 18, 19, 20, 7]);
% time elapsed: 2.76 s
----------
%%%mzn-stat: initTime=0.00493516
%%%mzn-stat: objective=531
%%%mzn-stat: nodes=430
%%%mzn-stat: restarts=0
%%%mzn-stat: peakDepth=230
%%%mzn-stat: solveTime=0.001363777
%%%mzn-stat: variables=496
%%%mzn-stat: propagators=348
%%%mzn-stat: failures=0
%%%mzn-stat: propagations=1733
%%%mzn-stat: nogoods=0
%%%mzn-stat: numAtomicConstraintsPropagated=0
%%%mzn-stat: allDifferentNumber1PropagationsTotal=66
%%%mzn-stat: allDifferentNumber1PropagationsThatFoundConflict=0
%%%mzn-stat: allDifferentNumber1PropagationsThatPruned=32
%%%mzn-stat: allDifferentNumber1TotalValuesPruned=212
%%%mzn-stat: allDifferentNumber1TotalHallSetSizeConflict=0
%%%mzn-stat: allDifferentNumber1NumberOfConflicts=0
%%%mzn-stat: allDifferentNumber1MaxHallSetSizeConflict=0
%%%mzn-stat: allDifferentNumber1TotalPruningHallSetSize=220
%%%mzn-stat: allDifferentNumber1NumberOfPruningExplanations=212
%%%mzn-stat: allDifferentNumber1MaxPruningHallSetSize=3
%%%mzn-stat: allDifferentNumber1TotalFixedEdgesAtConflict=0
%%%mzn-stat: allDifferentNumber1TotalVarsInvolvedInPruning=208
%%%mzn-stat: allDifferentNumber1MaxValuesPrunedFromSingleVar=2
%%%mzn-stat: allDifferentNumber1TotalSccSizeAtPruning=36
%%%mzn-stat: allDifferentNumber1NumberOfSccPruningCalls=32
%%%mzn-stat: circuitNumber2PropagationsThatFoundConflict=0
%%%mzn-stat: circuitNumber2TotalFixedEdgesAtConflict=0
%%%mzn-stat: circuitNumber2NumberOfConflicts=0
%%%mzn-stat: circuitNumber2PropagationsThatPruned=2
%%%mzn-stat: circuitNumber2PropagationsTotal=35
%%%mzn-stat: AverageConflictSize=0
%%%mzn-stat: NumUnitNogoodsLearned=0
%%%mzn-stat: AverageLearnedNogoodLength=0
%%%mzn-stat: AverageBacktrackAmount=0
%%%mzn-stat: AverageLbd=0
%%%mzn-stat: 2AutonomousSearchNumBackupCalled=396
%%%mzn-stat: 2AutonomousSearchNumPredicatesRemoved=0
%%%mzn-stat: 2AutonomousSearchNumCalls=398
%%%mzn-stat: 2AutonomousSearchNumPredicatesAdded=0
%%%mzn-stat: 2AutonomousSearchAverageSizeOfHeap=0
%%%mzn-stat: 2AutonomousSearchNumAssignedPredicatesEncountered=0
%%%mzn-stat-end
maxleg = 531;
succ = array1d(1..20,[2, 7, 4, 5, 6, 8, 3, 9, 10, 11, 12, 13, 14, 15, 16, 17, 18, 19, 20, 1]);
% time elapsed: 2.76 s
----------
%%%mzn-stat: initTime=0.00493516
%%%mzn-stat: objective=483
%%%mzn-stat: nodes=632
%%%mzn-stat: restarts=0
%%%mzn-stat: peakDepth=230
%%%mzn-stat: solveTime=0.001967245
%%%mzn-stat: variables=496
%%%mzn-stat: propagators=348
%%%mzn-stat: failures=0
%%%mzn-stat: propagations=2333
%%%mzn-stat: nogoods=0
%%%mzn-stat: numAtomicConstraintsPropagated=0
%%%mzn-stat: allDifferentNumber1PropagationsTotal=99
%%%mzn-stat: allDifferentNumber1PropagationsThatFoundConflict=0
%%%mzn-stat: allDifferentNumber1PropagationsThatPruned=48
%%%mzn-stat: allDifferentNumber1TotalValuesPruned=305
%%%mzn-stat: allDifferentNumber1TotalHallSetSizeConflict=0
%%%mzn-stat: allDifferentNumber1NumberOfConflicts=0
%%%mzn-stat: allDifferentNumber1MaxHallSetSizeConflict=0
%%%mzn-stat: allDifferentNumber1TotalPruningHallSetSize=317
%%%mzn-stat: allDifferentNumber1NumberOfPruningExplanations=305
%%%mzn-stat: allDifferentNumber1MaxPruningHallSetSize=3
%%%mzn-stat: allDifferentNumber1TotalFixedEdgesAtConflict=0
%%%mzn-stat: allDifferentNumber1TotalVarsInvolvedInPruning=299
%%%mzn-stat: allDifferentNumber1MaxValuesPrunedFromSingleVar=2
%%%mzn-stat: allDifferentNumber1TotalSccSizeAtPruning=54
%%%mzn-stat: allDifferentNumber1NumberOfSccPruningCalls=48
%%%mzn-stat: circuitNumber2PropagationsThatFoundConflict=0
%%%mzn-stat: circuitNumber2TotalFixedEdgesAtConflict=0
%%%mzn-stat: circuitNumber2NumberOfConflicts=0
%%%mzn-stat: circuitNumber2PropagationsThatPruned=3
%%%mzn-stat: circuitNumber2PropagationsTotal=52
%%%mzn-stat: AverageConflictSize=0
%%%mzn-stat: NumUnitNogoodsLearned=0
%%%mzn-stat: AverageLearnedNogoodLength=0
%%%mzn-stat: AverageBacktrackAmount=0
%%%mzn-stat: AverageLbd=0
%%%mzn-stat: 2AutonomousSearchNumBackupCalled=581
%%%mzn-stat: 2AutonomousSearchNumPredicatesRemoved=0
%%%mzn-stat: 2AutonomousSearchNumCalls=584
%%%mzn-stat: 2AutonomousSearchNumPredicatesAdded=0
%%%mzn-stat: 2AutonomousSearchAverageSizeOfHeap=0
%%%mzn-stat: 2AutonomousSearchNumAssignedPredicatesEncountered=0
%%%mzn-stat-end
maxleg = 483;
succ = array1d(1..20,[2, 7, 4, 5, 6, 8, 3, 9, 10, 11, 13, 14, 12, 15, 16, 17, 18, 19, 20, 1]);
% time elapsed: 2.76 s
----------
%%%mzn-stat: initTime=0.00493516
%%%mzn-stat: objective=462
%%%mzn-stat: nodes=815
%%%mzn-stat: restarts=0
%%%mzn-stat: peakDepth=230
%%%mzn-stat: solveTime=0.002569077
%%%mzn-stat: variables=496
%%%mzn-stat: propagators=348
%%%mzn-stat: failures=0
%%%mzn-stat: propagations=2960
%%%mzn-stat: nogoods=0
%%%mzn-stat: numAtomicConstraintsPropagated=0
%%%mzn-stat: allDifferentNumber1PropagationsTotal=135
%%%mzn-stat: allDifferentNumber1PropagationsThatFoundConflict=0
%%%mzn-stat: allDifferentNumber1PropagationsThatPruned=66
%%%mzn-stat: allDifferentNumber1TotalValuesPruned=393
%%%mzn-stat: allDifferentNumber1TotalHallSetSizeConflict=0
%%%mzn-stat: allDifferentNumber1NumberOfConflicts=0
%%%mzn-stat: allDifferentNumber1MaxHallSetSizeConflict=0
%%%mzn-stat: allDifferentNumber1TotalPruningHallSetSize=413
%%%mzn-stat: allDifferentNumber1NumberOfPruningExplanations=393
%%%mzn-stat: allDifferentNumber1MaxPruningHallSetSize=4
%%%mzn-stat: allDifferentNumber1TotalFixedEdgesAtConflict=0
%%%mzn-stat: allDifferentNumber1TotalVarsInvolvedInPruning=386
%%%mzn-stat: allDifferentNumber1MaxValuesPrunedFromSingleVar=2
%%%mzn-stat: allDifferentNumber1TotalSccSizeAtPruning=82
%%%mzn-stat: allDifferentNumber1NumberOfSccPruningCalls=66
%%%mzn-stat: circuitNumber2PropagationsThatFoundConflict=0
%%%mzn-stat: circuitNumber2TotalFixedEdgesAtConflict=0
%%%mzn-stat: circuitNumber2NumberOfConflicts=0
%%%mzn-stat: circuitNumber2PropagationsThatPruned=4
%%%mzn-stat: circuitNumber2PropagationsTotal=70
%%%mzn-stat: AverageConflictSize=0
%%%mzn-stat: NumUnitNogoodsLearned=0
%%%mzn-stat: AverageLearnedNogoodLength=0
%%%mzn-stat: AverageBacktrackAmount=0
%%%mzn-stat: AverageLbd=0
%%%mzn-stat: 2AutonomousSearchNumBackupCalled=747
%%%mzn-stat: 2AutonomousSearchNumPredicatesRemoved=0
%%%mzn-stat: 2AutonomousSearchNumCalls=751
%%%mzn-stat: 2AutonomousSearchNumPredicatesAdded=0
%%%mzn-stat: 2AutonomousSearchAverageSizeOfHeap=0
%%%mzn-stat: 2AutonomousSearchNumAssignedPredicatesEncountered=0
%%%mzn-stat-end
maxleg = 462;
succ = array1d(1..20,[2, 7, 4, 5, 6, 8, 12, 9, 10, 11, 13, 3, 14, 15, 16, 17, 18, 19, 20, 1]);
% time elapsed: 2.76 s
----------
%%%mzn-stat: initTime=0.00493516
%%%mzn-stat: objective=461
%%%mzn-stat: nodes=1000
%%%mzn-stat: restarts=0
%%%mzn-stat: peakDepth=230
%%%mzn-stat: solveTime=0.003142698
%%%mzn-stat: variables=496
%%%mzn-stat: propagators=348
%%%mzn-stat: failures=0
%%%mzn-stat: propagations=3556
%%%mzn-stat: nogoods=0
%%%mzn-stat: numAtomicConstraintsPropagated=0
%%%mzn-stat: allDifferentNumber1PropagationsTotal=170
%%%mzn-stat: allDifferentNumber1PropagationsThatFoundConflict=0
%%%mzn-stat: allDifferentNumber1PropagationsThatPruned=84
%%%mzn-stat: allDifferentNumber1TotalValuesPruned=476
%%%mzn-stat: allDifferentNumber1TotalHallSetSizeConflict=0
%%%mzn-stat: allDifferentNumber1NumberOfConflicts=0
%%%mzn-stat: allDifferentNumber1MaxHallSetSizeConflict=0
%%%mzn-stat: allDifferentNumber1TotalPruningHallSetSize=504
%%%mzn-stat: allDifferentNumber1NumberOfPruningExplanations=476
%%%mzn-stat: allDifferentNumber1MaxPruningHallSetSize=4
%%%mzn-stat: allDifferentNumber1TotalFixedEdgesAtConflict=0
%%%mzn-stat: allDifferentNumber1TotalVarsInvolvedInPruning=468
%%%mzn-stat: allDifferentNumber1MaxValuesPrunedFromSingleVar=2
%%%mzn-stat: allDifferentNumber1TotalSccSizeAtPruning=110
%%%mzn-stat: allDifferentNumber1NumberOfSccPruningCalls=84
%%%mzn-stat: circuitNumber2PropagationsThatFoundConflict=0
%%%mzn-stat: circuitNumber2TotalFixedEdgesAtConflict=0
%%%mzn-stat: circuitNumber2NumberOfConflicts=0
%%%mzn-stat: circuitNumber2PropagationsThatPruned=6
%%%mzn-stat: circuitNumber2PropagationsTotal=88
%%%mzn-stat: AverageConflictSize=0
%%%mzn-stat: NumUnitNogoodsLearned=0
%%%mzn-stat: AverageLearnedNogoodLength=0
%%%mzn-stat: AverageBacktrackAmount=0
%%%mzn-stat: AverageLbd=0
%%%mzn-stat: 2AutonomousSearchNumBackupCalled=917
%%%mzn-stat: 2AutonomousSearchNumPredicatesRemoved=0
%%%mzn-stat: 2AutonomousSearchNumCalls=922
%%%mzn-stat: 2AutonomousSearchNumPredicatesAdded=0
%%%mzn-stat: 2AutonomousSearchAverageSizeOfHeap=0
%%%mzn-stat: 2AutonomousSearchNumAssignedPredicatesEncountered=0
%%%mzn-stat-end
maxleg = 461;
succ = array1d(1..20,[2, 7, 4, 5, 6, 8, 12, 9, 10, 11, 13, 3, 14, 15, 20, 1, 16, 17, 18, 19]);
% time elapsed: 2.76 s
----------
%%%mzn-stat: initTime=0.00493516
%%%mzn-stat: objective=449
%%%mzn-stat: nodes=1172
%%%mzn-stat: restarts=0
%%%mzn-stat: peakDepth=230
%%%mzn-stat: solveTime=0.003729124
%%%mzn-stat: variables=496
%%%mzn-stat: propagators=348
%%%mzn-stat: failures=0
%%%mzn-stat: propagations=4186
%%%mzn-stat: nogoods=0
%%%mzn-stat: numAtomicConstraintsPropagated=0
%%%mzn-stat: allDifferentNumber1PropagationsTotal=203
%%%mzn-stat: allDifferentNumber1PropagationsThatFoundConflict=0
%%%mzn-stat: allDifferentNumber1PropagationsThatPruned=101
%%%mzn-stat: allDifferentNumber1TotalValuesPruned=560
%%%mzn-stat: allDifferentNumber1TotalHallSetSizeConflict=0
%%%mzn-stat: allDifferentNumber1NumberOfConflicts=0
%%%mzn-stat: allDifferentNumber1MaxHallSetSizeConflict=0
%%%mzn-stat: allDifferentNumber1TotalPruningHallSetSize=662
%%%mzn-stat: allDifferentNumber1NumberOfPruningExplanations=560
%%%mzn-stat: allDifferentNumber1MaxPruningHallSetSize=13
%%%mzn-stat: allDifferentNumber1TotalFixedEdgesAtConflict=0
%%%mzn-stat: allDifferentNumber1TotalVarsInvolvedInPruning=547
%%%mzn-stat: allDifferentNumber1MaxValuesPrunedFromSingleVar=6
%%%mzn-stat: allDifferentNumber1TotalSccSizeAtPruning=154
%%%mzn-stat: allDifferentNumber1NumberOfSccPruningCalls=101
%%%mzn-stat: circuitNumber2PropagationsThatFoundConflict=0
%%%mzn-stat: circuitNumber2TotalFixedEdgesAtConflict=0
%%%mzn-stat: circuitNumber2NumberOfConflicts=0
%%%mzn-stat: circuitNumber2PropagationsThatPruned=8
%%%mzn-stat: circuitNumber2PropagationsTotal=105
%%%mzn-stat: AverageConflictSize=0
%%%mzn-stat: NumUnitNogoodsLearned=0
%%%mzn-stat: AverageLearnedNogoodLength=0
%%%mzn-stat: AverageBacktrackAmount=0
%%%mzn-stat: AverageLbd=0
%%%mzn-stat: 2AutonomousSearchNumBackupCalled=1073
%%%mzn-stat: 2AutonomousSearchNumPredicatesRemoved=0
%%%mzn-stat: 2AutonomousSearchNumCalls=1079
%%%mzn-stat: 2AutonomousSearchNumPredicatesAdded=0
%%%mzn-stat: 2AutonomousSearchAverageSizeOfHeap=0
%%%mzn-stat: 2AutonomousSearchNumAssignedPredicatesEncountered=0
%%%mzn-stat-end
maxleg = 449;
succ = array1d(1..20,[2, 7, 4, 5, 6, 8, 12, 9, 10, 11, 13, 3, 14, 16, 1, 17, 18, 19, 20, 15]);
% time elapsed: 2.76 s
----------
%%%mzn-stat: initTime=0.00493516
%%%mzn-stat: objective=433
%%%mzn-stat: nodes=1335
%%%mzn-stat: restarts=0
%%%mzn-stat: peakDepth=230
%%%mzn-stat: solveTime=0.004307946
%%%mzn-stat: variables=496
%%%mzn-stat: propagators=348
%%%mzn-stat: failures=0
%%%mzn-stat: propagations=4806
%%%mzn-stat: nogoods=0
%%%mzn-stat: numAtomicConstraintsPropagated=0
%%%mzn-stat: allDifferentNumber1PropagationsTotal=233
%%%mzn-stat: allDifferentNumber1PropagationsThatFoundConflict=0
%%%mzn-stat: allDifferentNumber1PropagationsThatPruned=116
%%%mzn-stat: allDifferentNumber1TotalValuesPruned=641
%%%mzn-stat: allDifferentNumber1TotalHallSetSizeConflict=0
%%%mzn-stat: allDifferentNumber1NumberOfConflicts=0
%%%mzn-stat: allDifferentNumber1MaxHallSetSizeConflict=0
%%%mzn-stat: allDifferentNumber1TotalPruningHallSetSize=807
%%%mzn-stat: allDifferentNumber1NumberOfPruningExplanations=641
%%%mzn-stat: allDifferentNumber1MaxPruningHallSetSize=13
%%%mzn-stat: allDifferentNumber1TotalFixedEdgesAtConflict=0
%%%mzn-stat: allDifferentNumber1TotalVarsInvolvedInPruning=621
%%%mzn-stat: allDifferentNumber1MaxValuesPrunedFromSingleVar=6
%%%mzn-stat: allDifferentNumber1TotalSccSizeAtPruning=195
%%%mzn-stat: allDifferentNumber1NumberOfSccPruningCalls=116
%%%mzn-stat: circuitNumber2PropagationsThatFoundConflict=0
%%%mzn-stat: circuitNumber2TotalFixedEdgesAtConflict=0
%%%mzn-stat: circuitNumber2NumberOfConflicts=0
%%%mzn-stat: circuitNumber2PropagationsThatPruned=10
%%%mzn-stat: circuitNumber2PropagationsTotal=121
%%%mzn-stat: AverageConflictSize=0
%%%mzn-stat: NumUnitNogoodsLearned=0
%%%mzn-stat: AverageLearnedNogoodLength=0
%%%mzn-stat: AverageBacktrackAmount=0
%%%mzn-stat: AverageLbd=0
%%%mzn-stat: 2AutonomousSearchNumBackupCalled=1221
%%%mzn-stat: 2AutonomousSearchNumPredicatesRemoved=0
%%%mzn-stat: 2AutonomousSearchNumCalls=1228
%%%mzn-stat: 2AutonomousSearchNumPredicatesAdded=0
%%%mzn-stat: 2AutonomousSearchAverageSizeOfHeap=0
%%%mzn-stat: 2AutonomousSearchNumAssignedPredicatesEncountered=0
%%%mzn-stat-end
maxleg = 433;
succ = array1d(1..20,[2, 7, 12, 5, 6, 8, 13, 9, 10, 11, 16, 4, 3, 17, 1, 14, 18, 19, 20, 15]);
% time elapsed: 2.76 s
----------
%%%mzn-stat: initTime=0.00493516
%%%mzn-stat: objective=431
%%%mzn-stat: nodes=1501
%%%mzn-stat: restarts=0
%%%mzn-stat: peakDepth=230
%%%mzn-stat: solveTime=0.00522453
%%%mzn-stat: variables=496
%%%mzn-stat: propagators=348
%%%mzn-stat: failures=0
%%%mzn-stat: propagations=5439
%%%mzn-stat: nogoods=0
%%%mzn-stat: numAtomicConstraintsPropagated=0
%%%mzn-stat: allDifferentNumber1PropagationsTotal=263
%%%mzn-stat: allDifferentNumber1PropagationsThatFoundConflict=0
%%%mzn-stat: allDifferentNumber1PropagationsThatPruned=131
%%%mzn-stat: allDifferentNumber1TotalValuesPruned=715
%%%mzn-stat: allDifferentNumber1TotalHallSetSizeConflict=0
%%%mzn-stat: allDifferentNumber1NumberOfConflicts=0
%%%mzn-stat: allDifferentNumber1MaxHallSetSizeConflict=0
%%%mzn-stat: allDifferentNumber1TotalPruningHallSetSize=957
%%%mzn-stat: allDifferentNumber1NumberOfPruningExplanations=715
%%%mzn-stat: allDifferentNumber1MaxPruningHallSetSize=13
%%%mzn-stat: allDifferentNumber1TotalFixedEdgesAtConflict=0
%%%mzn-stat: allDifferentNumber1TotalVarsInvolvedInPruning=687
%%%mzn-stat: allDifferentNumber1MaxValuesPrunedFromSingleVar=7
%%%mzn-stat: allDifferentNumber1TotalSccSizeAtPruning=236
%%%mzn-stat: allDifferentNumber1NumberOfSccPruningCalls=131
%%%mzn-stat: circuitNumber2PropagationsThatFoundConflict=0
%%%mzn-stat: circuitNumber2TotalFixedEdgesAtConflict=0
%%%mzn-stat: circuitNumber2NumberOfConflicts=0
%%%mzn-stat: circuitNumber2PropagationsThatPruned=12
%%%mzn-stat: circuitNumber2PropagationsTotal=137
%%%mzn-stat: AverageConflictSize=0
%%%mzn-stat: NumUnitNogoodsLearned=0
%%%mzn-stat: AverageLearnedNogoodLength=0
%%%mzn-stat: AverageBacktrackAmount=0
%%%mzn-stat: AverageLbd=0
%%%mzn-stat: 2AutonomousSearchNumBackupCalled=1372
%%%mzn-stat: 2AutonomousSearchNumPredicatesRemoved=0
%%%mzn-stat: 2AutonomousSearchNumCalls=1380
%%%mzn-stat: 2AutonomousSearchNumPredicatesAdded=0
%%%mzn-stat: 2AutonomousSearchAverageSizeOfHeap=0
%%%mzn-stat: 2AutonomousSearchNumAssignedPredicatesEncountered=0
%%%mzn-stat-end
maxleg = 431;
succ = array1d(1..20,[2, 7, 12, 8, 6, 9, 13, 5, 10, 11, 16, 4, 3, 17, 1, 14, 18, 19, 20, 15]);
% time elapsed: 2.76 s
----------
%%%mzn-stat: initTime=0.00493516
%%%mzn-stat: objective=415
%%%mzn-stat: nodes=1652
%%%mzn-stat: restarts=0
%%%mzn-stat: peakDepth=230
%%%mzn-stat: solveTime=0.005821511
%%%mzn-stat: variables=496
%%%mzn-stat: propagators=348
%%%mzn-stat: failures=0
%%%mzn-stat: propagations=6072
%%%mzn-stat: nogoods=0
%%%mzn-stat: numAtomicConstraintsPropagated=0
%%%mzn-stat: allDifferentNumber1PropagationsTotal=292
%%%mzn-stat: allDifferentNumber1PropagationsThatFoundConflict=0
%%%mzn-stat: allDifferentNumber1PropagationsThatPruned=146
%%%mzn-stat: allDifferentNumber1TotalValuesPruned=788
%%%mzn-stat: allDifferentNumber1TotalHallSetSizeConflict=0
%%%mzn-stat: allDifferentNumber1NumberOfConflicts=0
%%%mzn-stat: allDifferentNumber1MaxHallSetSizeConflict=0
%%%mzn-stat: allDifferentNumber1TotalPruningHallSetSize=1115
%%%mzn-stat: allDifferentNumber1NumberOfPruningExplanations=788
%%%mzn-stat: allDifferentNumber1MaxPruningHallSetSize=13
%%%mzn-stat: allDifferentNumber1TotalFixedEdgesAtConflict=0
%%%mzn-stat: allDifferentNumber1TotalVarsInvolvedInPruning=751
%%%mzn-stat: allDifferentNumber1MaxValuesPrunedFromSingleVar=7
%%%mzn-stat: allDifferentNumber1TotalSccSizeAtPruning=287
%%%mzn-stat: allDifferentNumber1NumberOfSccPruningCalls=146
%%%mzn-stat: circuitNumber2PropagationsThatFoundConflict=0
%%%mzn-stat: circuitNumber2TotalFixedEdgesAtConflict=0
%%%mzn-stat: circuitNumber2NumberOfConflicts=0
%%%mzn-stat: circuitNumber2PropagationsThatPruned=14
%%%mzn-stat: circuitNumber2PropagationsTotal=153
%%%mzn-stat: AverageConflictSize=0
%%%mzn-stat: NumUnitNogoodsLearned=0
%%%mzn-stat: AverageLearnedNogoodLength=0
%%%mzn-stat: AverageBacktrackAmount=0
%%%mzn-stat: AverageLbd=0
%%%mzn-stat: 2AutonomousSearchNumBackupCalled=1509
%%%mzn-stat: 2AutonomousSearchNumPredicatesRemoved=0
%%%mzn-stat: 2AutonomousSearchNumCalls=1518
%%%mzn-stat: 2AutonomousSearchNumPredicatesAdded=0
%%%mzn-stat: 2AutonomousSearchAverageSizeOfHeap=0
%%%mzn-stat: 2AutonomousSearchNumAssignedPredicatesEncountered=0
%%%mzn-stat-end
maxleg = 415;
succ = array1d(1..20,[2, 7, 12, 8, 6, 9, 13, 5, 10, 11, 17, 4, 3, 20, 1, 14, 18, 19, 16, 15]);
% time elapsed: 2.76 s
----------
%%%mzn-stat: initTime=0.00493516
%%%mzn-stat: objective=387
%%%mzn-stat: nodes=1793
%%%mzn-stat: restarts=0
%%%mzn-stat: peakDepth=230
%%%mzn-stat: solveTime=0.006438403
%%%mzn-stat: variables=496
%%%mzn-stat: propagators=348
%%%mzn-stat: failures=0
%%%mzn-stat: propagations=6714
%%%mzn-stat: nogoods=0
%%%mzn-stat: numAtomicConstraintsPropagated=0
%%%mzn-stat: allDifferentNumber1PropagationsTotal=324
%%%mzn-stat: allDifferentNumber1PropagationsThatFoundConflict=0
%%%mzn-stat: allDifferentNumber1PropagationsThatPruned=163
%%%mzn-stat: allDifferentNumber1TotalValuesPruned=861
%%%mzn-stat: allDifferentNumber1TotalHallSetSizeConflict=0
%%%mzn-stat: allDifferentNumber1NumberOfConflicts=0
%%%mzn-stat: allDifferentNumber1MaxHallSetSizeConflict=0
%%%mzn-stat: allDifferentNumber1TotalPruningHallSetSize=1370
%%%mzn-stat: allDifferentNumber1NumberOfPruningExplanations=861
%%%mzn-stat: allDifferentNumber1MaxPruningHallSetSize=16
%%%mzn-stat: allDifferentNumber1TotalFixedEdgesAtConflict=0
%%%mzn-stat: allDifferentNumber1TotalVarsInvolvedInPruning=809
%%%mzn-stat: allDifferentNumber1MaxValuesPrunedFromSingleVar=7
%%%mzn-stat: allDifferentNumber1TotalSccSizeAtPruning=369
%%%mzn-stat: allDifferentNumber1NumberOfSccPruningCalls=163
%%%mzn-stat: circuitNumber2PropagationsThatFoundConflict=0
%%%mzn-stat: circuitNumber2TotalFixedEdgesAtConflict=0
%%%mzn-stat: circuitNumber2NumberOfConflicts=0
%%%mzn-stat: circuitNumber2PropagationsThatPruned=17
%%%mzn-stat: circuitNumber2PropagationsTotal=170
%%%mzn-stat: AverageConflictSize=0
%%%mzn-stat: NumUnitNogoodsLearned=0
%%%mzn-stat: AverageLearnedNogoodLength=0
%%%mzn-stat: AverageBacktrackAmount=0
%%%mzn-stat: AverageLbd=0
%%%mzn-stat: 2AutonomousSearchNumBackupCalled=1637
%%%mzn-stat: 2AutonomousSearchNumPredicatesRemoved=0
%%%mzn-stat: 2AutonomousSearchNumCalls=1647
%%%mzn-stat: 2AutonomousSearchNumPredicatesAdded=0
%%%mzn-stat: 2AutonomousSearchAverageSizeOfHeap=0
%%%mzn-stat: 2AutonomousSearchNumAssignedPredicatesEncountered=0
%%%mzn-stat-end
maxleg = 387;
succ = array1d(1..20,[2, 7, 12, 9, 6, 8, 13, 11, 5, 4, 18, 14, 3, 16, 1, 17, 10, 19, 20, 15]);
% time elapsed: 2.76 s
----------
%%%mzn-stat: initTime=0.00493516
%%%mzn-stat: objective=382
%%%mzn-stat: nodes=1923
%%%mzn-stat: restarts=0
%%%mzn-stat: peakDepth=230
%%%mzn-stat: solveTime=0.007484188
%%%mzn-stat: variables=496
%%%mzn-stat: propagators=348
%%%mzn-stat: failures=2
%%%mzn-stat: propagations=7502
%%%mzn-stat: nogoods=2
%%%mzn-stat: numAtomicConstraintsPropagated=0
%%%mzn-stat: allDifferentNumber1PropagationsTotal=357
%%%mzn-stat: allDifferentNumber1PropagationsThatFoundConflict=0
%%%mzn-stat: allDifferentNumber1PropagationsThatPruned=180
%%%mzn-stat: allDifferentNumber1TotalValuesPruned=960
%%%mzn-stat: allDifferentNumber1TotalHallSetSizeConflict=0
%%%mzn-stat: allDifferentNumber1NumberOfConflicts=0
%%%mzn-stat: allDifferentNumber1MaxHallSetSizeConflict=0
%%%mzn-stat: allDifferentNumber1TotalPruningHallSetSize=1739
%%%mzn-stat: allDifferentNumber1NumberOfPruningExplanations=960
%%%mzn-stat: allDifferentNumber1MaxPruningHallSetSize=18
%%%mzn-stat: allDifferentNumber1TotalFixedEdgesAtConflict=0
%%%mzn-stat: allDifferentNumber1TotalVarsInvolvedInPruning=875
%%%mzn-stat: allDifferentNumber1MaxValuesPrunedFromSingleVar=8
%%%mzn-stat: allDifferentNumber1TotalSccSizeAtPruning=468
%%%mzn-stat: allDifferentNumber1NumberOfSccPruningCalls=180
%%%mzn-stat: circuitNumber2PropagationsThatFoundConflict=2
%%%mzn-stat: circuitNumber2TotalFixedEdgesAtConflict=36
%%%mzn-stat: circuitNumber2NumberOfConflicts=2
%%%mzn-stat: circuitNumber2PropagationsThatPruned=22
%%%mzn-stat: circuitNumber2PropagationsTotal=189
%%%mzn-stat: AverageConflictSize=11
%%%mzn-stat: NumUnitNogoodsLearned=0
%%%mzn-stat: AverageLearnedNogoodLength=37.5
%%%mzn-stat: AverageBacktrackAmount=0
%%%mzn-stat: AverageLbd=10
%%%mzn-stat: 2AutonomousSearchNumBackupCalled=1754
%%%mzn-stat: 2AutonomousSearchNumPredicatesRemoved=0
%%%mzn-stat: 2AutonomousSearchNumCalls=1765
%%%mzn-stat: 2AutonomousSearchNumPredicatesAdded=87
%%%mzn-stat: 2AutonomousSearchAverageSizeOfHeap=0.04929178470254957
%%%mzn-stat: 2AutonomousSearchNumAssignedPredicatesEncountered=87
%%%mzn-stat-end
maxleg = 382;
succ = array1d(1..20,[2, 7, 12, 9, 6, 8, 13, 11, 18, 4, 10, 14, 3, 16, 1, 19, 20, 17, 5, 15]);
% time elapsed: 2.76 s
----------
%%%mzn-stat: initTime=0.00493516
%%%mzn-stat: objective=380
%%%mzn-stat: nodes=2043
%%%mzn-stat: restarts=0
%%%mzn-stat: peakDepth=230
%%%mzn-stat: solveTime=0.008474599
%%%mzn-stat: variables=496
%%%mzn-stat: propagators=348
%%%mzn-stat: failures=4
%%%mzn-stat: propagations=8290
%%%mzn-stat: nogoods=4
%%%mzn-stat: numAtomicConstraintsPropagated=0
%%%mzn-stat: allDifferentNumber1PropagationsTotal=390
%%%mzn-stat: allDifferentNumber1PropagationsThatFoundConflict=1
%%%mzn-stat: allDifferentNumber1PropagationsThatPruned=198
%%%mzn-stat: allDifferentNumber1TotalValuesPruned=1040
%%%mzn-stat: allDifferentNumber1TotalHallSetSizeConflict=2
%%%mzn-stat: allDifferentNumber1NumberOfConflicts=1
%%%mzn-stat: allDifferentNumber1MaxHallSetSizeConflict=2
%%%mzn-stat: allDifferentNumber1TotalPruningHallSetSize=2010
%%%mzn-stat: allDifferentNumber1NumberOfPruningExplanations=1040
%%%mzn-stat: allDifferentNumber1MaxPruningHallSetSize=18
%%%mzn-stat: allDifferentNumber1TotalFixedEdgesAtConflict=19
%%%mzn-stat: allDifferentNumber1TotalVarsInvolvedInPruning=935
%%%mzn-stat: allDifferentNumber1MaxValuesPrunedFromSingleVar=8
%%%mzn-stat: allDifferentNumber1TotalSccSizeAtPruning=561
%%%mzn-stat: allDifferentNumber1NumberOfSccPruningCalls=198
%%%mzn-stat: circuitNumber2PropagationsThatFoundConflict=3
%%%mzn-stat: circuitNumber2TotalFixedEdgesAtConflict=56
%%%mzn-stat: circuitNumber2NumberOfConflicts=3
%%%mzn-stat: circuitNumber2PropagationsThatPruned=27
%%%mzn-stat: circuitNumber2PropagationsTotal=208
%%%mzn-stat: AverageConflictSize=8.75
%%%mzn-stat: NumUnitNogoodsLearned=0
%%%mzn-stat: AverageLearnedNogoodLength=35.75
%%%mzn-stat: AverageBacktrackAmount=0
%%%mzn-stat: AverageLbd=10.25
%%%mzn-stat: 2AutonomousSearchNumBackupCalled=1862
%%%mzn-stat: 2AutonomousSearchNumPredicatesRemoved=0
%%%mzn-stat: 2AutonomousSearchNumCalls=1874
%%%mzn-stat: 2AutonomousSearchNumPredicatesAdded=228
%%%mzn-stat: 2AutonomousSearchAverageSizeOfHeap=0.12966915688367128
%%%mzn-stat: 2AutonomousSearchNumAssignedPredicatesEncountered=243
%%%mzn-stat-end
maxleg = 380;
succ = array1d(1..20,[2, 7, 12, 9, 6, 8, 13, 11, 18, 17, 10, 4, 3, 16, 1, 19, 14, 5, 20, 15]);
% time elapsed: 2.76 s
----------
%%%mzn-stat: initTime=0.00493516
%%%mzn-stat: objective=373
%%%mzn-stat: nodes=2148
%%%mzn-stat: restarts=0
%%%mzn-stat: peakDepth=230
%%%mzn-stat: solveTime=0.009299549
%%%mzn-stat: variables=496
%%%mzn-stat: propagators=348
%%%mzn-stat: failures=5
%%%mzn-stat: propagations=9008
%%%mzn-stat: nogoods=5
%%%mzn-stat: numAtomicConstraintsPropagated=0
%%%mzn-stat: allDifferentNumber1PropagationsTotal=415
%%%mzn-stat: allDifferentNumber1PropagationsThatFoundConflict=1
%%%mzn-stat: allDifferentNumber1PropagationsThatPruned=211
%%%mzn-stat: allDifferentNumber1TotalValuesPruned=1116
%%%mzn-stat: allDifferentNumber1TotalHallSetSizeConflict=2
%%%mzn-stat: allDifferentNumber1NumberOfConflicts=1
%%%mzn-stat: allDifferentNumber1MaxHallSetSizeConflict=2
%%%mzn-stat: allDifferentNumber1TotalPruningHallSetSize=2406
%%%mzn-stat: allDifferentNumber1NumberOfPruningExplanations=1116
%%%mzn-stat: allDifferentNumber1MaxPruningHallSetSize=18
%%%mzn-stat: allDifferentNumber1TotalFixedEdgesAtConflict=19
%%%mzn-stat: allDifferentNumber1TotalVarsInvolvedInPruning=982
%%%mzn-stat: allDifferentNumber1MaxValuesPrunedFromSingleVar=9
%%%mzn-stat: allDifferentNumber1TotalSccSizeAtPruning=697
%%%mzn-stat: allDifferentNumber1NumberOfSccPruningCalls=211
%%%mzn-stat: circuitNumber2PropagationsThatFoundConflict=4
%%%mzn-stat: circuitNumber2TotalFixedEdgesAtConflict=73
%%%mzn-stat: circuitNumber2NumberOfConflicts=4
%%%mzn-stat: circuitNumber2PropagationsThatPruned=29
%%%mzn-stat: circuitNumber2PropagationsTotal=221
%%%mzn-stat: AverageConflictSize=9.4
%%%mzn-stat: NumUnitNogoodsLearned=0
%%%mzn-stat: AverageLearnedNogoodLength=38
%%%mzn-stat: AverageBacktrackAmount=0
%%%mzn-stat: AverageLbd=9.8
%%%mzn-stat: 2AutonomousSearchNumBackupCalled=1957
%%%mzn-stat: 2AutonomousSearchNumPredicatesRemoved=0
%%%mzn-stat: 2AutonomousSearchNumCalls=1970
%%%mzn-stat: 2AutonomousSearchNumPredicatesAdded=326
%%%mzn-stat: 2AutonomousSearchAverageSizeOfHeap=0.21269035532994923
%%%mzn-stat: 2AutonomousSearchNumAssignedPredicatesEncountered=419
%%%mzn-stat-end
maxleg = 373;
succ = array1d(1..20,[2, 7, 12, 9, 6, 8, 14, 11, 18, 17, 10, 4, 3, 16, 1, 13, 19, 5, 20, 15]);
% time elapsed: 2.76 s
----------
%%%mzn-stat: initTime=0.00493516
%%%mzn-stat: objective=371
%%%mzn-stat: nodes=2261
%%%mzn-stat: restarts=0
%%%mzn-stat: peakDepth=230
%%%mzn-stat: solveTime=0.009968434
%%%mzn-stat: variables=496
%%%mzn-stat: propagators=348
%%%mzn-stat: failures=6
%%%mzn-stat: propagations=9703
%%%mzn-stat: nogoods=6
%%%mzn-stat: numAtomicConstraintsPropagated=0
%%%mzn-stat: allDifferentNumber1PropagationsTotal=439
%%%mzn-stat: allDifferentNumber1PropagationsThatFoundConflict=1
%%%mzn-stat: allDifferentNumber1PropagationsThatPruned=224
%%%mzn-stat: allDifferentNumber1TotalValuesPruned=1181
%%%mzn-stat: allDifferentNumber1TotalHallSetSizeConflict=2
%%%mzn-stat: allDifferentNumber1NumberOfConflicts=1
%%%mzn-stat: allDifferentNumber1MaxHallSetSizeConflict=2
%%%mzn-stat: allDifferentNumber1TotalPruningHallSetSize=2702
%%%mzn-stat: allDifferentNumber1NumberOfPruningExplanations=1181
%%%mzn-stat: allDifferentNumber1MaxPruningHallSetSize=18
%%%mzn-stat: allDifferentNumber1TotalFixedEdgesAtConflict=19
%%%mzn-stat: allDifferentNumber1TotalVarsInvolvedInPruning=1025
%%%mzn-stat: allDifferentNumber1MaxValuesPrunedFromSingleVar=9
%%%mzn-stat: allDifferentNumber1TotalSccSizeAtPruning=789
%%%mzn-stat: allDifferentNumber1NumberOfSccPruningCalls=224
%%%mzn-stat: circuitNumber2PropagationsThatFoundConflict=5
%%%mzn-stat: circuitNumber2TotalFixedEdgesAtConflict=90
%%%mzn-stat: circuitNumber2NumberOfConflicts=5
%%%mzn-stat: circuitNumber2PropagationsThatPruned=32
%%%mzn-stat: circuitNumber2PropagationsTotal=234
%%%mzn-stat: AverageConflictSize=8.166666666666666
%%%mzn-stat: NumUnitNogoodsLearned=0
%%%mzn-stat: AverageLearnedNogoodLength=32.666666666666664
%%%mzn-stat: AverageBacktrackAmount=0
%%%mzn-stat: AverageLbd=8.833333333333334
%%%mzn-stat: 2AutonomousSearchNumBackupCalled=2060
%%%mzn-stat: 2AutonomousSearchNumPredicatesRemoved=0
%%%mzn-stat: 2AutonomousSearchNumCalls=2074
%%%mzn-stat: 2AutonomousSearchNumPredicatesAdded=340
%%%mzn-stat: 2AutonomousSearchAverageSizeOfHeap=0.2878495660559306
%%%mzn-stat: 2AutonomousSearchNumAssignedPredicatesEncountered=597
%%%mzn-stat-end
maxleg = 371;
succ = array1d(1..20,[2, 7, 12, 9, 6, 18, 14, 5, 8, 17, 10, 4, 3, 16, 1, 13, 19, 11, 20, 15]);
% time elapsed: 2.77 s
----------
%%%mzn-stat: initTime=0.00493516
%%%mzn-stat: objective=356
%%%mzn-stat: nodes=2372
%%%mzn-stat: restarts=0
%%%mzn-stat: peakDepth=230
%%%mzn-stat: solveTime=0.011541161
%%%mzn-stat: variables=496
%%%mzn-stat: propagators=348
%%%mzn-stat: failures=14
%%%mzn-stat: propagations=10676
%%%mzn-stat: nogoods=14
%%%mzn-stat: numAtomicConstraintsPropagated=0
%%%mzn-stat: allDifferentNumber1PropagationsTotal=484
%%%mzn-stat: allDifferentNumber1PropagationsThatFoundConflict=1
%%%mzn-stat: allDifferentNumber1PropagationsThatPruned=249
%%%mzn-stat: allDifferentNumber1TotalValuesPruned=1321
%%%mzn-stat: allDifferentNumber1TotalHallSetSizeConflict=2
%%%mzn-stat: allDifferentNumber1NumberOfConflicts=1
%%%mzn-stat: allDifferentNumber1MaxHallSetSizeConflict=2
%%%mzn-stat: allDifferentNumber1TotalPruningHallSetSize=3097
%%%mzn-stat: allDifferentNumber1NumberOfPruningExplanations=1321
%%%mzn-stat: allDifferentNumber1MaxPruningHallSetSize=18
%%%mzn-stat: allDifferentNumber1TotalFixedEdgesAtConflict=19
%%%mzn-stat: allDifferentNumber1TotalVarsInvolvedInPruning=1120
%%%mzn-stat: allDifferentNumber1MaxValuesPrunedFromSingleVar=9
%%%mzn-stat: allDifferentNumber1TotalSccSizeAtPruning=928
%%%mzn-stat: allDifferentNumber1NumberOfSccPruningCalls=249
%%%mzn-stat: circuitNumber2PropagationsThatFoundConflict=8
%%%mzn-stat: circuitNumber2TotalFixedEdgesAtConflict=136
%%%mzn-stat: circuitNumber2NumberOfConflicts=8
%%%mzn-stat: circuitNumber2PropagationsThatPruned=37
%%%mzn-stat: circuitNumber2PropagationsTotal=255
%%%mzn-stat: AverageConflictSize=8.928571428571429
%%%mzn-stat: NumUnitNogoodsLearned=0
%%%mzn-stat: AverageLearnedNogoodLength=23.571428571428573
%%%mzn-stat: AverageBacktrackAmount=0
%%%mzn-stat: AverageLbd=7.5
%%%mzn-stat: 2AutonomousSearchNumBackupCalled=2152
%%%mzn-stat: 2AutonomousSearchNumPredicatesRemoved=0
%%%mzn-stat: 2AutonomousSearchNumCalls=2167
%%%mzn-stat: 2AutonomousSearchNumPredicatesAdded=454
%%%mzn-stat: 2AutonomousSearchAverageSizeOfHeap=0.3885556068297185
%%%mzn-stat: 2AutonomousSearchNumAssignedPredicatesEncountered=842
%%%mzn-stat-end
maxleg = 356;
succ = array1d(1..20,[2, 7, 12, 9, 6, 19, 14, 5, 11, 17, 10, 4, 3, 16, 1, 13, 18, 8, 20, 15]);
% time elapsed: 2.77 s
----------
==========
% time elapsed: 2.78 s
%%%mzn-stat: initTime=0.00493516
%%%mzn-stat: objective=356
%%%mzn-stat: nodes=2423
%%%mzn-stat: restarts=0
%%%mzn-stat: peakDepth=230
%%%mzn-stat: solveTime=0.024143386
%%%mzn-stat: variables=496
%%%mzn-stat: propagators=348
%%%mzn-stat: failures=66
%%%mzn-stat: propagations=13886
%%%mzn-stat: nogoods=66
%%%mzn-stat: numAtomicConstraintsPropagated=0
%%%mzn-stat: allDifferentNumber1PropagationsTotal=665
%%%mzn-stat: allDifferentNumber1PropagationsThatFoundConflict=1
%%%mzn-stat: allDifferentNumber1PropagationsThatPruned=378
%%%mzn-stat: allDifferentNumber1TotalValuesPruned=2124
%%%mzn-stat: allDifferentNumber1TotalHallSetSizeConflict=2
%%%mzn-stat: allDifferentNumber1NumberOfConflicts=1
%%%mzn-stat: allDifferentNumber1MaxHallSetSizeConflict=2
%%%mzn-stat: allDifferentNumber1TotalPruningHallSetSize=7704
%%%mzn-stat: allDifferentNumber1NumberOfPruningExplanations=2124
%%%mzn-stat: allDifferentNumber1MaxPruningHallSetSize=18
%%%mzn-stat: allDifferentNumber1TotalFixedEdgesAtConflict=19
%%%mzn-stat: allDifferentNumber1TotalVarsInvolvedInPruning=1668
%%%mzn-stat: allDifferentNumber1MaxValuesPrunedFromSingleVar=9
%%%mzn-stat: allDifferentNumber1TotalSccSizeAtPruning=2980
%%%mzn-stat: allDifferentNumber1NumberOfSccPruningCalls=378
%%%mzn-stat: circuitNumber2PropagationsThatFoundConflict=60
%%%mzn-stat: circuitNumber2TotalFixedEdgesAtConflict=475
%%%mzn-stat: circuitNumber2NumberOfConflicts=60
%%%mzn-stat: circuitNumber2PropagationsThatPruned=78
%%%mzn-stat: circuitNumber2PropagationsTotal=384
%%%mzn-stat: AverageConflictSize=4.393939393939394
%%%mzn-stat: NumUnitNogoodsLearned=1
%%%mzn-stat: AverageLearnedNogoodLength=55.15151515151515
%%%mzn-stat: AverageBacktrackAmount=0
%%%mzn-stat: AverageLbd=3.984848484848485
%%%mzn-stat: 2AutonomousSearchNumBackupCalled=2152
%%%mzn-stat: 2AutonomousSearchNumPredicatesRemoved=0
%%%mzn-stat: 2AutonomousSearchNumCalls=2167
%%%mzn-stat: 2AutonomousSearchNumPredicatesAdded=1106
%%%mzn-stat: 2AutonomousSearchAverageSizeOfHeap=0.3885556068297185
%%%mzn-stat: 2AutonomousSearchNumAssignedPredicatesEncountered=842
%%%mzn-stat-end
