%%%mzn-stat: initTime=0.029568197
%%%mzn-stat: objective=196
%%%mzn-stat: nodes=2373
%%%mzn-stat: restarts=0
%%%mzn-stat: peakDepth=902
%%%mzn-stat: solveTime=1.090743783
%%%mzn-stat: variables=1856
%%%mzn-stat: propagators=1476
%%%mzn-stat: failures=1263
%%%mzn-stat: propagations=184785
%%%mzn-stat: nogoods=1263
%%%mzn-stat: AverageConflictSize=15.075217735550277
%%%mzn-stat: NumUnitNogoodsLearned=195
%%%mzn-stat: AverageLearnedNogoodLength=120.0387965162312
%%%mzn-stat: AverageBacktrackAmount=0
%%%mzn-stat: AverageLbd=27.222486144101346
%%%mzn-stat-end
maxleg = 196;
succ = array1d(1..100,[79, 95, 36, 58, 64, 9, 22, 89, 77, 71, 61, 76, 70, 20, 99, 34, 93, 98, 29, 72, 90, 49, 21, 31, 40, 96, 65, 75, 91, 59, 80, 51, 53, 62, 1, 26, 24, 97, 47, 10, 33, 67, 32, 17, 6, 73, 81, 55, 28, 14, 16, 15, 4, 25, 69, 18, 7, 37, 57, 8, 87, 19, 82, 100, 2, 35, 48, 94, 38, 78, 39, 12, 86, 41, 54, 92, 46, 88, 83, 50, 43, 3, 85, 5, 52, 44, 23, 74, 42, 30, 13, 45, 56, 11, 68, 84, 63, 60, 27, 66]);
% time elapsed: 6.89 s
----------
==========
% time elapsed: 6.89 s
%%%mzn-stat: initTime=0.029568197
%%%mzn-stat: objective=196
%%%mzn-stat: nodes=2373
%%%mzn-stat: restarts=0
%%%mzn-stat: peakDepth=902
%%%mzn-stat: solveTime=1.090756964
%%%mzn-stat: variables=1856
%%%mzn-stat: propagators=1476
%%%mzn-stat: failures=1263
%%%mzn-stat: propagations=184785
%%%mzn-stat: nogoods=1263
%%%mzn-stat: AverageConflictSize=15.075217735550277
%%%mzn-stat: NumUnitNogoodsLearned=195
%%%mzn-stat: AverageLearnedNogoodLength=120.0387965162312
%%%mzn-stat: AverageBacktrackAmount=0
%%%mzn-stat: AverageLbd=27.222486144101346
%%%mzn-stat-end
