% Logging successfully configured
%%%mzn-stat: initTime=0.003117089
%%%mzn-stat: objective=720
%%%mzn-stat: nodes=105
%%%mzn-stat: restarts=0
%%%mzn-stat: peakDepth=72
%%%mzn-stat: solveTime=0.004289257
%%%mzn-stat: variables=207
%%%mzn-stat: propagators=128
%%%mzn-stat: failures=28
%%%mzn-stat: propagations=1389
%%%mzn-stat: nogoods=28
%%%mzn-stat: numAtomicConstraintsPropagated=0
%%%mzn-stat: allDifferentNumber1PropagationsTotal=143
%%%mzn-stat: allDifferentNumber1PropagationsThatFoundConflict=0
%%%mzn-stat: allDifferentNumber1PropagationsThatPruned=95
%%%mzn-stat: allDifferentNumber1TotalValuesPruned=308
%%%mzn-stat: allDifferentNumber1TotalHallSetSizeConflict=0
%%%mzn-stat: allDifferentNumber1NumberOfConflicts=0
%%%mzn-stat: allDifferentNumber1MaxHallSetSizeConflict=0
%%%mzn-stat: allDifferentNumber1TotalPruningHallSetSize=1032
%%%mzn-stat: allDifferentNumber1NumberOfPruningExplanations=308
%%%mzn-stat: allDifferentNumber1MaxPruningHallSetSize=18
%%%mzn-stat: allDifferentNumber1TotalFixedEdgesAtConflict=0
%%%mzn-stat: allDifferentNumber1TotalVarsInvolvedInPruning=245
%%%mzn-stat: allDifferentNumber1MaxValuesPrunedFromSingleVar=4
%%%mzn-stat: allDifferentNumber1TotalSccSizeAtPruning=567
%%%mzn-stat: allDifferentNumber1NumberOfSccPruningCalls=95
%%%mzn-stat: circuitNumber2PropagationsThatFoundConflict=28
%%%mzn-stat: circuitNumber2TotalFixedEdgesAtConflict=449
%%%mzn-stat: circuitNumber2NumberOfConflicts=28
%%%mzn-stat: circuitNumber2PropagationsThatPruned=33
%%%mzn-stat: circuitNumber2PropagationsTotal=96
%%%mzn-stat: AverageConflictSize=11.357142857142858
%%%mzn-stat: NumUnitNogoodsLearned=0
%%%mzn-stat: AverageLearnedNogoodLength=7.857142857142857
%%%mzn-stat: AverageBacktrackAmount=0
%%%mzn-stat: AverageLbd=4.607142857142857
%%%mzn-stat: 2AutonomousSearchNumBackupCalled=68
%%%mzn-stat: 2AutonomousSearchNumPredicatesRemoved=0
%%%mzn-stat: 2AutonomousSearchNumCalls=69
%%%mzn-stat: 2AutonomousSearchNumPredicatesAdded=449
%%%mzn-stat: 2AutonomousSearchAverageSizeOfHeap=6.507246376811594
%%%mzn-stat: 2AutonomousSearchNumAssignedPredicatesEncountered=449
%%%mzn-stat-end
maxleg = 720;
succ = array1d(1..20,[2, 9, 5, 19, 18, 1, 10, 3, 12, 16, 20, 8, 15, 4, 6, 14, 13, 11, 17, 7]);
% time elapsed: 6.42 s
----------
==========
% time elapsed: 6.46 s
%%%mzn-stat: initTime=0.003117089
%%%mzn-stat: objective=720
%%%mzn-stat: nodes=186
%%%mzn-stat: restarts=0
%%%mzn-stat: peakDepth=72
%%%mzn-stat: solveTime=0.057739416
%%%mzn-stat: variables=207
%%%mzn-stat: propagators=128
%%%mzn-stat: failures=89
%%%mzn-stat: propagations=3601
%%%mzn-stat: nogoods=89
%%%mzn-stat: numAtomicConstraintsPropagated=0
%%%mzn-stat: allDifferentNumber1PropagationsTotal=435
%%%mzn-stat: allDifferentNumber1PropagationsThatFoundConflict=0
%%%mzn-stat: allDifferentNumber1PropagationsThatPruned=286
%%%mzn-stat: allDifferentNumber1TotalValuesPruned=932
%%%mzn-stat: allDifferentNumber1TotalHallSetSizeConflict=0
%%%mzn-stat: allDifferentNumber1NumberOfConflicts=0
%%%mzn-stat: allDifferentNumber1MaxHallSetSizeConflict=0
%%%mzn-stat: allDifferentNumber1TotalPruningHallSetSize=2880
%%%mzn-stat: allDifferentNumber1NumberOfPruningExplanations=932
%%%mzn-stat: allDifferentNumber1MaxPruningHallSetSize=19
%%%mzn-stat: allDifferentNumber1TotalFixedEdgesAtConflict=0
%%%mzn-stat: allDifferentNumber1TotalVarsInvolvedInPruning=740
%%%mzn-stat: allDifferentNumber1MaxValuesPrunedFromSingleVar=4
%%%mzn-stat: allDifferentNumber1TotalSccSizeAtPruning=1686
%%%mzn-stat: allDifferentNumber1NumberOfSccPruningCalls=286
%%%mzn-stat: circuitNumber2PropagationsThatFoundConflict=89
%%%mzn-stat: circuitNumber2TotalFixedEdgesAtConflict=1250
%%%mzn-stat: circuitNumber2NumberOfConflicts=89
%%%mzn-stat: circuitNumber2PropagationsThatPruned=94
%%%mzn-stat: circuitNumber2PropagationsTotal=292
%%%mzn-stat: AverageConflictSize=10.089887640449438
%%%mzn-stat: NumUnitNogoodsLearned=1
%%%mzn-stat: AverageLearnedNogoodLength=6.943820224719101
%%%mzn-stat: AverageBacktrackAmount=0
%%%mzn-stat: AverageLbd=4.258426966292135
%%%mzn-stat: 2AutonomousSearchNumBackupCalled=68
%%%mzn-stat: 2AutonomousSearchNumPredicatesRemoved=0
%%%mzn-stat: 2AutonomousSearchNumCalls=69
%%%mzn-stat: 2AutonomousSearchNumPredicatesAdded=997
%%%mzn-stat: 2AutonomousSearchAverageSizeOfHeap=6.507246376811594
%%%mzn-stat: 2AutonomousSearchNumAssignedPredicatesEncountered=449
%%%mzn-stat-end
