%%%mzn-stat: initTime=0.043313441
%%%mzn-stat: objective=151
%%%mzn-stat: nodes=2567954
%%%mzn-stat: restarts=2179
%%%mzn-stat: peakDepth=1426
%%%mzn-stat: solveTime=1404.01588514
%%%mzn-stat: variables=3426
%%%mzn-stat: propagators=2970
%%%mzn-stat: failures=961634
%%%mzn-stat: propagations=84685233
%%%mzn-stat: nogoods=961634
%%%mzn-stat: AverageConflictSize=88.29953079861986
%%%mzn-stat: NumUnitNogoodsLearned=150
%%%mzn-stat: AverageLearnedNogoodLength=112.52990326881121
%%%mzn-stat: AverageBacktrackAmount=0
%%%mzn-stat: AverageLbd=40.78410809102007
%%%mzn-stat-end
maxleg = 151;
succ = array1d(1..150,[89, 106, 65, 129, 135, 36, 137, 10, 82, 28, 120, 11, 146, 37, 14, 42, 18, 92, 138, 87, 25, 83, 44, 99, 9, 20, 51, 24, 95, 77, 66, 127, 100, 60, 143, 140, 8, 126, 145, 75, 150, 26, 96, 47, 109, 48, 16, 149, 12, 58, 147, 55, 144, 107, 130, 124, 93, 49, 43, 97, 84, 70, 113, 125, 105, 134, 108, 6, 118, 74, 112, 136, 4, 128, 5, 50, 68, 71, 62, 56, 45, 61, 72, 94, 35, 114, 46, 27, 3, 132, 86, 121, 30, 39, 67, 110, 13, 79, 40, 29, 115, 15, 23, 19, 54, 31, 34, 7, 103, 104, 81, 53, 69, 131, 52, 21, 41, 33, 141, 98, 57, 76, 111, 63, 88, 78, 122, 38, 90, 116, 102, 123, 117, 139, 73, 80, 64, 32, 91, 148, 17, 1, 59, 119, 142, 85, 2, 22, 133, 101]);
% time elapsed: 1405.41 s
----------
==========
% time elapsed: 1405.41 s
%%%mzn-stat: initTime=0.043313441
%%%mzn-stat: objective=151
%%%mzn-stat: nodes=2567954
%%%mzn-stat: restarts=2179
%%%mzn-stat: peakDepth=1426
%%%mzn-stat: solveTime=1404.015891051
%%%mzn-stat: variables=3426
%%%mzn-stat: propagators=2970
%%%mzn-stat: failures=961634
%%%mzn-stat: propagations=84685233
%%%mzn-stat: nogoods=961634
%%%mzn-stat: AverageConflictSize=88.29953079861986
%%%mzn-stat: NumUnitNogoodsLearned=150
%%%mzn-stat: AverageLearnedNogoodLength=112.52990326881121
%%%mzn-stat: AverageBacktrackAmount=0
%%%mzn-stat: AverageLbd=40.78410809102007
%%%mzn-stat-end
