% Logging successfully configured
=====UNKNOWN=====
% time elapsed: 1800.03 s
%%%mzn-stat: initTime=0.024278648
%%%mzn-stat: nodes=350207
%%%mzn-stat: restarts=0
%%%mzn-stat: peakDepth=91
%%%mzn-stat: solveTime=1799.674964693
%%%mzn-stat: variables=1830
%%%mzn-stat: propagators=1475
%%%mzn-stat: failures=349291
%%%mzn-stat: propagations=9895687
%%%mzn-stat: nogoods=349291
%%%mzn-stat: numAtomicConstraintsPropagated=0
%%%mzn-stat: circuitNumber1PropagationsTotal=1863469
%%%mzn-stat: circuitNumber1CircuitConflicts=348630
%%%mzn-stat: circuitNumber1AlldiffConflicts=17
%%%mzn-stat: circuitNumber1TotalFixedEdgesAtConflict=42897158
%%%mzn-stat: circuitNumber1NumberOfConflicts=348647
%%%mzn-stat: circuitNumber1GacPrunings=2599066
%%%mzn-stat: circuitNumber1PropagationsThatGacPruned=1096331
%%%mzn-stat: circuitNumber1TotalPruningHallSetSize=6020836
%%%mzn-stat: circuitNumber1NumberOfPruningExplanations=2599066
%%%mzn-stat: circuitNumber1MaxPruningHallSetSize=93
%%%mzn-stat: circuitNumber1TotalSccSizeAtPruning=3230822
%%%mzn-stat: circuitNumber1NumberOfSccPruningCalls=1096331
%%%mzn-stat: circuitNumber1TotalVarsInvolvedInPruning=2385292
%%%mzn-stat: circuitNumber1MaxValuesPrunedFromSingleVar=7
%%%mzn-stat: circuitNumber1HallCircuitChecks=7592503
%%%mzn-stat: circuitNumber1HallCircuitPrunings=445507
%%%mzn-stat: circuitNumber1CircuitPreventPrunings=870051
%%%mzn-stat: AverageConflictSize=18.02792800272552
%%%mzn-stat: NumUnitNogoodsLearned=0
%%%mzn-stat: AverageLearnedNogoodLength=79.11652747995224
%%%mzn-stat: AverageBacktrackAmount=0
%%%mzn-stat: AverageLbd=78.68203875851367
%%%mzn-stat: 2AutonomousSearchNumBackupCalled=0
%%%mzn-stat: 2AutonomousSearchNumPredicatesRemoved=0
%%%mzn-stat: 2AutonomousSearchNumCalls=0
%%%mzn-stat: 2AutonomousSearchNumPredicatesAdded=6375
%%%mzn-stat: 2AutonomousSearchAverageSizeOfHeap=0
%%%mzn-stat: 2AutonomousSearchNumAssignedPredicatesEncountered=0
%%%mzn-stat-end
