%%%mzn-stat: initTime=0.016493249
%%%mzn-stat: objective=252
%%%mzn-stat: nodes=29392
%%%mzn-stat: restarts=0
%%%mzn-stat: peakDepth=383
%%%mzn-stat: solveTime=2.373479839
%%%mzn-stat: variables=1512
%%%mzn-stat: propagators=1152
%%%mzn-stat: failures=6185
%%%mzn-stat: propagations=578032
%%%mzn-stat: nogoods=6185
%%%mzn-stat: AverageConflictSize=49.09167340339531
%%%mzn-stat: NumUnitNogoodsLearned=251
%%%mzn-stat: AverageLearnedNogoodLength=63.64818108326597
%%%mzn-stat: AverageBacktrackAmount=0
%%%mzn-stat: AverageLbd=18.680517380759902
%%%mzn-stat-end
maxleg = 252;
succ = array1d(1..50,[24, 42, 32, 45, 49, 43, 1, 23, 41, 8, 17, 31, 15, 28, 33, 14, 35, 46, 36, 47, 30, 18, 21, 16, 6, 37, 12, 11, 9, 20, 2, 40, 44, 27, 3, 34, 29, 22, 5, 4, 39, 10, 38, 26, 19, 50, 25, 7, 48, 13]);
% time elapsed: 3.87 s
----------
==========
% time elapsed: 3.87 s
%%%mzn-stat: initTime=0.016493249
%%%mzn-stat: objective=252
%%%mzn-stat: nodes=29392
%%%mzn-stat: restarts=0
%%%mzn-stat: peakDepth=383
%%%mzn-stat: solveTime=2.373484568
%%%mzn-stat: variables=1512
%%%mzn-stat: propagators=1152
%%%mzn-stat: failures=6185
%%%mzn-stat: propagations=578032
%%%mzn-stat: nogoods=6185
%%%mzn-stat: AverageConflictSize=49.09167340339531
%%%mzn-stat: NumUnitNogoodsLearned=251
%%%mzn-stat: AverageLearnedNogoodLength=63.64818108326597
%%%mzn-stat: AverageBacktrackAmount=0
%%%mzn-stat: AverageLbd=18.680517380759902
%%%mzn-stat-end
