%%%mzn-stat: initTime=0.033423508
%%%mzn-stat: objective=207
%%%mzn-stat: nodes=12719
%%%mzn-stat: restarts=1
%%%mzn-stat: peakDepth=1322
%%%mzn-stat: solveTime=9.260870909
%%%mzn-stat: variables=2402
%%%mzn-stat: propagators=2016
%%%mzn-stat: failures=10043
%%%mzn-stat: propagations=662801
%%%mzn-stat: nogoods=10043
%%%mzn-stat: AverageConflictSize=17.28278402867669
%%%mzn-stat: NumUnitNogoodsLearned=169
%%%mzn-stat: AverageLearnedNogoodLength=46.77845265358957
%%%mzn-stat: AverageBacktrackAmount=0
%%%mzn-stat: AverageLbd=23.908393906203326
%%%mzn-stat-end
maxleg = 207;
succ = array1d(1..150,[80, 3, 10, 105, 52, 109, 107, 96, 30, 9, 38, 90, 116, 48, 8, 124, 2, 62, 65, 15, 28, 36, 24, 150, 23, 140, 21, 141, 87, 18, 138, 111, 44, 126, 43, 29, 132, 71, 104, 117, 125, 73, 50, 6, 32, 92, 77, 118, 100, 61, 79, 56, 110, 57, 149, 123, 102, 101, 134, 120, 51, 49, 89, 34, 67, 16, 130, 17, 27, 146, 83, 98, 97, 72, 145, 63, 35, 135, 5, 7, 1, 19, 78, 147, 81, 75, 45, 53, 148, 40, 20, 106, 112, 99, 139, 114, 136, 103, 91, 47, 46, 82, 41, 12, 85, 86, 142, 42, 58, 133, 115, 25, 66, 54, 94, 88, 55, 143, 113, 95, 93, 39, 60, 4, 69, 74, 26, 37, 11, 144, 68, 76, 131, 108, 14, 128, 70, 33, 127, 84, 122, 64, 59, 31, 119, 121, 137, 22, 13, 129]);
% time elapsed: 13.65 s
----------
%%%mzn-stat: initTime=0.033423508
%%%mzn-stat: objective=170
%%%mzn-stat: nodes=13979
%%%mzn-stat: restarts=1
%%%mzn-stat: peakDepth=1322
%%%mzn-stat: solveTime=9.343742334
%%%mzn-stat: variables=2402
%%%mzn-stat: propagators=2016
%%%mzn-stat: failures=10049
%%%mzn-stat: propagations=666935
%%%mzn-stat: nogoods=10049
%%%mzn-stat: AverageConflictSize=17.278137128072444
%%%mzn-stat: NumUnitNogoodsLearned=169
%%%mzn-stat: AverageLearnedNogoodLength=46.75967757985869
%%%mzn-stat: AverageBacktrackAmount=0
%%%mzn-stat: AverageLbd=23.900686635486117
%%%mzn-stat-end
maxleg = 170;
succ = array1d(1..150,[80, 49, 133, 105, 52, 109, 107, 96, 62, 18, 38, 90, 116, 24, 8, 124, 2, 9, 65, 15, 28, 36, 14, 78, 23, 70, 103, 141, 87, 25, 33, 111, 44, 126, 16, 29, 76, 71, 12, 117, 125, 73, 35, 6, 32, 92, 77, 134, 100, 61, 56, 51, 110, 57, 149, 123, 102, 46, 143, 120, 60, 93, 89, 34, 130, 122, 138, 3, 27, 137, 83, 98, 97, 72, 145, 63, 50, 135, 5, 131, 1, 19, 59, 140, 81, 75, 45, 53, 148, 40, 20, 106, 112, 99, 139, 114, 136, 58, 91, 47, 21, 82, 142, 41, 85, 86, 55, 132, 101, 17, 115, 146, 66, 54, 94, 88, 7, 48, 113, 79, 95, 39, 43, 4, 69, 74, 147, 37, 11, 144, 68, 42, 10, 108, 150, 128, 30, 31, 127, 26, 104, 64, 118, 67, 119, 121, 84, 22, 13, 129]);
% time elapsed: 13.73 s
----------
==========
% time elapsed: 13.73 s
%%%mzn-stat: initTime=0.033423508
%%%mzn-stat: objective=170
%%%mzn-stat: nodes=13979
%%%mzn-stat: restarts=1
%%%mzn-stat: peakDepth=1322
%%%mzn-stat: solveTime=9.343758126
%%%mzn-stat: variables=2402
%%%mzn-stat: propagators=2016
%%%mzn-stat: failures=10049
%%%mzn-stat: propagations=666935
%%%mzn-stat: nogoods=10049
%%%mzn-stat: AverageConflictSize=17.278137128072444
%%%mzn-stat: NumUnitNogoodsLearned=169
%%%mzn-stat: AverageLearnedNogoodLength=46.75967757985869
%%%mzn-stat: AverageBacktrackAmount=0
%%%mzn-stat: AverageLbd=23.900686635486117
%%%mzn-stat-end
