%%%mzn-stat: initTime=0.003831246
%%%mzn-stat: objective=387
%%%mzn-stat: nodes=922
%%%mzn-stat: restarts=0
%%%mzn-stat: peakDepth=98
%%%mzn-stat: solveTime=0.0337764
%%%mzn-stat: variables=358
%%%mzn-stat: propagators=242
%%%mzn-stat: failures=425
%%%mzn-stat: propagations=68038
%%%mzn-stat: nogoods=425
%%%mzn-stat: AverageConflictSize=2.604705882352941
%%%mzn-stat: NumUnitNogoodsLearned=386
%%%mzn-stat: AverageLearnedNogoodLength=1.611764705882353
%%%mzn-stat: AverageBacktrackAmount=0
%%%mzn-stat: AverageLbd=1.383529411764706
%%%mzn-stat-end
maxleg = 387;
succ = array1d(1..20,[20, 9, 18, 15, 19, 2, 11, 1, 4, 6, 17, 7, 8, 3, 13, 14, 5, 10, 16, 12]);
% time elapsed: 1.52 s
----------
==========
% time elapsed: 1.52 s
%%%mzn-stat: initTime=0.003831246
%%%mzn-stat: objective=387
%%%mzn-stat: nodes=922
%%%mzn-stat: restarts=0
%%%mzn-stat: peakDepth=98
%%%mzn-stat: solveTime=0.033780631
%%%mzn-stat: variables=358
%%%mzn-stat: propagators=242
%%%mzn-stat: failures=425
%%%mzn-stat: propagations=68038
%%%mzn-stat: nogoods=425
%%%mzn-stat: AverageConflictSize=2.604705882352941
%%%mzn-stat: NumUnitNogoodsLearned=386
%%%mzn-stat: AverageLearnedNogoodLength=1.611764705882353
%%%mzn-stat: AverageBacktrackAmount=0
%%%mzn-stat: AverageLbd=1.383529411764706
%%%mzn-stat-end
