%%%mzn-stat: initTime=0.006765398
%%%mzn-stat: objective=922
%%%mzn-stat: nodes=31005
%%%mzn-stat: restarts=31
%%%mzn-stat: peakDepth=310
%%%mzn-stat: solveTime=3.509508974
%%%mzn-stat: variables=628
%%%mzn-stat: propagators=427
%%%mzn-stat: failures=15960
%%%mzn-stat: propagations=538954
%%%mzn-stat: nogoods=15960
%%%mzn-stat: AverageConflictSize=24.604010025062657
%%%mzn-stat: NumUnitNogoodsLearned=254
%%%mzn-stat: AverageLearnedNogoodLength=32.68796992481203
%%%mzn-stat: AverageBacktrackAmount=0
%%%mzn-stat: AverageLbd=18.001065162907267
%%%mzn-stat-end
maxleg = 922;
succ = array1d(1..50,[19, 4, 36, 22, 25, 20, 35, 10, 24, 50, 28, 39, 46, 40, 5, 41, 8, 3, 37, 14, 17, 45, 48, 16, 43, 27, 42, 6, 9, 33, 11, 12, 1, 44, 26, 31, 23, 7, 15, 13, 30, 21, 2, 38, 34, 49, 32, 47, 29, 18]);
% time elapsed: 4.88 s
----------
==========
% time elapsed: 204.49 s
%%%mzn-stat: initTime=0.006765398
%%%mzn-stat: objective=922
%%%mzn-stat: nodes=803831
%%%mzn-stat: restarts=1353
%%%mzn-stat: peakDepth=324
%%%mzn-stat: solveTime=203.1305903
%%%mzn-stat: variables=628
%%%mzn-stat: propagators=427
%%%mzn-stat: failures=671287
%%%mzn-stat: propagations=19174113
%%%mzn-stat: nogoods=671287
%%%mzn-stat: AverageConflictSize=28.939228675663315
%%%mzn-stat: NumUnitNogoodsLearned=255
%%%mzn-stat: AverageLearnedNogoodLength=35.951393368261265
%%%mzn-stat: AverageBacktrackAmount=0
%%%mzn-stat: AverageLbd=16.675681191502292
%%%mzn-stat-end
