%%%mzn-stat: initTime=0.020510082
%%%mzn-stat: objective=230
%%%mzn-stat: nodes=51841
%%%mzn-stat: restarts=1
%%%mzn-stat: peakDepth=1107
%%%mzn-stat: solveTime=104.66262451
%%%mzn-stat: variables=1820
%%%mzn-stat: propagators=1464
%%%mzn-stat: failures=47716
%%%mzn-stat: propagations=1642458
%%%mzn-stat: nogoods=47716
%%%mzn-stat: AverageConflictSize=112.19771145946852
%%%mzn-stat: NumUnitNogoodsLearned=229
%%%mzn-stat: AverageLearnedNogoodLength=136.27477156509346
%%%mzn-stat: AverageBacktrackAmount=0
%%%mzn-stat: AverageLbd=66.30124067398776
%%%mzn-stat-end
maxleg = 230;
succ = array1d(1..150,[142, 143, 48, 118, 16, 114, 62, 54, 85, 21, 87, 25, 134, 83, 77, 138, 37, 124, 51, 98, 119, 80, 136, 149, 32, 61, 94, 57, 148, 39, 11, 78, 69, 29, 1, 66, 73, 129, 117, 127, 147, 40, 36, 5, 19, 91, 41, 105, 58, 90, 75, 130, 43, 120, 95, 141, 68, 146, 23, 45, 53, 18, 88, 71, 110, 131, 97, 30, 106, 33, 13, 7, 72, 2, 67, 123, 144, 55, 17, 52, 139, 6, 35, 70, 84, 59, 132, 50, 63, 34, 104, 28, 4, 113, 102, 9, 56, 108, 92, 65, 133, 64, 38, 101, 126, 100, 96, 10, 27, 93, 60, 135, 14, 103, 12, 15, 81, 89, 115, 42, 44, 8, 145, 128, 82, 107, 3, 137, 150, 86, 99, 140, 79, 31, 111, 24, 20, 109, 46, 22, 26, 74, 47, 125, 121, 76, 112, 49, 116, 122]);
% time elapsed: 109.31 s
----------
==========
% time elapsed: 109.32 s
%%%mzn-stat: initTime=0.020510082
%%%mzn-stat: objective=230
%%%mzn-stat: nodes=51841
%%%mzn-stat: restarts=1
%%%mzn-stat: peakDepth=1107
%%%mzn-stat: solveTime=104.662629014
%%%mzn-stat: variables=1820
%%%mzn-stat: propagators=1464
%%%mzn-stat: failures=47716
%%%mzn-stat: propagations=1642458
%%%mzn-stat: nogoods=47716
%%%mzn-stat: AverageConflictSize=112.19771145946852
%%%mzn-stat: NumUnitNogoodsLearned=229
%%%mzn-stat: AverageLearnedNogoodLength=136.27477156509346
%%%mzn-stat: AverageBacktrackAmount=0
%%%mzn-stat: AverageLbd=66.30124067398776
%%%mzn-stat-end
