% Logging successfully configured
%%%mzn-stat: initTime=0.016071519
%%%mzn-stat: objective=735
%%%mzn-stat: nodes=869
%%%mzn-stat: restarts=0
%%%mzn-stat: peakDepth=174
%%%mzn-stat: solveTime=0.081068718
%%%mzn-stat: variables=442
%%%mzn-stat: propagators=1499
%%%mzn-stat: failures=451
%%%mzn-stat: propagations=306604
%%%mzn-stat: nogoods=451
%%%mzn-stat: numAtomicConstraintsPropagated=0
%%%mzn-stat: circuitNumber1226PropagationsThatFoundConflict=202
%%%mzn-stat: circuitNumber1226TotalFixedEdgesAtConflict=7413
%%%mzn-stat: circuitNumber1226NumberOfConflicts=202
%%%mzn-stat: circuitNumber1226PropagationsThatPruned=324
%%%mzn-stat: circuitNumber1226PropagationsTotal=1131
%%%mzn-stat: AverageConflictSize=10.317073170731707
%%%mzn-stat: NumUnitNogoodsLearned=0
%%%mzn-stat: AverageLearnedNogoodLength=15.65410199556541
%%%mzn-stat: AverageBacktrackAmount=0
%%%mzn-stat: AverageLbd=8.56541019955654
%%%mzn-stat: 2AutonomousSearchNumBackupCalled=155
%%%mzn-stat: 2AutonomousSearchNumPredicatesRemoved=0
%%%mzn-stat: 2AutonomousSearchNumCalls=156
%%%mzn-stat: 2AutonomousSearchNumPredicatesAdded=2420
%%%mzn-stat: 2AutonomousSearchAverageSizeOfHeap=15.512820512820513
%%%mzn-stat: 2AutonomousSearchNumAssignedPredicatesEncountered=2420
%%%mzn-stat-end
maxleg = 735;
succ = array1d(1..50,[16, 4, 18, 5, 15, 23, 34, 42, 29, 21, 26, 39, 40, 47, 6, 24, 8, 43, 30, 13, 50, 20, 37, 41, 2, 36, 11, 27, 46, 33, 38, 12, 1, 35, 44, 31, 10, 7, 19, 48, 9, 28, 25, 45, 22, 49, 32, 14, 3, 17]);
% time elapsed: 12.44 s
----------
%%%mzn-stat: initTime=0.016071519
%%%mzn-stat: objective=533
%%%mzn-stat: nodes=1040
%%%mzn-stat: restarts=0
%%%mzn-stat: peakDepth=174
%%%mzn-stat: solveTime=0.082268491
%%%mzn-stat: variables=442
%%%mzn-stat: propagators=1499
%%%mzn-stat: failures=452
%%%mzn-stat: propagations=310362
%%%mzn-stat: nogoods=452
%%%mzn-stat: numAtomicConstraintsPropagated=0
%%%mzn-stat: circuitNumber1226PropagationsThatFoundConflict=202
%%%mzn-stat: circuitNumber1226TotalFixedEdgesAtConflict=7413
%%%mzn-stat: circuitNumber1226NumberOfConflicts=202
%%%mzn-stat: circuitNumber1226PropagationsThatPruned=330
%%%mzn-stat: circuitNumber1226PropagationsTotal=1156
%%%mzn-stat: AverageConflictSize=10.298672566371682
%%%mzn-stat: NumUnitNogoodsLearned=0
%%%mzn-stat: AverageLearnedNogoodLength=15.66150442477876
%%%mzn-stat: AverageBacktrackAmount=0
%%%mzn-stat: AverageLbd=8.577433628318584
%%%mzn-stat: 2AutonomousSearchNumBackupCalled=305
%%%mzn-stat: 2AutonomousSearchNumPredicatesRemoved=0
%%%mzn-stat: 2AutonomousSearchNumCalls=307
%%%mzn-stat: 2AutonomousSearchNumPredicatesAdded=2656
%%%mzn-stat: 2AutonomousSearchAverageSizeOfHeap=15.765472312703583
%%%mzn-stat: 2AutonomousSearchNumAssignedPredicatesEncountered=4840
%%%mzn-stat-end
maxleg = 533;
succ = array1d(1..50,[16, 4, 18, 5, 15, 23, 34, 42, 29, 21, 26, 39, 40, 47, 6, 24, 36, 50, 30, 13, 8, 20, 37, 41, 2, 31, 17, 27, 46, 33, 38, 12, 1, 35, 44, 11, 19, 7, 43, 48, 9, 28, 25, 45, 22, 49, 32, 14, 3, 10]);
% time elapsed: 12.44 s
----------
==========
% time elapsed: 12.58 s
%%%mzn-stat: initTime=0.016071519
%%%mzn-stat: objective=533
%%%mzn-stat: nodes=2836
%%%mzn-stat: restarts=0
%%%mzn-stat: peakDepth=174
%%%mzn-stat: solveTime=0.244277911
%%%mzn-stat: variables=442
%%%mzn-stat: propagators=1499
%%%mzn-stat: failures=1578
%%%mzn-stat: propagations=918003
%%%mzn-stat: nogoods=1578
%%%mzn-stat: numAtomicConstraintsPropagated=0
%%%mzn-stat: circuitNumber1226PropagationsThatFoundConflict=482
%%%mzn-stat: circuitNumber1226TotalFixedEdgesAtConflict=15219
%%%mzn-stat: circuitNumber1226NumberOfConflicts=482
%%%mzn-stat: circuitNumber1226PropagationsThatPruned=876
%%%mzn-stat: circuitNumber1226PropagationsTotal=3635
%%%mzn-stat: AverageConflictSize=7.968948035487959
%%%mzn-stat: NumUnitNogoodsLearned=1
%%%mzn-stat: AverageLearnedNogoodLength=15.37896070975919
%%%mzn-stat: AverageBacktrackAmount=0
%%%mzn-stat: AverageLbd=7.030418250950571
%%%mzn-stat: 2AutonomousSearchNumBackupCalled=305
%%%mzn-stat: 2AutonomousSearchNumPredicatesRemoved=0
%%%mzn-stat: 2AutonomousSearchNumCalls=307
%%%mzn-stat: 2AutonomousSearchNumPredicatesAdded=5568
%%%mzn-stat: 2AutonomousSearchAverageSizeOfHeap=15.765472312703583
%%%mzn-stat: 2AutonomousSearchNumAssignedPredicatesEncountered=4840
%%%mzn-stat-end
