%%%mzn-stat: initTime=0.015103198
%%%mzn-stat: objective=922
%%%mzn-stat: nodes=73762
%%%mzn-stat: restarts=119
%%%mzn-stat: peakDepth=440
%%%mzn-stat: solveTime=24.165618964
%%%mzn-stat: variables=628
%%%mzn-stat: propagators=426
%%%mzn-stat: failures=64779
%%%mzn-stat: propagations=1855068
%%%mzn-stat: nogoods=64779
%%%mzn-stat: AverageConflictSize=35.724169869865236
%%%mzn-stat: NumUnitNogoodsLearned=254
%%%mzn-stat: AverageLearnedNogoodLength=41.992219700828976
%%%mzn-stat: AverageBacktrackAmount=0
%%%mzn-stat: AverageLbd=20.675126198305005
%%%mzn-stat-end
maxleg = 922;
succ = array1d(1..50,[16, 5, 46, 22, 43, 23, 45, 27, 41, 37, 36, 15, 48, 20, 2, 40, 28, 21, 1, 6, 10, 34, 8, 33, 4, 11, 31, 42, 9, 19, 17, 12, 30, 44, 26, 3, 13, 35, 32, 14, 24, 50, 25, 7, 38, 49, 39, 47, 29, 18]);
% time elapsed: 29.30 s
----------
