% Logging successfully configured
=====UNKNOWN=====
% time elapsed: 1800.06 s
%%%mzn-stat: initTime=0.047932435
%%%mzn-stat: nodes=723112
%%%mzn-stat: restarts=0
%%%mzn-stat: peakDepth=135
%%%mzn-stat: solveTime=1798.124258337
%%%mzn-stat: variables=3426
%%%mzn-stat: propagators=2970
%%%mzn-stat: failures=597192
%%%mzn-stat: propagations=15563902
%%%mzn-stat: nogoods=597192
%%%mzn-stat: numAtomicConstraintsPropagated=0
%%%mzn-stat: allDifferentNumber1TotalHallSetSize=4952744
%%%mzn-stat: allDifferentNumber1NumberOfConflicts=157113
%%%mzn-stat: allDifferentNumber1MaxHallSetSize=100
%%%mzn-stat: allDifferentNumber1PropagationsTotal=1874466
%%%mzn-stat: allDifferentNumber1PropagationsThatFoundConflict=157113
%%%mzn-stat: circuitNumber2PropagationsThatFoundConflict=424779
%%%mzn-stat: circuitNumber2TotalFixedEdgesAtConflict=62442450
%%%mzn-stat: circuitNumber2NumberOfConflicts=424779
%%%mzn-stat: circuitNumber2PropagationsThatPruned=171824
%%%mzn-stat: circuitNumber2PropagationsTotal=1324241
%%%mzn-stat: AverageConflictSize=110.5149767578936
%%%mzn-stat: NumUnitNogoodsLearned=0
%%%mzn-stat: AverageLearnedNogoodLength=116.40391532371498
%%%mzn-stat: AverageBacktrackAmount=0
%%%mzn-stat: AverageLbd=113.99123230049968
%%%mzn-stat: 2AutonomousSearchNumBackupCalled=0
%%%mzn-stat: 2AutonomousSearchNumPredicatesRemoved=0
%%%mzn-stat: 2AutonomousSearchNumCalls=0
%%%mzn-stat: 2AutonomousSearchNumPredicatesAdded=3909
%%%mzn-stat: 2AutonomousSearchAverageSizeOfHeap=0
%%%mzn-stat: 2AutonomousSearchNumAssignedPredicatesEncountered=0
%%%mzn-stat-end
