%%%mzn-stat: initTime=0.006041658
%%%mzn-stat: objective=635
%%%mzn-stat: nodes=11278
%%%mzn-stat: restarts=2
%%%mzn-stat: peakDepth=309
%%%mzn-stat: solveTime=1.8883643559999999
%%%mzn-stat: variables=673
%%%mzn-stat: propagators=454
%%%mzn-stat: failures=10322
%%%mzn-stat: propagations=375521
%%%mzn-stat: nogoods=10322
%%%mzn-stat: AverageConflictSize=16.621778725053286
%%%mzn-stat: NumUnitNogoodsLearned=291
%%%mzn-stat: AverageLearnedNogoodLength=24.817961635341987
%%%mzn-stat: AverageBacktrackAmount=0
%%%mzn-stat: AverageLbd=10.719627979073822
%%%mzn-stat-end
maxleg = 635;
succ = array1d(1..50,[50, 9, 42, 44, 4, 47, 8, 6, 29, 36, 30, 48, 2, 7, 45, 34, 32, 25, 27, 21, 43, 37, 38, 40, 5, 41, 12, 10, 22, 26, 1, 24, 14, 15, 46, 20, 11, 17, 16, 33, 35, 19, 49, 39, 28, 18, 31, 13, 23, 3]);
% time elapsed: 4.88 s
----------
%%%mzn-stat: initTime=0.006041658
%%%mzn-stat: objective=437
%%%mzn-stat: nodes=12617
%%%mzn-stat: restarts=3
%%%mzn-stat: peakDepth=316
%%%mzn-stat: solveTime=2.069803364
%%%mzn-stat: variables=673
%%%mzn-stat: propagators=454
%%%mzn-stat: failures=11212
%%%mzn-stat: propagations=403993
%%%mzn-stat: nogoods=11212
%%%mzn-stat: AverageConflictSize=16.63860149839458
%%%mzn-stat: NumUnitNogoodsLearned=291
%%%mzn-stat: AverageLearnedNogoodLength=24.862825544059937
%%%mzn-stat: AverageBacktrackAmount=0
%%%mzn-stat: AverageLbd=10.836960399571888
%%%mzn-stat-end
maxleg = 437;
succ = array1d(1..50,[50, 48, 42, 5, 25, 47, 8, 6, 29, 24, 41, 22, 23, 7, 45, 39, 21, 46, 27, 43, 20, 37, 38, 40, 18, 11, 12, 10, 2, 26, 1, 36, 17, 9, 30, 15, 35, 32, 44, 33, 16, 19, 49, 4, 28, 34, 31, 13, 14, 3]);
% time elapsed: 5.04 s
----------
%%%mzn-stat: initTime=0.006041658
%%%mzn-stat: objective=437
%%%mzn-stat: nodes=5647826
%%%mzn-stat: restarts=6925
%%%mzn-stat: peakDepth=316
%%%mzn-stat: solveTime=1797.591402804
%%%mzn-stat: variables=673
%%%mzn-stat: propagators=454
%%%mzn-stat: failures=5112133
%%%mzn-stat: propagations=156305305
%%%mzn-stat: nogoods=5112133
%%%mzn-stat: AverageConflictSize=19.198652499846933
%%%mzn-stat: NumUnitNogoodsLearned=291
%%%mzn-stat: AverageLearnedNogoodLength=31.39772850197755
%%%mzn-stat: AverageBacktrackAmount=0
%%%mzn-stat: AverageLbd=10.86397595680707
%%%mzn-stat-end
