% Logging successfully configured
%%%mzn-stat: initTime=0.008511493
%%%mzn-stat: objective=393
%%%mzn-stat: nodes=432
%%%mzn-stat: restarts=0
%%%mzn-stat: peakDepth=430
%%%mzn-stat: solveTime=0.003600556
%%%mzn-stat: variables=830
%%%mzn-stat: propagators=590
%%%mzn-stat: failures=2
%%%mzn-stat: propagations=2107
%%%mzn-stat: nogoods=2
%%%mzn-stat: numAtomicConstraintsPropagated=0
%%%mzn-stat: allDifferentNumber1PropagationsTotal=79
%%%mzn-stat: allDifferentNumber1PropagationsThatFoundConflict=0
%%%mzn-stat: allDifferentNumber1PropagationsThatPruned=42
%%%mzn-stat: allDifferentNumber1TotalValuesPruned=219
%%%mzn-stat: allDifferentNumber1TotalHallSetSizeConflict=0
%%%mzn-stat: allDifferentNumber1NumberOfConflicts=0
%%%mzn-stat: allDifferentNumber1MaxHallSetSizeConflict=0
%%%mzn-stat: allDifferentNumber1TotalPruningHallSetSize=569
%%%mzn-stat: allDifferentNumber1NumberOfPruningExplanations=219
%%%mzn-stat: allDifferentNumber1MaxPruningHallSetSize=27
%%%mzn-stat: allDifferentNumber1TotalFixedEdgesAtConflict=0
%%%mzn-stat: allDifferentNumber1TotalVarsInvolvedInPruning=194
%%%mzn-stat: allDifferentNumber1MaxValuesPrunedFromSingleVar=6
%%%mzn-stat: allDifferentNumber1TotalSccSizeAtPruning=233
%%%mzn-stat: allDifferentNumber1NumberOfSccPruningCalls=42
%%%mzn-stat: circuitNumber2PropagationsThatFoundConflict=2
%%%mzn-stat: circuitNumber2TotalFixedEdgesAtConflict=71
%%%mzn-stat: circuitNumber2NumberOfConflicts=2
%%%mzn-stat: circuitNumber2PropagationsThatPruned=6
%%%mzn-stat: circuitNumber2PropagationsTotal=44
%%%mzn-stat: AverageConflictSize=10
%%%mzn-stat: NumUnitNogoodsLearned=0
%%%mzn-stat: AverageLearnedNogoodLength=32.5
%%%mzn-stat: AverageBacktrackAmount=0
%%%mzn-stat: AverageLbd=14.5
%%%mzn-stat: 2AutonomousSearchNumBackupCalled=395
%%%mzn-stat: 2AutonomousSearchNumPredicatesRemoved=0
%%%mzn-stat: 2AutonomousSearchNumCalls=396
%%%mzn-stat: 2AutonomousSearchNumPredicatesAdded=111
%%%mzn-stat: 2AutonomousSearchAverageSizeOfHeap=0.2803030303030303
%%%mzn-stat: 2AutonomousSearchNumAssignedPredicatesEncountered=111
%%%mzn-stat-end
maxleg = 393;
succ = array1d(1..50,[2, 11, 5, 7, 12, 3, 16, 6, 14, 17, 15, 9, 4, 20, 21, 19, 18, 8, 22, 1, 13, 29, 33, 27, 10, 36, 35, 25, 32, 24, 30, 34, 37, 43, 23, 38, 41, 48, 40, 49, 50, 44, 47, 28, 26, 31, 39, 42, 46, 45]);
% time elapsed: 8.17 s
----------
%%%mzn-stat: initTime=0.008511493
%%%mzn-stat: objective=364
%%%mzn-stat: nodes=837
%%%mzn-stat: restarts=0
%%%mzn-stat: peakDepth=430
%%%mzn-stat: solveTime=0.0074383
%%%mzn-stat: variables=830
%%%mzn-stat: propagators=590
%%%mzn-stat: failures=6
%%%mzn-stat: propagations=3284
%%%mzn-stat: nogoods=6
%%%mzn-stat: numAtomicConstraintsPropagated=0
%%%mzn-stat: allDifferentNumber1PropagationsTotal=169
%%%mzn-stat: allDifferentNumber1PropagationsThatFoundConflict=0
%%%mzn-stat: allDifferentNumber1PropagationsThatPruned=90
%%%mzn-stat: allDifferentNumber1TotalValuesPruned=459
%%%mzn-stat: allDifferentNumber1TotalHallSetSizeConflict=0
%%%mzn-stat: allDifferentNumber1NumberOfConflicts=0
%%%mzn-stat: allDifferentNumber1MaxHallSetSizeConflict=0
%%%mzn-stat: allDifferentNumber1TotalPruningHallSetSize=1065
%%%mzn-stat: allDifferentNumber1NumberOfPruningExplanations=459
%%%mzn-stat: allDifferentNumber1MaxPruningHallSetSize=27
%%%mzn-stat: allDifferentNumber1TotalFixedEdgesAtConflict=0
%%%mzn-stat: allDifferentNumber1TotalVarsInvolvedInPruning=411
%%%mzn-stat: allDifferentNumber1MaxValuesPrunedFromSingleVar=6
%%%mzn-stat: allDifferentNumber1TotalSccSizeAtPruning=445
%%%mzn-stat: allDifferentNumber1NumberOfSccPruningCalls=90
%%%mzn-stat: circuitNumber2PropagationsThatFoundConflict=6
%%%mzn-stat: circuitNumber2TotalFixedEdgesAtConflict=232
%%%mzn-stat: circuitNumber2NumberOfConflicts=6
%%%mzn-stat: circuitNumber2PropagationsThatPruned=15
%%%mzn-stat: circuitNumber2PropagationsTotal=94
%%%mzn-stat: AverageConflictSize=9
%%%mzn-stat: NumUnitNogoodsLearned=0
%%%mzn-stat: AverageLearnedNogoodLength=24.333333333333332
%%%mzn-stat: AverageBacktrackAmount=0
%%%mzn-stat: AverageLbd=12
%%%mzn-stat: 2AutonomousSearchNumBackupCalled=761
%%%mzn-stat: 2AutonomousSearchNumPredicatesRemoved=0
%%%mzn-stat: 2AutonomousSearchNumCalls=763
%%%mzn-stat: 2AutonomousSearchNumPredicatesAdded=360
%%%mzn-stat: 2AutonomousSearchAverageSizeOfHeap=0.5373525557011796
%%%mzn-stat: 2AutonomousSearchNumAssignedPredicatesEncountered=410
%%%mzn-stat-end
maxleg = 364;
succ = array1d(1..50,[2, 11, 5, 7, 12, 3, 16, 6, 14, 17, 15, 9, 4, 20, 21, 19, 18, 8, 22, 27, 13, 29, 1, 30, 10, 36, 35, 25, 32, 37, 24, 34, 41, 43, 23, 38, 33, 48, 40, 49, 50, 44, 47, 28, 26, 31, 39, 42, 46, 45]);
% time elapsed: 8.17 s
----------
%%%mzn-stat: initTime=0.008511493
%%%mzn-stat: objective=356
%%%mzn-stat: nodes=1253
%%%mzn-stat: restarts=0
%%%mzn-stat: peakDepth=430
%%%mzn-stat: solveTime=0.011106534
%%%mzn-stat: variables=830
%%%mzn-stat: propagators=590
%%%mzn-stat: failures=9
%%%mzn-stat: propagations=4422
%%%mzn-stat: nogoods=9
%%%mzn-stat: numAtomicConstraintsPropagated=0
%%%mzn-stat: allDifferentNumber1PropagationsTotal=256
%%%mzn-stat: allDifferentNumber1PropagationsThatFoundConflict=0
%%%mzn-stat: allDifferentNumber1PropagationsThatPruned=136
%%%mzn-stat: allDifferentNumber1TotalValuesPruned=685
%%%mzn-stat: allDifferentNumber1TotalHallSetSizeConflict=0
%%%mzn-stat: allDifferentNumber1NumberOfConflicts=0
%%%mzn-stat: allDifferentNumber1MaxHallSetSizeConflict=0
%%%mzn-stat: allDifferentNumber1TotalPruningHallSetSize=1491
%%%mzn-stat: allDifferentNumber1NumberOfPruningExplanations=685
%%%mzn-stat: allDifferentNumber1MaxPruningHallSetSize=27
%%%mzn-stat: allDifferentNumber1TotalFixedEdgesAtConflict=0
%%%mzn-stat: allDifferentNumber1TotalVarsInvolvedInPruning=624
%%%mzn-stat: allDifferentNumber1MaxValuesPrunedFromSingleVar=6
%%%mzn-stat: allDifferentNumber1TotalSccSizeAtPruning=587
%%%mzn-stat: allDifferentNumber1NumberOfSccPruningCalls=136
%%%mzn-stat: circuitNumber2PropagationsThatFoundConflict=9
%%%mzn-stat: circuitNumber2TotalFixedEdgesAtConflict=353
%%%mzn-stat: circuitNumber2NumberOfConflicts=9
%%%mzn-stat: circuitNumber2PropagationsThatPruned=18
%%%mzn-stat: circuitNumber2PropagationsTotal=141
%%%mzn-stat: AverageConflictSize=10.666666666666666
%%%mzn-stat: NumUnitNogoodsLearned=0
%%%mzn-stat: AverageLearnedNogoodLength=23.444444444444443
%%%mzn-stat: AverageBacktrackAmount=0
%%%mzn-stat: AverageLbd=13.11111111111111
%%%mzn-stat: 2AutonomousSearchNumBackupCalled=1136
%%%mzn-stat: 2AutonomousSearchNumPredicatesRemoved=0
%%%mzn-stat: 2AutonomousSearchNumCalls=1139
%%%mzn-stat: 2AutonomousSearchNumPredicatesAdded=558
%%%mzn-stat: 2AutonomousSearchAverageSizeOfHeap=0.7190517998244074
%%%mzn-stat: 2AutonomousSearchNumAssignedPredicatesEncountered=819
%%%mzn-stat-end
maxleg = 356;
succ = array1d(1..50,[2, 11, 5, 7, 12, 3, 16, 6, 14, 17, 15, 9, 4, 20, 21, 19, 18, 8, 22, 27, 23, 29, 33, 30, 10, 36, 35, 25, 32, 31, 37, 34, 41, 43, 1, 48, 13, 45, 40, 44, 50, 38, 47, 42, 26, 49, 39, 46, 28, 24]);
% time elapsed: 8.17 s
----------
%%%mzn-stat: initTime=0.008511493
%%%mzn-stat: objective=348
%%%mzn-stat: nodes=1661
%%%mzn-stat: restarts=0
%%%mzn-stat: peakDepth=430
%%%mzn-stat: solveTime=0.014434072
%%%mzn-stat: variables=830
%%%mzn-stat: propagators=590
%%%mzn-stat: failures=11
%%%mzn-stat: propagations=5495
%%%mzn-stat: nogoods=11
%%%mzn-stat: numAtomicConstraintsPropagated=0
%%%mzn-stat: allDifferentNumber1PropagationsTotal=327
%%%mzn-stat: allDifferentNumber1PropagationsThatFoundConflict=0
%%%mzn-stat: allDifferentNumber1PropagationsThatPruned=171
%%%mzn-stat: allDifferentNumber1TotalValuesPruned=901
%%%mzn-stat: allDifferentNumber1TotalHallSetSizeConflict=0
%%%mzn-stat: allDifferentNumber1NumberOfConflicts=0
%%%mzn-stat: allDifferentNumber1MaxHallSetSizeConflict=0
%%%mzn-stat: allDifferentNumber1TotalPruningHallSetSize=2051
%%%mzn-stat: allDifferentNumber1NumberOfPruningExplanations=901
%%%mzn-stat: allDifferentNumber1MaxPruningHallSetSize=33
%%%mzn-stat: allDifferentNumber1TotalFixedEdgesAtConflict=0
%%%mzn-stat: allDifferentNumber1TotalVarsInvolvedInPruning=807
%%%mzn-stat: allDifferentNumber1MaxValuesPrunedFromSingleVar=6
%%%mzn-stat: allDifferentNumber1TotalSccSizeAtPruning=750
%%%mzn-stat: allDifferentNumber1NumberOfSccPruningCalls=171
%%%mzn-stat: circuitNumber2PropagationsThatFoundConflict=11
%%%mzn-stat: circuitNumber2TotalFixedEdgesAtConflict=451
%%%mzn-stat: circuitNumber2NumberOfConflicts=11
%%%mzn-stat: circuitNumber2PropagationsThatPruned=19
%%%mzn-stat: circuitNumber2PropagationsTotal=177
%%%mzn-stat: AverageConflictSize=13.272727272727273
%%%mzn-stat: NumUnitNogoodsLearned=0
%%%mzn-stat: AverageLearnedNogoodLength=24.636363636363637
%%%mzn-stat: AverageBacktrackAmount=0
%%%mzn-stat: AverageLbd=14.090909090909092
%%%mzn-stat: 2AutonomousSearchNumBackupCalled=1509
%%%mzn-stat: 2AutonomousSearchNumPredicatesRemoved=0
%%%mzn-stat: 2AutonomousSearchNumCalls=1513
%%%mzn-stat: 2AutonomousSearchNumPredicatesAdded=664
%%%mzn-stat: 2AutonomousSearchAverageSizeOfHeap=0.8572372769332453
%%%mzn-stat: 2AutonomousSearchNumAssignedPredicatesEncountered=1297
%%%mzn-stat-end
maxleg = 348;
succ = array1d(1..50,[2, 11, 5, 7, 12, 3, 16, 6, 14, 17, 15, 9, 4, 20, 21, 19, 18, 8, 22, 27, 23, 30, 33, 31, 10, 36, 35, 25, 13, 24, 46, 28, 37, 29, 1, 38, 41, 48, 32, 47, 50, 44, 34, 43, 26, 49, 39, 42, 40, 45]);
% time elapsed: 8.17 s
----------
%%%mzn-stat: initTime=0.008511493
%%%mzn-stat: objective=347
%%%mzn-stat: nodes=2060
%%%mzn-stat: restarts=0
%%%mzn-stat: peakDepth=430
%%%mzn-stat: solveTime=0.018271648
%%%mzn-stat: variables=830
%%%mzn-stat: propagators=590
%%%mzn-stat: failures=15
%%%mzn-stat: propagations=6609
%%%mzn-stat: nogoods=15
%%%mzn-stat: numAtomicConstraintsPropagated=0
%%%mzn-stat: allDifferentNumber1PropagationsTotal=410
%%%mzn-stat: allDifferentNumber1PropagationsThatFoundConflict=0
%%%mzn-stat: allDifferentNumber1PropagationsThatPruned=214
%%%mzn-stat: allDifferentNumber1TotalValuesPruned=1147
%%%mzn-stat: allDifferentNumber1TotalHallSetSizeConflict=0
%%%mzn-stat: allDifferentNumber1NumberOfConflicts=0
%%%mzn-stat: allDifferentNumber1MaxHallSetSizeConflict=0
%%%mzn-stat: allDifferentNumber1TotalPruningHallSetSize=2850
%%%mzn-stat: allDifferentNumber1NumberOfPruningExplanations=1147
%%%mzn-stat: allDifferentNumber1MaxPruningHallSetSize=37
%%%mzn-stat: allDifferentNumber1TotalFixedEdgesAtConflict=0
%%%mzn-stat: allDifferentNumber1TotalVarsInvolvedInPruning=1020
%%%mzn-stat: allDifferentNumber1MaxValuesPrunedFromSingleVar=6
%%%mzn-stat: allDifferentNumber1TotalSccSizeAtPruning=1033
%%%mzn-stat: allDifferentNumber1NumberOfSccPruningCalls=214
%%%mzn-stat: circuitNumber2PropagationsThatFoundConflict=15
%%%mzn-stat: circuitNumber2TotalFixedEdgesAtConflict=623
%%%mzn-stat: circuitNumber2NumberOfConflicts=15
%%%mzn-stat: circuitNumber2PropagationsThatPruned=22
%%%mzn-stat: circuitNumber2PropagationsTotal=221
%%%mzn-stat: AverageConflictSize=15.133333333333333
%%%mzn-stat: NumUnitNogoodsLearned=0
%%%mzn-stat: AverageLearnedNogoodLength=25.6
%%%mzn-stat: AverageBacktrackAmount=0
%%%mzn-stat: AverageLbd=14.6
%%%mzn-stat: 2AutonomousSearchNumBackupCalled=1870
%%%mzn-stat: 2AutonomousSearchNumPredicatesRemoved=0
%%%mzn-stat: 2AutonomousSearchNumCalls=1875
%%%mzn-stat: 2AutonomousSearchNumPredicatesAdded=806
%%%mzn-stat: 2AutonomousSearchAverageSizeOfHeap=0.9594666666666667
%%%mzn-stat: 2AutonomousSearchNumAssignedPredicatesEncountered=1799
%%%mzn-stat-end
maxleg = 347;
succ = array1d(1..50,[2, 11, 5, 7, 12, 3, 16, 6, 14, 17, 15, 9, 4, 26, 21, 19, 18, 8, 22, 27, 23, 30, 33, 31, 10, 36, 35, 25, 13, 41, 46, 28, 37, 29, 1, 38, 24, 48, 32, 47, 50, 44, 34, 43, 20, 49, 39, 42, 40, 45]);
% time elapsed: 8.18 s
----------
%%%mzn-stat: initTime=0.008511493
%%%mzn-stat: objective=308
%%%mzn-stat: nodes=2452
%%%mzn-stat: restarts=0
%%%mzn-stat: peakDepth=430
%%%mzn-stat: solveTime=0.02187485
%%%mzn-stat: variables=830
%%%mzn-stat: propagators=590
%%%mzn-stat: failures=16
%%%mzn-stat: propagations=7669
%%%mzn-stat: nogoods=16
%%%mzn-stat: numAtomicConstraintsPropagated=0
%%%mzn-stat: allDifferentNumber1PropagationsTotal=477
%%%mzn-stat: allDifferentNumber1PropagationsThatFoundConflict=0
%%%mzn-stat: allDifferentNumber1PropagationsThatPruned=247
%%%mzn-stat: allDifferentNumber1TotalValuesPruned=1354
%%%mzn-stat: allDifferentNumber1TotalHallSetSizeConflict=0
%%%mzn-stat: allDifferentNumber1NumberOfConflicts=0
%%%mzn-stat: allDifferentNumber1MaxHallSetSizeConflict=0
%%%mzn-stat: allDifferentNumber1TotalPruningHallSetSize=3586
%%%mzn-stat: allDifferentNumber1NumberOfPruningExplanations=1354
%%%mzn-stat: allDifferentNumber1MaxPruningHallSetSize=42
%%%mzn-stat: allDifferentNumber1TotalFixedEdgesAtConflict=0
%%%mzn-stat: allDifferentNumber1TotalVarsInvolvedInPruning=1197
%%%mzn-stat: allDifferentNumber1MaxValuesPrunedFromSingleVar=6
%%%mzn-stat: allDifferentNumber1TotalSccSizeAtPruning=1271
%%%mzn-stat: allDifferentNumber1NumberOfSccPruningCalls=247
%%%mzn-stat: circuitNumber2PropagationsThatFoundConflict=16
%%%mzn-stat: circuitNumber2TotalFixedEdgesAtConflict=661
%%%mzn-stat: circuitNumber2NumberOfConflicts=16
%%%mzn-stat: circuitNumber2PropagationsThatPruned=23
%%%mzn-stat: circuitNumber2PropagationsTotal=255
%%%mzn-stat: AverageConflictSize=14.3125
%%%mzn-stat: NumUnitNogoodsLearned=0
%%%mzn-stat: AverageLearnedNogoodLength=24.25
%%%mzn-stat: AverageBacktrackAmount=0
%%%mzn-stat: AverageLbd=13.875
%%%mzn-stat: 2AutonomousSearchNumBackupCalled=2230
%%%mzn-stat: 2AutonomousSearchNumPredicatesRemoved=0
%%%mzn-stat: 2AutonomousSearchNumCalls=2236
%%%mzn-stat: 2AutonomousSearchNumPredicatesAdded=822
%%%mzn-stat: 2AutonomousSearchAverageSizeOfHeap=1.0295169946332736
%%%mzn-stat: 2AutonomousSearchNumAssignedPredicatesEncountered=2302
%%%mzn-stat-end
maxleg = 308;
succ = array1d(1..50,[2, 11, 5, 7, 12, 3, 16, 6, 14, 17, 15, 26, 4, 20, 21, 19, 18, 8, 22, 27, 23, 30, 33, 9, 10, 36, 35, 25, 13, 24, 41, 28, 37, 29, 1, 48, 31, 42, 32, 39, 50, 44, 47, 43, 38, 49, 40, 46, 34, 45]);
% time elapsed: 8.19 s
----------
%%%mzn-stat: initTime=0.008511493
%%%mzn-stat: objective=296
%%%mzn-stat: nodes=2837
%%%mzn-stat: restarts=0
%%%mzn-stat: peakDepth=430
%%%mzn-stat: solveTime=0.025113998
%%%mzn-stat: variables=830
%%%mzn-stat: propagators=590
%%%mzn-stat: failures=18
%%%mzn-stat: propagations=8756
%%%mzn-stat: nogoods=18
%%%mzn-stat: numAtomicConstraintsPropagated=0
%%%mzn-stat: allDifferentNumber1PropagationsTotal=543
%%%mzn-stat: allDifferentNumber1PropagationsThatFoundConflict=0
%%%mzn-stat: allDifferentNumber1PropagationsThatPruned=281
%%%mzn-stat: allDifferentNumber1TotalValuesPruned=1560
%%%mzn-stat: allDifferentNumber1TotalHallSetSizeConflict=0
%%%mzn-stat: allDifferentNumber1NumberOfConflicts=0
%%%mzn-stat: allDifferentNumber1MaxHallSetSizeConflict=0
%%%mzn-stat: allDifferentNumber1TotalPruningHallSetSize=4535
%%%mzn-stat: allDifferentNumber1NumberOfPruningExplanations=1560
%%%mzn-stat: allDifferentNumber1MaxPruningHallSetSize=46
%%%mzn-stat: allDifferentNumber1TotalFixedEdgesAtConflict=0
%%%mzn-stat: allDifferentNumber1TotalVarsInvolvedInPruning=1369
%%%mzn-stat: allDifferentNumber1MaxValuesPrunedFromSingleVar=6
%%%mzn-stat: allDifferentNumber1TotalSccSizeAtPruning=1631
%%%mzn-stat: allDifferentNumber1NumberOfSccPruningCalls=281
%%%mzn-stat: circuitNumber2PropagationsThatFoundConflict=18
%%%mzn-stat: circuitNumber2TotalFixedEdgesAtConflict=759
%%%mzn-stat: circuitNumber2NumberOfConflicts=18
%%%mzn-stat: circuitNumber2PropagationsThatPruned=26
%%%mzn-stat: circuitNumber2PropagationsTotal=290
%%%mzn-stat: AverageConflictSize=16.055555555555557
%%%mzn-stat: NumUnitNogoodsLearned=0
%%%mzn-stat: AverageLearnedNogoodLength=25.5
%%%mzn-stat: AverageBacktrackAmount=0
%%%mzn-stat: AverageLbd=14.444444444444445
%%%mzn-stat: 2AutonomousSearchNumBackupCalled=2584
%%%mzn-stat: 2AutonomousSearchNumPredicatesRemoved=0
%%%mzn-stat: 2AutonomousSearchNumCalls=2591
%%%mzn-stat: 2AutonomousSearchNumPredicatesAdded=879
%%%mzn-stat: 2AutonomousSearchAverageSizeOfHeap=1.0852952527981474
%%%mzn-stat: 2AutonomousSearchNumAssignedPredicatesEncountered=2812
%%%mzn-stat-end
maxleg = 296;
succ = array1d(1..50,[2, 11, 5, 7, 12, 3, 16, 6, 14, 17, 15, 26, 4, 20, 21, 19, 18, 8, 22, 27, 23, 30, 33, 9, 10, 36, 35, 25, 13, 24, 41, 28, 37, 29, 1, 48, 31, 46, 32, 47, 50, 44, 34, 43, 38, 49, 39, 42, 40, 45]);
% time elapsed: 8.19 s
----------
%%%mzn-stat: initTime=0.008511493
%%%mzn-stat: objective=277
%%%mzn-stat: nodes=3205
%%%mzn-stat: restarts=0
%%%mzn-stat: peakDepth=430
%%%mzn-stat: solveTime=0.028114241
%%%mzn-stat: variables=830
%%%mzn-stat: propagators=590
%%%mzn-stat: failures=19
%%%mzn-stat: propagations=9843
%%%mzn-stat: nogoods=19
%%%mzn-stat: numAtomicConstraintsPropagated=0
%%%mzn-stat: allDifferentNumber1PropagationsTotal=607
%%%mzn-stat: allDifferentNumber1PropagationsThatFoundConflict=0
%%%mzn-stat: allDifferentNumber1PropagationsThatPruned=316
%%%mzn-stat: allDifferentNumber1TotalValuesPruned=1755
%%%mzn-stat: allDifferentNumber1TotalHallSetSizeConflict=0
%%%mzn-stat: allDifferentNumber1NumberOfConflicts=0
%%%mzn-stat: allDifferentNumber1MaxHallSetSizeConflict=0
%%%mzn-stat: allDifferentNumber1TotalPruningHallSetSize=5449
%%%mzn-stat: allDifferentNumber1NumberOfPruningExplanations=1755
%%%mzn-stat: allDifferentNumber1MaxPruningHallSetSize=46
%%%mzn-stat: allDifferentNumber1TotalFixedEdgesAtConflict=0
%%%mzn-stat: allDifferentNumber1TotalVarsInvolvedInPruning=1537
%%%mzn-stat: allDifferentNumber1MaxValuesPrunedFromSingleVar=6
%%%mzn-stat: allDifferentNumber1TotalSccSizeAtPruning=1980
%%%mzn-stat: allDifferentNumber1NumberOfSccPruningCalls=316
%%%mzn-stat: circuitNumber2PropagationsThatFoundConflict=19
%%%mzn-stat: circuitNumber2TotalFixedEdgesAtConflict=809
%%%mzn-stat: circuitNumber2NumberOfConflicts=19
%%%mzn-stat: circuitNumber2PropagationsThatPruned=31
%%%mzn-stat: circuitNumber2PropagationsTotal=325
%%%mzn-stat: AverageConflictSize=16.789473684210527
%%%mzn-stat: NumUnitNogoodsLearned=0
%%%mzn-stat: AverageLearnedNogoodLength=25.94736842105263
%%%mzn-stat: AverageBacktrackAmount=0
%%%mzn-stat: AverageLbd=14.68421052631579
%%%mzn-stat: 2AutonomousSearchNumBackupCalled=2924
%%%mzn-stat: 2AutonomousSearchNumPredicatesRemoved=0
%%%mzn-stat: 2AutonomousSearchNumCalls=2932
%%%mzn-stat: 2AutonomousSearchNumPredicatesAdded=933
%%%mzn-stat: 2AutonomousSearchAverageSizeOfHeap=1.1336971350613916
%%%mzn-stat: 2AutonomousSearchNumAssignedPredicatesEncountered=3324
%%%mzn-stat-end
maxleg = 277;
succ = array1d(1..50,[2, 11, 5, 7, 12, 3, 16, 6, 14, 17, 15, 26, 4, 20, 21, 19, 18, 8, 22, 27, 23, 30, 33, 9, 10, 36, 35, 25, 13, 24, 41, 28, 37, 29, 1, 48, 31, 46, 32, 49, 50, 44, 47, 40, 38, 43, 39, 42, 34, 45]);
% time elapsed: 8.19 s
----------
==========
% time elapsed: 8.19 s
%%%mzn-stat: initTime=0.008511493
%%%mzn-stat: objective=277
%%%mzn-stat: nodes=3205
%%%mzn-stat: restarts=0
%%%mzn-stat: peakDepth=430
%%%mzn-stat: solveTime=0.028380556
%%%mzn-stat: variables=830
%%%mzn-stat: propagators=590
%%%mzn-stat: failures=20
%%%mzn-stat: propagations=9971
%%%mzn-stat: nogoods=20
%%%mzn-stat: numAtomicConstraintsPropagated=0
%%%mzn-stat: allDifferentNumber1PropagationsTotal=608
%%%mzn-stat: allDifferentNumber1PropagationsThatFoundConflict=0
%%%mzn-stat: allDifferentNumber1PropagationsThatPruned=317
%%%mzn-stat: allDifferentNumber1TotalValuesPruned=1763
%%%mzn-stat: allDifferentNumber1TotalHallSetSizeConflict=0
%%%mzn-stat: allDifferentNumber1NumberOfConflicts=0
%%%mzn-stat: allDifferentNumber1MaxHallSetSizeConflict=0
%%%mzn-stat: allDifferentNumber1TotalPruningHallSetSize=5649
%%%mzn-stat: allDifferentNumber1NumberOfPruningExplanations=1763
%%%mzn-stat: allDifferentNumber1MaxPruningHallSetSize=49
%%%mzn-stat: allDifferentNumber1TotalFixedEdgesAtConflict=0
%%%mzn-stat: allDifferentNumber1TotalVarsInvolvedInPruning=1542
%%%mzn-stat: allDifferentNumber1MaxValuesPrunedFromSingleVar=6
%%%mzn-stat: allDifferentNumber1TotalSccSizeAtPruning=2077
%%%mzn-stat: allDifferentNumber1NumberOfSccPruningCalls=317
%%%mzn-stat: circuitNumber2PropagationsThatFoundConflict=20
%%%mzn-stat: circuitNumber2TotalFixedEdgesAtConflict=811
%%%mzn-stat: circuitNumber2NumberOfConflicts=20
%%%mzn-stat: circuitNumber2PropagationsThatPruned=31
%%%mzn-stat: circuitNumber2PropagationsTotal=326
%%%mzn-stat: AverageConflictSize=16.05
%%%mzn-stat: NumUnitNogoodsLearned=1
%%%mzn-stat: AverageLearnedNogoodLength=24.7
%%%mzn-stat: AverageBacktrackAmount=0
%%%mzn-stat: AverageLbd=14
%%%mzn-stat: 2AutonomousSearchNumBackupCalled=2924
%%%mzn-stat: 2AutonomousSearchNumPredicatesRemoved=0
%%%mzn-stat: 2AutonomousSearchNumCalls=2932
%%%mzn-stat: 2AutonomousSearchNumPredicatesAdded=1153
%%%mzn-stat: 2AutonomousSearchAverageSizeOfHeap=1.1336971350613916
%%%mzn-stat: 2AutonomousSearchNumAssignedPredicatesEncountered=3324
%%%mzn-stat-end
