% Logging successfully configured
%%%mzn-stat: initTime=0.031967735
%%%mzn-stat: objective=887
%%%mzn-stat: nodes=260
%%%mzn-stat: restarts=0
%%%mzn-stat: peakDepth=257
%%%mzn-stat: solveTime=0.000919018
%%%mzn-stat: variables=521
%%%mzn-stat: propagators=555
%%%mzn-stat: failures=3
%%%mzn-stat: propagations=1964
%%%mzn-stat: nogoods=3
%%%mzn-stat: numAtomicConstraintsPropagated=0
%%%mzn-stat: circuitNumber191PropagationsThatFoundConflict=0
%%%mzn-stat: circuitNumber191TotalFixedEdgesAtConflict=0
%%%mzn-stat: circuitNumber191NumberOfConflicts=0
%%%mzn-stat: circuitNumber191PropagationsThatPruned=2
%%%mzn-stat: circuitNumber191PropagationsTotal=19
%%%mzn-stat: AverageConflictSize=2
%%%mzn-stat: NumUnitNogoodsLearned=0
%%%mzn-stat: AverageLearnedNogoodLength=7.666666666666667
%%%mzn-stat: AverageBacktrackAmount=0
%%%mzn-stat: AverageLbd=7
%%%mzn-stat: 2AutonomousSearchNumBackupCalled=241
%%%mzn-stat: 2AutonomousSearchNumPredicatesRemoved=0
%%%mzn-stat: 2AutonomousSearchNumCalls=242
%%%mzn-stat: 2AutonomousSearchNumPredicatesAdded=69
%%%mzn-stat: 2AutonomousSearchAverageSizeOfHeap=0.28512396694214875
%%%mzn-stat: 2AutonomousSearchNumAssignedPredicatesEncountered=69
%%%mzn-stat-end
maxleg = 887;
succ = array1d(1..20,[2, 3, 4, 5, 6, 7, 9, 1, 10, 11, 13, 8, 14, 16, 17, 19, 18, 20, 15, 12]);
% time elapsed: 12.12 s
----------
%%%mzn-stat: initTime=0.031967735
%%%mzn-stat: objective=737
%%%mzn-stat: nodes=501
%%%mzn-stat: restarts=0
%%%mzn-stat: peakDepth=257
%%%mzn-stat: solveTime=0.001292671
%%%mzn-stat: variables=521
%%%mzn-stat: propagators=555
%%%mzn-stat: failures=4
%%%mzn-stat: propagations=2962
%%%mzn-stat: nogoods=4
%%%mzn-stat: numAtomicConstraintsPropagated=0
%%%mzn-stat: circuitNumber191PropagationsThatFoundConflict=0
%%%mzn-stat: circuitNumber191TotalFixedEdgesAtConflict=0
%%%mzn-stat: circuitNumber191NumberOfConflicts=0
%%%mzn-stat: circuitNumber191PropagationsThatPruned=2
%%%mzn-stat: circuitNumber191PropagationsTotal=36
%%%mzn-stat: AverageConflictSize=2
%%%mzn-stat: NumUnitNogoodsLearned=0
%%%mzn-stat: AverageLearnedNogoodLength=9.75
%%%mzn-stat: AverageBacktrackAmount=0
%%%mzn-stat: AverageLbd=7
%%%mzn-stat: 2AutonomousSearchNumBackupCalled=463
%%%mzn-stat: 2AutonomousSearchNumPredicatesRemoved=0
%%%mzn-stat: 2AutonomousSearchNumCalls=465
%%%mzn-stat: 2AutonomousSearchNumPredicatesAdded=117
%%%mzn-stat: 2AutonomousSearchAverageSizeOfHeap=0.35698924731182796
%%%mzn-stat: 2AutonomousSearchNumAssignedPredicatesEncountered=166
%%%mzn-stat-end
maxleg = 737;
succ = array1d(1..20,[2, 3, 4, 5, 8, 7, 1, 12, 6, 9, 10, 13, 14, 16, 17, 19, 18, 20, 15, 11]);
% time elapsed: 12.12 s
----------
%%%mzn-stat: initTime=0.031967735
%%%mzn-stat: objective=728
%%%mzn-stat: nodes=763
%%%mzn-stat: restarts=0
%%%mzn-stat: peakDepth=263
%%%mzn-stat: solveTime=0.001560603
%%%mzn-stat: variables=521
%%%mzn-stat: propagators=555
%%%mzn-stat: failures=4
%%%mzn-stat: propagations=3911
%%%mzn-stat: nogoods=4
%%%mzn-stat: numAtomicConstraintsPropagated=0
%%%mzn-stat: circuitNumber191PropagationsThatFoundConflict=0
%%%mzn-stat: circuitNumber191TotalFixedEdgesAtConflict=0
%%%mzn-stat: circuitNumber191NumberOfConflicts=0
%%%mzn-stat: circuitNumber191PropagationsThatPruned=2
%%%mzn-stat: circuitNumber191PropagationsTotal=53
%%%mzn-stat: AverageConflictSize=2
%%%mzn-stat: NumUnitNogoodsLearned=0
%%%mzn-stat: AverageLearnedNogoodLength=9.75
%%%mzn-stat: AverageBacktrackAmount=0
%%%mzn-stat: AverageLbd=7
%%%mzn-stat: 2AutonomousSearchNumBackupCalled=707
%%%mzn-stat: 2AutonomousSearchNumPredicatesRemoved=0
%%%mzn-stat: 2AutonomousSearchNumCalls=710
%%%mzn-stat: 2AutonomousSearchNumPredicatesAdded=117
%%%mzn-stat: 2AutonomousSearchAverageSizeOfHeap=0.3704225352112676
%%%mzn-stat: 2AutonomousSearchNumAssignedPredicatesEncountered=263
%%%mzn-stat-end
maxleg = 728;
succ = array1d(1..20,[2, 3, 4, 8, 12, 7, 1, 5, 6, 9, 10, 13, 14, 16, 17, 19, 18, 20, 15, 11]);
% time elapsed: 12.12 s
----------
%%%mzn-stat: initTime=0.031967735
%%%mzn-stat: objective=673
%%%mzn-stat: nodes=995
%%%mzn-stat: restarts=0
%%%mzn-stat: peakDepth=263
%%%mzn-stat: solveTime=0.001979996
%%%mzn-stat: variables=521
%%%mzn-stat: propagators=555
%%%mzn-stat: failures=6
%%%mzn-stat: propagations=5006
%%%mzn-stat: nogoods=6
%%%mzn-stat: numAtomicConstraintsPropagated=0
%%%mzn-stat: circuitNumber191PropagationsThatFoundConflict=0
%%%mzn-stat: circuitNumber191TotalFixedEdgesAtConflict=0
%%%mzn-stat: circuitNumber191NumberOfConflicts=0
%%%mzn-stat: circuitNumber191PropagationsThatPruned=2
%%%mzn-stat: circuitNumber191PropagationsTotal=71
%%%mzn-stat: AverageConflictSize=2
%%%mzn-stat: NumUnitNogoodsLearned=0
%%%mzn-stat: AverageLearnedNogoodLength=12.166666666666666
%%%mzn-stat: AverageBacktrackAmount=0
%%%mzn-stat: AverageLbd=8.5
%%%mzn-stat: 2AutonomousSearchNumBackupCalled=919
%%%mzn-stat: 2AutonomousSearchNumPredicatesRemoved=0
%%%mzn-stat: 2AutonomousSearchNumCalls=923
%%%mzn-stat: 2AutonomousSearchNumPredicatesAdded=211
%%%mzn-stat: 2AutonomousSearchAverageSizeOfHeap=0.419284940411701
%%%mzn-stat: 2AutonomousSearchNumAssignedPredicatesEncountered=387
%%%mzn-stat-end
maxleg = 673;
succ = array1d(1..20,[2, 3, 4, 8, 12, 7, 1, 13, 6, 9, 10, 14, 15, 16, 19, 17, 18, 20, 5, 11]);
% time elapsed: 12.12 s
----------
%%%mzn-stat: initTime=0.031967735
%%%mzn-stat: objective=641
%%%mzn-stat: nodes=1230
%%%mzn-stat: restarts=0
%%%mzn-stat: peakDepth=263
%%%mzn-stat: solveTime=0.002461494
%%%mzn-stat: variables=521
%%%mzn-stat: propagators=555
%%%mzn-stat: failures=9
%%%mzn-stat: propagations=6229
%%%mzn-stat: nogoods=9
%%%mzn-stat: numAtomicConstraintsPropagated=0
%%%mzn-stat: circuitNumber191PropagationsThatFoundConflict=0
%%%mzn-stat: circuitNumber191TotalFixedEdgesAtConflict=0
%%%mzn-stat: circuitNumber191NumberOfConflicts=0
%%%mzn-stat: circuitNumber191PropagationsThatPruned=4
%%%mzn-stat: circuitNumber191PropagationsTotal=90
%%%mzn-stat: AverageConflictSize=2
%%%mzn-stat: NumUnitNogoodsLearned=0
%%%mzn-stat: AverageLearnedNogoodLength=14.333333333333334
%%%mzn-stat: AverageBacktrackAmount=0
%%%mzn-stat: AverageLbd=8.777777777777779
%%%mzn-stat: 2AutonomousSearchNumBackupCalled=1135
%%%mzn-stat: 2AutonomousSearchNumPredicatesRemoved=0
%%%mzn-stat: 2AutonomousSearchNumCalls=1140
%%%mzn-stat: 2AutonomousSearchNumPredicatesAdded=333
%%%mzn-stat: 2AutonomousSearchAverageSizeOfHeap=0.48771929824561405
%%%mzn-stat: 2AutonomousSearchNumAssignedPredicatesEncountered=556
%%%mzn-stat-end
maxleg = 641;
succ = array1d(1..20,[2, 3, 4, 8, 12, 7, 1, 13, 6, 9, 10, 14, 16, 20, 5, 19, 11, 17, 15, 18]);
% time elapsed: 12.12 s
----------
%%%mzn-stat: initTime=0.031967735
%%%mzn-stat: objective=614
%%%mzn-stat: nodes=1459
%%%mzn-stat: restarts=0
%%%mzn-stat: peakDepth=263
%%%mzn-stat: solveTime=0.002810674
%%%mzn-stat: variables=521
%%%mzn-stat: propagators=555
%%%mzn-stat: failures=10
%%%mzn-stat: propagations=7327
%%%mzn-stat: nogoods=10
%%%mzn-stat: numAtomicConstraintsPropagated=0
%%%mzn-stat: circuitNumber191PropagationsThatFoundConflict=0
%%%mzn-stat: circuitNumber191TotalFixedEdgesAtConflict=0
%%%mzn-stat: circuitNumber191NumberOfConflicts=0
%%%mzn-stat: circuitNumber191PropagationsThatPruned=6
%%%mzn-stat: circuitNumber191PropagationsTotal=108
%%%mzn-stat: AverageConflictSize=2
%%%mzn-stat: NumUnitNogoodsLearned=0
%%%mzn-stat: AverageLearnedNogoodLength=15.5
%%%mzn-stat: AverageBacktrackAmount=0
%%%mzn-stat: AverageLbd=9.1
%%%mzn-stat: 2AutonomousSearchNumBackupCalled=1347
%%%mzn-stat: 2AutonomousSearchNumPredicatesRemoved=0
%%%mzn-stat: 2AutonomousSearchNumCalls=1353
%%%mzn-stat: 2AutonomousSearchNumPredicatesAdded=430
%%%mzn-stat: 2AutonomousSearchAverageSizeOfHeap=0.5373244641537325
%%%mzn-stat: 2AutonomousSearchNumAssignedPredicatesEncountered=727
%%%mzn-stat-end
maxleg = 614;
succ = array1d(1..20,[2, 3, 4, 8, 14, 7, 1, 12, 6, 9, 10, 13, 16, 20, 5, 19, 11, 17, 15, 18]);
% time elapsed: 12.12 s
----------
%%%mzn-stat: initTime=0.031967735
%%%mzn-stat: objective=586
%%%mzn-stat: nodes=1658
%%%mzn-stat: restarts=0
%%%mzn-stat: peakDepth=263
%%%mzn-stat: solveTime=0.00307663
%%%mzn-stat: variables=521
%%%mzn-stat: propagators=555
%%%mzn-stat: failures=10
%%%mzn-stat: propagations=8307
%%%mzn-stat: nogoods=10
%%%mzn-stat: numAtomicConstraintsPropagated=0
%%%mzn-stat: circuitNumber191PropagationsThatFoundConflict=0
%%%mzn-stat: circuitNumber191TotalFixedEdgesAtConflict=0
%%%mzn-stat: circuitNumber191NumberOfConflicts=0
%%%mzn-stat: circuitNumber191PropagationsThatPruned=7
%%%mzn-stat: circuitNumber191PropagationsTotal=125
%%%mzn-stat: AverageConflictSize=2
%%%mzn-stat: NumUnitNogoodsLearned=0
%%%mzn-stat: AverageLearnedNogoodLength=15.5
%%%mzn-stat: AverageBacktrackAmount=0
%%%mzn-stat: AverageLbd=9.1
%%%mzn-stat: 2AutonomousSearchNumBackupCalled=1529
%%%mzn-stat: 2AutonomousSearchNumPredicatesRemoved=0
%%%mzn-stat: 2AutonomousSearchNumCalls=1536
%%%mzn-stat: 2AutonomousSearchNumPredicatesAdded=430
%%%mzn-stat: 2AutonomousSearchAverageSizeOfHeap=0.5846354166666666
%%%mzn-stat: 2AutonomousSearchNumAssignedPredicatesEncountered=898
%%%mzn-stat-end
maxleg = 586;
succ = array1d(1..20,[2, 3, 4, 8, 15, 7, 1, 12, 6, 9, 10, 13, 14, 16, 17, 19, 18, 20, 5, 11]);
% time elapsed: 12.12 s
----------
%%%mzn-stat: initTime=0.031967735
%%%mzn-stat: objective=583
%%%mzn-stat: nodes=1858
%%%mzn-stat: restarts=0
%%%mzn-stat: peakDepth=263
%%%mzn-stat: solveTime=0.003330373
%%%mzn-stat: variables=521
%%%mzn-stat: propagators=555
%%%mzn-stat: failures=10
%%%mzn-stat: propagations=9304
%%%mzn-stat: nogoods=10
%%%mzn-stat: numAtomicConstraintsPropagated=0
%%%mzn-stat: circuitNumber191PropagationsThatFoundConflict=0
%%%mzn-stat: circuitNumber191TotalFixedEdgesAtConflict=0
%%%mzn-stat: circuitNumber191NumberOfConflicts=0
%%%mzn-stat: circuitNumber191PropagationsThatPruned=8
%%%mzn-stat: circuitNumber191PropagationsTotal=142
%%%mzn-stat: AverageConflictSize=2
%%%mzn-stat: NumUnitNogoodsLearned=0
%%%mzn-stat: AverageLearnedNogoodLength=15.5
%%%mzn-stat: AverageBacktrackAmount=0
%%%mzn-stat: AverageLbd=9.1
%%%mzn-stat: 2AutonomousSearchNumBackupCalled=1712
%%%mzn-stat: 2AutonomousSearchNumPredicatesRemoved=0
%%%mzn-stat: 2AutonomousSearchNumCalls=1720
%%%mzn-stat: 2AutonomousSearchNumPredicatesAdded=430
%%%mzn-stat: 2AutonomousSearchAverageSizeOfHeap=0.6215116279069768
%%%mzn-stat: 2AutonomousSearchNumAssignedPredicatesEncountered=1069
%%%mzn-stat-end
maxleg = 583;
succ = array1d(1..20,[2, 3, 4, 8, 15, 7, 1, 12, 10, 6, 9, 13, 14, 16, 17, 19, 18, 20, 5, 11]);
% time elapsed: 12.12 s
----------
%%%mzn-stat: initTime=0.031967735
%%%mzn-stat: objective=583
%%%mzn-stat: nodes=4660714
%%%mzn-stat: restarts=0
%%%mzn-stat: peakDepth=263
%%%mzn-stat: solveTime=1788.02628522
%%%mzn-stat: variables=521
%%%mzn-stat: propagators=555
%%%mzn-stat: failures=4650416
%%%mzn-stat: propagations=498490829
%%%mzn-stat: nogoods=4650416
%%%mzn-stat: numAtomicConstraintsPropagated=0
%%%mzn-stat: circuitNumber191PropagationsThatFoundConflict=10818
%%%mzn-stat: circuitNumber191TotalFixedEdgesAtConflict=169403
%%%mzn-stat: circuitNumber191NumberOfConflicts=10818
%%%mzn-stat: circuitNumber191PropagationsThatPruned=624571
%%%mzn-stat: circuitNumber191PropagationsTotal=4270155
%%%mzn-stat: AverageConflictSize=13.313435830256907
%%%mzn-stat: NumUnitNogoodsLearned=0
%%%mzn-stat: AverageLearnedNogoodLength=35.56909166835827
%%%mzn-stat: AverageBacktrackAmount=0
%%%mzn-stat: AverageLbd=11.057304335784153
%%%mzn-stat: 2AutonomousSearchNumBackupCalled=1712
%%%mzn-stat: 2AutonomousSearchNumPredicatesRemoved=0
%%%mzn-stat: 2AutonomousSearchNumCalls=1720
%%%mzn-stat: 2AutonomousSearchNumPredicatesAdded=1294
%%%mzn-stat: 2AutonomousSearchAverageSizeOfHeap=0.6215116279069768
%%%mzn-stat: 2AutonomousSearchNumAssignedPredicatesEncountered=1069
%%%mzn-stat-end
