% Logging successfully configured
%%%mzn-stat: initTime=0.164362793
%%%mzn-stat: objective=824
%%%mzn-stat: nodes=894
%%%mzn-stat: restarts=0
%%%mzn-stat: peakDepth=142
%%%mzn-stat: solveTime=0.01425604
%%%mzn-stat: variables=302
%%%mzn-stat: propagators=201
%%%mzn-stat: failures=334
%%%mzn-stat: propagations=9024
%%%mzn-stat: nogoods=334
%%%mzn-stat: numAtomicConstraintsPropagated=0
%%%mzn-stat: allDifferentNumber1TotalHallSetSize=1730
%%%mzn-stat: allDifferentNumber1NumberOfConflicts=303
%%%mzn-stat: allDifferentNumber1MaxHallSetSize=20
%%%mzn-stat: allDifferentNumber1PropagationsTotal=1672
%%%mzn-stat: allDifferentNumber1PropagationsThatFoundConflict=303
%%%mzn-stat: circuitNumber2PropagationsThatFoundConflict=25
%%%mzn-stat: circuitNumber2TotalFixedEdgesAtConflict=393
%%%mzn-stat: circuitNumber2NumberOfConflicts=25
%%%mzn-stat: circuitNumber2PropagationsThatPruned=125
%%%mzn-stat: circuitNumber2PropagationsTotal=915
%%%mzn-stat: AverageConflictSize=5.706586826347305
%%%mzn-stat: NumUnitNogoodsLearned=0
%%%mzn-stat: AverageLearnedNogoodLength=7.808383233532934
%%%mzn-stat: AverageBacktrackAmount=0
%%%mzn-stat: AverageLbd=6.75748502994012
%%%mzn-stat: 2AutonomousSearchNumBackupCalled=126
%%%mzn-stat: 2AutonomousSearchNumPredicatesRemoved=0
%%%mzn-stat: 2AutonomousSearchNumCalls=127
%%%mzn-stat: 2AutonomousSearchNumPredicatesAdded=274
%%%mzn-stat: 2AutonomousSearchAverageSizeOfHeap=2.15748031496063
%%%mzn-stat: 2AutonomousSearchNumAssignedPredicatesEncountered=274
%%%mzn-stat-end
maxleg = 824;
succ = array1d(1..20,[2, 4, 1, 5, 9, 7, 3, 20, 19, 6, 15, 8, 12, 16, 18, 13, 11, 14, 17, 10]);
% time elapsed: 5.04 s
----------
%%%mzn-stat: initTime=0.164362793
%%%mzn-stat: objective=658
%%%mzn-stat: nodes=1173
%%%mzn-stat: restarts=0
%%%mzn-stat: peakDepth=142
%%%mzn-stat: solveTime=0.016794163
%%%mzn-stat: variables=302
%%%mzn-stat: propagators=201
%%%mzn-stat: failures=381
%%%mzn-stat: propagations=10671
%%%mzn-stat: nogoods=381
%%%mzn-stat: numAtomicConstraintsPropagated=0
%%%mzn-stat: allDifferentNumber1TotalHallSetSize=1906
%%%mzn-stat: allDifferentNumber1NumberOfConflicts=350
%%%mzn-stat: allDifferentNumber1MaxHallSetSize=20
%%%mzn-stat: allDifferentNumber1PropagationsTotal=1980
%%%mzn-stat: allDifferentNumber1PropagationsThatFoundConflict=350
%%%mzn-stat: circuitNumber2PropagationsThatFoundConflict=25
%%%mzn-stat: circuitNumber2TotalFixedEdgesAtConflict=393
%%%mzn-stat: circuitNumber2NumberOfConflicts=25
%%%mzn-stat: circuitNumber2PropagationsThatPruned=143
%%%mzn-stat: circuitNumber2PropagationsTotal=1067
%%%mzn-stat: AverageConflictSize=5.5984251968503935
%%%mzn-stat: NumUnitNogoodsLearned=0
%%%mzn-stat: AverageLearnedNogoodLength=7.509186351706036
%%%mzn-stat: AverageBacktrackAmount=0
%%%mzn-stat: AverageLbd=6.511811023622047
%%%mzn-stat: 2AutonomousSearchNumBackupCalled=248
%%%mzn-stat: 2AutonomousSearchNumPredicatesRemoved=0
%%%mzn-stat: 2AutonomousSearchNumCalls=250
%%%mzn-stat: 2AutonomousSearchNumPredicatesAdded=471
%%%mzn-stat: 2AutonomousSearchAverageSizeOfHeap=2.44
%%%mzn-stat: 2AutonomousSearchNumAssignedPredicatesEncountered=610
%%%mzn-stat-end
maxleg = 658;
succ = array1d(1..20,[2, 6, 1, 5, 9, 7, 10, 12, 18, 20, 4, 3, 8, 16, 17, 13, 19, 14, 11, 15]);
% time elapsed: 5.04 s
----------
%%%mzn-stat: initTime=0.164362793
%%%mzn-stat: objective=626
%%%mzn-stat: nodes=1316
%%%mzn-stat: restarts=0
%%%mzn-stat: peakDepth=142
%%%mzn-stat: solveTime=0.017129078
%%%mzn-stat: variables=302
%%%mzn-stat: propagators=201
%%%mzn-stat: failures=384
%%%mzn-stat: propagations=11110
%%%mzn-stat: nogoods=384
%%%mzn-stat: numAtomicConstraintsPropagated=0
%%%mzn-stat: allDifferentNumber1TotalHallSetSize=1917
%%%mzn-stat: allDifferentNumber1NumberOfConflicts=353
%%%mzn-stat: allDifferentNumber1MaxHallSetSize=20
%%%mzn-stat: allDifferentNumber1PropagationsTotal=2017
%%%mzn-stat: allDifferentNumber1PropagationsThatFoundConflict=353
%%%mzn-stat: circuitNumber2PropagationsThatFoundConflict=25
%%%mzn-stat: circuitNumber2TotalFixedEdgesAtConflict=393
%%%mzn-stat: circuitNumber2NumberOfConflicts=25
%%%mzn-stat: circuitNumber2PropagationsThatPruned=144
%%%mzn-stat: circuitNumber2PropagationsTotal=1086
%%%mzn-stat: AverageConflictSize=5.59375
%%%mzn-stat: NumUnitNogoodsLearned=0
%%%mzn-stat: AverageLearnedNogoodLength=7.505208333333333
%%%mzn-stat: AverageBacktrackAmount=0
%%%mzn-stat: AverageLbd=6.4921875
%%%mzn-stat: 2AutonomousSearchNumBackupCalled=369
%%%mzn-stat: 2AutonomousSearchNumPredicatesRemoved=0
%%%mzn-stat: 2AutonomousSearchNumCalls=372
%%%mzn-stat: 2AutonomousSearchNumPredicatesAdded=529
%%%mzn-stat: 2AutonomousSearchAverageSizeOfHeap=2.545698924731183
%%%mzn-stat: 2AutonomousSearchNumAssignedPredicatesEncountered=947
%%%mzn-stat-end
maxleg = 626;
succ = array1d(1..20,[2, 6, 1, 5, 9, 7, 10, 12, 18, 20, 4, 13, 3, 8, 17, 14, 19, 16, 11, 15]);
% time elapsed: 5.04 s
----------
%%%mzn-stat: initTime=0.164362793
%%%mzn-stat: objective=546
%%%mzn-stat: nodes=1495
%%%mzn-stat: restarts=0
%%%mzn-stat: peakDepth=142
%%%mzn-stat: solveTime=0.018204876
%%%mzn-stat: variables=302
%%%mzn-stat: propagators=201
%%%mzn-stat: failures=399
%%%mzn-stat: propagations=12076
%%%mzn-stat: nogoods=399
%%%mzn-stat: numAtomicConstraintsPropagated=0
%%%mzn-stat: allDifferentNumber1TotalHallSetSize=1973
%%%mzn-stat: allDifferentNumber1NumberOfConflicts=368
%%%mzn-stat: allDifferentNumber1MaxHallSetSize=20
%%%mzn-stat: allDifferentNumber1PropagationsTotal=2156
%%%mzn-stat: allDifferentNumber1PropagationsThatFoundConflict=368
%%%mzn-stat: circuitNumber2PropagationsThatFoundConflict=25
%%%mzn-stat: circuitNumber2TotalFixedEdgesAtConflict=393
%%%mzn-stat: circuitNumber2NumberOfConflicts=25
%%%mzn-stat: circuitNumber2PropagationsThatPruned=152
%%%mzn-stat: circuitNumber2PropagationsTotal=1157
%%%mzn-stat: AverageConflictSize=5.56140350877193
%%%mzn-stat: NumUnitNogoodsLearned=0
%%%mzn-stat: AverageLearnedNogoodLength=7.473684210526316
%%%mzn-stat: AverageBacktrackAmount=0
%%%mzn-stat: AverageLbd=6.4335839598997495
%%%mzn-stat: 2AutonomousSearchNumBackupCalled=477
%%%mzn-stat: 2AutonomousSearchNumPredicatesRemoved=0
%%%mzn-stat: 2AutonomousSearchNumCalls=481
%%%mzn-stat: 2AutonomousSearchNumPredicatesAdded=671
%%%mzn-stat: 2AutonomousSearchAverageSizeOfHeap=2.683991683991684
%%%mzn-stat: 2AutonomousSearchNumAssignedPredicatesEncountered=1291
%%%mzn-stat-end
maxleg = 546;
succ = array1d(1..20,[2, 6, 7, 5, 9, 10, 1, 12, 18, 20, 4, 13, 3, 8, 17, 14, 19, 16, 11, 15]);
% time elapsed: 5.04 s
----------
%%%mzn-stat: initTime=0.164362793
%%%mzn-stat: objective=513
%%%mzn-stat: nodes=1619
%%%mzn-stat: restarts=0
%%%mzn-stat: peakDepth=142
%%%mzn-stat: solveTime=0.018433153
%%%mzn-stat: variables=302
%%%mzn-stat: propagators=201
%%%mzn-stat: failures=399
%%%mzn-stat: propagations=12459
%%%mzn-stat: nogoods=399
%%%mzn-stat: numAtomicConstraintsPropagated=0
%%%mzn-stat: allDifferentNumber1TotalHallSetSize=1973
%%%mzn-stat: allDifferentNumber1NumberOfConflicts=368
%%%mzn-stat: allDifferentNumber1MaxHallSetSize=20
%%%mzn-stat: allDifferentNumber1PropagationsTotal=2182
%%%mzn-stat: allDifferentNumber1PropagationsThatFoundConflict=368
%%%mzn-stat: circuitNumber2PropagationsThatFoundConflict=25
%%%mzn-stat: circuitNumber2TotalFixedEdgesAtConflict=393
%%%mzn-stat: circuitNumber2NumberOfConflicts=25
%%%mzn-stat: circuitNumber2PropagationsThatPruned=155
%%%mzn-stat: circuitNumber2PropagationsTotal=1173
%%%mzn-stat: AverageConflictSize=5.56140350877193
%%%mzn-stat: NumUnitNogoodsLearned=0
%%%mzn-stat: AverageLearnedNogoodLength=7.473684210526316
%%%mzn-stat: AverageBacktrackAmount=0
%%%mzn-stat: AverageLbd=6.4335839598997495
%%%mzn-stat: 2AutonomousSearchNumBackupCalled=587
%%%mzn-stat: 2AutonomousSearchNumPredicatesRemoved=0
%%%mzn-stat: 2AutonomousSearchNumCalls=592
%%%mzn-stat: 2AutonomousSearchNumPredicatesAdded=671
%%%mzn-stat: 2AutonomousSearchAverageSizeOfHeap=2.761824324324324
%%%mzn-stat: 2AutonomousSearchNumAssignedPredicatesEncountered=1635
%%%mzn-stat-end
maxleg = 513;
succ = array1d(1..20,[2, 6, 7, 5, 9, 10, 1, 12, 18, 20, 4, 14, 3, 16, 17, 13, 19, 8, 11, 15]);
% time elapsed: 5.04 s
----------
==========
% time elapsed: 5.04 s
%%%mzn-stat: initTime=0.164362793
%%%mzn-stat: objective=513
%%%mzn-stat: nodes=1619
%%%mzn-stat: restarts=0
%%%mzn-stat: peakDepth=142
%%%mzn-stat: solveTime=0.018504994
%%%mzn-stat: variables=302
%%%mzn-stat: propagators=201
%%%mzn-stat: failures=400
%%%mzn-stat: propagations=12517
%%%mzn-stat: nogoods=400
%%%mzn-stat: numAtomicConstraintsPropagated=0
%%%mzn-stat: allDifferentNumber1TotalHallSetSize=1992
%%%mzn-stat: allDifferentNumber1NumberOfConflicts=369
%%%mzn-stat: allDifferentNumber1MaxHallSetSize=20
%%%mzn-stat: allDifferentNumber1PropagationsTotal=2184
%%%mzn-stat: allDifferentNumber1PropagationsThatFoundConflict=369
%%%mzn-stat: circuitNumber2PropagationsThatFoundConflict=25
%%%mzn-stat: circuitNumber2TotalFixedEdgesAtConflict=393
%%%mzn-stat: circuitNumber2NumberOfConflicts=25
%%%mzn-stat: circuitNumber2PropagationsThatPruned=155
%%%mzn-stat: circuitNumber2PropagationsTotal=1174
%%%mzn-stat: AverageConflictSize=5.5825
%%%mzn-stat: NumUnitNogoodsLearned=1
%%%mzn-stat: AverageLearnedNogoodLength=7.4575
%%%mzn-stat: AverageBacktrackAmount=0
%%%mzn-stat: AverageLbd=6.42
%%%mzn-stat: 2AutonomousSearchNumBackupCalled=587
%%%mzn-stat: 2AutonomousSearchNumPredicatesRemoved=0
%%%mzn-stat: 2AutonomousSearchNumCalls=592
%%%mzn-stat: 2AutonomousSearchNumPredicatesAdded=757
%%%mzn-stat: 2AutonomousSearchAverageSizeOfHeap=2.761824324324324
%%%mzn-stat: 2AutonomousSearchNumAssignedPredicatesEncountered=1635
%%%mzn-stat-end
