%%%mzn-stat: initTime=0.029309049
%%%mzn-stat: objective=1122
%%%mzn-stat: nodes=405181
%%%mzn-stat: restarts=345
%%%mzn-stat: peakDepth=636
%%%mzn-stat: solveTime=114.811440531
%%%mzn-stat: variables=1052
%%%mzn-stat: propagators=5714
%%%mzn-stat: failures=273837
%%%mzn-stat: propagations=128044291
%%%mzn-stat: nogoods=273837
%%%mzn-stat: AverageConflictSize=14.677607481823129
%%%mzn-stat: NumUnitNogoodsLearned=175
%%%mzn-stat: AverageLearnedNogoodLength=29.76032457264723
%%%mzn-stat: AverageBacktrackAmount=0
%%%mzn-stat: AverageLbd=13.05798705069074
%%%mzn-stat-end
maxleg = 1122;
succ = array1d(1..100,[21, 22, 91, 83, 99, 54, 45, 61, 6, 4, 15, 5, 37, 85, 86, 3, 42, 79, 62, 31, 60, 35, 90, 7, 38, 66, 97, 32, 84, 75, 82, 71, 16, 67, 43, 72, 56, 52, 13, 2, 73, 87, 12, 49, 34, 51, 25, 24, 39, 65, 64, 8, 9, 48, 17, 88, 41, 33, 53, 57, 20, 47, 23, 69, 100, 11, 50, 95, 81, 10, 89, 29, 96, 28, 80, 44, 18, 14, 59, 78, 68, 27, 92, 46, 40, 76, 98, 94, 63, 93, 19, 55, 77, 70, 30, 26, 36, 74, 1, 58]);
% time elapsed: 116.94 s
----------
%%%mzn-stat: initTime=0.029309049
%%%mzn-stat: objective=811
%%%mzn-stat: nodes=411547
%%%mzn-stat: restarts=357
%%%mzn-stat: peakDepth=636
%%%mzn-stat: solveTime=115.796399816
%%%mzn-stat: variables=1052
%%%mzn-stat: propagators=5714
%%%mzn-stat: failures=276221
%%%mzn-stat: propagations=129214874
%%%mzn-stat: nogoods=276221
%%%mzn-stat: AverageConflictSize=14.647496026732219
%%%mzn-stat: NumUnitNogoodsLearned=175
%%%mzn-stat: AverageLearnedNogoodLength=29.730882155954834
%%%mzn-stat: AverageBacktrackAmount=0
%%%mzn-stat: AverageLbd=13.060404531154402
%%%mzn-stat-end
maxleg = 811;
succ = array1d(1..100,[21, 22, 28, 83, 99, 95, 45, 61, 79, 4, 3, 5, 37, 85, 62, 91, 42, 59, 20, 76, 60, 35, 90, 7, 38, 66, 97, 74, 84, 75, 82, 8, 16, 14, 43, 72, 56, 47, 13, 2, 73, 55, 12, 49, 34, 51, 39, 63, 86, 67, 64, 25, 9, 6, 98, 88, 41, 33, 53, 57, 15, 52, 23, 69, 100, 11, 65, 48, 81, 10, 89, 29, 96, 17, 80, 44, 18, 24, 71, 78, 68, 27, 92, 46, 40, 31, 32, 94, 54, 93, 19, 50, 77, 70, 30, 26, 36, 87, 1, 58]);
% time elapsed: 117.91 s
----------
%%%mzn-stat: initTime=0.029309049
%%%mzn-stat: objective=810
%%%mzn-stat: nodes=423874
%%%mzn-stat: restarts=375
%%%mzn-stat: peakDepth=636
%%%mzn-stat: solveTime=118.119130804
%%%mzn-stat: variables=1052
%%%mzn-stat: propagators=5714
%%%mzn-stat: failures=282057
%%%mzn-stat: propagations=132366845
%%%mzn-stat: nogoods=282057
%%%mzn-stat: AverageConflictSize=14.542663362370018
%%%mzn-stat: NumUnitNogoodsLearned=175
%%%mzn-stat: AverageLearnedNogoodLength=29.627990087110053
%%%mzn-stat: AverageBacktrackAmount=0
%%%mzn-stat: AverageLbd=13.04854692491234
%%%mzn-stat-end
maxleg = 810;
succ = array1d(1..100,[21, 22, 28, 83, 99, 95, 45, 62, 79, 4, 16, 73, 37, 85, 11, 91, 42, 59, 20, 76, 60, 35, 90, 7, 47, 66, 97, 74, 84, 75, 82, 8, 3, 14, 43, 72, 56, 52, 13, 2, 38, 55, 12, 49, 34, 51, 39, 63, 86, 67, 64, 25, 9, 6, 98, 88, 41, 33, 53, 57, 15, 61, 23, 69, 100, 5, 65, 48, 81, 10, 89, 29, 96, 17, 80, 44, 18, 24, 71, 78, 68, 27, 92, 46, 40, 31, 32, 94, 54, 93, 19, 50, 77, 70, 30, 26, 36, 87, 1, 58]);
% time elapsed: 120.25 s
----------
%%%mzn-stat: initTime=0.029309049
%%%mzn-stat: objective=809
%%%mzn-stat: nodes=425052
%%%mzn-stat: restarts=376
%%%mzn-stat: peakDepth=686
%%%mzn-stat: solveTime=118.26983234
%%%mzn-stat: variables=1052
%%%mzn-stat: propagators=5714
%%%mzn-stat: failures=282270
%%%mzn-stat: propagations=132468190
%%%mzn-stat: nogoods=282270
%%%mzn-stat: AverageConflictSize=14.542310553725157
%%%mzn-stat: NumUnitNogoodsLearned=175
%%%mzn-stat: AverageLearnedNogoodLength=29.634116271654797
%%%mzn-stat: AverageBacktrackAmount=0
%%%mzn-stat: AverageLbd=13.04894604456726
%%%mzn-stat-end
maxleg = 809;
succ = array1d(1..100,[21, 22, 28, 83, 99, 95, 45, 62, 79, 4, 16, 73, 37, 85, 11, 91, 42, 59, 20, 76, 60, 35, 90, 7, 47, 66, 97, 74, 84, 75, 82, 8, 3, 14, 43, 72, 56, 52, 13, 2, 38, 55, 12, 49, 34, 51, 39, 63, 86, 67, 64, 25, 9, 6, 98, 88, 41, 33, 53, 57, 15, 61, 23, 69, 100, 5, 65, 48, 81, 10, 89, 29, 96, 17, 80, 44, 18, 24, 71, 78, 68, 27, 92, 46, 40, 31, 32, 94, 54, 93, 19, 50, 77, 70, 30, 26, 36, 87, 1, 58]);
% time elapsed: 120.39 s
----------
%%%mzn-stat: initTime=0.029309049
%%%mzn-stat: objective=808
%%%mzn-stat: nodes=426629
%%%mzn-stat: restarts=377
%%%mzn-stat: peakDepth=686
%%%mzn-stat: solveTime=118.527222351
%%%mzn-stat: variables=1052
%%%mzn-stat: propagators=5714
%%%mzn-stat: failures=282781
%%%mzn-stat: propagations=132679737
%%%mzn-stat: nogoods=282781
%%%mzn-stat: AverageConflictSize=14.544173759906077
%%%mzn-stat: NumUnitNogoodsLearned=175
%%%mzn-stat: AverageLearnedNogoodLength=29.653268783970635
%%%mzn-stat: AverageBacktrackAmount=0
%%%mzn-stat: AverageLbd=13.043065128138029
%%%mzn-stat-end
maxleg = 808;
succ = array1d(1..100,[21, 22, 28, 83, 99, 95, 45, 62, 79, 4, 16, 73, 37, 85, 11, 91, 42, 59, 20, 76, 60, 35, 90, 7, 47, 66, 97, 74, 84, 75, 82, 8, 3, 14, 43, 72, 56, 52, 13, 2, 38, 55, 12, 49, 34, 51, 39, 63, 86, 67, 64, 25, 9, 6, 98, 88, 41, 33, 53, 57, 15, 61, 23, 69, 100, 5, 65, 48, 81, 10, 89, 29, 96, 17, 80, 44, 18, 24, 71, 78, 68, 27, 92, 46, 40, 31, 32, 94, 54, 93, 19, 50, 77, 70, 30, 26, 36, 87, 1, 58]);
% time elapsed: 120.66 s
----------
%%%mzn-stat: initTime=0.029309049
%%%mzn-stat: objective=807
%%%mzn-stat: nodes=427594
%%%mzn-stat: restarts=378
%%%mzn-stat: peakDepth=686
%%%mzn-stat: solveTime=118.58752882900001
%%%mzn-stat: variables=1052
%%%mzn-stat: propagators=5714
%%%mzn-stat: failures=282841
%%%mzn-stat: propagations=132729145
%%%mzn-stat: nogoods=282841
%%%mzn-stat: AverageConflictSize=14.545578611304585
%%%mzn-stat: NumUnitNogoodsLearned=175
%%%mzn-stat: AverageLearnedNogoodLength=29.65603996591725
%%%mzn-stat: AverageBacktrackAmount=0
%%%mzn-stat: AverageLbd=13.04354036366722
%%%mzn-stat-end
maxleg = 807;
succ = array1d(1..100,[21, 22, 28, 83, 99, 95, 45, 62, 79, 4, 16, 73, 37, 85, 11, 91, 42, 59, 20, 76, 60, 35, 90, 7, 47, 66, 97, 74, 84, 75, 82, 8, 3, 14, 43, 72, 56, 52, 13, 2, 38, 55, 12, 49, 34, 51, 39, 63, 86, 67, 64, 25, 9, 6, 98, 88, 41, 33, 53, 57, 15, 61, 23, 69, 100, 5, 65, 48, 81, 10, 89, 29, 96, 17, 80, 44, 18, 24, 71, 78, 68, 27, 92, 46, 40, 31, 32, 94, 54, 93, 19, 50, 77, 70, 30, 26, 36, 87, 1, 58]);
% time elapsed: 120.72 s
----------
%%%mzn-stat: initTime=0.029309049
%%%mzn-stat: objective=806
%%%mzn-stat: nodes=428510
%%%mzn-stat: restarts=379
%%%mzn-stat: peakDepth=686
%%%mzn-stat: solveTime=118.691956255
%%%mzn-stat: variables=1052
%%%mzn-stat: propagators=5714
%%%mzn-stat: failures=283017
%%%mzn-stat: propagations=132817030
%%%mzn-stat: nogoods=283017
%%%mzn-stat: AverageConflictSize=14.548444086397637
%%%mzn-stat: NumUnitNogoodsLearned=175
%%%mzn-stat: AverageLearnedNogoodLength=29.660967362384593
%%%mzn-stat: AverageBacktrackAmount=0
%%%mzn-stat: AverageLbd=13.044018557189144
%%%mzn-stat-end
maxleg = 806;
succ = array1d(1..100,[21, 22, 28, 83, 99, 95, 45, 62, 79, 4, 16, 73, 37, 85, 11, 91, 42, 59, 20, 76, 60, 35, 90, 7, 47, 66, 97, 74, 84, 75, 82, 8, 3, 14, 43, 72, 56, 52, 13, 2, 38, 55, 12, 49, 34, 51, 39, 63, 86, 67, 64, 25, 9, 6, 98, 88, 41, 33, 53, 57, 15, 61, 23, 69, 100, 5, 65, 48, 81, 10, 89, 29, 96, 17, 80, 44, 18, 24, 71, 78, 68, 27, 92, 46, 40, 31, 32, 94, 54, 93, 19, 50, 77, 70, 30, 26, 36, 87, 1, 58]);
% time elapsed: 120.83 s
----------
%%%mzn-stat: initTime=0.029309049
%%%mzn-stat: objective=762
%%%mzn-stat: nodes=432477
%%%mzn-stat: restarts=381
%%%mzn-stat: peakDepth=686
%%%mzn-stat: solveTime=119.459048443
%%%mzn-stat: variables=1052
%%%mzn-stat: propagators=5714
%%%mzn-stat: failures=284901
%%%mzn-stat: propagations=133629564
%%%mzn-stat: nogoods=284901
%%%mzn-stat: AverageConflictSize=14.535617635599735
%%%mzn-stat: NumUnitNogoodsLearned=175
%%%mzn-stat: AverageLearnedNogoodLength=29.656452592303992
%%%mzn-stat: AverageBacktrackAmount=0
%%%mzn-stat: AverageLbd=13.04005601945939
%%%mzn-stat-end
maxleg = 762;
succ = array1d(1..100,[21, 22, 28, 83, 99, 95, 45, 61, 79, 4, 16, 73, 37, 85, 62, 91, 42, 59, 20, 76, 60, 35, 90, 7, 8, 66, 72, 74, 84, 75, 49, 87, 11, 14, 43, 82, 56, 47, 13, 2, 25, 55, 12, 31, 34, 51, 39, 63, 86, 67, 64, 38, 9, 6, 98, 88, 41, 33, 53, 57, 19, 52, 23, 69, 100, 5, 65, 48, 81, 10, 89, 29, 96, 32, 80, 44, 18, 24, 71, 78, 68, 27, 92, 46, 40, 15, 17, 94, 54, 93, 3, 50, 77, 70, 30, 26, 36, 97, 1, 58]);
% time elapsed: 121.60 s
----------
%%%mzn-stat: initTime=0.029309049
%%%mzn-stat: objective=762
%%%mzn-stat: nodes=5827460
%%%mzn-stat: restarts=11282
%%%mzn-stat: peakDepth=686
%%%mzn-stat: solveTime=1797.888523213
%%%mzn-stat: variables=1052
%%%mzn-stat: propagators=5714
%%%mzn-stat: failures=3636212
%%%mzn-stat: propagations=1549766303
%%%mzn-stat: nogoods=3636212
%%%mzn-stat: AverageConflictSize=14.603210153863417
%%%mzn-stat: NumUnitNogoodsLearned=175
%%%mzn-stat: AverageLearnedNogoodLength=28.094410611922516
%%%mzn-stat: AverageBacktrackAmount=0
%%%mzn-stat: AverageLbd=12.782572908290275
%%%mzn-stat-end
