% Logging successfully configured
%%%mzn-stat: initTime=0.15227175
%%%mzn-stat: objective=937
%%%mzn-stat: nodes=327200
%%%mzn-stat: restarts=0
%%%mzn-stat: peakDepth=417
%%%mzn-stat: solveTime=49.604687982
%%%mzn-stat: variables=856
%%%mzn-stat: propagators=1828
%%%mzn-stat: failures=244526
%%%mzn-stat: propagations=87287154
%%%mzn-stat: nogoods=244526
%%%mzn-stat: numAtomicConstraintsPropagated=0
%%%mzn-stat: circuitNumber1226PropagationsThatFoundConflict=234927
%%%mzn-stat: circuitNumber1226TotalFixedEdgesAtConflict=10689239
%%%mzn-stat: circuitNumber1226NumberOfConflicts=234927
%%%mzn-stat: circuitNumber1226PropagationsThatPruned=132076
%%%mzn-stat: circuitNumber1226PropagationsTotal=652480
%%%mzn-stat: AverageConflictSize=38.254946304278484
%%%mzn-stat: NumUnitNogoodsLearned=0
%%%mzn-stat: AverageLearnedNogoodLength=30.060750186074284
%%%mzn-stat: AverageBacktrackAmount=0
%%%mzn-stat: AverageLbd=27.391586170795744
%%%mzn-stat: 2AutonomousSearchNumBackupCalled=381
%%%mzn-stat: 2AutonomousSearchNumPredicatesRemoved=0
%%%mzn-stat: 2AutonomousSearchNumCalls=382
%%%mzn-stat: 2AutonomousSearchNumPredicatesAdded=1708
%%%mzn-stat: 2AutonomousSearchAverageSizeOfHeap=4.471204188481676
%%%mzn-stat: 2AutonomousSearchNumAssignedPredicatesEncountered=1708
%%%mzn-stat-end
maxleg = 937;
succ = array1d(1..50,[2, 3, 7, 1, 4, 21, 10, 15, 14, 9, 5, 27, 22, 23, 19, 35, 18, 25, 20, 29, 12, 8, 26, 11, 30, 49, 28, 39, 34, 38, 6, 37, 46, 40, 17, 13, 24, 42, 45, 41, 33, 48, 16, 31, 32, 44, 43, 36, 50, 47]);
% time elapsed: 70.97 s
----------
%%%mzn-stat: initTime=0.15227175
%%%mzn-stat: objective=695
%%%mzn-stat: nodes=327626
%%%mzn-stat: restarts=0
%%%mzn-stat: peakDepth=427
%%%mzn-stat: solveTime=49.60666828
%%%mzn-stat: variables=856
%%%mzn-stat: propagators=1828
%%%mzn-stat: failures=244526
%%%mzn-stat: propagations=87290587
%%%mzn-stat: nogoods=244526
%%%mzn-stat: numAtomicConstraintsPropagated=0
%%%mzn-stat: circuitNumber1226PropagationsThatFoundConflict=234927
%%%mzn-stat: circuitNumber1226TotalFixedEdgesAtConflict=10689239
%%%mzn-stat: circuitNumber1226NumberOfConflicts=234927
%%%mzn-stat: circuitNumber1226PropagationsThatPruned=132077
%%%mzn-stat: circuitNumber1226PropagationsTotal=652517
%%%mzn-stat: AverageConflictSize=38.254946304278484
%%%mzn-stat: NumUnitNogoodsLearned=0
%%%mzn-stat: AverageLearnedNogoodLength=30.060750186074284
%%%mzn-stat: AverageBacktrackAmount=0
%%%mzn-stat: AverageLbd=27.391586170795744
%%%mzn-stat: 2AutonomousSearchNumBackupCalled=770
%%%mzn-stat: 2AutonomousSearchNumPredicatesRemoved=0
%%%mzn-stat: 2AutonomousSearchNumCalls=772
%%%mzn-stat: 2AutonomousSearchNumPredicatesAdded=1708
%%%mzn-stat: 2AutonomousSearchAverageSizeOfHeap=4.424870466321243
%%%mzn-stat: 2AutonomousSearchNumAssignedPredicatesEncountered=3416
%%%mzn-stat-end
maxleg = 695;
succ = array1d(1..50,[2, 3, 7, 1, 4, 21, 10, 15, 14, 9, 23, 27, 22, 11, 19, 5, 18, 25, 20, 29, 12, 8, 24, 30, 26, 49, 28, 17, 32, 38, 6, 45, 31, 40, 16, 13, 36, 42, 46, 41, 33, 48, 35, 34, 39, 44, 43, 37, 50, 47]);
% time elapsed: 70.97 s
----------
%%%mzn-stat: initTime=0.15227175
%%%mzn-stat: objective=418
%%%mzn-stat: nodes=328059
%%%mzn-stat: restarts=0
%%%mzn-stat: peakDepth=434
%%%mzn-stat: solveTime=49.607780792
%%%mzn-stat: variables=856
%%%mzn-stat: propagators=1828
%%%mzn-stat: failures=244526
%%%mzn-stat: propagations=87294025
%%%mzn-stat: nogoods=244526
%%%mzn-stat: numAtomicConstraintsPropagated=0
%%%mzn-stat: circuitNumber1226PropagationsThatFoundConflict=234927
%%%mzn-stat: circuitNumber1226TotalFixedEdgesAtConflict=10689239
%%%mzn-stat: circuitNumber1226NumberOfConflicts=234927
%%%mzn-stat: circuitNumber1226PropagationsThatPruned=132078
%%%mzn-stat: circuitNumber1226PropagationsTotal=652553
%%%mzn-stat: AverageConflictSize=38.254946304278484
%%%mzn-stat: NumUnitNogoodsLearned=0
%%%mzn-stat: AverageLearnedNogoodLength=30.060750186074284
%%%mzn-stat: AverageBacktrackAmount=0
%%%mzn-stat: AverageLbd=27.391586170795744
%%%mzn-stat: 2AutonomousSearchNumBackupCalled=1167
%%%mzn-stat: 2AutonomousSearchNumPredicatesRemoved=0
%%%mzn-stat: 2AutonomousSearchNumCalls=1170
%%%mzn-stat: 2AutonomousSearchNumPredicatesAdded=1708
%%%mzn-stat: 2AutonomousSearchAverageSizeOfHeap=4.37948717948718
%%%mzn-stat: 2AutonomousSearchNumAssignedPredicatesEncountered=5124
%%%mzn-stat-end
maxleg = 418;
succ = array1d(1..50,[2, 3, 7, 1, 4, 21, 10, 15, 14, 9, 23, 27, 22, 11, 19, 5, 18, 25, 20, 29, 12, 8, 24, 30, 26, 49, 28, 17, 34, 38, 6, 45, 31, 40, 16, 13, 32, 42, 46, 41, 39, 48, 35, 33, 36, 44, 43, 37, 50, 47]);
% time elapsed: 70.97 s
----------
%%%mzn-stat: initTime=0.15227175
%%%mzn-stat: objective=380
%%%mzn-stat: nodes=328463
%%%mzn-stat: restarts=0
%%%mzn-stat: peakDepth=434
%%%mzn-stat: solveTime=49.608779463
%%%mzn-stat: variables=856
%%%mzn-stat: propagators=1828
%%%mzn-stat: failures=244526
%%%mzn-stat: propagations=87297450
%%%mzn-stat: nogoods=244526
%%%mzn-stat: numAtomicConstraintsPropagated=0
%%%mzn-stat: circuitNumber1226PropagationsThatFoundConflict=234927
%%%mzn-stat: circuitNumber1226TotalFixedEdgesAtConflict=10689239
%%%mzn-stat: circuitNumber1226NumberOfConflicts=234927
%%%mzn-stat: circuitNumber1226PropagationsThatPruned=132080
%%%mzn-stat: circuitNumber1226PropagationsTotal=652589
%%%mzn-stat: AverageConflictSize=38.254946304278484
%%%mzn-stat: NumUnitNogoodsLearned=0
%%%mzn-stat: AverageLearnedNogoodLength=30.060750186074284
%%%mzn-stat: AverageBacktrackAmount=0
%%%mzn-stat: AverageLbd=27.391586170795744
%%%mzn-stat: 2AutonomousSearchNumBackupCalled=1536
%%%mzn-stat: 2AutonomousSearchNumPredicatesRemoved=0
%%%mzn-stat: 2AutonomousSearchNumCalls=1540
%%%mzn-stat: 2AutonomousSearchNumPredicatesAdded=1708
%%%mzn-stat: 2AutonomousSearchAverageSizeOfHeap=4.4363636363636365
%%%mzn-stat: 2AutonomousSearchNumAssignedPredicatesEncountered=6832
%%%mzn-stat-end
maxleg = 380;
succ = array1d(1..50,[2, 3, 7, 1, 4, 21, 10, 15, 14, 9, 23, 27, 22, 11, 19, 5, 18, 25, 20, 29, 12, 8, 24, 30, 26, 49, 28, 17, 34, 38, 6, 45, 31, 40, 16, 13, 32, 42, 46, 41, 39, 48, 35, 33, 36, 44, 50, 37, 47, 43]);
% time elapsed: 70.98 s
----------
%%%mzn-stat: initTime=0.15227175
%%%mzn-stat: objective=361
%%%mzn-stat: nodes=328877
%%%mzn-stat: restarts=0
%%%mzn-stat: peakDepth=434
%%%mzn-stat: solveTime=49.609802042
%%%mzn-stat: variables=856
%%%mzn-stat: propagators=1828
%%%mzn-stat: failures=244526
%%%mzn-stat: propagations=87300887
%%%mzn-stat: nogoods=244526
%%%mzn-stat: numAtomicConstraintsPropagated=0
%%%mzn-stat: circuitNumber1226PropagationsThatFoundConflict=234927
%%%mzn-stat: circuitNumber1226TotalFixedEdgesAtConflict=10689239
%%%mzn-stat: circuitNumber1226NumberOfConflicts=234927
%%%mzn-stat: circuitNumber1226PropagationsThatPruned=132082
%%%mzn-stat: circuitNumber1226PropagationsTotal=652625
%%%mzn-stat: AverageConflictSize=38.254946304278484
%%%mzn-stat: NumUnitNogoodsLearned=0
%%%mzn-stat: AverageLearnedNogoodLength=30.060750186074284
%%%mzn-stat: AverageBacktrackAmount=0
%%%mzn-stat: AverageLbd=27.391586170795744
%%%mzn-stat: 2AutonomousSearchNumBackupCalled=1915
%%%mzn-stat: 2AutonomousSearchNumPredicatesRemoved=0
%%%mzn-stat: 2AutonomousSearchNumCalls=1920
%%%mzn-stat: 2AutonomousSearchNumPredicatesAdded=1708
%%%mzn-stat: 2AutonomousSearchAverageSizeOfHeap=4.447916666666667
%%%mzn-stat: 2AutonomousSearchNumAssignedPredicatesEncountered=8540
%%%mzn-stat-end
maxleg = 361;
succ = array1d(1..50,[2, 3, 7, 1, 4, 21, 10, 15, 14, 9, 24, 27, 22, 11, 19, 5, 18, 23, 20, 29, 12, 8, 25, 30, 26, 49, 28, 17, 34, 38, 6, 45, 31, 40, 16, 13, 32, 42, 46, 41, 39, 48, 35, 33, 36, 44, 50, 37, 47, 43]);
% time elapsed: 70.98 s
----------
%%%mzn-stat: initTime=0.15227175
%%%mzn-stat: objective=339
%%%mzn-stat: nodes=2379689
%%%mzn-stat: restarts=0
%%%mzn-stat: peakDepth=434
%%%mzn-stat: solveTime=477.736968182
%%%mzn-stat: variables=856
%%%mzn-stat: propagators=1828
%%%mzn-stat: failures=2008238
%%%mzn-stat: propagations=515994274
%%%mzn-stat: nogoods=2008238
%%%mzn-stat: numAtomicConstraintsPropagated=0
%%%mzn-stat: circuitNumber1226PropagationsThatFoundConflict=256361
%%%mzn-stat: circuitNumber1226TotalFixedEdgesAtConflict=11432965
%%%mzn-stat: circuitNumber1226NumberOfConflicts=256361
%%%mzn-stat: circuitNumber1226PropagationsThatPruned=379996
%%%mzn-stat: circuitNumber1226PropagationsTotal=2242899
%%%mzn-stat: AverageConflictSize=20.95454622410292
%%%mzn-stat: NumUnitNogoodsLearned=0
%%%mzn-stat: AverageLearnedNogoodLength=44.011308420615485
%%%mzn-stat: AverageBacktrackAmount=0
%%%mzn-stat: AverageLbd=17.854325035180093
%%%mzn-stat: 2AutonomousSearchNumBackupCalled=2291
%%%mzn-stat: 2AutonomousSearchNumPredicatesRemoved=0
%%%mzn-stat: 2AutonomousSearchNumCalls=2297
%%%mzn-stat: 2AutonomousSearchNumPredicatesAdded=4053
%%%mzn-stat: 2AutonomousSearchAverageSizeOfHeap=4.814105354810622
%%%mzn-stat: 2AutonomousSearchNumAssignedPredicatesEncountered=11058
%%%mzn-stat-end
maxleg = 339;
succ = array1d(1..50,[2, 3, 7, 1, 4, 21, 10, 15, 14, 9, 24, 27, 22, 11, 19, 5, 35, 17, 20, 29, 12, 32, 18, 37, 23, 49, 28, 39, 34, 26, 6, 48, 31, 44, 43, 45, 36, 30, 41, 13, 40, 38, 47, 46, 8, 33, 50, 42, 25, 16]);
% time elapsed: 499.10 s
----------
%%%mzn-stat: initTime=0.15227175
%%%mzn-stat: objective=338
%%%mzn-stat: nodes=2380100
%%%mzn-stat: restarts=0
%%%mzn-stat: peakDepth=434
%%%mzn-stat: solveTime=477.739073561
%%%mzn-stat: variables=856
%%%mzn-stat: propagators=1828
%%%mzn-stat: failures=2008238
%%%mzn-stat: propagations=515997672
%%%mzn-stat: nogoods=2008238
%%%mzn-stat: numAtomicConstraintsPropagated=0
%%%mzn-stat: circuitNumber1226PropagationsThatFoundConflict=256361
%%%mzn-stat: circuitNumber1226TotalFixedEdgesAtConflict=11432965
%%%mzn-stat: circuitNumber1226NumberOfConflicts=256361
%%%mzn-stat: circuitNumber1226PropagationsThatPruned=379997
%%%mzn-stat: circuitNumber1226PropagationsTotal=2242932
%%%mzn-stat: AverageConflictSize=20.95454622410292
%%%mzn-stat: NumUnitNogoodsLearned=0
%%%mzn-stat: AverageLearnedNogoodLength=44.011308420615485
%%%mzn-stat: AverageBacktrackAmount=0
%%%mzn-stat: AverageLbd=17.854325035180093
%%%mzn-stat: 2AutonomousSearchNumBackupCalled=2670
%%%mzn-stat: 2AutonomousSearchNumPredicatesRemoved=0
%%%mzn-stat: 2AutonomousSearchNumCalls=2677
%%%mzn-stat: 2AutonomousSearchNumPredicatesAdded=4053
%%%mzn-stat: 2AutonomousSearchAverageSizeOfHeap=5.0713485244676875
%%%mzn-stat: 2AutonomousSearchNumAssignedPredicatesEncountered=13576
%%%mzn-stat-end
maxleg = 338;
succ = array1d(1..50,[2, 3, 7, 1, 4, 21, 10, 15, 14, 9, 24, 27, 22, 11, 19, 5, 35, 17, 20, 29, 12, 32, 18, 37, 23, 49, 28, 39, 34, 26, 6, 48, 31, 44, 43, 45, 36, 42, 41, 13, 40, 30, 47, 46, 8, 33, 50, 38, 25, 16]);
% time elapsed: 499.12 s
----------
%%%mzn-stat: initTime=0.15227175
%%%mzn-stat: objective=321
%%%mzn-stat: nodes=2380492
%%%mzn-stat: restarts=0
%%%mzn-stat: peakDepth=434
%%%mzn-stat: solveTime=477.742869389
%%%mzn-stat: variables=856
%%%mzn-stat: propagators=1828
%%%mzn-stat: failures=2008246
%%%mzn-stat: propagations=516003904
%%%mzn-stat: nogoods=2008246
%%%mzn-stat: numAtomicConstraintsPropagated=0
%%%mzn-stat: circuitNumber1226PropagationsThatFoundConflict=256362
%%%mzn-stat: circuitNumber1226TotalFixedEdgesAtConflict=11433011
%%%mzn-stat: circuitNumber1226NumberOfConflicts=256362
%%%mzn-stat: circuitNumber1226PropagationsThatPruned=380003
%%%mzn-stat: circuitNumber1226PropagationsTotal=2242976
%%%mzn-stat: AverageConflictSize=20.954533458550397
%%%mzn-stat: NumUnitNogoodsLearned=0
%%%mzn-stat: AverageLearnedNogoodLength=44.01130289815092
%%%mzn-stat: AverageBacktrackAmount=0
%%%mzn-stat: AverageLbd=17.854313166813228
%%%mzn-stat: 2AutonomousSearchNumBackupCalled=3020
%%%mzn-stat: 2AutonomousSearchNumPredicatesRemoved=0
%%%mzn-stat: 2AutonomousSearchNumCalls=3028
%%%mzn-stat: 2AutonomousSearchNumPredicatesAdded=4552
%%%mzn-stat: 2AutonomousSearchAverageSizeOfHeap=5.315059445178336
%%%mzn-stat: 2AutonomousSearchNumAssignedPredicatesEncountered=16094
%%%mzn-stat-end
maxleg = 321;
succ = array1d(1..50,[2, 3, 7, 1, 4, 21, 10, 15, 14, 9, 24, 27, 22, 11, 19, 5, 35, 17, 20, 29, 12, 32, 18, 38, 23, 49, 28, 39, 34, 26, 6, 37, 31, 44, 43, 45, 48, 42, 41, 13, 40, 36, 47, 46, 8, 33, 50, 30, 25, 16]);
% time elapsed: 499.12 s
----------
%%%mzn-stat: initTime=0.15227175
%%%mzn-stat: objective=317
%%%mzn-stat: nodes=2390550
%%%mzn-stat: restarts=0
%%%mzn-stat: peakDepth=434
%%%mzn-stat: solveTime=478.760023837
%%%mzn-stat: variables=856
%%%mzn-stat: propagators=1828
%%%mzn-stat: failures=2014273
%%%mzn-stat: propagations=518416469
%%%mzn-stat: nogoods=2014273
%%%mzn-stat: numAtomicConstraintsPropagated=0
%%%mzn-stat: circuitNumber1226PropagationsThatFoundConflict=260891
%%%mzn-stat: circuitNumber1226TotalFixedEdgesAtConflict=11635699
%%%mzn-stat: circuitNumber1226NumberOfConflicts=260891
%%%mzn-stat: circuitNumber1226PropagationsThatPruned=386588
%%%mzn-stat: circuitNumber1226PropagationsTotal=2261810
%%%mzn-stat: AverageConflictSize=20.930884244588494
%%%mzn-stat: NumUnitNogoodsLearned=0
%%%mzn-stat: AverageLearnedNogoodLength=43.93619434902816
%%%mzn-stat: AverageBacktrackAmount=0
%%%mzn-stat: AverageLbd=17.83521399532238
%%%mzn-stat: 2AutonomousSearchNumBackupCalled=3365
%%%mzn-stat: 2AutonomousSearchNumPredicatesRemoved=0
%%%mzn-stat: 2AutonomousSearchNumCalls=3374
%%%mzn-stat: 2AutonomousSearchNumPredicatesAdded=6361
%%%mzn-stat: 2AutonomousSearchAverageSizeOfHeap=5.521043272080616
%%%mzn-stat: 2AutonomousSearchNumAssignedPredicatesEncountered=18628
%%%mzn-stat-end
maxleg = 317;
succ = array1d(1..50,[2, 3, 7, 1, 4, 21, 10, 15, 14, 9, 24, 27, 22, 11, 19, 5, 35, 17, 31, 8, 12, 29, 18, 38, 23, 49, 28, 39, 32, 26, 6, 37, 34, 40, 43, 45, 48, 42, 46, 41, 13, 36, 47, 33, 20, 44, 50, 30, 25, 16]);
% time elapsed: 500.13 s
----------
%%%mzn-stat: initTime=0.15227175
%%%mzn-stat: objective=311
%%%mzn-stat: nodes=2390982
%%%mzn-stat: restarts=0
%%%mzn-stat: peakDepth=434
%%%mzn-stat: solveTime=478.76675833
%%%mzn-stat: variables=856
%%%mzn-stat: propagators=1828
%%%mzn-stat: failures=2014283
%%%mzn-stat: propagations=518425574
%%%mzn-stat: nogoods=2014283
%%%mzn-stat: numAtomicConstraintsPropagated=0
%%%mzn-stat: circuitNumber1226PropagationsThatFoundConflict=260891
%%%mzn-stat: circuitNumber1226TotalFixedEdgesAtConflict=11635699
%%%mzn-stat: circuitNumber1226NumberOfConflicts=260891
%%%mzn-stat: circuitNumber1226PropagationsThatPruned=386595
%%%mzn-stat: circuitNumber1226PropagationsTotal=2261891
%%%mzn-stat: AverageConflictSize=20.930810119531365
%%%mzn-stat: NumUnitNogoodsLearned=0
%%%mzn-stat: AverageLearnedNogoodLength=43.936085942243466
%%%mzn-stat: AverageBacktrackAmount=0
%%%mzn-stat: AverageLbd=17.835173607680748
%%%mzn-stat: 2AutonomousSearchNumBackupCalled=3720
%%%mzn-stat: 2AutonomousSearchNumPredicatesRemoved=0
%%%mzn-stat: 2AutonomousSearchNumCalls=3730
%%%mzn-stat: 2AutonomousSearchNumPredicatesAdded=7243
%%%mzn-stat: 2AutonomousSearchAverageSizeOfHeap=5.693029490616622
%%%mzn-stat: 2AutonomousSearchNumAssignedPredicatesEncountered=21235
%%%mzn-stat-end
maxleg = 311;
succ = array1d(1..50,[2, 3, 7, 1, 16, 21, 10, 15, 14, 9, 24, 27, 22, 11, 19, 4, 35, 17, 31, 8, 12, 29, 18, 38, 23, 49, 28, 39, 32, 26, 6, 37, 34, 40, 43, 45, 48, 42, 46, 41, 13, 36, 47, 33, 20, 44, 50, 30, 25, 5]);
% time elapsed: 500.14 s
----------
=====ERROR=====
% time elapsed: 1386.72 s
