%%%mzn-stat: initTime=0.003869923
%%%mzn-stat: objective=313
%%%mzn-stat: nodes=897
%%%mzn-stat: restarts=0
%%%mzn-stat: peakDepth=76
%%%mzn-stat: solveTime=0.037360127
%%%mzn-stat: variables=366
%%%mzn-stat: propagators=249
%%%mzn-stat: failures=400
%%%mzn-stat: propagations=59270
%%%mzn-stat: nogoods=400
%%%mzn-stat: AverageConflictSize=6.665
%%%mzn-stat: NumUnitNogoodsLearned=312
%%%mzn-stat: AverageLearnedNogoodLength=3.5325
%%%mzn-stat: AverageBacktrackAmount=0
%%%mzn-stat: AverageLbd=1.9075
%%%mzn-stat-end
maxleg = 313;
succ = array1d(1..20,[19, 4, 9, 15, 2, 10, 6, 18, 16, 17, 8, 14, 20, 13, 12, 1, 11, 3, 5, 7]);
% time elapsed: 1.40 s
----------
==========
% time elapsed: 1.40 s
%%%mzn-stat: initTime=0.003869923
%%%mzn-stat: objective=313
%%%mzn-stat: nodes=897
%%%mzn-stat: restarts=0
%%%mzn-stat: peakDepth=76
%%%mzn-stat: solveTime=0.037363614
%%%mzn-stat: variables=366
%%%mzn-stat: propagators=249
%%%mzn-stat: failures=400
%%%mzn-stat: propagations=59270
%%%mzn-stat: nogoods=400
%%%mzn-stat: AverageConflictSize=6.665
%%%mzn-stat: NumUnitNogoodsLearned=312
%%%mzn-stat: AverageLearnedNogoodLength=3.5325
%%%mzn-stat: AverageBacktrackAmount=0
%%%mzn-stat: AverageLbd=1.9075
%%%mzn-stat-end
