% Logging successfully configured
%%%mzn-stat: initTime=0.095546901
%%%mzn-stat: objective=736
%%%mzn-stat: nodes=17815
%%%mzn-stat: restarts=0
%%%mzn-stat: peakDepth=1126
%%%mzn-stat: solveTime=1.126447756
%%%mzn-stat: variables=1770
%%%mzn-stat: propagators=1414
%%%mzn-stat: failures=499
%%%mzn-stat: propagations=117323
%%%mzn-stat: nogoods=499
%%%mzn-stat: numAtomicConstraintsPropagated=0
%%%mzn-stat: allDifferentNumber1TotalHallSetSize=1411
%%%mzn-stat: allDifferentNumber1NumberOfConflicts=499
%%%mzn-stat: allDifferentNumber1MaxHallSetSize=66
%%%mzn-stat: allDifferentNumber1PropagationsTotal=24628
%%%mzn-stat: allDifferentNumber1PropagationsThatFoundConflict=499
%%%mzn-stat: circuitNumber2PropagationsThatFoundConflict=0
%%%mzn-stat: circuitNumber2TotalFixedEdgesAtConflict=0
%%%mzn-stat: circuitNumber2NumberOfConflicts=0
%%%mzn-stat: circuitNumber2PropagationsThatPruned=648
%%%mzn-stat: circuitNumber2PropagationsTotal=17189
%%%mzn-stat: AverageConflictSize=2.741482965931864
%%%mzn-stat: NumUnitNogoodsLearned=0
%%%mzn-stat: AverageLearnedNogoodLength=3.0661322645290583
%%%mzn-stat: AverageBacktrackAmount=0
%%%mzn-stat: AverageLbd=2.9899799599198396
%%%mzn-stat: 2AutonomousSearchNumBackupCalled=1041
%%%mzn-stat: 2AutonomousSearchNumPredicatesRemoved=0
%%%mzn-stat: 2AutonomousSearchNumCalls=1042
%%%mzn-stat: 2AutonomousSearchNumPredicatesAdded=927
%%%mzn-stat: 2AutonomousSearchAverageSizeOfHeap=0.8896353166986565
%%%mzn-stat: 2AutonomousSearchNumAssignedPredicatesEncountered=927
%%%mzn-stat-end
maxleg = 736;
succ = array1d(1..100,[7, 12, 4, 11, 14, 22, 24, 21, 29, 19, 17, 27, 15, 16, 26, 28, 32, 13, 3, 18, 23, 20, 1, 5, 6, 33, 10, 51, 37, 8, 2, 40, 41, 35, 36, 42, 39, 25, 58, 45, 9, 48, 52, 55, 62, 50, 30, 59, 60, 54, 53, 38, 76, 43, 57, 31, 46, 61, 72, 64, 66, 49, 47, 90, 44, 100, 69, 56, 79, 68, 73, 83, 81, 78, 85, 94, 80, 75, 97, 96, 77, 92, 87, 93, 63, 65, 99, 86, 67, 91, 74, 88, 34, 98, 84, 89, 95, 82, 70, 71]);
% time elapsed: 13.73 s
----------
%%%mzn-stat: initTime=0.095546901
%%%mzn-stat: objective=456
%%%mzn-stat: nodes=20052
%%%mzn-stat: restarts=0
%%%mzn-stat: peakDepth=1145
%%%mzn-stat: solveTime=1.202533103
%%%mzn-stat: variables=1770
%%%mzn-stat: propagators=1414
%%%mzn-stat: failures=534
%%%mzn-stat: propagations=127446
%%%mzn-stat: nogoods=534
%%%mzn-stat: numAtomicConstraintsPropagated=0
%%%mzn-stat: allDifferentNumber1TotalHallSetSize=1623
%%%mzn-stat: allDifferentNumber1NumberOfConflicts=534
%%%mzn-stat: allDifferentNumber1MaxHallSetSize=66
%%%mzn-stat: allDifferentNumber1PropagationsTotal=26326
%%%mzn-stat: allDifferentNumber1PropagationsThatFoundConflict=534
%%%mzn-stat: circuitNumber2PropagationsThatFoundConflict=0
%%%mzn-stat: circuitNumber2TotalFixedEdgesAtConflict=0
%%%mzn-stat: circuitNumber2NumberOfConflicts=0
%%%mzn-stat: circuitNumber2PropagationsThatPruned=680
%%%mzn-stat: circuitNumber2PropagationsTotal=18370
%%%mzn-stat: AverageConflictSize=2.949438202247191
%%%mzn-stat: NumUnitNogoodsLearned=0
%%%mzn-stat: AverageLearnedNogoodLength=3.252808988764045
%%%mzn-stat: AverageBacktrackAmount=0
%%%mzn-stat: AverageLbd=3.1198501872659175
%%%mzn-stat: 2AutonomousSearchNumBackupCalled=2097
%%%mzn-stat: 2AutonomousSearchNumPredicatesRemoved=0
%%%mzn-stat: 2AutonomousSearchNumCalls=2099
%%%mzn-stat: 2AutonomousSearchNumPredicatesAdded=1013
%%%mzn-stat: 2AutonomousSearchAverageSizeOfHeap=0.9056693663649357
%%%mzn-stat: 2AutonomousSearchNumAssignedPredicatesEncountered=1901
%%%mzn-stat-end
maxleg = 456;
succ = array1d(1..100,[7, 12, 4, 11, 14, 22, 24, 21, 29, 19, 17, 27, 15, 16, 26, 28, 32, 13, 3, 18, 23, 20, 1, 5, 6, 33, 10, 51, 37, 8, 2, 40, 41, 35, 36, 42, 39, 25, 58, 45, 9, 48, 52, 55, 62, 50, 30, 59, 60, 54, 53, 38, 76, 43, 57, 31, 46, 61, 72, 64, 66, 49, 47, 98, 44, 100, 69, 56, 79, 68, 81, 83, 82, 75, 78, 91, 80, 90, 97, 96, 77, 92, 87, 93, 74, 65, 99, 86, 67, 94, 85, 88, 34, 73, 84, 89, 95, 63, 70, 71]);
% time elapsed: 13.79 s
----------
%%%mzn-stat: initTime=0.095546901
%%%mzn-stat: objective=368
%%%mzn-stat: nodes=21469
%%%mzn-stat: restarts=0
%%%mzn-stat: peakDepth=1148
%%%mzn-stat: solveTime=1.226925725
%%%mzn-stat: variables=1770
%%%mzn-stat: propagators=1414
%%%mzn-stat: failures=557
%%%mzn-stat: propagations=131948
%%%mzn-stat: nogoods=557
%%%mzn-stat: numAtomicConstraintsPropagated=0
%%%mzn-stat: allDifferentNumber1TotalHallSetSize=1687
%%%mzn-stat: allDifferentNumber1NumberOfConflicts=557
%%%mzn-stat: allDifferentNumber1MaxHallSetSize=66
%%%mzn-stat: allDifferentNumber1PropagationsTotal=26860
%%%mzn-stat: allDifferentNumber1PropagationsThatFoundConflict=557
%%%mzn-stat: circuitNumber2PropagationsThatFoundConflict=0
%%%mzn-stat: circuitNumber2TotalFixedEdgesAtConflict=0
%%%mzn-stat: circuitNumber2NumberOfConflicts=0
%%%mzn-stat: circuitNumber2PropagationsThatPruned=697
%%%mzn-stat: circuitNumber2PropagationsTotal=18724
%%%mzn-stat: AverageConflictSize=2.9479353680430878
%%%mzn-stat: NumUnitNogoodsLearned=0
%%%mzn-stat: AverageLearnedNogoodLength=3.287253141831239
%%%mzn-stat: AverageBacktrackAmount=0
%%%mzn-stat: AverageLbd=3.1310592459605027
%%%mzn-stat: 2AutonomousSearchNumBackupCalled=3156
%%%mzn-stat: 2AutonomousSearchNumPredicatesRemoved=0
%%%mzn-stat: 2AutonomousSearchNumCalls=3159
%%%mzn-stat: 2AutonomousSearchNumPredicatesAdded=1107
%%%mzn-stat: 2AutonomousSearchAverageSizeOfHeap=0.9243431465653688
%%%mzn-stat: 2AutonomousSearchNumAssignedPredicatesEncountered=2920
%%%mzn-stat-end
maxleg = 368;
succ = array1d(1..100,[7, 12, 4, 11, 14, 22, 24, 21, 29, 19, 17, 27, 15, 16, 26, 28, 32, 13, 3, 18, 23, 20, 1, 5, 6, 33, 10, 51, 37, 8, 2, 40, 41, 35, 36, 42, 39, 25, 58, 45, 9, 48, 52, 55, 62, 50, 30, 59, 60, 54, 53, 38, 76, 43, 61, 31, 46, 66, 72, 64, 71, 49, 47, 98, 57, 100, 69, 56, 79, 68, 81, 83, 82, 75, 78, 91, 80, 90, 97, 96, 77, 92, 87, 93, 74, 65, 99, 86, 67, 94, 85, 88, 34, 73, 84, 89, 95, 63, 70, 44]);
% time elapsed: 13.83 s
----------
%%%mzn-stat: initTime=0.095546901
%%%mzn-stat: objective=267
%%%mzn-stat: nodes=23042
%%%mzn-stat: restarts=0
%%%mzn-stat: peakDepth=1148
%%%mzn-stat: solveTime=1.290427445
%%%mzn-stat: variables=1770
%%%mzn-stat: propagators=1414
%%%mzn-stat: failures=721
%%%mzn-stat: propagations=140065
%%%mzn-stat: nogoods=721
%%%mzn-stat: numAtomicConstraintsPropagated=0
%%%mzn-stat: allDifferentNumber1TotalHallSetSize=2259
%%%mzn-stat: allDifferentNumber1NumberOfConflicts=698
%%%mzn-stat: allDifferentNumber1MaxHallSetSize=66
%%%mzn-stat: allDifferentNumber1PropagationsTotal=27875
%%%mzn-stat: allDifferentNumber1PropagationsThatFoundConflict=698
%%%mzn-stat: circuitNumber2PropagationsThatFoundConflict=14
%%%mzn-stat: circuitNumber2TotalFixedEdgesAtConflict=1235
%%%mzn-stat: circuitNumber2NumberOfConflicts=14
%%%mzn-stat: circuitNumber2PropagationsThatPruned=852
%%%mzn-stat: circuitNumber2PropagationsTotal=19371
%%%mzn-stat: AverageConflictSize=3.753120665742025
%%%mzn-stat: NumUnitNogoodsLearned=0
%%%mzn-stat: AverageLearnedNogoodLength=7.791955617198336
%%%mzn-stat: AverageBacktrackAmount=0
%%%mzn-stat: AverageLbd=6.342579750346741
%%%mzn-stat: 2AutonomousSearchNumBackupCalled=4215
%%%mzn-stat: 2AutonomousSearchNumPredicatesRemoved=0
%%%mzn-stat: 2AutonomousSearchNumCalls=4219
%%%mzn-stat: 2AutonomousSearchNumPredicatesAdded=1958
%%%mzn-stat: 2AutonomousSearchAverageSizeOfHeap=1.0545152879829343
%%%mzn-stat: 2AutonomousSearchNumAssignedPredicatesEncountered=4449
%%%mzn-stat-end
maxleg = 267;
succ = array1d(1..100,[7, 12, 4, 11, 14, 22, 24, 21, 29, 19, 17, 27, 15, 16, 26, 28, 32, 13, 3, 18, 23, 20, 1, 5, 6, 33, 10, 51, 37, 8, 2, 40, 41, 35, 36, 42, 39, 25, 58, 45, 9, 48, 52, 55, 62, 50, 30, 59, 60, 54, 53, 38, 76, 43, 61, 31, 46, 66, 72, 64, 71, 49, 47, 98, 57, 100, 69, 56, 79, 95, 81, 83, 82, 75, 78, 91, 80, 90, 97, 96, 77, 92, 84, 87, 74, 65, 68, 86, 67, 94, 85, 88, 34, 73, 99, 89, 70, 63, 93, 44]);
% time elapsed: 13.90 s
----------
%%%mzn-stat: initTime=0.095546901
%%%mzn-stat: objective=262
%%%mzn-stat: nodes=25830
%%%mzn-stat: restarts=0
%%%mzn-stat: peakDepth=1148
%%%mzn-stat: solveTime=1.582556729
%%%mzn-stat: variables=1770
%%%mzn-stat: propagators=1414
%%%mzn-stat: failures=1597
%%%mzn-stat: propagations=160763
%%%mzn-stat: nogoods=1597
%%%mzn-stat: numAtomicConstraintsPropagated=0
%%%mzn-stat: allDifferentNumber1TotalHallSetSize=14997
%%%mzn-stat: allDifferentNumber1NumberOfConflicts=1566
%%%mzn-stat: allDifferentNumber1MaxHallSetSize=66
%%%mzn-stat: allDifferentNumber1PropagationsTotal=31590
%%%mzn-stat: allDifferentNumber1PropagationsThatFoundConflict=1566
%%%mzn-stat: circuitNumber2PropagationsThatFoundConflict=19
%%%mzn-stat: circuitNumber2TotalFixedEdgesAtConflict=1558
%%%mzn-stat: circuitNumber2NumberOfConflicts=19
%%%mzn-stat: circuitNumber2PropagationsThatPruned=1065
%%%mzn-stat: circuitNumber2PropagationsTotal=21423
%%%mzn-stat: AverageConflictSize=14.06762680025047
%%%mzn-stat: NumUnitNogoodsLearned=0
%%%mzn-stat: AverageLearnedNogoodLength=17.754539762053852
%%%mzn-stat: AverageBacktrackAmount=0
%%%mzn-stat: AverageLbd=11.476518472135254
%%%mzn-stat: 2AutonomousSearchNumBackupCalled=5244
%%%mzn-stat: 2AutonomousSearchNumPredicatesRemoved=0
%%%mzn-stat: 2AutonomousSearchNumCalls=5249
%%%mzn-stat: 2AutonomousSearchNumPredicatesAdded=2867
%%%mzn-stat: 2AutonomousSearchAverageSizeOfHeap=1.2554772337588112
%%%mzn-stat: 2AutonomousSearchNumAssignedPredicatesEncountered=6590
%%%mzn-stat-end
maxleg = 262;
succ = array1d(1..100,[7, 12, 4, 11, 14, 22, 24, 21, 29, 19, 17, 27, 15, 16, 26, 28, 32, 13, 3, 18, 23, 20, 1, 5, 6, 33, 10, 51, 37, 8, 2, 40, 41, 35, 36, 42, 39, 25, 58, 45, 9, 48, 52, 55, 62, 50, 30, 59, 60, 54, 53, 38, 76, 43, 61, 31, 46, 100, 72, 64, 66, 49, 47, 98, 57, 71, 69, 56, 79, 95, 81, 83, 82, 75, 78, 91, 80, 90, 97, 96, 77, 92, 84, 87, 74, 65, 68, 86, 67, 94, 85, 88, 34, 73, 99, 89, 70, 63, 93, 44]);
% time elapsed: 14.19 s
----------
%%%mzn-stat: initTime=0.095546901
%%%mzn-stat: objective=256
%%%mzn-stat: nodes=27210
%%%mzn-stat: restarts=0
%%%mzn-stat: peakDepth=1148
%%%mzn-stat: solveTime=1.616063276
%%%mzn-stat: variables=1770
%%%mzn-stat: propagators=1414
%%%mzn-stat: failures=1651
%%%mzn-stat: propagations=166089
%%%mzn-stat: nogoods=1651
%%%mzn-stat: numAtomicConstraintsPropagated=0
%%%mzn-stat: allDifferentNumber1TotalHallSetSize=15445
%%%mzn-stat: allDifferentNumber1NumberOfConflicts=1619
%%%mzn-stat: allDifferentNumber1MaxHallSetSize=66
%%%mzn-stat: allDifferentNumber1PropagationsTotal=32210
%%%mzn-stat: allDifferentNumber1PropagationsThatFoundConflict=1619
%%%mzn-stat: circuitNumber2PropagationsThatFoundConflict=19
%%%mzn-stat: circuitNumber2TotalFixedEdgesAtConflict=1558
%%%mzn-stat: circuitNumber2NumberOfConflicts=19
%%%mzn-stat: circuitNumber2PropagationsThatPruned=1099
%%%mzn-stat: circuitNumber2PropagationsTotal=21814
%%%mzn-stat: AverageConflictSize=14.06602059357965
%%%mzn-stat: NumUnitNogoodsLearned=0
%%%mzn-stat: AverageLearnedNogoodLength=17.789218655360386
%%%mzn-stat: AverageBacktrackAmount=0
%%%mzn-stat: AverageLbd=11.450635978195033
%%%mzn-stat: 2AutonomousSearchNumBackupCalled=6265
%%%mzn-stat: 2AutonomousSearchNumPredicatesRemoved=0
%%%mzn-stat: 2AutonomousSearchNumCalls=6271
%%%mzn-stat: 2AutonomousSearchNumPredicatesAdded=3606
%%%mzn-stat: 2AutonomousSearchAverageSizeOfHeap=1.4023281773241907
%%%mzn-stat: 2AutonomousSearchNumAssignedPredicatesEncountered=8794
%%%mzn-stat-end
maxleg = 256;
succ = array1d(1..100,[7, 12, 4, 11, 14, 22, 24, 21, 29, 19, 17, 27, 15, 16, 26, 28, 32, 13, 3, 18, 23, 20, 1, 5, 6, 33, 10, 51, 37, 8, 2, 40, 41, 35, 36, 42, 39, 25, 58, 45, 9, 48, 52, 55, 62, 50, 30, 59, 60, 54, 53, 38, 76, 43, 71, 31, 46, 100, 72, 64, 44, 49, 47, 98, 57, 61, 69, 56, 79, 95, 81, 83, 82, 75, 78, 91, 80, 90, 97, 96, 77, 92, 84, 87, 74, 65, 68, 86, 67, 94, 85, 88, 34, 73, 99, 89, 70, 63, 93, 66]);
% time elapsed: 14.23 s
----------
%%%mzn-stat: initTime=0.095546901
%%%mzn-stat: objective=252
%%%mzn-stat: nodes=29325
%%%mzn-stat: restarts=0
%%%mzn-stat: peakDepth=1148
%%%mzn-stat: solveTime=1.819999953
%%%mzn-stat: variables=1770
%%%mzn-stat: propagators=1414
%%%mzn-stat: failures=2187
%%%mzn-stat: propagations=188111
%%%mzn-stat: nogoods=2187
%%%mzn-stat: numAtomicConstraintsPropagated=0
%%%mzn-stat: allDifferentNumber1TotalHallSetSize=17183
%%%mzn-stat: allDifferentNumber1NumberOfConflicts=1984
%%%mzn-stat: allDifferentNumber1MaxHallSetSize=66
%%%mzn-stat: allDifferentNumber1PropagationsTotal=34983
%%%mzn-stat: allDifferentNumber1PropagationsThatFoundConflict=1984
%%%mzn-stat: circuitNumber2PropagationsThatFoundConflict=133
%%%mzn-stat: circuitNumber2TotalFixedEdgesAtConflict=11760
%%%mzn-stat: circuitNumber2NumberOfConflicts=133
%%%mzn-stat: circuitNumber2PropagationsThatPruned=1727
%%%mzn-stat: circuitNumber2PropagationsTotal=23591
%%%mzn-stat: AverageConflictSize=12.704160951074531
%%%mzn-stat: NumUnitNogoodsLearned=0
%%%mzn-stat: AverageLearnedNogoodLength=20.637860082304528
%%%mzn-stat: AverageBacktrackAmount=0
%%%mzn-stat: AverageLbd=13.363968907178783
%%%mzn-stat: 2AutonomousSearchNumBackupCalled=7274
%%%mzn-stat: 2AutonomousSearchNumPredicatesRemoved=0
%%%mzn-stat: 2AutonomousSearchNumCalls=7281
%%%mzn-stat: 2AutonomousSearchNumPredicatesAdded=4528
%%%mzn-stat: 2AutonomousSearchAverageSizeOfHeap=1.530421645378382
%%%mzn-stat: 2AutonomousSearchNumAssignedPredicatesEncountered=11143
%%%mzn-stat-end
maxleg = 252;
succ = array1d(1..100,[7, 12, 4, 11, 14, 22, 24, 21, 29, 19, 17, 27, 15, 16, 26, 28, 32, 13, 3, 18, 23, 20, 1, 5, 6, 33, 10, 51, 37, 8, 2, 40, 41, 35, 36, 42, 39, 25, 58, 45, 9, 48, 52, 55, 62, 50, 30, 59, 60, 54, 53, 38, 76, 43, 71, 31, 46, 100, 72, 64, 44, 49, 47, 98, 57, 61, 69, 70, 79, 95, 81, 83, 82, 75, 78, 91, 80, 90, 97, 96, 77, 92, 84, 87, 74, 65, 56, 86, 67, 94, 85, 88, 34, 73, 99, 89, 68, 63, 93, 66]);
% time elapsed: 14.44 s
----------
%%%mzn-stat: initTime=0.095546901
%%%mzn-stat: objective=238
%%%mzn-stat: nodes=31068
%%%mzn-stat: restarts=0
%%%mzn-stat: peakDepth=1148
%%%mzn-stat: solveTime=1.897216841
%%%mzn-stat: variables=1770
%%%mzn-stat: propagators=1414
%%%mzn-stat: failures=2306
%%%mzn-stat: propagations=198714
%%%mzn-stat: nogoods=2306
%%%mzn-stat: numAtomicConstraintsPropagated=0
%%%mzn-stat: allDifferentNumber1TotalHallSetSize=17720
%%%mzn-stat: allDifferentNumber1NumberOfConflicts=2079
%%%mzn-stat: allDifferentNumber1MaxHallSetSize=66
%%%mzn-stat: allDifferentNumber1PropagationsTotal=36356
%%%mzn-stat: allDifferentNumber1PropagationsThatFoundConflict=2079
%%%mzn-stat: circuitNumber2PropagationsThatFoundConflict=151
%%%mzn-stat: circuitNumber2TotalFixedEdgesAtConflict=13340
%%%mzn-stat: circuitNumber2NumberOfConflicts=151
%%%mzn-stat: circuitNumber2PropagationsThatPruned=1916
%%%mzn-stat: circuitNumber2PropagationsTotal=24472
%%%mzn-stat: AverageConflictSize=12.488725065047701
%%%mzn-stat: NumUnitNogoodsLearned=0
%%%mzn-stat: AverageLearnedNogoodLength=21.00086730268864
%%%mzn-stat: AverageBacktrackAmount=0
%%%mzn-stat: AverageLbd=13.587163920208152
%%%mzn-stat: 2AutonomousSearchNumBackupCalled=8295
%%%mzn-stat: 2AutonomousSearchNumPredicatesRemoved=0
%%%mzn-stat: 2AutonomousSearchNumCalls=8303
%%%mzn-stat: 2AutonomousSearchNumPredicatesAdded=5261
%%%mzn-stat: 2AutonomousSearchAverageSizeOfHeap=1.6267614115379982
%%%mzn-stat: 2AutonomousSearchNumAssignedPredicatesEncountered=13507
%%%mzn-stat-end
maxleg = 238;
succ = array1d(1..100,[7, 12, 4, 11, 14, 22, 24, 21, 29, 19, 17, 27, 15, 16, 26, 28, 32, 13, 3, 18, 23, 20, 1, 5, 6, 33, 10, 51, 37, 8, 2, 40, 41, 35, 36, 42, 39, 25, 58, 45, 71, 48, 52, 9, 62, 50, 30, 59, 60, 54, 53, 38, 76, 43, 44, 31, 46, 81, 72, 64, 55, 49, 47, 98, 57, 61, 69, 70, 79, 95, 100, 83, 82, 75, 78, 91, 80, 90, 97, 96, 77, 92, 84, 87, 74, 65, 56, 86, 67, 94, 85, 88, 34, 73, 99, 89, 68, 63, 93, 66]);
% time elapsed: 14.53 s
----------
%%%mzn-stat: initTime=0.095546901
%%%mzn-stat: objective=237
%%%mzn-stat: nodes=32224
%%%mzn-stat: restarts=0
%%%mzn-stat: peakDepth=1148
%%%mzn-stat: solveTime=1.911021024
%%%mzn-stat: variables=1770
%%%mzn-stat: propagators=1414
%%%mzn-stat: failures=2310
%%%mzn-stat: propagations=201734
%%%mzn-stat: nogoods=2310
%%%mzn-stat: numAtomicConstraintsPropagated=0
%%%mzn-stat: allDifferentNumber1TotalHallSetSize=17728
%%%mzn-stat: allDifferentNumber1NumberOfConflicts=2083
%%%mzn-stat: allDifferentNumber1MaxHallSetSize=66
%%%mzn-stat: allDifferentNumber1PropagationsTotal=36571
%%%mzn-stat: allDifferentNumber1PropagationsThatFoundConflict=2083
%%%mzn-stat: circuitNumber2PropagationsThatFoundConflict=151
%%%mzn-stat: circuitNumber2TotalFixedEdgesAtConflict=13340
%%%mzn-stat: circuitNumber2NumberOfConflicts=151
%%%mzn-stat: circuitNumber2PropagationsThatPruned=1924
%%%mzn-stat: circuitNumber2PropagationsTotal=24622
%%%mzn-stat: AverageConflictSize=12.47056277056277
%%%mzn-stat: NumUnitNogoodsLearned=0
%%%mzn-stat: AverageLearnedNogoodLength=20.96796536796537
%%%mzn-stat: AverageBacktrackAmount=0
%%%mzn-stat: AverageLbd=13.567099567099566
%%%mzn-stat: 2AutonomousSearchNumBackupCalled=9305
%%%mzn-stat: 2AutonomousSearchNumPredicatesRemoved=0
%%%mzn-stat: 2AutonomousSearchNumCalls=9314
%%%mzn-stat: 2AutonomousSearchNumPredicatesAdded=5269
%%%mzn-stat: 2AutonomousSearchAverageSizeOfHeap=1.7039939875456303
%%%mzn-stat: 2AutonomousSearchNumAssignedPredicatesEncountered=15871
%%%mzn-stat-end
maxleg = 237;
succ = array1d(1..100,[7, 12, 4, 11, 14, 22, 24, 21, 29, 19, 17, 27, 15, 16, 26, 28, 32, 13, 3, 18, 23, 20, 1, 5, 6, 33, 10, 51, 37, 8, 2, 40, 41, 35, 36, 42, 39, 25, 58, 45, 71, 48, 52, 55, 62, 50, 30, 59, 60, 54, 53, 38, 76, 43, 9, 31, 46, 81, 72, 64, 44, 49, 47, 98, 57, 61, 69, 70, 79, 95, 100, 83, 82, 75, 78, 91, 80, 90, 97, 96, 77, 92, 84, 87, 74, 65, 56, 86, 67, 94, 85, 88, 34, 73, 99, 89, 68, 63, 93, 66]);
% time elapsed: 14.54 s
----------
%%%mzn-stat: initTime=0.095546901
%%%mzn-stat: objective=232
%%%mzn-stat: nodes=33503
%%%mzn-stat: restarts=0
%%%mzn-stat: peakDepth=1148
%%%mzn-stat: solveTime=1.939467761
%%%mzn-stat: variables=1770
%%%mzn-stat: propagators=1414
%%%mzn-stat: failures=2351
%%%mzn-stat: propagations=206555
%%%mzn-stat: nogoods=2351
%%%mzn-stat: numAtomicConstraintsPropagated=0
%%%mzn-stat: allDifferentNumber1TotalHallSetSize=17858
%%%mzn-stat: allDifferentNumber1NumberOfConflicts=2116
%%%mzn-stat: allDifferentNumber1MaxHallSetSize=66
%%%mzn-stat: allDifferentNumber1PropagationsTotal=37025
%%%mzn-stat: allDifferentNumber1PropagationsThatFoundConflict=2116
%%%mzn-stat: circuitNumber2PropagationsThatFoundConflict=158
%%%mzn-stat: circuitNumber2TotalFixedEdgesAtConflict=13976
%%%mzn-stat: circuitNumber2NumberOfConflicts=158
%%%mzn-stat: circuitNumber2PropagationsThatPruned=1978
%%%mzn-stat: circuitNumber2PropagationsTotal=24931
%%%mzn-stat: AverageConflictSize=12.3904721395151
%%%mzn-stat: NumUnitNogoodsLearned=0
%%%mzn-stat: AverageLearnedNogoodLength=20.99617184176946
%%%mzn-stat: AverageBacktrackAmount=0
%%%mzn-stat: AverageLbd=13.613781369629944
%%%mzn-stat: 2AutonomousSearchNumBackupCalled=10323
%%%mzn-stat: 2AutonomousSearchNumPredicatesRemoved=0
%%%mzn-stat: 2AutonomousSearchNumCalls=10333
%%%mzn-stat: 2AutonomousSearchNumPredicatesAdded=5935
%%%mzn-stat: 2AutonomousSearchAverageSizeOfHeap=1.765992451369399
%%%mzn-stat: 2AutonomousSearchNumAssignedPredicatesEncountered=18248
%%%mzn-stat-end
maxleg = 232;
succ = array1d(1..100,[7, 12, 4, 11, 14, 22, 24, 21, 29, 19, 17, 27, 15, 16, 26, 28, 32, 13, 3, 18, 23, 20, 1, 5, 6, 33, 10, 51, 37, 8, 2, 40, 41, 35, 36, 42, 39, 25, 58, 45, 71, 48, 52, 55, 62, 50, 30, 59, 60, 54, 53, 38, 76, 43, 9, 68, 46, 81, 72, 64, 44, 49, 47, 98, 57, 61, 69, 31, 79, 95, 100, 83, 82, 75, 78, 91, 80, 90, 97, 96, 77, 92, 84, 87, 74, 65, 56, 86, 67, 94, 85, 88, 34, 73, 99, 89, 70, 63, 93, 66]);
% time elapsed: 14.57 s
----------
%%%mzn-stat: initTime=0.095546901
%%%mzn-stat: objective=230
%%%mzn-stat: nodes=35363
%%%mzn-stat: restarts=0
%%%mzn-stat: peakDepth=1148
%%%mzn-stat: solveTime=1.9930932989999999
%%%mzn-stat: variables=1770
%%%mzn-stat: propagators=1414
%%%mzn-stat: failures=2390
%%%mzn-stat: propagations=215375
%%%mzn-stat: nogoods=2390
%%%mzn-stat: numAtomicConstraintsPropagated=0
%%%mzn-stat: allDifferentNumber1TotalHallSetSize=17967
%%%mzn-stat: allDifferentNumber1NumberOfConflicts=2154
%%%mzn-stat: allDifferentNumber1MaxHallSetSize=66
%%%mzn-stat: allDifferentNumber1PropagationsTotal=38228
%%%mzn-stat: allDifferentNumber1PropagationsThatFoundConflict=2154
%%%mzn-stat: circuitNumber2PropagationsThatFoundConflict=158
%%%mzn-stat: circuitNumber2TotalFixedEdgesAtConflict=13976
%%%mzn-stat: circuitNumber2NumberOfConflicts=158
%%%mzn-stat: circuitNumber2PropagationsThatPruned=2011
%%%mzn-stat: circuitNumber2PropagationsTotal=25788
%%%mzn-stat: AverageConflictSize=12.243933054393306
%%%mzn-stat: NumUnitNogoodsLearned=0
%%%mzn-stat: AverageLearnedNogoodLength=20.709623430962342
%%%mzn-stat: AverageBacktrackAmount=0
%%%mzn-stat: AverageLbd=13.443514644351465
%%%mzn-stat: 2AutonomousSearchNumBackupCalled=11321
%%%mzn-stat: 2AutonomousSearchNumPredicatesRemoved=0
%%%mzn-stat: 2AutonomousSearchNumCalls=11332
%%%mzn-stat: 2AutonomousSearchNumPredicatesAdded=6042
%%%mzn-stat: 2AutonomousSearchAverageSizeOfHeap=1.8212142605012354
%%%mzn-stat: 2AutonomousSearchNumAssignedPredicatesEncountered=20638
%%%mzn-stat-end
maxleg = 230;
succ = array1d(1..100,[7, 12, 4, 11, 14, 22, 24, 21, 29, 19, 17, 27, 15, 16, 26, 28, 32, 13, 3, 18, 23, 20, 1, 5, 6, 33, 36, 51, 37, 8, 2, 40, 41, 10, 34, 35, 39, 25, 58, 45, 71, 48, 52, 55, 62, 50, 30, 59, 60, 54, 53, 38, 76, 43, 9, 42, 46, 81, 72, 64, 44, 49, 47, 98, 57, 61, 69, 31, 79, 56, 100, 83, 82, 75, 78, 91, 80, 90, 95, 96, 77, 92, 87, 93, 74, 65, 84, 86, 67, 94, 85, 88, 99, 73, 97, 89, 70, 63, 68, 66]);
% time elapsed: 14.63 s
----------
%%%mzn-stat: initTime=0.095546901
%%%mzn-stat: objective=224
%%%mzn-stat: nodes=37900
%%%mzn-stat: restarts=0
%%%mzn-stat: peakDepth=1148
%%%mzn-stat: solveTime=2.102668321
%%%mzn-stat: variables=1770
%%%mzn-stat: propagators=1414
%%%mzn-stat: failures=2580
%%%mzn-stat: propagations=233199
%%%mzn-stat: nogoods=2580
%%%mzn-stat: numAtomicConstraintsPropagated=0
%%%mzn-stat: allDifferentNumber1TotalHallSetSize=18715
%%%mzn-stat: allDifferentNumber1NumberOfConflicts=2315
%%%mzn-stat: allDifferentNumber1MaxHallSetSize=66
%%%mzn-stat: allDifferentNumber1PropagationsTotal=40672
%%%mzn-stat: allDifferentNumber1PropagationsThatFoundConflict=2315
%%%mzn-stat: circuitNumber2PropagationsThatFoundConflict=182
%%%mzn-stat: circuitNumber2TotalFixedEdgesAtConflict=16170
%%%mzn-stat: circuitNumber2NumberOfConflicts=182
%%%mzn-stat: circuitNumber2PropagationsThatPruned=2175
%%%mzn-stat: circuitNumber2PropagationsTotal=27517
%%%mzn-stat: AverageConflictSize=11.902713178294574
%%%mzn-stat: NumUnitNogoodsLearned=0
%%%mzn-stat: AverageLearnedNogoodLength=20.310852713178296
%%%mzn-stat: AverageBacktrackAmount=0
%%%mzn-stat: AverageLbd=13.218217054263565
%%%mzn-stat: 2AutonomousSearchNumBackupCalled=12295
%%%mzn-stat: 2AutonomousSearchNumPredicatesRemoved=0
%%%mzn-stat: 2AutonomousSearchNumCalls=12307
%%%mzn-stat: 2AutonomousSearchNumPredicatesAdded=7113
%%%mzn-stat: 2AutonomousSearchAverageSizeOfHeap=1.9041196067278785
%%%mzn-stat: 2AutonomousSearchNumAssignedPredicatesEncountered=23434
%%%mzn-stat-end
maxleg = 224;
succ = array1d(1..100,[7, 12, 4, 11, 14, 22, 24, 21, 29, 19, 17, 27, 15, 16, 26, 28, 32, 13, 3, 18, 23, 20, 1, 5, 6, 33, 72, 51, 37, 8, 2, 40, 41, 10, 34, 35, 39, 25, 58, 45, 71, 36, 52, 55, 62, 50, 30, 42, 48, 54, 53, 38, 60, 43, 9, 68, 46, 73, 93, 49, 44, 64, 47, 90, 57, 61, 69, 70, 79, 63, 100, 59, 81, 91, 85, 94, 80, 75, 95, 96, 77, 92, 84, 56, 74, 65, 83, 86, 67, 78, 76, 88, 99, 98, 97, 89, 31, 82, 87, 66]);
% time elapsed: 14.75 s
----------
%%%mzn-stat: initTime=0.095546901
%%%mzn-stat: objective=222
%%%mzn-stat: nodes=39193
%%%mzn-stat: restarts=0
%%%mzn-stat: peakDepth=1148
%%%mzn-stat: solveTime=2.125518751
%%%mzn-stat: variables=1770
%%%mzn-stat: propagators=1414
%%%mzn-stat: failures=2592
%%%mzn-stat: propagations=238232
%%%mzn-stat: nogoods=2592
%%%mzn-stat: numAtomicConstraintsPropagated=0
%%%mzn-stat: allDifferentNumber1TotalHallSetSize=18754
%%%mzn-stat: allDifferentNumber1NumberOfConflicts=2326
%%%mzn-stat: allDifferentNumber1MaxHallSetSize=66
%%%mzn-stat: allDifferentNumber1PropagationsTotal=41112
%%%mzn-stat: allDifferentNumber1PropagationsThatFoundConflict=2326
%%%mzn-stat: circuitNumber2PropagationsThatFoundConflict=182
%%%mzn-stat: circuitNumber2TotalFixedEdgesAtConflict=16170
%%%mzn-stat: circuitNumber2NumberOfConflicts=182
%%%mzn-stat: circuitNumber2PropagationsThatPruned=2190
%%%mzn-stat: circuitNumber2PropagationsTotal=27855
%%%mzn-stat: AverageConflictSize=11.875385802469136
%%%mzn-stat: NumUnitNogoodsLearned=0
%%%mzn-stat: AverageLearnedNogoodLength=20.242283950617285
%%%mzn-stat: AverageBacktrackAmount=0
%%%mzn-stat: AverageLbd=13.181327160493828
%%%mzn-stat: 2AutonomousSearchNumBackupCalled=13254
%%%mzn-stat: 2AutonomousSearchNumPredicatesRemoved=0
%%%mzn-stat: 2AutonomousSearchNumCalls=13267
%%%mzn-stat: 2AutonomousSearchNumPredicatesAdded=7152
%%%mzn-stat: 2AutonomousSearchAverageSizeOfHeap=1.9774628778171404
%%%mzn-stat: 2AutonomousSearchNumAssignedPredicatesEncountered=26235
%%%mzn-stat-end
maxleg = 222;
succ = array1d(1..100,[7, 12, 4, 11, 14, 22, 24, 21, 29, 19, 17, 27, 15, 16, 26, 28, 32, 13, 3, 18, 23, 20, 1, 5, 6, 33, 72, 51, 37, 8, 68, 40, 41, 10, 34, 35, 39, 25, 58, 45, 71, 36, 52, 55, 62, 50, 30, 42, 48, 54, 53, 38, 60, 43, 9, 2, 46, 73, 93, 49, 44, 64, 47, 90, 57, 61, 69, 56, 79, 63, 100, 59, 81, 91, 85, 94, 80, 75, 95, 96, 77, 92, 84, 87, 74, 65, 99, 86, 67, 78, 76, 88, 83, 98, 97, 89, 31, 82, 70, 66]);
% time elapsed: 14.78 s
----------
%%%mzn-stat: initTime=0.095546901
%%%mzn-stat: objective=221
%%%mzn-stat: nodes=41304
%%%mzn-stat: restarts=0
%%%mzn-stat: peakDepth=1148
%%%mzn-stat: solveTime=2.19556577
%%%mzn-stat: variables=1770
%%%mzn-stat: propagators=1414
%%%mzn-stat: failures=2644
%%%mzn-stat: propagations=249927
%%%mzn-stat: nogoods=2644
%%%mzn-stat: numAtomicConstraintsPropagated=0
%%%mzn-stat: allDifferentNumber1TotalHallSetSize=19032
%%%mzn-stat: allDifferentNumber1NumberOfConflicts=2378
%%%mzn-stat: allDifferentNumber1MaxHallSetSize=66
%%%mzn-stat: allDifferentNumber1PropagationsTotal=42763
%%%mzn-stat: allDifferentNumber1PropagationsThatFoundConflict=2378
%%%mzn-stat: circuitNumber2PropagationsThatFoundConflict=182
%%%mzn-stat: circuitNumber2TotalFixedEdgesAtConflict=16170
%%%mzn-stat: circuitNumber2NumberOfConflicts=182
%%%mzn-stat: circuitNumber2PropagationsThatPruned=2226
%%%mzn-stat: circuitNumber2PropagationsTotal=29015
%%%mzn-stat: AverageConflictSize=11.840393343419063
%%%mzn-stat: NumUnitNogoodsLearned=0
%%%mzn-stat: AverageLearnedNogoodLength=20.057488653555218
%%%mzn-stat: AverageBacktrackAmount=0
%%%mzn-stat: AverageLbd=13.077912254160363
%%%mzn-stat: 2AutonomousSearchNumBackupCalled=14210
%%%mzn-stat: 2AutonomousSearchNumPredicatesRemoved=0
%%%mzn-stat: 2AutonomousSearchNumCalls=14224
%%%mzn-stat: 2AutonomousSearchNumPredicatesAdded=7572
%%%mzn-stat: 2AutonomousSearchAverageSizeOfHeap=2.0443616422947133
%%%mzn-stat: 2AutonomousSearchNumAssignedPredicatesEncountered=29079
%%%mzn-stat-end
maxleg = 221;
succ = array1d(1..100,[7, 12, 4, 11, 14, 22, 24, 21, 29, 19, 17, 27, 15, 16, 26, 28, 32, 13, 3, 18, 23, 20, 1, 5, 6, 33, 72, 51, 37, 25, 68, 40, 41, 10, 34, 8, 39, 30, 58, 45, 71, 36, 52, 55, 62, 50, 63, 42, 60, 54, 53, 38, 76, 43, 9, 2, 46, 73, 35, 64, 44, 49, 70, 48, 57, 61, 69, 56, 89, 95, 100, 83, 81, 85, 78, 91, 80, 90, 97, 47, 77, 92, 84, 87, 75, 65, 99, 86, 96, 94, 74, 88, 59, 98, 67, 79, 31, 82, 93, 66]);
% time elapsed: 14.85 s
----------
%%%mzn-stat: initTime=0.095546901
%%%mzn-stat: objective=211
%%%mzn-stat: nodes=43083
%%%mzn-stat: restarts=0
%%%mzn-stat: peakDepth=1148
%%%mzn-stat: solveTime=2.250556597
%%%mzn-stat: variables=1770
%%%mzn-stat: propagators=1414
%%%mzn-stat: failures=2702
%%%mzn-stat: propagations=259294
%%%mzn-stat: nogoods=2702
%%%mzn-stat: numAtomicConstraintsPropagated=0
%%%mzn-stat: allDifferentNumber1TotalHallSetSize=19281
%%%mzn-stat: allDifferentNumber1NumberOfConflicts=2433
%%%mzn-stat: allDifferentNumber1MaxHallSetSize=66
%%%mzn-stat: allDifferentNumber1PropagationsTotal=43961
%%%mzn-stat: allDifferentNumber1PropagationsThatFoundConflict=2433
%%%mzn-stat: circuitNumber2PropagationsThatFoundConflict=185
%%%mzn-stat: circuitNumber2TotalFixedEdgesAtConflict=16427
%%%mzn-stat: circuitNumber2NumberOfConflicts=185
%%%mzn-stat: circuitNumber2PropagationsThatPruned=2262
%%%mzn-stat: circuitNumber2PropagationsTotal=29866
%%%mzn-stat: AverageConflictSize=11.743153219837158
%%%mzn-stat: NumUnitNogoodsLearned=0
%%%mzn-stat: AverageLearnedNogoodLength=19.855292376017765
%%%mzn-stat: AverageBacktrackAmount=0
%%%mzn-stat: AverageLbd=12.963360473723169
%%%mzn-stat: 2AutonomousSearchNumBackupCalled=15144
%%%mzn-stat: 2AutonomousSearchNumPredicatesRemoved=0
%%%mzn-stat: 2AutonomousSearchNumCalls=15159
%%%mzn-stat: 2AutonomousSearchNumPredicatesAdded=8018
%%%mzn-stat: 2AutonomousSearchAverageSizeOfHeap=2.1104294478527605
%%%mzn-stat: 2AutonomousSearchNumAssignedPredicatesEncountered=31992
%%%mzn-stat-end
maxleg = 211;
succ = array1d(1..100,[7, 12, 4, 11, 14, 22, 24, 21, 29, 19, 17, 27, 15, 16, 26, 28, 32, 13, 3, 18, 36, 20, 1, 5, 6, 33, 72, 51, 37, 23, 68, 40, 41, 10, 34, 35, 39, 25, 58, 45, 71, 8, 52, 55, 62, 50, 30, 42, 60, 54, 53, 38, 76, 43, 9, 2, 46, 73, 93, 94, 44, 49, 47, 48, 57, 61, 69, 56, 79, 63, 100, 59, 81, 85, 78, 91, 80, 90, 95, 96, 77, 92, 87, 83, 75, 65, 99, 86, 67, 64, 74, 88, 84, 98, 97, 89, 31, 82, 70, 66]);
% time elapsed: 14.91 s
----------
%%%mzn-stat: initTime=0.095546901
%%%mzn-stat: objective=209
%%%mzn-stat: nodes=44541
%%%mzn-stat: restarts=0
%%%mzn-stat: peakDepth=1148
%%%mzn-stat: solveTime=2.290412253
%%%mzn-stat: variables=1770
%%%mzn-stat: propagators=1414
%%%mzn-stat: failures=2724
%%%mzn-stat: propagations=265979
%%%mzn-stat: nogoods=2724
%%%mzn-stat: numAtomicConstraintsPropagated=0
%%%mzn-stat: allDifferentNumber1TotalHallSetSize=19362
%%%mzn-stat: allDifferentNumber1NumberOfConflicts=2453
%%%mzn-stat: allDifferentNumber1MaxHallSetSize=66
%%%mzn-stat: allDifferentNumber1PropagationsTotal=44695
%%%mzn-stat: allDifferentNumber1PropagationsThatFoundConflict=2453
%%%mzn-stat: circuitNumber2PropagationsThatFoundConflict=187
%%%mzn-stat: circuitNumber2TotalFixedEdgesAtConflict=16578
%%%mzn-stat: circuitNumber2NumberOfConflicts=187
%%%mzn-stat: circuitNumber2PropagationsThatPruned=2277
%%%mzn-stat: circuitNumber2PropagationsTotal=30414
%%%mzn-stat: AverageConflictSize=11.729809104258443
%%%mzn-stat: NumUnitNogoodsLearned=0
%%%mzn-stat: AverageLearnedNogoodLength=19.813142437591775
%%%mzn-stat: AverageBacktrackAmount=0
%%%mzn-stat: AverageLbd=12.941262848751835
%%%mzn-stat: 2AutonomousSearchNumBackupCalled=16059
%%%mzn-stat: 2AutonomousSearchNumPredicatesRemoved=0
%%%mzn-stat: 2AutonomousSearchNumCalls=16075
%%%mzn-stat: 2AutonomousSearchNumPredicatesAdded=8461
%%%mzn-stat: 2AutonomousSearchAverageSizeOfHeap=2.1736858475894247
%%%mzn-stat: 2AutonomousSearchNumAssignedPredicatesEncountered=34942
%%%mzn-stat-end
maxleg = 209;
succ = array1d(1..100,[7, 12, 4, 11, 14, 22, 24, 21, 29, 19, 17, 27, 15, 16, 26, 28, 32, 13, 34, 18, 36, 20, 1, 5, 6, 33, 72, 51, 37, 23, 68, 40, 41, 35, 3, 10, 39, 25, 58, 45, 71, 8, 52, 55, 62, 50, 30, 42, 60, 54, 53, 38, 76, 43, 9, 2, 46, 73, 93, 94, 44, 49, 47, 48, 57, 61, 69, 56, 79, 63, 100, 59, 81, 85, 78, 91, 80, 90, 95, 96, 77, 92, 87, 83, 75, 65, 99, 86, 67, 64, 74, 88, 84, 98, 97, 89, 31, 82, 70, 66]);
% time elapsed: 14.95 s
----------
%%%mzn-stat: initTime=0.095546901
%%%mzn-stat: objective=208
%%%mzn-stat: nodes=45942
%%%mzn-stat: restarts=0
%%%mzn-stat: peakDepth=1148
%%%mzn-stat: solveTime=2.322868702
%%%mzn-stat: variables=1770
%%%mzn-stat: propagators=1414
%%%mzn-stat: failures=2741
%%%mzn-stat: propagations=272036
%%%mzn-stat: nogoods=2741
%%%mzn-stat: numAtomicConstraintsPropagated=0
%%%mzn-stat: allDifferentNumber1TotalHallSetSize=19421
%%%mzn-stat: allDifferentNumber1NumberOfConflicts=2470
%%%mzn-stat: allDifferentNumber1MaxHallSetSize=66
%%%mzn-stat: allDifferentNumber1PropagationsTotal=45363
%%%mzn-stat: allDifferentNumber1PropagationsThatFoundConflict=2470
%%%mzn-stat: circuitNumber2PropagationsThatFoundConflict=187
%%%mzn-stat: circuitNumber2TotalFixedEdgesAtConflict=16578
%%%mzn-stat: circuitNumber2NumberOfConflicts=187
%%%mzn-stat: circuitNumber2PropagationsThatPruned=2286
%%%mzn-stat: circuitNumber2PropagationsTotal=30890
%%%mzn-stat: AverageConflictSize=11.689164538489603
%%%mzn-stat: NumUnitNogoodsLearned=0
%%%mzn-stat: AverageLearnedNogoodLength=19.722364100693177
%%%mzn-stat: AverageBacktrackAmount=0
%%%mzn-stat: AverageLbd=12.886537759941627
%%%mzn-stat: 2AutonomousSearchNumBackupCalled=16982
%%%mzn-stat: 2AutonomousSearchNumPredicatesRemoved=0
%%%mzn-stat: 2AutonomousSearchNumCalls=16999
%%%mzn-stat: 2AutonomousSearchNumPredicatesAdded=8513
%%%mzn-stat: 2AutonomousSearchAverageSizeOfHeap=2.229660568268722
%%%mzn-stat: 2AutonomousSearchNumAssignedPredicatesEncountered=37902
%%%mzn-stat-end
maxleg = 208;
succ = array1d(1..100,[7, 12, 4, 11, 14, 22, 24, 21, 29, 19, 17, 27, 15, 16, 26, 28, 32, 13, 34, 18, 36, 20, 1, 5, 6, 33, 72, 51, 37, 23, 68, 40, 41, 35, 45, 10, 39, 25, 58, 74, 71, 8, 52, 55, 3, 50, 30, 42, 60, 54, 53, 38, 76, 43, 9, 2, 46, 73, 93, 64, 44, 49, 47, 48, 57, 61, 69, 56, 79, 63, 100, 59, 81, 85, 78, 91, 80, 90, 95, 96, 77, 92, 87, 83, 75, 65, 99, 86, 67, 94, 62, 88, 84, 98, 97, 89, 31, 82, 70, 66]);
% time elapsed: 14.99 s
----------
%%%mzn-stat: initTime=0.095546901
%%%mzn-stat: objective=206
%%%mzn-stat: nodes=47598
%%%mzn-stat: restarts=0
%%%mzn-stat: peakDepth=1148
%%%mzn-stat: solveTime=2.37248036
%%%mzn-stat: variables=1770
%%%mzn-stat: propagators=1414
%%%mzn-stat: failures=2774
%%%mzn-stat: propagations=280956
%%%mzn-stat: nogoods=2774
%%%mzn-stat: numAtomicConstraintsPropagated=0
%%%mzn-stat: allDifferentNumber1TotalHallSetSize=19560
%%%mzn-stat: allDifferentNumber1NumberOfConflicts=2503
%%%mzn-stat: allDifferentNumber1MaxHallSetSize=66
%%%mzn-stat: allDifferentNumber1PropagationsTotal=46418
%%%mzn-stat: allDifferentNumber1PropagationsThatFoundConflict=2503
%%%mzn-stat: circuitNumber2PropagationsThatFoundConflict=187
%%%mzn-stat: circuitNumber2TotalFixedEdgesAtConflict=16578
%%%mzn-stat: circuitNumber2NumberOfConflicts=187
%%%mzn-stat: circuitNumber2PropagationsThatPruned=2329
%%%mzn-stat: circuitNumber2PropagationsTotal=31656
%%%mzn-stat: AverageConflictSize=11.655731795241529
%%%mzn-stat: NumUnitNogoodsLearned=0
%%%mzn-stat: AverageLearnedNogoodLength=19.591925018024515
%%%mzn-stat: AverageBacktrackAmount=0
%%%mzn-stat: AverageLbd=12.806416726748377
%%%mzn-stat: 2AutonomousSearchNumBackupCalled=17888
%%%mzn-stat: 2AutonomousSearchNumPredicatesRemoved=0
%%%mzn-stat: 2AutonomousSearchNumCalls=17906
%%%mzn-stat: 2AutonomousSearchNumPredicatesAdded=8681
%%%mzn-stat: 2AutonomousSearchAverageSizeOfHeap=2.2828102312074163
%%%mzn-stat: 2AutonomousSearchNumAssignedPredicatesEncountered=40876
%%%mzn-stat-end
maxleg = 206;
succ = array1d(1..100,[7, 12, 4, 11, 14, 22, 24, 21, 29, 19, 17, 27, 15, 16, 26, 28, 32, 13, 34, 18, 42, 20, 1, 5, 6, 33, 72, 51, 37, 23, 68, 40, 41, 35, 36, 59, 39, 25, 58, 45, 71, 10, 52, 55, 62, 50, 30, 64, 60, 54, 53, 38, 76, 43, 9, 2, 46, 81, 93, 73, 44, 49, 47, 90, 57, 61, 69, 8, 79, 63, 100, 83, 82, 85, 78, 94, 80, 3, 95, 96, 77, 92, 84, 87, 75, 65, 99, 86, 67, 91, 74, 88, 56, 98, 97, 89, 31, 48, 70, 66]);
% time elapsed: 15.04 s
----------
%%%mzn-stat: initTime=0.095546901
%%%mzn-stat: objective=205
%%%mzn-stat: nodes=51014
%%%mzn-stat: restarts=0
%%%mzn-stat: peakDepth=1148
%%%mzn-stat: solveTime=2.558337213
%%%mzn-stat: variables=1770
%%%mzn-stat: propagators=1414
%%%mzn-stat: failures=3195
%%%mzn-stat: propagations=310267
%%%mzn-stat: nogoods=3195
%%%mzn-stat: numAtomicConstraintsPropagated=0
%%%mzn-stat: allDifferentNumber1TotalHallSetSize=22735
%%%mzn-stat: allDifferentNumber1NumberOfConflicts=2887
%%%mzn-stat: allDifferentNumber1MaxHallSetSize=66
%%%mzn-stat: allDifferentNumber1PropagationsTotal=50444
%%%mzn-stat: allDifferentNumber1PropagationsThatFoundConflict=2887
%%%mzn-stat: circuitNumber2PropagationsThatFoundConflict=202
%%%mzn-stat: circuitNumber2TotalFixedEdgesAtConflict=17739
%%%mzn-stat: circuitNumber2NumberOfConflicts=202
%%%mzn-stat: circuitNumber2PropagationsThatPruned=2530
%%%mzn-stat: circuitNumber2PropagationsTotal=34313
%%%mzn-stat: AverageConflictSize=11.970266040688577
%%%mzn-stat: NumUnitNogoodsLearned=0
%%%mzn-stat: AverageLearnedNogoodLength=19.516431924882628
%%%mzn-stat: AverageBacktrackAmount=0
%%%mzn-stat: AverageLbd=12.769640062597809
%%%mzn-stat: 2AutonomousSearchNumBackupCalled=18799
%%%mzn-stat: 2AutonomousSearchNumPredicatesRemoved=0
%%%mzn-stat: 2AutonomousSearchNumCalls=18818
%%%mzn-stat: 2AutonomousSearchNumPredicatesAdded=10661
%%%mzn-stat: 2AutonomousSearchAverageSizeOfHeap=2.3744287384419174
%%%mzn-stat: 2AutonomousSearchNumAssignedPredicatesEncountered=44682
%%%mzn-stat-end
maxleg = 205;
succ = array1d(1..100,[7, 12, 4, 11, 14, 22, 24, 21, 29, 19, 17, 27, 15, 16, 26, 28, 32, 13, 34, 18, 42, 20, 1, 5, 6, 33, 72, 51, 37, 23, 68, 40, 41, 36, 10, 59, 39, 25, 58, 35, 71, 56, 52, 55, 3, 50, 30, 64, 60, 54, 53, 38, 76, 57, 9, 70, 77, 73, 93, 90, 44, 45, 47, 49, 46, 61, 43, 95, 67, 97, 100, 83, 81, 85, 78, 94, 80, 62, 89, 63, 82, 92, 84, 87, 75, 65, 99, 86, 96, 91, 74, 88, 2, 98, 79, 69, 31, 48, 8, 66]);
% time elapsed: 15.23 s
----------
%%%mzn-stat: initTime=0.095546901
%%%mzn-stat: objective=204
%%%mzn-stat: nodes=58351
%%%mzn-stat: restarts=0
%%%mzn-stat: peakDepth=1148
%%%mzn-stat: solveTime=3.3107859
%%%mzn-stat: variables=1770
%%%mzn-stat: propagators=1414
%%%mzn-stat: failures=4864
%%%mzn-stat: propagations=393925
%%%mzn-stat: nogoods=4864
%%%mzn-stat: numAtomicConstraintsPropagated=0
%%%mzn-stat: allDifferentNumber1TotalHallSetSize=40317
%%%mzn-stat: allDifferentNumber1NumberOfConflicts=4252
%%%mzn-stat: allDifferentNumber1MaxHallSetSize=66
%%%mzn-stat: allDifferentNumber1PropagationsTotal=60773
%%%mzn-stat: allDifferentNumber1PropagationsThatFoundConflict=4252
%%%mzn-stat: circuitNumber2PropagationsThatFoundConflict=215
%%%mzn-stat: circuitNumber2TotalFixedEdgesAtConflict=18682
%%%mzn-stat: circuitNumber2NumberOfConflicts=215
%%%mzn-stat: circuitNumber2PropagationsThatPruned=2649
%%%mzn-stat: circuitNumber2PropagationsTotal=40639
%%%mzn-stat: AverageConflictSize=16.18421052631579
%%%mzn-stat: NumUnitNogoodsLearned=0
%%%mzn-stat: AverageLearnedNogoodLength=25.129934210526315
%%%mzn-stat: AverageBacktrackAmount=0
%%%mzn-stat: AverageLbd=15.703536184210526
%%%mzn-stat: 2AutonomousSearchNumBackupCalled=19690
%%%mzn-stat: 2AutonomousSearchNumPredicatesRemoved=0
%%%mzn-stat: 2AutonomousSearchNumCalls=19710
%%%mzn-stat: 2AutonomousSearchNumPredicatesAdded=13127
%%%mzn-stat: 2AutonomousSearchAverageSizeOfHeap=2.4895484525621514
%%%mzn-stat: 2AutonomousSearchNumAssignedPredicatesEncountered=49069
%%%mzn-stat-end
maxleg = 204;
succ = array1d(1..100,[7, 12, 4, 11, 14, 22, 24, 21, 29, 19, 17, 27, 15, 16, 26, 28, 32, 13, 34, 18, 42, 20, 30, 5, 6, 33, 72, 51, 37, 25, 68, 40, 41, 36, 10, 59, 39, 52, 1, 35, 58, 48, 67, 55, 3, 50, 23, 64, 60, 54, 53, 43, 76, 57, 9, 2, 77, 71, 93, 73, 44, 45, 47, 49, 46, 61, 69, 70, 89, 63, 100, 83, 81, 85, 78, 94, 80, 62, 95, 38, 98, 92, 84, 87, 75, 65, 99, 86, 96, 91, 74, 88, 56, 90, 97, 79, 31, 82, 8, 66]);
% time elapsed: 15.99 s
----------
%%%mzn-stat: initTime=0.095546901
%%%mzn-stat: objective=203
%%%mzn-stat: nodes=59525
%%%mzn-stat: restarts=0
%%%mzn-stat: peakDepth=1148
%%%mzn-stat: solveTime=3.33613439
%%%mzn-stat: variables=1770
%%%mzn-stat: propagators=1414
%%%mzn-stat: failures=4877
%%%mzn-stat: propagations=398811
%%%mzn-stat: nogoods=4877
%%%mzn-stat: numAtomicConstraintsPropagated=0
%%%mzn-stat: allDifferentNumber1TotalHallSetSize=40346
%%%mzn-stat: allDifferentNumber1NumberOfConflicts=4263
%%%mzn-stat: allDifferentNumber1MaxHallSetSize=66
%%%mzn-stat: allDifferentNumber1PropagationsTotal=61226
%%%mzn-stat: allDifferentNumber1PropagationsThatFoundConflict=4263
%%%mzn-stat: circuitNumber2PropagationsThatFoundConflict=216
%%%mzn-stat: circuitNumber2TotalFixedEdgesAtConflict=18773
%%%mzn-stat: circuitNumber2NumberOfConflicts=216
%%%mzn-stat: circuitNumber2PropagationsThatPruned=2672
%%%mzn-stat: circuitNumber2PropagationsTotal=40961
%%%mzn-stat: AverageConflictSize=16.151117490260408
%%%mzn-stat: NumUnitNogoodsLearned=0
%%%mzn-stat: AverageLearnedNogoodLength=25.077301619848267
%%%mzn-stat: AverageBacktrackAmount=0
%%%mzn-stat: AverageLbd=15.673569817510765
%%%mzn-stat: 2AutonomousSearchNumBackupCalled=20559
%%%mzn-stat: 2AutonomousSearchNumPredicatesRemoved=0
%%%mzn-stat: 2AutonomousSearchNumCalls=20580
%%%mzn-stat: 2AutonomousSearchNumPredicatesAdded=13382
%%%mzn-stat: 2AutonomousSearchAverageSizeOfHeap=2.598056365403304
%%%mzn-stat: 2AutonomousSearchNumAssignedPredicatesEncountered=53468
%%%mzn-stat-end
maxleg = 203;
succ = array1d(1..100,[7, 12, 4, 11, 14, 22, 24, 21, 29, 19, 17, 27, 15, 16, 26, 28, 32, 13, 34, 18, 42, 20, 30, 5, 6, 33, 72, 51, 37, 47, 68, 40, 41, 36, 10, 59, 39, 25, 1, 35, 58, 48, 52, 61, 3, 50, 63, 64, 60, 54, 53, 38, 76, 57, 9, 2, 65, 71, 93, 73, 66, 45, 70, 49, 86, 100, 43, 95, 67, 97, 82, 83, 94, 62, 85, 91, 80, 75, 89, 23, 77, 92, 84, 87, 74, 88, 99, 44, 96, 78, 90, 46, 56, 98, 79, 69, 31, 81, 8, 55]);
% time elapsed: 16.02 s
----------
%%%mzn-stat: initTime=0.095546901
%%%mzn-stat: objective=202
%%%mzn-stat: nodes=60614
%%%mzn-stat: restarts=0
%%%mzn-stat: peakDepth=1148
%%%mzn-stat: solveTime=3.362390479
%%%mzn-stat: variables=1770
%%%mzn-stat: propagators=1414
%%%mzn-stat: failures=4918
%%%mzn-stat: propagations=403331
%%%mzn-stat: nogoods=4918
%%%mzn-stat: numAtomicConstraintsPropagated=0
%%%mzn-stat: allDifferentNumber1TotalHallSetSize=40707
%%%mzn-stat: allDifferentNumber1NumberOfConflicts=4303
%%%mzn-stat: allDifferentNumber1MaxHallSetSize=66
%%%mzn-stat: allDifferentNumber1PropagationsTotal=61569
%%%mzn-stat: allDifferentNumber1PropagationsThatFoundConflict=4303
%%%mzn-stat: circuitNumber2PropagationsThatFoundConflict=216
%%%mzn-stat: circuitNumber2TotalFixedEdgesAtConflict=18773
%%%mzn-stat: circuitNumber2NumberOfConflicts=216
%%%mzn-stat: circuitNumber2PropagationsThatPruned=2692
%%%mzn-stat: circuitNumber2PropagationsTotal=41181
%%%mzn-stat: AverageConflictSize=16.18137454249695
%%%mzn-stat: NumUnitNogoodsLearned=0
%%%mzn-stat: AverageLearnedNogoodLength=25.13155754371696
%%%mzn-stat: AverageBacktrackAmount=0
%%%mzn-stat: AverageLbd=15.682797885319236
%%%mzn-stat: 2AutonomousSearchNumBackupCalled=21424
%%%mzn-stat: 2AutonomousSearchNumPredicatesRemoved=0
%%%mzn-stat: 2AutonomousSearchNumCalls=21446
%%%mzn-stat: 2AutonomousSearchNumPredicatesAdded=14076
%%%mzn-stat: 2AutonomousSearchAverageSizeOfHeap=2.7014361652522614
%%%mzn-stat: 2AutonomousSearchNumAssignedPredicatesEncountered=57935
%%%mzn-stat-end
maxleg = 202;
succ = array1d(1..100,[7, 12, 4, 11, 14, 22, 24, 21, 29, 19, 17, 27, 15, 16, 26, 28, 32, 13, 34, 18, 42, 20, 30, 5, 6, 33, 72, 51, 37, 47, 68, 40, 41, 36, 10, 59, 39, 25, 1, 35, 58, 48, 52, 61, 3, 50, 63, 64, 60, 54, 85, 38, 76, 57, 9, 2, 65, 71, 93, 53, 66, 45, 70, 49, 86, 100, 43, 95, 67, 97, 73, 83, 82, 62, 78, 91, 80, 74, 89, 23, 77, 92, 84, 87, 75, 88, 99, 44, 96, 94, 90, 46, 56, 98, 79, 69, 31, 81, 8, 55]);
% time elapsed: 16.05 s
----------
%%%mzn-stat: initTime=0.095546901
%%%mzn-stat: objective=200
%%%mzn-stat: nodes=61719
%%%mzn-stat: restarts=0
%%%mzn-stat: peakDepth=1148
%%%mzn-stat: solveTime=3.382523833
%%%mzn-stat: variables=1770
%%%mzn-stat: propagators=1414
%%%mzn-stat: failures=4929
%%%mzn-stat: propagations=407885
%%%mzn-stat: nogoods=4929
%%%mzn-stat: numAtomicConstraintsPropagated=0
%%%mzn-stat: allDifferentNumber1TotalHallSetSize=40740
%%%mzn-stat: allDifferentNumber1NumberOfConflicts=4314
%%%mzn-stat: allDifferentNumber1MaxHallSetSize=66
%%%mzn-stat: allDifferentNumber1PropagationsTotal=61943
%%%mzn-stat: allDifferentNumber1PropagationsThatFoundConflict=4314
%%%mzn-stat: circuitNumber2PropagationsThatFoundConflict=216
%%%mzn-stat: circuitNumber2TotalFixedEdgesAtConflict=18773
%%%mzn-stat: circuitNumber2NumberOfConflicts=216
%%%mzn-stat: circuitNumber2PropagationsThatPruned=2708
%%%mzn-stat: circuitNumber2PropagationsTotal=41446
%%%mzn-stat: AverageConflictSize=16.154189490768918
%%%mzn-stat: NumUnitNogoodsLearned=0
%%%mzn-stat: AverageLearnedNogoodLength=25.085007100831813
%%%mzn-stat: AverageBacktrackAmount=0
%%%mzn-stat: AverageLbd=15.65611685940353
%%%mzn-stat: 2AutonomousSearchNumBackupCalled=22274
%%%mzn-stat: 2AutonomousSearchNumPredicatesRemoved=0
%%%mzn-stat: 2AutonomousSearchNumCalls=22297
%%%mzn-stat: 2AutonomousSearchNumPredicatesAdded=14181
%%%mzn-stat: 2AutonomousSearchAverageSizeOfHeap=2.7986724671480467
%%%mzn-stat: 2AutonomousSearchNumAssignedPredicatesEncountered=62402
%%%mzn-stat-end
maxleg = 200;
succ = array1d(1..100,[7, 12, 4, 11, 14, 22, 24, 21, 29, 19, 17, 27, 15, 16, 26, 28, 32, 13, 34, 18, 42, 20, 30, 5, 6, 33, 72, 51, 37, 47, 68, 40, 41, 36, 10, 59, 39, 25, 1, 35, 58, 48, 67, 61, 3, 50, 63, 64, 60, 54, 85, 38, 76, 57, 9, 2, 65, 71, 93, 53, 66, 45, 70, 49, 86, 100, 52, 95, 43, 97, 73, 83, 82, 62, 78, 91, 80, 74, 89, 23, 77, 92, 84, 87, 75, 88, 99, 44, 96, 94, 90, 46, 56, 98, 79, 69, 31, 81, 8, 55]);
% time elapsed: 16.08 s
----------
%%%mzn-stat: initTime=0.095546901
%%%mzn-stat: objective=199
%%%mzn-stat: nodes=63290
%%%mzn-stat: restarts=0
%%%mzn-stat: peakDepth=1148
%%%mzn-stat: solveTime=3.442996688
%%%mzn-stat: variables=1770
%%%mzn-stat: propagators=1414
%%%mzn-stat: failures=4969
%%%mzn-stat: propagations=417462
%%%mzn-stat: nogoods=4969
%%%mzn-stat: numAtomicConstraintsPropagated=0
%%%mzn-stat: allDifferentNumber1TotalHallSetSize=41138
%%%mzn-stat: allDifferentNumber1NumberOfConflicts=4351
%%%mzn-stat: allDifferentNumber1MaxHallSetSize=66
%%%mzn-stat: allDifferentNumber1PropagationsTotal=63037
%%%mzn-stat: allDifferentNumber1PropagationsThatFoundConflict=4351
%%%mzn-stat: circuitNumber2PropagationsThatFoundConflict=218
%%%mzn-stat: circuitNumber2TotalFixedEdgesAtConflict=18941
%%%mzn-stat: circuitNumber2NumberOfConflicts=218
%%%mzn-stat: circuitNumber2PropagationsThatPruned=2759
%%%mzn-stat: circuitNumber2PropagationsTotal=42199
%%%mzn-stat: AverageConflictSize=16.219762527671563
%%%mzn-stat: NumUnitNogoodsLearned=0
%%%mzn-stat: AverageLearnedNogoodLength=25.10022137250956
%%%mzn-stat: AverageBacktrackAmount=0
%%%mzn-stat: AverageLbd=15.634936606963171
%%%mzn-stat: 2AutonomousSearchNumBackupCalled=23118
%%%mzn-stat: 2AutonomousSearchNumPredicatesRemoved=0
%%%mzn-stat: 2AutonomousSearchNumCalls=23142
%%%mzn-stat: 2AutonomousSearchNumPredicatesAdded=14914
%%%mzn-stat: 2AutonomousSearchAverageSizeOfHeap=2.8905021173623715
%%%mzn-stat: 2AutonomousSearchNumAssignedPredicatesEncountered=66892
%%%mzn-stat-end
maxleg = 199;
succ = array1d(1..100,[7, 12, 4, 11, 14, 22, 24, 21, 29, 19, 17, 27, 15, 51, 26, 28, 32, 13, 34, 18, 42, 20, 30, 5, 6, 33, 72, 62, 37, 47, 68, 16, 41, 36, 10, 59, 39, 25, 1, 3, 58, 48, 67, 61, 35, 50, 63, 64, 60, 54, 85, 38, 76, 57, 9, 2, 65, 71, 93, 73, 66, 45, 70, 49, 86, 100, 52, 95, 43, 97, 82, 83, 98, 40, 78, 91, 80, 90, 89, 23, 77, 92, 84, 87, 75, 88, 99, 44, 96, 94, 74, 46, 56, 53, 79, 69, 31, 81, 8, 55]);
% time elapsed: 16.15 s
----------
%%%mzn-stat: initTime=0.095546901
%%%mzn-stat: objective=197
%%%mzn-stat: nodes=64518
%%%mzn-stat: restarts=0
%%%mzn-stat: peakDepth=1148
%%%mzn-stat: solveTime=3.476458991
%%%mzn-stat: variables=1770
%%%mzn-stat: propagators=1414
%%%mzn-stat: failures=4996
%%%mzn-stat: propagations=423899
%%%mzn-stat: nogoods=4996
%%%mzn-stat: numAtomicConstraintsPropagated=0
%%%mzn-stat: allDifferentNumber1TotalHallSetSize=41364
%%%mzn-stat: allDifferentNumber1NumberOfConflicts=4377
%%%mzn-stat: allDifferentNumber1MaxHallSetSize=66
%%%mzn-stat: allDifferentNumber1PropagationsTotal=63695
%%%mzn-stat: allDifferentNumber1PropagationsThatFoundConflict=4377
%%%mzn-stat: circuitNumber2PropagationsThatFoundConflict=218
%%%mzn-stat: circuitNumber2TotalFixedEdgesAtConflict=18941
%%%mzn-stat: circuitNumber2NumberOfConflicts=218
%%%mzn-stat: circuitNumber2PropagationsThatPruned=2801
%%%mzn-stat: circuitNumber2PropagationsTotal=42637
%%%mzn-stat: AverageConflictSize=16.229583666933546
%%%mzn-stat: NumUnitNogoodsLearned=0
%%%mzn-stat: AverageLearnedNogoodLength=25.08787029623699
%%%mzn-stat: AverageBacktrackAmount=0
%%%mzn-stat: AverageLbd=15.609287429943954
%%%mzn-stat: 2AutonomousSearchNumBackupCalled=23945
%%%mzn-stat: 2AutonomousSearchNumPredicatesRemoved=0
%%%mzn-stat: 2AutonomousSearchNumCalls=23970
%%%mzn-stat: 2AutonomousSearchNumPredicatesAdded=15425
%%%mzn-stat: 2AutonomousSearchAverageSizeOfHeap=2.9786816854401335
%%%mzn-stat: 2AutonomousSearchNumAssignedPredicatesEncountered=71399
%%%mzn-stat-end
maxleg = 197;
succ = array1d(1..100,[7, 12, 4, 11, 14, 22, 24, 21, 29, 19, 17, 27, 15, 51, 26, 28, 32, 13, 34, 18, 42, 20, 30, 5, 6, 33, 72, 62, 55, 47, 68, 16, 41, 36, 10, 59, 39, 25, 1, 3, 37, 48, 67, 61, 35, 50, 63, 64, 60, 54, 85, 38, 76, 57, 66, 2, 65, 71, 93, 73, 9, 45, 70, 98, 86, 100, 52, 95, 43, 97, 81, 83, 82, 40, 78, 91, 80, 90, 89, 23, 77, 92, 84, 87, 75, 88, 99, 44, 96, 94, 74, 46, 56, 53, 79, 69, 31, 49, 8, 58]);
% time elapsed: 16.19 s
----------
%%%mzn-stat: initTime=0.095546901
%%%mzn-stat: objective=196
%%%mzn-stat: nodes=65668
%%%mzn-stat: restarts=0
%%%mzn-stat: peakDepth=1148
%%%mzn-stat: solveTime=3.502228354
%%%mzn-stat: variables=1770
%%%mzn-stat: propagators=1414
%%%mzn-stat: failures=5032
%%%mzn-stat: propagations=429680
%%%mzn-stat: nogoods=5032
%%%mzn-stat: numAtomicConstraintsPropagated=0
%%%mzn-stat: allDifferentNumber1TotalHallSetSize=41554
%%%mzn-stat: allDifferentNumber1NumberOfConflicts=4410
%%%mzn-stat: allDifferentNumber1MaxHallSetSize=66
%%%mzn-stat: allDifferentNumber1PropagationsTotal=64196
%%%mzn-stat: allDifferentNumber1PropagationsThatFoundConflict=4410
%%%mzn-stat: circuitNumber2PropagationsThatFoundConflict=218
%%%mzn-stat: circuitNumber2TotalFixedEdgesAtConflict=18941
%%%mzn-stat: circuitNumber2NumberOfConflicts=218
%%%mzn-stat: circuitNumber2PropagationsThatPruned=2810
%%%mzn-stat: circuitNumber2PropagationsTotal=42959
%%%mzn-stat: AverageConflictSize=16.204292527821938
%%%mzn-stat: NumUnitNogoodsLearned=0
%%%mzn-stat: AverageLearnedNogoodLength=25.015898251192368
%%%mzn-stat: AverageBacktrackAmount=0
%%%mzn-stat: AverageLbd=15.553259141494436
%%%mzn-stat: 2AutonomousSearchNumBackupCalled=24791
%%%mzn-stat: 2AutonomousSearchNumPredicatesRemoved=0
%%%mzn-stat: 2AutonomousSearchNumCalls=24817
%%%mzn-stat: 2AutonomousSearchNumPredicatesAdded=16206
%%%mzn-stat: 2AutonomousSearchAverageSizeOfHeap=3.0666075673933193
%%%mzn-stat: 2AutonomousSearchNumAssignedPredicatesEncountered=76104
%%%mzn-stat-end
maxleg = 196;
succ = array1d(1..100,[7, 12, 4, 11, 14, 22, 24, 21, 29, 19, 17, 27, 15, 51, 26, 28, 32, 13, 34, 18, 42, 20, 30, 5, 6, 33, 72, 62, 55, 47, 68, 16, 41, 36, 10, 59, 39, 25, 1, 3, 37, 48, 67, 61, 35, 50, 63, 64, 60, 54, 85, 38, 76, 57, 66, 70, 65, 71, 93, 73, 9, 45, 80, 98, 86, 100, 69, 95, 79, 8, 81, 83, 82, 40, 78, 91, 23, 90, 97, 96, 77, 92, 84, 56, 75, 88, 2, 44, 43, 94, 74, 46, 99, 53, 52, 89, 31, 49, 87, 58]);
% time elapsed: 16.22 s
----------
%%%mzn-stat: initTime=0.095546901
%%%mzn-stat: objective=195
%%%mzn-stat: nodes=67225
%%%mzn-stat: restarts=0
%%%mzn-stat: peakDepth=1148
%%%mzn-stat: solveTime=3.552382858
%%%mzn-stat: variables=1770
%%%mzn-stat: propagators=1414
%%%mzn-stat: failures=5062
%%%mzn-stat: propagations=440261
%%%mzn-stat: nogoods=5062
%%%mzn-stat: numAtomicConstraintsPropagated=0
%%%mzn-stat: allDifferentNumber1TotalHallSetSize=41629
%%%mzn-stat: allDifferentNumber1NumberOfConflicts=4440
%%%mzn-stat: allDifferentNumber1MaxHallSetSize=66
%%%mzn-stat: allDifferentNumber1PropagationsTotal=65443
%%%mzn-stat: allDifferentNumber1PropagationsThatFoundConflict=4440
%%%mzn-stat: circuitNumber2PropagationsThatFoundConflict=218
%%%mzn-stat: circuitNumber2TotalFixedEdgesAtConflict=18941
%%%mzn-stat: circuitNumber2NumberOfConflicts=218
%%%mzn-stat: circuitNumber2PropagationsThatPruned=2861
%%%mzn-stat: circuitNumber2PropagationsTotal=43756
%%%mzn-stat: AverageConflictSize=16.125642038719874
%%%mzn-stat: NumUnitNogoodsLearned=0
%%%mzn-stat: AverageLearnedNogoodLength=24.890557092058476
%%%mzn-stat: AverageBacktrackAmount=0
%%%mzn-stat: AverageLbd=15.479849861714737
%%%mzn-stat: 2AutonomousSearchNumBackupCalled=25621
%%%mzn-stat: 2AutonomousSearchNumPredicatesRemoved=0
%%%mzn-stat: 2AutonomousSearchNumCalls=25648
%%%mzn-stat: 2AutonomousSearchNumPredicatesAdded=16376
%%%mzn-stat: 2AutonomousSearchAverageSizeOfHeap=3.1509669369931377
%%%mzn-stat: 2AutonomousSearchNumAssignedPredicatesEncountered=80816
%%%mzn-stat-end
maxleg = 195;
succ = array1d(1..100,[7, 12, 4, 11, 14, 22, 24, 21, 29, 19, 17, 27, 15, 51, 26, 28, 32, 13, 34, 18, 42, 20, 30, 5, 38, 33, 72, 62, 55, 47, 68, 16, 41, 36, 10, 59, 39, 6, 1, 3, 37, 48, 25, 61, 35, 50, 63, 64, 60, 54, 85, 67, 76, 57, 66, 70, 65, 71, 93, 73, 9, 45, 80, 98, 86, 100, 43, 95, 79, 8, 81, 83, 82, 40, 78, 91, 23, 90, 97, 96, 77, 92, 84, 56, 75, 88, 2, 44, 69, 94, 74, 46, 99, 53, 52, 89, 31, 49, 87, 58]);
% time elapsed: 16.27 s
----------
%%%mzn-stat: initTime=0.095546901
%%%mzn-stat: objective=194
%%%mzn-stat: nodes=69532
%%%mzn-stat: restarts=0
%%%mzn-stat: peakDepth=1148
%%%mzn-stat: solveTime=3.666326048
%%%mzn-stat: variables=1770
%%%mzn-stat: propagators=1414
%%%mzn-stat: failures=5150
%%%mzn-stat: propagations=459321
%%%mzn-stat: nogoods=5150
%%%mzn-stat: numAtomicConstraintsPropagated=0
%%%mzn-stat: allDifferentNumber1TotalHallSetSize=42418
%%%mzn-stat: allDifferentNumber1NumberOfConflicts=4525
%%%mzn-stat: allDifferentNumber1MaxHallSetSize=66
%%%mzn-stat: allDifferentNumber1PropagationsTotal=67888
%%%mzn-stat: allDifferentNumber1PropagationsThatFoundConflict=4525
%%%mzn-stat: circuitNumber2PropagationsThatFoundConflict=218
%%%mzn-stat: circuitNumber2TotalFixedEdgesAtConflict=18941
%%%mzn-stat: circuitNumber2NumberOfConflicts=218
%%%mzn-stat: circuitNumber2PropagationsThatPruned=2931
%%%mzn-stat: circuitNumber2PropagationsTotal=45304
%%%mzn-stat: AverageConflictSize=16.23359223300971
%%%mzn-stat: NumUnitNogoodsLearned=0
%%%mzn-stat: AverageLearnedNogoodLength=24.867961165048545
%%%mzn-stat: AverageBacktrackAmount=0
%%%mzn-stat: AverageLbd=15.388543689320388
%%%mzn-stat: 2AutonomousSearchNumBackupCalled=26444
%%%mzn-stat: 2AutonomousSearchNumPredicatesRemoved=0
%%%mzn-stat: 2AutonomousSearchNumCalls=26472
%%%mzn-stat: 2AutonomousSearchNumPredicatesAdded=17611
%%%mzn-stat: 2AutonomousSearchAverageSizeOfHeap=3.2381761861589604
%%%mzn-stat: 2AutonomousSearchNumAssignedPredicatesEncountered=85721
%%%mzn-stat-end
maxleg = 194;
succ = array1d(1..100,[7, 12, 4, 11, 14, 22, 24, 21, 29, 34, 17, 27, 15, 51, 26, 28, 19, 13, 35, 18, 42, 20, 30, 5, 38, 33, 72, 32, 55, 47, 68, 3, 41, 36, 59, 84, 39, 6, 1, 45, 37, 48, 25, 61, 62, 50, 63, 64, 60, 54, 85, 67, 76, 57, 66, 70, 65, 71, 10, 16, 9, 49, 80, 98, 86, 100, 43, 95, 79, 8, 81, 83, 82, 40, 78, 91, 23, 90, 97, 96, 77, 92, 87, 2, 75, 88, 99, 44, 69, 94, 74, 46, 56, 53, 52, 89, 31, 73, 93, 58]);
% time elapsed: 16.39 s
----------
%%%mzn-stat: initTime=0.095546901
%%%mzn-stat: objective=190
%%%mzn-stat: nodes=70536
%%%mzn-stat: restarts=0
%%%mzn-stat: peakDepth=1148
%%%mzn-stat: solveTime=3.6868411070000002
%%%mzn-stat: variables=1770
%%%mzn-stat: propagators=1414
%%%mzn-stat: failures=5164
%%%mzn-stat: propagations=463587
%%%mzn-stat: nogoods=5164
%%%mzn-stat: numAtomicConstraintsPropagated=0
%%%mzn-stat: allDifferentNumber1TotalHallSetSize=42536
%%%mzn-stat: allDifferentNumber1NumberOfConflicts=4537
%%%mzn-stat: allDifferentNumber1MaxHallSetSize=70
%%%mzn-stat: allDifferentNumber1PropagationsTotal=68201
%%%mzn-stat: allDifferentNumber1PropagationsThatFoundConflict=4537
%%%mzn-stat: circuitNumber2PropagationsThatFoundConflict=218
%%%mzn-stat: circuitNumber2TotalFixedEdgesAtConflict=18941
%%%mzn-stat: circuitNumber2NumberOfConflicts=218
%%%mzn-stat: circuitNumber2PropagationsThatPruned=2939
%%%mzn-stat: circuitNumber2PropagationsTotal=45522
%%%mzn-stat: AverageConflictSize=16.245158791634392
%%%mzn-stat: NumUnitNogoodsLearned=0
%%%mzn-stat: AverageLearnedNogoodLength=24.865220759101472
%%%mzn-stat: AverageBacktrackAmount=0
%%%mzn-stat: AverageLbd=15.377033307513555
%%%mzn-stat: 2AutonomousSearchNumBackupCalled=27247
%%%mzn-stat: 2AutonomousSearchNumPredicatesRemoved=0
%%%mzn-stat: 2AutonomousSearchNumCalls=27276
%%%mzn-stat: 2AutonomousSearchNumPredicatesAdded=18224
%%%mzn-stat: 2AutonomousSearchAverageSizeOfHeap=3.3255242704208827
%%%mzn-stat: 2AutonomousSearchNumAssignedPredicatesEncountered=90707
%%%mzn-stat-end
maxleg = 190;
succ = array1d(1..100,[7, 12, 4, 11, 14, 22, 24, 21, 29, 34, 17, 27, 15, 51, 26, 28, 19, 13, 35, 18, 42, 20, 30, 5, 38, 33, 72, 32, 55, 47, 95, 3, 41, 36, 59, 84, 39, 6, 1, 45, 37, 48, 25, 61, 62, 50, 63, 64, 60, 54, 85, 67, 76, 57, 66, 2, 65, 71, 10, 16, 9, 49, 70, 98, 86, 100, 43, 97, 52, 56, 81, 83, 82, 40, 78, 91, 80, 90, 96, 23, 77, 92, 87, 93, 75, 88, 99, 44, 69, 94, 74, 46, 8, 53, 79, 89, 31, 73, 68, 58]);
% time elapsed: 16.41 s
----------
%%%mzn-stat: initTime=0.095546901
%%%mzn-stat: objective=189
%%%mzn-stat: nodes=71410
%%%mzn-stat: restarts=0
%%%mzn-stat: peakDepth=1148
%%%mzn-stat: solveTime=3.697569038
%%%mzn-stat: variables=1770
%%%mzn-stat: propagators=1414
%%%mzn-stat: failures=5166
%%%mzn-stat: propagations=466264
%%%mzn-stat: nogoods=5166
%%%mzn-stat: numAtomicConstraintsPropagated=0
%%%mzn-stat: allDifferentNumber1TotalHallSetSize=42540
%%%mzn-stat: allDifferentNumber1NumberOfConflicts=4539
%%%mzn-stat: allDifferentNumber1MaxHallSetSize=70
%%%mzn-stat: allDifferentNumber1PropagationsTotal=68326
%%%mzn-stat: allDifferentNumber1PropagationsThatFoundConflict=4539
%%%mzn-stat: circuitNumber2PropagationsThatFoundConflict=218
%%%mzn-stat: circuitNumber2TotalFixedEdgesAtConflict=18941
%%%mzn-stat: circuitNumber2NumberOfConflicts=218
%%%mzn-stat: circuitNumber2PropagationsThatPruned=2942
%%%mzn-stat: circuitNumber2PropagationsTotal=45606
%%%mzn-stat: AverageConflictSize=16.23964382500968
%%%mzn-stat: NumUnitNogoodsLearned=0
%%%mzn-stat: AverageLearnedNogoodLength=24.857142857142858
%%%mzn-stat: AverageBacktrackAmount=0
%%%mzn-stat: AverageLbd=15.372048006194348
%%%mzn-stat: 2AutonomousSearchNumBackupCalled=28042
%%%mzn-stat: 2AutonomousSearchNumPredicatesRemoved=0
%%%mzn-stat: 2AutonomousSearchNumCalls=28072
%%%mzn-stat: 2AutonomousSearchNumPredicatesAdded=18283
%%%mzn-stat: 2AutonomousSearchAverageSizeOfHeap=3.4088415502992304
%%%mzn-stat: 2AutonomousSearchNumAssignedPredicatesEncountered=95693
%%%mzn-stat-end
maxleg = 189;
succ = array1d(1..100,[7, 12, 4, 11, 14, 22, 24, 21, 29, 34, 17, 27, 15, 51, 26, 28, 19, 13, 35, 18, 42, 20, 30, 5, 38, 33, 72, 32, 55, 47, 95, 3, 41, 36, 59, 84, 39, 6, 1, 45, 37, 48, 25, 61, 62, 50, 63, 64, 60, 54, 85, 67, 76, 57, 66, 2, 65, 71, 10, 16, 9, 49, 70, 98, 86, 100, 43, 97, 52, 68, 81, 83, 82, 40, 78, 91, 80, 90, 96, 23, 77, 92, 87, 56, 75, 88, 99, 44, 69, 94, 74, 46, 8, 53, 79, 89, 31, 73, 93, 58]);
% time elapsed: 16.43 s
----------
%%%mzn-stat: initTime=0.095546901
%%%mzn-stat: objective=186
%%%mzn-stat: nodes=72332
%%%mzn-stat: restarts=0
%%%mzn-stat: peakDepth=1148
%%%mzn-stat: solveTime=3.717732518
%%%mzn-stat: variables=1770
%%%mzn-stat: propagators=1414
%%%mzn-stat: failures=5183
%%%mzn-stat: propagations=469717
%%%mzn-stat: nogoods=5183
%%%mzn-stat: numAtomicConstraintsPropagated=0
%%%mzn-stat: allDifferentNumber1TotalHallSetSize=42834
%%%mzn-stat: allDifferentNumber1NumberOfConflicts=4554
%%%mzn-stat: allDifferentNumber1MaxHallSetSize=70
%%%mzn-stat: allDifferentNumber1PropagationsTotal=68555
%%%mzn-stat: allDifferentNumber1PropagationsThatFoundConflict=4554
%%%mzn-stat: circuitNumber2PropagationsThatFoundConflict=218
%%%mzn-stat: circuitNumber2TotalFixedEdgesAtConflict=18941
%%%mzn-stat: circuitNumber2NumberOfConflicts=218
%%%mzn-stat: circuitNumber2PropagationsThatPruned=2950
%%%mzn-stat: circuitNumber2PropagationsTotal=45739
%%%mzn-stat: AverageConflictSize=16.317383754582288
%%%mzn-stat: NumUnitNogoodsLearned=0
%%%mzn-stat: AverageLearnedNogoodLength=24.916264711557012
%%%mzn-stat: AverageBacktrackAmount=0
%%%mzn-stat: AverageLbd=15.369670075245997
%%%mzn-stat: 2AutonomousSearchNumBackupCalled=28831
%%%mzn-stat: 2AutonomousSearchNumPredicatesRemoved=0
%%%mzn-stat: 2AutonomousSearchNumCalls=28862
%%%mzn-stat: 2AutonomousSearchNumPredicatesAdded=19018
%%%mzn-stat: 2AutonomousSearchAverageSizeOfHeap=3.489293881227912
%%%mzn-stat: 2AutonomousSearchNumAssignedPredicatesEncountered=100708
%%%mzn-stat-end
maxleg = 186;
succ = array1d(1..100,[7, 12, 4, 11, 14, 22, 24, 21, 29, 34, 17, 27, 15, 51, 26, 28, 32, 13, 35, 18, 42, 20, 30, 5, 38, 33, 72, 62, 55, 47, 95, 16, 41, 36, 59, 84, 39, 6, 1, 3, 37, 48, 25, 61, 19, 50, 63, 64, 60, 54, 85, 67, 76, 57, 66, 2, 65, 71, 10, 94, 9, 45, 70, 98, 86, 100, 43, 97, 52, 68, 81, 83, 82, 40, 78, 91, 80, 90, 96, 23, 77, 92, 87, 56, 75, 88, 99, 44, 69, 49, 74, 46, 8, 53, 79, 89, 31, 73, 93, 58]);
% time elapsed: 16.45 s
----------
%%%mzn-stat: initTime=0.095546901
%%%mzn-stat: objective=185
%%%mzn-stat: nodes=73622
%%%mzn-stat: restarts=0
%%%mzn-stat: peakDepth=1148
%%%mzn-stat: solveTime=3.764885628
%%%mzn-stat: variables=1770
%%%mzn-stat: propagators=1414
%%%mzn-stat: failures=5220
%%%mzn-stat: propagations=478314
%%%mzn-stat: nogoods=5220
%%%mzn-stat: numAtomicConstraintsPropagated=0
%%%mzn-stat: allDifferentNumber1TotalHallSetSize=43701
%%%mzn-stat: allDifferentNumber1NumberOfConflicts=4591
%%%mzn-stat: allDifferentNumber1MaxHallSetSize=93
%%%mzn-stat: allDifferentNumber1PropagationsTotal=69430
%%%mzn-stat: allDifferentNumber1PropagationsThatFoundConflict=4591
%%%mzn-stat: circuitNumber2PropagationsThatFoundConflict=218
%%%mzn-stat: circuitNumber2TotalFixedEdgesAtConflict=18941
%%%mzn-stat: circuitNumber2NumberOfConflicts=218
%%%mzn-stat: circuitNumber2PropagationsThatPruned=2974
%%%mzn-stat: circuitNumber2PropagationsTotal=46266
%%%mzn-stat: AverageConflictSize=16.48007662835249
%%%mzn-stat: NumUnitNogoodsLearned=0
%%%mzn-stat: AverageLearnedNogoodLength=25.014176245210727
%%%mzn-stat: AverageBacktrackAmount=0
%%%mzn-stat: AverageLbd=15.335823754789272
%%%mzn-stat: 2AutonomousSearchNumBackupCalled=29597
%%%mzn-stat: 2AutonomousSearchNumPredicatesRemoved=0
%%%mzn-stat: 2AutonomousSearchNumCalls=29629
%%%mzn-stat: 2AutonomousSearchNumPredicatesAdded=19677
%%%mzn-stat: 2AutonomousSearchAverageSizeOfHeap=3.5701508657058962
%%%mzn-stat: 2AutonomousSearchNumAssignedPredicatesEncountered=105780
%%%mzn-stat-end
maxleg = 185;
succ = array1d(1..100,[7, 12, 4, 11, 14, 22, 24, 21, 29, 34, 85, 27, 15, 51, 26, 28, 3, 13, 35, 18, 42, 20, 30, 5, 38, 33, 72, 32, 55, 47, 95, 17, 41, 36, 59, 84, 39, 6, 1, 19, 37, 48, 25, 61, 40, 50, 63, 64, 60, 54, 16, 67, 76, 57, 66, 2, 65, 71, 10, 94, 9, 45, 70, 98, 86, 100, 43, 97, 52, 68, 81, 83, 82, 62, 78, 91, 80, 90, 96, 23, 77, 92, 87, 56, 75, 88, 99, 44, 69, 49, 74, 46, 8, 53, 79, 89, 31, 73, 93, 58]);
% time elapsed: 16.51 s
----------
%%%mzn-stat: initTime=0.095546901
%%%mzn-stat: objective=183
%%%mzn-stat: nodes=76976
%%%mzn-stat: restarts=0
%%%mzn-stat: peakDepth=1148
%%%mzn-stat: solveTime=4.398045228
%%%mzn-stat: variables=1770
%%%mzn-stat: propagators=1414
%%%mzn-stat: failures=6125
%%%mzn-stat: propagations=546180
%%%mzn-stat: nogoods=6125
%%%mzn-stat: numAtomicConstraintsPropagated=0
%%%mzn-stat: allDifferentNumber1TotalHallSetSize=53465
%%%mzn-stat: allDifferentNumber1NumberOfConflicts=5223
%%%mzn-stat: allDifferentNumber1MaxHallSetSize=93
%%%mzn-stat: allDifferentNumber1PropagationsTotal=75650
%%%mzn-stat: allDifferentNumber1PropagationsThatFoundConflict=5223
%%%mzn-stat: circuitNumber2PropagationsThatFoundConflict=443
%%%mzn-stat: circuitNumber2TotalFixedEdgesAtConflict=40953
%%%mzn-stat: circuitNumber2NumberOfConflicts=443
%%%mzn-stat: circuitNumber2PropagationsThatPruned=3833
%%%mzn-stat: circuitNumber2PropagationsTotal=50084
%%%mzn-stat: AverageConflictSize=21.248326530612246
%%%mzn-stat: NumUnitNogoodsLearned=0
%%%mzn-stat: AverageLearnedNogoodLength=30.803265306122448
%%%mzn-stat: AverageBacktrackAmount=0
%%%mzn-stat: AverageLbd=17.559836734693878
%%%mzn-stat: 2AutonomousSearchNumBackupCalled=30361
%%%mzn-stat: 2AutonomousSearchNumPredicatesRemoved=0
%%%mzn-stat: 2AutonomousSearchNumCalls=30394
%%%mzn-stat: 2AutonomousSearchNumPredicatesAdded=24265
%%%mzn-stat: 2AutonomousSearchAverageSizeOfHeap=3.6958610252023427
%%%mzn-stat: 2AutonomousSearchNumAssignedPredicatesEncountered=112332
%%%mzn-stat-end
maxleg = 183;
succ = array1d(1..100,[7, 12, 4, 11, 14, 22, 24, 21, 29, 34, 85, 27, 15, 51, 26, 28, 3, 13, 35, 18, 42, 20, 30, 5, 38, 33, 72, 32, 55, 47, 95, 17, 41, 36, 59, 84, 39, 6, 1, 19, 37, 48, 25, 88, 40, 50, 63, 64, 60, 54, 16, 97, 76, 57, 61, 2, 65, 71, 10, 73, 44, 45, 80, 98, 86, 9, 43, 70, 52, 8, 100, 83, 94, 62, 78, 91, 23, 90, 67, 96, 58, 77, 87, 93, 75, 92, 99, 46, 69, 49, 74, 82, 56, 53, 79, 89, 31, 81, 68, 66]);
% time elapsed: 17.16 s
----------
%%%mzn-stat: initTime=0.095546901
%%%mzn-stat: objective=182
%%%mzn-stat: nodes=78673
%%%mzn-stat: restarts=0
%%%mzn-stat: peakDepth=1148
%%%mzn-stat: solveTime=4.845201168
%%%mzn-stat: variables=1770
%%%mzn-stat: propagators=1414
%%%mzn-stat: failures=6622
%%%mzn-stat: propagations=577143
%%%mzn-stat: nogoods=6622
%%%mzn-stat: numAtomicConstraintsPropagated=0
%%%mzn-stat: allDifferentNumber1TotalHallSetSize=54895
%%%mzn-stat: allDifferentNumber1NumberOfConflicts=5503
%%%mzn-stat: allDifferentNumber1MaxHallSetSize=93
%%%mzn-stat: allDifferentNumber1PropagationsTotal=78204
%%%mzn-stat: allDifferentNumber1PropagationsThatFoundConflict=5503
%%%mzn-stat: circuitNumber2PropagationsThatFoundConflict=621
%%%mzn-stat: circuitNumber2TotalFixedEdgesAtConflict=57850
%%%mzn-stat: circuitNumber2NumberOfConflicts=621
%%%mzn-stat: circuitNumber2PropagationsThatPruned=4425
%%%mzn-stat: circuitNumber2PropagationsTotal=51769
%%%mzn-stat: AverageConflictSize=22.30217456961643
%%%mzn-stat: NumUnitNogoodsLearned=0
%%%mzn-stat: AverageLearnedNogoodLength=34.48202959830867
%%%mzn-stat: AverageBacktrackAmount=0
%%%mzn-stat: AverageLbd=19.60283902144367
%%%mzn-stat: 2AutonomousSearchNumBackupCalled=31105
%%%mzn-stat: 2AutonomousSearchNumPredicatesRemoved=0
%%%mzn-stat: 2AutonomousSearchNumCalls=31139
%%%mzn-stat: 2AutonomousSearchNumPredicatesAdded=27165
%%%mzn-stat: 2AutonomousSearchAverageSizeOfHeap=3.8219274864318056
%%%mzn-stat: 2AutonomousSearchNumAssignedPredicatesEncountered=119011
%%%mzn-stat-end
maxleg = 182;
succ = array1d(1..100,[7, 12, 4, 11, 14, 22, 24, 21, 29, 34, 85, 27, 15, 51, 26, 28, 3, 13, 35, 18, 48, 20, 30, 5, 38, 33, 72, 32, 55, 47, 95, 17, 41, 36, 59, 84, 39, 6, 1, 19, 37, 10, 25, 61, 40, 50, 77, 42, 60, 54, 16, 97, 76, 57, 66, 2, 65, 71, 93, 64, 9, 45, 80, 98, 86, 100, 43, 70, 52, 23, 73, 83, 94, 62, 78, 91, 63, 90, 67, 96, 82, 92, 87, 56, 75, 88, 99, 44, 69, 49, 74, 46, 8, 53, 79, 89, 31, 81, 68, 58]);
% time elapsed: 17.60 s
----------
==========
% time elapsed: 17.61 s
%%%mzn-stat: initTime=0.095546901
%%%mzn-stat: objective=182
%%%mzn-stat: nodes=78673
%%%mzn-stat: restarts=0
%%%mzn-stat: peakDepth=1148
%%%mzn-stat: solveTime=4.848233378
%%%mzn-stat: variables=1770
%%%mzn-stat: propagators=1414
%%%mzn-stat: failures=6623
%%%mzn-stat: propagations=577657
%%%mzn-stat: nogoods=6623
%%%mzn-stat: numAtomicConstraintsPropagated=0
%%%mzn-stat: allDifferentNumber1TotalHallSetSize=54995
%%%mzn-stat: allDifferentNumber1NumberOfConflicts=5504
%%%mzn-stat: allDifferentNumber1MaxHallSetSize=100
%%%mzn-stat: allDifferentNumber1PropagationsTotal=78206
%%%mzn-stat: allDifferentNumber1PropagationsThatFoundConflict=5504
%%%mzn-stat: circuitNumber2PropagationsThatFoundConflict=621
%%%mzn-stat: circuitNumber2TotalFixedEdgesAtConflict=57850
%%%mzn-stat: circuitNumber2NumberOfConflicts=621
%%%mzn-stat: circuitNumber2PropagationsThatPruned=4425
%%%mzn-stat: circuitNumber2PropagationsTotal=51770
%%%mzn-stat: AverageConflictSize=22.309376415521665
%%%mzn-stat: NumUnitNogoodsLearned=1
%%%mzn-stat: AverageLearnedNogoodLength=34.476974180884795
%%%mzn-stat: AverageBacktrackAmount=0
%%%mzn-stat: AverageLbd=19.60003019779556
%%%mzn-stat: 2AutonomousSearchNumBackupCalled=31105
%%%mzn-stat: 2AutonomousSearchNumPredicatesRemoved=0
%%%mzn-stat: 2AutonomousSearchNumCalls=31139
%%%mzn-stat: 2AutonomousSearchNumPredicatesAdded=28284
%%%mzn-stat: 2AutonomousSearchAverageSizeOfHeap=3.8219274864318056
%%%mzn-stat: 2AutonomousSearchNumAssignedPredicatesEncountered=119011
%%%mzn-stat-end
