% Logging successfully configured
%%%mzn-stat: initTime=0.002638827
%%%mzn-stat: objective=752
%%%mzn-stat: nodes=77
%%%mzn-stat: restarts=0
%%%mzn-stat: peakDepth=75
%%%mzn-stat: solveTime=0.000804436
%%%mzn-stat: variables=208
%%%mzn-stat: propagators=128
%%%mzn-stat: failures=2
%%%mzn-stat: propagations=491
%%%mzn-stat: nogoods=2
%%%mzn-stat: numAtomicConstraintsPropagated=0
%%%mzn-stat: circuitNumber1PropagationsTotal=31
%%%mzn-stat: circuitNumber1CircuitConflicts=2
%%%mzn-stat: circuitNumber1AlldiffConflicts=0
%%%mzn-stat: circuitNumber1TotalFixedEdgesAtConflict=30
%%%mzn-stat: circuitNumber1NumberOfConflicts=2
%%%mzn-stat: circuitNumber1GacPrunings=73
%%%mzn-stat: circuitNumber1PropagationsThatGacPruned=16
%%%mzn-stat: circuitNumber1TotalPruningHallSetSize=211
%%%mzn-stat: circuitNumber1NumberOfPruningExplanations=73
%%%mzn-stat: circuitNumber1MaxPruningHallSetSize=10
%%%mzn-stat: circuitNumber1TotalSccSizeAtPruning=71
%%%mzn-stat: circuitNumber1NumberOfSccPruningCalls=16
%%%mzn-stat: circuitNumber1TotalVarsInvolvedInPruning=55
%%%mzn-stat: circuitNumber1MaxValuesPrunedFromSingleVar=4
%%%mzn-stat: circuitNumber1HallCircuitChecks=45
%%%mzn-stat: circuitNumber1HallCircuitPrunings=3
%%%mzn-stat: circuitNumber1CircuitPreventPrunings=12
%%%mzn-stat: AverageConflictSize=2
%%%mzn-stat: NumUnitNogoodsLearned=0
%%%mzn-stat: AverageLearnedNogoodLength=9.5
%%%mzn-stat: AverageBacktrackAmount=0
%%%mzn-stat: AverageLbd=5.5
%%%mzn-stat: 2AutonomousSearchNumBackupCalled=69
%%%mzn-stat: 2AutonomousSearchNumPredicatesRemoved=0
%%%mzn-stat: 2AutonomousSearchNumCalls=70
%%%mzn-stat: 2AutonomousSearchNumPredicatesAdded=63
%%%mzn-stat: 2AutonomousSearchAverageSizeOfHeap=0.9
%%%mzn-stat: 2AutonomousSearchNumAssignedPredicatesEncountered=63
%%%mzn-stat-end
maxleg = 752;
succ = array1d(1..20,[6, 7, 13, 9, 11, 10, 3, 14, 19, 2, 4, 8, 12, 16, 17, 5, 20, 1, 15, 18]);
% time elapsed: 5.72 s
----------
==========
% time elapsed: 5.72 s
%%%mzn-stat: initTime=0.002638827
%%%mzn-stat: objective=752
%%%mzn-stat: nodes=119
%%%mzn-stat: restarts=0
%%%mzn-stat: peakDepth=75
%%%mzn-stat: solveTime=0.007140886
%%%mzn-stat: variables=208
%%%mzn-stat: propagators=128
%%%mzn-stat: failures=41
%%%mzn-stat: propagations=1818
%%%mzn-stat: nogoods=41
%%%mzn-stat: numAtomicConstraintsPropagated=0
%%%mzn-stat: circuitNumber1PropagationsTotal=317
%%%mzn-stat: circuitNumber1CircuitConflicts=35
%%%mzn-stat: circuitNumber1AlldiffConflicts=0
%%%mzn-stat: circuitNumber1TotalFixedEdgesAtConflict=358
%%%mzn-stat: circuitNumber1NumberOfConflicts=35
%%%mzn-stat: circuitNumber1GacPrunings=544
%%%mzn-stat: circuitNumber1PropagationsThatGacPruned=178
%%%mzn-stat: circuitNumber1TotalPruningHallSetSize=1552
%%%mzn-stat: circuitNumber1NumberOfPruningExplanations=544
%%%mzn-stat: circuitNumber1MaxPruningHallSetSize=13
%%%mzn-stat: circuitNumber1TotalSccSizeAtPruning=901
%%%mzn-stat: circuitNumber1NumberOfSccPruningCalls=178
%%%mzn-stat: circuitNumber1TotalVarsInvolvedInPruning=444
%%%mzn-stat: circuitNumber1MaxValuesPrunedFromSingleVar=4
%%%mzn-stat: circuitNumber1HallCircuitChecks=496
%%%mzn-stat: circuitNumber1HallCircuitPrunings=80
%%%mzn-stat: circuitNumber1CircuitPreventPrunings=173
%%%mzn-stat: AverageConflictSize=5.902439024390244
%%%mzn-stat: NumUnitNogoodsLearned=1
%%%mzn-stat: AverageLearnedNogoodLength=5.195121951219512
%%%mzn-stat: AverageBacktrackAmount=0
%%%mzn-stat: AverageLbd=3.2439024390243905
%%%mzn-stat: 2AutonomousSearchNumBackupCalled=69
%%%mzn-stat: 2AutonomousSearchNumPredicatesRemoved=0
%%%mzn-stat: 2AutonomousSearchNumCalls=70
%%%mzn-stat: 2AutonomousSearchNumPredicatesAdded=507
%%%mzn-stat: 2AutonomousSearchAverageSizeOfHeap=0.9
%%%mzn-stat: 2AutonomousSearchNumAssignedPredicatesEncountered=63
%%%mzn-stat-end
