% Logging successfully configured
%%%mzn-stat: initTime=0.005319204
%%%mzn-stat: objective=660
%%%mzn-stat: nodes=244
%%%mzn-stat: restarts=0
%%%mzn-stat: peakDepth=244
%%%mzn-stat: solveTime=0.000853797
%%%mzn-stat: variables=518
%%%mzn-stat: propagators=364
%%%mzn-stat: failures=0
%%%mzn-stat: propagations=1202
%%%mzn-stat: nogoods=0
%%%mzn-stat: numAtomicConstraintsPropagated=0
%%%mzn-stat: allDifferentNumber1PropagationsTotal=36
%%%mzn-stat: allDifferentNumber1PropagationsThatFoundConflict=0
%%%mzn-stat: allDifferentNumber1PropagationsThatPruned=18
%%%mzn-stat: allDifferentNumber1TotalValuesPruned=107
%%%mzn-stat: allDifferentNumber1TotalHallSetSizeConflict=0
%%%mzn-stat: allDifferentNumber1NumberOfConflicts=0
%%%mzn-stat: allDifferentNumber1MaxHallSetSizeConflict=0
%%%mzn-stat: allDifferentNumber1TotalPruningHallSetSize=108
%%%mzn-stat: allDifferentNumber1NumberOfPruningExplanations=107
%%%mzn-stat: allDifferentNumber1MaxPruningHallSetSize=2
%%%mzn-stat: allDifferentNumber1TotalFixedEdgesAtConflict=0
%%%mzn-stat: allDifferentNumber1TotalVarsInvolvedInPruning=107
%%%mzn-stat: allDifferentNumber1MaxValuesPrunedFromSingleVar=1
%%%mzn-stat: allDifferentNumber1TotalSccSizeAtPruning=19
%%%mzn-stat: allDifferentNumber1NumberOfSccPruningCalls=18
%%%mzn-stat: circuitNumber2PropagationsThatFoundConflict=0
%%%mzn-stat: circuitNumber2TotalFixedEdgesAtConflict=0
%%%mzn-stat: circuitNumber2NumberOfConflicts=0
%%%mzn-stat: circuitNumber2PropagationsThatPruned=1
%%%mzn-stat: circuitNumber2PropagationsTotal=19
%%%mzn-stat: AverageConflictSize=0
%%%mzn-stat: NumUnitNogoodsLearned=0
%%%mzn-stat: AverageLearnedNogoodLength=0
%%%mzn-stat: AverageBacktrackAmount=0
%%%mzn-stat: AverageLbd=0
%%%mzn-stat: 2AutonomousSearchNumBackupCalled=226
%%%mzn-stat: 2AutonomousSearchNumPredicatesRemoved=0
%%%mzn-stat: 2AutonomousSearchNumCalls=227
%%%mzn-stat: 2AutonomousSearchNumPredicatesAdded=0
%%%mzn-stat: 2AutonomousSearchAverageSizeOfHeap=0
%%%mzn-stat: 2AutonomousSearchNumAssignedPredicatesEncountered=0
%%%mzn-stat-end
maxleg = 660;
succ = array1d(1..20,[2, 6, 4, 1, 3, 8, 5, 10, 7, 11, 13, 9, 14, 15, 16, 17, 20, 12, 18, 19]);
% time elapsed: 0.38 s
----------
%%%mzn-stat: initTime=0.005319204
%%%mzn-stat: objective=656
%%%mzn-stat: nodes=482
%%%mzn-stat: restarts=0
%%%mzn-stat: peakDepth=244
%%%mzn-stat: solveTime=0.001685486
%%%mzn-stat: variables=518
%%%mzn-stat: propagators=364
%%%mzn-stat: failures=1
%%%mzn-stat: propagations=1837
%%%mzn-stat: nogoods=1
%%%mzn-stat: numAtomicConstraintsPropagated=0
%%%mzn-stat: allDifferentNumber1PropagationsTotal=72
%%%mzn-stat: allDifferentNumber1PropagationsThatFoundConflict=0
%%%mzn-stat: allDifferentNumber1PropagationsThatPruned=36
%%%mzn-stat: allDifferentNumber1TotalValuesPruned=219
%%%mzn-stat: allDifferentNumber1TotalHallSetSizeConflict=0
%%%mzn-stat: allDifferentNumber1NumberOfConflicts=0
%%%mzn-stat: allDifferentNumber1MaxHallSetSizeConflict=0
%%%mzn-stat: allDifferentNumber1TotalPruningHallSetSize=243
%%%mzn-stat: allDifferentNumber1NumberOfPruningExplanations=219
%%%mzn-stat: allDifferentNumber1MaxPruningHallSetSize=4
%%%mzn-stat: allDifferentNumber1TotalFixedEdgesAtConflict=0
%%%mzn-stat: allDifferentNumber1TotalVarsInvolvedInPruning=212
%%%mzn-stat: allDifferentNumber1MaxValuesPrunedFromSingleVar=4
%%%mzn-stat: allDifferentNumber1TotalSccSizeAtPruning=46
%%%mzn-stat: allDifferentNumber1NumberOfSccPruningCalls=36
%%%mzn-stat: circuitNumber2PropagationsThatFoundConflict=1
%%%mzn-stat: circuitNumber2TotalFixedEdgesAtConflict=18
%%%mzn-stat: circuitNumber2NumberOfConflicts=1
%%%mzn-stat: circuitNumber2PropagationsThatPruned=2
%%%mzn-stat: circuitNumber2PropagationsTotal=37
%%%mzn-stat: AverageConflictSize=2
%%%mzn-stat: NumUnitNogoodsLearned=0
%%%mzn-stat: AverageLearnedNogoodLength=11
%%%mzn-stat: AverageBacktrackAmount=0
%%%mzn-stat: AverageLbd=5
%%%mzn-stat: 2AutonomousSearchNumBackupCalled=447
%%%mzn-stat: 2AutonomousSearchNumPredicatesRemoved=0
%%%mzn-stat: 2AutonomousSearchNumCalls=449
%%%mzn-stat: 2AutonomousSearchNumPredicatesAdded=33
%%%mzn-stat: 2AutonomousSearchAverageSizeOfHeap=0.07349665924276169
%%%mzn-stat: 2AutonomousSearchNumAssignedPredicatesEncountered=33
%%%mzn-stat-end
maxleg = 656;
succ = array1d(1..20,[2, 6, 4, 1, 3, 8, 5, 10, 7, 11, 13, 9, 14, 16, 17, 15, 20, 12, 18, 19]);
% time elapsed: 0.38 s
----------
%%%mzn-stat: initTime=0.005319204
%%%mzn-stat: objective=629
%%%mzn-stat: nodes=716
%%%mzn-stat: restarts=0
%%%mzn-stat: peakDepth=244
%%%mzn-stat: solveTime=0.002409359
%%%mzn-stat: variables=518
%%%mzn-stat: propagators=364
%%%mzn-stat: failures=1
%%%mzn-stat: propagations=2457
%%%mzn-stat: nogoods=1
%%%mzn-stat: numAtomicConstraintsPropagated=0
%%%mzn-stat: allDifferentNumber1PropagationsTotal=105
%%%mzn-stat: allDifferentNumber1PropagationsThatFoundConflict=0
%%%mzn-stat: allDifferentNumber1PropagationsThatPruned=53
%%%mzn-stat: allDifferentNumber1TotalValuesPruned=318
%%%mzn-stat: allDifferentNumber1TotalHallSetSizeConflict=0
%%%mzn-stat: allDifferentNumber1NumberOfConflicts=0
%%%mzn-stat: allDifferentNumber1MaxHallSetSizeConflict=0
%%%mzn-stat: allDifferentNumber1TotalPruningHallSetSize=354
%%%mzn-stat: allDifferentNumber1NumberOfPruningExplanations=318
%%%mzn-stat: allDifferentNumber1MaxPruningHallSetSize=5
%%%mzn-stat: allDifferentNumber1TotalFixedEdgesAtConflict=0
%%%mzn-stat: allDifferentNumber1TotalVarsInvolvedInPruning=308
%%%mzn-stat: allDifferentNumber1MaxValuesPrunedFromSingleVar=4
%%%mzn-stat: allDifferentNumber1TotalSccSizeAtPruning=74
%%%mzn-stat: allDifferentNumber1NumberOfSccPruningCalls=53
%%%mzn-stat: circuitNumber2PropagationsThatFoundConflict=1
%%%mzn-stat: circuitNumber2TotalFixedEdgesAtConflict=18
%%%mzn-stat: circuitNumber2NumberOfConflicts=1
%%%mzn-stat: circuitNumber2PropagationsThatPruned=3
%%%mzn-stat: circuitNumber2PropagationsTotal=54
%%%mzn-stat: AverageConflictSize=2
%%%mzn-stat: NumUnitNogoodsLearned=0
%%%mzn-stat: AverageLearnedNogoodLength=11
%%%mzn-stat: AverageBacktrackAmount=0
%%%mzn-stat: AverageLbd=5
%%%mzn-stat: 2AutonomousSearchNumBackupCalled=665
%%%mzn-stat: 2AutonomousSearchNumPredicatesRemoved=0
%%%mzn-stat: 2AutonomousSearchNumCalls=668
%%%mzn-stat: 2AutonomousSearchNumPredicatesAdded=33
%%%mzn-stat: 2AutonomousSearchAverageSizeOfHeap=0.09880239520958084
%%%mzn-stat: 2AutonomousSearchNumAssignedPredicatesEncountered=66
%%%mzn-stat-end
maxleg = 629;
succ = array1d(1..20,[2, 6, 4, 1, 3, 8, 5, 10, 7, 11, 13, 9, 14, 17, 16, 20, 15, 12, 18, 19]);
% time elapsed: 0.38 s
----------
%%%mzn-stat: initTime=0.005319204
%%%mzn-stat: objective=605
%%%mzn-stat: nodes=943
%%%mzn-stat: restarts=0
%%%mzn-stat: peakDepth=244
%%%mzn-stat: solveTime=0.003499295
%%%mzn-stat: variables=518
%%%mzn-stat: propagators=364
%%%mzn-stat: failures=4
%%%mzn-stat: propagations=3192
%%%mzn-stat: nogoods=4
%%%mzn-stat: numAtomicConstraintsPropagated=0
%%%mzn-stat: allDifferentNumber1PropagationsTotal=156
%%%mzn-stat: allDifferentNumber1PropagationsThatFoundConflict=0
%%%mzn-stat: allDifferentNumber1PropagationsThatPruned=80
%%%mzn-stat: allDifferentNumber1TotalValuesPruned=454
%%%mzn-stat: allDifferentNumber1TotalHallSetSizeConflict=0
%%%mzn-stat: allDifferentNumber1NumberOfConflicts=0
%%%mzn-stat: allDifferentNumber1MaxHallSetSizeConflict=0
%%%mzn-stat: allDifferentNumber1TotalPruningHallSetSize=544
%%%mzn-stat: allDifferentNumber1NumberOfPruningExplanations=454
%%%mzn-stat: allDifferentNumber1MaxPruningHallSetSize=9
%%%mzn-stat: allDifferentNumber1TotalFixedEdgesAtConflict=0
%%%mzn-stat: allDifferentNumber1TotalVarsInvolvedInPruning=440
%%%mzn-stat: allDifferentNumber1MaxValuesPrunedFromSingleVar=4
%%%mzn-stat: allDifferentNumber1TotalSccSizeAtPruning=150
%%%mzn-stat: allDifferentNumber1NumberOfSccPruningCalls=80
%%%mzn-stat: circuitNumber2PropagationsThatFoundConflict=4
%%%mzn-stat: circuitNumber2TotalFixedEdgesAtConflict=66
%%%mzn-stat: circuitNumber2NumberOfConflicts=4
%%%mzn-stat: circuitNumber2PropagationsThatPruned=5
%%%mzn-stat: circuitNumber2PropagationsTotal=80
%%%mzn-stat: AverageConflictSize=2.25
%%%mzn-stat: NumUnitNogoodsLearned=0
%%%mzn-stat: AverageLearnedNogoodLength=10.25
%%%mzn-stat: AverageBacktrackAmount=0
%%%mzn-stat: AverageLbd=5
%%%mzn-stat: 2AutonomousSearchNumBackupCalled=869
%%%mzn-stat: 2AutonomousSearchNumPredicatesRemoved=0
%%%mzn-stat: 2AutonomousSearchNumCalls=873
%%%mzn-stat: 2AutonomousSearchNumPredicatesAdded=64
%%%mzn-stat: 2AutonomousSearchAverageSizeOfHeap=0.140893470790378
%%%mzn-stat: 2AutonomousSearchNumAssignedPredicatesEncountered=123
%%%mzn-stat-end
maxleg = 605;
succ = array1d(1..20,[2, 6, 4, 1, 3, 8, 5, 10, 7, 11, 17, 9, 12, 16, 14, 20, 15, 13, 18, 19]);
% time elapsed: 0.38 s
----------
%%%mzn-stat: initTime=0.005319204
%%%mzn-stat: objective=604
%%%mzn-stat: nodes=1158
%%%mzn-stat: restarts=0
%%%mzn-stat: peakDepth=244
%%%mzn-stat: solveTime=0.004841044
%%%mzn-stat: variables=518
%%%mzn-stat: propagators=364
%%%mzn-stat: failures=8
%%%mzn-stat: propagations=3908
%%%mzn-stat: nogoods=8
%%%mzn-stat: numAtomicConstraintsPropagated=0
%%%mzn-stat: allDifferentNumber1PropagationsTotal=199
%%%mzn-stat: allDifferentNumber1PropagationsThatFoundConflict=0
%%%mzn-stat: allDifferentNumber1PropagationsThatPruned=103
%%%mzn-stat: allDifferentNumber1TotalValuesPruned=603
%%%mzn-stat: allDifferentNumber1TotalHallSetSizeConflict=0
%%%mzn-stat: allDifferentNumber1NumberOfConflicts=0
%%%mzn-stat: allDifferentNumber1MaxHallSetSizeConflict=0
%%%mzn-stat: allDifferentNumber1TotalPruningHallSetSize=843
%%%mzn-stat: allDifferentNumber1NumberOfPruningExplanations=603
%%%mzn-stat: allDifferentNumber1MaxPruningHallSetSize=12
%%%mzn-stat: allDifferentNumber1TotalFixedEdgesAtConflict=0
%%%mzn-stat: allDifferentNumber1TotalVarsInvolvedInPruning=578
%%%mzn-stat: allDifferentNumber1MaxValuesPrunedFromSingleVar=4
%%%mzn-stat: allDifferentNumber1TotalSccSizeAtPruning=301
%%%mzn-stat: allDifferentNumber1NumberOfSccPruningCalls=103
%%%mzn-stat: circuitNumber2PropagationsThatFoundConflict=8
%%%mzn-stat: circuitNumber2TotalFixedEdgesAtConflict=109
%%%mzn-stat: circuitNumber2NumberOfConflicts=8
%%%mzn-stat: circuitNumber2PropagationsThatPruned=9
%%%mzn-stat: circuitNumber2PropagationsTotal=103
%%%mzn-stat: AverageConflictSize=2.5
%%%mzn-stat: NumUnitNogoodsLearned=0
%%%mzn-stat: AverageLearnedNogoodLength=16.75
%%%mzn-stat: AverageBacktrackAmount=0
%%%mzn-stat: AverageLbd=5.25
%%%mzn-stat: 2AutonomousSearchNumBackupCalled=1065
%%%mzn-stat: 2AutonomousSearchNumPredicatesRemoved=0
%%%mzn-stat: 2AutonomousSearchNumCalls=1070
%%%mzn-stat: 2AutonomousSearchNumPredicatesAdded=159
%%%mzn-stat: 2AutonomousSearchAverageSizeOfHeap=0.23738317757009345
%%%mzn-stat: 2AutonomousSearchNumAssignedPredicatesEncountered=254
%%%mzn-stat-end
maxleg = 604;
succ = array1d(1..20,[2, 6, 4, 1, 3, 8, 5, 15, 7, 11, 9, 13, 16, 12, 17, 20, 14, 10, 18, 19]);
% time elapsed: 0.38 s
----------
%%%mzn-stat: initTime=0.005319204
%%%mzn-stat: objective=548
%%%mzn-stat: nodes=1373
%%%mzn-stat: restarts=0
%%%mzn-stat: peakDepth=244
%%%mzn-stat: solveTime=0.005522873
%%%mzn-stat: variables=518
%%%mzn-stat: propagators=364
%%%mzn-stat: failures=8
%%%mzn-stat: propagations=4524
%%%mzn-stat: nogoods=8
%%%mzn-stat: numAtomicConstraintsPropagated=0
%%%mzn-stat: allDifferentNumber1PropagationsTotal=228
%%%mzn-stat: allDifferentNumber1PropagationsThatFoundConflict=0
%%%mzn-stat: allDifferentNumber1PropagationsThatPruned=117
%%%mzn-stat: allDifferentNumber1TotalValuesPruned=700
%%%mzn-stat: allDifferentNumber1TotalHallSetSizeConflict=0
%%%mzn-stat: allDifferentNumber1NumberOfConflicts=0
%%%mzn-stat: allDifferentNumber1MaxHallSetSizeConflict=0
%%%mzn-stat: allDifferentNumber1TotalPruningHallSetSize=952
%%%mzn-stat: allDifferentNumber1NumberOfPruningExplanations=700
%%%mzn-stat: allDifferentNumber1MaxPruningHallSetSize=12
%%%mzn-stat: allDifferentNumber1TotalFixedEdgesAtConflict=0
%%%mzn-stat: allDifferentNumber1TotalVarsInvolvedInPruning=672
%%%mzn-stat: allDifferentNumber1MaxValuesPrunedFromSingleVar=4
%%%mzn-stat: allDifferentNumber1TotalSccSizeAtPruning=320
%%%mzn-stat: allDifferentNumber1NumberOfSccPruningCalls=117
%%%mzn-stat: circuitNumber2PropagationsThatFoundConflict=8
%%%mzn-stat: circuitNumber2TotalFixedEdgesAtConflict=109
%%%mzn-stat: circuitNumber2NumberOfConflicts=8
%%%mzn-stat: circuitNumber2PropagationsThatPruned=9
%%%mzn-stat: circuitNumber2PropagationsTotal=117
%%%mzn-stat: AverageConflictSize=2.5
%%%mzn-stat: NumUnitNogoodsLearned=0
%%%mzn-stat: AverageLearnedNogoodLength=16.75
%%%mzn-stat: AverageBacktrackAmount=0
%%%mzn-stat: AverageLbd=5.25
%%%mzn-stat: 2AutonomousSearchNumBackupCalled=1265
%%%mzn-stat: 2AutonomousSearchNumPredicatesRemoved=0
%%%mzn-stat: 2AutonomousSearchNumCalls=1271
%%%mzn-stat: 2AutonomousSearchNumPredicatesAdded=159
%%%mzn-stat: 2AutonomousSearchAverageSizeOfHeap=0.3029110936270653
%%%mzn-stat: 2AutonomousSearchNumAssignedPredicatesEncountered=385
%%%mzn-stat-end
maxleg = 548;
succ = array1d(1..20,[2, 6, 4, 1, 3, 8, 5, 15, 7, 11, 13, 9, 12, 16, 17, 20, 14, 10, 18, 19]);
% time elapsed: 0.38 s
----------
%%%mzn-stat: initTime=0.005319204
%%%mzn-stat: objective=536
%%%mzn-stat: nodes=1561
%%%mzn-stat: restarts=0
%%%mzn-stat: peakDepth=244
%%%mzn-stat: solveTime=0.006478013
%%%mzn-stat: variables=518
%%%mzn-stat: propagators=364
%%%mzn-stat: failures=9
%%%mzn-stat: propagations=5194
%%%mzn-stat: nogoods=9
%%%mzn-stat: numAtomicConstraintsPropagated=0
%%%mzn-stat: allDifferentNumber1PropagationsTotal=260
%%%mzn-stat: allDifferentNumber1PropagationsThatFoundConflict=0
%%%mzn-stat: allDifferentNumber1PropagationsThatPruned=133
%%%mzn-stat: allDifferentNumber1TotalValuesPruned=803
%%%mzn-stat: allDifferentNumber1TotalHallSetSizeConflict=0
%%%mzn-stat: allDifferentNumber1NumberOfConflicts=0
%%%mzn-stat: allDifferentNumber1MaxHallSetSizeConflict=0
%%%mzn-stat: allDifferentNumber1TotalPruningHallSetSize=1105
%%%mzn-stat: allDifferentNumber1NumberOfPruningExplanations=803
%%%mzn-stat: allDifferentNumber1MaxPruningHallSetSize=12
%%%mzn-stat: allDifferentNumber1TotalFixedEdgesAtConflict=0
%%%mzn-stat: allDifferentNumber1TotalVarsInvolvedInPruning=770
%%%mzn-stat: allDifferentNumber1MaxValuesPrunedFromSingleVar=4
%%%mzn-stat: allDifferentNumber1TotalSccSizeAtPruning=381
%%%mzn-stat: allDifferentNumber1NumberOfSccPruningCalls=133
%%%mzn-stat: circuitNumber2PropagationsThatFoundConflict=9
%%%mzn-stat: circuitNumber2TotalFixedEdgesAtConflict=120
%%%mzn-stat: circuitNumber2NumberOfConflicts=9
%%%mzn-stat: circuitNumber2PropagationsThatPruned=10
%%%mzn-stat: circuitNumber2PropagationsTotal=133
%%%mzn-stat: AverageConflictSize=2.5555555555555554
%%%mzn-stat: NumUnitNogoodsLearned=0
%%%mzn-stat: AverageLearnedNogoodLength=18.22222222222222
%%%mzn-stat: AverageBacktrackAmount=0
%%%mzn-stat: AverageLbd=5.666666666666667
%%%mzn-stat: 2AutonomousSearchNumBackupCalled=1437
%%%mzn-stat: 2AutonomousSearchNumPredicatesRemoved=0
%%%mzn-stat: 2AutonomousSearchNumCalls=1444
%%%mzn-stat: 2AutonomousSearchNumPredicatesAdded=220
%%%mzn-stat: 2AutonomousSearchAverageSizeOfHeap=0.360803324099723
%%%mzn-stat: 2AutonomousSearchNumAssignedPredicatesEncountered=521
%%%mzn-stat-end
maxleg = 536;
succ = array1d(1..20,[2, 6, 5, 1, 4, 8, 3, 15, 7, 11, 13, 9, 12, 16, 17, 20, 14, 10, 18, 19]);
% time elapsed: 0.38 s
----------
%%%mzn-stat: initTime=0.005319204
%%%mzn-stat: objective=502
%%%mzn-stat: nodes=1733
%%%mzn-stat: restarts=0
%%%mzn-stat: peakDepth=244
%%%mzn-stat: solveTime=0.007506833
%%%mzn-stat: variables=518
%%%mzn-stat: propagators=364
%%%mzn-stat: failures=12
%%%mzn-stat: propagations=5923
%%%mzn-stat: nogoods=12
%%%mzn-stat: numAtomicConstraintsPropagated=0
%%%mzn-stat: allDifferentNumber1PropagationsTotal=297
%%%mzn-stat: allDifferentNumber1PropagationsThatFoundConflict=0
%%%mzn-stat: allDifferentNumber1PropagationsThatPruned=152
%%%mzn-stat: allDifferentNumber1TotalValuesPruned=910
%%%mzn-stat: allDifferentNumber1TotalHallSetSizeConflict=0
%%%mzn-stat: allDifferentNumber1NumberOfConflicts=0
%%%mzn-stat: allDifferentNumber1MaxHallSetSizeConflict=0
%%%mzn-stat: allDifferentNumber1TotalPruningHallSetSize=1264
%%%mzn-stat: allDifferentNumber1NumberOfPruningExplanations=910
%%%mzn-stat: allDifferentNumber1MaxPruningHallSetSize=12
%%%mzn-stat: allDifferentNumber1TotalFixedEdgesAtConflict=0
%%%mzn-stat: allDifferentNumber1TotalVarsInvolvedInPruning=865
%%%mzn-stat: allDifferentNumber1MaxValuesPrunedFromSingleVar=4
%%%mzn-stat: allDifferentNumber1TotalSccSizeAtPruning=424
%%%mzn-stat: allDifferentNumber1NumberOfSccPruningCalls=152
%%%mzn-stat: circuitNumber2PropagationsThatFoundConflict=12
%%%mzn-stat: circuitNumber2TotalFixedEdgesAtConflict=171
%%%mzn-stat: circuitNumber2NumberOfConflicts=12
%%%mzn-stat: circuitNumber2PropagationsThatPruned=11
%%%mzn-stat: circuitNumber2PropagationsTotal=152
%%%mzn-stat: AverageConflictSize=3.1666666666666665
%%%mzn-stat: NumUnitNogoodsLearned=0
%%%mzn-stat: AverageLearnedNogoodLength=18.583333333333332
%%%mzn-stat: AverageBacktrackAmount=0
%%%mzn-stat: AverageLbd=5.833333333333333
%%%mzn-stat: 2AutonomousSearchNumBackupCalled=1591
%%%mzn-stat: 2AutonomousSearchNumPredicatesRemoved=0
%%%mzn-stat: 2AutonomousSearchNumCalls=1599
%%%mzn-stat: 2AutonomousSearchNumPredicatesAdded=312
%%%mzn-stat: 2AutonomousSearchAverageSizeOfHeap=0.44715447154471544
%%%mzn-stat: 2AutonomousSearchNumAssignedPredicatesEncountered=715
%%%mzn-stat-end
maxleg = 502;
succ = array1d(1..20,[2, 6, 5, 1, 4, 8, 3, 15, 7, 11, 13, 18, 9, 16, 17, 20, 14, 19, 10, 12]);
% time elapsed: 0.38 s
----------
%%%mzn-stat: initTime=0.005319204
%%%mzn-stat: objective=499
%%%mzn-stat: nodes=1902
%%%mzn-stat: restarts=0
%%%mzn-stat: peakDepth=244
%%%mzn-stat: solveTime=0.009944777
%%%mzn-stat: variables=518
%%%mzn-stat: propagators=364
%%%mzn-stat: failures=14
%%%mzn-stat: propagations=6662
%%%mzn-stat: nogoods=14
%%%mzn-stat: numAtomicConstraintsPropagated=0
%%%mzn-stat: allDifferentNumber1PropagationsTotal=334
%%%mzn-stat: allDifferentNumber1PropagationsThatFoundConflict=0
%%%mzn-stat: allDifferentNumber1PropagationsThatPruned=171
%%%mzn-stat: allDifferentNumber1TotalValuesPruned=995
%%%mzn-stat: allDifferentNumber1TotalHallSetSizeConflict=0
%%%mzn-stat: allDifferentNumber1NumberOfConflicts=0
%%%mzn-stat: allDifferentNumber1MaxHallSetSizeConflict=0
%%%mzn-stat: allDifferentNumber1TotalPruningHallSetSize=1421
%%%mzn-stat: allDifferentNumber1NumberOfPruningExplanations=995
%%%mzn-stat: allDifferentNumber1MaxPruningHallSetSize=12
%%%mzn-stat: allDifferentNumber1TotalFixedEdgesAtConflict=0
%%%mzn-stat: allDifferentNumber1TotalVarsInvolvedInPruning=942
%%%mzn-stat: allDifferentNumber1MaxValuesPrunedFromSingleVar=4
%%%mzn-stat: allDifferentNumber1TotalSccSizeAtPruning=493
%%%mzn-stat: allDifferentNumber1NumberOfSccPruningCalls=171
%%%mzn-stat: circuitNumber2PropagationsThatFoundConflict=14
%%%mzn-stat: circuitNumber2TotalFixedEdgesAtConflict=201
%%%mzn-stat: circuitNumber2NumberOfConflicts=14
%%%mzn-stat: circuitNumber2PropagationsThatPruned=12
%%%mzn-stat: circuitNumber2PropagationsTotal=170
%%%mzn-stat: AverageConflictSize=3.0714285714285716
%%%mzn-stat: NumUnitNogoodsLearned=0
%%%mzn-stat: AverageLearnedNogoodLength=19.5
%%%mzn-stat: AverageBacktrackAmount=0
%%%mzn-stat: AverageLbd=5.785714285714286
%%%mzn-stat: 2AutonomousSearchNumBackupCalled=1743
%%%mzn-stat: 2AutonomousSearchNumPredicatesRemoved=0
%%%mzn-stat: 2AutonomousSearchNumCalls=1752
%%%mzn-stat: 2AutonomousSearchNumPredicatesAdded=421
%%%mzn-stat: 2AutonomousSearchAverageSizeOfHeap=0.5502283105022832
%%%mzn-stat: 2AutonomousSearchNumAssignedPredicatesEncountered=964
%%%mzn-stat-end
maxleg = 499;
succ = array1d(1..20,[4, 6, 5, 12, 1, 8, 3, 11, 7, 18, 10, 13, 16, 15, 17, 20, 2, 19, 9, 14]);
% time elapsed: 0.38 s
----------
%%%mzn-stat: initTime=0.005319204
%%%mzn-stat: objective=481
%%%mzn-stat: nodes=2063
%%%mzn-stat: restarts=0
%%%mzn-stat: peakDepth=244
%%%mzn-stat: solveTime=0.013277456
%%%mzn-stat: variables=518
%%%mzn-stat: propagators=364
%%%mzn-stat: failures=28
%%%mzn-stat: propagations=7945
%%%mzn-stat: nogoods=28
%%%mzn-stat: numAtomicConstraintsPropagated=0
%%%mzn-stat: allDifferentNumber1PropagationsTotal=415
%%%mzn-stat: allDifferentNumber1PropagationsThatFoundConflict=0
%%%mzn-stat: allDifferentNumber1PropagationsThatPruned=219
%%%mzn-stat: allDifferentNumber1TotalValuesPruned=1192
%%%mzn-stat: allDifferentNumber1TotalHallSetSizeConflict=0
%%%mzn-stat: allDifferentNumber1NumberOfConflicts=0
%%%mzn-stat: allDifferentNumber1MaxHallSetSizeConflict=0
%%%mzn-stat: allDifferentNumber1TotalPruningHallSetSize=1899
%%%mzn-stat: allDifferentNumber1NumberOfPruningExplanations=1192
%%%mzn-stat: allDifferentNumber1MaxPruningHallSetSize=12
%%%mzn-stat: allDifferentNumber1TotalFixedEdgesAtConflict=0
%%%mzn-stat: allDifferentNumber1TotalVarsInvolvedInPruning=1119
%%%mzn-stat: allDifferentNumber1MaxValuesPrunedFromSingleVar=4
%%%mzn-stat: allDifferentNumber1TotalSccSizeAtPruning=795
%%%mzn-stat: allDifferentNumber1NumberOfSccPruningCalls=219
%%%mzn-stat: circuitNumber2PropagationsThatFoundConflict=28
%%%mzn-stat: circuitNumber2TotalFixedEdgesAtConflict=401
%%%mzn-stat: circuitNumber2NumberOfConflicts=28
%%%mzn-stat: circuitNumber2PropagationsThatPruned=20
%%%mzn-stat: circuitNumber2PropagationsTotal=214
%%%mzn-stat: AverageConflictSize=3.4285714285714284
%%%mzn-stat: NumUnitNogoodsLearned=0
%%%mzn-stat: AverageLearnedNogoodLength=30.964285714285715
%%%mzn-stat: AverageBacktrackAmount=0
%%%mzn-stat: AverageLbd=8
%%%mzn-stat: 2AutonomousSearchNumBackupCalled=1875
%%%mzn-stat: 2AutonomousSearchNumPredicatesRemoved=0
%%%mzn-stat: 2AutonomousSearchNumCalls=1885
%%%mzn-stat: 2AutonomousSearchNumPredicatesAdded=705
%%%mzn-stat: 2AutonomousSearchAverageSizeOfHeap=0.693368700265252
%%%mzn-stat: 2AutonomousSearchNumAssignedPredicatesEncountered=1307
%%%mzn-stat-end
maxleg = 481;
succ = array1d(1..20,[4, 6, 5, 12, 7, 8, 9, 1, 16, 11, 13, 18, 3, 15, 17, 20, 2, 19, 10, 14]);
% time elapsed: 0.38 s
----------
%%%mzn-stat: initTime=0.005319204
%%%mzn-stat: objective=455
%%%mzn-stat: nodes=2221
%%%mzn-stat: restarts=0
%%%mzn-stat: peakDepth=244
%%%mzn-stat: solveTime=0.016824169
%%%mzn-stat: variables=518
%%%mzn-stat: propagators=364
%%%mzn-stat: failures=45
%%%mzn-stat: propagations=9406
%%%mzn-stat: nogoods=45
%%%mzn-stat: numAtomicConstraintsPropagated=0
%%%mzn-stat: allDifferentNumber1PropagationsTotal=503
%%%mzn-stat: allDifferentNumber1PropagationsThatFoundConflict=0
%%%mzn-stat: allDifferentNumber1PropagationsThatPruned=271
%%%mzn-stat: allDifferentNumber1TotalValuesPruned=1390
%%%mzn-stat: allDifferentNumber1TotalHallSetSizeConflict=0
%%%mzn-stat: allDifferentNumber1NumberOfConflicts=0
%%%mzn-stat: allDifferentNumber1MaxHallSetSizeConflict=0
%%%mzn-stat: allDifferentNumber1TotalPruningHallSetSize=2300
%%%mzn-stat: allDifferentNumber1NumberOfPruningExplanations=1390
%%%mzn-stat: allDifferentNumber1MaxPruningHallSetSize=12
%%%mzn-stat: allDifferentNumber1TotalFixedEdgesAtConflict=0
%%%mzn-stat: allDifferentNumber1TotalVarsInvolvedInPruning=1285
%%%mzn-stat: allDifferentNumber1MaxValuesPrunedFromSingleVar=4
%%%mzn-stat: allDifferentNumber1TotalSccSizeAtPruning=1019
%%%mzn-stat: allDifferentNumber1NumberOfSccPruningCalls=271
%%%mzn-stat: circuitNumber2PropagationsThatFoundConflict=39
%%%mzn-stat: circuitNumber2TotalFixedEdgesAtConflict=601
%%%mzn-stat: circuitNumber2NumberOfConflicts=39
%%%mzn-stat: circuitNumber2PropagationsThatPruned=26
%%%mzn-stat: circuitNumber2PropagationsTotal=258
%%%mzn-stat: AverageConflictSize=5.311111111111111
%%%mzn-stat: NumUnitNogoodsLearned=0
%%%mzn-stat: AverageLearnedNogoodLength=31.288888888888888
%%%mzn-stat: AverageBacktrackAmount=0
%%%mzn-stat: AverageLbd=8.933333333333334
%%%mzn-stat: 2AutonomousSearchNumBackupCalled=2002
%%%mzn-stat: 2AutonomousSearchNumPredicatesRemoved=0
%%%mzn-stat: 2AutonomousSearchNumCalls=2013
%%%mzn-stat: 2AutonomousSearchNumPredicatesAdded=947
%%%mzn-stat: 2AutonomousSearchAverageSizeOfHeap=0.8455042225534029
%%%mzn-stat: 2AutonomousSearchNumAssignedPredicatesEncountered=1702
%%%mzn-stat-end
maxleg = 455;
succ = array1d(1..20,[4, 6, 5, 12, 7, 8, 9, 1, 18, 11, 13, 3, 16, 15, 17, 20, 2, 19, 10, 14]);
% time elapsed: 0.40 s
----------
%%%mzn-stat: initTime=0.005319204
%%%mzn-stat: objective=444
%%%mzn-stat: nodes=2364
%%%mzn-stat: restarts=0
%%%mzn-stat: peakDepth=244
%%%mzn-stat: solveTime=0.017528561
%%%mzn-stat: variables=518
%%%mzn-stat: propagators=364
%%%mzn-stat: failures=45
%%%mzn-stat: propagations=10102
%%%mzn-stat: nogoods=45
%%%mzn-stat: numAtomicConstraintsPropagated=0
%%%mzn-stat: allDifferentNumber1PropagationsTotal=531
%%%mzn-stat: allDifferentNumber1PropagationsThatFoundConflict=0
%%%mzn-stat: allDifferentNumber1PropagationsThatPruned=286
%%%mzn-stat: allDifferentNumber1TotalValuesPruned=1457
%%%mzn-stat: allDifferentNumber1TotalHallSetSizeConflict=0
%%%mzn-stat: allDifferentNumber1NumberOfConflicts=0
%%%mzn-stat: allDifferentNumber1MaxHallSetSizeConflict=0
%%%mzn-stat: allDifferentNumber1TotalPruningHallSetSize=2433
%%%mzn-stat: allDifferentNumber1NumberOfPruningExplanations=1457
%%%mzn-stat: allDifferentNumber1MaxPruningHallSetSize=12
%%%mzn-stat: allDifferentNumber1TotalFixedEdgesAtConflict=0
%%%mzn-stat: allDifferentNumber1TotalVarsInvolvedInPruning=1348
%%%mzn-stat: allDifferentNumber1MaxValuesPrunedFromSingleVar=4
%%%mzn-stat: allDifferentNumber1TotalSccSizeAtPruning=1083
%%%mzn-stat: allDifferentNumber1NumberOfSccPruningCalls=286
%%%mzn-stat: circuitNumber2PropagationsThatFoundConflict=39
%%%mzn-stat: circuitNumber2TotalFixedEdgesAtConflict=601
%%%mzn-stat: circuitNumber2NumberOfConflicts=39
%%%mzn-stat: circuitNumber2PropagationsThatPruned=29
%%%mzn-stat: circuitNumber2PropagationsTotal=273
%%%mzn-stat: AverageConflictSize=5.311111111111111
%%%mzn-stat: NumUnitNogoodsLearned=0
%%%mzn-stat: AverageLearnedNogoodLength=31.288888888888888
%%%mzn-stat: AverageBacktrackAmount=0
%%%mzn-stat: AverageLbd=8.933333333333334
%%%mzn-stat: 2AutonomousSearchNumBackupCalled=2132
%%%mzn-stat: 2AutonomousSearchNumPredicatesRemoved=0
%%%mzn-stat: 2AutonomousSearchNumCalls=2144
%%%mzn-stat: 2AutonomousSearchNumPredicatesAdded=947
%%%mzn-stat: 2AutonomousSearchAverageSizeOfHeap=0.9780783582089553
%%%mzn-stat: 2AutonomousSearchNumAssignedPredicatesEncountered=2097
%%%mzn-stat-end
maxleg = 444;
succ = array1d(1..20,[4, 6, 5, 12, 7, 8, 9, 1, 18, 11, 19, 3, 16, 15, 17, 20, 2, 10, 13, 14]);
% time elapsed: 0.40 s
----------
%%%mzn-stat: initTime=0.005319204
%%%mzn-stat: objective=438
%%%mzn-stat: nodes=2506
%%%mzn-stat: restarts=0
%%%mzn-stat: peakDepth=244
%%%mzn-stat: solveTime=0.019193542
%%%mzn-stat: variables=518
%%%mzn-stat: propagators=364
%%%mzn-stat: failures=50
%%%mzn-stat: propagations=11014
%%%mzn-stat: nogoods=50
%%%mzn-stat: numAtomicConstraintsPropagated=0
%%%mzn-stat: allDifferentNumber1PropagationsTotal=571
%%%mzn-stat: allDifferentNumber1PropagationsThatFoundConflict=0
%%%mzn-stat: allDifferentNumber1PropagationsThatPruned=307
%%%mzn-stat: allDifferentNumber1TotalValuesPruned=1581
%%%mzn-stat: allDifferentNumber1TotalHallSetSizeConflict=0
%%%mzn-stat: allDifferentNumber1NumberOfConflicts=0
%%%mzn-stat: allDifferentNumber1MaxHallSetSizeConflict=0
%%%mzn-stat: allDifferentNumber1TotalPruningHallSetSize=2904
%%%mzn-stat: allDifferentNumber1NumberOfPruningExplanations=1581
%%%mzn-stat: allDifferentNumber1MaxPruningHallSetSize=12
%%%mzn-stat: allDifferentNumber1TotalFixedEdgesAtConflict=0
%%%mzn-stat: allDifferentNumber1TotalVarsInvolvedInPruning=1445
%%%mzn-stat: allDifferentNumber1MaxValuesPrunedFromSingleVar=4
%%%mzn-stat: allDifferentNumber1TotalSccSizeAtPruning=1238
%%%mzn-stat: allDifferentNumber1NumberOfSccPruningCalls=307
%%%mzn-stat: circuitNumber2PropagationsThatFoundConflict=43
%%%mzn-stat: circuitNumber2TotalFixedEdgesAtConflict=644
%%%mzn-stat: circuitNumber2NumberOfConflicts=43
%%%mzn-stat: circuitNumber2PropagationsThatPruned=31
%%%mzn-stat: circuitNumber2PropagationsTotal=293
%%%mzn-stat: AverageConflictSize=5.12
%%%mzn-stat: NumUnitNogoodsLearned=0
%%%mzn-stat: AverageLearnedNogoodLength=35.4
%%%mzn-stat: AverageBacktrackAmount=0
%%%mzn-stat: AverageLbd=8.9
%%%mzn-stat: 2AutonomousSearchNumBackupCalled=2255
%%%mzn-stat: 2AutonomousSearchNumPredicatesRemoved=0
%%%mzn-stat: 2AutonomousSearchNumCalls=2268
%%%mzn-stat: 2AutonomousSearchNumPredicatesAdded=1106
%%%mzn-stat: 2AutonomousSearchAverageSizeOfHeap=1.1216931216931216
%%%mzn-stat: 2AutonomousSearchNumAssignedPredicatesEncountered=2544
%%%mzn-stat-end
maxleg = 438;
succ = array1d(1..20,[4, 6, 5, 12, 7, 10, 9, 15, 1, 11, 18, 16, 3, 8, 17, 20, 2, 19, 13, 14]);
% time elapsed: 0.40 s
----------
%%%mzn-stat: initTime=0.005319204
%%%mzn-stat: objective=417
%%%mzn-stat: nodes=2634
%%%mzn-stat: restarts=0
%%%mzn-stat: peakDepth=244
%%%mzn-stat: solveTime=0.020646173
%%%mzn-stat: variables=518
%%%mzn-stat: propagators=364
%%%mzn-stat: failures=54
%%%mzn-stat: propagations=11891
%%%mzn-stat: nogoods=54
%%%mzn-stat: numAtomicConstraintsPropagated=0
%%%mzn-stat: allDifferentNumber1PropagationsTotal=609
%%%mzn-stat: allDifferentNumber1PropagationsThatFoundConflict=0
%%%mzn-stat: allDifferentNumber1PropagationsThatPruned=327
%%%mzn-stat: allDifferentNumber1TotalValuesPruned=1686
%%%mzn-stat: allDifferentNumber1TotalHallSetSizeConflict=0
%%%mzn-stat: allDifferentNumber1NumberOfConflicts=0
%%%mzn-stat: allDifferentNumber1MaxHallSetSizeConflict=0
%%%mzn-stat: allDifferentNumber1TotalPruningHallSetSize=3256
%%%mzn-stat: allDifferentNumber1NumberOfPruningExplanations=1686
%%%mzn-stat: allDifferentNumber1MaxPruningHallSetSize=12
%%%mzn-stat: allDifferentNumber1TotalFixedEdgesAtConflict=0
%%%mzn-stat: allDifferentNumber1TotalVarsInvolvedInPruning=1531
%%%mzn-stat: allDifferentNumber1MaxValuesPrunedFromSingleVar=4
%%%mzn-stat: allDifferentNumber1TotalSccSizeAtPruning=1379
%%%mzn-stat: allDifferentNumber1NumberOfSccPruningCalls=327
%%%mzn-stat: circuitNumber2PropagationsThatFoundConflict=47
%%%mzn-stat: circuitNumber2TotalFixedEdgesAtConflict=687
%%%mzn-stat: circuitNumber2NumberOfConflicts=47
%%%mzn-stat: circuitNumber2PropagationsThatPruned=33
%%%mzn-stat: circuitNumber2PropagationsTotal=313
%%%mzn-stat: AverageConflictSize=4.981481481481482
%%%mzn-stat: NumUnitNogoodsLearned=0
%%%mzn-stat: AverageLearnedNogoodLength=37.407407407407405
%%%mzn-stat: AverageBacktrackAmount=0
%%%mzn-stat: AverageLbd=8.87037037037037
%%%mzn-stat: 2AutonomousSearchNumBackupCalled=2366
%%%mzn-stat: 2AutonomousSearchNumPredicatesRemoved=0
%%%mzn-stat: 2AutonomousSearchNumCalls=2380
%%%mzn-stat: 2AutonomousSearchNumPredicatesAdded=1282
%%%mzn-stat: 2AutonomousSearchAverageSizeOfHeap=1.2634453781512605
%%%mzn-stat: 2AutonomousSearchNumAssignedPredicatesEncountered=3007
%%%mzn-stat-end
maxleg = 417;
succ = array1d(1..20,[4, 6, 5, 14, 7, 10, 9, 15, 1, 11, 18, 3, 16, 8, 17, 20, 2, 19, 13, 12]);
% time elapsed: 0.40 s
----------
%%%mzn-stat: initTime=0.005319204
%%%mzn-stat: objective=412
%%%mzn-stat: nodes=2750
%%%mzn-stat: restarts=0
%%%mzn-stat: peakDepth=244
%%%mzn-stat: solveTime=0.022288286
%%%mzn-stat: variables=518
%%%mzn-stat: propagators=364
%%%mzn-stat: failures=54
%%%mzn-stat: propagations=12599
%%%mzn-stat: nogoods=54
%%%mzn-stat: numAtomicConstraintsPropagated=0
%%%mzn-stat: allDifferentNumber1PropagationsTotal=638
%%%mzn-stat: allDifferentNumber1PropagationsThatFoundConflict=0
%%%mzn-stat: allDifferentNumber1PropagationsThatPruned=342
%%%mzn-stat: allDifferentNumber1TotalValuesPruned=1737
%%%mzn-stat: allDifferentNumber1TotalHallSetSizeConflict=0
%%%mzn-stat: allDifferentNumber1NumberOfConflicts=0
%%%mzn-stat: allDifferentNumber1MaxHallSetSizeConflict=0
%%%mzn-stat: allDifferentNumber1TotalPruningHallSetSize=3369
%%%mzn-stat: allDifferentNumber1NumberOfPruningExplanations=1737
%%%mzn-stat: allDifferentNumber1MaxPruningHallSetSize=12
%%%mzn-stat: allDifferentNumber1TotalFixedEdgesAtConflict=0
%%%mzn-stat: allDifferentNumber1TotalVarsInvolvedInPruning=1577
%%%mzn-stat: allDifferentNumber1MaxValuesPrunedFromSingleVar=5
%%%mzn-stat: allDifferentNumber1TotalSccSizeAtPruning=1444
%%%mzn-stat: allDifferentNumber1NumberOfSccPruningCalls=342
%%%mzn-stat: circuitNumber2PropagationsThatFoundConflict=47
%%%mzn-stat: circuitNumber2TotalFixedEdgesAtConflict=687
%%%mzn-stat: circuitNumber2NumberOfConflicts=47
%%%mzn-stat: circuitNumber2PropagationsThatPruned=34
%%%mzn-stat: circuitNumber2PropagationsTotal=328
%%%mzn-stat: AverageConflictSize=4.981481481481482
%%%mzn-stat: NumUnitNogoodsLearned=0
%%%mzn-stat: AverageLearnedNogoodLength=37.407407407407405
%%%mzn-stat: AverageBacktrackAmount=0
%%%mzn-stat: AverageLbd=8.87037037037037
%%%mzn-stat: 2AutonomousSearchNumBackupCalled=2469
%%%mzn-stat: 2AutonomousSearchNumPredicatesRemoved=0
%%%mzn-stat: 2AutonomousSearchNumCalls=2484
%%%mzn-stat: 2AutonomousSearchNumPredicatesAdded=1282
%%%mzn-stat: 2AutonomousSearchAverageSizeOfHeap=1.396940418679549
%%%mzn-stat: 2AutonomousSearchNumAssignedPredicatesEncountered=3470
%%%mzn-stat-end
maxleg = 412;
succ = array1d(1..20,[4, 6, 5, 14, 7, 10, 9, 15, 12, 11, 18, 16, 3, 8, 17, 20, 2, 19, 13, 1]);
% time elapsed: 0.41 s
----------
%%%mzn-stat: initTime=0.005319204
%%%mzn-stat: objective=403
%%%mzn-stat: nodes=2870
%%%mzn-stat: restarts=0
%%%mzn-stat: peakDepth=244
%%%mzn-stat: solveTime=0.023717322
%%%mzn-stat: variables=518
%%%mzn-stat: propagators=364
%%%mzn-stat: failures=58
%%%mzn-stat: propagations=13507
%%%mzn-stat: nogoods=58
%%%mzn-stat: numAtomicConstraintsPropagated=0
%%%mzn-stat: allDifferentNumber1PropagationsTotal=676
%%%mzn-stat: allDifferentNumber1PropagationsThatFoundConflict=0
%%%mzn-stat: allDifferentNumber1PropagationsThatPruned=362
%%%mzn-stat: allDifferentNumber1TotalValuesPruned=1828
%%%mzn-stat: allDifferentNumber1TotalHallSetSizeConflict=0
%%%mzn-stat: allDifferentNumber1NumberOfConflicts=0
%%%mzn-stat: allDifferentNumber1MaxHallSetSizeConflict=0
%%%mzn-stat: allDifferentNumber1TotalPruningHallSetSize=3707
%%%mzn-stat: allDifferentNumber1NumberOfPruningExplanations=1828
%%%mzn-stat: allDifferentNumber1MaxPruningHallSetSize=12
%%%mzn-stat: allDifferentNumber1TotalFixedEdgesAtConflict=0
%%%mzn-stat: allDifferentNumber1TotalVarsInvolvedInPruning=1652
%%%mzn-stat: allDifferentNumber1MaxValuesPrunedFromSingleVar=5
%%%mzn-stat: allDifferentNumber1TotalSccSizeAtPruning=1593
%%%mzn-stat: allDifferentNumber1NumberOfSccPruningCalls=362
%%%mzn-stat: circuitNumber2PropagationsThatFoundConflict=50
%%%mzn-stat: circuitNumber2TotalFixedEdgesAtConflict=718
%%%mzn-stat: circuitNumber2NumberOfConflicts=50
%%%mzn-stat: circuitNumber2PropagationsThatPruned=36
%%%mzn-stat: circuitNumber2PropagationsTotal=347
%%%mzn-stat: AverageConflictSize=4.896551724137931
%%%mzn-stat: NumUnitNogoodsLearned=0
%%%mzn-stat: AverageLearnedNogoodLength=39.13793103448276
%%%mzn-stat: AverageBacktrackAmount=0
%%%mzn-stat: AverageLbd=8.844827586206897
%%%mzn-stat: 2AutonomousSearchNumBackupCalled=2572
%%%mzn-stat: 2AutonomousSearchNumPredicatesRemoved=0
%%%mzn-stat: 2AutonomousSearchNumCalls=2588
%%%mzn-stat: 2AutonomousSearchNumPredicatesAdded=1430
%%%mzn-stat: 2AutonomousSearchAverageSizeOfHeap=1.5212519319938176
%%%mzn-stat: 2AutonomousSearchNumAssignedPredicatesEncountered=3937
%%%mzn-stat-end
maxleg = 403;
succ = array1d(1..20,[4, 6, 5, 16, 7, 10, 9, 15, 12, 11, 18, 1, 3, 8, 17, 20, 2, 19, 13, 14]);
% time elapsed: 0.41 s
----------
%%%mzn-stat: initTime=0.005319204
%%%mzn-stat: objective=388
%%%mzn-stat: nodes=2972
%%%mzn-stat: restarts=0
%%%mzn-stat: peakDepth=244
%%%mzn-stat: solveTime=0.026408018
%%%mzn-stat: variables=518
%%%mzn-stat: propagators=364
%%%mzn-stat: failures=70
%%%mzn-stat: propagations=14976
%%%mzn-stat: nogoods=70
%%%mzn-stat: numAtomicConstraintsPropagated=0
%%%mzn-stat: allDifferentNumber1PropagationsTotal=751
%%%mzn-stat: allDifferentNumber1PropagationsThatFoundConflict=0
%%%mzn-stat: allDifferentNumber1PropagationsThatPruned=410
%%%mzn-stat: allDifferentNumber1TotalValuesPruned=1990
%%%mzn-stat: allDifferentNumber1TotalHallSetSizeConflict=0
%%%mzn-stat: allDifferentNumber1NumberOfConflicts=0
%%%mzn-stat: allDifferentNumber1MaxHallSetSizeConflict=0
%%%mzn-stat: allDifferentNumber1TotalPruningHallSetSize=4072
%%%mzn-stat: allDifferentNumber1NumberOfPruningExplanations=1990
%%%mzn-stat: allDifferentNumber1MaxPruningHallSetSize=12
%%%mzn-stat: allDifferentNumber1TotalFixedEdgesAtConflict=0
%%%mzn-stat: allDifferentNumber1TotalVarsInvolvedInPruning=1782
%%%mzn-stat: allDifferentNumber1MaxValuesPrunedFromSingleVar=5
%%%mzn-stat: allDifferentNumber1TotalSccSizeAtPruning=1800
%%%mzn-stat: allDifferentNumber1NumberOfSccPruningCalls=410
%%%mzn-stat: circuitNumber2PropagationsThatFoundConflict=62
%%%mzn-stat: circuitNumber2TotalFixedEdgesAtConflict=912
%%%mzn-stat: circuitNumber2NumberOfConflicts=62
%%%mzn-stat: circuitNumber2PropagationsThatPruned=44
%%%mzn-stat: circuitNumber2PropagationsTotal=390
%%%mzn-stat: AverageConflictSize=5.5285714285714285
%%%mzn-stat: NumUnitNogoodsLearned=0
%%%mzn-stat: AverageLearnedNogoodLength=38.785714285714285
%%%mzn-stat: AverageBacktrackAmount=0
%%%mzn-stat: AverageLbd=8.614285714285714
%%%mzn-stat: 2AutonomousSearchNumBackupCalled=2651
%%%mzn-stat: 2AutonomousSearchNumPredicatesRemoved=0
%%%mzn-stat: 2AutonomousSearchNumCalls=2668
%%%mzn-stat: 2AutonomousSearchNumPredicatesAdded=1798
%%%mzn-stat: 2AutonomousSearchAverageSizeOfHeap=1.6836581709145426
%%%mzn-stat: 2AutonomousSearchNumAssignedPredicatesEncountered=4492
%%%mzn-stat-end
maxleg = 388;
succ = array1d(1..20,[4, 6, 5, 16, 7, 10, 18, 15, 3, 19, 8, 1, 12, 20, 17, 14, 2, 11, 13, 9]);
% time elapsed: 0.41 s
----------
%%%mzn-stat: initTime=0.005319204
%%%mzn-stat: objective=386
%%%mzn-stat: nodes=3069
%%%mzn-stat: restarts=0
%%%mzn-stat: peakDepth=244
%%%mzn-stat: solveTime=0.029078922
%%%mzn-stat: variables=518
%%%mzn-stat: propagators=364
%%%mzn-stat: failures=78
%%%mzn-stat: propagations=16377
%%%mzn-stat: nogoods=78
%%%mzn-stat: numAtomicConstraintsPropagated=0
%%%mzn-stat: allDifferentNumber1PropagationsTotal=834
%%%mzn-stat: allDifferentNumber1PropagationsThatFoundConflict=0
%%%mzn-stat: allDifferentNumber1PropagationsThatPruned=461
%%%mzn-stat: allDifferentNumber1TotalValuesPruned=2147
%%%mzn-stat: allDifferentNumber1TotalHallSetSizeConflict=0
%%%mzn-stat: allDifferentNumber1NumberOfConflicts=0
%%%mzn-stat: allDifferentNumber1MaxHallSetSizeConflict=0
%%%mzn-stat: allDifferentNumber1TotalPruningHallSetSize=4646
%%%mzn-stat: allDifferentNumber1NumberOfPruningExplanations=2147
%%%mzn-stat: allDifferentNumber1MaxPruningHallSetSize=15
%%%mzn-stat: allDifferentNumber1TotalFixedEdgesAtConflict=0
%%%mzn-stat: allDifferentNumber1TotalVarsInvolvedInPruning=1913
%%%mzn-stat: allDifferentNumber1MaxValuesPrunedFromSingleVar=7
%%%mzn-stat: allDifferentNumber1TotalSccSizeAtPruning=2173
%%%mzn-stat: allDifferentNumber1NumberOfSccPruningCalls=461
%%%mzn-stat: circuitNumber2PropagationsThatFoundConflict=70
%%%mzn-stat: circuitNumber2TotalFixedEdgesAtConflict=997
%%%mzn-stat: circuitNumber2NumberOfConflicts=70
%%%mzn-stat: circuitNumber2PropagationsThatPruned=58
%%%mzn-stat: circuitNumber2PropagationsTotal=439
%%%mzn-stat: AverageConflictSize=5.448717948717949
%%%mzn-stat: NumUnitNogoodsLearned=0
%%%mzn-stat: AverageLearnedNogoodLength=40.47435897435897
%%%mzn-stat: AverageBacktrackAmount=0
%%%mzn-stat: AverageLbd=8.128205128205128
%%%mzn-stat: 2AutonomousSearchNumBackupCalled=2727
%%%mzn-stat: 2AutonomousSearchNumPredicatesRemoved=0
%%%mzn-stat: 2AutonomousSearchNumCalls=2745
%%%mzn-stat: 2AutonomousSearchNumPredicatesAdded=2110
%%%mzn-stat: 2AutonomousSearchAverageSizeOfHeap=1.8633879781420766
%%%mzn-stat: 2AutonomousSearchNumAssignedPredicatesEncountered=5115
%%%mzn-stat-end
maxleg = 386;
succ = array1d(1..20,[4, 11, 5, 16, 9, 8, 3, 15, 12, 6, 18, 1, 19, 20, 17, 14, 2, 7, 10, 13]);
% time elapsed: 0.41 s
----------
%%%mzn-stat: initTime=0.005319204
%%%mzn-stat: objective=381
%%%mzn-stat: nodes=3147
%%%mzn-stat: restarts=0
%%%mzn-stat: peakDepth=244
%%%mzn-stat: solveTime=0.029850786
%%%mzn-stat: variables=518
%%%mzn-stat: propagators=364
%%%mzn-stat: failures=78
%%%mzn-stat: propagations=17102
%%%mzn-stat: nogoods=78
%%%mzn-stat: numAtomicConstraintsPropagated=0
%%%mzn-stat: allDifferentNumber1PropagationsTotal=860
%%%mzn-stat: allDifferentNumber1PropagationsThatFoundConflict=0
%%%mzn-stat: allDifferentNumber1PropagationsThatPruned=477
%%%mzn-stat: allDifferentNumber1TotalValuesPruned=2193
%%%mzn-stat: allDifferentNumber1TotalHallSetSizeConflict=0
%%%mzn-stat: allDifferentNumber1NumberOfConflicts=0
%%%mzn-stat: allDifferentNumber1MaxHallSetSizeConflict=0
%%%mzn-stat: allDifferentNumber1TotalPruningHallSetSize=4805
%%%mzn-stat: allDifferentNumber1NumberOfPruningExplanations=2193
%%%mzn-stat: allDifferentNumber1MaxPruningHallSetSize=15
%%%mzn-stat: allDifferentNumber1TotalFixedEdgesAtConflict=0
%%%mzn-stat: allDifferentNumber1TotalVarsInvolvedInPruning=1952
%%%mzn-stat: allDifferentNumber1MaxValuesPrunedFromSingleVar=7
%%%mzn-stat: allDifferentNumber1TotalSccSizeAtPruning=2277
%%%mzn-stat: allDifferentNumber1NumberOfSccPruningCalls=477
%%%mzn-stat: circuitNumber2PropagationsThatFoundConflict=70
%%%mzn-stat: circuitNumber2TotalFixedEdgesAtConflict=997
%%%mzn-stat: circuitNumber2NumberOfConflicts=70
%%%mzn-stat: circuitNumber2PropagationsThatPruned=64
%%%mzn-stat: circuitNumber2PropagationsTotal=455
%%%mzn-stat: AverageConflictSize=5.448717948717949
%%%mzn-stat: NumUnitNogoodsLearned=0
%%%mzn-stat: AverageLearnedNogoodLength=40.47435897435897
%%%mzn-stat: AverageBacktrackAmount=0
%%%mzn-stat: AverageLbd=8.128205128205128
%%%mzn-stat: 2AutonomousSearchNumBackupCalled=2798
%%%mzn-stat: 2AutonomousSearchNumPredicatesRemoved=0
%%%mzn-stat: 2AutonomousSearchNumCalls=2817
%%%mzn-stat: 2AutonomousSearchNumPredicatesAdded=2110
%%%mzn-stat: 2AutonomousSearchAverageSizeOfHeap=2.0369187078452256
%%%mzn-stat: 2AutonomousSearchNumAssignedPredicatesEncountered=5738
%%%mzn-stat-end
maxleg = 381;
succ = array1d(1..20,[4, 11, 5, 16, 9, 8, 3, 15, 12, 6, 18, 20, 19, 1, 17, 13, 2, 7, 10, 14]);
% time elapsed: 0.41 s
----------
==========
% time elapsed: 0.41 s
%%%mzn-stat: initTime=0.005319204
%%%mzn-stat: objective=381
%%%mzn-stat: nodes=3147
%%%mzn-stat: restarts=0
%%%mzn-stat: peakDepth=244
%%%mzn-stat: solveTime=0.030232686
%%%mzn-stat: variables=518
%%%mzn-stat: propagators=364
%%%mzn-stat: failures=79
%%%mzn-stat: propagations=17418
%%%mzn-stat: nogoods=79
%%%mzn-stat: numAtomicConstraintsPropagated=0
%%%mzn-stat: allDifferentNumber1PropagationsTotal=861
%%%mzn-stat: allDifferentNumber1PropagationsThatFoundConflict=0
%%%mzn-stat: allDifferentNumber1PropagationsThatPruned=478
%%%mzn-stat: allDifferentNumber1TotalValuesPruned=2205
%%%mzn-stat: allDifferentNumber1TotalHallSetSizeConflict=0
%%%mzn-stat: allDifferentNumber1NumberOfConflicts=0
%%%mzn-stat: allDifferentNumber1MaxHallSetSizeConflict=0
%%%mzn-stat: allDifferentNumber1TotalPruningHallSetSize=4925
%%%mzn-stat: allDifferentNumber1NumberOfPruningExplanations=2205
%%%mzn-stat: allDifferentNumber1MaxPruningHallSetSize=19
%%%mzn-stat: allDifferentNumber1TotalFixedEdgesAtConflict=0
%%%mzn-stat: allDifferentNumber1TotalVarsInvolvedInPruning=1959
%%%mzn-stat: allDifferentNumber1MaxValuesPrunedFromSingleVar=7
%%%mzn-stat: allDifferentNumber1TotalSccSizeAtPruning=2314
%%%mzn-stat: allDifferentNumber1NumberOfSccPruningCalls=478
%%%mzn-stat: circuitNumber2PropagationsThatFoundConflict=71
%%%mzn-stat: circuitNumber2TotalFixedEdgesAtConflict=999
%%%mzn-stat: circuitNumber2NumberOfConflicts=71
%%%mzn-stat: circuitNumber2PropagationsThatPruned=64
%%%mzn-stat: circuitNumber2PropagationsTotal=456
%%%mzn-stat: AverageConflictSize=5.405063291139241
%%%mzn-stat: NumUnitNogoodsLearned=1
%%%mzn-stat: AverageLearnedNogoodLength=39.9746835443038
%%%mzn-stat: AverageBacktrackAmount=0
%%%mzn-stat: AverageLbd=8.037974683544304
%%%mzn-stat: 2AutonomousSearchNumBackupCalled=2798
%%%mzn-stat: 2AutonomousSearchNumPredicatesRemoved=0
%%%mzn-stat: 2AutonomousSearchNumCalls=2817
%%%mzn-stat: 2AutonomousSearchNumPredicatesAdded=2456
%%%mzn-stat: 2AutonomousSearchAverageSizeOfHeap=2.0369187078452256
%%%mzn-stat: 2AutonomousSearchNumAssignedPredicatesEncountered=5738
%%%mzn-stat-end
