% Logging successfully configured
=====UNSATISFIABLE=====
% time elapsed: 0.48 s
%%%mzn-stat: initTime=0.000997529
%%%mzn-stat: nodes=0
%%%mzn-stat: restarts=0
%%%mzn-stat: peakDepth=0
%%%mzn-stat: solveTime=0
%%%mzn-stat: variables=112
%%%mzn-stat: propagators=2
%%%mzn-stat: failures=1
%%%mzn-stat: propagations=2
%%%mzn-stat: nogoods=1
%%%mzn-stat: numAtomicConstraintsPropagated=0
%%%mzn-stat: allDifferentNumber1PropagationsTotal=1
%%%mzn-stat: allDifferentNumber1PropagationsThatFoundConflict=1
%%%mzn-stat: allDifferentNumber1PropagationsThatPruned=0
%%%mzn-stat: allDifferentNumber1TotalValuesPruned=0
%%%mzn-stat: allDifferentNumber1TotalHallSetSizeConflict=14
%%%mzn-stat: allDifferentNumber1NumberOfConflicts=1
%%%mzn-stat: allDifferentNumber1MaxHallSetSizeConflict=14
%%%mzn-stat: allDifferentNumber1TotalPruningHallSetSize=0
%%%mzn-stat: allDifferentNumber1NumberOfPruningExplanations=0
%%%mzn-stat: allDifferentNumber1MaxPruningHallSetSize=0
%%%mzn-stat: allDifferentNumber1TotalFixedEdgesAtConflict=5
%%%mzn-stat: allDifferentNumber1TotalVarsInvolvedInPruning=0
%%%mzn-stat: allDifferentNumber1MaxValuesPrunedFromSingleVar=0
%%%mzn-stat: allDifferentNumber1TotalSccSizeAtPruning=0
%%%mzn-stat: allDifferentNumber1NumberOfSccPruningCalls=0
%%%mzn-stat: AverageConflictSize=0
%%%mzn-stat: NumUnitNogoodsLearned=0
%%%mzn-stat: AverageLearnedNogoodLength=0
%%%mzn-stat: AverageBacktrackAmount=0
%%%mzn-stat: AverageLbd=0
%%%mzn-stat: 2AutonomousSearchNumBackupCalled=0
%%%mzn-stat: 2AutonomousSearchNumPredicatesRemoved=0
%%%mzn-stat: 2AutonomousSearchNumCalls=0
%%%mzn-stat: 2AutonomousSearchNumPredicatesAdded=0
%%%mzn-stat: 2AutonomousSearchAverageSizeOfHeap=0
%%%mzn-stat: 2AutonomousSearchNumAssignedPredicatesEncountered=0
%%%mzn-stat-end
