%%%mzn-stat: initTime=0.038905311
%%%mzn-stat: objective=185
%%%mzn-stat: nodes=2205
%%%mzn-stat: restarts=0
%%%mzn-stat: peakDepth=1299
%%%mzn-stat: solveTime=1.22441467
%%%mzn-stat: variables=3406
%%%mzn-stat: propagators=2956
%%%mzn-stat: failures=531
%%%mzn-stat: propagations=310070
%%%mzn-stat: nogoods=531
%%%mzn-stat: AverageConflictSize=9.101694915254237
%%%mzn-stat: NumUnitNogoodsLearned=184
%%%mzn-stat: AverageLearnedNogoodLength=148.0225988700565
%%%mzn-stat: AverageBacktrackAmount=0
%%%mzn-stat: AverageLbd=61.96986817325801
%%%mzn-stat-end
maxleg = 185;
succ = array1d(1..150,[127, 143, 90, 78, 2, 138, 107, 66, 29, 122, 146, 110, 133, 51, 125, 41, 139, 50, 30, 96, 71, 52, 8, 130, 109, 74, 28, 129, 46, 1, 75, 58, 100, 149, 7, 82, 121, 35, 83, 48, 84, 6, 142, 94, 22, 49, 32, 93, 3, 134, 102, 57, 23, 12, 86, 33, 148, 70, 118, 137, 95, 38, 19, 88, 59, 21, 89, 81, 25, 85, 145, 105, 17, 31, 77, 115, 11, 5, 111, 45, 91, 150, 43, 63, 54, 68, 97, 72, 18, 73, 140, 120, 128, 80, 4, 40, 16, 147, 113, 24, 119, 47, 79, 36, 132, 101, 106, 69, 76, 39, 112, 26, 117, 141, 61, 126, 55, 136, 44, 56, 10, 135, 114, 99, 123, 42, 92, 13, 53, 9, 15, 124, 34, 37, 116, 14, 87, 20, 103, 60, 64, 108, 131, 67, 144, 104, 65, 98, 62, 27]);
% time elapsed: 1.66 s
----------
==========
% time elapsed: 1.66 s
%%%mzn-stat: initTime=0.038905311
%%%mzn-stat: objective=185
%%%mzn-stat: nodes=2205
%%%mzn-stat: restarts=0
%%%mzn-stat: peakDepth=1299
%%%mzn-stat: solveTime=1.224419399
%%%mzn-stat: variables=3406
%%%mzn-stat: propagators=2956
%%%mzn-stat: failures=531
%%%mzn-stat: propagations=310070
%%%mzn-stat: nogoods=531
%%%mzn-stat: AverageConflictSize=9.101694915254237
%%%mzn-stat: NumUnitNogoodsLearned=184
%%%mzn-stat: AverageLearnedNogoodLength=148.0225988700565
%%%mzn-stat: AverageBacktrackAmount=0
%%%mzn-stat: AverageLbd=61.96986817325801
%%%mzn-stat-end
