%%%mzn-stat: initTime=0.005183625
%%%mzn-stat: objective=356
%%%mzn-stat: nodes=1409
%%%mzn-stat: restarts=0
%%%mzn-stat: peakDepth=94
%%%mzn-stat: solveTime=0.092121446
%%%mzn-stat: variables=504
%%%mzn-stat: propagators=355
%%%mzn-stat: failures=677
%%%mzn-stat: propagations=127158
%%%mzn-stat: nogoods=677
%%%mzn-stat: AverageConflictSize=16.122599704579024
%%%mzn-stat: NumUnitNogoodsLearned=355
%%%mzn-stat: AverageLearnedNogoodLength=15.8301329394387
%%%mzn-stat: AverageBacktrackAmount=0
%%%mzn-stat: AverageLbd=3.553914327917282
%%%mzn-stat-end
maxleg = 356;
succ = array1d(1..20,[4, 3, 1, 7, 15, 9, 8, 18, 10, 17, 14, 13, 19, 20, 12, 6, 11, 16, 2, 5]);
% time elapsed: 1.55 s
----------
==========
% time elapsed: 1.55 s
%%%mzn-stat: initTime=0.005183625
%%%mzn-stat: objective=356
%%%mzn-stat: nodes=1409
%%%mzn-stat: restarts=0
%%%mzn-stat: peakDepth=94
%%%mzn-stat: solveTime=0.092125051
%%%mzn-stat: variables=504
%%%mzn-stat: propagators=355
%%%mzn-stat: failures=677
%%%mzn-stat: propagations=127158
%%%mzn-stat: nogoods=677
%%%mzn-stat: AverageConflictSize=16.122599704579024
%%%mzn-stat: NumUnitNogoodsLearned=355
%%%mzn-stat: AverageLearnedNogoodLength=15.8301329394387
%%%mzn-stat: AverageBacktrackAmount=0
%%%mzn-stat: AverageLbd=3.553914327917282
%%%mzn-stat-end
