%%%mzn-stat: initTime=0.008799003
%%%mzn-stat: objective=252
%%%mzn-stat: nodes=118726
%%%mzn-stat: restarts=139
%%%mzn-stat: peakDepth=372
%%%mzn-stat: solveTime=20.973751819
%%%mzn-stat: variables=829
%%%mzn-stat: propagators=583
%%%mzn-stat: failures=80294
%%%mzn-stat: propagations=3088119
%%%mzn-stat: nogoods=80294
%%%mzn-stat: AverageConflictSize=16.183774628241213
%%%mzn-stat: NumUnitNogoodsLearned=236
%%%mzn-stat: AverageLearnedNogoodLength=30.253530774404066
%%%mzn-stat: AverageBacktrackAmount=0
%%%mzn-stat: AverageLbd=10.908473858569756
%%%mzn-stat-end
maxleg = 252;
succ = array1d(1..50,[12, 49, 36, 25, 18, 46, 42, 38, 5, 26, 17, 15, 16, 43, 13, 6, 48, 14, 29, 27, 44, 1, 7, 47, 21, 3, 45, 34, 33, 19, 8, 37, 9, 30, 10, 22, 50, 4, 28, 2, 35, 32, 31, 24, 23, 39, 20, 40, 41, 11]);
% time elapsed: 22.53 s
----------
==========
% time elapsed: 177.47 s
%%%mzn-stat: initTime=0.008799003
%%%mzn-stat: objective=252
%%%mzn-stat: nodes=631968
%%%mzn-stat: restarts=314
%%%mzn-stat: peakDepth=372
%%%mzn-stat: solveTime=175.914461581
%%%mzn-stat: variables=829
%%%mzn-stat: propagators=583
%%%mzn-stat: failures=550220
%%%mzn-stat: propagations=16599126
%%%mzn-stat: nogoods=550220
%%%mzn-stat: AverageConflictSize=16.619737559521646
%%%mzn-stat: NumUnitNogoodsLearned=237
%%%mzn-stat: AverageLearnedNogoodLength=32.483739231580095
%%%mzn-stat: AverageBacktrackAmount=0
%%%mzn-stat: AverageLbd=8.865279342808332
%%%mzn-stat-end
