% Logging successfully configured
%%%mzn-stat: initTime=0.030314272
%%%mzn-stat: objective=1129
%%%mzn-stat: nodes=1687
%%%mzn-stat: restarts=0
%%%mzn-stat: peakDepth=1634
%%%mzn-stat: solveTime=0.008669292
%%%mzn-stat: variables=3137
%%%mzn-stat: propagators=7178
%%%mzn-stat: failures=26
%%%mzn-stat: propagations=42260
%%%mzn-stat: nogoods=26
%%%mzn-stat: numAtomicConstraintsPropagated=0
%%%mzn-stat: circuitNumber4951PropagationsThatFoundConflict=0
%%%mzn-stat: circuitNumber4951TotalFixedEdgesAtConflict=0
%%%mzn-stat: circuitNumber4951NumberOfConflicts=0
%%%mzn-stat: circuitNumber4951PropagationsThatPruned=2
%%%mzn-stat: circuitNumber4951PropagationsTotal=123
%%%mzn-stat: AverageConflictSize=2
%%%mzn-stat: NumUnitNogoodsLearned=0
%%%mzn-stat: AverageLearnedNogoodLength=16.923076923076923
%%%mzn-stat: AverageBacktrackAmount=0
%%%mzn-stat: AverageLbd=13.346153846153847
%%%mzn-stat: 2AutonomousSearchNumBackupCalled=1551
%%%mzn-stat: 2AutonomousSearchNumPredicatesRemoved=0
%%%mzn-stat: 2AutonomousSearchNumCalls=1552
%%%mzn-stat: 2AutonomousSearchNumPredicatesAdded=673
%%%mzn-stat: 2AutonomousSearchAverageSizeOfHeap=0.4336340206185567
%%%mzn-stat: 2AutonomousSearchNumAssignedPredicatesEncountered=673
%%%mzn-stat-end
maxleg = 1129;
succ = array1d(1..100,[6, 3, 9, 1, 10, 13, 11, 16, 7, 4, 41, 5, 14, 2, 37, 20, 21, 15, 17, 12, 22, 43, 35, 28, 33, 8, 48, 25, 36, 32, 19, 29, 44, 23, 27, 24, 45, 18, 46, 34, 50, 49, 42, 53, 40, 26, 30, 70, 39, 71, 38, 31, 57, 55, 58, 51, 64, 61, 72, 66, 67, 59, 82, 69, 52, 54, 47, 73, 78, 74, 60, 56, 76, 83, 86, 81, 65, 93, 91, 88, 95, 85, 63, 98, 75, 94, 89, 90, 100, 87, 99, 62, 92, 96, 77, 79, 68, 97, 80, 84]);
% time elapsed: 4.50 s
----------
%%%mzn-stat: initTime=0.030314272
%%%mzn-stat: objective=1108
%%%mzn-stat: nodes=3465
%%%mzn-stat: restarts=0
%%%mzn-stat: peakDepth=1634
%%%mzn-stat: solveTime=0.033747304
%%%mzn-stat: variables=3137
%%%mzn-stat: propagators=7178
%%%mzn-stat: failures=123
%%%mzn-stat: propagations=151422
%%%mzn-stat: nogoods=123
%%%mzn-stat: numAtomicConstraintsPropagated=0
%%%mzn-stat: circuitNumber4951PropagationsThatFoundConflict=3
%%%mzn-stat: circuitNumber4951TotalFixedEdgesAtConflict=282
%%%mzn-stat: circuitNumber4951NumberOfConflicts=3
%%%mzn-stat: circuitNumber4951PropagationsThatPruned=12
%%%mzn-stat: circuitNumber4951PropagationsTotal=320
%%%mzn-stat: AverageConflictSize=3.6341463414634148
%%%mzn-stat: NumUnitNogoodsLearned=0
%%%mzn-stat: AverageLearnedNogoodLength=24.471544715447155
%%%mzn-stat: AverageBacktrackAmount=0
%%%mzn-stat: AverageLbd=17.195121951219512
%%%mzn-stat: 2AutonomousSearchNumBackupCalled=3099
%%%mzn-stat: 2AutonomousSearchNumPredicatesRemoved=0
%%%mzn-stat: 2AutonomousSearchNumCalls=3101
%%%mzn-stat: 2AutonomousSearchNumPredicatesAdded=1887
%%%mzn-stat: 2AutonomousSearchAverageSizeOfHeap=0.6227023540793293
%%%mzn-stat: 2AutonomousSearchNumAssignedPredicatesEncountered=1931
%%%mzn-stat-end
maxleg = 1108;
succ = array1d(1..100,[6, 3, 9, 1, 10, 13, 11, 16, 7, 4, 41, 5, 14, 2, 37, 20, 21, 15, 17, 12, 22, 43, 35, 28, 33, 8, 48, 25, 36, 32, 19, 29, 44, 23, 27, 24, 45, 18, 53, 34, 50, 49, 42, 54, 40, 26, 30, 46, 39, 71, 38, 31, 47, 55, 58, 51, 64, 61, 72, 66, 67, 59, 79, 69, 52, 65, 81, 73, 78, 74, 60, 56, 76, 82, 86, 88, 57, 93, 91, 84, 75, 85, 63, 98, 90, 94, 89, 83, 100, 80, 99, 62, 92, 96, 77, 70, 68, 97, 87, 95]);
% time elapsed: 4.52 s
----------
%%%mzn-stat: initTime=0.030314272
%%%mzn-stat: objective=1085
%%%mzn-stat: nodes=5082
%%%mzn-stat: restarts=0
%%%mzn-stat: peakDepth=1634
%%%mzn-stat: solveTime=0.037649109
%%%mzn-stat: variables=3137
%%%mzn-stat: propagators=7178
%%%mzn-stat: failures=124
%%%mzn-stat: propagations=166003
%%%mzn-stat: nogoods=124
%%%mzn-stat: numAtomicConstraintsPropagated=0
%%%mzn-stat: circuitNumber4951PropagationsThatFoundConflict=3
%%%mzn-stat: circuitNumber4951TotalFixedEdgesAtConflict=282
%%%mzn-stat: circuitNumber4951NumberOfConflicts=3
%%%mzn-stat: circuitNumber4951PropagationsThatPruned=14
%%%mzn-stat: circuitNumber4951PropagationsTotal=403
%%%mzn-stat: AverageConflictSize=3.620967741935484
%%%mzn-stat: NumUnitNogoodsLearned=0
%%%mzn-stat: AverageLearnedNogoodLength=24.379032258064516
%%%mzn-stat: AverageBacktrackAmount=0
%%%mzn-stat: AverageLbd=17.14516129032258
%%%mzn-stat: 2AutonomousSearchNumBackupCalled=4634
%%%mzn-stat: 2AutonomousSearchNumPredicatesRemoved=0
%%%mzn-stat: 2AutonomousSearchNumCalls=4637
%%%mzn-stat: 2AutonomousSearchNumPredicatesAdded=2037
%%%mzn-stat: 2AutonomousSearchAverageSizeOfHeap=0.687729135216735
%%%mzn-stat: 2AutonomousSearchNumAssignedPredicatesEncountered=3189
%%%mzn-stat-end
maxleg = 1085;
succ = array1d(1..100,[6, 3, 9, 1, 10, 13, 11, 16, 7, 4, 41, 5, 14, 2, 37, 20, 21, 15, 17, 12, 22, 43, 35, 28, 33, 8, 48, 25, 36, 32, 19, 29, 44, 23, 27, 24, 45, 18, 53, 34, 50, 49, 42, 54, 40, 30, 62, 46, 39, 71, 38, 31, 47, 26, 58, 51, 64, 61, 72, 66, 67, 59, 55, 69, 52, 65, 60, 70, 78, 74, 73, 56, 76, 82, 86, 68, 57, 93, 91, 88, 63, 85, 100, 98, 75, 94, 89, 83, 90, 80, 99, 81, 92, 96, 77, 79, 95, 97, 87, 84]);
% time elapsed: 4.53 s
----------
%%%mzn-stat: initTime=0.030314272
%%%mzn-stat: objective=1054
%%%mzn-stat: nodes=6696
%%%mzn-stat: restarts=0
%%%mzn-stat: peakDepth=1634
%%%mzn-stat: solveTime=0.040836694
%%%mzn-stat: variables=3137
%%%mzn-stat: propagators=7178
%%%mzn-stat: failures=124
%%%mzn-stat: propagations=179253
%%%mzn-stat: nogoods=124
%%%mzn-stat: numAtomicConstraintsPropagated=0
%%%mzn-stat: circuitNumber4951PropagationsThatFoundConflict=3
%%%mzn-stat: circuitNumber4951TotalFixedEdgesAtConflict=282
%%%mzn-stat: circuitNumber4951NumberOfConflicts=3
%%%mzn-stat: circuitNumber4951PropagationsThatPruned=17
%%%mzn-stat: circuitNumber4951PropagationsTotal=483
%%%mzn-stat: AverageConflictSize=3.620967741935484
%%%mzn-stat: NumUnitNogoodsLearned=0
%%%mzn-stat: AverageLearnedNogoodLength=24.379032258064516
%%%mzn-stat: AverageBacktrackAmount=0
%%%mzn-stat: AverageLbd=17.14516129032258
%%%mzn-stat: 2AutonomousSearchNumBackupCalled=6170
%%%mzn-stat: 2AutonomousSearchNumPredicatesRemoved=0
%%%mzn-stat: 2AutonomousSearchNumCalls=6174
%%%mzn-stat: 2AutonomousSearchNumPredicatesAdded=2037
%%%mzn-stat: 2AutonomousSearchAverageSizeOfHeap=0.7202785876255264
%%%mzn-stat: 2AutonomousSearchNumAssignedPredicatesEncountered=4447
%%%mzn-stat-end
maxleg = 1054;
succ = array1d(1..100,[6, 3, 9, 1, 10, 13, 11, 16, 7, 4, 41, 5, 14, 2, 37, 20, 21, 15, 17, 12, 22, 43, 35, 28, 33, 8, 48, 25, 36, 32, 19, 29, 44, 23, 27, 24, 45, 18, 53, 34, 50, 49, 42, 54, 40, 30, 62, 46, 39, 71, 38, 31, 47, 26, 58, 51, 64, 61, 72, 66, 67, 59, 79, 69, 52, 65, 60, 73, 55, 74, 76, 56, 86, 82, 78, 68, 57, 93, 91, 88, 63, 85, 100, 98, 75, 94, 89, 83, 90, 80, 99, 81, 92, 96, 77, 70, 95, 97, 87, 84]);
% time elapsed: 4.53 s
----------
%%%mzn-stat: initTime=0.030314272
%%%mzn-stat: objective=1012
%%%mzn-stat: nodes=8238
%%%mzn-stat: restarts=0
%%%mzn-stat: peakDepth=1634
%%%mzn-stat: solveTime=0.045946648
%%%mzn-stat: variables=3137
%%%mzn-stat: propagators=7178
%%%mzn-stat: failures=126
%%%mzn-stat: propagations=195085
%%%mzn-stat: nogoods=126
%%%mzn-stat: numAtomicConstraintsPropagated=0
%%%mzn-stat: circuitNumber4951PropagationsThatFoundConflict=4
%%%mzn-stat: circuitNumber4951TotalFixedEdgesAtConflict=377
%%%mzn-stat: circuitNumber4951NumberOfConflicts=4
%%%mzn-stat: circuitNumber4951PropagationsThatPruned=20
%%%mzn-stat: circuitNumber4951PropagationsTotal=565
%%%mzn-stat: AverageConflictSize=3.619047619047619
%%%mzn-stat: NumUnitNogoodsLearned=0
%%%mzn-stat: AverageLearnedNogoodLength=24.817460317460316
%%%mzn-stat: AverageBacktrackAmount=0
%%%mzn-stat: AverageLbd=17.595238095238095
%%%mzn-stat: 2AutonomousSearchNumBackupCalled=7631
%%%mzn-stat: 2AutonomousSearchNumPredicatesRemoved=0
%%%mzn-stat: 2AutonomousSearchNumCalls=7636
%%%mzn-stat: 2AutonomousSearchNumPredicatesAdded=2341
%%%mzn-stat: 2AutonomousSearchAverageSizeOfHeap=0.749083289680461
%%%mzn-stat: 2AutonomousSearchNumAssignedPredicatesEncountered=5720
%%%mzn-stat-end
maxleg = 1012;
succ = array1d(1..100,[6, 3, 9, 1, 10, 13, 11, 16, 7, 4, 41, 5, 14, 2, 37, 20, 21, 15, 17, 12, 22, 43, 35, 28, 33, 8, 48, 25, 36, 32, 19, 29, 44, 23, 27, 24, 45, 18, 53, 34, 50, 49, 42, 54, 40, 30, 62, 46, 39, 71, 38, 31, 47, 26, 65, 51, 64, 61, 72, 66, 67, 59, 58, 69, 52, 76, 60, 70, 55, 74, 73, 56, 86, 82, 78, 68, 57, 93, 91, 88, 95, 85, 63, 98, 75, 94, 89, 83, 90, 80, 97, 81, 92, 96, 77, 79, 100, 99, 87, 84]);
% time elapsed: 4.54 s
----------
%%%mzn-stat: initTime=0.030314272
%%%mzn-stat: objective=998
%%%mzn-stat: nodes=9787
%%%mzn-stat: restarts=0
%%%mzn-stat: peakDepth=1634
%%%mzn-stat: solveTime=0.049117837
%%%mzn-stat: variables=3137
%%%mzn-stat: propagators=7178
%%%mzn-stat: failures=126
%%%mzn-stat: propagations=208400
%%%mzn-stat: nogoods=126
%%%mzn-stat: numAtomicConstraintsPropagated=0
%%%mzn-stat: circuitNumber4951PropagationsThatFoundConflict=4
%%%mzn-stat: circuitNumber4951TotalFixedEdgesAtConflict=377
%%%mzn-stat: circuitNumber4951NumberOfConflicts=4
%%%mzn-stat: circuitNumber4951PropagationsThatPruned=23
%%%mzn-stat: circuitNumber4951PropagationsTotal=645
%%%mzn-stat: AverageConflictSize=3.619047619047619
%%%mzn-stat: NumUnitNogoodsLearned=0
%%%mzn-stat: AverageLearnedNogoodLength=24.817460317460316
%%%mzn-stat: AverageBacktrackAmount=0
%%%mzn-stat: AverageLbd=17.595238095238095
%%%mzn-stat: 2AutonomousSearchNumBackupCalled=9102
%%%mzn-stat: 2AutonomousSearchNumPredicatesRemoved=0
%%%mzn-stat: 2AutonomousSearchNumCalls=9108
%%%mzn-stat: 2AutonomousSearchNumPredicatesAdded=2341
%%%mzn-stat: 2AutonomousSearchAverageSizeOfHeap=0.7677865612648221
%%%mzn-stat: 2AutonomousSearchNumAssignedPredicatesEncountered=6993
%%%mzn-stat-end
maxleg = 998;
succ = array1d(1..100,[6, 3, 9, 1, 10, 13, 11, 16, 7, 4, 41, 5, 14, 2, 37, 20, 21, 15, 17, 12, 22, 43, 35, 28, 33, 8, 48, 25, 36, 32, 19, 29, 44, 23, 27, 24, 45, 18, 53, 34, 50, 49, 42, 54, 40, 30, 62, 46, 39, 71, 38, 31, 47, 26, 66, 51, 64, 61, 72, 73, 67, 59, 58, 69, 52, 65, 60, 70, 55, 74, 76, 56, 86, 82, 78, 68, 57, 93, 91, 88, 63, 85, 100, 98, 75, 94, 89, 83, 90, 80, 99, 81, 92, 96, 77, 79, 95, 97, 87, 84]);
% time elapsed: 4.54 s
----------
%%%mzn-stat: initTime=0.030314272
%%%mzn-stat: objective=957
%%%mzn-stat: nodes=11349
%%%mzn-stat: restarts=0
%%%mzn-stat: peakDepth=1634
%%%mzn-stat: solveTime=0.053644858
%%%mzn-stat: variables=3137
%%%mzn-stat: propagators=7178
%%%mzn-stat: failures=129
%%%mzn-stat: propagations=224134
%%%mzn-stat: nogoods=129
%%%mzn-stat: numAtomicConstraintsPropagated=0
%%%mzn-stat: circuitNumber4951PropagationsThatFoundConflict=4
%%%mzn-stat: circuitNumber4951TotalFixedEdgesAtConflict=377
%%%mzn-stat: circuitNumber4951NumberOfConflicts=4
%%%mzn-stat: circuitNumber4951PropagationsThatPruned=25
%%%mzn-stat: circuitNumber4951PropagationsTotal=725
%%%mzn-stat: AverageConflictSize=3.5891472868217056
%%%mzn-stat: NumUnitNogoodsLearned=0
%%%mzn-stat: AverageLearnedNogoodLength=24.953488372093023
%%%mzn-stat: AverageBacktrackAmount=0
%%%mzn-stat: AverageLbd=17.589147286821706
%%%mzn-stat: 2AutonomousSearchNumBackupCalled=10583
%%%mzn-stat: 2AutonomousSearchNumPredicatesRemoved=0
%%%mzn-stat: 2AutonomousSearchNumCalls=10590
%%%mzn-stat: 2AutonomousSearchNumPredicatesAdded=2692
%%%mzn-stat: 2AutonomousSearchAverageSizeOfHeap=0.78876298394712
%%%mzn-stat: 2AutonomousSearchNumAssignedPredicatesEncountered=8353
%%%mzn-stat-end
maxleg = 957;
succ = array1d(1..100,[6, 3, 9, 1, 10, 13, 11, 16, 7, 4, 41, 5, 14, 2, 37, 20, 21, 15, 18, 12, 22, 43, 17, 28, 33, 8, 48, 25, 36, 32, 19, 29, 35, 23, 27, 24, 45, 54, 53, 34, 50, 49, 31, 66, 51, 30, 62, 38, 39, 44, 46, 57, 47, 26, 69, 40, 64, 61, 72, 73, 42, 59, 58, 67, 52, 65, 60, 70, 78, 71, 76, 56, 86, 82, 74, 88, 63, 93, 91, 75, 95, 85, 100, 98, 90, 94, 89, 83, 55, 87, 97, 81, 92, 96, 77, 79, 68, 99, 80, 84]);
% time elapsed: 4.55 s
----------
%%%mzn-stat: initTime=0.030314272
%%%mzn-stat: objective=956
%%%mzn-stat: nodes=12883
%%%mzn-stat: restarts=0
%%%mzn-stat: peakDepth=1634
%%%mzn-stat: solveTime=0.057604125
%%%mzn-stat: variables=3137
%%%mzn-stat: propagators=7178
%%%mzn-stat: failures=133
%%%mzn-stat: propagations=240396
%%%mzn-stat: nogoods=133
%%%mzn-stat: numAtomicConstraintsPropagated=0
%%%mzn-stat: circuitNumber4951PropagationsThatFoundConflict=4
%%%mzn-stat: circuitNumber4951TotalFixedEdgesAtConflict=377
%%%mzn-stat: circuitNumber4951NumberOfConflicts=4
%%%mzn-stat: circuitNumber4951PropagationsThatPruned=28
%%%mzn-stat: circuitNumber4951PropagationsTotal=809
%%%mzn-stat: AverageConflictSize=3.5413533834586466
%%%mzn-stat: NumUnitNogoodsLearned=0
%%%mzn-stat: AverageLearnedNogoodLength=24.616541353383457
%%%mzn-stat: AverageBacktrackAmount=0
%%%mzn-stat: AverageLbd=17.270676691729324
%%%mzn-stat: 2AutonomousSearchNumBackupCalled=12034
%%%mzn-stat: 2AutonomousSearchNumPredicatesRemoved=0
%%%mzn-stat: 2AutonomousSearchNumCalls=12042
%%%mzn-stat: 2AutonomousSearchNumPredicatesAdded=2899
%%%mzn-stat: 2AutonomousSearchAverageSizeOfHeap=0.8085866135193489
%%%mzn-stat: 2AutonomousSearchNumAssignedPredicatesEncountered=9737
%%%mzn-stat-end
maxleg = 956;
succ = array1d(1..100,[6, 3, 9, 1, 10, 13, 11, 16, 7, 4, 41, 5, 14, 2, 37, 20, 21, 15, 18, 12, 22, 43, 17, 28, 33, 8, 48, 25, 36, 32, 19, 29, 35, 23, 27, 24, 45, 54, 53, 34, 50, 49, 31, 66, 51, 30, 64, 38, 39, 44, 46, 57, 47, 26, 69, 40, 85, 61, 72, 73, 42, 59, 58, 67, 52, 65, 60, 70, 78, 71, 76, 56, 86, 62, 74, 88, 63, 93, 91, 82, 75, 97, 100, 98, 90, 94, 89, 83, 55, 80, 84, 81, 92, 96, 77, 79, 68, 99, 87, 95]);
% time elapsed: 4.56 s
----------
%%%mzn-stat: initTime=0.030314272
%%%mzn-stat: objective=907
%%%mzn-stat: nodes=14421
%%%mzn-stat: restarts=0
%%%mzn-stat: peakDepth=1634
%%%mzn-stat: solveTime=0.061001035
%%%mzn-stat: variables=3137
%%%mzn-stat: propagators=7178
%%%mzn-stat: failures=133
%%%mzn-stat: propagations=253719
%%%mzn-stat: nogoods=133
%%%mzn-stat: numAtomicConstraintsPropagated=0
%%%mzn-stat: circuitNumber4951PropagationsThatFoundConflict=4
%%%mzn-stat: circuitNumber4951TotalFixedEdgesAtConflict=377
%%%mzn-stat: circuitNumber4951NumberOfConflicts=4
%%%mzn-stat: circuitNumber4951PropagationsThatPruned=29
%%%mzn-stat: circuitNumber4951PropagationsTotal=886
%%%mzn-stat: AverageConflictSize=3.5413533834586466
%%%mzn-stat: NumUnitNogoodsLearned=0
%%%mzn-stat: AverageLearnedNogoodLength=24.616541353383457
%%%mzn-stat: AverageBacktrackAmount=0
%%%mzn-stat: AverageLbd=17.270676691729324
%%%mzn-stat: 2AutonomousSearchNumBackupCalled=13495
%%%mzn-stat: 2AutonomousSearchNumPredicatesRemoved=0
%%%mzn-stat: 2AutonomousSearchNumCalls=13504
%%%mzn-stat: 2AutonomousSearchNumPredicatesAdded=2899
%%%mzn-stat: 2AutonomousSearchAverageSizeOfHeap=0.8235337677725119
%%%mzn-stat: 2AutonomousSearchNumAssignedPredicatesEncountered=11121
%%%mzn-stat-end
maxleg = 907;
succ = array1d(1..100,[6, 3, 9, 1, 10, 13, 11, 16, 7, 4, 41, 5, 14, 2, 37, 20, 21, 15, 18, 12, 22, 43, 17, 28, 33, 8, 48, 25, 36, 32, 19, 29, 35, 23, 27, 24, 45, 54, 53, 34, 50, 49, 31, 66, 51, 30, 64, 38, 39, 44, 46, 57, 47, 26, 69, 40, 85, 61, 72, 73, 42, 67, 58, 79, 52, 65, 60, 59, 78, 71, 76, 56, 86, 62, 74, 68, 63, 93, 91, 82, 75, 88, 100, 98, 90, 94, 89, 83, 55, 80, 99, 81, 92, 96, 77, 70, 95, 97, 87, 84]);
% time elapsed: 4.56 s
----------
%%%mzn-stat: initTime=0.030314272
%%%mzn-stat: objective=888
%%%mzn-stat: nodes=15922
%%%mzn-stat: restarts=0
%%%mzn-stat: peakDepth=1634
%%%mzn-stat: solveTime=0.072687626
%%%mzn-stat: variables=3137
%%%mzn-stat: propagators=7178
%%%mzn-stat: failures=172
%%%mzn-stat: propagations=306230
%%%mzn-stat: nogoods=172
%%%mzn-stat: numAtomicConstraintsPropagated=0
%%%mzn-stat: circuitNumber4951PropagationsThatFoundConflict=6
%%%mzn-stat: circuitNumber4951TotalFixedEdgesAtConflict=573
%%%mzn-stat: circuitNumber4951NumberOfConflicts=6
%%%mzn-stat: circuitNumber4951PropagationsThatPruned=31
%%%mzn-stat: circuitNumber4951PropagationsTotal=1005
%%%mzn-stat: AverageConflictSize=4.087209302325581
%%%mzn-stat: NumUnitNogoodsLearned=0
%%%mzn-stat: AverageLearnedNogoodLength=25.848837209302324
%%%mzn-stat: AverageBacktrackAmount=0
%%%mzn-stat: AverageLbd=17.232558139534884
%%%mzn-stat: 2AutonomousSearchNumBackupCalled=14860
%%%mzn-stat: 2AutonomousSearchNumPredicatesRemoved=0
%%%mzn-stat: 2AutonomousSearchNumCalls=14870
%%%mzn-stat: 2AutonomousSearchNumPredicatesAdded=3819
%%%mzn-stat: 2AutonomousSearchAverageSizeOfHeap=0.847074646940148
%%%mzn-stat: 2AutonomousSearchNumAssignedPredicatesEncountered=12596
%%%mzn-stat-end
maxleg = 888;
succ = array1d(1..100,[6, 3, 9, 1, 10, 13, 11, 16, 7, 4, 41, 5, 14, 2, 37, 20, 21, 15, 18, 12, 22, 43, 17, 28, 33, 8, 48, 25, 36, 32, 19, 29, 35, 23, 27, 24, 45, 54, 53, 34, 50, 49, 31, 66, 51, 30, 64, 38, 39, 44, 46, 57, 47, 26, 69, 40, 85, 61, 73, 78, 42, 67, 58, 79, 52, 65, 60, 59, 72, 71, 76, 56, 86, 62, 74, 68, 98, 93, 91, 82, 63, 88, 100, 96, 90, 94, 89, 83, 55, 80, 99, 81, 92, 77, 75, 70, 95, 97, 87, 84]);
% time elapsed: 4.58 s
----------
%%%mzn-stat: initTime=0.030314272
%%%mzn-stat: objective=857
%%%mzn-stat: nodes=17448
%%%mzn-stat: restarts=0
%%%mzn-stat: peakDepth=1634
%%%mzn-stat: solveTime=0.083781389
%%%mzn-stat: variables=3137
%%%mzn-stat: propagators=7178
%%%mzn-stat: failures=212
%%%mzn-stat: propagations=354354
%%%mzn-stat: nogoods=212
%%%mzn-stat: numAtomicConstraintsPropagated=0
%%%mzn-stat: circuitNumber4951PropagationsThatFoundConflict=6
%%%mzn-stat: circuitNumber4951TotalFixedEdgesAtConflict=573
%%%mzn-stat: circuitNumber4951NumberOfConflicts=6
%%%mzn-stat: circuitNumber4951PropagationsThatPruned=37
%%%mzn-stat: circuitNumber4951PropagationsTotal=1136
%%%mzn-stat: AverageConflictSize=4.264150943396227
%%%mzn-stat: NumUnitNogoodsLearned=0
%%%mzn-stat: AverageLearnedNogoodLength=26.0188679245283
%%%mzn-stat: AverageBacktrackAmount=0
%%%mzn-stat: AverageLbd=16.84433962264151
%%%mzn-stat: 2AutonomousSearchNumBackupCalled=16244
%%%mzn-stat: 2AutonomousSearchNumPredicatesRemoved=0
%%%mzn-stat: 2AutonomousSearchNumCalls=16255
%%%mzn-stat: 2AutonomousSearchNumPredicatesAdded=4888
%%%mzn-stat: 2AutonomousSearchAverageSizeOfHeap=0.8718548139034143
%%%mzn-stat: 2AutonomousSearchNumAssignedPredicatesEncountered=14172
%%%mzn-stat-end
maxleg = 857;
succ = array1d(1..100,[6, 3, 9, 1, 10, 13, 11, 16, 7, 4, 41, 5, 14, 2, 37, 20, 21, 15, 18, 12, 22, 43, 17, 28, 33, 8, 48, 25, 36, 32, 19, 29, 35, 23, 27, 24, 45, 54, 53, 34, 50, 49, 31, 66, 51, 30, 64, 38, 39, 44, 46, 57, 47, 26, 69, 40, 85, 61, 73, 78, 42, 67, 58, 79, 52, 65, 60, 77, 72, 71, 76, 56, 86, 82, 74, 68, 98, 93, 91, 59, 75, 97, 63, 88, 90, 100, 89, 62, 55, 80, 99, 81, 92, 96, 94, 70, 95, 83, 87, 84]);
% time elapsed: 4.60 s
----------
%%%mzn-stat: initTime=0.030314272
%%%mzn-stat: objective=851
%%%mzn-stat: nodes=18924
%%%mzn-stat: restarts=0
%%%mzn-stat: peakDepth=1634
%%%mzn-stat: solveTime=0.091675934
%%%mzn-stat: variables=3137
%%%mzn-stat: propagators=7178
%%%mzn-stat: failures=228
%%%mzn-stat: propagations=378413
%%%mzn-stat: nogoods=228
%%%mzn-stat: numAtomicConstraintsPropagated=0
%%%mzn-stat: circuitNumber4951PropagationsThatFoundConflict=8
%%%mzn-stat: circuitNumber4951TotalFixedEdgesAtConflict=771
%%%mzn-stat: circuitNumber4951NumberOfConflicts=8
%%%mzn-stat: circuitNumber4951PropagationsThatPruned=42
%%%mzn-stat: circuitNumber4951PropagationsTotal=1238
%%%mzn-stat: AverageConflictSize=5.092105263157895
%%%mzn-stat: NumUnitNogoodsLearned=0
%%%mzn-stat: AverageLearnedNogoodLength=26.92982456140351
%%%mzn-stat: AverageBacktrackAmount=0
%%%mzn-stat: AverageLbd=17.271929824561404
%%%mzn-stat: 2AutonomousSearchNumBackupCalled=17618
%%%mzn-stat: 2AutonomousSearchNumPredicatesRemoved=0
%%%mzn-stat: 2AutonomousSearchNumCalls=17630
%%%mzn-stat: 2AutonomousSearchNumPredicatesAdded=5705
%%%mzn-stat: 2AutonomousSearchAverageSizeOfHeap=0.9024390243902439
%%%mzn-stat: 2AutonomousSearchNumAssignedPredicatesEncountered=15910
%%%mzn-stat-end
maxleg = 851;
succ = array1d(1..100,[6, 3, 9, 1, 10, 13, 11, 16, 7, 4, 41, 5, 14, 2, 37, 20, 21, 15, 18, 12, 22, 43, 17, 28, 33, 8, 48, 25, 36, 32, 19, 29, 35, 23, 27, 24, 45, 54, 53, 34, 50, 49, 31, 66, 51, 30, 64, 38, 39, 44, 46, 57, 47, 26, 69, 40, 85, 61, 73, 78, 42, 67, 58, 79, 52, 65, 60, 77, 72, 71, 76, 56, 86, 82, 74, 88, 98, 93, 91, 59, 95, 97, 100, 63, 90, 94, 89, 62, 55, 80, 99, 81, 92, 96, 75, 70, 68, 83, 87, 84]);
% time elapsed: 4.61 s
----------
%%%mzn-stat: initTime=0.030314272
%%%mzn-stat: objective=843
%%%mzn-stat: nodes=20360
%%%mzn-stat: restarts=0
%%%mzn-stat: peakDepth=1634
%%%mzn-stat: solveTime=0.099754661
%%%mzn-stat: variables=3137
%%%mzn-stat: propagators=7178
%%%mzn-stat: failures=238
%%%mzn-stat: propagations=399094
%%%mzn-stat: nogoods=238
%%%mzn-stat: numAtomicConstraintsPropagated=0
%%%mzn-stat: circuitNumber4951PropagationsThatFoundConflict=8
%%%mzn-stat: circuitNumber4951TotalFixedEdgesAtConflict=771
%%%mzn-stat: circuitNumber4951NumberOfConflicts=8
%%%mzn-stat: circuitNumber4951PropagationsThatPruned=47
%%%mzn-stat: circuitNumber4951PropagationsTotal=1329
%%%mzn-stat: AverageConflictSize=5.588235294117647
%%%mzn-stat: NumUnitNogoodsLearned=0
%%%mzn-stat: AverageLearnedNogoodLength=28.5
%%%mzn-stat: AverageBacktrackAmount=0
%%%mzn-stat: AverageLbd=18.39075630252101
%%%mzn-stat: 2AutonomousSearchNumBackupCalled=18966
%%%mzn-stat: 2AutonomousSearchNumPredicatesRemoved=0
%%%mzn-stat: 2AutonomousSearchNumCalls=18979
%%%mzn-stat: 2AutonomousSearchNumPredicatesAdded=6587
%%%mzn-stat: 2AutonomousSearchAverageSizeOfHeap=0.9325043469097424
%%%mzn-stat: 2AutonomousSearchNumAssignedPredicatesEncountered=17698
%%%mzn-stat-end
maxleg = 843;
succ = array1d(1..100,[6, 3, 9, 1, 10, 13, 11, 16, 7, 4, 41, 5, 14, 2, 37, 20, 21, 15, 18, 12, 22, 43, 17, 28, 33, 8, 48, 25, 36, 32, 19, 29, 35, 23, 27, 24, 45, 54, 53, 34, 50, 49, 31, 66, 51, 30, 64, 38, 39, 44, 46, 57, 47, 26, 69, 40, 85, 61, 73, 78, 42, 67, 58, 79, 52, 65, 60, 77, 72, 71, 76, 56, 86, 82, 96, 74, 98, 93, 91, 59, 95, 97, 100, 63, 90, 94, 89, 62, 55, 80, 99, 81, 92, 88, 75, 70, 68, 83, 87, 84]);
% time elapsed: 4.62 s
----------
%%%mzn-stat: initTime=0.030314272
%%%mzn-stat: objective=840
%%%mzn-stat: nodes=21819
%%%mzn-stat: restarts=0
%%%mzn-stat: peakDepth=1634
%%%mzn-stat: solveTime=0.114668433
%%%mzn-stat: variables=3137
%%%mzn-stat: propagators=7178
%%%mzn-stat: failures=270
%%%mzn-stat: propagations=438982
%%%mzn-stat: nogoods=270
%%%mzn-stat: numAtomicConstraintsPropagated=0
%%%mzn-stat: circuitNumber4951PropagationsThatFoundConflict=14
%%%mzn-stat: circuitNumber4951TotalFixedEdgesAtConflict=1361
%%%mzn-stat: circuitNumber4951NumberOfConflicts=14
%%%mzn-stat: circuitNumber4951PropagationsThatPruned=55
%%%mzn-stat: circuitNumber4951PropagationsTotal=1452
%%%mzn-stat: AverageConflictSize=6.440740740740741
%%%mzn-stat: NumUnitNogoodsLearned=0
%%%mzn-stat: AverageLearnedNogoodLength=30.255555555555556
%%%mzn-stat: AverageBacktrackAmount=0
%%%mzn-stat: AverageLbd=20.125925925925927
%%%mzn-stat: 2AutonomousSearchNumBackupCalled=20308
%%%mzn-stat: 2AutonomousSearchNumPredicatesRemoved=0
%%%mzn-stat: 2AutonomousSearchNumCalls=20322
%%%mzn-stat: 2AutonomousSearchNumPredicatesAdded=7716
%%%mzn-stat: 2AutonomousSearchAverageSizeOfHeap=0.9619624052750714
%%%mzn-stat: 2AutonomousSearchNumAssignedPredicatesEncountered=19549
%%%mzn-stat-end
maxleg = 840;
succ = array1d(1..100,[6, 3, 9, 1, 10, 13, 11, 16, 7, 4, 41, 5, 14, 2, 37, 20, 21, 15, 18, 12, 22, 43, 17, 28, 33, 8, 48, 25, 36, 32, 19, 29, 35, 23, 27, 24, 45, 54, 53, 34, 50, 49, 31, 66, 51, 30, 64, 38, 40, 44, 46, 57, 47, 26, 69, 75, 85, 61, 73, 78, 42, 67, 58, 79, 52, 65, 60, 80, 39, 71, 76, 56, 86, 82, 96, 74, 98, 72, 91, 59, 63, 97, 100, 88, 90, 94, 93, 81, 55, 87, 95, 62, 92, 99, 77, 70, 68, 83, 89, 84]);
% time elapsed: 4.63 s
----------
%%%mzn-stat: initTime=0.030314272
%%%mzn-stat: objective=834
%%%mzn-stat: nodes=24061
%%%mzn-stat: restarts=0
%%%mzn-stat: peakDepth=1634
%%%mzn-stat: solveTime=0.315157398
%%%mzn-stat: variables=3137
%%%mzn-stat: propagators=7178
%%%mzn-stat: failures=943
%%%mzn-stat: propagations=1154759
%%%mzn-stat: nogoods=943
%%%mzn-stat: numAtomicConstraintsPropagated=0
%%%mzn-stat: circuitNumber4951PropagationsThatFoundConflict=17
%%%mzn-stat: circuitNumber4951TotalFixedEdgesAtConflict=1638
%%%mzn-stat: circuitNumber4951NumberOfConflicts=17
%%%mzn-stat: circuitNumber4951PropagationsThatPruned=131
%%%mzn-stat: circuitNumber4951PropagationsTotal=2199
%%%mzn-stat: AverageConflictSize=8.589607635206788
%%%mzn-stat: NumUnitNogoodsLearned=0
%%%mzn-stat: AverageLearnedNogoodLength=41.33934252386002
%%%mzn-stat: AverageBacktrackAmount=0
%%%mzn-stat: AverageLbd=24.39554612937434
%%%mzn-stat: 2AutonomousSearchNumBackupCalled=21631
%%%mzn-stat: 2AutonomousSearchNumPredicatesRemoved=0
%%%mzn-stat: 2AutonomousSearchNumCalls=21646
%%%mzn-stat: 2AutonomousSearchNumPredicatesAdded=9478
%%%mzn-stat: 2AutonomousSearchAverageSizeOfHeap=1.005174166127691
%%%mzn-stat: 2AutonomousSearchNumAssignedPredicatesEncountered=21758
%%%mzn-stat-end
maxleg = 834;
succ = array1d(1..100,[6, 3, 9, 1, 10, 13, 11, 16, 25, 4, 41, 5, 14, 2, 37, 20, 21, 15, 18, 12, 22, 43, 17, 28, 33, 8, 48, 63, 36, 32, 7, 29, 35, 23, 27, 24, 45, 54, 53, 34, 50, 49, 31, 66, 40, 30, 64, 38, 55, 44, 19, 57, 47, 42, 69, 51, 85, 61, 73, 46, 67, 76, 58, 26, 52, 65, 79, 77, 78, 71, 60, 39, 86, 82, 96, 81, 98, 93, 91, 59, 95, 97, 100, 56, 90, 94, 89, 83, 74, 87, 99, 62, 92, 88, 75, 70, 68, 72, 80, 84]);
% time elapsed: 4.84 s
----------
%%%mzn-stat: initTime=0.030314272
%%%mzn-stat: objective=819
%%%mzn-stat: nodes=25466
%%%mzn-stat: restarts=0
%%%mzn-stat: peakDepth=1634
%%%mzn-stat: solveTime=0.32111686
%%%mzn-stat: variables=3137
%%%mzn-stat: propagators=7178
%%%mzn-stat: failures=950
%%%mzn-stat: propagations=1175373
%%%mzn-stat: nogoods=950
%%%mzn-stat: numAtomicConstraintsPropagated=0
%%%mzn-stat: circuitNumber4951PropagationsThatFoundConflict=17
%%%mzn-stat: circuitNumber4951TotalFixedEdgesAtConflict=1638
%%%mzn-stat: circuitNumber4951NumberOfConflicts=17
%%%mzn-stat: circuitNumber4951PropagationsThatPruned=132
%%%mzn-stat: circuitNumber4951PropagationsTotal=2279
%%%mzn-stat: AverageConflictSize=8.546315789473685
%%%mzn-stat: NumUnitNogoodsLearned=0
%%%mzn-stat: AverageLearnedNogoodLength=41.247368421052634
%%%mzn-stat: AverageBacktrackAmount=0
%%%mzn-stat: AverageLbd=24.38
%%%mzn-stat: 2AutonomousSearchNumBackupCalled=22953
%%%mzn-stat: 2AutonomousSearchNumPredicatesRemoved=0
%%%mzn-stat: 2AutonomousSearchNumCalls=22969
%%%mzn-stat: 2AutonomousSearchNumPredicatesAdded=10052
%%%mzn-stat: 2AutonomousSearchAverageSizeOfHeap=1.0488049109669555
%%%mzn-stat: 2AutonomousSearchNumAssignedPredicatesEncountered=24090
%%%mzn-stat-end
maxleg = 819;
succ = array1d(1..100,[6, 3, 9, 1, 10, 13, 11, 16, 25, 4, 41, 5, 26, 2, 37, 14, 21, 15, 18, 12, 22, 43, 17, 28, 33, 8, 48, 63, 36, 20, 7, 29, 35, 23, 27, 24, 45, 54, 53, 34, 50, 49, 31, 66, 40, 30, 64, 38, 55, 44, 19, 57, 47, 42, 69, 32, 85, 61, 73, 46, 67, 76, 58, 79, 52, 65, 60, 77, 39, 71, 94, 56, 86, 82, 90, 81, 98, 93, 91, 59, 95, 97, 78, 96, 75, 100, 89, 83, 74, 87, 99, 62, 92, 88, 51, 70, 68, 72, 80, 84]);
% time elapsed: 4.85 s
----------
%%%mzn-stat: initTime=0.030314272
%%%mzn-stat: objective=807
%%%mzn-stat: nodes=26813
%%%mzn-stat: restarts=0
%%%mzn-stat: peakDepth=1634
%%%mzn-stat: solveTime=0.325277836
%%%mzn-stat: variables=3137
%%%mzn-stat: propagators=7178
%%%mzn-stat: failures=951
%%%mzn-stat: propagations=1189946
%%%mzn-stat: nogoods=951
%%%mzn-stat: numAtomicConstraintsPropagated=0
%%%mzn-stat: circuitNumber4951PropagationsThatFoundConflict=18
%%%mzn-stat: circuitNumber4951TotalFixedEdgesAtConflict=1736
%%%mzn-stat: circuitNumber4951NumberOfConflicts=18
%%%mzn-stat: circuitNumber4951PropagationsThatPruned=133
%%%mzn-stat: circuitNumber4951PropagationsTotal=2355
%%%mzn-stat: AverageConflictSize=8.545741324921135
%%%mzn-stat: NumUnitNogoodsLearned=0
%%%mzn-stat: AverageLearnedNogoodLength=41.217665615141954
%%%mzn-stat: AverageBacktrackAmount=0
%%%mzn-stat: AverageLbd=24.361724500525764
%%%mzn-stat: 2AutonomousSearchNumBackupCalled=24225
%%%mzn-stat: 2AutonomousSearchNumPredicatesRemoved=0
%%%mzn-stat: 2AutonomousSearchNumCalls=24242
%%%mzn-stat: 2AutonomousSearchNumPredicatesAdded=10093
%%%mzn-stat: 2AutonomousSearchAverageSizeOfHeap=1.08992657371504
%%%mzn-stat: 2AutonomousSearchNumAssignedPredicatesEncountered=26422
%%%mzn-stat-end
maxleg = 807;
succ = array1d(1..100,[6, 3, 9, 1, 10, 13, 11, 16, 25, 4, 41, 5, 26, 2, 37, 14, 21, 15, 18, 12, 22, 43, 17, 28, 33, 8, 48, 63, 36, 20, 7, 29, 35, 23, 27, 24, 45, 54, 53, 34, 50, 49, 31, 66, 40, 30, 64, 38, 55, 44, 19, 57, 47, 42, 69, 32, 85, 61, 73, 46, 67, 76, 58, 79, 52, 65, 60, 77, 39, 71, 94, 56, 86, 82, 90, 88, 98, 93, 91, 59, 95, 97, 100, 96, 75, 78, 89, 83, 74, 87, 99, 62, 92, 81, 51, 70, 68, 72, 80, 84]);
% time elapsed: 4.86 s
----------
%%%mzn-stat: initTime=0.030314272
%%%mzn-stat: objective=799
%%%mzn-stat: nodes=28304
%%%mzn-stat: restarts=0
%%%mzn-stat: peakDepth=1634
%%%mzn-stat: solveTime=0.357088006
%%%mzn-stat: variables=3137
%%%mzn-stat: propagators=7178
%%%mzn-stat: failures=1063
%%%mzn-stat: propagations=1336457
%%%mzn-stat: nogoods=1063
%%%mzn-stat: numAtomicConstraintsPropagated=0
%%%mzn-stat: circuitNumber4951PropagationsThatFoundConflict=19
%%%mzn-stat: circuitNumber4951TotalFixedEdgesAtConflict=1825
%%%mzn-stat: circuitNumber4951NumberOfConflicts=19
%%%mzn-stat: circuitNumber4951PropagationsThatPruned=147
%%%mzn-stat: circuitNumber4951PropagationsTotal=2554
%%%mzn-stat: AverageConflictSize=8.077140169332079
%%%mzn-stat: NumUnitNogoodsLearned=0
%%%mzn-stat: AverageLearnedNogoodLength=41.466603951081844
%%%mzn-stat: AverageBacktrackAmount=0
%%%mzn-stat: AverageLbd=24.06585136406397
%%%mzn-stat: 2AutonomousSearchNumBackupCalled=25500
%%%mzn-stat: 2AutonomousSearchNumPredicatesRemoved=0
%%%mzn-stat: 2AutonomousSearchNumCalls=25518
%%%mzn-stat: 2AutonomousSearchNumPredicatesAdded=11666
%%%mzn-stat: 2AutonomousSearchAverageSizeOfHeap=1.1311231287718473
%%%mzn-stat: 2AutonomousSearchNumAssignedPredicatesEncountered=28864
%%%mzn-stat-end
maxleg = 799;
succ = array1d(1..100,[6, 3, 9, 1, 10, 13, 11, 16, 25, 4, 41, 5, 26, 2, 37, 14, 21, 15, 18, 12, 22, 43, 17, 28, 33, 8, 48, 63, 36, 20, 7, 29, 35, 23, 27, 24, 45, 54, 53, 60, 50, 34, 31, 66, 40, 30, 49, 38, 55, 44, 19, 57, 47, 42, 69, 32, 64, 61, 73, 46, 67, 76, 58, 79, 52, 65, 81, 77, 84, 87, 94, 39, 86, 82, 96, 71, 98, 93, 91, 97, 75, 85, 100, 56, 90, 78, 59, 83, 74, 80, 99, 62, 92, 88, 51, 70, 68, 72, 89, 95]);
% time elapsed: 4.89 s
----------
%%%mzn-stat: initTime=0.030314272
%%%mzn-stat: objective=797
%%%mzn-stat: nodes=29939
%%%mzn-stat: restarts=0
%%%mzn-stat: peakDepth=1634
%%%mzn-stat: solveTime=0.415808753
%%%mzn-stat: variables=3137
%%%mzn-stat: propagators=7178
%%%mzn-stat: failures=1322
%%%mzn-stat: propagations=1601878
%%%mzn-stat: nogoods=1322
%%%mzn-stat: numAtomicConstraintsPropagated=0
%%%mzn-stat: circuitNumber4951PropagationsThatFoundConflict=24
%%%mzn-stat: circuitNumber4951TotalFixedEdgesAtConflict=2272
%%%mzn-stat: circuitNumber4951NumberOfConflicts=24
%%%mzn-stat: circuitNumber4951PropagationsThatPruned=178
%%%mzn-stat: circuitNumber4951PropagationsTotal=2897
%%%mzn-stat: AverageConflictSize=7.907715582450832
%%%mzn-stat: NumUnitNogoodsLearned=0
%%%mzn-stat: AverageLearnedNogoodLength=40.148260211800306
%%%mzn-stat: AverageBacktrackAmount=0
%%%mzn-stat: AverageLbd=22.885779122541603
%%%mzn-stat: 2AutonomousSearchNumBackupCalled=26742
%%%mzn-stat: 2AutonomousSearchNumPredicatesRemoved=0
%%%mzn-stat: 2AutonomousSearchNumCalls=26761
%%%mzn-stat: 2AutonomousSearchNumPredicatesAdded=13382
%%%mzn-stat: 2AutonomousSearchAverageSizeOfHeap=1.1743955756511342
%%%mzn-stat: 2AutonomousSearchNumAssignedPredicatesEncountered=31428
%%%mzn-stat-end
maxleg = 797;
succ = array1d(1..100,[6, 3, 9, 1, 10, 13, 11, 16, 25, 4, 41, 5, 26, 2, 37, 14, 21, 15, 18, 12, 22, 43, 17, 28, 33, 8, 48, 63, 36, 20, 7, 29, 35, 23, 27, 24, 45, 54, 53, 60, 67, 34, 31, 66, 40, 30, 49, 38, 55, 44, 19, 57, 47, 42, 69, 32, 64, 61, 73, 46, 80, 76, 58, 79, 52, 51, 65, 77, 84, 71, 94, 39, 86, 82, 96, 68, 98, 93, 91, 59, 50, 85, 100, 56, 90, 78, 72, 83, 74, 87, 99, 62, 92, 88, 75, 70, 95, 97, 89, 81]);
% time elapsed: 4.95 s
----------
%%%mzn-stat: initTime=0.030314272
%%%mzn-stat: objective=795
%%%mzn-stat: nodes=31287
%%%mzn-stat: restarts=0
%%%mzn-stat: peakDepth=1634
%%%mzn-stat: solveTime=0.425050261
%%%mzn-stat: variables=3137
%%%mzn-stat: propagators=7178
%%%mzn-stat: failures=1332
%%%mzn-stat: propagations=1624477
%%%mzn-stat: nogoods=1332
%%%mzn-stat: numAtomicConstraintsPropagated=0
%%%mzn-stat: circuitNumber4951PropagationsThatFoundConflict=28
%%%mzn-stat: circuitNumber4951TotalFixedEdgesAtConflict=2670
%%%mzn-stat: circuitNumber4951NumberOfConflicts=28
%%%mzn-stat: circuitNumber4951PropagationsThatPruned=179
%%%mzn-stat: circuitNumber4951PropagationsTotal=2986
%%%mzn-stat: AverageConflictSize=8.087087087087086
%%%mzn-stat: NumUnitNogoodsLearned=0
%%%mzn-stat: AverageLearnedNogoodLength=40.278528528528525
%%%mzn-stat: AverageBacktrackAmount=0
%%%mzn-stat: AverageLbd=22.99924924924925
%%%mzn-stat: 2AutonomousSearchNumBackupCalled=28001
%%%mzn-stat: 2AutonomousSearchNumPredicatesRemoved=0
%%%mzn-stat: 2AutonomousSearchNumCalls=28021
%%%mzn-stat: 2AutonomousSearchNumPredicatesAdded=14254
%%%mzn-stat: 2AutonomousSearchAverageSizeOfHeap=1.2149459334070876
%%%mzn-stat: 2AutonomousSearchNumAssignedPredicatesEncountered=34044
%%%mzn-stat-end
maxleg = 795;
succ = array1d(1..100,[6, 3, 9, 1, 10, 13, 11, 16, 25, 4, 41, 5, 26, 2, 37, 14, 21, 15, 18, 12, 22, 43, 17, 28, 33, 8, 48, 63, 36, 20, 7, 29, 35, 23, 27, 24, 45, 54, 53, 60, 67, 34, 31, 66, 40, 30, 49, 38, 55, 44, 19, 57, 47, 42, 69, 32, 64, 61, 73, 46, 80, 76, 58, 79, 52, 51, 65, 77, 84, 87, 94, 39, 86, 82, 96, 88, 71, 72, 56, 59, 50, 85, 100, 98, 90, 78, 93, 83, 74, 91, 95, 62, 92, 99, 75, 70, 68, 97, 89, 81]);
% time elapsed: 4.97 s
----------
%%%mzn-stat: initTime=0.030314272
%%%mzn-stat: objective=791
%%%mzn-stat: nodes=32660
%%%mzn-stat: restarts=0
%%%mzn-stat: peakDepth=1634
%%%mzn-stat: solveTime=0.434704788
%%%mzn-stat: variables=3137
%%%mzn-stat: propagators=7178
%%%mzn-stat: failures=1361
%%%mzn-stat: propagations=1661243
%%%mzn-stat: nogoods=1361
%%%mzn-stat: numAtomicConstraintsPropagated=0
%%%mzn-stat: circuitNumber4951PropagationsThatFoundConflict=29
%%%mzn-stat: circuitNumber4951TotalFixedEdgesAtConflict=2770
%%%mzn-stat: circuitNumber4951NumberOfConflicts=29
%%%mzn-stat: circuitNumber4951PropagationsThatPruned=199
%%%mzn-stat: circuitNumber4951PropagationsTotal=3114
%%%mzn-stat: AverageConflictSize=8.024246877296106
%%%mzn-stat: NumUnitNogoodsLearned=0
%%%mzn-stat: AverageLearnedNogoodLength=39.88243938280676
%%%mzn-stat: AverageBacktrackAmount=0
%%%mzn-stat: AverageLbd=22.769287288758267
%%%mzn-stat: 2AutonomousSearchNumBackupCalled=29260
%%%mzn-stat: 2AutonomousSearchNumPredicatesRemoved=0
%%%mzn-stat: 2AutonomousSearchNumCalls=29281
%%%mzn-stat: 2AutonomousSearchNumPredicatesAdded=15194
%%%mzn-stat: 2AutonomousSearchAverageSizeOfHeap=1.2520747242238994
%%%mzn-stat: 2AutonomousSearchNumAssignedPredicatesEncountered=36662
%%%mzn-stat-end
maxleg = 791;
succ = array1d(1..100,[6, 3, 9, 1, 10, 13, 11, 16, 25, 4, 41, 5, 26, 2, 37, 14, 21, 15, 18, 12, 22, 43, 17, 28, 33, 8, 48, 63, 36, 20, 7, 29, 35, 23, 27, 24, 45, 54, 53, 60, 67, 34, 31, 66, 40, 30, 49, 38, 55, 44, 19, 57, 47, 42, 69, 32, 64, 61, 73, 46, 80, 76, 58, 79, 52, 51, 81, 88, 85, 71, 94, 39, 86, 82, 90, 68, 98, 93, 91, 59, 75, 97, 100, 96, 50, 78, 56, 83, 74, 87, 95, 62, 92, 99, 77, 70, 65, 72, 89, 84]);
% time elapsed: 4.99 s
----------
%%%mzn-stat: initTime=0.030314272
%%%mzn-stat: objective=785
%%%mzn-stat: nodes=33993
%%%mzn-stat: restarts=0
%%%mzn-stat: peakDepth=1634
%%%mzn-stat: solveTime=0.441599495
%%%mzn-stat: variables=3137
%%%mzn-stat: propagators=7178
%%%mzn-stat: failures=1373
%%%mzn-stat: propagations=1685431
%%%mzn-stat: nogoods=1373
%%%mzn-stat: numAtomicConstraintsPropagated=0
%%%mzn-stat: circuitNumber4951PropagationsThatFoundConflict=30
%%%mzn-stat: circuitNumber4951TotalFixedEdgesAtConflict=2870
%%%mzn-stat: circuitNumber4951NumberOfConflicts=30
%%%mzn-stat: circuitNumber4951PropagationsThatPruned=202
%%%mzn-stat: circuitNumber4951PropagationsTotal=3204
%%%mzn-stat: AverageConflictSize=8.032046613255645
%%%mzn-stat: NumUnitNogoodsLearned=0
%%%mzn-stat: AverageLearnedNogoodLength=39.910415149308086
%%%mzn-stat: AverageBacktrackAmount=0
%%%mzn-stat: AverageLbd=22.75892206846322
%%%mzn-stat: 2AutonomousSearchNumBackupCalled=30505
%%%mzn-stat: 2AutonomousSearchNumPredicatesRemoved=0
%%%mzn-stat: 2AutonomousSearchNumCalls=30527
%%%mzn-stat: 2AutonomousSearchNumPredicatesAdded=16107
%%%mzn-stat: 2AutonomousSearchAverageSizeOfHeap=1.2874176958102663
%%%mzn-stat: 2AutonomousSearchNumAssignedPredicatesEncountered=39301
%%%mzn-stat-end
maxleg = 785;
succ = array1d(1..100,[6, 3, 9, 1, 10, 13, 11, 16, 25, 4, 41, 5, 26, 2, 37, 14, 21, 15, 18, 12, 22, 43, 17, 28, 33, 8, 48, 63, 36, 20, 7, 29, 35, 23, 27, 24, 45, 54, 53, 60, 67, 34, 31, 66, 40, 30, 49, 38, 55, 44, 19, 57, 47, 42, 69, 32, 64, 88, 73, 46, 80, 76, 58, 79, 52, 51, 82, 77, 84, 71, 94, 39, 86, 83, 96, 68, 98, 93, 91, 59, 50, 85, 100, 56, 90, 78, 72, 61, 74, 87, 95, 62, 92, 99, 75, 70, 65, 97, 89, 81]);
% time elapsed: 5.00 s
----------
%%%mzn-stat: initTime=0.030314272
%%%mzn-stat: objective=784
%%%mzn-stat: nodes=35346
%%%mzn-stat: restarts=0
%%%mzn-stat: peakDepth=1634
%%%mzn-stat: solveTime=0.454245359
%%%mzn-stat: variables=3137
%%%mzn-stat: propagators=7178
%%%mzn-stat: failures=1396
%%%mzn-stat: propagations=1722529
%%%mzn-stat: nogoods=1396
%%%mzn-stat: numAtomicConstraintsPropagated=0
%%%mzn-stat: circuitNumber4951PropagationsThatFoundConflict=33
%%%mzn-stat: circuitNumber4951TotalFixedEdgesAtConflict=3170
%%%mzn-stat: circuitNumber4951NumberOfConflicts=33
%%%mzn-stat: circuitNumber4951PropagationsThatPruned=211
%%%mzn-stat: circuitNumber4951PropagationsTotal=3315
%%%mzn-stat: AverageConflictSize=8.162607449856733
%%%mzn-stat: NumUnitNogoodsLearned=0
%%%mzn-stat: AverageLearnedNogoodLength=40.09670487106017
%%%mzn-stat: AverageBacktrackAmount=0
%%%mzn-stat: AverageLbd=22.82951289398281
%%%mzn-stat: 2AutonomousSearchNumBackupCalled=31754
%%%mzn-stat: 2AutonomousSearchNumPredicatesRemoved=0
%%%mzn-stat: 2AutonomousSearchNumCalls=31777
%%%mzn-stat: 2AutonomousSearchNumPredicatesAdded=17219
%%%mzn-stat: 2AutonomousSearchAverageSizeOfHeap=1.319916921043522
%%%mzn-stat: 2AutonomousSearchNumAssignedPredicatesEncountered=41943
%%%mzn-stat-end
maxleg = 784;
succ = array1d(1..100,[6, 3, 9, 1, 10, 13, 11, 16, 25, 4, 41, 5, 26, 2, 37, 14, 21, 15, 18, 12, 22, 43, 17, 28, 33, 8, 48, 63, 36, 20, 7, 29, 35, 23, 27, 24, 45, 54, 53, 60, 67, 34, 31, 66, 40, 30, 49, 38, 55, 44, 19, 57, 47, 42, 69, 32, 64, 88, 73, 46, 80, 79, 58, 85, 52, 51, 82, 77, 84, 71, 76, 39, 86, 83, 96, 68, 98, 93, 91, 59, 50, 74, 78, 56, 90, 94, 72, 61, 100, 87, 95, 62, 92, 99, 75, 70, 65, 97, 89, 81]);
% time elapsed: 5.01 s
----------
%%%mzn-stat: initTime=0.030314272
%%%mzn-stat: objective=775
%%%mzn-stat: nodes=36714
%%%mzn-stat: restarts=0
%%%mzn-stat: peakDepth=1634
%%%mzn-stat: solveTime=0.469531872
%%%mzn-stat: variables=3137
%%%mzn-stat: propagators=7178
%%%mzn-stat: failures=1427
%%%mzn-stat: propagations=1765812
%%%mzn-stat: nogoods=1427
%%%mzn-stat: numAtomicConstraintsPropagated=0
%%%mzn-stat: circuitNumber4951PropagationsThatFoundConflict=34
%%%mzn-stat: circuitNumber4951TotalFixedEdgesAtConflict=3270
%%%mzn-stat: circuitNumber4951NumberOfConflicts=34
%%%mzn-stat: circuitNumber4951PropagationsThatPruned=219
%%%mzn-stat: circuitNumber4951PropagationsTotal=3437
%%%mzn-stat: AverageConflictSize=8.199018920812895
%%%mzn-stat: NumUnitNogoodsLearned=0
%%%mzn-stat: AverageLearnedNogoodLength=40.47161878065872
%%%mzn-stat: AverageBacktrackAmount=0
%%%mzn-stat: AverageLbd=23.00490539593553
%%%mzn-stat: 2AutonomousSearchNumBackupCalled=32999
%%%mzn-stat: 2AutonomousSearchNumPredicatesRemoved=0
%%%mzn-stat: 2AutonomousSearchNumCalls=33023
%%%mzn-stat: 2AutonomousSearchNumPredicatesAdded=18878
%%%mzn-stat: 2AutonomousSearchAverageSizeOfHeap=1.3593253187172576
%%%mzn-stat: 2AutonomousSearchNumAssignedPredicatesEncountered=44889
%%%mzn-stat-end
maxleg = 775;
succ = array1d(1..100,[6, 3, 9, 1, 10, 13, 11, 16, 25, 4, 41, 5, 26, 2, 37, 14, 21, 15, 18, 12, 22, 43, 17, 28, 33, 8, 48, 63, 36, 20, 7, 29, 35, 23, 27, 24, 45, 54, 53, 60, 67, 34, 31, 66, 40, 30, 49, 38, 55, 44, 46, 57, 47, 42, 69, 32, 64, 88, 85, 73, 80, 83, 58, 79, 52, 51, 82, 77, 84, 71, 76, 39, 86, 89, 96, 100, 98, 72, 91, 59, 50, 74, 78, 56, 90, 94, 93, 61, 19, 68, 95, 62, 92, 99, 75, 70, 65, 97, 87, 81]);
% time elapsed: 5.03 s
----------
%%%mzn-stat: initTime=0.030314272
%%%mzn-stat: objective=752
%%%mzn-stat: nodes=38017
%%%mzn-stat: restarts=0
%%%mzn-stat: peakDepth=1634
%%%mzn-stat: solveTime=0.485218721
%%%mzn-stat: variables=3137
%%%mzn-stat: propagators=7178
%%%mzn-stat: failures=1445
%%%mzn-stat: propagations=1795687
%%%mzn-stat: nogoods=1445
%%%mzn-stat: numAtomicConstraintsPropagated=0
%%%mzn-stat: circuitNumber4951PropagationsThatFoundConflict=39
%%%mzn-stat: circuitNumber4951TotalFixedEdgesAtConflict=3760
%%%mzn-stat: circuitNumber4951NumberOfConflicts=39
%%%mzn-stat: circuitNumber4951PropagationsThatPruned=237
%%%mzn-stat: circuitNumber4951PropagationsTotal=3553
%%%mzn-stat: AverageConflictSize=8.38477508650519
%%%mzn-stat: NumUnitNogoodsLearned=0
%%%mzn-stat: AverageLearnedNogoodLength=40.91280276816609
%%%mzn-stat: AverageBacktrackAmount=0
%%%mzn-stat: AverageLbd=23.3840830449827
%%%mzn-stat: 2AutonomousSearchNumBackupCalled=34203
%%%mzn-stat: 2AutonomousSearchNumPredicatesRemoved=0
%%%mzn-stat: 2AutonomousSearchNumCalls=34228
%%%mzn-stat: 2AutonomousSearchNumPredicatesAdded=20179
%%%mzn-stat: 2AutonomousSearchAverageSizeOfHeap=1.3981827743368003
%%%mzn-stat: 2AutonomousSearchNumAssignedPredicatesEncountered=47857
%%%mzn-stat-end
maxleg = 752;
succ = array1d(1..100,[6, 3, 9, 1, 10, 13, 11, 16, 25, 4, 41, 5, 26, 2, 37, 14, 21, 15, 18, 12, 22, 43, 17, 28, 33, 8, 48, 63, 36, 20, 7, 29, 35, 23, 27, 24, 45, 54, 53, 60, 67, 34, 31, 66, 40, 30, 49, 38, 55, 44, 46, 57, 47, 42, 69, 32, 64, 88, 85, 73, 80, 83, 58, 79, 52, 51, 82, 77, 87, 71, 76, 39, 86, 92, 96, 68, 19, 72, 91, 59, 50, 97, 78, 56, 90, 94, 93, 61, 100, 74, 95, 62, 89, 99, 75, 70, 65, 84, 98, 81]);
% time elapsed: 5.05 s
----------
%%%mzn-stat: initTime=0.030314272
%%%mzn-stat: objective=748
%%%mzn-stat: nodes=39283
%%%mzn-stat: restarts=0
%%%mzn-stat: peakDepth=1634
%%%mzn-stat: solveTime=0.490669148
%%%mzn-stat: variables=3137
%%%mzn-stat: propagators=7178
%%%mzn-stat: failures=1447
%%%mzn-stat: propagations=1812036
%%%mzn-stat: nogoods=1447
%%%mzn-stat: numAtomicConstraintsPropagated=0
%%%mzn-stat: circuitNumber4951PropagationsThatFoundConflict=39
%%%mzn-stat: circuitNumber4951TotalFixedEdgesAtConflict=3760
%%%mzn-stat: circuitNumber4951NumberOfConflicts=39
%%%mzn-stat: circuitNumber4951PropagationsThatPruned=240
%%%mzn-stat: circuitNumber4951PropagationsTotal=3644
%%%mzn-stat: AverageConflictSize=8.375950241879751
%%%mzn-stat: NumUnitNogoodsLearned=0
%%%mzn-stat: AverageLearnedNogoodLength=40.86731167933656
%%%mzn-stat: AverageBacktrackAmount=0
%%%mzn-stat: AverageLbd=23.358673116793366
%%%mzn-stat: 2AutonomousSearchNumBackupCalled=35378
%%%mzn-stat: 2AutonomousSearchNumPredicatesRemoved=0
%%%mzn-stat: 2AutonomousSearchNumCalls=35404
%%%mzn-stat: 2AutonomousSearchNumPredicatesAdded=20234
%%%mzn-stat: 2AutonomousSearchAverageSizeOfHeap=1.4356004971189695
%%%mzn-stat: 2AutonomousSearchNumAssignedPredicatesEncountered=50826
%%%mzn-stat-end
maxleg = 748;
succ = array1d(1..100,[6, 15, 9, 1, 10, 13, 11, 16, 25, 4, 41, 3, 12, 2, 37, 14, 21, 55, 18, 23, 22, 43, 5, 28, 33, 8, 48, 63, 36, 20, 7, 17, 35, 29, 27, 24, 45, 54, 53, 60, 67, 34, 31, 66, 40, 30, 49, 38, 57, 44, 46, 76, 47, 26, 69, 32, 64, 88, 85, 19, 42, 83, 58, 79, 52, 51, 82, 77, 39, 71, 73, 56, 86, 89, 96, 68, 98, 72, 91, 59, 50, 97, 78, 61, 90, 94, 93, 74, 100, 87, 95, 62, 92, 99, 75, 70, 65, 84, 80, 81]);
% time elapsed: 5.06 s
----------
%%%mzn-stat: initTime=0.030314272
%%%mzn-stat: objective=737
%%%mzn-stat: nodes=40528
%%%mzn-stat: restarts=0
%%%mzn-stat: peakDepth=1634
%%%mzn-stat: solveTime=0.498407099
%%%mzn-stat: variables=3137
%%%mzn-stat: propagators=7178
%%%mzn-stat: failures=1456
%%%mzn-stat: propagations=1836710
%%%mzn-stat: nogoods=1456
%%%mzn-stat: numAtomicConstraintsPropagated=0
%%%mzn-stat: circuitNumber4951PropagationsThatFoundConflict=40
%%%mzn-stat: circuitNumber4951TotalFixedEdgesAtConflict=3858
%%%mzn-stat: circuitNumber4951NumberOfConflicts=40
%%%mzn-stat: circuitNumber4951PropagationsThatPruned=245
%%%mzn-stat: circuitNumber4951PropagationsTotal=3739
%%%mzn-stat: AverageConflictSize=8.365384615384615
%%%mzn-stat: NumUnitNogoodsLearned=0
%%%mzn-stat: AverageLearnedNogoodLength=40.97115384615385
%%%mzn-stat: AverageBacktrackAmount=0
%%%mzn-stat: AverageLbd=23.38324175824176
%%%mzn-stat: 2AutonomousSearchNumBackupCalled=36531
%%%mzn-stat: 2AutonomousSearchNumPredicatesRemoved=0
%%%mzn-stat: 2AutonomousSearchNumCalls=36558
%%%mzn-stat: 2AutonomousSearchNumPredicatesAdded=21453
%%%mzn-stat: 2AutonomousSearchAverageSizeOfHeap=1.4757371847475245
%%%mzn-stat: 2AutonomousSearchNumAssignedPredicatesEncountered=53950
%%%mzn-stat-end
maxleg = 737;
succ = array1d(1..100,[6, 15, 9, 1, 10, 13, 11, 16, 25, 4, 41, 3, 12, 2, 37, 14, 21, 55, 18, 23, 22, 43, 5, 28, 33, 8, 48, 63, 36, 20, 7, 17, 35, 29, 27, 24, 45, 54, 53, 60, 67, 34, 31, 66, 40, 30, 49, 38, 57, 44, 46, 76, 47, 26, 69, 32, 64, 88, 85, 19, 42, 83, 58, 79, 52, 51, 98, 80, 39, 74, 73, 56, 86, 82, 96, 68, 71, 72, 91, 59, 50, 97, 78, 61, 90, 94, 93, 77, 100, 87, 95, 62, 92, 99, 75, 70, 65, 84, 89, 81]);
% time elapsed: 5.07 s
----------
%%%mzn-stat: initTime=0.030314272
%%%mzn-stat: objective=723
%%%mzn-stat: nodes=46179
%%%mzn-stat: restarts=0
%%%mzn-stat: peakDepth=1634
%%%mzn-stat: solveTime=1.7551861789999998
%%%mzn-stat: variables=3137
%%%mzn-stat: propagators=7178
%%%mzn-stat: failures=4622
%%%mzn-stat: propagations=4422555
%%%mzn-stat: nogoods=4622
%%%mzn-stat: numAtomicConstraintsPropagated=0
%%%mzn-stat: circuitNumber4951PropagationsThatFoundConflict=62
%%%mzn-stat: circuitNumber4951TotalFixedEdgesAtConflict=5859
%%%mzn-stat: circuitNumber4951NumberOfConflicts=62
%%%mzn-stat: circuitNumber4951PropagationsThatPruned=898
%%%mzn-stat: circuitNumber4951PropagationsTotal=8540
%%%mzn-stat: AverageConflictSize=15.989398528775421
%%%mzn-stat: NumUnitNogoodsLearned=0
%%%mzn-stat: AverageLearnedNogoodLength=57.62678494158373
%%%mzn-stat: AverageBacktrackAmount=0
%%%mzn-stat: AverageLbd=27.155776720034616
%%%mzn-stat: 2AutonomousSearchNumBackupCalled=37694
%%%mzn-stat: 2AutonomousSearchNumPredicatesRemoved=0
%%%mzn-stat: 2AutonomousSearchNumCalls=37722
%%%mzn-stat: 2AutonomousSearchNumPredicatesAdded=24078
%%%mzn-stat: 2AutonomousSearchAverageSizeOfHeap=1.5261120831345103
%%%mzn-stat: 2AutonomousSearchNumAssignedPredicatesEncountered=57568
%%%mzn-stat-end
maxleg = 723;
succ = array1d(1..100,[6, 15, 9, 1, 10, 13, 11, 16, 25, 4, 41, 3, 12, 2, 37, 14, 21, 55, 18, 23, 22, 43, 5, 28, 33, 8, 48, 63, 36, 20, 7, 17, 35, 29, 27, 24, 45, 54, 53, 60, 86, 34, 31, 66, 40, 30, 49, 38, 57, 44, 46, 76, 47, 26, 69, 32, 64, 88, 85, 78, 42, 83, 58, 79, 52, 51, 98, 80, 39, 87, 94, 56, 71, 82, 90, 68, 19, 72, 99, 59, 50, 97, 67, 61, 75, 73, 93, 74, 100, 91, 95, 62, 92, 96, 77, 70, 65, 84, 89, 81]);
% time elapsed: 6.33 s
----------
%%%mzn-stat: initTime=0.030314272
%%%mzn-stat: objective=722
%%%mzn-stat: nodes=48311
%%%mzn-stat: restarts=0
%%%mzn-stat: peakDepth=1634
%%%mzn-stat: solveTime=2.055585325
%%%mzn-stat: variables=3137
%%%mzn-stat: propagators=7178
%%%mzn-stat: failures=5294
%%%mzn-stat: propagations=5126931
%%%mzn-stat: nogoods=5294
%%%mzn-stat: numAtomicConstraintsPropagated=0
%%%mzn-stat: circuitNumber4951PropagationsThatFoundConflict=66
%%%mzn-stat: circuitNumber4951TotalFixedEdgesAtConflict=6195
%%%mzn-stat: circuitNumber4951NumberOfConflicts=66
%%%mzn-stat: circuitNumber4951PropagationsThatPruned=1179
%%%mzn-stat: circuitNumber4951PropagationsTotal=9633
%%%mzn-stat: AverageConflictSize=16.31696259916887
%%%mzn-stat: NumUnitNogoodsLearned=0
%%%mzn-stat: AverageLearnedNogoodLength=59.64771439365319
%%%mzn-stat: AverageBacktrackAmount=0
%%%mzn-stat: AverageLbd=27.23214960332452
%%%mzn-stat: 2AutonomousSearchNumBackupCalled=38850
%%%mzn-stat: 2AutonomousSearchNumPredicatesRemoved=0
%%%mzn-stat: 2AutonomousSearchNumCalls=38879
%%%mzn-stat: 2AutonomousSearchNumPredicatesAdded=26544
%%%mzn-stat: 2AutonomousSearchAverageSizeOfHeap=1.5759921808688495
%%%mzn-stat: 2AutonomousSearchNumAssignedPredicatesEncountered=61273
%%%mzn-stat-end
maxleg = 722;
succ = array1d(1..100,[6, 15, 9, 11, 10, 13, 38, 16, 25, 1, 41, 3, 12, 2, 37, 14, 21, 55, 18, 23, 22, 43, 5, 28, 33, 8, 48, 63, 36, 20, 7, 17, 35, 29, 27, 24, 45, 54, 53, 60, 86, 34, 31, 66, 40, 30, 49, 70, 57, 44, 46, 76, 4, 26, 69, 32, 85, 88, 90, 78, 42, 83, 58, 79, 52, 65, 98, 80, 87, 74, 94, 39, 71, 82, 96, 68, 19, 72, 56, 59, 50, 97, 67, 61, 75, 73, 93, 51, 100, 91, 95, 62, 92, 99, 77, 64, 47, 84, 89, 81]);
% time elapsed: 6.63 s
----------
%%%mzn-stat: initTime=0.030314272
%%%mzn-stat: objective=714
%%%mzn-stat: nodes=57767
%%%mzn-stat: restarts=0
%%%mzn-stat: peakDepth=1634
%%%mzn-stat: solveTime=5.149678087
%%%mzn-stat: variables=3137
%%%mzn-stat: propagators=7178
%%%mzn-stat: failures=11634
%%%mzn-stat: propagations=10887165
%%%mzn-stat: nogoods=11634
%%%mzn-stat: numAtomicConstraintsPropagated=0
%%%mzn-stat: circuitNumber4951PropagationsThatFoundConflict=92
%%%mzn-stat: circuitNumber4951TotalFixedEdgesAtConflict=8569
%%%mzn-stat: circuitNumber4951NumberOfConflicts=92
%%%mzn-stat: circuitNumber4951PropagationsThatPruned=3052
%%%mzn-stat: circuitNumber4951PropagationsTotal=19183
%%%mzn-stat: AverageConflictSize=19.19932955131511
%%%mzn-stat: NumUnitNogoodsLearned=0
%%%mzn-stat: AverageLearnedNogoodLength=69.14199759326114
%%%mzn-stat: AverageBacktrackAmount=0
%%%mzn-stat: AverageLbd=28.503438198384046
%%%mzn-stat: 2AutonomousSearchNumBackupCalled=39974
%%%mzn-stat: 2AutonomousSearchNumPredicatesRemoved=0
%%%mzn-stat: 2AutonomousSearchNumCalls=40004
%%%mzn-stat: 2AutonomousSearchNumPredicatesAdded=29411
%%%mzn-stat: 2AutonomousSearchAverageSizeOfHeap=1.6273372662733727
%%%mzn-stat: 2AutonomousSearchNumAssignedPredicatesEncountered=65100
%%%mzn-stat-end
maxleg = 714;
succ = array1d(1..100,[6, 15, 9, 11, 10, 13, 38, 16, 25, 1, 41, 3, 12, 2, 37, 14, 21, 55, 18, 23, 22, 43, 5, 28, 33, 8, 48, 63, 36, 20, 7, 17, 35, 29, 27, 24, 45, 54, 53, 60, 86, 34, 31, 66, 40, 30, 49, 70, 57, 44, 46, 76, 4, 26, 91, 32, 85, 88, 90, 78, 42, 69, 58, 79, 52, 65, 98, 92, 87, 74, 94, 39, 71, 82, 96, 68, 19, 72, 56, 59, 75, 97, 67, 61, 50, 73, 93, 83, 100, 84, 95, 62, 89, 99, 51, 64, 47, 77, 80, 81]);
% time elapsed: 9.73 s
----------
%%%mzn-stat: initTime=0.030314272
%%%mzn-stat: objective=712
%%%mzn-stat: nodes=68447
%%%mzn-stat: restarts=0
%%%mzn-stat: peakDepth=1634
%%%mzn-stat: solveTime=8.822886441
%%%mzn-stat: variables=3137
%%%mzn-stat: propagators=7178
%%%mzn-stat: failures=19174
%%%mzn-stat: propagations=17043923
%%%mzn-stat: nogoods=19174
%%%mzn-stat: numAtomicConstraintsPropagated=0
%%%mzn-stat: circuitNumber4951PropagationsThatFoundConflict=138
%%%mzn-stat: circuitNumber4951TotalFixedEdgesAtConflict=12739
%%%mzn-stat: circuitNumber4951NumberOfConflicts=138
%%%mzn-stat: circuitNumber4951PropagationsThatPruned=3869
%%%mzn-stat: circuitNumber4951PropagationsTotal=29077
%%%mzn-stat: AverageConflictSize=18.98612704704287
%%%mzn-stat: NumUnitNogoodsLearned=0
%%%mzn-stat: AverageLearnedNogoodLength=67.80113695629498
%%%mzn-stat: AverageBacktrackAmount=0
%%%mzn-stat: AverageLbd=27.86580786481694
%%%mzn-stat: 2AutonomousSearchNumBackupCalled=41083
%%%mzn-stat: 2AutonomousSearchNumPredicatesRemoved=0
%%%mzn-stat: 2AutonomousSearchNumCalls=41114
%%%mzn-stat: 2AutonomousSearchNumPredicatesAdded=32120
%%%mzn-stat: 2AutonomousSearchAverageSizeOfHeap=1.6782118013328793
%%%mzn-stat: 2AutonomousSearchNumAssignedPredicatesEncountered=68998
%%%mzn-stat-end
maxleg = 712;
succ = array1d(1..100,[6, 15, 9, 11, 10, 13, 38, 16, 25, 1, 41, 3, 12, 2, 37, 14, 21, 55, 18, 23, 22, 43, 5, 28, 33, 8, 48, 63, 36, 20, 7, 17, 35, 29, 27, 24, 45, 54, 53, 60, 86, 49, 31, 66, 40, 30, 64, 70, 57, 71, 46, 76, 4, 26, 91, 32, 47, 88, 73, 78, 42, 69, 58, 85, 52, 51, 98, 92, 87, 74, 95, 39, 79, 82, 90, 68, 19, 72, 56, 59, 50, 97, 67, 61, 75, 94, 93, 83, 100, 80, 34, 62, 89, 99, 77, 44, 65, 84, 96, 81]);
% time elapsed: 13.42 s
----------
%%%mzn-stat: initTime=0.030314272
%%%mzn-stat: objective=698
%%%mzn-stat: nodes=124817
%%%mzn-stat: restarts=0
%%%mzn-stat: peakDepth=1634
%%%mzn-stat: solveTime=35.99531107
%%%mzn-stat: variables=3137
%%%mzn-stat: propagators=7178
%%%mzn-stat: failures=69093
%%%mzn-stat: propagations=55212274
%%%mzn-stat: nogoods=69093
%%%mzn-stat: numAtomicConstraintsPropagated=0
%%%mzn-stat: circuitNumber4951PropagationsThatFoundConflict=421
%%%mzn-stat: circuitNumber4951TotalFixedEdgesAtConflict=38471
%%%mzn-stat: circuitNumber4951NumberOfConflicts=421
%%%mzn-stat: circuitNumber4951PropagationsThatPruned=10644
%%%mzn-stat: circuitNumber4951PropagationsTotal=85983
%%%mzn-stat: AverageConflictSize=20.789891884850853
%%%mzn-stat: NumUnitNogoodsLearned=0
%%%mzn-stat: AverageLearnedNogoodLength=69.08927098258869
%%%mzn-stat: AverageBacktrackAmount=0
%%%mzn-stat: AverageLbd=29.03506867555324
%%%mzn-stat: 2AutonomousSearchNumBackupCalled=42189
%%%mzn-stat: 2AutonomousSearchNumPredicatesRemoved=0
%%%mzn-stat: 2AutonomousSearchNumCalls=42221
%%%mzn-stat: 2AutonomousSearchNumPredicatesAdded=34880
%%%mzn-stat: 2AutonomousSearchAverageSizeOfHeap=1.726747353212856
%%%mzn-stat: 2AutonomousSearchNumAssignedPredicatesEncountered=72905
%%%mzn-stat-end
maxleg = 698;
succ = array1d(1..100,[6, 15, 9, 11, 10, 13, 38, 16, 25, 1, 41, 3, 12, 2, 37, 14, 21, 59, 18, 23, 22, 43, 5, 28, 33, 8, 48, 63, 36, 20, 7, 17, 35, 29, 27, 24, 45, 54, 53, 60, 86, 49, 31, 66, 40, 30, 64, 70, 57, 71, 46, 76, 4, 26, 91, 32, 47, 88, 73, 78, 42, 69, 58, 79, 52, 51, 98, 77, 72, 87, 95, 56, 39, 82, 96, 68, 19, 55, 74, 97, 50, 85, 67, 61, 90, 94, 93, 83, 100, 80, 34, 62, 92, 99, 75, 44, 65, 84, 89, 81]);
% time elapsed: 40.59 s
----------
%%%mzn-stat: initTime=0.030314272
%%%mzn-stat: objective=697
%%%mzn-stat: nodes=125975
%%%mzn-stat: restarts=0
%%%mzn-stat: peakDepth=1634
%%%mzn-stat: solveTime=36.000781328
%%%mzn-stat: variables=3137
%%%mzn-stat: propagators=7178
%%%mzn-stat: failures=69093
%%%mzn-stat: propagations=55225795
%%%mzn-stat: nogoods=69093
%%%mzn-stat: numAtomicConstraintsPropagated=0
%%%mzn-stat: circuitNumber4951PropagationsThatFoundConflict=421
%%%mzn-stat: circuitNumber4951TotalFixedEdgesAtConflict=38471
%%%mzn-stat: circuitNumber4951NumberOfConflicts=421
%%%mzn-stat: circuitNumber4951PropagationsThatPruned=10647
%%%mzn-stat: circuitNumber4951PropagationsTotal=86052
%%%mzn-stat: AverageConflictSize=20.789891884850853
%%%mzn-stat: NumUnitNogoodsLearned=0
%%%mzn-stat: AverageLearnedNogoodLength=69.08927098258869
%%%mzn-stat: AverageBacktrackAmount=0
%%%mzn-stat: AverageLbd=29.03506867555324
%%%mzn-stat: 2AutonomousSearchNumBackupCalled=43281
%%%mzn-stat: 2AutonomousSearchNumPredicatesRemoved=0
%%%mzn-stat: 2AutonomousSearchNumCalls=43314
%%%mzn-stat: 2AutonomousSearchNumPredicatesAdded=34880
%%%mzn-stat: 2AutonomousSearchAverageSizeOfHeap=1.7733758138246294
%%%mzn-stat: 2AutonomousSearchNumAssignedPredicatesEncountered=76812
%%%mzn-stat-end
maxleg = 697;
succ = array1d(1..100,[6, 15, 9, 11, 10, 13, 38, 16, 25, 1, 41, 3, 12, 2, 37, 14, 21, 59, 18, 23, 22, 43, 5, 28, 33, 8, 48, 63, 36, 20, 7, 17, 35, 29, 27, 24, 45, 54, 53, 60, 86, 49, 31, 66, 40, 30, 64, 70, 57, 71, 46, 76, 4, 26, 91, 32, 47, 88, 73, 78, 42, 83, 58, 69, 52, 51, 79, 77, 72, 87, 95, 56, 39, 82, 98, 68, 19, 55, 99, 97, 50, 85, 67, 61, 90, 94, 93, 74, 100, 80, 34, 62, 92, 96, 75, 44, 65, 84, 89, 81]);
% time elapsed: 40.60 s
----------
%%%mzn-stat: initTime=0.030314272
%%%mzn-stat: objective=672
%%%mzn-stat: nodes=366337
%%%mzn-stat: restarts=0
%%%mzn-stat: peakDepth=1634
%%%mzn-stat: solveTime=156.958844314
%%%mzn-stat: variables=3137
%%%mzn-stat: propagators=7178
%%%mzn-stat: failures=283807
%%%mzn-stat: propagations=222919656
%%%mzn-stat: nogoods=283807
%%%mzn-stat: numAtomicConstraintsPropagated=0
%%%mzn-stat: circuitNumber4951PropagationsThatFoundConflict=1428
%%%mzn-stat: circuitNumber4951TotalFixedEdgesAtConflict=129957
%%%mzn-stat: circuitNumber4951NumberOfConflicts=1428
%%%mzn-stat: circuitNumber4951PropagationsThatPruned=47225
%%%mzn-stat: circuitNumber4951PropagationsTotal=329187
%%%mzn-stat: AverageConflictSize=20.627567325682595
%%%mzn-stat: NumUnitNogoodsLearned=0
%%%mzn-stat: AverageLearnedNogoodLength=69.57633884999314
%%%mzn-stat: AverageBacktrackAmount=0
%%%mzn-stat: AverageLbd=29.407918056989434
%%%mzn-stat: 2AutonomousSearchNumBackupCalled=44340
%%%mzn-stat: 2AutonomousSearchNumPredicatesRemoved=0
%%%mzn-stat: 2AutonomousSearchNumCalls=44374
%%%mzn-stat: 2AutonomousSearchNumPredicatesAdded=38008
%%%mzn-stat: 2AutonomousSearchAverageSizeOfHeap=1.8209086401947085
%%%mzn-stat: 2AutonomousSearchNumAssignedPredicatesEncountered=80801
%%%mzn-stat-end
maxleg = 672;
succ = array1d(1..100,[6, 15, 9, 11, 10, 13, 38, 16, 25, 1, 41, 3, 12, 2, 37, 14, 21, 59, 18, 23, 22, 43, 5, 28, 33, 8, 48, 63, 60, 20, 7, 17, 35, 29, 27, 24, 45, 54, 36, 89, 86, 49, 31, 53, 40, 30, 64, 70, 57, 71, 46, 66, 4, 26, 91, 32, 47, 88, 73, 78, 42, 76, 58, 69, 52, 51, 98, 77, 85, 87, 95, 79, 39, 82, 96, 100, 19, 72, 74, 61, 50, 97, 67, 56, 90, 94, 93, 83, 55, 68, 34, 62, 92, 99, 75, 44, 65, 84, 80, 81]);
% time elapsed: 161.56 s
----------
%%%mzn-stat: initTime=0.030314272
%%%mzn-stat: objective=672
%%%mzn-stat: nodes=648507
%%%mzn-stat: restarts=0
%%%mzn-stat: peakDepth=1634
%%%mzn-stat: solveTime=295.248330575
%%%mzn-stat: variables=3137
%%%mzn-stat: propagators=7178
%%%mzn-stat: failures=531468
%%%mzn-stat: propagations=413080726
%%%mzn-stat: nogoods=531468
%%%mzn-stat: numAtomicConstraintsPropagated=0
%%%mzn-stat: circuitNumber4951PropagationsThatFoundConflict=2866
%%%mzn-stat: circuitNumber4951TotalFixedEdgesAtConflict=261087
%%%mzn-stat: circuitNumber4951NumberOfConflicts=2866
%%%mzn-stat: circuitNumber4951PropagationsThatPruned=88832
%%%mzn-stat: circuitNumber4951PropagationsTotal=609012
%%%mzn-stat: AverageConflictSize=19.848303190408455
%%%mzn-stat: NumUnitNogoodsLearned=0
%%%mzn-stat: AverageLearnedNogoodLength=67.65375525901841
%%%mzn-stat: AverageBacktrackAmount=0
%%%mzn-stat: AverageLbd=29.37941512941513
%%%mzn-stat: 2AutonomousSearchNumBackupCalled=44340
%%%mzn-stat: 2AutonomousSearchNumPredicatesRemoved=0
%%%mzn-stat: 2AutonomousSearchNumCalls=44374
%%%mzn-stat: 2AutonomousSearchNumPredicatesAdded=40788
%%%mzn-stat: 2AutonomousSearchAverageSizeOfHeap=1.8209086401947085
%%%mzn-stat: 2AutonomousSearchNumAssignedPredicatesEncountered=80801
%%%mzn-stat-end
