%%%mzn-stat: initTime=0.050797438
%%%mzn-stat: objective=145
%%%mzn-stat: nodes=1713
%%%mzn-stat: restarts=0
%%%mzn-stat: peakDepth=1069
%%%mzn-stat: solveTime=1.006169297
%%%mzn-stat: variables=4346
%%%mzn-stat: propagators=3850
%%%mzn-stat: failures=403
%%%mzn-stat: propagations=373038
%%%mzn-stat: nogoods=403
%%%mzn-stat: AverageConflictSize=55.23325062034739
%%%mzn-stat: NumUnitNogoodsLearned=144
%%%mzn-stat: AverageLearnedNogoodLength=106.32506203473946
%%%mzn-stat: AverageBacktrackAmount=0
%%%mzn-stat: AverageLbd=32.58560794044665
%%%mzn-stat-end
maxleg = 145;
succ = array1d(1..150,[97, 119, 91, 72, 66, 147, 148, 103, 67, 15, 35, 98, 102, 96, 144, 146, 70, 39, 12, 43, 33, 9, 110, 88, 95, 41, 84, 45, 2, 115, 3, 40, 20, 16, 107, 101, 87, 141, 135, 51, 113, 19, 132, 25, 106, 94, 104, 64, 74, 124, 24, 140, 127, 111, 82, 105, 143, 53, 6, 134, 112, 138, 38, 42, 129, 83, 85, 5, 122, 32, 73, 65, 86, 58, 60, 128, 139, 17, 62, 7, 11, 54, 117, 22, 4, 125, 34, 36, 61, 48, 50, 76, 69, 18, 68, 63, 77, 29, 78, 90, 130, 100, 49, 71, 133, 118, 52, 89, 93, 13, 47, 1, 46, 99, 26, 23, 75, 114, 137, 55, 123, 145, 131, 149, 59, 44, 136, 142, 79, 21, 31, 80, 81, 10, 126, 116, 109, 14, 150, 30, 92, 8, 120, 28, 37, 56, 121, 57, 108, 27]);
% time elapsed: 4.55 s
----------
==========
% time elapsed: 4.55 s
%%%mzn-stat: initTime=0.050797438
%%%mzn-stat: objective=145
%%%mzn-stat: nodes=1713
%%%mzn-stat: restarts=0
%%%mzn-stat: peakDepth=1069
%%%mzn-stat: solveTime=1.00617473
%%%mzn-stat: variables=4346
%%%mzn-stat: propagators=3850
%%%mzn-stat: failures=403
%%%mzn-stat: propagations=373038
%%%mzn-stat: nogoods=403
%%%mzn-stat: AverageConflictSize=55.23325062034739
%%%mzn-stat: NumUnitNogoodsLearned=144
%%%mzn-stat: AverageLearnedNogoodLength=106.32506203473946
%%%mzn-stat: AverageBacktrackAmount=0
%%%mzn-stat: AverageLbd=32.58560794044665
%%%mzn-stat-end
