%%%mzn-stat: initTime=0.009349662
%%%mzn-stat: objective=352
%%%mzn-stat: nodes=19532
%%%mzn-stat: restarts=2
%%%mzn-stat: peakDepth=550
%%%mzn-stat: solveTime=6.177111667
%%%mzn-stat: variables=1184
%%%mzn-stat: propagators=862
%%%mzn-stat: failures=17721
%%%mzn-stat: propagations=1247311
%%%mzn-stat: nogoods=17721
%%%mzn-stat: AverageConflictSize=33.55183116076971
%%%mzn-stat: NumUnitNogoodsLearned=241
%%%mzn-stat: AverageLearnedNogoodLength=62.43236837650245
%%%mzn-stat: AverageBacktrackAmount=0
%%%mzn-stat: AverageLbd=22.344788668811017
%%%mzn-stat-end
maxleg = 352;
succ = array1d(1..50,[17, 13, 34, 25, 43, 2, 11, 24, 3, 21, 44, 14, 15, 7, 1, 48, 32, 42, 12, 29, 20, 36, 6, 22, 10, 28, 19, 45, 46, 47, 33, 27, 30, 4, 5, 37, 40, 35, 31, 50, 16, 8, 9, 41, 23, 49, 26, 18, 39, 38]);
% time elapsed: 6.45 s
----------
==========
% time elapsed: 6.57 s
%%%mzn-stat: initTime=0.009349662
%%%mzn-stat: objective=352
%%%mzn-stat: nodes=19891
%%%mzn-stat: restarts=2
%%%mzn-stat: peakDepth=550
%%%mzn-stat: solveTime=6.297238383
%%%mzn-stat: variables=1184
%%%mzn-stat: propagators=862
%%%mzn-stat: failures=18068
%%%mzn-stat: propagations=1273471
%%%mzn-stat: nogoods=18068
%%%mzn-stat: AverageConflictSize=33.140524684525126
%%%mzn-stat: NumUnitNogoodsLearned=242
%%%mzn-stat: AverageLearnedNogoodLength=62.450907682089884
%%%mzn-stat: AverageBacktrackAmount=0
%%%mzn-stat: AverageLbd=21.98931813150321
%%%mzn-stat-end
