% Logging successfully configured
%%%mzn-stat: initTime=0.003524549
%%%mzn-stat: objective=452
%%%mzn-stat: nodes=116
%%%mzn-stat: restarts=0
%%%mzn-stat: peakDepth=116
%%%mzn-stat: solveTime=0.000755328
%%%mzn-stat: variables=286
%%%mzn-stat: propagators=188
%%%mzn-stat: failures=0
%%%mzn-stat: propagations=649
%%%mzn-stat: nogoods=0
%%%mzn-stat: numAtomicConstraintsPropagated=0
%%%mzn-stat: circuitNumber1PropagationsTotal=32
%%%mzn-stat: circuitNumber1CircuitConflicts=0
%%%mzn-stat: circuitNumber1AlldiffConflicts=0
%%%mzn-stat: circuitNumber1TotalFixedEdgesAtConflict=0
%%%mzn-stat: circuitNumber1NumberOfConflicts=0
%%%mzn-stat: circuitNumber1GacPrunings=56
%%%mzn-stat: circuitNumber1PropagationsThatGacPruned=15
%%%mzn-stat: circuitNumber1TotalPruningHallSetSize=78
%%%mzn-stat: circuitNumber1NumberOfPruningExplanations=56
%%%mzn-stat: circuitNumber1MaxPruningHallSetSize=11
%%%mzn-stat: circuitNumber1TotalSccSizeAtPruning=50
%%%mzn-stat: circuitNumber1NumberOfSccPruningCalls=15
%%%mzn-stat: circuitNumber1TotalVarsInvolvedInPruning=52
%%%mzn-stat: circuitNumber1MaxValuesPrunedFromSingleVar=2
%%%mzn-stat: circuitNumber1HallCircuitChecks=30
%%%mzn-stat: circuitNumber1HallCircuitPrunings=2
%%%mzn-stat: circuitNumber1CircuitPreventPrunings=10
%%%mzn-stat: AverageConflictSize=0
%%%mzn-stat: NumUnitNogoodsLearned=0
%%%mzn-stat: AverageLearnedNogoodLength=0
%%%mzn-stat: AverageBacktrackAmount=0
%%%mzn-stat: AverageLbd=0
%%%mzn-stat: 2AutonomousSearchNumBackupCalled=102
%%%mzn-stat: 2AutonomousSearchNumPredicatesRemoved=0
%%%mzn-stat: 2AutonomousSearchNumCalls=103
%%%mzn-stat: 2AutonomousSearchNumPredicatesAdded=0
%%%mzn-stat: 2AutonomousSearchAverageSizeOfHeap=0
%%%mzn-stat: 2AutonomousSearchNumAssignedPredicatesEncountered=0
%%%mzn-stat-end
maxleg = 452;
succ = array1d(1..20,[2, 3, 7, 1, 6, 4, 9, 13, 15, 11, 17, 5, 19, 12, 8, 14, 20, 16, 10, 18]);
% time elapsed: 0.28 s
----------
%%%mzn-stat: initTime=0.003524549
%%%mzn-stat: objective=402
%%%mzn-stat: nodes=228
%%%mzn-stat: restarts=0
%%%mzn-stat: peakDepth=116
%%%mzn-stat: solveTime=0.002473483
%%%mzn-stat: variables=286
%%%mzn-stat: propagators=188
%%%mzn-stat: failures=7
%%%mzn-stat: propagations=1154
%%%mzn-stat: nogoods=7
%%%mzn-stat: numAtomicConstraintsPropagated=0
%%%mzn-stat: circuitNumber1PropagationsTotal=96
%%%mzn-stat: circuitNumber1CircuitConflicts=4
%%%mzn-stat: circuitNumber1AlldiffConflicts=0
%%%mzn-stat: circuitNumber1TotalFixedEdgesAtConflict=62
%%%mzn-stat: circuitNumber1NumberOfConflicts=4
%%%mzn-stat: circuitNumber1GacPrunings=176
%%%mzn-stat: circuitNumber1PropagationsThatGacPruned=49
%%%mzn-stat: circuitNumber1TotalPruningHallSetSize=350
%%%mzn-stat: circuitNumber1NumberOfPruningExplanations=176
%%%mzn-stat: circuitNumber1MaxPruningHallSetSize=11
%%%mzn-stat: circuitNumber1TotalSccSizeAtPruning=215
%%%mzn-stat: circuitNumber1NumberOfSccPruningCalls=49
%%%mzn-stat: circuitNumber1TotalVarsInvolvedInPruning=151
%%%mzn-stat: circuitNumber1MaxValuesPrunedFromSingleVar=3
%%%mzn-stat: circuitNumber1HallCircuitChecks=107
%%%mzn-stat: circuitNumber1HallCircuitPrunings=4
%%%mzn-stat: circuitNumber1CircuitPreventPrunings=34
%%%mzn-stat: AverageConflictSize=9.428571428571429
%%%mzn-stat: NumUnitNogoodsLearned=0
%%%mzn-stat: AverageLearnedNogoodLength=13.142857142857142
%%%mzn-stat: AverageBacktrackAmount=0
%%%mzn-stat: AverageLbd=8.428571428571429
%%%mzn-stat: 2AutonomousSearchNumBackupCalled=192
%%%mzn-stat: 2AutonomousSearchNumPredicatesRemoved=0
%%%mzn-stat: 2AutonomousSearchNumCalls=194
%%%mzn-stat: 2AutonomousSearchNumPredicatesAdded=195
%%%mzn-stat: 2AutonomousSearchAverageSizeOfHeap=1.0051546391752577
%%%mzn-stat: 2AutonomousSearchNumAssignedPredicatesEncountered=195
%%%mzn-stat-end
maxleg = 402;
succ = array1d(1..20,[2, 3, 7, 1, 12, 4, 9, 13, 15, 11, 17, 14, 19, 6, 8, 5, 20, 16, 10, 18]);
% time elapsed: 0.28 s
----------
%%%mzn-stat: initTime=0.003524549
%%%mzn-stat: objective=400
%%%mzn-stat: nodes=333
%%%mzn-stat: restarts=0
%%%mzn-stat: peakDepth=116
%%%mzn-stat: solveTime=0.003269044
%%%mzn-stat: variables=286
%%%mzn-stat: propagators=188
%%%mzn-stat: failures=8
%%%mzn-stat: propagations=1535
%%%mzn-stat: nogoods=8
%%%mzn-stat: numAtomicConstraintsPropagated=0
%%%mzn-stat: circuitNumber1PropagationsTotal=129
%%%mzn-stat: circuitNumber1CircuitConflicts=4
%%%mzn-stat: circuitNumber1AlldiffConflicts=0
%%%mzn-stat: circuitNumber1TotalFixedEdgesAtConflict=62
%%%mzn-stat: circuitNumber1NumberOfConflicts=4
%%%mzn-stat: circuitNumber1GacPrunings=234
%%%mzn-stat: circuitNumber1PropagationsThatGacPruned=67
%%%mzn-stat: circuitNumber1TotalPruningHallSetSize=458
%%%mzn-stat: circuitNumber1NumberOfPruningExplanations=234
%%%mzn-stat: circuitNumber1MaxPruningHallSetSize=11
%%%mzn-stat: circuitNumber1TotalSccSizeAtPruning=265
%%%mzn-stat: circuitNumber1NumberOfSccPruningCalls=67
%%%mzn-stat: circuitNumber1TotalVarsInvolvedInPruning=206
%%%mzn-stat: circuitNumber1MaxValuesPrunedFromSingleVar=3
%%%mzn-stat: circuitNumber1HallCircuitChecks=153
%%%mzn-stat: circuitNumber1HallCircuitPrunings=6
%%%mzn-stat: circuitNumber1CircuitPreventPrunings=44
%%%mzn-stat: AverageConflictSize=8.625
%%%mzn-stat: NumUnitNogoodsLearned=0
%%%mzn-stat: AverageLearnedNogoodLength=14.125
%%%mzn-stat: AverageBacktrackAmount=0
%%%mzn-stat: AverageLbd=8
%%%mzn-stat: 2AutonomousSearchNumBackupCalled=284
%%%mzn-stat: 2AutonomousSearchNumPredicatesRemoved=0
%%%mzn-stat: 2AutonomousSearchNumCalls=287
%%%mzn-stat: 2AutonomousSearchNumPredicatesAdded=246
%%%mzn-stat: 2AutonomousSearchAverageSizeOfHeap=1.4912891986062717
%%%mzn-stat: 2AutonomousSearchNumAssignedPredicatesEncountered=428
%%%mzn-stat-end
maxleg = 400;
succ = array1d(1..20,[2, 3, 7, 1, 12, 4, 9, 13, 15, 20, 10, 14, 19, 6, 8, 5, 11, 16, 17, 18]);
% time elapsed: 0.28 s
----------
%%%mzn-stat: initTime=0.003524549
%%%mzn-stat: objective=393
%%%mzn-stat: nodes=432
%%%mzn-stat: restarts=0
%%%mzn-stat: peakDepth=116
%%%mzn-stat: solveTime=0.003840225
%%%mzn-stat: variables=286
%%%mzn-stat: propagators=188
%%%mzn-stat: failures=8
%%%mzn-stat: propagations=1871
%%%mzn-stat: nogoods=8
%%%mzn-stat: numAtomicConstraintsPropagated=0
%%%mzn-stat: circuitNumber1PropagationsTotal=152
%%%mzn-stat: circuitNumber1CircuitConflicts=4
%%%mzn-stat: circuitNumber1AlldiffConflicts=0
%%%mzn-stat: circuitNumber1TotalFixedEdgesAtConflict=62
%%%mzn-stat: circuitNumber1NumberOfConflicts=4
%%%mzn-stat: circuitNumber1GacPrunings=284
%%%mzn-stat: circuitNumber1PropagationsThatGacPruned=80
%%%mzn-stat: circuitNumber1TotalPruningHallSetSize=551
%%%mzn-stat: circuitNumber1NumberOfPruningExplanations=284
%%%mzn-stat: circuitNumber1MaxPruningHallSetSize=11
%%%mzn-stat: circuitNumber1TotalSccSizeAtPruning=301
%%%mzn-stat: circuitNumber1NumberOfSccPruningCalls=80
%%%mzn-stat: circuitNumber1TotalVarsInvolvedInPruning=253
%%%mzn-stat: circuitNumber1MaxValuesPrunedFromSingleVar=3
%%%mzn-stat: circuitNumber1HallCircuitChecks=177
%%%mzn-stat: circuitNumber1HallCircuitPrunings=8
%%%mzn-stat: circuitNumber1CircuitPreventPrunings=51
%%%mzn-stat: AverageConflictSize=8.625
%%%mzn-stat: NumUnitNogoodsLearned=0
%%%mzn-stat: AverageLearnedNogoodLength=14.125
%%%mzn-stat: AverageBacktrackAmount=0
%%%mzn-stat: AverageLbd=8
%%%mzn-stat: 2AutonomousSearchNumBackupCalled=373
%%%mzn-stat: 2AutonomousSearchNumPredicatesRemoved=0
%%%mzn-stat: 2AutonomousSearchNumCalls=377
%%%mzn-stat: 2AutonomousSearchNumPredicatesAdded=246
%%%mzn-stat: 2AutonomousSearchAverageSizeOfHeap=1.753315649867374
%%%mzn-stat: 2AutonomousSearchNumAssignedPredicatesEncountered=661
%%%mzn-stat-end
maxleg = 393;
succ = array1d(1..20,[2, 3, 7, 1, 12, 4, 9, 15, 13, 20, 10, 14, 8, 6, 19, 5, 11, 16, 17, 18]);
% time elapsed: 0.28 s
----------
%%%mzn-stat: initTime=0.003524549
%%%mzn-stat: objective=385
%%%mzn-stat: nodes=528
%%%mzn-stat: restarts=0
%%%mzn-stat: peakDepth=116
%%%mzn-stat: solveTime=0.004531319
%%%mzn-stat: variables=286
%%%mzn-stat: propagators=188
%%%mzn-stat: failures=8
%%%mzn-stat: propagations=2228
%%%mzn-stat: nogoods=8
%%%mzn-stat: numAtomicConstraintsPropagated=0
%%%mzn-stat: circuitNumber1PropagationsTotal=182
%%%mzn-stat: circuitNumber1CircuitConflicts=4
%%%mzn-stat: circuitNumber1AlldiffConflicts=0
%%%mzn-stat: circuitNumber1TotalFixedEdgesAtConflict=62
%%%mzn-stat: circuitNumber1NumberOfConflicts=4
%%%mzn-stat: circuitNumber1GacPrunings=327
%%%mzn-stat: circuitNumber1PropagationsThatGacPruned=94
%%%mzn-stat: circuitNumber1TotalPruningHallSetSize=632
%%%mzn-stat: circuitNumber1NumberOfPruningExplanations=327
%%%mzn-stat: circuitNumber1MaxPruningHallSetSize=11
%%%mzn-stat: circuitNumber1TotalSccSizeAtPruning=342
%%%mzn-stat: circuitNumber1NumberOfSccPruningCalls=94
%%%mzn-stat: circuitNumber1TotalVarsInvolvedInPruning=293
%%%mzn-stat: circuitNumber1MaxValuesPrunedFromSingleVar=3
%%%mzn-stat: circuitNumber1HallCircuitChecks=207
%%%mzn-stat: circuitNumber1HallCircuitPrunings=11
%%%mzn-stat: circuitNumber1CircuitPreventPrunings=66
%%%mzn-stat: AverageConflictSize=8.625
%%%mzn-stat: NumUnitNogoodsLearned=0
%%%mzn-stat: AverageLearnedNogoodLength=14.125
%%%mzn-stat: AverageBacktrackAmount=0
%%%mzn-stat: AverageLbd=8
%%%mzn-stat: 2AutonomousSearchNumBackupCalled=458
%%%mzn-stat: 2AutonomousSearchNumPredicatesRemoved=0
%%%mzn-stat: 2AutonomousSearchNumCalls=463
%%%mzn-stat: 2AutonomousSearchNumPredicatesAdded=246
%%%mzn-stat: 2AutonomousSearchAverageSizeOfHeap=1.9308855291576674
%%%mzn-stat: 2AutonomousSearchNumAssignedPredicatesEncountered=894
%%%mzn-stat-end
maxleg = 385;
succ = array1d(1..20,[2, 4, 7, 6, 12, 8, 9, 13, 15, 20, 10, 14, 3, 16, 19, 1, 11, 5, 17, 18]);
% time elapsed: 0.28 s
----------
%%%mzn-stat: initTime=0.003524549
%%%mzn-stat: objective=377
%%%mzn-stat: nodes=624
%%%mzn-stat: restarts=0
%%%mzn-stat: peakDepth=116
%%%mzn-stat: solveTime=0.005190114
%%%mzn-stat: variables=286
%%%mzn-stat: propagators=188
%%%mzn-stat: failures=8
%%%mzn-stat: propagations=2594
%%%mzn-stat: nogoods=8
%%%mzn-stat: numAtomicConstraintsPropagated=0
%%%mzn-stat: circuitNumber1PropagationsTotal=209
%%%mzn-stat: circuitNumber1CircuitConflicts=4
%%%mzn-stat: circuitNumber1AlldiffConflicts=0
%%%mzn-stat: circuitNumber1TotalFixedEdgesAtConflict=62
%%%mzn-stat: circuitNumber1NumberOfConflicts=4
%%%mzn-stat: circuitNumber1GacPrunings=373
%%%mzn-stat: circuitNumber1PropagationsThatGacPruned=108
%%%mzn-stat: circuitNumber1TotalPruningHallSetSize=784
%%%mzn-stat: circuitNumber1NumberOfPruningExplanations=373
%%%mzn-stat: circuitNumber1MaxPruningHallSetSize=11
%%%mzn-stat: circuitNumber1TotalSccSizeAtPruning=409
%%%mzn-stat: circuitNumber1NumberOfSccPruningCalls=108
%%%mzn-stat: circuitNumber1TotalVarsInvolvedInPruning=329
%%%mzn-stat: circuitNumber1MaxValuesPrunedFromSingleVar=5
%%%mzn-stat: circuitNumber1HallCircuitChecks=235
%%%mzn-stat: circuitNumber1HallCircuitPrunings=13
%%%mzn-stat: circuitNumber1CircuitPreventPrunings=77
%%%mzn-stat: AverageConflictSize=8.625
%%%mzn-stat: NumUnitNogoodsLearned=0
%%%mzn-stat: AverageLearnedNogoodLength=14.125
%%%mzn-stat: AverageBacktrackAmount=0
%%%mzn-stat: AverageLbd=8
%%%mzn-stat: 2AutonomousSearchNumBackupCalled=544
%%%mzn-stat: 2AutonomousSearchNumPredicatesRemoved=0
%%%mzn-stat: 2AutonomousSearchNumCalls=550
%%%mzn-stat: 2AutonomousSearchNumPredicatesAdded=246
%%%mzn-stat: 2AutonomousSearchAverageSizeOfHeap=2.0490909090909093
%%%mzn-stat: 2AutonomousSearchNumAssignedPredicatesEncountered=1127
%%%mzn-stat-end
maxleg = 377;
succ = array1d(1..20,[2, 4, 7, 6, 12, 14, 9, 1, 13, 11, 17, 16, 8, 5, 3, 18, 19, 20, 15, 10]);
% time elapsed: 0.28 s
----------
==========
% time elapsed: 0.29 s
%%%mzn-stat: initTime=0.003524549
%%%mzn-stat: objective=377
%%%mzn-stat: nodes=663
%%%mzn-stat: restarts=0
%%%mzn-stat: peakDepth=116
%%%mzn-stat: solveTime=0.011165594
%%%mzn-stat: variables=286
%%%mzn-stat: propagators=188
%%%mzn-stat: failures=34
%%%mzn-stat: propagations=3594
%%%mzn-stat: nogoods=34
%%%mzn-stat: numAtomicConstraintsPropagated=0
%%%mzn-stat: circuitNumber1PropagationsTotal=381
%%%mzn-stat: circuitNumber1CircuitConflicts=16
%%%mzn-stat: circuitNumber1AlldiffConflicts=0
%%%mzn-stat: circuitNumber1TotalFixedEdgesAtConflict=211
%%%mzn-stat: circuitNumber1NumberOfConflicts=16
%%%mzn-stat: circuitNumber1GacPrunings=683
%%%mzn-stat: circuitNumber1PropagationsThatGacPruned=207
%%%mzn-stat: circuitNumber1TotalPruningHallSetSize=1993
%%%mzn-stat: circuitNumber1NumberOfPruningExplanations=683
%%%mzn-stat: circuitNumber1MaxPruningHallSetSize=18
%%%mzn-stat: circuitNumber1TotalSccSizeAtPruning=1199
%%%mzn-stat: circuitNumber1NumberOfSccPruningCalls=207
%%%mzn-stat: circuitNumber1TotalVarsInvolvedInPruning=578
%%%mzn-stat: circuitNumber1MaxValuesPrunedFromSingleVar=5
%%%mzn-stat: circuitNumber1HallCircuitChecks=461
%%%mzn-stat: circuitNumber1HallCircuitPrunings=15
%%%mzn-stat: circuitNumber1CircuitPreventPrunings=164
%%%mzn-stat: AverageConflictSize=5.176470588235294
%%%mzn-stat: NumUnitNogoodsLearned=1
%%%mzn-stat: AverageLearnedNogoodLength=18.38235294117647
%%%mzn-stat: AverageBacktrackAmount=0
%%%mzn-stat: AverageLbd=5.382352941176471
%%%mzn-stat: 2AutonomousSearchNumBackupCalled=544
%%%mzn-stat: 2AutonomousSearchNumPredicatesRemoved=0
%%%mzn-stat: 2AutonomousSearchNumCalls=550
%%%mzn-stat: 2AutonomousSearchNumPredicatesAdded=699
%%%mzn-stat: 2AutonomousSearchAverageSizeOfHeap=2.0490909090909093
%%%mzn-stat: 2AutonomousSearchNumAssignedPredicatesEncountered=1127
%%%mzn-stat-end
