% Logging successfully configured
%%%mzn-stat: initTime=0.002238807
%%%mzn-stat: objective=444
%%%mzn-stat: nodes=68
%%%mzn-stat: restarts=0
%%%mzn-stat: peakDepth=63
%%%mzn-stat: solveTime=0.001407701
%%%mzn-stat: variables=198
%%%mzn-stat: propagators=121
%%%mzn-stat: failures=5
%%%mzn-stat: propagations=653
%%%mzn-stat: nogoods=5
%%%mzn-stat: numAtomicConstraintsPropagated=0
%%%mzn-stat: allDifferentNumber1PropagationsTotal=39
%%%mzn-stat: allDifferentNumber1PropagationsThatFoundConflict=0
%%%mzn-stat: allDifferentNumber1PropagationsThatPruned=25
%%%mzn-stat: allDifferentNumber1TotalValuesPruned=110
%%%mzn-stat: allDifferentNumber1TotalHallSetSizeConflict=0
%%%mzn-stat: allDifferentNumber1NumberOfConflicts=0
%%%mzn-stat: allDifferentNumber1MaxHallSetSizeConflict=0
%%%mzn-stat: allDifferentNumber1TotalPruningHallSetSize=334
%%%mzn-stat: allDifferentNumber1NumberOfPruningExplanations=110
%%%mzn-stat: allDifferentNumber1MaxPruningHallSetSize=13
%%%mzn-stat: allDifferentNumber1TotalFixedEdgesAtConflict=0
%%%mzn-stat: allDifferentNumber1TotalVarsInvolvedInPruning=90
%%%mzn-stat: allDifferentNumber1MaxValuesPrunedFromSingleVar=3
%%%mzn-stat: allDifferentNumber1TotalSccSizeAtPruning=173
%%%mzn-stat: allDifferentNumber1NumberOfSccPruningCalls=25
%%%mzn-stat: circuitNumber2PropagationsThatFoundConflict=5
%%%mzn-stat: circuitNumber2TotalFixedEdgesAtConflict=91
%%%mzn-stat: circuitNumber2NumberOfConflicts=5
%%%mzn-stat: circuitNumber2PropagationsThatPruned=9
%%%mzn-stat: circuitNumber2PropagationsTotal=27
%%%mzn-stat: AverageConflictSize=13.6
%%%mzn-stat: NumUnitNogoodsLearned=0
%%%mzn-stat: AverageLearnedNogoodLength=8.8
%%%mzn-stat: AverageBacktrackAmount=0
%%%mzn-stat: AverageLbd=7.6
%%%mzn-stat: 2AutonomousSearchNumBackupCalled=56
%%%mzn-stat: 2AutonomousSearchNumPredicatesRemoved=0
%%%mzn-stat: 2AutonomousSearchNumCalls=57
%%%mzn-stat: 2AutonomousSearchNumPredicatesAdded=257
%%%mzn-stat: 2AutonomousSearchAverageSizeOfHeap=4.508771929824562
%%%mzn-stat: 2AutonomousSearchNumAssignedPredicatesEncountered=257
%%%mzn-stat-end
maxleg = 444;
succ = array1d(1..20,[4, 6, 5, 16, 9, 8, 18, 17, 7, 11, 2, 3, 12, 1, 14, 20, 15, 19, 10, 13]);
% time elapsed: 4.29 s
----------
==========
% time elapsed: 4.29 s
%%%mzn-stat: initTime=0.002238807
%%%mzn-stat: objective=444
%%%mzn-stat: nodes=109
%%%mzn-stat: restarts=0
%%%mzn-stat: peakDepth=63
%%%mzn-stat: solveTime=0.007395006
%%%mzn-stat: variables=198
%%%mzn-stat: propagators=121
%%%mzn-stat: failures=42
%%%mzn-stat: propagations=2254
%%%mzn-stat: nogoods=42
%%%mzn-stat: numAtomicConstraintsPropagated=0
%%%mzn-stat: allDifferentNumber1PropagationsTotal=278
%%%mzn-stat: allDifferentNumber1PropagationsThatFoundConflict=1
%%%mzn-stat: allDifferentNumber1PropagationsThatPruned=188
%%%mzn-stat: allDifferentNumber1TotalValuesPruned=581
%%%mzn-stat: allDifferentNumber1TotalHallSetSizeConflict=3
%%%mzn-stat: allDifferentNumber1NumberOfConflicts=1
%%%mzn-stat: allDifferentNumber1MaxHallSetSizeConflict=3
%%%mzn-stat: allDifferentNumber1TotalPruningHallSetSize=2002
%%%mzn-stat: allDifferentNumber1NumberOfPruningExplanations=581
%%%mzn-stat: allDifferentNumber1MaxPruningHallSetSize=18
%%%mzn-stat: allDifferentNumber1TotalFixedEdgesAtConflict=4
%%%mzn-stat: allDifferentNumber1TotalVarsInvolvedInPruning=483
%%%mzn-stat: allDifferentNumber1MaxValuesPrunedFromSingleVar=3
%%%mzn-stat: allDifferentNumber1TotalSccSizeAtPruning=1670
%%%mzn-stat: allDifferentNumber1NumberOfSccPruningCalls=188
%%%mzn-stat: circuitNumber2PropagationsThatFoundConflict=40
%%%mzn-stat: circuitNumber2TotalFixedEdgesAtConflict=457
%%%mzn-stat: circuitNumber2NumberOfConflicts=40
%%%mzn-stat: circuitNumber2PropagationsThatPruned=74
%%%mzn-stat: circuitNumber2PropagationsTotal=189
%%%mzn-stat: AverageConflictSize=7.309523809523809
%%%mzn-stat: NumUnitNogoodsLearned=1
%%%mzn-stat: AverageLearnedNogoodLength=9.380952380952381
%%%mzn-stat: AverageBacktrackAmount=0
%%%mzn-stat: AverageLbd=4.476190476190476
%%%mzn-stat: 2AutonomousSearchNumBackupCalled=56
%%%mzn-stat: 2AutonomousSearchNumPredicatesRemoved=0
%%%mzn-stat: 2AutonomousSearchNumCalls=57
%%%mzn-stat: 2AutonomousSearchNumPredicatesAdded=754
%%%mzn-stat: 2AutonomousSearchAverageSizeOfHeap=4.508771929824562
%%%mzn-stat: 2AutonomousSearchNumAssignedPredicatesEncountered=257
%%%mzn-stat-end
