% Logging successfully configured
%%%mzn-stat: initTime=0.002092025
%%%mzn-stat: objective=679
%%%mzn-stat: nodes=92
%%%mzn-stat: restarts=0
%%%mzn-stat: peakDepth=75
%%%mzn-stat: solveTime=0.001885963
%%%mzn-stat: variables=206
%%%mzn-stat: propagators=127
%%%mzn-stat: failures=12
%%%mzn-stat: propagations=766
%%%mzn-stat: nogoods=12
%%%mzn-stat: numAtomicConstraintsPropagated=0
%%%mzn-stat: allDifferentNumber1PropagationsTotal=65
%%%mzn-stat: allDifferentNumber1PropagationsThatFoundConflict=0
%%%mzn-stat: allDifferentNumber1PropagationsThatPruned=39
%%%mzn-stat: allDifferentNumber1TotalValuesPruned=151
%%%mzn-stat: allDifferentNumber1TotalHallSetSizeConflict=0
%%%mzn-stat: allDifferentNumber1NumberOfConflicts=0
%%%mzn-stat: allDifferentNumber1MaxHallSetSizeConflict=0
%%%mzn-stat: allDifferentNumber1TotalPruningHallSetSize=509
%%%mzn-stat: allDifferentNumber1NumberOfPruningExplanations=151
%%%mzn-stat: allDifferentNumber1MaxPruningHallSetSize=17
%%%mzn-stat: allDifferentNumber1TotalFixedEdgesAtConflict=0
%%%mzn-stat: allDifferentNumber1TotalVarsInvolvedInPruning=129
%%%mzn-stat: allDifferentNumber1MaxValuesPrunedFromSingleVar=3
%%%mzn-stat: allDifferentNumber1TotalSccSizeAtPruning=240
%%%mzn-stat: allDifferentNumber1NumberOfSccPruningCalls=39
%%%mzn-stat: circuitNumber2PropagationsThatFoundConflict=12
%%%mzn-stat: circuitNumber2TotalFixedEdgesAtConflict=174
%%%mzn-stat: circuitNumber2NumberOfConflicts=12
%%%mzn-stat: circuitNumber2PropagationsThatPruned=5
%%%mzn-stat: circuitNumber2PropagationsTotal=37
%%%mzn-stat: AverageConflictSize=10.25
%%%mzn-stat: NumUnitNogoodsLearned=0
%%%mzn-stat: AverageLearnedNogoodLength=7.166666666666667
%%%mzn-stat: AverageBacktrackAmount=0
%%%mzn-stat: AverageLbd=4.583333333333333
%%%mzn-stat: 2AutonomousSearchNumBackupCalled=68
%%%mzn-stat: 2AutonomousSearchNumPredicatesRemoved=0
%%%mzn-stat: 2AutonomousSearchNumCalls=69
%%%mzn-stat: 2AutonomousSearchNumPredicatesAdded=266
%%%mzn-stat: 2AutonomousSearchAverageSizeOfHeap=3.8550724637681157
%%%mzn-stat: 2AutonomousSearchNumAssignedPredicatesEncountered=266
%%%mzn-stat-end
maxleg = 679;
succ = array1d(1..20,[3, 4, 6, 12, 18, 13, 9, 2, 19, 1, 7, 15, 20, 17, 14, 11, 10, 16, 8, 5]);
% time elapsed: 20.69 s
----------
==========
% time elapsed: 20.73 s
%%%mzn-stat: initTime=0.002092025
%%%mzn-stat: objective=679
%%%mzn-stat: nodes=750
%%%mzn-stat: restarts=0
%%%mzn-stat: peakDepth=75
%%%mzn-stat: solveTime=0.061612917
%%%mzn-stat: variables=206
%%%mzn-stat: propagators=127
%%%mzn-stat: failures=445
%%%mzn-stat: propagations=17080
%%%mzn-stat: nogoods=445
%%%mzn-stat: numAtomicConstraintsPropagated=0
%%%mzn-stat: allDifferentNumber1PropagationsTotal=2106
%%%mzn-stat: allDifferentNumber1PropagationsThatFoundConflict=11
%%%mzn-stat: allDifferentNumber1PropagationsThatPruned=1291
%%%mzn-stat: allDifferentNumber1TotalValuesPruned=5024
%%%mzn-stat: allDifferentNumber1TotalHallSetSizeConflict=24
%%%mzn-stat: allDifferentNumber1NumberOfConflicts=11
%%%mzn-stat: allDifferentNumber1MaxHallSetSizeConflict=4
%%%mzn-stat: allDifferentNumber1TotalPruningHallSetSize=15452
%%%mzn-stat: allDifferentNumber1NumberOfPruningExplanations=5024
%%%mzn-stat: allDifferentNumber1MaxPruningHallSetSize=17
%%%mzn-stat: allDifferentNumber1TotalFixedEdgesAtConflict=130
%%%mzn-stat: allDifferentNumber1TotalVarsInvolvedInPruning=4373
%%%mzn-stat: allDifferentNumber1MaxValuesPrunedFromSingleVar=4
%%%mzn-stat: allDifferentNumber1TotalSccSizeAtPruning=8559
%%%mzn-stat: allDifferentNumber1NumberOfSccPruningCalls=1291
%%%mzn-stat: circuitNumber2PropagationsThatFoundConflict=428
%%%mzn-stat: circuitNumber2TotalFixedEdgesAtConflict=5607
%%%mzn-stat: circuitNumber2NumberOfConflicts=428
%%%mzn-stat: circuitNumber2PropagationsThatPruned=280
%%%mzn-stat: circuitNumber2PropagationsTotal=1336
%%%mzn-stat: AverageConflictSize=9.573033707865168
%%%mzn-stat: NumUnitNogoodsLearned=1
%%%mzn-stat: AverageLearnedNogoodLength=6.602247191011236
%%%mzn-stat: AverageBacktrackAmount=0
%%%mzn-stat: AverageLbd=4.63370786516854
%%%mzn-stat: 2AutonomousSearchNumBackupCalled=68
%%%mzn-stat: 2AutonomousSearchNumPredicatesRemoved=0
%%%mzn-stat: 2AutonomousSearchNumCalls=69
%%%mzn-stat: 2AutonomousSearchNumPredicatesAdded=732
%%%mzn-stat: 2AutonomousSearchAverageSizeOfHeap=3.8550724637681157
%%%mzn-stat: 2AutonomousSearchNumAssignedPredicatesEncountered=266
%%%mzn-stat-end
