%%%mzn-stat: initTime=0.003398937
%%%mzn-stat: objective=513
%%%mzn-stat: nodes=1674
%%%mzn-stat: restarts=0
%%%mzn-stat: peakDepth=119
%%%mzn-stat: solveTime=0.051018777
%%%mzn-stat: variables=302
%%%mzn-stat: propagators=201
%%%mzn-stat: failures=711
%%%mzn-stat: propagations=61374
%%%mzn-stat: nogoods=711
%%%mzn-stat: AverageConflictSize=4.936708860759493
%%%mzn-stat: NumUnitNogoodsLearned=512
%%%mzn-stat: AverageLearnedNogoodLength=4.094233473980309
%%%mzn-stat: AverageBacktrackAmount=0
%%%mzn-stat: AverageLbd=3.0815752461322083
%%%mzn-stat-end
maxleg = 513;
succ = array1d(1..20,[16, 10, 7, 14, 15, 2, 6, 18, 19, 9, 5, 8, 3, 12, 4, 13, 11, 20, 17, 1]);
% time elapsed: 1.81 s
----------
==========
% time elapsed: 1.81 s
%%%mzn-stat: initTime=0.003398937
%%%mzn-stat: objective=513
%%%mzn-stat: nodes=1674
%%%mzn-stat: restarts=0
%%%mzn-stat: peakDepth=119
%%%mzn-stat: solveTime=0.051021339
%%%mzn-stat: variables=302
%%%mzn-stat: propagators=201
%%%mzn-stat: failures=711
%%%mzn-stat: propagations=61374
%%%mzn-stat: nogoods=711
%%%mzn-stat: AverageConflictSize=4.936708860759493
%%%mzn-stat: NumUnitNogoodsLearned=512
%%%mzn-stat: AverageLearnedNogoodLength=4.094233473980309
%%%mzn-stat: AverageBacktrackAmount=0
%%%mzn-stat: AverageLbd=3.0815752461322083
%%%mzn-stat-end
