% Logging successfully configured
%%%mzn-stat: initTime=0.009317578
%%%mzn-stat: objective=629
%%%mzn-stat: nodes=214
%%%mzn-stat: restarts=0
%%%mzn-stat: peakDepth=174
%%%mzn-stat: solveTime=0.001538837
%%%mzn-stat: variables=372
%%%mzn-stat: propagators=442
%%%mzn-stat: failures=35
%%%mzn-stat: propagations=6051
%%%mzn-stat: nogoods=35
%%%mzn-stat: numAtomicConstraintsPropagated=0
%%%mzn-stat: circuitNumber191PropagationsThatFoundConflict=25
%%%mzn-stat: circuitNumber191TotalFixedEdgesAtConflict=467
%%%mzn-stat: circuitNumber191NumberOfConflicts=25
%%%mzn-stat: circuitNumber191PropagationsThatPruned=7
%%%mzn-stat: circuitNumber191PropagationsTotal=63
%%%mzn-stat: AverageConflictSize=10.714285714285714
%%%mzn-stat: NumUnitNogoodsLearned=0
%%%mzn-stat: AverageLearnedNogoodLength=10.542857142857143
%%%mzn-stat: AverageBacktrackAmount=0
%%%mzn-stat: AverageLbd=9.257142857142858
%%%mzn-stat: 2AutonomousSearchNumBackupCalled=159
%%%mzn-stat: 2AutonomousSearchNumPredicatesRemoved=0
%%%mzn-stat: 2AutonomousSearchNumCalls=160
%%%mzn-stat: 2AutonomousSearchNumPredicatesAdded=216
%%%mzn-stat: 2AutonomousSearchAverageSizeOfHeap=1.35
%%%mzn-stat: 2AutonomousSearchNumAssignedPredicatesEncountered=216
%%%mzn-stat-end
maxleg = 629;
succ = array1d(1..20,[2, 6, 5, 1, 4, 8, 3, 10, 7, 11, 17, 13, 18, 15, 16, 20, 14, 19, 9, 12]);
% time elapsed: 14.63 s
----------
%%%mzn-stat: initTime=0.009317578
%%%mzn-stat: objective=605
%%%mzn-stat: nodes=382
%%%mzn-stat: restarts=0
%%%mzn-stat: peakDepth=174
%%%mzn-stat: solveTime=0.00168995
%%%mzn-stat: variables=372
%%%mzn-stat: propagators=442
%%%mzn-stat: failures=35
%%%mzn-stat: propagations=6842
%%%mzn-stat: nogoods=35
%%%mzn-stat: numAtomicConstraintsPropagated=0
%%%mzn-stat: circuitNumber191PropagationsThatFoundConflict=25
%%%mzn-stat: circuitNumber191TotalFixedEdgesAtConflict=467
%%%mzn-stat: circuitNumber191NumberOfConflicts=25
%%%mzn-stat: circuitNumber191PropagationsThatPruned=7
%%%mzn-stat: circuitNumber191PropagationsTotal=77
%%%mzn-stat: AverageConflictSize=10.714285714285714
%%%mzn-stat: NumUnitNogoodsLearned=0
%%%mzn-stat: AverageLearnedNogoodLength=10.542857142857143
%%%mzn-stat: AverageBacktrackAmount=0
%%%mzn-stat: AverageLbd=9.257142857142858
%%%mzn-stat: 2AutonomousSearchNumBackupCalled=312
%%%mzn-stat: 2AutonomousSearchNumPredicatesRemoved=0
%%%mzn-stat: 2AutonomousSearchNumCalls=314
%%%mzn-stat: 2AutonomousSearchNumPredicatesAdded=216
%%%mzn-stat: 2AutonomousSearchAverageSizeOfHeap=1.375796178343949
%%%mzn-stat: 2AutonomousSearchNumAssignedPredicatesEncountered=432
%%%mzn-stat-end
maxleg = 605;
succ = array1d(1..20,[2, 6, 5, 1, 4, 8, 3, 10, 7, 11, 17, 13, 18, 16, 14, 20, 15, 19, 9, 12]);
% time elapsed: 14.63 s
----------
%%%mzn-stat: initTime=0.009317578
%%%mzn-stat: objective=502
%%%mzn-stat: nodes=877
%%%mzn-stat: restarts=0
%%%mzn-stat: peakDepth=174
%%%mzn-stat: solveTime=0.016759875
%%%mzn-stat: variables=372
%%%mzn-stat: propagators=442
%%%mzn-stat: failures=342
%%%mzn-stat: propagations=41918
%%%mzn-stat: nogoods=342
%%%mzn-stat: numAtomicConstraintsPropagated=0
%%%mzn-stat: circuitNumber191PropagationsThatFoundConflict=74
%%%mzn-stat: circuitNumber191TotalFixedEdgesAtConflict=1247
%%%mzn-stat: circuitNumber191NumberOfConflicts=74
%%%mzn-stat: circuitNumber191PropagationsThatPruned=131
%%%mzn-stat: circuitNumber191PropagationsTotal=485
%%%mzn-stat: AverageConflictSize=5.099415204678363
%%%mzn-stat: NumUnitNogoodsLearned=0
%%%mzn-stat: AverageLearnedNogoodLength=16.21345029239766
%%%mzn-stat: AverageBacktrackAmount=0
%%%mzn-stat: AverageLbd=9.350877192982455
%%%mzn-stat: 2AutonomousSearchNumBackupCalled=447
%%%mzn-stat: 2AutonomousSearchNumPredicatesRemoved=0
%%%mzn-stat: 2AutonomousSearchNumCalls=450
%%%mzn-stat: 2AutonomousSearchNumPredicatesAdded=560
%%%mzn-stat: 2AutonomousSearchAverageSizeOfHeap=1.7422222222222221
%%%mzn-stat: 2AutonomousSearchNumAssignedPredicatesEncountered=784
%%%mzn-stat-end
maxleg = 502;
succ = array1d(1..20,[2, 6, 5, 1, 4, 8, 3, 15, 7, 11, 18, 13, 19, 16, 17, 20, 14, 9, 10, 12]);
% time elapsed: 14.63 s
----------
%%%mzn-stat: initTime=0.009317578
%%%mzn-stat: objective=455
%%%mzn-stat: nodes=1103
%%%mzn-stat: restarts=0
%%%mzn-stat: peakDepth=174
%%%mzn-stat: solveTime=0.019721907
%%%mzn-stat: variables=372
%%%mzn-stat: propagators=442
%%%mzn-stat: failures=413
%%%mzn-stat: propagations=49328
%%%mzn-stat: nogoods=413
%%%mzn-stat: numAtomicConstraintsPropagated=0
%%%mzn-stat: circuitNumber191PropagationsThatFoundConflict=93
%%%mzn-stat: circuitNumber191TotalFixedEdgesAtConflict=1543
%%%mzn-stat: circuitNumber191NumberOfConflicts=93
%%%mzn-stat: circuitNumber191PropagationsThatPruned=138
%%%mzn-stat: circuitNumber191PropagationsTotal=570
%%%mzn-stat: AverageConflictSize=5.416464891041162
%%%mzn-stat: NumUnitNogoodsLearned=0
%%%mzn-stat: AverageLearnedNogoodLength=16.0363196125908
%%%mzn-stat: AverageBacktrackAmount=0
%%%mzn-stat: AverageLbd=9.019370460048426
%%%mzn-stat: 2AutonomousSearchNumBackupCalled=570
%%%mzn-stat: 2AutonomousSearchNumPredicatesRemoved=0
%%%mzn-stat: 2AutonomousSearchNumCalls=574
%%%mzn-stat: 2AutonomousSearchNumPredicatesAdded=915
%%%mzn-stat: 2AutonomousSearchAverageSizeOfHeap=2.1794425087108014
%%%mzn-stat: 2AutonomousSearchNumAssignedPredicatesEncountered=1251
%%%mzn-stat-end
maxleg = 455;
succ = array1d(1..20,[4, 6, 5, 12, 7, 8, 9, 1, 18, 11, 13, 3, 16, 15, 17, 20, 2, 19, 10, 14]);
% time elapsed: 14.63 s
----------
%%%mzn-stat: initTime=0.009317578
%%%mzn-stat: objective=444
%%%mzn-stat: nodes=1245
%%%mzn-stat: restarts=0
%%%mzn-stat: peakDepth=174
%%%mzn-stat: solveTime=0.019918235
%%%mzn-stat: variables=372
%%%mzn-stat: propagators=442
%%%mzn-stat: failures=413
%%%mzn-stat: propagations=50152
%%%mzn-stat: nogoods=413
%%%mzn-stat: numAtomicConstraintsPropagated=0
%%%mzn-stat: circuitNumber191PropagationsThatFoundConflict=93
%%%mzn-stat: circuitNumber191TotalFixedEdgesAtConflict=1543
%%%mzn-stat: circuitNumber191NumberOfConflicts=93
%%%mzn-stat: circuitNumber191PropagationsThatPruned=140
%%%mzn-stat: circuitNumber191PropagationsTotal=584
%%%mzn-stat: AverageConflictSize=5.416464891041162
%%%mzn-stat: NumUnitNogoodsLearned=0
%%%mzn-stat: AverageLearnedNogoodLength=16.0363196125908
%%%mzn-stat: AverageBacktrackAmount=0
%%%mzn-stat: AverageLbd=9.019370460048426
%%%mzn-stat: 2AutonomousSearchNumBackupCalled=699
%%%mzn-stat: 2AutonomousSearchNumPredicatesRemoved=0
%%%mzn-stat: 2AutonomousSearchNumCalls=704
%%%mzn-stat: 2AutonomousSearchNumPredicatesAdded=915
%%%mzn-stat: 2AutonomousSearchAverageSizeOfHeap=2.440340909090909
%%%mzn-stat: 2AutonomousSearchNumAssignedPredicatesEncountered=1718
%%%mzn-stat-end
maxleg = 444;
succ = array1d(1..20,[4, 6, 5, 12, 7, 8, 9, 1, 18, 11, 19, 3, 16, 15, 17, 20, 2, 10, 13, 14]);
% time elapsed: 14.63 s
----------
%%%mzn-stat: initTime=0.009317578
%%%mzn-stat: objective=438
%%%mzn-stat: nodes=1928
%%%mzn-stat: restarts=0
%%%mzn-stat: peakDepth=174
%%%mzn-stat: solveTime=0.047992962
%%%mzn-stat: variables=372
%%%mzn-stat: propagators=442
%%%mzn-stat: failures=920
%%%mzn-stat: propagations=106791
%%%mzn-stat: nogoods=920
%%%mzn-stat: numAtomicConstraintsPropagated=0
%%%mzn-stat: circuitNumber191PropagationsThatFoundConflict=109
%%%mzn-stat: circuitNumber191TotalFixedEdgesAtConflict=1774
%%%mzn-stat: circuitNumber191NumberOfConflicts=109
%%%mzn-stat: circuitNumber191PropagationsThatPruned=297
%%%mzn-stat: circuitNumber191PropagationsTotal=1143
%%%mzn-stat: AverageConflictSize=5.48695652173913
%%%mzn-stat: NumUnitNogoodsLearned=0
%%%mzn-stat: AverageLearnedNogoodLength=19.04891304347826
%%%mzn-stat: AverageBacktrackAmount=0
%%%mzn-stat: AverageLbd=8.916304347826086
%%%mzn-stat: 2AutonomousSearchNumBackupCalled=830
%%%mzn-stat: 2AutonomousSearchNumPredicatesRemoved=0
%%%mzn-stat: 2AutonomousSearchNumCalls=836
%%%mzn-stat: 2AutonomousSearchNumPredicatesAdded=1458
%%%mzn-stat: 2AutonomousSearchAverageSizeOfHeap=2.772727272727273
%%%mzn-stat: 2AutonomousSearchNumAssignedPredicatesEncountered=2318
%%%mzn-stat-end
maxleg = 438;
succ = array1d(1..20,[4, 6, 5, 12, 7, 10, 9, 15, 1, 11, 18, 16, 3, 8, 17, 20, 2, 19, 13, 14]);
% time elapsed: 14.65 s
----------
%%%mzn-stat: initTime=0.009317578
%%%mzn-stat: objective=417
%%%mzn-stat: nodes=2351
%%%mzn-stat: restarts=0
%%%mzn-stat: peakDepth=174
%%%mzn-stat: solveTime=0.064808066
%%%mzn-stat: variables=372
%%%mzn-stat: propagators=442
%%%mzn-stat: failures=1214
%%%mzn-stat: propagations=138250
%%%mzn-stat: nogoods=1214
%%%mzn-stat: numAtomicConstraintsPropagated=0
%%%mzn-stat: circuitNumber191PropagationsThatFoundConflict=110
%%%mzn-stat: circuitNumber191TotalFixedEdgesAtConflict=1790
%%%mzn-stat: circuitNumber191NumberOfConflicts=110
%%%mzn-stat: circuitNumber191PropagationsThatPruned=365
%%%mzn-stat: circuitNumber191PropagationsTotal=1445
%%%mzn-stat: AverageConflictSize=5.934102141680396
%%%mzn-stat: NumUnitNogoodsLearned=0
%%%mzn-stat: AverageLearnedNogoodLength=20.257001647446458
%%%mzn-stat: AverageBacktrackAmount=0
%%%mzn-stat: AverageLbd=8.925864909390445
%%%mzn-stat: 2AutonomousSearchNumBackupCalled=940
%%%mzn-stat: 2AutonomousSearchNumPredicatesRemoved=0
%%%mzn-stat: 2AutonomousSearchNumCalls=947
%%%mzn-stat: 2AutonomousSearchNumPredicatesAdded=1966
%%%mzn-stat: 2AutonomousSearchAverageSizeOfHeap=3.095036958817318
%%%mzn-stat: 2AutonomousSearchNumAssignedPredicatesEncountered=2931
%%%mzn-stat-end
maxleg = 417;
succ = array1d(1..20,[4, 6, 5, 14, 7, 10, 9, 15, 1, 11, 18, 3, 16, 8, 17, 20, 2, 19, 13, 12]);
% time elapsed: 14.67 s
----------
%%%mzn-stat: initTime=0.009317578
%%%mzn-stat: objective=412
%%%mzn-stat: nodes=2472
%%%mzn-stat: restarts=0
%%%mzn-stat: peakDepth=174
%%%mzn-stat: solveTime=0.065140891
%%%mzn-stat: variables=372
%%%mzn-stat: propagators=442
%%%mzn-stat: failures=1215
%%%mzn-stat: propagations=139182
%%%mzn-stat: nogoods=1215
%%%mzn-stat: numAtomicConstraintsPropagated=0
%%%mzn-stat: circuitNumber191PropagationsThatFoundConflict=111
%%%mzn-stat: circuitNumber191TotalFixedEdgesAtConflict=1810
%%%mzn-stat: circuitNumber191NumberOfConflicts=111
%%%mzn-stat: circuitNumber191PropagationsThatPruned=367
%%%mzn-stat: circuitNumber191PropagationsTotal=1461
%%%mzn-stat: AverageConflictSize=5.9440329218107
%%%mzn-stat: NumUnitNogoodsLearned=0
%%%mzn-stat: AverageLearnedNogoodLength=20.26255144032922
%%%mzn-stat: AverageBacktrackAmount=0
%%%mzn-stat: AverageLbd=8.929218106995885
%%%mzn-stat: 2AutonomousSearchNumBackupCalled=1047
%%%mzn-stat: 2AutonomousSearchNumPredicatesRemoved=0
%%%mzn-stat: 2AutonomousSearchNumCalls=1055
%%%mzn-stat: 2AutonomousSearchNumPredicatesAdded=2052
%%%mzn-stat: 2AutonomousSearchAverageSizeOfHeap=3.3592417061611375
%%%mzn-stat: 2AutonomousSearchNumAssignedPredicatesEncountered=3544
%%%mzn-stat-end
maxleg = 412;
succ = array1d(1..20,[4, 6, 5, 14, 7, 10, 9, 15, 12, 11, 18, 16, 3, 8, 17, 20, 2, 19, 13, 1]);
% time elapsed: 14.67 s
----------
%%%mzn-stat: initTime=0.009317578
%%%mzn-stat: objective=403
%%%mzn-stat: nodes=2725
%%%mzn-stat: restarts=0
%%%mzn-stat: peakDepth=174
%%%mzn-stat: solveTime=0.074019508
%%%mzn-stat: variables=372
%%%mzn-stat: propagators=442
%%%mzn-stat: failures=1351
%%%mzn-stat: propagations=155750
%%%mzn-stat: nogoods=1351
%%%mzn-stat: numAtomicConstraintsPropagated=0
%%%mzn-stat: circuitNumber191PropagationsThatFoundConflict=115
%%%mzn-stat: circuitNumber191TotalFixedEdgesAtConflict=1871
%%%mzn-stat: circuitNumber191NumberOfConflicts=115
%%%mzn-stat: circuitNumber191PropagationsThatPruned=415
%%%mzn-stat: circuitNumber191PropagationsTotal=1631
%%%mzn-stat: AverageConflictSize=6.209474463360474
%%%mzn-stat: NumUnitNogoodsLearned=0
%%%mzn-stat: AverageLearnedNogoodLength=20.84900074019245
%%%mzn-stat: AverageBacktrackAmount=0
%%%mzn-stat: AverageLbd=8.893412287194671
%%%mzn-stat: 2AutonomousSearchNumBackupCalled=1143
%%%mzn-stat: 2AutonomousSearchNumPredicatesRemoved=0
%%%mzn-stat: 2AutonomousSearchNumCalls=1152
%%%mzn-stat: 2AutonomousSearchNumPredicatesAdded=2529
%%%mzn-stat: 2AutonomousSearchAverageSizeOfHeap=3.609375
%%%mzn-stat: 2AutonomousSearchNumAssignedPredicatesEncountered=4158
%%%mzn-stat-end
maxleg = 403;
succ = array1d(1..20,[4, 6, 5, 16, 7, 10, 9, 15, 12, 11, 18, 1, 3, 8, 17, 20, 2, 19, 13, 14]);
% time elapsed: 14.68 s
----------
%%%mzn-stat: initTime=0.009317578
%%%mzn-stat: objective=388
%%%mzn-stat: nodes=2860
%%%mzn-stat: restarts=0
%%%mzn-stat: peakDepth=174
%%%mzn-stat: solveTime=0.076659979
%%%mzn-stat: variables=372
%%%mzn-stat: propagators=442
%%%mzn-stat: failures=1391
%%%mzn-stat: propagations=162038
%%%mzn-stat: nogoods=1391
%%%mzn-stat: numAtomicConstraintsPropagated=0
%%%mzn-stat: circuitNumber191PropagationsThatFoundConflict=129
%%%mzn-stat: circuitNumber191TotalFixedEdgesAtConflict=2121
%%%mzn-stat: circuitNumber191NumberOfConflicts=129
%%%mzn-stat: circuitNumber191PropagationsThatPruned=434
%%%mzn-stat: circuitNumber191PropagationsTotal=1706
%%%mzn-stat: AverageConflictSize=6.215672178289001
%%%mzn-stat: NumUnitNogoodsLearned=0
%%%mzn-stat: AverageLearnedNogoodLength=20.892882818116462
%%%mzn-stat: AverageBacktrackAmount=0
%%%mzn-stat: AverageLbd=8.856218547807332
%%%mzn-stat: 2AutonomousSearchNumBackupCalled=1226
%%%mzn-stat: 2AutonomousSearchNumPredicatesRemoved=0
%%%mzn-stat: 2AutonomousSearchNumCalls=1236
%%%mzn-stat: 2AutonomousSearchNumPredicatesAdded=2963
%%%mzn-stat: 2AutonomousSearchAverageSizeOfHeap=3.870550161812298
%%%mzn-stat: 2AutonomousSearchNumAssignedPredicatesEncountered=4784
%%%mzn-stat-end
maxleg = 388;
succ = array1d(1..20,[4, 6, 5, 16, 7, 10, 18, 15, 3, 19, 8, 1, 12, 20, 17, 14, 2, 11, 13, 9]);
% time elapsed: 14.68 s
----------
%%%mzn-stat: initTime=0.009317578
%%%mzn-stat: objective=386
%%%mzn-stat: nodes=3423
%%%mzn-stat: restarts=0
%%%mzn-stat: peakDepth=174
%%%mzn-stat: solveTime=0.10156126
%%%mzn-stat: variables=372
%%%mzn-stat: propagators=442
%%%mzn-stat: failures=1746
%%%mzn-stat: propagations=218547
%%%mzn-stat: nogoods=1746
%%%mzn-stat: numAtomicConstraintsPropagated=0
%%%mzn-stat: circuitNumber191PropagationsThatFoundConflict=149
%%%mzn-stat: circuitNumber191TotalFixedEdgesAtConflict=2409
%%%mzn-stat: circuitNumber191NumberOfConflicts=149
%%%mzn-stat: circuitNumber191PropagationsThatPruned=497
%%%mzn-stat: circuitNumber191PropagationsTotal=2196
%%%mzn-stat: AverageConflictSize=6.09106529209622
%%%mzn-stat: NumUnitNogoodsLearned=0
%%%mzn-stat: AverageLearnedNogoodLength=22.86368843069874
%%%mzn-stat: AverageBacktrackAmount=0
%%%mzn-stat: AverageLbd=8.280068728522338
%%%mzn-stat: 2AutonomousSearchNumBackupCalled=1308
%%%mzn-stat: 2AutonomousSearchNumPredicatesRemoved=0
%%%mzn-stat: 2AutonomousSearchNumCalls=1319
%%%mzn-stat: 2AutonomousSearchNumPredicatesAdded=3585
%%%mzn-stat: 2AutonomousSearchAverageSizeOfHeap=4.181956027293404
%%%mzn-stat: 2AutonomousSearchNumAssignedPredicatesEncountered=5516
%%%mzn-stat-end
maxleg = 386;
succ = array1d(1..20,[4, 11, 5, 16, 9, 8, 3, 15, 12, 6, 18, 1, 19, 20, 17, 14, 2, 7, 10, 13]);
% time elapsed: 14.70 s
----------
%%%mzn-stat: initTime=0.009317578
%%%mzn-stat: objective=381
%%%mzn-stat: nodes=3515
%%%mzn-stat: restarts=0
%%%mzn-stat: peakDepth=174
%%%mzn-stat: solveTime=0.101887276
%%%mzn-stat: variables=372
%%%mzn-stat: propagators=442
%%%mzn-stat: failures=1747
%%%mzn-stat: propagations=219462
%%%mzn-stat: nogoods=1747
%%%mzn-stat: numAtomicConstraintsPropagated=0
%%%mzn-stat: circuitNumber191PropagationsThatFoundConflict=150
%%%mzn-stat: circuitNumber191TotalFixedEdgesAtConflict=2426
%%%mzn-stat: circuitNumber191NumberOfConflicts=150
%%%mzn-stat: circuitNumber191PropagationsThatPruned=501
%%%mzn-stat: circuitNumber191PropagationsTotal=2211
%%%mzn-stat: AverageConflictSize=6.096164854035489
%%%mzn-stat: NumUnitNogoodsLearned=0
%%%mzn-stat: AverageLearnedNogoodLength=22.8677733257012
%%%mzn-stat: AverageBacktrackAmount=0
%%%mzn-stat: AverageLbd=8.281625643961076
%%%mzn-stat: 2AutonomousSearchNumBackupCalled=1389
%%%mzn-stat: 2AutonomousSearchNumPredicatesRemoved=0
%%%mzn-stat: 2AutonomousSearchNumCalls=1401
%%%mzn-stat: 2AutonomousSearchNumPredicatesAdded=3616
%%%mzn-stat: 2AutonomousSearchAverageSizeOfHeap=4.4596716630977875
%%%mzn-stat: 2AutonomousSearchNumAssignedPredicatesEncountered=6248
%%%mzn-stat-end
maxleg = 381;
succ = array1d(1..20,[4, 11, 5, 16, 9, 8, 3, 15, 12, 6, 18, 20, 19, 1, 17, 13, 2, 7, 10, 14]);
% time elapsed: 14.70 s
----------
==========
% time elapsed: 14.74 s
%%%mzn-stat: initTime=0.009317578
%%%mzn-stat: objective=381
%%%mzn-stat: nodes=4035
%%%mzn-stat: restarts=0
%%%mzn-stat: peakDepth=174
%%%mzn-stat: solveTime=0.135833332
%%%mzn-stat: variables=372
%%%mzn-stat: propagators=442
%%%mzn-stat: failures=2242
%%%mzn-stat: propagations=280482
%%%mzn-stat: nogoods=2242
%%%mzn-stat: numAtomicConstraintsPropagated=0
%%%mzn-stat: circuitNumber191PropagationsThatFoundConflict=159
%%%mzn-stat: circuitNumber191TotalFixedEdgesAtConflict=2548
%%%mzn-stat: circuitNumber191NumberOfConflicts=159
%%%mzn-stat: circuitNumber191PropagationsThatPruned=681
%%%mzn-stat: circuitNumber191PropagationsTotal=2778
%%%mzn-stat: AverageConflictSize=7.012488849241748
%%%mzn-stat: NumUnitNogoodsLearned=1
%%%mzn-stat: AverageLearnedNogoodLength=25.206958073148975
%%%mzn-stat: AverageBacktrackAmount=0
%%%mzn-stat: AverageLbd=7.561552185548617
%%%mzn-stat: 2AutonomousSearchNumBackupCalled=1389
%%%mzn-stat: 2AutonomousSearchNumPredicatesRemoved=0
%%%mzn-stat: 2AutonomousSearchNumCalls=1401
%%%mzn-stat: 2AutonomousSearchNumPredicatesAdded=4514
%%%mzn-stat: 2AutonomousSearchAverageSizeOfHeap=4.4596716630977875
%%%mzn-stat: 2AutonomousSearchNumAssignedPredicatesEncountered=6248
%%%mzn-stat-end
