%%%mzn-stat: initTime=0.017201585
%%%mzn-stat: objective=277
%%%mzn-stat: nodes=51703
%%%mzn-stat: restarts=0
%%%mzn-stat: peakDepth=555
%%%mzn-stat: solveTime=3.550449725
%%%mzn-stat: variables=1544
%%%mzn-stat: propagators=1186
%%%mzn-stat: failures=9645
%%%mzn-stat: propagations=651335
%%%mzn-stat: nogoods=9645
%%%mzn-stat: AverageConflictSize=49.605495075168484
%%%mzn-stat: NumUnitNogoodsLearned=276
%%%mzn-stat: AverageLearnedNogoodLength=56.3485743908761
%%%mzn-stat: AverageBacktrackAmount=0
%%%mzn-stat: AverageLbd=24.556143079315707
%%%mzn-stat-end
maxleg = 277;
succ = array1d(1..50,[2, 23, 48, 13, 26, 3, 16, 46, 14, 32, 35, 45, 29, 31, 1, 4, 25, 17, 37, 11, 27, 49, 41, 33, 19, 12, 20, 10, 22, 50, 38, 47, 7, 40, 15, 5, 21, 36, 43, 44, 30, 8, 28, 42, 6, 9, 34, 18, 39, 24]);
% time elapsed: 5.03 s
----------
==========
% time elapsed: 5.03 s
%%%mzn-stat: initTime=0.017201585
%%%mzn-stat: objective=277
%%%mzn-stat: nodes=51703
%%%mzn-stat: restarts=0
%%%mzn-stat: peakDepth=555
%%%mzn-stat: solveTime=3.550453772
%%%mzn-stat: variables=1544
%%%mzn-stat: propagators=1186
%%%mzn-stat: failures=9645
%%%mzn-stat: propagations=651335
%%%mzn-stat: nogoods=9645
%%%mzn-stat: AverageConflictSize=49.605495075168484
%%%mzn-stat: NumUnitNogoodsLearned=276
%%%mzn-stat: AverageLearnedNogoodLength=56.3485743908761
%%%mzn-stat: AverageBacktrackAmount=0
%%%mzn-stat: AverageLbd=24.556143079315707
%%%mzn-stat-end
