% Logging successfully configured
%%%mzn-stat: initTime=0.022358943
%%%mzn-stat: objective=1012
%%%mzn-stat: nodes=851
%%%mzn-stat: restarts=0
%%%mzn-stat: peakDepth=795
%%%mzn-stat: solveTime=0.077217211
%%%mzn-stat: variables=1363
%%%mzn-stat: propagators=1038
%%%mzn-stat: failures=45
%%%mzn-stat: propagations=4855
%%%mzn-stat: nogoods=45
%%%mzn-stat: numAtomicConstraintsPropagated=0
%%%mzn-stat: circuitNumber1PropagationsTotal=377
%%%mzn-stat: circuitNumber1CircuitConflicts=22
%%%mzn-stat: circuitNumber1AlldiffConflicts=0
%%%mzn-stat: circuitNumber1TotalFixedEdgesAtConflict=2032
%%%mzn-stat: circuitNumber1NumberOfConflicts=22
%%%mzn-stat: circuitNumber1GacPrunings=703
%%%mzn-stat: circuitNumber1PropagationsThatGacPruned=210
%%%mzn-stat: circuitNumber1TotalPruningHallSetSize=1828
%%%mzn-stat: circuitNumber1NumberOfPruningExplanations=703
%%%mzn-stat: circuitNumber1MaxPruningHallSetSize=71
%%%mzn-stat: circuitNumber1TotalSccSizeAtPruning=785
%%%mzn-stat: circuitNumber1NumberOfSccPruningCalls=210
%%%mzn-stat: circuitNumber1TotalVarsInvolvedInPruning=604
%%%mzn-stat: circuitNumber1MaxValuesPrunedFromSingleVar=4
%%%mzn-stat: circuitNumber1HallCircuitChecks=1063
%%%mzn-stat: circuitNumber1HallCircuitPrunings=9
%%%mzn-stat: circuitNumber1CircuitPreventPrunings=145
%%%mzn-stat: AverageConflictSize=73.46666666666667
%%%mzn-stat: NumUnitNogoodsLearned=0
%%%mzn-stat: AverageLearnedNogoodLength=55.71111111111111
%%%mzn-stat: AverageBacktrackAmount=0
%%%mzn-stat: AverageLbd=49.733333333333334
%%%mzn-stat: 2AutonomousSearchNumBackupCalled=732
%%%mzn-stat: 2AutonomousSearchNumPredicatesRemoved=0
%%%mzn-stat: 2AutonomousSearchNumCalls=733
%%%mzn-stat: 2AutonomousSearchNumPredicatesAdded=1782
%%%mzn-stat: 2AutonomousSearchAverageSizeOfHeap=2.431105047748977
%%%mzn-stat: 2AutonomousSearchNumAssignedPredicatesEncountered=1782
%%%mzn-stat-end
maxleg = 1012;
succ = array1d(1..100,[2, 5, 23, 43, 16, 8, 17, 15, 28, 13, 22, 21, 25, 1, 38, 27, 37, 10, 14, 18, 46, 12, 24, 40, 11, 36, 44, 57, 34, 20, 32, 49, 6, 50, 19, 53, 73, 54, 30, 42, 39, 33, 56, 74, 35, 62, 41, 77, 29, 48, 4, 80, 61, 70, 95, 26, 68, 63, 3, 45, 66, 7, 89, 31, 60, 65, 90, 81, 9, 69, 78, 79, 72, 47, 97, 58, 82, 64, 55, 86, 98, 84, 76, 85, 96, 59, 52, 94, 51, 88, 71, 99, 75, 83, 87, 100, 67, 91, 93, 92]);
% time elapsed: 43.90 s
----------
%%%mzn-stat: initTime=0.022358943
%%%mzn-stat: objective=917
%%%mzn-stat: nodes=1765
%%%mzn-stat: restarts=0
%%%mzn-stat: peakDepth=809
%%%mzn-stat: solveTime=0.228390917
%%%mzn-stat: variables=1363
%%%mzn-stat: propagators=1038
%%%mzn-stat: failures=144
%%%mzn-stat: propagations=9778
%%%mzn-stat: nogoods=144
%%%mzn-stat: numAtomicConstraintsPropagated=0
%%%mzn-stat: circuitNumber1PropagationsTotal=1113
%%%mzn-stat: circuitNumber1CircuitConflicts=77
%%%mzn-stat: circuitNumber1AlldiffConflicts=0
%%%mzn-stat: circuitNumber1TotalFixedEdgesAtConflict=7191
%%%mzn-stat: circuitNumber1NumberOfConflicts=77
%%%mzn-stat: circuitNumber1GacPrunings=2246
%%%mzn-stat: circuitNumber1PropagationsThatGacPruned=603
%%%mzn-stat: circuitNumber1TotalPruningHallSetSize=6484
%%%mzn-stat: circuitNumber1NumberOfPruningExplanations=2246
%%%mzn-stat: circuitNumber1MaxPruningHallSetSize=71
%%%mzn-stat: circuitNumber1TotalSccSizeAtPruning=3261
%%%mzn-stat: circuitNumber1NumberOfSccPruningCalls=603
%%%mzn-stat: circuitNumber1TotalVarsInvolvedInPruning=1790
%%%mzn-stat: circuitNumber1MaxValuesPrunedFromSingleVar=5
%%%mzn-stat: circuitNumber1HallCircuitChecks=2421
%%%mzn-stat: circuitNumber1HallCircuitPrunings=46
%%%mzn-stat: circuitNumber1CircuitPreventPrunings=535
%%%mzn-stat: AverageConflictSize=66.73611111111111
%%%mzn-stat: NumUnitNogoodsLearned=0
%%%mzn-stat: AverageLearnedNogoodLength=54.625
%%%mzn-stat: AverageBacktrackAmount=0
%%%mzn-stat: AverageLbd=47.583333333333336
%%%mzn-stat: 2AutonomousSearchNumBackupCalled=1476
%%%mzn-stat: 2AutonomousSearchNumPredicatesRemoved=0
%%%mzn-stat: 2AutonomousSearchNumCalls=1478
%%%mzn-stat: 2AutonomousSearchNumPredicatesAdded=3699
%%%mzn-stat: 2AutonomousSearchAverageSizeOfHeap=2.9546684709066304
%%%mzn-stat: 2AutonomousSearchNumAssignedPredicatesEncountered=4367
%%%mzn-stat-end
maxleg = 917;
succ = array1d(1..100,[2, 5, 23, 43, 16, 8, 17, 15, 28, 13, 22, 21, 25, 1, 38, 27, 37, 10, 14, 18, 46, 12, 24, 40, 11, 36, 44, 57, 34, 20, 32, 55, 6, 49, 19, 53, 73, 54, 30, 42, 39, 33, 56, 74, 35, 81, 41, 50, 58, 29, 4, 80, 61, 48, 95, 26, 96, 63, 3, 45, 66, 7, 89, 31, 9, 65, 90, 98, 70, 77, 78, 79, 72, 47, 97, 83, 82, 64, 71, 86, 68, 84, 60, 85, 100, 59, 52, 94, 51, 88, 62, 99, 75, 76, 87, 69, 67, 91, 93, 92]);
% time elapsed: 44.03 s
----------
%%%mzn-stat: initTime=0.022358943
%%%mzn-stat: objective=236
%%%mzn-stat: nodes=2568
%%%mzn-stat: restarts=0
%%%mzn-stat: peakDepth=809
%%%mzn-stat: solveTime=0.273444251
%%%mzn-stat: variables=1363
%%%mzn-stat: propagators=1038
%%%mzn-stat: failures=164
%%%mzn-stat: propagations=12361
%%%mzn-stat: nogoods=164
%%%mzn-stat: numAtomicConstraintsPropagated=0
%%%mzn-stat: circuitNumber1PropagationsTotal=1421
%%%mzn-stat: circuitNumber1CircuitConflicts=86
%%%mzn-stat: circuitNumber1AlldiffConflicts=0
%%%mzn-stat: circuitNumber1TotalFixedEdgesAtConflict=8031
%%%mzn-stat: circuitNumber1NumberOfConflicts=86
%%%mzn-stat: circuitNumber1GacPrunings=2921
%%%mzn-stat: circuitNumber1PropagationsThatGacPruned=764
%%%mzn-stat: circuitNumber1TotalPruningHallSetSize=8235
%%%mzn-stat: circuitNumber1NumberOfPruningExplanations=2921
%%%mzn-stat: circuitNumber1MaxPruningHallSetSize=71
%%%mzn-stat: circuitNumber1TotalSccSizeAtPruning=4050
%%%mzn-stat: circuitNumber1NumberOfSccPruningCalls=764
%%%mzn-stat: circuitNumber1TotalVarsInvolvedInPruning=2358
%%%mzn-stat: circuitNumber1MaxValuesPrunedFromSingleVar=5
%%%mzn-stat: circuitNumber1HallCircuitChecks=3117
%%%mzn-stat: circuitNumber1HallCircuitPrunings=52
%%%mzn-stat: circuitNumber1CircuitPreventPrunings=646
%%%mzn-stat: AverageConflictSize=63.71341463414634
%%%mzn-stat: NumUnitNogoodsLearned=0
%%%mzn-stat: AverageLearnedNogoodLength=53.22560975609756
%%%mzn-stat: AverageBacktrackAmount=0
%%%mzn-stat: AverageLbd=45.78048780487805
%%%mzn-stat: 2AutonomousSearchNumBackupCalled=2171
%%%mzn-stat: 2AutonomousSearchNumPredicatesRemoved=0
%%%mzn-stat: 2AutonomousSearchNumCalls=2174
%%%mzn-stat: 2AutonomousSearchNumPredicatesAdded=4984
%%%mzn-stat: 2AutonomousSearchAverageSizeOfHeap=3.3380864765409384
%%%mzn-stat: 2AutonomousSearchNumAssignedPredicatesEncountered=7257
%%%mzn-stat-end
maxleg = 236;
succ = array1d(1..100,[2, 5, 23, 43, 16, 8, 17, 15, 28, 13, 22, 21, 25, 1, 38, 27, 37, 10, 14, 18, 46, 12, 24, 40, 11, 36, 44, 57, 34, 20, 32, 55, 6, 49, 19, 53, 73, 54, 30, 42, 39, 33, 56, 74, 35, 81, 41, 77, 50, 58, 4, 80, 61, 48, 95, 26, 96, 63, 3, 83, 66, 7, 89, 31, 60, 99, 51, 98, 9, 69, 78, 79, 72, 47, 97, 88, 82, 64, 71, 86, 68, 84, 94, 70, 100, 59, 52, 29, 90, 75, 62, 45, 92, 76, 87, 85, 67, 91, 93, 65]);
% time elapsed: 44.09 s
----------
%%%mzn-stat: initTime=0.022358943
%%%mzn-stat: objective=230
%%%mzn-stat: nodes=3365
%%%mzn-stat: restarts=0
%%%mzn-stat: peakDepth=809
%%%mzn-stat: solveTime=0.313923724
%%%mzn-stat: variables=1363
%%%mzn-stat: propagators=1038
%%%mzn-stat: failures=178
%%%mzn-stat: propagations=14860
%%%mzn-stat: nogoods=178
%%%mzn-stat: numAtomicConstraintsPropagated=0
%%%mzn-stat: circuitNumber1PropagationsTotal=1704
%%%mzn-stat: circuitNumber1CircuitConflicts=96
%%%mzn-stat: circuitNumber1AlldiffConflicts=0
%%%mzn-stat: circuitNumber1TotalFixedEdgesAtConflict=8729
%%%mzn-stat: circuitNumber1NumberOfConflicts=96
%%%mzn-stat: circuitNumber1GacPrunings=3636
%%%mzn-stat: circuitNumber1PropagationsThatGacPruned=907
%%%mzn-stat: circuitNumber1TotalPruningHallSetSize=11123
%%%mzn-stat: circuitNumber1NumberOfPruningExplanations=3636
%%%mzn-stat: circuitNumber1MaxPruningHallSetSize=92
%%%mzn-stat: circuitNumber1TotalSccSizeAtPruning=5883
%%%mzn-stat: circuitNumber1NumberOfSccPruningCalls=907
%%%mzn-stat: circuitNumber1TotalVarsInvolvedInPruning=3019
%%%mzn-stat: circuitNumber1MaxValuesPrunedFromSingleVar=5
%%%mzn-stat: circuitNumber1HallCircuitChecks=3566
%%%mzn-stat: circuitNumber1HallCircuitPrunings=54
%%%mzn-stat: circuitNumber1CircuitPreventPrunings=747
%%%mzn-stat: AverageConflictSize=61.40449438202247
%%%mzn-stat: NumUnitNogoodsLearned=0
%%%mzn-stat: AverageLearnedNogoodLength=53.758426966292134
%%%mzn-stat: AverageBacktrackAmount=0
%%%mzn-stat: AverageLbd=44.32022471910113
%%%mzn-stat: 2AutonomousSearchNumBackupCalled=2855
%%%mzn-stat: 2AutonomousSearchNumPredicatesRemoved=0
%%%mzn-stat: 2AutonomousSearchNumCalls=2859
%%%mzn-stat: 2AutonomousSearchNumPredicatesAdded=6399
%%%mzn-stat: 2AutonomousSearchAverageSizeOfHeap=3.6810073452256034
%%%mzn-stat: 2AutonomousSearchNumAssignedPredicatesEncountered=10524
%%%mzn-stat-end
maxleg = 230;
succ = array1d(1..100,[2, 5, 23, 43, 16, 8, 62, 15, 28, 13, 22, 21, 25, 1, 38, 27, 37, 10, 14, 18, 46, 12, 24, 40, 11, 36, 44, 57, 34, 20, 32, 55, 6, 49, 19, 53, 73, 54, 30, 42, 39, 33, 56, 74, 35, 81, 41, 77, 50, 58, 4, 80, 61, 48, 95, 26, 96, 63, 3, 83, 66, 78, 89, 31, 60, 99, 51, 98, 9, 69, 79, 7, 72, 47, 97, 88, 82, 64, 17, 86, 68, 84, 94, 70, 100, 59, 52, 29, 90, 75, 71, 45, 92, 76, 87, 85, 67, 91, 93, 65]);
% time elapsed: 44.12 s
----------
==========
% time elapsed: 391.23 s
%%%mzn-stat: initTime=0.022358943
%%%mzn-stat: objective=230
%%%mzn-stat: nodes=256909
%%%mzn-stat: restarts=0
%%%mzn-stat: peakDepth=809
%%%mzn-stat: solveTime=347.421836952
%%%mzn-stat: variables=1363
%%%mzn-stat: propagators=1038
%%%mzn-stat: failures=253723
%%%mzn-stat: propagations=9530469
%%%mzn-stat: nogoods=253723
%%%mzn-stat: numAtomicConstraintsPropagated=0
%%%mzn-stat: circuitNumber1PropagationsTotal=1288534
%%%mzn-stat: circuitNumber1CircuitConflicts=96
%%%mzn-stat: circuitNumber1AlldiffConflicts=4
%%%mzn-stat: circuitNumber1TotalFixedEdgesAtConflict=8765
%%%mzn-stat: circuitNumber1NumberOfConflicts=100
%%%mzn-stat: circuitNumber1GacPrunings=3332727
%%%mzn-stat: circuitNumber1PropagationsThatGacPruned=950024
%%%mzn-stat: circuitNumber1TotalPruningHallSetSize=71030912
%%%mzn-stat: circuitNumber1NumberOfPruningExplanations=3332727
%%%mzn-stat: circuitNumber1MaxPruningHallSetSize=92
%%%mzn-stat: circuitNumber1TotalSccSizeAtPruning=46425580
%%%mzn-stat: circuitNumber1NumberOfSccPruningCalls=950024
%%%mzn-stat: circuitNumber1TotalVarsInvolvedInPruning=2907811
%%%mzn-stat: circuitNumber1MaxValuesPrunedFromSingleVar=5
%%%mzn-stat: circuitNumber1HallCircuitChecks=1632604
%%%mzn-stat: circuitNumber1HallCircuitPrunings=172359
%%%mzn-stat: circuitNumber1CircuitPreventPrunings=948223
%%%mzn-stat: AverageConflictSize=5.048860371349858
%%%mzn-stat: NumUnitNogoodsLearned=1
%%%mzn-stat: AverageLearnedNogoodLength=59.191011457376746
%%%mzn-stat: AverageBacktrackAmount=0
%%%mzn-stat: AverageLbd=6.75520153868589
%%%mzn-stat: 2AutonomousSearchNumBackupCalled=2855
%%%mzn-stat: 2AutonomousSearchNumPredicatesRemoved=0
%%%mzn-stat: 2AutonomousSearchNumCalls=2859
%%%mzn-stat: 2AutonomousSearchNumPredicatesAdded=9261
%%%mzn-stat: 2AutonomousSearchAverageSizeOfHeap=3.6810073452256034
%%%mzn-stat: 2AutonomousSearchNumAssignedPredicatesEncountered=10524
%%%mzn-stat-end
