%%%mzn-stat: initTime=0.049197113
%%%mzn-stat: objective=428
%%%mzn-stat: nodes=724
%%%mzn-stat: restarts=0
%%%mzn-stat: peakDepth=167
%%%mzn-stat: solveTime=0.09105732
%%%mzn-stat: variables=469
%%%mzn-stat: propagators=294
%%%mzn-stat: failures=523
%%%mzn-stat: propagations=45640
%%%mzn-stat: nogoods=523
%%%mzn-stat: AverageConflictSize=4.18546845124283
%%%mzn-stat: NumUnitNogoodsLearned=427
%%%mzn-stat: AverageLearnedNogoodLength=2.705544933078394
%%%mzn-stat: AverageBacktrackAmount=0
%%%mzn-stat: AverageLbd=1.5659655831739963
%%%mzn-stat-end
maxleg = 428;
succ = array1d(1..50,[3, 40, 36, 44, 31, 32, 46, 21, 18, 26, 30, 15, 17, 29, 2, 11, 48, 5, 33, 23, 4, 35, 27, 47, 43, 41, 45, 50, 9, 19, 28, 7, 34, 14, 10, 22, 42, 24, 37, 13, 49, 6, 8, 38, 1, 25, 20, 16, 12, 39]);
% time elapsed: 4.22 s
----------
==========
% time elapsed: 4.22 s
%%%mzn-stat: initTime=0.049197113
%%%mzn-stat: objective=428
%%%mzn-stat: nodes=724
%%%mzn-stat: restarts=0
%%%mzn-stat: peakDepth=167
%%%mzn-stat: solveTime=0.091063682
%%%mzn-stat: variables=469
%%%mzn-stat: propagators=294
%%%mzn-stat: failures=523
%%%mzn-stat: propagations=45640
%%%mzn-stat: nogoods=523
%%%mzn-stat: AverageConflictSize=4.18546845124283
%%%mzn-stat: NumUnitNogoodsLearned=427
%%%mzn-stat: AverageLearnedNogoodLength=2.705544933078394
%%%mzn-stat: AverageBacktrackAmount=0
%%%mzn-stat: AverageLbd=1.5659655831739963
%%%mzn-stat-end
