% Logging successfully configured
%%%mzn-stat: initTime=0.023760355
%%%mzn-stat: objective=824
%%%mzn-stat: nodes=1768
%%%mzn-stat: restarts=0
%%%mzn-stat: peakDepth=1230
%%%mzn-stat: solveTime=0.513446074
%%%mzn-stat: variables=1806
%%%mzn-stat: propagators=1455
%%%mzn-stat: failures=258
%%%mzn-stat: propagations=14791
%%%mzn-stat: nogoods=258
%%%mzn-stat: numAtomicConstraintsPropagated=0
%%%mzn-stat: circuitNumber1PropagationsTotal=2308
%%%mzn-stat: circuitNumber1CircuitConflicts=129
%%%mzn-stat: circuitNumber1AlldiffConflicts=3
%%%mzn-stat: circuitNumber1TotalFixedEdgesAtConflict=12261
%%%mzn-stat: circuitNumber1NumberOfConflicts=132
%%%mzn-stat: circuitNumber1GacPrunings=5874
%%%mzn-stat: circuitNumber1PropagationsThatGacPruned=1333
%%%mzn-stat: circuitNumber1TotalPruningHallSetSize=26883
%%%mzn-stat: circuitNumber1NumberOfPruningExplanations=5874
%%%mzn-stat: circuitNumber1MaxPruningHallSetSize=96
%%%mzn-stat: circuitNumber1TotalSccSizeAtPruning=12815
%%%mzn-stat: circuitNumber1NumberOfSccPruningCalls=1333
%%%mzn-stat: circuitNumber1TotalVarsInvolvedInPruning=4792
%%%mzn-stat: circuitNumber1MaxValuesPrunedFromSingleVar=5
%%%mzn-stat: circuitNumber1HallCircuitChecks=10153
%%%mzn-stat: circuitNumber1HallCircuitPrunings=64
%%%mzn-stat: circuitNumber1CircuitPreventPrunings=905
%%%mzn-stat: AverageConflictSize=4.755813953488372
%%%mzn-stat: NumUnitNogoodsLearned=0
%%%mzn-stat: AverageLearnedNogoodLength=34.08527131782946
%%%mzn-stat: AverageBacktrackAmount=0
%%%mzn-stat: AverageLbd=23.94573643410853
%%%mzn-stat: 2AutonomousSearchNumBackupCalled=1130
%%%mzn-stat: 2AutonomousSearchNumPredicatesRemoved=0
%%%mzn-stat: 2AutonomousSearchNumCalls=1131
%%%mzn-stat: 2AutonomousSearchNumPredicatesAdded=3190
%%%mzn-stat: 2AutonomousSearchAverageSizeOfHeap=2.8205128205128207
%%%mzn-stat: 2AutonomousSearchNumAssignedPredicatesEncountered=3190
%%%mzn-stat-end
maxleg = 824;
succ = array1d(1..150,[55, 9, 6, 5, 25, 47, 14, 49, 22, 15, 26, 2, 23, 38, 28, 34, 24, 33, 4, 21, 36, 29, 71, 32, 18, 30, 69, 45, 67, 41, 3, 40, 20, 35, 11, 17, 56, 51, 16, 62, 46, 19, 63, 68, 99, 52, 54, 13, 53, 31, 76, 113, 57, 59, 111, 105, 116, 8, 86, 10, 1, 79, 7, 12, 72, 60, 109, 83, 84, 101, 110, 85, 147, 58, 66, 92, 27, 70, 65, 128, 107, 73, 117, 93, 95, 121, 37, 78, 61, 42, 50, 138, 122, 39, 126, 43, 89, 90, 106, 64, 130, 119, 74, 48, 81, 114, 133, 112, 145, 102, 104, 97, 115, 118, 140, 120, 134, 129, 137, 127, 123, 98, 124, 131, 91, 135, 143, 142, 88, 132, 149, 96, 77, 144, 146, 82, 100, 141, 87, 44, 80, 148, 136, 75, 150, 94, 125, 103, 108, 139]);
% time elapsed: 1.02 s
----------
%%%mzn-stat: initTime=0.023760355
%%%mzn-stat: objective=664
%%%mzn-stat: nodes=3397
%%%mzn-stat: restarts=0
%%%mzn-stat: peakDepth=1230
%%%mzn-stat: solveTime=1.045752381
%%%mzn-stat: variables=1806
%%%mzn-stat: propagators=1455
%%%mzn-stat: failures=463
%%%mzn-stat: propagations=26889
%%%mzn-stat: nogoods=463
%%%mzn-stat: numAtomicConstraintsPropagated=0
%%%mzn-stat: circuitNumber1PropagationsTotal=4437
%%%mzn-stat: circuitNumber1CircuitConflicts=264
%%%mzn-stat: circuitNumber1AlldiffConflicts=3
%%%mzn-stat: circuitNumber1TotalFixedEdgesAtConflict=24889
%%%mzn-stat: circuitNumber1NumberOfConflicts=267
%%%mzn-stat: circuitNumber1GacPrunings=11724
%%%mzn-stat: circuitNumber1PropagationsThatGacPruned=2664
%%%mzn-stat: circuitNumber1TotalPruningHallSetSize=48914
%%%mzn-stat: circuitNumber1NumberOfPruningExplanations=11724
%%%mzn-stat: circuitNumber1MaxPruningHallSetSize=110
%%%mzn-stat: circuitNumber1TotalSccSizeAtPruning=22090
%%%mzn-stat: circuitNumber1NumberOfSccPruningCalls=2664
%%%mzn-stat: circuitNumber1TotalVarsInvolvedInPruning=9749
%%%mzn-stat: circuitNumber1MaxValuesPrunedFromSingleVar=5
%%%mzn-stat: circuitNumber1HallCircuitChecks=20299
%%%mzn-stat: circuitNumber1HallCircuitPrunings=201
%%%mzn-stat: circuitNumber1CircuitPreventPrunings=1768
%%%mzn-stat: AverageConflictSize=5.403887688984881
%%%mzn-stat: NumUnitNogoodsLearned=0
%%%mzn-stat: AverageLearnedNogoodLength=38.69978401727862
%%%mzn-stat: AverageBacktrackAmount=0
%%%mzn-stat: AverageLbd=29.987041036717063
%%%mzn-stat: 2AutonomousSearchNumBackupCalled=2241
%%%mzn-stat: 2AutonomousSearchNumPredicatesRemoved=0
%%%mzn-stat: 2AutonomousSearchNumCalls=2243
%%%mzn-stat: 2AutonomousSearchNumPredicatesAdded=6111
%%%mzn-stat: 2AutonomousSearchAverageSizeOfHeap=3.277753009362461
%%%mzn-stat: 2AutonomousSearchNumAssignedPredicatesEncountered=7352
%%%mzn-stat-end
maxleg = 664;
succ = array1d(1..150,[55, 9, 6, 5, 25, 47, 14, 49, 22, 15, 26, 2, 23, 38, 28, 34, 24, 39, 4, 21, 33, 29, 71, 32, 18, 30, 69, 45, 67, 41, 3, 36, 43, 35, 11, 20, 56, 40, 16, 51, 46, 19, 96, 68, 99, 52, 54, 13, 53, 31, 62, 115, 57, 59, 111, 94, 116, 8, 86, 10, 1, 76, 7, 12, 72, 60, 109, 83, 84, 78, 110, 129, 147, 58, 66, 92, 27, 106, 138, 63, 105, 73, 117, 93, 44, 121, 37, 17, 61, 42, 50, 128, 122, 146, 85, 132, 77, 64, 114, 90, 70, 119, 74, 48, 107, 118, 133, 112, 145, 102, 104, 97, 81, 88, 140, 120, 134, 65, 137, 127, 123, 98, 124, 131, 91, 95, 143, 142, 79, 101, 149, 130, 87, 144, 126, 82, 100, 141, 150, 113, 80, 148, 136, 75, 139, 135, 125, 103, 108, 89]);
% time elapsed: 1.37 s
----------
%%%mzn-stat: initTime=0.023760355
%%%mzn-stat: objective=434
%%%mzn-stat: nodes=4654
%%%mzn-stat: restarts=0
%%%mzn-stat: peakDepth=1230
%%%mzn-stat: solveTime=1.317698023
%%%mzn-stat: variables=1806
%%%mzn-stat: propagators=1455
%%%mzn-stat: failures=530
%%%mzn-stat: propagations=33230
%%%mzn-stat: nogoods=530
%%%mzn-stat: numAtomicConstraintsPropagated=0
%%%mzn-stat: circuitNumber1PropagationsTotal=5304
%%%mzn-stat: circuitNumber1CircuitConflicts=330
%%%mzn-stat: circuitNumber1AlldiffConflicts=3
%%%mzn-stat: circuitNumber1TotalFixedEdgesAtConflict=31191
%%%mzn-stat: circuitNumber1NumberOfConflicts=333
%%%mzn-stat: circuitNumber1GacPrunings=14296
%%%mzn-stat: circuitNumber1PropagationsThatGacPruned=3244
%%%mzn-stat: circuitNumber1TotalPruningHallSetSize=59716
%%%mzn-stat: circuitNumber1NumberOfPruningExplanations=14296
%%%mzn-stat: circuitNumber1MaxPruningHallSetSize=110
%%%mzn-stat: circuitNumber1TotalSccSizeAtPruning=26771
%%%mzn-stat: circuitNumber1NumberOfSccPruningCalls=3244
%%%mzn-stat: circuitNumber1TotalVarsInvolvedInPruning=11932
%%%mzn-stat: circuitNumber1MaxValuesPrunedFromSingleVar=6
%%%mzn-stat: circuitNumber1HallCircuitChecks=24261
%%%mzn-stat: circuitNumber1HallCircuitPrunings=295
%%%mzn-stat: circuitNumber1CircuitPreventPrunings=2129
%%%mzn-stat: AverageConflictSize=5.469811320754717
%%%mzn-stat: NumUnitNogoodsLearned=0
%%%mzn-stat: AverageLearnedNogoodLength=43.154716981132076
%%%mzn-stat: AverageBacktrackAmount=0
%%%mzn-stat: AverageLbd=34.51509433962264
%%%mzn-stat: 2AutonomousSearchNumBackupCalled=3336
%%%mzn-stat: 2AutonomousSearchNumPredicatesRemoved=0
%%%mzn-stat: 2AutonomousSearchNumCalls=3339
%%%mzn-stat: 2AutonomousSearchNumPredicatesAdded=7907
%%%mzn-stat: 2AutonomousSearchAverageSizeOfHeap=3.4743935309973044
%%%mzn-stat: 2AutonomousSearchNumAssignedPredicatesEncountered=11601
%%%mzn-stat-end
maxleg = 434;
succ = array1d(1..150,[61, 9, 6, 5, 25, 47, 14, 49, 22, 15, 26, 2, 23, 38, 28, 34, 24, 39, 4, 21, 33, 29, 71, 32, 18, 30, 69, 45, 67, 41, 3, 36, 43, 35, 11, 20, 56, 40, 16, 51, 46, 19, 96, 68, 99, 52, 54, 13, 53, 31, 62, 115, 57, 55, 111, 94, 116, 8, 86, 10, 77, 76, 7, 12, 72, 60, 109, 83, 84, 78, 110, 129, 147, 58, 66, 92, 27, 106, 138, 63, 105, 73, 117, 93, 44, 121, 37, 17, 1, 42, 50, 128, 122, 146, 85, 132, 89, 90, 114, 64, 70, 119, 74, 48, 107, 118, 133, 112, 145, 102, 104, 149, 81, 88, 140, 120, 134, 65, 137, 127, 123, 98, 124, 108, 59, 95, 143, 142, 79, 101, 91, 130, 87, 144, 126, 82, 100, 141, 150, 113, 80, 148, 136, 75, 139, 135, 125, 103, 131, 97]);
% time elapsed: 1.64 s
----------
%%%mzn-stat: initTime=0.023760355
%%%mzn-stat: objective=395
%%%mzn-stat: nodes=5825
%%%mzn-stat: restarts=0
%%%mzn-stat: peakDepth=1230
%%%mzn-stat: solveTime=1.383922709
%%%mzn-stat: variables=1806
%%%mzn-stat: propagators=1455
%%%mzn-stat: failures=537
%%%mzn-stat: propagations=36009
%%%mzn-stat: nogoods=537
%%%mzn-stat: numAtomicConstraintsPropagated=0
%%%mzn-stat: circuitNumber1PropagationsTotal=5549
%%%mzn-stat: circuitNumber1CircuitConflicts=333
%%%mzn-stat: circuitNumber1AlldiffConflicts=3
%%%mzn-stat: circuitNumber1TotalFixedEdgesAtConflict=31553
%%%mzn-stat: circuitNumber1NumberOfConflicts=336
%%%mzn-stat: circuitNumber1GacPrunings=15066
%%%mzn-stat: circuitNumber1PropagationsThatGacPruned=3370
%%%mzn-stat: circuitNumber1TotalPruningHallSetSize=65987
%%%mzn-stat: circuitNumber1NumberOfPruningExplanations=15066
%%%mzn-stat: circuitNumber1MaxPruningHallSetSize=110
%%%mzn-stat: circuitNumber1TotalSccSizeAtPruning=28551
%%%mzn-stat: circuitNumber1NumberOfSccPruningCalls=3370
%%%mzn-stat: circuitNumber1TotalVarsInvolvedInPruning=12609
%%%mzn-stat: circuitNumber1MaxValuesPrunedFromSingleVar=6
%%%mzn-stat: circuitNumber1HallCircuitChecks=24786
%%%mzn-stat: circuitNumber1HallCircuitPrunings=298
%%%mzn-stat: circuitNumber1CircuitPreventPrunings=2199
%%%mzn-stat: AverageConflictSize=5.48975791433892
%%%mzn-stat: NumUnitNogoodsLearned=0
%%%mzn-stat: AverageLearnedNogoodLength=43.778398510242084
%%%mzn-stat: AverageBacktrackAmount=0
%%%mzn-stat: AverageLbd=34.5512104283054
%%%mzn-stat: 2AutonomousSearchNumBackupCalled=4404
%%%mzn-stat: 2AutonomousSearchNumPredicatesRemoved=0
%%%mzn-stat: 2AutonomousSearchNumCalls=4408
%%%mzn-stat: 2AutonomousSearchNumPredicatesAdded=9209
%%%mzn-stat: 2AutonomousSearchAverageSizeOfHeap=3.7325317604355717
%%%mzn-stat: 2AutonomousSearchNumAssignedPredicatesEncountered=16453
%%%mzn-stat-end
maxleg = 395;
succ = array1d(1..150,[61, 9, 6, 5, 25, 47, 14, 49, 22, 15, 26, 2, 23, 38, 28, 34, 24, 39, 12, 21, 33, 29, 71, 32, 18, 30, 69, 45, 67, 41, 3, 36, 43, 35, 11, 20, 56, 40, 16, 51, 46, 19, 96, 4, 99, 52, 54, 13, 53, 31, 62, 94, 57, 55, 111, 105, 116, 8, 86, 10, 77, 76, 7, 42, 72, 60, 109, 66, 84, 78, 110, 118, 147, 58, 83, 92, 27, 106, 138, 63, 113, 73, 68, 93, 65, 121, 37, 17, 1, 48, 50, 128, 122, 146, 85, 132, 89, 90, 129, 64, 70, 119, 74, 124, 107, 144, 133, 112, 145, 102, 104, 97, 115, 88, 140, 120, 75, 114, 137, 127, 123, 98, 131, 108, 59, 95, 143, 142, 79, 101, 149, 130, 81, 117, 126, 82, 100, 141, 87, 44, 80, 148, 136, 134, 150, 135, 125, 103, 91, 139]);
% time elapsed: 1.71 s
----------
%%%mzn-stat: initTime=0.023760355
%%%mzn-stat: objective=367
%%%mzn-stat: nodes=7009
%%%mzn-stat: restarts=0
%%%mzn-stat: peakDepth=1230
%%%mzn-stat: solveTime=1.430411494
%%%mzn-stat: variables=1806
%%%mzn-stat: propagators=1455
%%%mzn-stat: failures=537
%%%mzn-stat: propagations=38605
%%%mzn-stat: nogoods=537
%%%mzn-stat: numAtomicConstraintsPropagated=0
%%%mzn-stat: circuitNumber1PropagationsTotal=5764
%%%mzn-stat: circuitNumber1CircuitConflicts=333
%%%mzn-stat: circuitNumber1AlldiffConflicts=3
%%%mzn-stat: circuitNumber1TotalFixedEdgesAtConflict=31553
%%%mzn-stat: circuitNumber1NumberOfConflicts=336
%%%mzn-stat: circuitNumber1GacPrunings=15661
%%%mzn-stat: circuitNumber1PropagationsThatGacPruned=3480
%%%mzn-stat: circuitNumber1TotalPruningHallSetSize=68414
%%%mzn-stat: circuitNumber1NumberOfPruningExplanations=15661
%%%mzn-stat: circuitNumber1MaxPruningHallSetSize=110
%%%mzn-stat: circuitNumber1TotalSccSizeAtPruning=29189
%%%mzn-stat: circuitNumber1NumberOfSccPruningCalls=3480
%%%mzn-stat: circuitNumber1TotalVarsInvolvedInPruning=13159
%%%mzn-stat: circuitNumber1MaxValuesPrunedFromSingleVar=6
%%%mzn-stat: circuitNumber1HallCircuitChecks=25247
%%%mzn-stat: circuitNumber1HallCircuitPrunings=302
%%%mzn-stat: circuitNumber1CircuitPreventPrunings=2252
%%%mzn-stat: AverageConflictSize=5.48975791433892
%%%mzn-stat: NumUnitNogoodsLearned=0
%%%mzn-stat: AverageLearnedNogoodLength=43.778398510242084
%%%mzn-stat: AverageBacktrackAmount=0
%%%mzn-stat: AverageLbd=34.5512104283054
%%%mzn-stat: 2AutonomousSearchNumBackupCalled=5490
%%%mzn-stat: 2AutonomousSearchNumPredicatesRemoved=0
%%%mzn-stat: 2AutonomousSearchNumCalls=5495
%%%mzn-stat: 2AutonomousSearchNumPredicatesAdded=9209
%%%mzn-stat: 2AutonomousSearchAverageSizeOfHeap=3.8771610555050047
%%%mzn-stat: 2AutonomousSearchNumAssignedPredicatesEncountered=21305
%%%mzn-stat-end
maxleg = 367;
succ = array1d(1..150,[61, 9, 6, 5, 25, 47, 14, 49, 22, 15, 26, 2, 23, 38, 28, 34, 24, 39, 12, 21, 33, 29, 71, 32, 18, 30, 69, 45, 67, 41, 3, 36, 43, 35, 11, 20, 56, 40, 16, 51, 46, 19, 96, 4, 99, 52, 54, 13, 53, 31, 62, 94, 57, 55, 111, 105, 116, 8, 86, 10, 77, 76, 7, 42, 72, 60, 109, 66, 84, 78, 110, 118, 147, 58, 83, 92, 27, 106, 138, 63, 113, 73, 68, 93, 65, 121, 37, 17, 1, 64, 50, 128, 122, 146, 85, 132, 89, 90, 129, 98, 70, 119, 74, 48, 107, 144, 133, 112, 145, 102, 104, 149, 115, 88, 140, 120, 75, 114, 137, 127, 123, 87, 124, 108, 59, 95, 143, 142, 79, 101, 91, 130, 81, 117, 126, 82, 100, 141, 150, 44, 80, 148, 136, 134, 139, 135, 125, 103, 131, 97]);
% time elapsed: 1.77 s
----------
%%%mzn-stat: initTime=0.023760355
%%%mzn-stat: objective=367
%%%mzn-stat: nodes=429803
%%%mzn-stat: restarts=0
%%%mzn-stat: peakDepth=1230
%%%mzn-stat: solveTime=1799.703301798
%%%mzn-stat: variables=1806
%%%mzn-stat: propagators=1455
%%%mzn-stat: failures=421080
%%%mzn-stat: propagations=16539288
%%%mzn-stat: nogoods=421080
%%%mzn-stat: numAtomicConstraintsPropagated=0
%%%mzn-stat: circuitNumber1PropagationsTotal=3569000
%%%mzn-stat: circuitNumber1CircuitConflicts=419927
%%%mzn-stat: circuitNumber1AlldiffConflicts=114
%%%mzn-stat: circuitNumber1TotalFixedEdgesAtConflict=40771471
%%%mzn-stat: circuitNumber1NumberOfConflicts=420041
%%%mzn-stat: circuitNumber1GacPrunings=6825975
%%%mzn-stat: circuitNumber1PropagationsThatGacPruned=2020052
%%%mzn-stat: circuitNumber1TotalPruningHallSetSize=24504361
%%%mzn-stat: circuitNumber1NumberOfPruningExplanations=6825975
%%%mzn-stat: circuitNumber1MaxPruningHallSetSize=110
%%%mzn-stat: circuitNumber1TotalSccSizeAtPruning=10044838
%%%mzn-stat: circuitNumber1NumberOfSccPruningCalls=2020052
%%%mzn-stat: circuitNumber1TotalVarsInvolvedInPruning=5839489
%%%mzn-stat: circuitNumber1MaxValuesPrunedFromSingleVar=6
%%%mzn-stat: circuitNumber1HallCircuitChecks=19697781
%%%mzn-stat: circuitNumber1HallCircuitPrunings=450514
%%%mzn-stat: circuitNumber1CircuitPreventPrunings=2137194
%%%mzn-stat: AverageConflictSize=12.951690890092143
%%%mzn-stat: NumUnitNogoodsLearned=0
%%%mzn-stat: AverageLearnedNogoodLength=82.58995677780945
%%%mzn-stat: AverageBacktrackAmount=0
%%%mzn-stat: AverageLbd=68.74974351667142
%%%mzn-stat: 2AutonomousSearchNumBackupCalled=5490
%%%mzn-stat: 2AutonomousSearchNumPredicatesRemoved=0
%%%mzn-stat: 2AutonomousSearchNumCalls=5495
%%%mzn-stat: 2AutonomousSearchNumPredicatesAdded=14683
%%%mzn-stat: 2AutonomousSearchAverageSizeOfHeap=3.8771610555050047
%%%mzn-stat: 2AutonomousSearchNumAssignedPredicatesEncountered=21305
%%%mzn-stat-end
