%%%mzn-stat: initTime=0.013563035
%%%mzn-stat: objective=393
%%%mzn-stat: nodes=93094
%%%mzn-stat: restarts=56
%%%mzn-stat: peakDepth=791
%%%mzn-stat: solveTime=53.286393418
%%%mzn-stat: variables=1365
%%%mzn-stat: propagators=1045
%%%mzn-stat: failures=80255
%%%mzn-stat: propagations=2167312
%%%mzn-stat: nogoods=80255
%%%mzn-stat: AverageConflictSize=40.98610678462401
%%%mzn-stat: NumUnitNogoodsLearned=190
%%%mzn-stat: AverageLearnedNogoodLength=72.18671733848359
%%%mzn-stat: AverageBacktrackAmount=0
%%%mzn-stat: AverageLbd=33.19891595539219
%%%mzn-stat-end
maxleg = 393;
succ = array1d(1..100,[66, 12, 49, 74, 94, 64, 89, 73, 35, 81, 86, 58, 20, 79, 82, 24, 93, 2, 36, 30, 14, 51, 59, 100, 77, 71, 90, 97, 84, 8, 25, 7, 88, 44, 27, 31, 26, 53, 41, 50, 43, 19, 37, 76, 28, 96, 61, 22, 54, 78, 83, 10, 95, 17, 68, 85, 80, 6, 21, 40, 15, 69, 29, 39, 3, 18, 45, 11, 60, 67, 34, 91, 72, 48, 46, 23, 9, 98, 33, 4, 62, 38, 70, 55, 57, 56, 92, 52, 47, 87, 65, 63, 32, 13, 16, 42, 99, 5, 1, 75]);
% time elapsed: 54.99 s
----------
%%%mzn-stat: initTime=0.013563035
%%%mzn-stat: objective=216
%%%mzn-stat: nodes=94276
%%%mzn-stat: restarts=57
%%%mzn-stat: peakDepth=829
%%%mzn-stat: solveTime=53.356135412
%%%mzn-stat: variables=1365
%%%mzn-stat: propagators=1045
%%%mzn-stat: failures=80290
%%%mzn-stat: propagations=2172095
%%%mzn-stat: nogoods=80290
%%%mzn-stat: AverageConflictSize=40.980707435546144
%%%mzn-stat: NumUnitNogoodsLearned=190
%%%mzn-stat: AverageLearnedNogoodLength=72.1807946195043
%%%mzn-stat: AverageBacktrackAmount=0
%%%mzn-stat: AverageLbd=33.199987545148836
%%%mzn-stat-end
maxleg = 216;
succ = array1d(1..100,[66, 12, 49, 74, 94, 64, 89, 73, 35, 81, 86, 58, 20, 79, 82, 24, 93, 2, 36, 30, 14, 51, 59, 100, 77, 71, 90, 97, 84, 8, 25, 7, 88, 44, 27, 31, 26, 32, 41, 50, 43, 19, 37, 76, 28, 96, 98, 22, 54, 78, 83, 69, 95, 17, 68, 92, 85, 6, 10, 40, 15, 21, 29, 39, 3, 18, 45, 11, 60, 67, 34, 91, 72, 48, 46, 23, 9, 61, 33, 57, 62, 38, 70, 55, 56, 53, 99, 52, 47, 87, 65, 63, 4, 13, 16, 42, 80, 5, 1, 75]);
% time elapsed: 55.05 s
----------
%%%mzn-stat: initTime=0.013563035
%%%mzn-stat: objective=191
%%%mzn-stat: nodes=95058
%%%mzn-stat: restarts=57
%%%mzn-stat: peakDepth=829
%%%mzn-stat: solveTime=53.375400897
%%%mzn-stat: variables=1365
%%%mzn-stat: propagators=1045
%%%mzn-stat: failures=80290
%%%mzn-stat: propagations=2174208
%%%mzn-stat: nogoods=80290
%%%mzn-stat: AverageConflictSize=40.980707435546144
%%%mzn-stat: NumUnitNogoodsLearned=190
%%%mzn-stat: AverageLearnedNogoodLength=72.1807946195043
%%%mzn-stat: AverageBacktrackAmount=0
%%%mzn-stat: AverageLbd=33.199987545148836
%%%mzn-stat-end
maxleg = 191;
succ = array1d(1..100,[66, 12, 49, 74, 94, 43, 89, 73, 25, 69, 86, 58, 20, 21, 82, 24, 93, 2, 36, 72, 10, 51, 35, 100, 76, 64, 90, 97, 84, 5, 81, 7, 60, 44, 27, 59, 26, 32, 41, 50, 6, 19, 37, 77, 28, 96, 98, 22, 54, 78, 83, 79, 95, 17, 68, 87, 85, 39, 31, 40, 15, 14, 29, 71, 3, 18, 45, 11, 88, 67, 34, 91, 30, 48, 46, 23, 9, 61, 33, 57, 62, 38, 70, 55, 56, 53, 99, 52, 47, 92, 65, 63, 4, 13, 16, 42, 80, 8, 1, 75]);
% time elapsed: 55.07 s
----------
==========
% time elapsed: 55.09 s
%%%mzn-stat: initTime=0.013563035
%%%mzn-stat: objective=191
%%%mzn-stat: nodes=95058
%%%mzn-stat: restarts=57
%%%mzn-stat: peakDepth=829
%%%mzn-stat: solveTime=53.375405248
%%%mzn-stat: variables=1365
%%%mzn-stat: propagators=1045
%%%mzn-stat: failures=80290
%%%mzn-stat: propagations=2174208
%%%mzn-stat: nogoods=80290
%%%mzn-stat: AverageConflictSize=40.980707435546144
%%%mzn-stat: NumUnitNogoodsLearned=190
%%%mzn-stat: AverageLearnedNogoodLength=72.1807946195043
%%%mzn-stat: AverageBacktrackAmount=0
%%%mzn-stat: AverageLbd=33.199987545148836
%%%mzn-stat-end
