%%%mzn-stat: initTime=0.006010998
%%%mzn-stat: objective=259
%%%mzn-stat: nodes=998
%%%mzn-stat: restarts=0
%%%mzn-stat: peakDepth=362
%%%mzn-stat: solveTime=0.066559878
%%%mzn-stat: variables=832
%%%mzn-stat: propagators=592
%%%mzn-stat: failures=372
%%%mzn-stat: propagations=76911
%%%mzn-stat: nogoods=372
%%%mzn-stat: AverageConflictSize=3.3306451612903225
%%%mzn-stat: NumUnitNogoodsLearned=258
%%%mzn-stat: AverageLearnedNogoodLength=12.067204301075268
%%%mzn-stat: AverageBacktrackAmount=0
%%%mzn-stat: AverageLbd=3.0618279569892475
%%%mzn-stat-end
maxleg = 259;
succ = array1d(1..50,[28, 37, 1, 8, 24, 22, 27, 15, 16, 2, 38, 11, 34, 45, 10, 41, 18, 30, 43, 46, 26, 36, 20, 4, 21, 47, 35, 39, 33, 5, 29, 50, 7, 12, 19, 3, 31, 6, 40, 42, 25, 9, 32, 14, 23, 48, 44, 17, 13, 49]);
% time elapsed: 1.64 s
----------
==========
% time elapsed: 1.64 s
%%%mzn-stat: initTime=0.006010998
%%%mzn-stat: objective=259
%%%mzn-stat: nodes=998
%%%mzn-stat: restarts=0
%%%mzn-stat: peakDepth=362
%%%mzn-stat: solveTime=0.066563409
%%%mzn-stat: variables=832
%%%mzn-stat: propagators=592
%%%mzn-stat: failures=372
%%%mzn-stat: propagations=76911
%%%mzn-stat: nogoods=372
%%%mzn-stat: AverageConflictSize=3.3306451612903225
%%%mzn-stat: NumUnitNogoodsLearned=258
%%%mzn-stat: AverageLearnedNogoodLength=12.067204301075268
%%%mzn-stat: AverageBacktrackAmount=0
%%%mzn-stat: AverageLbd=3.0618279569892475
%%%mzn-stat-end
