%%%mzn-stat: initTime=0.003262412
%%%mzn-stat: objective=356
%%%mzn-stat: nodes=981
%%%mzn-stat: restarts=0
%%%mzn-stat: peakDepth=108
%%%mzn-stat: solveTime=0.036680365
%%%mzn-stat: variables=300
%%%mzn-stat: propagators=197
%%%mzn-stat: failures=435
%%%mzn-stat: propagations=55178
%%%mzn-stat: nogoods=435
%%%mzn-stat: AverageConflictSize=7.55632183908046
%%%mzn-stat: NumUnitNogoodsLearned=355
%%%mzn-stat: AverageLearnedNogoodLength=2.668965517241379
%%%mzn-stat: AverageBacktrackAmount=0
%%%mzn-stat: AverageLbd=1.8620689655172413
%%%mzn-stat-end
maxleg = 356;
succ = array1d(1..20,[15, 14, 13, 12, 17, 5, 2, 9, 11, 4, 10, 3, 16, 1, 20, 7, 18, 8, 6, 19]);
% time elapsed: 1.91 s
----------
==========
% time elapsed: 1.91 s
%%%mzn-stat: initTime=0.003262412
%%%mzn-stat: objective=356
%%%mzn-stat: nodes=981
%%%mzn-stat: restarts=0
%%%mzn-stat: peakDepth=108
%%%mzn-stat: solveTime=0.036683919
%%%mzn-stat: variables=300
%%%mzn-stat: propagators=197
%%%mzn-stat: failures=435
%%%mzn-stat: propagations=55178
%%%mzn-stat: nogoods=435
%%%mzn-stat: AverageConflictSize=7.55632183908046
%%%mzn-stat: NumUnitNogoodsLearned=355
%%%mzn-stat: AverageLearnedNogoodLength=2.668965517241379
%%%mzn-stat: AverageBacktrackAmount=0
%%%mzn-stat: AverageLbd=1.8620689655172413
%%%mzn-stat-end
