% Logging successfully configured
%%%mzn-stat: initTime=0.059305957
%%%mzn-stat: objective=386
%%%mzn-stat: nodes=2005
%%%mzn-stat: restarts=0
%%%mzn-stat: peakDepth=1662
%%%mzn-stat: solveTime=0.033951614
%%%mzn-stat: variables=2505
%%%mzn-stat: propagators=7010
%%%mzn-stat: failures=129
%%%mzn-stat: propagations=116737
%%%mzn-stat: nogoods=129
%%%mzn-stat: numAtomicConstraintsPropagated=0
%%%mzn-stat: circuitNumber4951PropagationsThatFoundConflict=20
%%%mzn-stat: circuitNumber4951TotalFixedEdgesAtConflict=1753
%%%mzn-stat: circuitNumber4951NumberOfConflicts=20
%%%mzn-stat: circuitNumber4951PropagationsThatPruned=120
%%%mzn-stat: circuitNumber4951PropagationsTotal=523
%%%mzn-stat: AverageConflictSize=4.674418604651163
%%%mzn-stat: NumUnitNogoodsLearned=0
%%%mzn-stat: AverageLearnedNogoodLength=11.062015503875969
%%%mzn-stat: AverageBacktrackAmount=0
%%%mzn-stat: AverageLbd=6.5271317829457365
%%%mzn-stat: 2AutonomousSearchNumBackupCalled=1583
%%%mzn-stat: 2AutonomousSearchNumPredicatesRemoved=0
%%%mzn-stat: 2AutonomousSearchNumCalls=1584
%%%mzn-stat: 2AutonomousSearchNumPredicatesAdded=654
%%%mzn-stat: 2AutonomousSearchAverageSizeOfHeap=0.4128787878787879
%%%mzn-stat: 2AutonomousSearchNumAssignedPredicatesEncountered=654
%%%mzn-stat-end
maxleg = 386;
succ = array1d(1..100,[2, 3, 7, 1, 4, 21, 10, 15, 14, 9, 23, 27, 22, 11, 19, 5, 18, 25, 20, 29, 12, 8, 24, 26, 30, 38, 28, 39, 32, 42, 6, 36, 31, 33, 16, 37, 48, 59, 41, 13, 40, 63, 35, 34, 54, 44, 43, 71, 17, 47, 50, 51, 55, 57, 64, 52, 65, 46, 73, 56, 60, 49, 45, 67, 58, 75, 69, 53, 72, 62, 78, 98, 83, 90, 81, 88, 61, 97, 77, 93, 80, 74, 84, 70, 68, 66, 91, 89, 87, 85, 94, 86, 95, 99, 100, 82, 76, 92, 96, 79]);
% time elapsed: 8.63 s
----------
%%%mzn-stat: initTime=0.059305957
%%%mzn-stat: objective=380
%%%mzn-stat: nodes=3828
%%%mzn-stat: restarts=0
%%%mzn-stat: peakDepth=1662
%%%mzn-stat: solveTime=0.052163737
%%%mzn-stat: variables=2505
%%%mzn-stat: propagators=7010
%%%mzn-stat: failures=184
%%%mzn-stat: propagations=178654
%%%mzn-stat: nogoods=184
%%%mzn-stat: numAtomicConstraintsPropagated=0
%%%mzn-stat: circuitNumber4951PropagationsThatFoundConflict=35
%%%mzn-stat: circuitNumber4951TotalFixedEdgesAtConflict=3102
%%%mzn-stat: circuitNumber4951NumberOfConflicts=35
%%%mzn-stat: circuitNumber4951PropagationsThatPruned=158
%%%mzn-stat: circuitNumber4951PropagationsTotal=812
%%%mzn-stat: AverageConflictSize=4.804347826086956
%%%mzn-stat: NumUnitNogoodsLearned=0
%%%mzn-stat: AverageLearnedNogoodLength=11.396739130434783
%%%mzn-stat: AverageBacktrackAmount=0
%%%mzn-stat: AverageLbd=6.559782608695652
%%%mzn-stat: 2AutonomousSearchNumBackupCalled=3144
%%%mzn-stat: 2AutonomousSearchNumPredicatesRemoved=0
%%%mzn-stat: 2AutonomousSearchNumCalls=3146
%%%mzn-stat: 2AutonomousSearchNumPredicatesAdded=1397
%%%mzn-stat: 2AutonomousSearchAverageSizeOfHeap=0.486013986013986
%%%mzn-stat: 2AutonomousSearchNumAssignedPredicatesEncountered=1529
%%%mzn-stat-end
maxleg = 380;
succ = array1d(1..100,[2, 3, 7, 1, 4, 21, 10, 15, 14, 9, 23, 27, 22, 11, 19, 5, 18, 25, 20, 29, 12, 8, 24, 26, 30, 49, 28, 39, 32, 38, 6, 36, 31, 33, 16, 37, 42, 48, 41, 13, 40, 59, 35, 34, 54, 44, 43, 63, 17, 47, 50, 51, 55, 57, 64, 52, 65, 46, 71, 56, 60, 68, 45, 67, 58, 75, 69, 53, 72, 62, 73, 82, 76, 90, 81, 97, 61, 83, 77, 93, 85, 96, 84, 70, 80, 66, 89, 74, 88, 98, 87, 86, 95, 91, 100, 99, 78, 92, 94, 79]);
% time elapsed: 8.66 s
----------
%%%mzn-stat: initTime=0.059305957
%%%mzn-stat: objective=350
%%%mzn-stat: nodes=5446
%%%mzn-stat: restarts=0
%%%mzn-stat: peakDepth=1662
%%%mzn-stat: solveTime=0.056866251
%%%mzn-stat: variables=2505
%%%mzn-stat: propagators=7010
%%%mzn-stat: failures=184
%%%mzn-stat: propagations=191804
%%%mzn-stat: nogoods=184
%%%mzn-stat: numAtomicConstraintsPropagated=0
%%%mzn-stat: circuitNumber4951PropagationsThatFoundConflict=35
%%%mzn-stat: circuitNumber4951TotalFixedEdgesAtConflict=3102
%%%mzn-stat: circuitNumber4951NumberOfConflicts=35
%%%mzn-stat: circuitNumber4951PropagationsThatPruned=160
%%%mzn-stat: circuitNumber4951PropagationsTotal=895
%%%mzn-stat: AverageConflictSize=4.804347826086956
%%%mzn-stat: NumUnitNogoodsLearned=0
%%%mzn-stat: AverageLearnedNogoodLength=11.396739130434783
%%%mzn-stat: AverageBacktrackAmount=0
%%%mzn-stat: AverageLbd=6.559782608695652
%%%mzn-stat: 2AutonomousSearchNumBackupCalled=4681
%%%mzn-stat: 2AutonomousSearchNumPredicatesRemoved=0
%%%mzn-stat: 2AutonomousSearchNumCalls=4684
%%%mzn-stat: 2AutonomousSearchNumPredicatesAdded=1397
%%%mzn-stat: 2AutonomousSearchAverageSizeOfHeap=0.5132365499573015
%%%mzn-stat: 2AutonomousSearchNumAssignedPredicatesEncountered=2404
%%%mzn-stat-end
maxleg = 350;
succ = array1d(1..100,[2, 3, 7, 1, 4, 21, 10, 15, 14, 9, 24, 27, 22, 11, 19, 5, 18, 23, 20, 29, 12, 8, 25, 26, 30, 49, 28, 39, 32, 38, 6, 36, 31, 33, 16, 37, 42, 48, 41, 13, 40, 59, 35, 34, 54, 44, 43, 63, 17, 47, 50, 51, 55, 57, 64, 52, 65, 46, 71, 56, 60, 68, 45, 67, 58, 75, 69, 53, 72, 62, 73, 82, 76, 90, 81, 97, 61, 83, 77, 93, 85, 96, 84, 70, 80, 66, 89, 74, 88, 98, 87, 86, 95, 91, 100, 99, 78, 92, 94, 79]);
% time elapsed: 8.67 s
----------
%%%mzn-stat: initTime=0.059305957
%%%mzn-stat: objective=339
%%%mzn-stat: nodes=7285
%%%mzn-stat: restarts=0
%%%mzn-stat: peakDepth=1662
%%%mzn-stat: solveTime=0.083510495
%%%mzn-stat: variables=2505
%%%mzn-stat: propagators=7010
%%%mzn-stat: failures=266
%%%mzn-stat: propagations=270013
%%%mzn-stat: nogoods=266
%%%mzn-stat: numAtomicConstraintsPropagated=0
%%%mzn-stat: circuitNumber4951PropagationsThatFoundConflict=43
%%%mzn-stat: circuitNumber4951TotalFixedEdgesAtConflict=3830
%%%mzn-stat: circuitNumber4951NumberOfConflicts=43
%%%mzn-stat: circuitNumber4951PropagationsThatPruned=208
%%%mzn-stat: circuitNumber4951PropagationsTotal=1255
%%%mzn-stat: AverageConflictSize=5.69172932330827
%%%mzn-stat: NumUnitNogoodsLearned=0
%%%mzn-stat: AverageLearnedNogoodLength=12.68421052631579
%%%mzn-stat: AverageBacktrackAmount=0
%%%mzn-stat: AverageLbd=6.7819548872180455
%%%mzn-stat: 2AutonomousSearchNumBackupCalled=6196
%%%mzn-stat: 2AutonomousSearchNumPredicatesRemoved=0
%%%mzn-stat: 2AutonomousSearchNumCalls=6200
%%%mzn-stat: 2AutonomousSearchNumPredicatesAdded=2255
%%%mzn-stat: 2AutonomousSearchAverageSizeOfHeap=0.5688709677419355
%%%mzn-stat: 2AutonomousSearchNumAssignedPredicatesEncountered=3527
%%%mzn-stat-end
maxleg = 339;
succ = array1d(1..100,[2, 3, 7, 1, 4, 21, 10, 15, 14, 9, 24, 27, 22, 11, 19, 5, 18, 23, 20, 29, 12, 8, 25, 26, 30, 49, 28, 39, 32, 38, 6, 36, 31, 33, 16, 37, 42, 48, 41, 13, 40, 59, 35, 34, 54, 44, 43, 63, 17, 47, 50, 51, 55, 57, 64, 52, 65, 46, 71, 56, 60, 68, 45, 67, 58, 75, 69, 53, 72, 62, 78, 82, 76, 90, 81, 88, 61, 97, 77, 93, 85, 96, 84, 70, 80, 66, 89, 74, 73, 98, 87, 86, 95, 91, 100, 99, 83, 92, 94, 79]);
% time elapsed: 8.69 s
----------
%%%mzn-stat: initTime=0.059305957
%%%mzn-stat: objective=328
%%%mzn-stat: nodes=8956
%%%mzn-stat: restarts=0
%%%mzn-stat: peakDepth=1662
%%%mzn-stat: solveTime=0.110593797
%%%mzn-stat: variables=2505
%%%mzn-stat: propagators=7010
%%%mzn-stat: failures=298
%%%mzn-stat: propagations=306554
%%%mzn-stat: nogoods=298
%%%mzn-stat: numAtomicConstraintsPropagated=0
%%%mzn-stat: circuitNumber4951PropagationsThatFoundConflict=66
%%%mzn-stat: circuitNumber4951TotalFixedEdgesAtConflict=6002
%%%mzn-stat: circuitNumber4951NumberOfConflicts=66
%%%mzn-stat: circuitNumber4951PropagationsThatPruned=227
%%%mzn-stat: circuitNumber4951PropagationsTotal=1429
%%%mzn-stat: AverageConflictSize=11.302013422818792
%%%mzn-stat: NumUnitNogoodsLearned=0
%%%mzn-stat: AverageLearnedNogoodLength=17.721476510067113
%%%mzn-stat: AverageBacktrackAmount=0
%%%mzn-stat: AverageLbd=11.476510067114093
%%%mzn-stat: 2AutonomousSearchNumBackupCalled=7725
%%%mzn-stat: 2AutonomousSearchNumPredicatesRemoved=0
%%%mzn-stat: 2AutonomousSearchNumCalls=7730
%%%mzn-stat: 2AutonomousSearchNumPredicatesAdded=3171
%%%mzn-stat: 2AutonomousSearchAverageSizeOfHeap=0.6346701164294954
%%%mzn-stat: 2AutonomousSearchNumAssignedPredicatesEncountered=4906
%%%mzn-stat-end
maxleg = 328;
succ = array1d(1..100,[2, 3, 7, 1, 4, 21, 10, 15, 14, 9, 24, 27, 22, 11, 19, 5, 18, 23, 20, 29, 12, 8, 25, 26, 30, 49, 28, 39, 32, 42, 6, 36, 31, 33, 16, 37, 48, 59, 41, 13, 40, 38, 35, 34, 54, 44, 43, 63, 17, 47, 50, 51, 55, 57, 64, 52, 65, 46, 71, 56, 60, 68, 45, 67, 72, 75, 58, 53, 86, 62, 78, 69, 76, 82, 92, 88, 61, 97, 77, 93, 85, 96, 84, 70, 66, 81, 89, 80, 73, 74, 87, 98, 95, 91, 100, 99, 83, 90, 94, 79]);
% time elapsed: 8.73 s
----------
%%%mzn-stat: initTime=0.059305957
%%%mzn-stat: objective=320
%%%mzn-stat: nodes=13393
%%%mzn-stat: restarts=0
%%%mzn-stat: peakDepth=1662
%%%mzn-stat: solveTime=1.442292873
%%%mzn-stat: variables=2505
%%%mzn-stat: propagators=7010
%%%mzn-stat: failures=2854
%%%mzn-stat: propagations=1453351
%%%mzn-stat: nogoods=2854
%%%mzn-stat: numAtomicConstraintsPropagated=0
%%%mzn-stat: circuitNumber4951PropagationsThatFoundConflict=2537
%%%mzn-stat: circuitNumber4951TotalFixedEdgesAtConflict=245530
%%%mzn-stat: circuitNumber4951NumberOfConflicts=2537
%%%mzn-stat: circuitNumber4951PropagationsThatPruned=762
%%%mzn-stat: circuitNumber4951PropagationsTotal=6607
%%%mzn-stat: AverageConflictSize=49.480378416257885
%%%mzn-stat: NumUnitNogoodsLearned=0
%%%mzn-stat: AverageLearnedNogoodLength=49.11282410651717
%%%mzn-stat: AverageBacktrackAmount=0
%%%mzn-stat: AverageLbd=39.53293622985284
%%%mzn-stat: 2AutonomousSearchNumBackupCalled=9230
%%%mzn-stat: 2AutonomousSearchNumPredicatesRemoved=0
%%%mzn-stat: 2AutonomousSearchNumCalls=9236
%%%mzn-stat: 2AutonomousSearchNumPredicatesAdded=4226
%%%mzn-stat: 2AutonomousSearchAverageSizeOfHeap=0.7005197055002166
%%%mzn-stat: 2AutonomousSearchNumAssignedPredicatesEncountered=6470
%%%mzn-stat-end
maxleg = 320;
succ = array1d(1..100,[2, 3, 7, 1, 4, 21, 10, 15, 14, 9, 24, 27, 22, 11, 19, 5, 18, 23, 20, 29, 12, 32, 25, 26, 30, 49, 28, 39, 13, 42, 6, 36, 31, 33, 16, 37, 48, 59, 41, 34, 53, 38, 35, 46, 8, 58, 43, 63, 17, 47, 50, 51, 55, 45, 64, 52, 54, 65, 71, 56, 60, 68, 73, 67, 57, 75, 44, 70, 72, 93, 78, 40, 83, 88, 69, 89, 61, 97, 77, 81, 85, 74, 84, 62, 90, 66, 91, 80, 87, 98, 94, 86, 95, 99, 100, 82, 76, 92, 96, 79]);
% time elapsed: 10.06 s
----------
%%%mzn-stat: initTime=0.059305957
%%%mzn-stat: objective=319
%%%mzn-stat: nodes=26986
%%%mzn-stat: restarts=0
%%%mzn-stat: peakDepth=1662
%%%mzn-stat: solveTime=7.117159938
%%%mzn-stat: variables=2505
%%%mzn-stat: propagators=7010
%%%mzn-stat: failures=13272
%%%mzn-stat: propagations=6615120
%%%mzn-stat: nogoods=13272
%%%mzn-stat: numAtomicConstraintsPropagated=0
%%%mzn-stat: circuitNumber4951PropagationsThatFoundConflict=12448
%%%mzn-stat: circuitNumber4951TotalFixedEdgesAtConflict=1205781
%%%mzn-stat: circuitNumber4951NumberOfConflicts=12448
%%%mzn-stat: circuitNumber4951PropagationsThatPruned=3823
%%%mzn-stat: circuitNumber4951PropagationsTotal=28914
%%%mzn-stat: AverageConflictSize=53.6798523206751
%%%mzn-stat: NumUnitNogoodsLearned=0
%%%mzn-stat: AverageLearnedNogoodLength=53.34282700421941
%%%mzn-stat: AverageBacktrackAmount=0
%%%mzn-stat: AverageLbd=42.27878239903556
%%%mzn-stat: 2AutonomousSearchNumBackupCalled=10712
%%%mzn-stat: 2AutonomousSearchNumPredicatesRemoved=0
%%%mzn-stat: 2AutonomousSearchNumCalls=10719
%%%mzn-stat: 2AutonomousSearchNumPredicatesAdded=6151
%%%mzn-stat: 2AutonomousSearchAverageSizeOfHeap=0.7958764810150201
%%%mzn-stat: 2AutonomousSearchNumAssignedPredicatesEncountered=8531
%%%mzn-stat-end
maxleg = 319;
succ = array1d(1..100,[2, 3, 7, 1, 4, 21, 10, 15, 14, 9, 24, 27, 22, 11, 19, 5, 18, 23, 20, 29, 12, 32, 25, 26, 30, 49, 28, 39, 13, 42, 6, 36, 31, 33, 16, 37, 48, 59, 41, 34, 53, 38, 35, 46, 8, 58, 43, 63, 17, 47, 50, 51, 55, 45, 64, 52, 54, 65, 71, 56, 60, 68, 73, 67, 57, 75, 44, 70, 72, 95, 78, 40, 83, 88, 86, 89, 66, 84, 61, 93, 85, 74, 97, 62, 90, 81, 91, 80, 87, 98, 94, 69, 100, 99, 77, 82, 76, 92, 96, 79]);
% time elapsed: 15.75 s
----------
%%%mzn-stat: initTime=0.059305957
%%%mzn-stat: objective=317
%%%mzn-stat: nodes=28579
%%%mzn-stat: restarts=0
%%%mzn-stat: peakDepth=1662
%%%mzn-stat: solveTime=7.123277381
%%%mzn-stat: variables=2505
%%%mzn-stat: propagators=7010
%%%mzn-stat: failures=13279
%%%mzn-stat: propagations=6631252
%%%mzn-stat: nogoods=13279
%%%mzn-stat: numAtomicConstraintsPropagated=0
%%%mzn-stat: circuitNumber4951PropagationsThatFoundConflict=12452
%%%mzn-stat: circuitNumber4951TotalFixedEdgesAtConflict=1206148
%%%mzn-stat: circuitNumber4951NumberOfConflicts=12452
%%%mzn-stat: circuitNumber4951PropagationsThatPruned=3831
%%%mzn-stat: circuitNumber4951PropagationsTotal=29014
%%%mzn-stat: AverageConflictSize=53.65321183824083
%%%mzn-stat: NumUnitNogoodsLearned=0
%%%mzn-stat: AverageLearnedNogoodLength=53.32201219971383
%%%mzn-stat: AverageBacktrackAmount=0
%%%mzn-stat: AverageLbd=42.261088937419984
%%%mzn-stat: 2AutonomousSearchNumBackupCalled=12215
%%%mzn-stat: 2AutonomousSearchNumPredicatesRemoved=0
%%%mzn-stat: 2AutonomousSearchNumCalls=12223
%%%mzn-stat: 2AutonomousSearchNumPredicatesAdded=6384
%%%mzn-stat: 2AutonomousSearchAverageSizeOfHeap=0.866563036897652
%%%mzn-stat: 2AutonomousSearchNumAssignedPredicatesEncountered=10592
%%%mzn-stat-end
maxleg = 317;
succ = array1d(1..100,[2, 3, 7, 1, 4, 21, 10, 15, 14, 9, 24, 27, 22, 11, 19, 5, 18, 23, 20, 29, 12, 32, 25, 26, 30, 49, 28, 39, 13, 42, 6, 36, 31, 33, 16, 37, 48, 59, 41, 34, 53, 38, 35, 46, 8, 58, 43, 63, 17, 47, 50, 51, 55, 45, 64, 52, 54, 65, 71, 56, 60, 68, 73, 67, 57, 75, 44, 70, 72, 95, 78, 40, 83, 90, 86, 88, 66, 84, 61, 93, 80, 74, 97, 62, 81, 92, 91, 89, 87, 85, 94, 98, 100, 99, 77, 82, 76, 69, 96, 79]);
% time elapsed: 15.76 s
----------
%%%mzn-stat: initTime=0.059305957
%%%mzn-stat: objective=312
%%%mzn-stat: nodes=30365
%%%mzn-stat: restarts=0
%%%mzn-stat: peakDepth=1662
%%%mzn-stat: solveTime=7.2200244829999995
%%%mzn-stat: variables=2505
%%%mzn-stat: propagators=7010
%%%mzn-stat: failures=13432
%%%mzn-stat: propagations=6746999
%%%mzn-stat: nogoods=13432
%%%mzn-stat: numAtomicConstraintsPropagated=0
%%%mzn-stat: circuitNumber4951PropagationsThatFoundConflict=12483
%%%mzn-stat: circuitNumber4951TotalFixedEdgesAtConflict=1208883
%%%mzn-stat: circuitNumber4951NumberOfConflicts=12483
%%%mzn-stat: circuitNumber4951PropagationsThatPruned=3863
%%%mzn-stat: circuitNumber4951PropagationsTotal=29304
%%%mzn-stat: AverageConflictSize=53.37008636092912
%%%mzn-stat: NumUnitNogoodsLearned=0
%%%mzn-stat: AverageLearnedNogoodLength=53.49277843954735
%%%mzn-stat: AverageBacktrackAmount=0
%%%mzn-stat: AverageLbd=42.298019654556285
%%%mzn-stat: 2AutonomousSearchNumBackupCalled=13723
%%%mzn-stat: 2AutonomousSearchNumPredicatesRemoved=0
%%%mzn-stat: 2AutonomousSearchNumCalls=13732
%%%mzn-stat: 2AutonomousSearchNumPredicatesAdded=7980
%%%mzn-stat: 2AutonomousSearchAverageSizeOfHeap=0.9227352170113603
%%%mzn-stat: 2AutonomousSearchNumAssignedPredicatesEncountered=12671
%%%mzn-stat-end
maxleg = 312;
succ = array1d(1..100,[2, 3, 7, 1, 16, 21, 10, 15, 14, 9, 24, 27, 22, 11, 19, 4, 18, 23, 20, 29, 12, 32, 25, 26, 30, 49, 28, 39, 13, 42, 6, 36, 31, 33, 5, 37, 48, 59, 41, 34, 53, 38, 35, 46, 8, 58, 43, 63, 17, 47, 50, 51, 55, 45, 64, 52, 54, 65, 71, 56, 60, 68, 73, 67, 57, 75, 44, 70, 72, 95, 78, 40, 83, 90, 86, 88, 66, 84, 61, 93, 80, 74, 97, 62, 81, 92, 91, 89, 87, 85, 94, 98, 100, 99, 77, 82, 76, 69, 96, 79]);
% time elapsed: 15.85 s
----------
%%%mzn-stat: initTime=0.059305957
%%%mzn-stat: objective=311
%%%mzn-stat: nodes=31925
%%%mzn-stat: restarts=0
%%%mzn-stat: peakDepth=1662
%%%mzn-stat: solveTime=7.226293632
%%%mzn-stat: variables=2505
%%%mzn-stat: propagators=7010
%%%mzn-stat: failures=13432
%%%mzn-stat: propagations=6760119
%%%mzn-stat: nogoods=13432
%%%mzn-stat: numAtomicConstraintsPropagated=0
%%%mzn-stat: circuitNumber4951PropagationsThatFoundConflict=12483
%%%mzn-stat: circuitNumber4951TotalFixedEdgesAtConflict=1208883
%%%mzn-stat: circuitNumber4951NumberOfConflicts=12483
%%%mzn-stat: circuitNumber4951PropagationsThatPruned=3865
%%%mzn-stat: circuitNumber4951PropagationsTotal=29387
%%%mzn-stat: AverageConflictSize=53.37008636092912
%%%mzn-stat: NumUnitNogoodsLearned=0
%%%mzn-stat: AverageLearnedNogoodLength=53.49277843954735
%%%mzn-stat: AverageBacktrackAmount=0
%%%mzn-stat: AverageLbd=42.298019654556285
%%%mzn-stat: 2AutonomousSearchNumBackupCalled=15202
%%%mzn-stat: 2AutonomousSearchNumPredicatesRemoved=0
%%%mzn-stat: 2AutonomousSearchNumCalls=15212
%%%mzn-stat: 2AutonomousSearchNumPredicatesAdded=7980
%%%mzn-stat: 2AutonomousSearchAverageSizeOfHeap=0.969629240073626
%%%mzn-stat: 2AutonomousSearchNumAssignedPredicatesEncountered=14750
%%%mzn-stat-end
maxleg = 311;
succ = array1d(1..100,[2, 3, 7, 1, 16, 21, 10, 15, 14, 9, 24, 27, 22, 11, 19, 4, 18, 23, 20, 29, 12, 32, 25, 30, 26, 49, 28, 39, 13, 42, 6, 36, 31, 33, 5, 37, 48, 59, 41, 34, 53, 38, 35, 46, 8, 58, 43, 63, 62, 47, 50, 51, 17, 45, 40, 52, 54, 65, 71, 56, 60, 68, 73, 55, 57, 75, 44, 70, 67, 93, 84, 64, 89, 72, 69, 88, 61, 83, 77, 81, 85, 74, 97, 78, 90, 66, 91, 80, 87, 98, 94, 86, 95, 99, 100, 82, 76, 92, 96, 79]);
% time elapsed: 15.86 s
----------
%%%mzn-stat: initTime=0.059305957
%%%mzn-stat: objective=306
%%%mzn-stat: nodes=33720
%%%mzn-stat: restarts=1
%%%mzn-stat: peakDepth=1662
%%%mzn-stat: solveTime=7.265710294
%%%mzn-stat: variables=2505
%%%mzn-stat: propagators=7010
%%%mzn-stat: failures=13478
%%%mzn-stat: propagations=6808041
%%%mzn-stat: nogoods=13478
%%%mzn-stat: numAtomicConstraintsPropagated=0
%%%mzn-stat: circuitNumber4951PropagationsThatFoundConflict=12522
%%%mzn-stat: circuitNumber4951TotalFixedEdgesAtConflict=1212650
%%%mzn-stat: circuitNumber4951NumberOfConflicts=12522
%%%mzn-stat: circuitNumber4951PropagationsThatPruned=3898
%%%mzn-stat: circuitNumber4951PropagationsTotal=29640
%%%mzn-stat: AverageConflictSize=53.381510609882774
%%%mzn-stat: NumUnitNogoodsLearned=0
%%%mzn-stat: AverageLearnedNogoodLength=53.51365187713311
%%%mzn-stat: AverageBacktrackAmount=0
%%%mzn-stat: AverageLbd=42.331874165306424
%%%mzn-stat: 2AutonomousSearchNumBackupCalled=16697
%%%mzn-stat: 2AutonomousSearchNumPredicatesRemoved=0
%%%mzn-stat: 2AutonomousSearchNumCalls=16869
%%%mzn-stat: 2AutonomousSearchNumPredicatesAdded=8846
%%%mzn-stat: 2AutonomousSearchAverageSizeOfHeap=16.434406307427825
%%%mzn-stat: 2AutonomousSearchNumAssignedPredicatesEncountered=21475
%%%mzn-stat-end
maxleg = 306;
succ = array1d(1..100,[2, 3, 7, 66, 16, 28, 10, 19, 14, 17, 24, 27, 22, 11, 8, 4, 18, 23, 20, 29, 44, 32, 25, 30, 9, 49, 21, 12, 13, 26, 6, 37, 31, 33, 5, 42, 48, 59, 41, 34, 53, 38, 35, 46, 36, 58, 43, 63, 62, 47, 50, 51, 1, 45, 40, 52, 54, 65, 71, 56, 60, 68, 73, 55, 57, 75, 15, 70, 67, 93, 84, 64, 89, 72, 69, 88, 61, 83, 77, 81, 85, 74, 97, 78, 90, 39, 91, 80, 87, 98, 94, 86, 95, 99, 100, 82, 76, 92, 96, 79]);
% time elapsed: 15.92 s
----------
%%%mzn-stat: initTime=0.059305957
%%%mzn-stat: objective=284
%%%mzn-stat: nodes=35232
%%%mzn-stat: restarts=1
%%%mzn-stat: peakDepth=1662
%%%mzn-stat: solveTime=7.295842199
%%%mzn-stat: variables=2505
%%%mzn-stat: propagators=7010
%%%mzn-stat: failures=13515
%%%mzn-stat: propagations=6838208
%%%mzn-stat: nogoods=13515
%%%mzn-stat: numAtomicConstraintsPropagated=0
%%%mzn-stat: circuitNumber4951PropagationsThatFoundConflict=12559
%%%mzn-stat: circuitNumber4951TotalFixedEdgesAtConflict=1216238
%%%mzn-stat: circuitNumber4951NumberOfConflicts=12559
%%%mzn-stat: circuitNumber4951PropagationsThatPruned=3910
%%%mzn-stat: circuitNumber4951PropagationsTotal=29797
%%%mzn-stat: AverageConflictSize=53.41605623381428
%%%mzn-stat: NumUnitNogoodsLearned=0
%%%mzn-stat: AverageLearnedNogoodLength=53.54702182759896
%%%mzn-stat: AverageBacktrackAmount=0
%%%mzn-stat: AverageLbd=42.376914539400666
%%%mzn-stat: 2AutonomousSearchNumBackupCalled=18089
%%%mzn-stat: 2AutonomousSearchNumPredicatesRemoved=0
%%%mzn-stat: 2AutonomousSearchNumCalls=18262
%%%mzn-stat: 2AutonomousSearchNumPredicatesAdded=9202
%%%mzn-stat: 2AutonomousSearchAverageSizeOfHeap=15.312616361844267
%%%mzn-stat: 2AutonomousSearchNumAssignedPredicatesEncountered=23882
%%%mzn-stat-end
maxleg = 284;
succ = array1d(1..100,[2, 3, 7, 16, 35, 21, 10, 15, 14, 9, 24, 27, 22, 11, 19, 5, 1, 17, 20, 29, 12, 32, 18, 25, 26, 30, 28, 39, 13, 42, 6, 36, 31, 33, 43, 37, 23, 59, 41, 34, 53, 48, 47, 46, 8, 58, 50, 63, 62, 51, 52, 56, 55, 45, 64, 60, 54, 67, 71, 61, 77, 68, 73, 65, 44, 4, 57, 70, 72, 84, 78, 40, 89, 90, 69, 94, 79, 83, 100, 81, 85, 74, 97, 38, 66, 75, 91, 80, 88, 98, 96, 86, 49, 99, 93, 82, 76, 92, 87, 95]);
% time elapsed: 15.94 s
----------
%%%mzn-stat: initTime=0.059305957
%%%mzn-stat: objective=281
%%%mzn-stat: nodes=36817
%%%mzn-stat: restarts=1
%%%mzn-stat: peakDepth=1662
%%%mzn-stat: solveTime=7.330250647
%%%mzn-stat: variables=2505
%%%mzn-stat: propagators=7010
%%%mzn-stat: failures=13601
%%%mzn-stat: propagations=6905632
%%%mzn-stat: nogoods=13601
%%%mzn-stat: numAtomicConstraintsPropagated=0
%%%mzn-stat: circuitNumber4951PropagationsThatFoundConflict=12588
%%%mzn-stat: circuitNumber4951TotalFixedEdgesAtConflict=1218972
%%%mzn-stat: circuitNumber4951NumberOfConflicts=12588
%%%mzn-stat: circuitNumber4951PropagationsThatPruned=3928
%%%mzn-stat: circuitNumber4951PropagationsTotal=30030
%%%mzn-stat: AverageConflictSize=53.172560841114624
%%%mzn-stat: NumUnitNogoodsLearned=0
%%%mzn-stat: AverageLearnedNogoodLength=53.41658701566061
%%%mzn-stat: AverageBacktrackAmount=0
%%%mzn-stat: AverageLbd=42.229836041467536
%%%mzn-stat: 2AutonomousSearchNumBackupCalled=19468
%%%mzn-stat: 2AutonomousSearchNumPredicatesRemoved=0
%%%mzn-stat: 2AutonomousSearchNumCalls=19642
%%%mzn-stat: 2AutonomousSearchNumPredicatesAdded=10609
%%%mzn-stat: 2AutonomousSearchAverageSizeOfHeap=14.377100091640363
%%%mzn-stat: 2AutonomousSearchNumAssignedPredicatesEncountered=26638
%%%mzn-stat-end
maxleg = 281;
succ = array1d(1..100,[2, 3, 7, 16, 35, 21, 10, 15, 14, 9, 24, 27, 22, 18, 19, 5, 1, 23, 20, 29, 12, 32, 25, 30, 26, 49, 28, 39, 13, 42, 6, 36, 31, 33, 43, 37, 48, 11, 41, 34, 53, 59, 47, 46, 8, 58, 50, 63, 62, 51, 52, 56, 17, 45, 40, 60, 54, 67, 71, 61, 77, 68, 73, 55, 44, 4, 57, 80, 72, 84, 78, 64, 89, 90, 69, 94, 79, 83, 100, 81, 85, 65, 97, 38, 66, 75, 91, 74, 88, 98, 96, 86, 70, 99, 93, 82, 76, 92, 87, 95]);
% time elapsed: 15.99 s
----------
%%%mzn-stat: initTime=0.059305957
%%%mzn-stat: objective=280
%%%mzn-stat: nodes=38541
%%%mzn-stat: restarts=1
%%%mzn-stat: peakDepth=1662
%%%mzn-stat: solveTime=7.379332305
%%%mzn-stat: variables=2505
%%%mzn-stat: propagators=7010
%%%mzn-stat: failures=13717
%%%mzn-stat: propagations=7011224
%%%mzn-stat: nogoods=13717
%%%mzn-stat: numAtomicConstraintsPropagated=0
%%%mzn-stat: circuitNumber4951PropagationsThatFoundConflict=12602
%%%mzn-stat: circuitNumber4951TotalFixedEdgesAtConflict=1220232
%%%mzn-stat: circuitNumber4951NumberOfConflicts=12602
%%%mzn-stat: circuitNumber4951PropagationsThatPruned=3985
%%%mzn-stat: circuitNumber4951PropagationsTotal=30393
%%%mzn-stat: AverageConflictSize=52.77086826565576
%%%mzn-stat: NumUnitNogoodsLearned=0
%%%mzn-stat: AverageLearnedNogoodLength=53.22767368958227
%%%mzn-stat: AverageBacktrackAmount=0
%%%mzn-stat: AverageLbd=42.04374134285923
%%%mzn-stat: 2AutonomousSearchNumBackupCalled=20873
%%%mzn-stat: 2AutonomousSearchNumPredicatesRemoved=0
%%%mzn-stat: 2AutonomousSearchNumCalls=21048
%%%mzn-stat: 2AutonomousSearchNumPredicatesAdded=11800
%%%mzn-stat: 2AutonomousSearchAverageSizeOfHeap=13.557535157734701
%%%mzn-stat: 2AutonomousSearchNumAssignedPredicatesEncountered=29602
%%%mzn-stat-end
maxleg = 280;
succ = array1d(1..100,[2, 3, 7, 16, 35, 21, 10, 15, 14, 9, 24, 27, 22, 18, 19, 5, 1, 23, 20, 29, 12, 32, 25, 30, 26, 49, 28, 39, 13, 42, 6, 36, 31, 33, 43, 37, 48, 11, 41, 34, 53, 59, 47, 46, 8, 58, 50, 63, 62, 51, 52, 56, 17, 45, 40, 60, 54, 67, 71, 61, 77, 68, 73, 55, 44, 4, 64, 70, 75, 84, 78, 69, 89, 65, 86, 94, 79, 83, 100, 88, 66, 72, 97, 38, 81, 92, 57, 74, 91, 85, 96, 98, 80, 99, 93, 82, 76, 90, 87, 95]);
% time elapsed: 16.04 s
----------
%%%mzn-stat: initTime=0.059305957
%%%mzn-stat: objective=278
%%%mzn-stat: nodes=39996
%%%mzn-stat: restarts=1
%%%mzn-stat: peakDepth=1662
%%%mzn-stat: solveTime=7.38623757
%%%mzn-stat: variables=2505
%%%mzn-stat: propagators=7010
%%%mzn-stat: failures=13717
%%%mzn-stat: propagations=7024520
%%%mzn-stat: nogoods=13717
%%%mzn-stat: numAtomicConstraintsPropagated=0
%%%mzn-stat: circuitNumber4951PropagationsThatFoundConflict=12602
%%%mzn-stat: circuitNumber4951TotalFixedEdgesAtConflict=1220232
%%%mzn-stat: circuitNumber4951NumberOfConflicts=12602
%%%mzn-stat: circuitNumber4951PropagationsThatPruned=3988
%%%mzn-stat: circuitNumber4951PropagationsTotal=30472
%%%mzn-stat: AverageConflictSize=52.77086826565576
%%%mzn-stat: NumUnitNogoodsLearned=0
%%%mzn-stat: AverageLearnedNogoodLength=53.22767368958227
%%%mzn-stat: AverageBacktrackAmount=0
%%%mzn-stat: AverageLbd=42.04374134285923
%%%mzn-stat: 2AutonomousSearchNumBackupCalled=22251
%%%mzn-stat: 2AutonomousSearchNumPredicatesRemoved=0
%%%mzn-stat: 2AutonomousSearchNumCalls=22427
%%%mzn-stat: 2AutonomousSearchNumPredicatesAdded=11800
%%%mzn-stat: 2AutonomousSearchAverageSizeOfHeap=12.856066348597672
%%%mzn-stat: 2AutonomousSearchNumAssignedPredicatesEncountered=32566
%%%mzn-stat-end
maxleg = 278;
succ = array1d(1..100,[2, 3, 7, 16, 35, 21, 10, 15, 14, 9, 24, 27, 22, 18, 19, 5, 1, 23, 31, 8, 12, 29, 25, 30, 26, 49, 28, 39, 20, 42, 6, 36, 34, 40, 43, 13, 32, 11, 41, 53, 55, 37, 47, 33, 54, 44, 50, 59, 62, 51, 52, 56, 17, 57, 64, 60, 65, 46, 38, 61, 77, 68, 45, 67, 72, 4, 58, 70, 75, 84, 83, 69, 48, 82, 86, 63, 79, 71, 100, 88, 66, 96, 97, 78, 81, 92, 89, 74, 73, 85, 87, 98, 80, 91, 93, 99, 76, 90, 94, 95]);
% time elapsed: 16.05 s
----------
%%%mzn-stat: initTime=0.059305957
%%%mzn-stat: objective=277
%%%mzn-stat: nodes=42098
%%%mzn-stat: restarts=1
%%%mzn-stat: peakDepth=1662
%%%mzn-stat: solveTime=7.580169321
%%%mzn-stat: variables=2505
%%%mzn-stat: propagators=7010
%%%mzn-stat: failures=14213
%%%mzn-stat: propagations=7339672
%%%mzn-stat: nogoods=14213
%%%mzn-stat: numAtomicConstraintsPropagated=0
%%%mzn-stat: circuitNumber4951PropagationsThatFoundConflict=12621
%%%mzn-stat: circuitNumber4951TotalFixedEdgesAtConflict=1221944
%%%mzn-stat: circuitNumber4951NumberOfConflicts=12621
%%%mzn-stat: circuitNumber4951PropagationsThatPruned=4337
%%%mzn-stat: circuitNumber4951PropagationsTotal=31451
%%%mzn-stat: AverageConflictSize=51.10828115105889
%%%mzn-stat: NumUnitNogoodsLearned=0
%%%mzn-stat: AverageLearnedNogoodLength=52.74199676352635
%%%mzn-stat: AverageBacktrackAmount=0
%%%mzn-stat: AverageLbd=41.24590163934426
%%%mzn-stat: 2AutonomousSearchNumBackupCalled=23657
%%%mzn-stat: 2AutonomousSearchNumPredicatesRemoved=0
%%%mzn-stat: 2AutonomousSearchNumCalls=23834
%%%mzn-stat: 2AutonomousSearchNumPredicatesAdded=13393
%%%mzn-stat: 2AutonomousSearchAverageSizeOfHeap=12.232692791810019
%%%mzn-stat: 2AutonomousSearchNumAssignedPredicatesEncountered=35797
%%%mzn-stat-end
maxleg = 277;
succ = array1d(1..100,[2, 3, 7, 16, 35, 21, 10, 15, 14, 9, 24, 27, 22, 18, 19, 5, 1, 23, 31, 8, 12, 29, 25, 30, 26, 49, 28, 39, 20, 42, 6, 36, 34, 40, 43, 13, 32, 11, 41, 53, 55, 37, 47, 33, 54, 44, 50, 59, 62, 51, 52, 56, 17, 57, 64, 60, 65, 46, 38, 61, 77, 68, 45, 67, 72, 4, 58, 80, 75, 84, 83, 69, 63, 82, 86, 97, 79, 71, 100, 88, 66, 96, 48, 78, 81, 92, 89, 74, 76, 85, 87, 98, 70, 91, 93, 99, 73, 90, 94, 95]);
% time elapsed: 16.26 s
----------
%%%mzn-stat: initTime=0.059305957
%%%mzn-stat: objective=271
%%%mzn-stat: nodes=43561
%%%mzn-stat: restarts=1
%%%mzn-stat: peakDepth=1662
%%%mzn-stat: solveTime=7.588838896
%%%mzn-stat: variables=2505
%%%mzn-stat: propagators=7010
%%%mzn-stat: failures=14220
%%%mzn-stat: propagations=7357240
%%%mzn-stat: nogoods=14220
%%%mzn-stat: numAtomicConstraintsPropagated=0
%%%mzn-stat: circuitNumber4951PropagationsThatFoundConflict=12623
%%%mzn-stat: circuitNumber4951TotalFixedEdgesAtConflict=1222136
%%%mzn-stat: circuitNumber4951NumberOfConflicts=12623
%%%mzn-stat: circuitNumber4951PropagationsThatPruned=4343
%%%mzn-stat: circuitNumber4951PropagationsTotal=31550
%%%mzn-stat: AverageConflictSize=51.09789029535865
%%%mzn-stat: NumUnitNogoodsLearned=0
%%%mzn-stat: AverageLearnedNogoodLength=52.735583684950775
%%%mzn-stat: AverageBacktrackAmount=0
%%%mzn-stat: AverageLbd=41.23945147679325
%%%mzn-stat: 2AutonomousSearchNumBackupCalled=25027
%%%mzn-stat: 2AutonomousSearchNumPredicatesRemoved=0
%%%mzn-stat: 2AutonomousSearchNumCalls=25205
%%%mzn-stat: 2AutonomousSearchNumPredicatesAdded=13921
%%%mzn-stat: 2AutonomousSearchAverageSizeOfHeap=11.695893671890499
%%%mzn-stat: 2AutonomousSearchNumAssignedPredicatesEncountered=39038
%%%mzn-stat-end
maxleg = 271;
succ = array1d(1..100,[2, 3, 7, 16, 35, 21, 10, 15, 14, 9, 38, 27, 22, 18, 19, 5, 1, 23, 31, 8, 12, 29, 24, 25, 26, 30, 28, 39, 20, 42, 6, 36, 34, 40, 43, 13, 32, 59, 41, 53, 55, 37, 47, 33, 54, 44, 50, 63, 17, 51, 52, 56, 68, 57, 64, 60, 65, 46, 48, 61, 77, 49, 45, 67, 72, 4, 58, 70, 75, 84, 11, 69, 89, 82, 86, 97, 79, 83, 100, 81, 85, 96, 71, 78, 66, 92, 91, 80, 88, 74, 94, 98, 62, 76, 93, 99, 73, 90, 87, 95]);
% time elapsed: 16.27 s
----------
%%%mzn-stat: initTime=0.059305957
%%%mzn-stat: objective=270
%%%mzn-stat: nodes=2053065
%%%mzn-stat: restarts=1
%%%mzn-stat: peakDepth=1662
%%%mzn-stat: solveTime=909.814640258
%%%mzn-stat: variables=2505
%%%mzn-stat: propagators=7010
%%%mzn-stat: failures=1466873
%%%mzn-stat: propagations=1033621134
%%%mzn-stat: nogoods=1466873
%%%mzn-stat: numAtomicConstraintsPropagated=0
%%%mzn-stat: circuitNumber4951PropagationsThatFoundConflict=22021
%%%mzn-stat: circuitNumber4951TotalFixedEdgesAtConflict=1986426
%%%mzn-stat: circuitNumber4951NumberOfConflicts=22021
%%%mzn-stat: circuitNumber4951PropagationsThatPruned=137822
%%%mzn-stat: circuitNumber4951PropagationsTotal=1548031
%%%mzn-stat: AverageConflictSize=32.82431130711384
%%%mzn-stat: NumUnitNogoodsLearned=0
%%%mzn-stat: AverageLearnedNogoodLength=82.98466533912615
%%%mzn-stat: AverageBacktrackAmount=0
%%%mzn-stat: AverageLbd=29.050459719416747
%%%mzn-stat: 2AutonomousSearchNumBackupCalled=26407
%%%mzn-stat: 2AutonomousSearchNumPredicatesRemoved=0
%%%mzn-stat: 2AutonomousSearchNumCalls=26586
%%%mzn-stat: 2AutonomousSearchNumPredicatesAdded=17797
%%%mzn-stat: 2AutonomousSearchAverageSizeOfHeap=11.271421048672234
%%%mzn-stat: 2AutonomousSearchNumAssignedPredicatesEncountered=43905
%%%mzn-stat-end
maxleg = 270;
succ = array1d(1..100,[2, 3, 7, 16, 35, 21, 10, 15, 14, 9, 38, 27, 22, 18, 19, 5, 1, 23, 31, 8, 12, 29, 24, 25, 26, 30, 28, 39, 32, 42, 6, 36, 34, 40, 43, 37, 48, 59, 41, 13, 53, 63, 47, 33, 20, 44, 50, 73, 17, 51, 52, 56, 55, 45, 64, 60, 54, 46, 97, 61, 77, 49, 87, 65, 67, 4, 58, 62, 75, 84, 11, 69, 89, 72, 86, 88, 79, 83, 100, 68, 66, 74, 71, 78, 81, 92, 57, 80, 91, 85, 94, 98, 70, 99, 93, 82, 76, 90, 96, 95]);
% time elapsed: 918.51 s
----------
%%%mzn-stat: initTime=0.059305957
%%%mzn-stat: objective=269
%%%mzn-stat: nodes=2065485
%%%mzn-stat: restarts=1
%%%mzn-stat: peakDepth=1662
%%%mzn-stat: solveTime=914.853030547
%%%mzn-stat: variables=2505
%%%mzn-stat: propagators=7010
%%%mzn-stat: failures=1474617
%%%mzn-stat: propagations=1038454827
%%%mzn-stat: nogoods=1474617
%%%mzn-stat: numAtomicConstraintsPropagated=0
%%%mzn-stat: circuitNumber4951PropagationsThatFoundConflict=22110
%%%mzn-stat: circuitNumber4951TotalFixedEdgesAtConflict=1993696
%%%mzn-stat: circuitNumber4951NumberOfConflicts=22110
%%%mzn-stat: circuitNumber4951PropagationsThatPruned=138157
%%%mzn-stat: circuitNumber4951PropagationsTotal=1555642
%%%mzn-stat: AverageConflictSize=32.799870067956626
%%%mzn-stat: NumUnitNogoodsLearned=0
%%%mzn-stat: AverageLearnedNogoodLength=82.94076156724086
%%%mzn-stat: AverageBacktrackAmount=0
%%%mzn-stat: AverageLbd=29.042526296658725
%%%mzn-stat: 2AutonomousSearchNumBackupCalled=27786
%%%mzn-stat: 2AutonomousSearchNumPredicatesRemoved=0
%%%mzn-stat: 2AutonomousSearchNumCalls=27966
%%%mzn-stat: 2AutonomousSearchNumPredicatesAdded=20224
%%%mzn-stat: 2AutonomousSearchAverageSizeOfHeap=10.889258385182007
%%%mzn-stat: 2AutonomousSearchNumAssignedPredicatesEncountered=48772
%%%mzn-stat-end
maxleg = 269;
succ = array1d(1..100,[2, 3, 7, 16, 35, 21, 10, 15, 14, 9, 38, 27, 22, 18, 19, 5, 1, 23, 31, 8, 12, 29, 24, 25, 26, 30, 28, 39, 32, 42, 6, 36, 34, 40, 43, 37, 48, 59, 41, 13, 53, 63, 47, 33, 20, 44, 50, 73, 17, 51, 52, 56, 55, 45, 64, 60, 54, 46, 97, 61, 79, 49, 87, 65, 67, 4, 58, 62, 75, 84, 11, 69, 89, 72, 86, 88, 100, 83, 77, 68, 66, 74, 71, 78, 81, 92, 57, 80, 91, 85, 94, 98, 70, 99, 93, 82, 76, 90, 96, 95]);
% time elapsed: 923.56 s
----------
%%%mzn-stat: initTime=0.059305957
%%%mzn-stat: objective=257
%%%mzn-stat: nodes=2067189
%%%mzn-stat: restarts=1
%%%mzn-stat: peakDepth=1662
%%%mzn-stat: solveTime=914.960548242
%%%mzn-stat: variables=2505
%%%mzn-stat: propagators=7010
%%%mzn-stat: failures=1474797
%%%mzn-stat: propagations=1038622533
%%%mzn-stat: nogoods=1474797
%%%mzn-stat: numAtomicConstraintsPropagated=0
%%%mzn-stat: circuitNumber4951PropagationsThatFoundConflict=22122
%%%mzn-stat: circuitNumber4951TotalFixedEdgesAtConflict=1994779
%%%mzn-stat: circuitNumber4951NumberOfConflicts=22122
%%%mzn-stat: circuitNumber4951PropagationsThatPruned=138195
%%%mzn-stat: circuitNumber4951PropagationsTotal=1556019
%%%mzn-stat: AverageConflictSize=32.7977023278458
%%%mzn-stat: NumUnitNogoodsLearned=0
%%%mzn-stat: AverageLearnedNogoodLength=82.93745986735802
%%%mzn-stat: AverageBacktrackAmount=0
%%%mzn-stat: AverageLbd=29.04133721454546
%%%mzn-stat: 2AutonomousSearchNumBackupCalled=29135
%%%mzn-stat: 2AutonomousSearchNumPredicatesRemoved=0
%%%mzn-stat: 2AutonomousSearchNumCalls=29316
%%%mzn-stat: 2AutonomousSearchNumPredicatesAdded=21812
%%%mzn-stat: 2AutonomousSearchAverageSizeOfHeap=10.55382726156365
%%%mzn-stat: 2AutonomousSearchNumAssignedPredicatesEncountered=53639
%%%mzn-stat-end
maxleg = 257;
succ = array1d(1..100,[2, 3, 7, 16, 35, 21, 10, 15, 14, 9, 38, 27, 22, 18, 19, 5, 1, 23, 31, 8, 12, 29, 24, 25, 26, 30, 28, 39, 32, 42, 6, 36, 34, 40, 43, 37, 48, 59, 41, 13, 53, 63, 47, 33, 20, 44, 50, 73, 17, 51, 52, 56, 55, 45, 64, 60, 54, 46, 97, 61, 79, 49, 87, 65, 67, 4, 72, 62, 75, 84, 11, 98, 89, 90, 86, 88, 100, 83, 77, 68, 66, 74, 71, 78, 81, 92, 57, 80, 91, 85, 94, 58, 70, 99, 93, 82, 76, 69, 96, 95]);
% time elapsed: 923.66 s
----------
%%%mzn-stat: initTime=0.059305957
%%%mzn-stat: objective=249
%%%mzn-stat: nodes=2903968
%%%mzn-stat: restarts=1
%%%mzn-stat: peakDepth=1662
%%%mzn-stat: solveTime=1310.426732014
%%%mzn-stat: variables=2505
%%%mzn-stat: propagators=7010
%%%mzn-stat: failures=2086544
%%%mzn-stat: propagations=1422272946
%%%mzn-stat: nogoods=2086544
%%%mzn-stat: numAtomicConstraintsPropagated=0
%%%mzn-stat: circuitNumber4951PropagationsThatFoundConflict=27380
%%%mzn-stat: circuitNumber4951TotalFixedEdgesAtConflict=2414957
%%%mzn-stat: circuitNumber4951NumberOfConflicts=27380
%%%mzn-stat: circuitNumber4951PropagationsThatPruned=182981
%%%mzn-stat: circuitNumber4951PropagationsTotal=2196259
%%%mzn-stat: AverageConflictSize=32.365606476546866
%%%mzn-stat: NumUnitNogoodsLearned=0
%%%mzn-stat: AverageLearnedNogoodLength=83.32426155403385
%%%mzn-stat: AverageBacktrackAmount=0
%%%mzn-stat: AverageLbd=27.990835563496386
%%%mzn-stat: 2AutonomousSearchNumBackupCalled=30436
%%%mzn-stat: 2AutonomousSearchNumPredicatesRemoved=0
%%%mzn-stat: 2AutonomousSearchNumCalls=30618
%%%mzn-stat: 2AutonomousSearchNumPredicatesAdded=25647
%%%mzn-stat: 2AutonomousSearchAverageSizeOfHeap=10.270037233000195
%%%mzn-stat: 2AutonomousSearchNumAssignedPredicatesEncountered=58691
%%%mzn-stat-end
maxleg = 249;
succ = array1d(1..100,[2, 3, 7, 16, 35, 21, 10, 15, 14, 9, 38, 27, 22, 18, 19, 5, 1, 23, 31, 8, 12, 29, 24, 25, 26, 30, 28, 39, 32, 42, 6, 36, 34, 40, 43, 37, 48, 59, 41, 13, 53, 63, 47, 33, 20, 44, 50, 73, 17, 51, 52, 56, 55, 45, 64, 60, 54, 67, 97, 61, 79, 49, 87, 72, 74, 4, 98, 62, 75, 84, 11, 58, 89, 90, 86, 88, 100, 83, 77, 68, 66, 65, 71, 78, 81, 92, 57, 80, 91, 85, 94, 46, 70, 99, 93, 82, 76, 69, 96, 95]);
% time elapsed: 1319.16 s
----------
%%%mzn-stat: initTime=0.059305957
%%%mzn-stat: objective=248
%%%mzn-stat: nodes=2905303
%%%mzn-stat: restarts=1
%%%mzn-stat: peakDepth=1662
%%%mzn-stat: solveTime=1310.43396256
%%%mzn-stat: variables=2505
%%%mzn-stat: propagators=7010
%%%mzn-stat: failures=2086544
%%%mzn-stat: propagations=1422286264
%%%mzn-stat: nogoods=2086544
%%%mzn-stat: numAtomicConstraintsPropagated=0
%%%mzn-stat: circuitNumber4951PropagationsThatFoundConflict=27380
%%%mzn-stat: circuitNumber4951TotalFixedEdgesAtConflict=2414957
%%%mzn-stat: circuitNumber4951NumberOfConflicts=27380
%%%mzn-stat: circuitNumber4951PropagationsThatPruned=182984
%%%mzn-stat: circuitNumber4951PropagationsTotal=2196338
%%%mzn-stat: AverageConflictSize=32.365606476546866
%%%mzn-stat: NumUnitNogoodsLearned=0
%%%mzn-stat: AverageLearnedNogoodLength=83.32426155403385
%%%mzn-stat: AverageBacktrackAmount=0
%%%mzn-stat: AverageLbd=27.990835563496386
%%%mzn-stat: 2AutonomousSearchNumBackupCalled=31696
%%%mzn-stat: 2AutonomousSearchNumPredicatesRemoved=0
%%%mzn-stat: 2AutonomousSearchNumCalls=31879
%%%mzn-stat: 2AutonomousSearchNumPredicatesAdded=25647
%%%mzn-stat: 2AutonomousSearchAverageSizeOfHeap=10.022271714922049
%%%mzn-stat: 2AutonomousSearchNumAssignedPredicatesEncountered=63743
%%%mzn-stat-end
maxleg = 248;
succ = array1d(1..100,[2, 3, 7, 16, 35, 21, 10, 15, 14, 9, 38, 27, 22, 18, 19, 5, 1, 23, 31, 8, 12, 29, 24, 25, 26, 30, 28, 39, 32, 42, 6, 36, 34, 40, 43, 37, 48, 59, 41, 13, 53, 63, 47, 33, 20, 44, 50, 73, 17, 51, 52, 56, 55, 45, 64, 60, 54, 67, 97, 61, 79, 49, 87, 72, 74, 4, 98, 62, 75, 84, 11, 58, 89, 90, 86, 88, 100, 83, 77, 68, 85, 65, 71, 78, 66, 92, 57, 80, 91, 81, 94, 46, 70, 99, 93, 82, 76, 69, 96, 95]);
% time elapsed: 1319.16 s
----------
%%%mzn-stat: initTime=0.059305957
%%%mzn-stat: objective=246
%%%mzn-stat: nodes=2906668
%%%mzn-stat: restarts=1
%%%mzn-stat: peakDepth=1662
%%%mzn-stat: solveTime=1310.442572706
%%%mzn-stat: variables=2505
%%%mzn-stat: propagators=7010
%%%mzn-stat: failures=2086544
%%%mzn-stat: propagations=1422299678
%%%mzn-stat: nogoods=2086544
%%%mzn-stat: numAtomicConstraintsPropagated=0
%%%mzn-stat: circuitNumber4951PropagationsThatFoundConflict=27380
%%%mzn-stat: circuitNumber4951TotalFixedEdgesAtConflict=2414957
%%%mzn-stat: circuitNumber4951NumberOfConflicts=27380
%%%mzn-stat: circuitNumber4951PropagationsThatPruned=182986
%%%mzn-stat: circuitNumber4951PropagationsTotal=2196415
%%%mzn-stat: AverageConflictSize=32.365606476546866
%%%mzn-stat: NumUnitNogoodsLearned=0
%%%mzn-stat: AverageLearnedNogoodLength=83.32426155403385
%%%mzn-stat: AverageBacktrackAmount=0
%%%mzn-stat: AverageLbd=27.990835563496386
%%%mzn-stat: 2AutonomousSearchNumBackupCalled=32987
%%%mzn-stat: 2AutonomousSearchNumPredicatesRemoved=0
%%%mzn-stat: 2AutonomousSearchNumCalls=33171
%%%mzn-stat: 2AutonomousSearchNumPredicatesAdded=25647
%%%mzn-stat: 2AutonomousSearchAverageSizeOfHeap=9.784209098308764
%%%mzn-stat: 2AutonomousSearchNumAssignedPredicatesEncountered=68795
%%%mzn-stat-end
maxleg = 246;
succ = array1d(1..100,[2, 3, 7, 16, 35, 21, 10, 15, 14, 9, 38, 27, 22, 18, 19, 5, 1, 23, 31, 8, 12, 29, 24, 25, 26, 30, 28, 39, 32, 42, 6, 36, 34, 40, 43, 37, 48, 59, 41, 13, 53, 63, 47, 33, 20, 44, 50, 73, 17, 51, 52, 56, 55, 45, 64, 60, 54, 67, 97, 61, 79, 49, 87, 72, 74, 4, 98, 62, 75, 84, 11, 58, 89, 90, 86, 88, 100, 83, 77, 93, 85, 65, 71, 78, 66, 92, 57, 80, 91, 81, 94, 46, 68, 99, 70, 82, 76, 69, 96, 95]);
% time elapsed: 1319.19 s
----------
%%%mzn-stat: initTime=0.059305957
%%%mzn-stat: objective=243
%%%mzn-stat: nodes=2942455
%%%mzn-stat: restarts=1
%%%mzn-stat: peakDepth=1662
%%%mzn-stat: solveTime=1331.071147614
%%%mzn-stat: variables=2505
%%%mzn-stat: propagators=7010
%%%mzn-stat: failures=2116228
%%%mzn-stat: propagations=1442980174
%%%mzn-stat: nogoods=2116228
%%%mzn-stat: numAtomicConstraintsPropagated=0
%%%mzn-stat: circuitNumber4951PropagationsThatFoundConflict=27785
%%%mzn-stat: circuitNumber4951TotalFixedEdgesAtConflict=2445925
%%%mzn-stat: circuitNumber4951NumberOfConflicts=27785
%%%mzn-stat: circuitNumber4951PropagationsThatPruned=186708
%%%mzn-stat: circuitNumber4951PropagationsTotal=2225764
%%%mzn-stat: AverageConflictSize=32.38445762932916
%%%mzn-stat: NumUnitNogoodsLearned=0
%%%mzn-stat: AverageLearnedNogoodLength=83.58253647527582
%%%mzn-stat: AverageBacktrackAmount=0
%%%mzn-stat: AverageLbd=27.96832146630703
%%%mzn-stat: 2AutonomousSearchNumBackupCalled=34244
%%%mzn-stat: 2AutonomousSearchNumPredicatesRemoved=0
%%%mzn-stat: 2AutonomousSearchNumCalls=34429
%%%mzn-stat: 2AutonomousSearchNumPredicatesAdded=29533
%%%mzn-stat: 2AutonomousSearchAverageSizeOfHeap=9.578494873507799
%%%mzn-stat: 2AutonomousSearchNumAssignedPredicatesEncountered=74021
%%%mzn-stat-end
maxleg = 243;
succ = array1d(1..100,[2, 3, 7, 16, 35, 21, 10, 15, 14, 9, 38, 27, 22, 18, 19, 5, 1, 23, 31, 8, 12, 29, 24, 25, 26, 30, 28, 39, 32, 42, 6, 36, 34, 40, 43, 37, 48, 59, 41, 13, 53, 63, 47, 33, 20, 44, 50, 73, 17, 51, 52, 56, 55, 45, 64, 60, 65, 67, 97, 61, 79, 49, 87, 72, 82, 4, 98, 62, 75, 84, 11, 58, 89, 90, 86, 88, 100, 83, 77, 93, 85, 74, 71, 78, 66, 92, 54, 80, 91, 81, 94, 46, 68, 99, 70, 57, 76, 69, 96, 95]);
% time elapsed: 1339.82 s
----------
%%%mzn-stat: initTime=0.059305957
%%%mzn-stat: objective=241
%%%mzn-stat: nodes=2943773
%%%mzn-stat: restarts=1
%%%mzn-stat: peakDepth=1662
%%%mzn-stat: solveTime=1331.079342402
%%%mzn-stat: variables=2505
%%%mzn-stat: propagators=7010
%%%mzn-stat: failures=2116228
%%%mzn-stat: propagations=1442993567
%%%mzn-stat: nogoods=2116228
%%%mzn-stat: numAtomicConstraintsPropagated=0
%%%mzn-stat: circuitNumber4951PropagationsThatFoundConflict=27785
%%%mzn-stat: circuitNumber4951TotalFixedEdgesAtConflict=2445925
%%%mzn-stat: circuitNumber4951NumberOfConflicts=27785
%%%mzn-stat: circuitNumber4951PropagationsThatPruned=186710
%%%mzn-stat: circuitNumber4951PropagationsTotal=2225839
%%%mzn-stat: AverageConflictSize=32.38445762932916
%%%mzn-stat: NumUnitNogoodsLearned=0
%%%mzn-stat: AverageLearnedNogoodLength=83.58253647527582
%%%mzn-stat: AverageBacktrackAmount=0
%%%mzn-stat: AverageLbd=27.96832146630703
%%%mzn-stat: 2AutonomousSearchNumBackupCalled=35489
%%%mzn-stat: 2AutonomousSearchNumPredicatesRemoved=0
%%%mzn-stat: 2AutonomousSearchNumCalls=35675
%%%mzn-stat: 2AutonomousSearchNumPredicatesAdded=29533
%%%mzn-stat: 2AutonomousSearchAverageSizeOfHeap=9.390441485634197
%%%mzn-stat: 2AutonomousSearchNumAssignedPredicatesEncountered=79247
%%%mzn-stat-end
maxleg = 241;
succ = array1d(1..100,[2, 3, 7, 16, 35, 21, 10, 15, 14, 9, 38, 27, 22, 18, 19, 5, 1, 23, 31, 8, 12, 29, 24, 25, 26, 30, 28, 39, 32, 42, 6, 36, 34, 40, 43, 37, 48, 59, 41, 13, 53, 63, 47, 33, 20, 44, 50, 73, 17, 51, 52, 56, 55, 45, 64, 60, 65, 67, 97, 61, 79, 49, 87, 72, 82, 4, 98, 62, 86, 84, 11, 58, 89, 90, 46, 88, 100, 83, 77, 93, 85, 74, 71, 78, 66, 92, 54, 80, 91, 81, 94, 75, 68, 99, 70, 57, 76, 69, 96, 95]);
% time elapsed: 1339.84 s
----------
%%%mzn-stat: initTime=0.059305957
%%%mzn-stat: objective=235
%%%mzn-stat: nodes=2948380
%%%mzn-stat: restarts=2
%%%mzn-stat: peakDepth=1662
%%%mzn-stat: solveTime=1332.964581055
%%%mzn-stat: variables=2505
%%%mzn-stat: propagators=7010
%%%mzn-stat: failures=2118984
%%%mzn-stat: propagations=1445138398
%%%mzn-stat: nogoods=2118984
%%%mzn-stat: numAtomicConstraintsPropagated=0
%%%mzn-stat: circuitNumber4951PropagationsThatFoundConflict=27824
%%%mzn-stat: circuitNumber4951TotalFixedEdgesAtConflict=2448833
%%%mzn-stat: circuitNumber4951NumberOfConflicts=27824
%%%mzn-stat: circuitNumber4951PropagationsThatPruned=187470
%%%mzn-stat: circuitNumber4951PropagationsTotal=2228951
%%%mzn-stat: AverageConflictSize=32.37994151914314
%%%mzn-stat: NumUnitNogoodsLearned=0
%%%mzn-stat: AverageLearnedNogoodLength=83.60356850264088
%%%mzn-stat: AverageBacktrackAmount=0
%%%mzn-stat: AverageLbd=27.963845408931828
%%%mzn-stat: 2AutonomousSearchNumBackupCalled=36702
%%%mzn-stat: 2AutonomousSearchNumPredicatesRemoved=0
%%%mzn-stat: 2AutonomousSearchNumCalls=37094
%%%mzn-stat: 2AutonomousSearchNumPredicatesAdded=32661
%%%mzn-stat: 2AutonomousSearchAverageSizeOfHeap=33.44985711974982
%%%mzn-stat: 2AutonomousSearchNumAssignedPredicatesEncountered=91954
%%%mzn-stat-end
maxleg = 235;
succ = array1d(1..100,[2, 3, 7, 16, 35, 21, 10, 15, 14, 9, 38, 27, 22, 18, 19, 5, 1, 23, 31, 8, 12, 29, 24, 25, 26, 30, 28, 39, 32, 42, 6, 36, 34, 40, 43, 48, 63, 59, 41, 13, 53, 73, 47, 33, 20, 44, 50, 37, 17, 51, 52, 56, 55, 45, 64, 60, 65, 67, 97, 61, 79, 49, 87, 72, 82, 4, 98, 62, 92, 84, 11, 58, 89, 90, 46, 88, 100, 83, 77, 93, 85, 74, 71, 78, 66, 75, 57, 80, 91, 81, 94, 86, 68, 99, 70, 54, 76, 69, 96, 95]);
% time elapsed: 1341.74 s
----------
%%%mzn-stat: initTime=0.059305957
%%%mzn-stat: objective=232
%%%mzn-stat: nodes=2957389
%%%mzn-stat: restarts=2
%%%mzn-stat: peakDepth=1662
%%%mzn-stat: solveTime=1336.555197033
%%%mzn-stat: variables=2505
%%%mzn-stat: propagators=7010
%%%mzn-stat: failures=2124238
%%%mzn-stat: propagations=1449041462
%%%mzn-stat: nogoods=2124238
%%%mzn-stat: numAtomicConstraintsPropagated=0
%%%mzn-stat: circuitNumber4951PropagationsThatFoundConflict=27868
%%%mzn-stat: circuitNumber4951TotalFixedEdgesAtConflict=2452274
%%%mzn-stat: circuitNumber4951NumberOfConflicts=27868
%%%mzn-stat: circuitNumber4951PropagationsThatPruned=187724
%%%mzn-stat: circuitNumber4951PropagationsTotal=2235369
%%%mzn-stat: AverageConflictSize=32.387401976614676
%%%mzn-stat: NumUnitNogoodsLearned=0
%%%mzn-stat: AverageLearnedNogoodLength=83.65424072067255
%%%mzn-stat: AverageBacktrackAmount=0
%%%mzn-stat: AverageLbd=27.959712141483205
%%%mzn-stat: 2AutonomousSearchNumBackupCalled=37861
%%%mzn-stat: 2AutonomousSearchNumPredicatesRemoved=0
%%%mzn-stat: 2AutonomousSearchNumCalls=38254
%%%mzn-stat: 2AutonomousSearchNumPredicatesAdded=35941
%%%mzn-stat: 2AutonomousSearchAverageSizeOfHeap=32.57452815391854
%%%mzn-stat: 2AutonomousSearchNumAssignedPredicatesEncountered=97271
%%%mzn-stat-end
maxleg = 232;
succ = array1d(1..100,[2, 3, 7, 16, 35, 21, 10, 15, 14, 9, 38, 27, 22, 18, 19, 5, 1, 23, 31, 8, 12, 29, 24, 25, 26, 30, 28, 39, 32, 42, 6, 36, 34, 40, 43, 37, 48, 59, 41, 13, 53, 73, 47, 33, 20, 44, 50, 63, 17, 51, 52, 56, 55, 45, 64, 60, 65, 69, 97, 61, 79, 49, 87, 67, 82, 4, 72, 62, 92, 84, 11, 98, 89, 90, 46, 88, 100, 83, 77, 93, 85, 74, 71, 78, 66, 75, 57, 80, 91, 81, 94, 86, 68, 99, 70, 54, 76, 58, 96, 95]);
% time elapsed: 1345.33 s
----------
%%%mzn-stat: initTime=0.059305957
%%%mzn-stat: objective=232
%%%mzn-stat: nodes=3573844
%%%mzn-stat: restarts=2
%%%mzn-stat: peakDepth=1662
%%%mzn-stat: solveTime=1791.029109638
%%%mzn-stat: variables=2505
%%%mzn-stat: propagators=7010
%%%mzn-stat: failures=2647054
%%%mzn-stat: propagations=1921910050
%%%mzn-stat: nogoods=2647054
%%%mzn-stat: numAtomicConstraintsPropagated=0
%%%mzn-stat: circuitNumber4951PropagationsThatFoundConflict=68497
%%%mzn-stat: circuitNumber4951TotalFixedEdgesAtConflict=5361317
%%%mzn-stat: circuitNumber4951NumberOfConflicts=68497
%%%mzn-stat: circuitNumber4951PropagationsThatPruned=307190
%%%mzn-stat: circuitNumber4951PropagationsTotal=2992743
%%%mzn-stat: AverageConflictSize=33.45077395474365
%%%mzn-stat: NumUnitNogoodsLearned=0
%%%mzn-stat: AverageLearnedNogoodLength=93.78963670556021
%%%mzn-stat: AverageBacktrackAmount=0
%%%mzn-stat: AverageLbd=28.62425435975239
%%%mzn-stat: 2AutonomousSearchNumBackupCalled=37861
%%%mzn-stat: 2AutonomousSearchNumPredicatesRemoved=0
%%%mzn-stat: 2AutonomousSearchNumCalls=38254
%%%mzn-stat: 2AutonomousSearchNumPredicatesAdded=40265
%%%mzn-stat: 2AutonomousSearchAverageSizeOfHeap=32.57452815391854
%%%mzn-stat: 2AutonomousSearchNumAssignedPredicatesEncountered=97271
%%%mzn-stat-end
