%%%mzn-stat: initTime=0.119411635
%%%mzn-stat: objective=224
%%%mzn-stat: nodes=2085337
%%%mzn-stat: restarts=1971
%%%mzn-stat: peakDepth=1024
%%%mzn-stat: solveTime=599.030185459
%%%mzn-stat: variables=1777
%%%mzn-stat: propagators=1423
%%%mzn-stat: failures=1244248
%%%mzn-stat: propagations=44147727
%%%mzn-stat: nogoods=1244248
%%%mzn-stat: AverageConflictSize=21.40811799576933
%%%mzn-stat: NumUnitNogoodsLearned=207
%%%mzn-stat: AverageLearnedNogoodLength=34.289655277725984
%%%mzn-stat: AverageBacktrackAmount=0
%%%mzn-stat: AverageLbd=18.452794780461772
%%%mzn-stat-end
maxleg = 224;
succ = array1d(1..100,[56, 78, 91, 95, 64, 13, 34, 42, 67, 21, 79, 43, 23, 47, 69, 86, 50, 66, 88, 40, 37, 98, 93, 81, 2, 11, 53, 73, 3, 84, 90, 39, 16, 45, 38, 82, 8, 22, 54, 48, 87, 6, 61, 35, 57, 71, 70, 59, 89, 10, 58, 80, 7, 12, 68, 92, 52, 96, 85, 9, 83, 44, 1, 30, 14, 17, 46, 60, 4, 51, 36, 100, 77, 26, 27, 15, 74, 76, 31, 62, 29, 28, 25, 19, 32, 24, 97, 63, 18, 75, 49, 33, 72, 65, 5, 20, 99, 94, 55, 41]);
% time elapsed: 603.61 s
----------
%%%mzn-stat: initTime=0.119411635
%%%mzn-stat: objective=215
%%%mzn-stat: nodes=2098986
%%%mzn-stat: restarts=1977
%%%mzn-stat: peakDepth=1024
%%%mzn-stat: solveTime=601.818681723
%%%mzn-stat: variables=1777
%%%mzn-stat: propagators=1423
%%%mzn-stat: failures=1251843
%%%mzn-stat: propagations=44378766
%%%mzn-stat: nogoods=1251843
%%%mzn-stat: AverageConflictSize=21.36349206729598
%%%mzn-stat: NumUnitNogoodsLearned=207
%%%mzn-stat: AverageLearnedNogoodLength=34.238160056812234
%%%mzn-stat: AverageBacktrackAmount=0
%%%mzn-stat: AverageLbd=18.429434042447816
%%%mzn-stat-end
maxleg = 215;
succ = array1d(1..100,[56, 78, 74, 95, 64, 13, 34, 42, 91, 21, 66, 43, 23, 47, 69, 86, 50, 67, 88, 40, 37, 98, 93, 81, 2, 11, 53, 73, 3, 84, 90, 39, 16, 45, 38, 82, 72, 22, 54, 48, 87, 6, 61, 7, 57, 71, 70, 59, 89, 10, 58, 65, 28, 12, 68, 92, 52, 96, 94, 9, 83, 44, 1, 30, 14, 17, 46, 60, 4, 51, 36, 100, 77, 79, 27, 15, 26, 76, 31, 62, 29, 8, 25, 19, 32, 24, 97, 63, 18, 75, 49, 33, 20, 35, 5, 85, 99, 80, 55, 41]);
% time elapsed: 606.35 s
----------
%%%mzn-stat: initTime=0.119411635
%%%mzn-stat: objective=208
%%%mzn-stat: nodes=2100130
%%%mzn-stat: restarts=1977
%%%mzn-stat: peakDepth=1110
%%%mzn-stat: solveTime=601.865861945
%%%mzn-stat: variables=1777
%%%mzn-stat: propagators=1423
%%%mzn-stat: failures=1251853
%%%mzn-stat: propagations=44382173
%%%mzn-stat: nogoods=1251853
%%%mzn-stat: AverageConflictSize=21.3641753464664
%%%mzn-stat: NumUnitNogoodsLearned=207
%%%mzn-stat: AverageLearnedNogoodLength=34.23874368635934
%%%mzn-stat: AverageBacktrackAmount=0
%%%mzn-stat: AverageLbd=18.429861173795963
%%%mzn-stat-end
maxleg = 208;
succ = array1d(1..100,[56, 78, 46, 95, 64, 13, 34, 73, 91, 21, 31, 43, 23, 47, 69, 86, 50, 66, 88, 40, 37, 98, 93, 81, 2, 79, 53, 42, 3, 84, 90, 39, 16, 45, 38, 82, 72, 22, 54, 48, 87, 6, 61, 7, 57, 67, 70, 59, 89, 10, 58, 65, 28, 12, 68, 92, 52, 96, 94, 24, 83, 44, 1, 30, 14, 17, 71, 60, 4, 51, 36, 100, 11, 26, 74, 15, 27, 76, 77, 62, 29, 8, 25, 19, 32, 9, 97, 63, 18, 75, 49, 33, 20, 35, 5, 85, 99, 80, 55, 41]);
% time elapsed: 606.40 s
----------
==========
% time elapsed: 606.40 s
%%%mzn-stat: initTime=0.119411635
%%%mzn-stat: objective=208
%%%mzn-stat: nodes=2100130
%%%mzn-stat: restarts=1977
%%%mzn-stat: peakDepth=1110
%%%mzn-stat: solveTime=601.865866652
%%%mzn-stat: variables=1777
%%%mzn-stat: propagators=1423
%%%mzn-stat: failures=1251853
%%%mzn-stat: propagations=44382173
%%%mzn-stat: nogoods=1251853
%%%mzn-stat: AverageConflictSize=21.3641753464664
%%%mzn-stat: NumUnitNogoodsLearned=207
%%%mzn-stat: AverageLearnedNogoodLength=34.23874368635934
%%%mzn-stat: AverageBacktrackAmount=0
%%%mzn-stat: AverageLbd=18.429861173795963
%%%mzn-stat-end
