% Logging successfully configured
%%%mzn-stat: initTime=0.04393251
%%%mzn-stat: objective=963
%%%mzn-stat: nodes=155567
%%%mzn-stat: restarts=1
%%%mzn-stat: peakDepth=2366
%%%mzn-stat: solveTime=192.847673298
%%%mzn-stat: variables=3311
%%%mzn-stat: propagators=2790
%%%mzn-stat: failures=136545
%%%mzn-stat: propagations=3680574
%%%mzn-stat: nogoods=136545
%%%mzn-stat: numAtomicConstraintsPropagated=0
%%%mzn-stat: circuitNumber1PropagationsTotal=664975
%%%mzn-stat: circuitNumber1CircuitConflicts=58473
%%%mzn-stat: circuitNumber1AlldiffConflicts=192
%%%mzn-stat: circuitNumber1TotalFixedEdgesAtConflict=5482630
%%%mzn-stat: circuitNumber1NumberOfConflicts=58665
%%%mzn-stat: circuitNumber1GacPrunings=1338621
%%%mzn-stat: circuitNumber1PropagationsThatGacPruned=439193
%%%mzn-stat: circuitNumber1TotalPruningHallSetSize=4695471
%%%mzn-stat: circuitNumber1NumberOfPruningExplanations=1338621
%%%mzn-stat: circuitNumber1MaxPruningHallSetSize=40
%%%mzn-stat: circuitNumber1TotalSccSizeAtPruning=3020544
%%%mzn-stat: circuitNumber1NumberOfSccPruningCalls=439193
%%%mzn-stat: circuitNumber1TotalVarsInvolvedInPruning=1067062
%%%mzn-stat: circuitNumber1MaxValuesPrunedFromSingleVar=16
%%%mzn-stat: circuitNumber1HallCircuitChecks=1291159
%%%mzn-stat: circuitNumber1HallCircuitPrunings=25645
%%%mzn-stat: circuitNumber1CircuitPreventPrunings=236103
%%%mzn-stat: AverageConflictSize=42.31588121132228
%%%mzn-stat: NumUnitNogoodsLearned=0
%%%mzn-stat: AverageLearnedNogoodLength=57.38867772529203
%%%mzn-stat: AverageBacktrackAmount=0
%%%mzn-stat: AverageLbd=37.621428832985465
%%%mzn-stat: 2AutonomousSearchNumBackupCalled=2250
%%%mzn-stat: 2AutonomousSearchNumPredicatesRemoved=0
%%%mzn-stat: 2AutonomousSearchNumCalls=2368
%%%mzn-stat: 2AutonomousSearchNumPredicatesAdded=1368
%%%mzn-stat: 2AutonomousSearchAverageSizeOfHeap=42.092483108108105
%%%mzn-stat: 2AutonomousSearchNumAssignedPredicatesEncountered=2736
%%%mzn-stat-end
maxleg = 963;
succ = array1d(1..100,[3, 12, 2, 88, 9, 7, 83, 21, 14, 1, 6, 93, 11, 18, 16, 17, 30, 19, 28, 23, 5, 95, 10, 4, 24, 27, 32, 29, 31, 33, 34, 37, 50, 49, 15, 22, 81, 8, 25, 48, 35, 46, 44, 38, 20, 91, 45, 56, 36, 51, 53, 47, 60, 61, 40, 58, 43, 62, 41, 63, 67, 70, 55, 59, 78, 64, 52, 26, 57, 73, 68, 77, 74, 76, 92, 84, 82, 97, 72, 90, 42, 13, 39, 71, 87, 69, 66, 65, 79, 86, 54, 80, 100, 75, 98, 94, 99, 85, 96, 89]);
% time elapsed: 198.55 s
----------
%%%mzn-stat: initTime=0.04393251
%%%mzn-stat: objective=963
%%%mzn-stat: nodes=1234056
%%%mzn-stat: restarts=1
%%%mzn-stat: peakDepth=2366
%%%mzn-stat: solveTime=1794.369621409
%%%mzn-stat: variables=3311
%%%mzn-stat: propagators=2790
%%%mzn-stat: failures=1125399
%%%mzn-stat: propagations=29986399
%%%mzn-stat: nogoods=1125399
%%%mzn-stat: numAtomicConstraintsPropagated=0
%%%mzn-stat: circuitNumber1PropagationsTotal=5419062
%%%mzn-stat: circuitNumber1CircuitConflicts=424625
%%%mzn-stat: circuitNumber1AlldiffConflicts=16284
%%%mzn-stat: circuitNumber1TotalFixedEdgesAtConflict=40907953
%%%mzn-stat: circuitNumber1NumberOfConflicts=440909
%%%mzn-stat: circuitNumber1GacPrunings=10678679
%%%mzn-stat: circuitNumber1PropagationsThatGacPruned=3453267
%%%mzn-stat: circuitNumber1TotalPruningHallSetSize=35897872
%%%mzn-stat: circuitNumber1NumberOfPruningExplanations=10678679
%%%mzn-stat: circuitNumber1MaxPruningHallSetSize=40
%%%mzn-stat: circuitNumber1TotalSccSizeAtPruning=25952321
%%%mzn-stat: circuitNumber1NumberOfSccPruningCalls=3453267
%%%mzn-stat: circuitNumber1TotalVarsInvolvedInPruning=8750057
%%%mzn-stat: circuitNumber1MaxValuesPrunedFromSingleVar=16
%%%mzn-stat: circuitNumber1HallCircuitChecks=9689683
%%%mzn-stat: circuitNumber1HallCircuitPrunings=191608
%%%mzn-stat: circuitNumber1CircuitPreventPrunings=2234425
%%%mzn-stat: AverageConflictSize=39.77206839529802
%%%mzn-stat: NumUnitNogoodsLearned=0
%%%mzn-stat: AverageLearnedNogoodLength=57.60669860200693
%%%mzn-stat: AverageBacktrackAmount=0
%%%mzn-stat: AverageLbd=37.859935898290296
%%%mzn-stat: 2AutonomousSearchNumBackupCalled=2250
%%%mzn-stat: 2AutonomousSearchNumPredicatesRemoved=0
%%%mzn-stat: 2AutonomousSearchNumCalls=2368
%%%mzn-stat: 2AutonomousSearchNumPredicatesAdded=2789
%%%mzn-stat: 2AutonomousSearchAverageSizeOfHeap=42.092483108108105
%%%mzn-stat: 2AutonomousSearchNumAssignedPredicatesEncountered=2736
%%%mzn-stat-end
