%%%mzn-stat: initTime=0.017787817
%%%mzn-stat: objective=142
%%%mzn-stat: nodes=1897
%%%mzn-stat: restarts=0
%%%mzn-stat: peakDepth=908
%%%mzn-stat: solveTime=0.485606117
%%%mzn-stat: variables=1761
%%%mzn-stat: propagators=1417
%%%mzn-stat: failures=433
%%%mzn-stat: propagations=103537
%%%mzn-stat: nogoods=433
%%%mzn-stat: AverageConflictSize=5.849884526558891
%%%mzn-stat: NumUnitNogoodsLearned=141
%%%mzn-stat: AverageLearnedNogoodLength=47.62586605080831
%%%mzn-stat: AverageBacktrackAmount=0
%%%mzn-stat: AverageLbd=23.983833718244803
%%%mzn-stat-end
maxleg = 142;
succ = array1d(1..150,[135, 118, 16, 144, 149, 95, 63, 52, 6, 21, 91, 73, 119, 116, 133, 65, 143, 121, 148, 111, 1, 124, 129, 75, 38, 145, 105, 8, 106, 110, 76, 120, 11, 85, 22, 130, 56, 125, 47, 80, 57, 17, 35, 39, 14, 113, 136, 24, 44, 100, 146, 62, 9, 68, 98, 13, 43, 101, 53, 142, 15, 61, 48, 115, 50, 5, 131, 139, 150, 83, 77, 27, 26, 32, 40, 86, 18, 138, 140, 2, 51, 72, 92, 29, 66, 49, 114, 70, 127, 71, 19, 4, 107, 88, 89, 93, 82, 122, 60, 58, 128, 94, 96, 132, 55, 126, 90, 67, 74, 23, 31, 109, 81, 112, 36, 7, 28, 34, 102, 117, 79, 134, 59, 30, 41, 123, 54, 108, 78, 97, 33, 12, 3, 137, 99, 37, 42, 45, 46, 84, 147, 141, 87, 10, 103, 69, 25, 20, 104, 64]);
% time elapsed: 4.85 s
----------
==========
% time elapsed: 4.85 s
%%%mzn-stat: initTime=0.017787817
%%%mzn-stat: objective=142
%%%mzn-stat: nodes=1897
%%%mzn-stat: restarts=0
%%%mzn-stat: peakDepth=908
%%%mzn-stat: solveTime=0.485610849
%%%mzn-stat: variables=1761
%%%mzn-stat: propagators=1417
%%%mzn-stat: failures=433
%%%mzn-stat: propagations=103537
%%%mzn-stat: nogoods=433
%%%mzn-stat: AverageConflictSize=5.849884526558891
%%%mzn-stat: NumUnitNogoodsLearned=141
%%%mzn-stat: AverageLearnedNogoodLength=47.62586605080831
%%%mzn-stat: AverageBacktrackAmount=0
%%%mzn-stat: AverageLbd=23.983833718244803
%%%mzn-stat-end
