%%%mzn-stat: initTime=0.003357833
%%%mzn-stat: objective=379
%%%mzn-stat: nodes=486
%%%mzn-stat: restarts=0
%%%mzn-stat: peakDepth=108
%%%mzn-stat: solveTime=0.026275016
%%%mzn-stat: variables=370
%%%mzn-stat: propagators=253
%%%mzn-stat: failures=378
%%%mzn-stat: propagations=59907
%%%mzn-stat: nogoods=378
%%%mzn-stat: AverageConflictSize=2
%%%mzn-stat: NumUnitNogoodsLearned=378
%%%mzn-stat: AverageLearnedNogoodLength=1
%%%mzn-stat: AverageBacktrackAmount=0
%%%mzn-stat: AverageLbd=1
%%%mzn-stat-end
maxleg = 379;
succ = array1d(1..20,[8, 14, 9, 20, 10, 5, 3, 11, 16, 2, 7, 17, 19, 4, 1, 13, 18, 15, 6, 12]);
% time elapsed: 5.32 s
----------
==========
% time elapsed: 5.32 s
%%%mzn-stat: initTime=0.003357833
%%%mzn-stat: objective=379
%%%mzn-stat: nodes=486
%%%mzn-stat: restarts=0
%%%mzn-stat: peakDepth=108
%%%mzn-stat: solveTime=0.026289494
%%%mzn-stat: variables=370
%%%mzn-stat: propagators=253
%%%mzn-stat: failures=378
%%%mzn-stat: propagations=59907
%%%mzn-stat: nogoods=378
%%%mzn-stat: AverageConflictSize=2
%%%mzn-stat: NumUnitNogoodsLearned=378
%%%mzn-stat: AverageLearnedNogoodLength=1
%%%mzn-stat: AverageBacktrackAmount=0
%%%mzn-stat: AverageLbd=1
%%%mzn-stat-end
