%%%mzn-stat: initTime=0.039547663
%%%mzn-stat: objective=197
%%%mzn-stat: nodes=1311
%%%mzn-stat: restarts=0
%%%mzn-stat: peakDepth=689
%%%mzn-stat: solveTime=0.541734213
%%%mzn-stat: variables=3259
%%%mzn-stat: propagators=2751
%%%mzn-stat: failures=230
%%%mzn-stat: propagations=342645
%%%mzn-stat: nogoods=230
%%%mzn-stat: AverageConflictSize=5.034782608695652
%%%mzn-stat: NumUnitNogoodsLearned=196
%%%mzn-stat: AverageLearnedNogoodLength=33.45652173913044
%%%mzn-stat: AverageBacktrackAmount=0
%%%mzn-stat: AverageLbd=3.3173913043478263
%%%mzn-stat-end
maxleg = 197;
succ = array1d(1..100,[31, 12, 96, 8, 85, 9, 95, 71, 63, 81, 6, 1, 50, 20, 38, 57, 66, 76, 14, 24, 33, 41, 19, 90, 51, 15, 88, 36, 86, 100, 84, 61, 98, 32, 46, 13, 59, 7, 56, 79, 99, 10, 80, 64, 48, 58, 39, 75, 11, 94, 92, 40, 35, 55, 23, 17, 68, 28, 21, 22, 47, 91, 70, 37, 62, 4, 82, 60, 93, 65, 97, 27, 67, 3, 77, 72, 83, 34, 49, 87, 43, 44, 16, 53, 74, 18, 52, 69, 5, 42, 78, 29, 26, 30, 54, 45, 89, 2, 73, 25]);
% time elapsed: 2.62 s
----------
==========
% time elapsed: 2.62 s
%%%mzn-stat: initTime=0.039547663
%%%mzn-stat: objective=197
%%%mzn-stat: nodes=1311
%%%mzn-stat: restarts=0
%%%mzn-stat: peakDepth=689
%%%mzn-stat: solveTime=0.541744185
%%%mzn-stat: variables=3259
%%%mzn-stat: propagators=2751
%%%mzn-stat: failures=230
%%%mzn-stat: propagations=342645
%%%mzn-stat: nogoods=230
%%%mzn-stat: AverageConflictSize=5.034782608695652
%%%mzn-stat: NumUnitNogoodsLearned=196
%%%mzn-stat: AverageLearnedNogoodLength=33.45652173913044
%%%mzn-stat: AverageBacktrackAmount=0
%%%mzn-stat: AverageLbd=3.3173913043478263
%%%mzn-stat-end
