%%%mzn-stat: initTime=0.018211386
%%%mzn-stat: objective=466
%%%mzn-stat: nodes=1021
%%%mzn-stat: restarts=0
%%%mzn-stat: peakDepth=68
%%%mzn-stat: solveTime=0.025390272
%%%mzn-stat: variables=206
%%%mzn-stat: propagators=126
%%%mzn-stat: failures=576
%%%mzn-stat: propagations=33881
%%%mzn-stat: nogoods=576
%%%mzn-stat: AverageConflictSize=3.1024305555555554
%%%mzn-stat: NumUnitNogoodsLearned=465
%%%mzn-stat: AverageLearnedNogoodLength=1.8194444444444444
%%%mzn-stat: AverageBacktrackAmount=0
%%%mzn-stat: AverageLbd=1.5017361111111112
%%%mzn-stat-end
maxleg = 466;
succ = array1d(1..20,[5, 6, 1, 14, 9, 7, 10, 12, 2, 13, 3, 18, 15, 20, 16, 8, 19, 4, 11, 17]);
% time elapsed: 10.06 s
----------
==========
% time elapsed: 10.06 s
%%%mzn-stat: initTime=0.018211386
%%%mzn-stat: objective=466
%%%mzn-stat: nodes=1021
%%%mzn-stat: restarts=0
%%%mzn-stat: peakDepth=68
%%%mzn-stat: solveTime=0.025393026
%%%mzn-stat: variables=206
%%%mzn-stat: propagators=126
%%%mzn-stat: failures=576
%%%mzn-stat: propagations=33881
%%%mzn-stat: nogoods=576
%%%mzn-stat: AverageConflictSize=3.1024305555555554
%%%mzn-stat: NumUnitNogoodsLearned=465
%%%mzn-stat: AverageLearnedNogoodLength=1.8194444444444444
%%%mzn-stat: AverageBacktrackAmount=0
%%%mzn-stat: AverageLbd=1.5017361111111112
%%%mzn-stat-end
