% Logging successfully configured
%%%mzn-stat: initTime=0.01254464
%%%mzn-stat: objective=737
%%%mzn-stat: nodes=721150
%%%mzn-stat: restarts=0
%%%mzn-stat: peakDepth=610
%%%mzn-stat: solveTime=506.744681576
%%%mzn-stat: variables=1141
%%%mzn-stat: propagators=836
%%%mzn-stat: failures=711218
%%%mzn-stat: propagations=14004822
%%%mzn-stat: nogoods=711218
%%%mzn-stat: numAtomicConstraintsPropagated=0
%%%mzn-stat: circuitNumber1PropagationsTotal=2726001
%%%mzn-stat: circuitNumber1CircuitConflicts=112534
%%%mzn-stat: circuitNumber1AlldiffConflicts=22996
%%%mzn-stat: circuitNumber1TotalFixedEdgesAtConflict=4763539
%%%mzn-stat: circuitNumber1NumberOfConflicts=135530
%%%mzn-stat: circuitNumber1GacPrunings=8106239
%%%mzn-stat: circuitNumber1PropagationsThatGacPruned=1750346
%%%mzn-stat: circuitNumber1TotalPruningHallSetSize=31863917
%%%mzn-stat: circuitNumber1NumberOfPruningExplanations=8106239
%%%mzn-stat: circuitNumber1MaxPruningHallSetSize=22
%%%mzn-stat: circuitNumber1TotalSccSizeAtPruning=21031439
%%%mzn-stat: circuitNumber1NumberOfSccPruningCalls=1750346
%%%mzn-stat: circuitNumber1TotalVarsInvolvedInPruning=6424579
%%%mzn-stat: circuitNumber1MaxValuesPrunedFromSingleVar=6
%%%mzn-stat: circuitNumber1HallCircuitChecks=3273806
%%%mzn-stat: circuitNumber1HallCircuitPrunings=93260
%%%mzn-stat: circuitNumber1CircuitPreventPrunings=1791063
%%%mzn-stat: AverageConflictSize=8.411461745906319
%%%mzn-stat: NumUnitNogoodsLearned=0
%%%mzn-stat: AverageLearnedNogoodLength=67.20634179674867
%%%mzn-stat: AverageBacktrackAmount=0
%%%mzn-stat: AverageLbd=25.195031621809346
%%%mzn-stat: 2AutonomousSearchNumBackupCalled=574
%%%mzn-stat: 2AutonomousSearchNumPredicatesRemoved=0
%%%mzn-stat: 2AutonomousSearchNumCalls=575
%%%mzn-stat: 2AutonomousSearchNumPredicatesAdded=1853
%%%mzn-stat: 2AutonomousSearchAverageSizeOfHeap=3.222608695652174
%%%mzn-stat: 2AutonomousSearchNumAssignedPredicatesEncountered=1853
%%%mzn-stat-end
maxleg = 737;
succ = array1d(1..50,[4, 5, 9, 8, 14, 7, 1, 10, 11, 3, 16, 18, 6, 15, 20, 12, 19, 23, 24, 28, 25, 13, 33, 22, 26, 31, 36, 17, 2, 34, 27, 38, 41, 39, 21, 32, 29, 48, 45, 46, 47, 30, 35, 40, 49, 37, 42, 44, 50, 43]);
% time elapsed: 506.95 s
----------
%%%mzn-stat: initTime=0.01254464
%%%mzn-stat: objective=543
%%%mzn-stat: nodes=721752
%%%mzn-stat: restarts=0
%%%mzn-stat: peakDepth=610
%%%mzn-stat: solveTime=506.75417696
%%%mzn-stat: variables=1141
%%%mzn-stat: propagators=836
%%%mzn-stat: failures=711218
%%%mzn-stat: propagations=14006183
%%%mzn-stat: nogoods=711218
%%%mzn-stat: numAtomicConstraintsPropagated=0
%%%mzn-stat: circuitNumber1PropagationsTotal=2726081
%%%mzn-stat: circuitNumber1CircuitConflicts=112534
%%%mzn-stat: circuitNumber1AlldiffConflicts=22996
%%%mzn-stat: circuitNumber1TotalFixedEdgesAtConflict=4763539
%%%mzn-stat: circuitNumber1NumberOfConflicts=135530
%%%mzn-stat: circuitNumber1GacPrunings=8106539
%%%mzn-stat: circuitNumber1PropagationsThatGacPruned=1750385
%%%mzn-stat: circuitNumber1TotalPruningHallSetSize=31864427
%%%mzn-stat: circuitNumber1NumberOfPruningExplanations=8106539
%%%mzn-stat: circuitNumber1MaxPruningHallSetSize=22
%%%mzn-stat: circuitNumber1TotalSccSizeAtPruning=21031525
%%%mzn-stat: circuitNumber1NumberOfSccPruningCalls=1750385
%%%mzn-stat: circuitNumber1TotalVarsInvolvedInPruning=6424856
%%%mzn-stat: circuitNumber1MaxValuesPrunedFromSingleVar=7
%%%mzn-stat: circuitNumber1HallCircuitChecks=3273933
%%%mzn-stat: circuitNumber1HallCircuitPrunings=93262
%%%mzn-stat: circuitNumber1CircuitPreventPrunings=1791085
%%%mzn-stat: AverageConflictSize=8.411461745906319
%%%mzn-stat: NumUnitNogoodsLearned=0
%%%mzn-stat: AverageLearnedNogoodLength=67.20634179674867
%%%mzn-stat: AverageBacktrackAmount=0
%%%mzn-stat: AverageLbd=25.195031621809346
%%%mzn-stat: 2AutonomousSearchNumBackupCalled=1136
%%%mzn-stat: 2AutonomousSearchNumPredicatesRemoved=0
%%%mzn-stat: 2AutonomousSearchNumCalls=1138
%%%mzn-stat: 2AutonomousSearchNumPredicatesAdded=1853
%%%mzn-stat: 2AutonomousSearchAverageSizeOfHeap=3.256590509666081
%%%mzn-stat: 2AutonomousSearchNumAssignedPredicatesEncountered=3706
%%%mzn-stat-end
maxleg = 543;
succ = array1d(1..50,[4, 5, 9, 8, 14, 7, 1, 10, 11, 3, 16, 18, 6, 15, 20, 12, 19, 23, 24, 28, 25, 13, 33, 30, 22, 31, 21, 29, 35, 34, 27, 26, 41, 39, 37, 32, 43, 36, 42, 44, 47, 45, 46, 48, 49, 40, 17, 38, 50, 2]);
% time elapsed: 506.95 s
----------
%%%mzn-stat: initTime=0.01254464
%%%mzn-stat: objective=500
%%%mzn-stat: nodes=725486
%%%mzn-stat: restarts=0
%%%mzn-stat: peakDepth=626
%%%mzn-stat: solveTime=509.435426275
%%%mzn-stat: variables=1141
%%%mzn-stat: propagators=836
%%%mzn-stat: failures=714313
%%%mzn-stat: propagations=14087868
%%%mzn-stat: nogoods=714313
%%%mzn-stat: numAtomicConstraintsPropagated=0
%%%mzn-stat: circuitNumber1PropagationsTotal=2742416
%%%mzn-stat: circuitNumber1CircuitConflicts=115113
%%%mzn-stat: circuitNumber1AlldiffConflicts=22996
%%%mzn-stat: circuitNumber1TotalFixedEdgesAtConflict=4873385
%%%mzn-stat: circuitNumber1NumberOfConflicts=138109
%%%mzn-stat: circuitNumber1GacPrunings=8126835
%%%mzn-stat: circuitNumber1PropagationsThatGacPruned=1759665
%%%mzn-stat: circuitNumber1TotalPruningHallSetSize=31895628
%%%mzn-stat: circuitNumber1NumberOfPruningExplanations=8126835
%%%mzn-stat: circuitNumber1MaxPruningHallSetSize=22
%%%mzn-stat: circuitNumber1TotalSccSizeAtPruning=21052960
%%%mzn-stat: circuitNumber1NumberOfSccPruningCalls=1759665
%%%mzn-stat: circuitNumber1TotalVarsInvolvedInPruning=6442982
%%%mzn-stat: circuitNumber1MaxValuesPrunedFromSingleVar=7
%%%mzn-stat: circuitNumber1HallCircuitChecks=3311520
%%%mzn-stat: circuitNumber1HallCircuitPrunings=96408
%%%mzn-stat: circuitNumber1CircuitPreventPrunings=1799425
%%%mzn-stat: AverageConflictSize=8.40538811417404
%%%mzn-stat: NumUnitNogoodsLearned=0
%%%mzn-stat: AverageLearnedNogoodLength=67.08901699955062
%%%mzn-stat: AverageBacktrackAmount=0
%%%mzn-stat: AverageLbd=25.224981205717942
%%%mzn-stat: 2AutonomousSearchNumBackupCalled=1724
%%%mzn-stat: 2AutonomousSearchNumPredicatesRemoved=0
%%%mzn-stat: 2AutonomousSearchNumCalls=1727
%%%mzn-stat: 2AutonomousSearchNumPredicatesAdded=2594
%%%mzn-stat: 2AutonomousSearchAverageSizeOfHeap=3.22524609148813
%%%mzn-stat: 2AutonomousSearchNumAssignedPredicatesEncountered=5570
%%%mzn-stat-end
maxleg = 500;
succ = array1d(1..50,[4, 5, 9, 8, 14, 7, 1, 10, 11, 3, 16, 18, 6, 15, 20, 12, 19, 23, 24, 28, 25, 13, 33, 30, 22, 31, 36, 29, 35, 34, 38, 26, 41, 39, 37, 32, 43, 48, 42, 27, 47, 45, 46, 21, 49, 40, 17, 44, 50, 2]);
% time elapsed: 509.63 s
----------
%%%mzn-stat: initTime=0.01254464
%%%mzn-stat: objective=470
%%%mzn-stat: nodes=737265
%%%mzn-stat: restarts=0
%%%mzn-stat: peakDepth=626
%%%mzn-stat: solveTime=518.569573909
%%%mzn-stat: variables=1141
%%%mzn-stat: propagators=836
%%%mzn-stat: failures=725122
%%%mzn-stat: propagations=14368890
%%%mzn-stat: nogoods=725122
%%%mzn-stat: numAtomicConstraintsPropagated=0
%%%mzn-stat: circuitNumber1PropagationsTotal=2798126
%%%mzn-stat: circuitNumber1CircuitConflicts=125360
%%%mzn-stat: circuitNumber1AlldiffConflicts=22997
%%%mzn-stat: circuitNumber1TotalFixedEdgesAtConflict=5308582
%%%mzn-stat: circuitNumber1NumberOfConflicts=148357
%%%mzn-stat: circuitNumber1GacPrunings=8195019
%%%mzn-stat: circuitNumber1PropagationsThatGacPruned=1790410
%%%mzn-stat: circuitNumber1TotalPruningHallSetSize=31992033
%%%mzn-stat: circuitNumber1NumberOfPruningExplanations=8195019
%%%mzn-stat: circuitNumber1MaxPruningHallSetSize=35
%%%mzn-stat: circuitNumber1TotalSccSizeAtPruning=21114103
%%%mzn-stat: circuitNumber1NumberOfSccPruningCalls=1790410
%%%mzn-stat: circuitNumber1TotalVarsInvolvedInPruning=6506180
%%%mzn-stat: circuitNumber1MaxValuesPrunedFromSingleVar=9
%%%mzn-stat: circuitNumber1HallCircuitChecks=3435290
%%%mzn-stat: circuitNumber1HallCircuitPrunings=107314
%%%mzn-stat: circuitNumber1CircuitPreventPrunings=1827901
%%%mzn-stat: AverageConflictSize=8.399314873910873
%%%mzn-stat: NumUnitNogoodsLearned=0
%%%mzn-stat: AverageLearnedNogoodLength=66.63279834289953
%%%mzn-stat: AverageBacktrackAmount=0
%%%mzn-stat: AverageLbd=25.3212866248714
%%%mzn-stat: 2AutonomousSearchNumBackupCalled=2286
%%%mzn-stat: 2AutonomousSearchNumPredicatesRemoved=0
%%%mzn-stat: 2AutonomousSearchNumCalls=2290
%%%mzn-stat: 2AutonomousSearchNumPredicatesAdded=3426
%%%mzn-stat: 2AutonomousSearchAverageSizeOfHeap=3.2558951965065503
%%%mzn-stat: 2AutonomousSearchNumAssignedPredicatesEncountered=7456
%%%mzn-stat-end
maxleg = 470;
succ = array1d(1..50,[4, 5, 9, 8, 14, 7, 1, 10, 11, 3, 16, 18, 6, 15, 20, 12, 19, 23, 24, 28, 25, 13, 33, 30, 26, 31, 22, 29, 21, 34, 36, 38, 41, 39, 37, 32, 43, 44, 42, 2, 47, 45, 46, 48, 49, 40, 17, 27, 50, 35]);
% time elapsed: 518.77 s
----------
%%%mzn-stat: initTime=0.01254464
%%%mzn-stat: objective=414
%%%mzn-stat: nodes=1100868
%%%mzn-stat: restarts=0
%%%mzn-stat: peakDepth=626
%%%mzn-stat: solveTime=799.112069243
%%%mzn-stat: variables=1141
%%%mzn-stat: propagators=836
%%%mzn-stat: failures=1079772
%%%mzn-stat: propagations=21359996
%%%mzn-stat: nogoods=1079772
%%%mzn-stat: numAtomicConstraintsPropagated=0
%%%mzn-stat: circuitNumber1PropagationsTotal=4067010
%%%mzn-stat: circuitNumber1CircuitConflicts=153305
%%%mzn-stat: circuitNumber1AlldiffConflicts=68149
%%%mzn-stat: circuitNumber1TotalFixedEdgesAtConflict=7922975
%%%mzn-stat: circuitNumber1NumberOfConflicts=221454
%%%mzn-stat: circuitNumber1GacPrunings=12285397
%%%mzn-stat: circuitNumber1PropagationsThatGacPruned=2589723
%%%mzn-stat: circuitNumber1TotalPruningHallSetSize=44656486
%%%mzn-stat: circuitNumber1NumberOfPruningExplanations=12285397
%%%mzn-stat: circuitNumber1MaxPruningHallSetSize=36
%%%mzn-stat: circuitNumber1TotalSccSizeAtPruning=28064016
%%%mzn-stat: circuitNumber1NumberOfSccPruningCalls=2589723
%%%mzn-stat: circuitNumber1TotalVarsInvolvedInPruning=9717422
%%%mzn-stat: circuitNumber1MaxValuesPrunedFromSingleVar=9
%%%mzn-stat: circuitNumber1HallCircuitChecks=5544027
%%%mzn-stat: circuitNumber1HallCircuitPrunings=261409
%%%mzn-stat: circuitNumber1CircuitPreventPrunings=2564711
%%%mzn-stat: AverageConflictSize=9.525629484743076
%%%mzn-stat: NumUnitNogoodsLearned=0
%%%mzn-stat: AverageLearnedNogoodLength=59.632436292106114
%%%mzn-stat: AverageBacktrackAmount=0
%%%mzn-stat: AverageLbd=25.259720570638986
%%%mzn-stat: 2AutonomousSearchNumBackupCalled=2834
%%%mzn-stat: 2AutonomousSearchNumPredicatesRemoved=0
%%%mzn-stat: 2AutonomousSearchNumCalls=2839
%%%mzn-stat: 2AutonomousSearchNumPredicatesAdded=5090
%%%mzn-stat: 2AutonomousSearchAverageSizeOfHeap=3.358929200422684
%%%mzn-stat: 2AutonomousSearchNumAssignedPredicatesEncountered=9536
%%%mzn-stat-end
maxleg = 414;
succ = array1d(1..50,[4, 5, 9, 8, 14, 7, 1, 10, 11, 3, 16, 18, 6, 20, 40, 12, 19, 23, 24, 28, 15, 13, 33, 30, 26, 31, 21, 29, 37, 34, 36, 38, 41, 39, 25, 32, 43, 44, 42, 2, 47, 45, 50, 48, 49, 35, 17, 27, 46, 22]);
% time elapsed: 799.32 s
----------
%%%mzn-stat: initTime=0.01254464
%%%mzn-stat: objective=378
%%%mzn-stat: nodes=1127960
%%%mzn-stat: restarts=0
%%%mzn-stat: peakDepth=626
%%%mzn-stat: solveTime=825.206051831
%%%mzn-stat: variables=1141
%%%mzn-stat: propagators=836
%%%mzn-stat: failures=1106167
%%%mzn-stat: propagations=22084453
%%%mzn-stat: nogoods=1106167
%%%mzn-stat: numAtomicConstraintsPropagated=0
%%%mzn-stat: circuitNumber1PropagationsTotal=4207685
%%%mzn-stat: circuitNumber1CircuitConflicts=176927
%%%mzn-stat: circuitNumber1AlldiffConflicts=68162
%%%mzn-stat: circuitNumber1TotalFixedEdgesAtConflict=8958618
%%%mzn-stat: circuitNumber1NumberOfConflicts=245089
%%%mzn-stat: circuitNumber1GacPrunings=12460361
%%%mzn-stat: circuitNumber1PropagationsThatGacPruned=2667728
%%%mzn-stat: circuitNumber1TotalPruningHallSetSize=44965369
%%%mzn-stat: circuitNumber1NumberOfPruningExplanations=12460361
%%%mzn-stat: circuitNumber1MaxPruningHallSetSize=45
%%%mzn-stat: circuitNumber1TotalSccSizeAtPruning=28261656
%%%mzn-stat: circuitNumber1NumberOfSccPruningCalls=2667728
%%%mzn-stat: circuitNumber1TotalVarsInvolvedInPruning=9870551
%%%mzn-stat: circuitNumber1MaxValuesPrunedFromSingleVar=9
%%%mzn-stat: circuitNumber1HallCircuitChecks=5815037
%%%mzn-stat: circuitNumber1HallCircuitPrunings=287494
%%%mzn-stat: circuitNumber1CircuitPreventPrunings=2634229
%%%mzn-stat: AverageConflictSize=9.531043685085525
%%%mzn-stat: NumUnitNogoodsLearned=0
%%%mzn-stat: AverageLearnedNogoodLength=59.26359853439851
%%%mzn-stat: AverageBacktrackAmount=0
%%%mzn-stat: AverageLbd=25.40812734424368
%%%mzn-stat: 2AutonomousSearchNumBackupCalled=3365
%%%mzn-stat: 2AutonomousSearchNumPredicatesRemoved=0
%%%mzn-stat: 2AutonomousSearchNumCalls=3371
%%%mzn-stat: 2AutonomousSearchNumPredicatesAdded=6249
%%%mzn-stat: 2AutonomousSearchAverageSizeOfHeap=3.4844259863541978
%%%mzn-stat: 2AutonomousSearchNumAssignedPredicatesEncountered=11746
%%%mzn-stat-end
maxleg = 378;
succ = array1d(1..50,[4, 5, 9, 8, 14, 7, 1, 10, 11, 3, 16, 18, 6, 20, 40, 17, 19, 23, 24, 28, 15, 13, 22, 30, 26, 31, 21, 34, 35, 39, 36, 38, 12, 42, 25, 32, 29, 44, 45, 2, 33, 47, 37, 48, 49, 43, 41, 27, 50, 46]);
% time elapsed: 825.42 s
----------
%%%mzn-stat: initTime=0.01254464
%%%mzn-stat: objective=369
%%%mzn-stat: nodes=1128522
%%%mzn-stat: restarts=0
%%%mzn-stat: peakDepth=626
%%%mzn-stat: solveTime=825.214683648
%%%mzn-stat: variables=1141
%%%mzn-stat: propagators=836
%%%mzn-stat: failures=1106167
%%%mzn-stat: propagations=22085863
%%%mzn-stat: nogoods=1106167
%%%mzn-stat: numAtomicConstraintsPropagated=0
%%%mzn-stat: circuitNumber1PropagationsTotal=4207765
%%%mzn-stat: circuitNumber1CircuitConflicts=176927
%%%mzn-stat: circuitNumber1AlldiffConflicts=68162
%%%mzn-stat: circuitNumber1TotalFixedEdgesAtConflict=8958618
%%%mzn-stat: circuitNumber1NumberOfConflicts=245089
%%%mzn-stat: circuitNumber1GacPrunings=12460640
%%%mzn-stat: circuitNumber1PropagationsThatGacPruned=2667768
%%%mzn-stat: circuitNumber1TotalPruningHallSetSize=44966175
%%%mzn-stat: circuitNumber1NumberOfPruningExplanations=12460640
%%%mzn-stat: circuitNumber1MaxPruningHallSetSize=45
%%%mzn-stat: circuitNumber1TotalSccSizeAtPruning=28261880
%%%mzn-stat: circuitNumber1NumberOfSccPruningCalls=2667768
%%%mzn-stat: circuitNumber1TotalVarsInvolvedInPruning=9870813
%%%mzn-stat: circuitNumber1MaxValuesPrunedFromSingleVar=9
%%%mzn-stat: circuitNumber1HallCircuitChecks=5815143
%%%mzn-stat: circuitNumber1HallCircuitPrunings=287500
%%%mzn-stat: circuitNumber1CircuitPreventPrunings=2634247
%%%mzn-stat: AverageConflictSize=9.531043685085525
%%%mzn-stat: NumUnitNogoodsLearned=0
%%%mzn-stat: AverageLearnedNogoodLength=59.26359853439851
%%%mzn-stat: AverageBacktrackAmount=0
%%%mzn-stat: AverageLbd=25.40812734424368
%%%mzn-stat: 2AutonomousSearchNumBackupCalled=3891
%%%mzn-stat: 2AutonomousSearchNumPredicatesRemoved=0
%%%mzn-stat: 2AutonomousSearchNumCalls=3898
%%%mzn-stat: 2AutonomousSearchNumPredicatesAdded=6249
%%%mzn-stat: 2AutonomousSearchAverageSizeOfHeap=3.5802975885069266
%%%mzn-stat: 2AutonomousSearchNumAssignedPredicatesEncountered=13956
%%%mzn-stat-end
maxleg = 369;
succ = array1d(1..50,[4, 5, 9, 8, 14, 7, 1, 10, 11, 3, 16, 18, 6, 20, 40, 17, 19, 23, 24, 28, 15, 13, 22, 30, 26, 31, 21, 34, 35, 39, 36, 38, 41, 42, 25, 32, 29, 44, 45, 2, 12, 47, 37, 48, 49, 43, 33, 27, 50, 46]);
% time elapsed: 825.44 s
----------
%%%mzn-stat: initTime=0.01254464
%%%mzn-stat: objective=365
%%%mzn-stat: nodes=1338570
%%%mzn-stat: restarts=0
%%%mzn-stat: peakDepth=626
%%%mzn-stat: solveTime=1026.457685905
%%%mzn-stat: variables=1141
%%%mzn-stat: propagators=836
%%%mzn-stat: failures=1314278
%%%mzn-stat: propagations=27716914
%%%mzn-stat: nogoods=1314278
%%%mzn-stat: numAtomicConstraintsPropagated=0
%%%mzn-stat: circuitNumber1PropagationsTotal=5304943
%%%mzn-stat: circuitNumber1CircuitConflicts=364725
%%%mzn-stat: circuitNumber1AlldiffConflicts=68174
%%%mzn-stat: circuitNumber1TotalFixedEdgesAtConflict=17057348
%%%mzn-stat: circuitNumber1NumberOfConflicts=432899
%%%mzn-stat: circuitNumber1GacPrunings=13918727
%%%mzn-stat: circuitNumber1PropagationsThatGacPruned=3281449
%%%mzn-stat: circuitNumber1TotalPruningHallSetSize=47195532
%%%mzn-stat: circuitNumber1NumberOfPruningExplanations=13918727
%%%mzn-stat: circuitNumber1MaxPruningHallSetSize=45
%%%mzn-stat: circuitNumber1TotalSccSizeAtPruning=29629486
%%%mzn-stat: circuitNumber1NumberOfSccPruningCalls=3281449
%%%mzn-stat: circuitNumber1TotalVarsInvolvedInPruning=11187848
%%%mzn-stat: circuitNumber1MaxValuesPrunedFromSingleVar=9
%%%mzn-stat: circuitNumber1HallCircuitChecks=7913158
%%%mzn-stat: circuitNumber1HallCircuitPrunings=495496
%%%mzn-stat: circuitNumber1CircuitPreventPrunings=3218524
%%%mzn-stat: AverageConflictSize=9.510732128210318
%%%mzn-stat: NumUnitNogoodsLearned=0
%%%mzn-stat: AverageLearnedNogoodLength=56.21182276504666
%%%mzn-stat: AverageBacktrackAmount=0
%%%mzn-stat: AverageLbd=26.19698419968987
%%%mzn-stat: 2AutonomousSearchNumBackupCalled=4433
%%%mzn-stat: 2AutonomousSearchNumPredicatesRemoved=0
%%%mzn-stat: 2AutonomousSearchNumCalls=4441
%%%mzn-stat: 2AutonomousSearchNumPredicatesAdded=7638
%%%mzn-stat: 2AutonomousSearchAverageSizeOfHeap=3.6462508444044133
%%%mzn-stat: 2AutonomousSearchNumAssignedPredicatesEncountered=16193
%%%mzn-stat-end
maxleg = 365;
succ = array1d(1..50,[4, 5, 9, 8, 14, 7, 1, 10, 11, 3, 16, 18, 6, 20, 40, 17, 19, 23, 24, 28, 25, 13, 26, 30, 22, 31, 21, 34, 15, 39, 36, 38, 41, 42, 29, 32, 35, 44, 45, 2, 12, 47, 37, 48, 49, 43, 33, 27, 50, 46]);
% time elapsed: 1026.68 s
----------
%%%mzn-stat: initTime=0.01254464
%%%mzn-stat: objective=364
%%%mzn-stat: nodes=1339142
%%%mzn-stat: restarts=0
%%%mzn-stat: peakDepth=626
%%%mzn-stat: solveTime=1026.471942526
%%%mzn-stat: variables=1141
%%%mzn-stat: propagators=836
%%%mzn-stat: failures=1314282
%%%mzn-stat: propagations=27718411
%%%mzn-stat: nogoods=1314282
%%%mzn-stat: numAtomicConstraintsPropagated=0
%%%mzn-stat: circuitNumber1PropagationsTotal=5305047
%%%mzn-stat: circuitNumber1CircuitConflicts=364727
%%%mzn-stat: circuitNumber1AlldiffConflicts=68174
%%%mzn-stat: circuitNumber1TotalFixedEdgesAtConflict=17057396
%%%mzn-stat: circuitNumber1NumberOfConflicts=432901
%%%mzn-stat: circuitNumber1GacPrunings=13919115
%%%mzn-stat: circuitNumber1PropagationsThatGacPruned=3281503
%%%mzn-stat: circuitNumber1TotalPruningHallSetSize=47197278
%%%mzn-stat: circuitNumber1NumberOfPruningExplanations=13919115
%%%mzn-stat: circuitNumber1MaxPruningHallSetSize=45
%%%mzn-stat: circuitNumber1TotalSccSizeAtPruning=29630026
%%%mzn-stat: circuitNumber1NumberOfSccPruningCalls=3281503
%%%mzn-stat: circuitNumber1TotalVarsInvolvedInPruning=11188166
%%%mzn-stat: circuitNumber1MaxValuesPrunedFromSingleVar=9
%%%mzn-stat: circuitNumber1HallCircuitChecks=7913350
%%%mzn-stat: circuitNumber1HallCircuitPrunings=495502
%%%mzn-stat: circuitNumber1CircuitPreventPrunings=3218554
%%%mzn-stat: AverageConflictSize=9.510718399856348
%%%mzn-stat: NumUnitNogoodsLearned=0
%%%mzn-stat: AverageLearnedNogoodLength=56.21178179416594
%%%mzn-stat: AverageBacktrackAmount=0
%%%mzn-stat: AverageLbd=26.196936426124683
%%%mzn-stat: 2AutonomousSearchNumBackupCalled=4963
%%%mzn-stat: 2AutonomousSearchNumPredicatesRemoved=0
%%%mzn-stat: 2AutonomousSearchNumCalls=4972
%%%mzn-stat: 2AutonomousSearchNumPredicatesAdded=7842
%%%mzn-stat: 2AutonomousSearchAverageSizeOfHeap=3.7222445695897024
%%%mzn-stat: 2AutonomousSearchNumAssignedPredicatesEncountered=18507
%%%mzn-stat-end
maxleg = 364;
succ = array1d(1..50,[4, 5, 9, 8, 14, 7, 1, 10, 11, 3, 16, 18, 6, 20, 40, 17, 19, 47, 24, 29, 25, 13, 33, 28, 26, 31, 36, 37, 21, 34, 27, 23, 41, 39, 43, 44, 15, 32, 45, 2, 12, 30, 50, 48, 49, 35, 42, 38, 46, 22]);
% time elapsed: 1026.70 s
----------
%%%mzn-stat: initTime=0.01254464
%%%mzn-stat: objective=358
%%%mzn-stat: nodes=1339693
%%%mzn-stat: restarts=0
%%%mzn-stat: peakDepth=626
%%%mzn-stat: solveTime=1026.481997644
%%%mzn-stat: variables=1141
%%%mzn-stat: propagators=836
%%%mzn-stat: failures=1314282
%%%mzn-stat: propagations=27719836
%%%mzn-stat: nogoods=1314282
%%%mzn-stat: numAtomicConstraintsPropagated=0
%%%mzn-stat: circuitNumber1PropagationsTotal=5305123
%%%mzn-stat: circuitNumber1CircuitConflicts=364727
%%%mzn-stat: circuitNumber1AlldiffConflicts=68174
%%%mzn-stat: circuitNumber1TotalFixedEdgesAtConflict=17057396
%%%mzn-stat: circuitNumber1NumberOfConflicts=432901
%%%mzn-stat: circuitNumber1GacPrunings=13919410
%%%mzn-stat: circuitNumber1PropagationsThatGacPruned=3281542
%%%mzn-stat: circuitNumber1TotalPruningHallSetSize=47198343
%%%mzn-stat: circuitNumber1NumberOfPruningExplanations=13919410
%%%mzn-stat: circuitNumber1MaxPruningHallSetSize=45
%%%mzn-stat: circuitNumber1TotalSccSizeAtPruning=29630246
%%%mzn-stat: circuitNumber1NumberOfSccPruningCalls=3281542
%%%mzn-stat: circuitNumber1TotalVarsInvolvedInPruning=11188416
%%%mzn-stat: circuitNumber1MaxValuesPrunedFromSingleVar=9
%%%mzn-stat: circuitNumber1HallCircuitChecks=7913493
%%%mzn-stat: circuitNumber1HallCircuitPrunings=495506
%%%mzn-stat: circuitNumber1CircuitPreventPrunings=3218575
%%%mzn-stat: AverageConflictSize=9.510718399856348
%%%mzn-stat: NumUnitNogoodsLearned=0
%%%mzn-stat: AverageLearnedNogoodLength=56.21178179416594
%%%mzn-stat: AverageBacktrackAmount=0
%%%mzn-stat: AverageLbd=26.196936426124683
%%%mzn-stat: 2AutonomousSearchNumBackupCalled=5479
%%%mzn-stat: 2AutonomousSearchNumPredicatesRemoved=0
%%%mzn-stat: 2AutonomousSearchNumCalls=5489
%%%mzn-stat: 2AutonomousSearchNumPredicatesAdded=7842
%%%mzn-stat: 2AutonomousSearchAverageSizeOfHeap=3.7932228092548734
%%%mzn-stat: 2AutonomousSearchNumAssignedPredicatesEncountered=20821
%%%mzn-stat-end
maxleg = 358;
succ = array1d(1..50,[4, 5, 9, 8, 14, 7, 1, 10, 11, 3, 16, 18, 6, 20, 40, 17, 19, 47, 24, 29, 25, 13, 33, 28, 26, 31, 36, 37, 21, 34, 38, 23, 41, 39, 43, 32, 15, 44, 45, 2, 12, 30, 50, 48, 49, 35, 42, 27, 46, 22]);
% time elapsed: 1026.72 s
----------
%%%mzn-stat: initTime=0.01254464
%%%mzn-stat: objective=356
%%%mzn-stat: nodes=1340286
%%%mzn-stat: restarts=0
%%%mzn-stat: peakDepth=626
%%%mzn-stat: solveTime=1026.528408147
%%%mzn-stat: variables=1141
%%%mzn-stat: propagators=836
%%%mzn-stat: failures=1314319
%%%mzn-stat: propagations=27722282
%%%mzn-stat: nogoods=1314319
%%%mzn-stat: numAtomicConstraintsPropagated=0
%%%mzn-stat: circuitNumber1PropagationsTotal=5305385
%%%mzn-stat: circuitNumber1CircuitConflicts=364741
%%%mzn-stat: circuitNumber1AlldiffConflicts=68174
%%%mzn-stat: circuitNumber1TotalFixedEdgesAtConflict=17057752
%%%mzn-stat: circuitNumber1NumberOfConflicts=432915
%%%mzn-stat: circuitNumber1GacPrunings=13920294
%%%mzn-stat: circuitNumber1PropagationsThatGacPruned=3281691
%%%mzn-stat: circuitNumber1TotalPruningHallSetSize=47204848
%%%mzn-stat: circuitNumber1NumberOfPruningExplanations=13920294
%%%mzn-stat: circuitNumber1MaxPruningHallSetSize=45
%%%mzn-stat: circuitNumber1TotalSccSizeAtPruning=29633198
%%%mzn-stat: circuitNumber1NumberOfSccPruningCalls=3281691
%%%mzn-stat: circuitNumber1TotalVarsInvolvedInPruning=11189110
%%%mzn-stat: circuitNumber1MaxValuesPrunedFromSingleVar=9
%%%mzn-stat: circuitNumber1HallCircuitChecks=7913836
%%%mzn-stat: circuitNumber1HallCircuitPrunings=495519
%%%mzn-stat: circuitNumber1CircuitPreventPrunings=3218689
%%%mzn-stat: AverageConflictSize=9.510612720351757
%%%mzn-stat: NumUnitNogoodsLearned=0
%%%mzn-stat: AverageLearnedNogoodLength=56.21182224406708
%%%mzn-stat: AverageBacktrackAmount=0
%%%mzn-stat: AverageLbd=26.19660980325172
%%%mzn-stat: 2AutonomousSearchNumBackupCalled=5997
%%%mzn-stat: 2AutonomousSearchNumPredicatesRemoved=0
%%%mzn-stat: 2AutonomousSearchNumCalls=6008
%%%mzn-stat: 2AutonomousSearchNumPredicatesAdded=8830
%%%mzn-stat: 2AutonomousSearchAverageSizeOfHeap=3.877330226364847
%%%mzn-stat: 2AutonomousSearchNumAssignedPredicatesEncountered=23295
%%%mzn-stat-end
maxleg = 356;
succ = array1d(1..50,[4, 5, 9, 8, 40, 7, 1, 10, 11, 3, 16, 18, 6, 2, 20, 33, 19, 23, 24, 28, 14, 13, 25, 30, 26, 31, 21, 17, 35, 34, 36, 38, 41, 39, 37, 32, 43, 44, 47, 15, 12, 45, 46, 48, 49, 50, 42, 27, 29, 22]);
% time elapsed: 1026.77 s
----------
%%%mzn-stat: initTime=0.01254464
%%%mzn-stat: objective=345
%%%mzn-stat: nodes=1462956
%%%mzn-stat: restarts=0
%%%mzn-stat: peakDepth=626
%%%mzn-stat: solveTime=1145.166306922
%%%mzn-stat: variables=1141
%%%mzn-stat: propagators=836
%%%mzn-stat: failures=1429108
%%%mzn-stat: propagations=30869951
%%%mzn-stat: nogoods=1429108
%%%mzn-stat: numAtomicConstraintsPropagated=0
%%%mzn-stat: circuitNumber1PropagationsTotal=5919402
%%%mzn-stat: circuitNumber1CircuitConflicts=470640
%%%mzn-stat: circuitNumber1AlldiffConflicts=68216
%%%mzn-stat: circuitNumber1TotalFixedEdgesAtConflict=21541449
%%%mzn-stat: circuitNumber1NumberOfConflicts=538856
%%%mzn-stat: circuitNumber1GacPrunings=14720123
%%%mzn-stat: circuitNumber1PropagationsThatGacPruned=3609880
%%%mzn-stat: circuitNumber1TotalPruningHallSetSize=48496008
%%%mzn-stat: circuitNumber1NumberOfPruningExplanations=14720123
%%%mzn-stat: circuitNumber1MaxPruningHallSetSize=45
%%%mzn-stat: circuitNumber1TotalSccSizeAtPruning=30434174
%%%mzn-stat: circuitNumber1NumberOfSccPruningCalls=3609880
%%%mzn-stat: circuitNumber1TotalVarsInvolvedInPruning=11898138
%%%mzn-stat: circuitNumber1MaxValuesPrunedFromSingleVar=9
%%%mzn-stat: circuitNumber1HallCircuitChecks=9196380
%%%mzn-stat: circuitNumber1HallCircuitPrunings=610872
%%%mzn-stat: circuitNumber1CircuitPreventPrunings=3525815
%%%mzn-stat: AverageConflictSize=10.82111568894723
%%%mzn-stat: NumUnitNogoodsLearned=0
%%%mzn-stat: AverageLearnedNogoodLength=54.99276331809772
%%%mzn-stat: AverageBacktrackAmount=0
%%%mzn-stat: AverageLbd=26.45290069050065
%%%mzn-stat: 2AutonomousSearchNumBackupCalled=6492
%%%mzn-stat: 2AutonomousSearchNumPredicatesRemoved=0
%%%mzn-stat: 2AutonomousSearchNumCalls=6504
%%%mzn-stat: 2AutonomousSearchNumPredicatesAdded=10108
%%%mzn-stat: 2AutonomousSearchAverageSizeOfHeap=3.965559655596556
%%%mzn-stat: 2AutonomousSearchNumAssignedPredicatesEncountered=25792
%%%mzn-stat-end
maxleg = 345;
succ = array1d(1..50,[4, 5, 9, 8, 40, 7, 1, 10, 11, 3, 16, 18, 6, 2, 20, 33, 19, 23, 24, 28, 14, 13, 26, 30, 22, 31, 21, 17, 35, 34, 36, 38, 41, 39, 25, 32, 29, 44, 47, 15, 12, 45, 37, 48, 49, 43, 42, 27, 50, 46]);
% time elapsed: 1145.41 s
----------
%%%mzn-stat: initTime=0.01254464
%%%mzn-stat: objective=339
%%%mzn-stat: nodes=1463499
%%%mzn-stat: restarts=0
%%%mzn-stat: peakDepth=626
%%%mzn-stat: solveTime=1145.192019857
%%%mzn-stat: variables=1141
%%%mzn-stat: propagators=836
%%%mzn-stat: failures=1429135
%%%mzn-stat: propagations=30872076
%%%mzn-stat: nogoods=1429135
%%%mzn-stat: numAtomicConstraintsPropagated=0
%%%mzn-stat: circuitNumber1PropagationsTotal=5919572
%%%mzn-stat: circuitNumber1CircuitConflicts=470658
%%%mzn-stat: circuitNumber1AlldiffConflicts=68216
%%%mzn-stat: circuitNumber1TotalFixedEdgesAtConflict=21541836
%%%mzn-stat: circuitNumber1NumberOfConflicts=538874
%%%mzn-stat: circuitNumber1GacPrunings=14720645
%%%mzn-stat: circuitNumber1PropagationsThatGacPruned=3609965
%%%mzn-stat: circuitNumber1TotalPruningHallSetSize=48499084
%%%mzn-stat: circuitNumber1NumberOfPruningExplanations=14720645
%%%mzn-stat: circuitNumber1MaxPruningHallSetSize=45
%%%mzn-stat: circuitNumber1TotalSccSizeAtPruning=30435889
%%%mzn-stat: circuitNumber1NumberOfSccPruningCalls=3609965
%%%mzn-stat: circuitNumber1TotalVarsInvolvedInPruning=11898588
%%%mzn-stat: circuitNumber1MaxValuesPrunedFromSingleVar=9
%%%mzn-stat: circuitNumber1HallCircuitChecks=9196589
%%%mzn-stat: circuitNumber1HallCircuitPrunings=610880
%%%mzn-stat: circuitNumber1CircuitPreventPrunings=3525859
%%%mzn-stat: AverageConflictSize=10.820993118214865
%%%mzn-stat: NumUnitNogoodsLearned=0
%%%mzn-stat: AverageLearnedNogoodLength=54.99302235268187
%%%mzn-stat: AverageBacktrackAmount=0
%%%mzn-stat: AverageLbd=26.452639533703955
%%%mzn-stat: 2AutonomousSearchNumBackupCalled=6970
%%%mzn-stat: 2AutonomousSearchNumPredicatesRemoved=0
%%%mzn-stat: 2AutonomousSearchNumCalls=6983
%%%mzn-stat: 2AutonomousSearchNumPredicatesAdded=10624
%%%mzn-stat: 2AutonomousSearchAverageSizeOfHeap=4.062007733066017
%%%mzn-stat: 2AutonomousSearchNumAssignedPredicatesEncountered=28365
%%%mzn-stat-end
maxleg = 339;
succ = array1d(1..50,[4, 5, 9, 8, 40, 7, 1, 10, 11, 16, 17, 18, 6, 2, 20, 33, 19, 3, 24, 28, 14, 13, 22, 30, 26, 31, 36, 29, 35, 34, 38, 23, 41, 39, 25, 32, 21, 44, 47, 15, 12, 45, 37, 48, 49, 43, 42, 27, 50, 46]);
% time elapsed: 1145.44 s
----------
%%%mzn-stat: initTime=0.01254464
%%%mzn-stat: objective=332
%%%mzn-stat: nodes=1464000
%%%mzn-stat: restarts=0
%%%mzn-stat: peakDepth=626
%%%mzn-stat: solveTime=1145.202701727
%%%mzn-stat: variables=1141
%%%mzn-stat: propagators=836
%%%mzn-stat: failures=1429135
%%%mzn-stat: propagations=30873529
%%%mzn-stat: nogoods=1429135
%%%mzn-stat: numAtomicConstraintsPropagated=0
%%%mzn-stat: circuitNumber1PropagationsTotal=5919651
%%%mzn-stat: circuitNumber1CircuitConflicts=470658
%%%mzn-stat: circuitNumber1AlldiffConflicts=68216
%%%mzn-stat: circuitNumber1TotalFixedEdgesAtConflict=21541836
%%%mzn-stat: circuitNumber1NumberOfConflicts=538874
%%%mzn-stat: circuitNumber1GacPrunings=14720901
%%%mzn-stat: circuitNumber1PropagationsThatGacPruned=3610004
%%%mzn-stat: circuitNumber1TotalPruningHallSetSize=48499574
%%%mzn-stat: circuitNumber1NumberOfPruningExplanations=14720901
%%%mzn-stat: circuitNumber1MaxPruningHallSetSize=45
%%%mzn-stat: circuitNumber1TotalSccSizeAtPruning=30435983
%%%mzn-stat: circuitNumber1NumberOfSccPruningCalls=3610004
%%%mzn-stat: circuitNumber1TotalVarsInvolvedInPruning=11898824
%%%mzn-stat: circuitNumber1MaxValuesPrunedFromSingleVar=9
%%%mzn-stat: circuitNumber1HallCircuitChecks=9196725
%%%mzn-stat: circuitNumber1HallCircuitPrunings=610888
%%%mzn-stat: circuitNumber1CircuitPreventPrunings=3525875
%%%mzn-stat: AverageConflictSize=10.820993118214865
%%%mzn-stat: NumUnitNogoodsLearned=0
%%%mzn-stat: AverageLearnedNogoodLength=54.99302235268187
%%%mzn-stat: AverageBacktrackAmount=0
%%%mzn-stat: AverageLbd=26.452639533703955
%%%mzn-stat: 2AutonomousSearchNumBackupCalled=7433
%%%mzn-stat: 2AutonomousSearchNumPredicatesRemoved=0
%%%mzn-stat: 2AutonomousSearchNumCalls=7447
%%%mzn-stat: 2AutonomousSearchNumPredicatesAdded=10624
%%%mzn-stat: 2AutonomousSearchAverageSizeOfHeap=4.154424600510272
%%%mzn-stat: 2AutonomousSearchNumAssignedPredicatesEncountered=30938
%%%mzn-stat-end
maxleg = 332;
succ = array1d(1..50,[4, 5, 9, 8, 40, 7, 1, 10, 11, 16, 17, 18, 6, 2, 20, 33, 19, 3, 24, 28, 14, 13, 22, 30, 26, 31, 36, 29, 35, 34, 48, 23, 41, 39, 25, 32, 21, 27, 47, 15, 12, 45, 37, 38, 49, 43, 42, 44, 50, 46]);
% time elapsed: 1145.46 s
----------
%%%mzn-stat: initTime=0.01254464
%%%mzn-stat: objective=323
%%%mzn-stat: nodes=1464507
%%%mzn-stat: restarts=0
%%%mzn-stat: peakDepth=626
%%%mzn-stat: solveTime=1145.213416006
%%%mzn-stat: variables=1141
%%%mzn-stat: propagators=836
%%%mzn-stat: failures=1429135
%%%mzn-stat: propagations=30875008
%%%mzn-stat: nogoods=1429135
%%%mzn-stat: numAtomicConstraintsPropagated=0
%%%mzn-stat: circuitNumber1PropagationsTotal=5919730
%%%mzn-stat: circuitNumber1CircuitConflicts=470658
%%%mzn-stat: circuitNumber1AlldiffConflicts=68216
%%%mzn-stat: circuitNumber1TotalFixedEdgesAtConflict=21541836
%%%mzn-stat: circuitNumber1NumberOfConflicts=538874
%%%mzn-stat: circuitNumber1GacPrunings=14721153
%%%mzn-stat: circuitNumber1PropagationsThatGacPruned=3610043
%%%mzn-stat: circuitNumber1TotalPruningHallSetSize=48500060
%%%mzn-stat: circuitNumber1NumberOfPruningExplanations=14721153
%%%mzn-stat: circuitNumber1MaxPruningHallSetSize=45
%%%mzn-stat: circuitNumber1TotalSccSizeAtPruning=30436077
%%%mzn-stat: circuitNumber1NumberOfSccPruningCalls=3610043
%%%mzn-stat: circuitNumber1TotalVarsInvolvedInPruning=11899056
%%%mzn-stat: circuitNumber1MaxValuesPrunedFromSingleVar=9
%%%mzn-stat: circuitNumber1HallCircuitChecks=9196859
%%%mzn-stat: circuitNumber1HallCircuitPrunings=610895
%%%mzn-stat: circuitNumber1CircuitPreventPrunings=3525893
%%%mzn-stat: AverageConflictSize=10.820993118214865
%%%mzn-stat: NumUnitNogoodsLearned=0
%%%mzn-stat: AverageLearnedNogoodLength=54.99302235268187
%%%mzn-stat: AverageBacktrackAmount=0
%%%mzn-stat: AverageLbd=26.452639533703955
%%%mzn-stat: 2AutonomousSearchNumBackupCalled=7903
%%%mzn-stat: 2AutonomousSearchNumPredicatesRemoved=0
%%%mzn-stat: 2AutonomousSearchNumCalls=7918
%%%mzn-stat: 2AutonomousSearchNumPredicatesAdded=10624
%%%mzn-stat: 2AutonomousSearchAverageSizeOfHeap=4.232255620106088
%%%mzn-stat: 2AutonomousSearchNumAssignedPredicatesEncountered=33511
%%%mzn-stat-end
maxleg = 323;
succ = array1d(1..50,[4, 5, 9, 8, 40, 7, 1, 10, 11, 16, 17, 18, 6, 2, 20, 33, 19, 3, 24, 28, 14, 13, 22, 30, 26, 31, 36, 29, 35, 34, 48, 23, 41, 39, 25, 32, 21, 44, 47, 15, 12, 45, 37, 27, 49, 43, 42, 38, 50, 46]);
% time elapsed: 1145.47 s
----------
%%%mzn-stat: initTime=0.01254464
%%%mzn-stat: objective=322
%%%mzn-stat: nodes=1465010
%%%mzn-stat: restarts=0
%%%mzn-stat: peakDepth=626
%%%mzn-stat: solveTime=1145.224940598
%%%mzn-stat: variables=1141
%%%mzn-stat: propagators=836
%%%mzn-stat: failures=1429136
%%%mzn-stat: propagations=30876451
%%%mzn-stat: nogoods=1429136
%%%mzn-stat: numAtomicConstraintsPropagated=0
%%%mzn-stat: circuitNumber1PropagationsTotal=5919812
%%%mzn-stat: circuitNumber1CircuitConflicts=470659
%%%mzn-stat: circuitNumber1AlldiffConflicts=68216
%%%mzn-stat: circuitNumber1TotalFixedEdgesAtConflict=21541859
%%%mzn-stat: circuitNumber1NumberOfConflicts=538875
%%%mzn-stat: circuitNumber1GacPrunings=14721438
%%%mzn-stat: circuitNumber1PropagationsThatGacPruned=3610083
%%%mzn-stat: circuitNumber1TotalPruningHallSetSize=48500767
%%%mzn-stat: circuitNumber1NumberOfPruningExplanations=14721438
%%%mzn-stat: circuitNumber1MaxPruningHallSetSize=45
%%%mzn-stat: circuitNumber1TotalSccSizeAtPruning=30436212
%%%mzn-stat: circuitNumber1NumberOfSccPruningCalls=3610083
%%%mzn-stat: circuitNumber1TotalVarsInvolvedInPruning=11899301
%%%mzn-stat: circuitNumber1MaxValuesPrunedFromSingleVar=9
%%%mzn-stat: circuitNumber1HallCircuitChecks=9196985
%%%mzn-stat: circuitNumber1HallCircuitPrunings=610901
%%%mzn-stat: circuitNumber1CircuitPreventPrunings=3525914
%%%mzn-stat: AverageConflictSize=10.820986945958957
%%%mzn-stat: NumUnitNogoodsLearned=0
%%%mzn-stat: AverageLearnedNogoodLength=54.99299296917858
%%%mzn-stat: AverageBacktrackAmount=0
%%%mzn-stat: AverageLbd=26.452624522788593
%%%mzn-stat: 2AutonomousSearchNumBackupCalled=8370
%%%mzn-stat: 2AutonomousSearchNumPredicatesRemoved=0
%%%mzn-stat: 2AutonomousSearchNumCalls=8386
%%%mzn-stat: 2AutonomousSearchNumPredicatesAdded=10681
%%%mzn-stat: 2AutonomousSearchAverageSizeOfHeap=4.3028857619842595
%%%mzn-stat: 2AutonomousSearchNumAssignedPredicatesEncountered=36084
%%%mzn-stat-end
maxleg = 322;
succ = array1d(1..50,[4, 5, 9, 8, 40, 7, 1, 10, 11, 16, 17, 18, 6, 2, 20, 33, 19, 3, 24, 29, 14, 13, 22, 28, 26, 31, 36, 47, 35, 34, 48, 23, 41, 39, 25, 32, 21, 44, 45, 15, 12, 30, 37, 27, 49, 43, 42, 38, 50, 46]);
% time elapsed: 1145.49 s
----------
%%%mzn-stat: initTime=0.01254464
%%%mzn-stat: objective=316
%%%mzn-stat: nodes=1495269
%%%mzn-stat: restarts=0
%%%mzn-stat: peakDepth=626
%%%mzn-stat: solveTime=1175.601302539
%%%mzn-stat: variables=1141
%%%mzn-stat: propagators=836
%%%mzn-stat: failures=1458420
%%%mzn-stat: propagations=31776133
%%%mzn-stat: nogoods=1458420
%%%mzn-stat: numAtomicConstraintsPropagated=0
%%%mzn-stat: circuitNumber1PropagationsTotal=6073201
%%%mzn-stat: circuitNumber1CircuitConflicts=497023
%%%mzn-stat: circuitNumber1AlldiffConflicts=68240
%%%mzn-stat: circuitNumber1TotalFixedEdgesAtConflict=22708616
%%%mzn-stat: circuitNumber1NumberOfConflicts=565263
%%%mzn-stat: circuitNumber1GacPrunings=14913791
%%%mzn-stat: circuitNumber1PropagationsThatGacPruned=3693301
%%%mzn-stat: circuitNumber1TotalPruningHallSetSize=48807463
%%%mzn-stat: circuitNumber1NumberOfPruningExplanations=14913791
%%%mzn-stat: circuitNumber1MaxPruningHallSetSize=45
%%%mzn-stat: circuitNumber1TotalSccSizeAtPruning=30639299
%%%mzn-stat: circuitNumber1NumberOfSccPruningCalls=3693301
%%%mzn-stat: circuitNumber1TotalVarsInvolvedInPruning=12069522
%%%mzn-stat: circuitNumber1MaxValuesPrunedFromSingleVar=9
%%%mzn-stat: circuitNumber1HallCircuitChecks=9456688
%%%mzn-stat: circuitNumber1HallCircuitPrunings=640446
%%%mzn-stat: circuitNumber1CircuitPreventPrunings=3602787
%%%mzn-stat: AverageConflictSize=10.823293701402887
%%%mzn-stat: NumUnitNogoodsLearned=0
%%%mzn-stat: AverageLearnedNogoodLength=54.76516641296746
%%%mzn-stat: AverageBacktrackAmount=0
%%%mzn-stat: AverageLbd=26.515316575472085
%%%mzn-stat: 2AutonomousSearchNumBackupCalled=8836
%%%mzn-stat: 2AutonomousSearchNumPredicatesRemoved=0
%%%mzn-stat: 2AutonomousSearchNumCalls=8853
%%%mzn-stat: 2AutonomousSearchNumPredicatesAdded=12322
%%%mzn-stat: 2AutonomousSearchAverageSizeOfHeap=4.371851349824918
%%%mzn-stat: 2AutonomousSearchNumAssignedPredicatesEncountered=38704
%%%mzn-stat-end
maxleg = 316;
succ = array1d(1..50,[4, 5, 9, 8, 40, 13, 1, 10, 11, 16, 17, 18, 7, 2, 20, 33, 19, 3, 24, 29, 6, 23, 26, 28, 22, 31, 21, 47, 35, 34, 36, 38, 41, 39, 25, 32, 14, 44, 45, 15, 12, 30, 37, 48, 49, 43, 42, 27, 50, 46]);
% time elapsed: 1175.87 s
----------
%%%mzn-stat: initTime=0.01254464
%%%mzn-stat: objective=311
%%%mzn-stat: nodes=1495749
%%%mzn-stat: restarts=0
%%%mzn-stat: peakDepth=626
%%%mzn-stat: solveTime=1175.611395796
%%%mzn-stat: variables=1141
%%%mzn-stat: propagators=836
%%%mzn-stat: failures=1458420
%%%mzn-stat: propagations=31777595
%%%mzn-stat: nogoods=1458420
%%%mzn-stat: numAtomicConstraintsPropagated=0
%%%mzn-stat: circuitNumber1PropagationsTotal=6073280
%%%mzn-stat: circuitNumber1CircuitConflicts=497023
%%%mzn-stat: circuitNumber1AlldiffConflicts=68240
%%%mzn-stat: circuitNumber1TotalFixedEdgesAtConflict=22708616
%%%mzn-stat: circuitNumber1NumberOfConflicts=565263
%%%mzn-stat: circuitNumber1GacPrunings=14914033
%%%mzn-stat: circuitNumber1PropagationsThatGacPruned=3693340
%%%mzn-stat: circuitNumber1TotalPruningHallSetSize=48807932
%%%mzn-stat: circuitNumber1NumberOfPruningExplanations=14914033
%%%mzn-stat: circuitNumber1MaxPruningHallSetSize=45
%%%mzn-stat: circuitNumber1TotalSccSizeAtPruning=30639444
%%%mzn-stat: circuitNumber1NumberOfSccPruningCalls=3693340
%%%mzn-stat: circuitNumber1TotalVarsInvolvedInPruning=12069745
%%%mzn-stat: circuitNumber1MaxValuesPrunedFromSingleVar=9
%%%mzn-stat: circuitNumber1HallCircuitChecks=9456795
%%%mzn-stat: circuitNumber1HallCircuitPrunings=640451
%%%mzn-stat: circuitNumber1CircuitPreventPrunings=3602812
%%%mzn-stat: AverageConflictSize=10.823293701402887
%%%mzn-stat: NumUnitNogoodsLearned=0
%%%mzn-stat: AverageLearnedNogoodLength=54.76516641296746
%%%mzn-stat: AverageBacktrackAmount=0
%%%mzn-stat: AverageLbd=26.515316575472085
%%%mzn-stat: 2AutonomousSearchNumBackupCalled=9281
%%%mzn-stat: 2AutonomousSearchNumPredicatesRemoved=0
%%%mzn-stat: 2AutonomousSearchNumCalls=9299
%%%mzn-stat: 2AutonomousSearchNumPredicatesAdded=12322
%%%mzn-stat: 2AutonomousSearchAverageSizeOfHeap=4.443918700935584
%%%mzn-stat: 2AutonomousSearchNumAssignedPredicatesEncountered=41324
%%%mzn-stat-end
maxleg = 311;
succ = array1d(1..50,[4, 5, 9, 8, 40, 13, 1, 10, 11, 16, 17, 18, 7, 2, 20, 33, 19, 3, 24, 29, 6, 23, 26, 28, 22, 32, 21, 47, 35, 34, 36, 38, 41, 39, 25, 27, 14, 44, 45, 15, 12, 30, 37, 48, 49, 43, 42, 31, 50, 46]);
% time elapsed: 1175.89 s
----------
%%%mzn-stat: initTime=0.01254464
%%%mzn-stat: objective=308
%%%mzn-stat: nodes=1496303
%%%mzn-stat: restarts=0
%%%mzn-stat: peakDepth=626
%%%mzn-stat: solveTime=1175.701882582
%%%mzn-stat: variables=1141
%%%mzn-stat: propagators=836
%%%mzn-stat: failures=1458480
%%%mzn-stat: propagations=31781863
%%%mzn-stat: nogoods=1458480
%%%mzn-stat: numAtomicConstraintsPropagated=0
%%%mzn-stat: circuitNumber1PropagationsTotal=6073763
%%%mzn-stat: circuitNumber1CircuitConflicts=497066
%%%mzn-stat: circuitNumber1AlldiffConflicts=68242
%%%mzn-stat: circuitNumber1TotalFixedEdgesAtConflict=22710283
%%%mzn-stat: circuitNumber1NumberOfConflicts=565308
%%%mzn-stat: circuitNumber1GacPrunings=14915225
%%%mzn-stat: circuitNumber1PropagationsThatGacPruned=3693626
%%%mzn-stat: circuitNumber1TotalPruningHallSetSize=48810844
%%%mzn-stat: circuitNumber1NumberOfPruningExplanations=14915225
%%%mzn-stat: circuitNumber1MaxPruningHallSetSize=45
%%%mzn-stat: circuitNumber1TotalSccSizeAtPruning=30640477
%%%mzn-stat: circuitNumber1NumberOfSccPruningCalls=3693626
%%%mzn-stat: circuitNumber1TotalVarsInvolvedInPruning=12070695
%%%mzn-stat: circuitNumber1MaxValuesPrunedFromSingleVar=10
%%%mzn-stat: circuitNumber1HallCircuitChecks=9457626
%%%mzn-stat: circuitNumber1HallCircuitPrunings=640520
%%%mzn-stat: circuitNumber1CircuitPreventPrunings=3603094
%%%mzn-stat: AverageConflictSize=10.82329754264714
%%%mzn-stat: NumUnitNogoodsLearned=0
%%%mzn-stat: AverageLearnedNogoodLength=54.764641956008994
%%%mzn-stat: AverageBacktrackAmount=0
%%%mzn-stat: AverageLbd=26.515176759365914
%%%mzn-stat: 2AutonomousSearchNumBackupCalled=9736
%%%mzn-stat: 2AutonomousSearchNumPredicatesRemoved=0
%%%mzn-stat: 2AutonomousSearchNumCalls=9755
%%%mzn-stat: 2AutonomousSearchNumPredicatesAdded=12900
%%%mzn-stat: 2AutonomousSearchAverageSizeOfHeap=4.506099436186571
%%%mzn-stat: 2AutonomousSearchNumAssignedPredicatesEncountered=43957
%%%mzn-stat-end
maxleg = 308;
succ = array1d(1..50,[4, 5, 9, 8, 40, 13, 1, 10, 11, 16, 17, 18, 7, 2, 20, 33, 19, 3, 47, 29, 6, 23, 26, 30, 22, 32, 21, 24, 35, 34, 36, 38, 41, 39, 25, 27, 14, 44, 42, 15, 12, 45, 37, 48, 49, 43, 28, 31, 50, 46]);
% time elapsed: 1175.98 s
----------
%%%mzn-stat: initTime=0.01254464
%%%mzn-stat: objective=306
%%%mzn-stat: nodes=1516936
%%%mzn-stat: restarts=0
%%%mzn-stat: peakDepth=626
%%%mzn-stat: solveTime=1194.246592464
%%%mzn-stat: variables=1141
%%%mzn-stat: propagators=836
%%%mzn-stat: failures=1478489
%%%mzn-stat: propagations=32373107
%%%mzn-stat: nogoods=1478489
%%%mzn-stat: numAtomicConstraintsPropagated=0
%%%mzn-stat: circuitNumber1PropagationsTotal=6177990
%%%mzn-stat: circuitNumber1CircuitConflicts=516986
%%%mzn-stat: circuitNumber1AlldiffConflicts=68243
%%%mzn-stat: circuitNumber1TotalFixedEdgesAtConflict=23556357
%%%mzn-stat: circuitNumber1NumberOfConflicts=585229
%%%mzn-stat: circuitNumber1GacPrunings=15034727
%%%mzn-stat: circuitNumber1PropagationsThatGacPruned=3747469
%%%mzn-stat: circuitNumber1TotalPruningHallSetSize=48998517
%%%mzn-stat: circuitNumber1NumberOfPruningExplanations=15034727
%%%mzn-stat: circuitNumber1MaxPruningHallSetSize=45
%%%mzn-stat: circuitNumber1TotalSccSizeAtPruning=30768584
%%%mzn-stat: circuitNumber1NumberOfSccPruningCalls=3747469
%%%mzn-stat: circuitNumber1TotalVarsInvolvedInPruning=12179400
%%%mzn-stat: circuitNumber1MaxValuesPrunedFromSingleVar=10
%%%mzn-stat: circuitNumber1HallCircuitChecks=9650165
%%%mzn-stat: circuitNumber1HallCircuitPrunings=661107
%%%mzn-stat: circuitNumber1CircuitPreventPrunings=3655469
%%%mzn-stat: AverageConflictSize=10.81203918324722
%%%mzn-stat: NumUnitNogoodsLearned=0
%%%mzn-stat: AverageLearnedNogoodLength=54.59830678483235
%%%mzn-stat: AverageBacktrackAmount=0
%%%mzn-stat: AverageLbd=26.561960217492317
%%%mzn-stat: 2AutonomousSearchNumBackupCalled=10182
%%%mzn-stat: 2AutonomousSearchNumPredicatesRemoved=0
%%%mzn-stat: 2AutonomousSearchNumCalls=10202
%%%mzn-stat: 2AutonomousSearchNumPredicatesAdded=14386
%%%mzn-stat: 2AutonomousSearchAverageSizeOfHeap=4.570476377180945
%%%mzn-stat: 2AutonomousSearchNumAssignedPredicatesEncountered=46628
%%%mzn-stat-end
maxleg = 306;
succ = array1d(1..50,[4, 5, 9, 8, 40, 13, 22, 10, 11, 16, 17, 18, 7, 2, 20, 33, 19, 3, 47, 29, 6, 1, 26, 30, 23, 32, 21, 24, 35, 34, 36, 38, 41, 39, 25, 27, 14, 44, 42, 15, 12, 45, 37, 48, 49, 43, 28, 31, 50, 46]);
% time elapsed: 1194.53 s
----------
%%%mzn-stat: initTime=0.01254464
%%%mzn-stat: objective=304
%%%mzn-stat: nodes=1517423
%%%mzn-stat: restarts=0
%%%mzn-stat: peakDepth=626
%%%mzn-stat: solveTime=1194.265149975
%%%mzn-stat: variables=1141
%%%mzn-stat: propagators=836
%%%mzn-stat: failures=1478496
%%%mzn-stat: propagations=32374906
%%%mzn-stat: nogoods=1478496
%%%mzn-stat: numAtomicConstraintsPropagated=0
%%%mzn-stat: circuitNumber1PropagationsTotal=6178127
%%%mzn-stat: circuitNumber1CircuitConflicts=516990
%%%mzn-stat: circuitNumber1AlldiffConflicts=68243
%%%mzn-stat: circuitNumber1TotalFixedEdgesAtConflict=23556519
%%%mzn-stat: circuitNumber1NumberOfConflicts=585233
%%%mzn-stat: circuitNumber1GacPrunings=15035077
%%%mzn-stat: circuitNumber1PropagationsThatGacPruned=3747540
%%%mzn-stat: circuitNumber1TotalPruningHallSetSize=48999500
%%%mzn-stat: circuitNumber1NumberOfPruningExplanations=15035077
%%%mzn-stat: circuitNumber1MaxPruningHallSetSize=45
%%%mzn-stat: circuitNumber1TotalSccSizeAtPruning=30768970
%%%mzn-stat: circuitNumber1NumberOfSccPruningCalls=3747540
%%%mzn-stat: circuitNumber1TotalVarsInvolvedInPruning=12179722
%%%mzn-stat: circuitNumber1MaxValuesPrunedFromSingleVar=10
%%%mzn-stat: circuitNumber1HallCircuitChecks=9650420
%%%mzn-stat: circuitNumber1HallCircuitPrunings=661115
%%%mzn-stat: circuitNumber1CircuitPreventPrunings=3655511
%%%mzn-stat: AverageConflictSize=10.812035338614375
%%%mzn-stat: NumUnitNogoodsLearned=0
%%%mzn-stat: AverageLearnedNogoodLength=54.59818626496115
%%%mzn-stat: AverageBacktrackAmount=0
%%%mzn-stat: AverageLbd=26.56187301149276
%%%mzn-stat: 2AutonomousSearchNumBackupCalled=10614
%%%mzn-stat: 2AutonomousSearchNumPredicatesRemoved=0
%%%mzn-stat: 2AutonomousSearchNumCalls=10635
%%%mzn-stat: 2AutonomousSearchNumPredicatesAdded=14656
%%%mzn-stat: 2AutonomousSearchAverageSizeOfHeap=4.63563704748472
%%%mzn-stat: 2AutonomousSearchNumAssignedPredicatesEncountered=49300
%%%mzn-stat-end
maxleg = 304;
succ = array1d(1..50,[4, 5, 9, 8, 40, 13, 22, 10, 11, 16, 17, 18, 7, 2, 20, 33, 19, 3, 47, 29, 6, 1, 26, 30, 23, 32, 44, 24, 35, 34, 36, 38, 41, 39, 25, 27, 14, 48, 42, 15, 12, 45, 37, 21, 49, 43, 28, 31, 50, 46]);
% time elapsed: 1194.55 s
----------
%%%mzn-stat: initTime=0.01254464
%%%mzn-stat: objective=295
%%%mzn-stat: nodes=1517918
%%%mzn-stat: restarts=0
%%%mzn-stat: peakDepth=626
%%%mzn-stat: solveTime=1194.291954421
%%%mzn-stat: variables=1141
%%%mzn-stat: propagators=836
%%%mzn-stat: failures=1478523
%%%mzn-stat: propagations=32377139
%%%mzn-stat: nogoods=1478523
%%%mzn-stat: numAtomicConstraintsPropagated=0
%%%mzn-stat: circuitNumber1PropagationsTotal=6178296
%%%mzn-stat: circuitNumber1CircuitConflicts=517008
%%%mzn-stat: circuitNumber1AlldiffConflicts=68243
%%%mzn-stat: circuitNumber1TotalFixedEdgesAtConflict=23556914
%%%mzn-stat: circuitNumber1NumberOfConflicts=585251
%%%mzn-stat: circuitNumber1GacPrunings=15035603
%%%mzn-stat: circuitNumber1PropagationsThatGacPruned=3747625
%%%mzn-stat: circuitNumber1TotalPruningHallSetSize=49003310
%%%mzn-stat: circuitNumber1NumberOfPruningExplanations=15035603
%%%mzn-stat: circuitNumber1MaxPruningHallSetSize=45
%%%mzn-stat: circuitNumber1TotalSccSizeAtPruning=30770883
%%%mzn-stat: circuitNumber1NumberOfSccPruningCalls=3747625
%%%mzn-stat: circuitNumber1TotalVarsInvolvedInPruning=12180148
%%%mzn-stat: circuitNumber1MaxValuesPrunedFromSingleVar=10
%%%mzn-stat: circuitNumber1HallCircuitChecks=9650598
%%%mzn-stat: circuitNumber1HallCircuitPrunings=661120
%%%mzn-stat: circuitNumber1CircuitPreventPrunings=3655560
%%%mzn-stat: AverageConflictSize=10.811917028007004
%%%mzn-stat: NumUnitNogoodsLearned=0
%%%mzn-stat: AverageLearnedNogoodLength=54.599049862599365
%%%mzn-stat: AverageBacktrackAmount=0
%%%mzn-stat: AverageLbd=26.561670667280794
%%%mzn-stat: 2AutonomousSearchNumBackupCalled=11046
%%%mzn-stat: 2AutonomousSearchNumPredicatesRemoved=0
%%%mzn-stat: 2AutonomousSearchNumCalls=11068
%%%mzn-stat: 2AutonomousSearchNumPredicatesAdded=15212
%%%mzn-stat: 2AutonomousSearchAverageSizeOfHeap=4.6957896638959165
%%%mzn-stat: 2AutonomousSearchNumAssignedPredicatesEncountered=51973
%%%mzn-stat-end
maxleg = 295;
succ = array1d(1..50,[4, 5, 9, 8, 40, 13, 26, 10, 11, 16, 17, 18, 7, 2, 20, 33, 19, 3, 47, 29, 6, 1, 22, 30, 21, 31, 36, 24, 35, 34, 48, 23, 41, 39, 25, 38, 14, 32, 42, 15, 12, 45, 37, 27, 49, 43, 28, 44, 50, 46]);
% time elapsed: 1194.58 s
----------
%%%mzn-stat: initTime=0.01254464
%%%mzn-stat: objective=292
%%%mzn-stat: nodes=1519543
%%%mzn-stat: restarts=0
%%%mzn-stat: peakDepth=626
%%%mzn-stat: solveTime=1195.423379509
%%%mzn-stat: variables=1141
%%%mzn-stat: propagators=836
%%%mzn-stat: failures=1479664
%%%mzn-stat: propagations=32419177
%%%mzn-stat: nogoods=1479664
%%%mzn-stat: numAtomicConstraintsPropagated=0
%%%mzn-stat: circuitNumber1PropagationsTotal=6184301
%%%mzn-stat: circuitNumber1CircuitConflicts=517489
%%%mzn-stat: circuitNumber1AlldiffConflicts=68245
%%%mzn-stat: circuitNumber1TotalFixedEdgesAtConflict=23579234
%%%mzn-stat: circuitNumber1NumberOfConflicts=585734
%%%mzn-stat: circuitNumber1GacPrunings=15046176
%%%mzn-stat: circuitNumber1PropagationsThatGacPruned=3751128
%%%mzn-stat: circuitNumber1TotalPruningHallSetSize=49027620
%%%mzn-stat: circuitNumber1NumberOfPruningExplanations=15046176
%%%mzn-stat: circuitNumber1MaxPruningHallSetSize=45
%%%mzn-stat: circuitNumber1TotalSccSizeAtPruning=30786944
%%%mzn-stat: circuitNumber1NumberOfSccPruningCalls=3751128
%%%mzn-stat: circuitNumber1TotalVarsInvolvedInPruning=12188636
%%%mzn-stat: circuitNumber1MaxValuesPrunedFromSingleVar=10
%%%mzn-stat: circuitNumber1HallCircuitChecks=9657024
%%%mzn-stat: circuitNumber1HallCircuitPrunings=661131
%%%mzn-stat: circuitNumber1CircuitPreventPrunings=3659069
%%%mzn-stat: AverageConflictSize=10.817945830945403
%%%mzn-stat: NumUnitNogoodsLearned=0
%%%mzn-stat: AverageLearnedNogoodLength=54.594791114739564
%%%mzn-stat: AverageBacktrackAmount=0
%%%mzn-stat: AverageLbd=26.56025759902248
%%%mzn-stat: 2AutonomousSearchNumBackupCalled=11459
%%%mzn-stat: 2AutonomousSearchNumPredicatesRemoved=0
%%%mzn-stat: 2AutonomousSearchNumCalls=11482
%%%mzn-stat: 2AutonomousSearchNumPredicatesAdded=16442
%%%mzn-stat: 2AutonomousSearchAverageSizeOfHeap=4.760320501654764
%%%mzn-stat: 2AutonomousSearchNumAssignedPredicatesEncountered=54658
%%%mzn-stat-end
maxleg = 292;
succ = array1d(1..50,[4, 5, 9, 8, 40, 13, 26, 10, 11, 16, 17, 18, 7, 2, 46, 33, 19, 3, 47, 14, 6, 1, 22, 30, 21, 31, 36, 24, 20, 34, 48, 23, 41, 39, 25, 38, 29, 32, 42, 15, 12, 45, 35, 27, 49, 43, 28, 44, 50, 37]);
% time elapsed: 1195.72 s
----------
%%%mzn-stat: initTime=0.01254464
%%%mzn-stat: objective=283
%%%mzn-stat: nodes=1520413
%%%mzn-stat: restarts=0
%%%mzn-stat: peakDepth=626
%%%mzn-stat: solveTime=1195.868612464
%%%mzn-stat: variables=1141
%%%mzn-stat: propagators=836
%%%mzn-stat: failures=1480088
%%%mzn-stat: propagations=32435002
%%%mzn-stat: nogoods=1480088
%%%mzn-stat: numAtomicConstraintsPropagated=0
%%%mzn-stat: circuitNumber1PropagationsTotal=6186434
%%%mzn-stat: circuitNumber1CircuitConflicts=517666
%%%mzn-stat: circuitNumber1AlldiffConflicts=68245
%%%mzn-stat: circuitNumber1TotalFixedEdgesAtConflict=23587642
%%%mzn-stat: circuitNumber1NumberOfConflicts=585911
%%%mzn-stat: circuitNumber1GacPrunings=15050229
%%%mzn-stat: circuitNumber1PropagationsThatGacPruned=3752402
%%%mzn-stat: circuitNumber1TotalPruningHallSetSize=49036819
%%%mzn-stat: circuitNumber1NumberOfPruningExplanations=15050229
%%%mzn-stat: circuitNumber1MaxPruningHallSetSize=45
%%%mzn-stat: circuitNumber1TotalSccSizeAtPruning=30792664
%%%mzn-stat: circuitNumber1NumberOfSccPruningCalls=3752402
%%%mzn-stat: circuitNumber1TotalVarsInvolvedInPruning=12191936
%%%mzn-stat: circuitNumber1MaxValuesPrunedFromSingleVar=10
%%%mzn-stat: circuitNumber1HallCircuitChecks=9658985
%%%mzn-stat: circuitNumber1HallCircuitPrunings=661141
%%%mzn-stat: circuitNumber1CircuitPreventPrunings=3660441
%%%mzn-stat: AverageConflictSize=10.821369405062402
%%%mzn-stat: NumUnitNogoodsLearned=0
%%%mzn-stat: AverageLearnedNogoodLength=54.59507204977001
%%%mzn-stat: AverageBacktrackAmount=0
%%%mzn-stat: AverageLbd=26.56063761073666
%%%mzn-stat: 2AutonomousSearchNumBackupCalled=11864
%%%mzn-stat: 2AutonomousSearchNumPredicatesRemoved=0
%%%mzn-stat: 2AutonomousSearchNumCalls=11888
%%%mzn-stat: 2AutonomousSearchNumPredicatesAdded=17379
%%%mzn-stat: 2AutonomousSearchAverageSizeOfHeap=4.823603633916554
%%%mzn-stat: 2AutonomousSearchNumAssignedPredicatesEncountered=57343
%%%mzn-stat-end
maxleg = 283;
succ = array1d(1..50,[4, 5, 9, 8, 40, 13, 26, 10, 11, 16, 17, 18, 7, 2, 46, 33, 19, 3, 47, 14, 6, 1, 22, 30, 27, 32, 36, 24, 20, 34, 48, 23, 41, 39, 25, 31, 29, 44, 42, 15, 12, 45, 35, 21, 49, 43, 28, 38, 50, 37]);
% time elapsed: 1196.17 s
----------
%%%mzn-stat: initTime=0.01254464
%%%mzn-stat: objective=272
%%%mzn-stat: nodes=1521580
%%%mzn-stat: restarts=0
%%%mzn-stat: peakDepth=626
%%%mzn-stat: solveTime=1196.442742277
%%%mzn-stat: variables=1141
%%%mzn-stat: propagators=836
%%%mzn-stat: failures=1480775
%%%mzn-stat: propagations=32461983
%%%mzn-stat: nogoods=1480775
%%%mzn-stat: numAtomicConstraintsPropagated=0
%%%mzn-stat: circuitNumber1PropagationsTotal=6189694
%%%mzn-stat: circuitNumber1CircuitConflicts=518040
%%%mzn-stat: circuitNumber1AlldiffConflicts=68265
%%%mzn-stat: circuitNumber1TotalFixedEdgesAtConflict=23605348
%%%mzn-stat: circuitNumber1NumberOfConflicts=586305
%%%mzn-stat: circuitNumber1GacPrunings=15056469
%%%mzn-stat: circuitNumber1PropagationsThatGacPruned=3754248
%%%mzn-stat: circuitNumber1TotalPruningHallSetSize=49050648
%%%mzn-stat: circuitNumber1NumberOfPruningExplanations=15056469
%%%mzn-stat: circuitNumber1MaxPruningHallSetSize=45
%%%mzn-stat: circuitNumber1TotalSccSizeAtPruning=30801483
%%%mzn-stat: circuitNumber1NumberOfSccPruningCalls=3754248
%%%mzn-stat: circuitNumber1TotalVarsInvolvedInPruning=12197090
%%%mzn-stat: circuitNumber1MaxValuesPrunedFromSingleVar=11
%%%mzn-stat: circuitNumber1HallCircuitChecks=9662658
%%%mzn-stat: circuitNumber1HallCircuitPrunings=661155
%%%mzn-stat: circuitNumber1CircuitPreventPrunings=3662063
%%%mzn-stat: AverageConflictSize=10.820263037936217
%%%mzn-stat: NumUnitNogoodsLearned=0
%%%mzn-stat: AverageLearnedNogoodLength=54.588992250679546
%%%mzn-stat: AverageBacktrackAmount=0
%%%mzn-stat: AverageLbd=26.558146916310715
%%%mzn-stat: 2AutonomousSearchNumBackupCalled=12259
%%%mzn-stat: 2AutonomousSearchNumPredicatesRemoved=0
%%%mzn-stat: 2AutonomousSearchNumCalls=12284
%%%mzn-stat: 2AutonomousSearchNumPredicatesAdded=18474
%%%mzn-stat: 2AutonomousSearchAverageSizeOfHeap=4.891077824812765
%%%mzn-stat: 2AutonomousSearchNumAssignedPredicatesEncountered=60082
%%%mzn-stat-end
maxleg = 272;
succ = array1d(1..50,[4, 5, 9, 8, 40, 13, 26, 10, 11, 16, 17, 18, 7, 2, 46, 33, 24, 23, 47, 14, 6, 25, 38, 28, 35, 32, 22, 20, 21, 19, 36, 1, 41, 30, 37, 27, 43, 44, 34, 15, 12, 39, 49, 48, 42, 50, 3, 31, 45, 29]);
% time elapsed: 1196.75 s
----------
%%%mzn-stat: initTime=0.01254464
%%%mzn-stat: objective=268
%%%mzn-stat: nodes=1522425
%%%mzn-stat: restarts=0
%%%mzn-stat: peakDepth=626
%%%mzn-stat: solveTime=1196.781966849
%%%mzn-stat: variables=1141
%%%mzn-stat: propagators=836
%%%mzn-stat: failures=1481098
%%%mzn-stat: propagations=32475844
%%%mzn-stat: nogoods=1481098
%%%mzn-stat: numAtomicConstraintsPropagated=0
%%%mzn-stat: circuitNumber1PropagationsTotal=6191575
%%%mzn-stat: circuitNumber1CircuitConflicts=518151
%%%mzn-stat: circuitNumber1AlldiffConflicts=68265
%%%mzn-stat: circuitNumber1TotalFixedEdgesAtConflict=23610025
%%%mzn-stat: circuitNumber1NumberOfConflicts=586416
%%%mzn-stat: circuitNumber1GacPrunings=15060112
%%%mzn-stat: circuitNumber1PropagationsThatGacPruned=3755365
%%%mzn-stat: circuitNumber1TotalPruningHallSetSize=49060015
%%%mzn-stat: circuitNumber1NumberOfPruningExplanations=15060112
%%%mzn-stat: circuitNumber1MaxPruningHallSetSize=49
%%%mzn-stat: circuitNumber1TotalSccSizeAtPruning=30806544
%%%mzn-stat: circuitNumber1NumberOfSccPruningCalls=3755365
%%%mzn-stat: circuitNumber1TotalVarsInvolvedInPruning=12200158
%%%mzn-stat: circuitNumber1MaxValuesPrunedFromSingleVar=11
%%%mzn-stat: circuitNumber1HallCircuitChecks=9665199
%%%mzn-stat: circuitNumber1HallCircuitPrunings=661189
%%%mzn-stat: circuitNumber1CircuitPreventPrunings=3663127
%%%mzn-stat: AverageConflictSize=10.822532337495561
%%%mzn-stat: NumUnitNogoodsLearned=0
%%%mzn-stat: AverageLearnedNogoodLength=54.58611921695931
%%%mzn-stat: AverageBacktrackAmount=0
%%%mzn-stat: AverageLbd=26.55666134178832
%%%mzn-stat: 2AutonomousSearchNumBackupCalled=12632
%%%mzn-stat: 2AutonomousSearchNumPredicatesRemoved=0
%%%mzn-stat: 2AutonomousSearchNumCalls=12658
%%%mzn-stat: 2AutonomousSearchNumPredicatesAdded=19783
%%%mzn-stat: 2AutonomousSearchAverageSizeOfHeap=4.979617633117396
%%%mzn-stat: 2AutonomousSearchNumAssignedPredicatesEncountered=63032
%%%mzn-stat-end
maxleg = 268;
succ = array1d(1..50,[4, 5, 9, 8, 40, 13, 26, 10, 11, 16, 17, 18, 7, 2, 46, 33, 24, 23, 47, 14, 29, 6, 38, 28, 22, 32, 44, 20, 35, 19, 36, 1, 41, 30, 37, 27, 43, 48, 34, 15, 12, 39, 49, 21, 42, 50, 3, 31, 45, 25]);
% time elapsed: 1197.09 s
----------
%%%mzn-stat: initTime=0.01254464
%%%mzn-stat: objective=267
%%%mzn-stat: nodes=1522828
%%%mzn-stat: restarts=0
%%%mzn-stat: peakDepth=626
%%%mzn-stat: solveTime=1196.793434534
%%%mzn-stat: variables=1141
%%%mzn-stat: propagators=836
%%%mzn-stat: failures=1481098
%%%mzn-stat: propagations=32477355
%%%mzn-stat: nogoods=1481098
%%%mzn-stat: numAtomicConstraintsPropagated=0
%%%mzn-stat: circuitNumber1PropagationsTotal=6191653
%%%mzn-stat: circuitNumber1CircuitConflicts=518151
%%%mzn-stat: circuitNumber1AlldiffConflicts=68265
%%%mzn-stat: circuitNumber1TotalFixedEdgesAtConflict=23610025
%%%mzn-stat: circuitNumber1NumberOfConflicts=586416
%%%mzn-stat: circuitNumber1GacPrunings=15060322
%%%mzn-stat: circuitNumber1PropagationsThatGacPruned=3755405
%%%mzn-stat: circuitNumber1TotalPruningHallSetSize=49061224
%%%mzn-stat: circuitNumber1NumberOfPruningExplanations=15060322
%%%mzn-stat: circuitNumber1MaxPruningHallSetSize=49
%%%mzn-stat: circuitNumber1TotalSccSizeAtPruning=30806863
%%%mzn-stat: circuitNumber1NumberOfSccPruningCalls=3755405
%%%mzn-stat: circuitNumber1TotalVarsInvolvedInPruning=12200339
%%%mzn-stat: circuitNumber1MaxValuesPrunedFromSingleVar=11
%%%mzn-stat: circuitNumber1HallCircuitChecks=9665296
%%%mzn-stat: circuitNumber1HallCircuitPrunings=661189
%%%mzn-stat: circuitNumber1CircuitPreventPrunings=3663155
%%%mzn-stat: AverageConflictSize=10.822532337495561
%%%mzn-stat: NumUnitNogoodsLearned=0
%%%mzn-stat: AverageLearnedNogoodLength=54.58611921695931
%%%mzn-stat: AverageBacktrackAmount=0
%%%mzn-stat: AverageLbd=26.55666134178832
%%%mzn-stat: 2AutonomousSearchNumBackupCalled=13006
%%%mzn-stat: 2AutonomousSearchNumPredicatesRemoved=0
%%%mzn-stat: 2AutonomousSearchNumCalls=13033
%%%mzn-stat: 2AutonomousSearchNumPredicatesAdded=19783
%%%mzn-stat: 2AutonomousSearchAverageSizeOfHeap=5.062687025243612
%%%mzn-stat: 2AutonomousSearchNumAssignedPredicatesEncountered=65982
%%%mzn-stat-end
maxleg = 267;
succ = array1d(1..50,[4, 5, 9, 8, 40, 13, 26, 10, 11, 16, 17, 18, 7, 2, 46, 33, 24, 23, 47, 14, 29, 6, 38, 28, 22, 32, 44, 20, 35, 19, 48, 1, 41, 30, 37, 31, 43, 36, 34, 15, 12, 39, 49, 21, 42, 50, 3, 27, 45, 25]);
% time elapsed: 1197.12 s
----------
%%%mzn-stat: initTime=0.01254464
%%%mzn-stat: objective=262
%%%mzn-stat: nodes=1523223
%%%mzn-stat: restarts=0
%%%mzn-stat: peakDepth=626
%%%mzn-stat: solveTime=1196.806514963
%%%mzn-stat: variables=1141
%%%mzn-stat: propagators=836
%%%mzn-stat: failures=1481100
%%%mzn-stat: propagations=32478963
%%%mzn-stat: nogoods=1481100
%%%mzn-stat: numAtomicConstraintsPropagated=0
%%%mzn-stat: circuitNumber1PropagationsTotal=6191739
%%%mzn-stat: circuitNumber1CircuitConflicts=518151
%%%mzn-stat: circuitNumber1AlldiffConflicts=68265
%%%mzn-stat: circuitNumber1TotalFixedEdgesAtConflict=23610025
%%%mzn-stat: circuitNumber1NumberOfConflicts=586416
%%%mzn-stat: circuitNumber1GacPrunings=15060547
%%%mzn-stat: circuitNumber1PropagationsThatGacPruned=3755450
%%%mzn-stat: circuitNumber1TotalPruningHallSetSize=49062417
%%%mzn-stat: circuitNumber1NumberOfPruningExplanations=15060547
%%%mzn-stat: circuitNumber1MaxPruningHallSetSize=49
%%%mzn-stat: circuitNumber1TotalSccSizeAtPruning=30807200
%%%mzn-stat: circuitNumber1NumberOfSccPruningCalls=3755450
%%%mzn-stat: circuitNumber1TotalVarsInvolvedInPruning=12200535
%%%mzn-stat: circuitNumber1MaxValuesPrunedFromSingleVar=11
%%%mzn-stat: circuitNumber1HallCircuitChecks=9665392
%%%mzn-stat: circuitNumber1HallCircuitPrunings=661189
%%%mzn-stat: circuitNumber1CircuitPreventPrunings=3663190
%%%mzn-stat: AverageConflictSize=10.82252582540004
%%%mzn-stat: NumUnitNogoodsLearned=0
%%%mzn-stat: AverageLearnedNogoodLength=54.58609006819256
%%%mzn-stat: AverageBacktrackAmount=0
%%%mzn-stat: AverageLbd=26.556649787320236
%%%mzn-stat: 2AutonomousSearchNumBackupCalled=13369
%%%mzn-stat: 2AutonomousSearchNumPredicatesRemoved=0
%%%mzn-stat: 2AutonomousSearchNumCalls=13397
%%%mzn-stat: 2AutonomousSearchNumPredicatesAdded=20031
%%%mzn-stat: 2AutonomousSearchAverageSizeOfHeap=5.145405687840562
%%%mzn-stat: 2AutonomousSearchNumAssignedPredicatesEncountered=68933
%%%mzn-stat-end
maxleg = 262;
succ = array1d(1..50,[4, 5, 9, 8, 40, 13, 26, 10, 11, 16, 17, 18, 7, 2, 46, 33, 24, 23, 47, 14, 29, 6, 38, 28, 22, 32, 44, 20, 35, 34, 48, 1, 41, 39, 37, 31, 43, 36, 19, 15, 12, 30, 49, 21, 42, 50, 3, 27, 45, 25]);
% time elapsed: 1197.13 s
----------
%%%mzn-stat: initTime=0.01254464
%%%mzn-stat: objective=261
%%%mzn-stat: nodes=1523838
%%%mzn-stat: restarts=0
%%%mzn-stat: peakDepth=626
%%%mzn-stat: solveTime=1196.965671264
%%%mzn-stat: variables=1141
%%%mzn-stat: propagators=836
%%%mzn-stat: failures=1481227
%%%mzn-stat: propagations=32485888
%%%mzn-stat: nogoods=1481227
%%%mzn-stat: numAtomicConstraintsPropagated=0
%%%mzn-stat: circuitNumber1PropagationsTotal=6192589
%%%mzn-stat: circuitNumber1CircuitConflicts=518213
%%%mzn-stat: circuitNumber1AlldiffConflicts=68265
%%%mzn-stat: circuitNumber1TotalFixedEdgesAtConflict=23612564
%%%mzn-stat: circuitNumber1NumberOfConflicts=586478
%%%mzn-stat: circuitNumber1GacPrunings=15062319
%%%mzn-stat: circuitNumber1PropagationsThatGacPruned=3755911
%%%mzn-stat: circuitNumber1TotalPruningHallSetSize=49067893
%%%mzn-stat: circuitNumber1NumberOfPruningExplanations=15062319
%%%mzn-stat: circuitNumber1MaxPruningHallSetSize=49
%%%mzn-stat: circuitNumber1TotalSccSizeAtPruning=30809654
%%%mzn-stat: circuitNumber1NumberOfSccPruningCalls=3755911
%%%mzn-stat: circuitNumber1TotalVarsInvolvedInPruning=12202044
%%%mzn-stat: circuitNumber1MaxValuesPrunedFromSingleVar=11
%%%mzn-stat: circuitNumber1HallCircuitChecks=9666438
%%%mzn-stat: circuitNumber1HallCircuitPrunings=661190
%%%mzn-stat: circuitNumber1CircuitPreventPrunings=3663656
%%%mzn-stat: AverageConflictSize=10.823646206827178
%%%mzn-stat: NumUnitNogoodsLearned=0
%%%mzn-stat: AverageLearnedNogoodLength=54.585482171199956
%%%mzn-stat: AverageBacktrackAmount=0
%%%mzn-stat: AverageLbd=26.556247624435688
%%%mzn-stat: 2AutonomousSearchNumBackupCalled=13739
%%%mzn-stat: 2AutonomousSearchNumPredicatesRemoved=0
%%%mzn-stat: 2AutonomousSearchNumCalls=13768
%%%mzn-stat: 2AutonomousSearchNumPredicatesAdded=21458
%%%mzn-stat: 2AutonomousSearchAverageSizeOfHeap=5.222545031958163
%%%mzn-stat: 2AutonomousSearchNumAssignedPredicatesEncountered=71904
%%%mzn-stat-end
maxleg = 261;
succ = array1d(1..50,[4, 5, 9, 8, 40, 13, 31, 10, 11, 16, 17, 18, 7, 2, 46, 33, 24, 23, 47, 14, 29, 6, 38, 28, 22, 32, 44, 20, 35, 34, 36, 1, 41, 39, 37, 26, 43, 48, 19, 15, 12, 30, 49, 21, 42, 50, 3, 27, 45, 25]);
% time elapsed: 1197.29 s
----------
%%%mzn-stat: initTime=0.01254464
%%%mzn-stat: objective=259
%%%mzn-stat: nodes=1524440
%%%mzn-stat: restarts=0
%%%mzn-stat: peakDepth=626
%%%mzn-stat: solveTime=1197.123807376
%%%mzn-stat: variables=1141
%%%mzn-stat: propagators=836
%%%mzn-stat: failures=1481351
%%%mzn-stat: propagations=32492754
%%%mzn-stat: nogoods=1481351
%%%mzn-stat: numAtomicConstraintsPropagated=0
%%%mzn-stat: circuitNumber1PropagationsTotal=6193422
%%%mzn-stat: circuitNumber1CircuitConflicts=518274
%%%mzn-stat: circuitNumber1AlldiffConflicts=68265
%%%mzn-stat: circuitNumber1TotalFixedEdgesAtConflict=23615076
%%%mzn-stat: circuitNumber1NumberOfConflicts=586539
%%%mzn-stat: circuitNumber1GacPrunings=15064045
%%%mzn-stat: circuitNumber1PropagationsThatGacPruned=3756364
%%%mzn-stat: circuitNumber1TotalPruningHallSetSize=49073109
%%%mzn-stat: circuitNumber1NumberOfPruningExplanations=15064045
%%%mzn-stat: circuitNumber1MaxPruningHallSetSize=49
%%%mzn-stat: circuitNumber1TotalSccSizeAtPruning=30811994
%%%mzn-stat: circuitNumber1NumberOfSccPruningCalls=3756364
%%%mzn-stat: circuitNumber1TotalVarsInvolvedInPruning=12203519
%%%mzn-stat: circuitNumber1MaxValuesPrunedFromSingleVar=11
%%%mzn-stat: circuitNumber1HallCircuitChecks=9667458
%%%mzn-stat: circuitNumber1HallCircuitPrunings=661191
%%%mzn-stat: circuitNumber1CircuitPreventPrunings=3664111
%%%mzn-stat: AverageConflictSize=10.824779542458202
%%%mzn-stat: NumUnitNogoodsLearned=0
%%%mzn-stat: AverageLearnedNogoodLength=54.5849673710012
%%%mzn-stat: AverageBacktrackAmount=0
%%%mzn-stat: AverageLbd=26.555910111783096
%%%mzn-stat: 2AutonomousSearchNumBackupCalled=14101
%%%mzn-stat: 2AutonomousSearchNumPredicatesRemoved=0
%%%mzn-stat: 2AutonomousSearchNumCalls=14131
%%%mzn-stat: 2AutonomousSearchNumPredicatesAdded=22794
%%%mzn-stat: 2AutonomousSearchAverageSizeOfHeap=5.298775741278042
%%%mzn-stat: 2AutonomousSearchNumAssignedPredicatesEncountered=74877
%%%mzn-stat-end
maxleg = 259;
succ = array1d(1..50,[4, 5, 9, 8, 40, 13, 31, 10, 11, 16, 17, 18, 7, 2, 46, 41, 24, 23, 47, 14, 29, 6, 38, 28, 22, 32, 44, 20, 35, 34, 36, 1, 12, 39, 37, 26, 43, 48, 19, 15, 33, 30, 49, 21, 42, 50, 3, 27, 45, 25]);
% time elapsed: 1197.46 s
----------
%%%mzn-stat: initTime=0.01254464
%%%mzn-stat: objective=254
%%%mzn-stat: nodes=1526192
%%%mzn-stat: restarts=0
%%%mzn-stat: peakDepth=626
%%%mzn-stat: solveTime=1198.305599249
%%%mzn-stat: variables=1141
%%%mzn-stat: propagators=836
%%%mzn-stat: failures=1482678
%%%mzn-stat: propagations=32543073
%%%mzn-stat: nogoods=1482678
%%%mzn-stat: numAtomicConstraintsPropagated=0
%%%mzn-stat: circuitNumber1PropagationsTotal=6198847
%%%mzn-stat: circuitNumber1CircuitConflicts=518731
%%%mzn-stat: circuitNumber1AlldiffConflicts=68357
%%%mzn-stat: circuitNumber1TotalFixedEdgesAtConflict=23640266
%%%mzn-stat: circuitNumber1NumberOfConflicts=587088
%%%mzn-stat: circuitNumber1GacPrunings=15074936
%%%mzn-stat: circuitNumber1PropagationsThatGacPruned=3759645
%%%mzn-stat: circuitNumber1TotalPruningHallSetSize=49097793
%%%mzn-stat: circuitNumber1NumberOfPruningExplanations=15074936
%%%mzn-stat: circuitNumber1MaxPruningHallSetSize=49
%%%mzn-stat: circuitNumber1TotalSccSizeAtPruning=30825812
%%%mzn-stat: circuitNumber1NumberOfSccPruningCalls=3759645
%%%mzn-stat: circuitNumber1TotalVarsInvolvedInPruning=12212635
%%%mzn-stat: circuitNumber1MaxValuesPrunedFromSingleVar=11
%%%mzn-stat: circuitNumber1HallCircuitChecks=9672965
%%%mzn-stat: circuitNumber1HallCircuitPrunings=661520
%%%mzn-stat: circuitNumber1CircuitPreventPrunings=3667016
%%%mzn-stat: AverageConflictSize=10.82640802655735
%%%mzn-stat: NumUnitNogoodsLearned=0
%%%mzn-stat: AverageLearnedNogoodLength=54.580400464564796
%%%mzn-stat: AverageBacktrackAmount=0
%%%mzn-stat: AverageLbd=26.551191829918565
%%%mzn-stat: 2AutonomousSearchNumBackupCalled=14470
%%%mzn-stat: 2AutonomousSearchNumPredicatesRemoved=0
%%%mzn-stat: 2AutonomousSearchNumCalls=14501
%%%mzn-stat: 2AutonomousSearchNumPredicatesAdded=23865
%%%mzn-stat: 2AutonomousSearchAverageSizeOfHeap=5.369009033859734
%%%mzn-stat: 2AutonomousSearchNumAssignedPredicatesEncountered=77856
%%%mzn-stat-end
maxleg = 254;
succ = array1d(1..50,[4, 5, 9, 8, 40, 13, 31, 10, 11, 16, 17, 18, 7, 2, 46, 41, 24, 23, 47, 14, 29, 6, 38, 30, 22, 32, 44, 19, 20, 34, 36, 1, 12, 39, 25, 26, 28, 48, 45, 15, 33, 49, 35, 21, 42, 37, 3, 27, 50, 43]);
% time elapsed: 1198.64 s
----------
%%%mzn-stat: initTime=0.01254464
%%%mzn-stat: objective=247
%%%mzn-stat: nodes=1526573
%%%mzn-stat: restarts=0
%%%mzn-stat: peakDepth=626
%%%mzn-stat: solveTime=1198.328479246
%%%mzn-stat: variables=1141
%%%mzn-stat: propagators=836
%%%mzn-stat: failures=1482689
%%%mzn-stat: propagations=32545158
%%%mzn-stat: nogoods=1482689
%%%mzn-stat: numAtomicConstraintsPropagated=0
%%%mzn-stat: circuitNumber1PropagationsTotal=6198973
%%%mzn-stat: circuitNumber1CircuitConflicts=518736
%%%mzn-stat: circuitNumber1AlldiffConflicts=68357
%%%mzn-stat: circuitNumber1TotalFixedEdgesAtConflict=23640413
%%%mzn-stat: circuitNumber1NumberOfConflicts=587093
%%%mzn-stat: circuitNumber1GacPrunings=15075346
%%%mzn-stat: circuitNumber1PropagationsThatGacPruned=3759714
%%%mzn-stat: circuitNumber1TotalPruningHallSetSize=49100838
%%%mzn-stat: circuitNumber1NumberOfPruningExplanations=15075346
%%%mzn-stat: circuitNumber1MaxPruningHallSetSize=49
%%%mzn-stat: circuitNumber1TotalSccSizeAtPruning=30826840
%%%mzn-stat: circuitNumber1NumberOfSccPruningCalls=3759714
%%%mzn-stat: circuitNumber1TotalVarsInvolvedInPruning=12212965
%%%mzn-stat: circuitNumber1MaxValuesPrunedFromSingleVar=11
%%%mzn-stat: circuitNumber1HallCircuitChecks=9673114
%%%mzn-stat: circuitNumber1HallCircuitPrunings=661523
%%%mzn-stat: circuitNumber1CircuitPreventPrunings=3667074
%%%mzn-stat: AverageConflictSize=10.826412012229133
%%%mzn-stat: NumUnitNogoodsLearned=0
%%%mzn-stat: AverageLearnedNogoodLength=54.580547235462056
%%%mzn-stat: AverageBacktrackAmount=0
%%%mzn-stat: AverageLbd=26.551084549760603
%%%mzn-stat: 2AutonomousSearchNumBackupCalled=14808
%%%mzn-stat: 2AutonomousSearchNumPredicatesRemoved=0
%%%mzn-stat: 2AutonomousSearchNumCalls=14840
%%%mzn-stat: 2AutonomousSearchNumPredicatesAdded=24757
%%%mzn-stat: 2AutonomousSearchAverageSizeOfHeap=5.450404312668463
%%%mzn-stat: 2AutonomousSearchNumAssignedPredicatesEncountered=80884
%%%mzn-stat-end
maxleg = 247;
succ = array1d(1..50,[4, 5, 9, 8, 40, 13, 31, 10, 11, 16, 19, 18, 7, 2, 46, 41, 47, 23, 24, 14, 29, 6, 38, 28, 22, 32, 44, 20, 35, 17, 36, 1, 12, 30, 37, 26, 43, 48, 34, 15, 33, 45, 49, 21, 39, 50, 3, 27, 42, 25]);
% time elapsed: 1198.67 s
----------
%%%mzn-stat: initTime=0.01254464
%%%mzn-stat: objective=244
%%%mzn-stat: nodes=1526923
%%%mzn-stat: restarts=0
%%%mzn-stat: peakDepth=626
%%%mzn-stat: solveTime=1198.340381211
%%%mzn-stat: variables=1141
%%%mzn-stat: propagators=836
%%%mzn-stat: failures=1482689
%%%mzn-stat: propagations=32546739
%%%mzn-stat: nogoods=1482689
%%%mzn-stat: numAtomicConstraintsPropagated=0
%%%mzn-stat: circuitNumber1PropagationsTotal=6199047
%%%mzn-stat: circuitNumber1CircuitConflicts=518736
%%%mzn-stat: circuitNumber1AlldiffConflicts=68357
%%%mzn-stat: circuitNumber1TotalFixedEdgesAtConflict=23640413
%%%mzn-stat: circuitNumber1NumberOfConflicts=587093
%%%mzn-stat: circuitNumber1GacPrunings=15075546
%%%mzn-stat: circuitNumber1PropagationsThatGacPruned=3759752
%%%mzn-stat: circuitNumber1TotalPruningHallSetSize=49102231
%%%mzn-stat: circuitNumber1NumberOfPruningExplanations=15075546
%%%mzn-stat: circuitNumber1MaxPruningHallSetSize=49
%%%mzn-stat: circuitNumber1TotalSccSizeAtPruning=30827253
%%%mzn-stat: circuitNumber1NumberOfSccPruningCalls=3759752
%%%mzn-stat: circuitNumber1TotalVarsInvolvedInPruning=12213125
%%%mzn-stat: circuitNumber1MaxValuesPrunedFromSingleVar=11
%%%mzn-stat: circuitNumber1HallCircuitChecks=9673236
%%%mzn-stat: circuitNumber1HallCircuitPrunings=661527
%%%mzn-stat: circuitNumber1CircuitPreventPrunings=3667097
%%%mzn-stat: AverageConflictSize=10.826412012229133
%%%mzn-stat: NumUnitNogoodsLearned=0
%%%mzn-stat: AverageLearnedNogoodLength=54.580547235462056
%%%mzn-stat: AverageBacktrackAmount=0
%%%mzn-stat: AverageLbd=26.551084549760603
%%%mzn-stat: 2AutonomousSearchNumBackupCalled=15130
%%%mzn-stat: 2AutonomousSearchNumPredicatesRemoved=0
%%%mzn-stat: 2AutonomousSearchNumCalls=15163
%%%mzn-stat: 2AutonomousSearchNumPredicatesAdded=24757
%%%mzn-stat: 2AutonomousSearchAverageSizeOfHeap=5.533997230099584
%%%mzn-stat: 2AutonomousSearchNumAssignedPredicatesEncountered=83912
%%%mzn-stat-end
maxleg = 244;
succ = array1d(1..50,[4, 5, 9, 8, 40, 13, 31, 10, 11, 16, 19, 33, 7, 2, 46, 47, 24, 41, 28, 14, 44, 6, 18, 30, 22, 32, 48, 20, 21, 34, 36, 1, 3, 39, 25, 26, 29, 23, 45, 15, 12, 49, 35, 27, 42, 43, 17, 38, 50, 37]);
% time elapsed: 1198.69 s
----------
%%%mzn-stat: initTime=0.01254464
%%%mzn-stat: objective=243
%%%mzn-stat: nodes=1527281
%%%mzn-stat: restarts=0
%%%mzn-stat: peakDepth=626
%%%mzn-stat: solveTime=1198.351928653
%%%mzn-stat: variables=1141
%%%mzn-stat: propagators=836
%%%mzn-stat: failures=1482689
%%%mzn-stat: propagations=32548262
%%%mzn-stat: nogoods=1482689
%%%mzn-stat: numAtomicConstraintsPropagated=0
%%%mzn-stat: circuitNumber1PropagationsTotal=6199118
%%%mzn-stat: circuitNumber1CircuitConflicts=518736
%%%mzn-stat: circuitNumber1AlldiffConflicts=68357
%%%mzn-stat: circuitNumber1TotalFixedEdgesAtConflict=23640413
%%%mzn-stat: circuitNumber1NumberOfConflicts=587093
%%%mzn-stat: circuitNumber1GacPrunings=15075751
%%%mzn-stat: circuitNumber1PropagationsThatGacPruned=3759789
%%%mzn-stat: circuitNumber1TotalPruningHallSetSize=49103566
%%%mzn-stat: circuitNumber1NumberOfPruningExplanations=15075751
%%%mzn-stat: circuitNumber1MaxPruningHallSetSize=49
%%%mzn-stat: circuitNumber1TotalSccSizeAtPruning=30827653
%%%mzn-stat: circuitNumber1NumberOfSccPruningCalls=3759789
%%%mzn-stat: circuitNumber1TotalVarsInvolvedInPruning=12213290
%%%mzn-stat: circuitNumber1MaxValuesPrunedFromSingleVar=11
%%%mzn-stat: circuitNumber1HallCircuitChecks=9673354
%%%mzn-stat: circuitNumber1HallCircuitPrunings=661533
%%%mzn-stat: circuitNumber1CircuitPreventPrunings=3667118
%%%mzn-stat: AverageConflictSize=10.826412012229133
%%%mzn-stat: NumUnitNogoodsLearned=0
%%%mzn-stat: AverageLearnedNogoodLength=54.580547235462056
%%%mzn-stat: AverageBacktrackAmount=0
%%%mzn-stat: AverageLbd=26.551084549760603
%%%mzn-stat: 2AutonomousSearchNumBackupCalled=15462
%%%mzn-stat: 2AutonomousSearchNumPredicatesRemoved=0
%%%mzn-stat: 2AutonomousSearchNumCalls=15496
%%%mzn-stat: 2AutonomousSearchNumPredicatesAdded=24757
%%%mzn-stat: 2AutonomousSearchAverageSizeOfHeap=5.610480123902943
%%%mzn-stat: 2AutonomousSearchNumAssignedPredicatesEncountered=86940
%%%mzn-stat-end
maxleg = 243;
succ = array1d(1..50,[4, 5, 9, 8, 40, 13, 31, 10, 11, 16, 19, 33, 7, 20, 14, 47, 24, 41, 28, 29, 44, 6, 18, 30, 22, 32, 48, 37, 21, 34, 36, 1, 3, 39, 25, 26, 35, 23, 45, 15, 12, 49, 46, 27, 42, 2, 17, 38, 50, 43]);
% time elapsed: 1198.70 s
----------
%%%mzn-stat: initTime=0.01254464
%%%mzn-stat: objective=242
%%%mzn-stat: nodes=1527873
%%%mzn-stat: restarts=0
%%%mzn-stat: peakDepth=626
%%%mzn-stat: solveTime=1198.604194038
%%%mzn-stat: variables=1141
%%%mzn-stat: propagators=836
%%%mzn-stat: failures=1482895
%%%mzn-stat: propagations=32560955
%%%mzn-stat: nogoods=1482895
%%%mzn-stat: numAtomicConstraintsPropagated=0
%%%mzn-stat: circuitNumber1PropagationsTotal=6200349
%%%mzn-stat: circuitNumber1CircuitConflicts=518756
%%%mzn-stat: circuitNumber1AlldiffConflicts=68421
%%%mzn-stat: circuitNumber1TotalFixedEdgesAtConflict=23642267
%%%mzn-stat: circuitNumber1NumberOfConflicts=587177
%%%mzn-stat: circuitNumber1GacPrunings=15079663
%%%mzn-stat: circuitNumber1PropagationsThatGacPruned=3760543
%%%mzn-stat: circuitNumber1TotalPruningHallSetSize=49150118
%%%mzn-stat: circuitNumber1NumberOfPruningExplanations=15079663
%%%mzn-stat: circuitNumber1MaxPruningHallSetSize=49
%%%mzn-stat: circuitNumber1TotalSccSizeAtPruning=30847654
%%%mzn-stat: circuitNumber1NumberOfSccPruningCalls=3760543
%%%mzn-stat: circuitNumber1TotalVarsInvolvedInPruning=12216181
%%%mzn-stat: circuitNumber1MaxValuesPrunedFromSingleVar=11
%%%mzn-stat: circuitNumber1HallCircuitChecks=9674699
%%%mzn-stat: circuitNumber1HallCircuitPrunings=661543
%%%mzn-stat: circuitNumber1CircuitPreventPrunings=3667730
%%%mzn-stat: AverageConflictSize=10.829826117155969
%%%mzn-stat: NumUnitNogoodsLearned=0
%%%mzn-stat: AverageLearnedNogoodLength=54.58782449195661
%%%mzn-stat: AverageBacktrackAmount=0
%%%mzn-stat: AverageLbd=26.548835217598008
%%%mzn-stat: 2AutonomousSearchNumBackupCalled=15789
%%%mzn-stat: 2AutonomousSearchNumPredicatesRemoved=0
%%%mzn-stat: 2AutonomousSearchNumCalls=15824
%%%mzn-stat: 2AutonomousSearchNumPredicatesAdded=25899
%%%mzn-stat: 2AutonomousSearchAverageSizeOfHeap=5.7090495449949445
%%%mzn-stat: 2AutonomousSearchNumAssignedPredicatesEncountered=90340
%%%mzn-stat-end
maxleg = 242;
succ = array1d(1..50,[4, 5, 9, 41, 40, 13, 31, 10, 11, 16, 17, 33, 7, 20, 14, 47, 19, 23, 24, 28, 8, 6, 38, 30, 22, 32, 44, 29, 35, 34, 36, 1, 18, 39, 25, 26, 43, 48, 45, 15, 12, 49, 46, 21, 42, 2, 3, 27, 50, 37]);
% time elapsed: 1198.96 s
----------
%%%mzn-stat: initTime=0.01254464
%%%mzn-stat: objective=240
%%%mzn-stat: nodes=1528199
%%%mzn-stat: restarts=0
%%%mzn-stat: peakDepth=626
%%%mzn-stat: solveTime=1198.616161969
%%%mzn-stat: variables=1141
%%%mzn-stat: propagators=836
%%%mzn-stat: failures=1482895
%%%mzn-stat: propagations=32562536
%%%mzn-stat: nogoods=1482895
%%%mzn-stat: numAtomicConstraintsPropagated=0
%%%mzn-stat: circuitNumber1PropagationsTotal=6200418
%%%mzn-stat: circuitNumber1CircuitConflicts=518756
%%%mzn-stat: circuitNumber1AlldiffConflicts=68421
%%%mzn-stat: circuitNumber1TotalFixedEdgesAtConflict=23642267
%%%mzn-stat: circuitNumber1NumberOfConflicts=587177
%%%mzn-stat: circuitNumber1GacPrunings=15079849
%%%mzn-stat: circuitNumber1PropagationsThatGacPruned=3760580
%%%mzn-stat: circuitNumber1TotalPruningHallSetSize=49151061
%%%mzn-stat: circuitNumber1NumberOfPruningExplanations=15079849
%%%mzn-stat: circuitNumber1MaxPruningHallSetSize=49
%%%mzn-stat: circuitNumber1TotalSccSizeAtPruning=30848015
%%%mzn-stat: circuitNumber1NumberOfSccPruningCalls=3760580
%%%mzn-stat: circuitNumber1TotalVarsInvolvedInPruning=12216335
%%%mzn-stat: circuitNumber1MaxValuesPrunedFromSingleVar=11
%%%mzn-stat: circuitNumber1HallCircuitChecks=9674795
%%%mzn-stat: circuitNumber1HallCircuitPrunings=661550
%%%mzn-stat: circuitNumber1CircuitPreventPrunings=3667756
%%%mzn-stat: AverageConflictSize=10.829826117155969
%%%mzn-stat: NumUnitNogoodsLearned=0
%%%mzn-stat: AverageLearnedNogoodLength=54.58782449195661
%%%mzn-stat: AverageBacktrackAmount=0
%%%mzn-stat: AverageLbd=26.548835217598008
%%%mzn-stat: 2AutonomousSearchNumBackupCalled=16091
%%%mzn-stat: 2AutonomousSearchNumPredicatesRemoved=0
%%%mzn-stat: 2AutonomousSearchNumCalls=16127
%%%mzn-stat: 2AutonomousSearchNumPredicatesAdded=25899
%%%mzn-stat: 2AutonomousSearchAverageSizeOfHeap=5.812612389161035
%%%mzn-stat: 2AutonomousSearchNumAssignedPredicatesEncountered=93740
%%%mzn-stat-end
maxleg = 240;
succ = array1d(1..50,[22, 5, 9, 8, 40, 13, 31, 10, 11, 16, 17, 41, 7, 20, 14, 47, 19, 33, 24, 28, 25, 6, 18, 30, 44, 32, 48, 29, 21, 34, 36, 1, 12, 39, 37, 38, 43, 23, 45, 15, 4, 49, 46, 27, 42, 2, 3, 26, 50, 35]);
% time elapsed: 1198.98 s
----------
==========
% time elapsed: 1198.99 s
%%%mzn-stat: initTime=0.01254464
%%%mzn-stat: objective=240
%%%mzn-stat: nodes=1528207
%%%mzn-stat: restarts=0
%%%mzn-stat: peakDepth=626
%%%mzn-stat: solveTime=1198.620852329
%%%mzn-stat: variables=1141
%%%mzn-stat: propagators=836
%%%mzn-stat: failures=1482900
%%%mzn-stat: propagations=32563298
%%%mzn-stat: nogoods=1482900
%%%mzn-stat: numAtomicConstraintsPropagated=0
%%%mzn-stat: circuitNumber1PropagationsTotal=6200446
%%%mzn-stat: circuitNumber1CircuitConflicts=518759
%%%mzn-stat: circuitNumber1AlldiffConflicts=68421
%%%mzn-stat: circuitNumber1TotalFixedEdgesAtConflict=23642286
%%%mzn-stat: circuitNumber1NumberOfConflicts=587180
%%%mzn-stat: circuitNumber1GacPrunings=15079927
%%%mzn-stat: circuitNumber1PropagationsThatGacPruned=3760595
%%%mzn-stat: circuitNumber1TotalPruningHallSetSize=49151724
%%%mzn-stat: circuitNumber1NumberOfPruningExplanations=15079927
%%%mzn-stat: circuitNumber1MaxPruningHallSetSize=49
%%%mzn-stat: circuitNumber1TotalSccSizeAtPruning=30848414
%%%mzn-stat: circuitNumber1NumberOfSccPruningCalls=3760595
%%%mzn-stat: circuitNumber1TotalVarsInvolvedInPruning=12216405
%%%mzn-stat: circuitNumber1MaxValuesPrunedFromSingleVar=11
%%%mzn-stat: circuitNumber1HallCircuitChecks=9674827
%%%mzn-stat: circuitNumber1HallCircuitPrunings=661552
%%%mzn-stat: circuitNumber1CircuitPreventPrunings=3667772
%%%mzn-stat: AverageConflictSize=10.829801065479803
%%%mzn-stat: NumUnitNogoodsLearned=1
%%%mzn-stat: AverageLearnedNogoodLength=54.587738215658504
%%%mzn-stat: AverageBacktrackAmount=0
%%%mzn-stat: AverageLbd=26.548753118888666
%%%mzn-stat: 2AutonomousSearchNumBackupCalled=16091
%%%mzn-stat: 2AutonomousSearchNumPredicatesRemoved=0
%%%mzn-stat: 2AutonomousSearchNumCalls=16127
%%%mzn-stat: 2AutonomousSearchNumPredicatesAdded=26851
%%%mzn-stat: 2AutonomousSearchAverageSizeOfHeap=5.812612389161035
%%%mzn-stat: 2AutonomousSearchNumAssignedPredicatesEncountered=93740
%%%mzn-stat-end
