% Logging successfully configured
%%%mzn-stat: initTime=0.003259924
%%%mzn-stat: objective=822
%%%mzn-stat: nodes=110
%%%mzn-stat: restarts=0
%%%mzn-stat: peakDepth=83
%%%mzn-stat: solveTime=0.001671968
%%%mzn-stat: variables=220
%%%mzn-stat: propagators=326
%%%mzn-stat: failures=26
%%%mzn-stat: propagations=4882
%%%mzn-stat: nogoods=26
%%%mzn-stat: numAtomicConstraintsPropagated=0
%%%mzn-stat: circuitNumber191PropagationsThatFoundConflict=3
%%%mzn-stat: circuitNumber191TotalFixedEdgesAtConflict=57
%%%mzn-stat: circuitNumber191NumberOfConflicts=3
%%%mzn-stat: circuitNumber191PropagationsThatPruned=15
%%%mzn-stat: circuitNumber191PropagationsTotal=48
%%%mzn-stat: AverageConflictSize=3.576923076923077
%%%mzn-stat: NumUnitNogoodsLearned=0
%%%mzn-stat: AverageLearnedNogoodLength=8.153846153846153
%%%mzn-stat: AverageBacktrackAmount=0
%%%mzn-stat: AverageLbd=4.115384615384615
%%%mzn-stat: 2AutonomousSearchNumBackupCalled=75
%%%mzn-stat: 2AutonomousSearchNumPredicatesRemoved=0
%%%mzn-stat: 2AutonomousSearchNumCalls=76
%%%mzn-stat: 2AutonomousSearchNumPredicatesAdded=341
%%%mzn-stat: 2AutonomousSearchAverageSizeOfHeap=4.4868421052631575
%%%mzn-stat: 2AutonomousSearchNumAssignedPredicatesEncountered=341
%%%mzn-stat-end
maxleg = 822;
succ = array1d(1..20,[4, 5, 7, 6, 16, 14, 15, 2, 13, 11, 17, 18, 3, 12, 8, 1, 19, 20, 9, 10]);
% time elapsed: 1.05 s
----------
%%%mzn-stat: initTime=0.003259924
%%%mzn-stat: objective=377
%%%mzn-stat: nodes=183
%%%mzn-stat: restarts=0
%%%mzn-stat: peakDepth=83
%%%mzn-stat: solveTime=0.001875341
%%%mzn-stat: variables=220
%%%mzn-stat: propagators=326
%%%mzn-stat: failures=26
%%%mzn-stat: propagations=5494
%%%mzn-stat: nogoods=26
%%%mzn-stat: numAtomicConstraintsPropagated=0
%%%mzn-stat: circuitNumber191PropagationsThatFoundConflict=3
%%%mzn-stat: circuitNumber191TotalFixedEdgesAtConflict=57
%%%mzn-stat: circuitNumber191NumberOfConflicts=3
%%%mzn-stat: circuitNumber191PropagationsThatPruned=16
%%%mzn-stat: circuitNumber191PropagationsTotal=60
%%%mzn-stat: AverageConflictSize=3.576923076923077
%%%mzn-stat: NumUnitNogoodsLearned=0
%%%mzn-stat: AverageLearnedNogoodLength=8.153846153846153
%%%mzn-stat: AverageBacktrackAmount=0
%%%mzn-stat: AverageLbd=4.115384615384615
%%%mzn-stat: 2AutonomousSearchNumBackupCalled=136
%%%mzn-stat: 2AutonomousSearchNumPredicatesRemoved=0
%%%mzn-stat: 2AutonomousSearchNumCalls=138
%%%mzn-stat: 2AutonomousSearchNumPredicatesAdded=341
%%%mzn-stat: 2AutonomousSearchAverageSizeOfHeap=4.942028985507246
%%%mzn-stat: 2AutonomousSearchNumAssignedPredicatesEncountered=682
%%%mzn-stat-end
maxleg = 377;
succ = array1d(1..20,[4, 8, 7, 6, 12, 14, 9, 1, 13, 11, 17, 16, 2, 5, 3, 18, 19, 20, 15, 10]);
% time elapsed: 1.05 s
----------
==========
% time elapsed: 1.05 s
%%%mzn-stat: initTime=0.003259924
%%%mzn-stat: objective=377
%%%mzn-stat: nodes=413
%%%mzn-stat: restarts=0
%%%mzn-stat: peakDepth=83
%%%mzn-stat: solveTime=0.021167415
%%%mzn-stat: variables=220
%%%mzn-stat: propagators=326
%%%mzn-stat: failures=239
%%%mzn-stat: propagations=48689
%%%mzn-stat: nogoods=239
%%%mzn-stat: numAtomicConstraintsPropagated=0
%%%mzn-stat: circuitNumber191PropagationsThatFoundConflict=118
%%%mzn-stat: circuitNumber191TotalFixedEdgesAtConflict=2016
%%%mzn-stat: circuitNumber191NumberOfConflicts=118
%%%mzn-stat: circuitNumber191PropagationsThatPruned=212
%%%mzn-stat: circuitNumber191PropagationsTotal=594
%%%mzn-stat: AverageConflictSize=7.96652719665272
%%%mzn-stat: NumUnitNogoodsLearned=1
%%%mzn-stat: AverageLearnedNogoodLength=12.518828451882845
%%%mzn-stat: AverageBacktrackAmount=0
%%%mzn-stat: AverageLbd=4.799163179916318
%%%mzn-stat: 2AutonomousSearchNumBackupCalled=136
%%%mzn-stat: 2AutonomousSearchNumPredicatesRemoved=0
%%%mzn-stat: 2AutonomousSearchNumCalls=138
%%%mzn-stat: 2AutonomousSearchNumPredicatesAdded=963
%%%mzn-stat: 2AutonomousSearchAverageSizeOfHeap=4.942028985507246
%%%mzn-stat: 2AutonomousSearchNumAssignedPredicatesEncountered=682
%%%mzn-stat-end
