%%%mzn-stat: initTime=0.003437541
%%%mzn-stat: objective=376
%%%mzn-stat: nodes=541
%%%mzn-stat: restarts=0
%%%mzn-stat: peakDepth=115
%%%mzn-stat: solveTime=0.037039316
%%%mzn-stat: variables=386
%%%mzn-stat: propagators=266
%%%mzn-stat: failures=394
%%%mzn-stat: propagations=71021
%%%mzn-stat: nogoods=394
%%%mzn-stat: AverageConflictSize=2.545685279187817
%%%mzn-stat: NumUnitNogoodsLearned=375
%%%mzn-stat: AverageLearnedNogoodLength=2.7081218274111674
%%%mzn-stat: AverageBacktrackAmount=0
%%%mzn-stat: AverageLbd=1.8299492385786802
%%%mzn-stat-end
maxleg = 376;
succ = array1d(1..20,[12, 5, 15, 19, 18, 3, 16, 11, 17, 9, 1, 14, 20, 2, 7, 10, 13, 6, 8, 4]);
% time elapsed: 0.35 s
----------
==========
% time elapsed: 0.35 s
%%%mzn-stat: initTime=0.003437541
%%%mzn-stat: objective=376
%%%mzn-stat: nodes=541
%%%mzn-stat: restarts=0
%%%mzn-stat: peakDepth=115
%%%mzn-stat: solveTime=0.037047464
%%%mzn-stat: variables=386
%%%mzn-stat: propagators=266
%%%mzn-stat: failures=394
%%%mzn-stat: propagations=71021
%%%mzn-stat: nogoods=394
%%%mzn-stat: AverageConflictSize=2.545685279187817
%%%mzn-stat: NumUnitNogoodsLearned=375
%%%mzn-stat: AverageLearnedNogoodLength=2.7081218274111674
%%%mzn-stat: AverageBacktrackAmount=0
%%%mzn-stat: AverageLbd=1.8299492385786802
%%%mzn-stat-end
