%%%mzn-stat: initTime=0.015474154
%%%mzn-stat: objective=191
%%%mzn-stat: nodes=2780
%%%mzn-stat: restarts=0
%%%mzn-stat: peakDepth=837
%%%mzn-stat: solveTime=0.451550726
%%%mzn-stat: variables=1827
%%%mzn-stat: propagators=1453
%%%mzn-stat: failures=1048
%%%mzn-stat: propagations=163292
%%%mzn-stat: nogoods=1048
%%%mzn-stat: AverageConflictSize=6.855916030534351
%%%mzn-stat: NumUnitNogoodsLearned=190
%%%mzn-stat: AverageLearnedNogoodLength=36.07156488549618
%%%mzn-stat: AverageBacktrackAmount=0
%%%mzn-stat: AverageLbd=13.179389312977099
%%%mzn-stat-end
maxleg = 191;
succ = array1d(1..100,[99, 87, 65, 70, 30, 43, 47, 5, 25, 21, 2, 58, 20, 69, 38, 46, 49, 74, 36, 73, 14, 4, 76, 100, 19, 39, 90, 80, 11, 94, 81, 15, 52, 44, 23, 59, 26, 45, 6, 88, 37, 35, 71, 63, 28, 96, 78, 22, 3, 98, 93, 62, 82, 51, 12, 29, 67, 64, 31, 79, 50, 10, 56, 41, 72, 48, 85, 9, 16, 83, 34, 91, 7, 1, 24, 27, 55, 40, 33, 97, 75, 61, 54, 95, 86, 92, 18, 60, 53, 77, 32, 68, 17, 13, 89, 42, 57, 8, 66, 84]);
% time elapsed: 6.33 s
----------
==========
% time elapsed: 6.33 s
%%%mzn-stat: initTime=0.015474154
%%%mzn-stat: objective=191
%%%mzn-stat: nodes=2780
%%%mzn-stat: restarts=0
%%%mzn-stat: peakDepth=837
%%%mzn-stat: solveTime=0.451554483
%%%mzn-stat: variables=1827
%%%mzn-stat: propagators=1453
%%%mzn-stat: failures=1048
%%%mzn-stat: propagations=163292
%%%mzn-stat: nogoods=1048
%%%mzn-stat: AverageConflictSize=6.855916030534351
%%%mzn-stat: NumUnitNogoodsLearned=190
%%%mzn-stat: AverageLearnedNogoodLength=36.07156488549618
%%%mzn-stat: AverageBacktrackAmount=0
%%%mzn-stat: AverageLbd=13.179389312977099
%%%mzn-stat-end
