% Logging successfully configured
%%%mzn-stat: initTime=0.01663105
%%%mzn-stat: objective=580
%%%mzn-stat: nodes=714
%%%mzn-stat: restarts=0
%%%mzn-stat: peakDepth=185
%%%mzn-stat: solveTime=0.018915274
%%%mzn-stat: variables=380
%%%mzn-stat: propagators=448
%%%mzn-stat: failures=351
%%%mzn-stat: propagations=41794
%%%mzn-stat: nogoods=351
%%%mzn-stat: numAtomicConstraintsPropagated=0
%%%mzn-stat: circuitNumber191PropagationsThatFoundConflict=8
%%%mzn-stat: circuitNumber191TotalFixedEdgesAtConflict=111
%%%mzn-stat: circuitNumber191NumberOfConflicts=8
%%%mzn-stat: circuitNumber191PropagationsThatPruned=228
%%%mzn-stat: circuitNumber191PropagationsTotal=688
%%%mzn-stat: AverageConflictSize=2.8518518518518516
%%%mzn-stat: NumUnitNogoodsLearned=0
%%%mzn-stat: AverageLearnedNogoodLength=12.01994301994302
%%%mzn-stat: AverageBacktrackAmount=0
%%%mzn-stat: AverageLbd=5.262108262108262
%%%mzn-stat: 2AutonomousSearchNumBackupCalled=171
%%%mzn-stat: 2AutonomousSearchNumPredicatesRemoved=0
%%%mzn-stat: 2AutonomousSearchNumCalls=172
%%%mzn-stat: 2AutonomousSearchNumPredicatesAdded=370
%%%mzn-stat: 2AutonomousSearchAverageSizeOfHeap=2.1511627906976742
%%%mzn-stat: 2AutonomousSearchNumAssignedPredicatesEncountered=370
%%%mzn-stat-end
maxleg = 580;
succ = array1d(1..20,[7, 3, 4, 5, 6, 11, 2, 9, 10, 14, 12, 13, 16, 18, 1, 8, 15, 20, 17, 19]);
% time elapsed: 6.06 s
----------
%%%mzn-stat: initTime=0.01663105
%%%mzn-stat: objective=564
%%%mzn-stat: nodes=907
%%%mzn-stat: restarts=0
%%%mzn-stat: peakDepth=185
%%%mzn-stat: solveTime=0.019357535
%%%mzn-stat: variables=380
%%%mzn-stat: propagators=448
%%%mzn-stat: failures=355
%%%mzn-stat: propagations=43113
%%%mzn-stat: nogoods=355
%%%mzn-stat: numAtomicConstraintsPropagated=0
%%%mzn-stat: circuitNumber191PropagationsThatFoundConflict=9
%%%mzn-stat: circuitNumber191TotalFixedEdgesAtConflict=125
%%%mzn-stat: circuitNumber191NumberOfConflicts=9
%%%mzn-stat: circuitNumber191PropagationsThatPruned=229
%%%mzn-stat: circuitNumber191PropagationsTotal=716
%%%mzn-stat: AverageConflictSize=2.8450704225352115
%%%mzn-stat: NumUnitNogoodsLearned=0
%%%mzn-stat: AverageLearnedNogoodLength=11.943661971830986
%%%mzn-stat: AverageBacktrackAmount=0
%%%mzn-stat: AverageLbd=5.233802816901409
%%%mzn-stat: 2AutonomousSearchNumBackupCalled=333
%%%mzn-stat: 2AutonomousSearchNumPredicatesRemoved=0
%%%mzn-stat: 2AutonomousSearchNumCalls=335
%%%mzn-stat: 2AutonomousSearchNumPredicatesAdded=414
%%%mzn-stat: 2AutonomousSearchAverageSizeOfHeap=2.2477611940298505
%%%mzn-stat: 2AutonomousSearchNumAssignedPredicatesEncountered=753
%%%mzn-stat-end
maxleg = 564;
succ = array1d(1..20,[8, 3, 4, 5, 6, 12, 2, 7, 1, 9, 20, 13, 16, 10, 17, 11, 18, 14, 15, 19]);
% time elapsed: 6.06 s
----------
%%%mzn-stat: initTime=0.01663105
%%%mzn-stat: objective=463
%%%mzn-stat: nodes=1059
%%%mzn-stat: restarts=0
%%%mzn-stat: peakDepth=185
%%%mzn-stat: solveTime=0.019612162
%%%mzn-stat: variables=380
%%%mzn-stat: propagators=448
%%%mzn-stat: failures=355
%%%mzn-stat: propagations=43920
%%%mzn-stat: nogoods=355
%%%mzn-stat: numAtomicConstraintsPropagated=0
%%%mzn-stat: circuitNumber191PropagationsThatFoundConflict=9
%%%mzn-stat: circuitNumber191TotalFixedEdgesAtConflict=125
%%%mzn-stat: circuitNumber191NumberOfConflicts=9
%%%mzn-stat: circuitNumber191PropagationsThatPruned=231
%%%mzn-stat: circuitNumber191PropagationsTotal=731
%%%mzn-stat: AverageConflictSize=2.8450704225352115
%%%mzn-stat: NumUnitNogoodsLearned=0
%%%mzn-stat: AverageLearnedNogoodLength=11.943661971830986
%%%mzn-stat: AverageBacktrackAmount=0
%%%mzn-stat: AverageLbd=5.233802816901409
%%%mzn-stat: 2AutonomousSearchNumBackupCalled=471
%%%mzn-stat: 2AutonomousSearchNumPredicatesRemoved=0
%%%mzn-stat: 2AutonomousSearchNumCalls=474
%%%mzn-stat: 2AutonomousSearchNumPredicatesAdded=414
%%%mzn-stat: 2AutonomousSearchAverageSizeOfHeap=2.3966244725738397
%%%mzn-stat: 2AutonomousSearchNumAssignedPredicatesEncountered=1136
%%%mzn-stat-end
maxleg = 463;
succ = array1d(1..20,[8, 3, 4, 5, 6, 12, 2, 7, 1, 9, 20, 16, 11, 10, 17, 13, 18, 14, 15, 19]);
% time elapsed: 6.06 s
----------
%%%mzn-stat: initTime=0.01663105
%%%mzn-stat: objective=433
%%%mzn-stat: nodes=1206
%%%mzn-stat: restarts=0
%%%mzn-stat: peakDepth=185
%%%mzn-stat: solveTime=0.019865324
%%%mzn-stat: variables=380
%%%mzn-stat: propagators=448
%%%mzn-stat: failures=355
%%%mzn-stat: propagations=44735
%%%mzn-stat: nogoods=355
%%%mzn-stat: numAtomicConstraintsPropagated=0
%%%mzn-stat: circuitNumber191PropagationsThatFoundConflict=9
%%%mzn-stat: circuitNumber191TotalFixedEdgesAtConflict=125
%%%mzn-stat: circuitNumber191NumberOfConflicts=9
%%%mzn-stat: circuitNumber191PropagationsThatPruned=233
%%%mzn-stat: circuitNumber191PropagationsTotal=746
%%%mzn-stat: AverageConflictSize=2.8450704225352115
%%%mzn-stat: NumUnitNogoodsLearned=0
%%%mzn-stat: AverageLearnedNogoodLength=11.943661971830986
%%%mzn-stat: AverageBacktrackAmount=0
%%%mzn-stat: AverageLbd=5.233802816901409
%%%mzn-stat: 2AutonomousSearchNumBackupCalled=605
%%%mzn-stat: 2AutonomousSearchNumPredicatesRemoved=0
%%%mzn-stat: 2AutonomousSearchNumCalls=609
%%%mzn-stat: 2AutonomousSearchNumPredicatesAdded=414
%%%mzn-stat: 2AutonomousSearchAverageSizeOfHeap=2.4942528735632186
%%%mzn-stat: 2AutonomousSearchNumAssignedPredicatesEncountered=1519
%%%mzn-stat-end
maxleg = 433;
succ = array1d(1..20,[8, 3, 5, 6, 4, 12, 2, 7, 1, 9, 20, 16, 11, 10, 17, 13, 18, 14, 15, 19]);
% time elapsed: 6.06 s
----------
%%%mzn-stat: initTime=0.01663105
%%%mzn-stat: objective=432
%%%mzn-stat: nodes=1342
%%%mzn-stat: restarts=0
%%%mzn-stat: peakDepth=185
%%%mzn-stat: solveTime=0.020193226
%%%mzn-stat: variables=380
%%%mzn-stat: propagators=448
%%%mzn-stat: failures=356
%%%mzn-stat: propagations=45573
%%%mzn-stat: nogoods=356
%%%mzn-stat: numAtomicConstraintsPropagated=0
%%%mzn-stat: circuitNumber191PropagationsThatFoundConflict=9
%%%mzn-stat: circuitNumber191TotalFixedEdgesAtConflict=125
%%%mzn-stat: circuitNumber191NumberOfConflicts=9
%%%mzn-stat: circuitNumber191PropagationsThatPruned=236
%%%mzn-stat: circuitNumber191PropagationsTotal=760
%%%mzn-stat: AverageConflictSize=2.851123595505618
%%%mzn-stat: NumUnitNogoodsLearned=0
%%%mzn-stat: AverageLearnedNogoodLength=11.92134831460674
%%%mzn-stat: AverageBacktrackAmount=0
%%%mzn-stat: AverageLbd=5.224719101123595
%%%mzn-stat: 2AutonomousSearchNumBackupCalled=729
%%%mzn-stat: 2AutonomousSearchNumPredicatesRemoved=0
%%%mzn-stat: 2AutonomousSearchNumCalls=734
%%%mzn-stat: 2AutonomousSearchNumPredicatesAdded=421
%%%mzn-stat: 2AutonomousSearchAverageSizeOfHeap=2.592643051771117
%%%mzn-stat: 2AutonomousSearchNumAssignedPredicatesEncountered=1903
%%%mzn-stat-end
maxleg = 432;
succ = array1d(1..20,[8, 3, 5, 6, 4, 13, 2, 7, 1, 9, 20, 11, 16, 10, 17, 12, 18, 14, 15, 19]);
% time elapsed: 6.06 s
----------
%%%mzn-stat: initTime=0.01663105
%%%mzn-stat: objective=400
%%%mzn-stat: nodes=1466
%%%mzn-stat: restarts=0
%%%mzn-stat: peakDepth=185
%%%mzn-stat: solveTime=0.020484605
%%%mzn-stat: variables=380
%%%mzn-stat: propagators=448
%%%mzn-stat: failures=356
%%%mzn-stat: propagations=46398
%%%mzn-stat: nogoods=356
%%%mzn-stat: numAtomicConstraintsPropagated=0
%%%mzn-stat: circuitNumber191PropagationsThatFoundConflict=9
%%%mzn-stat: circuitNumber191TotalFixedEdgesAtConflict=125
%%%mzn-stat: circuitNumber191NumberOfConflicts=9
%%%mzn-stat: circuitNumber191PropagationsThatPruned=237
%%%mzn-stat: circuitNumber191PropagationsTotal=772
%%%mzn-stat: AverageConflictSize=2.851123595505618
%%%mzn-stat: NumUnitNogoodsLearned=0
%%%mzn-stat: AverageLearnedNogoodLength=11.92134831460674
%%%mzn-stat: AverageBacktrackAmount=0
%%%mzn-stat: AverageLbd=5.224719101123595
%%%mzn-stat: 2AutonomousSearchNumBackupCalled=841
%%%mzn-stat: 2AutonomousSearchNumPredicatesRemoved=0
%%%mzn-stat: 2AutonomousSearchNumCalls=847
%%%mzn-stat: 2AutonomousSearchNumPredicatesAdded=421
%%%mzn-stat: 2AutonomousSearchAverageSizeOfHeap=2.7001180637544273
%%%mzn-stat: 2AutonomousSearchNumAssignedPredicatesEncountered=2287
%%%mzn-stat-end
maxleg = 400;
succ = array1d(1..20,[8, 3, 5, 6, 4, 13, 2, 7, 10, 14, 9, 11, 16, 20, 1, 12, 15, 17, 18, 19]);
% time elapsed: 6.06 s
----------
%%%mzn-stat: initTime=0.01663105
%%%mzn-stat: objective=392
%%%mzn-stat: nodes=1594
%%%mzn-stat: restarts=0
%%%mzn-stat: peakDepth=185
%%%mzn-stat: solveTime=0.021615543
%%%mzn-stat: variables=380
%%%mzn-stat: propagators=448
%%%mzn-stat: failures=368
%%%mzn-stat: propagations=48276
%%%mzn-stat: nogoods=368
%%%mzn-stat: numAtomicConstraintsPropagated=0
%%%mzn-stat: circuitNumber191PropagationsThatFoundConflict=11
%%%mzn-stat: circuitNumber191TotalFixedEdgesAtConflict=165
%%%mzn-stat: circuitNumber191NumberOfConflicts=11
%%%mzn-stat: circuitNumber191PropagationsThatPruned=242
%%%mzn-stat: circuitNumber191PropagationsTotal=796
%%%mzn-stat: AverageConflictSize=2.970108695652174
%%%mzn-stat: NumUnitNogoodsLearned=0
%%%mzn-stat: AverageLearnedNogoodLength=12.138586956521738
%%%mzn-stat: AverageBacktrackAmount=0
%%%mzn-stat: AverageLbd=5.3396739130434785
%%%mzn-stat: 2AutonomousSearchNumBackupCalled=945
%%%mzn-stat: 2AutonomousSearchNumPredicatesRemoved=0
%%%mzn-stat: 2AutonomousSearchNumCalls=952
%%%mzn-stat: 2AutonomousSearchNumPredicatesAdded=655
%%%mzn-stat: 2AutonomousSearchAverageSizeOfHeap=2.838235294117647
%%%mzn-stat: 2AutonomousSearchNumAssignedPredicatesEncountered=2702
%%%mzn-stat-end
maxleg = 392;
succ = array1d(1..20,[15, 3, 5, 6, 4, 13, 2, 7, 10, 14, 9, 11, 16, 20, 8, 12, 1, 17, 18, 19]);
% time elapsed: 6.06 s
----------
==========
% time elapsed: 12.28 s
%%%mzn-stat: initTime=0.01663105
%%%mzn-stat: objective=392
%%%mzn-stat: nodes=51134
%%%mzn-stat: restarts=0
%%%mzn-stat: peakDepth=185
%%%mzn-stat: solveTime=6.246209277
%%%mzn-stat: variables=380
%%%mzn-stat: propagators=448
%%%mzn-stat: failures=46982
%%%mzn-stat: propagations=5705486
%%%mzn-stat: nogoods=46982
%%%mzn-stat: numAtomicConstraintsPropagated=0
%%%mzn-stat: circuitNumber191PropagationsThatFoundConflict=19408
%%%mzn-stat: circuitNumber191TotalFixedEdgesAtConflict=300315
%%%mzn-stat: circuitNumber191NumberOfConflicts=19408
%%%mzn-stat: circuitNumber191PropagationsThatPruned=11692
%%%mzn-stat: circuitNumber191PropagationsTotal=79750
%%%mzn-stat: AverageConflictSize=12.349261419266954
%%%mzn-stat: NumUnitNogoodsLearned=1
%%%mzn-stat: AverageLearnedNogoodLength=27.24713720148142
%%%mzn-stat: AverageBacktrackAmount=0
%%%mzn-stat: AverageLbd=7.084245030011494
%%%mzn-stat: 2AutonomousSearchNumBackupCalled=945
%%%mzn-stat: 2AutonomousSearchNumPredicatesRemoved=0
%%%mzn-stat: 2AutonomousSearchNumCalls=952
%%%mzn-stat: 2AutonomousSearchNumPredicatesAdded=1555
%%%mzn-stat: 2AutonomousSearchAverageSizeOfHeap=2.838235294117647
%%%mzn-stat: 2AutonomousSearchNumAssignedPredicatesEncountered=2702
%%%mzn-stat-end
