% Logging successfully configured
%%%mzn-stat: initTime=0.002979161
%%%mzn-stat: objective=708
%%%mzn-stat: nodes=605
%%%mzn-stat: restarts=0
%%%mzn-stat: peakDepth=152
%%%mzn-stat: solveTime=0.005341993
%%%mzn-stat: variables=326
%%%mzn-stat: propagators=218
%%%mzn-stat: failures=77
%%%mzn-stat: propagations=3993
%%%mzn-stat: nogoods=77
%%%mzn-stat: numAtomicConstraintsPropagated=0
%%%mzn-stat: allDifferentNumber1TotalHallSetSize=358
%%%mzn-stat: allDifferentNumber1NumberOfConflicts=77
%%%mzn-stat: allDifferentNumber1MaxHallSetSize=20
%%%mzn-stat: allDifferentNumber1PropagationsTotal=801
%%%mzn-stat: allDifferentNumber1PropagationsThatFoundConflict=77
%%%mzn-stat: circuitNumber2PropagationsThatFoundConflict=0
%%%mzn-stat: circuitNumber2TotalFixedEdgesAtConflict=0
%%%mzn-stat: circuitNumber2NumberOfConflicts=0
%%%mzn-stat: circuitNumber2PropagationsThatPruned=29
%%%mzn-stat: circuitNumber2PropagationsTotal=447
%%%mzn-stat: AverageConflictSize=4.181818181818182
%%%mzn-stat: NumUnitNogoodsLearned=0
%%%mzn-stat: AverageLearnedNogoodLength=3.4805194805194803
%%%mzn-stat: AverageBacktrackAmount=0
%%%mzn-stat: AverageLbd=3.4285714285714284
%%%mzn-stat: 2AutonomousSearchNumBackupCalled=133
%%%mzn-stat: 2AutonomousSearchNumPredicatesRemoved=0
%%%mzn-stat: 2AutonomousSearchNumCalls=134
%%%mzn-stat: 2AutonomousSearchNumPredicatesAdded=163
%%%mzn-stat: 2AutonomousSearchAverageSizeOfHeap=1.2164179104477613
%%%mzn-stat: 2AutonomousSearchNumAssignedPredicatesEncountered=163
%%%mzn-stat-end
maxleg = 708;
succ = array1d(1..20,[2, 3, 7, 1, 4, 12, 6, 13, 10, 17, 9, 19, 15, 11, 20, 5, 16, 14, 8, 18]);
% time elapsed: 0.32 s
----------
%%%mzn-stat: initTime=0.002979161
%%%mzn-stat: objective=472
%%%mzn-stat: nodes=773
%%%mzn-stat: restarts=0
%%%mzn-stat: peakDepth=152
%%%mzn-stat: solveTime=0.006096368
%%%mzn-stat: variables=326
%%%mzn-stat: propagators=218
%%%mzn-stat: failures=88
%%%mzn-stat: propagations=4686
%%%mzn-stat: nogoods=88
%%%mzn-stat: numAtomicConstraintsPropagated=0
%%%mzn-stat: allDifferentNumber1TotalHallSetSize=385
%%%mzn-stat: allDifferentNumber1NumberOfConflicts=87
%%%mzn-stat: allDifferentNumber1MaxHallSetSize=20
%%%mzn-stat: allDifferentNumber1PropagationsTotal=887
%%%mzn-stat: allDifferentNumber1PropagationsThatFoundConflict=87
%%%mzn-stat: circuitNumber2PropagationsThatFoundConflict=1
%%%mzn-stat: circuitNumber2TotalFixedEdgesAtConflict=14
%%%mzn-stat: circuitNumber2NumberOfConflicts=1
%%%mzn-stat: circuitNumber2PropagationsThatPruned=37
%%%mzn-stat: circuitNumber2PropagationsTotal=496
%%%mzn-stat: AverageConflictSize=4.056818181818182
%%%mzn-stat: NumUnitNogoodsLearned=0
%%%mzn-stat: AverageLearnedNogoodLength=3.602272727272727
%%%mzn-stat: AverageBacktrackAmount=0
%%%mzn-stat: AverageLbd=3.4431818181818183
%%%mzn-stat: 2AutonomousSearchNumBackupCalled=254
%%%mzn-stat: 2AutonomousSearchNumPredicatesRemoved=0
%%%mzn-stat: 2AutonomousSearchNumCalls=256
%%%mzn-stat: 2AutonomousSearchNumPredicatesAdded=252
%%%mzn-stat: 2AutonomousSearchAverageSizeOfHeap=1.44921875
%%%mzn-stat: 2AutonomousSearchNumAssignedPredicatesEncountered=371
%%%mzn-stat-end
maxleg = 472;
succ = array1d(1..20,[2, 3, 7, 1, 4, 12, 6, 13, 11, 9, 14, 19, 10, 18, 8, 5, 16, 17, 20, 15]);
% time elapsed: 0.32 s
----------
%%%mzn-stat: initTime=0.002979161
%%%mzn-stat: objective=465
%%%mzn-stat: nodes=1025
%%%mzn-stat: restarts=0
%%%mzn-stat: peakDepth=152
%%%mzn-stat: solveTime=0.011345236
%%%mzn-stat: variables=326
%%%mzn-stat: propagators=218
%%%mzn-stat: failures=173
%%%mzn-stat: propagations=7318
%%%mzn-stat: nogoods=173
%%%mzn-stat: numAtomicConstraintsPropagated=0
%%%mzn-stat: allDifferentNumber1TotalHallSetSize=669
%%%mzn-stat: allDifferentNumber1NumberOfConflicts=161
%%%mzn-stat: allDifferentNumber1MaxHallSetSize=20
%%%mzn-stat: allDifferentNumber1PropagationsTotal=1256
%%%mzn-stat: allDifferentNumber1PropagationsThatFoundConflict=161
%%%mzn-stat: circuitNumber2PropagationsThatFoundConflict=7
%%%mzn-stat: circuitNumber2TotalFixedEdgesAtConflict=94
%%%mzn-stat: circuitNumber2NumberOfConflicts=7
%%%mzn-stat: circuitNumber2PropagationsThatPruned=101
%%%mzn-stat: circuitNumber2PropagationsTotal=679
%%%mzn-stat: AverageConflictSize=4.705202312138728
%%%mzn-stat: NumUnitNogoodsLearned=0
%%%mzn-stat: AverageLearnedNogoodLength=6.826589595375722
%%%mzn-stat: AverageBacktrackAmount=0
%%%mzn-stat: AverageLbd=4.433526011560693
%%%mzn-stat: 2AutonomousSearchNumBackupCalled=358
%%%mzn-stat: 2AutonomousSearchNumPredicatesRemoved=0
%%%mzn-stat: 2AutonomousSearchNumCalls=361
%%%mzn-stat: 2AutonomousSearchNumPredicatesAdded=511
%%%mzn-stat: 2AutonomousSearchAverageSizeOfHeap=1.9806094182825484
%%%mzn-stat: 2AutonomousSearchNumAssignedPredicatesEncountered=715
%%%mzn-stat-end
maxleg = 465;
succ = array1d(1..20,[2, 3, 7, 1, 4, 19, 12, 13, 11, 9, 14, 6, 10, 18, 8, 5, 16, 17, 20, 15]);
% time elapsed: 0.32 s
----------
%%%mzn-stat: initTime=0.002979161
%%%mzn-stat: objective=437
%%%mzn-stat: nodes=1151
%%%mzn-stat: restarts=0
%%%mzn-stat: peakDepth=152
%%%mzn-stat: solveTime=0.011768222
%%%mzn-stat: variables=326
%%%mzn-stat: propagators=218
%%%mzn-stat: failures=176
%%%mzn-stat: propagations=7811
%%%mzn-stat: nogoods=176
%%%mzn-stat: numAtomicConstraintsPropagated=0
%%%mzn-stat: allDifferentNumber1TotalHallSetSize=680
%%%mzn-stat: allDifferentNumber1NumberOfConflicts=164
%%%mzn-stat: allDifferentNumber1MaxHallSetSize=20
%%%mzn-stat: allDifferentNumber1PropagationsTotal=1297
%%%mzn-stat: allDifferentNumber1PropagationsThatFoundConflict=164
%%%mzn-stat: circuitNumber2PropagationsThatFoundConflict=7
%%%mzn-stat: circuitNumber2TotalFixedEdgesAtConflict=94
%%%mzn-stat: circuitNumber2NumberOfConflicts=7
%%%mzn-stat: circuitNumber2PropagationsThatPruned=106
%%%mzn-stat: circuitNumber2PropagationsTotal=704
%%%mzn-stat: AverageConflictSize=4.693181818181818
%%%mzn-stat: NumUnitNogoodsLearned=0
%%%mzn-stat: AverageLearnedNogoodLength=6.7727272727272725
%%%mzn-stat: AverageBacktrackAmount=0
%%%mzn-stat: AverageLbd=4.409090909090909
%%%mzn-stat: 2AutonomousSearchNumBackupCalled=461
%%%mzn-stat: 2AutonomousSearchNumPredicatesRemoved=0
%%%mzn-stat: 2AutonomousSearchNumCalls=465
%%%mzn-stat: 2AutonomousSearchNumPredicatesAdded=521
%%%mzn-stat: 2AutonomousSearchAverageSizeOfHeap=2.2795698924731185
%%%mzn-stat: 2AutonomousSearchNumAssignedPredicatesEncountered=1060
%%%mzn-stat-end
maxleg = 437;
succ = array1d(1..20,[2, 3, 7, 1, 4, 19, 12, 15, 11, 9, 14, 6, 10, 18, 13, 5, 16, 17, 20, 8]);
% time elapsed: 0.32 s
----------
==========
% time elapsed: 0.32 s
%%%mzn-stat: initTime=0.002979161
%%%mzn-stat: objective=437
%%%mzn-stat: nodes=1151
%%%mzn-stat: restarts=0
%%%mzn-stat: peakDepth=152
%%%mzn-stat: solveTime=0.011872371
%%%mzn-stat: variables=326
%%%mzn-stat: propagators=218
%%%mzn-stat: failures=177
%%%mzn-stat: propagations=7884
%%%mzn-stat: nogoods=177
%%%mzn-stat: numAtomicConstraintsPropagated=0
%%%mzn-stat: allDifferentNumber1TotalHallSetSize=700
%%%mzn-stat: allDifferentNumber1NumberOfConflicts=165
%%%mzn-stat: allDifferentNumber1MaxHallSetSize=20
%%%mzn-stat: allDifferentNumber1PropagationsTotal=1299
%%%mzn-stat: allDifferentNumber1PropagationsThatFoundConflict=165
%%%mzn-stat: circuitNumber2PropagationsThatFoundConflict=7
%%%mzn-stat: circuitNumber2TotalFixedEdgesAtConflict=94
%%%mzn-stat: circuitNumber2NumberOfConflicts=7
%%%mzn-stat: circuitNumber2PropagationsThatPruned=106
%%%mzn-stat: circuitNumber2PropagationsTotal=705
%%%mzn-stat: AverageConflictSize=4.745762711864407
%%%mzn-stat: NumUnitNogoodsLearned=1
%%%mzn-stat: AverageLearnedNogoodLength=6.740112994350283
%%%mzn-stat: AverageBacktrackAmount=0
%%%mzn-stat: AverageLbd=4.389830508474576
%%%mzn-stat: 2AutonomousSearchNumBackupCalled=461
%%%mzn-stat: 2AutonomousSearchNumPredicatesRemoved=0
%%%mzn-stat: 2AutonomousSearchNumCalls=465
%%%mzn-stat: 2AutonomousSearchNumPredicatesAdded=623
%%%mzn-stat: 2AutonomousSearchAverageSizeOfHeap=2.2795698924731185
%%%mzn-stat: 2AutonomousSearchNumAssignedPredicatesEncountered=1060
%%%mzn-stat-end
