% Logging successfully configured
=====UNKNOWN=====
% time elapsed: 1800.03 s
%%%mzn-stat: initTime=0.012114988
%%%mzn-stat: nodes=910027
%%%mzn-stat: restarts=0
%%%mzn-stat: peakDepth=41
%%%mzn-stat: solveTime=1799.458416115
%%%mzn-stat: variables=1076
%%%mzn-stat: propagators=783
%%%mzn-stat: failures=909886
%%%mzn-stat: propagations=24165400
%%%mzn-stat: nogoods=909886
%%%mzn-stat: numAtomicConstraintsPropagated=0
%%%mzn-stat: circuitNumber1PropagationsTotal=5005989
%%%mzn-stat: circuitNumber1CircuitConflicts=66814
%%%mzn-stat: circuitNumber1AlldiffConflicts=7861
%%%mzn-stat: circuitNumber1TotalFixedEdgesAtConflict=4284420
%%%mzn-stat: circuitNumber1NumberOfConflicts=74675
%%%mzn-stat: circuitNumber1GacPrunings=12360021
%%%mzn-stat: circuitNumber1PropagationsThatGacPruned=3280364
%%%mzn-stat: circuitNumber1TotalPruningHallSetSize=98905369
%%%mzn-stat: circuitNumber1NumberOfPruningExplanations=12360021
%%%mzn-stat: circuitNumber1MaxPruningHallSetSize=74
%%%mzn-stat: circuitNumber1TotalSccSizeAtPruning=63019495
%%%mzn-stat: circuitNumber1NumberOfSccPruningCalls=3280364
%%%mzn-stat: circuitNumber1TotalVarsInvolvedInPruning=10583456
%%%mzn-stat: circuitNumber1MaxValuesPrunedFromSingleVar=7
%%%mzn-stat: circuitNumber1HallCircuitChecks=12597751
%%%mzn-stat: circuitNumber1HallCircuitPrunings=641689
%%%mzn-stat: circuitNumber1CircuitPreventPrunings=3390079
%%%mzn-stat: AverageConflictSize=5.253631773650765
%%%mzn-stat: NumUnitNogoodsLearned=0
%%%mzn-stat: AverageLearnedNogoodLength=42.97041607410159
%%%mzn-stat: AverageBacktrackAmount=0
%%%mzn-stat: AverageLbd=37.357415104749386
%%%mzn-stat: 2AutonomousSearchNumBackupCalled=0
%%%mzn-stat: 2AutonomousSearchNumPredicatesRemoved=0
%%%mzn-stat: 2AutonomousSearchNumCalls=0
%%%mzn-stat: 2AutonomousSearchNumPredicatesAdded=6071
%%%mzn-stat: 2AutonomousSearchAverageSizeOfHeap=0
%%%mzn-stat: 2AutonomousSearchNumAssignedPredicatesEncountered=0
%%%mzn-stat-end
