% Logging successfully configured
%%%mzn-stat: initTime=0.013505571
%%%mzn-stat: objective=809
%%%mzn-stat: nodes=2291
%%%mzn-stat: restarts=0
%%%mzn-stat: peakDepth=319
%%%mzn-stat: solveTime=0.057846171
%%%mzn-stat: variables=673
%%%mzn-stat: propagators=454
%%%mzn-stat: failures=195
%%%mzn-stat: propagations=15930
%%%mzn-stat: nogoods=195
%%%mzn-stat: numAtomicConstraintsPropagated=0
%%%mzn-stat: allDifferentNumber1TotalHallSetSize=1601
%%%mzn-stat: allDifferentNumber1NumberOfConflicts=194
%%%mzn-stat: allDifferentNumber1MaxHallSetSize=40
%%%mzn-stat: allDifferentNumber1PropagationsTotal=3262
%%%mzn-stat: allDifferentNumber1PropagationsThatFoundConflict=194
%%%mzn-stat: circuitNumber2PropagationsThatFoundConflict=0
%%%mzn-stat: circuitNumber2TotalFixedEdgesAtConflict=0
%%%mzn-stat: circuitNumber2NumberOfConflicts=0
%%%mzn-stat: circuitNumber2PropagationsThatPruned=119
%%%mzn-stat: circuitNumber2PropagationsTotal=2010
%%%mzn-stat: AverageConflictSize=7.579487179487179
%%%mzn-stat: NumUnitNogoodsLearned=0
%%%mzn-stat: AverageLearnedNogoodLength=7.276923076923077
%%%mzn-stat: AverageBacktrackAmount=0
%%%mzn-stat: AverageLbd=5.861538461538461
%%%mzn-stat: 2AutonomousSearchNumBackupCalled=279
%%%mzn-stat: 2AutonomousSearchNumPredicatesRemoved=0
%%%mzn-stat: 2AutonomousSearchNumCalls=280
%%%mzn-stat: 2AutonomousSearchNumPredicatesAdded=451
%%%mzn-stat: 2AutonomousSearchAverageSizeOfHeap=1.6107142857142858
%%%mzn-stat: 2AutonomousSearchNumAssignedPredicatesEncountered=451
%%%mzn-stat-end
maxleg = 809;
succ = array1d(1..50,[19, 9, 6, 5, 18, 8, 14, 7, 4, 15, 26, 2, 23, 49, 24, 34, 20, 25, 12, 21, 33, 29, 48, 45, 44, 35, 1, 10, 42, 11, 3, 17, 36, 22, 37, 28, 27, 32, 41, 38, 46, 13, 40, 39, 30, 16, 50, 47, 43, 31]);
% time elapsed: 2.34 s
----------
%%%mzn-stat: initTime=0.013505571
%%%mzn-stat: objective=685
%%%mzn-stat: nodes=3178
%%%mzn-stat: restarts=0
%%%mzn-stat: peakDepth=321
%%%mzn-stat: solveTime=0.093155038
%%%mzn-stat: variables=673
%%%mzn-stat: propagators=454
%%%mzn-stat: failures=388
%%%mzn-stat: propagations=22952
%%%mzn-stat: nogoods=388
%%%mzn-stat: numAtomicConstraintsPropagated=0
%%%mzn-stat: allDifferentNumber1TotalHallSetSize=3324
%%%mzn-stat: allDifferentNumber1NumberOfConflicts=375
%%%mzn-stat: allDifferentNumber1MaxHallSetSize=40
%%%mzn-stat: allDifferentNumber1PropagationsTotal=4491
%%%mzn-stat: allDifferentNumber1PropagationsThatFoundConflict=375
%%%mzn-stat: circuitNumber2PropagationsThatFoundConflict=9
%%%mzn-stat: circuitNumber2TotalFixedEdgesAtConflict=402
%%%mzn-stat: circuitNumber2NumberOfConflicts=9
%%%mzn-stat: circuitNumber2PropagationsThatPruned=256
%%%mzn-stat: circuitNumber2PropagationsTotal=2741
%%%mzn-stat: AverageConflictSize=9.22938144329897
%%%mzn-stat: NumUnitNogoodsLearned=0
%%%mzn-stat: AverageLearnedNogoodLength=10.185567010309278
%%%mzn-stat: AverageBacktrackAmount=0
%%%mzn-stat: AverageLbd=8.20360824742268
%%%mzn-stat: 2AutonomousSearchNumBackupCalled=566
%%%mzn-stat: 2AutonomousSearchNumPredicatesRemoved=0
%%%mzn-stat: 2AutonomousSearchNumCalls=568
%%%mzn-stat: 2AutonomousSearchNumPredicatesAdded=1156
%%%mzn-stat: 2AutonomousSearchAverageSizeOfHeap=2.3028169014084505
%%%mzn-stat: 2AutonomousSearchNumAssignedPredicatesEncountered=1308
%%%mzn-stat-end
maxleg = 685;
succ = array1d(1..50,[19, 9, 6, 5, 18, 8, 14, 7, 4, 15, 26, 2, 23, 49, 24, 35, 20, 25, 29, 21, 33, 12, 48, 45, 44, 30, 1, 34, 42, 41, 3, 17, 36, 22, 11, 10, 27, 32, 16, 38, 46, 13, 40, 39, 28, 37, 50, 47, 43, 31]);
% time elapsed: 2.36 s
----------
%%%mzn-stat: initTime=0.013505571
%%%mzn-stat: objective=635
%%%mzn-stat: nodes=3860
%%%mzn-stat: restarts=0
%%%mzn-stat: peakDepth=321
%%%mzn-stat: solveTime=0.111639416
%%%mzn-stat: variables=673
%%%mzn-stat: propagators=454
%%%mzn-stat: failures=508
%%%mzn-stat: propagations=27982
%%%mzn-stat: nogoods=508
%%%mzn-stat: numAtomicConstraintsPropagated=0
%%%mzn-stat: allDifferentNumber1TotalHallSetSize=4028
%%%mzn-stat: allDifferentNumber1NumberOfConflicts=476
%%%mzn-stat: allDifferentNumber1MaxHallSetSize=40
%%%mzn-stat: allDifferentNumber1PropagationsTotal=5247
%%%mzn-stat: allDifferentNumber1PropagationsThatFoundConflict=476
%%%mzn-stat: circuitNumber2PropagationsThatFoundConflict=25
%%%mzn-stat: circuitNumber2TotalFixedEdgesAtConflict=1114
%%%mzn-stat: circuitNumber2NumberOfConflicts=25
%%%mzn-stat: circuitNumber2PropagationsThatPruned=308
%%%mzn-stat: circuitNumber2PropagationsTotal=3190
%%%mzn-stat: AverageConflictSize=9.490157480314961
%%%mzn-stat: NumUnitNogoodsLearned=0
%%%mzn-stat: AverageLearnedNogoodLength=10.700787401574804
%%%mzn-stat: AverageBacktrackAmount=0
%%%mzn-stat: AverageLbd=8.87992125984252
%%%mzn-stat: 2AutonomousSearchNumBackupCalled=845
%%%mzn-stat: 2AutonomousSearchNumPredicatesRemoved=0
%%%mzn-stat: 2AutonomousSearchNumCalls=848
%%%mzn-stat: 2AutonomousSearchNumPredicatesAdded=1728
%%%mzn-stat: 2AutonomousSearchAverageSizeOfHeap=2.623820754716981
%%%mzn-stat: 2AutonomousSearchNumAssignedPredicatesEncountered=2225
%%%mzn-stat-end
maxleg = 635;
succ = array1d(1..50,[19, 9, 6, 5, 18, 8, 14, 7, 4, 15, 26, 2, 23, 49, 34, 35, 20, 25, 29, 21, 33, 12, 48, 10, 44, 30, 1, 17, 42, 41, 3, 36, 24, 22, 11, 45, 27, 32, 16, 38, 46, 13, 40, 39, 28, 37, 50, 47, 43, 31]);
% time elapsed: 2.38 s
----------
%%%mzn-stat: initTime=0.013505571
%%%mzn-stat: objective=437
%%%mzn-stat: nodes=5918
%%%mzn-stat: restarts=0
%%%mzn-stat: peakDepth=321
%%%mzn-stat: solveTime=0.205785535
%%%mzn-stat: variables=673
%%%mzn-stat: propagators=454
%%%mzn-stat: failures=1127
%%%mzn-stat: propagations=51211
%%%mzn-stat: nogoods=1127
%%%mzn-stat: numAtomicConstraintsPropagated=0
%%%mzn-stat: allDifferentNumber1TotalHallSetSize=5992
%%%mzn-stat: allDifferentNumber1NumberOfConflicts=828
%%%mzn-stat: allDifferentNumber1MaxHallSetSize=40
%%%mzn-stat: allDifferentNumber1PropagationsTotal=8731
%%%mzn-stat: allDifferentNumber1PropagationsThatFoundConflict=828
%%%mzn-stat: circuitNumber2PropagationsThatFoundConflict=251
%%%mzn-stat: circuitNumber2TotalFixedEdgesAtConflict=11037
%%%mzn-stat: circuitNumber2NumberOfConflicts=251
%%%mzn-stat: circuitNumber2PropagationsThatPruned=497
%%%mzn-stat: circuitNumber2PropagationsTotal=5251
%%%mzn-stat: AverageConflictSize=11.271517302573203
%%%mzn-stat: NumUnitNogoodsLearned=0
%%%mzn-stat: AverageLearnedNogoodLength=12.967169476486246
%%%mzn-stat: AverageBacktrackAmount=0
%%%mzn-stat: AverageLbd=11.090505767524402
%%%mzn-stat: 2AutonomousSearchNumBackupCalled=1117
%%%mzn-stat: 2AutonomousSearchNumPredicatesRemoved=0
%%%mzn-stat: 2AutonomousSearchNumCalls=1121
%%%mzn-stat: 2AutonomousSearchNumPredicatesAdded=2731
%%%mzn-stat: 2AutonomousSearchAverageSizeOfHeap=3.143621766280107
%%%mzn-stat: 2AutonomousSearchNumAssignedPredicatesEncountered=3524
%%%mzn-stat-end
maxleg = 437;
succ = array1d(1..50,[19, 9, 6, 5, 18, 8, 14, 7, 4, 15, 26, 2, 42, 33, 24, 34, 20, 25, 48, 21, 36, 12, 13, 32, 44, 30, 1, 10, 22, 35, 3, 38, 17, 37, 16, 45, 27, 40, 46, 43, 11, 29, 49, 39, 28, 41, 50, 47, 23, 31]);
% time elapsed: 2.47 s
----------
%%%mzn-stat: initTime=0.013505571
%%%mzn-stat: objective=437
%%%mzn-stat: nodes=11905098
%%%mzn-stat: restarts=0
%%%mzn-stat: peakDepth=321
%%%mzn-stat: solveTime=1797.753772379
%%%mzn-stat: variables=673
%%%mzn-stat: propagators=454
%%%mzn-stat: failures=6125689
%%%mzn-stat: propagations=254720506
%%%mzn-stat: nogoods=6125689
%%%mzn-stat: numAtomicConstraintsPropagated=0
%%%mzn-stat: allDifferentNumber1TotalHallSetSize=13680543
%%%mzn-stat: allDifferentNumber1NumberOfConflicts=753675
%%%mzn-stat: allDifferentNumber1MaxHallSetSize=42
%%%mzn-stat: allDifferentNumber1PropagationsTotal=27370386
%%%mzn-stat: allDifferentNumber1PropagationsThatFoundConflict=753675
%%%mzn-stat: circuitNumber2PropagationsThatFoundConflict=4235302
%%%mzn-stat: circuitNumber2TotalFixedEdgesAtConflict=177206971
%%%mzn-stat: circuitNumber2NumberOfConflicts=4235302
%%%mzn-stat: circuitNumber2PropagationsThatPruned=3462681
%%%mzn-stat: circuitNumber2PropagationsTotal=18660059
%%%mzn-stat: AverageConflictSize=22.546379680718363
%%%mzn-stat: NumUnitNogoodsLearned=0
%%%mzn-stat: AverageLearnedNogoodLength=25.146735330507312
%%%mzn-stat: AverageBacktrackAmount=0
%%%mzn-stat: AverageLbd=14.613017735637575
%%%mzn-stat: 2AutonomousSearchNumBackupCalled=1117
%%%mzn-stat: 2AutonomousSearchNumPredicatesRemoved=0
%%%mzn-stat: 2AutonomousSearchNumCalls=1121
%%%mzn-stat: 2AutonomousSearchNumPredicatesAdded=5870
%%%mzn-stat: 2AutonomousSearchAverageSizeOfHeap=3.143621766280107
%%%mzn-stat: 2AutonomousSearchNumAssignedPredicatesEncountered=3524
%%%mzn-stat-end
