%%%mzn-stat: initTime=0.029168652
%%%mzn-stat: objective=192
%%%mzn-stat: nodes=1009
%%%mzn-stat: restarts=0
%%%mzn-stat: peakDepth=800
%%%mzn-stat: solveTime=0.238579306
%%%mzn-stat: variables=3218
%%%mzn-stat: propagators=2719
%%%mzn-stat: failures=200
%%%mzn-stat: propagations=304689
%%%mzn-stat: nogoods=200
%%%mzn-stat: AverageConflictSize=2.125
%%%mzn-stat: NumUnitNogoodsLearned=191
%%%mzn-stat: AverageLearnedNogoodLength=12.71
%%%mzn-stat: AverageBacktrackAmount=0
%%%mzn-stat: AverageLbd=2.95
%%%mzn-stat-end
maxleg = 192;
succ = array1d(1..100,[70, 73, 15, 92, 99, 95, 14, 3, 54, 1, 62, 34, 39, 23, 16, 65, 55, 6, 31, 61, 10, 80, 75, 63, 38, 66, 97, 91, 84, 89, 76, 74, 11, 45, 96, 64, 13, 41, 44, 93, 60, 17, 5, 86, 7, 59, 25, 24, 20, 58, 46, 28, 79, 48, 87, 94, 26, 33, 29, 57, 47, 52, 78, 69, 67, 85, 100, 9, 81, 56, 8, 36, 35, 42, 22, 49, 18, 2, 77, 43, 51, 72, 88, 53, 40, 19, 98, 37, 68, 71, 32, 83, 90, 4, 30, 12, 82, 27, 21, 50]);
% time elapsed: 1.77 s
----------
==========
% time elapsed: 1.77 s
%%%mzn-stat: initTime=0.029168652
%%%mzn-stat: objective=192
%%%mzn-stat: nodes=1009
%%%mzn-stat: restarts=0
%%%mzn-stat: peakDepth=800
%%%mzn-stat: solveTime=0.238583923
%%%mzn-stat: variables=3218
%%%mzn-stat: propagators=2719
%%%mzn-stat: failures=200
%%%mzn-stat: propagations=304689
%%%mzn-stat: nogoods=200
%%%mzn-stat: AverageConflictSize=2.125
%%%mzn-stat: NumUnitNogoodsLearned=191
%%%mzn-stat: AverageLearnedNogoodLength=12.71
%%%mzn-stat: AverageBacktrackAmount=0
%%%mzn-stat: AverageLbd=2.95
%%%mzn-stat-end
