%%%mzn-stat: initTime=0.027540095
%%%mzn-stat: objective=211
%%%mzn-stat: nodes=19226
%%%mzn-stat: restarts=13
%%%mzn-stat: peakDepth=1379
%%%mzn-stat: solveTime=18.612894004
%%%mzn-stat: variables=2436
%%%mzn-stat: propagators=2031
%%%mzn-stat: failures=13824
%%%mzn-stat: propagations=952207
%%%mzn-stat: nogoods=13824
%%%mzn-stat: AverageConflictSize=76.71498842592592
%%%mzn-stat: NumUnitNogoodsLearned=203
%%%mzn-stat: AverageLearnedNogoodLength=102.50578703703704
%%%mzn-stat: AverageBacktrackAmount=0
%%%mzn-stat: AverageLbd=49.155454282407405
%%%mzn-stat-end
maxleg = 211;
succ = array1d(1..150,[79, 148, 36, 120, 145, 9, 118, 69, 102, 47, 65, 92, 70, 45, 61, 57, 103, 125, 34, 76, 78, 136, 104, 149, 81, 5, 83, 43, 132, 59, 144, 49, 41, 106, 95, 63, 22, 46, 119, 130, 111, 48, 113, 122, 80, 89, 110, 67, 73, 14, 128, 15, 74, 28, 124, 18, 24, 134, 37, 139, 87, 29, 64, 135, 1, 99, 105, 100, 140, 53, 39, 66, 86, 88, 54, 112, 8, 133, 146, 31, 117, 114, 2, 127, 35, 109, 21, 23, 55, 30, 123, 20, 56, 11, 147, 138, 12, 17, 94, 50, 150, 142, 93, 85, 108, 16, 101, 82, 98, 40, 7, 72, 25, 26, 84, 6, 71, 90, 10, 13, 33, 126, 143, 137, 44, 60, 96, 62, 38, 32, 42, 91, 121, 4, 97, 51, 75, 107, 131, 116, 19, 129, 141, 77, 115, 27, 68, 52, 58, 3]);
% time elapsed: 26.05 s
----------
%%%mzn-stat: initTime=0.027540095
%%%mzn-stat: objective=210
%%%mzn-stat: nodes=21102
%%%mzn-stat: restarts=14
%%%mzn-stat: peakDepth=1453
%%%mzn-stat: solveTime=18.813013769
%%%mzn-stat: variables=2436
%%%mzn-stat: propagators=2031
%%%mzn-stat: failures=13876
%%%mzn-stat: propagations=958623
%%%mzn-stat: nogoods=13876
%%%mzn-stat: AverageConflictSize=76.76981839146728
%%%mzn-stat: NumUnitNogoodsLearned=203
%%%mzn-stat: AverageLearnedNogoodLength=102.59455174401845
%%%mzn-stat: AverageBacktrackAmount=0
%%%mzn-stat: AverageLbd=49.248414528682616
%%%mzn-stat-end
maxleg = 210;
succ = array1d(1..150,[61, 148, 36, 120, 145, 9, 118, 69, 102, 47, 65, 92, 70, 45, 95, 136, 103, 125, 34, 76, 78, 7, 104, 59, 81, 5, 146, 43, 132, 149, 144, 49, 41, 106, 27, 63, 24, 46, 119, 130, 90, 48, 113, 122, 80, 89, 110, 67, 73, 14, 128, 15, 74, 28, 124, 18, 30, 134, 16, 139, 87, 29, 64, 135, 1, 99, 105, 100, 140, 53, 39, 66, 86, 88, 54, 112, 8, 133, 83, 31, 117, 114, 2, 127, 35, 109, 21, 23, 55, 57, 123, 20, 56, 11, 147, 138, 12, 17, 94, 50, 150, 142, 93, 85, 108, 22, 101, 82, 98, 40, 58, 72, 25, 26, 84, 6, 71, 111, 10, 13, 33, 126, 143, 137, 44, 60, 96, 62, 38, 32, 42, 91, 121, 4, 97, 51, 75, 107, 131, 116, 19, 129, 141, 77, 115, 79, 68, 52, 37, 3]);
% time elapsed: 26.24 s
----------
%%%mzn-stat: initTime=0.027540095
%%%mzn-stat: objective=209
%%%mzn-stat: nodes=23262
%%%mzn-stat: restarts=15
%%%mzn-stat: peakDepth=1453
%%%mzn-stat: solveTime=19.245129638
%%%mzn-stat: variables=2436
%%%mzn-stat: propagators=2031
%%%mzn-stat: failures=14115
%%%mzn-stat: propagations=976050
%%%mzn-stat: nogoods=14115
%%%mzn-stat: AverageConflictSize=76.99822883457315
%%%mzn-stat: NumUnitNogoodsLearned=203
%%%mzn-stat: AverageLearnedNogoodLength=102.68912504427914
%%%mzn-stat: AverageBacktrackAmount=0
%%%mzn-stat: AverageLbd=49.43535246191994
%%%mzn-stat-end
maxleg = 209;
succ = array1d(1..150,[61, 148, 36, 120, 145, 9, 118, 69, 102, 47, 65, 92, 70, 45, 95, 57, 103, 125, 34, 76, 78, 136, 104, 149, 81, 5, 146, 43, 132, 90, 144, 49, 41, 106, 1, 63, 59, 46, 119, 130, 37, 48, 113, 122, 80, 89, 110, 67, 73, 14, 128, 15, 74, 28, 124, 18, 24, 134, 30, 139, 87, 29, 64, 135, 35, 99, 105, 100, 140, 53, 39, 66, 86, 88, 54, 112, 8, 133, 83, 31, 117, 114, 2, 127, 27, 109, 21, 23, 55, 111, 123, 20, 56, 11, 147, 138, 12, 17, 94, 50, 150, 142, 93, 85, 108, 16, 101, 82, 98, 40, 7, 72, 25, 26, 84, 6, 71, 22, 10, 13, 33, 126, 143, 137, 44, 60, 96, 62, 38, 32, 42, 91, 121, 4, 97, 51, 75, 107, 131, 116, 19, 129, 141, 77, 115, 79, 68, 52, 58, 3]);
% time elapsed: 26.68 s
----------
%%%mzn-stat: initTime=0.027540095
%%%mzn-stat: objective=204
%%%mzn-stat: nodes=24810
%%%mzn-stat: restarts=15
%%%mzn-stat: peakDepth=1549
%%%mzn-stat: solveTime=19.328269414
%%%mzn-stat: variables=2436
%%%mzn-stat: propagators=2031
%%%mzn-stat: failures=14115
%%%mzn-stat: propagations=980061
%%%mzn-stat: nogoods=14115
%%%mzn-stat: AverageConflictSize=76.99822883457315
%%%mzn-stat: NumUnitNogoodsLearned=203
%%%mzn-stat: AverageLearnedNogoodLength=102.68912504427914
%%%mzn-stat: AverageBacktrackAmount=0
%%%mzn-stat: AverageLbd=49.43535246191994
%%%mzn-stat-end
maxleg = 204;
succ = array1d(1..150,[61, 148, 36, 120, 145, 9, 118, 69, 102, 47, 65, 92, 70, 45, 95, 57, 103, 125, 34, 76, 78, 136, 104, 149, 81, 5, 146, 43, 132, 37, 144, 49, 41, 106, 1, 63, 59, 46, 119, 130, 90, 48, 113, 122, 80, 89, 110, 67, 73, 14, 128, 15, 74, 28, 124, 18, 24, 134, 7, 139, 87, 29, 64, 135, 35, 99, 105, 100, 140, 53, 39, 66, 86, 88, 54, 112, 8, 133, 83, 31, 117, 114, 2, 127, 27, 109, 21, 23, 55, 30, 123, 20, 56, 11, 147, 138, 12, 17, 94, 50, 150, 142, 93, 85, 108, 16, 101, 82, 98, 40, 58, 72, 25, 26, 84, 6, 71, 22, 10, 13, 33, 126, 143, 137, 44, 60, 96, 62, 38, 32, 42, 91, 121, 4, 97, 51, 75, 107, 131, 116, 19, 129, 141, 77, 115, 79, 68, 52, 111, 3]);
% time elapsed: 26.77 s
----------
==========
% time elapsed: 26.78 s
%%%mzn-stat: initTime=0.027540095
%%%mzn-stat: objective=204
%%%mzn-stat: nodes=24810
%%%mzn-stat: restarts=15
%%%mzn-stat: peakDepth=1549
%%%mzn-stat: solveTime=19.32827533
%%%mzn-stat: variables=2436
%%%mzn-stat: propagators=2031
%%%mzn-stat: failures=14115
%%%mzn-stat: propagations=980061
%%%mzn-stat: nogoods=14115
%%%mzn-stat: AverageConflictSize=76.99822883457315
%%%mzn-stat: NumUnitNogoodsLearned=203
%%%mzn-stat: AverageLearnedNogoodLength=102.68912504427914
%%%mzn-stat: AverageBacktrackAmount=0
%%%mzn-stat: AverageLbd=49.43535246191994
%%%mzn-stat-end
