% Logging successfully configured
%%%mzn-stat: initTime=0.029194628
%%%mzn-stat: objective=988
%%%mzn-stat: nodes=494
%%%mzn-stat: restarts=0
%%%mzn-stat: peakDepth=458
%%%mzn-stat: solveTime=0.005491959
%%%mzn-stat: variables=1092
%%%mzn-stat: propagators=1920
%%%mzn-stat: failures=33
%%%mzn-stat: propagations=23181
%%%mzn-stat: nogoods=33
%%%mzn-stat: numAtomicConstraintsPropagated=0
%%%mzn-stat: circuitNumber1226PropagationsThatFoundConflict=0
%%%mzn-stat: circuitNumber1226TotalFixedEdgesAtConflict=0
%%%mzn-stat: circuitNumber1226NumberOfConflicts=0
%%%mzn-stat: circuitNumber1226PropagationsThatPruned=0
%%%mzn-stat: circuitNumber1226PropagationsTotal=61
%%%mzn-stat: AverageConflictSize=2.5757575757575757
%%%mzn-stat: NumUnitNogoodsLearned=0
%%%mzn-stat: AverageLearnedNogoodLength=24.545454545454547
%%%mzn-stat: AverageBacktrackAmount=0
%%%mzn-stat: AverageLbd=15.969696969696969
%%%mzn-stat: 2AutonomousSearchNumBackupCalled=425
%%%mzn-stat: 2AutonomousSearchNumPredicatesRemoved=0
%%%mzn-stat: 2AutonomousSearchNumCalls=426
%%%mzn-stat: 2AutonomousSearchNumPredicatesAdded=614
%%%mzn-stat: 2AutonomousSearchAverageSizeOfHeap=1.4413145539906103
%%%mzn-stat: 2AutonomousSearchNumAssignedPredicatesEncountered=614
%%%mzn-stat-end
maxleg = 988;
succ = array1d(1..50,[4, 23, 1, 2, 3, 8, 5, 10, 7, 31, 18, 13, 9, 12, 24, 11, 15, 25, 14, 26, 27, 37, 6, 30, 20, 34, 19, 36, 28, 21, 48, 40, 29, 22, 44, 47, 39, 43, 38, 41, 45, 46, 32, 17, 42, 35, 16, 50, 33, 49]);
% time elapsed: 3.47 s
----------
%%%mzn-stat: initTime=0.029194628
%%%mzn-stat: objective=939
%%%mzn-stat: nodes=1176
%%%mzn-stat: restarts=0
%%%mzn-stat: peakDepth=458
%%%mzn-stat: solveTime=0.03295921
%%%mzn-stat: variables=1092
%%%mzn-stat: propagators=1920
%%%mzn-stat: failures=232
%%%mzn-stat: propagations=107536
%%%mzn-stat: nogoods=232
%%%mzn-stat: numAtomicConstraintsPropagated=0
%%%mzn-stat: circuitNumber1226PropagationsThatFoundConflict=2
%%%mzn-stat: circuitNumber1226TotalFixedEdgesAtConflict=84
%%%mzn-stat: circuitNumber1226NumberOfConflicts=2
%%%mzn-stat: circuitNumber1226PropagationsThatPruned=36
%%%mzn-stat: circuitNumber1226PropagationsTotal=315
%%%mzn-stat: AverageConflictSize=4.206896551724138
%%%mzn-stat: NumUnitNogoodsLearned=0
%%%mzn-stat: AverageLearnedNogoodLength=23.887931034482758
%%%mzn-stat: AverageBacktrackAmount=0
%%%mzn-stat: AverageLbd=13.40948275862069
%%%mzn-stat: 2AutonomousSearchNumBackupCalled=841
%%%mzn-stat: 2AutonomousSearchNumPredicatesRemoved=0
%%%mzn-stat: 2AutonomousSearchNumCalls=843
%%%mzn-stat: 2AutonomousSearchNumPredicatesAdded=1538
%%%mzn-stat: 2AutonomousSearchAverageSizeOfHeap=1.9240806642941874
%%%mzn-stat: 2AutonomousSearchNumAssignedPredicatesEncountered=1622
%%%mzn-stat-end
maxleg = 939;
succ = array1d(1..50,[4, 23, 1, 2, 3, 8, 5, 10, 7, 31, 18, 13, 9, 12, 24, 11, 29, 25, 16, 26, 27, 37, 6, 35, 20, 34, 15, 36, 28, 21, 48, 40, 30, 22, 44, 47, 33, 43, 19, 41, 45, 46, 32, 17, 42, 14, 38, 50, 39, 49]);
% time elapsed: 3.49 s
----------
%%%mzn-stat: initTime=0.029194628
%%%mzn-stat: objective=923
%%%mzn-stat: nodes=1601
%%%mzn-stat: restarts=0
%%%mzn-stat: peakDepth=458
%%%mzn-stat: solveTime=0.034421408
%%%mzn-stat: variables=1092
%%%mzn-stat: propagators=1920
%%%mzn-stat: failures=232
%%%mzn-stat: propagations=111114
%%%mzn-stat: nogoods=232
%%%mzn-stat: numAtomicConstraintsPropagated=0
%%%mzn-stat: circuitNumber1226PropagationsThatFoundConflict=2
%%%mzn-stat: circuitNumber1226TotalFixedEdgesAtConflict=84
%%%mzn-stat: circuitNumber1226NumberOfConflicts=2
%%%mzn-stat: circuitNumber1226PropagationsThatPruned=39
%%%mzn-stat: circuitNumber1226PropagationsTotal=344
%%%mzn-stat: AverageConflictSize=4.206896551724138
%%%mzn-stat: NumUnitNogoodsLearned=0
%%%mzn-stat: AverageLearnedNogoodLength=23.887931034482758
%%%mzn-stat: AverageBacktrackAmount=0
%%%mzn-stat: AverageLbd=13.40948275862069
%%%mzn-stat: 2AutonomousSearchNumBackupCalled=1239
%%%mzn-stat: 2AutonomousSearchNumPredicatesRemoved=0
%%%mzn-stat: 2AutonomousSearchNumCalls=1242
%%%mzn-stat: 2AutonomousSearchNumPredicatesAdded=1538
%%%mzn-stat: 2AutonomousSearchAverageSizeOfHeap=2.1175523349436394
%%%mzn-stat: 2AutonomousSearchNumAssignedPredicatesEncountered=2630
%%%mzn-stat-end
maxleg = 923;
succ = array1d(1..50,[4, 23, 1, 2, 3, 8, 5, 10, 7, 31, 18, 13, 9, 12, 24, 11, 29, 25, 16, 26, 27, 37, 6, 35, 20, 34, 15, 36, 28, 21, 48, 45, 40, 22, 44, 47, 41, 43, 19, 30, 50, 46, 32, 17, 42, 14, 38, 39, 33, 49]);
% time elapsed: 3.50 s
----------
