%%%mzn-stat: initTime=0.042281431
%%%mzn-stat: objective=209
%%%mzn-stat: nodes=1209118
%%%mzn-stat: restarts=879
%%%mzn-stat: peakDepth=897
%%%mzn-stat: solveTime=383.10901664
%%%mzn-stat: variables=1887
%%%mzn-stat: propagators=1499
%%%mzn-stat: failures=661068
%%%mzn-stat: propagations=27330897
%%%mzn-stat: nogoods=661068
%%%mzn-stat: AverageConflictSize=40.59004671228981
%%%mzn-stat: NumUnitNogoodsLearned=208
%%%mzn-stat: AverageLearnedNogoodLength=56.59349567669287
%%%mzn-stat: AverageBacktrackAmount=0
%%%mzn-stat: AverageLbd=30.055808177071043
%%%mzn-stat-end
maxleg = 209;
succ = array1d(1..100,[89, 95, 58, 80, 99, 70, 64, 94, 46, 8, 34, 11, 56, 87, 37, 48, 77, 57, 32, 47, 9, 83, 14, 28, 55, 16, 85, 15, 66, 5, 91, 35, 2, 49, 97, 68, 45, 3, 24, 84, 42, 20, 19, 90, 10, 25, 23, 93, 54, 63, 69, 41, 18, 38, 52, 1, 30, 76, 96, 50, 75, 74, 27, 33, 78, 31, 100, 53, 88, 22, 62, 36, 4, 12, 81, 60, 6, 98, 71, 39, 40, 21, 65, 73, 59, 44, 26, 7, 72, 82, 86, 17, 92, 51, 67, 43, 13, 79, 61, 29]);
% time elapsed: 394.80 s
----------
==========
% time elapsed: 394.81 s
%%%mzn-stat: initTime=0.042281431
%%%mzn-stat: objective=209
%%%mzn-stat: nodes=1209118
%%%mzn-stat: restarts=879
%%%mzn-stat: peakDepth=897
%%%mzn-stat: solveTime=383.109020977
%%%mzn-stat: variables=1887
%%%mzn-stat: propagators=1499
%%%mzn-stat: failures=661068
%%%mzn-stat: propagations=27330897
%%%mzn-stat: nogoods=661068
%%%mzn-stat: AverageConflictSize=40.59004671228981
%%%mzn-stat: NumUnitNogoodsLearned=208
%%%mzn-stat: AverageLearnedNogoodLength=56.59349567669287
%%%mzn-stat: AverageBacktrackAmount=0
%%%mzn-stat: AverageLbd=30.055808177071043
%%%mzn-stat-end
