% Logging successfully configured
%%%mzn-stat: initTime=0.018180289
%%%mzn-stat: objective=657
%%%mzn-stat: nodes=936
%%%mzn-stat: restarts=0
%%%mzn-stat: peakDepth=936
%%%mzn-stat: solveTime=0.005524501
%%%mzn-stat: variables=1601
%%%mzn-stat: propagators=1225
%%%mzn-stat: failures=0
%%%mzn-stat: propagations=4095
%%%mzn-stat: nogoods=0
%%%mzn-stat: numAtomicConstraintsPropagated=0
%%%mzn-stat: allDifferentNumber1PropagationsTotal=86
%%%mzn-stat: allDifferentNumber1PropagationsThatFoundConflict=0
%%%mzn-stat: allDifferentNumber1PropagationsThatPruned=43
%%%mzn-stat: allDifferentNumber1TotalValuesPruned=455
%%%mzn-stat: allDifferentNumber1TotalHallSetSizeConflict=0
%%%mzn-stat: allDifferentNumber1NumberOfConflicts=0
%%%mzn-stat: allDifferentNumber1MaxHallSetSizeConflict=0
%%%mzn-stat: allDifferentNumber1TotalPruningHallSetSize=478
%%%mzn-stat: allDifferentNumber1NumberOfPruningExplanations=455
%%%mzn-stat: allDifferentNumber1MaxPruningHallSetSize=9
%%%mzn-stat: allDifferentNumber1TotalFixedEdgesAtConflict=0
%%%mzn-stat: allDifferentNumber1TotalVarsInvolvedInPruning=451
%%%mzn-stat: allDifferentNumber1MaxValuesPrunedFromSingleVar=3
%%%mzn-stat: allDifferentNumber1TotalSccSizeAtPruning=64
%%%mzn-stat: allDifferentNumber1NumberOfSccPruningCalls=43
%%%mzn-stat: circuitNumber2PropagationsThatFoundConflict=0
%%%mzn-stat: circuitNumber2TotalFixedEdgesAtConflict=0
%%%mzn-stat: circuitNumber2NumberOfConflicts=0
%%%mzn-stat: circuitNumber2PropagationsThatPruned=1
%%%mzn-stat: circuitNumber2PropagationsTotal=44
%%%mzn-stat: AverageConflictSize=0
%%%mzn-stat: NumUnitNogoodsLearned=0
%%%mzn-stat: AverageLearnedNogoodLength=0
%%%mzn-stat: AverageBacktrackAmount=0
%%%mzn-stat: AverageLbd=0
%%%mzn-stat: 2AutonomousSearchNumBackupCalled=893
%%%mzn-stat: 2AutonomousSearchNumPredicatesRemoved=0
%%%mzn-stat: 2AutonomousSearchNumCalls=894
%%%mzn-stat: 2AutonomousSearchNumPredicatesAdded=0
%%%mzn-stat: 2AutonomousSearchAverageSizeOfHeap=0
%%%mzn-stat: 2AutonomousSearchNumAssignedPredicatesEncountered=0
%%%mzn-stat-end
maxleg = 657;
succ = array1d(1..50,[2, 7, 1, 5, 10, 3, 4, 14, 6, 11, 12, 18, 9, 13, 20, 8, 16, 19, 23, 24, 15, 17, 32, 33, 21, 22, 28, 30, 26, 31, 35, 25, 34, 38, 39, 29, 36, 27, 42, 41, 44, 45, 48, 46, 43, 49, 40, 50, 37, 47]);
% time elapsed: 10.13 s
----------
%%%mzn-stat: initTime=0.018180289
%%%mzn-stat: objective=578
%%%mzn-stat: nodes=1834
%%%mzn-stat: restarts=0
%%%mzn-stat: peakDepth=936
%%%mzn-stat: solveTime=0.011773296
%%%mzn-stat: variables=1601
%%%mzn-stat: propagators=1225
%%%mzn-stat: failures=2
%%%mzn-stat: propagations=6070
%%%mzn-stat: nogoods=2
%%%mzn-stat: numAtomicConstraintsPropagated=0
%%%mzn-stat: allDifferentNumber1PropagationsTotal=178
%%%mzn-stat: allDifferentNumber1PropagationsThatFoundConflict=0
%%%mzn-stat: allDifferentNumber1PropagationsThatPruned=90
%%%mzn-stat: allDifferentNumber1TotalValuesPruned=909
%%%mzn-stat: allDifferentNumber1TotalHallSetSizeConflict=0
%%%mzn-stat: allDifferentNumber1NumberOfConflicts=0
%%%mzn-stat: allDifferentNumber1MaxHallSetSizeConflict=0
%%%mzn-stat: allDifferentNumber1TotalPruningHallSetSize=965
%%%mzn-stat: allDifferentNumber1NumberOfPruningExplanations=909
%%%mzn-stat: allDifferentNumber1MaxPruningHallSetSize=9
%%%mzn-stat: allDifferentNumber1TotalFixedEdgesAtConflict=0
%%%mzn-stat: allDifferentNumber1TotalVarsInvolvedInPruning=899
%%%mzn-stat: allDifferentNumber1MaxValuesPrunedFromSingleVar=3
%%%mzn-stat: allDifferentNumber1TotalSccSizeAtPruning=135
%%%mzn-stat: allDifferentNumber1NumberOfSccPruningCalls=90
%%%mzn-stat: circuitNumber2PropagationsThatFoundConflict=2
%%%mzn-stat: circuitNumber2TotalFixedEdgesAtConflict=94
%%%mzn-stat: circuitNumber2NumberOfConflicts=2
%%%mzn-stat: circuitNumber2PropagationsThatPruned=2
%%%mzn-stat: circuitNumber2PropagationsTotal=91
%%%mzn-stat: AverageConflictSize=47
%%%mzn-stat: NumUnitNogoodsLearned=0
%%%mzn-stat: AverageLearnedNogoodLength=41.5
%%%mzn-stat: AverageBacktrackAmount=0
%%%mzn-stat: AverageLbd=41.5
%%%mzn-stat: 2AutonomousSearchNumBackupCalled=1746
%%%mzn-stat: 2AutonomousSearchNumPredicatesRemoved=0
%%%mzn-stat: 2AutonomousSearchNumCalls=1748
%%%mzn-stat: 2AutonomousSearchNumPredicatesAdded=81
%%%mzn-stat: 2AutonomousSearchAverageSizeOfHeap=0.04633867276887872
%%%mzn-stat: 2AutonomousSearchNumAssignedPredicatesEncountered=81
%%%mzn-stat-end
maxleg = 578;
succ = array1d(1..50,[2, 7, 1, 5, 10, 3, 8, 14, 6, 11, 12, 18, 9, 17, 13, 22, 16, 19, 20, 15, 25, 26, 24, 32, 36, 21, 4, 27, 37, 28, 30, 31, 23, 33, 34, 29, 46, 35, 38, 41, 47, 39, 45, 40, 42, 49, 50, 43, 44, 48]);
% time elapsed: 10.13 s
----------
%%%mzn-stat: initTime=0.018180289
%%%mzn-stat: objective=573
%%%mzn-stat: nodes=2737
%%%mzn-stat: restarts=0
%%%mzn-stat: peakDepth=936
%%%mzn-stat: solveTime=0.01768376
%%%mzn-stat: variables=1601
%%%mzn-stat: propagators=1225
%%%mzn-stat: failures=4
%%%mzn-stat: propagations=8095
%%%mzn-stat: nogoods=4
%%%mzn-stat: numAtomicConstraintsPropagated=0
%%%mzn-stat: allDifferentNumber1PropagationsTotal=270
%%%mzn-stat: allDifferentNumber1PropagationsThatFoundConflict=0
%%%mzn-stat: allDifferentNumber1PropagationsThatPruned=137
%%%mzn-stat: allDifferentNumber1TotalValuesPruned=1358
%%%mzn-stat: allDifferentNumber1TotalHallSetSizeConflict=0
%%%mzn-stat: allDifferentNumber1NumberOfConflicts=0
%%%mzn-stat: allDifferentNumber1MaxHallSetSizeConflict=0
%%%mzn-stat: allDifferentNumber1TotalPruningHallSetSize=1447
%%%mzn-stat: allDifferentNumber1NumberOfPruningExplanations=1358
%%%mzn-stat: allDifferentNumber1MaxPruningHallSetSize=9
%%%mzn-stat: allDifferentNumber1TotalFixedEdgesAtConflict=0
%%%mzn-stat: allDifferentNumber1TotalVarsInvolvedInPruning=1342
%%%mzn-stat: allDifferentNumber1MaxValuesPrunedFromSingleVar=3
%%%mzn-stat: allDifferentNumber1TotalSccSizeAtPruning=206
%%%mzn-stat: allDifferentNumber1NumberOfSccPruningCalls=137
%%%mzn-stat: circuitNumber2PropagationsThatFoundConflict=4
%%%mzn-stat: circuitNumber2TotalFixedEdgesAtConflict=188
%%%mzn-stat: circuitNumber2NumberOfConflicts=4
%%%mzn-stat: circuitNumber2PropagationsThatPruned=3
%%%mzn-stat: circuitNumber2PropagationsTotal=138
%%%mzn-stat: AverageConflictSize=47
%%%mzn-stat: NumUnitNogoodsLearned=0
%%%mzn-stat: AverageLearnedNogoodLength=41.5
%%%mzn-stat: AverageBacktrackAmount=0
%%%mzn-stat: AverageLbd=41.5
%%%mzn-stat: 2AutonomousSearchNumBackupCalled=2604
%%%mzn-stat: 2AutonomousSearchNumPredicatesRemoved=0
%%%mzn-stat: 2AutonomousSearchNumCalls=2607
%%%mzn-stat: 2AutonomousSearchNumPredicatesAdded=162
%%%mzn-stat: 2AutonomousSearchAverageSizeOfHeap=0.06405830456463368
%%%mzn-stat: 2AutonomousSearchNumAssignedPredicatesEncountered=167
%%%mzn-stat-end
maxleg = 573;
succ = array1d(1..50,[2, 7, 1, 5, 10, 3, 8, 14, 6, 11, 12, 18, 9, 17, 13, 22, 16, 19, 20, 15, 25, 26, 24, 32, 36, 21, 4, 27, 37, 28, 35, 31, 23, 33, 30, 29, 46, 34, 38, 41, 47, 39, 45, 40, 42, 49, 50, 43, 44, 48]);
% time elapsed: 10.13 s
----------
%%%mzn-stat: initTime=0.018180289
%%%mzn-stat: objective=506
%%%mzn-stat: nodes=3635
%%%mzn-stat: restarts=0
%%%mzn-stat: peakDepth=936
%%%mzn-stat: solveTime=0.025845999
%%%mzn-stat: variables=1601
%%%mzn-stat: propagators=1225
%%%mzn-stat: failures=13
%%%mzn-stat: propagations=10295
%%%mzn-stat: nogoods=13
%%%mzn-stat: numAtomicConstraintsPropagated=0
%%%mzn-stat: allDifferentNumber1PropagationsTotal=388
%%%mzn-stat: allDifferentNumber1PropagationsThatFoundConflict=0
%%%mzn-stat: allDifferentNumber1PropagationsThatPruned=200
%%%mzn-stat: allDifferentNumber1TotalValuesPruned=1884
%%%mzn-stat: allDifferentNumber1TotalHallSetSizeConflict=0
%%%mzn-stat: allDifferentNumber1NumberOfConflicts=0
%%%mzn-stat: allDifferentNumber1MaxHallSetSizeConflict=0
%%%mzn-stat: allDifferentNumber1TotalPruningHallSetSize=2110
%%%mzn-stat: allDifferentNumber1NumberOfPruningExplanations=1884
%%%mzn-stat: allDifferentNumber1MaxPruningHallSetSize=9
%%%mzn-stat: allDifferentNumber1TotalFixedEdgesAtConflict=0
%%%mzn-stat: allDifferentNumber1TotalVarsInvolvedInPruning=1842
%%%mzn-stat: allDifferentNumber1MaxValuesPrunedFromSingleVar=3
%%%mzn-stat: allDifferentNumber1TotalSccSizeAtPruning=363
%%%mzn-stat: allDifferentNumber1NumberOfSccPruningCalls=200
%%%mzn-stat: circuitNumber2PropagationsThatFoundConflict=13
%%%mzn-stat: circuitNumber2TotalFixedEdgesAtConflict=602
%%%mzn-stat: circuitNumber2NumberOfConflicts=13
%%%mzn-stat: circuitNumber2PropagationsThatPruned=7
%%%mzn-stat: circuitNumber2PropagationsTotal=201
%%%mzn-stat: AverageConflictSize=16.923076923076923
%%%mzn-stat: NumUnitNogoodsLearned=0
%%%mzn-stat: AverageLearnedNogoodLength=28.307692307692307
%%%mzn-stat: AverageBacktrackAmount=0
%%%mzn-stat: AverageLbd=25
%%%mzn-stat: 2AutonomousSearchNumBackupCalled=3448
%%%mzn-stat: 2AutonomousSearchNumPredicatesRemoved=0
%%%mzn-stat: 2AutonomousSearchNumCalls=3452
%%%mzn-stat: 2AutonomousSearchNumPredicatesAdded=364
%%%mzn-stat: 2AutonomousSearchAverageSizeOfHeap=0.11066048667439166
%%%mzn-stat: 2AutonomousSearchNumAssignedPredicatesEncountered=382
%%%mzn-stat-end
maxleg = 506;
succ = array1d(1..50,[2, 7, 1, 5, 10, 3, 8, 14, 6, 11, 12, 18, 9, 17, 13, 22, 16, 19, 20, 15, 25, 26, 24, 32, 36, 21, 4, 27, 37, 28, 35, 31, 23, 33, 38, 29, 46, 30, 42, 47, 50, 41, 45, 40, 39, 49, 48, 43, 44, 34]);
% time elapsed: 10.14 s
----------
%%%mzn-stat: initTime=0.018180289
%%%mzn-stat: objective=471
%%%mzn-stat: nodes=4541
%%%mzn-stat: restarts=0
%%%mzn-stat: peakDepth=936
%%%mzn-stat: solveTime=0.033089944
%%%mzn-stat: variables=1601
%%%mzn-stat: propagators=1225
%%%mzn-stat: failures=16
%%%mzn-stat: propagations=12366
%%%mzn-stat: nogoods=16
%%%mzn-stat: numAtomicConstraintsPropagated=0
%%%mzn-stat: allDifferentNumber1PropagationsTotal=483
%%%mzn-stat: allDifferentNumber1PropagationsThatFoundConflict=0
%%%mzn-stat: allDifferentNumber1PropagationsThatPruned=251
%%%mzn-stat: allDifferentNumber1TotalValuesPruned=2338
%%%mzn-stat: allDifferentNumber1TotalHallSetSizeConflict=0
%%%mzn-stat: allDifferentNumber1NumberOfConflicts=0
%%%mzn-stat: allDifferentNumber1MaxHallSetSizeConflict=0
%%%mzn-stat: allDifferentNumber1TotalPruningHallSetSize=2636
%%%mzn-stat: allDifferentNumber1NumberOfPruningExplanations=2338
%%%mzn-stat: allDifferentNumber1MaxPruningHallSetSize=9
%%%mzn-stat: allDifferentNumber1TotalFixedEdgesAtConflict=0
%%%mzn-stat: allDifferentNumber1TotalVarsInvolvedInPruning=2285
%%%mzn-stat: allDifferentNumber1MaxValuesPrunedFromSingleVar=3
%%%mzn-stat: allDifferentNumber1TotalSccSizeAtPruning=470
%%%mzn-stat: allDifferentNumber1NumberOfSccPruningCalls=251
%%%mzn-stat: circuitNumber2PropagationsThatFoundConflict=16
%%%mzn-stat: circuitNumber2TotalFixedEdgesAtConflict=743
%%%mzn-stat: circuitNumber2NumberOfConflicts=16
%%%mzn-stat: circuitNumber2PropagationsThatPruned=10
%%%mzn-stat: circuitNumber2PropagationsTotal=252
%%%mzn-stat: AverageConflictSize=14.5
%%%mzn-stat: NumUnitNogoodsLearned=0
%%%mzn-stat: AverageLearnedNogoodLength=30.9375
%%%mzn-stat: AverageBacktrackAmount=0
%%%mzn-stat: AverageLbd=27.875
%%%mzn-stat: 2AutonomousSearchNumBackupCalled=4310
%%%mzn-stat: 2AutonomousSearchNumPredicatesRemoved=0
%%%mzn-stat: 2AutonomousSearchNumCalls=4315
%%%mzn-stat: 2AutonomousSearchNumPredicatesAdded=516
%%%mzn-stat: 2AutonomousSearchAverageSizeOfHeap=0.13951332560834298
%%%mzn-stat: 2AutonomousSearchNumAssignedPredicatesEncountered=602
%%%mzn-stat-end
maxleg = 471;
succ = array1d(1..50,[2, 7, 1, 5, 10, 3, 8, 14, 6, 11, 12, 19, 9, 17, 13, 22, 16, 20, 18, 15, 25, 26, 24, 32, 36, 21, 4, 27, 37, 28, 35, 31, 23, 33, 38, 29, 46, 30, 42, 47, 50, 41, 45, 40, 39, 49, 48, 43, 44, 34]);
% time elapsed: 10.15 s
----------
%%%mzn-stat: initTime=0.018180289
%%%mzn-stat: objective=462
%%%mzn-stat: nodes=5413
%%%mzn-stat: restarts=0
%%%mzn-stat: peakDepth=936
%%%mzn-stat: solveTime=0.038595962
%%%mzn-stat: variables=1601
%%%mzn-stat: propagators=1225
%%%mzn-stat: failures=16
%%%mzn-stat: propagations=14372
%%%mzn-stat: nogoods=16
%%%mzn-stat: numAtomicConstraintsPropagated=0
%%%mzn-stat: allDifferentNumber1PropagationsTotal=566
%%%mzn-stat: allDifferentNumber1PropagationsThatFoundConflict=0
%%%mzn-stat: allDifferentNumber1PropagationsThatPruned=292
%%%mzn-stat: allDifferentNumber1TotalValuesPruned=2757
%%%mzn-stat: allDifferentNumber1TotalHallSetSizeConflict=0
%%%mzn-stat: allDifferentNumber1NumberOfConflicts=0
%%%mzn-stat: allDifferentNumber1MaxHallSetSizeConflict=0
%%%mzn-stat: allDifferentNumber1TotalPruningHallSetSize=3079
%%%mzn-stat: allDifferentNumber1NumberOfPruningExplanations=2757
%%%mzn-stat: allDifferentNumber1MaxPruningHallSetSize=9
%%%mzn-stat: allDifferentNumber1TotalFixedEdgesAtConflict=0
%%%mzn-stat: allDifferentNumber1TotalVarsInvolvedInPruning=2698
%%%mzn-stat: allDifferentNumber1MaxValuesPrunedFromSingleVar=3
%%%mzn-stat: allDifferentNumber1TotalSccSizeAtPruning=518
%%%mzn-stat: allDifferentNumber1NumberOfSccPruningCalls=292
%%%mzn-stat: circuitNumber2PropagationsThatFoundConflict=16
%%%mzn-stat: circuitNumber2TotalFixedEdgesAtConflict=743
%%%mzn-stat: circuitNumber2NumberOfConflicts=16
%%%mzn-stat: circuitNumber2PropagationsThatPruned=11
%%%mzn-stat: circuitNumber2PropagationsTotal=294
%%%mzn-stat: AverageConflictSize=14.5
%%%mzn-stat: NumUnitNogoodsLearned=0
%%%mzn-stat: AverageLearnedNogoodLength=30.9375
%%%mzn-stat: AverageBacktrackAmount=0
%%%mzn-stat: AverageLbd=27.875
%%%mzn-stat: 2AutonomousSearchNumBackupCalled=5140
%%%mzn-stat: 2AutonomousSearchNumPredicatesRemoved=0
%%%mzn-stat: 2AutonomousSearchNumCalls=5146
%%%mzn-stat: 2AutonomousSearchNumPredicatesAdded=516
%%%mzn-stat: 2AutonomousSearchAverageSizeOfHeap=0.15973571706179557
%%%mzn-stat: 2AutonomousSearchNumAssignedPredicatesEncountered=822
%%%mzn-stat-end
maxleg = 462;
succ = array1d(1..50,[2, 7, 1, 5, 10, 3, 8, 14, 6, 11, 12, 21, 9, 17, 13, 22, 16, 19, 20, 15, 25, 26, 18, 23, 32, 29, 4, 27, 36, 28, 35, 24, 34, 38, 39, 37, 46, 30, 42, 41, 31, 45, 48, 40, 43, 49, 50, 47, 44, 33]);
% time elapsed: 10.16 s
----------
%%%mzn-stat: initTime=0.018180289
%%%mzn-stat: objective=446
%%%mzn-stat: nodes=6267
%%%mzn-stat: restarts=0
%%%mzn-stat: peakDepth=936
%%%mzn-stat: solveTime=0.044320729
%%%mzn-stat: variables=1601
%%%mzn-stat: propagators=1225
%%%mzn-stat: failures=17
%%%mzn-stat: propagations=16432
%%%mzn-stat: nogoods=17
%%%mzn-stat: numAtomicConstraintsPropagated=0
%%%mzn-stat: allDifferentNumber1PropagationsTotal=658
%%%mzn-stat: allDifferentNumber1PropagationsThatFoundConflict=0
%%%mzn-stat: allDifferentNumber1PropagationsThatPruned=340
%%%mzn-stat: allDifferentNumber1TotalValuesPruned=3188
%%%mzn-stat: allDifferentNumber1TotalHallSetSizeConflict=0
%%%mzn-stat: allDifferentNumber1NumberOfConflicts=0
%%%mzn-stat: allDifferentNumber1MaxHallSetSizeConflict=0
%%%mzn-stat: allDifferentNumber1TotalPruningHallSetSize=3605
%%%mzn-stat: allDifferentNumber1NumberOfPruningExplanations=3188
%%%mzn-stat: allDifferentNumber1MaxPruningHallSetSize=12
%%%mzn-stat: allDifferentNumber1TotalFixedEdgesAtConflict=0
%%%mzn-stat: allDifferentNumber1TotalVarsInvolvedInPruning=3121
%%%mzn-stat: allDifferentNumber1MaxValuesPrunedFromSingleVar=4
%%%mzn-stat: allDifferentNumber1TotalSccSizeAtPruning=671
%%%mzn-stat: allDifferentNumber1NumberOfSccPruningCalls=340
%%%mzn-stat: circuitNumber2PropagationsThatFoundConflict=17
%%%mzn-stat: circuitNumber2TotalFixedEdgesAtConflict=785
%%%mzn-stat: circuitNumber2NumberOfConflicts=17
%%%mzn-stat: circuitNumber2PropagationsThatPruned=15
%%%mzn-stat: circuitNumber2PropagationsTotal=343
%%%mzn-stat: AverageConflictSize=13.941176470588236
%%%mzn-stat: NumUnitNogoodsLearned=0
%%%mzn-stat: AverageLearnedNogoodLength=31.529411764705884
%%%mzn-stat: AverageBacktrackAmount=0
%%%mzn-stat: AverageLbd=26.88235294117647
%%%mzn-stat: 2AutonomousSearchNumBackupCalled=5953
%%%mzn-stat: 2AutonomousSearchNumPredicatesRemoved=0
%%%mzn-stat: 2AutonomousSearchNumCalls=5960
%%%mzn-stat: 2AutonomousSearchNumPredicatesAdded=622
%%%mzn-stat: 2AutonomousSearchAverageSizeOfHeap=0.18708053691275167
%%%mzn-stat: 2AutonomousSearchNumAssignedPredicatesEncountered=1115
%%%mzn-stat-end
maxleg = 446;
succ = array1d(1..50,[2, 7, 1, 5, 10, 3, 8, 14, 6, 11, 12, 21, 9, 17, 13, 22, 16, 19, 20, 15, 25, 26, 18, 23, 32, 29, 4, 27, 36, 28, 35, 24, 34, 38, 39, 40, 49, 30, 42, 44, 31, 45, 48, 46, 43, 37, 50, 47, 41, 33]);
% time elapsed: 10.17 s
----------
%%%mzn-stat: initTime=0.018180289
%%%mzn-stat: objective=443
%%%mzn-stat: nodes=7135
%%%mzn-stat: restarts=0
%%%mzn-stat: peakDepth=936
%%%mzn-stat: solveTime=0.050379073
%%%mzn-stat: variables=1601
%%%mzn-stat: propagators=1225
%%%mzn-stat: failures=17
%%%mzn-stat: propagations=18463
%%%mzn-stat: nogoods=17
%%%mzn-stat: numAtomicConstraintsPropagated=0
%%%mzn-stat: allDifferentNumber1PropagationsTotal=741
%%%mzn-stat: allDifferentNumber1PropagationsThatFoundConflict=0
%%%mzn-stat: allDifferentNumber1PropagationsThatPruned=382
%%%mzn-stat: allDifferentNumber1TotalValuesPruned=3599
%%%mzn-stat: allDifferentNumber1TotalHallSetSizeConflict=0
%%%mzn-stat: allDifferentNumber1NumberOfConflicts=0
%%%mzn-stat: allDifferentNumber1MaxHallSetSizeConflict=0
%%%mzn-stat: allDifferentNumber1TotalPruningHallSetSize=4086
%%%mzn-stat: allDifferentNumber1NumberOfPruningExplanations=3599
%%%mzn-stat: allDifferentNumber1MaxPruningHallSetSize=22
%%%mzn-stat: allDifferentNumber1TotalFixedEdgesAtConflict=0
%%%mzn-stat: allDifferentNumber1TotalVarsInvolvedInPruning=3524
%%%mzn-stat: allDifferentNumber1MaxValuesPrunedFromSingleVar=4
%%%mzn-stat: allDifferentNumber1TotalSccSizeAtPruning=768
%%%mzn-stat: allDifferentNumber1NumberOfSccPruningCalls=382
%%%mzn-stat: circuitNumber2PropagationsThatFoundConflict=17
%%%mzn-stat: circuitNumber2TotalFixedEdgesAtConflict=785
%%%mzn-stat: circuitNumber2NumberOfConflicts=17
%%%mzn-stat: circuitNumber2PropagationsThatPruned=16
%%%mzn-stat: circuitNumber2PropagationsTotal=385
%%%mzn-stat: AverageConflictSize=13.941176470588236
%%%mzn-stat: NumUnitNogoodsLearned=0
%%%mzn-stat: AverageLearnedNogoodLength=31.529411764705884
%%%mzn-stat: AverageBacktrackAmount=0
%%%mzn-stat: AverageLbd=26.88235294117647
%%%mzn-stat: 2AutonomousSearchNumBackupCalled=6780
%%%mzn-stat: 2AutonomousSearchNumPredicatesRemoved=0
%%%mzn-stat: 2AutonomousSearchNumCalls=6788
%%%mzn-stat: 2AutonomousSearchNumPredicatesAdded=622
%%%mzn-stat: 2AutonomousSearchAverageSizeOfHeap=0.20742486741308191
%%%mzn-stat: 2AutonomousSearchNumAssignedPredicatesEncountered=1408
%%%mzn-stat-end
maxleg = 443;
succ = array1d(1..50,[2, 7, 1, 5, 10, 3, 8, 14, 6, 11, 12, 21, 9, 17, 13, 22, 16, 19, 20, 15, 25, 26, 18, 23, 32, 29, 4, 27, 37, 28, 35, 24, 34, 38, 39, 40, 46, 30, 42, 41, 31, 45, 48, 36, 43, 49, 50, 47, 44, 33]);
% time elapsed: 10.18 s
----------
%%%mzn-stat: initTime=0.018180289
%%%mzn-stat: objective=442
%%%mzn-stat: nodes=7990
%%%mzn-stat: restarts=0
%%%mzn-stat: peakDepth=936
%%%mzn-stat: solveTime=0.055857035
%%%mzn-stat: variables=1601
%%%mzn-stat: propagators=1225
%%%mzn-stat: failures=19
%%%mzn-stat: propagations=20484
%%%mzn-stat: nogoods=19
%%%mzn-stat: numAtomicConstraintsPropagated=0
%%%mzn-stat: allDifferentNumber1PropagationsTotal=836
%%%mzn-stat: allDifferentNumber1PropagationsThatFoundConflict=0
%%%mzn-stat: allDifferentNumber1PropagationsThatPruned=432
%%%mzn-stat: allDifferentNumber1TotalValuesPruned=4028
%%%mzn-stat: allDifferentNumber1TotalHallSetSizeConflict=0
%%%mzn-stat: allDifferentNumber1NumberOfConflicts=0
%%%mzn-stat: allDifferentNumber1MaxHallSetSizeConflict=0
%%%mzn-stat: allDifferentNumber1TotalPruningHallSetSize=4604
%%%mzn-stat: allDifferentNumber1NumberOfPruningExplanations=4028
%%%mzn-stat: allDifferentNumber1MaxPruningHallSetSize=22
%%%mzn-stat: allDifferentNumber1TotalFixedEdgesAtConflict=0
%%%mzn-stat: allDifferentNumber1TotalVarsInvolvedInPruning=3942
%%%mzn-stat: allDifferentNumber1MaxValuesPrunedFromSingleVar=4
%%%mzn-stat: allDifferentNumber1TotalSccSizeAtPruning=890
%%%mzn-stat: allDifferentNumber1NumberOfSccPruningCalls=432
%%%mzn-stat: circuitNumber2PropagationsThatFoundConflict=19
%%%mzn-stat: circuitNumber2TotalFixedEdgesAtConflict=872
%%%mzn-stat: circuitNumber2NumberOfConflicts=19
%%%mzn-stat: circuitNumber2PropagationsThatPruned=18
%%%mzn-stat: circuitNumber2PropagationsTotal=434
%%%mzn-stat: AverageConflictSize=12.894736842105264
%%%mzn-stat: NumUnitNogoodsLearned=0
%%%mzn-stat: AverageLearnedNogoodLength=29.894736842105264
%%%mzn-stat: AverageBacktrackAmount=0
%%%mzn-stat: AverageLbd=24.894736842105264
%%%mzn-stat: 2AutonomousSearchNumBackupCalled=7591
%%%mzn-stat: 2AutonomousSearchNumPredicatesRemoved=0
%%%mzn-stat: 2AutonomousSearchNumCalls=7600
%%%mzn-stat: 2AutonomousSearchNumPredicatesAdded=704
%%%mzn-stat: 2AutonomousSearchAverageSizeOfHeap=0.22697368421052633
%%%mzn-stat: 2AutonomousSearchNumAssignedPredicatesEncountered=1725
%%%mzn-stat-end
maxleg = 442;
succ = array1d(1..50,[2, 7, 1, 5, 10, 3, 8, 14, 6, 11, 12, 21, 9, 17, 13, 22, 16, 19, 20, 15, 25, 26, 18, 23, 32, 29, 4, 27, 37, 28, 35, 24, 34, 38, 39, 41, 46, 30, 42, 47, 40, 45, 48, 36, 43, 49, 31, 50, 44, 33]);
% time elapsed: 10.18 s
----------
%%%mzn-stat: initTime=0.018180289
%%%mzn-stat: objective=438
%%%mzn-stat: nodes=8831
%%%mzn-stat: restarts=0
%%%mzn-stat: peakDepth=936
%%%mzn-stat: solveTime=0.062752781
%%%mzn-stat: variables=1601
%%%mzn-stat: propagators=1225
%%%mzn-stat: failures=28
%%%mzn-stat: propagations=22764
%%%mzn-stat: nogoods=28
%%%mzn-stat: numAtomicConstraintsPropagated=0
%%%mzn-stat: allDifferentNumber1PropagationsTotal=957
%%%mzn-stat: allDifferentNumber1PropagationsThatFoundConflict=0
%%%mzn-stat: allDifferentNumber1PropagationsThatPruned=497
%%%mzn-stat: allDifferentNumber1TotalValuesPruned=4490
%%%mzn-stat: allDifferentNumber1TotalHallSetSizeConflict=0
%%%mzn-stat: allDifferentNumber1NumberOfConflicts=0
%%%mzn-stat: allDifferentNumber1MaxHallSetSizeConflict=0
%%%mzn-stat: allDifferentNumber1TotalPruningHallSetSize=5177
%%%mzn-stat: allDifferentNumber1NumberOfPruningExplanations=4490
%%%mzn-stat: allDifferentNumber1MaxPruningHallSetSize=22
%%%mzn-stat: allDifferentNumber1TotalFixedEdgesAtConflict=0
%%%mzn-stat: allDifferentNumber1TotalVarsInvolvedInPruning=4390
%%%mzn-stat: allDifferentNumber1MaxValuesPrunedFromSingleVar=4
%%%mzn-stat: allDifferentNumber1TotalSccSizeAtPruning=1078
%%%mzn-stat: allDifferentNumber1NumberOfSccPruningCalls=497
%%%mzn-stat: circuitNumber2PropagationsThatFoundConflict=28
%%%mzn-stat: circuitNumber2TotalFixedEdgesAtConflict=1264
%%%mzn-stat: circuitNumber2NumberOfConflicts=28
%%%mzn-stat: circuitNumber2PropagationsThatPruned=21
%%%mzn-stat: circuitNumber2PropagationsTotal=498
%%%mzn-stat: AverageConflictSize=9.892857142857142
%%%mzn-stat: NumUnitNogoodsLearned=0
%%%mzn-stat: AverageLearnedNogoodLength=25.25
%%%mzn-stat: AverageBacktrackAmount=0
%%%mzn-stat: AverageLbd=18.857142857142858
%%%mzn-stat: 2AutonomousSearchNumBackupCalled=8376
%%%mzn-stat: 2AutonomousSearchNumPredicatesRemoved=0
%%%mzn-stat: 2AutonomousSearchNumCalls=8386
%%%mzn-stat: 2AutonomousSearchNumPredicatesAdded=822
%%%mzn-stat: 2AutonomousSearchAverageSizeOfHeap=0.24743620319580253
%%%mzn-stat: 2AutonomousSearchNumAssignedPredicatesEncountered=2075
%%%mzn-stat-end
maxleg = 438;
succ = array1d(1..50,[2, 7, 1, 5, 10, 3, 8, 14, 6, 11, 12, 21, 9, 17, 13, 22, 16, 19, 20, 15, 25, 26, 18, 23, 32, 29, 4, 30, 37, 27, 28, 24, 34, 38, 31, 41, 46, 39, 42, 47, 40, 43, 45, 36, 35, 49, 48, 50, 44, 33]);
% time elapsed: 10.19 s
----------
%%%mzn-stat: initTime=0.018180289
%%%mzn-stat: objective=396
%%%mzn-stat: nodes=9599
%%%mzn-stat: restarts=0
%%%mzn-stat: peakDepth=936
%%%mzn-stat: solveTime=0.069640059
%%%mzn-stat: variables=1601
%%%mzn-stat: propagators=1225
%%%mzn-stat: failures=34
%%%mzn-stat: propagations=24966
%%%mzn-stat: nogoods=34
%%%mzn-stat: numAtomicConstraintsPropagated=0
%%%mzn-stat: allDifferentNumber1PropagationsTotal=1067
%%%mzn-stat: allDifferentNumber1PropagationsThatFoundConflict=0
%%%mzn-stat: allDifferentNumber1PropagationsThatPruned=556
%%%mzn-stat: allDifferentNumber1TotalValuesPruned=4923
%%%mzn-stat: allDifferentNumber1TotalHallSetSizeConflict=0
%%%mzn-stat: allDifferentNumber1NumberOfConflicts=0
%%%mzn-stat: allDifferentNumber1MaxHallSetSizeConflict=0
%%%mzn-stat: allDifferentNumber1TotalPruningHallSetSize=5698
%%%mzn-stat: allDifferentNumber1NumberOfPruningExplanations=4923
%%%mzn-stat: allDifferentNumber1MaxPruningHallSetSize=22
%%%mzn-stat: allDifferentNumber1TotalFixedEdgesAtConflict=0
%%%mzn-stat: allDifferentNumber1TotalVarsInvolvedInPruning=4815
%%%mzn-stat: allDifferentNumber1MaxValuesPrunedFromSingleVar=4
%%%mzn-stat: allDifferentNumber1TotalSccSizeAtPruning=1227
%%%mzn-stat: allDifferentNumber1NumberOfSccPruningCalls=556
%%%mzn-stat: circuitNumber2PropagationsThatFoundConflict=34
%%%mzn-stat: circuitNumber2TotalFixedEdgesAtConflict=1525
%%%mzn-stat: circuitNumber2NumberOfConflicts=34
%%%mzn-stat: circuitNumber2PropagationsThatPruned=23
%%%mzn-stat: circuitNumber2PropagationsTotal=555
%%%mzn-stat: AverageConflictSize=9.382352941176471
%%%mzn-stat: NumUnitNogoodsLearned=0
%%%mzn-stat: AverageLearnedNogoodLength=24.38235294117647
%%%mzn-stat: AverageBacktrackAmount=0
%%%mzn-stat: AverageLbd=17.529411764705884
%%%mzn-stat: 2AutonomousSearchNumBackupCalled=9093
%%%mzn-stat: 2AutonomousSearchNumPredicatesRemoved=0
%%%mzn-stat: 2AutonomousSearchNumCalls=9104
%%%mzn-stat: 2AutonomousSearchNumPredicatesAdded=974
%%%mzn-stat: 2AutonomousSearchAverageSizeOfHeap=0.2710896309314587
%%%mzn-stat: 2AutonomousSearchNumAssignedPredicatesEncountered=2468
%%%mzn-stat-end
maxleg = 396;
succ = array1d(1..50,[2, 7, 1, 5, 10, 3, 8, 14, 6, 11, 12, 21, 9, 17, 13, 22, 16, 19, 20, 15, 25, 26, 18, 23, 32, 29, 4, 31, 37, 27, 35, 24, 34, 38, 39, 41, 46, 43, 30, 47, 40, 28, 45, 36, 42, 49, 48, 50, 44, 33]);
% time elapsed: 10.21 s
----------
%%%mzn-stat: initTime=0.018180289
%%%mzn-stat: objective=390
%%%mzn-stat: nodes=10370
%%%mzn-stat: restarts=0
%%%mzn-stat: peakDepth=936
%%%mzn-stat: solveTime=0.074629303
%%%mzn-stat: variables=1601
%%%mzn-stat: propagators=1225
%%%mzn-stat: failures=34
%%%mzn-stat: propagations=27070
%%%mzn-stat: nogoods=34
%%%mzn-stat: numAtomicConstraintsPropagated=0
%%%mzn-stat: allDifferentNumber1PropagationsTotal=1151
%%%mzn-stat: allDifferentNumber1PropagationsThatFoundConflict=0
%%%mzn-stat: allDifferentNumber1PropagationsThatPruned=599
%%%mzn-stat: allDifferentNumber1TotalValuesPruned=5297
%%%mzn-stat: allDifferentNumber1TotalHallSetSizeConflict=0
%%%mzn-stat: allDifferentNumber1NumberOfConflicts=0
%%%mzn-stat: allDifferentNumber1MaxHallSetSizeConflict=0
%%%mzn-stat: allDifferentNumber1TotalPruningHallSetSize=6137
%%%mzn-stat: allDifferentNumber1NumberOfPruningExplanations=5297
%%%mzn-stat: allDifferentNumber1MaxPruningHallSetSize=22
%%%mzn-stat: allDifferentNumber1TotalFixedEdgesAtConflict=0
%%%mzn-stat: allDifferentNumber1TotalVarsInvolvedInPruning=5183
%%%mzn-stat: allDifferentNumber1MaxValuesPrunedFromSingleVar=4
%%%mzn-stat: allDifferentNumber1TotalSccSizeAtPruning=1337
%%%mzn-stat: allDifferentNumber1NumberOfSccPruningCalls=599
%%%mzn-stat: circuitNumber2PropagationsThatFoundConflict=34
%%%mzn-stat: circuitNumber2TotalFixedEdgesAtConflict=1525
%%%mzn-stat: circuitNumber2NumberOfConflicts=34
%%%mzn-stat: circuitNumber2PropagationsThatPruned=24
%%%mzn-stat: circuitNumber2PropagationsTotal=597
%%%mzn-stat: AverageConflictSize=9.382352941176471
%%%mzn-stat: NumUnitNogoodsLearned=0
%%%mzn-stat: AverageLearnedNogoodLength=24.38235294117647
%%%mzn-stat: AverageBacktrackAmount=0
%%%mzn-stat: AverageLbd=17.529411764705884
%%%mzn-stat: 2AutonomousSearchNumBackupCalled=9823
%%%mzn-stat: 2AutonomousSearchNumPredicatesRemoved=0
%%%mzn-stat: 2AutonomousSearchNumCalls=9835
%%%mzn-stat: 2AutonomousSearchNumPredicatesAdded=974
%%%mzn-stat: 2AutonomousSearchAverageSizeOfHeap=0.29089984748347736
%%%mzn-stat: 2AutonomousSearchNumAssignedPredicatesEncountered=2861
%%%mzn-stat-end
maxleg = 390;
succ = array1d(1..50,[2, 7, 1, 5, 10, 3, 8, 14, 6, 11, 12, 21, 9, 17, 13, 22, 16, 19, 20, 15, 25, 26, 18, 23, 32, 29, 4, 31, 37, 27, 35, 24, 34, 38, 39, 41, 46, 43, 30, 47, 40, 28, 45, 36, 42, 49, 50, 33, 44, 48]);
% time elapsed: 10.21 s
----------
%%%mzn-stat: initTime=0.018180289
%%%mzn-stat: objective=389
%%%mzn-stat: nodes=11131
%%%mzn-stat: restarts=0
%%%mzn-stat: peakDepth=936
%%%mzn-stat: solveTime=0.080124997
%%%mzn-stat: variables=1601
%%%mzn-stat: propagators=1225
%%%mzn-stat: failures=34
%%%mzn-stat: propagations=29105
%%%mzn-stat: nogoods=34
%%%mzn-stat: numAtomicConstraintsPropagated=0
%%%mzn-stat: allDifferentNumber1PropagationsTotal=1233
%%%mzn-stat: allDifferentNumber1PropagationsThatFoundConflict=0
%%%mzn-stat: allDifferentNumber1PropagationsThatPruned=641
%%%mzn-stat: allDifferentNumber1TotalValuesPruned=5667
%%%mzn-stat: allDifferentNumber1TotalHallSetSizeConflict=0
%%%mzn-stat: allDifferentNumber1NumberOfConflicts=0
%%%mzn-stat: allDifferentNumber1MaxHallSetSizeConflict=0
%%%mzn-stat: allDifferentNumber1TotalPruningHallSetSize=6594
%%%mzn-stat: allDifferentNumber1NumberOfPruningExplanations=5667
%%%mzn-stat: allDifferentNumber1MaxPruningHallSetSize=22
%%%mzn-stat: allDifferentNumber1TotalFixedEdgesAtConflict=0
%%%mzn-stat: allDifferentNumber1TotalVarsInvolvedInPruning=5546
%%%mzn-stat: allDifferentNumber1MaxValuesPrunedFromSingleVar=4
%%%mzn-stat: allDifferentNumber1TotalSccSizeAtPruning=1452
%%%mzn-stat: allDifferentNumber1NumberOfSccPruningCalls=641
%%%mzn-stat: circuitNumber2PropagationsThatFoundConflict=34
%%%mzn-stat: circuitNumber2TotalFixedEdgesAtConflict=1525
%%%mzn-stat: circuitNumber2NumberOfConflicts=34
%%%mzn-stat: circuitNumber2PropagationsThatPruned=25
%%%mzn-stat: circuitNumber2PropagationsTotal=638
%%%mzn-stat: AverageConflictSize=9.382352941176471
%%%mzn-stat: NumUnitNogoodsLearned=0
%%%mzn-stat: AverageLearnedNogoodLength=24.38235294117647
%%%mzn-stat: AverageBacktrackAmount=0
%%%mzn-stat: AverageLbd=17.529411764705884
%%%mzn-stat: 2AutonomousSearchNumBackupCalled=10545
%%%mzn-stat: 2AutonomousSearchNumPredicatesRemoved=0
%%%mzn-stat: 2AutonomousSearchNumCalls=10558
%%%mzn-stat: 2AutonomousSearchNumPredicatesAdded=974
%%%mzn-stat: 2AutonomousSearchAverageSizeOfHeap=0.3082023110437583
%%%mzn-stat: 2AutonomousSearchNumAssignedPredicatesEncountered=3254
%%%mzn-stat-end
maxleg = 389;
succ = array1d(1..50,[2, 7, 1, 5, 10, 3, 8, 14, 6, 11, 12, 21, 9, 17, 13, 22, 16, 19, 20, 15, 25, 26, 18, 23, 32, 29, 4, 31, 37, 27, 35, 24, 34, 38, 39, 41, 46, 43, 30, 47, 44, 28, 45, 40, 42, 49, 50, 33, 36, 48]);
% time elapsed: 10.22 s
----------
%%%mzn-stat: initTime=0.018180289
%%%mzn-stat: objective=384
%%%mzn-stat: nodes=11863
%%%mzn-stat: restarts=0
%%%mzn-stat: peakDepth=936
%%%mzn-stat: solveTime=0.085858171
%%%mzn-stat: variables=1601
%%%mzn-stat: propagators=1225
%%%mzn-stat: failures=36
%%%mzn-stat: propagations=31250
%%%mzn-stat: nogoods=36
%%%mzn-stat: numAtomicConstraintsPropagated=0
%%%mzn-stat: allDifferentNumber1PropagationsTotal=1317
%%%mzn-stat: allDifferentNumber1PropagationsThatFoundConflict=0
%%%mzn-stat: allDifferentNumber1PropagationsThatPruned=684
%%%mzn-stat: allDifferentNumber1TotalValuesPruned=6052
%%%mzn-stat: allDifferentNumber1TotalHallSetSizeConflict=0
%%%mzn-stat: allDifferentNumber1NumberOfConflicts=0
%%%mzn-stat: allDifferentNumber1MaxHallSetSizeConflict=0
%%%mzn-stat: allDifferentNumber1TotalPruningHallSetSize=7090
%%%mzn-stat: allDifferentNumber1NumberOfPruningExplanations=6052
%%%mzn-stat: allDifferentNumber1MaxPruningHallSetSize=22
%%%mzn-stat: allDifferentNumber1TotalFixedEdgesAtConflict=0
%%%mzn-stat: allDifferentNumber1TotalVarsInvolvedInPruning=5916
%%%mzn-stat: allDifferentNumber1MaxValuesPrunedFromSingleVar=4
%%%mzn-stat: allDifferentNumber1TotalSccSizeAtPruning=1569
%%%mzn-stat: allDifferentNumber1NumberOfSccPruningCalls=684
%%%mzn-stat: circuitNumber2PropagationsThatFoundConflict=36
%%%mzn-stat: circuitNumber2TotalFixedEdgesAtConflict=1620
%%%mzn-stat: circuitNumber2NumberOfConflicts=36
%%%mzn-stat: circuitNumber2PropagationsThatPruned=26
%%%mzn-stat: circuitNumber2PropagationsTotal=681
%%%mzn-stat: AverageConflictSize=11.027777777777779
%%%mzn-stat: NumUnitNogoodsLearned=0
%%%mzn-stat: AverageLearnedNogoodLength=26.22222222222222
%%%mzn-stat: AverageBacktrackAmount=0
%%%mzn-stat: AverageLbd=18.444444444444443
%%%mzn-stat: 2AutonomousSearchNumBackupCalled=11236
%%%mzn-stat: 2AutonomousSearchNumPredicatesRemoved=0
%%%mzn-stat: 2AutonomousSearchNumCalls=11250
%%%mzn-stat: 2AutonomousSearchNumPredicatesAdded=1097
%%%mzn-stat: 2AutonomousSearchAverageSizeOfHeap=0.3279111111111111
%%%mzn-stat: 2AutonomousSearchNumAssignedPredicatesEncountered=3689
%%%mzn-stat-end
maxleg = 384;
succ = array1d(1..50,[2, 7, 1, 5, 10, 3, 8, 14, 6, 11, 12, 21, 9, 17, 13, 22, 16, 19, 20, 15, 25, 26, 18, 23, 32, 29, 4, 31, 37, 27, 35, 36, 34, 24, 38, 44, 46, 30, 28, 47, 42, 43, 45, 40, 39, 49, 50, 33, 41, 48]);
% time elapsed: 10.22 s
----------
%%%mzn-stat: initTime=0.018180289
%%%mzn-stat: objective=382
%%%mzn-stat: nodes=12607
%%%mzn-stat: restarts=0
%%%mzn-stat: peakDepth=936
%%%mzn-stat: solveTime=0.091470286
%%%mzn-stat: variables=1601
%%%mzn-stat: propagators=1225
%%%mzn-stat: failures=38
%%%mzn-stat: propagations=33419
%%%mzn-stat: nogoods=38
%%%mzn-stat: numAtomicConstraintsPropagated=0
%%%mzn-stat: allDifferentNumber1PropagationsTotal=1399
%%%mzn-stat: allDifferentNumber1PropagationsThatFoundConflict=0
%%%mzn-stat: allDifferentNumber1PropagationsThatPruned=726
%%%mzn-stat: allDifferentNumber1TotalValuesPruned=6431
%%%mzn-stat: allDifferentNumber1TotalHallSetSizeConflict=0
%%%mzn-stat: allDifferentNumber1NumberOfConflicts=0
%%%mzn-stat: allDifferentNumber1MaxHallSetSizeConflict=0
%%%mzn-stat: allDifferentNumber1TotalPruningHallSetSize=7579
%%%mzn-stat: allDifferentNumber1NumberOfPruningExplanations=6431
%%%mzn-stat: allDifferentNumber1MaxPruningHallSetSize=22
%%%mzn-stat: allDifferentNumber1TotalFixedEdgesAtConflict=0
%%%mzn-stat: allDifferentNumber1TotalVarsInvolvedInPruning=6279
%%%mzn-stat: allDifferentNumber1MaxValuesPrunedFromSingleVar=4
%%%mzn-stat: allDifferentNumber1TotalSccSizeAtPruning=1680
%%%mzn-stat: allDifferentNumber1NumberOfSccPruningCalls=726
%%%mzn-stat: circuitNumber2PropagationsThatFoundConflict=38
%%%mzn-stat: circuitNumber2TotalFixedEdgesAtConflict=1715
%%%mzn-stat: circuitNumber2NumberOfConflicts=38
%%%mzn-stat: circuitNumber2PropagationsThatPruned=27
%%%mzn-stat: circuitNumber2PropagationsTotal=723
%%%mzn-stat: AverageConflictSize=12.5
%%%mzn-stat: NumUnitNogoodsLearned=0
%%%mzn-stat: AverageLearnedNogoodLength=27.86842105263158
%%%mzn-stat: AverageBacktrackAmount=0
%%%mzn-stat: AverageLbd=19.236842105263158
%%%mzn-stat: 2AutonomousSearchNumBackupCalled=11940
%%%mzn-stat: 2AutonomousSearchNumPredicatesRemoved=0
%%%mzn-stat: 2AutonomousSearchNumCalls=11955
%%%mzn-stat: 2AutonomousSearchNumPredicatesAdded=1208
%%%mzn-stat: 2AutonomousSearchAverageSizeOfHeap=0.3450439146800502
%%%mzn-stat: 2AutonomousSearchNumAssignedPredicatesEncountered=4125
%%%mzn-stat-end
maxleg = 382;
succ = array1d(1..50,[2, 7, 1, 5, 10, 3, 8, 14, 6, 11, 12, 21, 9, 17, 13, 22, 16, 19, 20, 15, 25, 26, 18, 23, 32, 29, 4, 31, 37, 27, 35, 36, 34, 24, 39, 44, 46, 30, 38, 47, 42, 43, 45, 40, 28, 49, 50, 33, 41, 48]);
% time elapsed: 10.23 s
----------
%%%mzn-stat: initTime=0.018180289
%%%mzn-stat: objective=371
%%%mzn-stat: nodes=13338
%%%mzn-stat: restarts=0
%%%mzn-stat: peakDepth=936
%%%mzn-stat: solveTime=0.096687191
%%%mzn-stat: variables=1601
%%%mzn-stat: propagators=1225
%%%mzn-stat: failures=38
%%%mzn-stat: propagations=35528
%%%mzn-stat: nogoods=38
%%%mzn-stat: numAtomicConstraintsPropagated=0
%%%mzn-stat: allDifferentNumber1PropagationsTotal=1478
%%%mzn-stat: allDifferentNumber1PropagationsThatFoundConflict=0
%%%mzn-stat: allDifferentNumber1PropagationsThatPruned=767
%%%mzn-stat: allDifferentNumber1TotalValuesPruned=6793
%%%mzn-stat: allDifferentNumber1TotalHallSetSizeConflict=0
%%%mzn-stat: allDifferentNumber1NumberOfConflicts=0
%%%mzn-stat: allDifferentNumber1MaxHallSetSizeConflict=0
%%%mzn-stat: allDifferentNumber1TotalPruningHallSetSize=8077
%%%mzn-stat: allDifferentNumber1NumberOfPruningExplanations=6793
%%%mzn-stat: allDifferentNumber1MaxPruningHallSetSize=25
%%%mzn-stat: allDifferentNumber1TotalFixedEdgesAtConflict=0
%%%mzn-stat: allDifferentNumber1TotalVarsInvolvedInPruning=6635
%%%mzn-stat: allDifferentNumber1MaxValuesPrunedFromSingleVar=4
%%%mzn-stat: allDifferentNumber1TotalSccSizeAtPruning=1836
%%%mzn-stat: allDifferentNumber1NumberOfSccPruningCalls=767
%%%mzn-stat: circuitNumber2PropagationsThatFoundConflict=38
%%%mzn-stat: circuitNumber2TotalFixedEdgesAtConflict=1715
%%%mzn-stat: circuitNumber2NumberOfConflicts=38
%%%mzn-stat: circuitNumber2PropagationsThatPruned=29
%%%mzn-stat: circuitNumber2PropagationsTotal=763
%%%mzn-stat: AverageConflictSize=12.5
%%%mzn-stat: NumUnitNogoodsLearned=0
%%%mzn-stat: AverageLearnedNogoodLength=27.86842105263158
%%%mzn-stat: AverageBacktrackAmount=0
%%%mzn-stat: AverageLbd=19.236842105263158
%%%mzn-stat: 2AutonomousSearchNumBackupCalled=12633
%%%mzn-stat: 2AutonomousSearchNumPredicatesRemoved=0
%%%mzn-stat: 2AutonomousSearchNumCalls=12649
%%%mzn-stat: 2AutonomousSearchNumPredicatesAdded=1208
%%%mzn-stat: 2AutonomousSearchAverageSizeOfHeap=0.36058186417898647
%%%mzn-stat: 2AutonomousSearchNumAssignedPredicatesEncountered=4561
%%%mzn-stat-end
maxleg = 371;
succ = array1d(1..50,[2, 7, 1, 5, 10, 3, 8, 14, 6, 11, 12, 21, 9, 17, 13, 22, 16, 19, 20, 15, 25, 26, 18, 23, 32, 29, 4, 31, 37, 27, 35, 36, 34, 38, 39, 44, 46, 43, 30, 24, 47, 28, 45, 40, 42, 49, 50, 33, 41, 48]);
% time elapsed: 10.24 s
----------
%%%mzn-stat: initTime=0.018180289
%%%mzn-stat: objective=364
%%%mzn-stat: nodes=14046
%%%mzn-stat: restarts=0
%%%mzn-stat: peakDepth=936
%%%mzn-stat: solveTime=0.102818271
%%%mzn-stat: variables=1601
%%%mzn-stat: propagators=1225
%%%mzn-stat: failures=38
%%%mzn-stat: propagations=37661
%%%mzn-stat: nogoods=38
%%%mzn-stat: numAtomicConstraintsPropagated=0
%%%mzn-stat: allDifferentNumber1PropagationsTotal=1557
%%%mzn-stat: allDifferentNumber1PropagationsThatFoundConflict=0
%%%mzn-stat: allDifferentNumber1PropagationsThatPruned=808
%%%mzn-stat: allDifferentNumber1TotalValuesPruned=7138
%%%mzn-stat: allDifferentNumber1TotalHallSetSizeConflict=0
%%%mzn-stat: allDifferentNumber1NumberOfConflicts=0
%%%mzn-stat: allDifferentNumber1MaxHallSetSizeConflict=0
%%%mzn-stat: allDifferentNumber1TotalPruningHallSetSize=8575
%%%mzn-stat: allDifferentNumber1NumberOfPruningExplanations=7138
%%%mzn-stat: allDifferentNumber1MaxPruningHallSetSize=25
%%%mzn-stat: allDifferentNumber1TotalFixedEdgesAtConflict=0
%%%mzn-stat: allDifferentNumber1TotalVarsInvolvedInPruning=6974
%%%mzn-stat: allDifferentNumber1MaxValuesPrunedFromSingleVar=4
%%%mzn-stat: allDifferentNumber1TotalSccSizeAtPruning=1992
%%%mzn-stat: allDifferentNumber1NumberOfSccPruningCalls=808
%%%mzn-stat: circuitNumber2PropagationsThatFoundConflict=38
%%%mzn-stat: circuitNumber2TotalFixedEdgesAtConflict=1715
%%%mzn-stat: circuitNumber2NumberOfConflicts=38
%%%mzn-stat: circuitNumber2PropagationsThatPruned=31
%%%mzn-stat: circuitNumber2PropagationsTotal=803
%%%mzn-stat: AverageConflictSize=12.5
%%%mzn-stat: NumUnitNogoodsLearned=0
%%%mzn-stat: AverageLearnedNogoodLength=27.86842105263158
%%%mzn-stat: AverageBacktrackAmount=0
%%%mzn-stat: AverageLbd=19.236842105263158
%%%mzn-stat: 2AutonomousSearchNumBackupCalled=13303
%%%mzn-stat: 2AutonomousSearchNumPredicatesRemoved=0
%%%mzn-stat: 2AutonomousSearchNumCalls=13320
%%%mzn-stat: 2AutonomousSearchNumPredicatesAdded=1208
%%%mzn-stat: 2AutonomousSearchAverageSizeOfHeap=0.37515015015015013
%%%mzn-stat: 2AutonomousSearchNumAssignedPredicatesEncountered=4997
%%%mzn-stat-end
maxleg = 364;
succ = array1d(1..50,[2, 7, 1, 5, 10, 3, 8, 14, 6, 11, 12, 21, 9, 17, 13, 22, 16, 19, 20, 23, 15, 26, 24, 34, 32, 29, 4, 31, 37, 27, 35, 36, 18, 38, 39, 41, 46, 43, 30, 25, 47, 28, 45, 40, 42, 49, 50, 33, 44, 48]);
% time elapsed: 10.25 s
----------
%%%mzn-stat: initTime=0.018180289
%%%mzn-stat: objective=352
%%%mzn-stat: nodes=14706
%%%mzn-stat: restarts=0
%%%mzn-stat: peakDepth=936
%%%mzn-stat: solveTime=0.108245648
%%%mzn-stat: variables=1601
%%%mzn-stat: propagators=1225
%%%mzn-stat: failures=39
%%%mzn-stat: propagations=39855
%%%mzn-stat: nogoods=39
%%%mzn-stat: numAtomicConstraintsPropagated=0
%%%mzn-stat: allDifferentNumber1PropagationsTotal=1636
%%%mzn-stat: allDifferentNumber1PropagationsThatFoundConflict=0
%%%mzn-stat: allDifferentNumber1PropagationsThatPruned=849
%%%mzn-stat: allDifferentNumber1TotalValuesPruned=7484
%%%mzn-stat: allDifferentNumber1TotalHallSetSizeConflict=0
%%%mzn-stat: allDifferentNumber1NumberOfConflicts=0
%%%mzn-stat: allDifferentNumber1MaxHallSetSizeConflict=0
%%%mzn-stat: allDifferentNumber1TotalPruningHallSetSize=9078
%%%mzn-stat: allDifferentNumber1NumberOfPruningExplanations=7484
%%%mzn-stat: allDifferentNumber1MaxPruningHallSetSize=25
%%%mzn-stat: allDifferentNumber1TotalFixedEdgesAtConflict=0
%%%mzn-stat: allDifferentNumber1TotalVarsInvolvedInPruning=7311
%%%mzn-stat: allDifferentNumber1MaxValuesPrunedFromSingleVar=4
%%%mzn-stat: allDifferentNumber1TotalSccSizeAtPruning=2141
%%%mzn-stat: allDifferentNumber1NumberOfSccPruningCalls=849
%%%mzn-stat: circuitNumber2PropagationsThatFoundConflict=39
%%%mzn-stat: circuitNumber2TotalFixedEdgesAtConflict=1761
%%%mzn-stat: circuitNumber2NumberOfConflicts=39
%%%mzn-stat: circuitNumber2PropagationsThatPruned=34
%%%mzn-stat: circuitNumber2PropagationsTotal=844
%%%mzn-stat: AverageConflictSize=12.23076923076923
%%%mzn-stat: NumUnitNogoodsLearned=0
%%%mzn-stat: AverageLearnedNogoodLength=27.46153846153846
%%%mzn-stat: AverageBacktrackAmount=0
%%%mzn-stat: AverageLbd=18.923076923076923
%%%mzn-stat: 2AutonomousSearchNumBackupCalled=13925
%%%mzn-stat: 2AutonomousSearchNumPredicatesRemoved=0
%%%mzn-stat: 2AutonomousSearchNumCalls=13943
%%%mzn-stat: 2AutonomousSearchNumPredicatesAdded=1238
%%%mzn-stat: 2AutonomousSearchAverageSizeOfHeap=0.39094886322886035
%%%mzn-stat: 2AutonomousSearchNumAssignedPredicatesEncountered=5451
%%%mzn-stat-end
maxleg = 352;
succ = array1d(1..50,[2, 7, 1, 5, 10, 3, 8, 14, 6, 11, 12, 21, 9, 17, 13, 22, 16, 19, 20, 23, 15, 26, 24, 34, 32, 29, 4, 31, 37, 27, 35, 36, 18, 43, 42, 41, 46, 39, 28, 25, 47, 45, 38, 40, 30, 49, 50, 33, 44, 48]);
% time elapsed: 10.26 s
----------
%%%mzn-stat: initTime=0.018180289
%%%mzn-stat: objective=349
%%%mzn-stat: nodes=15353
%%%mzn-stat: restarts=0
%%%mzn-stat: peakDepth=936
%%%mzn-stat: solveTime=0.113739988
%%%mzn-stat: variables=1601
%%%mzn-stat: propagators=1225
%%%mzn-stat: failures=39
%%%mzn-stat: propagations=42039
%%%mzn-stat: nogoods=39
%%%mzn-stat: numAtomicConstraintsPropagated=0
%%%mzn-stat: allDifferentNumber1PropagationsTotal=1712
%%%mzn-stat: allDifferentNumber1PropagationsThatFoundConflict=0
%%%mzn-stat: allDifferentNumber1PropagationsThatPruned=888
%%%mzn-stat: allDifferentNumber1TotalValuesPruned=7804
%%%mzn-stat: allDifferentNumber1TotalHallSetSizeConflict=0
%%%mzn-stat: allDifferentNumber1NumberOfConflicts=0
%%%mzn-stat: allDifferentNumber1MaxHallSetSizeConflict=0
%%%mzn-stat: allDifferentNumber1TotalPruningHallSetSize=9682
%%%mzn-stat: allDifferentNumber1NumberOfPruningExplanations=7804
%%%mzn-stat: allDifferentNumber1MaxPruningHallSetSize=27
%%%mzn-stat: allDifferentNumber1TotalFixedEdgesAtConflict=0
%%%mzn-stat: allDifferentNumber1TotalVarsInvolvedInPruning=7609
%%%mzn-stat: allDifferentNumber1MaxValuesPrunedFromSingleVar=6
%%%mzn-stat: allDifferentNumber1TotalSccSizeAtPruning=2294
%%%mzn-stat: allDifferentNumber1NumberOfSccPruningCalls=888
%%%mzn-stat: circuitNumber2PropagationsThatFoundConflict=39
%%%mzn-stat: circuitNumber2TotalFixedEdgesAtConflict=1761
%%%mzn-stat: circuitNumber2NumberOfConflicts=39
%%%mzn-stat: circuitNumber2PropagationsThatPruned=36
%%%mzn-stat: circuitNumber2PropagationsTotal=885
%%%mzn-stat: AverageConflictSize=12.23076923076923
%%%mzn-stat: NumUnitNogoodsLearned=0
%%%mzn-stat: AverageLearnedNogoodLength=27.46153846153846
%%%mzn-stat: AverageBacktrackAmount=0
%%%mzn-stat: AverageLbd=18.923076923076923
%%%mzn-stat: 2AutonomousSearchNumBackupCalled=14536
%%%mzn-stat: 2AutonomousSearchNumPredicatesRemoved=0
%%%mzn-stat: 2AutonomousSearchNumCalls=14555
%%%mzn-stat: 2AutonomousSearchNumPredicatesAdded=1238
%%%mzn-stat: 2AutonomousSearchAverageSizeOfHeap=0.40570250772930266
%%%mzn-stat: 2AutonomousSearchNumAssignedPredicatesEncountered=5905
%%%mzn-stat-end
maxleg = 349;
succ = array1d(1..50,[2, 7, 1, 5, 10, 3, 8, 14, 6, 11, 12, 21, 9, 25, 13, 17, 22, 19, 20, 23, 15, 26, 24, 34, 40, 29, 4, 16, 37, 27, 28, 31, 18, 48, 39, 32, 46, 43, 30, 44, 47, 45, 42, 36, 35, 49, 50, 38, 41, 33]);
% time elapsed: 10.27 s
----------
%%%mzn-stat: initTime=0.018180289
%%%mzn-stat: objective=348
%%%mzn-stat: nodes=15982
%%%mzn-stat: restarts=0
%%%mzn-stat: peakDepth=936
%%%mzn-stat: solveTime=0.119181832
%%%mzn-stat: variables=1601
%%%mzn-stat: propagators=1225
%%%mzn-stat: failures=40
%%%mzn-stat: propagations=44212
%%%mzn-stat: nogoods=40
%%%mzn-stat: numAtomicConstraintsPropagated=0
%%%mzn-stat: allDifferentNumber1PropagationsTotal=1791
%%%mzn-stat: allDifferentNumber1PropagationsThatFoundConflict=0
%%%mzn-stat: allDifferentNumber1PropagationsThatPruned=929
%%%mzn-stat: allDifferentNumber1TotalValuesPruned=8124
%%%mzn-stat: allDifferentNumber1TotalHallSetSizeConflict=0
%%%mzn-stat: allDifferentNumber1NumberOfConflicts=0
%%%mzn-stat: allDifferentNumber1MaxHallSetSizeConflict=0
%%%mzn-stat: allDifferentNumber1TotalPruningHallSetSize=10290
%%%mzn-stat: allDifferentNumber1NumberOfPruningExplanations=8124
%%%mzn-stat: allDifferentNumber1MaxPruningHallSetSize=27
%%%mzn-stat: allDifferentNumber1TotalFixedEdgesAtConflict=0
%%%mzn-stat: allDifferentNumber1TotalVarsInvolvedInPruning=7907
%%%mzn-stat: allDifferentNumber1MaxValuesPrunedFromSingleVar=6
%%%mzn-stat: allDifferentNumber1TotalSccSizeAtPruning=2453
%%%mzn-stat: allDifferentNumber1NumberOfSccPruningCalls=929
%%%mzn-stat: circuitNumber2PropagationsThatFoundConflict=40
%%%mzn-stat: circuitNumber2TotalFixedEdgesAtConflict=1811
%%%mzn-stat: circuitNumber2NumberOfConflicts=40
%%%mzn-stat: circuitNumber2PropagationsThatPruned=37
%%%mzn-stat: circuitNumber2PropagationsTotal=927
%%%mzn-stat: AverageConflictSize=13.125
%%%mzn-stat: NumUnitNogoodsLearned=0
%%%mzn-stat: AverageLearnedNogoodLength=28.1
%%%mzn-stat: AverageBacktrackAmount=0
%%%mzn-stat: AverageLbd=19.35
%%%mzn-stat: 2AutonomousSearchNumBackupCalled=15129
%%%mzn-stat: 2AutonomousSearchNumPredicatesRemoved=0
%%%mzn-stat: 2AutonomousSearchNumCalls=15149
%%%mzn-stat: 2AutonomousSearchNumPredicatesAdded=1300
%%%mzn-stat: 2AutonomousSearchAverageSizeOfHeap=0.42101788896956893
%%%mzn-stat: 2AutonomousSearchNumAssignedPredicatesEncountered=6378
%%%mzn-stat-end
maxleg = 348;
succ = array1d(1..50,[2, 7, 1, 5, 10, 3, 8, 14, 6, 11, 12, 21, 9, 25, 13, 17, 22, 19, 20, 23, 15, 26, 24, 34, 40, 29, 4, 16, 37, 27, 28, 31, 18, 48, 39, 32, 46, 43, 42, 44, 47, 45, 35, 36, 30, 49, 50, 38, 41, 33]);
% time elapsed: 10.27 s
----------
%%%mzn-stat: initTime=0.018180289
%%%mzn-stat: objective=344
%%%mzn-stat: nodes=16614
%%%mzn-stat: restarts=0
%%%mzn-stat: peakDepth=936
%%%mzn-stat: solveTime=0.124382436
%%%mzn-stat: variables=1601
%%%mzn-stat: propagators=1225
%%%mzn-stat: failures=40
%%%mzn-stat: propagations=46386
%%%mzn-stat: nogoods=40
%%%mzn-stat: numAtomicConstraintsPropagated=0
%%%mzn-stat: allDifferentNumber1PropagationsTotal=1862
%%%mzn-stat: allDifferentNumber1PropagationsThatFoundConflict=0
%%%mzn-stat: allDifferentNumber1PropagationsThatPruned=966
%%%mzn-stat: allDifferentNumber1TotalValuesPruned=8444
%%%mzn-stat: allDifferentNumber1TotalHallSetSizeConflict=0
%%%mzn-stat: allDifferentNumber1NumberOfConflicts=0
%%%mzn-stat: allDifferentNumber1MaxHallSetSizeConflict=0
%%%mzn-stat: allDifferentNumber1TotalPruningHallSetSize=11083
%%%mzn-stat: allDifferentNumber1NumberOfPruningExplanations=8444
%%%mzn-stat: allDifferentNumber1MaxPruningHallSetSize=27
%%%mzn-stat: allDifferentNumber1TotalFixedEdgesAtConflict=0
%%%mzn-stat: allDifferentNumber1TotalVarsInvolvedInPruning=8194
%%%mzn-stat: allDifferentNumber1MaxValuesPrunedFromSingleVar=9
%%%mzn-stat: allDifferentNumber1TotalSccSizeAtPruning=2631
%%%mzn-stat: allDifferentNumber1NumberOfSccPruningCalls=966
%%%mzn-stat: circuitNumber2PropagationsThatFoundConflict=40
%%%mzn-stat: circuitNumber2TotalFixedEdgesAtConflict=1811
%%%mzn-stat: circuitNumber2NumberOfConflicts=40
%%%mzn-stat: circuitNumber2PropagationsThatPruned=39
%%%mzn-stat: circuitNumber2PropagationsTotal=965
%%%mzn-stat: AverageConflictSize=13.125
%%%mzn-stat: NumUnitNogoodsLearned=0
%%%mzn-stat: AverageLearnedNogoodLength=28.1
%%%mzn-stat: AverageBacktrackAmount=0
%%%mzn-stat: AverageLbd=19.35
%%%mzn-stat: 2AutonomousSearchNumBackupCalled=15727
%%%mzn-stat: 2AutonomousSearchNumPredicatesRemoved=0
%%%mzn-stat: 2AutonomousSearchNumCalls=15748
%%%mzn-stat: 2AutonomousSearchNumPredicatesAdded=1300
%%%mzn-stat: 2AutonomousSearchAverageSizeOfHeap=0.43503937007874016
%%%mzn-stat: 2AutonomousSearchNumAssignedPredicatesEncountered=6851
%%%mzn-stat-end
maxleg = 344;
succ = array1d(1..50,[2, 7, 1, 5, 10, 3, 8, 14, 6, 11, 12, 21, 9, 25, 13, 17, 22, 19, 20, 23, 15, 26, 24, 34, 40, 29, 4, 16, 37, 27, 28, 31, 18, 48, 42, 32, 46, 43, 30, 44, 47, 45, 35, 36, 39, 49, 50, 38, 41, 33]);
% time elapsed: 10.28 s
----------
%%%mzn-stat: initTime=0.018180289
%%%mzn-stat: objective=340
%%%mzn-stat: nodes=17235
%%%mzn-stat: restarts=0
%%%mzn-stat: peakDepth=936
%%%mzn-stat: solveTime=0.129604405
%%%mzn-stat: variables=1601
%%%mzn-stat: propagators=1225
%%%mzn-stat: failures=41
%%%mzn-stat: propagations=48664
%%%mzn-stat: nogoods=41
%%%mzn-stat: numAtomicConstraintsPropagated=0
%%%mzn-stat: allDifferentNumber1PropagationsTotal=1935
%%%mzn-stat: allDifferentNumber1PropagationsThatFoundConflict=0
%%%mzn-stat: allDifferentNumber1PropagationsThatPruned=1005
%%%mzn-stat: allDifferentNumber1TotalValuesPruned=8775
%%%mzn-stat: allDifferentNumber1TotalHallSetSizeConflict=0
%%%mzn-stat: allDifferentNumber1NumberOfConflicts=0
%%%mzn-stat: allDifferentNumber1MaxHallSetSizeConflict=0
%%%mzn-stat: allDifferentNumber1TotalPruningHallSetSize=11931
%%%mzn-stat: allDifferentNumber1NumberOfPruningExplanations=8775
%%%mzn-stat: allDifferentNumber1MaxPruningHallSetSize=27
%%%mzn-stat: allDifferentNumber1TotalFixedEdgesAtConflict=0
%%%mzn-stat: allDifferentNumber1TotalVarsInvolvedInPruning=8486
%%%mzn-stat: allDifferentNumber1MaxValuesPrunedFromSingleVar=9
%%%mzn-stat: allDifferentNumber1TotalSccSizeAtPruning=2828
%%%mzn-stat: allDifferentNumber1NumberOfSccPruningCalls=1005
%%%mzn-stat: circuitNumber2PropagationsThatFoundConflict=41
%%%mzn-stat: circuitNumber2TotalFixedEdgesAtConflict=1857
%%%mzn-stat: circuitNumber2NumberOfConflicts=41
%%%mzn-stat: circuitNumber2PropagationsThatPruned=42
%%%mzn-stat: circuitNumber2PropagationsTotal=1005
%%%mzn-stat: AverageConflictSize=13.121951219512194
%%%mzn-stat: NumUnitNogoodsLearned=0
%%%mzn-stat: AverageLearnedNogoodLength=28.317073170731707
%%%mzn-stat: AverageBacktrackAmount=0
%%%mzn-stat: AverageLbd=19.121951219512194
%%%mzn-stat: 2AutonomousSearchNumBackupCalled=16315
%%%mzn-stat: 2AutonomousSearchNumPredicatesRemoved=0
%%%mzn-stat: 2AutonomousSearchNumCalls=16337
%%%mzn-stat: 2AutonomousSearchNumPredicatesAdded=1476
%%%mzn-stat: 2AutonomousSearchAverageSizeOfHeap=0.4532043826896003
%%%mzn-stat: 2AutonomousSearchNumAssignedPredicatesEncountered=7404
%%%mzn-stat-end
maxleg = 340;
succ = array1d(1..50,[2, 7, 1, 5, 10, 3, 8, 14, 6, 11, 12, 21, 9, 25, 13, 17, 22, 19, 20, 23, 15, 26, 24, 34, 40, 29, 4, 16, 37, 27, 28, 31, 48, 33, 42, 32, 46, 43, 30, 44, 47, 45, 35, 36, 39, 49, 50, 38, 41, 18]);
% time elapsed: 10.29 s
----------
%%%mzn-stat: initTime=0.018180289
%%%mzn-stat: objective=336
%%%mzn-stat: nodes=17866
%%%mzn-stat: restarts=0
%%%mzn-stat: peakDepth=936
%%%mzn-stat: solveTime=0.133998118
%%%mzn-stat: variables=1601
%%%mzn-stat: propagators=1225
%%%mzn-stat: failures=41
%%%mzn-stat: propagations=50817
%%%mzn-stat: nogoods=41
%%%mzn-stat: numAtomicConstraintsPropagated=0
%%%mzn-stat: allDifferentNumber1PropagationsTotal=2001
%%%mzn-stat: allDifferentNumber1PropagationsThatFoundConflict=0
%%%mzn-stat: allDifferentNumber1PropagationsThatPruned=1040
%%%mzn-stat: allDifferentNumber1TotalValuesPruned=9089
%%%mzn-stat: allDifferentNumber1TotalHallSetSizeConflict=0
%%%mzn-stat: allDifferentNumber1NumberOfConflicts=0
%%%mzn-stat: allDifferentNumber1MaxHallSetSizeConflict=0
%%%mzn-stat: allDifferentNumber1TotalPruningHallSetSize=12721
%%%mzn-stat: allDifferentNumber1NumberOfPruningExplanations=9089
%%%mzn-stat: allDifferentNumber1MaxPruningHallSetSize=27
%%%mzn-stat: allDifferentNumber1TotalFixedEdgesAtConflict=0
%%%mzn-stat: allDifferentNumber1TotalVarsInvolvedInPruning=8768
%%%mzn-stat: allDifferentNumber1MaxValuesPrunedFromSingleVar=9
%%%mzn-stat: allDifferentNumber1TotalSccSizeAtPruning=3015
%%%mzn-stat: allDifferentNumber1NumberOfSccPruningCalls=1040
%%%mzn-stat: circuitNumber2PropagationsThatFoundConflict=41
%%%mzn-stat: circuitNumber2TotalFixedEdgesAtConflict=1857
%%%mzn-stat: circuitNumber2NumberOfConflicts=41
%%%mzn-stat: circuitNumber2PropagationsThatPruned=44
%%%mzn-stat: circuitNumber2PropagationsTotal=1040
%%%mzn-stat: AverageConflictSize=13.121951219512194
%%%mzn-stat: NumUnitNogoodsLearned=0
%%%mzn-stat: AverageLearnedNogoodLength=28.317073170731707
%%%mzn-stat: AverageBacktrackAmount=0
%%%mzn-stat: AverageLbd=19.121951219512194
%%%mzn-stat: 2AutonomousSearchNumBackupCalled=16915
%%%mzn-stat: 2AutonomousSearchNumPredicatesRemoved=0
%%%mzn-stat: 2AutonomousSearchNumCalls=16938
%%%mzn-stat: 2AutonomousSearchNumPredicatesAdded=1476
%%%mzn-stat: 2AutonomousSearchAverageSizeOfHeap=0.46977211004841185
%%%mzn-stat: 2AutonomousSearchNumAssignedPredicatesEncountered=7957
%%%mzn-stat-end
maxleg = 336;
succ = array1d(1..50,[2, 7, 1, 5, 10, 3, 8, 14, 6, 11, 12, 21, 9, 25, 13, 17, 22, 19, 20, 23, 15, 26, 24, 34, 40, 29, 4, 16, 37, 27, 28, 31, 48, 33, 42, 41, 46, 43, 30, 44, 47, 45, 35, 49, 39, 36, 50, 38, 32, 18]);
% time elapsed: 10.30 s
----------
%%%mzn-stat: initTime=0.018180289
%%%mzn-stat: objective=334
%%%mzn-stat: nodes=18480
%%%mzn-stat: restarts=0
%%%mzn-stat: peakDepth=936
%%%mzn-stat: solveTime=0.140198973
%%%mzn-stat: variables=1601
%%%mzn-stat: propagators=1225
%%%mzn-stat: failures=42
%%%mzn-stat: propagations=53053
%%%mzn-stat: nogoods=42
%%%mzn-stat: numAtomicConstraintsPropagated=0
%%%mzn-stat: allDifferentNumber1PropagationsTotal=2074
%%%mzn-stat: allDifferentNumber1PropagationsThatFoundConflict=0
%%%mzn-stat: allDifferentNumber1PropagationsThatPruned=1079
%%%mzn-stat: allDifferentNumber1TotalValuesPruned=9425
%%%mzn-stat: allDifferentNumber1TotalHallSetSizeConflict=0
%%%mzn-stat: allDifferentNumber1NumberOfConflicts=0
%%%mzn-stat: allDifferentNumber1MaxHallSetSizeConflict=0
%%%mzn-stat: allDifferentNumber1TotalPruningHallSetSize=13864
%%%mzn-stat: allDifferentNumber1NumberOfPruningExplanations=9425
%%%mzn-stat: allDifferentNumber1MaxPruningHallSetSize=35
%%%mzn-stat: allDifferentNumber1TotalFixedEdgesAtConflict=0
%%%mzn-stat: allDifferentNumber1TotalVarsInvolvedInPruning=9060
%%%mzn-stat: allDifferentNumber1MaxValuesPrunedFromSingleVar=9
%%%mzn-stat: allDifferentNumber1TotalSccSizeAtPruning=3281
%%%mzn-stat: allDifferentNumber1NumberOfSccPruningCalls=1079
%%%mzn-stat: circuitNumber2PropagationsThatFoundConflict=42
%%%mzn-stat: circuitNumber2TotalFixedEdgesAtConflict=1874
%%%mzn-stat: circuitNumber2NumberOfConflicts=42
%%%mzn-stat: circuitNumber2PropagationsThatPruned=50
%%%mzn-stat: circuitNumber2PropagationsTotal=1080
%%%mzn-stat: AverageConflictSize=13.095238095238095
%%%mzn-stat: NumUnitNogoodsLearned=0
%%%mzn-stat: AverageLearnedNogoodLength=29.88095238095238
%%%mzn-stat: AverageBacktrackAmount=0
%%%mzn-stat: AverageLbd=19.047619047619047
%%%mzn-stat: 2AutonomousSearchNumBackupCalled=17497
%%%mzn-stat: 2AutonomousSearchNumPredicatesRemoved=0
%%%mzn-stat: 2AutonomousSearchNumCalls=17521
%%%mzn-stat: 2AutonomousSearchNumPredicatesAdded=1617
%%%mzn-stat: 2AutonomousSearchAverageSizeOfHeap=0.4927230180925746
%%%mzn-stat: 2AutonomousSearchNumAssignedPredicatesEncountered=8633
%%%mzn-stat-end
maxleg = 334;
succ = array1d(1..50,[2, 7, 1, 5, 10, 3, 8, 14, 6, 11, 12, 21, 9, 25, 24, 17, 22, 19, 20, 23, 13, 26, 34, 47, 40, 29, 4, 16, 37, 27, 28, 31, 48, 33, 32, 41, 46, 43, 30, 15, 42, 45, 35, 36, 39, 49, 50, 38, 44, 18]);
% time elapsed: 10.31 s
----------
%%%mzn-stat: initTime=0.018180289
%%%mzn-stat: objective=323
%%%mzn-stat: nodes=19078
%%%mzn-stat: restarts=0
%%%mzn-stat: peakDepth=936
%%%mzn-stat: solveTime=0.145254277
%%%mzn-stat: variables=1601
%%%mzn-stat: propagators=1225
%%%mzn-stat: failures=42
%%%mzn-stat: propagations=55234
%%%mzn-stat: nogoods=42
%%%mzn-stat: numAtomicConstraintsPropagated=0
%%%mzn-stat: allDifferentNumber1PropagationsTotal=2138
%%%mzn-stat: allDifferentNumber1PropagationsThatFoundConflict=0
%%%mzn-stat: allDifferentNumber1PropagationsThatPruned=1113
%%%mzn-stat: allDifferentNumber1TotalValuesPruned=9734
%%%mzn-stat: allDifferentNumber1TotalHallSetSizeConflict=0
%%%mzn-stat: allDifferentNumber1NumberOfConflicts=0
%%%mzn-stat: allDifferentNumber1MaxHallSetSizeConflict=0
%%%mzn-stat: allDifferentNumber1TotalPruningHallSetSize=14717
%%%mzn-stat: allDifferentNumber1NumberOfPruningExplanations=9734
%%%mzn-stat: allDifferentNumber1MaxPruningHallSetSize=35
%%%mzn-stat: allDifferentNumber1TotalFixedEdgesAtConflict=0
%%%mzn-stat: allDifferentNumber1TotalVarsInvolvedInPruning=9338
%%%mzn-stat: allDifferentNumber1MaxValuesPrunedFromSingleVar=9
%%%mzn-stat: allDifferentNumber1TotalSccSizeAtPruning=3468
%%%mzn-stat: allDifferentNumber1NumberOfSccPruningCalls=1113
%%%mzn-stat: circuitNumber2PropagationsThatFoundConflict=42
%%%mzn-stat: circuitNumber2TotalFixedEdgesAtConflict=1874
%%%mzn-stat: circuitNumber2NumberOfConflicts=42
%%%mzn-stat: circuitNumber2PropagationsThatPruned=56
%%%mzn-stat: circuitNumber2PropagationsTotal=1115
%%%mzn-stat: AverageConflictSize=13.095238095238095
%%%mzn-stat: NumUnitNogoodsLearned=0
%%%mzn-stat: AverageLearnedNogoodLength=29.88095238095238
%%%mzn-stat: AverageBacktrackAmount=0
%%%mzn-stat: AverageLbd=19.047619047619047
%%%mzn-stat: 2AutonomousSearchNumBackupCalled=18065
%%%mzn-stat: 2AutonomousSearchNumPredicatesRemoved=0
%%%mzn-stat: 2AutonomousSearchNumCalls=18090
%%%mzn-stat: 2AutonomousSearchNumPredicatesAdded=1617
%%%mzn-stat: 2AutonomousSearchAverageSizeOfHeap=0.5145936981757877
%%%mzn-stat: 2AutonomousSearchNumAssignedPredicatesEncountered=9309
%%%mzn-stat-end
maxleg = 323;
succ = array1d(1..50,[2, 7, 1, 5, 10, 3, 8, 14, 6, 11, 12, 21, 9, 25, 24, 17, 22, 19, 20, 23, 13, 26, 34, 47, 40, 29, 4, 16, 37, 27, 28, 31, 48, 33, 32, 44, 46, 43, 30, 15, 42, 45, 35, 49, 39, 36, 50, 38, 41, 18]);
% time elapsed: 10.32 s
----------
%%%mzn-stat: initTime=0.018180289
%%%mzn-stat: objective=315
%%%mzn-stat: nodes=19654
%%%mzn-stat: restarts=0
%%%mzn-stat: peakDepth=936
%%%mzn-stat: solveTime=0.150883733
%%%mzn-stat: variables=1601
%%%mzn-stat: propagators=1225
%%%mzn-stat: failures=43
%%%mzn-stat: propagations=57591
%%%mzn-stat: nogoods=43
%%%mzn-stat: numAtomicConstraintsPropagated=0
%%%mzn-stat: allDifferentNumber1PropagationsTotal=2210
%%%mzn-stat: allDifferentNumber1PropagationsThatFoundConflict=0
%%%mzn-stat: allDifferentNumber1PropagationsThatPruned=1153
%%%mzn-stat: allDifferentNumber1TotalValuesPruned=10059
%%%mzn-stat: allDifferentNumber1TotalHallSetSizeConflict=0
%%%mzn-stat: allDifferentNumber1NumberOfConflicts=0
%%%mzn-stat: allDifferentNumber1MaxHallSetSizeConflict=0
%%%mzn-stat: allDifferentNumber1TotalPruningHallSetSize=15679
%%%mzn-stat: allDifferentNumber1NumberOfPruningExplanations=10059
%%%mzn-stat: allDifferentNumber1MaxPruningHallSetSize=37
%%%mzn-stat: allDifferentNumber1TotalFixedEdgesAtConflict=0
%%%mzn-stat: allDifferentNumber1TotalVarsInvolvedInPruning=9625
%%%mzn-stat: allDifferentNumber1MaxValuesPrunedFromSingleVar=10
%%%mzn-stat: allDifferentNumber1TotalSccSizeAtPruning=3672
%%%mzn-stat: allDifferentNumber1NumberOfSccPruningCalls=1153
%%%mzn-stat: circuitNumber2PropagationsThatFoundConflict=43
%%%mzn-stat: circuitNumber2TotalFixedEdgesAtConflict=1924
%%%mzn-stat: circuitNumber2NumberOfConflicts=43
%%%mzn-stat: circuitNumber2PropagationsThatPruned=65
%%%mzn-stat: circuitNumber2PropagationsTotal=1155
%%%mzn-stat: AverageConflictSize=13.69767441860465
%%%mzn-stat: NumUnitNogoodsLearned=0
%%%mzn-stat: AverageLearnedNogoodLength=31.186046511627907
%%%mzn-stat: AverageBacktrackAmount=0
%%%mzn-stat: AverageLbd=19.302325581395348
%%%mzn-stat: 2AutonomousSearchNumBackupCalled=18609
%%%mzn-stat: 2AutonomousSearchNumPredicatesRemoved=0
%%%mzn-stat: 2AutonomousSearchNumCalls=18635
%%%mzn-stat: 2AutonomousSearchNumPredicatesAdded=1816
%%%mzn-stat: 2AutonomousSearchAverageSizeOfHeap=0.5383418298899919
%%%mzn-stat: 2AutonomousSearchNumAssignedPredicatesEncountered=10032
%%%mzn-stat-end
maxleg = 315;
succ = array1d(1..50,[2, 7, 1, 5, 10, 3, 8, 14, 6, 11, 12, 21, 9, 25, 40, 17, 22, 19, 20, 23, 15, 26, 24, 47, 32, 29, 4, 16, 37, 27, 28, 35, 18, 33, 43, 44, 46, 48, 30, 13, 42, 45, 38, 49, 39, 36, 31, 50, 41, 34]);
% time elapsed: 10.33 s
----------
%%%mzn-stat: initTime=0.018180289
%%%mzn-stat: objective=298
%%%mzn-stat: nodes=20215
%%%mzn-stat: restarts=0
%%%mzn-stat: peakDepth=936
%%%mzn-stat: solveTime=0.159367963
%%%mzn-stat: variables=1601
%%%mzn-stat: propagators=1225
%%%mzn-stat: failures=49
%%%mzn-stat: propagations=60528
%%%mzn-stat: nogoods=49
%%%mzn-stat: numAtomicConstraintsPropagated=0
%%%mzn-stat: allDifferentNumber1PropagationsTotal=2318
%%%mzn-stat: allDifferentNumber1PropagationsThatFoundConflict=0
%%%mzn-stat: allDifferentNumber1PropagationsThatPruned=1214
%%%mzn-stat: allDifferentNumber1TotalValuesPruned=10441
%%%mzn-stat: allDifferentNumber1TotalHallSetSizeConflict=0
%%%mzn-stat: allDifferentNumber1NumberOfConflicts=0
%%%mzn-stat: allDifferentNumber1MaxHallSetSizeConflict=0
%%%mzn-stat: allDifferentNumber1TotalPruningHallSetSize=16805
%%%mzn-stat: allDifferentNumber1NumberOfPruningExplanations=10441
%%%mzn-stat: allDifferentNumber1MaxPruningHallSetSize=37
%%%mzn-stat: allDifferentNumber1TotalFixedEdgesAtConflict=0
%%%mzn-stat: allDifferentNumber1TotalVarsInvolvedInPruning=9953
%%%mzn-stat: allDifferentNumber1MaxValuesPrunedFromSingleVar=10
%%%mzn-stat: allDifferentNumber1TotalSccSizeAtPruning=4027
%%%mzn-stat: allDifferentNumber1NumberOfSccPruningCalls=1214
%%%mzn-stat: circuitNumber2PropagationsThatFoundConflict=49
%%%mzn-stat: circuitNumber2TotalFixedEdgesAtConflict=2210
%%%mzn-stat: circuitNumber2NumberOfConflicts=49
%%%mzn-stat: circuitNumber2PropagationsThatPruned=78
%%%mzn-stat: circuitNumber2PropagationsTotal=1218
%%%mzn-stat: AverageConflictSize=16.857142857142858
%%%mzn-stat: NumUnitNogoodsLearned=0
%%%mzn-stat: AverageLearnedNogoodLength=36.53061224489796
%%%mzn-stat: AverageBacktrackAmount=0
%%%mzn-stat: AverageLbd=20.244897959183675
%%%mzn-stat: 2AutonomousSearchNumBackupCalled=19130
%%%mzn-stat: 2AutonomousSearchNumPredicatesRemoved=0
%%%mzn-stat: 2AutonomousSearchNumCalls=19157
%%%mzn-stat: 2AutonomousSearchNumPredicatesAdded=2156
%%%mzn-stat: 2AutonomousSearchAverageSizeOfHeap=0.5659550033930156
%%%mzn-stat: 2AutonomousSearchNumAssignedPredicatesEncountered=10842
%%%mzn-stat-end
maxleg = 298;
succ = array1d(1..50,[2, 7, 1, 5, 10, 3, 8, 14, 6, 11, 12, 21, 9, 25, 40, 17, 22, 19, 20, 23, 15, 26, 24, 47, 44, 29, 4, 31, 49, 27, 39, 35, 18, 33, 43, 46, 16, 48, 30, 13, 42, 45, 38, 36, 28, 37, 41, 50, 32, 34]);
% time elapsed: 10.33 s
----------
%%%mzn-stat: initTime=0.018180289
%%%mzn-stat: objective=294
%%%mzn-stat: nodes=20762
%%%mzn-stat: restarts=0
%%%mzn-stat: peakDepth=936
%%%mzn-stat: solveTime=0.169788287
%%%mzn-stat: variables=1601
%%%mzn-stat: propagators=1225
%%%mzn-stat: failures=62
%%%mzn-stat: propagations=64149
%%%mzn-stat: nogoods=62
%%%mzn-stat: numAtomicConstraintsPropagated=0
%%%mzn-stat: allDifferentNumber1PropagationsTotal=2446
%%%mzn-stat: allDifferentNumber1PropagationsThatFoundConflict=3
%%%mzn-stat: allDifferentNumber1PropagationsThatPruned=1283
%%%mzn-stat: allDifferentNumber1TotalValuesPruned=10913
%%%mzn-stat: allDifferentNumber1TotalHallSetSizeConflict=10
%%%mzn-stat: allDifferentNumber1NumberOfConflicts=3
%%%mzn-stat: allDifferentNumber1MaxHallSetSizeConflict=4
%%%mzn-stat: allDifferentNumber1TotalPruningHallSetSize=18197
%%%mzn-stat: allDifferentNumber1NumberOfPruningExplanations=10913
%%%mzn-stat: allDifferentNumber1MaxPruningHallSetSize=37
%%%mzn-stat: allDifferentNumber1TotalFixedEdgesAtConflict=142
%%%mzn-stat: allDifferentNumber1TotalVarsInvolvedInPruning=10329
%%%mzn-stat: allDifferentNumber1MaxValuesPrunedFromSingleVar=10
%%%mzn-stat: allDifferentNumber1TotalSccSizeAtPruning=4392
%%%mzn-stat: allDifferentNumber1NumberOfSccPruningCalls=1283
%%%mzn-stat: circuitNumber2PropagationsThatFoundConflict=58
%%%mzn-stat: circuitNumber2TotalFixedEdgesAtConflict=2626
%%%mzn-stat: circuitNumber2NumberOfConflicts=58
%%%mzn-stat: circuitNumber2PropagationsThatPruned=93
%%%mzn-stat: circuitNumber2PropagationsTotal=1289
%%%mzn-stat: AverageConflictSize=16.629032258064516
%%%mzn-stat: NumUnitNogoodsLearned=0
%%%mzn-stat: AverageLearnedNogoodLength=39.11290322580645
%%%mzn-stat: AverageBacktrackAmount=0
%%%mzn-stat: AverageLbd=19.032258064516128
%%%mzn-stat: 2AutonomousSearchNumBackupCalled=19627
%%%mzn-stat: 2AutonomousSearchNumPredicatesRemoved=0
%%%mzn-stat: 2AutonomousSearchNumCalls=19655
%%%mzn-stat: 2AutonomousSearchNumPredicatesAdded=2764
%%%mzn-stat: 2AutonomousSearchAverageSizeOfHeap=0.6022894937674892
%%%mzn-stat: 2AutonomousSearchNumAssignedPredicatesEncountered=11838
%%%mzn-stat-end
maxleg = 294;
succ = array1d(1..50,[2, 7, 1, 5, 10, 3, 8, 14, 6, 11, 12, 21, 9, 25, 40, 17, 22, 19, 20, 23, 15, 26, 24, 47, 44, 29, 30, 31, 49, 4, 39, 35, 18, 33, 43, 46, 16, 27, 38, 13, 42, 45, 48, 36, 28, 37, 41, 50, 32, 34]);
% time elapsed: 10.35 s
----------
%%%mzn-stat: initTime=0.018180289
%%%mzn-stat: objective=294
%%%mzn-stat: nodes=2721119
%%%mzn-stat: restarts=0
%%%mzn-stat: peakDepth=936
%%%mzn-stat: solveTime=1789.523854344
%%%mzn-stat: variables=1601
%%%mzn-stat: propagators=1225
%%%mzn-stat: failures=2680951
%%%mzn-stat: propagations=190648523
%%%mzn-stat: nogoods=2680951
%%%mzn-stat: numAtomicConstraintsPropagated=0
%%%mzn-stat: allDifferentNumber1PropagationsTotal=9228605
%%%mzn-stat: allDifferentNumber1PropagationsThatFoundConflict=55965
%%%mzn-stat: allDifferentNumber1PropagationsThatPruned=5476587
%%%mzn-stat: allDifferentNumber1TotalValuesPruned=15331390
%%%mzn-stat: allDifferentNumber1TotalHallSetSizeConflict=137542
%%%mzn-stat: allDifferentNumber1NumberOfConflicts=55965
%%%mzn-stat: allDifferentNumber1MaxHallSetSizeConflict=21
%%%mzn-stat: allDifferentNumber1TotalPruningHallSetSize=31015379
%%%mzn-stat: allDifferentNumber1NumberOfPruningExplanations=15331390
%%%mzn-stat: allDifferentNumber1MaxPruningHallSetSize=37
%%%mzn-stat: allDifferentNumber1TotalFixedEdgesAtConflict=2571313
%%%mzn-stat: allDifferentNumber1TotalVarsInvolvedInPruning=12363134
%%%mzn-stat: allDifferentNumber1MaxValuesPrunedFromSingleVar=10
%%%mzn-stat: allDifferentNumber1TotalSccSizeAtPruning=18372487
%%%mzn-stat: allDifferentNumber1NumberOfSccPruningCalls=5476587
%%%mzn-stat: circuitNumber2PropagationsThatFoundConflict=2608844
%%%mzn-stat: circuitNumber2TotalFixedEdgesAtConflict=122329524
%%%mzn-stat: circuitNumber2NumberOfConflicts=2608844
%%%mzn-stat: circuitNumber2PropagationsThatPruned=1152373
%%%mzn-stat: circuitNumber2PropagationsTotal=6106614
%%%mzn-stat: AverageConflictSize=38.35138463925674
%%%mzn-stat: NumUnitNogoodsLearned=0
%%%mzn-stat: AverageLearnedNogoodLength=56.43897445346819
%%%mzn-stat: AverageBacktrackAmount=0
%%%mzn-stat: AverageLbd=24.610690385613164
%%%mzn-stat: 2AutonomousSearchNumBackupCalled=19627
%%%mzn-stat: 2AutonomousSearchNumPredicatesRemoved=0
%%%mzn-stat: 2AutonomousSearchNumCalls=19655
%%%mzn-stat: 2AutonomousSearchNumPredicatesAdded=5151
%%%mzn-stat: 2AutonomousSearchAverageSizeOfHeap=0.6022894937674892
%%%mzn-stat: 2AutonomousSearchNumAssignedPredicatesEncountered=11838
%%%mzn-stat-end
