% Logging successfully configured
%%%mzn-stat: initTime=0.064433435
%%%mzn-stat: objective=745
%%%mzn-stat: nodes=636
%%%mzn-stat: restarts=0
%%%mzn-stat: peakDepth=409
%%%mzn-stat: solveTime=0.02726039
%%%mzn-stat: variables=849
%%%mzn-stat: propagators=1820
%%%mzn-stat: failures=162
%%%mzn-stat: propagations=56892
%%%mzn-stat: nogoods=162
%%%mzn-stat: numAtomicConstraintsPropagated=0
%%%mzn-stat: circuitNumber1226PropagationsThatFoundConflict=83
%%%mzn-stat: circuitNumber1226TotalFixedEdgesAtConflict=3629
%%%mzn-stat: circuitNumber1226NumberOfConflicts=83
%%%mzn-stat: circuitNumber1226PropagationsThatPruned=77
%%%mzn-stat: circuitNumber1226PropagationsTotal=367
%%%mzn-stat: AverageConflictSize=15.246913580246913
%%%mzn-stat: NumUnitNogoodsLearned=0
%%%mzn-stat: AverageLearnedNogoodLength=20.469135802469136
%%%mzn-stat: AverageBacktrackAmount=0
%%%mzn-stat: AverageLbd=14.796296296296296
%%%mzn-stat: 2AutonomousSearchNumBackupCalled=375
%%%mzn-stat: 2AutonomousSearchNumPredicatesRemoved=0
%%%mzn-stat: 2AutonomousSearchNumCalls=376
%%%mzn-stat: 2AutonomousSearchNumPredicatesAdded=1202
%%%mzn-stat: 2AutonomousSearchAverageSizeOfHeap=3.1968085106382977
%%%mzn-stat: 2AutonomousSearchNumAssignedPredicatesEncountered=1202
%%%mzn-stat-end
maxleg = 745;
succ = array1d(1..50,[2, 12, 4, 6, 3, 7, 11, 9, 10, 14, 15, 13, 28, 19, 16, 18, 8, 22, 23, 24, 1, 26, 25, 35, 29, 45, 5, 36, 37, 44, 50, 17, 20, 32, 42, 33, 21, 49, 34, 30, 27, 43, 46, 41, 48, 31, 39, 38, 47, 40]);
% time elapsed: 18.19 s
----------
%%%mzn-stat: initTime=0.064433435
%%%mzn-stat: objective=435
%%%mzn-stat: nodes=1155
%%%mzn-stat: restarts=0
%%%mzn-stat: peakDepth=431
%%%mzn-stat: solveTime=0.046937772
%%%mzn-stat: variables=849
%%%mzn-stat: propagators=1820
%%%mzn-stat: failures=243
%%%mzn-stat: propagations=83293
%%%mzn-stat: nogoods=243
%%%mzn-stat: numAtomicConstraintsPropagated=0
%%%mzn-stat: circuitNumber1226PropagationsThatFoundConflict=154
%%%mzn-stat: circuitNumber1226TotalFixedEdgesAtConflict=6917
%%%mzn-stat: circuitNumber1226NumberOfConflicts=154
%%%mzn-stat: circuitNumber1226PropagationsThatPruned=104
%%%mzn-stat: circuitNumber1226PropagationsTotal=563
%%%mzn-stat: AverageConflictSize=20.333333333333332
%%%mzn-stat: NumUnitNogoodsLearned=0
%%%mzn-stat: AverageLearnedNogoodLength=23.032921810699587
%%%mzn-stat: AverageBacktrackAmount=0
%%%mzn-stat: AverageLbd=17.54732510288066
%%%mzn-stat: 2AutonomousSearchNumBackupCalled=770
%%%mzn-stat: 2AutonomousSearchNumPredicatesRemoved=0
%%%mzn-stat: 2AutonomousSearchNumCalls=772
%%%mzn-stat: 2AutonomousSearchNumPredicatesAdded=1963
%%%mzn-stat: 2AutonomousSearchAverageSizeOfHeap=3.116580310880829
%%%mzn-stat: 2AutonomousSearchNumAssignedPredicatesEncountered=2406
%%%mzn-stat-end
maxleg = 435;
succ = array1d(1..50,[2, 12, 4, 6, 3, 7, 11, 9, 10, 14, 15, 13, 28, 19, 16, 18, 8, 22, 23, 24, 1, 26, 25, 35, 29, 45, 5, 46, 37, 44, 50, 17, 36, 32, 31, 21, 33, 49, 34, 30, 27, 20, 42, 41, 48, 43, 39, 38, 47, 40]);
% time elapsed: 18.21 s
----------
%%%mzn-stat: initTime=0.064433435
%%%mzn-stat: objective=346
%%%mzn-stat: nodes=3524
%%%mzn-stat: restarts=0
%%%mzn-stat: peakDepth=431
%%%mzn-stat: solveTime=0.435504507
%%%mzn-stat: variables=849
%%%mzn-stat: propagators=1820
%%%mzn-stat: failures=2025
%%%mzn-stat: propagations=659577
%%%mzn-stat: nogoods=2025
%%%mzn-stat: numAtomicConstraintsPropagated=0
%%%mzn-stat: circuitNumber1226PropagationsThatFoundConflict=379
%%%mzn-stat: circuitNumber1226TotalFixedEdgesAtConflict=16811
%%%mzn-stat: circuitNumber1226NumberOfConflicts=379
%%%mzn-stat: circuitNumber1226PropagationsThatPruned=675
%%%mzn-stat: circuitNumber1226PropagationsTotal=2869
%%%mzn-stat: AverageConflictSize=13.262716049382716
%%%mzn-stat: NumUnitNogoodsLearned=0
%%%mzn-stat: AverageLearnedNogoodLength=27.915555555555557
%%%mzn-stat: AverageBacktrackAmount=0
%%%mzn-stat: AverageLbd=16.228148148148147
%%%mzn-stat: 2AutonomousSearchNumBackupCalled=1120
%%%mzn-stat: 2AutonomousSearchNumPredicatesRemoved=0
%%%mzn-stat: 2AutonomousSearchNumCalls=1123
%%%mzn-stat: 2AutonomousSearchNumPredicatesAdded=3425
%%%mzn-stat: 2AutonomousSearchAverageSizeOfHeap=3.4924309884238647
%%%mzn-stat: 2AutonomousSearchNumAssignedPredicatesEncountered=3922
%%%mzn-stat-end
maxleg = 346;
succ = array1d(1..50,[2, 12, 4, 6, 3, 7, 11, 9, 10, 14, 15, 13, 28, 19, 16, 18, 8, 22, 23, 24, 1, 27, 25, 35, 30, 38, 29, 46, 37, 40, 36, 17, 44, 32, 42, 33, 21, 45, 34, 50, 26, 49, 20, 41, 48, 43, 39, 5, 47, 31]);
% time elapsed: 18.67 s
----------
%%%mzn-stat: initTime=0.064433435
%%%mzn-stat: objective=331
%%%mzn-stat: nodes=4012
%%%mzn-stat: restarts=0
%%%mzn-stat: peakDepth=431
%%%mzn-stat: solveTime=0.507044674
%%%mzn-stat: variables=849
%%%mzn-stat: propagators=1820
%%%mzn-stat: failures=2133
%%%mzn-stat: propagations=704293
%%%mzn-stat: nogoods=2133
%%%mzn-stat: numAtomicConstraintsPropagated=0
%%%mzn-stat: circuitNumber1226PropagationsThatFoundConflict=406
%%%mzn-stat: circuitNumber1226TotalFixedEdgesAtConflict=17976
%%%mzn-stat: circuitNumber1226NumberOfConflicts=406
%%%mzn-stat: circuitNumber1226PropagationsThatPruned=749
%%%mzn-stat: circuitNumber1226PropagationsTotal=3083
%%%mzn-stat: AverageConflictSize=13.545710267229255
%%%mzn-stat: NumUnitNogoodsLearned=0
%%%mzn-stat: AverageLearnedNogoodLength=28.156118143459917
%%%mzn-stat: AverageBacktrackAmount=0
%%%mzn-stat: AverageLbd=16.488982653539615
%%%mzn-stat: 2AutonomousSearchNumBackupCalled=1460
%%%mzn-stat: 2AutonomousSearchNumPredicatesRemoved=0
%%%mzn-stat: 2AutonomousSearchNumCalls=1464
%%%mzn-stat: 2AutonomousSearchNumPredicatesAdded=4527
%%%mzn-stat: 2AutonomousSearchAverageSizeOfHeap=3.810109289617486
%%%mzn-stat: 2AutonomousSearchNumAssignedPredicatesEncountered=5578
%%%mzn-stat-end
maxleg = 331;
succ = array1d(1..50,[2, 12, 5, 6, 45, 3, 11, 4, 8, 9, 15, 13, 28, 10, 16, 18, 32, 22, 14, 24, 1, 27, 19, 35, 23, 38, 29, 36, 37, 40, 50, 20, 44, 17, 42, 33, 21, 49, 34, 7, 25, 43, 46, 41, 48, 31, 39, 26, 47, 30]);
% time elapsed: 18.70 s
----------
%%%mzn-stat: initTime=0.064433435
%%%mzn-stat: objective=309
%%%mzn-stat: nodes=15951
%%%mzn-stat: restarts=0
%%%mzn-stat: peakDepth=431
%%%mzn-stat: solveTime=3.840659284
%%%mzn-stat: variables=849
%%%mzn-stat: propagators=1820
%%%mzn-stat: failures=13070
%%%mzn-stat: propagations=4730312
%%%mzn-stat: nogoods=13070
%%%mzn-stat: numAtomicConstraintsPropagated=0
%%%mzn-stat: circuitNumber1226PropagationsThatFoundConflict=738
%%%mzn-stat: circuitNumber1226TotalFixedEdgesAtConflict=31933
%%%mzn-stat: circuitNumber1226NumberOfConflicts=738
%%%mzn-stat: circuitNumber1226PropagationsThatPruned=3749
%%%mzn-stat: circuitNumber1226PropagationsTotal=15951
%%%mzn-stat: AverageConflictSize=12.229992348890589
%%%mzn-stat: NumUnitNogoodsLearned=0
%%%mzn-stat: AverageLearnedNogoodLength=39.89143075745983
%%%mzn-stat: AverageBacktrackAmount=0
%%%mzn-stat: AverageLbd=17.90382555470543
%%%mzn-stat: 2AutonomousSearchNumBackupCalled=1788
%%%mzn-stat: 2AutonomousSearchNumPredicatesRemoved=0
%%%mzn-stat: 2AutonomousSearchNumCalls=1793
%%%mzn-stat: 2AutonomousSearchNumPredicatesAdded=6213
%%%mzn-stat: 2AutonomousSearchAverageSizeOfHeap=4.260457334076966
%%%mzn-stat: 2AutonomousSearchNumAssignedPredicatesEncountered=7639
%%%mzn-stat-end
maxleg = 309;
succ = array1d(1..50,[2, 12, 5, 6, 45, 7, 11, 4, 8, 9, 15, 13, 28, 10, 16, 18, 32, 22, 14, 34, 1, 27, 19, 20, 23, 41, 29, 36, 37, 40, 35, 39, 30, 17, 42, 33, 44, 3, 47, 50, 25, 43, 46, 21, 48, 24, 49, 26, 38, 31]);
% time elapsed: 22.03 s
----------
%%%mzn-stat: initTime=0.064433435
%%%mzn-stat: objective=305
%%%mzn-stat: nodes=16316
%%%mzn-stat: restarts=0
%%%mzn-stat: peakDepth=431
%%%mzn-stat: solveTime=3.8442226550000003
%%%mzn-stat: variables=849
%%%mzn-stat: propagators=1820
%%%mzn-stat: failures=13072
%%%mzn-stat: propagations=4735129
%%%mzn-stat: nogoods=13072
%%%mzn-stat: numAtomicConstraintsPropagated=0
%%%mzn-stat: circuitNumber1226PropagationsThatFoundConflict=740
%%%mzn-stat: circuitNumber1226TotalFixedEdgesAtConflict=32025
%%%mzn-stat: circuitNumber1226NumberOfConflicts=740
%%%mzn-stat: circuitNumber1226PropagationsThatPruned=3754
%%%mzn-stat: circuitNumber1226PropagationsTotal=15998
%%%mzn-stat: AverageConflictSize=12.23202264381885
%%%mzn-stat: NumUnitNogoodsLearned=0
%%%mzn-stat: AverageLearnedNogoodLength=39.88953488372093
%%%mzn-stat: AverageBacktrackAmount=0
%%%mzn-stat: AverageLbd=17.903763769889842
%%%mzn-stat: 2AutonomousSearchNumBackupCalled=2110
%%%mzn-stat: 2AutonomousSearchNumPredicatesRemoved=0
%%%mzn-stat: 2AutonomousSearchNumCalls=2116
%%%mzn-stat: 2AutonomousSearchNumPredicatesAdded=6410
%%%mzn-stat: 2AutonomousSearchAverageSizeOfHeap=4.584120982986767
%%%mzn-stat: 2AutonomousSearchNumAssignedPredicatesEncountered=9700
%%%mzn-stat-end
maxleg = 305;
succ = array1d(1..50,[2, 12, 5, 6, 45, 7, 11, 4, 8, 9, 15, 13, 28, 10, 16, 18, 32, 22, 14, 34, 1, 27, 19, 20, 23, 41, 29, 36, 37, 40, 35, 47, 30, 39, 42, 33, 44, 3, 17, 50, 25, 43, 46, 21, 48, 24, 49, 26, 38, 31]);
% time elapsed: 22.04 s
----------
==========
% time elapsed: 22.04 s
%%%mzn-stat: initTime=0.064433435
%%%mzn-stat: objective=305
%%%mzn-stat: nodes=16330
%%%mzn-stat: restarts=0
%%%mzn-stat: peakDepth=431
%%%mzn-stat: solveTime=3.845071448
%%%mzn-stat: variables=849
%%%mzn-stat: propagators=1820
%%%mzn-stat: failures=13078
%%%mzn-stat: propagations=4736958
%%%mzn-stat: nogoods=13078
%%%mzn-stat: numAtomicConstraintsPropagated=0
%%%mzn-stat: circuitNumber1226PropagationsThatFoundConflict=746
%%%mzn-stat: circuitNumber1226TotalFixedEdgesAtConflict=32062
%%%mzn-stat: circuitNumber1226NumberOfConflicts=746
%%%mzn-stat: circuitNumber1226PropagationsThatPruned=3754
%%%mzn-stat: circuitNumber1226PropagationsTotal=16016
%%%mzn-stat: AverageConflictSize=12.228245909160423
%%%mzn-stat: NumUnitNogoodsLearned=1
%%%mzn-stat: AverageLearnedNogoodLength=39.875210276800736
%%%mzn-stat: AverageBacktrackAmount=0
%%%mzn-stat: AverageLbd=17.896543814038843
%%%mzn-stat: 2AutonomousSearchNumBackupCalled=2110
%%%mzn-stat: 2AutonomousSearchNumPredicatesRemoved=0
%%%mzn-stat: 2AutonomousSearchNumCalls=2116
%%%mzn-stat: 2AutonomousSearchNumPredicatesAdded=6748
%%%mzn-stat: 2AutonomousSearchAverageSizeOfHeap=4.584120982986767
%%%mzn-stat: 2AutonomousSearchNumAssignedPredicatesEncountered=9700
%%%mzn-stat-end
