%%%mzn-stat: initTime=0.008743776
%%%mzn-stat: objective=275
%%%mzn-stat: nodes=19724
%%%mzn-stat: restarts=0
%%%mzn-stat: peakDepth=348
%%%mzn-stat: solveTime=1.176649214
%%%mzn-stat: variables=848
%%%mzn-stat: propagators=596
%%%mzn-stat: failures=4762
%%%mzn-stat: propagations=232570
%%%mzn-stat: nogoods=4762
%%%mzn-stat: AverageConflictSize=26.12431751364973
%%%mzn-stat: NumUnitNogoodsLearned=274
%%%mzn-stat: AverageLearnedNogoodLength=31.141957160856784
%%%mzn-stat: AverageBacktrackAmount=0
%%%mzn-stat: AverageLbd=16.16547669046619
%%%mzn-stat-end
maxleg = 275;
succ = array1d(1..50,[41, 5, 15, 36, 1, 38, 17, 33, 40, 20, 25, 21, 10, 35, 8, 37, 2, 39, 50, 18, 32, 13, 12, 23, 22, 6, 44, 45, 34, 47, 11, 31, 9, 49, 27, 43, 7, 3, 46, 42, 28, 48, 26, 16, 19, 30, 14, 24, 4, 29]);
% time elapsed: 2.63 s
----------
==========
% time elapsed: 2.63 s
%%%mzn-stat: initTime=0.008743776
%%%mzn-stat: objective=275
%%%mzn-stat: nodes=19724
%%%mzn-stat: restarts=0
%%%mzn-stat: peakDepth=348
%%%mzn-stat: solveTime=1.176653666
%%%mzn-stat: variables=848
%%%mzn-stat: propagators=596
%%%mzn-stat: failures=4762
%%%mzn-stat: propagations=232570
%%%mzn-stat: nogoods=4762
%%%mzn-stat: AverageConflictSize=26.12431751364973
%%%mzn-stat: NumUnitNogoodsLearned=274
%%%mzn-stat: AverageLearnedNogoodLength=31.141957160856784
%%%mzn-stat: AverageBacktrackAmount=0
%%%mzn-stat: AverageLbd=16.16547669046619
%%%mzn-stat-end
