% Logging successfully configured
%%%mzn-stat: initTime=0.027519911
%%%mzn-stat: objective=1147
%%%mzn-stat: nodes=22271
%%%mzn-stat: restarts=0
%%%mzn-stat: peakDepth=1249
%%%mzn-stat: solveTime=1.5638158930000001
%%%mzn-stat: variables=2668
%%%mzn-stat: propagators=1769
%%%mzn-stat: failures=509
%%%mzn-stat: propagations=146799
%%%mzn-stat: nogoods=509
%%%mzn-stat: numAtomicConstraintsPropagated=0
%%%mzn-stat: allDifferentNumber1TotalHallSetSize=5514
%%%mzn-stat: allDifferentNumber1NumberOfConflicts=507
%%%mzn-stat: allDifferentNumber1MaxHallSetSize=148
%%%mzn-stat: allDifferentNumber1PropagationsTotal=22447
%%%mzn-stat: allDifferentNumber1PropagationsThatFoundConflict=507
%%%mzn-stat: circuitNumber2PropagationsThatFoundConflict=1
%%%mzn-stat: circuitNumber2TotalFixedEdgesAtConflict=104
%%%mzn-stat: circuitNumber2NumberOfConflicts=1
%%%mzn-stat: circuitNumber2PropagationsThatPruned=1
%%%mzn-stat: circuitNumber2PropagationsTotal=20683
%%%mzn-stat: AverageConflictSize=9.180746561886052
%%%mzn-stat: NumUnitNogoodsLearned=0
%%%mzn-stat: AverageLearnedNogoodLength=9.259332023575638
%%%mzn-stat: AverageBacktrackAmount=0
%%%mzn-stat: AverageLbd=8.3811394891945
%%%mzn-stat: 2AutonomousSearchNumBackupCalled=1130
%%%mzn-stat: 2AutonomousSearchNumPredicatesRemoved=0
%%%mzn-stat: 2AutonomousSearchNumCalls=1131
%%%mzn-stat: 2AutonomousSearchNumPredicatesAdded=1149
%%%mzn-stat: 2AutonomousSearchAverageSizeOfHeap=1.0159151193633953
%%%mzn-stat: 2AutonomousSearchNumAssignedPredicatesEncountered=1149
%%%mzn-stat-end
maxleg = 1147;
succ = array1d(1..150,[17, 18, 10, 67, 37, 20, 16, 9, 39, 4, 27, 72, 12, 50, 71, 43, 6, 59, 76, 26, 3, 54, 46, 44, 2, 23, 22, 1, 42, 14, 48, 57, 29, 5, 91, 45, 83, 53, 61, 56, 11, 64, 47, 137, 15, 25, 34, 21, 33, 79, 68, 40, 105, 13, 19, 84, 24, 38, 7, 141, 77, 31, 104, 52, 41, 65, 66, 62, 117, 82, 70, 63, 89, 49, 130, 69, 75, 106, 118, 36, 109, 28, 116, 127, 35, 108, 138, 93, 135, 81, 128, 126, 124, 147, 113, 60, 142, 74, 30, 111, 132, 114, 110, 100, 87, 129, 144, 134, 122, 107, 101, 139, 115, 150, 112, 133, 120, 136, 94, 148, 96, 145, 119, 90, 131, 97, 149, 73, 98, 88, 55, 32, 143, 125, 51, 103, 146, 85, 80, 78, 8, 102, 99, 121, 58, 123, 92, 140, 95, 86]);
% time elapsed: 3.44 s
----------
%%%mzn-stat: initTime=0.027519911
%%%mzn-stat: objective=1052
%%%mzn-stat: nodes=24355
%%%mzn-stat: restarts=0
%%%mzn-stat: peakDepth=1249
%%%mzn-stat: solveTime=1.633102491
%%%mzn-stat: variables=2668
%%%mzn-stat: propagators=1769
%%%mzn-stat: failures=588
%%%mzn-stat: propagations=156838
%%%mzn-stat: nogoods=588
%%%mzn-stat: numAtomicConstraintsPropagated=0
%%%mzn-stat: allDifferentNumber1TotalHallSetSize=7036
%%%mzn-stat: allDifferentNumber1NumberOfConflicts=584
%%%mzn-stat: allDifferentNumber1MaxHallSetSize=148
%%%mzn-stat: allDifferentNumber1PropagationsTotal=23588
%%%mzn-stat: allDifferentNumber1PropagationsThatFoundConflict=584
%%%mzn-stat: circuitNumber2PropagationsThatFoundConflict=2
%%%mzn-stat: circuitNumber2TotalFixedEdgesAtConflict=248
%%%mzn-stat: circuitNumber2NumberOfConflicts=2
%%%mzn-stat: circuitNumber2PropagationsThatPruned=12
%%%mzn-stat: circuitNumber2PropagationsTotal=21644
%%%mzn-stat: AverageConflictSize=11.246598639455783
%%%mzn-stat: NumUnitNogoodsLearned=0
%%%mzn-stat: AverageLearnedNogoodLength=11.687074829931973
%%%mzn-stat: AverageBacktrackAmount=0
%%%mzn-stat: AverageLbd=9.828231292517007
%%%mzn-stat: 2AutonomousSearchNumBackupCalled=2219
%%%mzn-stat: 2AutonomousSearchNumPredicatesRemoved=0
%%%mzn-stat: 2AutonomousSearchNumCalls=2221
%%%mzn-stat: 2AutonomousSearchNumPredicatesAdded=1958
%%%mzn-stat: 2AutonomousSearchAverageSizeOfHeap=1.2818550202611436
%%%mzn-stat: 2AutonomousSearchNumAssignedPredicatesEncountered=2847
%%%mzn-stat-end
maxleg = 1052;
succ = array1d(1..150,[17, 18, 10, 67, 37, 20, 16, 9, 39, 4, 27, 72, 12, 50, 71, 43, 6, 59, 76, 26, 3, 54, 46, 44, 2, 23, 22, 1, 42, 14, 48, 57, 29, 5, 91, 45, 83, 53, 61, 56, 11, 64, 47, 137, 15, 25, 34, 21, 33, 79, 68, 40, 105, 13, 19, 84, 24, 38, 7, 141, 77, 80, 104, 52, 41, 65, 66, 31, 117, 82, 70, 63, 89, 49, 130, 69, 75, 128, 118, 36, 109, 28, 116, 127, 35, 108, 138, 93, 135, 81, 97, 126, 124, 147, 113, 60, 142, 74, 30, 111, 132, 114, 110, 100, 92, 129, 144, 134, 122, 107, 101, 139, 115, 150, 112, 133, 62, 136, 94, 148, 96, 145, 119, 90, 98, 131, 149, 73, 51, 88, 55, 32, 143, 125, 87, 103, 146, 85, 99, 78, 8, 102, 106, 121, 58, 123, 120, 140, 95, 86]);
% time elapsed: 3.51 s
----------
%%%mzn-stat: initTime=0.027519911
%%%mzn-stat: objective=1047
%%%mzn-stat: nodes=26572
%%%mzn-stat: restarts=0
%%%mzn-stat: peakDepth=1249
%%%mzn-stat: solveTime=1.7540806880000002
%%%mzn-stat: variables=2668
%%%mzn-stat: propagators=1769
%%%mzn-stat: failures=775
%%%mzn-stat: propagations=170849
%%%mzn-stat: nogoods=775
%%%mzn-stat: numAtomicConstraintsPropagated=0
%%%mzn-stat: allDifferentNumber1TotalHallSetSize=10303
%%%mzn-stat: allDifferentNumber1NumberOfConflicts=759
%%%mzn-stat: allDifferentNumber1MaxHallSetSize=148
%%%mzn-stat: allDifferentNumber1PropagationsTotal=25019
%%%mzn-stat: allDifferentNumber1PropagationsThatFoundConflict=759
%%%mzn-stat: circuitNumber2PropagationsThatFoundConflict=6
%%%mzn-stat: circuitNumber2TotalFixedEdgesAtConflict=759
%%%mzn-stat: circuitNumber2NumberOfConflicts=6
%%%mzn-stat: circuitNumber2PropagationsThatPruned=31
%%%mzn-stat: circuitNumber2PropagationsTotal=22738
%%%mzn-stat: AverageConflictSize=15.158709677419354
%%%mzn-stat: NumUnitNogoodsLearned=0
%%%mzn-stat: AverageLearnedNogoodLength=17.729032258064517
%%%mzn-stat: AverageBacktrackAmount=0
%%%mzn-stat: AverageLbd=13.393548387096773
%%%mzn-stat: 2AutonomousSearchNumBackupCalled=3319
%%%mzn-stat: 2AutonomousSearchNumPredicatesRemoved=0
%%%mzn-stat: 2AutonomousSearchNumCalls=3322
%%%mzn-stat: 2AutonomousSearchNumPredicatesAdded=5181
%%%mzn-stat: 2AutonomousSearchAverageSizeOfHeap=2.049367850692354
%%%mzn-stat: 2AutonomousSearchNumAssignedPredicatesEncountered=6808
%%%mzn-stat-end
maxleg = 1047;
succ = array1d(1..150,[17, 18, 10, 67, 37, 20, 16, 9, 39, 4, 27, 72, 12, 50, 71, 43, 6, 59, 76, 26, 3, 54, 46, 44, 2, 23, 22, 1, 42, 14, 48, 57, 29, 5, 91, 45, 83, 53, 61, 56, 11, 64, 47, 137, 15, 25, 63, 21, 33, 79, 68, 40, 105, 13, 19, 84, 24, 38, 7, 141, 77, 80, 104, 52, 41, 65, 66, 31, 117, 82, 70, 102, 89, 49, 130, 69, 75, 128, 118, 36, 109, 139, 116, 127, 35, 108, 138, 93, 135, 81, 97, 126, 124, 147, 113, 60, 142, 74, 110, 111, 132, 129, 134, 100, 87, 30, 144, 28, 122, 107, 101, 114, 115, 150, 112, 133, 62, 136, 94, 34, 96, 145, 119, 90, 148, 131, 149, 73, 98, 88, 55, 32, 143, 125, 51, 103, 146, 85, 99, 78, 8, 120, 106, 121, 58, 123, 92, 140, 95, 86]);
% time elapsed: 3.64 s
----------
%%%mzn-stat: initTime=0.027519911
%%%mzn-stat: objective=994
%%%mzn-stat: nodes=27780
%%%mzn-stat: restarts=0
%%%mzn-stat: peakDepth=1249
%%%mzn-stat: solveTime=1.770851586
%%%mzn-stat: variables=2668
%%%mzn-stat: propagators=1769
%%%mzn-stat: failures=792
%%%mzn-stat: propagations=174558
%%%mzn-stat: nogoods=792
%%%mzn-stat: numAtomicConstraintsPropagated=0
%%%mzn-stat: allDifferentNumber1TotalHallSetSize=10501
%%%mzn-stat: allDifferentNumber1NumberOfConflicts=774
%%%mzn-stat: allDifferentNumber1MaxHallSetSize=148
%%%mzn-stat: allDifferentNumber1PropagationsTotal=25185
%%%mzn-stat: allDifferentNumber1PropagationsThatFoundConflict=774
%%%mzn-stat: circuitNumber2PropagationsThatFoundConflict=6
%%%mzn-stat: circuitNumber2TotalFixedEdgesAtConflict=759
%%%mzn-stat: circuitNumber2NumberOfConflicts=6
%%%mzn-stat: circuitNumber2PropagationsThatPruned=33
%%%mzn-stat: circuitNumber2PropagationsTotal=22873
%%%mzn-stat: AverageConflictSize=15.378787878787879
%%%mzn-stat: NumUnitNogoodsLearned=0
%%%mzn-stat: AverageLearnedNogoodLength=18.242424242424242
%%%mzn-stat: AverageBacktrackAmount=0
%%%mzn-stat: AverageLbd=13.708333333333334
%%%mzn-stat: 2AutonomousSearchNumBackupCalled=4392
%%%mzn-stat: 2AutonomousSearchNumPredicatesRemoved=0
%%%mzn-stat: 2AutonomousSearchNumCalls=4396
%%%mzn-stat: 2AutonomousSearchNumPredicatesAdded=6740
%%%mzn-stat: 2AutonomousSearchAverageSizeOfHeap=2.484076433121019
%%%mzn-stat: 2AutonomousSearchNumAssignedPredicatesEncountered=10920
%%%mzn-stat-end
maxleg = 994;
succ = array1d(1..150,[17, 18, 10, 67, 37, 20, 16, 9, 39, 4, 27, 72, 12, 50, 71, 43, 6, 59, 76, 26, 3, 54, 46, 44, 2, 23, 22, 1, 42, 14, 48, 57, 29, 5, 91, 45, 83, 53, 61, 56, 11, 64, 47, 137, 15, 25, 63, 21, 33, 79, 68, 40, 105, 13, 19, 84, 24, 38, 7, 141, 77, 80, 104, 52, 41, 65, 66, 31, 117, 82, 70, 102, 89, 49, 130, 69, 75, 128, 118, 36, 109, 139, 116, 127, 35, 108, 138, 93, 135, 132, 97, 126, 124, 147, 113, 60, 142, 74, 110, 121, 85, 129, 134, 100, 87, 30, 144, 28, 122, 107, 101, 114, 115, 150, 112, 133, 62, 136, 94, 34, 96, 145, 119, 90, 148, 131, 149, 73, 98, 88, 55, 32, 143, 125, 51, 103, 146, 111, 99, 78, 8, 120, 106, 81, 58, 123, 92, 140, 95, 86]);
% time elapsed: 3.66 s
----------
%%%mzn-stat: initTime=0.027519911
%%%mzn-stat: objective=992
%%%mzn-stat: nodes=29063
%%%mzn-stat: restarts=0
%%%mzn-stat: peakDepth=1249
%%%mzn-stat: solveTime=1.788534512
%%%mzn-stat: variables=2668
%%%mzn-stat: propagators=1769
%%%mzn-stat: failures=818
%%%mzn-stat: propagations=178769
%%%mzn-stat: nogoods=818
%%%mzn-stat: numAtomicConstraintsPropagated=0
%%%mzn-stat: allDifferentNumber1TotalHallSetSize=10662
%%%mzn-stat: allDifferentNumber1NumberOfConflicts=797
%%%mzn-stat: allDifferentNumber1MaxHallSetSize=148
%%%mzn-stat: allDifferentNumber1PropagationsTotal=25438
%%%mzn-stat: allDifferentNumber1PropagationsThatFoundConflict=797
%%%mzn-stat: circuitNumber2PropagationsThatFoundConflict=8
%%%mzn-stat: circuitNumber2TotalFixedEdgesAtConflict=971
%%%mzn-stat: circuitNumber2NumberOfConflicts=8
%%%mzn-stat: circuitNumber2PropagationsThatPruned=39
%%%mzn-stat: circuitNumber2PropagationsTotal=23084
%%%mzn-stat: AverageConflictSize=15.26039119804401
%%%mzn-stat: NumUnitNogoodsLearned=0
%%%mzn-stat: AverageLearnedNogoodLength=18.10880195599022
%%%mzn-stat: AverageBacktrackAmount=0
%%%mzn-stat: AverageLbd=13.634474327628363
%%%mzn-stat: 2AutonomousSearchNumBackupCalled=5464
%%%mzn-stat: 2AutonomousSearchNumPredicatesRemoved=0
%%%mzn-stat: 2AutonomousSearchNumCalls=5469
%%%mzn-stat: 2AutonomousSearchNumPredicatesAdded=7226
%%%mzn-stat: 2AutonomousSearchAverageSizeOfHeap=2.809654415798135
%%%mzn-stat: 2AutonomousSearchNumAssignedPredicatesEncountered=15366
%%%mzn-stat-end
maxleg = 992;
succ = array1d(1..150,[17, 18, 10, 67, 37, 20, 16, 9, 39, 4, 27, 72, 12, 50, 71, 43, 6, 59, 76, 26, 3, 54, 46, 44, 2, 23, 22, 1, 42, 14, 48, 57, 29, 5, 91, 45, 83, 53, 61, 56, 11, 64, 47, 137, 15, 25, 63, 21, 33, 79, 68, 40, 105, 13, 19, 84, 24, 38, 7, 141, 77, 134, 104, 52, 41, 65, 66, 31, 117, 82, 70, 102, 89, 49, 130, 69, 75, 128, 118, 36, 109, 28, 116, 127, 35, 108, 138, 93, 135, 132, 97, 126, 124, 147, 113, 60, 142, 74, 30, 121, 85, 114, 110, 100, 34, 129, 144, 80, 122, 107, 101, 139, 115, 150, 112, 133, 62, 136, 94, 148, 96, 145, 119, 90, 98, 131, 149, 73, 87, 88, 55, 32, 143, 125, 51, 103, 146, 111, 99, 78, 8, 120, 106, 81, 58, 123, 92, 140, 95, 86]);
% time elapsed: 3.68 s
----------
%%%mzn-stat: initTime=0.027519911
%%%mzn-stat: objective=975
%%%mzn-stat: nodes=31179
%%%mzn-stat: restarts=0
%%%mzn-stat: peakDepth=1249
%%%mzn-stat: solveTime=1.8753353000000001
%%%mzn-stat: variables=2668
%%%mzn-stat: propagators=1769
%%%mzn-stat: failures=923
%%%mzn-stat: propagations=193443
%%%mzn-stat: nogoods=923
%%%mzn-stat: numAtomicConstraintsPropagated=0
%%%mzn-stat: allDifferentNumber1TotalHallSetSize=11540
%%%mzn-stat: allDifferentNumber1NumberOfConflicts=893
%%%mzn-stat: allDifferentNumber1MaxHallSetSize=148
%%%mzn-stat: allDifferentNumber1PropagationsTotal=26661
%%%mzn-stat: allDifferentNumber1PropagationsThatFoundConflict=893
%%%mzn-stat: circuitNumber2PropagationsThatFoundConflict=11
%%%mzn-stat: circuitNumber2TotalFixedEdgesAtConflict=1413
%%%mzn-stat: circuitNumber2NumberOfConflicts=11
%%%mzn-stat: circuitNumber2PropagationsThatPruned=73
%%%mzn-stat: circuitNumber2PropagationsTotal=24136
%%%mzn-stat: AverageConflictSize=15.66522210184182
%%%mzn-stat: NumUnitNogoodsLearned=0
%%%mzn-stat: AverageLearnedNogoodLength=19.43661971830986
%%%mzn-stat: AverageBacktrackAmount=0
%%%mzn-stat: AverageLbd=14.152762730227519
%%%mzn-stat: 2AutonomousSearchNumBackupCalled=6546
%%%mzn-stat: 2AutonomousSearchNumPredicatesRemoved=0
%%%mzn-stat: 2AutonomousSearchNumCalls=6552
%%%mzn-stat: 2AutonomousSearchNumPredicatesAdded=10820
%%%mzn-stat: 2AutonomousSearchAverageSizeOfHeap=3.2126068376068377
%%%mzn-stat: 2AutonomousSearchNumAssignedPredicatesEncountered=21049
%%%mzn-stat-end
maxleg = 975;
succ = array1d(1..150,[17, 18, 10, 67, 37, 20, 16, 9, 39, 4, 27, 72, 12, 50, 71, 43, 6, 59, 76, 26, 3, 54, 46, 44, 2, 23, 22, 1, 42, 14, 48, 57, 29, 5, 91, 45, 83, 53, 61, 56, 11, 64, 47, 137, 15, 25, 63, 21, 33, 79, 68, 40, 105, 13, 19, 84, 24, 38, 7, 141, 77, 134, 104, 52, 41, 65, 66, 31, 117, 82, 70, 102, 89, 49, 130, 69, 88, 106, 118, 36, 145, 121, 116, 109, 35, 101, 138, 93, 135, 132, 128, 126, 124, 58, 96, 60, 142, 108, 30, 111, 85, 114, 110, 100, 34, 129, 144, 28, 122, 107, 136, 139, 115, 150, 112, 133, 62, 97, 94, 148, 147, 113, 119, 90, 98, 131, 149, 73, 51, 127, 55, 32, 143, 125, 87, 103, 146, 75, 80, 78, 8, 120, 99, 81, 95, 123, 92, 140, 74, 86]);
% time elapsed: 3.77 s
----------
%%%mzn-stat: initTime=0.027519911
%%%mzn-stat: objective=969
%%%mzn-stat: nodes=32327
%%%mzn-stat: restarts=0
%%%mzn-stat: peakDepth=1249
%%%mzn-stat: solveTime=1.883264059
%%%mzn-stat: variables=2668
%%%mzn-stat: propagators=1769
%%%mzn-stat: failures=923
%%%mzn-stat: propagations=196407
%%%mzn-stat: nogoods=923
%%%mzn-stat: numAtomicConstraintsPropagated=0
%%%mzn-stat: allDifferentNumber1TotalHallSetSize=11540
%%%mzn-stat: allDifferentNumber1NumberOfConflicts=893
%%%mzn-stat: allDifferentNumber1MaxHallSetSize=148
%%%mzn-stat: allDifferentNumber1PropagationsTotal=26746
%%%mzn-stat: allDifferentNumber1PropagationsThatFoundConflict=893
%%%mzn-stat: circuitNumber2PropagationsThatFoundConflict=11
%%%mzn-stat: circuitNumber2TotalFixedEdgesAtConflict=1413
%%%mzn-stat: circuitNumber2NumberOfConflicts=11
%%%mzn-stat: circuitNumber2PropagationsThatPruned=73
%%%mzn-stat: circuitNumber2PropagationsTotal=24217
%%%mzn-stat: AverageConflictSize=15.66522210184182
%%%mzn-stat: NumUnitNogoodsLearned=0
%%%mzn-stat: AverageLearnedNogoodLength=19.43661971830986
%%%mzn-stat: AverageBacktrackAmount=0
%%%mzn-stat: AverageLbd=14.152762730227519
%%%mzn-stat: 2AutonomousSearchNumBackupCalled=7613
%%%mzn-stat: 2AutonomousSearchNumPredicatesRemoved=0
%%%mzn-stat: 2AutonomousSearchNumCalls=7620
%%%mzn-stat: 2AutonomousSearchNumPredicatesAdded=10820
%%%mzn-stat: 2AutonomousSearchAverageSizeOfHeap=3.5081364829396326
%%%mzn-stat: 2AutonomousSearchNumAssignedPredicatesEncountered=26732
%%%mzn-stat-end
maxleg = 969;
succ = array1d(1..150,[17, 18, 10, 67, 37, 20, 16, 9, 39, 4, 27, 72, 12, 50, 71, 43, 6, 59, 76, 26, 3, 54, 46, 44, 2, 23, 22, 1, 42, 14, 48, 57, 29, 5, 91, 45, 83, 53, 61, 56, 11, 64, 47, 137, 15, 25, 63, 21, 33, 79, 68, 40, 105, 13, 19, 84, 24, 38, 7, 141, 77, 134, 104, 52, 41, 65, 66, 31, 117, 82, 70, 102, 89, 49, 130, 69, 88, 106, 118, 36, 145, 121, 116, 109, 35, 101, 138, 93, 135, 132, 128, 126, 124, 114, 96, 60, 142, 108, 32, 111, 85, 129, 110, 100, 87, 30, 95, 28, 122, 107, 136, 139, 115, 150, 112, 133, 62, 97, 94, 34, 147, 113, 119, 90, 148, 131, 149, 73, 98, 127, 55, 144, 143, 125, 51, 103, 146, 75, 80, 78, 8, 120, 99, 81, 58, 123, 92, 140, 74, 86]);
% time elapsed: 3.78 s
----------
%%%mzn-stat: initTime=0.027519911
%%%mzn-stat: objective=966
%%%mzn-stat: nodes=34168
%%%mzn-stat: restarts=0
%%%mzn-stat: peakDepth=1249
%%%mzn-stat: solveTime=1.9763257109999999
%%%mzn-stat: variables=2668
%%%mzn-stat: propagators=1769
%%%mzn-stat: failures=1069
%%%mzn-stat: propagations=211667
%%%mzn-stat: nogoods=1069
%%%mzn-stat: numAtomicConstraintsPropagated=0
%%%mzn-stat: allDifferentNumber1TotalHallSetSize=12253
%%%mzn-stat: allDifferentNumber1NumberOfConflicts=1021
%%%mzn-stat: allDifferentNumber1MaxHallSetSize=148
%%%mzn-stat: allDifferentNumber1PropagationsTotal=27785
%%%mzn-stat: allDifferentNumber1PropagationsThatFoundConflict=1021
%%%mzn-stat: circuitNumber2PropagationsThatFoundConflict=20
%%%mzn-stat: circuitNumber2TotalFixedEdgesAtConflict=2695
%%%mzn-stat: circuitNumber2NumberOfConflicts=20
%%%mzn-stat: circuitNumber2PropagationsThatPruned=104
%%%mzn-stat: circuitNumber2PropagationsTotal=25022
%%%mzn-stat: AverageConflictSize=15.157156220767073
%%%mzn-stat: NumUnitNogoodsLearned=0
%%%mzn-stat: AverageLearnedNogoodLength=20.92797006548176
%%%mzn-stat: AverageBacktrackAmount=0
%%%mzn-stat: AverageLbd=14.797006548175865
%%%mzn-stat: 2AutonomousSearchNumBackupCalled=8652
%%%mzn-stat: 2AutonomousSearchNumPredicatesRemoved=0
%%%mzn-stat: 2AutonomousSearchNumCalls=8660
%%%mzn-stat: 2AutonomousSearchNumPredicatesAdded=14954
%%%mzn-stat: 2AutonomousSearchAverageSizeOfHeap=3.8533487297921476
%%%mzn-stat: 2AutonomousSearchNumAssignedPredicatesEncountered=33370
%%%mzn-stat-end
maxleg = 966;
succ = array1d(1..150,[17, 18, 10, 67, 37, 20, 16, 9, 39, 4, 27, 72, 12, 50, 71, 43, 6, 59, 76, 26, 3, 54, 46, 44, 2, 23, 22, 1, 42, 14, 48, 57, 29, 5, 91, 45, 83, 53, 61, 56, 11, 64, 47, 137, 15, 25, 63, 21, 33, 79, 68, 40, 105, 13, 19, 84, 24, 38, 7, 141, 77, 134, 104, 52, 41, 65, 66, 31, 117, 139, 70, 102, 89, 49, 142, 69, 82, 93, 118, 36, 132, 28, 116, 109, 35, 101, 138, 130, 135, 96, 128, 126, 124, 58, 113, 60, 88, 108, 32, 111, 85, 129, 110, 100, 87, 30, 144, 80, 122, 107, 136, 114, 121, 150, 112, 133, 62, 97, 94, 34, 147, 145, 119, 90, 148, 131, 149, 73, 98, 127, 55, 115, 143, 125, 51, 103, 146, 75, 99, 78, 8, 120, 106, 81, 95, 123, 92, 140, 74, 86]);
% time elapsed: 3.87 s
----------
%%%mzn-stat: initTime=0.027519911
%%%mzn-stat: objective=962
%%%mzn-stat: nodes=35956
%%%mzn-stat: restarts=0
%%%mzn-stat: peakDepth=1249
%%%mzn-stat: solveTime=2.045297869
%%%mzn-stat: variables=2668
%%%mzn-stat: propagators=1769
%%%mzn-stat: failures=1135
%%%mzn-stat: propagations=222972
%%%mzn-stat: nogoods=1135
%%%mzn-stat: numAtomicConstraintsPropagated=0
%%%mzn-stat: allDifferentNumber1TotalHallSetSize=12733
%%%mzn-stat: allDifferentNumber1NumberOfConflicts=1082
%%%mzn-stat: allDifferentNumber1MaxHallSetSize=148
%%%mzn-stat: allDifferentNumber1PropagationsTotal=28610
%%%mzn-stat: allDifferentNumber1PropagationsThatFoundConflict=1082
%%%mzn-stat: circuitNumber2PropagationsThatFoundConflict=21
%%%mzn-stat: circuitNumber2TotalFixedEdgesAtConflict=2841
%%%mzn-stat: circuitNumber2NumberOfConflicts=21
%%%mzn-stat: circuitNumber2PropagationsThatPruned=116
%%%mzn-stat: circuitNumber2PropagationsTotal=25724
%%%mzn-stat: AverageConflictSize=15.151541850220264
%%%mzn-stat: NumUnitNogoodsLearned=0
%%%mzn-stat: AverageLearnedNogoodLength=21.277533039647576
%%%mzn-stat: AverageBacktrackAmount=0
%%%mzn-stat: AverageLbd=14.872246696035242
%%%mzn-stat: 2AutonomousSearchNumBackupCalled=9727
%%%mzn-stat: 2AutonomousSearchNumPredicatesRemoved=0
%%%mzn-stat: 2AutonomousSearchNumCalls=9736
%%%mzn-stat: 2AutonomousSearchNumPredicatesAdded=18044
%%%mzn-stat: 2AutonomousSearchAverageSizeOfHeap=4.119350862777321
%%%mzn-stat: 2AutonomousSearchNumAssignedPredicatesEncountered=40106
%%%mzn-stat-end
maxleg = 962;
succ = array1d(1..150,[17, 18, 10, 67, 37, 20, 16, 9, 39, 4, 27, 72, 12, 50, 71, 43, 6, 59, 76, 26, 3, 54, 46, 44, 2, 23, 22, 1, 42, 14, 48, 57, 29, 30, 91, 45, 83, 5, 61, 56, 11, 64, 47, 137, 15, 25, 63, 21, 33, 79, 68, 40, 105, 13, 19, 84, 24, 38, 7, 141, 77, 134, 104, 52, 41, 65, 66, 31, 117, 139, 70, 53, 89, 49, 142, 69, 82, 106, 118, 36, 132, 28, 116, 109, 35, 101, 138, 93, 135, 81, 128, 126, 124, 147, 113, 60, 88, 108, 32, 111, 85, 129, 110, 100, 87, 133, 95, 80, 122, 107, 136, 114, 115, 150, 112, 102, 62, 97, 94, 34, 96, 145, 119, 90, 148, 131, 149, 73, 98, 127, 55, 144, 143, 125, 51, 103, 146, 75, 99, 78, 8, 120, 86, 121, 58, 123, 92, 140, 74, 130]);
% time elapsed: 3.95 s
----------
%%%mzn-stat: initTime=0.027519911
%%%mzn-stat: objective=959
%%%mzn-stat: nodes=37175
%%%mzn-stat: restarts=0
%%%mzn-stat: peakDepth=1249
%%%mzn-stat: solveTime=2.062562855
%%%mzn-stat: variables=2668
%%%mzn-stat: propagators=1769
%%%mzn-stat: failures=1146
%%%mzn-stat: propagations=227318
%%%mzn-stat: nogoods=1146
%%%mzn-stat: numAtomicConstraintsPropagated=0
%%%mzn-stat: allDifferentNumber1TotalHallSetSize=12877
%%%mzn-stat: allDifferentNumber1NumberOfConflicts=1091
%%%mzn-stat: allDifferentNumber1MaxHallSetSize=148
%%%mzn-stat: allDifferentNumber1PropagationsTotal=28789
%%%mzn-stat: allDifferentNumber1PropagationsThatFoundConflict=1091
%%%mzn-stat: circuitNumber2PropagationsThatFoundConflict=21
%%%mzn-stat: circuitNumber2TotalFixedEdgesAtConflict=2841
%%%mzn-stat: circuitNumber2NumberOfConflicts=21
%%%mzn-stat: circuitNumber2PropagationsThatPruned=116
%%%mzn-stat: circuitNumber2PropagationsTotal=25883
%%%mzn-stat: AverageConflictSize=15.203315881326352
%%%mzn-stat: NumUnitNogoodsLearned=0
%%%mzn-stat: AverageLearnedNogoodLength=21.320244328097733
%%%mzn-stat: AverageBacktrackAmount=0
%%%mzn-stat: AverageLbd=14.856893542757417
%%%mzn-stat: 2AutonomousSearchNumBackupCalled=10780
%%%mzn-stat: 2AutonomousSearchNumPredicatesRemoved=0
%%%mzn-stat: 2AutonomousSearchNumCalls=10790
%%%mzn-stat: 2AutonomousSearchNumPredicatesAdded=18586
%%%mzn-stat: 2AutonomousSearchAverageSizeOfHeap=4.341519925857275
%%%mzn-stat: 2AutonomousSearchNumAssignedPredicatesEncountered=46845
%%%mzn-stat-end
maxleg = 959;
succ = array1d(1..150,[17, 18, 10, 67, 37, 20, 16, 9, 39, 4, 27, 72, 12, 50, 71, 43, 6, 59, 76, 26, 3, 54, 46, 44, 2, 23, 22, 1, 42, 14, 48, 57, 29, 30, 91, 45, 83, 5, 61, 56, 11, 64, 47, 137, 15, 25, 80, 21, 33, 79, 68, 40, 105, 13, 19, 84, 24, 38, 7, 141, 77, 134, 104, 52, 41, 65, 66, 31, 117, 139, 70, 53, 89, 49, 142, 69, 82, 106, 118, 36, 145, 75, 116, 109, 35, 101, 138, 93, 135, 132, 128, 126, 124, 147, 113, 60, 88, 108, 32, 121, 85, 129, 110, 100, 63, 133, 95, 28, 122, 107, 136, 114, 115, 150, 112, 102, 62, 97, 94, 34, 96, 51, 119, 90, 148, 131, 149, 73, 98, 127, 55, 144, 143, 125, 87, 103, 146, 111, 99, 78, 8, 120, 86, 81, 58, 123, 92, 140, 74, 130]);
% time elapsed: 3.97 s
----------
%%%mzn-stat: initTime=0.027519911
%%%mzn-stat: objective=951
%%%mzn-stat: nodes=38880
%%%mzn-stat: restarts=0
%%%mzn-stat: peakDepth=1249
%%%mzn-stat: solveTime=2.117061969
%%%mzn-stat: variables=2668
%%%mzn-stat: propagators=1769
%%%mzn-stat: failures=1202
%%%mzn-stat: propagations=237448
%%%mzn-stat: nogoods=1202
%%%mzn-stat: numAtomicConstraintsPropagated=0
%%%mzn-stat: allDifferentNumber1TotalHallSetSize=13217
%%%mzn-stat: allDifferentNumber1NumberOfConflicts=1142
%%%mzn-stat: allDifferentNumber1MaxHallSetSize=148
%%%mzn-stat: allDifferentNumber1PropagationsTotal=29549
%%%mzn-stat: allDifferentNumber1PropagationsThatFoundConflict=1142
%%%mzn-stat: circuitNumber2PropagationsThatFoundConflict=25
%%%mzn-stat: circuitNumber2TotalFixedEdgesAtConflict=3418
%%%mzn-stat: circuitNumber2NumberOfConflicts=25
%%%mzn-stat: circuitNumber2PropagationsThatPruned=147
%%%mzn-stat: circuitNumber2PropagationsTotal=26535
%%%mzn-stat: AverageConflictSize=15.260399334442596
%%%mzn-stat: NumUnitNogoodsLearned=0
%%%mzn-stat: AverageLearnedNogoodLength=21.183028286189685
%%%mzn-stat: AverageBacktrackAmount=0
%%%mzn-stat: AverageLbd=14.786189683860233
%%%mzn-stat: 2AutonomousSearchNumBackupCalled=11839
%%%mzn-stat: 2AutonomousSearchNumPredicatesRemoved=0
%%%mzn-stat: 2AutonomousSearchNumCalls=11850
%%%mzn-stat: 2AutonomousSearchNumPredicatesAdded=21077
%%%mzn-stat: 2AutonomousSearchAverageSizeOfHeap=4.541181434599156
%%%mzn-stat: 2AutonomousSearchNumAssignedPredicatesEncountered=53813
%%%mzn-stat-end
maxleg = 951;
succ = array1d(1..150,[17, 18, 10, 67, 37, 20, 16, 9, 39, 4, 27, 72, 12, 50, 71, 43, 6, 59, 76, 26, 3, 54, 46, 44, 2, 23, 22, 1, 42, 14, 48, 57, 29, 30, 91, 45, 83, 5, 61, 56, 11, 64, 47, 137, 15, 25, 80, 21, 33, 79, 68, 40, 105, 13, 19, 84, 24, 77, 7, 141, 116, 123, 104, 52, 41, 65, 66, 31, 117, 139, 70, 53, 89, 107, 142, 69, 82, 106, 118, 36, 109, 75, 120, 127, 35, 101, 138, 93, 135, 96, 128, 126, 124, 147, 113, 60, 88, 108, 32, 121, 85, 129, 110, 100, 63, 133, 95, 28, 122, 62, 136, 114, 115, 150, 112, 134, 148, 97, 94, 34, 49, 51, 119, 90, 131, 132, 149, 73, 98, 145, 55, 144, 143, 125, 87, 103, 146, 111, 99, 78, 8, 102, 86, 81, 58, 38, 92, 140, 74, 130]);
% time elapsed: 4.02 s
----------
%%%mzn-stat: initTime=0.027519911
%%%mzn-stat: objective=944
%%%mzn-stat: nodes=40403
%%%mzn-stat: restarts=0
%%%mzn-stat: peakDepth=1249
%%%mzn-stat: solveTime=2.160612722
%%%mzn-stat: variables=2668
%%%mzn-stat: propagators=1769
%%%mzn-stat: failures=1239
%%%mzn-stat: propagations=245344
%%%mzn-stat: nogoods=1239
%%%mzn-stat: numAtomicConstraintsPropagated=0
%%%mzn-stat: allDifferentNumber1TotalHallSetSize=13636
%%%mzn-stat: allDifferentNumber1NumberOfConflicts=1176
%%%mzn-stat: allDifferentNumber1MaxHallSetSize=148
%%%mzn-stat: allDifferentNumber1PropagationsTotal=30108
%%%mzn-stat: allDifferentNumber1PropagationsThatFoundConflict=1176
%%%mzn-stat: circuitNumber2PropagationsThatFoundConflict=25
%%%mzn-stat: circuitNumber2TotalFixedEdgesAtConflict=3418
%%%mzn-stat: circuitNumber2NumberOfConflicts=25
%%%mzn-stat: circuitNumber2PropagationsThatPruned=154
%%%mzn-stat: circuitNumber2PropagationsTotal=27019
%%%mzn-stat: AverageConflictSize=15.40274414850686
%%%mzn-stat: NumUnitNogoodsLearned=0
%%%mzn-stat: AverageLearnedNogoodLength=21.469733656174334
%%%mzn-stat: AverageBacktrackAmount=0
%%%mzn-stat: AverageLbd=14.919289749798224
%%%mzn-stat: 2AutonomousSearchNumBackupCalled=12865
%%%mzn-stat: 2AutonomousSearchNumPredicatesRemoved=0
%%%mzn-stat: 2AutonomousSearchNumCalls=12877
%%%mzn-stat: 2AutonomousSearchNumPredicatesAdded=22526
%%%mzn-stat: 2AutonomousSearchAverageSizeOfHeap=4.724237011726334
%%%mzn-stat: 2AutonomousSearchNumAssignedPredicatesEncountered=60834
%%%mzn-stat-end
maxleg = 944;
succ = array1d(1..150,[17, 18, 10, 67, 37, 20, 16, 9, 39, 4, 27, 72, 12, 50, 71, 43, 6, 59, 76, 26, 3, 54, 46, 108, 2, 23, 22, 1, 42, 14, 48, 44, 29, 30, 91, 45, 83, 5, 61, 56, 11, 64, 47, 137, 15, 25, 80, 21, 33, 79, 68, 40, 105, 13, 19, 84, 24, 77, 7, 141, 78, 123, 104, 52, 41, 65, 66, 31, 117, 139, 70, 53, 89, 107, 142, 69, 82, 106, 118, 36, 109, 28, 116, 127, 35, 101, 138, 93, 135, 96, 128, 126, 124, 147, 113, 60, 88, 75, 32, 121, 85, 129, 134, 100, 63, 133, 95, 110, 122, 62, 136, 114, 115, 150, 112, 102, 148, 97, 94, 34, 49, 51, 119, 90, 131, 132, 149, 73, 98, 145, 55, 144, 143, 125, 87, 103, 146, 111, 99, 57, 8, 120, 86, 81, 58, 38, 92, 140, 74, 130]);
% time elapsed: 4.07 s
----------
%%%mzn-stat: initTime=0.027519911
%%%mzn-stat: objective=938
%%%mzn-stat: nodes=42303
%%%mzn-stat: restarts=0
%%%mzn-stat: peakDepth=1249
%%%mzn-stat: solveTime=2.23487586
%%%mzn-stat: variables=2668
%%%mzn-stat: propagators=1769
%%%mzn-stat: failures=1313
%%%mzn-stat: propagations=257492
%%%mzn-stat: nogoods=1313
%%%mzn-stat: numAtomicConstraintsPropagated=0
%%%mzn-stat: allDifferentNumber1TotalHallSetSize=14434
%%%mzn-stat: allDifferentNumber1NumberOfConflicts=1247
%%%mzn-stat: allDifferentNumber1MaxHallSetSize=148
%%%mzn-stat: allDifferentNumber1PropagationsTotal=31113
%%%mzn-stat: allDifferentNumber1PropagationsThatFoundConflict=1247
%%%mzn-stat: circuitNumber2PropagationsThatFoundConflict=27
%%%mzn-stat: circuitNumber2TotalFixedEdgesAtConflict=3674
%%%mzn-stat: circuitNumber2NumberOfConflicts=27
%%%mzn-stat: circuitNumber2PropagationsThatPruned=166
%%%mzn-stat: circuitNumber2PropagationsTotal=27859
%%%mzn-stat: AverageConflictSize=15.64127951256664
%%%mzn-stat: NumUnitNogoodsLearned=0
%%%mzn-stat: AverageLearnedNogoodLength=21.54150799695354
%%%mzn-stat: AverageBacktrackAmount=0
%%%mzn-stat: AverageLbd=14.891089108910892
%%%mzn-stat: 2AutonomousSearchNumBackupCalled=13907
%%%mzn-stat: 2AutonomousSearchNumPredicatesRemoved=0
%%%mzn-stat: 2AutonomousSearchNumCalls=13920
%%%mzn-stat: 2AutonomousSearchNumPredicatesAdded=23794
%%%mzn-stat: 2AutonomousSearchAverageSizeOfHeap=4.883189655172414
%%%mzn-stat: 2AutonomousSearchNumAssignedPredicatesEncountered=67974
%%%mzn-stat-end
maxleg = 938;
succ = array1d(1..150,[17, 18, 10, 67, 37, 20, 16, 9, 39, 4, 27, 72, 12, 50, 71, 43, 26, 59, 76, 42, 3, 54, 46, 108, 2, 23, 22, 1, 51, 14, 48, 44, 29, 30, 91, 45, 83, 5, 61, 56, 11, 64, 47, 137, 15, 25, 80, 21, 33, 79, 68, 40, 105, 6, 19, 84, 24, 77, 7, 141, 78, 123, 104, 52, 13, 65, 41, 31, 117, 139, 70, 53, 89, 107, 130, 138, 82, 128, 118, 36, 145, 28, 92, 127, 35, 101, 112, 93, 135, 96, 97, 126, 124, 147, 113, 60, 142, 74, 32, 111, 85, 129, 134, 100, 63, 133, 95, 110, 66, 62, 115, 114, 121, 150, 69, 102, 148, 136, 94, 34, 49, 143, 119, 90, 131, 132, 149, 73, 98, 88, 55, 144, 116, 125, 87, 103, 122, 75, 99, 57, 8, 146, 106, 81, 58, 38, 120, 140, 109, 86]);
% time elapsed: 4.15 s
----------
%%%mzn-stat: initTime=0.027519911
%%%mzn-stat: objective=931
%%%mzn-stat: nodes=43835
%%%mzn-stat: restarts=0
%%%mzn-stat: peakDepth=1249
%%%mzn-stat: solveTime=2.284034648
%%%mzn-stat: variables=2668
%%%mzn-stat: propagators=1769
%%%mzn-stat: failures=1366
%%%mzn-stat: propagations=266117
%%%mzn-stat: nogoods=1366
%%%mzn-stat: numAtomicConstraintsPropagated=0
%%%mzn-stat: allDifferentNumber1TotalHallSetSize=15011
%%%mzn-stat: allDifferentNumber1NumberOfConflicts=1298
%%%mzn-stat: allDifferentNumber1MaxHallSetSize=148
%%%mzn-stat: allDifferentNumber1PropagationsTotal=31704
%%%mzn-stat: allDifferentNumber1PropagationsThatFoundConflict=1298
%%%mzn-stat: circuitNumber2PropagationsThatFoundConflict=28
%%%mzn-stat: circuitNumber2TotalFixedEdgesAtConflict=3821
%%%mzn-stat: circuitNumber2NumberOfConflicts=28
%%%mzn-stat: circuitNumber2PropagationsThatPruned=183
%%%mzn-stat: circuitNumber2PropagationsTotal=28363
%%%mzn-stat: AverageConflictSize=15.925329428989752
%%%mzn-stat: NumUnitNogoodsLearned=0
%%%mzn-stat: AverageLearnedNogoodLength=21.809663250366032
%%%mzn-stat: AverageBacktrackAmount=0
%%%mzn-stat: AverageLbd=14.96705710102489
%%%mzn-stat: 2AutonomousSearchNumBackupCalled=14937
%%%mzn-stat: 2AutonomousSearchNumPredicatesRemoved=0
%%%mzn-stat: 2AutonomousSearchNumCalls=14951
%%%mzn-stat: 2AutonomousSearchNumPredicatesAdded=25900
%%%mzn-stat: 2AutonomousSearchAverageSizeOfHeap=5.042204534813725
%%%mzn-stat: 2AutonomousSearchNumAssignedPredicatesEncountered=75386
%%%mzn-stat-end
maxleg = 931;
succ = array1d(1..150,[17, 18, 10, 67, 37, 20, 16, 9, 39, 4, 27, 72, 12, 50, 71, 43, 26, 59, 76, 42, 3, 54, 46, 108, 2, 23, 22, 1, 51, 14, 48, 44, 29, 30, 91, 45, 83, 5, 61, 56, 11, 64, 47, 137, 15, 25, 80, 21, 33, 79, 68, 40, 105, 6, 19, 84, 24, 77, 7, 141, 116, 123, 104, 52, 13, 65, 41, 31, 117, 139, 70, 53, 78, 107, 130, 138, 75, 106, 118, 36, 132, 81, 120, 127, 35, 101, 112, 93, 135, 96, 128, 126, 124, 147, 113, 60, 142, 74, 32, 111, 85, 129, 110, 100, 63, 133, 95, 28, 122, 62, 136, 114, 115, 150, 69, 134, 148, 97, 94, 34, 49, 145, 119, 90, 131, 73, 149, 82, 98, 88, 55, 144, 143, 125, 87, 103, 146, 66, 89, 57, 8, 102, 99, 121, 58, 38, 92, 140, 109, 86]);
% time elapsed: 4.20 s
----------
%%%mzn-stat: initTime=0.027519911
%%%mzn-stat: objective=927
%%%mzn-stat: nodes=45036
%%%mzn-stat: restarts=0
%%%mzn-stat: peakDepth=1249
%%%mzn-stat: solveTime=2.306480397
%%%mzn-stat: variables=2668
%%%mzn-stat: propagators=1769
%%%mzn-stat: failures=1385
%%%mzn-stat: propagations=270106
%%%mzn-stat: nogoods=1385
%%%mzn-stat: numAtomicConstraintsPropagated=0
%%%mzn-stat: allDifferentNumber1TotalHallSetSize=15390
%%%mzn-stat: allDifferentNumber1NumberOfConflicts=1316
%%%mzn-stat: allDifferentNumber1MaxHallSetSize=148
%%%mzn-stat: allDifferentNumber1PropagationsTotal=31896
%%%mzn-stat: allDifferentNumber1PropagationsThatFoundConflict=1316
%%%mzn-stat: circuitNumber2PropagationsThatFoundConflict=28
%%%mzn-stat: circuitNumber2TotalFixedEdgesAtConflict=3821
%%%mzn-stat: circuitNumber2NumberOfConflicts=28
%%%mzn-stat: circuitNumber2PropagationsThatPruned=188
%%%mzn-stat: circuitNumber2PropagationsTotal=28525
%%%mzn-stat: AverageConflictSize=16.2014440433213
%%%mzn-stat: NumUnitNogoodsLearned=0
%%%mzn-stat: AverageLearnedNogoodLength=22.129963898916966
%%%mzn-stat: AverageBacktrackAmount=0
%%%mzn-stat: AverageLbd=15.070036101083032
%%%mzn-stat: 2AutonomousSearchNumBackupCalled=15974
%%%mzn-stat: 2AutonomousSearchNumPredicatesRemoved=0
%%%mzn-stat: 2AutonomousSearchNumCalls=15989
%%%mzn-stat: 2AutonomousSearchNumPredicatesAdded=26872
%%%mzn-stat: 2AutonomousSearchAverageSizeOfHeap=5.178685346175496
%%%mzn-stat: 2AutonomousSearchNumAssignedPredicatesEncountered=82802
%%%mzn-stat-end
maxleg = 927;
succ = array1d(1..150,[17, 18, 10, 67, 37, 20, 16, 9, 39, 4, 27, 72, 12, 50, 71, 43, 26, 59, 101, 42, 3, 54, 46, 108, 2, 23, 22, 1, 51, 14, 48, 44, 29, 30, 91, 45, 83, 5, 61, 56, 11, 64, 47, 137, 15, 25, 80, 21, 33, 79, 68, 40, 105, 6, 19, 84, 24, 77, 7, 141, 116, 123, 104, 52, 13, 65, 41, 31, 117, 139, 70, 53, 78, 107, 130, 138, 75, 106, 118, 36, 132, 28, 92, 127, 35, 81, 112, 93, 135, 96, 128, 126, 124, 147, 113, 60, 142, 74, 32, 111, 85, 129, 110, 100, 63, 133, 95, 134, 122, 62, 136, 114, 115, 150, 69, 102, 148, 97, 94, 34, 49, 145, 119, 90, 131, 73, 149, 82, 98, 88, 55, 144, 143, 125, 87, 103, 146, 66, 99, 57, 8, 89, 76, 121, 58, 38, 120, 140, 109, 86]);
% time elapsed: 4.23 s
----------
%%%mzn-stat: initTime=0.027519911
%%%mzn-stat: objective=921
%%%mzn-stat: nodes=46227
%%%mzn-stat: restarts=0
%%%mzn-stat: peakDepth=1249
%%%mzn-stat: solveTime=2.325702667
%%%mzn-stat: variables=2668
%%%mzn-stat: propagators=1769
%%%mzn-stat: failures=1406
%%%mzn-stat: propagations=274259
%%%mzn-stat: nogoods=1406
%%%mzn-stat: numAtomicConstraintsPropagated=0
%%%mzn-stat: allDifferentNumber1TotalHallSetSize=15526
%%%mzn-stat: allDifferentNumber1NumberOfConflicts=1337
%%%mzn-stat: allDifferentNumber1MaxHallSetSize=148
%%%mzn-stat: allDifferentNumber1PropagationsTotal=32095
%%%mzn-stat: allDifferentNumber1PropagationsThatFoundConflict=1337
%%%mzn-stat: circuitNumber2PropagationsThatFoundConflict=28
%%%mzn-stat: circuitNumber2TotalFixedEdgesAtConflict=3821
%%%mzn-stat: circuitNumber2NumberOfConflicts=28
%%%mzn-stat: circuitNumber2PropagationsThatPruned=192
%%%mzn-stat: circuitNumber2PropagationsTotal=28689
%%%mzn-stat: AverageConflictSize=16.15078236130868
%%%mzn-stat: NumUnitNogoodsLearned=0
%%%mzn-stat: AverageLearnedNogoodLength=22.07112375533428
%%%mzn-stat: AverageBacktrackAmount=0
%%%mzn-stat: AverageLbd=15.036273115220483
%%%mzn-stat: 2AutonomousSearchNumBackupCalled=16997
%%%mzn-stat: 2AutonomousSearchNumPredicatesRemoved=0
%%%mzn-stat: 2AutonomousSearchNumCalls=17013
%%%mzn-stat: 2AutonomousSearchNumPredicatesAdded=27420
%%%mzn-stat: 2AutonomousSearchAverageSizeOfHeap=5.302944806912361
%%%mzn-stat: 2AutonomousSearchNumAssignedPredicatesEncountered=90219
%%%mzn-stat-end
maxleg = 921;
succ = array1d(1..150,[17, 18, 10, 67, 37, 20, 16, 9, 39, 4, 27, 72, 12, 50, 71, 43, 26, 59, 101, 42, 3, 54, 46, 108, 2, 23, 22, 1, 51, 14, 48, 44, 29, 30, 91, 45, 83, 5, 61, 56, 11, 64, 47, 137, 15, 25, 80, 21, 33, 79, 68, 40, 105, 6, 19, 84, 24, 77, 7, 141, 116, 123, 104, 52, 13, 65, 41, 31, 117, 139, 70, 53, 78, 107, 130, 138, 75, 144, 118, 36, 132, 28, 92, 127, 35, 106, 112, 93, 135, 96, 128, 126, 124, 147, 113, 60, 142, 74, 32, 121, 85, 129, 120, 100, 63, 133, 95, 110, 122, 62, 136, 114, 115, 150, 69, 134, 148, 66, 94, 34, 49, 145, 119, 90, 131, 73, 149, 82, 98, 88, 55, 102, 143, 125, 87, 103, 146, 111, 99, 57, 8, 89, 76, 81, 58, 38, 97, 140, 109, 86]);
% time elapsed: 4.26 s
----------
%%%mzn-stat: initTime=0.027519911
%%%mzn-stat: objective=912
%%%mzn-stat: nodes=47469
%%%mzn-stat: restarts=0
%%%mzn-stat: peakDepth=1249
%%%mzn-stat: solveTime=2.347801591
%%%mzn-stat: variables=2668
%%%mzn-stat: propagators=1769
%%%mzn-stat: failures=1432
%%%mzn-stat: propagations=279711
%%%mzn-stat: nogoods=1432
%%%mzn-stat: numAtomicConstraintsPropagated=0
%%%mzn-stat: allDifferentNumber1TotalHallSetSize=15779
%%%mzn-stat: allDifferentNumber1NumberOfConflicts=1362
%%%mzn-stat: allDifferentNumber1MaxHallSetSize=148
%%%mzn-stat: allDifferentNumber1PropagationsTotal=32346
%%%mzn-stat: allDifferentNumber1PropagationsThatFoundConflict=1362
%%%mzn-stat: circuitNumber2PropagationsThatFoundConflict=28
%%%mzn-stat: circuitNumber2TotalFixedEdgesAtConflict=3821
%%%mzn-stat: circuitNumber2NumberOfConflicts=28
%%%mzn-stat: circuitNumber2PropagationsThatPruned=203
%%%mzn-stat: circuitNumber2PropagationsTotal=28893
%%%mzn-stat: AverageConflictSize=16.193435754189945
%%%mzn-stat: NumUnitNogoodsLearned=0
%%%mzn-stat: AverageLearnedNogoodLength=22.11103351955307
%%%mzn-stat: AverageBacktrackAmount=0
%%%mzn-stat: AverageLbd=15.00768156424581
%%%mzn-stat: 2AutonomousSearchNumBackupCalled=18031
%%%mzn-stat: 2AutonomousSearchNumPredicatesRemoved=0
%%%mzn-stat: 2AutonomousSearchNumCalls=18048
%%%mzn-stat: 2AutonomousSearchNumPredicatesAdded=28633
%%%mzn-stat: 2AutonomousSearchAverageSizeOfHeap=5.413175975177305
%%%mzn-stat: 2AutonomousSearchNumAssignedPredicatesEncountered=97697
%%%mzn-stat-end
maxleg = 912;
succ = array1d(1..150,[17, 18, 10, 67, 37, 20, 16, 9, 39, 4, 27, 72, 12, 50, 71, 43, 26, 59, 101, 42, 3, 54, 46, 108, 2, 23, 22, 1, 51, 14, 48, 44, 29, 30, 91, 45, 83, 5, 61, 56, 11, 64, 47, 137, 15, 25, 80, 21, 33, 79, 68, 40, 105, 13, 6, 84, 24, 77, 7, 141, 116, 123, 104, 52, 41, 65, 66, 31, 19, 139, 70, 53, 78, 107, 130, 138, 82, 144, 118, 36, 132, 28, 106, 127, 35, 81, 112, 93, 135, 96, 128, 126, 124, 147, 113, 60, 142, 74, 32, 111, 85, 129, 120, 100, 63, 133, 95, 110, 122, 62, 136, 114, 115, 150, 69, 134, 99, 97, 94, 34, 49, 145, 119, 90, 148, 131, 149, 73, 98, 88, 55, 102, 143, 125, 87, 103, 146, 75, 89, 57, 8, 117, 76, 121, 58, 38, 92, 140, 109, 86]);
% time elapsed: 4.28 s
----------
%%%mzn-stat: initTime=0.027519911
%%%mzn-stat: objective=893
%%%mzn-stat: nodes=48688
%%%mzn-stat: restarts=0
%%%mzn-stat: peakDepth=1249
%%%mzn-stat: solveTime=2.3864497780000002
%%%mzn-stat: variables=2668
%%%mzn-stat: propagators=1769
%%%mzn-stat: failures=1483
%%%mzn-stat: propagations=285980
%%%mzn-stat: nogoods=1483
%%%mzn-stat: numAtomicConstraintsPropagated=0
%%%mzn-stat: allDifferentNumber1TotalHallSetSize=16153
%%%mzn-stat: allDifferentNumber1NumberOfConflicts=1403
%%%mzn-stat: allDifferentNumber1MaxHallSetSize=148
%%%mzn-stat: allDifferentNumber1PropagationsTotal=32642
%%%mzn-stat: allDifferentNumber1PropagationsThatFoundConflict=1403
%%%mzn-stat: circuitNumber2PropagationsThatFoundConflict=29
%%%mzn-stat: circuitNumber2TotalFixedEdgesAtConflict=3968
%%%mzn-stat: circuitNumber2NumberOfConflicts=29
%%%mzn-stat: circuitNumber2PropagationsThatPruned=220
%%%mzn-stat: circuitNumber2PropagationsTotal=29127
%%%mzn-stat: AverageConflictSize=16.26770060687795
%%%mzn-stat: NumUnitNogoodsLearned=0
%%%mzn-stat: AverageLearnedNogoodLength=22.994605529332436
%%%mzn-stat: AverageBacktrackAmount=0
%%%mzn-stat: AverageLbd=15.421443020903574
%%%mzn-stat: 2AutonomousSearchNumBackupCalled=19037
%%%mzn-stat: 2AutonomousSearchNumPredicatesRemoved=0
%%%mzn-stat: 2AutonomousSearchNumCalls=19055
%%%mzn-stat: 2AutonomousSearchNumPredicatesAdded=31610
%%%mzn-stat: 2AutonomousSearchAverageSizeOfHeap=5.523379690369982
%%%mzn-stat: 2AutonomousSearchNumAssignedPredicatesEncountered=105248
%%%mzn-stat-end
maxleg = 893;
succ = array1d(1..150,[17, 18, 10, 67, 37, 20, 16, 9, 39, 4, 27, 72, 12, 50, 71, 43, 26, 59, 101, 42, 3, 54, 46, 108, 2, 23, 22, 1, 51, 14, 48, 44, 29, 30, 91, 45, 83, 5, 61, 56, 11, 64, 47, 137, 15, 25, 80, 21, 33, 79, 68, 40, 105, 13, 6, 84, 24, 77, 7, 141, 116, 123, 104, 52, 41, 65, 66, 31, 19, 139, 70, 53, 78, 107, 142, 138, 82, 106, 118, 36, 109, 28, 92, 127, 35, 81, 112, 93, 135, 132, 128, 126, 124, 147, 96, 60, 88, 74, 32, 111, 85, 129, 120, 100, 63, 133, 144, 110, 122, 62, 136, 114, 115, 150, 69, 134, 99, 130, 94, 34, 49, 113, 119, 90, 148, 131, 149, 73, 98, 145, 55, 102, 143, 125, 87, 103, 146, 75, 89, 57, 8, 117, 76, 121, 58, 38, 97, 140, 95, 86]);
% time elapsed: 4.32 s
----------
%%%mzn-stat: initTime=0.027519911
%%%mzn-stat: objective=883
%%%mzn-stat: nodes=49800
%%%mzn-stat: restarts=0
%%%mzn-stat: peakDepth=1249
%%%mzn-stat: solveTime=2.404595648
%%%mzn-stat: variables=2668
%%%mzn-stat: propagators=1769
%%%mzn-stat: failures=1497
%%%mzn-stat: propagations=290237
%%%mzn-stat: nogoods=1497
%%%mzn-stat: numAtomicConstraintsPropagated=0
%%%mzn-stat: allDifferentNumber1TotalHallSetSize=16240
%%%mzn-stat: allDifferentNumber1NumberOfConflicts=1411
%%%mzn-stat: allDifferentNumber1MaxHallSetSize=148
%%%mzn-stat: allDifferentNumber1PropagationsTotal=32793
%%%mzn-stat: allDifferentNumber1PropagationsThatFoundConflict=1411
%%%mzn-stat: circuitNumber2PropagationsThatFoundConflict=31
%%%mzn-stat: circuitNumber2TotalFixedEdgesAtConflict=4260
%%%mzn-stat: circuitNumber2NumberOfConflicts=31
%%%mzn-stat: circuitNumber2PropagationsThatPruned=222
%%%mzn-stat: circuitNumber2PropagationsTotal=29252
%%%mzn-stat: AverageConflictSize=16.33066132264529
%%%mzn-stat: NumUnitNogoodsLearned=0
%%%mzn-stat: AverageLearnedNogoodLength=23.1750167000668
%%%mzn-stat: AverageBacktrackAmount=0
%%%mzn-stat: AverageLbd=15.511022044088177
%%%mzn-stat: 2AutonomousSearchNumBackupCalled=20024
%%%mzn-stat: 2AutonomousSearchNumPredicatesRemoved=0
%%%mzn-stat: 2AutonomousSearchNumCalls=20043
%%%mzn-stat: 2AutonomousSearchNumPredicatesAdded=33822
%%%mzn-stat: 2AutonomousSearchAverageSizeOfHeap=5.627949907698448
%%%mzn-stat: 2AutonomousSearchNumAssignedPredicatesEncountered=112801
%%%mzn-stat-end
maxleg = 883;
succ = array1d(1..150,[17, 18, 10, 67, 37, 20, 16, 9, 39, 4, 27, 72, 12, 50, 71, 43, 26, 59, 101, 42, 3, 54, 46, 108, 2, 23, 22, 1, 51, 14, 48, 44, 29, 30, 91, 45, 83, 5, 61, 56, 11, 64, 47, 137, 15, 25, 80, 21, 33, 79, 68, 40, 105, 13, 6, 84, 24, 77, 7, 141, 116, 123, 104, 52, 41, 65, 66, 31, 19, 139, 70, 53, 78, 107, 142, 138, 102, 128, 118, 36, 132, 81, 92, 69, 35, 106, 112, 93, 135, 96, 97, 126, 124, 147, 113, 60, 88, 74, 32, 111, 85, 129, 110, 100, 63, 133, 95, 28, 122, 62, 136, 114, 115, 150, 99, 134, 73, 130, 94, 34, 49, 145, 119, 90, 148, 131, 149, 82, 98, 127, 55, 144, 143, 125, 87, 103, 146, 75, 89, 57, 8, 117, 76, 121, 58, 38, 120, 140, 109, 86]);
% time elapsed: 4.34 s
----------
%%%mzn-stat: initTime=0.027519911
%%%mzn-stat: objective=882
%%%mzn-stat: nodes=51007
%%%mzn-stat: restarts=0
%%%mzn-stat: peakDepth=1249
%%%mzn-stat: solveTime=2.428794029
%%%mzn-stat: variables=2668
%%%mzn-stat: propagators=1769
%%%mzn-stat: failures=1516
%%%mzn-stat: propagations=295309
%%%mzn-stat: nogoods=1516
%%%mzn-stat: numAtomicConstraintsPropagated=0
%%%mzn-stat: allDifferentNumber1TotalHallSetSize=16419
%%%mzn-stat: allDifferentNumber1NumberOfConflicts=1427
%%%mzn-stat: allDifferentNumber1MaxHallSetSize=148
%%%mzn-stat: allDifferentNumber1PropagationsTotal=33038
%%%mzn-stat: allDifferentNumber1PropagationsThatFoundConflict=1427
%%%mzn-stat: circuitNumber2PropagationsThatFoundConflict=33
%%%mzn-stat: circuitNumber2TotalFixedEdgesAtConflict=4553
%%%mzn-stat: circuitNumber2NumberOfConflicts=33
%%%mzn-stat: circuitNumber2PropagationsThatPruned=227
%%%mzn-stat: circuitNumber2PropagationsTotal=29460
%%%mzn-stat: AverageConflictSize=16.45118733509235
%%%mzn-stat: NumUnitNogoodsLearned=0
%%%mzn-stat: AverageLearnedNogoodLength=23.29485488126649
%%%mzn-stat: AverageBacktrackAmount=0
%%%mzn-stat: AverageLbd=15.534960422163588
%%%mzn-stat: 2AutonomousSearchNumBackupCalled=21024
%%%mzn-stat: 2AutonomousSearchNumPredicatesRemoved=0
%%%mzn-stat: 2AutonomousSearchNumCalls=21044
%%%mzn-stat: 2AutonomousSearchNumPredicatesAdded=34990
%%%mzn-stat: 2AutonomousSearchAverageSizeOfHeap=5.722866375213838
%%%mzn-stat: 2AutonomousSearchNumAssignedPredicatesEncountered=120432
%%%mzn-stat-end
maxleg = 882;
succ = array1d(1..150,[17, 18, 10, 67, 37, 20, 16, 9, 39, 4, 27, 72, 12, 50, 71, 43, 26, 59, 101, 42, 3, 54, 46, 108, 2, 23, 22, 1, 51, 14, 48, 44, 29, 30, 91, 45, 83, 5, 61, 56, 11, 64, 47, 137, 15, 25, 80, 21, 33, 79, 68, 40, 105, 13, 6, 84, 24, 77, 7, 141, 116, 123, 104, 87, 41, 65, 66, 31, 19, 139, 70, 53, 78, 107, 142, 138, 102, 128, 118, 36, 145, 28, 120, 69, 35, 106, 112, 93, 135, 132, 97, 126, 124, 147, 96, 60, 88, 74, 32, 111, 85, 129, 52, 100, 63, 133, 95, 110, 122, 62, 115, 114, 121, 150, 99, 134, 73, 136, 94, 34, 49, 113, 119, 90, 148, 131, 149, 82, 98, 127, 55, 144, 143, 125, 130, 103, 146, 75, 89, 57, 8, 117, 76, 81, 58, 38, 92, 140, 109, 86]);
% time elapsed: 4.36 s
----------
%%%mzn-stat: initTime=0.027519911
%%%mzn-stat: objective=875
%%%mzn-stat: nodes=52214
%%%mzn-stat: restarts=0
%%%mzn-stat: peakDepth=1249
%%%mzn-stat: solveTime=2.466742872
%%%mzn-stat: variables=2668
%%%mzn-stat: propagators=1769
%%%mzn-stat: failures=1558
%%%mzn-stat: propagations=301442
%%%mzn-stat: nogoods=1558
%%%mzn-stat: numAtomicConstraintsPropagated=0
%%%mzn-stat: allDifferentNumber1TotalHallSetSize=16715
%%%mzn-stat: allDifferentNumber1NumberOfConflicts=1460
%%%mzn-stat: allDifferentNumber1MaxHallSetSize=148
%%%mzn-stat: allDifferentNumber1PropagationsTotal=33326
%%%mzn-stat: allDifferentNumber1PropagationsThatFoundConflict=1460
%%%mzn-stat: circuitNumber2PropagationsThatFoundConflict=36
%%%mzn-stat: circuitNumber2TotalFixedEdgesAtConflict=4953
%%%mzn-stat: circuitNumber2NumberOfConflicts=36
%%%mzn-stat: circuitNumber2PropagationsThatPruned=234
%%%mzn-stat: circuitNumber2PropagationsTotal=29691
%%%mzn-stat: AverageConflictSize=16.64377406931964
%%%mzn-stat: NumUnitNogoodsLearned=0
%%%mzn-stat: AverageLearnedNogoodLength=23.930038510911427
%%%mzn-stat: AverageBacktrackAmount=0
%%%mzn-stat: AverageLbd=15.722079589216944
%%%mzn-stat: 2AutonomousSearchNumBackupCalled=21995
%%%mzn-stat: 2AutonomousSearchNumPredicatesRemoved=0
%%%mzn-stat: 2AutonomousSearchNumCalls=22016
%%%mzn-stat: 2AutonomousSearchNumPredicatesAdded=37979
%%%mzn-stat: 2AutonomousSearchAverageSizeOfHeap=5.841842296511628
%%%mzn-stat: 2AutonomousSearchNumAssignedPredicatesEncountered=128614
%%%mzn-stat-end
maxleg = 875;
succ = array1d(1..150,[17, 18, 10, 67, 37, 20, 16, 9, 39, 4, 27, 72, 12, 50, 71, 43, 26, 59, 101, 42, 3, 54, 46, 108, 2, 23, 22, 1, 51, 14, 48, 44, 29, 30, 91, 45, 83, 5, 61, 56, 11, 64, 47, 137, 15, 25, 80, 21, 33, 79, 68, 40, 105, 13, 6, 84, 24, 77, 7, 141, 116, 123, 104, 87, 41, 65, 66, 31, 19, 139, 96, 53, 78, 107, 142, 138, 102, 128, 118, 36, 109, 28, 92, 69, 35, 106, 112, 93, 135, 132, 97, 126, 124, 147, 113, 60, 88, 95, 110, 111, 85, 129, 52, 100, 63, 133, 144, 70, 122, 62, 115, 114, 121, 150, 99, 134, 73, 136, 94, 34, 49, 145, 119, 90, 148, 131, 149, 82, 98, 127, 55, 32, 143, 125, 130, 103, 146, 75, 89, 57, 8, 117, 76, 81, 58, 38, 120, 140, 74, 86]);
% time elapsed: 4.41 s
----------
%%%mzn-stat: initTime=0.027519911
%%%mzn-stat: objective=874
%%%mzn-stat: nodes=53991
%%%mzn-stat: restarts=0
%%%mzn-stat: peakDepth=1249
%%%mzn-stat: solveTime=2.536501972
%%%mzn-stat: variables=2668
%%%mzn-stat: propagators=1769
%%%mzn-stat: failures=1597
%%%mzn-stat: propagations=313312
%%%mzn-stat: nogoods=1597
%%%mzn-stat: numAtomicConstraintsPropagated=0
%%%mzn-stat: allDifferentNumber1TotalHallSetSize=17019
%%%mzn-stat: allDifferentNumber1NumberOfConflicts=1494
%%%mzn-stat: allDifferentNumber1MaxHallSetSize=148
%%%mzn-stat: allDifferentNumber1PropagationsTotal=34210
%%%mzn-stat: allDifferentNumber1PropagationsThatFoundConflict=1494
%%%mzn-stat: circuitNumber2PropagationsThatFoundConflict=37
%%%mzn-stat: circuitNumber2TotalFixedEdgesAtConflict=5092
%%%mzn-stat: circuitNumber2NumberOfConflicts=37
%%%mzn-stat: circuitNumber2PropagationsThatPruned=253
%%%mzn-stat: circuitNumber2PropagationsTotal=30490
%%%mzn-stat: AverageConflictSize=16.625547902316843
%%%mzn-stat: NumUnitNogoodsLearned=0
%%%mzn-stat: AverageLearnedNogoodLength=23.851596743894802
%%%mzn-stat: AverageBacktrackAmount=0
%%%mzn-stat: AverageLbd=15.619286161552912
%%%mzn-stat: 2AutonomousSearchNumBackupCalled=22974
%%%mzn-stat: 2AutonomousSearchNumPredicatesRemoved=0
%%%mzn-stat: 2AutonomousSearchNumCalls=22996
%%%mzn-stat: 2AutonomousSearchNumPredicatesAdded=39322
%%%mzn-stat: 2AutonomousSearchAverageSizeOfHeap=5.9603409288571925
%%%mzn-stat: 2AutonomousSearchNumAssignedPredicatesEncountered=137064
%%%mzn-stat-end
maxleg = 874;
succ = array1d(1..150,[17, 18, 10, 67, 37, 20, 16, 9, 39, 4, 27, 72, 12, 50, 71, 43, 26, 59, 101, 42, 3, 54, 46, 108, 2, 23, 22, 1, 51, 14, 48, 44, 29, 30, 91, 45, 113, 5, 61, 56, 11, 64, 47, 137, 15, 25, 80, 21, 33, 79, 68, 40, 105, 13, 6, 84, 24, 77, 7, 83, 60, 123, 104, 87, 41, 65, 66, 31, 117, 139, 70, 53, 78, 107, 142, 138, 143, 128, 118, 36, 109, 28, 116, 141, 35, 106, 112, 93, 135, 132, 97, 126, 124, 147, 96, 146, 88, 74, 32, 111, 85, 129, 52, 100, 63, 133, 144, 110, 122, 62, 115, 114, 121, 150, 69, 134, 148, 136, 94, 34, 49, 145, 119, 90, 131, 73, 149, 82, 98, 127, 55, 102, 92, 125, 130, 103, 19, 75, 99, 57, 8, 89, 76, 81, 58, 38, 120, 140, 95, 86]);
% time elapsed: 4.48 s
----------
%%%mzn-stat: initTime=0.027519911
%%%mzn-stat: objective=862
%%%mzn-stat: nodes=55113
%%%mzn-stat: restarts=0
%%%mzn-stat: peakDepth=1249
%%%mzn-stat: solveTime=2.558276179
%%%mzn-stat: variables=2668
%%%mzn-stat: propagators=1769
%%%mzn-stat: failures=1618
%%%mzn-stat: propagations=317959
%%%mzn-stat: nogoods=1618
%%%mzn-stat: numAtomicConstraintsPropagated=0
%%%mzn-stat: allDifferentNumber1TotalHallSetSize=17348
%%%mzn-stat: allDifferentNumber1NumberOfConflicts=1509
%%%mzn-stat: allDifferentNumber1MaxHallSetSize=148
%%%mzn-stat: allDifferentNumber1PropagationsTotal=34389
%%%mzn-stat: allDifferentNumber1PropagationsThatFoundConflict=1509
%%%mzn-stat: circuitNumber2PropagationsThatFoundConflict=38
%%%mzn-stat: circuitNumber2TotalFixedEdgesAtConflict=5237
%%%mzn-stat: circuitNumber2NumberOfConflicts=38
%%%mzn-stat: circuitNumber2PropagationsThatPruned=266
%%%mzn-stat: circuitNumber2PropagationsTotal=30641
%%%mzn-stat: AverageConflictSize=16.713844252163163
%%%mzn-stat: NumUnitNogoodsLearned=0
%%%mzn-stat: AverageLearnedNogoodLength=24.054388133498147
%%%mzn-stat: AverageBacktrackAmount=0
%%%mzn-stat: AverageLbd=15.68974042027194
%%%mzn-stat: 2AutonomousSearchNumBackupCalled=23950
%%%mzn-stat: 2AutonomousSearchNumPredicatesRemoved=0
%%%mzn-stat: 2AutonomousSearchNumCalls=23973
%%%mzn-stat: 2AutonomousSearchNumPredicatesAdded=41127
%%%mzn-stat: 2AutonomousSearchAverageSizeOfHeap=6.0805489509031
%%%mzn-stat: 2AutonomousSearchNumAssignedPredicatesEncountered=145769
%%%mzn-stat-end
maxleg = 862;
succ = array1d(1..150,[17, 18, 10, 67, 37, 20, 16, 9, 39, 4, 27, 72, 12, 50, 71, 43, 26, 59, 101, 62, 3, 54, 46, 108, 2, 23, 22, 1, 42, 14, 48, 44, 29, 30, 91, 45, 113, 5, 61, 56, 11, 64, 47, 137, 15, 25, 80, 21, 33, 79, 68, 40, 105, 13, 6, 84, 24, 77, 7, 83, 60, 123, 104, 87, 41, 65, 66, 31, 19, 139, 70, 53, 78, 49, 142, 138, 82, 144, 118, 36, 145, 28, 92, 69, 35, 106, 117, 130, 135, 132, 97, 126, 124, 128, 96, 93, 88, 74, 32, 111, 85, 129, 52, 100, 63, 133, 95, 110, 122, 107, 115, 114, 121, 150, 112, 134, 141, 136, 94, 34, 147, 143, 119, 90, 148, 131, 149, 73, 98, 127, 55, 102, 116, 125, 51, 103, 146, 75, 99, 57, 8, 89, 76, 81, 58, 38, 120, 140, 109, 86]);
% time elapsed: 4.50 s
----------
%%%mzn-stat: initTime=0.027519911
%%%mzn-stat: objective=853
%%%mzn-stat: nodes=56166
%%%mzn-stat: restarts=0
%%%mzn-stat: peakDepth=1249
%%%mzn-stat: solveTime=2.572621405
%%%mzn-stat: variables=2668
%%%mzn-stat: propagators=1769
%%%mzn-stat: failures=1625
%%%mzn-stat: propagations=321547
%%%mzn-stat: nogoods=1625
%%%mzn-stat: numAtomicConstraintsPropagated=0
%%%mzn-stat: allDifferentNumber1TotalHallSetSize=17425
%%%mzn-stat: allDifferentNumber1NumberOfConflicts=1515
%%%mzn-stat: allDifferentNumber1MaxHallSetSize=148
%%%mzn-stat: allDifferentNumber1PropagationsTotal=34507
%%%mzn-stat: allDifferentNumber1PropagationsThatFoundConflict=1515
%%%mzn-stat: circuitNumber2PropagationsThatFoundConflict=38
%%%mzn-stat: circuitNumber2TotalFixedEdgesAtConflict=5237
%%%mzn-stat: circuitNumber2NumberOfConflicts=38
%%%mzn-stat: circuitNumber2PropagationsThatPruned=273
%%%mzn-stat: circuitNumber2PropagationsTotal=30752
%%%mzn-stat: AverageConflictSize=16.752615384615385
%%%mzn-stat: NumUnitNogoodsLearned=0
%%%mzn-stat: AverageLearnedNogoodLength=24.13476923076923
%%%mzn-stat: AverageBacktrackAmount=0
%%%mzn-stat: AverageLbd=15.72923076923077
%%%mzn-stat: 2AutonomousSearchNumBackupCalled=24899
%%%mzn-stat: 2AutonomousSearchNumPredicatesRemoved=0
%%%mzn-stat: 2AutonomousSearchNumCalls=24923
%%%mzn-stat: 2AutonomousSearchNumPredicatesAdded=41542
%%%mzn-stat: 2AutonomousSearchAverageSizeOfHeap=6.19813024114272
%%%mzn-stat: 2AutonomousSearchNumAssignedPredicatesEncountered=154476
%%%mzn-stat-end
maxleg = 853;
succ = array1d(1..150,[17, 18, 10, 67, 37, 20, 16, 9, 39, 4, 27, 72, 12, 50, 71, 43, 26, 59, 101, 62, 3, 54, 46, 108, 2, 23, 22, 1, 42, 14, 48, 44, 29, 30, 91, 45, 113, 5, 61, 56, 11, 64, 47, 137, 15, 25, 80, 21, 33, 79, 68, 40, 105, 13, 6, 84, 24, 77, 7, 83, 60, 123, 104, 87, 41, 65, 66, 31, 19, 139, 70, 53, 78, 49, 142, 138, 143, 128, 118, 36, 109, 28, 92, 141, 35, 106, 112, 93, 135, 132, 97, 126, 124, 58, 96, 51, 88, 95, 32, 111, 85, 129, 52, 100, 63, 133, 144, 110, 122, 107, 115, 114, 121, 150, 99, 134, 73, 136, 94, 34, 147, 145, 119, 90, 148, 131, 149, 82, 98, 127, 55, 102, 116, 125, 130, 103, 146, 75, 89, 57, 8, 117, 76, 81, 69, 38, 120, 140, 74, 86]);
% time elapsed: 4.53 s
----------
%%%mzn-stat: initTime=0.027519911
%%%mzn-stat: objective=847
%%%mzn-stat: nodes=57539
%%%mzn-stat: restarts=0
%%%mzn-stat: peakDepth=1249
%%%mzn-stat: solveTime=2.6099302030000002
%%%mzn-stat: variables=2668
%%%mzn-stat: propagators=1769
%%%mzn-stat: failures=1641
%%%mzn-stat: propagations=329015
%%%mzn-stat: nogoods=1641
%%%mzn-stat: numAtomicConstraintsPropagated=0
%%%mzn-stat: allDifferentNumber1TotalHallSetSize=17607
%%%mzn-stat: allDifferentNumber1NumberOfConflicts=1531
%%%mzn-stat: allDifferentNumber1MaxHallSetSize=148
%%%mzn-stat: allDifferentNumber1PropagationsTotal=34990
%%%mzn-stat: allDifferentNumber1PropagationsThatFoundConflict=1531
%%%mzn-stat: circuitNumber2PropagationsThatFoundConflict=38
%%%mzn-stat: circuitNumber2TotalFixedEdgesAtConflict=5237
%%%mzn-stat: circuitNumber2NumberOfConflicts=38
%%%mzn-stat: circuitNumber2PropagationsThatPruned=286
%%%mzn-stat: circuitNumber2PropagationsTotal=31198
%%%mzn-stat: AverageConflictSize=16.7739183424741
%%%mzn-stat: NumUnitNogoodsLearned=0
%%%mzn-stat: AverageLearnedNogoodLength=24.088360755636806
%%%mzn-stat: AverageBacktrackAmount=0
%%%mzn-stat: AverageLbd=15.678244972577696
%%%mzn-stat: 2AutonomousSearchNumBackupCalled=25839
%%%mzn-stat: 2AutonomousSearchNumPredicatesRemoved=0
%%%mzn-stat: 2AutonomousSearchNumCalls=25864
%%%mzn-stat: 2AutonomousSearchNumPredicatesAdded=41998
%%%mzn-stat: 2AutonomousSearchAverageSizeOfHeap=6.309735539746366
%%%mzn-stat: 2AutonomousSearchNumAssignedPredicatesEncountered=163195
%%%mzn-stat-end
maxleg = 847;
succ = array1d(1..150,[17, 18, 10, 67, 37, 20, 16, 9, 39, 4, 27, 72, 12, 50, 71, 43, 26, 59, 101, 62, 3, 54, 46, 108, 2, 23, 22, 1, 42, 14, 48, 57, 29, 30, 91, 45, 113, 5, 61, 56, 63, 64, 47, 137, 15, 25, 80, 21, 33, 79, 68, 40, 105, 13, 6, 84, 24, 77, 7, 83, 60, 123, 104, 87, 41, 65, 66, 31, 19, 139, 70, 53, 78, 49, 44, 138, 88, 128, 11, 36, 109, 28, 116, 141, 35, 106, 112, 93, 135, 132, 97, 126, 124, 58, 96, 51, 142, 74, 32, 111, 85, 129, 52, 100, 92, 133, 144, 110, 122, 107, 115, 114, 121, 150, 99, 134, 148, 136, 94, 34, 147, 145, 119, 90, 131, 73, 149, 82, 98, 127, 55, 102, 143, 125, 130, 103, 146, 75, 89, 118, 8, 117, 76, 81, 69, 38, 120, 140, 95, 86]);
% time elapsed: 4.56 s
----------
%%%mzn-stat: initTime=0.027519911
%%%mzn-stat: objective=842
%%%mzn-stat: nodes=58748
%%%mzn-stat: restarts=0
%%%mzn-stat: peakDepth=1249
%%%mzn-stat: solveTime=2.633142126
%%%mzn-stat: variables=2668
%%%mzn-stat: propagators=1769
%%%mzn-stat: failures=1655
%%%mzn-stat: propagations=334173
%%%mzn-stat: nogoods=1655
%%%mzn-stat: numAtomicConstraintsPropagated=0
%%%mzn-stat: allDifferentNumber1TotalHallSetSize=17721
%%%mzn-stat: allDifferentNumber1NumberOfConflicts=1543
%%%mzn-stat: allDifferentNumber1MaxHallSetSize=148
%%%mzn-stat: allDifferentNumber1PropagationsTotal=35249
%%%mzn-stat: allDifferentNumber1PropagationsThatFoundConflict=1543
%%%mzn-stat: circuitNumber2PropagationsThatFoundConflict=38
%%%mzn-stat: circuitNumber2TotalFixedEdgesAtConflict=5237
%%%mzn-stat: circuitNumber2NumberOfConflicts=38
%%%mzn-stat: circuitNumber2PropagationsThatPruned=286
%%%mzn-stat: circuitNumber2PropagationsTotal=31435
%%%mzn-stat: AverageConflictSize=16.827794561933533
%%%mzn-stat: NumUnitNogoodsLearned=0
%%%mzn-stat: AverageLearnedNogoodLength=24.09486404833837
%%%mzn-stat: AverageBacktrackAmount=0
%%%mzn-stat: AverageLbd=15.673111782477342
%%%mzn-stat: 2AutonomousSearchNumBackupCalled=26807
%%%mzn-stat: 2AutonomousSearchNumPredicatesRemoved=0
%%%mzn-stat: 2AutonomousSearchNumCalls=26833
%%%mzn-stat: 2AutonomousSearchNumPredicatesAdded=42687
%%%mzn-stat: 2AutonomousSearchAverageSizeOfHeap=6.406849774531361
%%%mzn-stat: 2AutonomousSearchNumAssignedPredicatesEncountered=171915
%%%mzn-stat-end
maxleg = 842;
succ = array1d(1..150,[17, 18, 10, 67, 37, 20, 16, 9, 39, 4, 27, 72, 12, 50, 71, 43, 26, 59, 101, 62, 3, 54, 46, 108, 2, 23, 22, 1, 42, 14, 48, 57, 29, 30, 91, 45, 113, 5, 61, 56, 63, 64, 47, 137, 15, 25, 80, 21, 33, 79, 68, 40, 105, 13, 6, 84, 24, 77, 7, 83, 60, 123, 104, 87, 41, 65, 66, 31, 117, 139, 132, 53, 78, 49, 44, 138, 88, 128, 11, 36, 109, 28, 116, 141, 35, 106, 112, 93, 135, 81, 97, 126, 124, 58, 96, 19, 142, 74, 32, 111, 85, 129, 110, 100, 92, 133, 144, 134, 122, 107, 136, 114, 115, 150, 52, 70, 73, 130, 94, 34, 147, 145, 119, 90, 148, 131, 149, 82, 98, 127, 55, 102, 143, 125, 51, 103, 146, 75, 99, 118, 8, 89, 76, 121, 69, 38, 120, 140, 95, 86]);
% time elapsed: 4.59 s
----------
%%%mzn-stat: initTime=0.027519911
%%%mzn-stat: objective=840
%%%mzn-stat: nodes=60013
%%%mzn-stat: restarts=0
%%%mzn-stat: peakDepth=1249
%%%mzn-stat: solveTime=2.670762165
%%%mzn-stat: variables=2668
%%%mzn-stat: propagators=1769
%%%mzn-stat: failures=1672
%%%mzn-stat: propagations=340512
%%%mzn-stat: nogoods=1672
%%%mzn-stat: numAtomicConstraintsPropagated=0
%%%mzn-stat: allDifferentNumber1TotalHallSetSize=18142
%%%mzn-stat: allDifferentNumber1NumberOfConflicts=1560
%%%mzn-stat: allDifferentNumber1MaxHallSetSize=148
%%%mzn-stat: allDifferentNumber1PropagationsTotal=35631
%%%mzn-stat: allDifferentNumber1PropagationsThatFoundConflict=1560
%%%mzn-stat: circuitNumber2PropagationsThatFoundConflict=38
%%%mzn-stat: circuitNumber2TotalFixedEdgesAtConflict=5237
%%%mzn-stat: circuitNumber2NumberOfConflicts=38
%%%mzn-stat: circuitNumber2PropagationsThatPruned=293
%%%mzn-stat: circuitNumber2PropagationsTotal=31774
%%%mzn-stat: AverageConflictSize=17.124401913875598
%%%mzn-stat: NumUnitNogoodsLearned=0
%%%mzn-stat: AverageLearnedNogoodLength=24.310406698564595
%%%mzn-stat: AverageBacktrackAmount=0
%%%mzn-stat: AverageLbd=15.675837320574162
%%%mzn-stat: 2AutonomousSearchNumBackupCalled=27736
%%%mzn-stat: 2AutonomousSearchNumPredicatesRemoved=0
%%%mzn-stat: 2AutonomousSearchNumCalls=27763
%%%mzn-stat: 2AutonomousSearchNumPredicatesAdded=43401
%%%mzn-stat: 2AutonomousSearchAverageSizeOfHeap=6.511868313943018
%%%mzn-stat: 2AutonomousSearchNumAssignedPredicatesEncountered=180789
%%%mzn-stat-end
maxleg = 840;
succ = array1d(1..150,[17, 18, 10, 67, 37, 20, 16, 9, 39, 4, 27, 72, 12, 50, 71, 43, 26, 59, 101, 62, 3, 54, 46, 108, 2, 23, 22, 1, 42, 14, 48, 57, 29, 30, 91, 45, 113, 5, 61, 56, 63, 64, 47, 137, 15, 25, 80, 21, 33, 79, 68, 55, 105, 13, 126, 84, 24, 77, 7, 83, 60, 123, 104, 87, 41, 65, 66, 31, 117, 139, 132, 53, 78, 107, 44, 138, 82, 144, 11, 36, 109, 52, 116, 69, 35, 106, 112, 93, 135, 81, 97, 40, 124, 128, 96, 19, 142, 95, 32, 111, 85, 129, 110, 100, 92, 133, 28, 134, 122, 88, 136, 114, 115, 150, 6, 70, 141, 130, 94, 34, 147, 145, 119, 90, 148, 131, 149, 73, 98, 127, 49, 102, 143, 125, 51, 103, 146, 75, 99, 118, 8, 89, 76, 121, 58, 38, 120, 140, 74, 86]);
% time elapsed: 4.63 s
----------
%%%mzn-stat: initTime=0.027519911
%%%mzn-stat: objective=832
%%%mzn-stat: nodes=61429
%%%mzn-stat: restarts=0
%%%mzn-stat: peakDepth=1249
%%%mzn-stat: solveTime=2.7188453519999998
%%%mzn-stat: variables=2668
%%%mzn-stat: propagators=1769
%%%mzn-stat: failures=1691
%%%mzn-stat: propagations=348282
%%%mzn-stat: nogoods=1691
%%%mzn-stat: numAtomicConstraintsPropagated=0
%%%mzn-stat: allDifferentNumber1TotalHallSetSize=18216
%%%mzn-stat: allDifferentNumber1NumberOfConflicts=1576
%%%mzn-stat: allDifferentNumber1MaxHallSetSize=148
%%%mzn-stat: allDifferentNumber1PropagationsTotal=36156
%%%mzn-stat: allDifferentNumber1PropagationsThatFoundConflict=1576
%%%mzn-stat: circuitNumber2PropagationsThatFoundConflict=40
%%%mzn-stat: circuitNumber2TotalFixedEdgesAtConflict=5527
%%%mzn-stat: circuitNumber2NumberOfConflicts=40
%%%mzn-stat: circuitNumber2PropagationsThatPruned=300
%%%mzn-stat: circuitNumber2PropagationsTotal=32260
%%%mzn-stat: AverageConflictSize=17.102306327616795
%%%mzn-stat: NumUnitNogoodsLearned=0
%%%mzn-stat: AverageLearnedNogoodLength=24.306327616794796
%%%mzn-stat: AverageBacktrackAmount=0
%%%mzn-stat: AverageLbd=15.677114133648729
%%%mzn-stat: 2AutonomousSearchNumBackupCalled=28671
%%%mzn-stat: 2AutonomousSearchNumPredicatesRemoved=0
%%%mzn-stat: 2AutonomousSearchNumCalls=28699
%%%mzn-stat: 2AutonomousSearchNumPredicatesAdded=44172
%%%mzn-stat: 2AutonomousSearchAverageSizeOfHeap=6.609498588801004
%%%mzn-stat: 2AutonomousSearchNumAssignedPredicatesEncountered=189686
%%%mzn-stat-end
maxleg = 832;
succ = array1d(1..150,[17, 18, 10, 67, 37, 20, 16, 9, 39, 4, 27, 72, 12, 50, 71, 43, 26, 59, 101, 62, 3, 54, 46, 108, 2, 23, 22, 1, 42, 14, 48, 57, 29, 30, 91, 45, 113, 5, 61, 56, 63, 64, 47, 137, 15, 25, 80, 21, 33, 79, 68, 55, 105, 13, 126, 84, 24, 77, 7, 83, 60, 123, 104, 88, 41, 65, 73, 31, 19, 139, 132, 53, 78, 107, 44, 138, 102, 128, 11, 36, 109, 28, 116, 141, 93, 106, 112, 130, 135, 81, 97, 40, 124, 58, 96, 51, 142, 95, 110, 111, 85, 129, 52, 100, 92, 133, 144, 134, 66, 122, 35, 114, 115, 150, 6, 70, 148, 136, 94, 34, 147, 145, 119, 90, 117, 131, 149, 82, 98, 127, 49, 32, 143, 125, 87, 103, 146, 75, 99, 118, 8, 89, 76, 121, 69, 38, 120, 140, 74, 86]);
% time elapsed: 4.68 s
----------
%%%mzn-stat: initTime=0.027519911
%%%mzn-stat: objective=823
%%%mzn-stat: nodes=62603
%%%mzn-stat: restarts=0
%%%mzn-stat: peakDepth=1249
%%%mzn-stat: solveTime=2.7656289689999998
%%%mzn-stat: variables=2668
%%%mzn-stat: propagators=1769
%%%mzn-stat: failures=1732
%%%mzn-stat: propagations=354864
%%%mzn-stat: nogoods=1732
%%%mzn-stat: numAtomicConstraintsPropagated=0
%%%mzn-stat: allDifferentNumber1TotalHallSetSize=19016
%%%mzn-stat: allDifferentNumber1NumberOfConflicts=1608
%%%mzn-stat: allDifferentNumber1MaxHallSetSize=148
%%%mzn-stat: allDifferentNumber1PropagationsTotal=36477
%%%mzn-stat: allDifferentNumber1PropagationsThatFoundConflict=1608
%%%mzn-stat: circuitNumber2PropagationsThatFoundConflict=45
%%%mzn-stat: circuitNumber2TotalFixedEdgesAtConflict=6213
%%%mzn-stat: circuitNumber2NumberOfConflicts=45
%%%mzn-stat: circuitNumber2PropagationsThatPruned=324
%%%mzn-stat: circuitNumber2PropagationsTotal=32516
%%%mzn-stat: AverageConflictSize=17.774826789838336
%%%mzn-stat: NumUnitNogoodsLearned=0
%%%mzn-stat: AverageLearnedNogoodLength=25.252886836027713
%%%mzn-stat: AverageBacktrackAmount=0
%%%mzn-stat: AverageLbd=15.93879907621247
%%%mzn-stat: 2AutonomousSearchNumBackupCalled=29611
%%%mzn-stat: 2AutonomousSearchNumPredicatesRemoved=0
%%%mzn-stat: 2AutonomousSearchNumCalls=29640
%%%mzn-stat: 2AutonomousSearchNumPredicatesAdded=47964
%%%mzn-stat: 2AutonomousSearchAverageSizeOfHeap=6.718387314439946
%%%mzn-stat: 2AutonomousSearchNumAssignedPredicatesEncountered=199133
%%%mzn-stat-end
maxleg = 823;
succ = array1d(1..150,[17, 18, 10, 67, 37, 20, 16, 9, 39, 4, 27, 72, 12, 50, 71, 43, 26, 59, 101, 62, 3, 54, 46, 108, 2, 23, 22, 1, 42, 14, 48, 57, 29, 30, 91, 45, 113, 5, 61, 56, 63, 64, 47, 137, 15, 25, 80, 21, 33, 79, 135, 55, 105, 13, 126, 84, 24, 77, 7, 83, 60, 123, 104, 88, 41, 65, 66, 31, 19, 139, 132, 102, 78, 107, 44, 138, 143, 128, 11, 36, 109, 28, 116, 69, 93, 106, 117, 130, 6, 81, 97, 40, 124, 147, 96, 51, 142, 95, 110, 111, 85, 129, 52, 100, 34, 133, 144, 134, 68, 122, 35, 114, 115, 150, 112, 70, 141, 136, 94, 148, 53, 145, 119, 90, 131, 73, 149, 82, 98, 127, 49, 32, 92, 125, 87, 103, 146, 75, 99, 118, 8, 89, 76, 121, 58, 38, 120, 140, 74, 86]);
% time elapsed: 4.74 s
----------
%%%mzn-stat: initTime=0.027519911
%%%mzn-stat: objective=817
%%%mzn-stat: nodes=64484
%%%mzn-stat: restarts=0
%%%mzn-stat: peakDepth=1249
%%%mzn-stat: solveTime=2.8626854489999998
%%%mzn-stat: variables=2668
%%%mzn-stat: propagators=1769
%%%mzn-stat: failures=1790
%%%mzn-stat: propagations=369160
%%%mzn-stat: nogoods=1790
%%%mzn-stat: numAtomicConstraintsPropagated=0
%%%mzn-stat: allDifferentNumber1TotalHallSetSize=20026
%%%mzn-stat: allDifferentNumber1NumberOfConflicts=1660
%%%mzn-stat: allDifferentNumber1MaxHallSetSize=148
%%%mzn-stat: allDifferentNumber1PropagationsTotal=37577
%%%mzn-stat: allDifferentNumber1PropagationsThatFoundConflict=1660
%%%mzn-stat: circuitNumber2PropagationsThatFoundConflict=49
%%%mzn-stat: circuitNumber2TotalFixedEdgesAtConflict=6779
%%%mzn-stat: circuitNumber2NumberOfConflicts=49
%%%mzn-stat: circuitNumber2PropagationsThatPruned=374
%%%mzn-stat: circuitNumber2PropagationsTotal=33488
%%%mzn-stat: AverageConflictSize=18.298882681564248
%%%mzn-stat: NumUnitNogoodsLearned=0
%%%mzn-stat: AverageLearnedNogoodLength=25.613966480446926
%%%mzn-stat: AverageBacktrackAmount=0
%%%mzn-stat: AverageLbd=15.929050279329608
%%%mzn-stat: 2AutonomousSearchNumBackupCalled=30543
%%%mzn-stat: 2AutonomousSearchNumPredicatesRemoved=0
%%%mzn-stat: 2AutonomousSearchNumCalls=30573
%%%mzn-stat: 2AutonomousSearchNumPredicatesAdded=50469
%%%mzn-stat: 2AutonomousSearchAverageSizeOfHeap=6.825826709842017
%%%mzn-stat: 2AutonomousSearchNumAssignedPredicatesEncountered=208686
%%%mzn-stat-end
maxleg = 817;
succ = array1d(1..150,[17, 18, 10, 67, 37, 20, 16, 9, 39, 4, 27, 72, 12, 50, 71, 96, 26, 59, 101, 62, 3, 54, 46, 108, 2, 23, 22, 1, 42, 14, 48, 57, 29, 30, 91, 45, 133, 5, 61, 56, 63, 64, 47, 137, 15, 25, 80, 41, 33, 79, 135, 55, 105, 13, 126, 84, 24, 38, 7, 83, 60, 123, 104, 88, 52, 65, 66, 31, 19, 139, 132, 53, 78, 77, 44, 138, 102, 128, 11, 36, 109, 28, 116, 141, 93, 106, 117, 130, 6, 81, 97, 40, 124, 58, 113, 51, 142, 95, 122, 111, 85, 129, 110, 100, 92, 21, 144, 134, 68, 107, 35, 114, 115, 150, 112, 70, 148, 136, 94, 34, 147, 145, 119, 90, 131, 73, 149, 82, 98, 127, 49, 32, 143, 125, 87, 103, 146, 75, 99, 118, 8, 89, 76, 121, 69, 43, 120, 140, 74, 86]);
% time elapsed: 4.83 s
----------
%%%mzn-stat: initTime=0.027519911
%%%mzn-stat: objective=814
%%%mzn-stat: nodes=65610
%%%mzn-stat: restarts=0
%%%mzn-stat: peakDepth=1249
%%%mzn-stat: solveTime=2.891927236
%%%mzn-stat: variables=2668
%%%mzn-stat: propagators=1769
%%%mzn-stat: failures=1803
%%%mzn-stat: propagations=374382
%%%mzn-stat: nogoods=1803
%%%mzn-stat: numAtomicConstraintsPropagated=0
%%%mzn-stat: allDifferentNumber1TotalHallSetSize=20689
%%%mzn-stat: allDifferentNumber1NumberOfConflicts=1673
%%%mzn-stat: allDifferentNumber1MaxHallSetSize=148
%%%mzn-stat: allDifferentNumber1PropagationsTotal=37827
%%%mzn-stat: allDifferentNumber1PropagationsThatFoundConflict=1673
%%%mzn-stat: circuitNumber2PropagationsThatFoundConflict=49
%%%mzn-stat: circuitNumber2TotalFixedEdgesAtConflict=6779
%%%mzn-stat: circuitNumber2NumberOfConflicts=49
%%%mzn-stat: circuitNumber2PropagationsThatPruned=380
%%%mzn-stat: circuitNumber2PropagationsTotal=33706
%%%mzn-stat: AverageConflictSize=18.813643926788686
%%%mzn-stat: NumUnitNogoodsLearned=0
%%%mzn-stat: AverageLearnedNogoodLength=26.050471436494732
%%%mzn-stat: AverageBacktrackAmount=0
%%%mzn-stat: AverageLbd=16.0216306156406
%%%mzn-stat: 2AutonomousSearchNumBackupCalled=31448
%%%mzn-stat: 2AutonomousSearchNumPredicatesRemoved=0
%%%mzn-stat: 2AutonomousSearchNumCalls=31479
%%%mzn-stat: 2AutonomousSearchNumPredicatesAdded=50882
%%%mzn-stat: 2AutonomousSearchAverageSizeOfHeap=6.932939419930747
%%%mzn-stat: 2AutonomousSearchNumAssignedPredicatesEncountered=218242
%%%mzn-stat-end
maxleg = 814;
succ = array1d(1..150,[17, 18, 10, 67, 37, 20, 16, 9, 39, 4, 27, 72, 12, 50, 71, 96, 26, 59, 101, 62, 3, 54, 46, 108, 2, 23, 22, 1, 42, 14, 48, 57, 29, 30, 91, 45, 133, 53, 61, 56, 63, 64, 47, 137, 15, 25, 5, 41, 33, 79, 135, 55, 105, 13, 126, 84, 24, 38, 7, 83, 60, 123, 104, 88, 52, 65, 66, 31, 19, 139, 132, 102, 78, 77, 44, 138, 143, 128, 11, 36, 109, 28, 116, 141, 35, 106, 117, 93, 6, 81, 97, 40, 124, 58, 113, 51, 142, 74, 122, 111, 85, 129, 110, 100, 34, 21, 144, 134, 68, 107, 136, 114, 115, 150, 112, 70, 99, 130, 94, 148, 147, 145, 119, 90, 131, 73, 149, 82, 98, 127, 49, 32, 92, 125, 87, 103, 146, 75, 80, 118, 8, 89, 76, 121, 69, 43, 120, 140, 95, 86]);
% time elapsed: 4.87 s
----------
%%%mzn-stat: initTime=0.027519911
%%%mzn-stat: objective=805
%%%mzn-stat: nodes=66770
%%%mzn-stat: restarts=0
%%%mzn-stat: peakDepth=1249
%%%mzn-stat: solveTime=2.929974569
%%%mzn-stat: variables=2668
%%%mzn-stat: propagators=1769
%%%mzn-stat: failures=1855
%%%mzn-stat: propagations=381958
%%%mzn-stat: nogoods=1855
%%%mzn-stat: numAtomicConstraintsPropagated=0
%%%mzn-stat: allDifferentNumber1TotalHallSetSize=21093
%%%mzn-stat: allDifferentNumber1NumberOfConflicts=1716
%%%mzn-stat: allDifferentNumber1MaxHallSetSize=148
%%%mzn-stat: allDifferentNumber1PropagationsTotal=38159
%%%mzn-stat: allDifferentNumber1PropagationsThatFoundConflict=1716
%%%mzn-stat: circuitNumber2PropagationsThatFoundConflict=52
%%%mzn-stat: circuitNumber2TotalFixedEdgesAtConflict=7202
%%%mzn-stat: circuitNumber2NumberOfConflicts=52
%%%mzn-stat: circuitNumber2PropagationsThatPruned=413
%%%mzn-stat: circuitNumber2PropagationsTotal=33970
%%%mzn-stat: AverageConflictSize=18.742857142857144
%%%mzn-stat: NumUnitNogoodsLearned=0
%%%mzn-stat: AverageLearnedNogoodLength=26.17735849056604
%%%mzn-stat: AverageBacktrackAmount=0
%%%mzn-stat: AverageLbd=16.019407008086255
%%%mzn-stat: 2AutonomousSearchNumBackupCalled=32366
%%%mzn-stat: 2AutonomousSearchNumPredicatesRemoved=0
%%%mzn-stat: 2AutonomousSearchNumCalls=32398
%%%mzn-stat: 2AutonomousSearchNumPredicatesAdded=55209
%%%mzn-stat: 2AutonomousSearchAverageSizeOfHeap=7.046793011914316
%%%mzn-stat: 2AutonomousSearchNumAssignedPredicatesEncountered=228302
%%%mzn-stat-end
maxleg = 805;
succ = array1d(1..150,[17, 18, 10, 67, 37, 20, 16, 9, 39, 4, 27, 72, 12, 50, 71, 96, 26, 59, 101, 62, 3, 54, 46, 108, 2, 23, 22, 1, 42, 14, 48, 57, 29, 30, 91, 45, 133, 53, 61, 56, 63, 64, 47, 137, 15, 40, 5, 41, 33, 79, 68, 55, 105, 13, 6, 84, 24, 38, 7, 83, 60, 123, 104, 88, 52, 65, 73, 31, 19, 139, 132, 102, 78, 77, 44, 138, 143, 128, 11, 36, 109, 25, 116, 141, 93, 106, 117, 130, 135, 81, 97, 126, 124, 58, 113, 51, 142, 74, 122, 111, 85, 129, 134, 100, 34, 21, 144, 110, 66, 107, 35, 114, 115, 150, 112, 70, 99, 136, 94, 148, 147, 145, 119, 90, 131, 28, 149, 82, 98, 127, 49, 32, 92, 125, 87, 103, 146, 75, 80, 118, 8, 89, 76, 121, 69, 43, 120, 140, 95, 86]);
% time elapsed: 4.91 s
----------
%%%mzn-stat: initTime=0.027519911
%%%mzn-stat: objective=801
%%%mzn-stat: nodes=67760
%%%mzn-stat: restarts=0
%%%mzn-stat: peakDepth=1249
%%%mzn-stat: solveTime=2.945197209
%%%mzn-stat: variables=2668
%%%mzn-stat: propagators=1769
%%%mzn-stat: failures=1863
%%%mzn-stat: propagations=385773
%%%mzn-stat: nogoods=1863
%%%mzn-stat: numAtomicConstraintsPropagated=0
%%%mzn-stat: allDifferentNumber1TotalHallSetSize=21103
%%%mzn-stat: allDifferentNumber1NumberOfConflicts=1720
%%%mzn-stat: allDifferentNumber1MaxHallSetSize=148
%%%mzn-stat: allDifferentNumber1PropagationsTotal=38261
%%%mzn-stat: allDifferentNumber1PropagationsThatFoundConflict=1720
%%%mzn-stat: circuitNumber2PropagationsThatFoundConflict=54
%%%mzn-stat: circuitNumber2TotalFixedEdgesAtConflict=7486
%%%mzn-stat: circuitNumber2NumberOfConflicts=54
%%%mzn-stat: circuitNumber2PropagationsThatPruned=414
%%%mzn-stat: circuitNumber2PropagationsTotal=34065
%%%mzn-stat: AverageConflictSize=18.757917337627482
%%%mzn-stat: NumUnitNogoodsLearned=0
%%%mzn-stat: AverageLearnedNogoodLength=26.276435856146
%%%mzn-stat: AverageBacktrackAmount=0
%%%mzn-stat: AverageLbd=16.067632850241544
%%%mzn-stat: 2AutonomousSearchNumBackupCalled=33263
%%%mzn-stat: 2AutonomousSearchNumPredicatesRemoved=0
%%%mzn-stat: 2AutonomousSearchNumCalls=33296
%%%mzn-stat: 2AutonomousSearchNumPredicatesAdded=56640
%%%mzn-stat: 2AutonomousSearchAverageSizeOfHeap=7.162932484382509
%%%mzn-stat: 2AutonomousSearchNumAssignedPredicatesEncountered=238497
%%%mzn-stat-end
maxleg = 801;
succ = array1d(1..150,[17, 18, 10, 67, 37, 20, 16, 9, 39, 4, 27, 72, 12, 50, 71, 96, 26, 59, 101, 62, 3, 54, 46, 108, 2, 23, 22, 1, 42, 14, 48, 57, 29, 30, 91, 45, 133, 53, 61, 56, 63, 64, 47, 137, 15, 40, 5, 41, 33, 79, 68, 55, 105, 13, 6, 84, 24, 38, 7, 83, 60, 123, 104, 88, 52, 65, 73, 31, 19, 139, 132, 102, 78, 77, 44, 138, 143, 128, 11, 36, 145, 25, 116, 141, 35, 106, 117, 93, 135, 81, 97, 126, 124, 58, 113, 146, 142, 74, 32, 111, 85, 129, 134, 100, 34, 21, 95, 110, 66, 107, 136, 114, 115, 150, 112, 70, 99, 130, 94, 148, 147, 51, 119, 90, 131, 28, 149, 82, 98, 127, 49, 144, 92, 125, 87, 103, 122, 75, 80, 118, 8, 89, 76, 121, 69, 43, 120, 140, 109, 86]);
% time elapsed: 4.93 s
----------
%%%mzn-stat: initTime=0.027519911
%%%mzn-stat: objective=794
%%%mzn-stat: nodes=68800
%%%mzn-stat: restarts=0
%%%mzn-stat: peakDepth=1249
%%%mzn-stat: solveTime=2.966173872
%%%mzn-stat: variables=2668
%%%mzn-stat: propagators=1769
%%%mzn-stat: failures=1880
%%%mzn-stat: propagations=390503
%%%mzn-stat: nogoods=1880
%%%mzn-stat: numAtomicConstraintsPropagated=0
%%%mzn-stat: allDifferentNumber1TotalHallSetSize=21212
%%%mzn-stat: allDifferentNumber1NumberOfConflicts=1737
%%%mzn-stat: allDifferentNumber1MaxHallSetSize=148
%%%mzn-stat: allDifferentNumber1PropagationsTotal=38449
%%%mzn-stat: allDifferentNumber1PropagationsThatFoundConflict=1737
%%%mzn-stat: circuitNumber2PropagationsThatFoundConflict=54
%%%mzn-stat: circuitNumber2TotalFixedEdgesAtConflict=7486
%%%mzn-stat: circuitNumber2NumberOfConflicts=54
%%%mzn-stat: circuitNumber2PropagationsThatPruned=418
%%%mzn-stat: circuitNumber2PropagationsTotal=34226
%%%mzn-stat: AverageConflictSize=18.72872340425532
%%%mzn-stat: NumUnitNogoodsLearned=0
%%%mzn-stat: AverageLearnedNogoodLength=26.302659574468084
%%%mzn-stat: AverageBacktrackAmount=0
%%%mzn-stat: AverageLbd=16.057978723404254
%%%mzn-stat: 2AutonomousSearchNumBackupCalled=34145
%%%mzn-stat: 2AutonomousSearchNumPredicatesRemoved=0
%%%mzn-stat: 2AutonomousSearchNumCalls=34179
%%%mzn-stat: 2AutonomousSearchNumPredicatesAdded=58573
%%%mzn-stat: 2AutonomousSearchAverageSizeOfHeap=7.27783141695193
%%%mzn-stat: 2AutonomousSearchNumAssignedPredicatesEncountered=248749
%%%mzn-stat-end
maxleg = 794;
succ = array1d(1..150,[17, 18, 10, 67, 37, 20, 16, 9, 39, 4, 27, 72, 12, 50, 71, 96, 26, 59, 101, 62, 3, 54, 46, 108, 2, 23, 22, 1, 42, 14, 48, 57, 29, 30, 91, 45, 133, 53, 61, 56, 63, 64, 47, 137, 15, 40, 5, 41, 33, 79, 68, 55, 105, 13, 6, 84, 24, 38, 7, 83, 60, 123, 104, 88, 144, 65, 73, 31, 19, 139, 132, 102, 78, 77, 146, 138, 143, 128, 11, 36, 109, 44, 92, 141, 35, 106, 117, 93, 135, 81, 97, 126, 124, 58, 113, 51, 142, 74, 110, 111, 85, 129, 52, 100, 34, 21, 28, 134, 66, 107, 136, 114, 115, 150, 112, 70, 99, 130, 94, 148, 147, 145, 119, 90, 131, 25, 149, 82, 98, 127, 49, 32, 116, 125, 87, 103, 122, 75, 80, 118, 8, 89, 76, 121, 69, 43, 120, 140, 95, 86]);
% time elapsed: 4.95 s
----------
%%%mzn-stat: initTime=0.027519911
%%%mzn-stat: objective=793
%%%mzn-stat: nodes=69956
%%%mzn-stat: restarts=0
%%%mzn-stat: peakDepth=1249
%%%mzn-stat: solveTime=3.02602004
%%%mzn-stat: variables=2668
%%%mzn-stat: propagators=1769
%%%mzn-stat: failures=1955
%%%mzn-stat: propagations=399270
%%%mzn-stat: nogoods=1955
%%%mzn-stat: numAtomicConstraintsPropagated=0
%%%mzn-stat: allDifferentNumber1TotalHallSetSize=21552
%%%mzn-stat: allDifferentNumber1NumberOfConflicts=1784
%%%mzn-stat: allDifferentNumber1MaxHallSetSize=148
%%%mzn-stat: allDifferentNumber1PropagationsTotal=38779
%%%mzn-stat: allDifferentNumber1PropagationsThatFoundConflict=1784
%%%mzn-stat: circuitNumber2PropagationsThatFoundConflict=64
%%%mzn-stat: circuitNumber2TotalFixedEdgesAtConflict=8872
%%%mzn-stat: circuitNumber2NumberOfConflicts=64
%%%mzn-stat: circuitNumber2PropagationsThatPruned=433
%%%mzn-stat: circuitNumber2PropagationsTotal=34483
%%%mzn-stat: AverageConflictSize=18.6537084398977
%%%mzn-stat: NumUnitNogoodsLearned=0
%%%mzn-stat: AverageLearnedNogoodLength=27.404092071611252
%%%mzn-stat: AverageBacktrackAmount=0
%%%mzn-stat: AverageLbd=16.520716112531968
%%%mzn-stat: 2AutonomousSearchNumBackupCalled=35055
%%%mzn-stat: 2AutonomousSearchNumPredicatesRemoved=0
%%%mzn-stat: 2AutonomousSearchNumCalls=35090
%%%mzn-stat: 2AutonomousSearchNumPredicatesAdded=62837
%%%mzn-stat: 2AutonomousSearchAverageSizeOfHeap=7.397577657452266
%%%mzn-stat: 2AutonomousSearchNumAssignedPredicatesEncountered=259581
%%%mzn-stat-end
maxleg = 793;
succ = array1d(1..150,[17, 18, 10, 67, 37, 20, 16, 9, 39, 4, 27, 72, 12, 50, 71, 96, 26, 59, 101, 62, 3, 54, 46, 108, 2, 23, 22, 1, 42, 14, 48, 57, 29, 30, 91, 45, 133, 53, 61, 56, 63, 64, 47, 137, 15, 40, 5, 41, 33, 79, 68, 55, 105, 13, 6, 84, 24, 38, 7, 83, 60, 123, 104, 88, 144, 65, 73, 110, 19, 139, 132, 116, 78, 77, 146, 138, 143, 128, 11, 36, 109, 44, 31, 141, 35, 106, 117, 93, 135, 81, 97, 126, 124, 58, 113, 51, 142, 75, 32, 25, 85, 129, 52, 100, 34, 21, 95, 134, 66, 107, 136, 114, 115, 150, 112, 70, 99, 130, 94, 148, 147, 145, 119, 90, 131, 28, 149, 82, 98, 127, 49, 102, 92, 125, 87, 103, 122, 111, 80, 118, 8, 89, 76, 121, 69, 43, 120, 140, 74, 86]);
% time elapsed: 5.02 s
----------
%%%mzn-stat: initTime=0.027519911
%%%mzn-stat: objective=790
%%%mzn-stat: nodes=71317
%%%mzn-stat: restarts=0
%%%mzn-stat: peakDepth=1249
%%%mzn-stat: solveTime=3.094184412
%%%mzn-stat: variables=2668
%%%mzn-stat: propagators=1769
%%%mzn-stat: failures=2015
%%%mzn-stat: propagations=411594
%%%mzn-stat: nogoods=2015
%%%mzn-stat: numAtomicConstraintsPropagated=0
%%%mzn-stat: allDifferentNumber1TotalHallSetSize=21930
%%%mzn-stat: allDifferentNumber1NumberOfConflicts=1828
%%%mzn-stat: allDifferentNumber1MaxHallSetSize=148
%%%mzn-stat: allDifferentNumber1PropagationsTotal=39353
%%%mzn-stat: allDifferentNumber1PropagationsThatFoundConflict=1828
%%%mzn-stat: circuitNumber2PropagationsThatFoundConflict=72
%%%mzn-stat: circuitNumber2TotalFixedEdgesAtConflict=10044
%%%mzn-stat: circuitNumber2NumberOfConflicts=72
%%%mzn-stat: circuitNumber2PropagationsThatPruned=455
%%%mzn-stat: circuitNumber2PropagationsTotal=34974
%%%mzn-stat: AverageConflictSize=18.828287841191067
%%%mzn-stat: NumUnitNogoodsLearned=0
%%%mzn-stat: AverageLearnedNogoodLength=28.10272952853598
%%%mzn-stat: AverageBacktrackAmount=0
%%%mzn-stat: AverageLbd=16.744913151364763
%%%mzn-stat: 2AutonomousSearchNumBackupCalled=35930
%%%mzn-stat: 2AutonomousSearchNumPredicatesRemoved=0
%%%mzn-stat: 2AutonomousSearchNumCalls=35966
%%%mzn-stat: 2AutonomousSearchNumPredicatesAdded=67042
%%%mzn-stat: 2AutonomousSearchAverageSizeOfHeap=7.5246899849858195
%%%mzn-stat: 2AutonomousSearchNumAssignedPredicatesEncountered=270633
%%%mzn-stat-end
maxleg = 790;
succ = array1d(1..150,[17, 18, 10, 67, 37, 20, 16, 9, 39, 4, 27, 72, 12, 50, 71, 96, 26, 59, 101, 62, 3, 54, 46, 108, 2, 23, 22, 1, 42, 14, 48, 57, 29, 30, 91, 45, 133, 53, 61, 56, 63, 64, 47, 137, 15, 40, 5, 41, 33, 79, 68, 55, 105, 25, 6, 84, 24, 38, 7, 83, 60, 123, 104, 88, 144, 65, 103, 110, 19, 139, 132, 116, 78, 49, 44, 138, 102, 128, 11, 36, 109, 77, 120, 141, 35, 106, 117, 93, 135, 81, 13, 126, 124, 58, 113, 51, 142, 95, 122, 111, 85, 129, 52, 100, 34, 21, 28, 134, 66, 107, 136, 114, 115, 150, 112, 70, 99, 130, 94, 148, 147, 145, 119, 90, 131, 73, 149, 82, 98, 127, 31, 32, 92, 125, 87, 143, 146, 75, 80, 118, 8, 89, 76, 121, 69, 43, 97, 140, 74, 86]);
% time elapsed: 5.09 s
----------
%%%mzn-stat: initTime=0.027519911
%%%mzn-stat: objective=789
%%%mzn-stat: nodes=72356
%%%mzn-stat: restarts=0
%%%mzn-stat: peakDepth=1249
%%%mzn-stat: solveTime=3.12202099
%%%mzn-stat: variables=2668
%%%mzn-stat: propagators=1769
%%%mzn-stat: failures=2043
%%%mzn-stat: propagations=416872
%%%mzn-stat: nogoods=2043
%%%mzn-stat: numAtomicConstraintsPropagated=0
%%%mzn-stat: allDifferentNumber1TotalHallSetSize=22067
%%%mzn-stat: allDifferentNumber1NumberOfConflicts=1847
%%%mzn-stat: allDifferentNumber1MaxHallSetSize=148
%%%mzn-stat: allDifferentNumber1PropagationsTotal=39562
%%%mzn-stat: allDifferentNumber1PropagationsThatFoundConflict=1847
%%%mzn-stat: circuitNumber2PropagationsThatFoundConflict=75
%%%mzn-stat: circuitNumber2TotalFixedEdgesAtConflict=10456
%%%mzn-stat: circuitNumber2NumberOfConflicts=75
%%%mzn-stat: circuitNumber2PropagationsThatPruned=476
%%%mzn-stat: circuitNumber2PropagationsTotal=35152
%%%mzn-stat: AverageConflictSize=18.96035242290749
%%%mzn-stat: NumUnitNogoodsLearned=0
%%%mzn-stat: AverageLearnedNogoodLength=28.32892804698972
%%%mzn-stat: AverageBacktrackAmount=0
%%%mzn-stat: AverageLbd=16.82427802251591
%%%mzn-stat: 2AutonomousSearchNumBackupCalled=36810
%%%mzn-stat: 2AutonomousSearchNumPredicatesRemoved=0
%%%mzn-stat: 2AutonomousSearchNumCalls=36847
%%%mzn-stat: 2AutonomousSearchNumPredicatesAdded=69448
%%%mzn-stat: 2AutonomousSearchAverageSizeOfHeap=7.650609276196162
%%%mzn-stat: 2AutonomousSearchNumAssignedPredicatesEncountered=281902
%%%mzn-stat-end
maxleg = 789;
succ = array1d(1..150,[17, 18, 10, 67, 37, 20, 16, 9, 39, 4, 27, 72, 12, 50, 71, 96, 26, 59, 101, 62, 3, 54, 46, 108, 2, 23, 22, 1, 42, 14, 48, 57, 29, 30, 91, 45, 133, 53, 61, 56, 63, 64, 47, 137, 15, 40, 5, 41, 33, 79, 68, 55, 105, 25, 6, 84, 24, 38, 7, 83, 60, 123, 107, 88, 144, 80, 143, 110, 19, 139, 132, 116, 78, 77, 146, 138, 82, 93, 11, 36, 65, 44, 120, 69, 35, 106, 117, 130, 135, 81, 13, 126, 124, 128, 113, 51, 142, 74, 32, 111, 85, 129, 52, 100, 34, 21, 95, 134, 104, 49, 115, 114, 121, 150, 112, 70, 141, 136, 94, 148, 147, 145, 119, 90, 131, 28, 149, 73, 98, 127, 31, 102, 92, 125, 87, 103, 122, 75, 99, 118, 8, 89, 76, 66, 58, 43, 97, 140, 109, 86]);
% time elapsed: 5.12 s
----------
%%%mzn-stat: initTime=0.027519911
%%%mzn-stat: objective=787
%%%mzn-stat: nodes=73646
%%%mzn-stat: restarts=0
%%%mzn-stat: peakDepth=1249
%%%mzn-stat: solveTime=3.187419181
%%%mzn-stat: variables=2668
%%%mzn-stat: propagators=1769
%%%mzn-stat: failures=2121
%%%mzn-stat: propagations=426619
%%%mzn-stat: nogoods=2121
%%%mzn-stat: numAtomicConstraintsPropagated=0
%%%mzn-stat: allDifferentNumber1TotalHallSetSize=22671
%%%mzn-stat: allDifferentNumber1NumberOfConflicts=1917
%%%mzn-stat: allDifferentNumber1MaxHallSetSize=148
%%%mzn-stat: allDifferentNumber1PropagationsTotal=40090
%%%mzn-stat: allDifferentNumber1PropagationsThatFoundConflict=1917
%%%mzn-stat: circuitNumber2PropagationsThatFoundConflict=77
%%%mzn-stat: circuitNumber2TotalFixedEdgesAtConflict=10721
%%%mzn-stat: circuitNumber2NumberOfConflicts=77
%%%mzn-stat: circuitNumber2PropagationsThatPruned=507
%%%mzn-stat: circuitNumber2PropagationsTotal=35564
%%%mzn-stat: AverageConflictSize=19.21876473361622
%%%mzn-stat: NumUnitNogoodsLearned=0
%%%mzn-stat: AverageLearnedNogoodLength=29.115040075436116
%%%mzn-stat: AverageBacktrackAmount=0
%%%mzn-stat: AverageLbd=17.006129184347007
%%%mzn-stat: 2AutonomousSearchNumBackupCalled=37710
%%%mzn-stat: 2AutonomousSearchNumPredicatesRemoved=0
%%%mzn-stat: 2AutonomousSearchNumCalls=37748
%%%mzn-stat: 2AutonomousSearchNumPredicatesAdded=72901
%%%mzn-stat: 2AutonomousSearchAverageSizeOfHeap=7.783723640987602
%%%mzn-stat: 2AutonomousSearchNumAssignedPredicatesEncountered=293820
%%%mzn-stat-end
maxleg = 787;
succ = array1d(1..150,[17, 18, 10, 67, 37, 20, 16, 9, 39, 4, 27, 72, 12, 50, 71, 96, 26, 59, 101, 62, 3, 54, 46, 108, 2, 23, 22, 1, 42, 14, 48, 57, 29, 30, 91, 45, 133, 53, 61, 56, 63, 64, 47, 137, 15, 40, 5, 41, 33, 79, 68, 55, 105, 25, 6, 84, 24, 38, 51, 83, 60, 123, 107, 88, 144, 80, 148, 110, 19, 139, 132, 116, 78, 7, 44, 138, 82, 93, 11, 36, 65, 75, 120, 69, 35, 106, 117, 130, 135, 81, 13, 126, 124, 128, 113, 146, 142, 74, 32, 111, 85, 129, 52, 100, 92, 21, 95, 134, 104, 49, 115, 114, 121, 150, 112, 70, 141, 136, 94, 34, 147, 145, 119, 90, 131, 28, 149, 73, 98, 127, 31, 102, 143, 125, 87, 103, 122, 77, 99, 118, 8, 89, 76, 66, 58, 43, 97, 140, 109, 86]);
% time elapsed: 5.19 s
----------
%%%mzn-stat: initTime=0.027519911
%%%mzn-stat: objective=778
%%%mzn-stat: nodes=74795
%%%mzn-stat: restarts=0
%%%mzn-stat: peakDepth=1249
%%%mzn-stat: solveTime=3.233193286
%%%mzn-stat: variables=2668
%%%mzn-stat: propagators=1769
%%%mzn-stat: failures=2171
%%%mzn-stat: propagations=433809
%%%mzn-stat: nogoods=2171
%%%mzn-stat: numAtomicConstraintsPropagated=0
%%%mzn-stat: allDifferentNumber1TotalHallSetSize=23060
%%%mzn-stat: allDifferentNumber1NumberOfConflicts=1958
%%%mzn-stat: allDifferentNumber1MaxHallSetSize=148
%%%mzn-stat: allDifferentNumber1PropagationsTotal=40439
%%%mzn-stat: allDifferentNumber1PropagationsThatFoundConflict=1958
%%%mzn-stat: circuitNumber2PropagationsThatFoundConflict=78
%%%mzn-stat: circuitNumber2TotalFixedEdgesAtConflict=10850
%%%mzn-stat: circuitNumber2NumberOfConflicts=78
%%%mzn-stat: circuitNumber2PropagationsThatPruned=515
%%%mzn-stat: circuitNumber2PropagationsTotal=35843
%%%mzn-stat: AverageConflictSize=19.26807922616306
%%%mzn-stat: NumUnitNogoodsLearned=0
%%%mzn-stat: AverageLearnedNogoodLength=29.55688622754491
%%%mzn-stat: AverageBacktrackAmount=0
%%%mzn-stat: AverageLbd=17.101796407185628
%%%mzn-stat: 2AutonomousSearchNumBackupCalled=38577
%%%mzn-stat: 2AutonomousSearchNumPredicatesRemoved=0
%%%mzn-stat: 2AutonomousSearchNumCalls=38616
%%%mzn-stat: 2AutonomousSearchNumPredicatesAdded=75945
%%%mzn-stat: 2AutonomousSearchAverageSizeOfHeap=7.921146674953387
%%%mzn-stat: 2AutonomousSearchNumAssignedPredicatesEncountered=305883
%%%mzn-stat-end
maxleg = 778;
succ = array1d(1..150,[17, 18, 10, 67, 37, 20, 16, 9, 39, 4, 27, 72, 12, 50, 71, 96, 26, 59, 101, 62, 3, 54, 46, 108, 2, 23, 22, 1, 42, 14, 48, 57, 29, 30, 91, 45, 133, 53, 61, 56, 63, 64, 47, 137, 15, 40, 5, 41, 86, 79, 68, 55, 105, 25, 6, 84, 24, 77, 7, 83, 60, 123, 114, 88, 144, 80, 103, 110, 19, 139, 132, 33, 78, 49, 146, 138, 82, 128, 11, 36, 65, 28, 92, 141, 35, 106, 117, 93, 135, 81, 13, 126, 124, 58, 113, 51, 142, 74, 32, 111, 85, 129, 52, 100, 34, 21, 95, 134, 104, 107, 115, 44, 121, 150, 112, 70, 99, 136, 94, 148, 147, 145, 119, 90, 131, 73, 149, 38, 98, 127, 31, 102, 116, 125, 87, 143, 122, 75, 89, 118, 8, 120, 76, 66, 69, 43, 97, 140, 109, 130]);
% time elapsed: 5.24 s
----------
%%%mzn-stat: initTime=0.027519911
%%%mzn-stat: objective=763
%%%mzn-stat: nodes=75809
%%%mzn-stat: restarts=0
%%%mzn-stat: peakDepth=1249
%%%mzn-stat: solveTime=3.277286785
%%%mzn-stat: variables=2668
%%%mzn-stat: propagators=1769
%%%mzn-stat: failures=2224
%%%mzn-stat: propagations=440336
%%%mzn-stat: nogoods=2224
%%%mzn-stat: numAtomicConstraintsPropagated=0
%%%mzn-stat: allDifferentNumber1TotalHallSetSize=23405
%%%mzn-stat: allDifferentNumber1NumberOfConflicts=2000
%%%mzn-stat: allDifferentNumber1MaxHallSetSize=148
%%%mzn-stat: allDifferentNumber1PropagationsTotal=40672
%%%mzn-stat: allDifferentNumber1PropagationsThatFoundConflict=2000
%%%mzn-stat: circuitNumber2PropagationsThatFoundConflict=83
%%%mzn-stat: circuitNumber2TotalFixedEdgesAtConflict=11558
%%%mzn-stat: circuitNumber2NumberOfConflicts=83
%%%mzn-stat: circuitNumber2PropagationsThatPruned=524
%%%mzn-stat: circuitNumber2PropagationsTotal=36009
%%%mzn-stat: AverageConflictSize=19.274280575539567
%%%mzn-stat: NumUnitNogoodsLearned=0
%%%mzn-stat: AverageLearnedNogoodLength=29.993705035971225
%%%mzn-stat: AverageBacktrackAmount=0
%%%mzn-stat: AverageLbd=17.259442446043167
%%%mzn-stat: 2AutonomousSearchNumBackupCalled=39430
%%%mzn-stat: 2AutonomousSearchNumPredicatesRemoved=0
%%%mzn-stat: 2AutonomousSearchNumCalls=39470
%%%mzn-stat: 2AutonomousSearchNumPredicatesAdded=80103
%%%mzn-stat: 2AutonomousSearchAverageSizeOfHeap=8.062705852546237
%%%mzn-stat: 2AutonomousSearchNumAssignedPredicatesEncountered=318235
%%%mzn-stat-end
maxleg = 763;
succ = array1d(1..150,[17, 18, 10, 67, 37, 20, 16, 9, 39, 4, 27, 72, 12, 50, 71, 96, 26, 59, 101, 62, 3, 54, 46, 108, 2, 23, 22, 1, 42, 14, 48, 57, 29, 30, 91, 45, 133, 53, 61, 56, 63, 64, 47, 137, 15, 40, 5, 41, 86, 79, 68, 55, 105, 25, 6, 84, 24, 77, 51, 83, 116, 134, 107, 88, 144, 80, 148, 110, 19, 139, 132, 33, 78, 49, 130, 138, 82, 128, 11, 36, 65, 44, 92, 109, 35, 106, 117, 93, 135, 81, 13, 126, 124, 58, 113, 60, 142, 95, 32, 111, 123, 129, 120, 100, 34, 21, 85, 28, 104, 122, 115, 114, 121, 150, 112, 70, 141, 136, 94, 52, 147, 145, 119, 90, 131, 73, 149, 38, 98, 127, 31, 102, 143, 125, 87, 103, 146, 75, 99, 118, 8, 89, 76, 66, 69, 43, 97, 140, 74, 7]);
% time elapsed: 5.29 s
----------
%%%mzn-stat: initTime=0.027519911
%%%mzn-stat: objective=759
%%%mzn-stat: nodes=77072
%%%mzn-stat: restarts=0
%%%mzn-stat: peakDepth=1249
%%%mzn-stat: solveTime=3.429908308
%%%mzn-stat: variables=2668
%%%mzn-stat: propagators=1769
%%%mzn-stat: failures=2429
%%%mzn-stat: propagations=457580
%%%mzn-stat: nogoods=2429
%%%mzn-stat: numAtomicConstraintsPropagated=0
%%%mzn-stat: allDifferentNumber1TotalHallSetSize=25322
%%%mzn-stat: allDifferentNumber1NumberOfConflicts=2154
%%%mzn-stat: allDifferentNumber1MaxHallSetSize=148
%%%mzn-stat: allDifferentNumber1PropagationsTotal=41422
%%%mzn-stat: allDifferentNumber1PropagationsThatFoundConflict=2154
%%%mzn-stat: circuitNumber2PropagationsThatFoundConflict=98
%%%mzn-stat: circuitNumber2TotalFixedEdgesAtConflict=13595
%%%mzn-stat: circuitNumber2NumberOfConflicts=98
%%%mzn-stat: circuitNumber2PropagationsThatPruned=660
%%%mzn-stat: circuitNumber2PropagationsTotal=36541
%%%mzn-stat: AverageConflictSize=19.970769864141623
%%%mzn-stat: NumUnitNogoodsLearned=0
%%%mzn-stat: AverageLearnedNogoodLength=32.80444627418691
%%%mzn-stat: AverageBacktrackAmount=0
%%%mzn-stat: AverageLbd=18.093042404281597
%%%mzn-stat: 2AutonomousSearchNumBackupCalled=40284
%%%mzn-stat: 2AutonomousSearchNumPredicatesRemoved=0
%%%mzn-stat: 2AutonomousSearchNumCalls=40325
%%%mzn-stat: 2AutonomousSearchNumPredicatesAdded=86398
%%%mzn-stat: 2AutonomousSearchAverageSizeOfHeap=8.213267203967762
%%%mzn-stat: 2AutonomousSearchNumAssignedPredicatesEncountered=331200
%%%mzn-stat-end
maxleg = 759;
succ = array1d(1..150,[17, 18, 10, 67, 37, 20, 16, 9, 39, 4, 27, 72, 12, 50, 71, 96, 26, 59, 101, 62, 3, 54, 46, 108, 2, 23, 22, 1, 42, 14, 48, 57, 29, 30, 112, 45, 133, 53, 61, 56, 63, 64, 47, 137, 15, 40, 5, 41, 86, 79, 68, 55, 105, 25, 6, 84, 24, 77, 51, 83, 7, 134, 107, 88, 144, 80, 33, 110, 19, 139, 132, 116, 78, 49, 146, 138, 82, 128, 11, 36, 65, 75, 92, 109, 35, 106, 117, 93, 135, 81, 13, 126, 124, 58, 113, 60, 142, 95, 32, 121, 123, 129, 52, 100, 34, 21, 85, 28, 104, 44, 136, 114, 115, 150, 99, 70, 141, 91, 94, 148, 147, 145, 119, 90, 131, 73, 149, 38, 98, 127, 31, 102, 143, 125, 87, 103, 122, 111, 89, 118, 8, 120, 76, 66, 69, 43, 97, 140, 74, 130]);
% time elapsed: 5.44 s
----------
%%%mzn-stat: initTime=0.027519911
%%%mzn-stat: objective=752
%%%mzn-stat: nodes=78052
%%%mzn-stat: restarts=0
%%%mzn-stat: peakDepth=1249
%%%mzn-stat: solveTime=3.446757476
%%%mzn-stat: variables=2668
%%%mzn-stat: propagators=1769
%%%mzn-stat: failures=2443
%%%mzn-stat: propagations=461797
%%%mzn-stat: nogoods=2443
%%%mzn-stat: numAtomicConstraintsPropagated=0
%%%mzn-stat: allDifferentNumber1TotalHallSetSize=25407
%%%mzn-stat: allDifferentNumber1NumberOfConflicts=2167
%%%mzn-stat: allDifferentNumber1MaxHallSetSize=148
%%%mzn-stat: allDifferentNumber1PropagationsTotal=41580
%%%mzn-stat: allDifferentNumber1PropagationsThatFoundConflict=2167
%%%mzn-stat: circuitNumber2PropagationsThatFoundConflict=98
%%%mzn-stat: circuitNumber2TotalFixedEdgesAtConflict=13595
%%%mzn-stat: circuitNumber2NumberOfConflicts=98
%%%mzn-stat: circuitNumber2PropagationsThatPruned=665
%%%mzn-stat: circuitNumber2PropagationsTotal=36670
%%%mzn-stat: AverageConflictSize=19.966844044207942
%%%mzn-stat: NumUnitNogoodsLearned=0
%%%mzn-stat: AverageLearnedNogoodLength=32.82112157183791
%%%mzn-stat: AverageBacktrackAmount=0
%%%mzn-stat: AverageLbd=18.092918542775276
%%%mzn-stat: 2AutonomousSearchNumBackupCalled=41137
%%%mzn-stat: 2AutonomousSearchNumPredicatesRemoved=0
%%%mzn-stat: 2AutonomousSearchNumCalls=41179
%%%mzn-stat: 2AutonomousSearchNumPredicatesAdded=86996
%%%mzn-stat: 2AutonomousSearchAverageSizeOfHeap=8.357779450690886
%%%mzn-stat: 2AutonomousSearchNumAssignedPredicatesEncountered=344165
%%%mzn-stat-end
maxleg = 752;
succ = array1d(1..150,[17, 18, 10, 67, 37, 20, 16, 9, 39, 4, 27, 72, 12, 50, 71, 96, 26, 59, 101, 62, 3, 54, 46, 108, 2, 23, 22, 1, 42, 14, 48, 57, 29, 30, 112, 45, 133, 53, 61, 56, 63, 64, 47, 137, 15, 40, 5, 41, 86, 79, 68, 55, 105, 25, 6, 84, 24, 77, 51, 83, 60, 134, 107, 88, 144, 80, 33, 110, 19, 139, 132, 116, 78, 49, 146, 138, 82, 128, 11, 36, 65, 75, 92, 69, 35, 106, 117, 130, 135, 81, 13, 126, 124, 58, 113, 93, 142, 74, 32, 121, 123, 129, 52, 100, 34, 21, 85, 28, 104, 44, 136, 114, 115, 150, 99, 70, 141, 91, 94, 148, 147, 145, 119, 90, 131, 73, 149, 38, 98, 127, 31, 102, 143, 125, 87, 103, 122, 111, 89, 118, 8, 120, 76, 66, 95, 43, 97, 140, 109, 7]);
% time elapsed: 5.46 s
----------
==========
% time elapsed: 5.46 s
%%%mzn-stat: initTime=0.027519911
%%%mzn-stat: objective=752
%%%mzn-stat: nodes=78052
%%%mzn-stat: restarts=0
%%%mzn-stat: peakDepth=1249
%%%mzn-stat: solveTime=3.4472130610000002
%%%mzn-stat: variables=2668
%%%mzn-stat: propagators=1769
%%%mzn-stat: failures=2444
%%%mzn-stat: propagations=462258
%%%mzn-stat: nogoods=2444
%%%mzn-stat: numAtomicConstraintsPropagated=0
%%%mzn-stat: allDifferentNumber1TotalHallSetSize=25407
%%%mzn-stat: allDifferentNumber1NumberOfConflicts=2167
%%%mzn-stat: allDifferentNumber1MaxHallSetSize=148
%%%mzn-stat: allDifferentNumber1PropagationsTotal=41580
%%%mzn-stat: allDifferentNumber1PropagationsThatFoundConflict=2167
%%%mzn-stat: circuitNumber2PropagationsThatFoundConflict=98
%%%mzn-stat: circuitNumber2TotalFixedEdgesAtConflict=13595
%%%mzn-stat: circuitNumber2NumberOfConflicts=98
%%%mzn-stat: circuitNumber2PropagationsThatPruned=665
%%%mzn-stat: circuitNumber2PropagationsTotal=36670
%%%mzn-stat: AverageConflictSize=19.95949263502455
%%%mzn-stat: NumUnitNogoodsLearned=1
%%%mzn-stat: AverageLearnedNogoodLength=32.80810147299509
%%%mzn-stat: AverageBacktrackAmount=0
%%%mzn-stat: AverageLbd=18.085924713584287
%%%mzn-stat: 2AutonomousSearchNumBackupCalled=41137
%%%mzn-stat: 2AutonomousSearchNumPredicatesRemoved=0
%%%mzn-stat: 2AutonomousSearchNumCalls=41179
%%%mzn-stat: 2AutonomousSearchNumPredicatesAdded=87079
%%%mzn-stat: 2AutonomousSearchAverageSizeOfHeap=8.357779450690886
%%%mzn-stat: 2AutonomousSearchNumAssignedPredicatesEncountered=344165
%%%mzn-stat-end
