%%%mzn-stat: initTime=0.002040775
%%%mzn-stat: objective=356
%%%mzn-stat: nodes=512
%%%mzn-stat: restarts=0
%%%mzn-stat: peakDepth=79
%%%mzn-stat: solveTime=0.027119495
%%%mzn-stat: variables=300
%%%mzn-stat: propagators=197
%%%mzn-stat: failures=412
%%%mzn-stat: propagations=55419
%%%mzn-stat: nogoods=412
%%%mzn-stat: AverageConflictSize=2.558252427184466
%%%mzn-stat: NumUnitNogoodsLearned=355
%%%mzn-stat: AverageLearnedNogoodLength=3.441747572815534
%%%mzn-stat: AverageBacktrackAmount=0
%%%mzn-stat: AverageLbd=1.337378640776699
%%%mzn-stat-end
maxleg = 356;
succ = array1d(1..20,[7, 15, 12, 10, 6, 19, 16, 18, 11, 17, 8, 4, 3, 13, 1, 14, 9, 5, 20, 2]);
% time elapsed: 9.78 s
----------
==========
% time elapsed: 9.78 s
%%%mzn-stat: initTime=0.002040775
%%%mzn-stat: objective=356
%%%mzn-stat: nodes=512
%%%mzn-stat: restarts=0
%%%mzn-stat: peakDepth=79
%%%mzn-stat: solveTime=0.027122661
%%%mzn-stat: variables=300
%%%mzn-stat: propagators=197
%%%mzn-stat: failures=412
%%%mzn-stat: propagations=55419
%%%mzn-stat: nogoods=412
%%%mzn-stat: AverageConflictSize=2.558252427184466
%%%mzn-stat: NumUnitNogoodsLearned=355
%%%mzn-stat: AverageLearnedNogoodLength=3.441747572815534
%%%mzn-stat: AverageBacktrackAmount=0
%%%mzn-stat: AverageLbd=1.337378640776699
%%%mzn-stat-end
