%%%mzn-stat: initTime=0.002985704
%%%mzn-stat: objective=381
%%%mzn-stat: nodes=482
%%%mzn-stat: restarts=0
%%%mzn-stat: peakDepth=76
%%%mzn-stat: solveTime=0.027342169
%%%mzn-stat: variables=372
%%%mzn-stat: propagators=253
%%%mzn-stat: failures=389
%%%mzn-stat: propagations=70912
%%%mzn-stat: nogoods=389
%%%mzn-stat: AverageConflictSize=2.0488431876606685
%%%mzn-stat: NumUnitNogoodsLearned=380
%%%mzn-stat: AverageLearnedNogoodLength=1.583547557840617
%%%mzn-stat: AverageBacktrackAmount=0
%%%mzn-stat: AverageLbd=1.1002570694087404
%%%mzn-stat-end
maxleg = 381;
succ = array1d(1..20,[4, 17, 7, 16, 3, 10, 18, 6, 5, 19, 2, 20, 12, 1, 8, 9, 15, 11, 13, 14]);
% time elapsed: 1.44 s
----------
==========
% time elapsed: 1.44 s
%%%mzn-stat: initTime=0.002985704
%%%mzn-stat: objective=381
%%%mzn-stat: nodes=482
%%%mzn-stat: restarts=0
%%%mzn-stat: peakDepth=76
%%%mzn-stat: solveTime=0.027345621
%%%mzn-stat: variables=372
%%%mzn-stat: propagators=253
%%%mzn-stat: failures=389
%%%mzn-stat: propagations=70912
%%%mzn-stat: nogoods=389
%%%mzn-stat: AverageConflictSize=2.0488431876606685
%%%mzn-stat: NumUnitNogoodsLearned=380
%%%mzn-stat: AverageLearnedNogoodLength=1.583547557840617
%%%mzn-stat: AverageBacktrackAmount=0
%%%mzn-stat: AverageLbd=1.1002570694087404
%%%mzn-stat-end
