% Logging successfully configured
%%%mzn-stat: initTime=0.012812997
%%%mzn-stat: objective=866
%%%mzn-stat: nodes=4818
%%%mzn-stat: restarts=0
%%%mzn-stat: peakDepth=623
%%%mzn-stat: solveTime=0.130714886
%%%mzn-stat: variables=1137
%%%mzn-stat: propagators=830
%%%mzn-stat: failures=286
%%%mzn-stat: propagations=30636
%%%mzn-stat: nogoods=286
%%%mzn-stat: numAtomicConstraintsPropagated=0
%%%mzn-stat: allDifferentNumber1TotalHallSetSize=976
%%%mzn-stat: allDifferentNumber1NumberOfConflicts=286
%%%mzn-stat: allDifferentNumber1MaxHallSetSize=38
%%%mzn-stat: allDifferentNumber1PropagationsTotal=5663
%%%mzn-stat: allDifferentNumber1PropagationsThatFoundConflict=286
%%%mzn-stat: circuitNumber2PropagationsThatFoundConflict=0
%%%mzn-stat: circuitNumber2TotalFixedEdgesAtConflict=0
%%%mzn-stat: circuitNumber2NumberOfConflicts=0
%%%mzn-stat: circuitNumber2PropagationsThatPruned=10
%%%mzn-stat: circuitNumber2PropagationsTotal=3996
%%%mzn-stat: AverageConflictSize=3.4055944055944054
%%%mzn-stat: NumUnitNogoodsLearned=0
%%%mzn-stat: AverageLearnedNogoodLength=3.5384615384615383
%%%mzn-stat: AverageBacktrackAmount=0
%%%mzn-stat: AverageLbd=3.388111888111888
%%%mzn-stat: 2AutonomousSearchNumBackupCalled=583
%%%mzn-stat: 2AutonomousSearchNumPredicatesRemoved=0
%%%mzn-stat: 2AutonomousSearchNumCalls=584
%%%mzn-stat: 2AutonomousSearchNumPredicatesAdded=534
%%%mzn-stat: 2AutonomousSearchAverageSizeOfHeap=0.9143835616438356
%%%mzn-stat: 2AutonomousSearchNumAssignedPredicatesEncountered=534
%%%mzn-stat-end
maxleg = 866;
succ = array1d(1..50,[2, 12, 4, 6, 3, 7, 11, 9, 10, 14, 8, 13, 21, 19, 5, 15, 27, 16, 20, 24, 29, 18, 25, 31, 22, 38, 48, 1, 30, 33, 28, 17, 44, 32, 42, 47, 36, 23, 49, 50, 37, 34, 35, 41, 26, 43, 39, 45, 40, 46]);
% time elapsed: 12.03 s
----------
%%%mzn-stat: initTime=0.012812997
%%%mzn-stat: objective=787
%%%mzn-stat: nodes=5715
%%%mzn-stat: restarts=0
%%%mzn-stat: peakDepth=623
%%%mzn-stat: solveTime=0.14683028
%%%mzn-stat: variables=1137
%%%mzn-stat: propagators=830
%%%mzn-stat: failures=339
%%%mzn-stat: propagations=34432
%%%mzn-stat: nogoods=339
%%%mzn-stat: numAtomicConstraintsPropagated=0
%%%mzn-stat: allDifferentNumber1TotalHallSetSize=1246
%%%mzn-stat: allDifferentNumber1NumberOfConflicts=332
%%%mzn-stat: allDifferentNumber1MaxHallSetSize=38
%%%mzn-stat: allDifferentNumber1PropagationsTotal=6212
%%%mzn-stat: allDifferentNumber1PropagationsThatFoundConflict=332
%%%mzn-stat: circuitNumber2PropagationsThatFoundConflict=2
%%%mzn-stat: circuitNumber2TotalFixedEdgesAtConflict=77
%%%mzn-stat: circuitNumber2NumberOfConflicts=2
%%%mzn-stat: circuitNumber2PropagationsThatPruned=27
%%%mzn-stat: circuitNumber2PropagationsTotal=4316
%%%mzn-stat: AverageConflictSize=4.256637168141593
%%%mzn-stat: NumUnitNogoodsLearned=0
%%%mzn-stat: AverageLearnedNogoodLength=4.533923303834809
%%%mzn-stat: AverageBacktrackAmount=0
%%%mzn-stat: AverageLbd=4.1946902654867255
%%%mzn-stat: 2AutonomousSearchNumBackupCalled=1151
%%%mzn-stat: 2AutonomousSearchNumPredicatesRemoved=0
%%%mzn-stat: 2AutonomousSearchNumCalls=1153
%%%mzn-stat: 2AutonomousSearchNumPredicatesAdded=850
%%%mzn-stat: 2AutonomousSearchAverageSizeOfHeap=1.0728534258456202
%%%mzn-stat: 2AutonomousSearchNumAssignedPredicatesEncountered=1237
%%%mzn-stat-end
maxleg = 787;
succ = array1d(1..50,[2, 12, 4, 6, 3, 7, 11, 9, 10, 14, 8, 13, 21, 19, 5, 15, 32, 16, 20, 24, 29, 18, 25, 31, 22, 27, 23, 1, 30, 33, 28, 34, 44, 39, 42, 47, 36, 45, 49, 38, 37, 46, 35, 41, 48, 50, 17, 26, 43, 40]);
% time elapsed: 12.04 s
----------
%%%mzn-stat: initTime=0.012812997
%%%mzn-stat: objective=454
%%%mzn-stat: nodes=6476
%%%mzn-stat: restarts=0
%%%mzn-stat: peakDepth=623
%%%mzn-stat: solveTime=0.162557601
%%%mzn-stat: variables=1137
%%%mzn-stat: propagators=830
%%%mzn-stat: failures=417
%%%mzn-stat: propagations=38054
%%%mzn-stat: nogoods=417
%%%mzn-stat: numAtomicConstraintsPropagated=0
%%%mzn-stat: allDifferentNumber1TotalHallSetSize=1642
%%%mzn-stat: allDifferentNumber1NumberOfConflicts=396
%%%mzn-stat: allDifferentNumber1MaxHallSetSize=38
%%%mzn-stat: allDifferentNumber1PropagationsTotal=6635
%%%mzn-stat: allDifferentNumber1PropagationsThatFoundConflict=396
%%%mzn-stat: circuitNumber2PropagationsThatFoundConflict=6
%%%mzn-stat: circuitNumber2TotalFixedEdgesAtConflict=249
%%%mzn-stat: circuitNumber2NumberOfConflicts=6
%%%mzn-stat: circuitNumber2PropagationsThatPruned=52
%%%mzn-stat: circuitNumber2PropagationsTotal=4563
%%%mzn-stat: AverageConflictSize=5.7170263788968825
%%%mzn-stat: NumUnitNogoodsLearned=0
%%%mzn-stat: AverageLearnedNogoodLength=6.122302158273381
%%%mzn-stat: AverageBacktrackAmount=0
%%%mzn-stat: AverageLbd=5.306954436450839
%%%mzn-stat: 2AutonomousSearchNumBackupCalled=1690
%%%mzn-stat: 2AutonomousSearchNumPredicatesRemoved=0
%%%mzn-stat: 2AutonomousSearchNumCalls=1693
%%%mzn-stat: 2AutonomousSearchNumPredicatesAdded=1268
%%%mzn-stat: 2AutonomousSearchAverageSizeOfHeap=1.2468989958653278
%%%mzn-stat: 2AutonomousSearchNumAssignedPredicatesEncountered=2111
%%%mzn-stat-end
maxleg = 454;
succ = array1d(1..50,[2, 12, 4, 6, 3, 7, 11, 9, 10, 14, 8, 13, 21, 19, 5, 15, 32, 16, 20, 24, 29, 18, 25, 31, 22, 27, 23, 1, 30, 33, 28, 39, 44, 17, 42, 50, 36, 45, 47, 38, 37, 34, 35, 41, 48, 43, 49, 26, 40, 46]);
% time elapsed: 12.05 s
----------
%%%mzn-stat: initTime=0.012812997
%%%mzn-stat: objective=417
%%%mzn-stat: nodes=7362
%%%mzn-stat: restarts=0
%%%mzn-stat: peakDepth=623
%%%mzn-stat: solveTime=0.18077729
%%%mzn-stat: variables=1137
%%%mzn-stat: propagators=830
%%%mzn-stat: failures=462
%%%mzn-stat: propagations=41965
%%%mzn-stat: nogoods=462
%%%mzn-stat: numAtomicConstraintsPropagated=0
%%%mzn-stat: allDifferentNumber1TotalHallSetSize=1860
%%%mzn-stat: allDifferentNumber1NumberOfConflicts=439
%%%mzn-stat: allDifferentNumber1MaxHallSetSize=38
%%%mzn-stat: allDifferentNumber1PropagationsTotal=7133
%%%mzn-stat: allDifferentNumber1PropagationsThatFoundConflict=439
%%%mzn-stat: circuitNumber2PropagationsThatFoundConflict=8
%%%mzn-stat: circuitNumber2TotalFixedEdgesAtConflict=326
%%%mzn-stat: circuitNumber2NumberOfConflicts=8
%%%mzn-stat: circuitNumber2PropagationsThatPruned=59
%%%mzn-stat: circuitNumber2PropagationsTotal=4899
%%%mzn-stat: AverageConflictSize=5.874458874458875
%%%mzn-stat: NumUnitNogoodsLearned=0
%%%mzn-stat: AverageLearnedNogoodLength=7.073593073593074
%%%mzn-stat: AverageBacktrackAmount=0
%%%mzn-stat: AverageLbd=6.14935064935065
%%%mzn-stat: 2AutonomousSearchNumBackupCalled=2240
%%%mzn-stat: 2AutonomousSearchNumPredicatesRemoved=0
%%%mzn-stat: 2AutonomousSearchNumCalls=2244
%%%mzn-stat: 2AutonomousSearchNumPredicatesAdded=1687
%%%mzn-stat: 2AutonomousSearchAverageSizeOfHeap=1.3703208556149733
%%%mzn-stat: 2AutonomousSearchNumAssignedPredicatesEncountered=3075
%%%mzn-stat-end
maxleg = 417;
succ = array1d(1..50,[2, 12, 4, 6, 3, 7, 11, 9, 10, 14, 8, 13, 21, 19, 16, 5, 32, 15, 20, 24, 29, 18, 25, 31, 22, 27, 23, 1, 30, 33, 28, 39, 44, 17, 42, 50, 36, 45, 47, 38, 37, 34, 35, 41, 48, 43, 49, 26, 40, 46]);
% time elapsed: 12.07 s
----------
%%%mzn-stat: initTime=0.012812997
%%%mzn-stat: objective=395
%%%mzn-stat: nodes=11010
%%%mzn-stat: restarts=0
%%%mzn-stat: peakDepth=623
%%%mzn-stat: solveTime=0.609633781
%%%mzn-stat: variables=1137
%%%mzn-stat: propagators=830
%%%mzn-stat: failures=2433
%%%mzn-stat: propagations=96144
%%%mzn-stat: nogoods=2433
%%%mzn-stat: numAtomicConstraintsPropagated=0
%%%mzn-stat: allDifferentNumber1TotalHallSetSize=19690
%%%mzn-stat: allDifferentNumber1NumberOfConflicts=2098
%%%mzn-stat: allDifferentNumber1MaxHallSetSize=38
%%%mzn-stat: allDifferentNumber1PropagationsTotal=14356
%%%mzn-stat: allDifferentNumber1PropagationsThatFoundConflict=2098
%%%mzn-stat: circuitNumber2PropagationsThatFoundConflict=157
%%%mzn-stat: circuitNumber2TotalFixedEdgesAtConflict=6371
%%%mzn-stat: circuitNumber2NumberOfConflicts=157
%%%mzn-stat: circuitNumber2PropagationsThatPruned=661
%%%mzn-stat: circuitNumber2PropagationsTotal=8497
%%%mzn-stat: AverageConflictSize=15.755034936292644
%%%mzn-stat: NumUnitNogoodsLearned=0
%%%mzn-stat: AverageLearnedNogoodLength=25.766132346896836
%%%mzn-stat: AverageBacktrackAmount=0
%%%mzn-stat: AverageLbd=19.095355528154542
%%%mzn-stat: 2AutonomousSearchNumBackupCalled=2777
%%%mzn-stat: 2AutonomousSearchNumPredicatesRemoved=0
%%%mzn-stat: 2AutonomousSearchNumCalls=2782
%%%mzn-stat: 2AutonomousSearchNumPredicatesAdded=2623
%%%mzn-stat: 2AutonomousSearchAverageSizeOfHeap=1.5815959741193386
%%%mzn-stat: 2AutonomousSearchNumAssignedPredicatesEncountered=4400
%%%mzn-stat-end
maxleg = 395;
succ = array1d(1..50,[2, 12, 4, 6, 3, 7, 11, 9, 10, 14, 8, 13, 21, 19, 16, 18, 32, 22, 20, 24, 29, 5, 15, 31, 23, 25, 26, 1, 30, 33, 28, 39, 44, 17, 42, 50, 36, 45, 47, 38, 37, 34, 35, 41, 48, 43, 49, 27, 40, 46]);
% time elapsed: 12.50 s
----------
%%%mzn-stat: initTime=0.012812997
%%%mzn-stat: objective=389
%%%mzn-stat: nodes=34264
%%%mzn-stat: restarts=0
%%%mzn-stat: peakDepth=623
%%%mzn-stat: solveTime=7.377226429
%%%mzn-stat: variables=1137
%%%mzn-stat: propagators=830
%%%mzn-stat: failures=23928
%%%mzn-stat: propagations=652214
%%%mzn-stat: nogoods=23928
%%%mzn-stat: numAtomicConstraintsPropagated=0
%%%mzn-stat: allDifferentNumber1TotalHallSetSize=129543
%%%mzn-stat: allDifferentNumber1NumberOfConflicts=14762
%%%mzn-stat: allDifferentNumber1MaxHallSetSize=38
%%%mzn-stat: allDifferentNumber1PropagationsTotal=62945
%%%mzn-stat: allDifferentNumber1PropagationsThatFoundConflict=14762
%%%mzn-stat: circuitNumber2PropagationsThatFoundConflict=432
%%%mzn-stat: circuitNumber2TotalFixedEdgesAtConflict=17769
%%%mzn-stat: circuitNumber2NumberOfConflicts=432
%%%mzn-stat: circuitNumber2PropagationsThatPruned=2978
%%%mzn-stat: circuitNumber2PropagationsTotal=26749
%%%mzn-stat: AverageConflictSize=19.322759946506185
%%%mzn-stat: NumUnitNogoodsLearned=0
%%%mzn-stat: AverageLearnedNogoodLength=42.474381477766634
%%%mzn-stat: AverageBacktrackAmount=0
%%%mzn-stat: AverageLbd=21.81264627214978
%%%mzn-stat: 2AutonomousSearchNumBackupCalled=3293
%%%mzn-stat: 2AutonomousSearchNumPredicatesRemoved=0
%%%mzn-stat: 2AutonomousSearchNumCalls=3299
%%%mzn-stat: 2AutonomousSearchNumPredicatesAdded=4090
%%%mzn-stat: 2AutonomousSearchAverageSizeOfHeap=1.8893604122461352
%%%mzn-stat: 2AutonomousSearchNumAssignedPredicatesEncountered=6233
%%%mzn-stat-end
maxleg = 389;
succ = array1d(1..50,[2, 12, 4, 6, 3, 7, 11, 9, 10, 14, 8, 13, 21, 19, 16, 18, 32, 22, 20, 24, 29, 5, 15, 31, 23, 25, 30, 1, 27, 33, 28, 39, 44, 17, 42, 50, 36, 45, 47, 38, 37, 34, 35, 41, 48, 43, 49, 26, 40, 46]);
% time elapsed: 19.27 s
----------
%%%mzn-stat: initTime=0.012812997
%%%mzn-stat: objective=372
%%%mzn-stat: nodes=34870
%%%mzn-stat: restarts=0
%%%mzn-stat: peakDepth=623
%%%mzn-stat: solveTime=7.393560423
%%%mzn-stat: variables=1137
%%%mzn-stat: propagators=830
%%%mzn-stat: failures=23959
%%%mzn-stat: propagations=654656
%%%mzn-stat: nogoods=23959
%%%mzn-stat: numAtomicConstraintsPropagated=0
%%%mzn-stat: allDifferentNumber1TotalHallSetSize=129713
%%%mzn-stat: allDifferentNumber1NumberOfConflicts=14780
%%%mzn-stat: allDifferentNumber1MaxHallSetSize=38
%%%mzn-stat: allDifferentNumber1PropagationsTotal=63107
%%%mzn-stat: allDifferentNumber1PropagationsThatFoundConflict=14780
%%%mzn-stat: circuitNumber2PropagationsThatFoundConflict=437
%%%mzn-stat: circuitNumber2TotalFixedEdgesAtConflict=17971
%%%mzn-stat: circuitNumber2NumberOfConflicts=437
%%%mzn-stat: circuitNumber2PropagationsThatPruned=2992
%%%mzn-stat: circuitNumber2PropagationsTotal=26843
%%%mzn-stat: AverageConflictSize=19.319045035268584
%%%mzn-stat: NumUnitNogoodsLearned=0
%%%mzn-stat: AverageLearnedNogoodLength=42.450895279435706
%%%mzn-stat: AverageBacktrackAmount=0
%%%mzn-stat: AverageLbd=21.80166117116741
%%%mzn-stat: 2AutonomousSearchNumBackupCalled=3811
%%%mzn-stat: 2AutonomousSearchNumPredicatesRemoved=0
%%%mzn-stat: 2AutonomousSearchNumCalls=3818
%%%mzn-stat: 2AutonomousSearchNumPredicatesAdded=4675
%%%mzn-stat: 2AutonomousSearchAverageSizeOfHeap=2.112624410686223
%%%mzn-stat: 2AutonomousSearchNumAssignedPredicatesEncountered=8066
%%%mzn-stat-end
maxleg = 372;
succ = array1d(1..50,[2, 12, 4, 6, 3, 7, 11, 9, 10, 14, 8, 13, 21, 19, 16, 18, 32, 22, 20, 24, 29, 5, 15, 31, 23, 25, 30, 1, 27, 37, 28, 39, 36, 17, 42, 50, 41, 45, 47, 38, 44, 34, 35, 33, 48, 43, 49, 26, 40, 46]);
% time elapsed: 19.29 s
----------
%%%mzn-stat: initTime=0.012812997
%%%mzn-stat: objective=363
%%%mzn-stat: nodes=51513
%%%mzn-stat: restarts=0
%%%mzn-stat: peakDepth=623
%%%mzn-stat: solveTime=13.984698864
%%%mzn-stat: variables=1137
%%%mzn-stat: propagators=830
%%%mzn-stat: failures=39314
%%%mzn-stat: propagations=1148387
%%%mzn-stat: nogoods=39314
%%%mzn-stat: numAtomicConstraintsPropagated=0
%%%mzn-stat: allDifferentNumber1TotalHallSetSize=199353
%%%mzn-stat: allDifferentNumber1NumberOfConflicts=23363
%%%mzn-stat: allDifferentNumber1MaxHallSetSize=38
%%%mzn-stat: allDifferentNumber1PropagationsTotal=96414
%%%mzn-stat: allDifferentNumber1PropagationsThatFoundConflict=23363
%%%mzn-stat: circuitNumber2PropagationsThatFoundConflict=498
%%%mzn-stat: circuitNumber2TotalFixedEdgesAtConflict=20294
%%%mzn-stat: circuitNumber2NumberOfConflicts=498
%%%mzn-stat: circuitNumber2PropagationsThatPruned=4527
%%%mzn-stat: circuitNumber2PropagationsTotal=39092
%%%mzn-stat: AverageConflictSize=19.918756677010734
%%%mzn-stat: NumUnitNogoodsLearned=0
%%%mzn-stat: AverageLearnedNogoodLength=46.92043546828102
%%%mzn-stat: AverageBacktrackAmount=0
%%%mzn-stat: AverageLbd=23.349799053772195
%%%mzn-stat: 2AutonomousSearchNumBackupCalled=4304
%%%mzn-stat: 2AutonomousSearchNumPredicatesRemoved=0
%%%mzn-stat: 2AutonomousSearchNumCalls=4312
%%%mzn-stat: 2AutonomousSearchNumPredicatesAdded=6255
%%%mzn-stat: 2AutonomousSearchAverageSizeOfHeap=2.3365027829313543
%%%mzn-stat: 2AutonomousSearchNumAssignedPredicatesEncountered=10075
%%%mzn-stat-end
maxleg = 363;
succ = array1d(1..50,[2, 12, 4, 6, 3, 7, 11, 9, 10, 14, 15, 13, 21, 19, 16, 18, 8, 22, 20, 24, 29, 25, 38, 31, 23, 48, 26, 1, 27, 28, 35, 17, 37, 32, 42, 33, 41, 40, 34, 49, 44, 43, 46, 30, 5, 50, 39, 45, 47, 36]);
% time elapsed: 25.89 s
----------
%%%mzn-stat: initTime=0.012812997
%%%mzn-stat: objective=354
%%%mzn-stat: nodes=52404
%%%mzn-stat: restarts=0
%%%mzn-stat: peakDepth=623
%%%mzn-stat: solveTime=14.056095722
%%%mzn-stat: variables=1137
%%%mzn-stat: propagators=830
%%%mzn-stat: failures=39479
%%%mzn-stat: propagations=1156327
%%%mzn-stat: nogoods=39479
%%%mzn-stat: numAtomicConstraintsPropagated=0
%%%mzn-stat: allDifferentNumber1TotalHallSetSize=199790
%%%mzn-stat: allDifferentNumber1NumberOfConflicts=23457
%%%mzn-stat: allDifferentNumber1MaxHallSetSize=38
%%%mzn-stat: allDifferentNumber1PropagationsTotal=97204
%%%mzn-stat: allDifferentNumber1PropagationsThatFoundConflict=23457
%%%mzn-stat: circuitNumber2PropagationsThatFoundConflict=527
%%%mzn-stat: circuitNumber2TotalFixedEdgesAtConflict=21635
%%%mzn-stat: circuitNumber2NumberOfConflicts=527
%%%mzn-stat: circuitNumber2PropagationsThatPruned=4596
%%%mzn-stat: circuitNumber2PropagationsTotal=39567
%%%mzn-stat: AverageConflictSize=19.887889764178425
%%%mzn-stat: NumUnitNogoodsLearned=0
%%%mzn-stat: AverageLearnedNogoodLength=46.85447959674764
%%%mzn-stat: AverageBacktrackAmount=0
%%%mzn-stat: AverageLbd=23.333417766407457
%%%mzn-stat: 2AutonomousSearchNumBackupCalled=4791
%%%mzn-stat: 2AutonomousSearchNumPredicatesRemoved=0
%%%mzn-stat: 2AutonomousSearchNumCalls=4800
%%%mzn-stat: 2AutonomousSearchNumPredicatesAdded=7206
%%%mzn-stat: 2AutonomousSearchAverageSizeOfHeap=2.5385416666666667
%%%mzn-stat: 2AutonomousSearchNumAssignedPredicatesEncountered=12185
%%%mzn-stat-end
maxleg = 354;
succ = array1d(1..50,[2, 12, 4, 6, 3, 7, 11, 9, 10, 14, 15, 13, 21, 19, 16, 18, 8, 22, 20, 24, 29, 26, 25, 31, 40, 27, 30, 1, 37, 28, 35, 17, 36, 32, 42, 50, 41, 45, 34, 38, 44, 23, 49, 33, 48, 43, 39, 5, 47, 46]);
% time elapsed: 25.97 s
----------
%%%mzn-stat: initTime=0.012812997
%%%mzn-stat: objective=346
%%%mzn-stat: nodes=52927
%%%mzn-stat: restarts=0
%%%mzn-stat: peakDepth=623
%%%mzn-stat: solveTime=14.06224381
%%%mzn-stat: variables=1137
%%%mzn-stat: propagators=830
%%%mzn-stat: failures=39479
%%%mzn-stat: propagations=1157815
%%%mzn-stat: nogoods=39479
%%%mzn-stat: numAtomicConstraintsPropagated=0
%%%mzn-stat: allDifferentNumber1TotalHallSetSize=199790
%%%mzn-stat: allDifferentNumber1NumberOfConflicts=23457
%%%mzn-stat: allDifferentNumber1MaxHallSetSize=38
%%%mzn-stat: allDifferentNumber1PropagationsTotal=97259
%%%mzn-stat: allDifferentNumber1PropagationsThatFoundConflict=23457
%%%mzn-stat: circuitNumber2PropagationsThatFoundConflict=527
%%%mzn-stat: circuitNumber2TotalFixedEdgesAtConflict=21635
%%%mzn-stat: circuitNumber2NumberOfConflicts=527
%%%mzn-stat: circuitNumber2PropagationsThatPruned=4601
%%%mzn-stat: circuitNumber2PropagationsTotal=39608
%%%mzn-stat: AverageConflictSize=19.887889764178425
%%%mzn-stat: NumUnitNogoodsLearned=0
%%%mzn-stat: AverageLearnedNogoodLength=46.85447959674764
%%%mzn-stat: AverageBacktrackAmount=0
%%%mzn-stat: AverageLbd=23.333417766407457
%%%mzn-stat: 2AutonomousSearchNumBackupCalled=5277
%%%mzn-stat: 2AutonomousSearchNumPredicatesRemoved=0
%%%mzn-stat: 2AutonomousSearchNumCalls=5287
%%%mzn-stat: 2AutonomousSearchNumPredicatesAdded=7206
%%%mzn-stat: 2AutonomousSearchAverageSizeOfHeap=2.703801777945905
%%%mzn-stat: 2AutonomousSearchNumAssignedPredicatesEncountered=14295
%%%mzn-stat-end
maxleg = 346;
succ = array1d(1..50,[2, 12, 4, 6, 3, 7, 11, 9, 10, 14, 15, 13, 21, 19, 16, 18, 8, 22, 20, 24, 29, 26, 25, 31, 40, 27, 30, 1, 41, 28, 35, 17, 36, 32, 42, 50, 33, 45, 34, 38, 44, 23, 49, 37, 48, 43, 39, 5, 47, 46]);
% time elapsed: 25.98 s
----------
%%%mzn-stat: initTime=0.012812997
%%%mzn-stat: objective=338
%%%mzn-stat: nodes=54399
%%%mzn-stat: restarts=0
%%%mzn-stat: peakDepth=623
%%%mzn-stat: solveTime=14.17231051
%%%mzn-stat: variables=1137
%%%mzn-stat: propagators=830
%%%mzn-stat: failures=39696
%%%mzn-stat: propagations=1172462
%%%mzn-stat: nogoods=39696
%%%mzn-stat: numAtomicConstraintsPropagated=0
%%%mzn-stat: allDifferentNumber1TotalHallSetSize=200752
%%%mzn-stat: allDifferentNumber1NumberOfConflicts=23588
%%%mzn-stat: allDifferentNumber1MaxHallSetSize=38
%%%mzn-stat: allDifferentNumber1PropagationsTotal=98961
%%%mzn-stat: allDifferentNumber1PropagationsThatFoundConflict=23588
%%%mzn-stat: circuitNumber2PropagationsThatFoundConflict=561
%%%mzn-stat: circuitNumber2TotalFixedEdgesAtConflict=23178
%%%mzn-stat: circuitNumber2NumberOfConflicts=561
%%%mzn-stat: circuitNumber2PropagationsThatPruned=4721
%%%mzn-stat: circuitNumber2PropagationsTotal=40687
%%%mzn-stat: AverageConflictSize=19.876662636033856
%%%mzn-stat: NumUnitNogoodsLearned=0
%%%mzn-stat: AverageLearnedNogoodLength=46.74251813784764
%%%mzn-stat: AverageBacktrackAmount=0
%%%mzn-stat: AverageLbd=23.281716041918582
%%%mzn-stat: 2AutonomousSearchNumBackupCalled=5734
%%%mzn-stat: 2AutonomousSearchNumPredicatesRemoved=0
%%%mzn-stat: 2AutonomousSearchNumCalls=5745
%%%mzn-stat: 2AutonomousSearchNumPredicatesAdded=8149
%%%mzn-stat: 2AutonomousSearchAverageSizeOfHeap=2.8633594429939078
%%%mzn-stat: 2AutonomousSearchNumAssignedPredicatesEncountered=16450
%%%mzn-stat-end
maxleg = 338;
succ = array1d(1..50,[2, 12, 5, 6, 45, 3, 11, 4, 8, 9, 10, 13, 21, 19, 7, 15, 32, 16, 20, 24, 29, 18, 14, 31, 23, 25, 22, 1, 27, 28, 35, 39, 37, 17, 42, 33, 44, 40, 47, 50, 30, 46, 34, 41, 48, 43, 49, 26, 38, 36]);
% time elapsed: 26.09 s
----------
%%%mzn-stat: initTime=0.012812997
%%%mzn-stat: objective=336
%%%mzn-stat: nodes=54982
%%%mzn-stat: restarts=0
%%%mzn-stat: peakDepth=623
%%%mzn-stat: solveTime=14.183110111
%%%mzn-stat: variables=1137
%%%mzn-stat: propagators=830
%%%mzn-stat: failures=39707
%%%mzn-stat: propagations=1174982
%%%mzn-stat: nogoods=39707
%%%mzn-stat: numAtomicConstraintsPropagated=0
%%%mzn-stat: allDifferentNumber1TotalHallSetSize=200828
%%%mzn-stat: allDifferentNumber1NumberOfConflicts=23599
%%%mzn-stat: allDifferentNumber1MaxHallSetSize=38
%%%mzn-stat: allDifferentNumber1PropagationsTotal=99142
%%%mzn-stat: allDifferentNumber1PropagationsThatFoundConflict=23599
%%%mzn-stat: circuitNumber2PropagationsThatFoundConflict=561
%%%mzn-stat: circuitNumber2TotalFixedEdgesAtConflict=23178
%%%mzn-stat: circuitNumber2NumberOfConflicts=561
%%%mzn-stat: circuitNumber2PropagationsThatPruned=4740
%%%mzn-stat: circuitNumber2PropagationsTotal=40818
%%%mzn-stat: AverageConflictSize=19.875689425038406
%%%mzn-stat: NumUnitNogoodsLearned=0
%%%mzn-stat: AverageLearnedNogoodLength=46.73568892134888
%%%mzn-stat: AverageBacktrackAmount=0
%%%mzn-stat: AverageLbd=23.278515123278012
%%%mzn-stat: 2AutonomousSearchNumBackupCalled=6196
%%%mzn-stat: 2AutonomousSearchNumPredicatesRemoved=0
%%%mzn-stat: 2AutonomousSearchNumCalls=6208
%%%mzn-stat: 2AutonomousSearchNumPredicatesAdded=8432
%%%mzn-stat: 2AutonomousSearchAverageSizeOfHeap=2.9972615979381443
%%%mzn-stat: 2AutonomousSearchNumAssignedPredicatesEncountered=18607
%%%mzn-stat-end
maxleg = 336;
succ = array1d(1..50,[2, 12, 5, 6, 45, 3, 11, 4, 8, 9, 10, 13, 21, 19, 7, 15, 32, 16, 20, 24, 29, 18, 14, 35, 23, 25, 22, 1, 27, 28, 36, 34, 37, 42, 43, 33, 44, 49, 17, 38, 30, 46, 50, 41, 48, 31, 39, 26, 47, 40]);
% time elapsed: 26.10 s
----------
%%%mzn-stat: initTime=0.012812997
%%%mzn-stat: objective=331
%%%mzn-stat: nodes=55516
%%%mzn-stat: restarts=0
%%%mzn-stat: peakDepth=623
%%%mzn-stat: solveTime=14.199651445
%%%mzn-stat: variables=1137
%%%mzn-stat: propagators=830
%%%mzn-stat: failures=39745
%%%mzn-stat: propagations=1177534
%%%mzn-stat: nogoods=39745
%%%mzn-stat: numAtomicConstraintsPropagated=0
%%%mzn-stat: allDifferentNumber1TotalHallSetSize=201274
%%%mzn-stat: allDifferentNumber1NumberOfConflicts=23636
%%%mzn-stat: allDifferentNumber1MaxHallSetSize=38
%%%mzn-stat: allDifferentNumber1PropagationsTotal=99300
%%%mzn-stat: allDifferentNumber1PropagationsThatFoundConflict=23636
%%%mzn-stat: circuitNumber2PropagationsThatFoundConflict=561
%%%mzn-stat: circuitNumber2TotalFixedEdgesAtConflict=23178
%%%mzn-stat: circuitNumber2NumberOfConflicts=561
%%%mzn-stat: circuitNumber2PropagationsThatPruned=4754
%%%mzn-stat: circuitNumber2PropagationsTotal=40886
%%%mzn-stat: AverageConflictSize=19.88270222669518
%%%mzn-stat: NumUnitNogoodsLearned=0
%%%mzn-stat: AverageLearnedNogoodLength=46.72321046672538
%%%mzn-stat: AverageBacktrackAmount=0
%%%mzn-stat: AverageLbd=23.270323311108317
%%%mzn-stat: 2AutonomousSearchNumBackupCalled=6655
%%%mzn-stat: 2AutonomousSearchNumPredicatesRemoved=0
%%%mzn-stat: 2AutonomousSearchNumCalls=6668
%%%mzn-stat: 2AutonomousSearchNumPredicatesAdded=8813
%%%mzn-stat: 2AutonomousSearchAverageSizeOfHeap=3.113977204559088
%%%mzn-stat: 2AutonomousSearchNumAssignedPredicatesEncountered=20764
%%%mzn-stat-end
maxleg = 331;
succ = array1d(1..50,[2, 12, 5, 6, 45, 3, 11, 4, 8, 9, 10, 13, 21, 19, 7, 15, 32, 16, 20, 24, 29, 18, 14, 35, 23, 25, 22, 1, 27, 40, 28, 34, 37, 42, 43, 33, 44, 49, 17, 38, 30, 46, 50, 41, 48, 31, 39, 26, 47, 36]);
% time elapsed: 26.12 s
----------
%%%mzn-stat: initTime=0.012812997
%%%mzn-stat: objective=307
%%%mzn-stat: nodes=56670
%%%mzn-stat: restarts=0
%%%mzn-stat: peakDepth=623
%%%mzn-stat: solveTime=14.236885848
%%%mzn-stat: variables=1137
%%%mzn-stat: propagators=830
%%%mzn-stat: failures=39802
%%%mzn-stat: propagations=1186227
%%%mzn-stat: nogoods=39802
%%%mzn-stat: numAtomicConstraintsPropagated=0
%%%mzn-stat: allDifferentNumber1TotalHallSetSize=201498
%%%mzn-stat: allDifferentNumber1NumberOfConflicts=23690
%%%mzn-stat: allDifferentNumber1MaxHallSetSize=38
%%%mzn-stat: allDifferentNumber1PropagationsTotal=100189
%%%mzn-stat: allDifferentNumber1PropagationsThatFoundConflict=23690
%%%mzn-stat: circuitNumber2PropagationsThatFoundConflict=564
%%%mzn-stat: circuitNumber2TotalFixedEdgesAtConflict=23322
%%%mzn-stat: circuitNumber2NumberOfConflicts=564
%%%mzn-stat: circuitNumber2PropagationsThatPruned=4757
%%%mzn-stat: circuitNumber2PropagationsTotal=41562
%%%mzn-stat: AverageConflictSize=19.863851062760666
%%%mzn-stat: NumUnitNogoodsLearned=0
%%%mzn-stat: AverageLearnedNogoodLength=46.66695140947691
%%%mzn-stat: AverageBacktrackAmount=0
%%%mzn-stat: AverageLbd=23.2428018692528
%%%mzn-stat: 2AutonomousSearchNumBackupCalled=7091
%%%mzn-stat: 2AutonomousSearchNumPredicatesRemoved=0
%%%mzn-stat: 2AutonomousSearchNumCalls=7105
%%%mzn-stat: 2AutonomousSearchNumPredicatesAdded=9187
%%%mzn-stat: 2AutonomousSearchAverageSizeOfHeap=3.2346235045742433
%%%mzn-stat: 2AutonomousSearchNumAssignedPredicatesEncountered=22982
%%%mzn-stat-end
maxleg = 307;
succ = array1d(1..50,[2, 12, 5, 6, 45, 7, 11, 4, 8, 9, 15, 13, 21, 10, 16, 18, 32, 22, 14, 19, 29, 27, 38, 20, 23, 41, 25, 1, 30, 40, 28, 34, 36, 42, 24, 31, 33, 3, 17, 49, 44, 43, 46, 37, 48, 50, 39, 26, 47, 35]);
% time elapsed: 26.17 s
----------
%%%mzn-stat: initTime=0.012812997
%%%mzn-stat: objective=305
%%%mzn-stat: nodes=57141
%%%mzn-stat: restarts=0
%%%mzn-stat: peakDepth=623
%%%mzn-stat: solveTime=14.242211123
%%%mzn-stat: variables=1137
%%%mzn-stat: propagators=830
%%%mzn-stat: failures=39804
%%%mzn-stat: propagations=1187845
%%%mzn-stat: nogoods=39804
%%%mzn-stat: numAtomicConstraintsPropagated=0
%%%mzn-stat: allDifferentNumber1TotalHallSetSize=201498
%%%mzn-stat: allDifferentNumber1NumberOfConflicts=23690
%%%mzn-stat: allDifferentNumber1MaxHallSetSize=38
%%%mzn-stat: allDifferentNumber1PropagationsTotal=100250
%%%mzn-stat: allDifferentNumber1PropagationsThatFoundConflict=23690
%%%mzn-stat: circuitNumber2PropagationsThatFoundConflict=564
%%%mzn-stat: circuitNumber2TotalFixedEdgesAtConflict=23322
%%%mzn-stat: circuitNumber2NumberOfConflicts=564
%%%mzn-stat: circuitNumber2PropagationsThatPruned=4759
%%%mzn-stat: circuitNumber2PropagationsTotal=41610
%%%mzn-stat: AverageConflictSize=19.863028841322482
%%%mzn-stat: NumUnitNogoodsLearned=0
%%%mzn-stat: AverageLearnedNogoodLength=46.6650587880615
%%%mzn-stat: AverageBacktrackAmount=0
%%%mzn-stat: AverageLbd=23.241935483870968
%%%mzn-stat: 2AutonomousSearchNumBackupCalled=7514
%%%mzn-stat: 2AutonomousSearchNumPredicatesRemoved=0
%%%mzn-stat: 2AutonomousSearchNumCalls=7529
%%%mzn-stat: 2AutonomousSearchNumPredicatesAdded=9235
%%%mzn-stat: 2AutonomousSearchAverageSizeOfHeap=3.347058042236685
%%%mzn-stat: 2AutonomousSearchNumAssignedPredicatesEncountered=25200
%%%mzn-stat-end
maxleg = 305;
succ = array1d(1..50,[2, 12, 5, 6, 45, 7, 11, 4, 8, 9, 15, 13, 21, 10, 16, 18, 32, 22, 14, 19, 29, 27, 38, 20, 23, 41, 25, 1, 30, 40, 28, 34, 36, 42, 24, 31, 33, 3, 17, 49, 44, 46, 50, 37, 48, 43, 39, 26, 47, 35]);
% time elapsed: 26.18 s
----------
==========
% time elapsed: 26.20 s
%%%mzn-stat: initTime=0.012812997
%%%mzn-stat: objective=305
%%%mzn-stat: nodes=57261
%%%mzn-stat: restarts=0
%%%mzn-stat: peakDepth=623
%%%mzn-stat: solveTime=14.260399795
%%%mzn-stat: variables=1137
%%%mzn-stat: propagators=830
%%%mzn-stat: failures=39847
%%%mzn-stat: propagations=1190442
%%%mzn-stat: nogoods=39847
%%%mzn-stat: numAtomicConstraintsPropagated=0
%%%mzn-stat: allDifferentNumber1TotalHallSetSize=201604
%%%mzn-stat: allDifferentNumber1NumberOfConflicts=23726
%%%mzn-stat: allDifferentNumber1MaxHallSetSize=38
%%%mzn-stat: allDifferentNumber1PropagationsTotal=100487
%%%mzn-stat: allDifferentNumber1PropagationsThatFoundConflict=23726
%%%mzn-stat: circuitNumber2PropagationsThatFoundConflict=570
%%%mzn-stat: circuitNumber2TotalFixedEdgesAtConflict=23527
%%%mzn-stat: circuitNumber2NumberOfConflicts=570
%%%mzn-stat: circuitNumber2PropagationsThatPruned=4794
%%%mzn-stat: circuitNumber2PropagationsTotal=41754
%%%mzn-stat: AverageConflictSize=19.851406630361133
%%%mzn-stat: NumUnitNogoodsLearned=1
%%%mzn-stat: AverageLearnedNogoodLength=46.64120259994479
%%%mzn-stat: AverageBacktrackAmount=0
%%%mzn-stat: AverageLbd=23.23359349511883
%%%mzn-stat: 2AutonomousSearchNumBackupCalled=7514
%%%mzn-stat: 2AutonomousSearchNumPredicatesRemoved=0
%%%mzn-stat: 2AutonomousSearchNumCalls=7529
%%%mzn-stat: 2AutonomousSearchNumPredicatesAdded=10159
%%%mzn-stat: 2AutonomousSearchAverageSizeOfHeap=3.347058042236685
%%%mzn-stat: 2AutonomousSearchNumAssignedPredicatesEncountered=25200
%%%mzn-stat-end
