% Logging successfully configured
%%%mzn-stat: initTime=0.006884404
%%%mzn-stat: objective=954
%%%mzn-stat: nodes=665
%%%mzn-stat: restarts=0
%%%mzn-stat: peakDepth=294
%%%mzn-stat: solveTime=0.046849288
%%%mzn-stat: variables=653
%%%mzn-stat: propagators=440
%%%mzn-stat: failures=171
%%%mzn-stat: propagations=7457
%%%mzn-stat: nogoods=171
%%%mzn-stat: numAtomicConstraintsPropagated=0
%%%mzn-stat: allDifferentNumber1PropagationsTotal=1022
%%%mzn-stat: allDifferentNumber1PropagationsThatFoundConflict=0
%%%mzn-stat: allDifferentNumber1PropagationsThatPruned=610
%%%mzn-stat: allDifferentNumber1TotalValuesPruned=1643
%%%mzn-stat: allDifferentNumber1TotalHallSetSizeConflict=0
%%%mzn-stat: allDifferentNumber1NumberOfConflicts=0
%%%mzn-stat: allDifferentNumber1MaxHallSetSizeConflict=0
%%%mzn-stat: allDifferentNumber1TotalPruningHallSetSize=3244
%%%mzn-stat: allDifferentNumber1NumberOfPruningExplanations=1643
%%%mzn-stat: allDifferentNumber1MaxPruningHallSetSize=37
%%%mzn-stat: allDifferentNumber1TotalFixedEdgesAtConflict=0
%%%mzn-stat: allDifferentNumber1TotalVarsInvolvedInPruning=1548
%%%mzn-stat: allDifferentNumber1MaxValuesPrunedFromSingleVar=6
%%%mzn-stat: allDifferentNumber1TotalSccSizeAtPruning=1477
%%%mzn-stat: allDifferentNumber1NumberOfSccPruningCalls=610
%%%mzn-stat: circuitNumber2PropagationsThatFoundConflict=171
%%%mzn-stat: circuitNumber2TotalFixedEdgesAtConflict=7781
%%%mzn-stat: circuitNumber2NumberOfConflicts=171
%%%mzn-stat: circuitNumber2PropagationsThatPruned=32
%%%mzn-stat: circuitNumber2PropagationsTotal=620
%%%mzn-stat: AverageConflictSize=11.239766081871345
%%%mzn-stat: NumUnitNogoodsLearned=0
%%%mzn-stat: AverageLearnedNogoodLength=8.304093567251462
%%%mzn-stat: AverageBacktrackAmount=0
%%%mzn-stat: AverageLbd=7.157894736842105
%%%mzn-stat: 2AutonomousSearchNumBackupCalled=269
%%%mzn-stat: 2AutonomousSearchNumPredicatesRemoved=0
%%%mzn-stat: 2AutonomousSearchNumCalls=270
%%%mzn-stat: 2AutonomousSearchNumPredicatesAdded=640
%%%mzn-stat: 2AutonomousSearchAverageSizeOfHeap=2.3703703703703702
%%%mzn-stat: 2AutonomousSearchNumAssignedPredicatesEncountered=640
%%%mzn-stat-end
maxleg = 954;
succ = array1d(1..50,[22, 5, 9, 8, 14, 13, 11, 10, 16, 18, 3, 4, 7, 15, 40, 47, 19, 23, 43, 33, 26, 6, 32, 30, 21, 39, 48, 37, 20, 34, 36, 1, 41, 42, 29, 38, 50, 25, 45, 44, 12, 28, 49, 27, 24, 2, 17, 31, 46, 35]);
% time elapsed: 0.43 s
----------
%%%mzn-stat: initTime=0.006884404
%%%mzn-stat: objective=909
%%%mzn-stat: nodes=1003
%%%mzn-stat: restarts=0
%%%mzn-stat: peakDepth=307
%%%mzn-stat: solveTime=0.054840617
%%%mzn-stat: variables=653
%%%mzn-stat: propagators=440
%%%mzn-stat: failures=183
%%%mzn-stat: propagations=8687
%%%mzn-stat: nogoods=183
%%%mzn-stat: numAtomicConstraintsPropagated=0
%%%mzn-stat: allDifferentNumber1PropagationsTotal=1169
%%%mzn-stat: allDifferentNumber1PropagationsThatFoundConflict=0
%%%mzn-stat: allDifferentNumber1PropagationsThatPruned=690
%%%mzn-stat: allDifferentNumber1TotalValuesPruned=2020
%%%mzn-stat: allDifferentNumber1TotalHallSetSizeConflict=0
%%%mzn-stat: allDifferentNumber1NumberOfConflicts=0
%%%mzn-stat: allDifferentNumber1MaxHallSetSizeConflict=0
%%%mzn-stat: allDifferentNumber1TotalPruningHallSetSize=4870
%%%mzn-stat: allDifferentNumber1NumberOfPruningExplanations=2020
%%%mzn-stat: allDifferentNumber1MaxPruningHallSetSize=37
%%%mzn-stat: allDifferentNumber1TotalFixedEdgesAtConflict=0
%%%mzn-stat: allDifferentNumber1TotalVarsInvolvedInPruning=1854
%%%mzn-stat: allDifferentNumber1MaxValuesPrunedFromSingleVar=6
%%%mzn-stat: allDifferentNumber1TotalSccSizeAtPruning=2112
%%%mzn-stat: allDifferentNumber1NumberOfSccPruningCalls=690
%%%mzn-stat: circuitNumber2PropagationsThatFoundConflict=175
%%%mzn-stat: circuitNumber2TotalFixedEdgesAtConflict=7933
%%%mzn-stat: circuitNumber2NumberOfConflicts=175
%%%mzn-stat: circuitNumber2PropagationsThatPruned=41
%%%mzn-stat: circuitNumber2PropagationsTotal=693
%%%mzn-stat: AverageConflictSize=11.005464480874316
%%%mzn-stat: NumUnitNogoodsLearned=0
%%%mzn-stat: AverageLearnedNogoodLength=9.027322404371585
%%%mzn-stat: AverageBacktrackAmount=0
%%%mzn-stat: AverageLbd=7.409836065573771
%%%mzn-stat: 2AutonomousSearchNumBackupCalled=544
%%%mzn-stat: 2AutonomousSearchNumPredicatesRemoved=0
%%%mzn-stat: 2AutonomousSearchNumCalls=546
%%%mzn-stat: 2AutonomousSearchNumPredicatesAdded=992
%%%mzn-stat: 2AutonomousSearchAverageSizeOfHeap=2.6025641025641026
%%%mzn-stat: 2AutonomousSearchNumAssignedPredicatesEncountered=1421
%%%mzn-stat-end
maxleg = 909;
succ = array1d(1..50,[22, 5, 9, 8, 14, 13, 26, 10, 11, 18, 16, 4, 7, 15, 40, 33, 47, 23, 17, 2, 35, 6, 32, 30, 21, 39, 48, 19, 20, 34, 36, 38, 41, 42, 37, 1, 43, 25, 45, 44, 12, 28, 49, 27, 24, 50, 3, 31, 46, 29]);
% time elapsed: 0.43 s
----------
==========
% time elapsed: 0.43 s
%%%mzn-stat: initTime=0.006884404
%%%mzn-stat: objective=909
%%%mzn-stat: nodes=1022
%%%mzn-stat: restarts=0
%%%mzn-stat: peakDepth=307
%%%mzn-stat: solveTime=0.058065166
%%%mzn-stat: variables=653
%%%mzn-stat: propagators=440
%%%mzn-stat: failures=189
%%%mzn-stat: propagations=8900
%%%mzn-stat: nogoods=189
%%%mzn-stat: numAtomicConstraintsPropagated=0
%%%mzn-stat: allDifferentNumber1PropagationsTotal=1216
%%%mzn-stat: allDifferentNumber1PropagationsThatFoundConflict=0
%%%mzn-stat: allDifferentNumber1PropagationsThatPruned=717
%%%mzn-stat: allDifferentNumber1TotalValuesPruned=2154
%%%mzn-stat: allDifferentNumber1TotalHallSetSizeConflict=0
%%%mzn-stat: allDifferentNumber1NumberOfConflicts=0
%%%mzn-stat: allDifferentNumber1MaxHallSetSizeConflict=0
%%%mzn-stat: allDifferentNumber1TotalPruningHallSetSize=5789
%%%mzn-stat: allDifferentNumber1NumberOfPruningExplanations=2154
%%%mzn-stat: allDifferentNumber1MaxPruningHallSetSize=44
%%%mzn-stat: allDifferentNumber1TotalFixedEdgesAtConflict=0
%%%mzn-stat: allDifferentNumber1TotalVarsInvolvedInPruning=1966
%%%mzn-stat: allDifferentNumber1MaxValuesPrunedFromSingleVar=6
%%%mzn-stat: allDifferentNumber1TotalSccSizeAtPruning=2575
%%%mzn-stat: allDifferentNumber1NumberOfSccPruningCalls=717
%%%mzn-stat: circuitNumber2PropagationsThatFoundConflict=176
%%%mzn-stat: circuitNumber2TotalFixedEdgesAtConflict=7960
%%%mzn-stat: circuitNumber2NumberOfConflicts=176
%%%mzn-stat: circuitNumber2PropagationsThatPruned=43
%%%mzn-stat: circuitNumber2PropagationsTotal=714
%%%mzn-stat: AverageConflictSize=10.761904761904763
%%%mzn-stat: NumUnitNogoodsLearned=1
%%%mzn-stat: AverageLearnedNogoodLength=9.708994708994709
%%%mzn-stat: AverageBacktrackAmount=0
%%%mzn-stat: AverageLbd=7.507936507936508
%%%mzn-stat: 2AutonomousSearchNumBackupCalled=544
%%%mzn-stat: 2AutonomousSearchNumPredicatesRemoved=0
%%%mzn-stat: 2AutonomousSearchNumCalls=546
%%%mzn-stat: 2AutonomousSearchNumPredicatesAdded=1168
%%%mzn-stat: 2AutonomousSearchAverageSizeOfHeap=2.6025641025641026
%%%mzn-stat: 2AutonomousSearchNumAssignedPredicatesEncountered=1421
%%%mzn-stat-end
