% Logging successfully configured
%%%mzn-stat: initTime=0.024299194
%%%mzn-stat: objective=1214
%%%mzn-stat: nodes=99801
%%%mzn-stat: restarts=0
%%%mzn-stat: peakDepth=1213
%%%mzn-stat: solveTime=480.551730895
%%%mzn-stat: variables=1820
%%%mzn-stat: propagators=1464
%%%mzn-stat: failures=78461
%%%mzn-stat: propagations=2239820
%%%mzn-stat: nogoods=78461
%%%mzn-stat: numAtomicConstraintsPropagated=0
%%%mzn-stat: circuitNumber1PropagationsTotal=486032
%%%mzn-stat: circuitNumber1CircuitConflicts=63400
%%%mzn-stat: circuitNumber1AlldiffConflicts=0
%%%mzn-stat: circuitNumber1TotalFixedEdgesAtConflict=8572454
%%%mzn-stat: circuitNumber1NumberOfConflicts=63400
%%%mzn-stat: circuitNumber1GacPrunings=565113
%%%mzn-stat: circuitNumber1PropagationsThatGacPruned=276137
%%%mzn-stat: circuitNumber1TotalPruningHallSetSize=1020274
%%%mzn-stat: circuitNumber1NumberOfPruningExplanations=565113
%%%mzn-stat: circuitNumber1MaxPruningHallSetSize=73
%%%mzn-stat: circuitNumber1TotalSccSizeAtPruning=780083
%%%mzn-stat: circuitNumber1NumberOfSccPruningCalls=276137
%%%mzn-stat: circuitNumber1TotalVarsInvolvedInPruning=514613
%%%mzn-stat: circuitNumber1MaxValuesPrunedFromSingleVar=5
%%%mzn-stat: circuitNumber1HallCircuitChecks=1749256
%%%mzn-stat: circuitNumber1HallCircuitPrunings=58128
%%%mzn-stat: circuitNumber1CircuitPreventPrunings=208059
%%%mzn-stat: AverageConflictSize=72.67396540956653
%%%mzn-stat: NumUnitNogoodsLearned=0
%%%mzn-stat: AverageLearnedNogoodLength=95.03360905417978
%%%mzn-stat: AverageBacktrackAmount=0
%%%mzn-stat: AverageLbd=84.19747390423268
%%%mzn-stat: 2AutonomousSearchNumBackupCalled=1115
%%%mzn-stat: 2AutonomousSearchNumPredicatesRemoved=0
%%%mzn-stat: 2AutonomousSearchNumCalls=1116
%%%mzn-stat: 2AutonomousSearchNumPredicatesAdded=6336
%%%mzn-stat: 2AutonomousSearchAverageSizeOfHeap=5.67741935483871
%%%mzn-stat: 2AutonomousSearchNumAssignedPredicatesEncountered=6336
%%%mzn-stat-end
maxleg = 1214;
succ = array1d(1..150,[2, 16, 23, 10, 37, 33, 17, 15, 28, 21, 22, 25, 32, 1, 38, 5, 62, 46, 14, 30, 12, 31, 52, 3, 11, 36, 44, 57, 34, 39, 55, 64, 69, 49, 19, 43, 7, 54, 41, 24, 47, 40, 4, 109, 35, 91, 74, 105, 50, 58, 67, 80, 26, 6, 78, 53, 68, 63, 86, 45, 56, 18, 88, 71, 110, 61, 89, 20, 9, 42, 79, 73, 8, 142, 97, 27, 122, 102, 72, 87, 117, 114, 112, 70, 96, 130, 132, 76, 118, 148, 98, 99, 75, 83, 134, 100, 51, 124, 141, 92, 104, 95, 82, 108, 116, 85, 65, 81, 123, 131, 60, 135, 146, 125, 119, 120, 107, 90, 139, 127, 138, 103, 121, 128, 144, 106, 129, 137, 150, 136, 93, 140, 101, 13, 147, 149, 133, 145, 126, 115, 66, 143, 113, 84, 59, 94, 111, 29, 48, 77]);
% time elapsed: 480.93 s
----------
%%%mzn-stat: initTime=0.024299194
%%%mzn-stat: objective=739
%%%mzn-stat: nodes=225661
%%%mzn-stat: restarts=0
%%%mzn-stat: peakDepth=1213
%%%mzn-stat: solveTime=895.832965473
%%%mzn-stat: variables=1820
%%%mzn-stat: propagators=1464
%%%mzn-stat: failures=160126
%%%mzn-stat: propagations=4752054
%%%mzn-stat: nogoods=160126
%%%mzn-stat: numAtomicConstraintsPropagated=0
%%%mzn-stat: circuitNumber1PropagationsTotal=1021048
%%%mzn-stat: circuitNumber1CircuitConflicts=125777
%%%mzn-stat: circuitNumber1AlldiffConflicts=1
%%%mzn-stat: circuitNumber1TotalFixedEdgesAtConflict=17320500
%%%mzn-stat: circuitNumber1NumberOfConflicts=125778
%%%mzn-stat: circuitNumber1GacPrunings=1174315
%%%mzn-stat: circuitNumber1PropagationsThatGacPruned=573347
%%%mzn-stat: circuitNumber1TotalPruningHallSetSize=2088935
%%%mzn-stat: circuitNumber1NumberOfPruningExplanations=1174315
%%%mzn-stat: circuitNumber1MaxPruningHallSetSize=73
%%%mzn-stat: circuitNumber1TotalSccSizeAtPruning=1479382
%%%mzn-stat: circuitNumber1NumberOfSccPruningCalls=573347
%%%mzn-stat: circuitNumber1TotalVarsInvolvedInPruning=1072913
%%%mzn-stat: circuitNumber1MaxValuesPrunedFromSingleVar=5
%%%mzn-stat: circuitNumber1HallCircuitChecks=3506958
%%%mzn-stat: circuitNumber1HallCircuitPrunings=102820
%%%mzn-stat: circuitNumber1CircuitPreventPrunings=425706
%%%mzn-stat: AverageConflictSize=92.00649488527785
%%%mzn-stat: NumUnitNogoodsLearned=0
%%%mzn-stat: AverageLearnedNogoodLength=102.34419144923373
%%%mzn-stat: AverageBacktrackAmount=0
%%%mzn-stat: AverageLbd=80.0168429861484
%%%mzn-stat: 2AutonomousSearchNumBackupCalled=2224
%%%mzn-stat: 2AutonomousSearchNumPredicatesRemoved=0
%%%mzn-stat: 2AutonomousSearchNumCalls=2226
%%%mzn-stat: 2AutonomousSearchNumPredicatesAdded=12536
%%%mzn-stat: 2AutonomousSearchAverageSizeOfHeap=6.659029649595688
%%%mzn-stat: 2AutonomousSearchNumAssignedPredicatesEncountered=14823
%%%mzn-stat-end
maxleg = 739;
succ = array1d(1..150,[2, 16, 23, 10, 37, 33, 17, 15, 28, 21, 22, 25, 32, 1, 38, 5, 62, 46, 14, 30, 12, 31, 52, 3, 11, 36, 44, 57, 34, 39, 55, 64, 69, 49, 19, 43, 7, 54, 41, 24, 47, 40, 4, 109, 35, 91, 74, 105, 50, 58, 67, 80, 26, 6, 78, 53, 68, 63, 86, 45, 66, 18, 88, 71, 9, 131, 89, 20, 85, 42, 79, 73, 138, 142, 97, 27, 122, 102, 72, 87, 117, 8, 112, 70, 84, 130, 132, 148, 29, 118, 98, 99, 51, 76, 134, 100, 56, 124, 141, 92, 104, 95, 114, 108, 116, 96, 65, 81, 145, 60, 93, 135, 146, 125, 119, 120, 107, 75, 139, 127, 123, 103, 94, 128, 144, 106, 129, 137, 150, 136, 110, 140, 101, 13, 147, 149, 133, 121, 126, 115, 61, 143, 113, 82, 59, 83, 111, 90, 48, 77]);
% time elapsed: 896.20 s
----------
%%%mzn-stat: initTime=0.024299194
%%%mzn-stat: objective=739
%%%mzn-stat: nodes=476556
%%%mzn-stat: restarts=0
%%%mzn-stat: peakDepth=1213
%%%mzn-stat: solveTime=1799.666997354
%%%mzn-stat: variables=1820
%%%mzn-stat: propagators=1464
%%%mzn-stat: failures=334367
%%%mzn-stat: propagations=9908822
%%%mzn-stat: nogoods=334367
%%%mzn-stat: numAtomicConstraintsPropagated=0
%%%mzn-stat: circuitNumber1PropagationsTotal=2123965
%%%mzn-stat: circuitNumber1CircuitConflicts=262604
%%%mzn-stat: circuitNumber1AlldiffConflicts=271
%%%mzn-stat: circuitNumber1TotalFixedEdgesAtConflict=36714945
%%%mzn-stat: circuitNumber1NumberOfConflicts=262875
%%%mzn-stat: circuitNumber1GacPrunings=2359272
%%%mzn-stat: circuitNumber1PropagationsThatGacPruned=1160379
%%%mzn-stat: circuitNumber1TotalPruningHallSetSize=3973467
%%%mzn-stat: circuitNumber1NumberOfPruningExplanations=2359272
%%%mzn-stat: circuitNumber1MaxPruningHallSetSize=73
%%%mzn-stat: circuitNumber1TotalSccSizeAtPruning=2860199
%%%mzn-stat: circuitNumber1NumberOfSccPruningCalls=1160379
%%%mzn-stat: circuitNumber1TotalVarsInvolvedInPruning=2154501
%%%mzn-stat: circuitNumber1MaxValuesPrunedFromSingleVar=5
%%%mzn-stat: circuitNumber1HallCircuitChecks=6675229
%%%mzn-stat: circuitNumber1HallCircuitPrunings=205499
%%%mzn-stat: circuitNumber1CircuitPreventPrunings=879873
%%%mzn-stat: AverageConflictSize=100.02891732736784
%%%mzn-stat: NumUnitNogoodsLearned=0
%%%mzn-stat: AverageLearnedNogoodLength=105.17013042555037
%%%mzn-stat: AverageBacktrackAmount=0
%%%mzn-stat: AverageLbd=80.09676493194604
%%%mzn-stat: 2AutonomousSearchNumBackupCalled=2224
%%%mzn-stat: 2AutonomousSearchNumPredicatesRemoved=0
%%%mzn-stat: 2AutonomousSearchNumCalls=2226
%%%mzn-stat: 2AutonomousSearchNumPredicatesAdded=16645
%%%mzn-stat: 2AutonomousSearchAverageSizeOfHeap=6.659029649595688
%%%mzn-stat: 2AutonomousSearchNumAssignedPredicatesEncountered=14823
%%%mzn-stat-end
