%%%mzn-stat: initTime=0.065673811
%%%mzn-stat: objective=167
%%%mzn-stat: nodes=1087070
%%%mzn-stat: restarts=695
%%%mzn-stat: peakDepth=691
%%%mzn-stat: solveTime=463.715936077
%%%mzn-stat: variables=1770
%%%mzn-stat: propagators=1414
%%%mzn-stat: failures=711100
%%%mzn-stat: propagations=31196363
%%%mzn-stat: nogoods=711100
%%%mzn-stat: AverageConflictSize=25.36512867388553
%%%mzn-stat: NumUnitNogoodsLearned=166
%%%mzn-stat: AverageLearnedNogoodLength=49.168610603290674
%%%mzn-stat: AverageBacktrackAmount=0
%%%mzn-stat: AverageLbd=17.719303895373365
%%%mzn-stat-end
maxleg = 167;
succ = array1d(1..100,[66, 7, 51, 39, 84, 25, 22, 17, 44, 42, 35, 55, 74, 88, 54, 78, 37, 33, 60, 73, 1, 16, 24, 91, 13, 67, 30, 45, 46, 4, 79, 63, 34, 19, 90, 14, 80, 5, 10, 95, 3, 31, 83, 36, 96, 8, 99, 62, 26, 52, 50, 58, 75, 6, 69, 93, 49, 86, 81, 48, 21, 53, 41, 87, 2, 92, 32, 20, 47, 43, 40, 28, 18, 71, 59, 97, 89, 85, 65, 76, 94, 68, 72, 27, 29, 23, 56, 57, 11, 12, 82, 98, 9, 38, 64, 77, 61, 70, 100, 15]);
% time elapsed: 479.42 s
----------
==========
% time elapsed: 479.42 s
%%%mzn-stat: initTime=0.065673811
%%%mzn-stat: objective=167
%%%mzn-stat: nodes=1087070
%%%mzn-stat: restarts=695
%%%mzn-stat: peakDepth=691
%%%mzn-stat: solveTime=463.715945606
%%%mzn-stat: variables=1770
%%%mzn-stat: propagators=1414
%%%mzn-stat: failures=711100
%%%mzn-stat: propagations=31196363
%%%mzn-stat: nogoods=711100
%%%mzn-stat: AverageConflictSize=25.36512867388553
%%%mzn-stat: NumUnitNogoodsLearned=166
%%%mzn-stat: AverageLearnedNogoodLength=49.168610603290674
%%%mzn-stat: AverageBacktrackAmount=0
%%%mzn-stat: AverageLbd=17.719303895373365
%%%mzn-stat-end
