% Logging successfully configured
%%%mzn-stat: initTime=0.020162662
%%%mzn-stat: objective=530
%%%mzn-stat: nodes=503
%%%mzn-stat: restarts=0
%%%mzn-stat: peakDepth=423
%%%mzn-stat: solveTime=0.018445078
%%%mzn-stat: variables=829
%%%mzn-stat: propagators=583
%%%mzn-stat: failures=48
%%%mzn-stat: propagations=3582
%%%mzn-stat: nogoods=48
%%%mzn-stat: numAtomicConstraintsPropagated=0
%%%mzn-stat: allDifferentNumber1PropagationsTotal=325
%%%mzn-stat: allDifferentNumber1PropagationsThatFoundConflict=1
%%%mzn-stat: allDifferentNumber1PropagationsThatPruned=187
%%%mzn-stat: allDifferentNumber1TotalValuesPruned=884
%%%mzn-stat: allDifferentNumber1TotalHallSetSizeConflict=16
%%%mzn-stat: allDifferentNumber1NumberOfConflicts=1
%%%mzn-stat: allDifferentNumber1MaxHallSetSizeConflict=16
%%%mzn-stat: allDifferentNumber1TotalPruningHallSetSize=3798
%%%mzn-stat: allDifferentNumber1NumberOfPruningExplanations=884
%%%mzn-stat: allDifferentNumber1MaxPruningHallSetSize=22
%%%mzn-stat: allDifferentNumber1TotalFixedEdgesAtConflict=33
%%%mzn-stat: allDifferentNumber1TotalVarsInvolvedInPruning=721
%%%mzn-stat: allDifferentNumber1MaxValuesPrunedFromSingleVar=5
%%%mzn-stat: allDifferentNumber1TotalSccSizeAtPruning=1775
%%%mzn-stat: allDifferentNumber1NumberOfSccPruningCalls=187
%%%mzn-stat: circuitNumber2PropagationsThatFoundConflict=41
%%%mzn-stat: circuitNumber2TotalFixedEdgesAtConflict=1621
%%%mzn-stat: circuitNumber2NumberOfConflicts=41
%%%mzn-stat: circuitNumber2PropagationsThatPruned=21
%%%mzn-stat: circuitNumber2PropagationsTotal=176
%%%mzn-stat: AverageConflictSize=12.5625
%%%mzn-stat: NumUnitNogoodsLearned=0
%%%mzn-stat: AverageLearnedNogoodLength=21.895833333333332
%%%mzn-stat: AverageBacktrackAmount=0
%%%mzn-stat: AverageLbd=13.958333333333334
%%%mzn-stat: 2AutonomousSearchNumBackupCalled=388
%%%mzn-stat: 2AutonomousSearchNumPredicatesRemoved=0
%%%mzn-stat: 2AutonomousSearchNumCalls=389
%%%mzn-stat: 2AutonomousSearchNumPredicatesAdded=744
%%%mzn-stat: 2AutonomousSearchAverageSizeOfHeap=1.9125964010282777
%%%mzn-stat: 2AutonomousSearchNumAssignedPredicatesEncountered=744
%%%mzn-stat-end
maxleg = 530;
succ = array1d(1..50,[3, 12, 10, 7, 9, 11, 20, 4, 14, 22, 13, 1, 2, 18, 16, 6, 40, 19, 28, 23, 5, 26, 27, 8, 31, 36, 46, 34, 30, 48, 43, 37, 29, 33, 45, 41, 39, 24, 25, 15, 49, 32, 21, 38, 47, 42, 44, 50, 35, 17]);
% time elapsed: 3.89 s
----------
%%%mzn-stat: initTime=0.020162662
%%%mzn-stat: objective=369
%%%mzn-stat: nodes=1003
%%%mzn-stat: restarts=0
%%%mzn-stat: peakDepth=423
%%%mzn-stat: solveTime=0.036066083
%%%mzn-stat: variables=829
%%%mzn-stat: propagators=583
%%%mzn-stat: failures=84
%%%mzn-stat: propagations=6424
%%%mzn-stat: nogoods=84
%%%mzn-stat: numAtomicConstraintsPropagated=0
%%%mzn-stat: allDifferentNumber1PropagationsTotal=677
%%%mzn-stat: allDifferentNumber1PropagationsThatFoundConflict=1
%%%mzn-stat: allDifferentNumber1PropagationsThatPruned=390
%%%mzn-stat: allDifferentNumber1TotalValuesPruned=1811
%%%mzn-stat: allDifferentNumber1TotalHallSetSizeConflict=16
%%%mzn-stat: allDifferentNumber1NumberOfConflicts=1
%%%mzn-stat: allDifferentNumber1MaxHallSetSizeConflict=16
%%%mzn-stat: allDifferentNumber1TotalPruningHallSetSize=8798
%%%mzn-stat: allDifferentNumber1NumberOfPruningExplanations=1811
%%%mzn-stat: allDifferentNumber1MaxPruningHallSetSize=24
%%%mzn-stat: allDifferentNumber1TotalFixedEdgesAtConflict=33
%%%mzn-stat: allDifferentNumber1TotalVarsInvolvedInPruning=1462
%%%mzn-stat: allDifferentNumber1MaxValuesPrunedFromSingleVar=6
%%%mzn-stat: allDifferentNumber1TotalSccSizeAtPruning=3567
%%%mzn-stat: allDifferentNumber1NumberOfSccPruningCalls=390
%%%mzn-stat: circuitNumber2PropagationsThatFoundConflict=76
%%%mzn-stat: circuitNumber2TotalFixedEdgesAtConflict=2987
%%%mzn-stat: circuitNumber2NumberOfConflicts=76
%%%mzn-stat: circuitNumber2PropagationsThatPruned=44
%%%mzn-stat: circuitNumber2PropagationsTotal=373
%%%mzn-stat: AverageConflictSize=11.214285714285714
%%%mzn-stat: NumUnitNogoodsLearned=0
%%%mzn-stat: AverageLearnedNogoodLength=18.142857142857142
%%%mzn-stat: AverageBacktrackAmount=0
%%%mzn-stat: AverageLbd=12.261904761904763
%%%mzn-stat: 2AutonomousSearchNumBackupCalled=751
%%%mzn-stat: 2AutonomousSearchNumPredicatesRemoved=0
%%%mzn-stat: 2AutonomousSearchNumCalls=753
%%%mzn-stat: 2AutonomousSearchNumPredicatesAdded=1431
%%%mzn-stat: 2AutonomousSearchAverageSizeOfHeap=2.1806108897742362
%%%mzn-stat: 2AutonomousSearchNumAssignedPredicatesEncountered=1642
%%%mzn-stat-end
maxleg = 369;
succ = array1d(1..50,[3, 12, 10, 7, 9, 11, 20, 4, 14, 22, 13, 1, 2, 18, 16, 6, 40, 19, 28, 23, 5, 35, 27, 8, 31, 45, 46, 34, 30, 48, 43, 37, 29, 33, 36, 49, 39, 24, 25, 15, 26, 32, 21, 38, 47, 42, 44, 50, 41, 17]);
% time elapsed: 3.90 s
----------
%%%mzn-stat: initTime=0.020162662
%%%mzn-stat: objective=363
%%%mzn-stat: nodes=1388
%%%mzn-stat: restarts=0
%%%mzn-stat: peakDepth=423
%%%mzn-stat: solveTime=0.040542513
%%%mzn-stat: variables=829
%%%mzn-stat: propagators=583
%%%mzn-stat: failures=86
%%%mzn-stat: propagations=7557
%%%mzn-stat: nogoods=86
%%%mzn-stat: numAtomicConstraintsPropagated=0
%%%mzn-stat: allDifferentNumber1PropagationsTotal=758
%%%mzn-stat: allDifferentNumber1PropagationsThatFoundConflict=1
%%%mzn-stat: allDifferentNumber1PropagationsThatPruned=433
%%%mzn-stat: allDifferentNumber1TotalValuesPruned=2033
%%%mzn-stat: allDifferentNumber1TotalHallSetSizeConflict=16
%%%mzn-stat: allDifferentNumber1NumberOfConflicts=1
%%%mzn-stat: allDifferentNumber1MaxHallSetSizeConflict=16
%%%mzn-stat: allDifferentNumber1TotalPruningHallSetSize=9474
%%%mzn-stat: allDifferentNumber1NumberOfPruningExplanations=2033
%%%mzn-stat: allDifferentNumber1MaxPruningHallSetSize=25
%%%mzn-stat: allDifferentNumber1TotalFixedEdgesAtConflict=33
%%%mzn-stat: allDifferentNumber1TotalVarsInvolvedInPruning=1657
%%%mzn-stat: allDifferentNumber1MaxValuesPrunedFromSingleVar=6
%%%mzn-stat: allDifferentNumber1TotalSccSizeAtPruning=3817
%%%mzn-stat: allDifferentNumber1NumberOfSccPruningCalls=433
%%%mzn-stat: circuitNumber2PropagationsThatFoundConflict=78
%%%mzn-stat: circuitNumber2TotalFixedEdgesAtConflict=3070
%%%mzn-stat: circuitNumber2NumberOfConflicts=78
%%%mzn-stat: circuitNumber2PropagationsThatPruned=49
%%%mzn-stat: circuitNumber2PropagationsTotal=415
%%%mzn-stat: AverageConflictSize=11.13953488372093
%%%mzn-stat: NumUnitNogoodsLearned=0
%%%mzn-stat: AverageLearnedNogoodLength=18.151162790697676
%%%mzn-stat: AverageBacktrackAmount=0
%%%mzn-stat: AverageLbd=12.255813953488373
%%%mzn-stat: 2AutonomousSearchNumBackupCalled=1100
%%%mzn-stat: 2AutonomousSearchNumPredicatesRemoved=0
%%%mzn-stat: 2AutonomousSearchNumCalls=1103
%%%mzn-stat: 2AutonomousSearchNumPredicatesAdded=1638
%%%mzn-stat: 2AutonomousSearchAverageSizeOfHeap=2.312783318223028
%%%mzn-stat: 2AutonomousSearchNumAssignedPredicatesEncountered=2551
%%%mzn-stat-end
maxleg = 363;
succ = array1d(1..50,[3, 12, 10, 7, 9, 11, 20, 4, 14, 22, 13, 1, 2, 18, 16, 6, 40, 19, 28, 23, 5, 35, 32, 8, 31, 27, 45, 34, 30, 48, 43, 37, 29, 33, 36, 49, 42, 24, 25, 15, 26, 46, 21, 38, 47, 39, 44, 50, 41, 17]);
% time elapsed: 3.91 s
----------
%%%mzn-stat: initTime=0.020162662
%%%mzn-stat: objective=357
%%%mzn-stat: nodes=2012
%%%mzn-stat: restarts=0
%%%mzn-stat: peakDepth=423
%%%mzn-stat: solveTime=0.084976111
%%%mzn-stat: variables=829
%%%mzn-stat: propagators=583
%%%mzn-stat: failures=221
%%%mzn-stat: propagations=13163
%%%mzn-stat: nogoods=221
%%%mzn-stat: numAtomicConstraintsPropagated=0
%%%mzn-stat: allDifferentNumber1PropagationsTotal=1467
%%%mzn-stat: allDifferentNumber1PropagationsThatFoundConflict=2
%%%mzn-stat: allDifferentNumber1PropagationsThatPruned=863
%%%mzn-stat: allDifferentNumber1TotalValuesPruned=3337
%%%mzn-stat: allDifferentNumber1TotalHallSetSizeConflict=18
%%%mzn-stat: allDifferentNumber1NumberOfConflicts=2
%%%mzn-stat: allDifferentNumber1MaxHallSetSizeConflict=16
%%%mzn-stat: allDifferentNumber1TotalPruningHallSetSize=13553
%%%mzn-stat: allDifferentNumber1NumberOfPruningExplanations=3337
%%%mzn-stat: allDifferentNumber1MaxPruningHallSetSize=28
%%%mzn-stat: allDifferentNumber1TotalFixedEdgesAtConflict=59
%%%mzn-stat: allDifferentNumber1TotalVarsInvolvedInPruning=2799
%%%mzn-stat: allDifferentNumber1MaxValuesPrunedFromSingleVar=6
%%%mzn-stat: allDifferentNumber1TotalSccSizeAtPruning=5732
%%%mzn-stat: allDifferentNumber1NumberOfSccPruningCalls=863
%%%mzn-stat: circuitNumber2PropagationsThatFoundConflict=211
%%%mzn-stat: circuitNumber2TotalFixedEdgesAtConflict=8952
%%%mzn-stat: circuitNumber2NumberOfConflicts=211
%%%mzn-stat: circuitNumber2PropagationsThatPruned=122
%%%mzn-stat: circuitNumber2PropagationsTotal=848
%%%mzn-stat: AverageConflictSize=18.547511312217196
%%%mzn-stat: NumUnitNogoodsLearned=0
%%%mzn-stat: AverageLearnedNogoodLength=22.936651583710407
%%%mzn-stat: AverageBacktrackAmount=0
%%%mzn-stat: AverageLbd=14.493212669683258
%%%mzn-stat: 2AutonomousSearchNumBackupCalled=1474
%%%mzn-stat: 2AutonomousSearchNumPredicatesRemoved=0
%%%mzn-stat: 2AutonomousSearchNumCalls=1478
%%%mzn-stat: 2AutonomousSearchNumPredicatesAdded=2717
%%%mzn-stat: 2AutonomousSearchAverageSizeOfHeap=2.6170500676589987
%%%mzn-stat: 2AutonomousSearchNumAssignedPredicatesEncountered=3868
%%%mzn-stat-end
maxleg = 357;
succ = array1d(1..50,[3, 12, 10, 7, 9, 11, 20, 4, 14, 22, 13, 1, 2, 18, 16, 6, 40, 19, 28, 27, 5, 35, 32, 21, 31, 23, 45, 34, 30, 48, 43, 37, 29, 33, 36, 49, 42, 24, 25, 15, 26, 46, 8, 38, 47, 39, 44, 50, 41, 17]);
% time elapsed: 3.95 s
----------
%%%mzn-stat: initTime=0.020162662
%%%mzn-stat: objective=342
%%%mzn-stat: nodes=2731
%%%mzn-stat: restarts=0
%%%mzn-stat: peakDepth=423
%%%mzn-stat: solveTime=0.159632308
%%%mzn-stat: variables=829
%%%mzn-stat: propagators=583
%%%mzn-stat: failures=381
%%%mzn-stat: propagations=21993
%%%mzn-stat: nogoods=381
%%%mzn-stat: numAtomicConstraintsPropagated=0
%%%mzn-stat: allDifferentNumber1PropagationsTotal=2630
%%%mzn-stat: allDifferentNumber1PropagationsThatFoundConflict=9
%%%mzn-stat: allDifferentNumber1PropagationsThatPruned=1607
%%%mzn-stat: allDifferentNumber1TotalValuesPruned=5525
%%%mzn-stat: allDifferentNumber1TotalHallSetSizeConflict=34
%%%mzn-stat: allDifferentNumber1NumberOfConflicts=9
%%%mzn-stat: allDifferentNumber1MaxHallSetSizeConflict=16
%%%mzn-stat: allDifferentNumber1TotalPruningHallSetSize=21271
%%%mzn-stat: allDifferentNumber1NumberOfPruningExplanations=5525
%%%mzn-stat: allDifferentNumber1MaxPruningHallSetSize=32
%%%mzn-stat: allDifferentNumber1TotalFixedEdgesAtConflict=364
%%%mzn-stat: allDifferentNumber1TotalVarsInvolvedInPruning=4715
%%%mzn-stat: allDifferentNumber1MaxValuesPrunedFromSingleVar=7
%%%mzn-stat: allDifferentNumber1TotalSccSizeAtPruning=9841
%%%mzn-stat: allDifferentNumber1NumberOfSccPruningCalls=1607
%%%mzn-stat: circuitNumber2PropagationsThatFoundConflict=364
%%%mzn-stat: circuitNumber2TotalFixedEdgesAtConflict=15438
%%%mzn-stat: circuitNumber2NumberOfConflicts=364
%%%mzn-stat: circuitNumber2PropagationsThatPruned=328
%%%mzn-stat: circuitNumber2PropagationsTotal=1576
%%%mzn-stat: AverageConflictSize=22.971128608923884
%%%mzn-stat: NumUnitNogoodsLearned=0
%%%mzn-stat: AverageLearnedNogoodLength=25.871391076115486
%%%mzn-stat: AverageBacktrackAmount=0
%%%mzn-stat: AverageLbd=17.545931758530184
%%%mzn-stat: 2AutonomousSearchNumBackupCalled=1809
%%%mzn-stat: 2AutonomousSearchNumPredicatesRemoved=0
%%%mzn-stat: 2AutonomousSearchNumCalls=1814
%%%mzn-stat: 2AutonomousSearchNumPredicatesAdded=3959
%%%mzn-stat: 2AutonomousSearchAverageSizeOfHeap=3.0920617420066154
%%%mzn-stat: 2AutonomousSearchNumAssignedPredicatesEncountered=5609
%%%mzn-stat-end
maxleg = 342;
succ = array1d(1..50,[3, 12, 15, 7, 9, 11, 20, 4, 14, 1, 13, 36, 2, 18, 16, 17, 40, 19, 28, 23, 5, 10, 27, 8, 44, 22, 45, 25, 31, 29, 43, 6, 30, 33, 26, 41, 32, 24, 37, 48, 49, 39, 21, 47, 46, 42, 38, 50, 35, 34]);
% time elapsed: 4.03 s
----------
%%%mzn-stat: initTime=0.020162662
%%%mzn-stat: objective=325
%%%mzn-stat: nodes=3120
%%%mzn-stat: restarts=0
%%%mzn-stat: peakDepth=423
%%%mzn-stat: solveTime=0.164305555
%%%mzn-stat: variables=829
%%%mzn-stat: propagators=583
%%%mzn-stat: failures=383
%%%mzn-stat: propagations=23072
%%%mzn-stat: nogoods=383
%%%mzn-stat: numAtomicConstraintsPropagated=0
%%%mzn-stat: allDifferentNumber1PropagationsTotal=2707
%%%mzn-stat: allDifferentNumber1PropagationsThatFoundConflict=9
%%%mzn-stat: allDifferentNumber1PropagationsThatPruned=1647
%%%mzn-stat: allDifferentNumber1TotalValuesPruned=5750
%%%mzn-stat: allDifferentNumber1TotalHallSetSizeConflict=34
%%%mzn-stat: allDifferentNumber1NumberOfConflicts=9
%%%mzn-stat: allDifferentNumber1MaxHallSetSizeConflict=16
%%%mzn-stat: allDifferentNumber1TotalPruningHallSetSize=22091
%%%mzn-stat: allDifferentNumber1NumberOfPruningExplanations=5750
%%%mzn-stat: allDifferentNumber1MaxPruningHallSetSize=32
%%%mzn-stat: allDifferentNumber1TotalFixedEdgesAtConflict=364
%%%mzn-stat: allDifferentNumber1TotalVarsInvolvedInPruning=4917
%%%mzn-stat: allDifferentNumber1MaxValuesPrunedFromSingleVar=7
%%%mzn-stat: allDifferentNumber1TotalSccSizeAtPruning=10145
%%%mzn-stat: allDifferentNumber1NumberOfSccPruningCalls=1647
%%%mzn-stat: circuitNumber2PropagationsThatFoundConflict=366
%%%mzn-stat: circuitNumber2TotalFixedEdgesAtConflict=15484
%%%mzn-stat: circuitNumber2NumberOfConflicts=366
%%%mzn-stat: circuitNumber2PropagationsThatPruned=329
%%%mzn-stat: circuitNumber2PropagationsTotal=1616
%%%mzn-stat: AverageConflictSize=22.864229765013054
%%%mzn-stat: NumUnitNogoodsLearned=0
%%%mzn-stat: AverageLearnedNogoodLength=25.91383812010444
%%%mzn-stat: AverageBacktrackAmount=0
%%%mzn-stat: AverageLbd=17.514360313315926
%%%mzn-stat: 2AutonomousSearchNumBackupCalled=2161
%%%mzn-stat: 2AutonomousSearchNumPredicatesRemoved=0
%%%mzn-stat: 2AutonomousSearchNumCalls=2167
%%%mzn-stat: 2AutonomousSearchNumPredicatesAdded=4204
%%%mzn-stat: 2AutonomousSearchAverageSizeOfHeap=3.4047069681587447
%%%mzn-stat: 2AutonomousSearchNumAssignedPredicatesEncountered=7378
%%%mzn-stat-end
maxleg = 325;
succ = array1d(1..50,[3, 12, 15, 8, 9, 11, 20, 21, 14, 1, 13, 36, 2, 18, 16, 17, 40, 19, 28, 23, 5, 10, 27, 4, 39, 22, 45, 6, 31, 29, 43, 7, 30, 33, 26, 41, 32, 24, 42, 48, 49, 46, 25, 38, 47, 37, 44, 50, 35, 34]);
% time elapsed: 4.04 s
----------
%%%mzn-stat: initTime=0.020162662
%%%mzn-stat: objective=324
%%%mzn-stat: nodes=3659
%%%mzn-stat: restarts=0
%%%mzn-stat: peakDepth=423
%%%mzn-stat: solveTime=0.1865952
%%%mzn-stat: variables=829
%%%mzn-stat: propagators=583
%%%mzn-stat: failures=426
%%%mzn-stat: propagations=26909
%%%mzn-stat: nogoods=426
%%%mzn-stat: numAtomicConstraintsPropagated=0
%%%mzn-stat: allDifferentNumber1PropagationsTotal=3202
%%%mzn-stat: allDifferentNumber1PropagationsThatFoundConflict=9
%%%mzn-stat: allDifferentNumber1PropagationsThatPruned=1931
%%%mzn-stat: allDifferentNumber1TotalValuesPruned=6989
%%%mzn-stat: allDifferentNumber1TotalHallSetSizeConflict=34
%%%mzn-stat: allDifferentNumber1NumberOfConflicts=9
%%%mzn-stat: allDifferentNumber1MaxHallSetSizeConflict=16
%%%mzn-stat: allDifferentNumber1TotalPruningHallSetSize=26489
%%%mzn-stat: allDifferentNumber1NumberOfPruningExplanations=6989
%%%mzn-stat: allDifferentNumber1MaxPruningHallSetSize=32
%%%mzn-stat: allDifferentNumber1TotalFixedEdgesAtConflict=364
%%%mzn-stat: allDifferentNumber1TotalVarsInvolvedInPruning=5979
%%%mzn-stat: allDifferentNumber1MaxValuesPrunedFromSingleVar=7
%%%mzn-stat: allDifferentNumber1TotalSccSizeAtPruning=12097
%%%mzn-stat: allDifferentNumber1NumberOfSccPruningCalls=1931
%%%mzn-stat: circuitNumber2PropagationsThatFoundConflict=409
%%%mzn-stat: circuitNumber2TotalFixedEdgesAtConflict=17158
%%%mzn-stat: circuitNumber2NumberOfConflicts=409
%%%mzn-stat: circuitNumber2PropagationsThatPruned=373
%%%mzn-stat: circuitNumber2PropagationsTotal=1910
%%%mzn-stat: AverageConflictSize=21.253521126760564
%%%mzn-stat: NumUnitNogoodsLearned=0
%%%mzn-stat: AverageLearnedNogoodLength=24.18075117370892
%%%mzn-stat: AverageBacktrackAmount=0
%%%mzn-stat: AverageLbd=16.333333333333332
%%%mzn-stat: 2AutonomousSearchNumBackupCalled=2506
%%%mzn-stat: 2AutonomousSearchNumPredicatesRemoved=0
%%%mzn-stat: 2AutonomousSearchNumCalls=2513
%%%mzn-stat: 2AutonomousSearchNumPredicatesAdded=4586
%%%mzn-stat: 2AutonomousSearchAverageSizeOfHeap=3.647035415837644
%%%mzn-stat: 2AutonomousSearchNumAssignedPredicatesEncountered=9165
%%%mzn-stat-end
maxleg = 324;
succ = array1d(1..50,[3, 12, 15, 8, 9, 11, 20, 21, 14, 22, 13, 1, 2, 18, 36, 6, 16, 19, 28, 27, 5, 26, 7, 4, 39, 23, 45, 31, 30, 48, 43, 37, 29, 33, 10, 41, 42, 24, 46, 17, 49, 50, 25, 38, 47, 32, 44, 40, 35, 34]);
% time elapsed: 4.06 s
----------
%%%mzn-stat: initTime=0.020162662
%%%mzn-stat: objective=316
%%%mzn-stat: nodes=4031
%%%mzn-stat: restarts=0
%%%mzn-stat: peakDepth=423
%%%mzn-stat: solveTime=0.190121868
%%%mzn-stat: variables=829
%%%mzn-stat: propagators=583
%%%mzn-stat: failures=427
%%%mzn-stat: propagations=28003
%%%mzn-stat: nogoods=427
%%%mzn-stat: numAtomicConstraintsPropagated=0
%%%mzn-stat: allDifferentNumber1PropagationsTotal=3275
%%%mzn-stat: allDifferentNumber1PropagationsThatFoundConflict=9
%%%mzn-stat: allDifferentNumber1PropagationsThatPruned=1971
%%%mzn-stat: allDifferentNumber1TotalValuesPruned=7171
%%%mzn-stat: allDifferentNumber1TotalHallSetSizeConflict=34
%%%mzn-stat: allDifferentNumber1NumberOfConflicts=9
%%%mzn-stat: allDifferentNumber1MaxHallSetSizeConflict=16
%%%mzn-stat: allDifferentNumber1TotalPruningHallSetSize=27033
%%%mzn-stat: allDifferentNumber1NumberOfPruningExplanations=7171
%%%mzn-stat: allDifferentNumber1MaxPruningHallSetSize=32
%%%mzn-stat: allDifferentNumber1TotalFixedEdgesAtConflict=364
%%%mzn-stat: allDifferentNumber1TotalVarsInvolvedInPruning=6147
%%%mzn-stat: allDifferentNumber1MaxValuesPrunedFromSingleVar=7
%%%mzn-stat: allDifferentNumber1TotalSccSizeAtPruning=12290
%%%mzn-stat: allDifferentNumber1NumberOfSccPruningCalls=1971
%%%mzn-stat: circuitNumber2PropagationsThatFoundConflict=410
%%%mzn-stat: circuitNumber2TotalFixedEdgesAtConflict=17196
%%%mzn-stat: circuitNumber2NumberOfConflicts=410
%%%mzn-stat: circuitNumber2PropagationsThatPruned=377
%%%mzn-stat: circuitNumber2PropagationsTotal=1948
%%%mzn-stat: AverageConflictSize=21.21311475409836
%%%mzn-stat: NumUnitNogoodsLearned=0
%%%mzn-stat: AverageLearnedNogoodLength=24.140515222482435
%%%mzn-stat: AverageBacktrackAmount=0
%%%mzn-stat: AverageLbd=16.304449648711945
%%%mzn-stat: 2AutonomousSearchNumBackupCalled=2845
%%%mzn-stat: 2AutonomousSearchNumPredicatesRemoved=0
%%%mzn-stat: 2AutonomousSearchNumCalls=2853
%%%mzn-stat: 2AutonomousSearchNumPredicatesAdded=4611
%%%mzn-stat: 2AutonomousSearchAverageSizeOfHeap=3.8387662110059586
%%%mzn-stat: 2AutonomousSearchNumAssignedPredicatesEncountered=10952
%%%mzn-stat-end
maxleg = 316;
succ = array1d(1..50,[3, 12, 15, 8, 9, 11, 20, 21, 14, 22, 13, 1, 2, 18, 36, 6, 16, 19, 28, 27, 5, 26, 7, 4, 39, 23, 45, 34, 31, 29, 43, 37, 30, 33, 10, 41, 42, 24, 46, 17, 49, 50, 25, 38, 47, 32, 44, 40, 35, 48]);
% time elapsed: 4.07 s
----------
%%%mzn-stat: initTime=0.020162662
%%%mzn-stat: objective=305
%%%mzn-stat: nodes=4391
%%%mzn-stat: restarts=0
%%%mzn-stat: peakDepth=423
%%%mzn-stat: solveTime=0.194090182
%%%mzn-stat: variables=829
%%%mzn-stat: propagators=583
%%%mzn-stat: failures=429
%%%mzn-stat: propagations=29122
%%%mzn-stat: nogoods=429
%%%mzn-stat: numAtomicConstraintsPropagated=0
%%%mzn-stat: allDifferentNumber1PropagationsTotal=3350
%%%mzn-stat: allDifferentNumber1PropagationsThatFoundConflict=9
%%%mzn-stat: allDifferentNumber1PropagationsThatPruned=2012
%%%mzn-stat: allDifferentNumber1TotalValuesPruned=7365
%%%mzn-stat: allDifferentNumber1TotalHallSetSizeConflict=34
%%%mzn-stat: allDifferentNumber1NumberOfConflicts=9
%%%mzn-stat: allDifferentNumber1MaxHallSetSizeConflict=16
%%%mzn-stat: allDifferentNumber1TotalPruningHallSetSize=27788
%%%mzn-stat: allDifferentNumber1NumberOfPruningExplanations=7365
%%%mzn-stat: allDifferentNumber1MaxPruningHallSetSize=32
%%%mzn-stat: allDifferentNumber1TotalFixedEdgesAtConflict=364
%%%mzn-stat: allDifferentNumber1TotalVarsInvolvedInPruning=6319
%%%mzn-stat: allDifferentNumber1MaxValuesPrunedFromSingleVar=7
%%%mzn-stat: allDifferentNumber1TotalSccSizeAtPruning=12600
%%%mzn-stat: allDifferentNumber1NumberOfSccPruningCalls=2012
%%%mzn-stat: circuitNumber2PropagationsThatFoundConflict=412
%%%mzn-stat: circuitNumber2TotalFixedEdgesAtConflict=17250
%%%mzn-stat: circuitNumber2NumberOfConflicts=412
%%%mzn-stat: circuitNumber2PropagationsThatPruned=382
%%%mzn-stat: circuitNumber2PropagationsTotal=1987
%%%mzn-stat: AverageConflictSize=21.125874125874127
%%%mzn-stat: NumUnitNogoodsLearned=0
%%%mzn-stat: AverageLearnedNogoodLength=24.21212121212121
%%%mzn-stat: AverageBacktrackAmount=0
%%%mzn-stat: AverageLbd=16.275058275058274
%%%mzn-stat: 2AutonomousSearchNumBackupCalled=3171
%%%mzn-stat: 2AutonomousSearchNumPredicatesRemoved=0
%%%mzn-stat: 2AutonomousSearchNumCalls=3180
%%%mzn-stat: 2AutonomousSearchNumPredicatesAdded=4778
%%%mzn-stat: 2AutonomousSearchAverageSizeOfHeap=4.008490566037736
%%%mzn-stat: 2AutonomousSearchNumAssignedPredicatesEncountered=12747
%%%mzn-stat-end
maxleg = 305;
succ = array1d(1..50,[3, 12, 15, 8, 9, 11, 20, 21, 14, 22, 13, 1, 2, 18, 36, 6, 40, 19, 28, 27, 5, 26, 7, 4, 39, 23, 45, 34, 31, 29, 43, 37, 30, 33, 10, 41, 42, 24, 46, 48, 49, 50, 25, 38, 47, 32, 44, 16, 35, 17]);
% time elapsed: 4.07 s
----------
%%%mzn-stat: initTime=0.020162662
%%%mzn-stat: objective=287
%%%mzn-stat: nodes=4762
%%%mzn-stat: restarts=0
%%%mzn-stat: peakDepth=423
%%%mzn-stat: solveTime=0.198495327
%%%mzn-stat: variables=829
%%%mzn-stat: propagators=583
%%%mzn-stat: failures=430
%%%mzn-stat: propagations=30312
%%%mzn-stat: nogoods=430
%%%mzn-stat: numAtomicConstraintsPropagated=0
%%%mzn-stat: allDifferentNumber1PropagationsTotal=3440
%%%mzn-stat: allDifferentNumber1PropagationsThatFoundConflict=9
%%%mzn-stat: allDifferentNumber1PropagationsThatPruned=2060
%%%mzn-stat: allDifferentNumber1TotalValuesPruned=7589
%%%mzn-stat: allDifferentNumber1TotalHallSetSizeConflict=34
%%%mzn-stat: allDifferentNumber1NumberOfConflicts=9
%%%mzn-stat: allDifferentNumber1MaxHallSetSizeConflict=16
%%%mzn-stat: allDifferentNumber1TotalPruningHallSetSize=28525
%%%mzn-stat: allDifferentNumber1NumberOfPruningExplanations=7589
%%%mzn-stat: allDifferentNumber1MaxPruningHallSetSize=32
%%%mzn-stat: allDifferentNumber1TotalFixedEdgesAtConflict=364
%%%mzn-stat: allDifferentNumber1TotalVarsInvolvedInPruning=6522
%%%mzn-stat: allDifferentNumber1MaxValuesPrunedFromSingleVar=7
%%%mzn-stat: allDifferentNumber1TotalSccSizeAtPruning=12924
%%%mzn-stat: allDifferentNumber1NumberOfSccPruningCalls=2060
%%%mzn-stat: circuitNumber2PropagationsThatFoundConflict=413
%%%mzn-stat: circuitNumber2TotalFixedEdgesAtConflict=17279
%%%mzn-stat: circuitNumber2NumberOfConflicts=413
%%%mzn-stat: circuitNumber2PropagationsThatPruned=386
%%%mzn-stat: circuitNumber2PropagationsTotal=2033
%%%mzn-stat: AverageConflictSize=21.08139534883721
%%%mzn-stat: NumUnitNogoodsLearned=0
%%%mzn-stat: AverageLearnedNogoodLength=24.176744186046513
%%%mzn-stat: AverageBacktrackAmount=0
%%%mzn-stat: AverageLbd=16.246511627906976
%%%mzn-stat: 2AutonomousSearchNumBackupCalled=3500
%%%mzn-stat: 2AutonomousSearchNumPredicatesRemoved=0
%%%mzn-stat: 2AutonomousSearchNumCalls=3510
%%%mzn-stat: 2AutonomousSearchNumPredicatesAdded=4850
%%%mzn-stat: 2AutonomousSearchAverageSizeOfHeap=4.1544159544159545
%%%mzn-stat: 2AutonomousSearchNumAssignedPredicatesEncountered=14582
%%%mzn-stat-end
maxleg = 287;
succ = array1d(1..50,[3, 12, 15, 8, 9, 11, 20, 21, 14, 22, 13, 1, 2, 18, 36, 6, 40, 19, 28, 38, 5, 26, 27, 4, 39, 23, 45, 34, 31, 29, 43, 37, 30, 33, 10, 41, 42, 44, 46, 48, 49, 50, 25, 47, 7, 32, 24, 16, 35, 17]);
% time elapsed: 4.08 s
----------
%%%mzn-stat: initTime=0.020162662
%%%mzn-stat: objective=284
%%%mzn-stat: nodes=5124
%%%mzn-stat: restarts=0
%%%mzn-stat: peakDepth=423
%%%mzn-stat: solveTime=0.202096356
%%%mzn-stat: variables=829
%%%mzn-stat: propagators=583
%%%mzn-stat: failures=432
%%%mzn-stat: propagations=31433
%%%mzn-stat: nogoods=432
%%%mzn-stat: numAtomicConstraintsPropagated=0
%%%mzn-stat: allDifferentNumber1PropagationsTotal=3514
%%%mzn-stat: allDifferentNumber1PropagationsThatFoundConflict=9
%%%mzn-stat: allDifferentNumber1PropagationsThatPruned=2101
%%%mzn-stat: allDifferentNumber1TotalValuesPruned=7782
%%%mzn-stat: allDifferentNumber1TotalHallSetSizeConflict=34
%%%mzn-stat: allDifferentNumber1NumberOfConflicts=9
%%%mzn-stat: allDifferentNumber1MaxHallSetSizeConflict=16
%%%mzn-stat: allDifferentNumber1TotalPruningHallSetSize=29103
%%%mzn-stat: allDifferentNumber1NumberOfPruningExplanations=7782
%%%mzn-stat: allDifferentNumber1MaxPruningHallSetSize=32
%%%mzn-stat: allDifferentNumber1TotalFixedEdgesAtConflict=364
%%%mzn-stat: allDifferentNumber1TotalVarsInvolvedInPruning=6691
%%%mzn-stat: allDifferentNumber1MaxValuesPrunedFromSingleVar=7
%%%mzn-stat: allDifferentNumber1TotalSccSizeAtPruning=13244
%%%mzn-stat: allDifferentNumber1NumberOfSccPruningCalls=2101
%%%mzn-stat: circuitNumber2PropagationsThatFoundConflict=414
%%%mzn-stat: circuitNumber2TotalFixedEdgesAtConflict=17315
%%%mzn-stat: circuitNumber2NumberOfConflicts=414
%%%mzn-stat: circuitNumber2PropagationsThatPruned=388
%%%mzn-stat: circuitNumber2PropagationsTotal=2069
%%%mzn-stat: AverageConflictSize=21.00462962962963
%%%mzn-stat: NumUnitNogoodsLearned=0
%%%mzn-stat: AverageLearnedNogoodLength=24.180555555555557
%%%mzn-stat: AverageBacktrackAmount=0
%%%mzn-stat: AverageLbd=16.224537037037038
%%%mzn-stat: 2AutonomousSearchNumBackupCalled=3829
%%%mzn-stat: 2AutonomousSearchNumPredicatesRemoved=0
%%%mzn-stat: 2AutonomousSearchNumCalls=3840
%%%mzn-stat: 2AutonomousSearchNumPredicatesAdded=5011
%%%mzn-stat: 2AutonomousSearchAverageSizeOfHeap=4.277864583333334
%%%mzn-stat: 2AutonomousSearchNumAssignedPredicatesEncountered=16427
%%%mzn-stat-end
maxleg = 284;
succ = array1d(1..50,[3, 12, 15, 8, 9, 11, 20, 21, 14, 22, 13, 1, 2, 18, 36, 6, 40, 19, 28, 38, 5, 26, 27, 44, 39, 23, 45, 34, 31, 29, 43, 37, 30, 33, 10, 41, 42, 47, 46, 48, 49, 50, 25, 4, 7, 32, 24, 16, 35, 17]);
% time elapsed: 4.08 s
----------
%%%mzn-stat: initTime=0.020162662
%%%mzn-stat: objective=275
%%%mzn-stat: nodes=5721
%%%mzn-stat: restarts=0
%%%mzn-stat: peakDepth=423
%%%mzn-stat: solveTime=0.231534103
%%%mzn-stat: variables=829
%%%mzn-stat: propagators=583
%%%mzn-stat: failures=481
%%%mzn-stat: propagations=36173
%%%mzn-stat: nogoods=481
%%%mzn-stat: numAtomicConstraintsPropagated=0
%%%mzn-stat: allDifferentNumber1PropagationsTotal=4143
%%%mzn-stat: allDifferentNumber1PropagationsThatFoundConflict=9
%%%mzn-stat: allDifferentNumber1PropagationsThatPruned=2452
%%%mzn-stat: allDifferentNumber1TotalValuesPruned=9407
%%%mzn-stat: allDifferentNumber1TotalHallSetSizeConflict=34
%%%mzn-stat: allDifferentNumber1NumberOfConflicts=9
%%%mzn-stat: allDifferentNumber1MaxHallSetSizeConflict=16
%%%mzn-stat: allDifferentNumber1TotalPruningHallSetSize=33514
%%%mzn-stat: allDifferentNumber1NumberOfPruningExplanations=9407
%%%mzn-stat: allDifferentNumber1MaxPruningHallSetSize=40
%%%mzn-stat: allDifferentNumber1TotalFixedEdgesAtConflict=364
%%%mzn-stat: allDifferentNumber1TotalVarsInvolvedInPruning=8178
%%%mzn-stat: allDifferentNumber1MaxValuesPrunedFromSingleVar=7
%%%mzn-stat: allDifferentNumber1TotalSccSizeAtPruning=15717
%%%mzn-stat: allDifferentNumber1NumberOfSccPruningCalls=2452
%%%mzn-stat: circuitNumber2PropagationsThatFoundConflict=458
%%%mzn-stat: circuitNumber2TotalFixedEdgesAtConflict=18719
%%%mzn-stat: circuitNumber2NumberOfConflicts=458
%%%mzn-stat: circuitNumber2PropagationsThatPruned=417
%%%mzn-stat: circuitNumber2PropagationsTotal=2404
%%%mzn-stat: AverageConflictSize=19.765072765072766
%%%mzn-stat: NumUnitNogoodsLearned=0
%%%mzn-stat: AverageLearnedNogoodLength=23.511434511434512
%%%mzn-stat: AverageBacktrackAmount=0
%%%mzn-stat: AverageLbd=15.326403326403327
%%%mzn-stat: 2AutonomousSearchNumBackupCalled=4161
%%%mzn-stat: 2AutonomousSearchNumPredicatesRemoved=0
%%%mzn-stat: 2AutonomousSearchNumCalls=4173
%%%mzn-stat: 2AutonomousSearchNumPredicatesAdded=6142
%%%mzn-stat: 2AutonomousSearchAverageSizeOfHeap=4.451713395638629
%%%mzn-stat: 2AutonomousSearchNumAssignedPredicatesEncountered=18577
%%%mzn-stat-end
maxleg = 275;
succ = array1d(1..50,[3, 12, 15, 8, 9, 11, 23, 21, 14, 22, 13, 36, 2, 18, 16, 40, 50, 19, 28, 38, 5, 1, 27, 44, 39, 10, 45, 6, 31, 29, 43, 7, 30, 33, 26, 41, 32, 47, 42, 48, 49, 46, 25, 4, 20, 37, 24, 17, 35, 34]);
% time elapsed: 4.11 s
----------
%%%mzn-stat: initTime=0.020162662
%%%mzn-stat: objective=271
%%%mzn-stat: nodes=6346
%%%mzn-stat: restarts=0
%%%mzn-stat: peakDepth=423
%%%mzn-stat: solveTime=0.270821157
%%%mzn-stat: variables=829
%%%mzn-stat: propagators=583
%%%mzn-stat: failures=551
%%%mzn-stat: propagations=42351
%%%mzn-stat: nogoods=551
%%%mzn-stat: numAtomicConstraintsPropagated=0
%%%mzn-stat: allDifferentNumber1PropagationsTotal=4954
%%%mzn-stat: allDifferentNumber1PropagationsThatFoundConflict=9
%%%mzn-stat: allDifferentNumber1PropagationsThatPruned=2936
%%%mzn-stat: allDifferentNumber1TotalValuesPruned=11014
%%%mzn-stat: allDifferentNumber1TotalHallSetSizeConflict=34
%%%mzn-stat: allDifferentNumber1NumberOfConflicts=9
%%%mzn-stat: allDifferentNumber1MaxHallSetSizeConflict=16
%%%mzn-stat: allDifferentNumber1TotalPruningHallSetSize=38278
%%%mzn-stat: allDifferentNumber1NumberOfPruningExplanations=11014
%%%mzn-stat: allDifferentNumber1MaxPruningHallSetSize=40
%%%mzn-stat: allDifferentNumber1TotalFixedEdgesAtConflict=364
%%%mzn-stat: allDifferentNumber1TotalVarsInvolvedInPruning=9605
%%%mzn-stat: allDifferentNumber1MaxValuesPrunedFromSingleVar=7
%%%mzn-stat: allDifferentNumber1TotalSccSizeAtPruning=19462
%%%mzn-stat: allDifferentNumber1NumberOfSccPruningCalls=2936
%%%mzn-stat: circuitNumber2PropagationsThatFoundConflict=523
%%%mzn-stat: circuitNumber2TotalFixedEdgesAtConflict=21250
%%%mzn-stat: circuitNumber2NumberOfConflicts=523
%%%mzn-stat: circuitNumber2PropagationsThatPruned=486
%%%mzn-stat: circuitNumber2PropagationsTotal=2873
%%%mzn-stat: AverageConflictSize=19.275862068965516
%%%mzn-stat: NumUnitNogoodsLearned=0
%%%mzn-stat: AverageLearnedNogoodLength=23.094373865698728
%%%mzn-stat: AverageBacktrackAmount=0
%%%mzn-stat: AverageLbd=14.869328493647913
%%%mzn-stat: 2AutonomousSearchNumBackupCalled=4481
%%%mzn-stat: 2AutonomousSearchNumPredicatesRemoved=0
%%%mzn-stat: 2AutonomousSearchNumCalls=4494
%%%mzn-stat: 2AutonomousSearchNumPredicatesAdded=7116
%%%mzn-stat: 2AutonomousSearchAverageSizeOfHeap=4.627058299955496
%%%mzn-stat: 2AutonomousSearchNumAssignedPredicatesEncountered=20794
%%%mzn-stat-end
maxleg = 271;
succ = array1d(1..50,[3, 12, 15, 8, 9, 11, 23, 21, 14, 22, 13, 36, 2, 18, 40, 42, 16, 19, 28, 38, 5, 1, 27, 44, 39, 10, 45, 6, 31, 29, 43, 7, 30, 33, 26, 41, 32, 47, 46, 48, 49, 50, 25, 4, 20, 37, 24, 17, 35, 34]);
% time elapsed: 4.15 s
----------
%%%mzn-stat: initTime=0.020162662
%%%mzn-stat: objective=268
%%%mzn-stat: nodes=6724
%%%mzn-stat: restarts=0
%%%mzn-stat: peakDepth=423
%%%mzn-stat: solveTime=0.278795762
%%%mzn-stat: variables=829
%%%mzn-stat: propagators=583
%%%mzn-stat: failures=560
%%%mzn-stat: propagations=43895
%%%mzn-stat: nogoods=560
%%%mzn-stat: numAtomicConstraintsPropagated=0
%%%mzn-stat: allDifferentNumber1PropagationsTotal=5083
%%%mzn-stat: allDifferentNumber1PropagationsThatFoundConflict=9
%%%mzn-stat: allDifferentNumber1PropagationsThatPruned=3008
%%%mzn-stat: allDifferentNumber1TotalValuesPruned=11347
%%%mzn-stat: allDifferentNumber1TotalHallSetSizeConflict=34
%%%mzn-stat: allDifferentNumber1NumberOfConflicts=9
%%%mzn-stat: allDifferentNumber1MaxHallSetSizeConflict=16
%%%mzn-stat: allDifferentNumber1TotalPruningHallSetSize=39278
%%%mzn-stat: allDifferentNumber1NumberOfPruningExplanations=11347
%%%mzn-stat: allDifferentNumber1MaxPruningHallSetSize=40
%%%mzn-stat: allDifferentNumber1TotalFixedEdgesAtConflict=364
%%%mzn-stat: allDifferentNumber1TotalVarsInvolvedInPruning=9888
%%%mzn-stat: allDifferentNumber1MaxValuesPrunedFromSingleVar=7
%%%mzn-stat: allDifferentNumber1TotalSccSizeAtPruning=19920
%%%mzn-stat: allDifferentNumber1NumberOfSccPruningCalls=3008
%%%mzn-stat: circuitNumber2PropagationsThatFoundConflict=532
%%%mzn-stat: circuitNumber2TotalFixedEdgesAtConflict=21582
%%%mzn-stat: circuitNumber2NumberOfConflicts=532
%%%mzn-stat: circuitNumber2PropagationsThatPruned=494
%%%mzn-stat: circuitNumber2PropagationsTotal=2943
%%%mzn-stat: AverageConflictSize=19.178571428571427
%%%mzn-stat: NumUnitNogoodsLearned=0
%%%mzn-stat: AverageLearnedNogoodLength=23.30892857142857
%%%mzn-stat: AverageBacktrackAmount=0
%%%mzn-stat: AverageLbd=14.875
%%%mzn-stat: 2AutonomousSearchNumBackupCalled=4803
%%%mzn-stat: 2AutonomousSearchNumPredicatesRemoved=0
%%%mzn-stat: 2AutonomousSearchNumCalls=4817
%%%mzn-stat: 2AutonomousSearchNumPredicatesAdded=7561
%%%mzn-stat: 2AutonomousSearchAverageSizeOfHeap=4.78804235001038
%%%mzn-stat: 2AutonomousSearchNumAssignedPredicatesEncountered=23064
%%%mzn-stat-end
maxleg = 268;
succ = array1d(1..50,[3, 12, 15, 8, 9, 11, 23, 21, 14, 22, 13, 36, 2, 18, 40, 42, 16, 19, 28, 46, 5, 1, 27, 38, 44, 10, 45, 6, 31, 29, 43, 7, 30, 33, 26, 41, 32, 4, 50, 48, 49, 37, 25, 47, 20, 39, 24, 17, 35, 34]);
% time elapsed: 4.16 s
----------
%%%mzn-stat: initTime=0.020162662
%%%mzn-stat: objective=261
%%%mzn-stat: nodes=7126
%%%mzn-stat: restarts=0
%%%mzn-stat: peakDepth=423
%%%mzn-stat: solveTime=0.299524087
%%%mzn-stat: variables=829
%%%mzn-stat: propagators=583
%%%mzn-stat: failures=601
%%%mzn-stat: propagations=46804
%%%mzn-stat: nogoods=601
%%%mzn-stat: numAtomicConstraintsPropagated=0
%%%mzn-stat: allDifferentNumber1PropagationsTotal=5352
%%%mzn-stat: allDifferentNumber1PropagationsThatFoundConflict=9
%%%mzn-stat: allDifferentNumber1PropagationsThatPruned=3169
%%%mzn-stat: allDifferentNumber1TotalValuesPruned=12010
%%%mzn-stat: allDifferentNumber1TotalHallSetSizeConflict=34
%%%mzn-stat: allDifferentNumber1NumberOfConflicts=9
%%%mzn-stat: allDifferentNumber1MaxHallSetSizeConflict=16
%%%mzn-stat: allDifferentNumber1TotalPruningHallSetSize=42124
%%%mzn-stat: allDifferentNumber1NumberOfPruningExplanations=12010
%%%mzn-stat: allDifferentNumber1MaxPruningHallSetSize=40
%%%mzn-stat: allDifferentNumber1TotalFixedEdgesAtConflict=364
%%%mzn-stat: allDifferentNumber1TotalVarsInvolvedInPruning=10420
%%%mzn-stat: allDifferentNumber1MaxValuesPrunedFromSingleVar=7
%%%mzn-stat: allDifferentNumber1TotalSccSizeAtPruning=21287
%%%mzn-stat: allDifferentNumber1NumberOfSccPruningCalls=3169
%%%mzn-stat: circuitNumber2PropagationsThatFoundConflict=568
%%%mzn-stat: circuitNumber2TotalFixedEdgesAtConflict=22949
%%%mzn-stat: circuitNumber2NumberOfConflicts=568
%%%mzn-stat: circuitNumber2PropagationsThatPruned=536
%%%mzn-stat: circuitNumber2PropagationsTotal=3107
%%%mzn-stat: AverageConflictSize=18.866888519134775
%%%mzn-stat: NumUnitNogoodsLearned=0
%%%mzn-stat: AverageLearnedNogoodLength=24.760399334442596
%%%mzn-stat: AverageBacktrackAmount=0
%%%mzn-stat: AverageLbd=15.033277870216306
%%%mzn-stat: 2AutonomousSearchNumBackupCalled=5109
%%%mzn-stat: 2AutonomousSearchNumPredicatesRemoved=0
%%%mzn-stat: 2AutonomousSearchNumCalls=5124
%%%mzn-stat: 2AutonomousSearchNumPredicatesAdded=8830
%%%mzn-stat: 2AutonomousSearchAverageSizeOfHeap=4.9839968774395
%%%mzn-stat: 2AutonomousSearchNumAssignedPredicatesEncountered=25538
%%%mzn-stat-end
maxleg = 261;
succ = array1d(1..50,[3, 12, 15, 8, 9, 11, 23, 21, 14, 22, 13, 36, 2, 18, 40, 42, 16, 19, 28, 46, 43, 1, 27, 38, 44, 10, 45, 6, 30, 33, 29, 7, 34, 5, 26, 41, 32, 4, 25, 48, 49, 50, 31, 47, 20, 39, 24, 17, 35, 37]);
% time elapsed: 4.18 s
----------
%%%mzn-stat: initTime=0.020162662
%%%mzn-stat: objective=258
%%%mzn-stat: nodes=51398
%%%mzn-stat: restarts=0
%%%mzn-stat: peakDepth=423
%%%mzn-stat: solveTime=7.106410418
%%%mzn-stat: variables=829
%%%mzn-stat: propagators=583
%%%mzn-stat: failures=12902
%%%mzn-stat: propagations=1040631
%%%mzn-stat: nogoods=12902
%%%mzn-stat: numAtomicConstraintsPropagated=0
%%%mzn-stat: allDifferentNumber1PropagationsTotal=126676
%%%mzn-stat: allDifferentNumber1PropagationsThatFoundConflict=17
%%%mzn-stat: allDifferentNumber1PropagationsThatPruned=76139
%%%mzn-stat: allDifferentNumber1TotalValuesPruned=274228
%%%mzn-stat: allDifferentNumber1TotalHallSetSizeConflict=84
%%%mzn-stat: allDifferentNumber1NumberOfConflicts=17
%%%mzn-stat: allDifferentNumber1MaxHallSetSizeConflict=19
%%%mzn-stat: allDifferentNumber1TotalPruningHallSetSize=745163
%%%mzn-stat: allDifferentNumber1NumberOfPruningExplanations=274228
%%%mzn-stat: allDifferentNumber1MaxPruningHallSetSize=41
%%%mzn-stat: allDifferentNumber1TotalFixedEdgesAtConflict=530
%%%mzn-stat: allDifferentNumber1TotalVarsInvolvedInPruning=226069
%%%mzn-stat: allDifferentNumber1MaxValuesPrunedFromSingleVar=7
%%%mzn-stat: allDifferentNumber1TotalSccSizeAtPruning=484174
%%%mzn-stat: allDifferentNumber1NumberOfSccPruningCalls=76139
%%%mzn-stat: circuitNumber2PropagationsThatFoundConflict=12840
%%%mzn-stat: circuitNumber2TotalFixedEdgesAtConflict=506455
%%%mzn-stat: circuitNumber2NumberOfConflicts=12840
%%%mzn-stat: circuitNumber2PropagationsThatPruned=17949
%%%mzn-stat: circuitNumber2PropagationsTotal=76484
%%%mzn-stat: AverageConflictSize=17.949000155014726
%%%mzn-stat: NumUnitNogoodsLearned=0
%%%mzn-stat: AverageLearnedNogoodLength=22.020229421795072
%%%mzn-stat: AverageBacktrackAmount=0
%%%mzn-stat: AverageLbd=10.366299798480856
%%%mzn-stat: 2AutonomousSearchNumBackupCalled=5411
%%%mzn-stat: 2AutonomousSearchNumPredicatesRemoved=0
%%%mzn-stat: 2AutonomousSearchNumCalls=5427
%%%mzn-stat: 2AutonomousSearchNumPredicatesAdded=11319
%%%mzn-stat: 2AutonomousSearchAverageSizeOfHeap=5.293532338308458
%%%mzn-stat: 2AutonomousSearchNumAssignedPredicatesEncountered=28728
%%%mzn-stat-end
maxleg = 258;
succ = array1d(1..50,[3, 12, 15, 8, 9, 13, 23, 21, 14, 22, 42, 36, 2, 18, 40, 11, 16, 19, 28, 46, 43, 1, 27, 38, 44, 10, 45, 6, 30, 33, 29, 7, 34, 5, 26, 41, 32, 4, 25, 48, 49, 50, 31, 47, 20, 39, 24, 17, 35, 37]);
% time elapsed: 10.99 s
----------
%%%mzn-stat: initTime=0.020162662
%%%mzn-stat: objective=256
%%%mzn-stat: nodes=51732
%%%mzn-stat: restarts=0
%%%mzn-stat: peakDepth=423
%%%mzn-stat: solveTime=7.110411147
%%%mzn-stat: variables=829
%%%mzn-stat: propagators=583
%%%mzn-stat: failures=12902
%%%mzn-stat: propagations=1041760
%%%mzn-stat: nogoods=12902
%%%mzn-stat: numAtomicConstraintsPropagated=0
%%%mzn-stat: allDifferentNumber1PropagationsTotal=126741
%%%mzn-stat: allDifferentNumber1PropagationsThatFoundConflict=17
%%%mzn-stat: allDifferentNumber1PropagationsThatPruned=76174
%%%mzn-stat: allDifferentNumber1TotalValuesPruned=274372
%%%mzn-stat: allDifferentNumber1TotalHallSetSizeConflict=84
%%%mzn-stat: allDifferentNumber1NumberOfConflicts=17
%%%mzn-stat: allDifferentNumber1MaxHallSetSizeConflict=19
%%%mzn-stat: allDifferentNumber1TotalPruningHallSetSize=745413
%%%mzn-stat: allDifferentNumber1NumberOfPruningExplanations=274372
%%%mzn-stat: allDifferentNumber1MaxPruningHallSetSize=41
%%%mzn-stat: allDifferentNumber1TotalFixedEdgesAtConflict=530
%%%mzn-stat: allDifferentNumber1TotalVarsInvolvedInPruning=226204
%%%mzn-stat: allDifferentNumber1MaxValuesPrunedFromSingleVar=7
%%%mzn-stat: allDifferentNumber1TotalSccSizeAtPruning=484343
%%%mzn-stat: allDifferentNumber1NumberOfSccPruningCalls=76174
%%%mzn-stat: circuitNumber2PropagationsThatFoundConflict=12840
%%%mzn-stat: circuitNumber2TotalFixedEdgesAtConflict=506455
%%%mzn-stat: circuitNumber2NumberOfConflicts=12840
%%%mzn-stat: circuitNumber2PropagationsThatPruned=17954
%%%mzn-stat: circuitNumber2PropagationsTotal=76519
%%%mzn-stat: AverageConflictSize=17.949000155014726
%%%mzn-stat: NumUnitNogoodsLearned=0
%%%mzn-stat: AverageLearnedNogoodLength=22.020229421795072
%%%mzn-stat: AverageBacktrackAmount=0
%%%mzn-stat: AverageLbd=10.366299798480856
%%%mzn-stat: 2AutonomousSearchNumBackupCalled=5715
%%%mzn-stat: 2AutonomousSearchNumPredicatesRemoved=0
%%%mzn-stat: 2AutonomousSearchNumCalls=5732
%%%mzn-stat: 2AutonomousSearchNumPredicatesAdded=11319
%%%mzn-stat: 2AutonomousSearchAverageSizeOfHeap=5.568387997208653
%%%mzn-stat: 2AutonomousSearchNumAssignedPredicatesEncountered=31918
%%%mzn-stat-end
maxleg = 256;
succ = array1d(1..50,[3, 12, 15, 8, 9, 13, 23, 21, 14, 22, 42, 36, 2, 18, 40, 11, 16, 19, 28, 46, 43, 1, 27, 38, 44, 10, 45, 6, 31, 33, 25, 7, 29, 30, 26, 41, 32, 4, 50, 48, 49, 37, 5, 47, 20, 39, 24, 17, 35, 34]);
% time elapsed: 11.00 s
----------
%%%mzn-stat: initTime=0.020162662
%%%mzn-stat: objective=252
%%%mzn-stat: nodes=52076
%%%mzn-stat: restarts=0
%%%mzn-stat: peakDepth=423
%%%mzn-stat: solveTime=7.117897283
%%%mzn-stat: variables=829
%%%mzn-stat: propagators=583
%%%mzn-stat: failures=12912
%%%mzn-stat: propagations=1043307
%%%mzn-stat: nogoods=12912
%%%mzn-stat: numAtomicConstraintsPropagated=0
%%%mzn-stat: allDifferentNumber1PropagationsTotal=126852
%%%mzn-stat: allDifferentNumber1PropagationsThatFoundConflict=19
%%%mzn-stat: allDifferentNumber1PropagationsThatPruned=76234
%%%mzn-stat: allDifferentNumber1TotalValuesPruned=274619
%%%mzn-stat: allDifferentNumber1TotalHallSetSizeConflict=120
%%%mzn-stat: allDifferentNumber1NumberOfConflicts=19
%%%mzn-stat: allDifferentNumber1MaxHallSetSizeConflict=20
%%%mzn-stat: allDifferentNumber1TotalPruningHallSetSize=746052
%%%mzn-stat: allDifferentNumber1NumberOfPruningExplanations=274619
%%%mzn-stat: allDifferentNumber1MaxPruningHallSetSize=41
%%%mzn-stat: allDifferentNumber1TotalFixedEdgesAtConflict=582
%%%mzn-stat: allDifferentNumber1TotalVarsInvolvedInPruning=226433
%%%mzn-stat: allDifferentNumber1MaxValuesPrunedFromSingleVar=7
%%%mzn-stat: allDifferentNumber1TotalSccSizeAtPruning=484696
%%%mzn-stat: allDifferentNumber1NumberOfSccPruningCalls=76234
%%%mzn-stat: circuitNumber2PropagationsThatFoundConflict=12846
%%%mzn-stat: circuitNumber2TotalFixedEdgesAtConflict=506633
%%%mzn-stat: circuitNumber2NumberOfConflicts=12846
%%%mzn-stat: circuitNumber2PropagationsThatPruned=17960
%%%mzn-stat: circuitNumber2PropagationsTotal=76576
%%%mzn-stat: AverageConflictSize=17.950356257744733
%%%mzn-stat: NumUnitNogoodsLearned=0
%%%mzn-stat: AverageLearnedNogoodLength=22.034154275092938
%%%mzn-stat: AverageBacktrackAmount=0
%%%mzn-stat: AverageLbd=10.365783767038414
%%%mzn-stat: 2AutonomousSearchNumBackupCalled=6011
%%%mzn-stat: 2AutonomousSearchNumPredicatesRemoved=0
%%%mzn-stat: 2AutonomousSearchNumCalls=6029
%%%mzn-stat: 2AutonomousSearchNumPredicatesAdded=11862
%%%mzn-stat: 2AutonomousSearchAverageSizeOfHeap=5.828329739591972
%%%mzn-stat: 2AutonomousSearchNumAssignedPredicatesEncountered=35139
%%%mzn-stat-end
maxleg = 252;
succ = array1d(1..50,[3, 12, 15, 8, 9, 13, 23, 21, 14, 22, 42, 36, 2, 18, 40, 11, 16, 19, 28, 47, 25, 1, 27, 38, 39, 10, 45, 6, 31, 33, 43, 7, 29, 30, 26, 41, 32, 4, 50, 48, 49, 46, 5, 24, 20, 37, 44, 17, 35, 34]);
% time elapsed: 11.01 s
----------
%%%mzn-stat: initTime=0.020162662
%%%mzn-stat: objective=252
%%%mzn-stat: nodes=2368192
%%%mzn-stat: restarts=0
%%%mzn-stat: peakDepth=423
%%%mzn-stat: solveTime=1796.225499229
%%%mzn-stat: variables=829
%%%mzn-stat: propagators=583
%%%mzn-stat: failures=2325558
%%%mzn-stat: propagations=67700252
%%%mzn-stat: nogoods=2325558
%%%mzn-stat: numAtomicConstraintsPropagated=0
%%%mzn-stat: allDifferentNumber1PropagationsTotal=8733488
%%%mzn-stat: allDifferentNumber1PropagationsThatFoundConflict=400
%%%mzn-stat: allDifferentNumber1PropagationsThatPruned=6239156
%%%mzn-stat: allDifferentNumber1TotalValuesPruned=38572016
%%%mzn-stat: allDifferentNumber1TotalHallSetSizeConflict=8876
%%%mzn-stat: allDifferentNumber1NumberOfConflicts=400
%%%mzn-stat: allDifferentNumber1MaxHallSetSizeConflict=27
%%%mzn-stat: allDifferentNumber1TotalPruningHallSetSize=489741396
%%%mzn-stat: allDifferentNumber1NumberOfPruningExplanations=38572016
%%%mzn-stat: allDifferentNumber1MaxPruningHallSetSize=41
%%%mzn-stat: allDifferentNumber1TotalFixedEdgesAtConflict=4796
%%%mzn-stat: allDifferentNumber1TotalVarsInvolvedInPruning=29960076
%%%mzn-stat: allDifferentNumber1MaxValuesPrunedFromSingleVar=7
%%%mzn-stat: allDifferentNumber1TotalSccSizeAtPruning=203840189
%%%mzn-stat: allDifferentNumber1NumberOfSccPruningCalls=6239156
%%%mzn-stat: circuitNumber2PropagationsThatFoundConflict=614224
%%%mzn-stat: circuitNumber2TotalFixedEdgesAtConflict=10919099
%%%mzn-stat: circuitNumber2NumberOfConflicts=614224
%%%mzn-stat: circuitNumber2PropagationsThatPruned=146543
%%%mzn-stat: circuitNumber2PropagationsTotal=3611907
%%%mzn-stat: AverageConflictSize=13.039413336498166
%%%mzn-stat: NumUnitNogoodsLearned=0
%%%mzn-stat: AverageLearnedNogoodLength=73.79287379631039
%%%mzn-stat: AverageBacktrackAmount=0
%%%mzn-stat: AverageLbd=11.434278568842403
%%%mzn-stat: 2AutonomousSearchNumBackupCalled=6011
%%%mzn-stat: 2AutonomousSearchNumPredicatesRemoved=0
%%%mzn-stat: 2AutonomousSearchNumCalls=6029
%%%mzn-stat: 2AutonomousSearchNumPredicatesAdded=14396
%%%mzn-stat: 2AutonomousSearchAverageSizeOfHeap=5.828329739591972
%%%mzn-stat: 2AutonomousSearchNumAssignedPredicatesEncountered=35139
%%%mzn-stat-end
