% Logging successfully configured
%%%mzn-stat: initTime=0.095328798
%%%mzn-stat: objective=625
%%%mzn-stat: nodes=885
%%%mzn-stat: restarts=0
%%%mzn-stat: peakDepth=230
%%%mzn-stat: solveTime=0.008355154
%%%mzn-stat: variables=508
%%%mzn-stat: propagators=359
%%%mzn-stat: failures=91
%%%mzn-stat: propagations=5691
%%%mzn-stat: nogoods=91
%%%mzn-stat: numAtomicConstraintsPropagated=0
%%%mzn-stat: allDifferentNumber1TotalHallSetSize=190
%%%mzn-stat: allDifferentNumber1NumberOfConflicts=91
%%%mzn-stat: allDifferentNumber1MaxHallSetSize=10
%%%mzn-stat: allDifferentNumber1PropagationsTotal=1200
%%%mzn-stat: allDifferentNumber1PropagationsThatFoundConflict=91
%%%mzn-stat: circuitNumber2PropagationsThatFoundConflict=0
%%%mzn-stat: circuitNumber2TotalFixedEdgesAtConflict=0
%%%mzn-stat: circuitNumber2NumberOfConflicts=0
%%%mzn-stat: circuitNumber2PropagationsThatPruned=17
%%%mzn-stat: circuitNumber2PropagationsTotal=602
%%%mzn-stat: AverageConflictSize=2.087912087912088
%%%mzn-stat: NumUnitNogoodsLearned=0
%%%mzn-stat: AverageLearnedNogoodLength=2.087912087912088
%%%mzn-stat: AverageBacktrackAmount=0
%%%mzn-stat: AverageLbd=2.087912087912088
%%%mzn-stat: 2AutonomousSearchNumBackupCalled=211
%%%mzn-stat: 2AutonomousSearchNumPredicatesRemoved=0
%%%mzn-stat: 2AutonomousSearchNumCalls=212
%%%mzn-stat: 2AutonomousSearchNumPredicatesAdded=123
%%%mzn-stat: 2AutonomousSearchAverageSizeOfHeap=0.5801886792452831
%%%mzn-stat: 2AutonomousSearchNumAssignedPredicatesEncountered=123
%%%mzn-stat-end
maxleg = 625;
succ = array1d(1..20,[2, 4, 1, 6, 3, 9, 5, 7, 10, 11, 12, 14, 8, 15, 16, 19, 20, 17, 18, 13]);
% time elapsed: 5.20 s
----------
%%%mzn-stat: initTime=0.095328798
%%%mzn-stat: objective=602
%%%mzn-stat: nodes=1461
%%%mzn-stat: restarts=0
%%%mzn-stat: peakDepth=230
%%%mzn-stat: solveTime=0.012809936
%%%mzn-stat: variables=508
%%%mzn-stat: propagators=359
%%%mzn-stat: failures=142
%%%mzn-stat: propagations=9089
%%%mzn-stat: nogoods=142
%%%mzn-stat: numAtomicConstraintsPropagated=0
%%%mzn-stat: allDifferentNumber1TotalHallSetSize=297
%%%mzn-stat: allDifferentNumber1NumberOfConflicts=142
%%%mzn-stat: allDifferentNumber1MaxHallSetSize=10
%%%mzn-stat: allDifferentNumber1PropagationsTotal=1796
%%%mzn-stat: allDifferentNumber1PropagationsThatFoundConflict=142
%%%mzn-stat: circuitNumber2PropagationsThatFoundConflict=0
%%%mzn-stat: circuitNumber2TotalFixedEdgesAtConflict=0
%%%mzn-stat: circuitNumber2NumberOfConflicts=0
%%%mzn-stat: circuitNumber2PropagationsThatPruned=22
%%%mzn-stat: circuitNumber2PropagationsTotal=926
%%%mzn-stat: AverageConflictSize=2.119718309859155
%%%mzn-stat: NumUnitNogoodsLearned=0
%%%mzn-stat: AverageLearnedNogoodLength=2.119718309859155
%%%mzn-stat: AverageBacktrackAmount=0
%%%mzn-stat: AverageLbd=2.119718309859155
%%%mzn-stat: 2AutonomousSearchNumBackupCalled=417
%%%mzn-stat: 2AutonomousSearchNumPredicatesRemoved=0
%%%mzn-stat: 2AutonomousSearchNumCalls=419
%%%mzn-stat: 2AutonomousSearchNumPredicatesAdded=193
%%%mzn-stat: 2AutonomousSearchAverageSizeOfHeap=0.649164677804296
%%%mzn-stat: 2AutonomousSearchNumAssignedPredicatesEncountered=272
%%%mzn-stat-end
maxleg = 602;
succ = array1d(1..20,[2, 4, 1, 7, 3, 9, 8, 10, 11, 12, 14, 6, 5, 15, 16, 19, 20, 17, 18, 13]);
% time elapsed: 5.20 s
----------
%%%mzn-stat: initTime=0.095328798
%%%mzn-stat: objective=588
%%%mzn-stat: nodes=1723
%%%mzn-stat: restarts=0
%%%mzn-stat: peakDepth=230
%%%mzn-stat: solveTime=0.013588174
%%%mzn-stat: variables=508
%%%mzn-stat: propagators=359
%%%mzn-stat: failures=151
%%%mzn-stat: propagations=9994
%%%mzn-stat: nogoods=151
%%%mzn-stat: numAtomicConstraintsPropagated=0
%%%mzn-stat: allDifferentNumber1TotalHallSetSize=318
%%%mzn-stat: allDifferentNumber1NumberOfConflicts=151
%%%mzn-stat: allDifferentNumber1MaxHallSetSize=10
%%%mzn-stat: allDifferentNumber1PropagationsTotal=1892
%%%mzn-stat: allDifferentNumber1PropagationsThatFoundConflict=151
%%%mzn-stat: circuitNumber2PropagationsThatFoundConflict=0
%%%mzn-stat: circuitNumber2TotalFixedEdgesAtConflict=0
%%%mzn-stat: circuitNumber2NumberOfConflicts=0
%%%mzn-stat: circuitNumber2PropagationsThatPruned=23
%%%mzn-stat: circuitNumber2PropagationsTotal=973
%%%mzn-stat: AverageConflictSize=2.1390728476821192
%%%mzn-stat: NumUnitNogoodsLearned=0
%%%mzn-stat: AverageLearnedNogoodLength=2.1390728476821192
%%%mzn-stat: AverageBacktrackAmount=0
%%%mzn-stat: AverageLbd=2.1390728476821192
%%%mzn-stat: 2AutonomousSearchNumBackupCalled=624
%%%mzn-stat: 2AutonomousSearchNumPredicatesRemoved=0
%%%mzn-stat: 2AutonomousSearchNumCalls=627
%%%mzn-stat: 2AutonomousSearchNumPredicatesAdded=209
%%%mzn-stat: 2AutonomousSearchAverageSizeOfHeap=0.6762360446570973
%%%mzn-stat: 2AutonomousSearchNumAssignedPredicatesEncountered=424
%%%mzn-stat-end
maxleg = 588;
succ = array1d(1..20,[2, 4, 1, 7, 3, 9, 8, 10, 11, 12, 15, 6, 5, 16, 14, 19, 20, 17, 18, 13]);
% time elapsed: 5.20 s
----------
%%%mzn-stat: initTime=0.095328798
%%%mzn-stat: objective=561
%%%mzn-stat: nodes=2044
%%%mzn-stat: restarts=0
%%%mzn-stat: peakDepth=230
%%%mzn-stat: solveTime=0.014984549
%%%mzn-stat: variables=508
%%%mzn-stat: propagators=359
%%%mzn-stat: failures=164
%%%mzn-stat: propagations=11403
%%%mzn-stat: nogoods=164
%%%mzn-stat: numAtomicConstraintsPropagated=0
%%%mzn-stat: allDifferentNumber1TotalHallSetSize=345
%%%mzn-stat: allDifferentNumber1NumberOfConflicts=164
%%%mzn-stat: allDifferentNumber1MaxHallSetSize=10
%%%mzn-stat: allDifferentNumber1PropagationsTotal=2072
%%%mzn-stat: allDifferentNumber1PropagationsThatFoundConflict=164
%%%mzn-stat: circuitNumber2PropagationsThatFoundConflict=0
%%%mzn-stat: circuitNumber2TotalFixedEdgesAtConflict=0
%%%mzn-stat: circuitNumber2NumberOfConflicts=0
%%%mzn-stat: circuitNumber2PropagationsThatPruned=24
%%%mzn-stat: circuitNumber2PropagationsTotal=1075
%%%mzn-stat: AverageConflictSize=2.1463414634146343
%%%mzn-stat: NumUnitNogoodsLearned=0
%%%mzn-stat: AverageLearnedNogoodLength=2.1463414634146343
%%%mzn-stat: AverageBacktrackAmount=0
%%%mzn-stat: AverageLbd=2.1463414634146343
%%%mzn-stat: 2AutonomousSearchNumBackupCalled=830
%%%mzn-stat: 2AutonomousSearchNumPredicatesRemoved=0
%%%mzn-stat: 2AutonomousSearchNumCalls=834
%%%mzn-stat: 2AutonomousSearchNumPredicatesAdded=226
%%%mzn-stat: 2AutonomousSearchAverageSizeOfHeap=0.6954436450839329
%%%mzn-stat: 2AutonomousSearchNumAssignedPredicatesEncountered=580
%%%mzn-stat-end
maxleg = 561;
succ = array1d(1..20,[2, 4, 1, 7, 3, 11, 8, 9, 10, 12, 15, 6, 5, 16, 14, 19, 20, 17, 18, 13]);
% time elapsed: 5.20 s
----------
%%%mzn-stat: initTime=0.095328798
%%%mzn-stat: objective=530
%%%mzn-stat: nodes=2255
%%%mzn-stat: restarts=0
%%%mzn-stat: peakDepth=230
%%%mzn-stat: solveTime=0.015433333
%%%mzn-stat: variables=508
%%%mzn-stat: propagators=359
%%%mzn-stat: failures=166
%%%mzn-stat: propagations=12081
%%%mzn-stat: nogoods=166
%%%mzn-stat: numAtomicConstraintsPropagated=0
%%%mzn-stat: allDifferentNumber1TotalHallSetSize=349
%%%mzn-stat: allDifferentNumber1NumberOfConflicts=166
%%%mzn-stat: allDifferentNumber1MaxHallSetSize=10
%%%mzn-stat: allDifferentNumber1PropagationsTotal=2110
%%%mzn-stat: allDifferentNumber1PropagationsThatFoundConflict=166
%%%mzn-stat: circuitNumber2PropagationsThatFoundConflict=0
%%%mzn-stat: circuitNumber2TotalFixedEdgesAtConflict=0
%%%mzn-stat: circuitNumber2NumberOfConflicts=0
%%%mzn-stat: circuitNumber2PropagationsThatPruned=25
%%%mzn-stat: circuitNumber2PropagationsTotal=1096
%%%mzn-stat: AverageConflictSize=2.144578313253012
%%%mzn-stat: NumUnitNogoodsLearned=0
%%%mzn-stat: AverageLearnedNogoodLength=2.144578313253012
%%%mzn-stat: AverageBacktrackAmount=0
%%%mzn-stat: AverageLbd=2.144578313253012
%%%mzn-stat: 2AutonomousSearchNumBackupCalled=1018
%%%mzn-stat: 2AutonomousSearchNumPredicatesRemoved=0
%%%mzn-stat: 2AutonomousSearchNumCalls=1023
%%%mzn-stat: 2AutonomousSearchNumPredicatesAdded=230
%%%mzn-stat: 2AutonomousSearchAverageSizeOfHeap=0.7204301075268817
%%%mzn-stat: 2AutonomousSearchNumAssignedPredicatesEncountered=737
%%%mzn-stat-end
maxleg = 530;
succ = array1d(1..20,[2, 4, 1, 7, 3, 11, 8, 9, 10, 12, 15, 6, 5, 16, 17, 20, 18, 19, 14, 13]);
% time elapsed: 5.20 s
----------
%%%mzn-stat: initTime=0.095328798
%%%mzn-stat: objective=519
%%%mzn-stat: nodes=2495
%%%mzn-stat: restarts=0
%%%mzn-stat: peakDepth=230
%%%mzn-stat: solveTime=0.017421708
%%%mzn-stat: variables=508
%%%mzn-stat: propagators=359
%%%mzn-stat: failures=183
%%%mzn-stat: propagations=13229
%%%mzn-stat: nogoods=183
%%%mzn-stat: numAtomicConstraintsPropagated=0
%%%mzn-stat: allDifferentNumber1TotalHallSetSize=400
%%%mzn-stat: allDifferentNumber1NumberOfConflicts=183
%%%mzn-stat: allDifferentNumber1MaxHallSetSize=10
%%%mzn-stat: allDifferentNumber1PropagationsTotal=2217
%%%mzn-stat: allDifferentNumber1PropagationsThatFoundConflict=183
%%%mzn-stat: circuitNumber2PropagationsThatFoundConflict=0
%%%mzn-stat: circuitNumber2TotalFixedEdgesAtConflict=0
%%%mzn-stat: circuitNumber2NumberOfConflicts=0
%%%mzn-stat: circuitNumber2PropagationsThatPruned=27
%%%mzn-stat: circuitNumber2PropagationsTotal=1151
%%%mzn-stat: AverageConflictSize=2.300546448087432
%%%mzn-stat: NumUnitNogoodsLearned=0
%%%mzn-stat: AverageLearnedNogoodLength=2.398907103825137
%%%mzn-stat: AverageBacktrackAmount=0
%%%mzn-stat: AverageLbd=2.2841530054644807
%%%mzn-stat: 2AutonomousSearchNumBackupCalled=1194
%%%mzn-stat: 2AutonomousSearchNumPredicatesRemoved=0
%%%mzn-stat: 2AutonomousSearchNumCalls=1200
%%%mzn-stat: 2AutonomousSearchNumPredicatesAdded=319
%%%mzn-stat: 2AutonomousSearchAverageSizeOfHeap=0.7991666666666667
%%%mzn-stat: 2AutonomousSearchNumAssignedPredicatesEncountered=959
%%%mzn-stat-end
maxleg = 519;
succ = array1d(1..20,[2, 4, 1, 7, 3, 11, 8, 9, 10, 14, 12, 16, 5, 19, 17, 20, 18, 6, 15, 13]);
% time elapsed: 5.20 s
----------
%%%mzn-stat: initTime=0.095328798
%%%mzn-stat: objective=490
%%%mzn-stat: nodes=2741
%%%mzn-stat: restarts=0
%%%mzn-stat: peakDepth=230
%%%mzn-stat: solveTime=0.020091937
%%%mzn-stat: variables=508
%%%mzn-stat: propagators=359
%%%mzn-stat: failures=227
%%%mzn-stat: propagations=15107
%%%mzn-stat: nogoods=227
%%%mzn-stat: numAtomicConstraintsPropagated=0
%%%mzn-stat: allDifferentNumber1TotalHallSetSize=505
%%%mzn-stat: allDifferentNumber1NumberOfConflicts=224
%%%mzn-stat: allDifferentNumber1MaxHallSetSize=10
%%%mzn-stat: allDifferentNumber1PropagationsTotal=2389
%%%mzn-stat: allDifferentNumber1PropagationsThatFoundConflict=224
%%%mzn-stat: circuitNumber2PropagationsThatFoundConflict=3
%%%mzn-stat: circuitNumber2TotalFixedEdgesAtConflict=51
%%%mzn-stat: circuitNumber2NumberOfConflicts=3
%%%mzn-stat: circuitNumber2PropagationsThatPruned=44
%%%mzn-stat: circuitNumber2PropagationsTotal=1229
%%%mzn-stat: AverageConflictSize=2.709251101321586
%%%mzn-stat: NumUnitNogoodsLearned=0
%%%mzn-stat: AverageLearnedNogoodLength=3.9559471365638768
%%%mzn-stat: AverageBacktrackAmount=0
%%%mzn-stat: AverageLbd=3.101321585903084
%%%mzn-stat: 2AutonomousSearchNumBackupCalled=1359
%%%mzn-stat: 2AutonomousSearchNumPredicatesRemoved=0
%%%mzn-stat: 2AutonomousSearchNumCalls=1366
%%%mzn-stat: 2AutonomousSearchNumPredicatesAdded=563
%%%mzn-stat: 2AutonomousSearchAverageSizeOfHeap=0.9751098096632503
%%%mzn-stat: 2AutonomousSearchNumAssignedPredicatesEncountered=1332
%%%mzn-stat-end
maxleg = 490;
succ = array1d(1..20,[2, 4, 1, 7, 3, 11, 8, 9, 10, 14, 15, 17, 5, 16, 20, 19, 18, 6, 12, 13]);
% time elapsed: 5.20 s
----------
%%%mzn-stat: initTime=0.095328798
%%%mzn-stat: objective=489
%%%mzn-stat: nodes=3015
%%%mzn-stat: restarts=0
%%%mzn-stat: peakDepth=230
%%%mzn-stat: solveTime=0.023612314
%%%mzn-stat: variables=508
%%%mzn-stat: propagators=359
%%%mzn-stat: failures=271
%%%mzn-stat: propagations=17595
%%%mzn-stat: nogoods=271
%%%mzn-stat: numAtomicConstraintsPropagated=0
%%%mzn-stat: allDifferentNumber1TotalHallSetSize=641
%%%mzn-stat: allDifferentNumber1NumberOfConflicts=264
%%%mzn-stat: allDifferentNumber1MaxHallSetSize=10
%%%mzn-stat: allDifferentNumber1PropagationsTotal=2621
%%%mzn-stat: allDifferentNumber1PropagationsThatFoundConflict=264
%%%mzn-stat: circuitNumber2PropagationsThatFoundConflict=6
%%%mzn-stat: circuitNumber2TotalFixedEdgesAtConflict=104
%%%mzn-stat: circuitNumber2NumberOfConflicts=6
%%%mzn-stat: circuitNumber2PropagationsThatPruned=57
%%%mzn-stat: circuitNumber2PropagationsTotal=1346
%%%mzn-stat: AverageConflictSize=3.7011070110701105
%%%mzn-stat: NumUnitNogoodsLearned=0
%%%mzn-stat: AverageLearnedNogoodLength=5.660516605166052
%%%mzn-stat: AverageBacktrackAmount=0
%%%mzn-stat: AverageLbd=3.944649446494465
%%%mzn-stat: 2AutonomousSearchNumBackupCalled=1520
%%%mzn-stat: 2AutonomousSearchNumPredicatesRemoved=0
%%%mzn-stat: 2AutonomousSearchNumCalls=1528
%%%mzn-stat: 2AutonomousSearchNumPredicatesAdded=804
%%%mzn-stat: 2AutonomousSearchAverageSizeOfHeap=1.143979057591623
%%%mzn-stat: 2AutonomousSearchNumAssignedPredicatesEncountered=1748
%%%mzn-stat-end
maxleg = 489;
succ = array1d(1..20,[2, 4, 1, 7, 8, 11, 5, 9, 10, 14, 15, 17, 3, 16, 20, 19, 18, 6, 12, 13]);
% time elapsed: 5.20 s
----------
%%%mzn-stat: initTime=0.095328798
%%%mzn-stat: objective=487
%%%mzn-stat: nodes=3803
%%%mzn-stat: restarts=0
%%%mzn-stat: peakDepth=230
%%%mzn-stat: solveTime=0.057233714
%%%mzn-stat: variables=508
%%%mzn-stat: propagators=359
%%%mzn-stat: failures=696
%%%mzn-stat: propagations=33098
%%%mzn-stat: nogoods=696
%%%mzn-stat: numAtomicConstraintsPropagated=0
%%%mzn-stat: allDifferentNumber1TotalHallSetSize=3441
%%%mzn-stat: allDifferentNumber1NumberOfConflicts=650
%%%mzn-stat: allDifferentNumber1MaxHallSetSize=13
%%%mzn-stat: allDifferentNumber1PropagationsTotal=4397
%%%mzn-stat: allDifferentNumber1PropagationsThatFoundConflict=650
%%%mzn-stat: circuitNumber2PropagationsThatFoundConflict=37
%%%mzn-stat: circuitNumber2TotalFixedEdgesAtConflict=593
%%%mzn-stat: circuitNumber2NumberOfConflicts=37
%%%mzn-stat: circuitNumber2PropagationsThatPruned=266
%%%mzn-stat: circuitNumber2PropagationsTotal=2296
%%%mzn-stat: AverageConflictSize=10.823275862068966
%%%mzn-stat: NumUnitNogoodsLearned=0
%%%mzn-stat: AverageLearnedNogoodLength=14.850574712643677
%%%mzn-stat: AverageBacktrackAmount=0
%%%mzn-stat: AverageLbd=7.1738505747126435
%%%mzn-stat: 2AutonomousSearchNumBackupCalled=1677
%%%mzn-stat: 2AutonomousSearchNumPredicatesRemoved=0
%%%mzn-stat: 2AutonomousSearchNumCalls=1686
%%%mzn-stat: 2AutonomousSearchNumPredicatesAdded=1160
%%%mzn-stat: 2AutonomousSearchAverageSizeOfHeap=1.358244365361803
%%%mzn-stat: 2AutonomousSearchNumAssignedPredicatesEncountered=2290
%%%mzn-stat-end
maxleg = 487;
succ = array1d(1..20,[2, 4, 7, 3, 8, 1, 5, 13, 10, 14, 6, 9, 20, 16, 17, 19, 18, 12, 11, 15]);
% time elapsed: 5.23 s
----------
%%%mzn-stat: initTime=0.095328798
%%%mzn-stat: objective=460
%%%mzn-stat: nodes=3987
%%%mzn-stat: restarts=0
%%%mzn-stat: peakDepth=230
%%%mzn-stat: solveTime=0.058981186
%%%mzn-stat: variables=508
%%%mzn-stat: propagators=359
%%%mzn-stat: failures=705
%%%mzn-stat: propagations=34230
%%%mzn-stat: nogoods=705
%%%mzn-stat: numAtomicConstraintsPropagated=0
%%%mzn-stat: allDifferentNumber1TotalHallSetSize=3464
%%%mzn-stat: allDifferentNumber1NumberOfConflicts=657
%%%mzn-stat: allDifferentNumber1MaxHallSetSize=13
%%%mzn-stat: allDifferentNumber1PropagationsTotal=4490
%%%mzn-stat: allDifferentNumber1PropagationsThatFoundConflict=657
%%%mzn-stat: circuitNumber2PropagationsThatFoundConflict=37
%%%mzn-stat: circuitNumber2TotalFixedEdgesAtConflict=593
%%%mzn-stat: circuitNumber2NumberOfConflicts=37
%%%mzn-stat: circuitNumber2PropagationsThatPruned=268
%%%mzn-stat: circuitNumber2PropagationsTotal=2343
%%%mzn-stat: AverageConflictSize=10.768794326241135
%%%mzn-stat: NumUnitNogoodsLearned=0
%%%mzn-stat: AverageLearnedNogoodLength=14.748936170212765
%%%mzn-stat: AverageBacktrackAmount=0
%%%mzn-stat: AverageLbd=7.156028368794326
%%%mzn-stat: 2AutonomousSearchNumBackupCalled=1810
%%%mzn-stat: 2AutonomousSearchNumPredicatesRemoved=0
%%%mzn-stat: 2AutonomousSearchNumCalls=1820
%%%mzn-stat: 2AutonomousSearchNumPredicatesAdded=1212
%%%mzn-stat: 2AutonomousSearchAverageSizeOfHeap=1.556043956043956
%%%mzn-stat: 2AutonomousSearchNumAssignedPredicatesEncountered=2832
%%%mzn-stat-end
maxleg = 460;
succ = array1d(1..20,[2, 4, 7, 3, 8, 1, 5, 13, 10, 14, 9, 6, 20, 16, 17, 19, 18, 11, 12, 15]);
% time elapsed: 5.24 s
----------
%%%mzn-stat: initTime=0.095328798
%%%mzn-stat: objective=410
%%%mzn-stat: nodes=4170
%%%mzn-stat: restarts=0
%%%mzn-stat: peakDepth=230
%%%mzn-stat: solveTime=0.060223751
%%%mzn-stat: variables=508
%%%mzn-stat: propagators=359
%%%mzn-stat: failures=714
%%%mzn-stat: propagations=35735
%%%mzn-stat: nogoods=714
%%%mzn-stat: numAtomicConstraintsPropagated=0
%%%mzn-stat: allDifferentNumber1TotalHallSetSize=3482
%%%mzn-stat: allDifferentNumber1NumberOfConflicts=666
%%%mzn-stat: allDifferentNumber1MaxHallSetSize=13
%%%mzn-stat: allDifferentNumber1PropagationsTotal=4596
%%%mzn-stat: allDifferentNumber1PropagationsThatFoundConflict=666
%%%mzn-stat: circuitNumber2PropagationsThatFoundConflict=37
%%%mzn-stat: circuitNumber2TotalFixedEdgesAtConflict=593
%%%mzn-stat: circuitNumber2NumberOfConflicts=37
%%%mzn-stat: circuitNumber2PropagationsThatPruned=274
%%%mzn-stat: circuitNumber2PropagationsTotal=2404
%%%mzn-stat: AverageConflictSize=10.658263305322128
%%%mzn-stat: NumUnitNogoodsLearned=0
%%%mzn-stat: AverageLearnedNogoodLength=14.588235294117647
%%%mzn-stat: AverageBacktrackAmount=0
%%%mzn-stat: AverageLbd=7.091036414565826
%%%mzn-stat: 2AutonomousSearchNumBackupCalled=1928
%%%mzn-stat: 2AutonomousSearchNumPredicatesRemoved=0
%%%mzn-stat: 2AutonomousSearchNumCalls=1939
%%%mzn-stat: 2AutonomousSearchNumPredicatesAdded=1229
%%%mzn-stat: 2AutonomousSearchAverageSizeOfHeap=1.740587931923672
%%%mzn-stat: 2AutonomousSearchNumAssignedPredicatesEncountered=3375
%%%mzn-stat-end
maxleg = 410;
succ = array1d(1..20,[2, 4, 7, 3, 8, 12, 5, 13, 10, 14, 1, 9, 20, 16, 17, 19, 18, 6, 11, 15]);
% time elapsed: 5.24 s
----------
%%%mzn-stat: initTime=0.095328798
%%%mzn-stat: objective=406
%%%mzn-stat: nodes=4300
%%%mzn-stat: restarts=0
%%%mzn-stat: peakDepth=230
%%%mzn-stat: solveTime=0.060701583
%%%mzn-stat: variables=508
%%%mzn-stat: propagators=359
%%%mzn-stat: failures=715
%%%mzn-stat: propagations=36434
%%%mzn-stat: nogoods=715
%%%mzn-stat: numAtomicConstraintsPropagated=0
%%%mzn-stat: allDifferentNumber1TotalHallSetSize=3484
%%%mzn-stat: allDifferentNumber1NumberOfConflicts=667
%%%mzn-stat: allDifferentNumber1MaxHallSetSize=13
%%%mzn-stat: allDifferentNumber1PropagationsTotal=4621
%%%mzn-stat: allDifferentNumber1PropagationsThatFoundConflict=667
%%%mzn-stat: circuitNumber2PropagationsThatFoundConflict=37
%%%mzn-stat: circuitNumber2TotalFixedEdgesAtConflict=593
%%%mzn-stat: circuitNumber2NumberOfConflicts=37
%%%mzn-stat: circuitNumber2PropagationsThatPruned=275
%%%mzn-stat: circuitNumber2PropagationsTotal=2419
%%%mzn-stat: AverageConflictSize=10.646153846153846
%%%mzn-stat: NumUnitNogoodsLearned=0
%%%mzn-stat: AverageLearnedNogoodLength=14.570629370629371
%%%mzn-stat: AverageBacktrackAmount=0
%%%mzn-stat: AverageLbd=7.083916083916084
%%%mzn-stat: 2AutonomousSearchNumBackupCalled=2043
%%%mzn-stat: 2AutonomousSearchNumPredicatesRemoved=0
%%%mzn-stat: 2AutonomousSearchNumCalls=2055
%%%mzn-stat: 2AutonomousSearchNumPredicatesAdded=1231
%%%mzn-stat: 2AutonomousSearchAverageSizeOfHeap=1.9065693430656934
%%%mzn-stat: 2AutonomousSearchNumAssignedPredicatesEncountered=3918
%%%mzn-stat-end
maxleg = 406;
succ = array1d(1..20,[2, 4, 7, 3, 8, 12, 5, 13, 10, 14, 1, 9, 20, 19, 17, 11, 18, 6, 16, 15]);
% time elapsed: 5.24 s
----------
%%%mzn-stat: initTime=0.095328798
%%%mzn-stat: objective=368
%%%mzn-stat: nodes=4454
%%%mzn-stat: restarts=0
%%%mzn-stat: peakDepth=230
%%%mzn-stat: solveTime=0.061900926
%%%mzn-stat: variables=508
%%%mzn-stat: propagators=359
%%%mzn-stat: failures=729
%%%mzn-stat: propagations=37879
%%%mzn-stat: nogoods=729
%%%mzn-stat: numAtomicConstraintsPropagated=0
%%%mzn-stat: allDifferentNumber1TotalHallSetSize=3515
%%%mzn-stat: allDifferentNumber1NumberOfConflicts=680
%%%mzn-stat: allDifferentNumber1MaxHallSetSize=13
%%%mzn-stat: allDifferentNumber1PropagationsTotal=4708
%%%mzn-stat: allDifferentNumber1PropagationsThatFoundConflict=680
%%%mzn-stat: circuitNumber2PropagationsThatFoundConflict=37
%%%mzn-stat: circuitNumber2TotalFixedEdgesAtConflict=593
%%%mzn-stat: circuitNumber2NumberOfConflicts=37
%%%mzn-stat: circuitNumber2PropagationsThatPruned=284
%%%mzn-stat: circuitNumber2PropagationsTotal=2462
%%%mzn-stat: AverageConflictSize=10.521262002743484
%%%mzn-stat: NumUnitNogoodsLearned=0
%%%mzn-stat: AverageLearnedNogoodLength=14.513031550068588
%%%mzn-stat: AverageBacktrackAmount=0
%%%mzn-stat: AverageLbd=7.03840877914952
%%%mzn-stat: 2AutonomousSearchNumBackupCalled=2153
%%%mzn-stat: 2AutonomousSearchNumPredicatesRemoved=0
%%%mzn-stat: 2AutonomousSearchNumCalls=2166
%%%mzn-stat: 2AutonomousSearchNumPredicatesAdded=1338
%%%mzn-stat: 2AutonomousSearchAverageSizeOfHeap=2.0600184672206834
%%%mzn-stat: 2AutonomousSearchNumAssignedPredicatesEncountered=4462
%%%mzn-stat-end
maxleg = 368;
succ = array1d(1..20,[2, 4, 7, 3, 8, 12, 5, 13, 11, 9, 1, 19, 20, 10, 17, 14, 18, 6, 16, 15]);
% time elapsed: 5.24 s
----------
==========
% time elapsed: 5.24 s
%%%mzn-stat: initTime=0.095328798
%%%mzn-stat: objective=368
%%%mzn-stat: nodes=4454
%%%mzn-stat: restarts=0
%%%mzn-stat: peakDepth=230
%%%mzn-stat: solveTime=0.062125829
%%%mzn-stat: variables=508
%%%mzn-stat: propagators=359
%%%mzn-stat: failures=730
%%%mzn-stat: propagations=38149
%%%mzn-stat: nogoods=730
%%%mzn-stat: numAtomicConstraintsPropagated=0
%%%mzn-stat: allDifferentNumber1TotalHallSetSize=3535
%%%mzn-stat: allDifferentNumber1NumberOfConflicts=681
%%%mzn-stat: allDifferentNumber1MaxHallSetSize=20
%%%mzn-stat: allDifferentNumber1PropagationsTotal=4710
%%%mzn-stat: allDifferentNumber1PropagationsThatFoundConflict=681
%%%mzn-stat: circuitNumber2PropagationsThatFoundConflict=37
%%%mzn-stat: circuitNumber2TotalFixedEdgesAtConflict=593
%%%mzn-stat: circuitNumber2NumberOfConflicts=37
%%%mzn-stat: circuitNumber2PropagationsThatPruned=284
%%%mzn-stat: circuitNumber2PropagationsTotal=2463
%%%mzn-stat: AverageConflictSize=10.546575342465754
%%%mzn-stat: NumUnitNogoodsLearned=1
%%%mzn-stat: AverageLearnedNogoodLength=14.494520547945205
%%%mzn-stat: AverageBacktrackAmount=0
%%%mzn-stat: AverageLbd=7.03013698630137
%%%mzn-stat: 2AutonomousSearchNumBackupCalled=2153
%%%mzn-stat: 2AutonomousSearchNumPredicatesRemoved=0
%%%mzn-stat: 2AutonomousSearchNumCalls=2166
%%%mzn-stat: 2AutonomousSearchNumPredicatesAdded=1556
%%%mzn-stat: 2AutonomousSearchAverageSizeOfHeap=2.0600184672206834
%%%mzn-stat: 2AutonomousSearchNumAssignedPredicatesEncountered=4462
%%%mzn-stat-end
