%%%mzn-stat: initTime=0.003307632
%%%mzn-stat: objective=452
%%%mzn-stat: nodes=924
%%%mzn-stat: restarts=0
%%%mzn-stat: peakDepth=166
%%%mzn-stat: solveTime=0.052279494
%%%mzn-stat: variables=397
%%%mzn-stat: propagators=272
%%%mzn-stat: failures=636
%%%mzn-stat: propagations=85181
%%%mzn-stat: nogoods=636
%%%mzn-stat: AverageConflictSize=4.786163522012578
%%%mzn-stat: NumUnitNogoodsLearned=451
%%%mzn-stat: AverageLearnedNogoodLength=4.397798742138365
%%%mzn-stat: AverageBacktrackAmount=0
%%%mzn-stat: AverageLbd=1.8364779874213837
%%%mzn-stat-end
maxleg = 452;
succ = array1d(1..20,[2, 15, 5, 14, 9, 1, 10, 3, 19, 20, 18, 16, 6, 11, 17, 7, 12, 8, 13, 4]);
% time elapsed: 1.47 s
----------
==========
% time elapsed: 1.47 s
%%%mzn-stat: initTime=0.003307632
%%%mzn-stat: objective=452
%%%mzn-stat: nodes=924
%%%mzn-stat: restarts=0
%%%mzn-stat: peakDepth=166
%%%mzn-stat: solveTime=0.052283057
%%%mzn-stat: variables=397
%%%mzn-stat: propagators=272
%%%mzn-stat: failures=636
%%%mzn-stat: propagations=85181
%%%mzn-stat: nogoods=636
%%%mzn-stat: AverageConflictSize=4.786163522012578
%%%mzn-stat: NumUnitNogoodsLearned=451
%%%mzn-stat: AverageLearnedNogoodLength=4.397798742138365
%%%mzn-stat: AverageBacktrackAmount=0
%%%mzn-stat: AverageLbd=1.8364779874213837
%%%mzn-stat-end
