%%%mzn-stat: initTime=0.02121599
%%%mzn-stat: objective=377
%%%mzn-stat: nodes=9078
%%%mzn-stat: restarts=0
%%%mzn-stat: peakDepth=106
%%%mzn-stat: solveTime=1.3609051939999999
%%%mzn-stat: variables=494
%%%mzn-stat: propagators=539
%%%mzn-stat: failures=7050
%%%mzn-stat: propagations=1047462
%%%mzn-stat: nogoods=7050
%%%mzn-stat: AverageConflictSize=15.695744680851064
%%%mzn-stat: NumUnitNogoodsLearned=376
%%%mzn-stat: AverageLearnedNogoodLength=53.43758865248227
%%%mzn-stat: AverageBacktrackAmount=0
%%%mzn-stat: AverageLbd=7.783829787234042
%%%mzn-stat-end
maxleg = 377;
succ = array1d(1..20,[16, 4, 13, 6, 12, 14, 8, 9, 3, 11, 17, 18, 2, 1, 7, 5, 19, 20, 15, 10]);
% time elapsed: 5.83 s
----------
==========
% time elapsed: 5.83 s
%%%mzn-stat: initTime=0.02121599
%%%mzn-stat: objective=377
%%%mzn-stat: nodes=9078
%%%mzn-stat: restarts=0
%%%mzn-stat: peakDepth=106
%%%mzn-stat: solveTime=1.360908888
%%%mzn-stat: variables=494
%%%mzn-stat: propagators=539
%%%mzn-stat: failures=7050
%%%mzn-stat: propagations=1047462
%%%mzn-stat: nogoods=7050
%%%mzn-stat: AverageConflictSize=15.695744680851064
%%%mzn-stat: NumUnitNogoodsLearned=376
%%%mzn-stat: AverageLearnedNogoodLength=53.43758865248227
%%%mzn-stat: AverageBacktrackAmount=0
%%%mzn-stat: AverageLbd=7.783829787234042
%%%mzn-stat-end
