%%%mzn-stat: initTime=0.03660853
%%%mzn-stat: objective=233
%%%mzn-stat: nodes=20285
%%%mzn-stat: restarts=2
%%%mzn-stat: peakDepth=1983
%%%mzn-stat: solveTime=14.326221371
%%%mzn-stat: variables=3316
%%%mzn-stat: propagators=2879
%%%mzn-stat: failures=14720
%%%mzn-stat: propagations=1310007
%%%mzn-stat: nogoods=14720
%%%mzn-stat: AverageConflictSize=34.71107336956522
%%%mzn-stat: NumUnitNogoodsLearned=178
%%%mzn-stat: AverageLearnedNogoodLength=67.94741847826087
%%%mzn-stat: AverageBacktrackAmount=0
%%%mzn-stat: AverageLbd=31.044429347826085
%%%mzn-stat-end
maxleg = 233;
succ = array1d(1..150,[150, 128, 147, 125, 19, 37, 122, 94, 18, 146, 58, 145, 119, 9, 93, 104, 48, 33, 28, 117, 8, 36, 20, 127, 80, 106, 45, 124, 69, 144, 138, 83, 148, 86, 10, 76, 61, 96, 54, 136, 71, 6, 4, 21, 23, 89, 78, 135, 41, 130, 46, 67, 120, 51, 73, 82, 92, 40, 149, 81, 91, 141, 74, 112, 52, 85, 44, 121, 57, 102, 114, 11, 2, 13, 25, 49, 17, 88, 118, 5, 50, 70, 60, 1, 27, 133, 105, 107, 126, 31, 131, 34, 77, 75, 143, 47, 65, 95, 97, 72, 87, 55, 66, 79, 134, 35, 24, 39, 7, 113, 63, 68, 22, 84, 59, 56, 115, 123, 16, 90, 139, 101, 42, 14, 129, 109, 99, 12, 38, 53, 32, 142, 30, 98, 100, 116, 108, 43, 3, 62, 111, 64, 103, 137, 110, 132, 15, 29, 26, 140]);
% time elapsed: 17.96 s
----------
%%%mzn-stat: initTime=0.03660853
%%%mzn-stat: objective=205
%%%mzn-stat: nodes=24574
%%%mzn-stat: restarts=4
%%%mzn-stat: peakDepth=2004
%%%mzn-stat: solveTime=15.252687172
%%%mzn-stat: variables=3316
%%%mzn-stat: propagators=2879
%%%mzn-stat: failures=15563
%%%mzn-stat: propagations=1372833
%%%mzn-stat: nogoods=15563
%%%mzn-stat: AverageConflictSize=34.31921865964146
%%%mzn-stat: NumUnitNogoodsLearned=178
%%%mzn-stat: AverageLearnedNogoodLength=67.85362719270064
%%%mzn-stat: AverageBacktrackAmount=0
%%%mzn-stat: AverageLbd=31.18839555355651
%%%mzn-stat-end
maxleg = 205;
succ = array1d(1..150,[149, 128, 147, 125, 19, 72, 131, 94, 137, 146, 58, 145, 119, 9, 93, 104, 118, 33, 28, 117, 8, 36, 20, 38, 80, 106, 45, 124, 69, 144, 138, 89, 148, 86, 10, 76, 42, 47, 54, 116, 71, 126, 4, 21, 101, 91, 78, 17, 41, 130, 46, 67, 120, 61, 73, 136, 92, 141, 105, 79, 37, 74, 150, 112, 96, 85, 44, 121, 5, 102, 114, 11, 2, 13, 25, 49, 56, 88, 50, 57, 53, 70, 60, 1, 27, 133, 23, 99, 6, 31, 32, 18, 77, 75, 143, 52, 65, 95, 97, 48, 87, 55, 66, 111, 134, 35, 24, 39, 115, 113, 63, 68, 22, 84, 59, 135, 122, 123, 16, 90, 139, 7, 83, 14, 129, 109, 107, 15, 127, 34, 51, 142, 30, 98, 100, 40, 108, 43, 3, 62, 140, 64, 103, 81, 110, 132, 82, 29, 26, 12]);
% time elapsed: 18.88 s
----------
%%%mzn-stat: initTime=0.03660853
%%%mzn-stat: objective=179
%%%mzn-stat: nodes=26525
%%%mzn-stat: restarts=4
%%%mzn-stat: peakDepth=2004
%%%mzn-stat: solveTime=15.352158607
%%%mzn-stat: variables=3316
%%%mzn-stat: propagators=2879
%%%mzn-stat: failures=15567
%%%mzn-stat: propagations=1378706
%%%mzn-stat: nogoods=15567
%%%mzn-stat: AverageConflictSize=34.314896897282715
%%%mzn-stat: NumUnitNogoodsLearned=178
%%%mzn-stat: AverageLearnedNogoodLength=67.86066679514357
%%%mzn-stat: AverageBacktrackAmount=0
%%%mzn-stat: AverageLbd=31.189310721397828
%%%mzn-stat-end
maxleg = 179;
succ = array1d(1..150,[149, 128, 147, 94, 19, 72, 51, 25, 18, 146, 58, 145, 119, 9, 93, 104, 100, 34, 28, 127, 75, 36, 45, 38, 80, 106, 105, 124, 69, 144, 90, 89, 137, 86, 10, 76, 42, 65, 60, 116, 71, 126, 8, 4, 101, 54, 78, 17, 110, 130, 46, 24, 120, 61, 70, 136, 92, 141, 85, 79, 37, 74, 150, 112, 97, 87, 44, 121, 5, 102, 114, 11, 2, 13, 138, 55, 56, 99, 32, 57, 118, 73, 91, 1, 27, 148, 23, 96, 6, 43, 131, 29, 77, 21, 143, 52, 129, 95, 88, 81, 117, 49, 66, 111, 134, 35, 47, 39, 115, 41, 63, 68, 22, 84, 59, 135, 122, 123, 16, 108, 139, 20, 83, 14, 67, 109, 107, 15, 125, 53, 7, 142, 33, 98, 48, 40, 50, 31, 3, 62, 140, 64, 103, 133, 113, 132, 82, 30, 26, 12]);
% time elapsed: 18.99 s
----------
==========
% time elapsed: 19.00 s
%%%mzn-stat: initTime=0.03660853
%%%mzn-stat: objective=179
%%%mzn-stat: nodes=26525
%%%mzn-stat: restarts=4
%%%mzn-stat: peakDepth=2004
%%%mzn-stat: solveTime=15.352163973
%%%mzn-stat: variables=3316
%%%mzn-stat: propagators=2879
%%%mzn-stat: failures=15567
%%%mzn-stat: propagations=1378706
%%%mzn-stat: nogoods=15567
%%%mzn-stat: AverageConflictSize=34.314896897282715
%%%mzn-stat: NumUnitNogoodsLearned=178
%%%mzn-stat: AverageLearnedNogoodLength=67.86066679514357
%%%mzn-stat: AverageBacktrackAmount=0
%%%mzn-stat: AverageLbd=31.189310721397828
%%%mzn-stat-end
