% Logging successfully configured
%%%mzn-stat: initTime=0.032681091
%%%mzn-stat: objective=966
%%%mzn-stat: nodes=770576
%%%mzn-stat: restarts=0
%%%mzn-stat: peakDepth=1730
%%%mzn-stat: solveTime=342.429954027
%%%mzn-stat: variables=2386
%%%mzn-stat: propagators=1995
%%%mzn-stat: failures=218717
%%%mzn-stat: propagations=9016895
%%%mzn-stat: nogoods=218717
%%%mzn-stat: numAtomicConstraintsPropagated=0
%%%mzn-stat: allDifferentNumber1TotalHallSetSize=1803995
%%%mzn-stat: allDifferentNumber1NumberOfConflicts=145073
%%%mzn-stat: allDifferentNumber1MaxHallSetSize=113
%%%mzn-stat: allDifferentNumber1PropagationsTotal=1487037
%%%mzn-stat: allDifferentNumber1PropagationsThatFoundConflict=145073
%%%mzn-stat: circuitNumber2PropagationsThatFoundConflict=56091
%%%mzn-stat: circuitNumber2TotalFixedEdgesAtConflict=7848869
%%%mzn-stat: circuitNumber2NumberOfConflicts=56091
%%%mzn-stat: circuitNumber2PropagationsThatPruned=124757
%%%mzn-stat: circuitNumber2PropagationsTotal=1022764
%%%mzn-stat: AverageConflictSize=34.117946935994915
%%%mzn-stat: NumUnitNogoodsLearned=0
%%%mzn-stat: AverageLearnedNogoodLength=88.26946693672646
%%%mzn-stat: AverageBacktrackAmount=0
%%%mzn-stat: AverageLbd=66.1108601526173
%%%mzn-stat: 2AutonomousSearchNumBackupCalled=1609
%%%mzn-stat: 2AutonomousSearchNumPredicatesRemoved=0
%%%mzn-stat: 2AutonomousSearchNumCalls=1610
%%%mzn-stat: 2AutonomousSearchNumPredicatesAdded=6897
%%%mzn-stat: 2AutonomousSearchAverageSizeOfHeap=4.283850931677018
%%%mzn-stat: 2AutonomousSearchNumAssignedPredicatesEncountered=6897
%%%mzn-stat-end
maxleg = 966;
succ = array1d(1..150,[22, 11, 49, 17, 8, 26, 15, 7, 24, 14, 28, 2, 5, 21, 32, 40, 51, 66, 25, 13, 62, 4, 27, 16, 31, 37, 34, 45, 38, 20, 36, 47, 52, 12, 9, 42, 39, 53, 41, 50, 43, 35, 58, 63, 57, 75, 61, 1, 54, 60, 83, 69, 55, 70, 68, 85, 67, 64, 10, 33, 78, 79, 29, 71, 3, 48, 74, 82, 88, 80, 124, 30, 72, 111, 81, 23, 44, 89, 150, 97, 96, 95, 93, 86, 116, 56, 18, 98, 115, 77, 65, 87, 106, 73, 84, 100, 127, 104, 110, 148, 90, 105, 107, 141, 108, 119, 129, 136, 99, 112, 109, 101, 76, 118, 142, 138, 6, 59, 126, 46, 19, 121, 117, 143, 131, 137, 125, 113, 133, 91, 123, 135, 102, 114, 144, 139, 145, 92, 128, 103, 94, 149, 134, 130, 146, 147, 132, 122, 140, 120]);
% time elapsed: 343.99 s
----------
%%%mzn-stat: initTime=0.032681091
%%%mzn-stat: objective=241
%%%mzn-stat: nodes=1181590
%%%mzn-stat: restarts=0
%%%mzn-stat: peakDepth=1730
%%%mzn-stat: solveTime=599.195199111
%%%mzn-stat: variables=2386
%%%mzn-stat: propagators=1995
%%%mzn-stat: failures=413667
%%%mzn-stat: propagations=15422100
%%%mzn-stat: nogoods=413667
%%%mzn-stat: numAtomicConstraintsPropagated=0
%%%mzn-stat: allDifferentNumber1TotalHallSetSize=1823265
%%%mzn-stat: allDifferentNumber1NumberOfConflicts=148847
%%%mzn-stat: allDifferentNumber1MaxHallSetSize=113
%%%mzn-stat: allDifferentNumber1PropagationsTotal=2241604
%%%mzn-stat: allDifferentNumber1PropagationsThatFoundConflict=148847
%%%mzn-stat: circuitNumber2PropagationsThatFoundConflict=230394
%%%mzn-stat: circuitNumber2TotalFixedEdgesAtConflict=31739524
%%%mzn-stat: circuitNumber2NumberOfConflicts=230394
%%%mzn-stat: circuitNumber2PropagationsThatPruned=173088
%%%mzn-stat: circuitNumber2PropagationsTotal=1631825
%%%mzn-stat: AverageConflictSize=56.177434989979865
%%%mzn-stat: NumUnitNogoodsLearned=0
%%%mzn-stat: AverageLearnedNogoodLength=84.32620924560094
%%%mzn-stat: AverageBacktrackAmount=0
%%%mzn-stat: AverageLbd=67.114348014224
%%%mzn-stat: 2AutonomousSearchNumBackupCalled=3166
%%%mzn-stat: 2AutonomousSearchNumPredicatesRemoved=0
%%%mzn-stat: 2AutonomousSearchNumCalls=3168
%%%mzn-stat: 2AutonomousSearchNumPredicatesAdded=10945
%%%mzn-stat: 2AutonomousSearchAverageSizeOfHeap=4.403724747474747
%%%mzn-stat: 2AutonomousSearchNumAssignedPredicatesEncountered=13951
%%%mzn-stat-end
maxleg = 241;
succ = array1d(1..150,[22, 11, 49, 17, 8, 26, 15, 7, 24, 14, 28, 2, 5, 21, 32, 40, 51, 66, 25, 13, 62, 4, 27, 16, 31, 37, 34, 45, 38, 20, 36, 47, 52, 12, 9, 42, 39, 53, 41, 50, 43, 35, 58, 63, 57, 75, 61, 1, 54, 60, 83, 69, 55, 70, 68, 85, 67, 64, 10, 33, 78, 79, 29, 71, 3, 48, 74, 82, 88, 80, 124, 30, 72, 111, 81, 23, 44, 95, 133, 97, 96, 89, 93, 86, 116, 56, 18, 150, 115, 77, 65, 87, 106, 73, 84, 105, 127, 104, 110, 148, 90, 100, 59, 141, 108, 119, 103, 129, 99, 112, 109, 101, 76, 118, 98, 138, 6, 107, 126, 46, 19, 121, 117, 143, 131, 137, 125, 113, 136, 91, 123, 135, 102, 114, 144, 139, 145, 92, 128, 94, 142, 149, 134, 130, 146, 147, 132, 122, 140, 120]);
% time elapsed: 600.76 s
----------
%%%mzn-stat: initTime=0.032681091
%%%mzn-stat: objective=223
%%%mzn-stat: nodes=1185285
%%%mzn-stat: restarts=0
%%%mzn-stat: peakDepth=1730
%%%mzn-stat: solveTime=599.495499098
%%%mzn-stat: variables=2386
%%%mzn-stat: propagators=1995
%%%mzn-stat: failures=413803
%%%mzn-stat: propagations=15446033
%%%mzn-stat: nogoods=413803
%%%mzn-stat: numAtomicConstraintsPropagated=0
%%%mzn-stat: allDifferentNumber1TotalHallSetSize=1823770
%%%mzn-stat: allDifferentNumber1NumberOfConflicts=148951
%%%mzn-stat: allDifferentNumber1MaxHallSetSize=113
%%%mzn-stat: allDifferentNumber1PropagationsTotal=2244650
%%%mzn-stat: allDifferentNumber1PropagationsThatFoundConflict=148951
%%%mzn-stat: circuitNumber2PropagationsThatFoundConflict=230426
%%%mzn-stat: circuitNumber2TotalFixedEdgesAtConflict=31743710
%%%mzn-stat: circuitNumber2NumberOfConflicts=230426
%%%mzn-stat: circuitNumber2PropagationsThatPruned=173193
%%%mzn-stat: circuitNumber2PropagationsTotal=1634152
%%%mzn-stat: AverageConflictSize=56.16206745721998
%%%mzn-stat: NumUnitNogoodsLearned=0
%%%mzn-stat: AverageLearnedNogoodLength=84.30404322829946
%%%mzn-stat: AverageBacktrackAmount=0
%%%mzn-stat: AverageLbd=67.09640336101961
%%%mzn-stat: 2AutonomousSearchNumBackupCalled=4701
%%%mzn-stat: 2AutonomousSearchNumPredicatesRemoved=0
%%%mzn-stat: 2AutonomousSearchNumCalls=4704
%%%mzn-stat: 2AutonomousSearchNumPredicatesAdded=11918
%%%mzn-stat: 2AutonomousSearchAverageSizeOfHeap=4.480867346938775
%%%mzn-stat: 2AutonomousSearchNumAssignedPredicatesEncountered=21078
%%%mzn-stat-end
maxleg = 223;
succ = array1d(1..150,[22, 11, 49, 17, 8, 26, 15, 7, 24, 14, 28, 2, 5, 21, 32, 40, 51, 66, 25, 13, 62, 4, 27, 16, 31, 37, 34, 45, 38, 20, 36, 47, 52, 12, 9, 42, 39, 53, 41, 50, 43, 35, 58, 63, 57, 75, 61, 1, 54, 60, 83, 69, 55, 70, 68, 85, 67, 64, 10, 33, 78, 79, 29, 71, 3, 48, 74, 82, 88, 80, 124, 65, 30, 111, 81, 23, 44, 95, 133, 97, 96, 89, 93, 86, 116, 56, 18, 150, 115, 77, 72, 87, 106, 73, 84, 105, 127, 104, 110, 148, 90, 100, 59, 141, 108, 119, 103, 129, 99, 112, 109, 101, 76, 118, 98, 138, 6, 107, 126, 46, 19, 121, 117, 143, 131, 137, 125, 113, 136, 91, 123, 135, 102, 114, 144, 139, 145, 92, 128, 94, 142, 149, 134, 130, 146, 147, 132, 122, 140, 120]);
% time elapsed: 601.07 s
----------
%%%mzn-stat: initTime=0.032681091
%%%mzn-stat: objective=218
%%%mzn-stat: nodes=1187674
%%%mzn-stat: restarts=0
%%%mzn-stat: peakDepth=1730
%%%mzn-stat: solveTime=599.704458777
%%%mzn-stat: variables=2386
%%%mzn-stat: propagators=1995
%%%mzn-stat: failures=413977
%%%mzn-stat: propagations=15459920
%%%mzn-stat: nogoods=413977
%%%mzn-stat: numAtomicConstraintsPropagated=0
%%%mzn-stat: allDifferentNumber1TotalHallSetSize=1823867
%%%mzn-stat: allDifferentNumber1NumberOfConflicts=148963
%%%mzn-stat: allDifferentNumber1MaxHallSetSize=113
%%%mzn-stat: allDifferentNumber1PropagationsTotal=2245801
%%%mzn-stat: allDifferentNumber1PropagationsThatFoundConflict=148963
%%%mzn-stat: circuitNumber2PropagationsThatFoundConflict=230552
%%%mzn-stat: circuitNumber2TotalFixedEdgesAtConflict=31761089
%%%mzn-stat: circuitNumber2NumberOfConflicts=230552
%%%mzn-stat: circuitNumber2PropagationsThatPruned=173220
%%%mzn-stat: circuitNumber2PropagationsTotal=1635121
%%%mzn-stat: AverageConflictSize=56.15245532964392
%%%mzn-stat: NumUnitNogoodsLearned=0
%%%mzn-stat: AverageLearnedNogoodLength=84.28697971143325
%%%mzn-stat: AverageBacktrackAmount=0
%%%mzn-stat: AverageLbd=67.08239829748996
%%%mzn-stat: 2AutonomousSearchNumBackupCalled=6227
%%%mzn-stat: 2AutonomousSearchNumPredicatesRemoved=0
%%%mzn-stat: 2AutonomousSearchNumCalls=6231
%%%mzn-stat: 2AutonomousSearchNumPredicatesAdded=13081
%%%mzn-stat: 2AutonomousSearchAverageSizeOfHeap=4.526560744663778
%%%mzn-stat: 2AutonomousSearchNumAssignedPredicatesEncountered=28205
%%%mzn-stat-end
maxleg = 218;
succ = array1d(1..150,[22, 11, 49, 17, 8, 26, 15, 7, 24, 14, 28, 2, 5, 21, 32, 40, 51, 66, 25, 13, 62, 4, 27, 16, 31, 37, 34, 45, 38, 20, 36, 47, 52, 12, 9, 42, 39, 53, 41, 50, 43, 35, 58, 63, 57, 75, 61, 1, 54, 60, 83, 69, 55, 70, 68, 85, 67, 64, 10, 33, 78, 79, 29, 71, 3, 48, 74, 82, 88, 80, 124, 65, 30, 111, 81, 23, 44, 95, 133, 97, 96, 89, 93, 86, 116, 56, 18, 150, 115, 77, 72, 87, 106, 73, 84, 105, 127, 104, 110, 148, 90, 100, 107, 141, 108, 119, 128, 129, 99, 112, 109, 101, 76, 118, 98, 138, 6, 59, 126, 46, 19, 121, 117, 143, 131, 137, 125, 113, 136, 91, 123, 135, 102, 114, 144, 139, 145, 92, 103, 94, 142, 149, 134, 130, 146, 147, 132, 122, 140, 120]);
% time elapsed: 601.29 s
----------
%%%mzn-stat: initTime=0.032681091
%%%mzn-stat: objective=215
%%%mzn-stat: nodes=1189386
%%%mzn-stat: restarts=0
%%%mzn-stat: peakDepth=1730
%%%mzn-stat: solveTime=599.74447349
%%%mzn-stat: variables=2386
%%%mzn-stat: propagators=1995
%%%mzn-stat: failures=413986
%%%mzn-stat: propagations=15464631
%%%mzn-stat: nogoods=413986
%%%mzn-stat: numAtomicConstraintsPropagated=0
%%%mzn-stat: allDifferentNumber1TotalHallSetSize=1823880
%%%mzn-stat: allDifferentNumber1NumberOfConflicts=148968
%%%mzn-stat: allDifferentNumber1MaxHallSetSize=113
%%%mzn-stat: allDifferentNumber1PropagationsTotal=2246148
%%%mzn-stat: allDifferentNumber1PropagationsThatFoundConflict=148968
%%%mzn-stat: circuitNumber2PropagationsThatFoundConflict=230556
%%%mzn-stat: circuitNumber2TotalFixedEdgesAtConflict=31761618
%%%mzn-stat: circuitNumber2NumberOfConflicts=230556
%%%mzn-stat: circuitNumber2PropagationsThatPruned=173229
%%%mzn-stat: circuitNumber2PropagationsTotal=1635359
%%%mzn-stat: AverageConflictSize=56.15171527539579
%%%mzn-stat: NumUnitNogoodsLearned=0
%%%mzn-stat: AverageLearnedNogoodLength=84.28564009410947
%%%mzn-stat: AverageBacktrackAmount=0
%%%mzn-stat: AverageLbd=67.08132883720705
%%%mzn-stat: 2AutonomousSearchNumBackupCalled=7716
%%%mzn-stat: 2AutonomousSearchNumPredicatesRemoved=0
%%%mzn-stat: 2AutonomousSearchNumCalls=7721
%%%mzn-stat: 2AutonomousSearchNumPredicatesAdded=13382
%%%mzn-stat: 2AutonomousSearchAverageSizeOfHeap=4.576479730604844
%%%mzn-stat: 2AutonomousSearchNumAssignedPredicatesEncountered=35335
%%%mzn-stat-end
maxleg = 215;
succ = array1d(1..150,[22, 11, 49, 17, 8, 26, 15, 7, 24, 14, 28, 2, 5, 21, 32, 40, 51, 66, 25, 13, 62, 4, 27, 16, 31, 37, 34, 45, 38, 20, 36, 47, 52, 12, 9, 42, 39, 53, 41, 50, 43, 35, 58, 63, 57, 75, 61, 1, 54, 60, 83, 69, 55, 70, 68, 85, 67, 64, 10, 33, 78, 79, 29, 71, 3, 48, 74, 82, 88, 80, 124, 65, 30, 111, 81, 23, 44, 95, 133, 97, 96, 89, 93, 86, 116, 56, 18, 150, 115, 77, 72, 87, 119, 73, 84, 105, 127, 104, 110, 148, 90, 100, 107, 141, 108, 137, 136, 129, 99, 112, 109, 101, 76, 118, 98, 138, 6, 59, 126, 46, 19, 121, 117, 143, 131, 106, 125, 113, 103, 91, 123, 135, 102, 114, 144, 139, 145, 92, 128, 94, 142, 149, 134, 130, 146, 147, 132, 122, 140, 120]);
% time elapsed: 601.34 s
----------
%%%mzn-stat: initTime=0.032681091
%%%mzn-stat: objective=214
%%%mzn-stat: nodes=1240199
%%%mzn-stat: restarts=0
%%%mzn-stat: peakDepth=1730
%%%mzn-stat: solveTime=630.654971991
%%%mzn-stat: variables=2386
%%%mzn-stat: propagators=1995
%%%mzn-stat: failures=433731
%%%mzn-stat: propagations=16354666
%%%mzn-stat: nogoods=433731
%%%mzn-stat: numAtomicConstraintsPropagated=0
%%%mzn-stat: allDifferentNumber1TotalHallSetSize=1834563
%%%mzn-stat: allDifferentNumber1NumberOfConflicts=153793
%%%mzn-stat: allDifferentNumber1MaxHallSetSize=113
%%%mzn-stat: allDifferentNumber1PropagationsTotal=2337511
%%%mzn-stat: allDifferentNumber1PropagationsThatFoundConflict=153793
%%%mzn-stat: circuitNumber2PropagationsThatFoundConflict=244087
%%%mzn-stat: circuitNumber2TotalFixedEdgesAtConflict=33690731
%%%mzn-stat: circuitNumber2NumberOfConflicts=244087
%%%mzn-stat: circuitNumber2PropagationsThatPruned=183706
%%%mzn-stat: circuitNumber2PropagationsTotal=1703987
%%%mzn-stat: AverageConflictSize=56.591006868312384
%%%mzn-stat: NumUnitNogoodsLearned=0
%%%mzn-stat: AverageLearnedNogoodLength=84.67753284870115
%%%mzn-stat: AverageBacktrackAmount=0
%%%mzn-stat: AverageLbd=67.12788571718416
%%%mzn-stat: 2AutonomousSearchNumBackupCalled=9255
%%%mzn-stat: 2AutonomousSearchNumPredicatesRemoved=0
%%%mzn-stat: 2AutonomousSearchNumCalls=9261
%%%mzn-stat: 2AutonomousSearchNumPredicatesAdded=17081
%%%mzn-stat: 2AutonomousSearchAverageSizeOfHeap=4.629845589029262
%%%mzn-stat: 2AutonomousSearchNumAssignedPredicatesEncountered=42877
%%%mzn-stat-end
maxleg = 214;
succ = array1d(1..150,[22, 11, 49, 17, 8, 26, 15, 7, 24, 14, 28, 2, 5, 21, 32, 40, 51, 66, 25, 13, 62, 4, 27, 16, 31, 37, 34, 45, 38, 20, 36, 47, 52, 12, 9, 42, 39, 53, 41, 50, 43, 35, 58, 63, 57, 75, 61, 1, 54, 60, 83, 69, 55, 70, 68, 85, 67, 64, 19, 33, 78, 79, 29, 71, 3, 48, 74, 82, 10, 80, 124, 65, 30, 111, 81, 23, 44, 89, 150, 97, 96, 95, 93, 86, 116, 56, 18, 98, 115, 77, 72, 87, 119, 73, 84, 121, 127, 104, 110, 102, 90, 105, 107, 141, 108, 137, 139, 133, 99, 112, 109, 101, 76, 118, 120, 138, 6, 59, 126, 46, 122, 148, 117, 143, 131, 106, 125, 113, 103, 91, 123, 135, 136, 114, 144, 129, 145, 92, 128, 94, 142, 149, 134, 130, 146, 147, 132, 100, 140, 88]);
% time elapsed: 632.26 s
----------
%%%mzn-stat: initTime=0.032681091
%%%mzn-stat: objective=212
%%%mzn-stat: nodes=1325110
%%%mzn-stat: restarts=0
%%%mzn-stat: peakDepth=1730
%%%mzn-stat: solveTime=654.241153866
%%%mzn-stat: variables=2386
%%%mzn-stat: propagators=1995
%%%mzn-stat: failures=449954
%%%mzn-stat: propagations=17561923
%%%mzn-stat: nogoods=449954
%%%mzn-stat: numAtomicConstraintsPropagated=0
%%%mzn-stat: allDifferentNumber1TotalHallSetSize=1842937
%%%mzn-stat: allDifferentNumber1NumberOfConflicts=157796
%%%mzn-stat: allDifferentNumber1MaxHallSetSize=113
%%%mzn-stat: allDifferentNumber1PropagationsTotal=2457150
%%%mzn-stat: allDifferentNumber1PropagationsThatFoundConflict=157796
%%%mzn-stat: circuitNumber2PropagationsThatFoundConflict=256038
%%%mzn-stat: circuitNumber2TotalFixedEdgesAtConflict=35306063
%%%mzn-stat: circuitNumber2NumberOfConflicts=256038
%%%mzn-stat: circuitNumber2PropagationsThatPruned=192405
%%%mzn-stat: circuitNumber2PropagationsTotal=1805115
%%%mzn-stat: AverageConflictSize=56.17051743067069
%%%mzn-stat: NumUnitNogoodsLearned=0
%%%mzn-stat: AverageLearnedNogoodLength=84.07239184449966
%%%mzn-stat: AverageBacktrackAmount=0
%%%mzn-stat: AverageLbd=66.48414060103921
%%%mzn-stat: 2AutonomousSearchNumBackupCalled=10733
%%%mzn-stat: 2AutonomousSearchNumPredicatesRemoved=0
%%%mzn-stat: 2AutonomousSearchNumCalls=10740
%%%mzn-stat: 2AutonomousSearchNumPredicatesAdded=19935
%%%mzn-stat: 2AutonomousSearchAverageSizeOfHeap=4.704376163873371
%%%mzn-stat: 2AutonomousSearchNumAssignedPredicatesEncountered=50525
%%%mzn-stat-end
maxleg = 212;
succ = array1d(1..150,[22, 11, 49, 17, 8, 26, 15, 7, 24, 14, 28, 2, 5, 21, 32, 40, 51, 66, 25, 13, 62, 4, 27, 16, 31, 37, 34, 45, 38, 20, 36, 47, 52, 12, 9, 42, 39, 53, 41, 50, 43, 35, 58, 63, 57, 75, 61, 1, 54, 60, 83, 69, 55, 70, 68, 85, 67, 64, 19, 33, 78, 79, 29, 71, 3, 48, 74, 82, 10, 80, 124, 65, 30, 111, 81, 23, 44, 89, 150, 97, 96, 95, 93, 86, 116, 56, 18, 98, 115, 77, 72, 87, 119, 73, 148, 121, 127, 104, 110, 102, 90, 105, 59, 141, 108, 137, 103, 129, 99, 112, 109, 101, 76, 118, 120, 138, 6, 128, 126, 46, 122, 84, 117, 143, 131, 106, 125, 113, 133, 91, 123, 135, 136, 114, 144, 139, 145, 92, 107, 94, 142, 149, 134, 130, 146, 147, 132, 100, 140, 88]);
% time elapsed: 655.86 s
----------
%%%mzn-stat: initTime=0.032681091
%%%mzn-stat: objective=204
%%%mzn-stat: nodes=1326855
%%%mzn-stat: restarts=0
%%%mzn-stat: peakDepth=1730
%%%mzn-stat: solveTime=654.279824065
%%%mzn-stat: variables=2386
%%%mzn-stat: propagators=1995
%%%mzn-stat: failures=449961
%%%mzn-stat: propagations=17566672
%%%mzn-stat: nogoods=449961
%%%mzn-stat: numAtomicConstraintsPropagated=0
%%%mzn-stat: allDifferentNumber1TotalHallSetSize=1843317
%%%mzn-stat: allDifferentNumber1NumberOfConflicts=157803
%%%mzn-stat: allDifferentNumber1MaxHallSetSize=124
%%%mzn-stat: allDifferentNumber1PropagationsTotal=2457460
%%%mzn-stat: allDifferentNumber1PropagationsThatFoundConflict=157803
%%%mzn-stat: circuitNumber2PropagationsThatFoundConflict=256038
%%%mzn-stat: circuitNumber2TotalFixedEdgesAtConflict=35306063
%%%mzn-stat: circuitNumber2NumberOfConflicts=256038
%%%mzn-stat: circuitNumber2PropagationsThatPruned=192408
%%%mzn-stat: circuitNumber2PropagationsTotal=1805335
%%%mzn-stat: AverageConflictSize=56.170801469460685
%%%mzn-stat: NumUnitNogoodsLearned=0
%%%mzn-stat: AverageLearnedNogoodLength=84.07216180957906
%%%mzn-stat: AverageBacktrackAmount=0
%%%mzn-stat: AverageLbd=66.48346412244616
%%%mzn-stat: 2AutonomousSearchNumBackupCalled=12254
%%%mzn-stat: 2AutonomousSearchNumPredicatesRemoved=0
%%%mzn-stat: 2AutonomousSearchNumCalls=12262
%%%mzn-stat: 2AutonomousSearchNumPredicatesAdded=20136
%%%mzn-stat: 2AutonomousSearchAverageSizeOfHeap=4.7539553090849775
%%%mzn-stat: 2AutonomousSearchNumAssignedPredicatesEncountered=58293
%%%mzn-stat-end
maxleg = 204;
succ = array1d(1..150,[22, 11, 49, 17, 8, 26, 15, 7, 24, 14, 28, 2, 5, 21, 32, 40, 51, 66, 25, 13, 62, 4, 27, 16, 31, 37, 34, 45, 38, 20, 36, 47, 52, 12, 9, 42, 39, 53, 41, 50, 43, 35, 58, 63, 57, 75, 61, 1, 54, 60, 119, 69, 55, 70, 68, 85, 67, 64, 19, 33, 78, 79, 29, 71, 3, 48, 74, 82, 10, 80, 124, 65, 30, 111, 81, 23, 44, 89, 150, 97, 96, 95, 93, 86, 116, 56, 18, 98, 115, 77, 72, 87, 106, 73, 148, 121, 127, 104, 110, 102, 90, 105, 59, 141, 108, 137, 103, 129, 99, 112, 109, 101, 76, 118, 120, 138, 6, 128, 126, 46, 122, 84, 117, 143, 131, 83, 125, 113, 133, 91, 123, 135, 136, 114, 144, 139, 145, 92, 107, 94, 142, 149, 134, 130, 146, 147, 132, 100, 140, 88]);
% time elapsed: 655.91 s
----------
%%%mzn-stat: initTime=0.032681091
%%%mzn-stat: objective=199
%%%mzn-stat: nodes=1328445
%%%mzn-stat: restarts=0
%%%mzn-stat: peakDepth=1730
%%%mzn-stat: solveTime=654.302664291
%%%mzn-stat: variables=2386
%%%mzn-stat: propagators=1995
%%%mzn-stat: failures=449961
%%%mzn-stat: propagations=17570290
%%%mzn-stat: nogoods=449961
%%%mzn-stat: numAtomicConstraintsPropagated=0
%%%mzn-stat: allDifferentNumber1TotalHallSetSize=1843317
%%%mzn-stat: allDifferentNumber1NumberOfConflicts=157803
%%%mzn-stat: allDifferentNumber1MaxHallSetSize=124
%%%mzn-stat: allDifferentNumber1PropagationsTotal=2457632
%%%mzn-stat: allDifferentNumber1PropagationsThatFoundConflict=157803
%%%mzn-stat: circuitNumber2PropagationsThatFoundConflict=256038
%%%mzn-stat: circuitNumber2TotalFixedEdgesAtConflict=35306063
%%%mzn-stat: circuitNumber2NumberOfConflicts=256038
%%%mzn-stat: circuitNumber2PropagationsThatPruned=192410
%%%mzn-stat: circuitNumber2PropagationsTotal=1805455
%%%mzn-stat: AverageConflictSize=56.170801469460685
%%%mzn-stat: NumUnitNogoodsLearned=0
%%%mzn-stat: AverageLearnedNogoodLength=84.07216180957906
%%%mzn-stat: AverageBacktrackAmount=0
%%%mzn-stat: AverageLbd=66.48346412244616
%%%mzn-stat: 2AutonomousSearchNumBackupCalled=13726
%%%mzn-stat: 2AutonomousSearchNumPredicatesRemoved=0
%%%mzn-stat: 2AutonomousSearchNumCalls=13735
%%%mzn-stat: 2AutonomousSearchNumPredicatesAdded=20136
%%%mzn-stat: 2AutonomousSearchAverageSizeOfHeap=4.809683290862759
%%%mzn-stat: 2AutonomousSearchNumAssignedPredicatesEncountered=66061
%%%mzn-stat-end
maxleg = 199;
succ = array1d(1..150,[22, 11, 49, 17, 8, 26, 15, 7, 24, 14, 28, 2, 5, 21, 32, 40, 51, 66, 25, 13, 62, 4, 27, 16, 31, 37, 34, 45, 38, 20, 36, 47, 52, 12, 9, 42, 39, 53, 41, 50, 43, 35, 58, 63, 57, 75, 61, 1, 54, 60, 119, 69, 55, 70, 68, 85, 67, 64, 19, 33, 78, 79, 29, 71, 3, 48, 74, 82, 10, 80, 124, 65, 30, 111, 81, 23, 44, 89, 150, 97, 96, 95, 93, 86, 116, 56, 18, 98, 115, 77, 72, 87, 106, 73, 148, 121, 127, 104, 110, 102, 90, 105, 59, 141, 108, 137, 103, 133, 99, 112, 109, 101, 76, 118, 120, 138, 6, 128, 126, 46, 122, 84, 117, 143, 131, 83, 125, 113, 139, 91, 123, 135, 136, 114, 144, 129, 145, 92, 107, 94, 142, 149, 134, 130, 146, 147, 132, 100, 140, 88]);
% time elapsed: 655.93 s
----------
%%%mzn-stat: initTime=0.032681091
%%%mzn-stat: objective=196
%%%mzn-stat: nodes=1593456
%%%mzn-stat: restarts=0
%%%mzn-stat: peakDepth=1730
%%%mzn-stat: solveTime=970.500495103
%%%mzn-stat: variables=2386
%%%mzn-stat: propagators=1995
%%%mzn-stat: failures=679139
%%%mzn-stat: propagations=24323824
%%%mzn-stat: nogoods=679139
%%%mzn-stat: numAtomicConstraintsPropagated=0
%%%mzn-stat: allDifferentNumber1TotalHallSetSize=2535934
%%%mzn-stat: allDifferentNumber1NumberOfConflicts=180957
%%%mzn-stat: allDifferentNumber1MaxHallSetSize=124
%%%mzn-stat: allDifferentNumber1PropagationsTotal=3021884
%%%mzn-stat: allDifferentNumber1PropagationsThatFoundConflict=180957
%%%mzn-stat: circuitNumber2PropagationsThatFoundConflict=437831
%%%mzn-stat: circuitNumber2TotalFixedEdgesAtConflict=60971030
%%%mzn-stat: circuitNumber2NumberOfConflicts=437831
%%%mzn-stat: circuitNumber2PropagationsThatPruned=229851
%%%mzn-stat: circuitNumber2PropagationsTotal=2246276
%%%mzn-stat: AverageConflictSize=66.14891649573946
%%%mzn-stat: NumUnitNogoodsLearned=0
%%%mzn-stat: AverageLearnedNogoodLength=90.81587421720738
%%%mzn-stat: AverageBacktrackAmount=0
%%%mzn-stat: AverageLbd=67.46467512541615
%%%mzn-stat: 2AutonomousSearchNumBackupCalled=15173
%%%mzn-stat: 2AutonomousSearchNumPredicatesRemoved=0
%%%mzn-stat: 2AutonomousSearchNumCalls=15183
%%%mzn-stat: 2AutonomousSearchNumPredicatesAdded=27792
%%%mzn-stat: 2AutonomousSearchAverageSizeOfHeap=4.981624184943687
%%%mzn-stat: 2AutonomousSearchNumAssignedPredicatesEncountered=75636
%%%mzn-stat-end
maxleg = 196;
succ = array1d(1..150,[22, 11, 49, 17, 8, 26, 15, 7, 24, 14, 28, 2, 5, 21, 32, 40, 51, 66, 25, 13, 103, 4, 27, 16, 31, 37, 34, 45, 38, 20, 36, 47, 52, 12, 9, 42, 39, 53, 41, 50, 43, 35, 58, 63, 57, 75, 61, 1, 54, 60, 119, 62, 55, 70, 68, 85, 67, 64, 19, 33, 78, 10, 29, 71, 3, 48, 74, 82, 79, 80, 124, 65, 30, 111, 81, 23, 76, 89, 150, 97, 96, 95, 93, 86, 116, 56, 18, 98, 115, 44, 72, 87, 106, 73, 84, 100, 127, 104, 110, 121, 90, 69, 107, 141, 102, 137, 139, 105, 99, 112, 109, 101, 59, 118, 120, 138, 6, 128, 126, 46, 122, 148, 117, 143, 131, 83, 125, 113, 133, 91, 123, 135, 136, 114, 144, 108, 145, 92, 129, 94, 142, 149, 134, 130, 146, 147, 132, 77, 140, 88]);
% time elapsed: 972.14 s
----------
%%%mzn-stat: initTime=0.032681091
%%%mzn-stat: objective=192
%%%mzn-stat: nodes=1612207
%%%mzn-stat: restarts=0
%%%mzn-stat: peakDepth=1730
%%%mzn-stat: solveTime=978.702326942
%%%mzn-stat: variables=2386
%%%mzn-stat: propagators=1995
%%%mzn-stat: failures=686086
%%%mzn-stat: propagations=24751996
%%%mzn-stat: nogoods=686086
%%%mzn-stat: numAtomicConstraintsPropagated=0
%%%mzn-stat: allDifferentNumber1TotalHallSetSize=2540941
%%%mzn-stat: allDifferentNumber1NumberOfConflicts=181248
%%%mzn-stat: allDifferentNumber1MaxHallSetSize=124
%%%mzn-stat: allDifferentNumber1PropagationsTotal=3054615
%%%mzn-stat: allDifferentNumber1PropagationsThatFoundConflict=181248
%%%mzn-stat: circuitNumber2PropagationsThatFoundConflict=444357
%%%mzn-stat: circuitNumber2TotalFixedEdgesAtConflict=61829878
%%%mzn-stat: circuitNumber2NumberOfConflicts=444357
%%%mzn-stat: circuitNumber2PropagationsThatPruned=233071
%%%mzn-stat: circuitNumber2PropagationsTotal=2272269
%%%mzn-stat: AverageConflictSize=66.02675029077987
%%%mzn-stat: NumUnitNogoodsLearned=0
%%%mzn-stat: AverageLearnedNogoodLength=90.51763481546045
%%%mzn-stat: AverageBacktrackAmount=0
%%%mzn-stat: AverageLbd=67.1991004043225
%%%mzn-stat: 2AutonomousSearchNumBackupCalled=16620
%%%mzn-stat: 2AutonomousSearchNumPredicatesRemoved=0
%%%mzn-stat: 2AutonomousSearchNumCalls=16631
%%%mzn-stat: 2AutonomousSearchNumPredicatesAdded=34196
%%%mzn-stat: 2AutonomousSearchAverageSizeOfHeap=5.126691118994649
%%%mzn-stat: 2AutonomousSearchNumAssignedPredicatesEncountered=85262
%%%mzn-stat-end
maxleg = 192;
succ = array1d(1..150,[22, 11, 49, 17, 8, 26, 15, 7, 24, 14, 28, 2, 5, 21, 32, 40, 51, 66, 25, 13, 103, 4, 27, 16, 31, 37, 34, 45, 38, 20, 36, 47, 52, 12, 9, 42, 39, 53, 41, 50, 43, 35, 58, 63, 57, 75, 61, 1, 54, 60, 119, 62, 55, 70, 68, 85, 67, 64, 107, 33, 78, 10, 29, 71, 3, 48, 74, 82, 79, 80, 124, 65, 30, 111, 81, 23, 44, 89, 150, 97, 96, 95, 93, 86, 116, 56, 18, 98, 115, 77, 72, 87, 106, 73, 148, 121, 127, 104, 110, 102, 90, 105, 59, 141, 19, 137, 139, 69, 117, 112, 99, 101, 76, 118, 120, 138, 123, 128, 126, 46, 122, 84, 125, 143, 131, 83, 109, 113, 133, 91, 6, 135, 136, 114, 144, 108, 145, 92, 129, 94, 142, 149, 134, 130, 146, 147, 132, 100, 140, 88]);
% time elapsed: 980.36 s
----------
%%%mzn-stat: initTime=0.032681091
%%%mzn-stat: objective=187
%%%mzn-stat: nodes=1641566
%%%mzn-stat: restarts=0
%%%mzn-stat: peakDepth=1730
%%%mzn-stat: solveTime=1006.424417664
%%%mzn-stat: variables=2386
%%%mzn-stat: propagators=1995
%%%mzn-stat: failures=704419
%%%mzn-stat: propagations=25374580
%%%mzn-stat: nogoods=704419
%%%mzn-stat: numAtomicConstraintsPropagated=0
%%%mzn-stat: allDifferentNumber1TotalHallSetSize=2697450
%%%mzn-stat: allDifferentNumber1NumberOfConflicts=185275
%%%mzn-stat: allDifferentNumber1MaxHallSetSize=124
%%%mzn-stat: allDifferentNumber1PropagationsTotal=3109161
%%%mzn-stat: allDifferentNumber1PropagationsThatFoundConflict=185275
%%%mzn-stat: circuitNumber2PropagationsThatFoundConflict=458115
%%%mzn-stat: circuitNumber2TotalFixedEdgesAtConflict=63774420
%%%mzn-stat: circuitNumber2NumberOfConflicts=458115
%%%mzn-stat: circuitNumber2PropagationsThatPruned=237194
%%%mzn-stat: circuitNumber2PropagationsTotal=2312752
%%%mzn-stat: AverageConflictSize=67.02091652837302
%%%mzn-stat: NumUnitNogoodsLearned=0
%%%mzn-stat: AverageLearnedNogoodLength=91.17408956885036
%%%mzn-stat: AverageBacktrackAmount=0
%%%mzn-stat: AverageLbd=67.28235183889134
%%%mzn-stat: 2AutonomousSearchNumBackupCalled=18039
%%%mzn-stat: 2AutonomousSearchNumPredicatesRemoved=0
%%%mzn-stat: 2AutonomousSearchNumCalls=18051
%%%mzn-stat: 2AutonomousSearchNumPredicatesAdded=40654
%%%mzn-stat: 2AutonomousSearchAverageSizeOfHeap=5.269569552933356
%%%mzn-stat: 2AutonomousSearchNumAssignedPredicatesEncountered=95121
%%%mzn-stat-end
maxleg = 187;
succ = array1d(1..150,[22, 11, 49, 17, 8, 26, 15, 7, 24, 14, 28, 2, 5, 21, 32, 40, 51, 66, 25, 13, 103, 4, 27, 16, 31, 37, 34, 45, 38, 20, 36, 47, 52, 44, 9, 42, 39, 53, 41, 50, 43, 35, 58, 12, 57, 75, 61, 1, 54, 60, 119, 62, 55, 70, 63, 85, 67, 64, 107, 33, 78, 10, 68, 71, 3, 48, 74, 82, 79, 80, 124, 65, 30, 111, 81, 23, 76, 89, 150, 97, 96, 95, 93, 29, 86, 92, 18, 98, 115, 87, 72, 90, 106, 73, 148, 100, 127, 104, 110, 121, 112, 69, 59, 141, 102, 137, 139, 105, 117, 101, 99, 116, 19, 118, 120, 138, 123, 128, 126, 46, 122, 84, 125, 143, 131, 83, 109, 113, 133, 91, 6, 135, 136, 114, 144, 108, 145, 56, 129, 94, 142, 149, 134, 130, 146, 147, 132, 77, 140, 88]);
% time elapsed: 1008.09 s
----------
%%%mzn-stat: initTime=0.032681091
%%%mzn-stat: objective=184
%%%mzn-stat: nodes=1661384
%%%mzn-stat: restarts=0
%%%mzn-stat: peakDepth=1730
%%%mzn-stat: solveTime=1028.311005277
%%%mzn-stat: variables=2386
%%%mzn-stat: propagators=1995
%%%mzn-stat: failures=718238
%%%mzn-stat: propagations=25836107
%%%mzn-stat: nogoods=718238
%%%mzn-stat: numAtomicConstraintsPropagated=0
%%%mzn-stat: allDifferentNumber1TotalHallSetSize=2703899
%%%mzn-stat: allDifferentNumber1NumberOfConflicts=185553
%%%mzn-stat: allDifferentNumber1MaxHallSetSize=124
%%%mzn-stat: allDifferentNumber1PropagationsTotal=3146281
%%%mzn-stat: allDifferentNumber1PropagationsThatFoundConflict=185553
%%%mzn-stat: circuitNumber2PropagationsThatFoundConflict=471644
%%%mzn-stat: circuitNumber2TotalFixedEdgesAtConflict=65694176
%%%mzn-stat: circuitNumber2NumberOfConflicts=471644
%%%mzn-stat: circuitNumber2PropagationsThatPruned=239746
%%%mzn-stat: circuitNumber2PropagationsTotal=2343932
%%%mzn-stat: AverageConflictSize=67.78924395534628
%%%mzn-stat: NumUnitNogoodsLearned=0
%%%mzn-stat: AverageLearnedNogoodLength=91.44327785497286
%%%mzn-stat: AverageBacktrackAmount=0
%%%mzn-stat: AverageLbd=67.38254728933863
%%%mzn-stat: 2AutonomousSearchNumBackupCalled=19445
%%%mzn-stat: 2AutonomousSearchNumPredicatesRemoved=0
%%%mzn-stat: 2AutonomousSearchNumCalls=19458
%%%mzn-stat: 2AutonomousSearchNumPredicatesAdded=46589
%%%mzn-stat: 2AutonomousSearchAverageSizeOfHeap=5.398293760920958
%%%mzn-stat: 2AutonomousSearchNumAssignedPredicatesEncountered=105040
%%%mzn-stat-end
maxleg = 184;
succ = array1d(1..150,[22, 11, 49, 17, 8, 26, 15, 7, 24, 14, 28, 2, 5, 21, 32, 40, 51, 66, 25, 13, 103, 4, 27, 16, 31, 37, 34, 45, 38, 20, 36, 47, 52, 44, 9, 42, 39, 53, 41, 50, 43, 35, 58, 12, 57, 75, 61, 1, 54, 60, 119, 62, 55, 70, 63, 85, 67, 64, 107, 33, 78, 10, 68, 124, 3, 48, 74, 82, 79, 80, 143, 65, 30, 111, 81, 23, 76, 89, 150, 97, 96, 95, 93, 29, 86, 92, 18, 98, 115, 87, 72, 90, 106, 73, 148, 100, 127, 104, 110, 121, 112, 69, 59, 141, 102, 137, 139, 105, 117, 101, 99, 116, 19, 118, 120, 138, 123, 128, 126, 46, 122, 84, 125, 71, 131, 83, 109, 113, 133, 91, 6, 135, 136, 114, 144, 108, 145, 56, 129, 94, 142, 149, 134, 130, 146, 147, 132, 77, 140, 88]);
% time elapsed: 1029.99 s
----------
%%%mzn-stat: initTime=0.032681091
%%%mzn-stat: objective=181
%%%mzn-stat: nodes=1667681
%%%mzn-stat: restarts=0
%%%mzn-stat: peakDepth=1730
%%%mzn-stat: solveTime=1030.81636423
%%%mzn-stat: variables=2386
%%%mzn-stat: propagators=1995
%%%mzn-stat: failures=720290
%%%mzn-stat: propagations=25951325
%%%mzn-stat: nogoods=720290
%%%mzn-stat: numAtomicConstraintsPropagated=0
%%%mzn-stat: allDifferentNumber1TotalHallSetSize=2704641
%%%mzn-stat: allDifferentNumber1NumberOfConflicts=185598
%%%mzn-stat: allDifferentNumber1MaxHallSetSize=124
%%%mzn-stat: allDifferentNumber1PropagationsTotal=3155426
%%%mzn-stat: allDifferentNumber1PropagationsThatFoundConflict=185598
%%%mzn-stat: circuitNumber2PropagationsThatFoundConflict=473616
%%%mzn-stat: circuitNumber2TotalFixedEdgesAtConflict=65961195
%%%mzn-stat: circuitNumber2NumberOfConflicts=473616
%%%mzn-stat: circuitNumber2PropagationsThatPruned=240282
%%%mzn-stat: circuitNumber2PropagationsTotal=2351180
%%%mzn-stat: AverageConflictSize=67.76026183898152
%%%mzn-stat: NumUnitNogoodsLearned=0
%%%mzn-stat: AverageLearnedNogoodLength=91.36481972538839
%%%mzn-stat: AverageBacktrackAmount=0
%%%mzn-stat: AverageLbd=67.3123880659179
%%%mzn-stat: 2AutonomousSearchNumBackupCalled=20832
%%%mzn-stat: 2AutonomousSearchNumPredicatesRemoved=0
%%%mzn-stat: 2AutonomousSearchNumCalls=20846
%%%mzn-stat: 2AutonomousSearchNumPredicatesAdded=51398
%%%mzn-stat: 2AutonomousSearchAverageSizeOfHeap=5.519476158495634
%%%mzn-stat: 2AutonomousSearchNumAssignedPredicatesEncountered=115059
%%%mzn-stat-end
maxleg = 181;
succ = array1d(1..150,[22, 11, 49, 17, 8, 26, 15, 7, 24, 14, 28, 2, 5, 21, 32, 40, 51, 66, 25, 13, 103, 4, 27, 16, 31, 37, 34, 45, 38, 20, 36, 47, 52, 44, 9, 42, 39, 53, 41, 50, 43, 35, 58, 12, 57, 75, 61, 1, 54, 60, 119, 62, 55, 70, 63, 85, 67, 64, 107, 33, 78, 10, 68, 124, 3, 48, 74, 82, 79, 80, 143, 65, 30, 111, 81, 23, 90, 89, 150, 97, 96, 95, 93, 29, 86, 84, 18, 98, 115, 87, 72, 56, 106, 73, 148, 121, 127, 104, 110, 102, 112, 105, 59, 141, 19, 137, 139, 69, 117, 101, 99, 116, 76, 118, 120, 138, 123, 128, 126, 46, 122, 77, 125, 71, 131, 83, 109, 113, 133, 91, 6, 135, 136, 114, 144, 108, 145, 92, 129, 94, 142, 149, 134, 130, 146, 147, 132, 100, 140, 88]);
% time elapsed: 1032.50 s
----------
%%%mzn-stat: initTime=0.032681091
%%%mzn-stat: objective=179
%%%mzn-stat: nodes=1670614
%%%mzn-stat: restarts=0
%%%mzn-stat: peakDepth=1730
%%%mzn-stat: solveTime=1031.228009996
%%%mzn-stat: variables=2386
%%%mzn-stat: propagators=1995
%%%mzn-stat: failures=720646
%%%mzn-stat: propagations=25981994
%%%mzn-stat: nogoods=720646
%%%mzn-stat: numAtomicConstraintsPropagated=0
%%%mzn-stat: allDifferentNumber1TotalHallSetSize=2704810
%%%mzn-stat: allDifferentNumber1NumberOfConflicts=185615
%%%mzn-stat: allDifferentNumber1MaxHallSetSize=124
%%%mzn-stat: allDifferentNumber1PropagationsTotal=3158125
%%%mzn-stat: allDifferentNumber1PropagationsThatFoundConflict=185615
%%%mzn-stat: circuitNumber2PropagationsThatFoundConflict=473947
%%%mzn-stat: circuitNumber2TotalFixedEdgesAtConflict=66004420
%%%mzn-stat: circuitNumber2NumberOfConflicts=473947
%%%mzn-stat: circuitNumber2PropagationsThatPruned=240375
%%%mzn-stat: circuitNumber2PropagationsTotal=2353144
%%%mzn-stat: AverageConflictSize=67.74507039517322
%%%mzn-stat: NumUnitNogoodsLearned=0
%%%mzn-stat: AverageLearnedNogoodLength=91.33947319488348
%%%mzn-stat: AverageBacktrackAmount=0
%%%mzn-stat: AverageLbd=67.29373090255132
%%%mzn-stat: 2AutonomousSearchNumBackupCalled=22225
%%%mzn-stat: 2AutonomousSearchNumPredicatesRemoved=0
%%%mzn-stat: 2AutonomousSearchNumCalls=22240
%%%mzn-stat: 2AutonomousSearchNumPredicatesAdded=53555
%%%mzn-stat: 2AutonomousSearchAverageSizeOfHeap=5.627652877697842
%%%mzn-stat: 2AutonomousSearchNumAssignedPredicatesEncountered=125159
%%%mzn-stat-end
maxleg = 179;
succ = array1d(1..150,[22, 11, 49, 17, 8, 26, 15, 7, 24, 14, 28, 2, 5, 21, 32, 40, 51, 66, 25, 13, 103, 4, 27, 16, 31, 37, 34, 45, 38, 20, 36, 47, 52, 44, 9, 42, 39, 53, 41, 50, 43, 35, 58, 12, 57, 75, 61, 1, 54, 60, 119, 62, 55, 70, 63, 85, 67, 64, 107, 33, 78, 10, 68, 124, 3, 48, 74, 82, 79, 80, 143, 65, 30, 111, 81, 23, 90, 95, 88, 97, 96, 89, 93, 29, 86, 84, 18, 150, 115, 87, 72, 56, 137, 73, 148, 121, 127, 104, 110, 102, 112, 105, 59, 141, 19, 83, 139, 69, 117, 101, 99, 116, 76, 118, 98, 138, 123, 128, 126, 46, 122, 77, 125, 71, 131, 106, 109, 113, 133, 91, 6, 135, 136, 114, 144, 108, 145, 92, 129, 94, 142, 149, 134, 130, 146, 147, 132, 100, 140, 120]);
% time elapsed: 1032.92 s
----------
%%%mzn-stat: initTime=0.032681091
%%%mzn-stat: objective=176
%%%mzn-stat: nodes=1672092
%%%mzn-stat: restarts=0
%%%mzn-stat: peakDepth=1730
%%%mzn-stat: solveTime=1031.251404995
%%%mzn-stat: variables=2386
%%%mzn-stat: propagators=1995
%%%mzn-stat: failures=720646
%%%mzn-stat: propagations=25985676
%%%mzn-stat: nogoods=720646
%%%mzn-stat: numAtomicConstraintsPropagated=0
%%%mzn-stat: allDifferentNumber1TotalHallSetSize=2704810
%%%mzn-stat: allDifferentNumber1NumberOfConflicts=185615
%%%mzn-stat: allDifferentNumber1MaxHallSetSize=124
%%%mzn-stat: allDifferentNumber1PropagationsTotal=3158291
%%%mzn-stat: allDifferentNumber1PropagationsThatFoundConflict=185615
%%%mzn-stat: circuitNumber2PropagationsThatFoundConflict=473947
%%%mzn-stat: circuitNumber2TotalFixedEdgesAtConflict=66004420
%%%mzn-stat: circuitNumber2NumberOfConflicts=473947
%%%mzn-stat: circuitNumber2PropagationsThatPruned=240378
%%%mzn-stat: circuitNumber2PropagationsTotal=2353260
%%%mzn-stat: AverageConflictSize=67.74507039517322
%%%mzn-stat: NumUnitNogoodsLearned=0
%%%mzn-stat: AverageLearnedNogoodLength=91.33947319488348
%%%mzn-stat: AverageBacktrackAmount=0
%%%mzn-stat: AverageLbd=67.29373090255132
%%%mzn-stat: 2AutonomousSearchNumBackupCalled=23592
%%%mzn-stat: 2AutonomousSearchNumPredicatesRemoved=0
%%%mzn-stat: 2AutonomousSearchNumCalls=23608
%%%mzn-stat: 2AutonomousSearchNumPredicatesAdded=53555
%%%mzn-stat: 2AutonomousSearchAverageSizeOfHeap=5.729371399525585
%%%mzn-stat: 2AutonomousSearchNumAssignedPredicatesEncountered=135259
%%%mzn-stat-end
maxleg = 176;
succ = array1d(1..150,[22, 11, 49, 17, 8, 26, 15, 7, 24, 14, 28, 2, 5, 21, 32, 40, 51, 66, 25, 13, 103, 4, 27, 16, 31, 37, 34, 45, 38, 20, 36, 47, 52, 44, 9, 42, 39, 53, 41, 50, 43, 35, 58, 12, 57, 75, 61, 1, 54, 60, 119, 62, 55, 70, 63, 85, 67, 64, 107, 33, 78, 10, 68, 124, 3, 48, 74, 82, 79, 80, 143, 65, 30, 111, 81, 23, 90, 95, 88, 97, 96, 89, 93, 29, 86, 84, 18, 150, 115, 87, 72, 56, 137, 73, 148, 121, 127, 104, 110, 102, 112, 105, 59, 141, 19, 83, 139, 69, 117, 101, 99, 116, 76, 118, 98, 138, 125, 128, 126, 46, 122, 77, 131, 71, 123, 106, 109, 113, 136, 91, 6, 135, 108, 114, 144, 133, 145, 92, 129, 94, 142, 149, 134, 130, 146, 147, 132, 100, 140, 120]);
% time elapsed: 1032.96 s
----------
==========
% time elapsed: 1032.96 s
%%%mzn-stat: initTime=0.032681091
%%%mzn-stat: objective=176
%%%mzn-stat: nodes=1672092
%%%mzn-stat: restarts=0
%%%mzn-stat: peakDepth=1730
%%%mzn-stat: solveTime=1031.25341008
%%%mzn-stat: variables=2386
%%%mzn-stat: propagators=1995
%%%mzn-stat: failures=720647
%%%mzn-stat: propagations=25986066
%%%mzn-stat: nogoods=720647
%%%mzn-stat: numAtomicConstraintsPropagated=0
%%%mzn-stat: allDifferentNumber1TotalHallSetSize=2704960
%%%mzn-stat: allDifferentNumber1NumberOfConflicts=185616
%%%mzn-stat: allDifferentNumber1MaxHallSetSize=150
%%%mzn-stat: allDifferentNumber1PropagationsTotal=3158293
%%%mzn-stat: allDifferentNumber1PropagationsThatFoundConflict=185616
%%%mzn-stat: circuitNumber2PropagationsThatFoundConflict=473947
%%%mzn-stat: circuitNumber2TotalFixedEdgesAtConflict=66004420
%%%mzn-stat: circuitNumber2NumberOfConflicts=473947
%%%mzn-stat: circuitNumber2PropagationsThatPruned=240378
%%%mzn-stat: circuitNumber2PropagationsTotal=2353261
%%%mzn-stat: AverageConflictSize=67.74504715901128
%%%mzn-stat: NumUnitNogoodsLearned=1
%%%mzn-stat: AverageLearnedNogoodLength=91.33934783604178
%%%mzn-stat: AverageBacktrackAmount=0
%%%mzn-stat: AverageLbd=67.29363891059006
%%%mzn-stat: 2AutonomousSearchNumBackupCalled=23592
%%%mzn-stat: 2AutonomousSearchNumPredicatesRemoved=0
%%%mzn-stat: 2AutonomousSearchNumCalls=23608
%%%mzn-stat: 2AutonomousSearchNumPredicatesAdded=54368
%%%mzn-stat: 2AutonomousSearchAverageSizeOfHeap=5.729371399525585
%%%mzn-stat: 2AutonomousSearchNumAssignedPredicatesEncountered=135259
%%%mzn-stat-end
