% Logging successfully configured
%%%mzn-stat: initTime=0.004066338
%%%mzn-stat: objective=998
%%%mzn-stat: nodes=1955
%%%mzn-stat: restarts=0
%%%mzn-stat: peakDepth=182
%%%mzn-stat: solveTime=0.082975978
%%%mzn-stat: variables=469
%%%mzn-stat: propagators=295
%%%mzn-stat: failures=596
%%%mzn-stat: propagations=23540
%%%mzn-stat: nogoods=596
%%%mzn-stat: numAtomicConstraintsPropagated=0
%%%mzn-stat: allDifferentNumber1TotalHallSetSize=7091
%%%mzn-stat: allDifferentNumber1NumberOfConflicts=515
%%%mzn-stat: allDifferentNumber1MaxHallSetSize=50
%%%mzn-stat: allDifferentNumber1PropagationsTotal=3498
%%%mzn-stat: allDifferentNumber1PropagationsThatFoundConflict=515
%%%mzn-stat: circuitNumber2PropagationsThatFoundConflict=38
%%%mzn-stat: circuitNumber2TotalFixedEdgesAtConflict=1101
%%%mzn-stat: circuitNumber2NumberOfConflicts=38
%%%mzn-stat: circuitNumber2PropagationsThatPruned=334
%%%mzn-stat: circuitNumber2PropagationsTotal=2208
%%%mzn-stat: AverageConflictSize=10.14765100671141
%%%mzn-stat: NumUnitNogoodsLearned=0
%%%mzn-stat: AverageLearnedNogoodLength=10.879194630872483
%%%mzn-stat: AverageBacktrackAmount=0
%%%mzn-stat: AverageLbd=7.273489932885906
%%%mzn-stat: 2AutonomousSearchNumBackupCalled=165
%%%mzn-stat: 2AutonomousSearchNumPredicatesRemoved=0
%%%mzn-stat: 2AutonomousSearchNumCalls=166
%%%mzn-stat: 2AutonomousSearchNumPredicatesAdded=1857
%%%mzn-stat: 2AutonomousSearchAverageSizeOfHeap=11.186746987951807
%%%mzn-stat: 2AutonomousSearchNumAssignedPredicatesEncountered=1857
%%%mzn-stat-end
maxleg = 998;
succ = array1d(1..50,[3, 12, 36, 8, 14, 32, 20, 44, 37, 22, 48, 49, 15, 19, 40, 13, 2, 9, 33, 23, 43, 35, 45, 47, 21, 1, 39, 31, 18, 11, 5, 46, 34, 30, 26, 7, 42, 17, 50, 4, 29, 6, 10, 24, 27, 25, 38, 16, 41, 28]);
% time elapsed: 1.03 s
----------
%%%mzn-stat: initTime=0.004066338
%%%mzn-stat: objective=547
%%%mzn-stat: nodes=2394
%%%mzn-stat: restarts=0
%%%mzn-stat: peakDepth=182
%%%mzn-stat: solveTime=0.097935673
%%%mzn-stat: variables=469
%%%mzn-stat: propagators=295
%%%mzn-stat: failures=685
%%%mzn-stat: propagations=28158
%%%mzn-stat: nogoods=685
%%%mzn-stat: numAtomicConstraintsPropagated=0
%%%mzn-stat: allDifferentNumber1TotalHallSetSize=8004
%%%mzn-stat: allDifferentNumber1NumberOfConflicts=591
%%%mzn-stat: allDifferentNumber1MaxHallSetSize=50
%%%mzn-stat: allDifferentNumber1PropagationsTotal=4071
%%%mzn-stat: allDifferentNumber1PropagationsThatFoundConflict=591
%%%mzn-stat: circuitNumber2PropagationsThatFoundConflict=42
%%%mzn-stat: circuitNumber2TotalFixedEdgesAtConflict=1218
%%%mzn-stat: circuitNumber2NumberOfConflicts=42
%%%mzn-stat: circuitNumber2PropagationsThatPruned=429
%%%mzn-stat: circuitNumber2PropagationsTotal=2599
%%%mzn-stat: AverageConflictSize=9.931386861313868
%%%mzn-stat: NumUnitNogoodsLearned=0
%%%mzn-stat: AverageLearnedNogoodLength=10.636496350364963
%%%mzn-stat: AverageBacktrackAmount=0
%%%mzn-stat: AverageLbd=7.12992700729927
%%%mzn-stat: 2AutonomousSearchNumBackupCalled=313
%%%mzn-stat: 2AutonomousSearchNumPredicatesRemoved=0
%%%mzn-stat: 2AutonomousSearchNumCalls=315
%%%mzn-stat: 2AutonomousSearchNumPredicatesAdded=3180
%%%mzn-stat: 2AutonomousSearchAverageSizeOfHeap=12.473015873015873
%%%mzn-stat: 2AutonomousSearchNumAssignedPredicatesEncountered=3929
%%%mzn-stat-end
maxleg = 547;
succ = array1d(1..50,[3, 12, 36, 8, 14, 32, 46, 44, 29, 26, 16, 49, 15, 19, 40, 48, 13, 5, 33, 23, 4, 10, 45, 38, 31, 1, 39, 50, 18, 11, 43, 42, 34, 30, 22, 7, 9, 47, 28, 2, 35, 37, 21, 24, 27, 25, 20, 17, 41, 6]);
% time elapsed: 1.03 s
----------
%%%mzn-stat: initTime=0.004066338
%%%mzn-stat: objective=545
%%%mzn-stat: nodes=3241
%%%mzn-stat: restarts=0
%%%mzn-stat: peakDepth=182
%%%mzn-stat: solveTime=0.122824109
%%%mzn-stat: variables=469
%%%mzn-stat: propagators=295
%%%mzn-stat: failures=827
%%%mzn-stat: propagations=37022
%%%mzn-stat: nogoods=827
%%%mzn-stat: numAtomicConstraintsPropagated=0
%%%mzn-stat: allDifferentNumber1TotalHallSetSize=8936
%%%mzn-stat: allDifferentNumber1NumberOfConflicts=709
%%%mzn-stat: allDifferentNumber1MaxHallSetSize=50
%%%mzn-stat: allDifferentNumber1PropagationsTotal=5408
%%%mzn-stat: allDifferentNumber1PropagationsThatFoundConflict=709
%%%mzn-stat: circuitNumber2PropagationsThatFoundConflict=59
%%%mzn-stat: circuitNumber2TotalFixedEdgesAtConflict=1604
%%%mzn-stat: circuitNumber2NumberOfConflicts=59
%%%mzn-stat: circuitNumber2PropagationsThatPruned=582
%%%mzn-stat: circuitNumber2PropagationsTotal=3423
%%%mzn-stat: AverageConflictSize=9.273276904474002
%%%mzn-stat: NumUnitNogoodsLearned=0
%%%mzn-stat: AverageLearnedNogoodLength=10.010882708585248
%%%mzn-stat: AverageBacktrackAmount=0
%%%mzn-stat: AverageLbd=6.6807738814993956
%%%mzn-stat: 2AutonomousSearchNumBackupCalled=458
%%%mzn-stat: 2AutonomousSearchNumPredicatesRemoved=0
%%%mzn-stat: 2AutonomousSearchNumCalls=461
%%%mzn-stat: 2AutonomousSearchNumPredicatesAdded=4419
%%%mzn-stat: 2AutonomousSearchAverageSizeOfHeap=13.529284164859002
%%%mzn-stat: 2AutonomousSearchNumAssignedPredicatesEncountered=6237
%%%mzn-stat-end
maxleg = 545;
succ = array1d(1..50,[3, 15, 36, 8, 18, 32, 20, 21, 37, 26, 30, 2, 16, 5, 40, 17, 48, 29, 14, 47, 25, 10, 45, 38, 43, 35, 23, 50, 9, 33, 28, 46, 34, 19, 41, 22, 42, 44, 27, 13, 49, 6, 31, 4, 1, 7, 24, 11, 12, 39]);
% time elapsed: 1.05 s
----------
%%%mzn-stat: initTime=0.004066338
%%%mzn-stat: objective=498
%%%mzn-stat: nodes=3524
%%%mzn-stat: restarts=0
%%%mzn-stat: peakDepth=182
%%%mzn-stat: solveTime=0.127606005
%%%mzn-stat: variables=469
%%%mzn-stat: propagators=295
%%%mzn-stat: failures=855
%%%mzn-stat: propagations=38976
%%%mzn-stat: nogoods=855
%%%mzn-stat: numAtomicConstraintsPropagated=0
%%%mzn-stat: allDifferentNumber1TotalHallSetSize=9083
%%%mzn-stat: allDifferentNumber1NumberOfConflicts=735
%%%mzn-stat: allDifferentNumber1MaxHallSetSize=50
%%%mzn-stat: allDifferentNumber1PropagationsTotal=5633
%%%mzn-stat: allDifferentNumber1PropagationsThatFoundConflict=735
%%%mzn-stat: circuitNumber2PropagationsThatFoundConflict=61
%%%mzn-stat: circuitNumber2TotalFixedEdgesAtConflict=1634
%%%mzn-stat: circuitNumber2NumberOfConflicts=61
%%%mzn-stat: circuitNumber2PropagationsThatPruned=615
%%%mzn-stat: circuitNumber2PropagationsTotal=3578
%%%mzn-stat: AverageConflictSize=9.163742690058479
%%%mzn-stat: NumUnitNogoodsLearned=0
%%%mzn-stat: AverageLearnedNogoodLength=9.911111111111111
%%%mzn-stat: AverageBacktrackAmount=0
%%%mzn-stat: AverageLbd=6.5964912280701755
%%%mzn-stat: 2AutonomousSearchNumBackupCalled=602
%%%mzn-stat: 2AutonomousSearchNumPredicatesRemoved=0
%%%mzn-stat: 2AutonomousSearchNumCalls=606
%%%mzn-stat: 2AutonomousSearchNumPredicatesAdded=4849
%%%mzn-stat: 2AutonomousSearchAverageSizeOfHeap=14.222772277227723
%%%mzn-stat: 2AutonomousSearchNumAssignedPredicatesEncountered=8619
%%%mzn-stat-end
maxleg = 498;
succ = array1d(1..50,[3, 15, 36, 8, 18, 42, 46, 44, 37, 26, 30, 2, 16, 5, 40, 17, 48, 29, 14, 23, 4, 10, 27, 38, 31, 35, 45, 50, 9, 33, 43, 7, 34, 19, 41, 22, 39, 47, 28, 13, 49, 32, 21, 24, 1, 25, 20, 11, 12, 6]);
% time elapsed: 1.06 s
----------
%%%mzn-stat: initTime=0.004066338
%%%mzn-stat: objective=428
%%%mzn-stat: nodes=3823
%%%mzn-stat: restarts=0
%%%mzn-stat: peakDepth=182
%%%mzn-stat: solveTime=0.132356786
%%%mzn-stat: variables=469
%%%mzn-stat: propagators=295
%%%mzn-stat: failures=883
%%%mzn-stat: propagations=41202
%%%mzn-stat: nogoods=883
%%%mzn-stat: numAtomicConstraintsPropagated=0
%%%mzn-stat: allDifferentNumber1TotalHallSetSize=9238
%%%mzn-stat: allDifferentNumber1NumberOfConflicts=759
%%%mzn-stat: allDifferentNumber1MaxHallSetSize=50
%%%mzn-stat: allDifferentNumber1PropagationsTotal=5882
%%%mzn-stat: allDifferentNumber1PropagationsThatFoundConflict=759
%%%mzn-stat: circuitNumber2PropagationsThatFoundConflict=63
%%%mzn-stat: circuitNumber2TotalFixedEdgesAtConflict=1687
%%%mzn-stat: circuitNumber2NumberOfConflicts=63
%%%mzn-stat: circuitNumber2PropagationsThatPruned=647
%%%mzn-stat: circuitNumber2PropagationsTotal=3749
%%%mzn-stat: AverageConflictSize=9.028312570781427
%%%mzn-stat: NumUnitNogoodsLearned=0
%%%mzn-stat: AverageLearnedNogoodLength=9.754246885617214
%%%mzn-stat: AverageBacktrackAmount=0
%%%mzn-stat: AverageLbd=6.51528878822197
%%%mzn-stat: 2AutonomousSearchNumBackupCalled=747
%%%mzn-stat: 2AutonomousSearchNumPredicatesRemoved=0
%%%mzn-stat: 2AutonomousSearchNumCalls=752
%%%mzn-stat: 2AutonomousSearchNumPredicatesAdded=5255
%%%mzn-stat: 2AutonomousSearchAverageSizeOfHeap=14.65159574468085
%%%mzn-stat: 2AutonomousSearchNumAssignedPredicatesEncountered=11018
%%%mzn-stat-end
maxleg = 428;
succ = array1d(1..50,[3, 15, 36, 8, 31, 32, 46, 44, 18, 26, 30, 2, 16, 29, 40, 17, 48, 5, 14, 23, 4, 10, 27, 38, 43, 35, 45, 50, 9, 33, 28, 7, 34, 19, 41, 22, 42, 47, 37, 13, 49, 6, 21, 24, 1, 25, 20, 11, 12, 39]);
% time elapsed: 1.06 s
----------
==========
% time elapsed: 1.07 s
%%%mzn-stat: initTime=0.004066338
%%%mzn-stat: objective=428
%%%mzn-stat: nodes=4057
%%%mzn-stat: restarts=0
%%%mzn-stat: peakDepth=182
%%%mzn-stat: solveTime=0.142693041
%%%mzn-stat: variables=469
%%%mzn-stat: propagators=295
%%%mzn-stat: failures=961
%%%mzn-stat: propagations=44164
%%%mzn-stat: nogoods=961
%%%mzn-stat: numAtomicConstraintsPropagated=0
%%%mzn-stat: allDifferentNumber1TotalHallSetSize=9577
%%%mzn-stat: allDifferentNumber1NumberOfConflicts=806
%%%mzn-stat: allDifferentNumber1MaxHallSetSize=50
%%%mzn-stat: allDifferentNumber1PropagationsTotal=6359
%%%mzn-stat: allDifferentNumber1PropagationsThatFoundConflict=806
%%%mzn-stat: circuitNumber2PropagationsThatFoundConflict=82
%%%mzn-stat: circuitNumber2TotalFixedEdgesAtConflict=2002
%%%mzn-stat: circuitNumber2NumberOfConflicts=82
%%%mzn-stat: circuitNumber2PropagationsThatPruned=675
%%%mzn-stat: circuitNumber2PropagationsTotal=4000
%%%mzn-stat: AverageConflictSize=8.816857440166494
%%%mzn-stat: NumUnitNogoodsLearned=1
%%%mzn-stat: AverageLearnedNogoodLength=9.537981269510926
%%%mzn-stat: AverageBacktrackAmount=0
%%%mzn-stat: AverageLbd=6.299687825182102
%%%mzn-stat: 2AutonomousSearchNumBackupCalled=747
%%%mzn-stat: 2AutonomousSearchNumPredicatesRemoved=0
%%%mzn-stat: 2AutonomousSearchNumCalls=752
%%%mzn-stat: 2AutonomousSearchNumPredicatesAdded=6284
%%%mzn-stat: 2AutonomousSearchAverageSizeOfHeap=14.65159574468085
%%%mzn-stat: 2AutonomousSearchNumAssignedPredicatesEncountered=11018
%%%mzn-stat-end
