% Logging successfully configured
%%%mzn-stat: initTime=0.005635391
%%%mzn-stat: objective=943
%%%mzn-stat: nodes=296
%%%mzn-stat: restarts=0
%%%mzn-stat: peakDepth=296
%%%mzn-stat: solveTime=0.001546208
%%%mzn-stat: variables=802
%%%mzn-stat: propagators=483
%%%mzn-stat: failures=0
%%%mzn-stat: propagations=1538
%%%mzn-stat: nogoods=0
%%%mzn-stat: numAtomicConstraintsPropagated=0
%%%mzn-stat: circuitNumber1PropagationsTotal=38
%%%mzn-stat: circuitNumber1CircuitConflicts=0
%%%mzn-stat: circuitNumber1AlldiffConflicts=0
%%%mzn-stat: circuitNumber1TotalFixedEdgesAtConflict=0
%%%mzn-stat: circuitNumber1NumberOfConflicts=0
%%%mzn-stat: circuitNumber1GacPrunings=151
%%%mzn-stat: circuitNumber1PropagationsThatGacPruned=19
%%%mzn-stat: circuitNumber1TotalPruningHallSetSize=1142
%%%mzn-stat: circuitNumber1NumberOfPruningExplanations=151
%%%mzn-stat: circuitNumber1MaxPruningHallSetSize=47
%%%mzn-stat: circuitNumber1TotalSccSizeAtPruning=290
%%%mzn-stat: circuitNumber1NumberOfSccPruningCalls=19
%%%mzn-stat: circuitNumber1TotalVarsInvolvedInPruning=121
%%%mzn-stat: circuitNumber1MaxValuesPrunedFromSingleVar=7
%%%mzn-stat: circuitNumber1HallCircuitChecks=81
%%%mzn-stat: circuitNumber1HallCircuitPrunings=0
%%%mzn-stat: circuitNumber1CircuitPreventPrunings=6
%%%mzn-stat: AverageConflictSize=0
%%%mzn-stat: NumUnitNogoodsLearned=0
%%%mzn-stat: AverageLearnedNogoodLength=0
%%%mzn-stat: AverageBacktrackAmount=0
%%%mzn-stat: AverageLbd=0
%%%mzn-stat: 2AutonomousSearchNumBackupCalled=280
%%%mzn-stat: 2AutonomousSearchNumPredicatesRemoved=0
%%%mzn-stat: 2AutonomousSearchNumCalls=281
%%%mzn-stat: 2AutonomousSearchNumPredicatesAdded=0
%%%mzn-stat: 2AutonomousSearchAverageSizeOfHeap=0
%%%mzn-stat: 2AutonomousSearchNumAssignedPredicatesEncountered=0
%%%mzn-stat-end
maxleg = 943;
succ = array1d(1..50,[5, 1, 2, 13, 36, 7, 22, 10, 4, 25, 12, 18, 24, 6, 40, 50, 14, 26, 46, 49, 29, 11, 41, 27, 16, 34, 28, 20, 43, 15, 39, 45, 42, 44, 8, 47, 21, 19, 30, 32, 9, 38, 48, 33, 35, 3, 37, 31, 17, 23]);
% time elapsed: 1.14 s
----------
%%%mzn-stat: initTime=0.005635391
%%%mzn-stat: objective=917
%%%mzn-stat: nodes=579
%%%mzn-stat: restarts=0
%%%mzn-stat: peakDepth=296
%%%mzn-stat: solveTime=0.003102697
%%%mzn-stat: variables=802
%%%mzn-stat: propagators=483
%%%mzn-stat: failures=0
%%%mzn-stat: propagations=2332
%%%mzn-stat: nogoods=0
%%%mzn-stat: numAtomicConstraintsPropagated=0
%%%mzn-stat: circuitNumber1PropagationsTotal=71
%%%mzn-stat: circuitNumber1CircuitConflicts=0
%%%mzn-stat: circuitNumber1AlldiffConflicts=0
%%%mzn-stat: circuitNumber1TotalFixedEdgesAtConflict=0
%%%mzn-stat: circuitNumber1NumberOfConflicts=0
%%%mzn-stat: circuitNumber1GacPrunings=287
%%%mzn-stat: circuitNumber1PropagationsThatGacPruned=36
%%%mzn-stat: circuitNumber1TotalPruningHallSetSize=1686
%%%mzn-stat: circuitNumber1NumberOfPruningExplanations=287
%%%mzn-stat: circuitNumber1MaxPruningHallSetSize=47
%%%mzn-stat: circuitNumber1TotalSccSizeAtPruning=498
%%%mzn-stat: circuitNumber1NumberOfSccPruningCalls=36
%%%mzn-stat: circuitNumber1TotalVarsInvolvedInPruning=235
%%%mzn-stat: circuitNumber1MaxValuesPrunedFromSingleVar=7
%%%mzn-stat: circuitNumber1HallCircuitChecks=136
%%%mzn-stat: circuitNumber1HallCircuitPrunings=0
%%%mzn-stat: circuitNumber1CircuitPreventPrunings=11
%%%mzn-stat: AverageConflictSize=0
%%%mzn-stat: NumUnitNogoodsLearned=0
%%%mzn-stat: AverageLearnedNogoodLength=0
%%%mzn-stat: AverageBacktrackAmount=0
%%%mzn-stat: AverageLbd=0
%%%mzn-stat: 2AutonomousSearchNumBackupCalled=550
%%%mzn-stat: 2AutonomousSearchNumPredicatesRemoved=0
%%%mzn-stat: 2AutonomousSearchNumCalls=552
%%%mzn-stat: 2AutonomousSearchNumPredicatesAdded=0
%%%mzn-stat: 2AutonomousSearchAverageSizeOfHeap=0
%%%mzn-stat: 2AutonomousSearchNumAssignedPredicatesEncountered=0
%%%mzn-stat-end
maxleg = 917;
succ = array1d(1..50,[5, 1, 2, 13, 36, 7, 22, 10, 4, 25, 18, 29, 24, 6, 40, 50, 14, 26, 46, 49, 39, 20, 41, 21, 16, 34, 28, 38, 43, 15, 35, 45, 42, 44, 8, 47, 11, 19, 30, 32, 9, 17, 48, 33, 27, 3, 37, 31, 12, 23]);
% time elapsed: 1.14 s
----------
%%%mzn-stat: initTime=0.005635391
%%%mzn-stat: objective=888
%%%mzn-stat: nodes=854
%%%mzn-stat: restarts=0
%%%mzn-stat: peakDepth=296
%%%mzn-stat: solveTime=0.005220437
%%%mzn-stat: variables=802
%%%mzn-stat: propagators=483
%%%mzn-stat: failures=1
%%%mzn-stat: propagations=3148
%%%mzn-stat: nogoods=1
%%%mzn-stat: numAtomicConstraintsPropagated=0
%%%mzn-stat: circuitNumber1PropagationsTotal=111
%%%mzn-stat: circuitNumber1CircuitConflicts=0
%%%mzn-stat: circuitNumber1AlldiffConflicts=1
%%%mzn-stat: circuitNumber1TotalFixedEdgesAtConflict=49
%%%mzn-stat: circuitNumber1NumberOfConflicts=1
%%%mzn-stat: circuitNumber1GacPrunings=426
%%%mzn-stat: circuitNumber1PropagationsThatGacPruned=55
%%%mzn-stat: circuitNumber1TotalPruningHallSetSize=2624
%%%mzn-stat: circuitNumber1NumberOfPruningExplanations=426
%%%mzn-stat: circuitNumber1MaxPruningHallSetSize=47
%%%mzn-stat: circuitNumber1TotalSccSizeAtPruning=781
%%%mzn-stat: circuitNumber1NumberOfSccPruningCalls=55
%%%mzn-stat: circuitNumber1TotalVarsInvolvedInPruning=345
%%%mzn-stat: circuitNumber1MaxValuesPrunedFromSingleVar=9
%%%mzn-stat: circuitNumber1HallCircuitChecks=184
%%%mzn-stat: circuitNumber1HallCircuitPrunings=0
%%%mzn-stat: circuitNumber1CircuitPreventPrunings=20
%%%mzn-stat: AverageConflictSize=2
%%%mzn-stat: NumUnitNogoodsLearned=0
%%%mzn-stat: AverageLearnedNogoodLength=25
%%%mzn-stat: AverageBacktrackAmount=0
%%%mzn-stat: AverageLbd=15
%%%mzn-stat: 2AutonomousSearchNumBackupCalled=809
%%%mzn-stat: 2AutonomousSearchNumPredicatesRemoved=0
%%%mzn-stat: 2AutonomousSearchNumCalls=812
%%%mzn-stat: 2AutonomousSearchNumPredicatesAdded=95
%%%mzn-stat: 2AutonomousSearchAverageSizeOfHeap=0.11699507389162561
%%%mzn-stat: 2AutonomousSearchNumAssignedPredicatesEncountered=95
%%%mzn-stat-end
maxleg = 888;
succ = array1d(1..50,[5, 1, 23, 2, 36, 7, 13, 10, 4, 25, 12, 18, 24, 6, 40, 50, 14, 26, 46, 49, 39, 11, 41, 29, 16, 34, 28, 38, 43, 15, 35, 45, 42, 44, 8, 47, 21, 19, 30, 32, 20, 17, 48, 33, 27, 3, 37, 31, 22, 9]);
% time elapsed: 1.14 s
----------
%%%mzn-stat: initTime=0.005635391
%%%mzn-stat: objective=858
%%%mzn-stat: nodes=1135
%%%mzn-stat: restarts=0
%%%mzn-stat: peakDepth=296
%%%mzn-stat: solveTime=0.006672926
%%%mzn-stat: variables=802
%%%mzn-stat: propagators=483
%%%mzn-stat: failures=1
%%%mzn-stat: propagations=3940
%%%mzn-stat: nogoods=1
%%%mzn-stat: numAtomicConstraintsPropagated=0
%%%mzn-stat: circuitNumber1PropagationsTotal=144
%%%mzn-stat: circuitNumber1CircuitConflicts=0
%%%mzn-stat: circuitNumber1AlldiffConflicts=1
%%%mzn-stat: circuitNumber1TotalFixedEdgesAtConflict=49
%%%mzn-stat: circuitNumber1NumberOfConflicts=1
%%%mzn-stat: circuitNumber1GacPrunings=561
%%%mzn-stat: circuitNumber1PropagationsThatGacPruned=72
%%%mzn-stat: circuitNumber1TotalPruningHallSetSize=3801
%%%mzn-stat: circuitNumber1NumberOfPruningExplanations=561
%%%mzn-stat: circuitNumber1MaxPruningHallSetSize=47
%%%mzn-stat: circuitNumber1TotalSccSizeAtPruning=1137
%%%mzn-stat: circuitNumber1NumberOfSccPruningCalls=72
%%%mzn-stat: circuitNumber1TotalVarsInvolvedInPruning=448
%%%mzn-stat: circuitNumber1MaxValuesPrunedFromSingleVar=9
%%%mzn-stat: circuitNumber1HallCircuitChecks=224
%%%mzn-stat: circuitNumber1HallCircuitPrunings=0
%%%mzn-stat: circuitNumber1CircuitPreventPrunings=26
%%%mzn-stat: AverageConflictSize=2
%%%mzn-stat: NumUnitNogoodsLearned=0
%%%mzn-stat: AverageLearnedNogoodLength=25
%%%mzn-stat: AverageBacktrackAmount=0
%%%mzn-stat: AverageLbd=15
%%%mzn-stat: 2AutonomousSearchNumBackupCalled=1076
%%%mzn-stat: 2AutonomousSearchNumPredicatesRemoved=0
%%%mzn-stat: 2AutonomousSearchNumCalls=1080
%%%mzn-stat: 2AutonomousSearchNumPredicatesAdded=95
%%%mzn-stat: 2AutonomousSearchAverageSizeOfHeap=0.17592592592592593
%%%mzn-stat: 2AutonomousSearchNumAssignedPredicatesEncountered=190
%%%mzn-stat-end
maxleg = 858;
succ = array1d(1..50,[5, 1, 23, 13, 36, 7, 2, 10, 4, 25, 12, 18, 24, 6, 40, 50, 14, 26, 46, 49, 29, 11, 41, 27, 16, 34, 28, 38, 43, 15, 39, 45, 42, 44, 8, 47, 21, 19, 30, 32, 20, 17, 48, 33, 35, 3, 37, 31, 22, 9]);
% time elapsed: 1.14 s
----------
%%%mzn-stat: initTime=0.005635391
%%%mzn-stat: objective=830
%%%mzn-stat: nodes=1417
%%%mzn-stat: restarts=0
%%%mzn-stat: peakDepth=296
%%%mzn-stat: solveTime=0.008278943
%%%mzn-stat: variables=802
%%%mzn-stat: propagators=483
%%%mzn-stat: failures=1
%%%mzn-stat: propagations=4733
%%%mzn-stat: nogoods=1
%%%mzn-stat: numAtomicConstraintsPropagated=0
%%%mzn-stat: circuitNumber1PropagationsTotal=177
%%%mzn-stat: circuitNumber1CircuitConflicts=0
%%%mzn-stat: circuitNumber1AlldiffConflicts=1
%%%mzn-stat: circuitNumber1TotalFixedEdgesAtConflict=49
%%%mzn-stat: circuitNumber1NumberOfConflicts=1
%%%mzn-stat: circuitNumber1GacPrunings=696
%%%mzn-stat: circuitNumber1PropagationsThatGacPruned=89
%%%mzn-stat: circuitNumber1TotalPruningHallSetSize=5038
%%%mzn-stat: circuitNumber1NumberOfPruningExplanations=696
%%%mzn-stat: circuitNumber1MaxPruningHallSetSize=47
%%%mzn-stat: circuitNumber1TotalSccSizeAtPruning=1464
%%%mzn-stat: circuitNumber1NumberOfSccPruningCalls=89
%%%mzn-stat: circuitNumber1TotalVarsInvolvedInPruning=547
%%%mzn-stat: circuitNumber1MaxValuesPrunedFromSingleVar=9
%%%mzn-stat: circuitNumber1HallCircuitChecks=268
%%%mzn-stat: circuitNumber1HallCircuitPrunings=0
%%%mzn-stat: circuitNumber1CircuitPreventPrunings=32
%%%mzn-stat: AverageConflictSize=2
%%%mzn-stat: NumUnitNogoodsLearned=0
%%%mzn-stat: AverageLearnedNogoodLength=25
%%%mzn-stat: AverageBacktrackAmount=0
%%%mzn-stat: AverageLbd=15
%%%mzn-stat: 2AutonomousSearchNumBackupCalled=1344
%%%mzn-stat: 2AutonomousSearchNumPredicatesRemoved=0
%%%mzn-stat: 2AutonomousSearchNumCalls=1349
%%%mzn-stat: 2AutonomousSearchNumPredicatesAdded=95
%%%mzn-stat: 2AutonomousSearchAverageSizeOfHeap=0.2112676056338028
%%%mzn-stat: 2AutonomousSearchNumAssignedPredicatesEncountered=285
%%%mzn-stat-end
maxleg = 830;
succ = array1d(1..50,[5, 1, 23, 13, 36, 7, 2, 10, 4, 25, 12, 18, 24, 6, 40, 50, 14, 44, 46, 49, 29, 11, 41, 27, 16, 34, 28, 38, 43, 47, 39, 45, 26, 15, 8, 3, 21, 19, 30, 32, 37, 17, 20, 33, 35, 48, 42, 31, 22, 9]);
% time elapsed: 1.14 s
----------
%%%mzn-stat: initTime=0.005635391
%%%mzn-stat: objective=791
%%%mzn-stat: nodes=1672
%%%mzn-stat: restarts=0
%%%mzn-stat: peakDepth=296
%%%mzn-stat: solveTime=0.009832675
%%%mzn-stat: variables=802
%%%mzn-stat: propagators=483
%%%mzn-stat: failures=1
%%%mzn-stat: propagations=5531
%%%mzn-stat: nogoods=1
%%%mzn-stat: numAtomicConstraintsPropagated=0
%%%mzn-stat: circuitNumber1PropagationsTotal=210
%%%mzn-stat: circuitNumber1CircuitConflicts=0
%%%mzn-stat: circuitNumber1AlldiffConflicts=1
%%%mzn-stat: circuitNumber1TotalFixedEdgesAtConflict=49
%%%mzn-stat: circuitNumber1NumberOfConflicts=1
%%%mzn-stat: circuitNumber1GacPrunings=821
%%%mzn-stat: circuitNumber1PropagationsThatGacPruned=106
%%%mzn-stat: circuitNumber1TotalPruningHallSetSize=6372
%%%mzn-stat: circuitNumber1NumberOfPruningExplanations=821
%%%mzn-stat: circuitNumber1MaxPruningHallSetSize=47
%%%mzn-stat: circuitNumber1TotalSccSizeAtPruning=1793
%%%mzn-stat: circuitNumber1NumberOfSccPruningCalls=106
%%%mzn-stat: circuitNumber1TotalVarsInvolvedInPruning=637
%%%mzn-stat: circuitNumber1MaxValuesPrunedFromSingleVar=9
%%%mzn-stat: circuitNumber1HallCircuitChecks=308
%%%mzn-stat: circuitNumber1HallCircuitPrunings=0
%%%mzn-stat: circuitNumber1CircuitPreventPrunings=37
%%%mzn-stat: AverageConflictSize=2
%%%mzn-stat: NumUnitNogoodsLearned=0
%%%mzn-stat: AverageLearnedNogoodLength=25
%%%mzn-stat: AverageBacktrackAmount=0
%%%mzn-stat: AverageLbd=15
%%%mzn-stat: 2AutonomousSearchNumBackupCalled=1585
%%%mzn-stat: 2AutonomousSearchNumPredicatesRemoved=0
%%%mzn-stat: 2AutonomousSearchNumCalls=1591
%%%mzn-stat: 2AutonomousSearchNumPredicatesAdded=95
%%%mzn-stat: 2AutonomousSearchAverageSizeOfHeap=0.23884349465744814
%%%mzn-stat: 2AutonomousSearchNumAssignedPredicatesEncountered=380
%%%mzn-stat-end
maxleg = 791;
succ = array1d(1..50,[5, 1, 23, 13, 36, 7, 2, 10, 4, 43, 12, 18, 24, 6, 40, 50, 14, 16, 46, 34, 19, 11, 41, 29, 35, 25, 28, 38, 3, 15, 39, 45, 42, 44, 8, 47, 21, 49, 30, 32, 26, 17, 20, 33, 27, 48, 37, 31, 22, 9]);
% time elapsed: 1.14 s
----------
==========
% time elapsed: 1.14 s
%%%mzn-stat: initTime=0.005635391
%%%mzn-stat: objective=791
%%%mzn-stat: nodes=1672
%%%mzn-stat: restarts=0
%%%mzn-stat: peakDepth=296
%%%mzn-stat: solveTime=0.009835
%%%mzn-stat: variables=802
%%%mzn-stat: propagators=483
%%%mzn-stat: failures=1
%%%mzn-stat: propagations=5531
%%%mzn-stat: nogoods=1
%%%mzn-stat: numAtomicConstraintsPropagated=0
%%%mzn-stat: circuitNumber1PropagationsTotal=210
%%%mzn-stat: circuitNumber1CircuitConflicts=0
%%%mzn-stat: circuitNumber1AlldiffConflicts=1
%%%mzn-stat: circuitNumber1TotalFixedEdgesAtConflict=49
%%%mzn-stat: circuitNumber1NumberOfConflicts=1
%%%mzn-stat: circuitNumber1GacPrunings=821
%%%mzn-stat: circuitNumber1PropagationsThatGacPruned=106
%%%mzn-stat: circuitNumber1TotalPruningHallSetSize=6372
%%%mzn-stat: circuitNumber1NumberOfPruningExplanations=821
%%%mzn-stat: circuitNumber1MaxPruningHallSetSize=47
%%%mzn-stat: circuitNumber1TotalSccSizeAtPruning=1793
%%%mzn-stat: circuitNumber1NumberOfSccPruningCalls=106
%%%mzn-stat: circuitNumber1TotalVarsInvolvedInPruning=637
%%%mzn-stat: circuitNumber1MaxValuesPrunedFromSingleVar=9
%%%mzn-stat: circuitNumber1HallCircuitChecks=308
%%%mzn-stat: circuitNumber1HallCircuitPrunings=0
%%%mzn-stat: circuitNumber1CircuitPreventPrunings=37
%%%mzn-stat: AverageConflictSize=2
%%%mzn-stat: NumUnitNogoodsLearned=0
%%%mzn-stat: AverageLearnedNogoodLength=25
%%%mzn-stat: AverageBacktrackAmount=0
%%%mzn-stat: AverageLbd=15
%%%mzn-stat: 2AutonomousSearchNumBackupCalled=1585
%%%mzn-stat: 2AutonomousSearchNumPredicatesRemoved=0
%%%mzn-stat: 2AutonomousSearchNumCalls=1591
%%%mzn-stat: 2AutonomousSearchNumPredicatesAdded=95
%%%mzn-stat: 2AutonomousSearchAverageSizeOfHeap=0.23884349465744814
%%%mzn-stat: 2AutonomousSearchNumAssignedPredicatesEncountered=380
%%%mzn-stat-end
