%%%mzn-stat: initTime=0.040727516
%%%mzn-stat: objective=187
%%%mzn-stat: nodes=579163
%%%mzn-stat: restarts=339
%%%mzn-stat: peakDepth=928
%%%mzn-stat: solveTime=192.246104498
%%%mzn-stat: variables=3136
%%%mzn-stat: propagators=2643
%%%mzn-stat: failures=210332
%%%mzn-stat: propagations=28366464
%%%mzn-stat: nogoods=210332
%%%mzn-stat: AverageConflictSize=58.46187931460738
%%%mzn-stat: NumUnitNogoodsLearned=186
%%%mzn-stat: AverageLearnedNogoodLength=104.96215031474051
%%%mzn-stat: AverageBacktrackAmount=0
%%%mzn-stat: AverageLbd=31.8708565505962
%%%mzn-stat-end
maxleg = 187;
succ = array1d(1..100,[79, 77, 86, 89, 38, 18, 83, 57, 24, 54, 15, 73, 51, 96, 67, 87, 7, 39, 46, 22, 9, 41, 8, 10, 74, 43, 60, 92, 48, 28, 90, 45, 34, 13, 88, 49, 56, 3, 21, 81, 2, 100, 6, 66, 93, 33, 85, 50, 37, 84, 30, 76, 29, 71, 23, 82, 72, 70, 75, 14, 35, 20, 11, 1, 31, 68, 98, 36, 52, 4, 55, 47, 61, 16, 19, 26, 63, 12, 94, 25, 17, 99, 64, 80, 40, 58, 44, 95, 32, 53, 97, 78, 62, 5, 27, 42, 65, 59, 69, 91]);
% time elapsed: 193.74 s
----------
==========
% time elapsed: 193.75 s
%%%mzn-stat: initTime=0.040727516
%%%mzn-stat: objective=187
%%%mzn-stat: nodes=579163
%%%mzn-stat: restarts=339
%%%mzn-stat: peakDepth=928
%%%mzn-stat: solveTime=192.246108734
%%%mzn-stat: variables=3136
%%%mzn-stat: propagators=2643
%%%mzn-stat: failures=210332
%%%mzn-stat: propagations=28366464
%%%mzn-stat: nogoods=210332
%%%mzn-stat: AverageConflictSize=58.46187931460738
%%%mzn-stat: NumUnitNogoodsLearned=186
%%%mzn-stat: AverageLearnedNogoodLength=104.96215031474051
%%%mzn-stat: AverageBacktrackAmount=0
%%%mzn-stat: AverageLbd=31.8708565505962
%%%mzn-stat-end
