% Logging successfully configured
%%%mzn-stat: initTime=0.032147376
%%%mzn-stat: objective=437
%%%mzn-stat: nodes=41162
%%%mzn-stat: restarts=0
%%%mzn-stat: peakDepth=2276
%%%mzn-stat: solveTime=3.224273816
%%%mzn-stat: variables=3249
%%%mzn-stat: propagators=2734
%%%mzn-stat: failures=2405
%%%mzn-stat: propagations=267057
%%%mzn-stat: nogoods=2405
%%%mzn-stat: numAtomicConstraintsPropagated=0
%%%mzn-stat: allDifferentNumber1TotalHallSetSize=38195
%%%mzn-stat: allDifferentNumber1NumberOfConflicts=2203
%%%mzn-stat: allDifferentNumber1MaxHallSetSize=81
%%%mzn-stat: allDifferentNumber1PropagationsTotal=56223
%%%mzn-stat: allDifferentNumber1PropagationsThatFoundConflict=2203
%%%mzn-stat: circuitNumber2PropagationsThatFoundConflict=139
%%%mzn-stat: circuitNumber2TotalFixedEdgesAtConflict=12968
%%%mzn-stat: circuitNumber2NumberOfConflicts=139
%%%mzn-stat: circuitNumber2PropagationsThatPruned=224
%%%mzn-stat: circuitNumber2PropagationsTotal=37955
%%%mzn-stat: AverageConflictSize=21.135966735966736
%%%mzn-stat: NumUnitNogoodsLearned=0
%%%mzn-stat: AverageLearnedNogoodLength=32.87151767151767
%%%mzn-stat: AverageBacktrackAmount=0
%%%mzn-stat: AverageLbd=30.83908523908524
%%%mzn-stat: 2AutonomousSearchNumBackupCalled=2180
%%%mzn-stat: 2AutonomousSearchNumPredicatesRemoved=0
%%%mzn-stat: 2AutonomousSearchNumCalls=2181
%%%mzn-stat: 2AutonomousSearchNumPredicatesAdded=1882
%%%mzn-stat: 2AutonomousSearchAverageSizeOfHeap=0.8629069234296194
%%%mzn-stat: 2AutonomousSearchNumAssignedPredicatesEncountered=1882
%%%mzn-stat-end
maxleg = 437;
succ = array1d(1..100,[2, 3, 7, 1, 4, 12, 10, 15, 11, 9, 14, 21, 22, 18, 19, 5, 16, 23, 20, 29, 27, 8, 24, 25, 26, 30, 28, 33, 32, 38, 6, 36, 34, 13, 17, 37, 42, 48, 40, 31, 39, 59, 35, 41, 54, 44, 43, 62, 47, 49, 50, 51, 55, 57, 64, 52, 65, 46, 63, 56, 60, 68, 45, 58, 67, 61, 69, 53, 72, 78, 73, 74, 76, 82, 66, 83, 79, 71, 95, 81, 75, 87, 84, 93, 77, 85, 89, 90, 91, 92, 96, 98, 80, 97, 100, 99, 88, 86, 94, 70]);
% time elapsed: 4.32 s
----------
%%%mzn-stat: initTime=0.032147376
%%%mzn-stat: objective=418
%%%mzn-stat: nodes=50387
%%%mzn-stat: restarts=0
%%%mzn-stat: peakDepth=2276
%%%mzn-stat: solveTime=3.886068435
%%%mzn-stat: variables=3249
%%%mzn-stat: propagators=2734
%%%mzn-stat: failures=2993
%%%mzn-stat: propagations=326665
%%%mzn-stat: nogoods=2993
%%%mzn-stat: numAtomicConstraintsPropagated=0
%%%mzn-stat: allDifferentNumber1TotalHallSetSize=42707
%%%mzn-stat: allDifferentNumber1NumberOfConflicts=2701
%%%mzn-stat: allDifferentNumber1MaxHallSetSize=81
%%%mzn-stat: allDifferentNumber1PropagationsTotal=67647
%%%mzn-stat: allDifferentNumber1PropagationsThatFoundConflict=2701
%%%mzn-stat: circuitNumber2PropagationsThatFoundConflict=208
%%%mzn-stat: circuitNumber2TotalFixedEdgesAtConflict=19265
%%%mzn-stat: circuitNumber2NumberOfConflicts=208
%%%mzn-stat: circuitNumber2PropagationsThatPruned=265
%%%mzn-stat: circuitNumber2PropagationsTotal=44997
%%%mzn-stat: AverageConflictSize=20.398596725693285
%%%mzn-stat: NumUnitNogoodsLearned=0
%%%mzn-stat: AverageLearnedNogoodLength=33.751754092883395
%%%mzn-stat: AverageBacktrackAmount=0
%%%mzn-stat: AverageLbd=31.22786501837621
%%%mzn-stat: 2AutonomousSearchNumBackupCalled=4282
%%%mzn-stat: 2AutonomousSearchNumPredicatesRemoved=0
%%%mzn-stat: 2AutonomousSearchNumCalls=4284
%%%mzn-stat: 2AutonomousSearchNumPredicatesAdded=2876
%%%mzn-stat: 2AutonomousSearchAverageSizeOfHeap=0.9213352007469654
%%%mzn-stat: 2AutonomousSearchNumAssignedPredicatesEncountered=3947
%%%mzn-stat-end
maxleg = 418;
succ = array1d(1..100,[2, 3, 7, 1, 4, 12, 10, 15, 14, 9, 23, 21, 22, 11, 19, 5, 16, 17, 20, 29, 27, 8, 24, 25, 26, 30, 28, 33, 32, 38, 6, 36, 34, 13, 43, 37, 42, 48, 40, 31, 39, 18, 47, 41, 54, 44, 49, 59, 50, 51, 52, 56, 55, 57, 64, 60, 65, 46, 63, 61, 70, 68, 45, 58, 67, 35, 69, 53, 72, 62, 73, 74, 76, 82, 66, 83, 79, 71, 100, 81, 75, 87, 84, 93, 86, 92, 89, 80, 91, 88, 96, 98, 95, 97, 77, 99, 78, 90, 94, 85]);
% time elapsed: 4.96 s
----------
%%%mzn-stat: initTime=0.032147376
%%%mzn-stat: objective=410
%%%mzn-stat: nodes=53239
%%%mzn-stat: restarts=0
%%%mzn-stat: peakDepth=2276
%%%mzn-stat: solveTime=3.963604824
%%%mzn-stat: variables=3249
%%%mzn-stat: propagators=2734
%%%mzn-stat: failures=3110
%%%mzn-stat: propagations=337259
%%%mzn-stat: nogoods=3110
%%%mzn-stat: numAtomicConstraintsPropagated=0
%%%mzn-stat: allDifferentNumber1TotalHallSetSize=43450
%%%mzn-stat: allDifferentNumber1NumberOfConflicts=2796
%%%mzn-stat: allDifferentNumber1MaxHallSetSize=81
%%%mzn-stat: allDifferentNumber1PropagationsTotal=68869
%%%mzn-stat: allDifferentNumber1PropagationsThatFoundConflict=2796
%%%mzn-stat: circuitNumber2PropagationsThatFoundConflict=224
%%%mzn-stat: circuitNumber2TotalFixedEdgesAtConflict=20679
%%%mzn-stat: circuitNumber2NumberOfConflicts=224
%%%mzn-stat: circuitNumber2PropagationsThatPruned=276
%%%mzn-stat: circuitNumber2PropagationsTotal=45737
%%%mzn-stat: AverageConflictSize=20.14630225080386
%%%mzn-stat: NumUnitNogoodsLearned=0
%%%mzn-stat: AverageLearnedNogoodLength=34.1652733118971
%%%mzn-stat: AverageBacktrackAmount=0
%%%mzn-stat: AverageLbd=31.338585209003217
%%%mzn-stat: 2AutonomousSearchNumBackupCalled=6397
%%%mzn-stat: 2AutonomousSearchNumPredicatesRemoved=0
%%%mzn-stat: 2AutonomousSearchNumCalls=6400
%%%mzn-stat: 2AutonomousSearchNumPredicatesAdded=3499
%%%mzn-stat: 2AutonomousSearchAverageSizeOfHeap=0.94515625
%%%mzn-stat: 2AutonomousSearchNumAssignedPredicatesEncountered=6049
%%%mzn-stat-end
maxleg = 410;
succ = array1d(1..100,[2, 3, 7, 1, 4, 12, 10, 15, 14, 9, 23, 21, 22, 11, 19, 5, 16, 17, 20, 29, 27, 8, 24, 25, 26, 30, 28, 33, 32, 38, 6, 36, 34, 13, 43, 37, 42, 48, 40, 31, 39, 18, 47, 41, 54, 44, 49, 59, 51, 35, 52, 56, 55, 57, 64, 60, 65, 46, 63, 61, 70, 68, 45, 58, 67, 50, 69, 53, 72, 62, 73, 74, 76, 82, 66, 83, 79, 71, 100, 81, 75, 87, 84, 93, 86, 92, 89, 80, 91, 88, 96, 98, 95, 97, 77, 99, 78, 90, 94, 85]);
% time elapsed: 5.04 s
----------
%%%mzn-stat: initTime=0.032147376
%%%mzn-stat: objective=408
%%%mzn-stat: nodes=55583
%%%mzn-stat: restarts=0
%%%mzn-stat: peakDepth=2276
%%%mzn-stat: solveTime=3.9847353290000003
%%%mzn-stat: variables=3249
%%%mzn-stat: propagators=2734
%%%mzn-stat: failures=3127
%%%mzn-stat: propagations=343053
%%%mzn-stat: nogoods=3127
%%%mzn-stat: numAtomicConstraintsPropagated=0
%%%mzn-stat: allDifferentNumber1TotalHallSetSize=43509
%%%mzn-stat: allDifferentNumber1NumberOfConflicts=2813
%%%mzn-stat: allDifferentNumber1MaxHallSetSize=81
%%%mzn-stat: allDifferentNumber1PropagationsTotal=69237
%%%mzn-stat: allDifferentNumber1PropagationsThatFoundConflict=2813
%%%mzn-stat: circuitNumber2PropagationsThatFoundConflict=224
%%%mzn-stat: circuitNumber2TotalFixedEdgesAtConflict=20679
%%%mzn-stat: circuitNumber2NumberOfConflicts=224
%%%mzn-stat: circuitNumber2PropagationsThatPruned=288
%%%mzn-stat: circuitNumber2PropagationsTotal=45987
%%%mzn-stat: AverageConflictSize=20.06108090821874
%%%mzn-stat: NumUnitNogoodsLearned=0
%%%mzn-stat: AverageLearnedNogoodLength=34.028781579788934
%%%mzn-stat: AverageBacktrackAmount=0
%%%mzn-stat: AverageLbd=31.216181643748
%%%mzn-stat: 2AutonomousSearchNumBackupCalled=8491
%%%mzn-stat: 2AutonomousSearchNumPredicatesRemoved=0
%%%mzn-stat: 2AutonomousSearchNumCalls=8495
%%%mzn-stat: 2AutonomousSearchNumPredicatesAdded=3657
%%%mzn-stat: 2AutonomousSearchAverageSizeOfHeap=0.9612713360800471
%%%mzn-stat: 2AutonomousSearchNumAssignedPredicatesEncountered=8166
%%%mzn-stat-end
maxleg = 408;
succ = array1d(1..100,[2, 3, 7, 1, 4, 12, 10, 15, 14, 9, 23, 21, 22, 11, 19, 5, 16, 17, 20, 29, 27, 8, 24, 25, 26, 30, 28, 33, 32, 38, 6, 36, 34, 13, 43, 37, 42, 48, 40, 31, 39, 18, 47, 41, 54, 44, 49, 59, 51, 35, 52, 56, 55, 57, 64, 60, 65, 46, 63, 61, 77, 68, 45, 58, 67, 50, 69, 53, 72, 62, 73, 74, 76, 82, 66, 83, 79, 70, 95, 81, 75, 87, 78, 71, 80, 85, 89, 90, 91, 98, 96, 86, 84, 97, 100, 99, 88, 92, 94, 93]);
% time elapsed: 5.07 s
----------
%%%mzn-stat: initTime=0.032147376
%%%mzn-stat: objective=380
%%%mzn-stat: nodes=59072
%%%mzn-stat: restarts=0
%%%mzn-stat: peakDepth=2276
%%%mzn-stat: solveTime=4.261276801
%%%mzn-stat: variables=3249
%%%mzn-stat: propagators=2734
%%%mzn-stat: failures=3832
%%%mzn-stat: propagations=366990
%%%mzn-stat: nogoods=3832
%%%mzn-stat: numAtomicConstraintsPropagated=0
%%%mzn-stat: allDifferentNumber1TotalHallSetSize=46330
%%%mzn-stat: allDifferentNumber1NumberOfConflicts=3362
%%%mzn-stat: allDifferentNumber1MaxHallSetSize=81
%%%mzn-stat: allDifferentNumber1PropagationsTotal=72105
%%%mzn-stat: allDifferentNumber1PropagationsThatFoundConflict=3362
%%%mzn-stat: circuitNumber2PropagationsThatFoundConflict=294
%%%mzn-stat: circuitNumber2TotalFixedEdgesAtConflict=27274
%%%mzn-stat: circuitNumber2NumberOfConflicts=294
%%%mzn-stat: circuitNumber2PropagationsThatPruned=595
%%%mzn-stat: circuitNumber2PropagationsTotal=47561
%%%mzn-stat: AverageConflictSize=18.372912317327767
%%%mzn-stat: NumUnitNogoodsLearned=0
%%%mzn-stat: AverageLearnedNogoodLength=34.72886221294363
%%%mzn-stat: AverageBacktrackAmount=0
%%%mzn-stat: AverageLbd=31.349164926931106
%%%mzn-stat: 2AutonomousSearchNumBackupCalled=10559
%%%mzn-stat: 2AutonomousSearchNumPredicatesRemoved=0
%%%mzn-stat: 2AutonomousSearchNumCalls=10564
%%%mzn-stat: 2AutonomousSearchNumPredicatesAdded=4526
%%%mzn-stat: 2AutonomousSearchAverageSizeOfHeap=0.9892086330935251
%%%mzn-stat: 2AutonomousSearchNumAssignedPredicatesEncountered=10450
%%%mzn-stat-end
maxleg = 380;
succ = array1d(1..100,[2, 3, 7, 1, 4, 12, 10, 15, 14, 9, 23, 21, 22, 11, 19, 5, 16, 17, 20, 29, 27, 8, 24, 25, 26, 30, 28, 33, 32, 38, 6, 36, 34, 13, 43, 37, 42, 48, 40, 31, 39, 18, 47, 41, 54, 44, 49, 59, 52, 35, 50, 56, 55, 57, 64, 60, 65, 46, 63, 61, 77, 68, 45, 58, 67, 75, 69, 53, 72, 62, 73, 74, 76, 82, 81, 83, 66, 70, 51, 93, 80, 87, 78, 71, 100, 85, 89, 90, 91, 98, 96, 86, 84, 97, 79, 99, 88, 92, 94, 95]);
% time elapsed: 5.35 s
----------
%%%mzn-stat: initTime=0.032147376
%%%mzn-stat: objective=361
%%%mzn-stat: nodes=64081
%%%mzn-stat: restarts=0
%%%mzn-stat: peakDepth=2276
%%%mzn-stat: solveTime=4.569542235
%%%mzn-stat: variables=3249
%%%mzn-stat: propagators=2734
%%%mzn-stat: failures=4097
%%%mzn-stat: propagations=399507
%%%mzn-stat: nogoods=4097
%%%mzn-stat: numAtomicConstraintsPropagated=0
%%%mzn-stat: allDifferentNumber1TotalHallSetSize=46997
%%%mzn-stat: allDifferentNumber1NumberOfConflicts=3577
%%%mzn-stat: allDifferentNumber1MaxHallSetSize=81
%%%mzn-stat: allDifferentNumber1PropagationsTotal=77108
%%%mzn-stat: allDifferentNumber1PropagationsThatFoundConflict=3577
%%%mzn-stat: circuitNumber2PropagationsThatFoundConflict=328
%%%mzn-stat: circuitNumber2TotalFixedEdgesAtConflict=30560
%%%mzn-stat: circuitNumber2NumberOfConflicts=328
%%%mzn-stat: circuitNumber2PropagationsThatPruned=776
%%%mzn-stat: circuitNumber2PropagationsTotal=50676
%%%mzn-stat: AverageConflictSize=18.006590187942397
%%%mzn-stat: NumUnitNogoodsLearned=0
%%%mzn-stat: AverageLearnedNogoodLength=35.524041981938005
%%%mzn-stat: AverageBacktrackAmount=0
%%%mzn-stat: AverageLbd=32.05687088113254
%%%mzn-stat: 2AutonomousSearchNumBackupCalled=12550
%%%mzn-stat: 2AutonomousSearchNumPredicatesRemoved=0
%%%mzn-stat: 2AutonomousSearchNumCalls=12556
%%%mzn-stat: 2AutonomousSearchNumPredicatesAdded=5352
%%%mzn-stat: 2AutonomousSearchAverageSizeOfHeap=1.0148932781140492
%%%mzn-stat: 2AutonomousSearchNumAssignedPredicatesEncountered=12743
%%%mzn-stat-end
maxleg = 361;
succ = array1d(1..100,[2, 3, 7, 1, 4, 12, 10, 15, 14, 9, 24, 21, 22, 11, 19, 5, 16, 17, 20, 29, 27, 8, 18, 25, 26, 30, 28, 33, 32, 38, 6, 36, 34, 13, 43, 37, 23, 42, 40, 31, 39, 48, 47, 41, 54, 44, 49, 59, 52, 35, 50, 56, 55, 57, 64, 60, 65, 46, 63, 61, 77, 68, 45, 58, 67, 75, 69, 53, 72, 62, 73, 74, 76, 82, 81, 83, 66, 70, 51, 93, 80, 87, 78, 71, 100, 85, 89, 90, 91, 98, 96, 86, 84, 97, 79, 99, 88, 92, 94, 95]);
% time elapsed: 5.66 s
----------
%%%mzn-stat: initTime=0.032147376
%%%mzn-stat: objective=360
%%%mzn-stat: nodes=66581
%%%mzn-stat: restarts=0
%%%mzn-stat: peakDepth=2276
%%%mzn-stat: solveTime=4.599707062
%%%mzn-stat: variables=3249
%%%mzn-stat: propagators=2734
%%%mzn-stat: failures=4117
%%%mzn-stat: propagations=407806
%%%mzn-stat: nogoods=4117
%%%mzn-stat: numAtomicConstraintsPropagated=0
%%%mzn-stat: allDifferentNumber1TotalHallSetSize=47037
%%%mzn-stat: allDifferentNumber1NumberOfConflicts=3597
%%%mzn-stat: allDifferentNumber1MaxHallSetSize=81
%%%mzn-stat: allDifferentNumber1PropagationsTotal=77744
%%%mzn-stat: allDifferentNumber1PropagationsThatFoundConflict=3597
%%%mzn-stat: circuitNumber2PropagationsThatFoundConflict=328
%%%mzn-stat: circuitNumber2TotalFixedEdgesAtConflict=30560
%%%mzn-stat: circuitNumber2NumberOfConflicts=328
%%%mzn-stat: circuitNumber2PropagationsThatPruned=791
%%%mzn-stat: circuitNumber2PropagationsTotal=51147
%%%mzn-stat: AverageConflictSize=17.9288316735487
%%%mzn-stat: NumUnitNogoodsLearned=0
%%%mzn-stat: AverageLearnedNogoodLength=35.361185329123145
%%%mzn-stat: AverageBacktrackAmount=0
%%%mzn-stat: AverageLbd=31.910857420451784
%%%mzn-stat: 2AutonomousSearchNumBackupCalled=14574
%%%mzn-stat: 2AutonomousSearchNumPredicatesRemoved=0
%%%mzn-stat: 2AutonomousSearchNumCalls=14581
%%%mzn-stat: 2AutonomousSearchNumPredicatesAdded=5378
%%%mzn-stat: 2AutonomousSearchAverageSizeOfHeap=1.0314793224058707
%%%mzn-stat: 2AutonomousSearchNumAssignedPredicatesEncountered=15040
%%%mzn-stat-end
maxleg = 360;
succ = array1d(1..100,[2, 3, 7, 1, 4, 12, 10, 15, 14, 9, 24, 21, 22, 11, 19, 5, 16, 17, 20, 29, 27, 8, 18, 25, 26, 30, 28, 33, 32, 38, 6, 36, 34, 13, 43, 37, 23, 42, 40, 31, 39, 48, 47, 41, 54, 44, 49, 59, 53, 35, 50, 51, 55, 57, 64, 52, 65, 46, 63, 56, 60, 68, 45, 58, 67, 75, 69, 66, 72, 62, 73, 74, 76, 82, 81, 83, 61, 70, 77, 85, 80, 87, 78, 71, 86, 92, 89, 93, 91, 88, 96, 98, 95, 97, 100, 99, 84, 90, 94, 79]);
% time elapsed: 5.69 s
----------
%%%mzn-stat: initTime=0.032147376
%%%mzn-stat: objective=350
%%%mzn-stat: nodes=68829
%%%mzn-stat: restarts=0
%%%mzn-stat: peakDepth=2276
%%%mzn-stat: solveTime=4.620955609
%%%mzn-stat: variables=3249
%%%mzn-stat: propagators=2734
%%%mzn-stat: failures=4159
%%%mzn-stat: propagations=414923
%%%mzn-stat: nogoods=4159
%%%mzn-stat: numAtomicConstraintsPropagated=0
%%%mzn-stat: allDifferentNumber1TotalHallSetSize=47355
%%%mzn-stat: allDifferentNumber1NumberOfConflicts=3639
%%%mzn-stat: allDifferentNumber1MaxHallSetSize=81
%%%mzn-stat: allDifferentNumber1PropagationsTotal=78165
%%%mzn-stat: allDifferentNumber1PropagationsThatFoundConflict=3639
%%%mzn-stat: circuitNumber2PropagationsThatFoundConflict=328
%%%mzn-stat: circuitNumber2TotalFixedEdgesAtConflict=30560
%%%mzn-stat: circuitNumber2NumberOfConflicts=328
%%%mzn-stat: circuitNumber2PropagationsThatPruned=801
%%%mzn-stat: circuitNumber2PropagationsTotal=51421
%%%mzn-stat: AverageConflictSize=17.88747295022842
%%%mzn-stat: NumUnitNogoodsLearned=0
%%%mzn-stat: AverageLearnedNogoodLength=35.23972108679971
%%%mzn-stat: AverageBacktrackAmount=0
%%%mzn-stat: AverageLbd=31.717961048328924
%%%mzn-stat: 2AutonomousSearchNumBackupCalled=16557
%%%mzn-stat: 2AutonomousSearchNumPredicatesRemoved=0
%%%mzn-stat: 2AutonomousSearchNumCalls=16565
%%%mzn-stat: 2AutonomousSearchNumPredicatesAdded=5644
%%%mzn-stat: 2AutonomousSearchAverageSizeOfHeap=1.048596438273468
%%%mzn-stat: 2AutonomousSearchNumAssignedPredicatesEncountered=17370
%%%mzn-stat-end
maxleg = 350;
succ = array1d(1..100,[2, 3, 7, 1, 4, 12, 10, 15, 14, 9, 24, 21, 22, 11, 19, 5, 16, 17, 20, 29, 27, 8, 18, 25, 26, 30, 28, 33, 32, 38, 6, 36, 34, 13, 43, 37, 23, 42, 40, 31, 39, 48, 47, 41, 54, 44, 49, 59, 53, 35, 50, 51, 55, 57, 64, 52, 65, 46, 63, 56, 60, 68, 45, 58, 67, 75, 69, 70, 72, 78, 73, 74, 76, 82, 81, 83, 61, 71, 77, 62, 85, 87, 84, 93, 80, 66, 89, 90, 91, 98, 96, 86, 95, 97, 100, 99, 88, 92, 94, 79]);
% time elapsed: 5.72 s
----------
%%%mzn-stat: initTime=0.032147376
%%%mzn-stat: objective=339
%%%mzn-stat: nodes=70994
%%%mzn-stat: restarts=0
%%%mzn-stat: peakDepth=2276
%%%mzn-stat: solveTime=4.642584621
%%%mzn-stat: variables=3249
%%%mzn-stat: propagators=2734
%%%mzn-stat: failures=4196
%%%mzn-stat: propagations=421594
%%%mzn-stat: nogoods=4196
%%%mzn-stat: numAtomicConstraintsPropagated=0
%%%mzn-stat: allDifferentNumber1TotalHallSetSize=47594
%%%mzn-stat: allDifferentNumber1NumberOfConflicts=3675
%%%mzn-stat: allDifferentNumber1MaxHallSetSize=81
%%%mzn-stat: allDifferentNumber1PropagationsTotal=78522
%%%mzn-stat: allDifferentNumber1PropagationsThatFoundConflict=3675
%%%mzn-stat: circuitNumber2PropagationsThatFoundConflict=329
%%%mzn-stat: circuitNumber2TotalFixedEdgesAtConflict=30657
%%%mzn-stat: circuitNumber2NumberOfConflicts=329
%%%mzn-stat: circuitNumber2PropagationsThatPruned=813
%%%mzn-stat: circuitNumber2PropagationsTotal=51654
%%%mzn-stat: AverageConflictSize=17.84342230695901
%%%mzn-stat: NumUnitNogoodsLearned=0
%%%mzn-stat: AverageLearnedNogoodLength=35.127740705433744
%%%mzn-stat: AverageBacktrackAmount=0
%%%mzn-stat: AverageLbd=31.53527168732126
%%%mzn-stat: 2AutonomousSearchNumBackupCalled=18494
%%%mzn-stat: 2AutonomousSearchNumPredicatesRemoved=0
%%%mzn-stat: 2AutonomousSearchNumCalls=18503
%%%mzn-stat: 2AutonomousSearchNumPredicatesAdded=5953
%%%mzn-stat: 2AutonomousSearchAverageSizeOfHeap=1.066421661352213
%%%mzn-stat: 2AutonomousSearchNumAssignedPredicatesEncountered=19732
%%%mzn-stat-end
maxleg = 339;
succ = array1d(1..100,[2, 3, 7, 1, 4, 12, 10, 15, 14, 9, 24, 21, 22, 11, 19, 5, 16, 17, 20, 29, 27, 8, 18, 25, 26, 30, 28, 33, 32, 38, 6, 36, 34, 13, 43, 37, 23, 42, 40, 31, 39, 48, 47, 41, 54, 44, 49, 59, 53, 35, 50, 51, 55, 57, 64, 52, 65, 46, 63, 56, 60, 68, 45, 58, 67, 75, 69, 70, 72, 78, 83, 74, 76, 82, 81, 87, 61, 71, 77, 62, 85, 91, 73, 93, 80, 66, 94, 90, 88, 98, 96, 86, 95, 97, 100, 99, 84, 92, 89, 79]);
% time elapsed: 5.75 s
----------
%%%mzn-stat: initTime=0.032147376
%%%mzn-stat: objective=338
%%%mzn-stat: nodes=73710
%%%mzn-stat: restarts=0
%%%mzn-stat: peakDepth=2276
%%%mzn-stat: solveTime=4.696661829
%%%mzn-stat: variables=3249
%%%mzn-stat: propagators=2734
%%%mzn-stat: failures=4215
%%%mzn-stat: propagations=432942
%%%mzn-stat: nogoods=4215
%%%mzn-stat: numAtomicConstraintsPropagated=0
%%%mzn-stat: allDifferentNumber1TotalHallSetSize=47635
%%%mzn-stat: allDifferentNumber1NumberOfConflicts=3694
%%%mzn-stat: allDifferentNumber1MaxHallSetSize=81
%%%mzn-stat: allDifferentNumber1PropagationsTotal=79655
%%%mzn-stat: allDifferentNumber1PropagationsThatFoundConflict=3694
%%%mzn-stat: circuitNumber2PropagationsThatFoundConflict=329
%%%mzn-stat: circuitNumber2TotalFixedEdgesAtConflict=30657
%%%mzn-stat: circuitNumber2NumberOfConflicts=329
%%%mzn-stat: circuitNumber2PropagationsThatPruned=814
%%%mzn-stat: circuitNumber2PropagationsTotal=52449
%%%mzn-stat: AverageConflictSize=17.77485172004745
%%%mzn-stat: NumUnitNogoodsLearned=0
%%%mzn-stat: AverageLearnedNogoodLength=34.981257413997625
%%%mzn-stat: AverageBacktrackAmount=0
%%%mzn-stat: AverageLbd=31.404982206405695
%%%mzn-stat: 2AutonomousSearchNumBackupCalled=20397
%%%mzn-stat: 2AutonomousSearchNumPredicatesRemoved=0
%%%mzn-stat: 2AutonomousSearchNumCalls=20407
%%%mzn-stat: 2AutonomousSearchNumPredicatesAdded=5986
%%%mzn-stat: 2AutonomousSearchAverageSizeOfHeap=1.0827657176459058
%%%mzn-stat: 2AutonomousSearchNumAssignedPredicatesEncountered=22096
%%%mzn-stat-end
maxleg = 338;
succ = array1d(1..100,[2, 3, 7, 1, 4, 12, 10, 15, 14, 9, 24, 21, 22, 11, 19, 5, 16, 17, 20, 29, 27, 8, 18, 25, 26, 30, 28, 33, 32, 42, 6, 36, 34, 13, 43, 37, 23, 48, 40, 31, 39, 38, 47, 41, 54, 44, 49, 59, 53, 35, 50, 51, 55, 57, 64, 52, 65, 46, 63, 56, 60, 68, 45, 58, 67, 75, 69, 70, 72, 78, 83, 74, 76, 82, 81, 87, 61, 71, 77, 62, 85, 91, 73, 93, 80, 66, 94, 90, 88, 98, 96, 86, 95, 97, 100, 99, 84, 92, 89, 79]);
% time elapsed: 5.80 s
----------
%%%mzn-stat: initTime=0.032147376
%%%mzn-stat: objective=331
%%%mzn-stat: nodes=76460
%%%mzn-stat: restarts=0
%%%mzn-stat: peakDepth=2276
%%%mzn-stat: solveTime=4.760620414
%%%mzn-stat: variables=3249
%%%mzn-stat: propagators=2734
%%%mzn-stat: failures=4323
%%%mzn-stat: propagations=447891
%%%mzn-stat: nogoods=4323
%%%mzn-stat: numAtomicConstraintsPropagated=0
%%%mzn-stat: allDifferentNumber1TotalHallSetSize=48476
%%%mzn-stat: allDifferentNumber1NumberOfConflicts=3794
%%%mzn-stat: allDifferentNumber1MaxHallSetSize=81
%%%mzn-stat: allDifferentNumber1PropagationsTotal=80968
%%%mzn-stat: allDifferentNumber1PropagationsThatFoundConflict=3794
%%%mzn-stat: circuitNumber2PropagationsThatFoundConflict=332
%%%mzn-stat: circuitNumber2TotalFixedEdgesAtConflict=30931
%%%mzn-stat: circuitNumber2NumberOfConflicts=332
%%%mzn-stat: circuitNumber2PropagationsThatPruned=836
%%%mzn-stat: circuitNumber2PropagationsTotal=53337
%%%mzn-stat: AverageConflictSize=17.762433495257923
%%%mzn-stat: NumUnitNogoodsLearned=0
%%%mzn-stat: AverageLearnedNogoodLength=34.81054823039556
%%%mzn-stat: AverageBacktrackAmount=0
%%%mzn-stat: AverageLbd=30.987508674531576
%%%mzn-stat: 2AutonomousSearchNumBackupCalled=22270
%%%mzn-stat: 2AutonomousSearchNumPredicatesRemoved=0
%%%mzn-stat: 2AutonomousSearchNumCalls=22281
%%%mzn-stat: 2AutonomousSearchNumPredicatesAdded=6474
%%%mzn-stat: 2AutonomousSearchAverageSizeOfHeap=1.1001750370270633
%%%mzn-stat: 2AutonomousSearchNumAssignedPredicatesEncountered=24513
%%%mzn-stat-end
maxleg = 331;
succ = array1d(1..100,[2, 3, 7, 1, 4, 12, 10, 15, 14, 9, 24, 21, 22, 11, 19, 5, 16, 17, 20, 29, 27, 8, 18, 25, 26, 30, 28, 33, 32, 42, 6, 36, 34, 13, 43, 37, 23, 59, 40, 31, 39, 38, 47, 41, 54, 44, 49, 62, 53, 35, 50, 51, 55, 57, 64, 52, 65, 46, 48, 56, 60, 68, 45, 58, 67, 75, 69, 70, 72, 78, 83, 74, 63, 82, 81, 73, 61, 71, 77, 93, 85, 87, 84, 97, 80, 66, 89, 90, 88, 98, 76, 86, 95, 96, 100, 99, 94, 92, 91, 79]);
% time elapsed: 5.87 s
----------
%%%mzn-stat: initTime=0.032147376
%%%mzn-stat: objective=328
%%%mzn-stat: nodes=82222
%%%mzn-stat: restarts=0
%%%mzn-stat: peakDepth=2276
%%%mzn-stat: solveTime=5.068243814
%%%mzn-stat: variables=3249
%%%mzn-stat: propagators=2734
%%%mzn-stat: failures=4661
%%%mzn-stat: propagations=492669
%%%mzn-stat: nogoods=4661
%%%mzn-stat: numAtomicConstraintsPropagated=0
%%%mzn-stat: allDifferentNumber1TotalHallSetSize=51581
%%%mzn-stat: allDifferentNumber1NumberOfConflicts=4113
%%%mzn-stat: allDifferentNumber1MaxHallSetSize=81
%%%mzn-stat: allDifferentNumber1PropagationsTotal=86615
%%%mzn-stat: allDifferentNumber1PropagationsThatFoundConflict=4113
%%%mzn-stat: circuitNumber2PropagationsThatFoundConflict=335
%%%mzn-stat: circuitNumber2TotalFixedEdgesAtConflict=31204
%%%mzn-stat: circuitNumber2NumberOfConflicts=335
%%%mzn-stat: circuitNumber2PropagationsThatPruned=923
%%%mzn-stat: circuitNumber2PropagationsTotal=57148
%%%mzn-stat: AverageConflictSize=18.413001501823643
%%%mzn-stat: NumUnitNogoodsLearned=0
%%%mzn-stat: AverageLearnedNogoodLength=35.09761853679468
%%%mzn-stat: AverageBacktrackAmount=0
%%%mzn-stat: AverageLbd=30.56490023600086
%%%mzn-stat: 2AutonomousSearchNumBackupCalled=24192
%%%mzn-stat: 2AutonomousSearchNumPredicatesRemoved=0
%%%mzn-stat: 2AutonomousSearchNumCalls=24204
%%%mzn-stat: 2AutonomousSearchNumPredicatesAdded=7728
%%%mzn-stat: 2AutonomousSearchAverageSizeOfHeap=1.1261361758387043
%%%mzn-stat: 2AutonomousSearchNumAssignedPredicatesEncountered=27257
%%%mzn-stat-end
maxleg = 328;
succ = array1d(1..100,[2, 3, 7, 1, 4, 12, 10, 15, 14, 9, 24, 21, 22, 11, 19, 5, 18, 23, 20, 29, 27, 8, 25, 26, 30, 49, 28, 33, 32, 42, 6, 36, 34, 13, 16, 37, 45, 59, 40, 31, 39, 38, 35, 41, 54, 44, 43, 62, 17, 47, 50, 51, 55, 57, 64, 52, 65, 46, 48, 56, 60, 68, 73, 58, 67, 75, 69, 53, 72, 78, 83, 74, 76, 82, 81, 87, 79, 71, 61, 85, 80, 91, 84, 93, 100, 66, 89, 90, 88, 98, 96, 86, 95, 97, 77, 99, 63, 92, 94, 70]);
% time elapsed: 6.18 s
----------
%%%mzn-stat: initTime=0.032147376
%%%mzn-stat: objective=326
%%%mzn-stat: nodes=88096
%%%mzn-stat: restarts=0
%%%mzn-stat: peakDepth=2276
%%%mzn-stat: solveTime=5.484135565
%%%mzn-stat: variables=3249
%%%mzn-stat: propagators=2734
%%%mzn-stat: failures=5119
%%%mzn-stat: propagations=542468
%%%mzn-stat: nogoods=5119
%%%mzn-stat: numAtomicConstraintsPropagated=0
%%%mzn-stat: allDifferentNumber1TotalHallSetSize=57977
%%%mzn-stat: allDifferentNumber1NumberOfConflicts=4542
%%%mzn-stat: allDifferentNumber1MaxHallSetSize=81
%%%mzn-stat: allDifferentNumber1PropagationsTotal=93244
%%%mzn-stat: allDifferentNumber1PropagationsThatFoundConflict=4542
%%%mzn-stat: circuitNumber2PropagationsThatFoundConflict=342
%%%mzn-stat: circuitNumber2TotalFixedEdgesAtConflict=31859
%%%mzn-stat: circuitNumber2NumberOfConflicts=342
%%%mzn-stat: circuitNumber2PropagationsThatPruned=1078
%%%mzn-stat: circuitNumber2PropagationsTotal=61224
%%%mzn-stat: AverageConflictSize=21.653057237741745
%%%mzn-stat: NumUnitNogoodsLearned=0
%%%mzn-stat: AverageLearnedNogoodLength=38.04629810509865
%%%mzn-stat: AverageBacktrackAmount=0
%%%mzn-stat: AverageLbd=31.40261769876929
%%%mzn-stat: 2AutonomousSearchNumBackupCalled=26110
%%%mzn-stat: 2AutonomousSearchNumPredicatesRemoved=0
%%%mzn-stat: 2AutonomousSearchNumCalls=26123
%%%mzn-stat: 2AutonomousSearchNumPredicatesAdded=9079
%%%mzn-stat: 2AutonomousSearchAverageSizeOfHeap=1.1612755043448302
%%%mzn-stat: 2AutonomousSearchNumAssignedPredicatesEncountered=30336
%%%mzn-stat-end
maxleg = 326;
succ = array1d(1..100,[2, 3, 7, 1, 4, 12, 10, 15, 14, 9, 24, 21, 22, 11, 19, 5, 18, 23, 20, 29, 27, 32, 25, 26, 30, 49, 28, 33, 13, 42, 6, 36, 34, 40, 16, 37, 45, 59, 41, 39, 44, 38, 35, 46, 54, 58, 43, 62, 17, 47, 50, 51, 55, 57, 64, 52, 65, 67, 48, 56, 60, 68, 73, 31, 72, 75, 69, 53, 86, 78, 83, 74, 76, 82, 92, 87, 79, 71, 61, 81, 85, 91, 84, 97, 100, 66, 8, 93, 88, 80, 89, 98, 95, 96, 77, 99, 94, 90, 63, 70]);
% time elapsed: 6.60 s
----------
%%%mzn-stat: initTime=0.032147376
%%%mzn-stat: objective=317
%%%mzn-stat: nodes=90357
%%%mzn-stat: restarts=0
%%%mzn-stat: peakDepth=2276
%%%mzn-stat: solveTime=5.709082845
%%%mzn-stat: variables=3249
%%%mzn-stat: propagators=2734
%%%mzn-stat: failures=5389
%%%mzn-stat: propagations=554588
%%%mzn-stat: nogoods=5389
%%%mzn-stat: numAtomicConstraintsPropagated=0
%%%mzn-stat: allDifferentNumber1TotalHallSetSize=60194
%%%mzn-stat: allDifferentNumber1NumberOfConflicts=4777
%%%mzn-stat: allDifferentNumber1MaxHallSetSize=81
%%%mzn-stat: allDifferentNumber1PropagationsTotal=94294
%%%mzn-stat: allDifferentNumber1PropagationsThatFoundConflict=4777
%%%mzn-stat: circuitNumber2PropagationsThatFoundConflict=373
%%%mzn-stat: circuitNumber2TotalFixedEdgesAtConflict=34800
%%%mzn-stat: circuitNumber2NumberOfConflicts=373
%%%mzn-stat: circuitNumber2PropagationsThatPruned=1158
%%%mzn-stat: circuitNumber2PropagationsTotal=61707
%%%mzn-stat: AverageConflictSize=22.87789942475413
%%%mzn-stat: NumUnitNogoodsLearned=0
%%%mzn-stat: AverageLearnedNogoodLength=41.470588235294116
%%%mzn-stat: AverageBacktrackAmount=0
%%%mzn-stat: AverageLbd=33.53238077565411
%%%mzn-stat: 2AutonomousSearchNumBackupCalled=27928
%%%mzn-stat: 2AutonomousSearchNumPredicatesRemoved=0
%%%mzn-stat: 2AutonomousSearchNumCalls=27942
%%%mzn-stat: 2AutonomousSearchNumPredicatesAdded=10542
%%%mzn-stat: 2AutonomousSearchAverageSizeOfHeap=1.2034213728437477
%%%mzn-stat: 2AutonomousSearchNumAssignedPredicatesEncountered=33626
%%%mzn-stat-end
maxleg = 317;
succ = array1d(1..100,[2, 3, 7, 1, 4, 12, 10, 15, 14, 9, 24, 21, 22, 11, 19, 5, 18, 23, 20, 29, 27, 32, 25, 26, 30, 49, 28, 33, 13, 42, 6, 36, 34, 40, 16, 37, 45, 59, 41, 39, 44, 38, 35, 46, 54, 58, 43, 62, 17, 47, 50, 51, 55, 57, 64, 52, 65, 67, 48, 56, 60, 68, 73, 31, 72, 75, 69, 53, 86, 78, 83, 74, 76, 82, 92, 87, 79, 84, 61, 81, 85, 91, 97, 71, 100, 66, 8, 93, 88, 80, 89, 98, 95, 96, 77, 99, 94, 90, 63, 70]);
% time elapsed: 6.83 s
----------
%%%mzn-stat: initTime=0.032147376
%%%mzn-stat: objective=316
%%%mzn-stat: nodes=93712
%%%mzn-stat: restarts=0
%%%mzn-stat: peakDepth=2276
%%%mzn-stat: solveTime=5.876995035
%%%mzn-stat: variables=3249
%%%mzn-stat: propagators=2734
%%%mzn-stat: failures=5498
%%%mzn-stat: propagations=575894
%%%mzn-stat: nogoods=5498
%%%mzn-stat: numAtomicConstraintsPropagated=0
%%%mzn-stat: allDifferentNumber1TotalHallSetSize=61019
%%%mzn-stat: allDifferentNumber1NumberOfConflicts=4876
%%%mzn-stat: allDifferentNumber1MaxHallSetSize=81
%%%mzn-stat: allDifferentNumber1PropagationsTotal=96823
%%%mzn-stat: allDifferentNumber1PropagationsThatFoundConflict=4876
%%%mzn-stat: circuitNumber2PropagationsThatFoundConflict=382
%%%mzn-stat: circuitNumber2TotalFixedEdgesAtConflict=35636
%%%mzn-stat: circuitNumber2NumberOfConflicts=382
%%%mzn-stat: circuitNumber2PropagationsThatPruned=1202
%%%mzn-stat: circuitNumber2PropagationsTotal=63252
%%%mzn-stat: AverageConflictSize=23.09076027646417
%%%mzn-stat: NumUnitNogoodsLearned=0
%%%mzn-stat: AverageLearnedNogoodLength=41.9572571844307
%%%mzn-stat: AverageBacktrackAmount=0
%%%mzn-stat: AverageLbd=33.75973081120407
%%%mzn-stat: 2AutonomousSearchNumBackupCalled=29764
%%%mzn-stat: 2AutonomousSearchNumPredicatesRemoved=0
%%%mzn-stat: 2AutonomousSearchNumCalls=29779
%%%mzn-stat: 2AutonomousSearchNumPredicatesAdded=11862
%%%mzn-stat: 2AutonomousSearchAverageSizeOfHeap=1.2417475402129017
%%%mzn-stat: 2AutonomousSearchNumAssignedPredicatesEncountered=36978
%%%mzn-stat-end
maxleg = 316;
succ = array1d(1..100,[2, 3, 7, 1, 16, 12, 10, 15, 14, 9, 24, 21, 22, 11, 19, 4, 18, 23, 20, 29, 27, 32, 25, 26, 30, 49, 28, 33, 13, 42, 6, 36, 34, 40, 5, 37, 45, 59, 41, 39, 44, 38, 35, 46, 54, 58, 43, 62, 17, 47, 50, 51, 55, 57, 64, 52, 65, 67, 48, 56, 60, 68, 73, 31, 72, 75, 69, 53, 86, 78, 83, 74, 76, 82, 92, 87, 79, 84, 61, 81, 85, 91, 97, 71, 100, 66, 8, 93, 88, 80, 89, 98, 95, 96, 77, 99, 94, 90, 63, 70]);
% time elapsed: 7.01 s
----------
%%%mzn-stat: initTime=0.032147376
%%%mzn-stat: objective=312
%%%mzn-stat: nodes=95598
%%%mzn-stat: restarts=0
%%%mzn-stat: peakDepth=2276
%%%mzn-stat: solveTime=5.888347984
%%%mzn-stat: variables=3249
%%%mzn-stat: propagators=2734
%%%mzn-stat: failures=5500
%%%mzn-stat: propagations=580600
%%%mzn-stat: nogoods=5500
%%%mzn-stat: numAtomicConstraintsPropagated=0
%%%mzn-stat: allDifferentNumber1TotalHallSetSize=61021
%%%mzn-stat: allDifferentNumber1NumberOfConflicts=4877
%%%mzn-stat: allDifferentNumber1MaxHallSetSize=81
%%%mzn-stat: allDifferentNumber1PropagationsTotal=96962
%%%mzn-stat: allDifferentNumber1PropagationsThatFoundConflict=4877
%%%mzn-stat: circuitNumber2PropagationsThatFoundConflict=382
%%%mzn-stat: circuitNumber2TotalFixedEdgesAtConflict=35636
%%%mzn-stat: circuitNumber2NumberOfConflicts=382
%%%mzn-stat: circuitNumber2PropagationsThatPruned=1205
%%%mzn-stat: circuitNumber2PropagationsTotal=63342
%%%mzn-stat: AverageConflictSize=23.08309090909091
%%%mzn-stat: NumUnitNogoodsLearned=0
%%%mzn-stat: AverageLearnedNogoodLength=41.95018181818182
%%%mzn-stat: AverageBacktrackAmount=0
%%%mzn-stat: AverageLbd=33.75272727272727
%%%mzn-stat: 2AutonomousSearchNumBackupCalled=31564
%%%mzn-stat: 2AutonomousSearchNumPredicatesRemoved=0
%%%mzn-stat: 2AutonomousSearchNumCalls=31580
%%%mzn-stat: 2AutonomousSearchNumPredicatesAdded=11956
%%%mzn-stat: 2AutonomousSearchAverageSizeOfHeap=1.2770740975300823
%%%mzn-stat: 2AutonomousSearchNumAssignedPredicatesEncountered=40330
%%%mzn-stat-end
maxleg = 312;
succ = array1d(1..100,[2, 3, 7, 1, 16, 12, 10, 15, 14, 9, 24, 21, 22, 11, 19, 4, 18, 23, 20, 29, 27, 32, 25, 26, 30, 49, 28, 33, 13, 42, 6, 36, 34, 40, 5, 37, 45, 59, 41, 39, 44, 38, 35, 46, 54, 58, 43, 62, 17, 47, 50, 51, 55, 57, 64, 52, 65, 67, 48, 56, 60, 68, 73, 31, 72, 75, 69, 53, 86, 78, 83, 74, 76, 82, 92, 87, 79, 84, 61, 81, 85, 91, 97, 71, 100, 66, 8, 93, 88, 80, 94, 98, 95, 99, 77, 89, 63, 90, 96, 70]);
% time elapsed: 7.03 s
----------
%%%mzn-stat: initTime=0.032147376
%%%mzn-stat: objective=311
%%%mzn-stat: nodes=99823
%%%mzn-stat: restarts=0
%%%mzn-stat: peakDepth=2276
%%%mzn-stat: solveTime=6.067347643
%%%mzn-stat: variables=3249
%%%mzn-stat: propagators=2734
%%%mzn-stat: failures=5675
%%%mzn-stat: propagations=615197
%%%mzn-stat: nogoods=5675
%%%mzn-stat: numAtomicConstraintsPropagated=0
%%%mzn-stat: allDifferentNumber1TotalHallSetSize=62052
%%%mzn-stat: allDifferentNumber1NumberOfConflicts=5010
%%%mzn-stat: allDifferentNumber1MaxHallSetSize=81
%%%mzn-stat: allDifferentNumber1PropagationsTotal=100899
%%%mzn-stat: allDifferentNumber1PropagationsThatFoundConflict=5010
%%%mzn-stat: circuitNumber2PropagationsThatFoundConflict=420
%%%mzn-stat: circuitNumber2TotalFixedEdgesAtConflict=39295
%%%mzn-stat: circuitNumber2NumberOfConflicts=420
%%%mzn-stat: circuitNumber2PropagationsThatPruned=1320
%%%mzn-stat: circuitNumber2PropagationsTotal=65862
%%%mzn-stat: AverageConflictSize=22.95806167400881
%%%mzn-stat: NumUnitNogoodsLearned=0
%%%mzn-stat: AverageLearnedNogoodLength=41.42026431718062
%%%mzn-stat: AverageBacktrackAmount=0
%%%mzn-stat: AverageLbd=33.1326872246696
%%%mzn-stat: 2AutonomousSearchNumBackupCalled=33335
%%%mzn-stat: 2AutonomousSearchNumPredicatesRemoved=0
%%%mzn-stat: 2AutonomousSearchNumCalls=33352
%%%mzn-stat: 2AutonomousSearchNumPredicatesAdded=13043
%%%mzn-stat: 2AutonomousSearchAverageSizeOfHeap=1.3134444710961861
%%%mzn-stat: 2AutonomousSearchNumAssignedPredicatesEncountered=43806
%%%mzn-stat-end
maxleg = 311;
succ = array1d(1..100,[2, 3, 7, 1, 16, 12, 10, 15, 14, 9, 24, 21, 22, 11, 19, 4, 18, 23, 20, 29, 27, 32, 25, 30, 26, 49, 28, 33, 13, 42, 6, 36, 34, 40, 5, 37, 45, 59, 41, 39, 53, 38, 35, 31, 54, 44, 43, 62, 47, 51, 52, 56, 17, 57, 64, 60, 65, 46, 48, 61, 77, 68, 73, 58, 67, 75, 69, 70, 72, 78, 83, 55, 76, 82, 86, 87, 66, 84, 50, 88, 80, 91, 97, 71, 81, 92, 8, 74, 63, 85, 94, 98, 95, 99, 100, 89, 93, 90, 96, 79]);
% time elapsed: 7.21 s
----------
%%%mzn-stat: initTime=0.032147376
%%%mzn-stat: objective=308
%%%mzn-stat: nodes=108888
%%%mzn-stat: restarts=0
%%%mzn-stat: peakDepth=2276
%%%mzn-stat: solveTime=6.519789213
%%%mzn-stat: variables=3249
%%%mzn-stat: propagators=2734
%%%mzn-stat: failures=5906
%%%mzn-stat: propagations=702438
%%%mzn-stat: nogoods=5906
%%%mzn-stat: numAtomicConstraintsPropagated=0
%%%mzn-stat: allDifferentNumber1TotalHallSetSize=62641
%%%mzn-stat: allDifferentNumber1NumberOfConflicts=5240
%%%mzn-stat: allDifferentNumber1MaxHallSetSize=81
%%%mzn-stat: allDifferentNumber1PropagationsTotal=110843
%%%mzn-stat: allDifferentNumber1PropagationsThatFoundConflict=5240
%%%mzn-stat: circuitNumber2PropagationsThatFoundConflict=421
%%%mzn-stat: circuitNumber2TotalFixedEdgesAtConflict=39387
%%%mzn-stat: circuitNumber2NumberOfConflicts=421
%%%mzn-stat: circuitNumber2PropagationsThatPruned=1487
%%%mzn-stat: circuitNumber2PropagationsTotal=73103
%%%mzn-stat: AverageConflictSize=22.194378598035897
%%%mzn-stat: NumUnitNogoodsLearned=0
%%%mzn-stat: AverageLearnedNogoodLength=39.944632577040295
%%%mzn-stat: AverageBacktrackAmount=0
%%%mzn-stat: AverageLbd=31.956315611242804
%%%mzn-stat: 2AutonomousSearchNumBackupCalled=35113
%%%mzn-stat: 2AutonomousSearchNumPredicatesRemoved=0
%%%mzn-stat: 2AutonomousSearchNumCalls=35131
%%%mzn-stat: 2AutonomousSearchNumPredicatesAdded=13551
%%%mzn-stat: 2AutonomousSearchAverageSizeOfHeap=1.3472431755429677
%%%mzn-stat: 2AutonomousSearchNumAssignedPredicatesEncountered=47330
%%%mzn-stat-end
maxleg = 308;
succ = array1d(1..100,[2, 3, 7, 16, 35, 12, 10, 15, 14, 9, 24, 1, 22, 11, 19, 5, 18, 23, 20, 29, 6, 32, 25, 30, 26, 49, 21, 27, 13, 42, 33, 36, 34, 40, 17, 37, 48, 59, 28, 39, 31, 38, 4, 46, 8, 58, 43, 62, 53, 47, 50, 51, 41, 45, 64, 52, 54, 65, 63, 56, 60, 68, 73, 44, 57, 75, 69, 70, 72, 78, 83, 55, 76, 67, 86, 87, 61, 84, 77, 81, 66, 91, 97, 71, 80, 92, 82, 90, 88, 85, 96, 98, 95, 89, 100, 99, 93, 74, 94, 79]);
% time elapsed: 7.66 s
----------
%%%mzn-stat: initTime=0.032147376
%%%mzn-stat: objective=306
%%%mzn-stat: nodes=111323
%%%mzn-stat: restarts=0
%%%mzn-stat: peakDepth=2276
%%%mzn-stat: solveTime=6.562086886
%%%mzn-stat: variables=3249
%%%mzn-stat: propagators=2734
%%%mzn-stat: failures=5944
%%%mzn-stat: propagations=714384
%%%mzn-stat: nogoods=5944
%%%mzn-stat: numAtomicConstraintsPropagated=0
%%%mzn-stat: allDifferentNumber1TotalHallSetSize=62760
%%%mzn-stat: allDifferentNumber1NumberOfConflicts=5271
%%%mzn-stat: allDifferentNumber1MaxHallSetSize=81
%%%mzn-stat: allDifferentNumber1PropagationsTotal=111764
%%%mzn-stat: allDifferentNumber1PropagationsThatFoundConflict=5271
%%%mzn-stat: circuitNumber2PropagationsThatFoundConflict=425
%%%mzn-stat: circuitNumber2TotalFixedEdgesAtConflict=39759
%%%mzn-stat: circuitNumber2NumberOfConflicts=425
%%%mzn-stat: circuitNumber2PropagationsThatPruned=1519
%%%mzn-stat: circuitNumber2PropagationsTotal=73788
%%%mzn-stat: AverageConflictSize=22.09320323014805
%%%mzn-stat: NumUnitNogoodsLearned=0
%%%mzn-stat: AverageLearnedNogoodLength=39.751177658142666
%%%mzn-stat: AverageBacktrackAmount=0
%%%mzn-stat: AverageLbd=31.792227456258413
%%%mzn-stat: 2AutonomousSearchNumBackupCalled=36875
%%%mzn-stat: 2AutonomousSearchNumPredicatesRemoved=0
%%%mzn-stat: 2AutonomousSearchNumCalls=36894
%%%mzn-stat: 2AutonomousSearchNumPredicatesAdded=13913
%%%mzn-stat: 2AutonomousSearchAverageSizeOfHeap=1.3787065647530763
%%%mzn-stat: 2AutonomousSearchNumAssignedPredicatesEncountered=50866
%%%mzn-stat-end
maxleg = 306;
succ = array1d(1..100,[2, 3, 7, 16, 35, 12, 10, 15, 14, 9, 24, 1, 22, 11, 19, 5, 18, 23, 20, 29, 6, 32, 25, 30, 26, 49, 21, 27, 13, 42, 33, 36, 34, 40, 17, 37, 48, 59, 28, 39, 31, 38, 4, 46, 8, 58, 43, 62, 53, 47, 50, 51, 41, 45, 64, 52, 54, 65, 63, 56, 60, 68, 73, 67, 57, 75, 44, 70, 72, 84, 78, 55, 76, 88, 69, 87, 61, 83, 77, 81, 85, 74, 97, 71, 90, 66, 89, 80, 91, 98, 94, 86, 95, 99, 100, 82, 93, 92, 96, 79]);
% time elapsed: 7.71 s
----------
%%%mzn-stat: initTime=0.032147376
%%%mzn-stat: objective=304
%%%mzn-stat: nodes=113992
%%%mzn-stat: restarts=0
%%%mzn-stat: peakDepth=2276
%%%mzn-stat: solveTime=6.63327856
%%%mzn-stat: variables=3249
%%%mzn-stat: propagators=2734
%%%mzn-stat: failures=6031
%%%mzn-stat: propagations=730202
%%%mzn-stat: nogoods=6031
%%%mzn-stat: numAtomicConstraintsPropagated=0
%%%mzn-stat: allDifferentNumber1TotalHallSetSize=63192
%%%mzn-stat: allDifferentNumber1NumberOfConflicts=5340
%%%mzn-stat: allDifferentNumber1MaxHallSetSize=81
%%%mzn-stat: allDifferentNumber1PropagationsTotal=113124
%%%mzn-stat: allDifferentNumber1PropagationsThatFoundConflict=5340
%%%mzn-stat: circuitNumber2PropagationsThatFoundConflict=438
%%%mzn-stat: circuitNumber2TotalFixedEdgesAtConflict=41020
%%%mzn-stat: circuitNumber2NumberOfConflicts=438
%%%mzn-stat: circuitNumber2PropagationsThatPruned=1547
%%%mzn-stat: circuitNumber2PropagationsTotal=74691
%%%mzn-stat: AverageConflictSize=22.127342065992373
%%%mzn-stat: NumUnitNogoodsLearned=0
%%%mzn-stat: AverageLearnedNogoodLength=39.61979771182225
%%%mzn-stat: AverageBacktrackAmount=0
%%%mzn-stat: AverageLbd=31.651135798375062
%%%mzn-stat: 2AutonomousSearchNumBackupCalled=38636
%%%mzn-stat: 2AutonomousSearchNumPredicatesRemoved=0
%%%mzn-stat: 2AutonomousSearchNumCalls=38656
%%%mzn-stat: 2AutonomousSearchNumPredicatesAdded=14737
%%%mzn-stat: 2AutonomousSearchAverageSizeOfHeap=1.4093284354304636
%%%mzn-stat: 2AutonomousSearchNumAssignedPredicatesEncountered=54479
%%%mzn-stat-end
maxleg = 304;
succ = array1d(1..100,[2, 3, 7, 16, 35, 12, 10, 15, 14, 9, 24, 1, 22, 11, 19, 5, 18, 23, 20, 29, 6, 32, 25, 30, 26, 49, 21, 27, 13, 42, 33, 36, 34, 40, 17, 37, 48, 59, 28, 39, 31, 62, 4, 46, 8, 58, 43, 63, 53, 47, 50, 51, 41, 45, 64, 52, 54, 67, 71, 56, 60, 68, 73, 65, 44, 75, 57, 55, 72, 84, 78, 74, 76, 90, 86, 87, 79, 83, 61, 81, 66, 91, 97, 38, 100, 92, 82, 80, 88, 85, 96, 98, 95, 89, 77, 99, 93, 69, 94, 70]);
% time elapsed: 7.79 s
----------
%%%mzn-stat: initTime=0.032147376
%%%mzn-stat: objective=299
%%%mzn-stat: nodes=116786
%%%mzn-stat: restarts=0
%%%mzn-stat: peakDepth=2276
%%%mzn-stat: solveTime=6.69934843
%%%mzn-stat: variables=3249
%%%mzn-stat: propagators=2734
%%%mzn-stat: failures=6132
%%%mzn-stat: propagations=747999
%%%mzn-stat: nogoods=6132
%%%mzn-stat: numAtomicConstraintsPropagated=0
%%%mzn-stat: allDifferentNumber1TotalHallSetSize=63682
%%%mzn-stat: allDifferentNumber1NumberOfConflicts=5436
%%%mzn-stat: allDifferentNumber1MaxHallSetSize=81
%%%mzn-stat: allDifferentNumber1PropagationsTotal=114599
%%%mzn-stat: allDifferentNumber1PropagationsThatFoundConflict=5436
%%%mzn-stat: circuitNumber2PropagationsThatFoundConflict=441
%%%mzn-stat: circuitNumber2TotalFixedEdgesAtConflict=41284
%%%mzn-stat: circuitNumber2NumberOfConflicts=441
%%%mzn-stat: circuitNumber2PropagationsThatPruned=1562
%%%mzn-stat: circuitNumber2PropagationsTotal=75713
%%%mzn-stat: AverageConflictSize=21.943574690150033
%%%mzn-stat: NumUnitNogoodsLearned=0
%%%mzn-stat: AverageLearnedNogoodLength=39.21020874103066
%%%mzn-stat: AverageBacktrackAmount=0
%%%mzn-stat: AverageLbd=31.265818656229616
%%%mzn-stat: 2AutonomousSearchNumBackupCalled=40358
%%%mzn-stat: 2AutonomousSearchNumPredicatesRemoved=0
%%%mzn-stat: 2AutonomousSearchNumCalls=40379
%%%mzn-stat: 2AutonomousSearchNumPredicatesAdded=15193
%%%mzn-stat: 2AutonomousSearchAverageSizeOfHeap=1.4395601674137546
%%%mzn-stat: 2AutonomousSearchNumAssignedPredicatesEncountered=58128
%%%mzn-stat-end
maxleg = 299;
succ = array1d(1..100,[2, 3, 7, 16, 35, 12, 10, 15, 14, 9, 24, 1, 22, 11, 19, 5, 18, 23, 20, 29, 6, 32, 25, 30, 26, 49, 21, 27, 13, 42, 33, 36, 34, 40, 43, 37, 48, 59, 28, 39, 31, 62, 47, 46, 8, 58, 50, 63, 53, 51, 52, 56, 41, 45, 17, 60, 54, 64, 71, 61, 77, 68, 73, 55, 44, 4, 57, 70, 67, 84, 78, 65, 76, 98, 66, 87, 79, 83, 100, 81, 85, 72, 97, 38, 90, 75, 82, 74, 88, 69, 89, 86, 80, 99, 93, 91, 94, 92, 96, 95]);
% time elapsed: 7.85 s
----------
%%%mzn-stat: initTime=0.032147376
%%%mzn-stat: objective=298
%%%mzn-stat: nodes=120327
%%%mzn-stat: restarts=0
%%%mzn-stat: peakDepth=2276
%%%mzn-stat: solveTime=6.813417961
%%%mzn-stat: variables=3249
%%%mzn-stat: propagators=2734
%%%mzn-stat: failures=6177
%%%mzn-stat: propagations=774408
%%%mzn-stat: nogoods=6177
%%%mzn-stat: numAtomicConstraintsPropagated=0
%%%mzn-stat: allDifferentNumber1TotalHallSetSize=63788
%%%mzn-stat: allDifferentNumber1NumberOfConflicts=5481
%%%mzn-stat: allDifferentNumber1MaxHallSetSize=81
%%%mzn-stat: allDifferentNumber1PropagationsTotal=117228
%%%mzn-stat: allDifferentNumber1PropagationsThatFoundConflict=5481
%%%mzn-stat: circuitNumber2PropagationsThatFoundConflict=441
%%%mzn-stat: circuitNumber2TotalFixedEdgesAtConflict=41284
%%%mzn-stat: circuitNumber2NumberOfConflicts=441
%%%mzn-stat: circuitNumber2PropagationsThatPruned=1563
%%%mzn-stat: circuitNumber2PropagationsTotal=77514
%%%mzn-stat: AverageConflictSize=21.810749554800065
%%%mzn-stat: NumUnitNogoodsLearned=0
%%%mzn-stat: AverageLearnedNogoodLength=38.951432734337054
%%%mzn-stat: AverageBacktrackAmount=0
%%%mzn-stat: AverageLbd=31.057956937024446
%%%mzn-stat: 2AutonomousSearchNumBackupCalled=42054
%%%mzn-stat: 2AutonomousSearchNumPredicatesRemoved=0
%%%mzn-stat: 2AutonomousSearchNumCalls=42076
%%%mzn-stat: 2AutonomousSearchNumPredicatesAdded=15325
%%%mzn-stat: 2AutonomousSearchAverageSizeOfHeap=1.4686044300789047
%%%mzn-stat: 2AutonomousSearchNumAssignedPredicatesEncountered=61793
%%%mzn-stat-end
maxleg = 298;
succ = array1d(1..100,[2, 3, 7, 16, 35, 21, 10, 15, 14, 9, 24, 1, 22, 11, 19, 5, 18, 23, 20, 29, 12, 32, 25, 30, 26, 49, 6, 27, 13, 42, 33, 36, 34, 40, 43, 37, 48, 59, 28, 39, 31, 62, 47, 46, 8, 58, 50, 63, 53, 51, 52, 56, 41, 45, 17, 60, 54, 64, 71, 61, 77, 68, 73, 55, 44, 4, 57, 70, 67, 84, 78, 65, 76, 98, 66, 87, 79, 83, 100, 81, 85, 72, 97, 38, 90, 75, 82, 74, 88, 69, 89, 86, 80, 99, 93, 91, 94, 92, 96, 95]);
% time elapsed: 7.97 s
----------
%%%mzn-stat: initTime=0.032147376
%%%mzn-stat: objective=295
%%%mzn-stat: nodes=122182
%%%mzn-stat: restarts=0
%%%mzn-stat: peakDepth=2276
%%%mzn-stat: solveTime=6.833599487
%%%mzn-stat: variables=3249
%%%mzn-stat: propagators=2734
%%%mzn-stat: failures=6221
%%%mzn-stat: propagations=780842
%%%mzn-stat: nogoods=6221
%%%mzn-stat: numAtomicConstraintsPropagated=0
%%%mzn-stat: allDifferentNumber1TotalHallSetSize=64257
%%%mzn-stat: allDifferentNumber1NumberOfConflicts=5519
%%%mzn-stat: allDifferentNumber1MaxHallSetSize=81
%%%mzn-stat: allDifferentNumber1PropagationsTotal=117498
%%%mzn-stat: allDifferentNumber1PropagationsThatFoundConflict=5519
%%%mzn-stat: circuitNumber2PropagationsThatFoundConflict=447
%%%mzn-stat: circuitNumber2TotalFixedEdgesAtConflict=41818
%%%mzn-stat: circuitNumber2NumberOfConflicts=447
%%%mzn-stat: circuitNumber2PropagationsThatPruned=1588
%%%mzn-stat: circuitNumber2PropagationsTotal=77689
%%%mzn-stat: AverageConflictSize=21.836521459572417
%%%mzn-stat: NumUnitNogoodsLearned=0
%%%mzn-stat: AverageLearnedNogoodLength=38.981674971869474
%%%mzn-stat: AverageBacktrackAmount=0
%%%mzn-stat: AverageLbd=30.988265552162034
%%%mzn-stat: 2AutonomousSearchNumBackupCalled=43770
%%%mzn-stat: 2AutonomousSearchNumPredicatesRemoved=0
%%%mzn-stat: 2AutonomousSearchNumCalls=43793
%%%mzn-stat: 2AutonomousSearchNumPredicatesAdded=15597
%%%mzn-stat: 2AutonomousSearchAverageSizeOfHeap=1.4947366017400041
%%%mzn-stat: 2AutonomousSearchNumAssignedPredicatesEncountered=65459
%%%mzn-stat-end
maxleg = 295;
succ = array1d(1..100,[2, 3, 7, 16, 35, 21, 10, 15, 14, 9, 24, 1, 22, 11, 19, 5, 18, 23, 20, 29, 12, 32, 25, 30, 26, 49, 6, 27, 13, 42, 33, 36, 34, 40, 43, 37, 48, 59, 28, 39, 31, 62, 47, 46, 8, 58, 50, 63, 53, 51, 52, 56, 41, 45, 17, 60, 54, 64, 71, 61, 77, 68, 73, 55, 44, 4, 57, 70, 67, 84, 78, 65, 76, 98, 86, 87, 79, 83, 100, 81, 85, 72, 97, 38, 90, 66, 82, 74, 88, 69, 89, 75, 80, 99, 93, 91, 94, 92, 96, 95]);
% time elapsed: 7.99 s
----------
%%%mzn-stat: initTime=0.032147376
%%%mzn-stat: objective=284
%%%mzn-stat: nodes=127914
%%%mzn-stat: restarts=0
%%%mzn-stat: peakDepth=2276
%%%mzn-stat: solveTime=7.900567971
%%%mzn-stat: variables=3249
%%%mzn-stat: propagators=2734
%%%mzn-stat: failures=9480
%%%mzn-stat: propagations=900528
%%%mzn-stat: nogoods=9480
%%%mzn-stat: numAtomicConstraintsPropagated=0
%%%mzn-stat: allDifferentNumber1TotalHallSetSize=101399
%%%mzn-stat: allDifferentNumber1NumberOfConflicts=8112
%%%mzn-stat: allDifferentNumber1MaxHallSetSize=81
%%%mzn-stat: allDifferentNumber1PropagationsTotal=126847
%%%mzn-stat: allDifferentNumber1PropagationsThatFoundConflict=8112
%%%mzn-stat: circuitNumber2PropagationsThatFoundConflict=894
%%%mzn-stat: circuitNumber2TotalFixedEdgesAtConflict=81426
%%%mzn-stat: circuitNumber2NumberOfConflicts=894
%%%mzn-stat: circuitNumber2PropagationsThatPruned=2803
%%%mzn-stat: circuitNumber2PropagationsTotal=82846
%%%mzn-stat: AverageConflictSize=23.786286919831223
%%%mzn-stat: NumUnitNogoodsLearned=0
%%%mzn-stat: AverageLearnedNogoodLength=44.971624472573836
%%%mzn-stat: AverageBacktrackAmount=0
%%%mzn-stat: AverageLbd=29.79409282700422
%%%mzn-stat: 2AutonomousSearchNumBackupCalled=45403
%%%mzn-stat: 2AutonomousSearchNumPredicatesRemoved=0
%%%mzn-stat: 2AutonomousSearchNumCalls=45427
%%%mzn-stat: 2AutonomousSearchNumPredicatesAdded=16805
%%%mzn-stat: 2AutonomousSearchAverageSizeOfHeap=1.530235322605499
%%%mzn-stat: 2AutonomousSearchNumAssignedPredicatesEncountered=69514
%%%mzn-stat-end
maxleg = 284;
succ = array1d(1..100,[2, 3, 7, 16, 35, 21, 10, 15, 14, 9, 24, 1, 22, 11, 19, 5, 18, 23, 20, 29, 12, 32, 25, 30, 26, 49, 6, 27, 13, 42, 33, 36, 34, 40, 43, 37, 48, 59, 28, 39, 31, 62, 47, 46, 8, 58, 50, 63, 53, 51, 52, 56, 41, 45, 17, 60, 54, 64, 71, 61, 77, 68, 73, 55, 44, 4, 57, 70, 67, 95, 83, 65, 78, 72, 69, 87, 79, 84, 100, 81, 66, 74, 97, 38, 90, 75, 82, 76, 88, 98, 89, 86, 80, 99, 93, 91, 94, 92, 96, 85]);
% time elapsed: 9.07 s
----------
%%%mzn-stat: initTime=0.032147376
%%%mzn-stat: objective=280
%%%mzn-stat: nodes=133589
%%%mzn-stat: restarts=0
%%%mzn-stat: peakDepth=2276
%%%mzn-stat: solveTime=8.53990739
%%%mzn-stat: variables=3249
%%%mzn-stat: propagators=2734
%%%mzn-stat: failures=11044
%%%mzn-stat: propagations=990638
%%%mzn-stat: nogoods=11044
%%%mzn-stat: numAtomicConstraintsPropagated=0
%%%mzn-stat: allDifferentNumber1TotalHallSetSize=119413
%%%mzn-stat: allDifferentNumber1NumberOfConflicts=9430
%%%mzn-stat: allDifferentNumber1MaxHallSetSize=81
%%%mzn-stat: allDifferentNumber1PropagationsTotal=133881
%%%mzn-stat: allDifferentNumber1PropagationsThatFoundConflict=9430
%%%mzn-stat: circuitNumber2PropagationsThatFoundConflict=947
%%%mzn-stat: circuitNumber2TotalFixedEdgesAtConflict=86272
%%%mzn-stat: circuitNumber2NumberOfConflicts=947
%%%mzn-stat: circuitNumber2PropagationsThatPruned=2994
%%%mzn-stat: circuitNumber2PropagationsTotal=86795
%%%mzn-stat: AverageConflictSize=25.596613545816734
%%%mzn-stat: NumUnitNogoodsLearned=0
%%%mzn-stat: AverageLearnedNogoodLength=46.59362549800797
%%%mzn-stat: AverageBacktrackAmount=0
%%%mzn-stat: AverageLbd=29.86925027164071
%%%mzn-stat: 2AutonomousSearchNumBackupCalled=47035
%%%mzn-stat: 2AutonomousSearchNumPredicatesRemoved=0
%%%mzn-stat: 2AutonomousSearchNumCalls=47060
%%%mzn-stat: 2AutonomousSearchNumPredicatesAdded=18047
%%%mzn-stat: 2AutonomousSearchAverageSizeOfHeap=1.564662133446664
%%%mzn-stat: 2AutonomousSearchNumAssignedPredicatesEncountered=73633
%%%mzn-stat-end
maxleg = 280;
succ = array1d(1..100,[2, 3, 7, 16, 35, 21, 10, 15, 14, 9, 24, 1, 22, 18, 19, 5, 25, 17, 20, 29, 12, 32, 30, 23, 26, 49, 6, 27, 13, 42, 33, 36, 34, 40, 43, 37, 48, 11, 28, 39, 31, 59, 47, 46, 8, 58, 50, 62, 53, 51, 52, 56, 55, 45, 64, 60, 54, 41, 71, 61, 77, 68, 73, 65, 57, 4, 44, 70, 67, 84, 78, 90, 76, 98, 69, 87, 79, 83, 100, 81, 66, 72, 97, 38, 80, 75, 82, 74, 63, 85, 89, 86, 88, 99, 93, 91, 94, 92, 96, 95]);
% time elapsed: 9.72 s
----------
%%%mzn-stat: initTime=0.032147376
%%%mzn-stat: objective=279
%%%mzn-stat: nodes=139515
%%%mzn-stat: restarts=0
%%%mzn-stat: peakDepth=2276
%%%mzn-stat: solveTime=9.077490613
%%%mzn-stat: variables=3249
%%%mzn-stat: propagators=2734
%%%mzn-stat: failures=11876
%%%mzn-stat: propagations=1064165
%%%mzn-stat: nogoods=11876
%%%mzn-stat: numAtomicConstraintsPropagated=0
%%%mzn-stat: allDifferentNumber1TotalHallSetSize=124894
%%%mzn-stat: allDifferentNumber1NumberOfConflicts=9852
%%%mzn-stat: allDifferentNumber1MaxHallSetSize=81
%%%mzn-stat: allDifferentNumber1PropagationsTotal=140435
%%%mzn-stat: allDifferentNumber1PropagationsThatFoundConflict=9852
%%%mzn-stat: circuitNumber2PropagationsThatFoundConflict=956
%%%mzn-stat: circuitNumber2TotalFixedEdgesAtConflict=87074
%%%mzn-stat: circuitNumber2NumberOfConflicts=956
%%%mzn-stat: circuitNumber2PropagationsThatPruned=3095
%%%mzn-stat: circuitNumber2PropagationsTotal=90780
%%%mzn-stat: AverageConflictSize=26.03528123947457
%%%mzn-stat: NumUnitNogoodsLearned=0
%%%mzn-stat: AverageLearnedNogoodLength=48.886662175816774
%%%mzn-stat: AverageBacktrackAmount=0
%%%mzn-stat: AverageLbd=30.748736948467496
%%%mzn-stat: 2AutonomousSearchNumBackupCalled=48655
%%%mzn-stat: 2AutonomousSearchNumPredicatesRemoved=0
%%%mzn-stat: 2AutonomousSearchNumCalls=48681
%%%mzn-stat: 2AutonomousSearchNumPredicatesAdded=19192
%%%mzn-stat: 2AutonomousSearchAverageSizeOfHeap=1.5986319097799964
%%%mzn-stat: 2AutonomousSearchNumAssignedPredicatesEncountered=77823
%%%mzn-stat-end
maxleg = 279;
succ = array1d(1..100,[2, 3, 7, 16, 35, 21, 10, 15, 14, 9, 24, 1, 22, 18, 19, 5, 25, 17, 31, 8, 12, 29, 30, 23, 26, 49, 6, 27, 20, 42, 33, 36, 34, 40, 43, 13, 32, 11, 28, 39, 53, 37, 47, 46, 54, 58, 50, 59, 62, 51, 52, 56, 55, 57, 64, 60, 65, 41, 38, 61, 77, 68, 45, 67, 44, 4, 69, 70, 75, 84, 83, 74, 48, 90, 86, 63, 79, 71, 100, 81, 66, 87, 97, 78, 80, 92, 76, 73, 91, 85, 94, 98, 88, 99, 93, 82, 89, 72, 96, 95]);
% time elapsed: 10.25 s
----------
%%%mzn-stat: initTime=0.032147376
%%%mzn-stat: objective=278
%%%mzn-stat: nodes=141191
%%%mzn-stat: restarts=0
%%%mzn-stat: peakDepth=2276
%%%mzn-stat: solveTime=9.088589504
%%%mzn-stat: variables=3249
%%%mzn-stat: propagators=2734
%%%mzn-stat: failures=11878
%%%mzn-stat: propagations=1068931
%%%mzn-stat: nogoods=11878
%%%mzn-stat: numAtomicConstraintsPropagated=0
%%%mzn-stat: allDifferentNumber1TotalHallSetSize=124898
%%%mzn-stat: allDifferentNumber1NumberOfConflicts=9854
%%%mzn-stat: allDifferentNumber1MaxHallSetSize=81
%%%mzn-stat: allDifferentNumber1PropagationsTotal=140564
%%%mzn-stat: allDifferentNumber1PropagationsThatFoundConflict=9854
%%%mzn-stat: circuitNumber2PropagationsThatFoundConflict=956
%%%mzn-stat: circuitNumber2TotalFixedEdgesAtConflict=87074
%%%mzn-stat: circuitNumber2NumberOfConflicts=956
%%%mzn-stat: circuitNumber2PropagationsThatPruned=3098
%%%mzn-stat: circuitNumber2PropagationsTotal=90866
%%%mzn-stat: AverageConflictSize=26.031234214514228
%%%mzn-stat: NumUnitNogoodsLearned=0
%%%mzn-stat: AverageLearnedNogoodLength=48.87876746927092
%%%mzn-stat: AverageBacktrackAmount=0
%%%mzn-stat: AverageLbd=30.74389627883482
%%%mzn-stat: 2AutonomousSearchNumBackupCalled=50249
%%%mzn-stat: 2AutonomousSearchNumPredicatesRemoved=0
%%%mzn-stat: 2AutonomousSearchNumCalls=50276
%%%mzn-stat: 2AutonomousSearchNumPredicatesAdded=19195
%%%mzn-stat: 2AutonomousSearchAverageSizeOfHeap=1.6312554698066672
%%%mzn-stat: 2AutonomousSearchNumAssignedPredicatesEncountered=82013
%%%mzn-stat-end
maxleg = 278;
succ = array1d(1..100,[2, 3, 7, 16, 35, 21, 10, 15, 14, 9, 24, 1, 22, 18, 19, 5, 25, 17, 31, 8, 12, 29, 30, 23, 26, 49, 6, 27, 20, 42, 33, 36, 34, 40, 43, 13, 32, 11, 28, 39, 53, 37, 47, 46, 54, 58, 50, 59, 62, 51, 52, 56, 55, 57, 64, 60, 65, 41, 38, 61, 77, 68, 45, 67, 44, 4, 69, 70, 75, 84, 83, 74, 48, 90, 86, 63, 79, 71, 100, 81, 66, 91, 97, 78, 80, 92, 76, 73, 87, 85, 89, 98, 88, 99, 93, 82, 94, 72, 96, 95]);
% time elapsed: 10.27 s
----------
%%%mzn-stat: initTime=0.032147376
%%%mzn-stat: objective=277
%%%mzn-stat: nodes=143048
%%%mzn-stat: restarts=0
%%%mzn-stat: peakDepth=2276
%%%mzn-stat: solveTime=9.110975659
%%%mzn-stat: variables=3249
%%%mzn-stat: propagators=2734
%%%mzn-stat: failures=11897
%%%mzn-stat: propagations=1076895
%%%mzn-stat: nogoods=11897
%%%mzn-stat: numAtomicConstraintsPropagated=0
%%%mzn-stat: allDifferentNumber1TotalHallSetSize=125012
%%%mzn-stat: allDifferentNumber1NumberOfConflicts=9871
%%%mzn-stat: allDifferentNumber1MaxHallSetSize=81
%%%mzn-stat: allDifferentNumber1PropagationsTotal=140951
%%%mzn-stat: allDifferentNumber1PropagationsThatFoundConflict=9871
%%%mzn-stat: circuitNumber2PropagationsThatFoundConflict=956
%%%mzn-stat: circuitNumber2TotalFixedEdgesAtConflict=87074
%%%mzn-stat: circuitNumber2NumberOfConflicts=956
%%%mzn-stat: circuitNumber2PropagationsThatPruned=3125
%%%mzn-stat: circuitNumber2PropagationsTotal=91141
%%%mzn-stat: AverageConflictSize=26.015129864671767
%%%mzn-stat: NumUnitNogoodsLearned=0
%%%mzn-stat: AverageLearnedNogoodLength=48.83012524165756
%%%mzn-stat: AverageBacktrackAmount=0
%%%mzn-stat: AverageLbd=30.708245776246113
%%%mzn-stat: 2AutonomousSearchNumBackupCalled=51844
%%%mzn-stat: 2AutonomousSearchNumPredicatesRemoved=0
%%%mzn-stat: 2AutonomousSearchNumCalls=51872
%%%mzn-stat: 2AutonomousSearchNumPredicatesAdded=19537
%%%mzn-stat: 2AutonomousSearchAverageSizeOfHeap=1.6630552128315854
%%%mzn-stat: 2AutonomousSearchNumAssignedPredicatesEncountered=86266
%%%mzn-stat-end
maxleg = 277;
succ = array1d(1..100,[2, 3, 7, 16, 35, 21, 10, 15, 14, 9, 24, 1, 22, 18, 19, 5, 25, 17, 31, 8, 12, 29, 30, 23, 26, 49, 6, 27, 20, 42, 33, 36, 34, 40, 43, 13, 32, 11, 28, 39, 53, 37, 47, 46, 54, 58, 50, 59, 62, 51, 52, 56, 55, 57, 64, 60, 65, 41, 38, 61, 77, 68, 45, 67, 44, 4, 69, 80, 75, 84, 83, 74, 63, 82, 86, 73, 79, 71, 100, 81, 66, 91, 48, 78, 90, 92, 76, 89, 87, 88, 96, 98, 95, 97, 70, 99, 93, 72, 94, 85]);
% time elapsed: 10.29 s
----------
%%%mzn-stat: initTime=0.032147376
%%%mzn-stat: objective=276
%%%mzn-stat: nodes=145916
%%%mzn-stat: restarts=0
%%%mzn-stat: peakDepth=2276
%%%mzn-stat: solveTime=9.198075227
%%%mzn-stat: variables=3249
%%%mzn-stat: propagators=2734
%%%mzn-stat: failures=11942
%%%mzn-stat: propagations=1098627
%%%mzn-stat: nogoods=11942
%%%mzn-stat: numAtomicConstraintsPropagated=0
%%%mzn-stat: allDifferentNumber1TotalHallSetSize=125260
%%%mzn-stat: allDifferentNumber1NumberOfConflicts=9916
%%%mzn-stat: allDifferentNumber1MaxHallSetSize=81
%%%mzn-stat: allDifferentNumber1PropagationsTotal=142756
%%%mzn-stat: allDifferentNumber1PropagationsThatFoundConflict=9916
%%%mzn-stat: circuitNumber2PropagationsThatFoundConflict=956
%%%mzn-stat: circuitNumber2TotalFixedEdgesAtConflict=87074
%%%mzn-stat: circuitNumber2NumberOfConflicts=956
%%%mzn-stat: circuitNumber2PropagationsThatPruned=3170
%%%mzn-stat: circuitNumber2PropagationsTotal=92395
%%%mzn-stat: AverageConflictSize=25.975129794004353
%%%mzn-stat: NumUnitNogoodsLearned=0
%%%mzn-stat: AverageLearnedNogoodLength=48.713532071679786
%%%mzn-stat: AverageBacktrackAmount=0
%%%mzn-stat: AverageLbd=30.62284374476637
%%%mzn-stat: 2AutonomousSearchNumBackupCalled=53467
%%%mzn-stat: 2AutonomousSearchNumPredicatesRemoved=0
%%%mzn-stat: 2AutonomousSearchNumCalls=53496
%%%mzn-stat: 2AutonomousSearchNumPredicatesAdded=20171
%%%mzn-stat: 2AutonomousSearchAverageSizeOfHeap=1.696052041274114
%%%mzn-stat: 2AutonomousSearchNumAssignedPredicatesEncountered=90732
%%%mzn-stat-end
maxleg = 276;
succ = array1d(1..100,[2, 3, 7, 16, 35, 21, 10, 15, 14, 9, 38, 1, 22, 18, 19, 5, 25, 17, 31, 8, 12, 29, 24, 30, 23, 49, 6, 27, 20, 26, 33, 36, 34, 40, 43, 13, 32, 59, 28, 39, 53, 37, 47, 46, 54, 58, 50, 42, 62, 51, 52, 56, 55, 57, 64, 60, 65, 41, 48, 61, 77, 68, 45, 67, 44, 4, 69, 80, 75, 84, 11, 74, 63, 82, 86, 73, 79, 83, 100, 81, 66, 91, 71, 78, 90, 92, 76, 89, 87, 88, 96, 98, 95, 97, 70, 99, 93, 72, 94, 85]);
% time elapsed: 10.39 s
----------
%%%mzn-stat: initTime=0.032147376
%%%mzn-stat: objective=275
%%%mzn-stat: nodes=147748
%%%mzn-stat: restarts=0
%%%mzn-stat: peakDepth=2276
%%%mzn-stat: solveTime=9.228155597
%%%mzn-stat: variables=3249
%%%mzn-stat: propagators=2734
%%%mzn-stat: failures=11968
%%%mzn-stat: propagations=1106390
%%%mzn-stat: nogoods=11968
%%%mzn-stat: numAtomicConstraintsPropagated=0
%%%mzn-stat: allDifferentNumber1TotalHallSetSize=125756
%%%mzn-stat: allDifferentNumber1NumberOfConflicts=9942
%%%mzn-stat: allDifferentNumber1MaxHallSetSize=81
%%%mzn-stat: allDifferentNumber1PropagationsTotal=143144
%%%mzn-stat: allDifferentNumber1PropagationsThatFoundConflict=9942
%%%mzn-stat: circuitNumber2PropagationsThatFoundConflict=956
%%%mzn-stat: circuitNumber2TotalFixedEdgesAtConflict=87074
%%%mzn-stat: circuitNumber2NumberOfConflicts=956
%%%mzn-stat: circuitNumber2PropagationsThatPruned=3197
%%%mzn-stat: circuitNumber2PropagationsTotal=92662
%%%mzn-stat: AverageConflictSize=26.00584893048128
%%%mzn-stat: NumUnitNogoodsLearned=0
%%%mzn-stat: AverageLearnedNogoodLength=48.75543114973262
%%%mzn-stat: AverageBacktrackAmount=0
%%%mzn-stat: AverageLbd=30.626086229946523
%%%mzn-stat: 2AutonomousSearchNumBackupCalled=55055
%%%mzn-stat: 2AutonomousSearchNumPredicatesRemoved=0
%%%mzn-stat: 2AutonomousSearchNumCalls=55085
%%%mzn-stat: 2AutonomousSearchNumPredicatesAdded=20706
%%%mzn-stat: 2AutonomousSearchAverageSizeOfHeap=1.7287827902332757
%%%mzn-stat: 2AutonomousSearchNumAssignedPredicatesEncountered=95230
%%%mzn-stat-end
maxleg = 275;
succ = array1d(1..100,[2, 3, 7, 16, 35, 21, 10, 15, 14, 9, 38, 1, 22, 18, 19, 5, 25, 17, 31, 8, 12, 29, 24, 30, 23, 49, 6, 27, 20, 26, 33, 36, 34, 40, 43, 13, 32, 59, 28, 39, 53, 37, 47, 46, 54, 58, 50, 42, 62, 51, 52, 56, 55, 57, 64, 60, 65, 41, 48, 61, 77, 68, 45, 67, 44, 4, 72, 80, 75, 84, 11, 69, 63, 82, 86, 73, 79, 83, 100, 81, 66, 96, 71, 78, 90, 92, 76, 89, 87, 88, 94, 98, 95, 97, 70, 99, 93, 74, 91, 85]);
% time elapsed: 10.43 s
----------
%%%mzn-stat: initTime=0.032147376
%%%mzn-stat: objective=273
%%%mzn-stat: nodes=149431
%%%mzn-stat: restarts=0
%%%mzn-stat: peakDepth=2276
%%%mzn-stat: solveTime=9.242082934999999
%%%mzn-stat: variables=3249
%%%mzn-stat: propagators=2734
%%%mzn-stat: failures=11975
%%%mzn-stat: propagations=1111450
%%%mzn-stat: nogoods=11975
%%%mzn-stat: numAtomicConstraintsPropagated=0
%%%mzn-stat: allDifferentNumber1TotalHallSetSize=125779
%%%mzn-stat: allDifferentNumber1NumberOfConflicts=9948
%%%mzn-stat: allDifferentNumber1MaxHallSetSize=81
%%%mzn-stat: allDifferentNumber1PropagationsTotal=143287
%%%mzn-stat: allDifferentNumber1PropagationsThatFoundConflict=9948
%%%mzn-stat: circuitNumber2PropagationsThatFoundConflict=957
%%%mzn-stat: circuitNumber2TotalFixedEdgesAtConflict=87169
%%%mzn-stat: circuitNumber2NumberOfConflicts=957
%%%mzn-stat: circuitNumber2PropagationsThatPruned=3204
%%%mzn-stat: circuitNumber2PropagationsTotal=92755
%%%mzn-stat: AverageConflictSize=26.001670146137787
%%%mzn-stat: NumUnitNogoodsLearned=0
%%%mzn-stat: AverageLearnedNogoodLength=48.74688935281837
%%%mzn-stat: AverageBacktrackAmount=0
%%%mzn-stat: AverageLbd=30.62179540709812
%%%mzn-stat: 2AutonomousSearchNumBackupCalled=56648
%%%mzn-stat: 2AutonomousSearchNumPredicatesRemoved=0
%%%mzn-stat: 2AutonomousSearchNumCalls=56679
%%%mzn-stat: 2AutonomousSearchNumPredicatesAdded=21009
%%%mzn-stat: 2AutonomousSearchAverageSizeOfHeap=1.759522927362868
%%%mzn-stat: 2AutonomousSearchNumAssignedPredicatesEncountered=99728
%%%mzn-stat-end
maxleg = 273;
succ = array1d(1..100,[2, 3, 7, 16, 35, 21, 10, 15, 14, 9, 38, 1, 22, 18, 19, 5, 25, 17, 31, 8, 12, 29, 24, 30, 23, 49, 6, 27, 20, 26, 33, 36, 34, 40, 43, 13, 32, 59, 28, 39, 53, 37, 47, 46, 54, 58, 50, 42, 62, 51, 52, 56, 55, 57, 64, 60, 65, 41, 48, 61, 77, 68, 45, 67, 44, 4, 72, 80, 75, 84, 11, 69, 63, 82, 86, 73, 79, 83, 100, 81, 66, 96, 71, 78, 90, 92, 89, 76, 97, 88, 87, 98, 95, 91, 70, 99, 93, 74, 94, 85]);
% time elapsed: 10.44 s
----------
%%%mzn-stat: initTime=0.032147376
%%%mzn-stat: objective=272
%%%mzn-stat: nodes=151254
%%%mzn-stat: restarts=0
%%%mzn-stat: peakDepth=2276
%%%mzn-stat: solveTime=9.277810546
%%%mzn-stat: variables=3249
%%%mzn-stat: propagators=2734
%%%mzn-stat: failures=12023
%%%mzn-stat: propagations=1119364
%%%mzn-stat: nogoods=12023
%%%mzn-stat: numAtomicConstraintsPropagated=0
%%%mzn-stat: allDifferentNumber1TotalHallSetSize=126612
%%%mzn-stat: allDifferentNumber1NumberOfConflicts=9994
%%%mzn-stat: allDifferentNumber1MaxHallSetSize=81
%%%mzn-stat: allDifferentNumber1PropagationsTotal=143675
%%%mzn-stat: allDifferentNumber1PropagationsThatFoundConflict=9994
%%%mzn-stat: circuitNumber2PropagationsThatFoundConflict=958
%%%mzn-stat: circuitNumber2TotalFixedEdgesAtConflict=87263
%%%mzn-stat: circuitNumber2NumberOfConflicts=958
%%%mzn-stat: circuitNumber2PropagationsThatPruned=3237
%%%mzn-stat: circuitNumber2PropagationsTotal=93008
%%%mzn-stat: AverageConflictSize=26.08741578640938
%%%mzn-stat: NumUnitNogoodsLearned=0
%%%mzn-stat: AverageLearnedNogoodLength=48.840139732179985
%%%mzn-stat: AverageBacktrackAmount=0
%%%mzn-stat: AverageLbd=30.61881393994843
%%%mzn-stat: 2AutonomousSearchNumBackupCalled=58256
%%%mzn-stat: 2AutonomousSearchNumPredicatesRemoved=0
%%%mzn-stat: 2AutonomousSearchNumCalls=58288
%%%mzn-stat: 2AutonomousSearchNumPredicatesAdded=22117
%%%mzn-stat: 2AutonomousSearchAverageSizeOfHeap=1.789270518803184
%%%mzn-stat: 2AutonomousSearchNumAssignedPredicatesEncountered=104293
%%%mzn-stat-end
maxleg = 272;
succ = array1d(1..100,[2, 3, 7, 16, 35, 21, 10, 15, 14, 9, 38, 1, 22, 18, 19, 5, 25, 17, 31, 8, 12, 29, 24, 30, 23, 49, 6, 27, 20, 26, 33, 36, 34, 40, 43, 13, 32, 59, 28, 39, 53, 37, 47, 46, 54, 58, 50, 42, 62, 51, 52, 56, 55, 57, 64, 60, 65, 41, 48, 61, 77, 68, 45, 67, 72, 4, 74, 80, 44, 84, 11, 82, 63, 88, 69, 73, 79, 83, 100, 81, 66, 96, 71, 78, 90, 75, 89, 76, 97, 98, 87, 86, 95, 91, 70, 99, 93, 92, 94, 85]);
% time elapsed: 10.48 s
----------
%%%mzn-stat: initTime=0.032147376
%%%mzn-stat: objective=271
%%%mzn-stat: nodes=153781
%%%mzn-stat: restarts=0
%%%mzn-stat: peakDepth=2276
%%%mzn-stat: solveTime=9.575675241999999
%%%mzn-stat: variables=3249
%%%mzn-stat: propagators=2734
%%%mzn-stat: failures=12669
%%%mzn-stat: propagations=1152062
%%%mzn-stat: nogoods=12669
%%%mzn-stat: numAtomicConstraintsPropagated=0
%%%mzn-stat: allDifferentNumber1TotalHallSetSize=132692
%%%mzn-stat: allDifferentNumber1NumberOfConflicts=10505
%%%mzn-stat: allDifferentNumber1MaxHallSetSize=81
%%%mzn-stat: allDifferentNumber1PropagationsTotal=145689
%%%mzn-stat: allDifferentNumber1PropagationsThatFoundConflict=10505
%%%mzn-stat: circuitNumber2PropagationsThatFoundConflict=1007
%%%mzn-stat: circuitNumber2TotalFixedEdgesAtConflict=91794
%%%mzn-stat: circuitNumber2NumberOfConflicts=1007
%%%mzn-stat: circuitNumber2PropagationsThatPruned=3283
%%%mzn-stat: circuitNumber2PropagationsTotal=93892
%%%mzn-stat: AverageConflictSize=26.99194885152735
%%%mzn-stat: NumUnitNogoodsLearned=0
%%%mzn-stat: AverageLearnedNogoodLength=50.172783960849316
%%%mzn-stat: AverageBacktrackAmount=0
%%%mzn-stat: AverageLbd=30.96195437682532
%%%mzn-stat: 2AutonomousSearchNumBackupCalled=59828
%%%mzn-stat: 2AutonomousSearchNumPredicatesRemoved=0
%%%mzn-stat: 2AutonomousSearchNumCalls=59861
%%%mzn-stat: 2AutonomousSearchNumPredicatesAdded=23445
%%%mzn-stat: 2AutonomousSearchAverageSizeOfHeap=1.8187801740699288
%%%mzn-stat: 2AutonomousSearchNumAssignedPredicatesEncountered=108874
%%%mzn-stat-end
maxleg = 271;
succ = array1d(1..100,[2, 3, 7, 16, 35, 21, 10, 15, 14, 9, 38, 1, 22, 18, 19, 5, 25, 17, 31, 8, 12, 29, 24, 30, 23, 49, 6, 27, 20, 26, 33, 36, 34, 40, 43, 13, 32, 59, 28, 39, 53, 37, 47, 46, 54, 58, 50, 42, 62, 51, 52, 56, 55, 57, 64, 60, 65, 41, 48, 61, 77, 68, 45, 67, 72, 4, 74, 80, 44, 84, 11, 98, 63, 82, 69, 73, 79, 83, 100, 93, 66, 96, 71, 78, 81, 75, 89, 90, 88, 85, 87, 86, 97, 91, 70, 99, 76, 92, 94, 95]);
% time elapsed: 10.78 s
----------
=====ERROR=====
% time elapsed: 1236.64 s
