%%%mzn-stat: initTime=0.014882793
%%%mzn-stat: objective=357
%%%mzn-stat: nodes=41449
%%%mzn-stat: restarts=2
%%%mzn-stat: peakDepth=1315
%%%mzn-stat: solveTime=46.577274501
%%%mzn-stat: variables=1829
%%%mzn-stat: propagators=1474
%%%mzn-stat: failures=32240
%%%mzn-stat: propagations=1107466
%%%mzn-stat: nogoods=32240
%%%mzn-stat: AverageConflictSize=79.54928660049627
%%%mzn-stat: NumUnitNogoodsLearned=149
%%%mzn-stat: AverageLearnedNogoodLength=184.39916253101737
%%%mzn-stat: AverageBacktrackAmount=0
%%%mzn-stat: AverageLbd=47.815043424317615
%%%mzn-stat-end
maxleg = 357;
succ = array1d(1..150,[36, 113, 135, 117, 75, 116, 69, 145, 122, 81, 115, 1, 94, 19, 150, 76, 56, 41, 80, 90, 118, 60, 79, 35, 100, 15, 68, 31, 99, 127, 125, 47, 120, 131, 146, 138, 64, 7, 17, 55, 86, 14, 42, 92, 97, 139, 39, 140, 108, 52, 25, 40, 84, 51, 23, 129, 72, 121, 33, 57, 32, 123, 62, 137, 9, 65, 73, 22, 93, 34, 4, 83, 82, 102, 77, 18, 149, 112, 49, 87, 143, 109, 16, 12, 5, 126, 50, 27, 48, 24, 63, 29, 111, 30, 141, 89, 96, 103, 106, 134, 119, 85, 128, 133, 104, 67, 2, 70, 59, 61, 105, 110, 28, 46, 6, 71, 8, 98, 114, 21, 130, 10, 11, 37, 101, 124, 54, 107, 144, 53, 142, 43, 3, 148, 147, 44, 136, 13, 132, 88, 26, 78, 20, 91, 66, 58, 74, 95, 45, 38]);
% time elapsed: 55.44 s
----------
%%%mzn-stat: initTime=0.014882793
%%%mzn-stat: objective=204
%%%mzn-stat: nodes=68943
%%%mzn-stat: restarts=4
%%%mzn-stat: peakDepth=1315
%%%mzn-stat: solveTime=74.988456822
%%%mzn-stat: variables=1829
%%%mzn-stat: propagators=1474
%%%mzn-stat: failures=55557
%%%mzn-stat: propagations=1575198
%%%mzn-stat: nogoods=55557
%%%mzn-stat: AverageConflictSize=53.18733912918264
%%%mzn-stat: NumUnitNogoodsLearned=149
%%%mzn-stat: AverageLearnedNogoodLength=156.87502924923953
%%%mzn-stat: AverageBacktrackAmount=0
%%%mzn-stat: AverageLbd=45.059812444876435
%%%mzn-stat-end
maxleg = 204;
succ = array1d(1..150,[36, 113, 135, 117, 75, 116, 69, 145, 122, 81, 115, 1, 94, 19, 150, 76, 56, 41, 80, 90, 118, 60, 79, 35, 100, 140, 16, 31, 99, 127, 125, 47, 120, 131, 146, 138, 64, 7, 17, 55, 86, 14, 42, 92, 97, 139, 39, 147, 108, 52, 25, 40, 84, 51, 23, 129, 72, 121, 33, 57, 32, 123, 62, 137, 9, 65, 73, 22, 93, 34, 4, 83, 82, 102, 68, 18, 89, 112, 49, 87, 143, 109, 26, 12, 5, 126, 50, 27, 48, 24, 63, 29, 111, 30, 141, 3, 96, 103, 106, 134, 119, 85, 128, 133, 104, 67, 2, 70, 59, 61, 105, 110, 28, 46, 6, 71, 8, 98, 114, 21, 130, 10, 11, 37, 101, 124, 54, 107, 144, 53, 142, 43, 45, 148, 149, 44, 136, 13, 132, 88, 15, 78, 20, 91, 66, 58, 74, 95, 77, 38]);
% time elapsed: 83.84 s
----------
%%%mzn-stat: initTime=0.014882793
%%%mzn-stat: objective=166
%%%mzn-stat: nodes=70514
%%%mzn-stat: restarts=4
%%%mzn-stat: peakDepth=1315
%%%mzn-stat: solveTime=75.201635296
%%%mzn-stat: variables=1829
%%%mzn-stat: propagators=1474
%%%mzn-stat: failures=55714
%%%mzn-stat: propagations=1584472
%%%mzn-stat: nogoods=55714
%%%mzn-stat: AverageConflictSize=53.11785188641993
%%%mzn-stat: NumUnitNogoodsLearned=149
%%%mzn-stat: AverageLearnedNogoodLength=156.59371073697812
%%%mzn-stat: AverageBacktrackAmount=0
%%%mzn-stat: AverageLbd=44.973399863589044
%%%mzn-stat-end
maxleg = 166;
succ = array1d(1..150,[36, 113, 135, 117, 75, 116, 69, 145, 108, 81, 115, 1, 107, 80, 150, 76, 56, 41, 79, 90, 124, 60, 40, 35, 100, 140, 18, 31, 86, 120, 125, 47, 118, 131, 139, 138, 64, 7, 17, 52, 72, 14, 42, 67, 97, 130, 39, 147, 23, 12, 25, 87, 84, 51, 19, 129, 68, 121, 33, 57, 32, 122, 62, 137, 9, 65, 73, 27, 93, 34, 4, 83, 82, 102, 48, 22, 89, 112, 49, 55, 143, 106, 26, 94, 5, 126, 50, 16, 74, 24, 123, 29, 111, 30, 141, 45, 71, 103, 92, 134, 119, 85, 128, 133, 104, 99, 2, 70, 59, 61, 105, 110, 28, 46, 6, 63, 8, 98, 114, 21, 146, 10, 11, 37, 101, 109, 54, 127, 144, 58, 142, 43, 3, 148, 149, 44, 136, 13, 132, 15, 88, 78, 20, 91, 66, 53, 96, 95, 77, 38]);
% time elapsed: 84.06 s
----------
==========
% time elapsed: 84.06 s
%%%mzn-stat: initTime=0.014882793
%%%mzn-stat: objective=166
%%%mzn-stat: nodes=70514
%%%mzn-stat: restarts=4
%%%mzn-stat: peakDepth=1315
%%%mzn-stat: solveTime=75.2023154
%%%mzn-stat: variables=1829
%%%mzn-stat: propagators=1474
%%%mzn-stat: failures=55715
%%%mzn-stat: propagations=1584664
%%%mzn-stat: nogoods=55715
%%%mzn-stat: AverageConflictSize=53.117365161985106
%%%mzn-stat: NumUnitNogoodsLearned=150
%%%mzn-stat: AverageLearnedNogoodLength=156.590918065153
%%%mzn-stat: AverageBacktrackAmount=0
%%%mzn-stat: AverageLbd=44.97261060755631
%%%mzn-stat-end
