% Logging successfully configured
=====UNKNOWN=====
% time elapsed: 1799.70 s
%%%mzn-stat: initTime=0.042240745
%%%mzn-stat: nodes=5282999
%%%mzn-stat: restarts=0
%%%mzn-stat: peakDepth=86
%%%mzn-stat: solveTime=1791.478912106
%%%mzn-stat: variables=2483
%%%mzn-stat: propagators=7004
%%%mzn-stat: failures=3749963
%%%mzn-stat: propagations=2890003295
%%%mzn-stat: nogoods=3749963
%%%mzn-stat: numAtomicConstraintsPropagated=0
%%%mzn-stat: circuitNumber4951PropagationsThatFoundConflict=673069
%%%mzn-stat: circuitNumber4951TotalFixedEdgesAtConflict=61772134
%%%mzn-stat: circuitNumber4951NumberOfConflicts=673069
%%%mzn-stat: circuitNumber4951PropagationsThatPruned=1852689
%%%mzn-stat: circuitNumber4951PropagationsTotal=8081541
%%%mzn-stat: AverageConflictSize=10.56177727620246
%%%mzn-stat: NumUnitNogoodsLearned=0
%%%mzn-stat: AverageLearnedNogoodLength=35.832296211989295
%%%mzn-stat: AverageBacktrackAmount=0
%%%mzn-stat: AverageLbd=18.45963520173399
%%%mzn-stat: 2AutonomousSearchNumBackupCalled=0
%%%mzn-stat: 2AutonomousSearchNumPredicatesRemoved=0
%%%mzn-stat: 2AutonomousSearchNumCalls=0
%%%mzn-stat: 2AutonomousSearchNumPredicatesAdded=1735
%%%mzn-stat: 2AutonomousSearchAverageSizeOfHeap=0
%%%mzn-stat: 2AutonomousSearchNumAssignedPredicatesEncountered=0
%%%mzn-stat-end
