%%%mzn-stat: initTime=0.017487847
%%%mzn-stat: objective=662
%%%mzn-stat: nodes=16965
%%%mzn-stat: restarts=2
%%%mzn-stat: peakDepth=800
%%%mzn-stat: solveTime=11.46609107
%%%mzn-stat: variables=1754
%%%mzn-stat: propagators=1396
%%%mzn-stat: failures=14525
%%%mzn-stat: propagations=770316
%%%mzn-stat: nogoods=14525
%%%mzn-stat: AverageConflictSize=43.93810671256455
%%%mzn-stat: NumUnitNogoodsLearned=157
%%%mzn-stat: AverageLearnedNogoodLength=77.86464716006884
%%%mzn-stat: AverageBacktrackAmount=0
%%%mzn-stat: AverageLbd=25.697831325301205
%%%mzn-stat-end
maxleg = 662;
succ = array1d(1..100,[91, 51, 6, 38, 71, 73, 16, 96, 7, 37, 44, 53, 66, 55, 43, 88, 18, 77, 33, 41, 69, 35, 97, 90, 64, 54, 14, 95, 20, 61, 26, 87, 27, 45, 100, 57, 4, 65, 49, 23, 22, 47, 70, 40, 1, 36, 72, 83, 68, 81, 10, 93, 56, 11, 5, 59, 15, 12, 28, 89, 74, 8, 79, 42, 84, 32, 24, 58, 92, 85, 13, 82, 19, 31, 50, 52, 67, 86, 46, 39, 2, 9, 63, 29, 78, 80, 30, 3, 98, 60, 62, 48, 75, 76, 17, 94, 21, 34, 25, 99]);
% time elapsed: 16.98 s
----------
%%%mzn-stat: initTime=0.017487847
%%%mzn-stat: objective=158
%%%mzn-stat: nodes=17793
%%%mzn-stat: restarts=2
%%%mzn-stat: peakDepth=800
%%%mzn-stat: solveTime=11.521347801
%%%mzn-stat: variables=1754
%%%mzn-stat: propagators=1396
%%%mzn-stat: failures=14552
%%%mzn-stat: propagations=775303
%%%mzn-stat: nogoods=14552
%%%mzn-stat: AverageConflictSize=43.92138537658054
%%%mzn-stat: NumUnitNogoodsLearned=157
%%%mzn-stat: AverageLearnedNogoodLength=77.84696261682242
%%%mzn-stat: AverageBacktrackAmount=0
%%%mzn-stat: AverageLbd=25.694131390874105
%%%mzn-stat-end
maxleg = 158;
succ = array1d(1..100,[91, 51, 7, 96, 52, 71, 16, 31, 88, 37, 44, 53, 73, 55, 43, 6, 18, 77, 66, 41, 69, 86, 97, 90, 64, 54, 14, 95, 20, 74, 26, 61, 27, 45, 100, 57, 4, 65, 49, 23, 22, 47, 70, 40, 1, 36, 72, 83, 68, 81, 50, 76, 56, 11, 5, 59, 15, 12, 28, 89, 99, 8, 79, 42, 84, 33, 24, 58, 92, 85, 13, 82, 19, 32, 2, 93, 67, 35, 46, 39, 94, 9, 63, 29, 78, 80, 30, 3, 98, 60, 62, 48, 75, 10, 17, 38, 21, 34, 25, 87]);
% time elapsed: 17.05 s
----------
==========
% time elapsed: 17.05 s
%%%mzn-stat: initTime=0.017487847
%%%mzn-stat: objective=158
%%%mzn-stat: nodes=17793
%%%mzn-stat: restarts=2
%%%mzn-stat: peakDepth=800
%%%mzn-stat: solveTime=11.521359708
%%%mzn-stat: variables=1754
%%%mzn-stat: propagators=1396
%%%mzn-stat: failures=14552
%%%mzn-stat: propagations=775303
%%%mzn-stat: nogoods=14552
%%%mzn-stat: AverageConflictSize=43.92138537658054
%%%mzn-stat: NumUnitNogoodsLearned=157
%%%mzn-stat: AverageLearnedNogoodLength=77.84696261682242
%%%mzn-stat: AverageBacktrackAmount=0
%%%mzn-stat: AverageLbd=25.694131390874105
%%%mzn-stat-end
