% Logging successfully configured
%%%mzn-stat: initTime=0.017116742
%%%mzn-stat: objective=1197
%%%mzn-stat: nodes=3637235
%%%mzn-stat: restarts=0
%%%mzn-stat: peakDepth=913
%%%mzn-stat: solveTime=992.248436317
%%%mzn-stat: variables=1612
%%%mzn-stat: propagators=2450
%%%mzn-stat: failures=3324117
%%%mzn-stat: propagations=835880401
%%%mzn-stat: nogoods=3324117
%%%mzn-stat: numAtomicConstraintsPropagated=0
%%%mzn-stat: circuitNumber1226PropagationsThatFoundConflict=3080586
%%%mzn-stat: circuitNumber1226TotalFixedEdgesAtConflict=141047500
%%%mzn-stat: circuitNumber1226NumberOfConflicts=3080586
%%%mzn-stat: circuitNumber1226PropagationsThatPruned=649721
%%%mzn-stat: circuitNumber1226PropagationsTotal=6436392
%%%mzn-stat: AverageConflictSize=40.92034305651696
%%%mzn-stat: NumUnitNogoodsLearned=0
%%%mzn-stat: AverageLearnedNogoodLength=38.02278710406403
%%%mzn-stat: AverageBacktrackAmount=0
%%%mzn-stat: AverageLbd=35.73021166222489
%%%mzn-stat: 2AutonomousSearchNumBackupCalled=871
%%%mzn-stat: 2AutonomousSearchNumPredicatesRemoved=0
%%%mzn-stat: 2AutonomousSearchNumCalls=872
%%%mzn-stat: 2AutonomousSearchNumPredicatesAdded=956
%%%mzn-stat: 2AutonomousSearchAverageSizeOfHeap=1.0963302752293578
%%%mzn-stat: 2AutonomousSearchNumAssignedPredicatesEncountered=956
%%%mzn-stat-end
maxleg = 1197;
succ = array1d(1..50,[2, 3, 7, 1, 4, 12, 6, 5, 10, 11, 14, 13, 15, 18, 16, 17, 9, 23, 8, 19, 27, 20, 24, 25, 26, 30, 28, 31, 22, 49, 33, 29, 34, 40, 39, 32, 36, 37, 21, 44, 45, 38, 35, 46, 48, 41, 43, 42, 50, 47]);
% time elapsed: 996.36 s
----------
%%%mzn-stat: initTime=0.017116742
%%%mzn-stat: objective=1197
%%%mzn-stat: nodes=5907962
%%%mzn-stat: restarts=0
%%%mzn-stat: peakDepth=913
%%%mzn-stat: solveTime=1795.876697141
%%%mzn-stat: variables=1612
%%%mzn-stat: propagators=2450
%%%mzn-stat: failures=5498496
%%%mzn-stat: propagations=1455922078
%%%mzn-stat: nogoods=5498496
%%%mzn-stat: numAtomicConstraintsPropagated=0
%%%mzn-stat: circuitNumber1226PropagationsThatFoundConflict=5114020
%%%mzn-stat: circuitNumber1226TotalFixedEdgesAtConflict=234370898
%%%mzn-stat: circuitNumber1226NumberOfConflicts=5114020
%%%mzn-stat: circuitNumber1226PropagationsThatPruned=1475119
%%%mzn-stat: circuitNumber1226PropagationsTotal=11007162
%%%mzn-stat: AverageConflictSize=41.503187598936144
%%%mzn-stat: NumUnitNogoodsLearned=0
%%%mzn-stat: AverageLearnedNogoodLength=38.44152273639919
%%%mzn-stat: AverageBacktrackAmount=0
%%%mzn-stat: AverageLbd=36.20728850216496
%%%mzn-stat: 2AutonomousSearchNumBackupCalled=871
%%%mzn-stat: 2AutonomousSearchNumPredicatesRemoved=0
%%%mzn-stat: 2AutonomousSearchNumCalls=872
%%%mzn-stat: 2AutonomousSearchNumPredicatesAdded=1928
%%%mzn-stat: 2AutonomousSearchAverageSizeOfHeap=1.0963302752293578
%%%mzn-stat: 2AutonomousSearchNumAssignedPredicatesEncountered=956
%%%mzn-stat-end
