% Logging successfully configured
%%%mzn-stat: initTime=0.021315171
%%%mzn-stat: objective=1269
%%%mzn-stat: nodes=1267
%%%mzn-stat: restarts=0
%%%mzn-stat: peakDepth=1267
%%%mzn-stat: solveTime=0.022380045
%%%mzn-stat: variables=2741
%%%mzn-stat: propagators=1817
%%%mzn-stat: failures=0
%%%mzn-stat: propagations=5831
%%%mzn-stat: nogoods=0
%%%mzn-stat: numAtomicConstraintsPropagated=0
%%%mzn-stat: allDifferentNumber1PropagationsTotal=168
%%%mzn-stat: allDifferentNumber1PropagationsThatFoundConflict=0
%%%mzn-stat: allDifferentNumber1PropagationsThatPruned=85
%%%mzn-stat: allDifferentNumber1TotalValuesPruned=626
%%%mzn-stat: allDifferentNumber1TotalHallSetSizeConflict=0
%%%mzn-stat: allDifferentNumber1NumberOfConflicts=0
%%%mzn-stat: allDifferentNumber1MaxHallSetSizeConflict=0
%%%mzn-stat: allDifferentNumber1TotalPruningHallSetSize=5710
%%%mzn-stat: allDifferentNumber1NumberOfPruningExplanations=626
%%%mzn-stat: allDifferentNumber1MaxPruningHallSetSize=149
%%%mzn-stat: allDifferentNumber1TotalFixedEdgesAtConflict=0
%%%mzn-stat: allDifferentNumber1TotalVarsInvolvedInPruning=555
%%%mzn-stat: allDifferentNumber1MaxValuesPrunedFromSingleVar=13
%%%mzn-stat: allDifferentNumber1TotalSccSizeAtPruning=1383
%%%mzn-stat: allDifferentNumber1NumberOfSccPruningCalls=85
%%%mzn-stat: circuitNumber2PropagationsThatFoundConflict=0
%%%mzn-stat: circuitNumber2TotalFixedEdgesAtConflict=0
%%%mzn-stat: circuitNumber2NumberOfConflicts=0
%%%mzn-stat: circuitNumber2PropagationsThatPruned=3
%%%mzn-stat: circuitNumber2PropagationsTotal=86
%%%mzn-stat: AverageConflictSize=0
%%%mzn-stat: NumUnitNogoodsLearned=0
%%%mzn-stat: AverageLearnedNogoodLength=0
%%%mzn-stat: AverageBacktrackAmount=0
%%%mzn-stat: AverageLbd=0
%%%mzn-stat: 2AutonomousSearchNumBackupCalled=1185
%%%mzn-stat: 2AutonomousSearchNumPredicatesRemoved=0
%%%mzn-stat: 2AutonomousSearchNumCalls=1186
%%%mzn-stat: 2AutonomousSearchNumPredicatesAdded=0
%%%mzn-stat: 2AutonomousSearchAverageSizeOfHeap=0
%%%mzn-stat: 2AutonomousSearchNumAssignedPredicatesEncountered=0
%%%mzn-stat-end
maxleg = 1269;
succ = array1d(1..150,[18, 84, 10, 22, 38, 8, 43, 14, 51, 59, 15, 66, 31, 21, 5, 12, 16, 106, 1, 50, 7, 70, 26, 30, 24, 32, 20, 42, 135, 33, 52, 40, 103, 56, 11, 61, 2, 44, 6, 132, 4, 117, 28, 3, 9, 49, 48, 75, 19, 104, 39, 79, 105, 72, 13, 101, 36, 115, 69, 17, 34, 80, 67, 116, 29, 53, 23, 45, 46, 112, 58, 41, 90, 141, 27, 68, 119, 88, 60, 114, 78, 71, 54, 94, 93, 130, 129, 126, 74, 148, 97, 62, 57, 147, 121, 91, 89, 133, 76, 92, 55, 86, 82, 77, 64, 122, 99, 35, 137, 128, 47, 111, 138, 125, 145, 124, 136, 139, 118, 108, 134, 96, 144, 113, 123, 100, 85, 83, 63, 127, 87, 81, 131, 110, 143, 37, 150, 95, 109, 73, 107, 65, 120, 140, 142, 149, 146, 25, 102, 98]);
% time elapsed: 1.38 s
----------
%%%mzn-stat: initTime=0.021315171
%%%mzn-stat: objective=1240
%%%mzn-stat: nodes=2517
%%%mzn-stat: restarts=0
%%%mzn-stat: peakDepth=1267
%%%mzn-stat: solveTime=0.050725022
%%%mzn-stat: variables=2741
%%%mzn-stat: propagators=1817
%%%mzn-stat: failures=3
%%%mzn-stat: propagations=9100
%%%mzn-stat: nogoods=3
%%%mzn-stat: numAtomicConstraintsPropagated=0
%%%mzn-stat: allDifferentNumber1PropagationsTotal=347
%%%mzn-stat: allDifferentNumber1PropagationsThatFoundConflict=0
%%%mzn-stat: allDifferentNumber1PropagationsThatPruned=176
%%%mzn-stat: allDifferentNumber1TotalValuesPruned=1325
%%%mzn-stat: allDifferentNumber1TotalHallSetSizeConflict=0
%%%mzn-stat: allDifferentNumber1NumberOfConflicts=0
%%%mzn-stat: allDifferentNumber1MaxHallSetSizeConflict=0
%%%mzn-stat: allDifferentNumber1TotalPruningHallSetSize=10268
%%%mzn-stat: allDifferentNumber1NumberOfPruningExplanations=1325
%%%mzn-stat: allDifferentNumber1MaxPruningHallSetSize=149
%%%mzn-stat: allDifferentNumber1TotalFixedEdgesAtConflict=0
%%%mzn-stat: allDifferentNumber1TotalVarsInvolvedInPruning=1160
%%%mzn-stat: allDifferentNumber1MaxValuesPrunedFromSingleVar=13
%%%mzn-stat: allDifferentNumber1TotalSccSizeAtPruning=2916
%%%mzn-stat: allDifferentNumber1NumberOfSccPruningCalls=176
%%%mzn-stat: circuitNumber2PropagationsThatFoundConflict=3
%%%mzn-stat: circuitNumber2TotalFixedEdgesAtConflict=434
%%%mzn-stat: circuitNumber2NumberOfConflicts=3
%%%mzn-stat: circuitNumber2PropagationsThatPruned=6
%%%mzn-stat: circuitNumber2PropagationsTotal=177
%%%mzn-stat: AverageConflictSize=59
%%%mzn-stat: NumUnitNogoodsLearned=0
%%%mzn-stat: AverageLearnedNogoodLength=83.66666666666667
%%%mzn-stat: AverageBacktrackAmount=0
%%%mzn-stat: AverageLbd=52
%%%mzn-stat: 2AutonomousSearchNumBackupCalled=2347
%%%mzn-stat: 2AutonomousSearchNumPredicatesRemoved=0
%%%mzn-stat: 2AutonomousSearchNumCalls=2349
%%%mzn-stat: 2AutonomousSearchNumPredicatesAdded=960
%%%mzn-stat: 2AutonomousSearchAverageSizeOfHeap=0.4086845466155811
%%%mzn-stat: 2AutonomousSearchNumAssignedPredicatesEncountered=960
%%%mzn-stat-end
maxleg = 1240;
succ = array1d(1..150,[18, 84, 10, 22, 38, 8, 43, 14, 51, 59, 15, 66, 31, 21, 5, 12, 16, 106, 1, 50, 7, 70, 26, 30, 24, 32, 20, 42, 135, 33, 52, 40, 103, 56, 11, 61, 2, 44, 6, 132, 4, 117, 28, 3, 9, 49, 48, 75, 19, 104, 39, 79, 105, 72, 13, 101, 36, 115, 69, 17, 34, 80, 123, 116, 29, 53, 23, 45, 46, 112, 58, 41, 90, 141, 27, 68, 119, 88, 60, 114, 78, 71, 54, 94, 93, 130, 96, 126, 74, 148, 97, 62, 57, 137, 121, 67, 129, 147, 76, 92, 55, 86, 82, 133, 64, 122, 99, 35, 100, 128, 47, 111, 138, 108, 145, 77, 136, 139, 118, 91, 134, 124, 144, 113, 89, 25, 85, 83, 63, 127, 87, 81, 131, 110, 143, 37, 150, 95, 109, 73, 107, 65, 120, 140, 142, 149, 146, 125, 102, 98]);
% time elapsed: 1.41 s
----------
%%%mzn-stat: initTime=0.021315171
%%%mzn-stat: objective=1116
%%%mzn-stat: nodes=3753
%%%mzn-stat: restarts=0
%%%mzn-stat: peakDepth=1267
%%%mzn-stat: solveTime=0.074048026
%%%mzn-stat: variables=2741
%%%mzn-stat: propagators=1817
%%%mzn-stat: failures=4
%%%mzn-stat: propagations=12213
%%%mzn-stat: nogoods=4
%%%mzn-stat: numAtomicConstraintsPropagated=0
%%%mzn-stat: allDifferentNumber1PropagationsTotal=519
%%%mzn-stat: allDifferentNumber1PropagationsThatFoundConflict=0
%%%mzn-stat: allDifferentNumber1PropagationsThatPruned=262
%%%mzn-stat: allDifferentNumber1TotalValuesPruned=1927
%%%mzn-stat: allDifferentNumber1TotalHallSetSizeConflict=0
%%%mzn-stat: allDifferentNumber1NumberOfConflicts=0
%%%mzn-stat: allDifferentNumber1MaxHallSetSizeConflict=0
%%%mzn-stat: allDifferentNumber1TotalPruningHallSetSize=13604
%%%mzn-stat: allDifferentNumber1NumberOfPruningExplanations=1927
%%%mzn-stat: allDifferentNumber1MaxPruningHallSetSize=149
%%%mzn-stat: allDifferentNumber1TotalFixedEdgesAtConflict=0
%%%mzn-stat: allDifferentNumber1TotalVarsInvolvedInPruning=1708
%%%mzn-stat: allDifferentNumber1MaxValuesPrunedFromSingleVar=13
%%%mzn-stat: allDifferentNumber1TotalSccSizeAtPruning=4324
%%%mzn-stat: allDifferentNumber1NumberOfSccPruningCalls=262
%%%mzn-stat: circuitNumber2PropagationsThatFoundConflict=4
%%%mzn-stat: circuitNumber2TotalFixedEdgesAtConflict=580
%%%mzn-stat: circuitNumber2NumberOfConflicts=4
%%%mzn-stat: circuitNumber2PropagationsThatPruned=7
%%%mzn-stat: circuitNumber2PropagationsTotal=264
%%%mzn-stat: AverageConflictSize=54.5
%%%mzn-stat: NumUnitNogoodsLearned=0
%%%mzn-stat: AverageLearnedNogoodLength=79.25
%%%mzn-stat: AverageBacktrackAmount=0
%%%mzn-stat: AverageLbd=51.75
%%%mzn-stat: 2AutonomousSearchNumBackupCalled=3497
%%%mzn-stat: 2AutonomousSearchNumPredicatesRemoved=0
%%%mzn-stat: 2AutonomousSearchNumCalls=3500
%%%mzn-stat: 2AutonomousSearchNumPredicatesAdded=1226
%%%mzn-stat: 2AutonomousSearchAverageSizeOfHeap=0.5648571428571428
%%%mzn-stat: 2AutonomousSearchNumAssignedPredicatesEncountered=1977
%%%mzn-stat-end
maxleg = 1116;
succ = array1d(1..150,[18, 84, 10, 22, 38, 8, 43, 14, 51, 59, 15, 66, 31, 21, 5, 12, 16, 106, 1, 50, 7, 70, 26, 30, 24, 32, 20, 42, 135, 33, 52, 40, 103, 56, 11, 61, 2, 44, 6, 132, 4, 117, 28, 3, 9, 49, 48, 75, 19, 104, 39, 79, 105, 72, 13, 101, 36, 115, 69, 17, 34, 80, 123, 116, 29, 53, 23, 45, 46, 112, 58, 41, 90, 141, 27, 68, 119, 88, 60, 114, 78, 71, 54, 94, 93, 130, 96, 126, 74, 148, 97, 62, 57, 147, 121, 67, 129, 111, 76, 92, 113, 86, 82, 133, 64, 122, 99, 35, 137, 128, 47, 55, 138, 108, 145, 77, 136, 139, 118, 91, 134, 124, 144, 25, 89, 100, 85, 83, 63, 127, 87, 81, 131, 110, 143, 37, 150, 95, 109, 73, 107, 65, 120, 140, 142, 149, 146, 125, 102, 98]);
% time elapsed: 1.43 s
----------
%%%mzn-stat: initTime=0.021315171
%%%mzn-stat: objective=1078
%%%mzn-stat: nodes=4974
%%%mzn-stat: restarts=0
%%%mzn-stat: peakDepth=1267
%%%mzn-stat: solveTime=0.102349089
%%%mzn-stat: variables=2741
%%%mzn-stat: propagators=1817
%%%mzn-stat: failures=7
%%%mzn-stat: propagations=15420
%%%mzn-stat: nogoods=7
%%%mzn-stat: numAtomicConstraintsPropagated=0
%%%mzn-stat: allDifferentNumber1PropagationsTotal=699
%%%mzn-stat: allDifferentNumber1PropagationsThatFoundConflict=0
%%%mzn-stat: allDifferentNumber1PropagationsThatPruned=354
%%%mzn-stat: allDifferentNumber1TotalValuesPruned=2535
%%%mzn-stat: allDifferentNumber1TotalHallSetSizeConflict=0
%%%mzn-stat: allDifferentNumber1NumberOfConflicts=0
%%%mzn-stat: allDifferentNumber1MaxHallSetSizeConflict=0
%%%mzn-stat: allDifferentNumber1TotalPruningHallSetSize=16952
%%%mzn-stat: allDifferentNumber1NumberOfPruningExplanations=2535
%%%mzn-stat: allDifferentNumber1MaxPruningHallSetSize=149
%%%mzn-stat: allDifferentNumber1TotalFixedEdgesAtConflict=0
%%%mzn-stat: allDifferentNumber1TotalVarsInvolvedInPruning=2267
%%%mzn-stat: allDifferentNumber1MaxValuesPrunedFromSingleVar=13
%%%mzn-stat: allDifferentNumber1TotalSccSizeAtPruning=5780
%%%mzn-stat: allDifferentNumber1NumberOfSccPruningCalls=354
%%%mzn-stat: circuitNumber2PropagationsThatFoundConflict=7
%%%mzn-stat: circuitNumber2TotalFixedEdgesAtConflict=1019
%%%mzn-stat: circuitNumber2NumberOfConflicts=7
%%%mzn-stat: circuitNumber2PropagationsThatPruned=9
%%%mzn-stat: circuitNumber2PropagationsTotal=356
%%%mzn-stat: AverageConflictSize=66
%%%mzn-stat: NumUnitNogoodsLearned=0
%%%mzn-stat: AverageLearnedNogoodLength=82.28571428571429
%%%mzn-stat: AverageBacktrackAmount=0
%%%mzn-stat: AverageLbd=55
%%%mzn-stat: 2AutonomousSearchNumBackupCalled=4630
%%%mzn-stat: 2AutonomousSearchNumPredicatesRemoved=0
%%%mzn-stat: 2AutonomousSearchNumCalls=4634
%%%mzn-stat: 2AutonomousSearchNumPredicatesAdded=1682
%%%mzn-stat: 2AutonomousSearchAverageSizeOfHeap=0.6545101424255503
%%%mzn-stat: 2AutonomousSearchNumAssignedPredicatesEncountered=3033
%%%mzn-stat-end
maxleg = 1078;
succ = array1d(1..150,[18, 84, 10, 22, 38, 8, 43, 14, 51, 59, 15, 66, 31, 21, 5, 12, 16, 106, 1, 50, 7, 70, 26, 30, 24, 32, 20, 42, 135, 33, 52, 40, 103, 56, 11, 61, 2, 44, 6, 132, 4, 117, 28, 3, 9, 49, 48, 75, 19, 104, 39, 79, 105, 72, 13, 101, 36, 115, 69, 17, 34, 80, 123, 116, 29, 53, 23, 45, 46, 112, 58, 41, 90, 141, 27, 68, 119, 88, 60, 114, 78, 71, 54, 94, 93, 130, 96, 126, 74, 148, 97, 62, 57, 147, 121, 67, 129, 133, 76, 92, 113, 86, 82, 77, 64, 122, 99, 35, 137, 128, 47, 55, 111, 108, 145, 124, 136, 139, 118, 91, 134, 138, 144, 25, 89, 100, 85, 83, 63, 127, 87, 81, 131, 110, 143, 37, 150, 95, 109, 73, 107, 65, 120, 140, 142, 149, 146, 125, 102, 98]);
% time elapsed: 1.47 s
----------
%%%mzn-stat: initTime=0.021315171
%%%mzn-stat: objective=1050
%%%mzn-stat: nodes=6191
%%%mzn-stat: restarts=0
%%%mzn-stat: peakDepth=1267
%%%mzn-stat: solveTime=0.126324448
%%%mzn-stat: variables=2741
%%%mzn-stat: propagators=1817
%%%mzn-stat: failures=7
%%%mzn-stat: propagations=18517
%%%mzn-stat: nogoods=7
%%%mzn-stat: numAtomicConstraintsPropagated=0
%%%mzn-stat: allDifferentNumber1PropagationsTotal=863
%%%mzn-stat: allDifferentNumber1PropagationsThatFoundConflict=0
%%%mzn-stat: allDifferentNumber1PropagationsThatPruned=436
%%%mzn-stat: allDifferentNumber1TotalValuesPruned=3119
%%%mzn-stat: allDifferentNumber1TotalHallSetSizeConflict=0
%%%mzn-stat: allDifferentNumber1NumberOfConflicts=0
%%%mzn-stat: allDifferentNumber1MaxHallSetSizeConflict=0
%%%mzn-stat: allDifferentNumber1TotalPruningHallSetSize=19923
%%%mzn-stat: allDifferentNumber1NumberOfPruningExplanations=3119
%%%mzn-stat: allDifferentNumber1MaxPruningHallSetSize=149
%%%mzn-stat: allDifferentNumber1TotalFixedEdgesAtConflict=0
%%%mzn-stat: allDifferentNumber1TotalVarsInvolvedInPruning=2801
%%%mzn-stat: allDifferentNumber1MaxValuesPrunedFromSingleVar=13
%%%mzn-stat: allDifferentNumber1TotalSccSizeAtPruning=6991
%%%mzn-stat: allDifferentNumber1NumberOfSccPruningCalls=436
%%%mzn-stat: circuitNumber2PropagationsThatFoundConflict=7
%%%mzn-stat: circuitNumber2TotalFixedEdgesAtConflict=1019
%%%mzn-stat: circuitNumber2NumberOfConflicts=7
%%%mzn-stat: circuitNumber2PropagationsThatPruned=11
%%%mzn-stat: circuitNumber2PropagationsTotal=439
%%%mzn-stat: AverageConflictSize=66
%%%mzn-stat: NumUnitNogoodsLearned=0
%%%mzn-stat: AverageLearnedNogoodLength=82.28571428571429
%%%mzn-stat: AverageBacktrackAmount=0
%%%mzn-stat: AverageLbd=55
%%%mzn-stat: 2AutonomousSearchNumBackupCalled=5765
%%%mzn-stat: 2AutonomousSearchNumPredicatesRemoved=0
%%%mzn-stat: 2AutonomousSearchNumCalls=5770
%%%mzn-stat: 2AutonomousSearchNumPredicatesAdded=1682
%%%mzn-stat: 2AutonomousSearchAverageSizeOfHeap=0.7086655112651646
%%%mzn-stat: 2AutonomousSearchNumAssignedPredicatesEncountered=4089
%%%mzn-stat-end
maxleg = 1050;
succ = array1d(1..150,[18, 84, 10, 22, 38, 8, 43, 14, 51, 59, 15, 66, 31, 21, 5, 12, 16, 106, 1, 50, 7, 70, 26, 30, 24, 32, 20, 42, 135, 33, 52, 40, 103, 56, 11, 61, 2, 44, 6, 132, 4, 117, 28, 3, 9, 49, 48, 75, 19, 104, 39, 79, 105, 72, 13, 101, 36, 115, 69, 17, 34, 80, 123, 116, 29, 53, 23, 45, 46, 112, 58, 65, 90, 141, 27, 68, 119, 88, 67, 114, 78, 71, 54, 94, 93, 130, 41, 126, 74, 148, 97, 62, 57, 147, 121, 91, 129, 133, 76, 92, 113, 86, 82, 77, 64, 122, 99, 35, 137, 128, 47, 138, 111, 125, 145, 124, 136, 139, 118, 108, 134, 96, 144, 55, 89, 100, 85, 83, 63, 127, 87, 81, 131, 110, 143, 37, 150, 95, 109, 73, 107, 60, 120, 140, 142, 149, 146, 25, 102, 98]);
% time elapsed: 1.50 s
----------
%%%mzn-stat: initTime=0.021315171
%%%mzn-stat: objective=1042
%%%mzn-stat: nodes=7405
%%%mzn-stat: restarts=0
%%%mzn-stat: peakDepth=1267
%%%mzn-stat: solveTime=0.171026717
%%%mzn-stat: variables=2741
%%%mzn-stat: propagators=1817
%%%mzn-stat: failures=16
%%%mzn-stat: propagations=22097
%%%mzn-stat: nogoods=16
%%%mzn-stat: numAtomicConstraintsPropagated=0
%%%mzn-stat: allDifferentNumber1PropagationsTotal=1055
%%%mzn-stat: allDifferentNumber1PropagationsThatFoundConflict=2
%%%mzn-stat: allDifferentNumber1PropagationsThatPruned=536
%%%mzn-stat: allDifferentNumber1TotalValuesPruned=3880
%%%mzn-stat: allDifferentNumber1TotalHallSetSizeConflict=7
%%%mzn-stat: allDifferentNumber1NumberOfConflicts=2
%%%mzn-stat: allDifferentNumber1MaxHallSetSizeConflict=5
%%%mzn-stat: allDifferentNumber1TotalPruningHallSetSize=24149
%%%mzn-stat: allDifferentNumber1NumberOfPruningExplanations=3880
%%%mzn-stat: allDifferentNumber1MaxPruningHallSetSize=149
%%%mzn-stat: allDifferentNumber1TotalFixedEdgesAtConflict=295
%%%mzn-stat: allDifferentNumber1TotalVarsInvolvedInPruning=3464
%%%mzn-stat: allDifferentNumber1MaxValuesPrunedFromSingleVar=13
%%%mzn-stat: allDifferentNumber1TotalSccSizeAtPruning=8539
%%%mzn-stat: allDifferentNumber1NumberOfSccPruningCalls=536
%%%mzn-stat: circuitNumber2PropagationsThatFoundConflict=14
%%%mzn-stat: circuitNumber2TotalFixedEdgesAtConflict=2054
%%%mzn-stat: circuitNumber2NumberOfConflicts=14
%%%mzn-stat: circuitNumber2PropagationsThatPruned=17
%%%mzn-stat: circuitNumber2PropagationsTotal=539
%%%mzn-stat: AverageConflictSize=62.375
%%%mzn-stat: NumUnitNogoodsLearned=0
%%%mzn-stat: AverageLearnedNogoodLength=100.75
%%%mzn-stat: AverageBacktrackAmount=0
%%%mzn-stat: AverageLbd=58.4375
%%%mzn-stat: 2AutonomousSearchNumBackupCalled=6890
%%%mzn-stat: 2AutonomousSearchNumPredicatesRemoved=0
%%%mzn-stat: 2AutonomousSearchNumCalls=6896
%%%mzn-stat: 2AutonomousSearchNumPredicatesAdded=3755
%%%mzn-stat: 2AutonomousSearchAverageSizeOfHeap=0.9341647331786543
%%%mzn-stat: 2AutonomousSearchNumAssignedPredicatesEncountered=6442
%%%mzn-stat-end
maxleg = 1042;
succ = array1d(1..150,[18, 84, 10, 22, 38, 8, 43, 14, 51, 59, 15, 66, 31, 21, 5, 12, 16, 106, 1, 50, 7, 70, 26, 30, 24, 32, 20, 42, 135, 33, 52, 40, 103, 56, 11, 61, 2, 44, 6, 132, 4, 117, 28, 3, 9, 49, 48, 75, 19, 104, 39, 79, 105, 72, 13, 101, 36, 115, 69, 17, 34, 116, 123, 119, 29, 53, 23, 45, 46, 80, 58, 65, 90, 141, 27, 68, 74, 88, 67, 114, 78, 71, 54, 94, 93, 130, 96, 126, 112, 148, 97, 62, 57, 147, 143, 91, 129, 113, 76, 92, 121, 82, 127, 133, 64, 122, 99, 35, 137, 128, 47, 138, 111, 125, 145, 77, 136, 139, 118, 108, 134, 124, 144, 55, 89, 100, 85, 83, 63, 41, 87, 81, 131, 110, 86, 37, 150, 95, 109, 73, 107, 60, 120, 140, 142, 149, 146, 25, 102, 98]);
% time elapsed: 1.55 s
----------
%%%mzn-stat: initTime=0.021315171
%%%mzn-stat: objective=1000
%%%mzn-stat: nodes=8573
%%%mzn-stat: restarts=0
%%%mzn-stat: peakDepth=1267
%%%mzn-stat: solveTime=0.200172908
%%%mzn-stat: variables=2741
%%%mzn-stat: propagators=1817
%%%mzn-stat: failures=18
%%%mzn-stat: propagations=25258
%%%mzn-stat: nogoods=18
%%%mzn-stat: numAtomicConstraintsPropagated=0
%%%mzn-stat: allDifferentNumber1PropagationsTotal=1221
%%%mzn-stat: allDifferentNumber1PropagationsThatFoundConflict=2
%%%mzn-stat: allDifferentNumber1PropagationsThatPruned=621
%%%mzn-stat: allDifferentNumber1TotalValuesPruned=4505
%%%mzn-stat: allDifferentNumber1TotalHallSetSizeConflict=7
%%%mzn-stat: allDifferentNumber1NumberOfConflicts=2
%%%mzn-stat: allDifferentNumber1MaxHallSetSizeConflict=5
%%%mzn-stat: allDifferentNumber1TotalPruningHallSetSize=27656
%%%mzn-stat: allDifferentNumber1NumberOfPruningExplanations=4505
%%%mzn-stat: allDifferentNumber1MaxPruningHallSetSize=149
%%%mzn-stat: allDifferentNumber1TotalFixedEdgesAtConflict=295
%%%mzn-stat: allDifferentNumber1TotalVarsInvolvedInPruning=4027
%%%mzn-stat: allDifferentNumber1MaxValuesPrunedFromSingleVar=13
%%%mzn-stat: allDifferentNumber1TotalSccSizeAtPruning=9964
%%%mzn-stat: allDifferentNumber1NumberOfSccPruningCalls=621
%%%mzn-stat: circuitNumber2PropagationsThatFoundConflict=16
%%%mzn-stat: circuitNumber2TotalFixedEdgesAtConflict=2351
%%%mzn-stat: circuitNumber2NumberOfConflicts=16
%%%mzn-stat: circuitNumber2PropagationsThatPruned=20
%%%mzn-stat: circuitNumber2PropagationsTotal=624
%%%mzn-stat: AverageConflictSize=63.388888888888886
%%%mzn-stat: NumUnitNogoodsLearned=0
%%%mzn-stat: AverageLearnedNogoodLength=98.88888888888889
%%%mzn-stat: AverageBacktrackAmount=0
%%%mzn-stat: AverageLbd=57.55555555555556
%%%mzn-stat: 2AutonomousSearchNumBackupCalled=7977
%%%mzn-stat: 2AutonomousSearchNumPredicatesRemoved=0
%%%mzn-stat: 2AutonomousSearchNumCalls=7984
%%%mzn-stat: 2AutonomousSearchNumPredicatesAdded=4191
%%%mzn-stat: 2AutonomousSearchAverageSizeOfHeap=1.1024549098196392
%%%mzn-stat: 2AutonomousSearchNumAssignedPredicatesEncountered=8802
%%%mzn-stat-end
maxleg = 1000;
succ = array1d(1..150,[18, 84, 10, 22, 38, 8, 43, 14, 51, 59, 15, 66, 31, 21, 5, 12, 16, 106, 1, 50, 7, 70, 26, 30, 24, 32, 20, 42, 135, 33, 52, 40, 103, 56, 11, 61, 2, 44, 6, 132, 4, 117, 28, 3, 9, 49, 48, 75, 19, 104, 39, 79, 105, 72, 13, 101, 36, 115, 69, 17, 34, 116, 123, 119, 140, 53, 23, 29, 46, 80, 58, 65, 90, 141, 27, 68, 74, 88, 67, 124, 78, 71, 54, 94, 93, 130, 96, 126, 112, 148, 97, 62, 57, 147, 121, 91, 129, 113, 76, 92, 55, 86, 82, 133, 64, 122, 99, 35, 137, 128, 47, 45, 111, 125, 145, 77, 136, 139, 118, 108, 134, 138, 144, 127, 89, 100, 85, 83, 63, 41, 87, 81, 131, 110, 143, 37, 150, 95, 109, 73, 107, 60, 120, 114, 142, 149, 146, 25, 102, 98]);
% time elapsed: 1.58 s
----------
%%%mzn-stat: initTime=0.021315171
%%%mzn-stat: objective=992
%%%mzn-stat: nodes=9749
%%%mzn-stat: restarts=0
%%%mzn-stat: peakDepth=1267
%%%mzn-stat: solveTime=0.225420876
%%%mzn-stat: variables=2741
%%%mzn-stat: propagators=1817
%%%mzn-stat: failures=18
%%%mzn-stat: propagations=28338
%%%mzn-stat: nogoods=18
%%%mzn-stat: numAtomicConstraintsPropagated=0
%%%mzn-stat: allDifferentNumber1PropagationsTotal=1373
%%%mzn-stat: allDifferentNumber1PropagationsThatFoundConflict=2
%%%mzn-stat: allDifferentNumber1PropagationsThatPruned=698
%%%mzn-stat: allDifferentNumber1TotalValuesPruned=5088
%%%mzn-stat: allDifferentNumber1TotalHallSetSizeConflict=7
%%%mzn-stat: allDifferentNumber1NumberOfConflicts=2
%%%mzn-stat: allDifferentNumber1MaxHallSetSizeConflict=5
%%%mzn-stat: allDifferentNumber1TotalPruningHallSetSize=30977
%%%mzn-stat: allDifferentNumber1NumberOfPruningExplanations=5088
%%%mzn-stat: allDifferentNumber1MaxPruningHallSetSize=149
%%%mzn-stat: allDifferentNumber1TotalFixedEdgesAtConflict=295
%%%mzn-stat: allDifferentNumber1TotalVarsInvolvedInPruning=4556
%%%mzn-stat: allDifferentNumber1MaxValuesPrunedFromSingleVar=13
%%%mzn-stat: allDifferentNumber1TotalSccSizeAtPruning=11297
%%%mzn-stat: allDifferentNumber1NumberOfSccPruningCalls=698
%%%mzn-stat: circuitNumber2PropagationsThatFoundConflict=16
%%%mzn-stat: circuitNumber2TotalFixedEdgesAtConflict=2351
%%%mzn-stat: circuitNumber2NumberOfConflicts=16
%%%mzn-stat: circuitNumber2PropagationsThatPruned=23
%%%mzn-stat: circuitNumber2PropagationsTotal=701
%%%mzn-stat: AverageConflictSize=63.388888888888886
%%%mzn-stat: NumUnitNogoodsLearned=0
%%%mzn-stat: AverageLearnedNogoodLength=98.88888888888889
%%%mzn-stat: AverageBacktrackAmount=0
%%%mzn-stat: AverageLbd=57.55555555555556
%%%mzn-stat: 2AutonomousSearchNumBackupCalled=9078
%%%mzn-stat: 2AutonomousSearchNumPredicatesRemoved=0
%%%mzn-stat: 2AutonomousSearchNumCalls=9086
%%%mzn-stat: 2AutonomousSearchNumPredicatesAdded=4191
%%%mzn-stat: 2AutonomousSearchAverageSizeOfHeap=1.2284833810257538
%%%mzn-stat: 2AutonomousSearchNumAssignedPredicatesEncountered=11162
%%%mzn-stat-end
maxleg = 992;
succ = array1d(1..150,[18, 84, 10, 22, 38, 8, 43, 14, 51, 59, 15, 66, 31, 21, 5, 12, 16, 106, 1, 50, 7, 70, 26, 30, 24, 32, 20, 42, 135, 33, 52, 40, 103, 56, 11, 61, 2, 44, 6, 132, 4, 117, 28, 3, 9, 49, 48, 75, 19, 104, 39, 79, 105, 72, 13, 101, 36, 115, 69, 17, 34, 116, 123, 119, 140, 53, 23, 29, 46, 80, 58, 65, 90, 141, 27, 68, 74, 88, 67, 124, 78, 71, 109, 94, 93, 130, 96, 126, 112, 148, 97, 62, 57, 147, 143, 91, 129, 113, 76, 54, 121, 82, 127, 133, 64, 122, 99, 35, 137, 128, 47, 45, 111, 125, 145, 77, 136, 139, 118, 108, 134, 138, 144, 55, 89, 100, 85, 83, 63, 41, 87, 81, 131, 110, 86, 37, 150, 95, 120, 73, 107, 60, 92, 114, 142, 149, 146, 25, 102, 98]);
% time elapsed: 1.62 s
----------
%%%mzn-stat: initTime=0.021315171
%%%mzn-stat: objective=990
%%%mzn-stat: nodes=10919
%%%mzn-stat: restarts=0
%%%mzn-stat: peakDepth=1267
%%%mzn-stat: solveTime=0.254438083
%%%mzn-stat: variables=2741
%%%mzn-stat: propagators=1817
%%%mzn-stat: failures=20
%%%mzn-stat: propagations=31543
%%%mzn-stat: nogoods=20
%%%mzn-stat: numAtomicConstraintsPropagated=0
%%%mzn-stat: allDifferentNumber1PropagationsTotal=1537
%%%mzn-stat: allDifferentNumber1PropagationsThatFoundConflict=2
%%%mzn-stat: allDifferentNumber1PropagationsThatPruned=782
%%%mzn-stat: allDifferentNumber1TotalValuesPruned=5713
%%%mzn-stat: allDifferentNumber1TotalHallSetSizeConflict=7
%%%mzn-stat: allDifferentNumber1NumberOfConflicts=2
%%%mzn-stat: allDifferentNumber1MaxHallSetSizeConflict=5
%%%mzn-stat: allDifferentNumber1TotalPruningHallSetSize=34638
%%%mzn-stat: allDifferentNumber1NumberOfPruningExplanations=5713
%%%mzn-stat: allDifferentNumber1MaxPruningHallSetSize=149
%%%mzn-stat: allDifferentNumber1TotalFixedEdgesAtConflict=295
%%%mzn-stat: allDifferentNumber1TotalVarsInvolvedInPruning=5122
%%%mzn-stat: allDifferentNumber1MaxValuesPrunedFromSingleVar=13
%%%mzn-stat: allDifferentNumber1TotalSccSizeAtPruning=12747
%%%mzn-stat: allDifferentNumber1NumberOfSccPruningCalls=782
%%%mzn-stat: circuitNumber2PropagationsThatFoundConflict=18
%%%mzn-stat: circuitNumber2TotalFixedEdgesAtConflict=2636
%%%mzn-stat: circuitNumber2NumberOfConflicts=18
%%%mzn-stat: circuitNumber2PropagationsThatPruned=28
%%%mzn-stat: circuitNumber2PropagationsTotal=786
%%%mzn-stat: AverageConflictSize=62.7
%%%mzn-stat: NumUnitNogoodsLearned=0
%%%mzn-stat: AverageLearnedNogoodLength=99.75
%%%mzn-stat: AverageBacktrackAmount=0
%%%mzn-stat: AverageLbd=57.3
%%%mzn-stat: 2AutonomousSearchNumBackupCalled=10168
%%%mzn-stat: 2AutonomousSearchNumPredicatesRemoved=0
%%%mzn-stat: 2AutonomousSearchNumCalls=10177
%%%mzn-stat: 2AutonomousSearchNumPredicatesAdded=4999
%%%mzn-stat: 2AutonomousSearchAverageSizeOfHeap=1.3476466542203007
%%%mzn-stat: 2AutonomousSearchNumAssignedPredicatesEncountered=13715
%%%mzn-stat-end
maxleg = 990;
succ = array1d(1..150,[18, 84, 10, 22, 38, 8, 43, 14, 51, 59, 15, 66, 31, 21, 5, 12, 16, 106, 1, 50, 7, 70, 26, 30, 24, 32, 20, 42, 135, 33, 52, 40, 103, 56, 11, 61, 2, 44, 6, 132, 4, 117, 28, 3, 9, 49, 48, 75, 19, 104, 39, 79, 105, 72, 13, 101, 36, 115, 69, 17, 34, 116, 123, 119, 140, 53, 23, 29, 46, 80, 58, 65, 90, 141, 27, 68, 74, 88, 67, 124, 78, 71, 109, 94, 93, 138, 41, 126, 112, 148, 97, 62, 57, 137, 121, 91, 129, 147, 76, 54, 113, 86, 82, 133, 64, 122, 99, 35, 77, 128, 47, 45, 111, 125, 145, 37, 136, 139, 118, 108, 134, 96, 144, 55, 89, 100, 85, 83, 63, 127, 87, 81, 131, 110, 143, 146, 150, 95, 120, 73, 107, 60, 92, 114, 142, 149, 130, 25, 102, 98]);
% time elapsed: 1.65 s
----------
%%%mzn-stat: initTime=0.021315171
%%%mzn-stat: objective=984
%%%mzn-stat: nodes=12071
%%%mzn-stat: restarts=0
%%%mzn-stat: peakDepth=1267
%%%mzn-stat: solveTime=0.280011613
%%%mzn-stat: variables=2741
%%%mzn-stat: propagators=1817
%%%mzn-stat: failures=20
%%%mzn-stat: propagations=34625
%%%mzn-stat: nogoods=20
%%%mzn-stat: numAtomicConstraintsPropagated=0
%%%mzn-stat: allDifferentNumber1PropagationsTotal=1695
%%%mzn-stat: allDifferentNumber1PropagationsThatFoundConflict=2
%%%mzn-stat: allDifferentNumber1PropagationsThatPruned=862
%%%mzn-stat: allDifferentNumber1TotalValuesPruned=6288
%%%mzn-stat: allDifferentNumber1TotalHallSetSizeConflict=7
%%%mzn-stat: allDifferentNumber1NumberOfConflicts=2
%%%mzn-stat: allDifferentNumber1MaxHallSetSizeConflict=5
%%%mzn-stat: allDifferentNumber1TotalPruningHallSetSize=37820
%%%mzn-stat: allDifferentNumber1NumberOfPruningExplanations=6288
%%%mzn-stat: allDifferentNumber1MaxPruningHallSetSize=149
%%%mzn-stat: allDifferentNumber1TotalFixedEdgesAtConflict=295
%%%mzn-stat: allDifferentNumber1TotalVarsInvolvedInPruning=5650
%%%mzn-stat: allDifferentNumber1MaxValuesPrunedFromSingleVar=13
%%%mzn-stat: allDifferentNumber1TotalSccSizeAtPruning=14103
%%%mzn-stat: allDifferentNumber1NumberOfSccPruningCalls=862
%%%mzn-stat: circuitNumber2PropagationsThatFoundConflict=18
%%%mzn-stat: circuitNumber2TotalFixedEdgesAtConflict=2636
%%%mzn-stat: circuitNumber2NumberOfConflicts=18
%%%mzn-stat: circuitNumber2PropagationsThatPruned=31
%%%mzn-stat: circuitNumber2PropagationsTotal=867
%%%mzn-stat: AverageConflictSize=62.7
%%%mzn-stat: NumUnitNogoodsLearned=0
%%%mzn-stat: AverageLearnedNogoodLength=99.75
%%%mzn-stat: AverageBacktrackAmount=0
%%%mzn-stat: AverageLbd=57.3
%%%mzn-stat: 2AutonomousSearchNumBackupCalled=11242
%%%mzn-stat: 2AutonomousSearchNumPredicatesRemoved=0
%%%mzn-stat: 2AutonomousSearchNumCalls=11252
%%%mzn-stat: 2AutonomousSearchNumPredicatesAdded=4999
%%%mzn-stat: 2AutonomousSearchAverageSizeOfHeap=1.4457874155705652
%%%mzn-stat: 2AutonomousSearchNumAssignedPredicatesEncountered=16268
%%%mzn-stat-end
maxleg = 984;
succ = array1d(1..150,[18, 84, 10, 22, 38, 8, 43, 14, 51, 59, 15, 66, 31, 21, 5, 12, 16, 106, 1, 50, 7, 70, 26, 30, 24, 32, 20, 42, 135, 33, 52, 40, 103, 90, 11, 56, 2, 44, 6, 132, 4, 117, 28, 3, 9, 49, 48, 75, 19, 104, 39, 79, 105, 72, 13, 101, 36, 115, 69, 17, 34, 116, 123, 119, 140, 53, 23, 29, 46, 80, 58, 65, 61, 141, 27, 68, 74, 88, 67, 124, 78, 71, 109, 94, 93, 138, 41, 126, 112, 148, 97, 62, 57, 137, 121, 91, 129, 147, 76, 54, 113, 86, 82, 133, 64, 122, 99, 35, 77, 128, 47, 45, 111, 125, 145, 37, 136, 139, 118, 108, 134, 96, 144, 55, 89, 100, 85, 83, 63, 127, 87, 81, 131, 110, 143, 146, 150, 95, 120, 73, 107, 60, 92, 114, 142, 149, 130, 25, 102, 98]);
% time elapsed: 1.68 s
----------
%%%mzn-stat: initTime=0.021315171
%%%mzn-stat: objective=976
%%%mzn-stat: nodes=13241
%%%mzn-stat: restarts=0
%%%mzn-stat: peakDepth=1267
%%%mzn-stat: solveTime=0.305118654
%%%mzn-stat: variables=2741
%%%mzn-stat: propagators=1817
%%%mzn-stat: failures=20
%%%mzn-stat: propagations=37719
%%%mzn-stat: nogoods=20
%%%mzn-stat: numAtomicConstraintsPropagated=0
%%%mzn-stat: allDifferentNumber1PropagationsTotal=1854
%%%mzn-stat: allDifferentNumber1PropagationsThatFoundConflict=2
%%%mzn-stat: allDifferentNumber1PropagationsThatPruned=942
%%%mzn-stat: allDifferentNumber1TotalValuesPruned=6862
%%%mzn-stat: allDifferentNumber1TotalHallSetSizeConflict=7
%%%mzn-stat: allDifferentNumber1NumberOfConflicts=2
%%%mzn-stat: allDifferentNumber1MaxHallSetSizeConflict=5
%%%mzn-stat: allDifferentNumber1TotalPruningHallSetSize=41701
%%%mzn-stat: allDifferentNumber1NumberOfPruningExplanations=6862
%%%mzn-stat: allDifferentNumber1MaxPruningHallSetSize=149
%%%mzn-stat: allDifferentNumber1TotalFixedEdgesAtConflict=295
%%%mzn-stat: allDifferentNumber1TotalVarsInvolvedInPruning=6166
%%%mzn-stat: allDifferentNumber1MaxValuesPrunedFromSingleVar=13
%%%mzn-stat: allDifferentNumber1TotalSccSizeAtPruning=15646
%%%mzn-stat: allDifferentNumber1NumberOfSccPruningCalls=942
%%%mzn-stat: circuitNumber2PropagationsThatFoundConflict=18
%%%mzn-stat: circuitNumber2TotalFixedEdgesAtConflict=2636
%%%mzn-stat: circuitNumber2NumberOfConflicts=18
%%%mzn-stat: circuitNumber2PropagationsThatPruned=33
%%%mzn-stat: circuitNumber2PropagationsTotal=947
%%%mzn-stat: AverageConflictSize=62.7
%%%mzn-stat: NumUnitNogoodsLearned=0
%%%mzn-stat: AverageLearnedNogoodLength=99.75
%%%mzn-stat: AverageBacktrackAmount=0
%%%mzn-stat: AverageLbd=57.3
%%%mzn-stat: 2AutonomousSearchNumBackupCalled=12333
%%%mzn-stat: 2AutonomousSearchNumPredicatesRemoved=0
%%%mzn-stat: 2AutonomousSearchNumCalls=12344
%%%mzn-stat: 2AutonomousSearchNumPredicatesAdded=4999
%%%mzn-stat: 2AutonomousSearchAverageSizeOfHeap=1.5247083603370057
%%%mzn-stat: 2AutonomousSearchNumAssignedPredicatesEncountered=18821
%%%mzn-stat-end
maxleg = 976;
succ = array1d(1..150,[18, 84, 10, 22, 38, 8, 43, 14, 51, 59, 15, 66, 31, 21, 5, 12, 16, 106, 1, 50, 7, 70, 26, 30, 24, 32, 20, 42, 135, 33, 52, 40, 103, 90, 11, 56, 2, 44, 6, 132, 4, 117, 28, 3, 9, 49, 48, 75, 19, 104, 39, 79, 105, 72, 13, 101, 36, 115, 69, 23, 34, 116, 123, 119, 140, 53, 55, 17, 46, 80, 58, 65, 61, 141, 27, 68, 74, 88, 86, 124, 78, 71, 109, 94, 93, 130, 96, 126, 112, 148, 97, 62, 57, 111, 121, 67, 129, 147, 76, 54, 113, 82, 127, 133, 64, 122, 99, 35, 137, 128, 47, 45, 73, 108, 145, 77, 136, 139, 118, 91, 134, 138, 144, 25, 89, 100, 29, 83, 63, 41, 87, 81, 131, 110, 143, 37, 150, 95, 120, 85, 107, 60, 92, 114, 142, 149, 146, 125, 102, 98]);
% time elapsed: 1.72 s
----------
%%%mzn-stat: initTime=0.021315171
%%%mzn-stat: objective=975
%%%mzn-stat: nodes=14397
%%%mzn-stat: restarts=0
%%%mzn-stat: peakDepth=1267
%%%mzn-stat: solveTime=0.333079797
%%%mzn-stat: variables=2741
%%%mzn-stat: propagators=1817
%%%mzn-stat: failures=22
%%%mzn-stat: propagations=40768
%%%mzn-stat: nogoods=22
%%%mzn-stat: numAtomicConstraintsPropagated=0
%%%mzn-stat: allDifferentNumber1PropagationsTotal=2022
%%%mzn-stat: allDifferentNumber1PropagationsThatFoundConflict=2
%%%mzn-stat: allDifferentNumber1PropagationsThatPruned=1027
%%%mzn-stat: allDifferentNumber1TotalValuesPruned=7475
%%%mzn-stat: allDifferentNumber1TotalHallSetSizeConflict=7
%%%mzn-stat: allDifferentNumber1NumberOfConflicts=2
%%%mzn-stat: allDifferentNumber1MaxHallSetSizeConflict=5
%%%mzn-stat: allDifferentNumber1TotalPruningHallSetSize=45973
%%%mzn-stat: allDifferentNumber1NumberOfPruningExplanations=7475
%%%mzn-stat: allDifferentNumber1MaxPruningHallSetSize=149
%%%mzn-stat: allDifferentNumber1TotalFixedEdgesAtConflict=295
%%%mzn-stat: allDifferentNumber1TotalVarsInvolvedInPruning=6713
%%%mzn-stat: allDifferentNumber1MaxValuesPrunedFromSingleVar=13
%%%mzn-stat: allDifferentNumber1TotalSccSizeAtPruning=17280
%%%mzn-stat: allDifferentNumber1NumberOfSccPruningCalls=1027
%%%mzn-stat: circuitNumber2PropagationsThatFoundConflict=20
%%%mzn-stat: circuitNumber2TotalFixedEdgesAtConflict=2928
%%%mzn-stat: circuitNumber2NumberOfConflicts=20
%%%mzn-stat: circuitNumber2PropagationsThatPruned=35
%%%mzn-stat: circuitNumber2PropagationsTotal=1032
%%%mzn-stat: AverageConflictSize=62.77272727272727
%%%mzn-stat: NumUnitNogoodsLearned=0
%%%mzn-stat: AverageLearnedNogoodLength=99.5909090909091
%%%mzn-stat: AverageBacktrackAmount=0
%%%mzn-stat: AverageLbd=57.40909090909091
%%%mzn-stat: 2AutonomousSearchNumBackupCalled=13407
%%%mzn-stat: 2AutonomousSearchNumPredicatesRemoved=0
%%%mzn-stat: 2AutonomousSearchNumCalls=13419
%%%mzn-stat: 2AutonomousSearchNumPredicatesAdded=5637
%%%mzn-stat: 2AutonomousSearchAverageSizeOfHeap=1.610179596095089
%%%mzn-stat: 2AutonomousSearchNumAssignedPredicatesEncountered=21607
%%%mzn-stat-end
maxleg = 975;
succ = array1d(1..150,[18, 84, 10, 22, 38, 8, 43, 14, 51, 59, 15, 66, 31, 21, 5, 12, 16, 106, 1, 50, 7, 70, 26, 30, 24, 32, 20, 42, 135, 33, 52, 40, 103, 90, 11, 56, 2, 44, 6, 132, 4, 117, 28, 3, 9, 49, 48, 75, 19, 104, 39, 79, 105, 72, 13, 101, 36, 115, 69, 23, 34, 116, 123, 119, 140, 53, 55, 17, 46, 112, 58, 65, 61, 141, 27, 68, 80, 88, 86, 124, 78, 71, 109, 94, 93, 130, 96, 126, 74, 148, 97, 62, 57, 137, 121, 67, 129, 147, 76, 54, 113, 82, 73, 133, 64, 122, 99, 110, 100, 128, 47, 45, 111, 108, 145, 77, 136, 139, 118, 91, 134, 138, 144, 127, 89, 25, 120, 83, 63, 41, 87, 81, 131, 29, 143, 37, 150, 95, 35, 85, 107, 60, 92, 114, 142, 149, 146, 125, 102, 98]);
% time elapsed: 1.74 s
----------
%%%mzn-stat: initTime=0.021315171
%%%mzn-stat: objective=965
%%%mzn-stat: nodes=15549
%%%mzn-stat: restarts=0
%%%mzn-stat: peakDepth=1267
%%%mzn-stat: solveTime=0.359858287
%%%mzn-stat: variables=2741
%%%mzn-stat: propagators=1817
%%%mzn-stat: failures=24
%%%mzn-stat: propagations=44011
%%%mzn-stat: nogoods=24
%%%mzn-stat: numAtomicConstraintsPropagated=0
%%%mzn-stat: allDifferentNumber1PropagationsTotal=2187
%%%mzn-stat: allDifferentNumber1PropagationsThatFoundConflict=2
%%%mzn-stat: allDifferentNumber1PropagationsThatPruned=1110
%%%mzn-stat: allDifferentNumber1TotalValuesPruned=8107
%%%mzn-stat: allDifferentNumber1TotalHallSetSizeConflict=7
%%%mzn-stat: allDifferentNumber1NumberOfConflicts=2
%%%mzn-stat: allDifferentNumber1MaxHallSetSizeConflict=5
%%%mzn-stat: allDifferentNumber1TotalPruningHallSetSize=50186
%%%mzn-stat: allDifferentNumber1NumberOfPruningExplanations=8107
%%%mzn-stat: allDifferentNumber1MaxPruningHallSetSize=149
%%%mzn-stat: allDifferentNumber1TotalFixedEdgesAtConflict=295
%%%mzn-stat: allDifferentNumber1TotalVarsInvolvedInPruning=7273
%%%mzn-stat: allDifferentNumber1MaxValuesPrunedFromSingleVar=13
%%%mzn-stat: allDifferentNumber1TotalSccSizeAtPruning=18930
%%%mzn-stat: allDifferentNumber1NumberOfSccPruningCalls=1110
%%%mzn-stat: circuitNumber2PropagationsThatFoundConflict=22
%%%mzn-stat: circuitNumber2TotalFixedEdgesAtConflict=3228
%%%mzn-stat: circuitNumber2NumberOfConflicts=22
%%%mzn-stat: circuitNumber2PropagationsThatPruned=37
%%%mzn-stat: circuitNumber2PropagationsTotal=1115
%%%mzn-stat: AverageConflictSize=62.041666666666664
%%%mzn-stat: NumUnitNogoodsLearned=0
%%%mzn-stat: AverageLearnedNogoodLength=100.04166666666667
%%%mzn-stat: AverageBacktrackAmount=0
%%%mzn-stat: AverageLbd=57.75
%%%mzn-stat: 2AutonomousSearchNumBackupCalled=14477
%%%mzn-stat: 2AutonomousSearchNumPredicatesRemoved=0
%%%mzn-stat: 2AutonomousSearchNumCalls=14490
%%%mzn-stat: 2AutonomousSearchNumPredicatesAdded=6658
%%%mzn-stat: 2AutonomousSearchAverageSizeOfHeap=1.7085576259489303
%%%mzn-stat: 2AutonomousSearchNumAssignedPredicatesEncountered=24757
%%%mzn-stat-end
maxleg = 965;
succ = array1d(1..150,[18, 84, 10, 22, 38, 8, 43, 14, 51, 59, 15, 66, 31, 21, 5, 12, 16, 106, 1, 50, 7, 70, 26, 30, 24, 32, 20, 42, 135, 33, 52, 40, 103, 90, 11, 56, 25, 44, 6, 132, 4, 117, 28, 3, 9, 49, 48, 75, 19, 104, 39, 79, 105, 72, 13, 2, 36, 115, 69, 23, 34, 116, 123, 119, 140, 53, 55, 17, 46, 112, 58, 65, 61, 141, 27, 68, 74, 88, 86, 124, 78, 71, 109, 94, 93, 130, 96, 126, 81, 148, 97, 62, 57, 137, 121, 67, 129, 147, 76, 54, 113, 82, 73, 133, 64, 122, 99, 110, 77, 128, 47, 45, 111, 108, 145, 37, 136, 139, 118, 91, 134, 138, 144, 127, 89, 100, 85, 83, 63, 41, 87, 101, 131, 29, 143, 120, 150, 95, 35, 80, 107, 60, 92, 114, 142, 149, 146, 125, 102, 98]);
% time elapsed: 1.78 s
----------
%%%mzn-stat: initTime=0.021315171
%%%mzn-stat: objective=942
%%%mzn-stat: nodes=16695
%%%mzn-stat: restarts=0
%%%mzn-stat: peakDepth=1267
%%%mzn-stat: solveTime=0.38712099
%%%mzn-stat: variables=2741
%%%mzn-stat: propagators=1817
%%%mzn-stat: failures=25
%%%mzn-stat: propagations=47239
%%%mzn-stat: nogoods=25
%%%mzn-stat: numAtomicConstraintsPropagated=0
%%%mzn-stat: allDifferentNumber1PropagationsTotal=2349
%%%mzn-stat: allDifferentNumber1PropagationsThatFoundConflict=2
%%%mzn-stat: allDifferentNumber1PropagationsThatPruned=1193
%%%mzn-stat: allDifferentNumber1TotalValuesPruned=8738
%%%mzn-stat: allDifferentNumber1TotalHallSetSizeConflict=7
%%%mzn-stat: allDifferentNumber1NumberOfConflicts=2
%%%mzn-stat: allDifferentNumber1MaxHallSetSizeConflict=5
%%%mzn-stat: allDifferentNumber1TotalPruningHallSetSize=55313
%%%mzn-stat: allDifferentNumber1NumberOfPruningExplanations=8738
%%%mzn-stat: allDifferentNumber1MaxPruningHallSetSize=149
%%%mzn-stat: allDifferentNumber1TotalFixedEdgesAtConflict=295
%%%mzn-stat: allDifferentNumber1TotalVarsInvolvedInPruning=7826
%%%mzn-stat: allDifferentNumber1MaxValuesPrunedFromSingleVar=13
%%%mzn-stat: allDifferentNumber1TotalSccSizeAtPruning=20857
%%%mzn-stat: allDifferentNumber1NumberOfSccPruningCalls=1193
%%%mzn-stat: circuitNumber2PropagationsThatFoundConflict=23
%%%mzn-stat: circuitNumber2TotalFixedEdgesAtConflict=3378
%%%mzn-stat: circuitNumber2NumberOfConflicts=23
%%%mzn-stat: circuitNumber2PropagationsThatPruned=40
%%%mzn-stat: circuitNumber2PropagationsTotal=1198
%%%mzn-stat: AverageConflictSize=65.04
%%%mzn-stat: NumUnitNogoodsLearned=0
%%%mzn-stat: AverageLearnedNogoodLength=101.96
%%%mzn-stat: AverageBacktrackAmount=0
%%%mzn-stat: AverageLbd=58.48
%%%mzn-stat: 2AutonomousSearchNumBackupCalled=15544
%%%mzn-stat: 2AutonomousSearchNumPredicatesRemoved=0
%%%mzn-stat: 2AutonomousSearchNumCalls=15558
%%%mzn-stat: 2AutonomousSearchNumPredicatesAdded=8438
%%%mzn-stat: 2AutonomousSearchAverageSizeOfHeap=1.8355829798174572
%%%mzn-stat: 2AutonomousSearchNumAssignedPredicatesEncountered=28558
%%%mzn-stat-end
maxleg = 942;
succ = array1d(1..150,[18, 84, 10, 22, 38, 8, 43, 14, 51, 59, 15, 66, 31, 21, 5, 12, 16, 106, 1, 50, 7, 70, 26, 30, 24, 32, 20, 42, 135, 33, 52, 40, 103, 90, 11, 56, 25, 44, 6, 132, 4, 117, 28, 3, 9, 49, 60, 75, 19, 104, 39, 79, 105, 72, 13, 2, 36, 115, 69, 23, 34, 116, 123, 119, 140, 53, 55, 17, 46, 112, 63, 65, 61, 141, 27, 68, 74, 88, 86, 124, 78, 71, 109, 94, 99, 130, 120, 126, 81, 148, 97, 62, 57, 147, 125, 48, 129, 113, 76, 54, 121, 82, 73, 133, 64, 122, 138, 110, 137, 128, 47, 45, 111, 108, 93, 77, 136, 139, 118, 91, 134, 96, 144, 127, 89, 100, 85, 83, 67, 41, 87, 101, 131, 29, 143, 37, 150, 95, 35, 80, 107, 58, 92, 114, 142, 149, 146, 145, 102, 98]);
% time elapsed: 1.81 s
----------
%%%mzn-stat: initTime=0.021315171
%%%mzn-stat: objective=940
%%%mzn-stat: nodes=17863
%%%mzn-stat: restarts=0
%%%mzn-stat: peakDepth=1267
%%%mzn-stat: solveTime=0.41101727
%%%mzn-stat: variables=2741
%%%mzn-stat: propagators=1817
%%%mzn-stat: failures=26
%%%mzn-stat: propagations=50392
%%%mzn-stat: nogoods=26
%%%mzn-stat: numAtomicConstraintsPropagated=0
%%%mzn-stat: allDifferentNumber1PropagationsTotal=2512
%%%mzn-stat: allDifferentNumber1PropagationsThatFoundConflict=2
%%%mzn-stat: allDifferentNumber1PropagationsThatPruned=1278
%%%mzn-stat: allDifferentNumber1TotalValuesPruned=9337
%%%mzn-stat: allDifferentNumber1TotalHallSetSizeConflict=7
%%%mzn-stat: allDifferentNumber1NumberOfConflicts=2
%%%mzn-stat: allDifferentNumber1MaxHallSetSizeConflict=5
%%%mzn-stat: allDifferentNumber1TotalPruningHallSetSize=60337
%%%mzn-stat: allDifferentNumber1NumberOfPruningExplanations=9337
%%%mzn-stat: allDifferentNumber1MaxPruningHallSetSize=149
%%%mzn-stat: allDifferentNumber1TotalFixedEdgesAtConflict=295
%%%mzn-stat: allDifferentNumber1TotalVarsInvolvedInPruning=8354
%%%mzn-stat: allDifferentNumber1MaxValuesPrunedFromSingleVar=13
%%%mzn-stat: allDifferentNumber1TotalSccSizeAtPruning=22830
%%%mzn-stat: allDifferentNumber1NumberOfSccPruningCalls=1278
%%%mzn-stat: circuitNumber2PropagationsThatFoundConflict=24
%%%mzn-stat: circuitNumber2TotalFixedEdgesAtConflict=3512
%%%mzn-stat: circuitNumber2NumberOfConflicts=24
%%%mzn-stat: circuitNumber2PropagationsThatPruned=45
%%%mzn-stat: circuitNumber2PropagationsTotal=1283
%%%mzn-stat: AverageConflictSize=63.03846153846154
%%%mzn-stat: NumUnitNogoodsLearned=0
%%%mzn-stat: AverageLearnedNogoodLength=101.38461538461539
%%%mzn-stat: AverageBacktrackAmount=0
%%%mzn-stat: AverageLbd=57.92307692307692
%%%mzn-stat: 2AutonomousSearchNumBackupCalled=16634
%%%mzn-stat: 2AutonomousSearchNumPredicatesRemoved=0
%%%mzn-stat: 2AutonomousSearchNumCalls=16649
%%%mzn-stat: 2AutonomousSearchNumPredicatesAdded=8605
%%%mzn-stat: 2AutonomousSearchAverageSizeOfHeap=1.9443209802390533
%%%mzn-stat: 2AutonomousSearchNumAssignedPredicatesEncountered=32371
%%%mzn-stat-end
maxleg = 940;
succ = array1d(1..150,[18, 84, 10, 22, 38, 8, 43, 14, 51, 59, 15, 66, 31, 21, 5, 12, 16, 106, 1, 50, 7, 70, 26, 30, 24, 32, 20, 42, 135, 33, 52, 40, 103, 90, 11, 56, 25, 44, 6, 132, 4, 117, 28, 3, 9, 49, 60, 75, 19, 104, 39, 79, 105, 72, 13, 2, 36, 115, 69, 23, 34, 116, 123, 133, 140, 53, 55, 17, 46, 112, 63, 65, 61, 141, 27, 68, 74, 88, 86, 114, 78, 71, 109, 94, 99, 130, 129, 126, 81, 148, 97, 62, 57, 111, 125, 48, 89, 113, 76, 54, 121, 35, 82, 77, 64, 119, 138, 110, 137, 128, 47, 45, 73, 108, 93, 124, 136, 139, 118, 91, 134, 96, 144, 127, 147, 100, 85, 83, 67, 41, 87, 101, 131, 29, 143, 37, 150, 95, 120, 80, 107, 58, 92, 122, 142, 149, 146, 145, 102, 98]);
% time elapsed: 1.83 s
----------
%%%mzn-stat: initTime=0.021315171
%%%mzn-stat: objective=917
%%%mzn-stat: nodes=19000
%%%mzn-stat: restarts=0
%%%mzn-stat: peakDepth=1267
%%%mzn-stat: solveTime=0.447414917
%%%mzn-stat: variables=2741
%%%mzn-stat: propagators=1817
%%%mzn-stat: failures=33
%%%mzn-stat: propagations=54027
%%%mzn-stat: nogoods=33
%%%mzn-stat: numAtomicConstraintsPropagated=0
%%%mzn-stat: allDifferentNumber1PropagationsTotal=2712
%%%mzn-stat: allDifferentNumber1PropagationsThatFoundConflict=5
%%%mzn-stat: allDifferentNumber1PropagationsThatPruned=1381
%%%mzn-stat: allDifferentNumber1TotalValuesPruned=10075
%%%mzn-stat: allDifferentNumber1TotalHallSetSizeConflict=15
%%%mzn-stat: allDifferentNumber1NumberOfConflicts=5
%%%mzn-stat: allDifferentNumber1MaxHallSetSizeConflict=5
%%%mzn-stat: allDifferentNumber1TotalPruningHallSetSize=66851
%%%mzn-stat: allDifferentNumber1NumberOfPruningExplanations=10075
%%%mzn-stat: allDifferentNumber1MaxPruningHallSetSize=149
%%%mzn-stat: allDifferentNumber1TotalFixedEdgesAtConflict=736
%%%mzn-stat: allDifferentNumber1TotalVarsInvolvedInPruning=8993
%%%mzn-stat: allDifferentNumber1MaxValuesPrunedFromSingleVar=13
%%%mzn-stat: allDifferentNumber1TotalSccSizeAtPruning=25284
%%%mzn-stat: allDifferentNumber1NumberOfSccPruningCalls=1381
%%%mzn-stat: circuitNumber2PropagationsThatFoundConflict=28
%%%mzn-stat: circuitNumber2TotalFixedEdgesAtConflict=4098
%%%mzn-stat: circuitNumber2NumberOfConflicts=28
%%%mzn-stat: circuitNumber2PropagationsThatPruned=53
%%%mzn-stat: circuitNumber2PropagationsTotal=1387
%%%mzn-stat: AverageConflictSize=54.54545454545455
%%%mzn-stat: NumUnitNogoodsLearned=0
%%%mzn-stat: AverageLearnedNogoodLength=99.57575757575758
%%%mzn-stat: AverageBacktrackAmount=0
%%%mzn-stat: AverageLbd=57.81818181818182
%%%mzn-stat: 2AutonomousSearchNumBackupCalled=17678
%%%mzn-stat: 2AutonomousSearchNumPredicatesRemoved=0
%%%mzn-stat: 2AutonomousSearchNumCalls=17694
%%%mzn-stat: 2AutonomousSearchNumPredicatesAdded=10573
%%%mzn-stat: 2AutonomousSearchAverageSizeOfHeap=2.068667344862665
%%%mzn-stat: 2AutonomousSearchNumAssignedPredicatesEncountered=36603
%%%mzn-stat-end
maxleg = 917;
succ = array1d(1..150,[18, 84, 10, 22, 38, 8, 43, 14, 51, 59, 15, 66, 31, 21, 5, 12, 16, 106, 1, 50, 7, 70, 26, 30, 24, 32, 20, 42, 135, 33, 52, 40, 103, 90, 11, 56, 25, 44, 6, 132, 4, 117, 28, 3, 9, 49, 60, 75, 19, 104, 39, 79, 105, 72, 13, 2, 36, 115, 69, 23, 34, 116, 123, 133, 140, 53, 55, 29, 46, 112, 63, 65, 61, 141, 27, 68, 74, 88, 86, 114, 78, 71, 109, 94, 99, 130, 96, 126, 17, 148, 97, 62, 57, 147, 121, 48, 129, 113, 76, 54, 107, 82, 73, 77, 64, 122, 138, 35, 137, 128, 47, 45, 111, 125, 93, 124, 136, 139, 118, 108, 134, 91, 144, 127, 89, 100, 85, 83, 67, 41, 87, 81, 131, 110, 143, 37, 150, 95, 120, 80, 92, 58, 119, 101, 142, 149, 146, 145, 102, 98]);
% time elapsed: 1.88 s
----------
%%%mzn-stat: initTime=0.021315171
%%%mzn-stat: objective=907
%%%mzn-stat: nodes=20104
%%%mzn-stat: restarts=0
%%%mzn-stat: peakDepth=1267
%%%mzn-stat: solveTime=0.475191642
%%%mzn-stat: variables=2741
%%%mzn-stat: propagators=1817
%%%mzn-stat: failures=35
%%%mzn-stat: propagations=57382
%%%mzn-stat: nogoods=35
%%%mzn-stat: numAtomicConstraintsPropagated=0
%%%mzn-stat: allDifferentNumber1PropagationsTotal=2888
%%%mzn-stat: allDifferentNumber1PropagationsThatFoundConflict=5
%%%mzn-stat: allDifferentNumber1PropagationsThatPruned=1472
%%%mzn-stat: allDifferentNumber1TotalValuesPruned=10705
%%%mzn-stat: allDifferentNumber1TotalHallSetSizeConflict=15
%%%mzn-stat: allDifferentNumber1NumberOfConflicts=5
%%%mzn-stat: allDifferentNumber1MaxHallSetSizeConflict=5
%%%mzn-stat: allDifferentNumber1TotalPruningHallSetSize=72924
%%%mzn-stat: allDifferentNumber1NumberOfPruningExplanations=10705
%%%mzn-stat: allDifferentNumber1MaxPruningHallSetSize=149
%%%mzn-stat: allDifferentNumber1TotalFixedEdgesAtConflict=736
%%%mzn-stat: allDifferentNumber1TotalVarsInvolvedInPruning=9536
%%%mzn-stat: allDifferentNumber1MaxValuesPrunedFromSingleVar=13
%%%mzn-stat: allDifferentNumber1TotalSccSizeAtPruning=27350
%%%mzn-stat: allDifferentNumber1NumberOfSccPruningCalls=1472
%%%mzn-stat: circuitNumber2PropagationsThatFoundConflict=30
%%%mzn-stat: circuitNumber2TotalFixedEdgesAtConflict=4398
%%%mzn-stat: circuitNumber2NumberOfConflicts=30
%%%mzn-stat: circuitNumber2PropagationsThatPruned=56
%%%mzn-stat: circuitNumber2PropagationsTotal=1479
%%%mzn-stat: AverageConflictSize=53.457142857142856
%%%mzn-stat: NumUnitNogoodsLearned=0
%%%mzn-stat: AverageLearnedNogoodLength=96.77142857142857
%%%mzn-stat: AverageBacktrackAmount=0
%%%mzn-stat: AverageLbd=56.82857142857143
%%%mzn-stat: 2AutonomousSearchNumBackupCalled=18697
%%%mzn-stat: 2AutonomousSearchNumPredicatesRemoved=0
%%%mzn-stat: 2AutonomousSearchNumCalls=18714
%%%mzn-stat: 2AutonomousSearchNumPredicatesAdded=10962
%%%mzn-stat: 2AutonomousSearchAverageSizeOfHeap=2.183712728438602
%%%mzn-stat: 2AutonomousSearchNumAssignedPredicatesEncountered=40866
%%%mzn-stat-end
maxleg = 907;
succ = array1d(1..150,[18, 84, 10, 22, 38, 8, 43, 14, 51, 59, 15, 66, 31, 21, 5, 12, 16, 106, 1, 50, 7, 70, 26, 30, 24, 32, 20, 42, 135, 33, 52, 40, 103, 115, 11, 56, 25, 44, 6, 132, 4, 117, 28, 3, 9, 49, 60, 75, 19, 104, 39, 79, 105, 72, 13, 2, 36, 130, 69, 23, 34, 116, 123, 133, 140, 53, 55, 29, 46, 112, 63, 65, 61, 141, 27, 68, 74, 88, 86, 114, 78, 71, 109, 94, 93, 138, 96, 126, 17, 73, 90, 97, 57, 137, 121, 48, 129, 147, 76, 54, 113, 82, 146, 77, 64, 119, 99, 35, 100, 128, 47, 45, 111, 108, 145, 37, 136, 139, 118, 91, 134, 124, 144, 127, 89, 148, 85, 83, 67, 41, 87, 81, 131, 110, 143, 122, 150, 95, 120, 80, 107, 58, 92, 101, 142, 149, 62, 125, 102, 98]);
% time elapsed: 1.91 s
----------
%%%mzn-stat: initTime=0.021315171
%%%mzn-stat: objective=882
%%%mzn-stat: nodes=21212
%%%mzn-stat: restarts=0
%%%mzn-stat: peakDepth=1267
%%%mzn-stat: solveTime=0.502271548
%%%mzn-stat: variables=2741
%%%mzn-stat: propagators=1817
%%%mzn-stat: failures=35
%%%mzn-stat: propagations=60555
%%%mzn-stat: nogoods=35
%%%mzn-stat: numAtomicConstraintsPropagated=0
%%%mzn-stat: allDifferentNumber1PropagationsTotal=3047
%%%mzn-stat: allDifferentNumber1PropagationsThatFoundConflict=5
%%%mzn-stat: allDifferentNumber1PropagationsThatPruned=1553
%%%mzn-stat: allDifferentNumber1TotalValuesPruned=11275
%%%mzn-stat: allDifferentNumber1TotalHallSetSizeConflict=15
%%%mzn-stat: allDifferentNumber1NumberOfConflicts=5
%%%mzn-stat: allDifferentNumber1MaxHallSetSizeConflict=5
%%%mzn-stat: allDifferentNumber1TotalPruningHallSetSize=78946
%%%mzn-stat: allDifferentNumber1NumberOfPruningExplanations=11275
%%%mzn-stat: allDifferentNumber1MaxPruningHallSetSize=149
%%%mzn-stat: allDifferentNumber1TotalFixedEdgesAtConflict=736
%%%mzn-stat: allDifferentNumber1TotalVarsInvolvedInPruning=10031
%%%mzn-stat: allDifferentNumber1MaxValuesPrunedFromSingleVar=13
%%%mzn-stat: allDifferentNumber1TotalSccSizeAtPruning=29074
%%%mzn-stat: allDifferentNumber1NumberOfSccPruningCalls=1553
%%%mzn-stat: circuitNumber2PropagationsThatFoundConflict=30
%%%mzn-stat: circuitNumber2TotalFixedEdgesAtConflict=4398
%%%mzn-stat: circuitNumber2NumberOfConflicts=30
%%%mzn-stat: circuitNumber2PropagationsThatPruned=60
%%%mzn-stat: circuitNumber2PropagationsTotal=1561
%%%mzn-stat: AverageConflictSize=53.457142857142856
%%%mzn-stat: NumUnitNogoodsLearned=0
%%%mzn-stat: AverageLearnedNogoodLength=96.77142857142857
%%%mzn-stat: AverageBacktrackAmount=0
%%%mzn-stat: AverageLbd=56.82857142857143
%%%mzn-stat: 2AutonomousSearchNumBackupCalled=19728
%%%mzn-stat: 2AutonomousSearchNumPredicatesRemoved=0
%%%mzn-stat: 2AutonomousSearchNumCalls=19746
%%%mzn-stat: 2AutonomousSearchNumPredicatesAdded=10962
%%%mzn-stat: 2AutonomousSearchAverageSizeOfHeap=2.2854755393497417
%%%mzn-stat: 2AutonomousSearchNumAssignedPredicatesEncountered=45129
%%%mzn-stat-end
maxleg = 882;
succ = array1d(1..150,[18, 84, 10, 22, 38, 8, 43, 14, 51, 59, 15, 66, 31, 21, 5, 12, 16, 106, 1, 50, 7, 70, 26, 30, 24, 32, 20, 42, 135, 33, 52, 40, 103, 115, 11, 56, 25, 44, 6, 132, 27, 117, 28, 3, 9, 49, 60, 75, 19, 104, 39, 79, 105, 72, 13, 2, 36, 130, 69, 23, 34, 116, 123, 4, 140, 53, 55, 29, 46, 112, 63, 65, 61, 141, 54, 68, 74, 88, 86, 114, 78, 71, 109, 94, 93, 138, 96, 126, 17, 148, 90, 97, 57, 37, 121, 48, 129, 147, 76, 92, 113, 82, 73, 133, 64, 119, 99, 35, 137, 128, 47, 45, 111, 108, 145, 77, 136, 139, 118, 91, 134, 124, 144, 127, 89, 100, 85, 83, 67, 41, 87, 81, 131, 110, 143, 146, 150, 95, 120, 80, 107, 58, 122, 101, 142, 149, 62, 125, 102, 98]);
% time elapsed: 1.95 s
----------
%%%mzn-stat: initTime=0.021315171
%%%mzn-stat: objective=876
%%%mzn-stat: nodes=22305
%%%mzn-stat: restarts=0
%%%mzn-stat: peakDepth=1267
%%%mzn-stat: solveTime=0.529319892
%%%mzn-stat: variables=2741
%%%mzn-stat: propagators=1817
%%%mzn-stat: failures=36
%%%mzn-stat: propagations=63767
%%%mzn-stat: nogoods=36
%%%mzn-stat: numAtomicConstraintsPropagated=0
%%%mzn-stat: allDifferentNumber1PropagationsTotal=3205
%%%mzn-stat: allDifferentNumber1PropagationsThatFoundConflict=5
%%%mzn-stat: allDifferentNumber1PropagationsThatPruned=1634
%%%mzn-stat: allDifferentNumber1TotalValuesPruned=11841
%%%mzn-stat: allDifferentNumber1TotalHallSetSizeConflict=15
%%%mzn-stat: allDifferentNumber1NumberOfConflicts=5
%%%mzn-stat: allDifferentNumber1MaxHallSetSizeConflict=5
%%%mzn-stat: allDifferentNumber1TotalPruningHallSetSize=84945
%%%mzn-stat: allDifferentNumber1NumberOfPruningExplanations=11841
%%%mzn-stat: allDifferentNumber1MaxPruningHallSetSize=149
%%%mzn-stat: allDifferentNumber1TotalFixedEdgesAtConflict=736
%%%mzn-stat: allDifferentNumber1TotalVarsInvolvedInPruning=10513
%%%mzn-stat: allDifferentNumber1MaxValuesPrunedFromSingleVar=13
%%%mzn-stat: allDifferentNumber1TotalSccSizeAtPruning=30813
%%%mzn-stat: allDifferentNumber1NumberOfSccPruningCalls=1634
%%%mzn-stat: circuitNumber2PropagationsThatFoundConflict=31
%%%mzn-stat: circuitNumber2TotalFixedEdgesAtConflict=4543
%%%mzn-stat: circuitNumber2NumberOfConflicts=31
%%%mzn-stat: circuitNumber2PropagationsThatPruned=63
%%%mzn-stat: circuitNumber2PropagationsTotal=1642
%%%mzn-stat: AverageConflictSize=52.5
%%%mzn-stat: NumUnitNogoodsLearned=0
%%%mzn-stat: AverageLearnedNogoodLength=95.97222222222223
%%%mzn-stat: AverageBacktrackAmount=0
%%%mzn-stat: AverageLbd=56.583333333333336
%%%mzn-stat: 2AutonomousSearchNumBackupCalled=20744
%%%mzn-stat: 2AutonomousSearchNumPredicatesRemoved=0
%%%mzn-stat: 2AutonomousSearchNumCalls=20763
%%%mzn-stat: 2AutonomousSearchNumPredicatesAdded=11210
%%%mzn-stat: 2AutonomousSearchAverageSizeOfHeap=2.3791359630111257
%%%mzn-stat: 2AutonomousSearchNumAssignedPredicatesEncountered=49398
%%%mzn-stat-end
maxleg = 876;
succ = array1d(1..150,[18, 84, 10, 22, 38, 8, 43, 14, 51, 59, 15, 66, 31, 21, 5, 12, 16, 106, 1, 50, 7, 71, 26, 30, 24, 32, 20, 42, 135, 33, 52, 40, 103, 70, 11, 56, 25, 44, 6, 132, 27, 117, 28, 3, 9, 49, 60, 75, 19, 104, 39, 79, 105, 72, 13, 2, 36, 115, 69, 23, 34, 116, 123, 4, 140, 53, 55, 29, 46, 112, 63, 65, 61, 141, 54, 68, 74, 88, 86, 114, 78, 85, 109, 94, 121, 138, 96, 126, 17, 148, 90, 97, 122, 147, 125, 48, 129, 133, 76, 57, 113, 82, 73, 77, 64, 119, 99, 35, 137, 128, 47, 45, 111, 108, 93, 37, 136, 139, 118, 91, 134, 124, 144, 127, 89, 100, 130, 83, 67, 41, 87, 81, 131, 110, 143, 146, 150, 95, 120, 80, 107, 58, 92, 101, 142, 149, 62, 145, 102, 98]);
% time elapsed: 1.98 s
----------
%%%mzn-stat: initTime=0.021315171
%%%mzn-stat: objective=873
%%%mzn-stat: nodes=23377
%%%mzn-stat: restarts=0
%%%mzn-stat: peakDepth=1267
%%%mzn-stat: solveTime=0.562343268
%%%mzn-stat: variables=2741
%%%mzn-stat: propagators=1817
%%%mzn-stat: failures=40
%%%mzn-stat: propagations=67062
%%%mzn-stat: nogoods=40
%%%mzn-stat: numAtomicConstraintsPropagated=0
%%%mzn-stat: allDifferentNumber1PropagationsTotal=3372
%%%mzn-stat: allDifferentNumber1PropagationsThatFoundConflict=7
%%%mzn-stat: allDifferentNumber1PropagationsThatPruned=1720
%%%mzn-stat: allDifferentNumber1TotalValuesPruned=12408
%%%mzn-stat: allDifferentNumber1TotalHallSetSizeConflict=20
%%%mzn-stat: allDifferentNumber1NumberOfConflicts=7
%%%mzn-stat: allDifferentNumber1MaxHallSetSizeConflict=5
%%%mzn-stat: allDifferentNumber1TotalPruningHallSetSize=90037
%%%mzn-stat: allDifferentNumber1NumberOfPruningExplanations=12408
%%%mzn-stat: allDifferentNumber1MaxPruningHallSetSize=149
%%%mzn-stat: allDifferentNumber1TotalFixedEdgesAtConflict=1032
%%%mzn-stat: allDifferentNumber1TotalVarsInvolvedInPruning=11003
%%%mzn-stat: allDifferentNumber1MaxValuesPrunedFromSingleVar=13
%%%mzn-stat: allDifferentNumber1TotalSccSizeAtPruning=32616
%%%mzn-stat: allDifferentNumber1NumberOfSccPruningCalls=1720
%%%mzn-stat: circuitNumber2PropagationsThatFoundConflict=33
%%%mzn-stat: circuitNumber2TotalFixedEdgesAtConflict=4843
%%%mzn-stat: circuitNumber2NumberOfConflicts=33
%%%mzn-stat: circuitNumber2PropagationsThatPruned=69
%%%mzn-stat: circuitNumber2PropagationsTotal=1729
%%%mzn-stat: AverageConflictSize=51.875
%%%mzn-stat: NumUnitNogoodsLearned=0
%%%mzn-stat: AverageLearnedNogoodLength=95.55
%%%mzn-stat: AverageBacktrackAmount=0
%%%mzn-stat: AverageLbd=56.2
%%%mzn-stat: 2AutonomousSearchNumBackupCalled=21737
%%%mzn-stat: 2AutonomousSearchNumPredicatesRemoved=0
%%%mzn-stat: 2AutonomousSearchNumCalls=21757
%%%mzn-stat: 2AutonomousSearchNumPredicatesAdded=11860
%%%mzn-stat: 2AutonomousSearchAverageSizeOfHeap=2.476168589419497
%%%mzn-stat: 2AutonomousSearchNumAssignedPredicatesEncountered=53874
%%%mzn-stat-end
maxleg = 873;
succ = array1d(1..150,[18, 84, 10, 22, 38, 8, 43, 14, 51, 59, 15, 66, 31, 21, 5, 12, 16, 106, 1, 50, 7, 71, 26, 30, 24, 32, 20, 42, 135, 33, 52, 40, 103, 70, 11, 56, 25, 44, 19, 132, 27, 117, 28, 3, 9, 49, 60, 75, 55, 104, 39, 79, 105, 72, 13, 2, 36, 115, 69, 23, 34, 116, 123, 4, 6, 53, 150, 29, 46, 112, 63, 65, 61, 141, 54, 68, 74, 88, 86, 114, 78, 85, 109, 94, 93, 138, 96, 126, 81, 148, 90, 97, 57, 147, 125, 48, 129, 113, 76, 92, 121, 82, 73, 133, 64, 119, 99, 35, 77, 128, 47, 45, 111, 108, 17, 37, 136, 139, 118, 91, 134, 124, 144, 127, 89, 100, 130, 83, 67, 41, 87, 101, 131, 110, 143, 146, 95, 137, 120, 80, 107, 58, 122, 140, 142, 149, 62, 145, 102, 98]);
% time elapsed: 2.02 s
----------
%%%mzn-stat: initTime=0.021315171
%%%mzn-stat: objective=859
%%%mzn-stat: nodes=24449
%%%mzn-stat: restarts=0
%%%mzn-stat: peakDepth=1267
%%%mzn-stat: solveTime=0.589434963
%%%mzn-stat: variables=2741
%%%mzn-stat: propagators=1817
%%%mzn-stat: failures=40
%%%mzn-stat: propagations=70236
%%%mzn-stat: nogoods=40
%%%mzn-stat: numAtomicConstraintsPropagated=0
%%%mzn-stat: allDifferentNumber1PropagationsTotal=3526
%%%mzn-stat: allDifferentNumber1PropagationsThatFoundConflict=7
%%%mzn-stat: allDifferentNumber1PropagationsThatPruned=1798
%%%mzn-stat: allDifferentNumber1TotalValuesPruned=12965
%%%mzn-stat: allDifferentNumber1TotalHallSetSizeConflict=20
%%%mzn-stat: allDifferentNumber1NumberOfConflicts=7
%%%mzn-stat: allDifferentNumber1MaxHallSetSizeConflict=5
%%%mzn-stat: allDifferentNumber1TotalPruningHallSetSize=95929
%%%mzn-stat: allDifferentNumber1NumberOfPruningExplanations=12965
%%%mzn-stat: allDifferentNumber1MaxPruningHallSetSize=149
%%%mzn-stat: allDifferentNumber1TotalFixedEdgesAtConflict=1032
%%%mzn-stat: allDifferentNumber1TotalVarsInvolvedInPruning=11488
%%%mzn-stat: allDifferentNumber1MaxValuesPrunedFromSingleVar=13
%%%mzn-stat: allDifferentNumber1TotalSccSizeAtPruning=34419
%%%mzn-stat: allDifferentNumber1NumberOfSccPruningCalls=1798
%%%mzn-stat: circuitNumber2PropagationsThatFoundConflict=33
%%%mzn-stat: circuitNumber2TotalFixedEdgesAtConflict=4843
%%%mzn-stat: circuitNumber2NumberOfConflicts=33
%%%mzn-stat: circuitNumber2PropagationsThatPruned=71
%%%mzn-stat: circuitNumber2PropagationsTotal=1808
%%%mzn-stat: AverageConflictSize=51.875
%%%mzn-stat: NumUnitNogoodsLearned=0
%%%mzn-stat: AverageLearnedNogoodLength=95.55
%%%mzn-stat: AverageBacktrackAmount=0
%%%mzn-stat: AverageLbd=56.2
%%%mzn-stat: 2AutonomousSearchNumBackupCalled=22733
%%%mzn-stat: 2AutonomousSearchNumPredicatesRemoved=0
%%%mzn-stat: 2AutonomousSearchNumCalls=22754
%%%mzn-stat: 2AutonomousSearchNumPredicatesAdded=11860
%%%mzn-stat: 2AutonomousSearchAverageSizeOfHeap=2.5643842840819198
%%%mzn-stat: 2AutonomousSearchNumAssignedPredicatesEncountered=58350
%%%mzn-stat-end
maxleg = 859;
succ = array1d(1..150,[18, 84, 10, 22, 38, 8, 43, 14, 51, 59, 15, 66, 31, 21, 5, 12, 16, 106, 1, 50, 7, 71, 26, 30, 24, 62, 20, 42, 135, 33, 52, 40, 103, 70, 11, 56, 25, 44, 19, 132, 27, 117, 28, 3, 9, 49, 60, 75, 55, 104, 39, 79, 47, 72, 13, 2, 36, 115, 69, 23, 34, 116, 123, 4, 6, 53, 150, 144, 46, 112, 73, 65, 61, 141, 54, 68, 74, 88, 86, 114, 78, 85, 109, 97, 121, 138, 96, 126, 17, 148, 90, 63, 57, 37, 125, 48, 129, 147, 76, 92, 113, 35, 82, 133, 64, 122, 99, 110, 137, 128, 32, 45, 111, 108, 93, 77, 136, 139, 118, 91, 134, 124, 105, 127, 89, 100, 29, 83, 67, 41, 87, 81, 131, 101, 143, 146, 94, 95, 120, 80, 107, 58, 119, 140, 142, 149, 130, 145, 102, 98]);
% time elapsed: 2.05 s
----------
%%%mzn-stat: initTime=0.021315171
%%%mzn-stat: objective=857
%%%mzn-stat: nodes=25505
%%%mzn-stat: restarts=0
%%%mzn-stat: peakDepth=1267
%%%mzn-stat: solveTime=0.616639317
%%%mzn-stat: variables=2741
%%%mzn-stat: propagators=1817
%%%mzn-stat: failures=40
%%%mzn-stat: propagations=73414
%%%mzn-stat: nogoods=40
%%%mzn-stat: numAtomicConstraintsPropagated=0
%%%mzn-stat: allDifferentNumber1PropagationsTotal=3681
%%%mzn-stat: allDifferentNumber1PropagationsThatFoundConflict=7
%%%mzn-stat: allDifferentNumber1PropagationsThatPruned=1877
%%%mzn-stat: allDifferentNumber1TotalValuesPruned=13508
%%%mzn-stat: allDifferentNumber1TotalHallSetSizeConflict=20
%%%mzn-stat: allDifferentNumber1NumberOfConflicts=7
%%%mzn-stat: allDifferentNumber1MaxHallSetSizeConflict=5
%%%mzn-stat: allDifferentNumber1TotalPruningHallSetSize=102625
%%%mzn-stat: allDifferentNumber1NumberOfPruningExplanations=13508
%%%mzn-stat: allDifferentNumber1MaxPruningHallSetSize=149
%%%mzn-stat: allDifferentNumber1TotalFixedEdgesAtConflict=1032
%%%mzn-stat: allDifferentNumber1TotalVarsInvolvedInPruning=11956
%%%mzn-stat: allDifferentNumber1MaxValuesPrunedFromSingleVar=13
%%%mzn-stat: allDifferentNumber1TotalSccSizeAtPruning=36298
%%%mzn-stat: allDifferentNumber1NumberOfSccPruningCalls=1877
%%%mzn-stat: circuitNumber2PropagationsThatFoundConflict=33
%%%mzn-stat: circuitNumber2TotalFixedEdgesAtConflict=4843
%%%mzn-stat: circuitNumber2NumberOfConflicts=33
%%%mzn-stat: circuitNumber2PropagationsThatPruned=74
%%%mzn-stat: circuitNumber2PropagationsTotal=1888
%%%mzn-stat: AverageConflictSize=51.875
%%%mzn-stat: NumUnitNogoodsLearned=0
%%%mzn-stat: AverageLearnedNogoodLength=95.55
%%%mzn-stat: AverageBacktrackAmount=0
%%%mzn-stat: AverageLbd=56.2
%%%mzn-stat: 2AutonomousSearchNumBackupCalled=23713
%%%mzn-stat: 2AutonomousSearchNumPredicatesRemoved=0
%%%mzn-stat: 2AutonomousSearchNumCalls=23735
%%%mzn-stat: 2AutonomousSearchNumPredicatesAdded=11860
%%%mzn-stat: 2AutonomousSearchAverageSizeOfHeap=2.6469770381293447
%%%mzn-stat: 2AutonomousSearchNumAssignedPredicatesEncountered=62826
%%%mzn-stat-end
maxleg = 857;
succ = array1d(1..150,[18, 84, 10, 22, 38, 8, 43, 14, 51, 59, 15, 66, 31, 21, 5, 12, 16, 106, 1, 50, 7, 71, 26, 30, 24, 62, 20, 42, 135, 33, 52, 40, 103, 70, 11, 117, 25, 44, 19, 132, 27, 35, 28, 3, 9, 49, 56, 75, 55, 104, 39, 79, 47, 72, 13, 2, 36, 115, 69, 23, 34, 116, 123, 4, 6, 53, 150, 144, 46, 112, 73, 65, 61, 141, 54, 68, 58, 88, 86, 74, 78, 85, 109, 97, 93, 138, 96, 126, 17, 148, 90, 63, 57, 137, 121, 48, 129, 147, 76, 92, 113, 140, 82, 133, 64, 119, 99, 110, 77, 128, 32, 45, 111, 108, 145, 37, 136, 94, 118, 91, 134, 124, 105, 127, 89, 100, 130, 83, 67, 41, 87, 81, 131, 29, 143, 146, 95, 139, 120, 80, 107, 60, 122, 101, 142, 149, 114, 125, 102, 98]);
% time elapsed: 2.08 s
----------
%%%mzn-stat: initTime=0.021315171
%%%mzn-stat: objective=856
%%%mzn-stat: nodes=26557
%%%mzn-stat: restarts=0
%%%mzn-stat: peakDepth=1267
%%%mzn-stat: solveTime=0.641744511
%%%mzn-stat: variables=2741
%%%mzn-stat: propagators=1817
%%%mzn-stat: failures=40
%%%mzn-stat: propagations=76470
%%%mzn-stat: nogoods=40
%%%mzn-stat: numAtomicConstraintsPropagated=0
%%%mzn-stat: allDifferentNumber1PropagationsTotal=3838
%%%mzn-stat: allDifferentNumber1PropagationsThatFoundConflict=7
%%%mzn-stat: allDifferentNumber1PropagationsThatPruned=1958
%%%mzn-stat: allDifferentNumber1TotalValuesPruned=14051
%%%mzn-stat: allDifferentNumber1TotalHallSetSizeConflict=20
%%%mzn-stat: allDifferentNumber1NumberOfConflicts=7
%%%mzn-stat: allDifferentNumber1MaxHallSetSizeConflict=5
%%%mzn-stat: allDifferentNumber1TotalPruningHallSetSize=109178
%%%mzn-stat: allDifferentNumber1NumberOfPruningExplanations=14051
%%%mzn-stat: allDifferentNumber1MaxPruningHallSetSize=149
%%%mzn-stat: allDifferentNumber1TotalFixedEdgesAtConflict=1032
%%%mzn-stat: allDifferentNumber1TotalVarsInvolvedInPruning=12423
%%%mzn-stat: allDifferentNumber1MaxValuesPrunedFromSingleVar=13
%%%mzn-stat: allDifferentNumber1TotalSccSizeAtPruning=38057
%%%mzn-stat: allDifferentNumber1NumberOfSccPruningCalls=1958
%%%mzn-stat: circuitNumber2PropagationsThatFoundConflict=33
%%%mzn-stat: circuitNumber2TotalFixedEdgesAtConflict=4843
%%%mzn-stat: circuitNumber2NumberOfConflicts=33
%%%mzn-stat: circuitNumber2PropagationsThatPruned=77
%%%mzn-stat: circuitNumber2PropagationsTotal=1969
%%%mzn-stat: AverageConflictSize=51.875
%%%mzn-stat: NumUnitNogoodsLearned=0
%%%mzn-stat: AverageLearnedNogoodLength=95.55
%%%mzn-stat: AverageBacktrackAmount=0
%%%mzn-stat: AverageLbd=56.2
%%%mzn-stat: 2AutonomousSearchNumBackupCalled=24690
%%%mzn-stat: 2AutonomousSearchNumPredicatesRemoved=0
%%%mzn-stat: 2AutonomousSearchNumCalls=24713
%%%mzn-stat: 2AutonomousSearchNumPredicatesAdded=11860
%%%mzn-stat: 2AutonomousSearchAverageSizeOfHeap=2.7233439889936473
%%%mzn-stat: 2AutonomousSearchNumAssignedPredicatesEncountered=67302
%%%mzn-stat-end
maxleg = 856;
succ = array1d(1..150,[18, 84, 10, 22, 38, 8, 43, 14, 51, 59, 15, 66, 31, 21, 5, 12, 16, 106, 1, 50, 7, 71, 26, 30, 24, 62, 20, 42, 135, 33, 52, 40, 103, 70, 11, 117, 48, 44, 19, 132, 27, 35, 28, 3, 9, 49, 56, 75, 55, 104, 39, 79, 47, 72, 13, 2, 36, 115, 69, 23, 34, 116, 123, 4, 6, 53, 150, 144, 46, 112, 73, 65, 61, 141, 54, 68, 58, 88, 86, 74, 78, 85, 109, 97, 93, 138, 96, 126, 17, 148, 90, 63, 122, 37, 121, 145, 129, 147, 76, 57, 113, 82, 127, 133, 64, 119, 99, 110, 137, 128, 32, 45, 111, 108, 83, 77, 136, 94, 118, 91, 134, 124, 105, 25, 89, 100, 130, 140, 67, 41, 87, 81, 131, 29, 143, 146, 95, 139, 120, 80, 107, 60, 92, 101, 142, 149, 114, 125, 102, 98]);
% time elapsed: 2.11 s
----------
==========
% time elapsed: 2.12 s
%%%mzn-stat: initTime=0.021315171
%%%mzn-stat: objective=856
%%%mzn-stat: nodes=26557
%%%mzn-stat: restarts=0
%%%mzn-stat: peakDepth=1267
%%%mzn-stat: solveTime=0.643534208
%%%mzn-stat: variables=2741
%%%mzn-stat: propagators=1817
%%%mzn-stat: failures=41
%%%mzn-stat: propagations=76866
%%%mzn-stat: nogoods=41
%%%mzn-stat: numAtomicConstraintsPropagated=0
%%%mzn-stat: allDifferentNumber1PropagationsTotal=3839
%%%mzn-stat: allDifferentNumber1PropagationsThatFoundConflict=8
%%%mzn-stat: allDifferentNumber1PropagationsThatPruned=1958
%%%mzn-stat: allDifferentNumber1TotalValuesPruned=14051
%%%mzn-stat: allDifferentNumber1TotalHallSetSizeConflict=167
%%%mzn-stat: allDifferentNumber1NumberOfConflicts=8
%%%mzn-stat: allDifferentNumber1MaxHallSetSizeConflict=147
%%%mzn-stat: allDifferentNumber1TotalPruningHallSetSize=109178
%%%mzn-stat: allDifferentNumber1NumberOfPruningExplanations=14051
%%%mzn-stat: allDifferentNumber1MaxPruningHallSetSize=149
%%%mzn-stat: allDifferentNumber1TotalFixedEdgesAtConflict=1038
%%%mzn-stat: allDifferentNumber1TotalVarsInvolvedInPruning=12423
%%%mzn-stat: allDifferentNumber1MaxValuesPrunedFromSingleVar=13
%%%mzn-stat: allDifferentNumber1TotalSccSizeAtPruning=38057
%%%mzn-stat: allDifferentNumber1NumberOfSccPruningCalls=1958
%%%mzn-stat: circuitNumber2PropagationsThatFoundConflict=33
%%%mzn-stat: circuitNumber2TotalFixedEdgesAtConflict=4843
%%%mzn-stat: circuitNumber2NumberOfConflicts=33
%%%mzn-stat: circuitNumber2PropagationsThatPruned=77
%%%mzn-stat: circuitNumber2PropagationsTotal=1969
%%%mzn-stat: AverageConflictSize=51.609756097560975
%%%mzn-stat: NumUnitNogoodsLearned=1
%%%mzn-stat: AverageLearnedNogoodLength=93.2439024390244
%%%mzn-stat: AverageBacktrackAmount=0
%%%mzn-stat: AverageLbd=54.853658536585364
%%%mzn-stat: 2AutonomousSearchNumBackupCalled=24690
%%%mzn-stat: 2AutonomousSearchNumPredicatesRemoved=0
%%%mzn-stat: 2AutonomousSearchNumCalls=24713
%%%mzn-stat: 2AutonomousSearchNumPredicatesAdded=12783
%%%mzn-stat: 2AutonomousSearchAverageSizeOfHeap=2.7233439889936473
%%%mzn-stat: 2AutonomousSearchNumAssignedPredicatesEncountered=67302
%%%mzn-stat-end
