% Logging successfully configured
%%%mzn-stat: initTime=0.021519405
%%%mzn-stat: objective=874
%%%mzn-stat: nodes=1179
%%%mzn-stat: restarts=0
%%%mzn-stat: peakDepth=1169
%%%mzn-stat: solveTime=0.017636524
%%%mzn-stat: variables=1827
%%%mzn-stat: propagators=1453
%%%mzn-stat: failures=2
%%%mzn-stat: propagations=5335
%%%mzn-stat: nogoods=2
%%%mzn-stat: numAtomicConstraintsPropagated=0
%%%mzn-stat: allDifferentNumber1PropagationsTotal=183
%%%mzn-stat: allDifferentNumber1PropagationsThatFoundConflict=0
%%%mzn-stat: allDifferentNumber1PropagationsThatPruned=95
%%%mzn-stat: allDifferentNumber1TotalValuesPruned=626
%%%mzn-stat: allDifferentNumber1TotalHallSetSizeConflict=0
%%%mzn-stat: allDifferentNumber1NumberOfConflicts=0
%%%mzn-stat: allDifferentNumber1MaxHallSetSizeConflict=0
%%%mzn-stat: allDifferentNumber1TotalPruningHallSetSize=1851
%%%mzn-stat: allDifferentNumber1NumberOfPruningExplanations=626
%%%mzn-stat: allDifferentNumber1MaxPruningHallSetSize=64
%%%mzn-stat: allDifferentNumber1TotalFixedEdgesAtConflict=0
%%%mzn-stat: allDifferentNumber1TotalVarsInvolvedInPruning=592
%%%mzn-stat: allDifferentNumber1MaxValuesPrunedFromSingleVar=11
%%%mzn-stat: allDifferentNumber1TotalSccSizeAtPruning=399
%%%mzn-stat: allDifferentNumber1NumberOfSccPruningCalls=95
%%%mzn-stat: circuitNumber2PropagationsThatFoundConflict=2
%%%mzn-stat: circuitNumber2TotalFixedEdgesAtConflict=173
%%%mzn-stat: circuitNumber2NumberOfConflicts=2
%%%mzn-stat: circuitNumber2PropagationsThatPruned=12
%%%mzn-stat: circuitNumber2PropagationsTotal=100
%%%mzn-stat: AverageConflictSize=2.5
%%%mzn-stat: NumUnitNogoodsLearned=0
%%%mzn-stat: AverageLearnedNogoodLength=16
%%%mzn-stat: AverageBacktrackAmount=0
%%%mzn-stat: AverageLbd=8.5
%%%mzn-stat: 2AutonomousSearchNumBackupCalled=1096
%%%mzn-stat: 2AutonomousSearchNumPredicatesRemoved=0
%%%mzn-stat: 2AutonomousSearchNumCalls=1097
%%%mzn-stat: 2AutonomousSearchNumPredicatesAdded=148
%%%mzn-stat: 2AutonomousSearchAverageSizeOfHeap=0.1349134001823154
%%%mzn-stat: 2AutonomousSearchNumAssignedPredicatesEncountered=148
%%%mzn-stat-end
maxleg = 874;
succ = array1d(1..100,[4, 11, 15, 17, 7, 18, 8, 13, 19, 14, 28, 2, 20, 21, 32, 24, 22, 1, 23, 30, 31, 48, 25, 9, 27, 6, 12, 45, 38, 47, 35, 53, 10, 26, 34, 42, 39, 61, 41, 16, 43, 44, 40, 63, 3, 52, 50, 51, 54, 60, 49, 33, 29, 65, 56, 66, 67, 37, 36, 62, 78, 46, 55, 58, 70, 74, 85, 82, 79, 57, 64, 91, 5, 93, 81, 71, 76, 88, 98, 97, 59, 89, 80, 100, 68, 90, 92, 69, 95, 77, 73, 86, 83, 72, 84, 75, 99, 94, 87, 96]);
% time elapsed: 4.58 s
----------
%%%mzn-stat: initTime=0.021519405
%%%mzn-stat: objective=332
%%%mzn-stat: nodes=2316
%%%mzn-stat: restarts=0
%%%mzn-stat: peakDepth=1169
%%%mzn-stat: solveTime=0.054094711
%%%mzn-stat: variables=1827
%%%mzn-stat: propagators=1453
%%%mzn-stat: failures=24
%%%mzn-stat: propagations=8927
%%%mzn-stat: nogoods=24
%%%mzn-stat: numAtomicConstraintsPropagated=0
%%%mzn-stat: allDifferentNumber1PropagationsTotal=487
%%%mzn-stat: allDifferentNumber1PropagationsThatFoundConflict=0
%%%mzn-stat: allDifferentNumber1PropagationsThatPruned=269
%%%mzn-stat: allDifferentNumber1TotalValuesPruned=1589
%%%mzn-stat: allDifferentNumber1TotalHallSetSizeConflict=0
%%%mzn-stat: allDifferentNumber1NumberOfConflicts=0
%%%mzn-stat: allDifferentNumber1MaxHallSetSizeConflict=0
%%%mzn-stat: allDifferentNumber1TotalPruningHallSetSize=5365
%%%mzn-stat: allDifferentNumber1NumberOfPruningExplanations=1589
%%%mzn-stat: allDifferentNumber1MaxPruningHallSetSize=64
%%%mzn-stat: allDifferentNumber1TotalFixedEdgesAtConflict=0
%%%mzn-stat: allDifferentNumber1TotalVarsInvolvedInPruning=1439
%%%mzn-stat: allDifferentNumber1MaxValuesPrunedFromSingleVar=11
%%%mzn-stat: allDifferentNumber1TotalSccSizeAtPruning=1662
%%%mzn-stat: allDifferentNumber1NumberOfSccPruningCalls=269
%%%mzn-stat: circuitNumber2PropagationsThatFoundConflict=24
%%%mzn-stat: circuitNumber2TotalFixedEdgesAtConflict=2116
%%%mzn-stat: circuitNumber2NumberOfConflicts=24
%%%mzn-stat: circuitNumber2PropagationsThatPruned=41
%%%mzn-stat: circuitNumber2PropagationsTotal=277
%%%mzn-stat: AverageConflictSize=43.5
%%%mzn-stat: NumUnitNogoodsLearned=0
%%%mzn-stat: AverageLearnedNogoodLength=53.375
%%%mzn-stat: AverageBacktrackAmount=0
%%%mzn-stat: AverageLbd=41.25
%%%mzn-stat: 2AutonomousSearchNumBackupCalled=2114
%%%mzn-stat: 2AutonomousSearchNumPredicatesRemoved=0
%%%mzn-stat: 2AutonomousSearchNumCalls=2116
%%%mzn-stat: 2AutonomousSearchNumPredicatesAdded=925
%%%mzn-stat: 2AutonomousSearchAverageSizeOfHeap=0.4905482041587902
%%%mzn-stat: 2AutonomousSearchNumAssignedPredicatesEncountered=1038
%%%mzn-stat-end
maxleg = 332;
succ = array1d(1..100,[4, 11, 15, 17, 7, 18, 8, 13, 19, 14, 28, 2, 20, 21, 32, 24, 22, 1, 23, 30, 31, 48, 25, 9, 27, 6, 12, 45, 38, 47, 35, 53, 10, 26, 34, 42, 39, 61, 41, 16, 43, 44, 58, 63, 3, 52, 40, 51, 54, 5, 49, 33, 29, 65, 56, 66, 67, 87, 36, 50, 78, 60, 55, 37, 72, 74, 85, 82, 81, 57, 64, 91, 94, 99, 46, 71, 76, 88, 62, 83, 59, 89, 93, 100, 86, 90, 92, 69, 95, 77, 73, 68, 70, 98, 84, 75, 80, 79, 97, 96]);
% time elapsed: 4.60 s
----------
%%%mzn-stat: initTime=0.021519405
%%%mzn-stat: objective=327
%%%mzn-stat: nodes=3455
%%%mzn-stat: restarts=0
%%%mzn-stat: peakDepth=1169
%%%mzn-stat: solveTime=0.077630063
%%%mzn-stat: variables=1827
%%%mzn-stat: propagators=1453
%%%mzn-stat: failures=35
%%%mzn-stat: propagations=11876
%%%mzn-stat: nogoods=35
%%%mzn-stat: numAtomicConstraintsPropagated=0
%%%mzn-stat: allDifferentNumber1PropagationsTotal=703
%%%mzn-stat: allDifferentNumber1PropagationsThatFoundConflict=0
%%%mzn-stat: allDifferentNumber1PropagationsThatPruned=386
%%%mzn-stat: allDifferentNumber1TotalValuesPruned=2278
%%%mzn-stat: allDifferentNumber1TotalHallSetSizeConflict=0
%%%mzn-stat: allDifferentNumber1NumberOfConflicts=0
%%%mzn-stat: allDifferentNumber1MaxHallSetSizeConflict=0
%%%mzn-stat: allDifferentNumber1TotalPruningHallSetSize=7963
%%%mzn-stat: allDifferentNumber1NumberOfPruningExplanations=2278
%%%mzn-stat: allDifferentNumber1MaxPruningHallSetSize=70
%%%mzn-stat: allDifferentNumber1TotalFixedEdgesAtConflict=0
%%%mzn-stat: allDifferentNumber1TotalVarsInvolvedInPruning=2074
%%%mzn-stat: allDifferentNumber1MaxValuesPrunedFromSingleVar=11
%%%mzn-stat: allDifferentNumber1TotalSccSizeAtPruning=2692
%%%mzn-stat: allDifferentNumber1NumberOfSccPruningCalls=386
%%%mzn-stat: circuitNumber2PropagationsThatFoundConflict=35
%%%mzn-stat: circuitNumber2TotalFixedEdgesAtConflict=3055
%%%mzn-stat: circuitNumber2NumberOfConflicts=35
%%%mzn-stat: circuitNumber2PropagationsThatPruned=57
%%%mzn-stat: circuitNumber2PropagationsTotal=396
%%%mzn-stat: AverageConflictSize=34.05714285714286
%%%mzn-stat: NumUnitNogoodsLearned=0
%%%mzn-stat: AverageLearnedNogoodLength=45.25714285714286
%%%mzn-stat: AverageBacktrackAmount=0
%%%mzn-stat: AverageLbd=33.68571428571428
%%%mzn-stat: 2AutonomousSearchNumBackupCalled=3161
%%%mzn-stat: 2AutonomousSearchNumPredicatesRemoved=0
%%%mzn-stat: 2AutonomousSearchNumCalls=3164
%%%mzn-stat: 2AutonomousSearchNumPredicatesAdded=1471
%%%mzn-stat: 2AutonomousSearchAverageSizeOfHeap=0.6302149178255373
%%%mzn-stat: 2AutonomousSearchNumAssignedPredicatesEncountered=1994
%%%mzn-stat-end
maxleg = 327;
succ = array1d(1..100,[4, 11, 15, 17, 7, 18, 8, 13, 19, 14, 28, 2, 20, 21, 32, 24, 22, 1, 23, 30, 31, 48, 25, 9, 27, 6, 12, 45, 38, 47, 35, 53, 10, 26, 34, 42, 39, 61, 41, 16, 43, 44, 58, 63, 3, 52, 40, 51, 54, 60, 49, 33, 29, 65, 56, 66, 67, 87, 36, 62, 50, 69, 55, 37, 72, 74, 85, 82, 88, 57, 64, 91, 94, 99, 46, 71, 76, 95, 81, 83, 59, 89, 93, 100, 86, 90, 92, 98, 78, 77, 73, 68, 70, 5, 84, 75, 80, 79, 97, 96]);
% time elapsed: 4.62 s
----------
%%%mzn-stat: initTime=0.021519405
%%%mzn-stat: objective=316
%%%mzn-stat: nodes=4594
%%%mzn-stat: restarts=0
%%%mzn-stat: peakDepth=1169
%%%mzn-stat: solveTime=0.098518541
%%%mzn-stat: variables=1827
%%%mzn-stat: propagators=1453
%%%mzn-stat: failures=39
%%%mzn-stat: propagations=14664
%%%mzn-stat: nogoods=39
%%%mzn-stat: numAtomicConstraintsPropagated=0
%%%mzn-stat: allDifferentNumber1PropagationsTotal=908
%%%mzn-stat: allDifferentNumber1PropagationsThatFoundConflict=0
%%%mzn-stat: allDifferentNumber1PropagationsThatPruned=494
%%%mzn-stat: allDifferentNumber1TotalValuesPruned=2941
%%%mzn-stat: allDifferentNumber1TotalHallSetSizeConflict=0
%%%mzn-stat: allDifferentNumber1NumberOfConflicts=0
%%%mzn-stat: allDifferentNumber1MaxHallSetSizeConflict=0
%%%mzn-stat: allDifferentNumber1TotalPruningHallSetSize=9691
%%%mzn-stat: allDifferentNumber1NumberOfPruningExplanations=2941
%%%mzn-stat: allDifferentNumber1MaxPruningHallSetSize=70
%%%mzn-stat: allDifferentNumber1TotalFixedEdgesAtConflict=0
%%%mzn-stat: allDifferentNumber1TotalVarsInvolvedInPruning=2707
%%%mzn-stat: allDifferentNumber1MaxValuesPrunedFromSingleVar=11
%%%mzn-stat: allDifferentNumber1TotalSccSizeAtPruning=3443
%%%mzn-stat: allDifferentNumber1NumberOfSccPruningCalls=494
%%%mzn-stat: circuitNumber2PropagationsThatFoundConflict=39
%%%mzn-stat: circuitNumber2TotalFixedEdgesAtConflict=3379
%%%mzn-stat: circuitNumber2NumberOfConflicts=39
%%%mzn-stat: circuitNumber2PropagationsThatPruned=63
%%%mzn-stat: circuitNumber2PropagationsTotal=501
%%%mzn-stat: AverageConflictSize=32.51282051282051
%%%mzn-stat: NumUnitNogoodsLearned=0
%%%mzn-stat: AverageLearnedNogoodLength=42.84615384615385
%%%mzn-stat: AverageBacktrackAmount=0
%%%mzn-stat: AverageLbd=32.12820512820513
%%%mzn-stat: 2AutonomousSearchNumBackupCalled=4205
%%%mzn-stat: 2AutonomousSearchNumPredicatesRemoved=0
%%%mzn-stat: 2AutonomousSearchNumCalls=4209
%%%mzn-stat: 2AutonomousSearchNumPredicatesAdded=1679
%%%mzn-stat: 2AutonomousSearchAverageSizeOfHeap=0.7210738892848657
%%%mzn-stat: 2AutonomousSearchNumAssignedPredicatesEncountered=3035
%%%mzn-stat-end
maxleg = 316;
succ = array1d(1..100,[4, 11, 15, 17, 7, 26, 8, 13, 19, 14, 18, 2, 20, 21, 32, 24, 22, 1, 23, 30, 31, 48, 25, 9, 27, 12, 34, 45, 38, 47, 35, 53, 10, 37, 36, 59, 6, 61, 41, 16, 43, 44, 58, 63, 3, 42, 40, 51, 54, 60, 49, 33, 29, 67, 56, 66, 28, 64, 81, 52, 50, 46, 55, 71, 72, 74, 57, 92, 62, 65, 76, 91, 94, 99, 84, 77, 90, 88, 69, 83, 96, 89, 93, 68, 82, 85, 39, 98, 95, 86, 73, 87, 70, 5, 78, 100, 80, 79, 97, 75]);
% time elapsed: 4.65 s
----------
%%%mzn-stat: initTime=0.021519405
%%%mzn-stat: objective=281
%%%mzn-stat: nodes=5748
%%%mzn-stat: restarts=0
%%%mzn-stat: peakDepth=1169
%%%mzn-stat: solveTime=0.125395066
%%%mzn-stat: variables=1827
%%%mzn-stat: propagators=1453
%%%mzn-stat: failures=52
%%%mzn-stat: propagations=17700
%%%mzn-stat: nogoods=52
%%%mzn-stat: numAtomicConstraintsPropagated=0
%%%mzn-stat: allDifferentNumber1PropagationsTotal=1158
%%%mzn-stat: allDifferentNumber1PropagationsThatFoundConflict=0
%%%mzn-stat: allDifferentNumber1PropagationsThatPruned=630
%%%mzn-stat: allDifferentNumber1TotalValuesPruned=3684
%%%mzn-stat: allDifferentNumber1TotalHallSetSizeConflict=0
%%%mzn-stat: allDifferentNumber1NumberOfConflicts=0
%%%mzn-stat: allDifferentNumber1MaxHallSetSizeConflict=0
%%%mzn-stat: allDifferentNumber1TotalPruningHallSetSize=12329
%%%mzn-stat: allDifferentNumber1NumberOfPruningExplanations=3684
%%%mzn-stat: allDifferentNumber1MaxPruningHallSetSize=70
%%%mzn-stat: allDifferentNumber1TotalFixedEdgesAtConflict=0
%%%mzn-stat: allDifferentNumber1TotalVarsInvolvedInPruning=3401
%%%mzn-stat: allDifferentNumber1MaxValuesPrunedFromSingleVar=11
%%%mzn-stat: allDifferentNumber1TotalSccSizeAtPruning=5001
%%%mzn-stat: allDifferentNumber1NumberOfSccPruningCalls=630
%%%mzn-stat: circuitNumber2PropagationsThatFoundConflict=52
%%%mzn-stat: circuitNumber2TotalFixedEdgesAtConflict=4402
%%%mzn-stat: circuitNumber2NumberOfConflicts=52
%%%mzn-stat: circuitNumber2PropagationsThatPruned=80
%%%mzn-stat: circuitNumber2PropagationsTotal=636
%%%mzn-stat: AverageConflictSize=29.653846153846153
%%%mzn-stat: NumUnitNogoodsLearned=0
%%%mzn-stat: AverageLearnedNogoodLength=44.23076923076923
%%%mzn-stat: AverageBacktrackAmount=0
%%%mzn-stat: AverageLbd=29.615384615384617
%%%mzn-stat: 2AutonomousSearchNumBackupCalled=5260
%%%mzn-stat: 2AutonomousSearchNumPredicatesRemoved=0
%%%mzn-stat: 2AutonomousSearchNumCalls=5265
%%%mzn-stat: 2AutonomousSearchNumPredicatesAdded=2492
%%%mzn-stat: 2AutonomousSearchAverageSizeOfHeap=0.8351377018043685
%%%mzn-stat: 2AutonomousSearchNumAssignedPredicatesEncountered=4397
%%%mzn-stat-end
maxleg = 281;
succ = array1d(1..100,[4, 11, 15, 17, 7, 26, 8, 13, 19, 14, 18, 2, 20, 21, 32, 24, 22, 1, 23, 30, 31, 48, 25, 9, 27, 34, 12, 45, 38, 47, 35, 53, 10, 37, 36, 59, 39, 61, 41, 16, 43, 44, 58, 63, 3, 42, 40, 51, 54, 60, 49, 33, 29, 67, 56, 66, 28, 87, 81, 52, 50, 46, 55, 6, 72, 74, 57, 85, 62, 65, 64, 91, 94, 99, 84, 71, 76, 88, 69, 83, 96, 89, 93, 86, 82, 90, 92, 98, 95, 77, 73, 68, 70, 5, 78, 100, 80, 79, 97, 75]);
% time elapsed: 4.68 s
----------
%%%mzn-stat: initTime=0.021519405
%%%mzn-stat: objective=276
%%%mzn-stat: nodes=6881
%%%mzn-stat: restarts=0
%%%mzn-stat: peakDepth=1169
%%%mzn-stat: solveTime=0.162008961
%%%mzn-stat: variables=1827
%%%mzn-stat: propagators=1453
%%%mzn-stat: failures=70
%%%mzn-stat: propagations=20930
%%%mzn-stat: nogoods=70
%%%mzn-stat: numAtomicConstraintsPropagated=0
%%%mzn-stat: allDifferentNumber1PropagationsTotal=1392
%%%mzn-stat: allDifferentNumber1PropagationsThatFoundConflict=0
%%%mzn-stat: allDifferentNumber1PropagationsThatPruned=758
%%%mzn-stat: allDifferentNumber1TotalValuesPruned=4464
%%%mzn-stat: allDifferentNumber1TotalHallSetSizeConflict=0
%%%mzn-stat: allDifferentNumber1NumberOfConflicts=0
%%%mzn-stat: allDifferentNumber1MaxHallSetSizeConflict=0
%%%mzn-stat: allDifferentNumber1TotalPruningHallSetSize=15305
%%%mzn-stat: allDifferentNumber1NumberOfPruningExplanations=4464
%%%mzn-stat: allDifferentNumber1MaxPruningHallSetSize=70
%%%mzn-stat: allDifferentNumber1TotalFixedEdgesAtConflict=0
%%%mzn-stat: allDifferentNumber1TotalVarsInvolvedInPruning=4132
%%%mzn-stat: allDifferentNumber1MaxValuesPrunedFromSingleVar=11
%%%mzn-stat: allDifferentNumber1TotalSccSizeAtPruning=6445
%%%mzn-stat: allDifferentNumber1NumberOfSccPruningCalls=758
%%%mzn-stat: circuitNumber2PropagationsThatFoundConflict=70
%%%mzn-stat: circuitNumber2TotalFixedEdgesAtConflict=5966
%%%mzn-stat: circuitNumber2NumberOfConflicts=70
%%%mzn-stat: circuitNumber2PropagationsThatPruned=95
%%%mzn-stat: circuitNumber2PropagationsTotal=765
%%%mzn-stat: AverageConflictSize=33.72857142857143
%%%mzn-stat: NumUnitNogoodsLearned=0
%%%mzn-stat: AverageLearnedNogoodLength=50.9
%%%mzn-stat: AverageBacktrackAmount=0
%%%mzn-stat: AverageLbd=33.51428571428571
%%%mzn-stat: 2AutonomousSearchNumBackupCalled=6294
%%%mzn-stat: 2AutonomousSearchNumPredicatesRemoved=0
%%%mzn-stat: 2AutonomousSearchNumCalls=6300
%%%mzn-stat: 2AutonomousSearchNumPredicatesAdded=3279
%%%mzn-stat: 2AutonomousSearchAverageSizeOfHeap=0.9687301587301588
%%%mzn-stat: 2AutonomousSearchNumAssignedPredicatesEncountered=6103
%%%mzn-stat-end
maxleg = 276;
succ = array1d(1..100,[4, 11, 32, 17, 7, 26, 8, 13, 19, 14, 18, 2, 20, 21, 38, 24, 22, 1, 23, 30, 31, 48, 25, 9, 27, 34, 12, 45, 53, 47, 35, 15, 10, 37, 36, 59, 39, 29, 41, 16, 43, 44, 58, 63, 3, 42, 40, 51, 54, 60, 49, 33, 55, 67, 56, 66, 28, 87, 81, 52, 50, 46, 68, 6, 72, 74, 85, 84, 62, 65, 64, 91, 94, 80, 95, 71, 76, 88, 69, 83, 96, 61, 93, 86, 82, 92, 99, 98, 78, 77, 73, 90, 70, 5, 89, 100, 57, 79, 97, 75]);
% time elapsed: 4.72 s
----------
%%%mzn-stat: initTime=0.021519405
%%%mzn-stat: objective=271
%%%mzn-stat: nodes=7986
%%%mzn-stat: restarts=0
%%%mzn-stat: peakDepth=1169
%%%mzn-stat: solveTime=0.180524754
%%%mzn-stat: variables=1827
%%%mzn-stat: propagators=1453
%%%mzn-stat: failures=75
%%%mzn-stat: propagations=23641
%%%mzn-stat: nogoods=75
%%%mzn-stat: numAtomicConstraintsPropagated=0
%%%mzn-stat: allDifferentNumber1PropagationsTotal=1557
%%%mzn-stat: allDifferentNumber1PropagationsThatFoundConflict=0
%%%mzn-stat: allDifferentNumber1PropagationsThatPruned=845
%%%mzn-stat: allDifferentNumber1TotalValuesPruned=5064
%%%mzn-stat: allDifferentNumber1TotalHallSetSizeConflict=0
%%%mzn-stat: allDifferentNumber1NumberOfConflicts=0
%%%mzn-stat: allDifferentNumber1MaxHallSetSizeConflict=0
%%%mzn-stat: allDifferentNumber1TotalPruningHallSetSize=17384
%%%mzn-stat: allDifferentNumber1NumberOfPruningExplanations=5064
%%%mzn-stat: allDifferentNumber1MaxPruningHallSetSize=70
%%%mzn-stat: allDifferentNumber1TotalFixedEdgesAtConflict=0
%%%mzn-stat: allDifferentNumber1TotalVarsInvolvedInPruning=4690
%%%mzn-stat: allDifferentNumber1MaxValuesPrunedFromSingleVar=11
%%%mzn-stat: allDifferentNumber1TotalSccSizeAtPruning=7216
%%%mzn-stat: allDifferentNumber1NumberOfSccPruningCalls=845
%%%mzn-stat: circuitNumber2PropagationsThatFoundConflict=75
%%%mzn-stat: circuitNumber2TotalFixedEdgesAtConflict=6374
%%%mzn-stat: circuitNumber2NumberOfConflicts=75
%%%mzn-stat: circuitNumber2PropagationsThatPruned=104
%%%mzn-stat: circuitNumber2PropagationsTotal=852
%%%mzn-stat: AverageConflictSize=32.6
%%%mzn-stat: NumUnitNogoodsLearned=0
%%%mzn-stat: AverageLearnedNogoodLength=49.4
%%%mzn-stat: AverageBacktrackAmount=0
%%%mzn-stat: AverageLbd=32.346666666666664
%%%mzn-stat: 2AutonomousSearchNumBackupCalled=7322
%%%mzn-stat: 2AutonomousSearchNumPredicatesRemoved=0
%%%mzn-stat: 2AutonomousSearchNumCalls=7329
%%%mzn-stat: 2AutonomousSearchNumPredicatesAdded=3699
%%%mzn-stat: 2AutonomousSearchAverageSizeOfHeap=1.0724519033974622
%%%mzn-stat: 2AutonomousSearchNumAssignedPredicatesEncountered=7860
%%%mzn-stat-end
maxleg = 271;
succ = array1d(1..100,[4, 11, 32, 17, 7, 26, 8, 13, 19, 14, 18, 2, 20, 21, 38, 24, 22, 1, 23, 30, 33, 48, 25, 9, 27, 34, 12, 45, 53, 47, 10, 15, 16, 35, 31, 42, 6, 29, 37, 50, 39, 44, 41, 63, 3, 52, 40, 51, 54, 60, 49, 62, 55, 65, 56, 66, 28, 43, 36, 69, 78, 88, 68, 58, 72, 74, 57, 82, 46, 80, 64, 91, 94, 93, 96, 71, 76, 89, 81, 97, 59, 61, 70, 86, 67, 85, 92, 98, 95, 77, 73, 90, 83, 5, 75, 100, 99, 79, 87, 84]);
% time elapsed: 4.74 s
----------
%%%mzn-stat: initTime=0.021519405
%%%mzn-stat: objective=268
%%%mzn-stat: nodes=9073
%%%mzn-stat: restarts=0
%%%mzn-stat: peakDepth=1169
%%%mzn-stat: solveTime=0.198583423
%%%mzn-stat: variables=1827
%%%mzn-stat: propagators=1453
%%%mzn-stat: failures=76
%%%mzn-stat: propagations=26237
%%%mzn-stat: nogoods=76
%%%mzn-stat: numAtomicConstraintsPropagated=0
%%%mzn-stat: allDifferentNumber1PropagationsTotal=1709
%%%mzn-stat: allDifferentNumber1PropagationsThatFoundConflict=0
%%%mzn-stat: allDifferentNumber1PropagationsThatPruned=925
%%%mzn-stat: allDifferentNumber1TotalValuesPruned=5626
%%%mzn-stat: allDifferentNumber1TotalHallSetSizeConflict=0
%%%mzn-stat: allDifferentNumber1NumberOfConflicts=0
%%%mzn-stat: allDifferentNumber1MaxHallSetSizeConflict=0
%%%mzn-stat: allDifferentNumber1TotalPruningHallSetSize=19340
%%%mzn-stat: allDifferentNumber1NumberOfPruningExplanations=5626
%%%mzn-stat: allDifferentNumber1MaxPruningHallSetSize=70
%%%mzn-stat: allDifferentNumber1TotalFixedEdgesAtConflict=0
%%%mzn-stat: allDifferentNumber1TotalVarsInvolvedInPruning=5218
%%%mzn-stat: allDifferentNumber1MaxValuesPrunedFromSingleVar=11
%%%mzn-stat: allDifferentNumber1TotalSccSizeAtPruning=7895
%%%mzn-stat: allDifferentNumber1NumberOfSccPruningCalls=925
%%%mzn-stat: circuitNumber2PropagationsThatFoundConflict=76
%%%mzn-stat: circuitNumber2TotalFixedEdgesAtConflict=6462
%%%mzn-stat: circuitNumber2NumberOfConflicts=76
%%%mzn-stat: circuitNumber2PropagationsThatPruned=112
%%%mzn-stat: circuitNumber2PropagationsTotal=932
%%%mzn-stat: AverageConflictSize=33.11842105263158
%%%mzn-stat: NumUnitNogoodsLearned=0
%%%mzn-stat: AverageLearnedNogoodLength=49.973684210526315
%%%mzn-stat: AverageBacktrackAmount=0
%%%mzn-stat: AverageLbd=32.6578947368421
%%%mzn-stat: 2AutonomousSearchNumBackupCalled=8338
%%%mzn-stat: 2AutonomousSearchNumPredicatesRemoved=0
%%%mzn-stat: 2AutonomousSearchNumCalls=8346
%%%mzn-stat: 2AutonomousSearchNumPredicatesAdded=3904
%%%mzn-stat: 2AutonomousSearchAverageSizeOfHeap=1.1527677929547089
%%%mzn-stat: 2AutonomousSearchNumAssignedPredicatesEncountered=9621
%%%mzn-stat-end
maxleg = 268;
succ = array1d(1..100,[4, 11, 32, 17, 7, 26, 8, 13, 19, 14, 18, 2, 20, 21, 38, 24, 22, 1, 23, 30, 33, 48, 25, 9, 27, 37, 12, 45, 53, 47, 10, 15, 16, 35, 31, 42, 34, 29, 6, 50, 39, 44, 41, 63, 3, 52, 40, 51, 54, 60, 49, 62, 55, 65, 56, 66, 28, 43, 36, 69, 78, 88, 68, 58, 72, 74, 57, 82, 46, 80, 64, 91, 94, 93, 96, 71, 76, 89, 81, 97, 59, 61, 70, 86, 67, 85, 92, 98, 95, 77, 73, 90, 83, 5, 75, 100, 99, 79, 87, 84]);
% time elapsed: 4.76 s
----------
%%%mzn-stat: initTime=0.021519405
%%%mzn-stat: objective=265
%%%mzn-stat: nodes=10230
%%%mzn-stat: restarts=0
%%%mzn-stat: peakDepth=1169
%%%mzn-stat: solveTime=0.25454919
%%%mzn-stat: variables=1827
%%%mzn-stat: propagators=1453
%%%mzn-stat: failures=134
%%%mzn-stat: propagations=31099
%%%mzn-stat: nogoods=134
%%%mzn-stat: numAtomicConstraintsPropagated=0
%%%mzn-stat: allDifferentNumber1PropagationsTotal=2135
%%%mzn-stat: allDifferentNumber1PropagationsThatFoundConflict=3
%%%mzn-stat: allDifferentNumber1PropagationsThatPruned=1181
%%%mzn-stat: allDifferentNumber1TotalValuesPruned=6956
%%%mzn-stat: allDifferentNumber1TotalHallSetSizeConflict=11
%%%mzn-stat: allDifferentNumber1NumberOfConflicts=3
%%%mzn-stat: allDifferentNumber1MaxHallSetSizeConflict=5
%%%mzn-stat: allDifferentNumber1TotalPruningHallSetSize=24513
%%%mzn-stat: allDifferentNumber1NumberOfPruningExplanations=6956
%%%mzn-stat: allDifferentNumber1MaxPruningHallSetSize=70
%%%mzn-stat: allDifferentNumber1TotalFixedEdgesAtConflict=264
%%%mzn-stat: allDifferentNumber1TotalVarsInvolvedInPruning=6335
%%%mzn-stat: allDifferentNumber1MaxValuesPrunedFromSingleVar=11
%%%mzn-stat: allDifferentNumber1TotalSccSizeAtPruning=10121
%%%mzn-stat: allDifferentNumber1NumberOfSccPruningCalls=1181
%%%mzn-stat: circuitNumber2PropagationsThatFoundConflict=130
%%%mzn-stat: circuitNumber2TotalFixedEdgesAtConflict=11397
%%%mzn-stat: circuitNumber2NumberOfConflicts=130
%%%mzn-stat: circuitNumber2PropagationsThatPruned=181
%%%mzn-stat: circuitNumber2PropagationsTotal=1186
%%%mzn-stat: AverageConflictSize=26.149253731343283
%%%mzn-stat: NumUnitNogoodsLearned=0
%%%mzn-stat: AverageLearnedNogoodLength=41.14179104477612
%%%mzn-stat: AverageBacktrackAmount=0
%%%mzn-stat: AverageLbd=26.12686567164179
%%%mzn-stat: 2AutonomousSearchNumBackupCalled=9349
%%%mzn-stat: 2AutonomousSearchNumPredicatesRemoved=0
%%%mzn-stat: 2AutonomousSearchNumCalls=9358
%%%mzn-stat: 2AutonomousSearchNumPredicatesAdded=4984
%%%mzn-stat: 2AutonomousSearchAverageSizeOfHeap=1.2637315665740543
%%%mzn-stat: 2AutonomousSearchNumAssignedPredicatesEncountered=11826
%%%mzn-stat-end
maxleg = 265;
succ = array1d(1..100,[4, 11, 32, 17, 7, 26, 8, 13, 19, 14, 18, 2, 20, 21, 38, 24, 22, 1, 23, 30, 33, 48, 25, 9, 27, 37, 12, 45, 53, 47, 10, 15, 16, 35, 31, 42, 34, 29, 6, 50, 39, 44, 41, 63, 3, 52, 40, 51, 54, 60, 49, 62, 55, 67, 56, 66, 28, 64, 36, 69, 78, 88, 77, 71, 72, 74, 57, 92, 46, 65, 43, 91, 94, 99, 95, 90, 76, 89, 81, 83, 59, 85, 93, 100, 68, 84, 58, 98, 82, 86, 73, 87, 70, 5, 61, 75, 80, 79, 97, 96]);
% time elapsed: 4.82 s
----------
%%%mzn-stat: initTime=0.021519405
%%%mzn-stat: objective=263
%%%mzn-stat: nodes=11302
%%%mzn-stat: restarts=0
%%%mzn-stat: peakDepth=1169
%%%mzn-stat: solveTime=0.270675468
%%%mzn-stat: variables=1827
%%%mzn-stat: propagators=1453
%%%mzn-stat: failures=134
%%%mzn-stat: propagations=33641
%%%mzn-stat: nogoods=134
%%%mzn-stat: numAtomicConstraintsPropagated=0
%%%mzn-stat: allDifferentNumber1PropagationsTotal=2273
%%%mzn-stat: allDifferentNumber1PropagationsThatFoundConflict=3
%%%mzn-stat: allDifferentNumber1PropagationsThatPruned=1252
%%%mzn-stat: allDifferentNumber1TotalValuesPruned=7502
%%%mzn-stat: allDifferentNumber1TotalHallSetSizeConflict=11
%%%mzn-stat: allDifferentNumber1NumberOfConflicts=3
%%%mzn-stat: allDifferentNumber1MaxHallSetSizeConflict=5
%%%mzn-stat: allDifferentNumber1TotalPruningHallSetSize=27015
%%%mzn-stat: allDifferentNumber1NumberOfPruningExplanations=7502
%%%mzn-stat: allDifferentNumber1MaxPruningHallSetSize=70
%%%mzn-stat: allDifferentNumber1TotalFixedEdgesAtConflict=264
%%%mzn-stat: allDifferentNumber1TotalVarsInvolvedInPruning=6838
%%%mzn-stat: allDifferentNumber1MaxValuesPrunedFromSingleVar=11
%%%mzn-stat: allDifferentNumber1TotalSccSizeAtPruning=10785
%%%mzn-stat: allDifferentNumber1NumberOfSccPruningCalls=1252
%%%mzn-stat: circuitNumber2PropagationsThatFoundConflict=130
%%%mzn-stat: circuitNumber2TotalFixedEdgesAtConflict=11397
%%%mzn-stat: circuitNumber2NumberOfConflicts=130
%%%mzn-stat: circuitNumber2PropagationsThatPruned=185
%%%mzn-stat: circuitNumber2PropagationsTotal=1257
%%%mzn-stat: AverageConflictSize=26.149253731343283
%%%mzn-stat: NumUnitNogoodsLearned=0
%%%mzn-stat: AverageLearnedNogoodLength=41.14179104477612
%%%mzn-stat: AverageBacktrackAmount=0
%%%mzn-stat: AverageLbd=26.12686567164179
%%%mzn-stat: 2AutonomousSearchNumBackupCalled=10354
%%%mzn-stat: 2AutonomousSearchNumPredicatesRemoved=0
%%%mzn-stat: 2AutonomousSearchNumCalls=10364
%%%mzn-stat: 2AutonomousSearchNumPredicatesAdded=4984
%%%mzn-stat: 2AutonomousSearchAverageSizeOfHeap=1.353820918564261
%%%mzn-stat: 2AutonomousSearchNumAssignedPredicatesEncountered=14031
%%%mzn-stat-end
maxleg = 263;
succ = array1d(1..100,[4, 11, 32, 17, 7, 26, 8, 20, 19, 14, 18, 2, 5, 21, 38, 24, 22, 1, 23, 30, 33, 48, 25, 9, 27, 37, 12, 45, 53, 47, 10, 15, 16, 35, 31, 42, 39, 29, 34, 50, 6, 44, 41, 63, 3, 52, 40, 51, 54, 60, 49, 62, 55, 67, 56, 66, 28, 64, 36, 69, 78, 88, 77, 71, 72, 74, 57, 92, 46, 65, 43, 91, 94, 99, 95, 90, 76, 89, 81, 83, 59, 85, 93, 100, 68, 84, 58, 98, 82, 86, 73, 87, 70, 13, 61, 75, 80, 79, 97, 96]);
% time elapsed: 4.85 s
----------
%%%mzn-stat: initTime=0.021519405
%%%mzn-stat: objective=257
%%%mzn-stat: nodes=12364
%%%mzn-stat: restarts=0
%%%mzn-stat: peakDepth=1169
%%%mzn-stat: solveTime=0.288035792
%%%mzn-stat: variables=1827
%%%mzn-stat: propagators=1453
%%%mzn-stat: failures=137
%%%mzn-stat: propagations=36293
%%%mzn-stat: nogoods=137
%%%mzn-stat: numAtomicConstraintsPropagated=0
%%%mzn-stat: allDifferentNumber1PropagationsTotal=2426
%%%mzn-stat: allDifferentNumber1PropagationsThatFoundConflict=3
%%%mzn-stat: allDifferentNumber1PropagationsThatPruned=1331
%%%mzn-stat: allDifferentNumber1TotalValuesPruned=8080
%%%mzn-stat: allDifferentNumber1TotalHallSetSizeConflict=11
%%%mzn-stat: allDifferentNumber1NumberOfConflicts=3
%%%mzn-stat: allDifferentNumber1MaxHallSetSizeConflict=5
%%%mzn-stat: allDifferentNumber1TotalPruningHallSetSize=29657
%%%mzn-stat: allDifferentNumber1NumberOfPruningExplanations=8080
%%%mzn-stat: allDifferentNumber1MaxPruningHallSetSize=70
%%%mzn-stat: allDifferentNumber1TotalFixedEdgesAtConflict=264
%%%mzn-stat: allDifferentNumber1TotalVarsInvolvedInPruning=7370
%%%mzn-stat: allDifferentNumber1MaxValuesPrunedFromSingleVar=11
%%%mzn-stat: allDifferentNumber1TotalSccSizeAtPruning=11512
%%%mzn-stat: allDifferentNumber1NumberOfSccPruningCalls=1331
%%%mzn-stat: circuitNumber2PropagationsThatFoundConflict=132
%%%mzn-stat: circuitNumber2TotalFixedEdgesAtConflict=11563
%%%mzn-stat: circuitNumber2NumberOfConflicts=132
%%%mzn-stat: circuitNumber2PropagationsThatPruned=190
%%%mzn-stat: circuitNumber2PropagationsTotal=1335
%%%mzn-stat: AverageConflictSize=25.722627737226276
%%%mzn-stat: NumUnitNogoodsLearned=0
%%%mzn-stat: AverageLearnedNogoodLength=40.934306569343065
%%%mzn-stat: AverageBacktrackAmount=0
%%%mzn-stat: AverageLbd=25.83941605839416
%%%mzn-stat: 2AutonomousSearchNumBackupCalled=11345
%%%mzn-stat: 2AutonomousSearchNumPredicatesRemoved=0
%%%mzn-stat: 2AutonomousSearchNumCalls=11356
%%%mzn-stat: 2AutonomousSearchNumPredicatesAdded=5310
%%%mzn-stat: 2AutonomousSearchAverageSizeOfHeap=1.4314899612539627
%%%mzn-stat: 2AutonomousSearchNumAssignedPredicatesEncountered=16256
%%%mzn-stat-end
maxleg = 257;
succ = array1d(1..100,[4, 11, 32, 17, 7, 26, 8, 20, 19, 14, 18, 2, 5, 21, 38, 24, 22, 1, 23, 30, 33, 48, 25, 9, 27, 37, 12, 45, 53, 47, 10, 15, 16, 35, 31, 42, 39, 29, 34, 50, 6, 44, 41, 63, 3, 52, 40, 51, 54, 60, 74, 62, 55, 67, 56, 66, 28, 64, 36, 69, 78, 88, 77, 71, 72, 80, 70, 82, 46, 65, 43, 91, 94, 93, 96, 90, 76, 89, 81, 97, 59, 61, 49, 86, 57, 85, 58, 98, 95, 92, 73, 68, 83, 13, 75, 100, 99, 79, 87, 84]);
% time elapsed: 4.86 s
----------
%%%mzn-stat: initTime=0.021519405
%%%mzn-stat: objective=252
%%%mzn-stat: nodes=13470
%%%mzn-stat: restarts=0
%%%mzn-stat: peakDepth=1169
%%%mzn-stat: solveTime=0.32330398
%%%mzn-stat: variables=1827
%%%mzn-stat: propagators=1453
%%%mzn-stat: failures=156
%%%mzn-stat: propagations=39810
%%%mzn-stat: nogoods=156
%%%mzn-stat: numAtomicConstraintsPropagated=0
%%%mzn-stat: allDifferentNumber1PropagationsTotal=2701
%%%mzn-stat: allDifferentNumber1PropagationsThatFoundConflict=3
%%%mzn-stat: allDifferentNumber1PropagationsThatPruned=1485
%%%mzn-stat: allDifferentNumber1TotalValuesPruned=8880
%%%mzn-stat: allDifferentNumber1TotalHallSetSizeConflict=11
%%%mzn-stat: allDifferentNumber1NumberOfConflicts=3
%%%mzn-stat: allDifferentNumber1MaxHallSetSizeConflict=5
%%%mzn-stat: allDifferentNumber1TotalPruningHallSetSize=32776
%%%mzn-stat: allDifferentNumber1NumberOfPruningExplanations=8880
%%%mzn-stat: allDifferentNumber1MaxPruningHallSetSize=70
%%%mzn-stat: allDifferentNumber1TotalFixedEdgesAtConflict=264
%%%mzn-stat: allDifferentNumber1TotalVarsInvolvedInPruning=8087
%%%mzn-stat: allDifferentNumber1MaxValuesPrunedFromSingleVar=11
%%%mzn-stat: allDifferentNumber1TotalSccSizeAtPruning=12731
%%%mzn-stat: allDifferentNumber1NumberOfSccPruningCalls=1485
%%%mzn-stat: circuitNumber2PropagationsThatFoundConflict=151
%%%mzn-stat: circuitNumber2TotalFixedEdgesAtConflict=13158
%%%mzn-stat: circuitNumber2NumberOfConflicts=151
%%%mzn-stat: circuitNumber2PropagationsThatPruned=211
%%%mzn-stat: circuitNumber2PropagationsTotal=1488
%%%mzn-stat: AverageConflictSize=27.78205128205128
%%%mzn-stat: NumUnitNogoodsLearned=0
%%%mzn-stat: AverageLearnedNogoodLength=42.42307692307692
%%%mzn-stat: AverageBacktrackAmount=0
%%%mzn-stat: AverageLbd=27.5
%%%mzn-stat: 2AutonomousSearchNumBackupCalled=12334
%%%mzn-stat: 2AutonomousSearchNumPredicatesRemoved=0
%%%mzn-stat: 2AutonomousSearchNumCalls=12346
%%%mzn-stat: 2AutonomousSearchNumPredicatesAdded=6239
%%%mzn-stat: 2AutonomousSearchAverageSizeOfHeap=1.5229224040174956
%%%mzn-stat: 2AutonomousSearchNumAssignedPredicatesEncountered=18802
%%%mzn-stat-end
maxleg = 252;
succ = array1d(1..100,[4, 11, 32, 17, 7, 26, 8, 20, 19, 14, 18, 2, 5, 21, 38, 24, 22, 1, 23, 30, 33, 48, 25, 9, 27, 37, 12, 45, 53, 72, 10, 15, 16, 35, 31, 42, 39, 29, 34, 47, 6, 44, 41, 63, 3, 52, 73, 51, 54, 40, 74, 60, 55, 67, 56, 66, 28, 64, 36, 50, 78, 46, 77, 71, 70, 80, 85, 82, 62, 57, 43, 91, 94, 93, 81, 90, 76, 88, 69, 97, 59, 89, 49, 100, 86, 84, 58, 98, 95, 92, 65, 68, 83, 13, 61, 75, 99, 79, 87, 96]);
% time elapsed: 4.90 s
----------
%%%mzn-stat: initTime=0.021519405
%%%mzn-stat: objective=251
%%%mzn-stat: nodes=14509
%%%mzn-stat: restarts=0
%%%mzn-stat: peakDepth=1169
%%%mzn-stat: solveTime=0.340247817
%%%mzn-stat: variables=1827
%%%mzn-stat: propagators=1453
%%%mzn-stat: failures=156
%%%mzn-stat: propagations=42296
%%%mzn-stat: nogoods=156
%%%mzn-stat: numAtomicConstraintsPropagated=0
%%%mzn-stat: allDifferentNumber1PropagationsTotal=2844
%%%mzn-stat: allDifferentNumber1PropagationsThatFoundConflict=3
%%%mzn-stat: allDifferentNumber1PropagationsThatPruned=1559
%%%mzn-stat: allDifferentNumber1TotalValuesPruned=9422
%%%mzn-stat: allDifferentNumber1TotalHallSetSizeConflict=11
%%%mzn-stat: allDifferentNumber1NumberOfConflicts=3
%%%mzn-stat: allDifferentNumber1MaxHallSetSizeConflict=5
%%%mzn-stat: allDifferentNumber1TotalPruningHallSetSize=35129
%%%mzn-stat: allDifferentNumber1NumberOfPruningExplanations=9422
%%%mzn-stat: allDifferentNumber1MaxPruningHallSetSize=70
%%%mzn-stat: allDifferentNumber1TotalFixedEdgesAtConflict=264
%%%mzn-stat: allDifferentNumber1TotalVarsInvolvedInPruning=8587
%%%mzn-stat: allDifferentNumber1MaxValuesPrunedFromSingleVar=11
%%%mzn-stat: allDifferentNumber1TotalSccSizeAtPruning=13331
%%%mzn-stat: allDifferentNumber1NumberOfSccPruningCalls=1559
%%%mzn-stat: circuitNumber2PropagationsThatFoundConflict=151
%%%mzn-stat: circuitNumber2TotalFixedEdgesAtConflict=13158
%%%mzn-stat: circuitNumber2NumberOfConflicts=151
%%%mzn-stat: circuitNumber2PropagationsThatPruned=215
%%%mzn-stat: circuitNumber2PropagationsTotal=1561
%%%mzn-stat: AverageConflictSize=27.78205128205128
%%%mzn-stat: NumUnitNogoodsLearned=0
%%%mzn-stat: AverageLearnedNogoodLength=42.42307692307692
%%%mzn-stat: AverageBacktrackAmount=0
%%%mzn-stat: AverageLbd=27.5
%%%mzn-stat: 2AutonomousSearchNumBackupCalled=13306
%%%mzn-stat: 2AutonomousSearchNumPredicatesRemoved=0
%%%mzn-stat: 2AutonomousSearchNumCalls=13319
%%%mzn-stat: 2AutonomousSearchNumPredicatesAdded=6239
%%%mzn-stat: 2AutonomousSearchAverageSizeOfHeap=1.6028230347623695
%%%mzn-stat: 2AutonomousSearchNumAssignedPredicatesEncountered=21348
%%%mzn-stat-end
maxleg = 251;
succ = array1d(1..100,[4, 11, 32, 17, 7, 26, 8, 20, 19, 14, 18, 2, 5, 21, 38, 24, 22, 1, 23, 30, 33, 48, 25, 9, 27, 37, 12, 45, 53, 72, 10, 15, 16, 35, 31, 42, 39, 29, 34, 47, 6, 44, 41, 63, 3, 52, 73, 51, 54, 40, 74, 60, 55, 67, 56, 66, 28, 64, 36, 50, 78, 46, 77, 71, 70, 80, 85, 82, 62, 57, 43, 91, 94, 93, 81, 90, 76, 98, 69, 97, 59, 89, 49, 100, 86, 84, 58, 79, 95, 92, 65, 68, 83, 13, 61, 75, 99, 88, 87, 96]);
% time elapsed: 4.92 s
----------
%%%mzn-stat: initTime=0.021519405
%%%mzn-stat: objective=250
%%%mzn-stat: nodes=15771
%%%mzn-stat: restarts=0
%%%mzn-stat: peakDepth=1169
%%%mzn-stat: solveTime=0.415263327
%%%mzn-stat: variables=1827
%%%mzn-stat: propagators=1453
%%%mzn-stat: failures=207
%%%mzn-stat: propagations=48233
%%%mzn-stat: nogoods=207
%%%mzn-stat: numAtomicConstraintsPropagated=0
%%%mzn-stat: allDifferentNumber1PropagationsTotal=3474
%%%mzn-stat: allDifferentNumber1PropagationsThatFoundConflict=3
%%%mzn-stat: allDifferentNumber1PropagationsThatPruned=1921
%%%mzn-stat: allDifferentNumber1TotalValuesPruned=11097
%%%mzn-stat: allDifferentNumber1TotalHallSetSizeConflict=11
%%%mzn-stat: allDifferentNumber1NumberOfConflicts=3
%%%mzn-stat: allDifferentNumber1MaxHallSetSizeConflict=5
%%%mzn-stat: allDifferentNumber1TotalPruningHallSetSize=40154
%%%mzn-stat: allDifferentNumber1NumberOfPruningExplanations=11097
%%%mzn-stat: allDifferentNumber1MaxPruningHallSetSize=70
%%%mzn-stat: allDifferentNumber1TotalFixedEdgesAtConflict=264
%%%mzn-stat: allDifferentNumber1TotalVarsInvolvedInPruning=10029
%%%mzn-stat: allDifferentNumber1MaxValuesPrunedFromSingleVar=11
%%%mzn-stat: allDifferentNumber1TotalSccSizeAtPruning=15570
%%%mzn-stat: allDifferentNumber1NumberOfSccPruningCalls=1921
%%%mzn-stat: circuitNumber2PropagationsThatFoundConflict=200
%%%mzn-stat: circuitNumber2TotalFixedEdgesAtConflict=17536
%%%mzn-stat: circuitNumber2NumberOfConflicts=200
%%%mzn-stat: circuitNumber2PropagationsThatPruned=244
%%%mzn-stat: circuitNumber2PropagationsTotal=1916
%%%mzn-stat: AverageConflictSize=32.97584541062802
%%%mzn-stat: NumUnitNogoodsLearned=0
%%%mzn-stat: AverageLearnedNogoodLength=44.54106280193237
%%%mzn-stat: AverageBacktrackAmount=0
%%%mzn-stat: AverageLbd=31.033816425120772
%%%mzn-stat: 2AutonomousSearchNumBackupCalled=14305
%%%mzn-stat: 2AutonomousSearchNumPredicatesRemoved=0
%%%mzn-stat: 2AutonomousSearchNumCalls=14319
%%%mzn-stat: 2AutonomousSearchNumPredicatesAdded=7049
%%%mzn-stat: 2AutonomousSearchAverageSizeOfHeap=1.6841259864515679
%%%mzn-stat: 2AutonomousSearchNumAssignedPredicatesEncountered=24115
%%%mzn-stat-end
maxleg = 250;
succ = array1d(1..100,[4, 11, 32, 17, 7, 26, 8, 20, 19, 14, 18, 2, 5, 21, 38, 24, 22, 1, 23, 30, 33, 48, 25, 9, 27, 37, 12, 45, 53, 72, 10, 15, 16, 35, 31, 42, 39, 29, 34, 47, 6, 44, 41, 63, 3, 52, 73, 51, 54, 40, 74, 60, 55, 67, 56, 66, 85, 64, 36, 50, 78, 46, 77, 71, 49, 80, 28, 82, 62, 57, 43, 91, 94, 93, 81, 90, 76, 98, 69, 97, 59, 89, 70, 100, 86, 84, 58, 79, 95, 92, 65, 68, 83, 13, 61, 75, 99, 88, 87, 96]);
% time elapsed: 5.00 s
----------
%%%mzn-stat: initTime=0.021519405
%%%mzn-stat: objective=247
%%%mzn-stat: nodes=16996
%%%mzn-stat: restarts=0
%%%mzn-stat: peakDepth=1169
%%%mzn-stat: solveTime=0.556192572
%%%mzn-stat: variables=1827
%%%mzn-stat: propagators=1453
%%%mzn-stat: failures=369
%%%mzn-stat: propagations=57862
%%%mzn-stat: nogoods=369
%%%mzn-stat: numAtomicConstraintsPropagated=0
%%%mzn-stat: allDifferentNumber1PropagationsTotal=4332
%%%mzn-stat: allDifferentNumber1PropagationsThatFoundConflict=16
%%%mzn-stat: allDifferentNumber1PropagationsThatPruned=2470
%%%mzn-stat: allDifferentNumber1TotalValuesPruned=14595
%%%mzn-stat: allDifferentNumber1TotalHallSetSizeConflict=93
%%%mzn-stat: allDifferentNumber1NumberOfConflicts=16
%%%mzn-stat: allDifferentNumber1MaxHallSetSizeConflict=20
%%%mzn-stat: allDifferentNumber1TotalPruningHallSetSize=58625
%%%mzn-stat: allDifferentNumber1NumberOfPruningExplanations=14595
%%%mzn-stat: allDifferentNumber1MaxPruningHallSetSize=70
%%%mzn-stat: allDifferentNumber1TotalFixedEdgesAtConflict=1398
%%%mzn-stat: allDifferentNumber1TotalVarsInvolvedInPruning=12711
%%%mzn-stat: allDifferentNumber1MaxValuesPrunedFromSingleVar=11
%%%mzn-stat: allDifferentNumber1TotalSccSizeAtPruning=22898
%%%mzn-stat: allDifferentNumber1NumberOfSccPruningCalls=2470
%%%mzn-stat: circuitNumber2PropagationsThatFoundConflict=329
%%%mzn-stat: circuitNumber2TotalFixedEdgesAtConflict=28803
%%%mzn-stat: circuitNumber2NumberOfConflicts=329
%%%mzn-stat: circuitNumber2PropagationsThatPruned=356
%%%mzn-stat: circuitNumber2PropagationsTotal=2401
%%%mzn-stat: AverageConflictSize=24.306233062330623
%%%mzn-stat: NumUnitNogoodsLearned=0
%%%mzn-stat: AverageLearnedNogoodLength=44.54471544715447
%%%mzn-stat: AverageBacktrackAmount=0
%%%mzn-stat: AverageLbd=27.799457994579946
%%%mzn-stat: 2AutonomousSearchNumBackupCalled=15285
%%%mzn-stat: 2AutonomousSearchNumPredicatesRemoved=0
%%%mzn-stat: 2AutonomousSearchNumCalls=15300
%%%mzn-stat: 2AutonomousSearchNumPredicatesAdded=8391
%%%mzn-stat: 2AutonomousSearchAverageSizeOfHeap=1.7693464052287582
%%%mzn-stat: 2AutonomousSearchNumAssignedPredicatesEncountered=27071
%%%mzn-stat-end
maxleg = 247;
succ = array1d(1..100,[4, 11, 32, 17, 8, 26, 15, 7, 19, 14, 18, 2, 5, 21, 38, 24, 22, 1, 23, 13, 52, 48, 25, 9, 27, 37, 12, 45, 53, 20, 10, 47, 16, 35, 31, 42, 39, 29, 34, 33, 6, 44, 41, 63, 3, 62, 40, 51, 65, 60, 54, 46, 55, 49, 56, 66, 28, 64, 36, 69, 50, 79, 77, 71, 72, 74, 57, 82, 81, 80, 43, 91, 94, 93, 96, 90, 76, 61, 88, 97, 59, 89, 70, 86, 67, 85, 58, 98, 95, 92, 73, 68, 83, 30, 75, 100, 99, 78, 87, 84]);
% time elapsed: 5.15 s
----------
%%%mzn-stat: initTime=0.021519405
%%%mzn-stat: objective=226
%%%mzn-stat: nodes=18198
%%%mzn-stat: restarts=0
%%%mzn-stat: peakDepth=1169
%%%mzn-stat: solveTime=0.719217847
%%%mzn-stat: variables=1827
%%%mzn-stat: propagators=1453
%%%mzn-stat: failures=538
%%%mzn-stat: propagations=66612
%%%mzn-stat: nogoods=538
%%%mzn-stat: numAtomicConstraintsPropagated=0
%%%mzn-stat: allDifferentNumber1PropagationsTotal=5108
%%%mzn-stat: allDifferentNumber1PropagationsThatFoundConflict=35
%%%mzn-stat: allDifferentNumber1PropagationsThatPruned=2976
%%%mzn-stat: allDifferentNumber1TotalValuesPruned=17980
%%%mzn-stat: allDifferentNumber1TotalHallSetSizeConflict=312
%%%mzn-stat: allDifferentNumber1NumberOfConflicts=35
%%%mzn-stat: allDifferentNumber1MaxHallSetSizeConflict=24
%%%mzn-stat: allDifferentNumber1TotalPruningHallSetSize=81373
%%%mzn-stat: allDifferentNumber1NumberOfPruningExplanations=17980
%%%mzn-stat: allDifferentNumber1MaxPruningHallSetSize=70
%%%mzn-stat: allDifferentNumber1TotalFixedEdgesAtConflict=2936
%%%mzn-stat: allDifferentNumber1TotalVarsInvolvedInPruning=15376
%%%mzn-stat: allDifferentNumber1MaxValuesPrunedFromSingleVar=11
%%%mzn-stat: allDifferentNumber1TotalSccSizeAtPruning=30043
%%%mzn-stat: allDifferentNumber1NumberOfSccPruningCalls=2976
%%%mzn-stat: circuitNumber2PropagationsThatFoundConflict=474
%%%mzn-stat: circuitNumber2TotalFixedEdgesAtConflict=40600
%%%mzn-stat: circuitNumber2NumberOfConflicts=474
%%%mzn-stat: circuitNumber2PropagationsThatPruned=394
%%%mzn-stat: circuitNumber2PropagationsTotal=2803
%%%mzn-stat: AverageConflictSize=22.024163568773233
%%%mzn-stat: NumUnitNogoodsLearned=0
%%%mzn-stat: AverageLearnedNogoodLength=48.30297397769517
%%%mzn-stat: AverageBacktrackAmount=0
%%%mzn-stat: AverageLbd=29.102230483271377
%%%mzn-stat: 2AutonomousSearchNumBackupCalled=16244
%%%mzn-stat: 2AutonomousSearchNumPredicatesRemoved=0
%%%mzn-stat: 2AutonomousSearchNumCalls=16260
%%%mzn-stat: 2AutonomousSearchNumPredicatesAdded=9368
%%%mzn-stat: 2AutonomousSearchAverageSizeOfHeap=1.8473554735547355
%%%mzn-stat: 2AutonomousSearchNumAssignedPredicatesEncountered=30038
%%%mzn-stat-end
maxleg = 226;
succ = array1d(1..100,[4, 11, 32, 17, 8, 26, 15, 7, 19, 14, 18, 2, 5, 21, 38, 24, 22, 1, 23, 13, 52, 48, 25, 9, 27, 37, 12, 45, 53, 20, 10, 47, 16, 35, 36, 59, 39, 29, 34, 33, 6, 44, 41, 63, 3, 42, 40, 51, 65, 60, 54, 46, 55, 49, 56, 66, 28, 64, 31, 62, 50, 69, 77, 71, 72, 74, 57, 82, 79, 80, 43, 91, 94, 93, 81, 90, 76, 89, 88, 97, 96, 61, 70, 86, 67, 85, 58, 98, 95, 92, 73, 68, 83, 30, 75, 100, 99, 78, 87, 84]);
% time elapsed: 5.31 s
----------
%%%mzn-stat: initTime=0.021519405
%%%mzn-stat: objective=224
%%%mzn-stat: nodes=19344
%%%mzn-stat: restarts=0
%%%mzn-stat: peakDepth=1169
%%%mzn-stat: solveTime=0.835511126
%%%mzn-stat: variables=1827
%%%mzn-stat: propagators=1453
%%%mzn-stat: failures=664
%%%mzn-stat: propagations=73716
%%%mzn-stat: nogoods=664
%%%mzn-stat: numAtomicConstraintsPropagated=0
%%%mzn-stat: allDifferentNumber1PropagationsTotal=5746
%%%mzn-stat: allDifferentNumber1PropagationsThatFoundConflict=42
%%%mzn-stat: allDifferentNumber1PropagationsThatPruned=3402
%%%mzn-stat: allDifferentNumber1TotalValuesPruned=20626
%%%mzn-stat: allDifferentNumber1TotalHallSetSizeConflict=336
%%%mzn-stat: allDifferentNumber1NumberOfConflicts=42
%%%mzn-stat: allDifferentNumber1MaxHallSetSizeConflict=24
%%%mzn-stat: allDifferentNumber1TotalPruningHallSetSize=97368
%%%mzn-stat: allDifferentNumber1NumberOfPruningExplanations=20626
%%%mzn-stat: allDifferentNumber1MaxPruningHallSetSize=70
%%%mzn-stat: allDifferentNumber1TotalFixedEdgesAtConflict=3493
%%%mzn-stat: allDifferentNumber1TotalVarsInvolvedInPruning=17535
%%%mzn-stat: allDifferentNumber1MaxValuesPrunedFromSingleVar=11
%%%mzn-stat: allDifferentNumber1TotalSccSizeAtPruning=35056
%%%mzn-stat: allDifferentNumber1NumberOfSccPruningCalls=3402
%%%mzn-stat: circuitNumber2PropagationsThatFoundConflict=590
%%%mzn-stat: circuitNumber2TotalFixedEdgesAtConflict=49920
%%%mzn-stat: circuitNumber2NumberOfConflicts=590
%%%mzn-stat: circuitNumber2PropagationsThatPruned=404
%%%mzn-stat: circuitNumber2PropagationsTotal=3131
%%%mzn-stat: AverageConflictSize=19.71987951807229
%%%mzn-stat: NumUnitNogoodsLearned=0
%%%mzn-stat: AverageLearnedNogoodLength=49.88855421686747
%%%mzn-stat: AverageBacktrackAmount=0
%%%mzn-stat: AverageLbd=28.721385542168676
%%%mzn-stat: 2AutonomousSearchNumBackupCalled=17191
%%%mzn-stat: 2AutonomousSearchNumPredicatesRemoved=0
%%%mzn-stat: 2AutonomousSearchNumCalls=17208
%%%mzn-stat: 2AutonomousSearchNumPredicatesAdded=10266
%%%mzn-stat: 2AutonomousSearchAverageSizeOfHeap=1.919281729428173
%%%mzn-stat: 2AutonomousSearchNumAssignedPredicatesEncountered=33027
%%%mzn-stat-end
maxleg = 224;
succ = array1d(1..100,[4, 11, 32, 17, 8, 26, 15, 7, 19, 14, 18, 2, 5, 21, 38, 24, 22, 1, 23, 13, 52, 48, 25, 9, 27, 37, 12, 45, 53, 20, 10, 47, 16, 35, 36, 59, 39, 29, 34, 33, 6, 44, 41, 63, 3, 42, 40, 51, 65, 60, 54, 46, 55, 49, 56, 66, 28, 64, 31, 69, 50, 79, 77, 71, 72, 74, 57, 82, 62, 80, 43, 91, 94, 93, 81, 90, 76, 89, 88, 97, 96, 61, 70, 86, 67, 85, 58, 98, 95, 92, 73, 68, 83, 30, 75, 100, 99, 78, 87, 84]);
% time elapsed: 5.44 s
----------
%%%mzn-stat: initTime=0.021519405
%%%mzn-stat: objective=219
%%%mzn-stat: nodes=20360
%%%mzn-stat: restarts=0
%%%mzn-stat: peakDepth=1169
%%%mzn-stat: solveTime=0.852078951
%%%mzn-stat: variables=1827
%%%mzn-stat: propagators=1453
%%%mzn-stat: failures=664
%%%mzn-stat: propagations=76358
%%%mzn-stat: nogoods=664
%%%mzn-stat: numAtomicConstraintsPropagated=0
%%%mzn-stat: allDifferentNumber1PropagationsTotal=5892
%%%mzn-stat: allDifferentNumber1PropagationsThatFoundConflict=42
%%%mzn-stat: allDifferentNumber1PropagationsThatPruned=3477
%%%mzn-stat: allDifferentNumber1TotalValuesPruned=21131
%%%mzn-stat: allDifferentNumber1TotalHallSetSizeConflict=336
%%%mzn-stat: allDifferentNumber1NumberOfConflicts=42
%%%mzn-stat: allDifferentNumber1MaxHallSetSizeConflict=24
%%%mzn-stat: allDifferentNumber1TotalPruningHallSetSize=99663
%%%mzn-stat: allDifferentNumber1NumberOfPruningExplanations=21131
%%%mzn-stat: allDifferentNumber1MaxPruningHallSetSize=70
%%%mzn-stat: allDifferentNumber1TotalFixedEdgesAtConflict=3493
%%%mzn-stat: allDifferentNumber1TotalVarsInvolvedInPruning=18007
%%%mzn-stat: allDifferentNumber1MaxValuesPrunedFromSingleVar=11
%%%mzn-stat: allDifferentNumber1TotalSccSizeAtPruning=35689
%%%mzn-stat: allDifferentNumber1NumberOfSccPruningCalls=3477
%%%mzn-stat: circuitNumber2PropagationsThatFoundConflict=590
%%%mzn-stat: circuitNumber2TotalFixedEdgesAtConflict=49920
%%%mzn-stat: circuitNumber2NumberOfConflicts=590
%%%mzn-stat: circuitNumber2PropagationsThatPruned=409
%%%mzn-stat: circuitNumber2PropagationsTotal=3206
%%%mzn-stat: AverageConflictSize=19.71987951807229
%%%mzn-stat: NumUnitNogoodsLearned=0
%%%mzn-stat: AverageLearnedNogoodLength=49.88855421686747
%%%mzn-stat: AverageBacktrackAmount=0
%%%mzn-stat: AverageLbd=28.721385542168676
%%%mzn-stat: 2AutonomousSearchNumBackupCalled=18137
%%%mzn-stat: 2AutonomousSearchNumPredicatesRemoved=0
%%%mzn-stat: 2AutonomousSearchNumCalls=18155
%%%mzn-stat: 2AutonomousSearchNumPredicatesAdded=10266
%%%mzn-stat: 2AutonomousSearchAverageSizeOfHeap=1.9838061140181769
%%%mzn-stat: 2AutonomousSearchNumAssignedPredicatesEncountered=36016
%%%mzn-stat-end
maxleg = 219;
succ = array1d(1..100,[4, 11, 32, 17, 8, 26, 15, 7, 19, 14, 18, 2, 5, 21, 38, 24, 22, 1, 25, 13, 52, 48, 27, 9, 23, 37, 12, 45, 53, 20, 10, 47, 16, 35, 36, 59, 39, 29, 34, 33, 6, 44, 41, 63, 3, 42, 40, 51, 65, 60, 54, 46, 55, 49, 56, 66, 28, 64, 31, 69, 50, 79, 77, 71, 72, 74, 57, 82, 62, 80, 43, 91, 94, 93, 81, 90, 76, 89, 88, 97, 96, 61, 70, 86, 67, 85, 58, 98, 95, 92, 73, 68, 83, 30, 75, 100, 99, 78, 87, 84]);
% time elapsed: 5.46 s
----------
%%%mzn-stat: initTime=0.021519405
%%%mzn-stat: objective=217
%%%mzn-stat: nodes=21695
%%%mzn-stat: restarts=0
%%%mzn-stat: peakDepth=1169
%%%mzn-stat: solveTime=0.994414518
%%%mzn-stat: variables=1827
%%%mzn-stat: propagators=1453
%%%mzn-stat: failures=835
%%%mzn-stat: propagations=86742
%%%mzn-stat: nogoods=835
%%%mzn-stat: numAtomicConstraintsPropagated=0
%%%mzn-stat: allDifferentNumber1PropagationsTotal=7008
%%%mzn-stat: allDifferentNumber1PropagationsThatFoundConflict=44
%%%mzn-stat: allDifferentNumber1PropagationsThatPruned=4120
%%%mzn-stat: allDifferentNumber1TotalValuesPruned=24139
%%%mzn-stat: allDifferentNumber1TotalHallSetSizeConflict=340
%%%mzn-stat: allDifferentNumber1NumberOfConflicts=44
%%%mzn-stat: allDifferentNumber1MaxHallSetSizeConflict=24
%%%mzn-stat: allDifferentNumber1TotalPruningHallSetSize=112181
%%%mzn-stat: allDifferentNumber1NumberOfPruningExplanations=24139
%%%mzn-stat: allDifferentNumber1MaxPruningHallSetSize=70
%%%mzn-stat: allDifferentNumber1TotalFixedEdgesAtConflict=3681
%%%mzn-stat: allDifferentNumber1TotalVarsInvolvedInPruning=20380
%%%mzn-stat: allDifferentNumber1MaxValuesPrunedFromSingleVar=11
%%%mzn-stat: allDifferentNumber1TotalSccSizeAtPruning=41045
%%%mzn-stat: allDifferentNumber1NumberOfSccPruningCalls=4120
%%%mzn-stat: circuitNumber2PropagationsThatFoundConflict=749
%%%mzn-stat: circuitNumber2TotalFixedEdgesAtConflict=63718
%%%mzn-stat: circuitNumber2NumberOfConflicts=749
%%%mzn-stat: circuitNumber2PropagationsThatPruned=515
%%%mzn-stat: circuitNumber2PropagationsTotal=3855
%%%mzn-stat: AverageConflictSize=20.134131736526946
%%%mzn-stat: NumUnitNogoodsLearned=0
%%%mzn-stat: AverageLearnedNogoodLength=48.35808383233533
%%%mzn-stat: AverageBacktrackAmount=0
%%%mzn-stat: AverageLbd=27.92934131736527
%%%mzn-stat: 2AutonomousSearchNumBackupCalled=19077
%%%mzn-stat: 2AutonomousSearchNumPredicatesRemoved=0
%%%mzn-stat: 2AutonomousSearchNumCalls=19096
%%%mzn-stat: 2AutonomousSearchNumPredicatesAdded=12069
%%%mzn-stat: 2AutonomousSearchAverageSizeOfHeap=2.0640971931294514
%%%mzn-stat: 2AutonomousSearchNumAssignedPredicatesEncountered=39416
%%%mzn-stat-end
maxleg = 217;
succ = array1d(1..100,[4, 11, 45, 17, 8, 26, 15, 7, 19, 14, 18, 2, 5, 21, 32, 24, 22, 1, 25, 13, 52, 48, 27, 9, 23, 37, 12, 57, 38, 20, 10, 47, 16, 35, 36, 59, 39, 53, 34, 33, 6, 44, 41, 63, 28, 42, 40, 51, 65, 60, 54, 46, 55, 67, 56, 66, 74, 64, 31, 69, 50, 79, 77, 71, 72, 80, 70, 29, 62, 3, 43, 91, 94, 97, 81, 90, 76, 89, 88, 83, 96, 61, 93, 68, 82, 85, 58, 98, 95, 92, 73, 86, 49, 30, 75, 100, 99, 78, 87, 84]);
% time elapsed: 5.60 s
----------
%%%mzn-stat: initTime=0.021519405
%%%mzn-stat: objective=215
%%%mzn-stat: nodes=22770
%%%mzn-stat: restarts=0
%%%mzn-stat: peakDepth=1169
%%%mzn-stat: solveTime=1.040661678
%%%mzn-stat: variables=1827
%%%mzn-stat: propagators=1453
%%%mzn-stat: failures=864
%%%mzn-stat: propagations=90802
%%%mzn-stat: nogoods=864
%%%mzn-stat: numAtomicConstraintsPropagated=0
%%%mzn-stat: allDifferentNumber1PropagationsTotal=7328
%%%mzn-stat: allDifferentNumber1PropagationsThatFoundConflict=46
%%%mzn-stat: allDifferentNumber1PropagationsThatPruned=4294
%%%mzn-stat: allDifferentNumber1TotalValuesPruned=25037
%%%mzn-stat: allDifferentNumber1TotalHallSetSizeConflict=349
%%%mzn-stat: allDifferentNumber1NumberOfConflicts=46
%%%mzn-stat: allDifferentNumber1MaxHallSetSizeConflict=24
%%%mzn-stat: allDifferentNumber1TotalPruningHallSetSize=117099
%%%mzn-stat: allDifferentNumber1NumberOfPruningExplanations=25037
%%%mzn-stat: allDifferentNumber1MaxPruningHallSetSize=70
%%%mzn-stat: allDifferentNumber1TotalFixedEdgesAtConflict=3863
%%%mzn-stat: allDifferentNumber1TotalVarsInvolvedInPruning=21168
%%%mzn-stat: allDifferentNumber1MaxValuesPrunedFromSingleVar=11
%%%mzn-stat: allDifferentNumber1TotalSccSizeAtPruning=42562
%%%mzn-stat: allDifferentNumber1NumberOfSccPruningCalls=4294
%%%mzn-stat: circuitNumber2PropagationsThatFoundConflict=776
%%%mzn-stat: circuitNumber2TotalFixedEdgesAtConflict=66110
%%%mzn-stat: circuitNumber2NumberOfConflicts=776
%%%mzn-stat: circuitNumber2PropagationsThatPruned=527
%%%mzn-stat: circuitNumber2PropagationsTotal=4027
%%%mzn-stat: AverageConflictSize=20.85300925925926
%%%mzn-stat: NumUnitNogoodsLearned=0
%%%mzn-stat: AverageLearnedNogoodLength=48.574074074074076
%%%mzn-stat: AverageBacktrackAmount=0
%%%mzn-stat: AverageLbd=28.11226851851852
%%%mzn-stat: 2AutonomousSearchNumBackupCalled=20011
%%%mzn-stat: 2AutonomousSearchNumPredicatesRemoved=0
%%%mzn-stat: 2AutonomousSearchNumCalls=20031
%%%mzn-stat: 2AutonomousSearchNumPredicatesAdded=13603
%%%mzn-stat: 2AutonomousSearchAverageSizeOfHeap=2.1562078777894262
%%%mzn-stat: 2AutonomousSearchNumAssignedPredicatesEncountered=43191
%%%mzn-stat-end
maxleg = 215;
succ = array1d(1..100,[4, 11, 45, 17, 8, 26, 15, 7, 19, 14, 18, 2, 5, 21, 32, 24, 22, 1, 25, 13, 52, 48, 27, 9, 23, 37, 12, 57, 38, 20, 10, 47, 16, 39, 36, 59, 41, 53, 6, 33, 43, 35, 64, 34, 28, 42, 40, 51, 65, 60, 54, 62, 55, 67, 56, 63, 29, 87, 31, 69, 50, 79, 68, 71, 72, 74, 70, 84, 46, 3, 58, 91, 94, 80, 95, 44, 76, 89, 88, 83, 75, 85, 93, 100, 86, 92, 99, 98, 82, 77, 73, 90, 49, 30, 61, 81, 66, 78, 97, 96]);
% time elapsed: 5.65 s
----------
%%%mzn-stat: initTime=0.021519405
%%%mzn-stat: objective=214
%%%mzn-stat: nodes=23805
%%%mzn-stat: restarts=0
%%%mzn-stat: peakDepth=1169
%%%mzn-stat: solveTime=1.086474396
%%%mzn-stat: variables=1827
%%%mzn-stat: propagators=1453
%%%mzn-stat: failures=891
%%%mzn-stat: propagations=94393
%%%mzn-stat: nogoods=891
%%%mzn-stat: numAtomicConstraintsPropagated=0
%%%mzn-stat: allDifferentNumber1PropagationsTotal=7599
%%%mzn-stat: allDifferentNumber1PropagationsThatFoundConflict=46
%%%mzn-stat: allDifferentNumber1PropagationsThatPruned=4448
%%%mzn-stat: allDifferentNumber1TotalValuesPruned=25744
%%%mzn-stat: allDifferentNumber1TotalHallSetSizeConflict=349
%%%mzn-stat: allDifferentNumber1NumberOfConflicts=46
%%%mzn-stat: allDifferentNumber1MaxHallSetSizeConflict=24
%%%mzn-stat: allDifferentNumber1TotalPruningHallSetSize=120300
%%%mzn-stat: allDifferentNumber1NumberOfPruningExplanations=25744
%%%mzn-stat: allDifferentNumber1MaxPruningHallSetSize=80
%%%mzn-stat: allDifferentNumber1TotalFixedEdgesAtConflict=3863
%%%mzn-stat: allDifferentNumber1TotalVarsInvolvedInPruning=21808
%%%mzn-stat: allDifferentNumber1MaxValuesPrunedFromSingleVar=11
%%%mzn-stat: allDifferentNumber1TotalSccSizeAtPruning=43643
%%%mzn-stat: allDifferentNumber1NumberOfSccPruningCalls=4448
%%%mzn-stat: circuitNumber2PropagationsThatFoundConflict=803
%%%mzn-stat: circuitNumber2TotalFixedEdgesAtConflict=68529
%%%mzn-stat: circuitNumber2NumberOfConflicts=803
%%%mzn-stat: circuitNumber2PropagationsThatPruned=542
%%%mzn-stat: circuitNumber2PropagationsTotal=4180
%%%mzn-stat: AverageConflictSize=21.956228956228955
%%%mzn-stat: NumUnitNogoodsLearned=0
%%%mzn-stat: AverageLearnedNogoodLength=49.205387205387204
%%%mzn-stat: AverageBacktrackAmount=0
%%%mzn-stat: AverageLbd=28.625140291806957
%%%mzn-stat: 2AutonomousSearchNumBackupCalled=20937
%%%mzn-stat: 2AutonomousSearchNumPredicatesRemoved=0
%%%mzn-stat: 2AutonomousSearchNumCalls=20958
%%%mzn-stat: 2AutonomousSearchNumPredicatesAdded=14679
%%%mzn-stat: 2AutonomousSearchAverageSizeOfHeap=2.2426758278461687
%%%mzn-stat: 2AutonomousSearchNumAssignedPredicatesEncountered=47002
%%%mzn-stat-end
maxleg = 214;
succ = array1d(1..100,[4, 11, 45, 17, 8, 26, 15, 7, 19, 14, 18, 2, 5, 21, 32, 24, 22, 1, 25, 13, 52, 48, 27, 9, 23, 37, 12, 57, 38, 20, 10, 47, 16, 39, 36, 59, 41, 53, 6, 33, 43, 35, 71, 34, 91, 42, 40, 51, 3, 60, 54, 62, 55, 70, 56, 63, 29, 87, 31, 69, 50, 79, 68, 58, 72, 74, 28, 84, 46, 67, 64, 73, 94, 80, 95, 44, 76, 89, 88, 83, 75, 85, 93, 100, 86, 92, 99, 98, 82, 77, 65, 90, 49, 30, 61, 81, 66, 78, 97, 96]);
% time elapsed: 5.70 s
----------
%%%mzn-stat: initTime=0.021519405
%%%mzn-stat: objective=212
%%%mzn-stat: nodes=24838
%%%mzn-stat: restarts=0
%%%mzn-stat: peakDepth=1169
%%%mzn-stat: solveTime=1.120806676
%%%mzn-stat: variables=1827
%%%mzn-stat: propagators=1453
%%%mzn-stat: failures=908
%%%mzn-stat: propagations=97903
%%%mzn-stat: nogoods=908
%%%mzn-stat: numAtomicConstraintsPropagated=0
%%%mzn-stat: allDifferentNumber1PropagationsTotal=7852
%%%mzn-stat: allDifferentNumber1PropagationsThatFoundConflict=46
%%%mzn-stat: allDifferentNumber1PropagationsThatPruned=4582
%%%mzn-stat: allDifferentNumber1TotalValuesPruned=26448
%%%mzn-stat: allDifferentNumber1TotalHallSetSizeConflict=349
%%%mzn-stat: allDifferentNumber1NumberOfConflicts=46
%%%mzn-stat: allDifferentNumber1MaxHallSetSizeConflict=24
%%%mzn-stat: allDifferentNumber1TotalPruningHallSetSize=123677
%%%mzn-stat: allDifferentNumber1NumberOfPruningExplanations=26448
%%%mzn-stat: allDifferentNumber1MaxPruningHallSetSize=81
%%%mzn-stat: allDifferentNumber1TotalFixedEdgesAtConflict=3863
%%%mzn-stat: allDifferentNumber1TotalVarsInvolvedInPruning=22432
%%%mzn-stat: allDifferentNumber1MaxValuesPrunedFromSingleVar=11
%%%mzn-stat: allDifferentNumber1TotalSccSizeAtPruning=44898
%%%mzn-stat: allDifferentNumber1NumberOfSccPruningCalls=4582
%%%mzn-stat: circuitNumber2PropagationsThatFoundConflict=818
%%%mzn-stat: circuitNumber2TotalFixedEdgesAtConflict=69728
%%%mzn-stat: circuitNumber2NumberOfConflicts=818
%%%mzn-stat: circuitNumber2PropagationsThatPruned=565
%%%mzn-stat: circuitNumber2PropagationsTotal=4320
%%%mzn-stat: AverageConflictSize=22.055066079295155
%%%mzn-stat: NumUnitNogoodsLearned=0
%%%mzn-stat: AverageLearnedNogoodLength=49.18832599118943
%%%mzn-stat: AverageBacktrackAmount=0
%%%mzn-stat: AverageLbd=28.620044052863435
%%%mzn-stat: 2AutonomousSearchNumBackupCalled=21864
%%%mzn-stat: 2AutonomousSearchNumPredicatesRemoved=0
%%%mzn-stat: 2AutonomousSearchNumCalls=21886
%%%mzn-stat: 2AutonomousSearchNumPredicatesAdded=15560
%%%mzn-stat: 2AutonomousSearchAverageSizeOfHeap=2.3218952755185964
%%%mzn-stat: 2AutonomousSearchNumAssignedPredicatesEncountered=50817
%%%mzn-stat-end
maxleg = 212;
succ = array1d(1..100,[4, 11, 49, 17, 8, 26, 15, 7, 19, 14, 18, 2, 5, 21, 32, 24, 22, 1, 25, 13, 52, 48, 27, 9, 23, 37, 12, 45, 38, 20, 10, 47, 16, 39, 36, 59, 41, 53, 6, 33, 43, 35, 71, 34, 91, 42, 40, 51, 65, 60, 54, 62, 55, 70, 56, 63, 28, 87, 31, 69, 50, 79, 68, 58, 72, 74, 85, 82, 46, 80, 64, 73, 94, 57, 81, 44, 76, 89, 88, 93, 96, 61, 67, 86, 29, 92, 99, 98, 95, 77, 3, 90, 83, 30, 75, 100, 66, 78, 97, 84]);
% time elapsed: 5.74 s
----------
%%%mzn-stat: initTime=0.021519405
%%%mzn-stat: objective=208
%%%mzn-stat: nodes=25805
%%%mzn-stat: restarts=0
%%%mzn-stat: peakDepth=1169
%%%mzn-stat: solveTime=1.140025339
%%%mzn-stat: variables=1827
%%%mzn-stat: propagators=1453
%%%mzn-stat: failures=909
%%%mzn-stat: propagations=100616
%%%mzn-stat: nogoods=909
%%%mzn-stat: numAtomicConstraintsPropagated=0
%%%mzn-stat: allDifferentNumber1PropagationsTotal=7996
%%%mzn-stat: allDifferentNumber1PropagationsThatFoundConflict=46
%%%mzn-stat: allDifferentNumber1PropagationsThatPruned=4656
%%%mzn-stat: allDifferentNumber1TotalValuesPruned=26951
%%%mzn-stat: allDifferentNumber1TotalHallSetSizeConflict=349
%%%mzn-stat: allDifferentNumber1NumberOfConflicts=46
%%%mzn-stat: allDifferentNumber1MaxHallSetSizeConflict=24
%%%mzn-stat: allDifferentNumber1TotalPruningHallSetSize=127067
%%%mzn-stat: allDifferentNumber1NumberOfPruningExplanations=26951
%%%mzn-stat: allDifferentNumber1MaxPruningHallSetSize=81
%%%mzn-stat: allDifferentNumber1TotalFixedEdgesAtConflict=3863
%%%mzn-stat: allDifferentNumber1TotalVarsInvolvedInPruning=22876
%%%mzn-stat: allDifferentNumber1MaxValuesPrunedFromSingleVar=11
%%%mzn-stat: allDifferentNumber1TotalSccSizeAtPruning=45757
%%%mzn-stat: allDifferentNumber1NumberOfSccPruningCalls=4656
%%%mzn-stat: circuitNumber2PropagationsThatFoundConflict=819
%%%mzn-stat: circuitNumber2TotalFixedEdgesAtConflict=69783
%%%mzn-stat: circuitNumber2NumberOfConflicts=819
%%%mzn-stat: circuitNumber2PropagationsThatPruned=568
%%%mzn-stat: circuitNumber2PropagationsTotal=4394
%%%mzn-stat: AverageConflictSize=22.038503850385037
%%%mzn-stat: NumUnitNogoodsLearned=0
%%%mzn-stat: AverageLearnedNogoodLength=49.24752475247525
%%%mzn-stat: AverageBacktrackAmount=0
%%%mzn-stat: AverageLbd=28.620462046204622
%%%mzn-stat: 2AutonomousSearchNumBackupCalled=22762
%%%mzn-stat: 2AutonomousSearchNumPredicatesRemoved=0
%%%mzn-stat: 2AutonomousSearchNumCalls=22785
%%%mzn-stat: 2AutonomousSearchNumPredicatesAdded=15748
%%%mzn-stat: 2AutonomousSearchAverageSizeOfHeap=2.4005705508009654
%%%mzn-stat: 2AutonomousSearchNumAssignedPredicatesEncountered=54697
%%%mzn-stat-end
maxleg = 208;
succ = array1d(1..100,[4, 11, 49, 17, 8, 26, 15, 7, 19, 14, 18, 2, 5, 21, 32, 24, 22, 1, 25, 13, 52, 48, 27, 9, 23, 37, 12, 45, 38, 20, 10, 47, 16, 44, 36, 59, 39, 53, 41, 33, 43, 35, 64, 42, 91, 62, 40, 51, 65, 60, 54, 46, 55, 70, 56, 63, 28, 6, 31, 69, 50, 79, 77, 71, 72, 74, 57, 29, 81, 83, 34, 73, 94, 97, 84, 90, 76, 61, 88, 66, 96, 68, 93, 95, 67, 85, 58, 98, 82, 92, 3, 86, 80, 30, 89, 100, 99, 78, 87, 75]);
% time elapsed: 5.77 s
----------
%%%mzn-stat: initTime=0.021519405
%%%mzn-stat: objective=207
%%%mzn-stat: nodes=26760
%%%mzn-stat: restarts=0
%%%mzn-stat: peakDepth=1169
%%%mzn-stat: solveTime=1.157501719
%%%mzn-stat: variables=1827
%%%mzn-stat: propagators=1453
%%%mzn-stat: failures=910
%%%mzn-stat: propagations=103235
%%%mzn-stat: nogoods=910
%%%mzn-stat: numAtomicConstraintsPropagated=0
%%%mzn-stat: allDifferentNumber1PropagationsTotal=8144
%%%mzn-stat: allDifferentNumber1PropagationsThatFoundConflict=46
%%%mzn-stat: allDifferentNumber1PropagationsThatPruned=4733
%%%mzn-stat: allDifferentNumber1TotalValuesPruned=27447
%%%mzn-stat: allDifferentNumber1TotalHallSetSizeConflict=349
%%%mzn-stat: allDifferentNumber1NumberOfConflicts=46
%%%mzn-stat: allDifferentNumber1MaxHallSetSizeConflict=24
%%%mzn-stat: allDifferentNumber1TotalPruningHallSetSize=130108
%%%mzn-stat: allDifferentNumber1NumberOfPruningExplanations=27447
%%%mzn-stat: allDifferentNumber1MaxPruningHallSetSize=81
%%%mzn-stat: allDifferentNumber1TotalFixedEdgesAtConflict=3863
%%%mzn-stat: allDifferentNumber1TotalVarsInvolvedInPruning=23317
%%%mzn-stat: allDifferentNumber1MaxValuesPrunedFromSingleVar=11
%%%mzn-stat: allDifferentNumber1TotalSccSizeAtPruning=46549
%%%mzn-stat: allDifferentNumber1NumberOfSccPruningCalls=4733
%%%mzn-stat: circuitNumber2PropagationsThatFoundConflict=820
%%%mzn-stat: circuitNumber2TotalFixedEdgesAtConflict=69881
%%%mzn-stat: circuitNumber2NumberOfConflicts=820
%%%mzn-stat: circuitNumber2PropagationsThatPruned=572
%%%mzn-stat: circuitNumber2PropagationsTotal=4471
%%%mzn-stat: AverageConflictSize=22.025274725274727
%%%mzn-stat: NumUnitNogoodsLearned=0
%%%mzn-stat: AverageLearnedNogoodLength=49.207692307692305
%%%mzn-stat: AverageBacktrackAmount=0
%%%mzn-stat: AverageLbd=28.5978021978022
%%%mzn-stat: 2AutonomousSearchNumBackupCalled=23649
%%%mzn-stat: 2AutonomousSearchNumPredicatesRemoved=0
%%%mzn-stat: 2AutonomousSearchNumCalls=23673
%%%mzn-stat: 2AutonomousSearchNumPredicatesAdded=15799
%%%mzn-stat: 2AutonomousSearchAverageSizeOfHeap=2.4745068221180246
%%%mzn-stat: 2AutonomousSearchNumAssignedPredicatesEncountered=58579
%%%mzn-stat-end
maxleg = 207;
succ = array1d(1..100,[4, 11, 49, 17, 8, 26, 15, 7, 19, 14, 18, 2, 5, 21, 32, 24, 22, 1, 25, 13, 52, 48, 27, 9, 23, 37, 12, 45, 38, 20, 10, 47, 16, 44, 36, 59, 39, 53, 41, 33, 43, 35, 64, 42, 91, 62, 40, 51, 65, 60, 54, 46, 55, 70, 56, 63, 28, 6, 31, 79, 50, 69, 77, 71, 72, 74, 57, 29, 81, 83, 34, 73, 94, 97, 84, 90, 76, 89, 88, 66, 96, 68, 93, 95, 67, 85, 58, 98, 82, 92, 3, 86, 80, 30, 61, 100, 99, 78, 87, 75]);
% time elapsed: 5.80 s
----------
%%%mzn-stat: initTime=0.021519405
%%%mzn-stat: objective=206
%%%mzn-stat: nodes=27733
%%%mzn-stat: restarts=0
%%%mzn-stat: peakDepth=1169
%%%mzn-stat: solveTime=1.174195295
%%%mzn-stat: variables=1827
%%%mzn-stat: propagators=1453
%%%mzn-stat: failures=910
%%%mzn-stat: propagations=105845
%%%mzn-stat: nogoods=910
%%%mzn-stat: numAtomicConstraintsPropagated=0
%%%mzn-stat: allDifferentNumber1PropagationsTotal=8286
%%%mzn-stat: allDifferentNumber1PropagationsThatFoundConflict=46
%%%mzn-stat: allDifferentNumber1PropagationsThatPruned=4808
%%%mzn-stat: allDifferentNumber1TotalValuesPruned=27929
%%%mzn-stat: allDifferentNumber1TotalHallSetSizeConflict=349
%%%mzn-stat: allDifferentNumber1NumberOfConflicts=46
%%%mzn-stat: allDifferentNumber1MaxHallSetSizeConflict=24
%%%mzn-stat: allDifferentNumber1TotalPruningHallSetSize=133077
%%%mzn-stat: allDifferentNumber1NumberOfPruningExplanations=27929
%%%mzn-stat: allDifferentNumber1MaxPruningHallSetSize=81
%%%mzn-stat: allDifferentNumber1TotalFixedEdgesAtConflict=3863
%%%mzn-stat: allDifferentNumber1TotalVarsInvolvedInPruning=23751
%%%mzn-stat: allDifferentNumber1MaxValuesPrunedFromSingleVar=11
%%%mzn-stat: allDifferentNumber1TotalSccSizeAtPruning=47274
%%%mzn-stat: allDifferentNumber1NumberOfSccPruningCalls=4808
%%%mzn-stat: circuitNumber2PropagationsThatFoundConflict=820
%%%mzn-stat: circuitNumber2TotalFixedEdgesAtConflict=69881
%%%mzn-stat: circuitNumber2NumberOfConflicts=820
%%%mzn-stat: circuitNumber2PropagationsThatPruned=577
%%%mzn-stat: circuitNumber2PropagationsTotal=4546
%%%mzn-stat: AverageConflictSize=22.025274725274727
%%%mzn-stat: NumUnitNogoodsLearned=0
%%%mzn-stat: AverageLearnedNogoodLength=49.207692307692305
%%%mzn-stat: AverageBacktrackAmount=0
%%%mzn-stat: AverageLbd=28.5978021978022
%%%mzn-stat: 2AutonomousSearchNumBackupCalled=24557
%%%mzn-stat: 2AutonomousSearchNumPredicatesRemoved=0
%%%mzn-stat: 2AutonomousSearchNumCalls=24582
%%%mzn-stat: 2AutonomousSearchNumPredicatesAdded=15799
%%%mzn-stat: 2AutonomousSearchAverageSizeOfHeap=2.5409242535188348
%%%mzn-stat: 2AutonomousSearchNumAssignedPredicatesEncountered=62461
%%%mzn-stat-end
maxleg = 206;
succ = array1d(1..100,[4, 11, 49, 17, 8, 26, 15, 7, 19, 14, 18, 2, 5, 21, 32, 24, 22, 1, 25, 13, 52, 48, 27, 9, 23, 37, 12, 45, 38, 20, 10, 47, 16, 44, 36, 59, 39, 53, 41, 33, 43, 35, 64, 76, 91, 42, 40, 51, 65, 60, 54, 62, 55, 70, 56, 63, 28, 6, 31, 79, 50, 69, 68, 71, 72, 74, 57, 82, 81, 83, 34, 73, 94, 97, 46, 77, 90, 89, 88, 66, 96, 61, 93, 86, 67, 85, 58, 98, 95, 92, 3, 29, 80, 30, 75, 100, 99, 78, 87, 84]);
% time elapsed: 5.81 s
----------
%%%mzn-stat: initTime=0.021519405
%%%mzn-stat: objective=205
%%%mzn-stat: nodes=28881
%%%mzn-stat: restarts=0
%%%mzn-stat: peakDepth=1169
%%%mzn-stat: solveTime=1.442350429
%%%mzn-stat: variables=1827
%%%mzn-stat: propagators=1453
%%%mzn-stat: failures=1086
%%%mzn-stat: propagations=117085
%%%mzn-stat: nogoods=1086
%%%mzn-stat: numAtomicConstraintsPropagated=0
%%%mzn-stat: allDifferentNumber1PropagationsTotal=9342
%%%mzn-stat: allDifferentNumber1PropagationsThatFoundConflict=62
%%%mzn-stat: allDifferentNumber1PropagationsThatPruned=5456
%%%mzn-stat: allDifferentNumber1TotalValuesPruned=30764
%%%mzn-stat: allDifferentNumber1TotalHallSetSizeConflict=565
%%%mzn-stat: allDifferentNumber1NumberOfConflicts=62
%%%mzn-stat: allDifferentNumber1MaxHallSetSizeConflict=24
%%%mzn-stat: allDifferentNumber1TotalPruningHallSetSize=148353
%%%mzn-stat: allDifferentNumber1NumberOfPruningExplanations=30764
%%%mzn-stat: allDifferentNumber1MaxPruningHallSetSize=81
%%%mzn-stat: allDifferentNumber1TotalFixedEdgesAtConflict=5247
%%%mzn-stat: allDifferentNumber1TotalVarsInvolvedInPruning=26002
%%%mzn-stat: allDifferentNumber1MaxValuesPrunedFromSingleVar=11
%%%mzn-stat: allDifferentNumber1TotalSccSizeAtPruning=56114
%%%mzn-stat: allDifferentNumber1NumberOfSccPruningCalls=5456
%%%mzn-stat: circuitNumber2PropagationsThatFoundConflict=974
%%%mzn-stat: circuitNumber2TotalFixedEdgesAtConflict=84165
%%%mzn-stat: circuitNumber2NumberOfConflicts=974
%%%mzn-stat: circuitNumber2PropagationsThatPruned=801
%%%mzn-stat: circuitNumber2PropagationsTotal=5216
%%%mzn-stat: AverageConflictSize=25.373848987108655
%%%mzn-stat: NumUnitNogoodsLearned=0
%%%mzn-stat: AverageLearnedNogoodLength=55.43278084714549
%%%mzn-stat: AverageBacktrackAmount=0
%%%mzn-stat: AverageLbd=32.226519337016576
%%%mzn-stat: 2AutonomousSearchNumBackupCalled=25458
%%%mzn-stat: 2AutonomousSearchNumPredicatesRemoved=0
%%%mzn-stat: 2AutonomousSearchNumCalls=25484
%%%mzn-stat: 2AutonomousSearchNumPredicatesAdded=17408
%%%mzn-stat: 2AutonomousSearchAverageSizeOfHeap=2.6043399780254277
%%%mzn-stat: 2AutonomousSearchNumAssignedPredicatesEncountered=66369
%%%mzn-stat-end
maxleg = 205;
succ = array1d(1..100,[4, 11, 49, 17, 8, 26, 15, 7, 19, 14, 18, 2, 5, 21, 32, 24, 22, 1, 25, 13, 52, 48, 27, 9, 31, 37, 12, 45, 38, 20, 59, 47, 10, 23, 42, 35, 39, 53, 41, 16, 43, 44, 64, 76, 91, 62, 40, 51, 65, 60, 54, 46, 55, 70, 56, 63, 28, 6, 36, 33, 50, 69, 68, 71, 72, 74, 57, 92, 79, 83, 34, 73, 94, 67, 81, 77, 90, 89, 88, 97, 96, 61, 93, 29, 82, 85, 58, 98, 95, 86, 3, 87, 80, 30, 75, 100, 99, 78, 66, 84]);
% time elapsed: 6.08 s
----------
%%%mzn-stat: initTime=0.021519405
%%%mzn-stat: objective=204
%%%mzn-stat: nodes=30049
%%%mzn-stat: restarts=0
%%%mzn-stat: peakDepth=1169
%%%mzn-stat: solveTime=1.801166908
%%%mzn-stat: variables=1827
%%%mzn-stat: propagators=1453
%%%mzn-stat: failures=1311
%%%mzn-stat: propagations=130049
%%%mzn-stat: nogoods=1311
%%%mzn-stat: numAtomicConstraintsPropagated=0
%%%mzn-stat: allDifferentNumber1PropagationsTotal=10637
%%%mzn-stat: allDifferentNumber1PropagationsThatFoundConflict=90
%%%mzn-stat: allDifferentNumber1PropagationsThatPruned=6259
%%%mzn-stat: allDifferentNumber1TotalValuesPruned=34278
%%%mzn-stat: allDifferentNumber1TotalHallSetSizeConflict=931
%%%mzn-stat: allDifferentNumber1NumberOfConflicts=90
%%%mzn-stat: allDifferentNumber1MaxHallSetSizeConflict=24
%%%mzn-stat: allDifferentNumber1TotalPruningHallSetSize=168007
%%%mzn-stat: allDifferentNumber1NumberOfPruningExplanations=34278
%%%mzn-stat: allDifferentNumber1MaxPruningHallSetSize=81
%%%mzn-stat: allDifferentNumber1TotalFixedEdgesAtConflict=7649
%%%mzn-stat: allDifferentNumber1TotalVarsInvolvedInPruning=28722
%%%mzn-stat: allDifferentNumber1MaxValuesPrunedFromSingleVar=11
%%%mzn-stat: allDifferentNumber1TotalSccSizeAtPruning=67012
%%%mzn-stat: allDifferentNumber1NumberOfSccPruningCalls=6259
%%%mzn-stat: circuitNumber2PropagationsThatFoundConflict=1154
%%%mzn-stat: circuitNumber2TotalFixedEdgesAtConflict=100746
%%%mzn-stat: circuitNumber2NumberOfConflicts=1154
%%%mzn-stat: circuitNumber2PropagationsThatPruned=1069
%%%mzn-stat: circuitNumber2PropagationsTotal=5997
%%%mzn-stat: AverageConflictSize=28.441647597254004
%%%mzn-stat: NumUnitNogoodsLearned=0
%%%mzn-stat: AverageLearnedNogoodLength=62.06178489702517
%%%mzn-stat: AverageBacktrackAmount=0
%%%mzn-stat: AverageLbd=35.80701754385965
%%%mzn-stat: 2AutonomousSearchNumBackupCalled=26335
%%%mzn-stat: 2AutonomousSearchNumPredicatesRemoved=0
%%%mzn-stat: 2AutonomousSearchNumCalls=26362
%%%mzn-stat: 2AutonomousSearchNumPredicatesAdded=18982
%%%mzn-stat: 2AutonomousSearchAverageSizeOfHeap=2.6661861770730595
%%%mzn-stat: 2AutonomousSearchNumAssignedPredicatesEncountered=70286
%%%mzn-stat-end
maxleg = 204;
succ = array1d(1..100,[4, 11, 49, 17, 8, 26, 15, 7, 19, 14, 18, 2, 5, 21, 32, 24, 22, 1, 25, 13, 62, 48, 27, 9, 31, 37, 12, 45, 38, 20, 59, 47, 10, 23, 42, 35, 39, 53, 41, 16, 43, 44, 64, 76, 91, 52, 40, 51, 65, 60, 54, 33, 55, 70, 56, 63, 28, 6, 36, 79, 50, 69, 68, 71, 72, 74, 57, 92, 81, 83, 34, 73, 94, 67, 46, 77, 90, 89, 88, 97, 96, 61, 93, 29, 82, 85, 58, 98, 95, 86, 3, 87, 80, 30, 75, 100, 99, 78, 66, 84]);
% time elapsed: 6.44 s
----------
%%%mzn-stat: initTime=0.021519405
%%%mzn-stat: objective=203
%%%mzn-stat: nodes=31226
%%%mzn-stat: restarts=0
%%%mzn-stat: peakDepth=1169
%%%mzn-stat: solveTime=2.188505036
%%%mzn-stat: variables=1827
%%%mzn-stat: propagators=1453
%%%mzn-stat: failures=1530
%%%mzn-stat: propagations=143593
%%%mzn-stat: nogoods=1530
%%%mzn-stat: numAtomicConstraintsPropagated=0
%%%mzn-stat: allDifferentNumber1PropagationsTotal=12014
%%%mzn-stat: allDifferentNumber1PropagationsThatFoundConflict=92
%%%mzn-stat: allDifferentNumber1PropagationsThatPruned=7125
%%%mzn-stat: allDifferentNumber1TotalValuesPruned=38100
%%%mzn-stat: allDifferentNumber1TotalHallSetSizeConflict=941
%%%mzn-stat: allDifferentNumber1NumberOfConflicts=92
%%%mzn-stat: allDifferentNumber1MaxHallSetSizeConflict=24
%%%mzn-stat: allDifferentNumber1TotalPruningHallSetSize=188701
%%%mzn-stat: allDifferentNumber1NumberOfPruningExplanations=38100
%%%mzn-stat: allDifferentNumber1MaxPruningHallSetSize=85
%%%mzn-stat: allDifferentNumber1TotalFixedEdgesAtConflict=7837
%%%mzn-stat: allDifferentNumber1TotalVarsInvolvedInPruning=31761
%%%mzn-stat: allDifferentNumber1MaxValuesPrunedFromSingleVar=11
%%%mzn-stat: allDifferentNumber1TotalSccSizeAtPruning=78362
%%%mzn-stat: allDifferentNumber1NumberOfSccPruningCalls=7125
%%%mzn-stat: circuitNumber2PropagationsThatFoundConflict=1350
%%%mzn-stat: circuitNumber2TotalFixedEdgesAtConflict=118808
%%%mzn-stat: circuitNumber2NumberOfConflicts=1350
%%%mzn-stat: circuitNumber2PropagationsThatPruned=1360
%%%mzn-stat: circuitNumber2PropagationsTotal=6864
%%%mzn-stat: AverageConflictSize=31.12483660130719
%%%mzn-stat: NumUnitNogoodsLearned=0
%%%mzn-stat: AverageLearnedNogoodLength=67.0797385620915
%%%mzn-stat: AverageBacktrackAmount=0
%%%mzn-stat: AverageLbd=38.8078431372549
%%%mzn-stat: 2AutonomousSearchNumBackupCalled=27207
%%%mzn-stat: 2AutonomousSearchNumPredicatesRemoved=0
%%%mzn-stat: 2AutonomousSearchNumCalls=27235
%%%mzn-stat: 2AutonomousSearchNumPredicatesAdded=20739
%%%mzn-stat: 2AutonomousSearchAverageSizeOfHeap=2.73346796401689
%%%mzn-stat: 2AutonomousSearchNumAssignedPredicatesEncountered=74446
%%%mzn-stat-end
maxleg = 203;
succ = array1d(1..100,[4, 11, 49, 17, 8, 26, 15, 7, 19, 14, 18, 2, 5, 21, 32, 24, 22, 1, 25, 30, 62, 48, 27, 9, 31, 37, 12, 45, 38, 73, 59, 47, 10, 23, 42, 35, 39, 53, 41, 16, 43, 44, 64, 76, 91, 52, 40, 51, 65, 60, 54, 33, 55, 70, 56, 63, 28, 6, 36, 79, 50, 69, 68, 71, 72, 74, 57, 92, 81, 83, 34, 20, 94, 67, 46, 77, 90, 89, 88, 97, 96, 61, 93, 29, 82, 85, 58, 98, 95, 86, 3, 87, 80, 13, 75, 100, 99, 78, 66, 84]);
% time elapsed: 6.83 s
----------
%%%mzn-stat: initTime=0.021519405
%%%mzn-stat: objective=200
%%%mzn-stat: nodes=32217
%%%mzn-stat: restarts=0
%%%mzn-stat: peakDepth=1169
%%%mzn-stat: solveTime=2.265517097
%%%mzn-stat: variables=1827
%%%mzn-stat: propagators=1453
%%%mzn-stat: failures=1571
%%%mzn-stat: propagations=148403
%%%mzn-stat: nogoods=1571
%%%mzn-stat: numAtomicConstraintsPropagated=0
%%%mzn-stat: allDifferentNumber1PropagationsTotal=12384
%%%mzn-stat: allDifferentNumber1PropagationsThatFoundConflict=92
%%%mzn-stat: allDifferentNumber1PropagationsThatPruned=7349
%%%mzn-stat: allDifferentNumber1TotalValuesPruned=39165
%%%mzn-stat: allDifferentNumber1TotalHallSetSizeConflict=941
%%%mzn-stat: allDifferentNumber1NumberOfConflicts=92
%%%mzn-stat: allDifferentNumber1MaxHallSetSizeConflict=24
%%%mzn-stat: allDifferentNumber1TotalPruningHallSetSize=193722
%%%mzn-stat: allDifferentNumber1NumberOfPruningExplanations=39165
%%%mzn-stat: allDifferentNumber1MaxPruningHallSetSize=85
%%%mzn-stat: allDifferentNumber1TotalFixedEdgesAtConflict=7837
%%%mzn-stat: allDifferentNumber1TotalVarsInvolvedInPruning=32644
%%%mzn-stat: allDifferentNumber1MaxValuesPrunedFromSingleVar=11
%%%mzn-stat: allDifferentNumber1TotalSccSizeAtPruning=80105
%%%mzn-stat: allDifferentNumber1NumberOfSccPruningCalls=7349
%%%mzn-stat: circuitNumber2PropagationsThatFoundConflict=1391
%%%mzn-stat: circuitNumber2TotalFixedEdgesAtConflict=122672
%%%mzn-stat: circuitNumber2NumberOfConflicts=1391
%%%mzn-stat: circuitNumber2PropagationsThatPruned=1428
%%%mzn-stat: circuitNumber2PropagationsTotal=7101
%%%mzn-stat: AverageConflictSize=31.706556333545514
%%%mzn-stat: NumUnitNogoodsLearned=0
%%%mzn-stat: AverageLearnedNogoodLength=67.45321451304902
%%%mzn-stat: AverageBacktrackAmount=0
%%%mzn-stat: AverageLbd=39.02418841502228
%%%mzn-stat: 2AutonomousSearchNumBackupCalled=28091
%%%mzn-stat: 2AutonomousSearchNumPredicatesRemoved=0
%%%mzn-stat: 2AutonomousSearchNumCalls=28120
%%%mzn-stat: 2AutonomousSearchNumPredicatesAdded=22137
%%%mzn-stat: 2AutonomousSearchAverageSizeOfHeap=2.7965860597439547
%%%mzn-stat: 2AutonomousSearchNumAssignedPredicatesEncountered=78640
%%%mzn-stat-end
maxleg = 200;
succ = array1d(1..100,[4, 11, 49, 17, 8, 26, 15, 7, 19, 14, 18, 2, 5, 21, 32, 24, 22, 1, 25, 30, 62, 48, 27, 9, 31, 37, 12, 45, 38, 73, 59, 47, 10, 23, 42, 35, 39, 53, 41, 16, 43, 44, 64, 76, 91, 52, 40, 66, 65, 60, 54, 33, 55, 70, 56, 63, 28, 6, 36, 79, 50, 69, 68, 71, 72, 74, 57, 92, 81, 67, 34, 20, 94, 99, 46, 77, 90, 89, 88, 83, 96, 61, 93, 29, 82, 85, 58, 98, 95, 86, 3, 87, 51, 13, 75, 100, 80, 78, 97, 84]);
% time elapsed: 6.91 s
----------
%%%mzn-stat: initTime=0.021519405
%%%mzn-stat: objective=199
%%%mzn-stat: nodes=33203
%%%mzn-stat: restarts=0
%%%mzn-stat: peakDepth=1169
%%%mzn-stat: solveTime=2.29954851
%%%mzn-stat: variables=1827
%%%mzn-stat: propagators=1453
%%%mzn-stat: failures=1582
%%%mzn-stat: propagations=151796
%%%mzn-stat: nogoods=1582
%%%mzn-stat: numAtomicConstraintsPropagated=0
%%%mzn-stat: allDifferentNumber1PropagationsTotal=12640
%%%mzn-stat: allDifferentNumber1PropagationsThatFoundConflict=92
%%%mzn-stat: allDifferentNumber1PropagationsThatPruned=7487
%%%mzn-stat: allDifferentNumber1TotalValuesPruned=40090
%%%mzn-stat: allDifferentNumber1TotalHallSetSizeConflict=941
%%%mzn-stat: allDifferentNumber1NumberOfConflicts=92
%%%mzn-stat: allDifferentNumber1MaxHallSetSizeConflict=24
%%%mzn-stat: allDifferentNumber1TotalPruningHallSetSize=198823
%%%mzn-stat: allDifferentNumber1NumberOfPruningExplanations=40090
%%%mzn-stat: allDifferentNumber1MaxPruningHallSetSize=85
%%%mzn-stat: allDifferentNumber1TotalFixedEdgesAtConflict=7837
%%%mzn-stat: allDifferentNumber1TotalVarsInvolvedInPruning=33468
%%%mzn-stat: allDifferentNumber1MaxValuesPrunedFromSingleVar=11
%%%mzn-stat: allDifferentNumber1TotalSccSizeAtPruning=81724
%%%mzn-stat: allDifferentNumber1NumberOfSccPruningCalls=7487
%%%mzn-stat: circuitNumber2PropagationsThatFoundConflict=1402
%%%mzn-stat: circuitNumber2TotalFixedEdgesAtConflict=123322
%%%mzn-stat: circuitNumber2NumberOfConflicts=1402
%%%mzn-stat: circuitNumber2PropagationsThatPruned=1439
%%%mzn-stat: circuitNumber2PropagationsTotal=7238
%%%mzn-stat: AverageConflictSize=31.61630847029077
%%%mzn-stat: NumUnitNogoodsLearned=0
%%%mzn-stat: AverageLearnedNogoodLength=67.2465233881163
%%%mzn-stat: AverageBacktrackAmount=0
%%%mzn-stat: AverageLbd=38.848293299620735
%%%mzn-stat: 2AutonomousSearchNumBackupCalled=28966
%%%mzn-stat: 2AutonomousSearchNumPredicatesRemoved=0
%%%mzn-stat: 2AutonomousSearchNumCalls=28996
%%%mzn-stat: 2AutonomousSearchNumPredicatesAdded=23485
%%%mzn-stat: 2AutonomousSearchAverageSizeOfHeap=2.8674299903434957
%%%mzn-stat: 2AutonomousSearchNumAssignedPredicatesEncountered=83144
%%%mzn-stat-end
maxleg = 199;
succ = array1d(1..100,[18, 11, 49, 17, 8, 26, 15, 7, 19, 14, 28, 2, 5, 21, 38, 24, 22, 56, 25, 30, 62, 1, 27, 9, 31, 37, 12, 4, 53, 73, 59, 91, 10, 23, 42, 35, 39, 29, 41, 16, 43, 44, 64, 76, 32, 69, 40, 66, 65, 47, 54, 33, 55, 70, 63, 68, 45, 6, 36, 50, 78, 46, 86, 71, 72, 74, 83, 82, 79, 80, 34, 20, 94, 57, 95, 77, 90, 98, 60, 97, 75, 85, 93, 100, 67, 84, 58, 52, 61, 92, 3, 87, 51, 13, 89, 81, 99, 88, 48, 96]);
% time elapsed: 6.96 s
----------
%%%mzn-stat: initTime=0.021519405
%%%mzn-stat: objective=198
%%%mzn-stat: nodes=34135
%%%mzn-stat: restarts=0
%%%mzn-stat: peakDepth=1169
%%%mzn-stat: solveTime=2.3286432919999998
%%%mzn-stat: variables=1827
%%%mzn-stat: propagators=1453
%%%mzn-stat: failures=1590
%%%mzn-stat: propagations=154733
%%%mzn-stat: nogoods=1590
%%%mzn-stat: numAtomicConstraintsPropagated=0
%%%mzn-stat: allDifferentNumber1PropagationsTotal=12808
%%%mzn-stat: allDifferentNumber1PropagationsThatFoundConflict=92
%%%mzn-stat: allDifferentNumber1PropagationsThatPruned=7579
%%%mzn-stat: allDifferentNumber1TotalValuesPruned=40639
%%%mzn-stat: allDifferentNumber1TotalHallSetSizeConflict=941
%%%mzn-stat: allDifferentNumber1NumberOfConflicts=92
%%%mzn-stat: allDifferentNumber1MaxHallSetSizeConflict=24
%%%mzn-stat: allDifferentNumber1TotalPruningHallSetSize=203137
%%%mzn-stat: allDifferentNumber1NumberOfPruningExplanations=40639
%%%mzn-stat: allDifferentNumber1MaxPruningHallSetSize=85
%%%mzn-stat: allDifferentNumber1TotalFixedEdgesAtConflict=7837
%%%mzn-stat: allDifferentNumber1TotalVarsInvolvedInPruning=33941
%%%mzn-stat: allDifferentNumber1MaxValuesPrunedFromSingleVar=11
%%%mzn-stat: allDifferentNumber1TotalSccSizeAtPruning=83135
%%%mzn-stat: allDifferentNumber1NumberOfSccPruningCalls=7579
%%%mzn-stat: circuitNumber2PropagationsThatFoundConflict=1410
%%%mzn-stat: circuitNumber2TotalFixedEdgesAtConflict=123899
%%%mzn-stat: circuitNumber2NumberOfConflicts=1410
%%%mzn-stat: circuitNumber2PropagationsThatPruned=1448
%%%mzn-stat: circuitNumber2PropagationsTotal=7329
%%%mzn-stat: AverageConflictSize=31.71572327044025
%%%mzn-stat: NumUnitNogoodsLearned=0
%%%mzn-stat: AverageLearnedNogoodLength=67.42075471698114
%%%mzn-stat: AverageBacktrackAmount=0
%%%mzn-stat: AverageLbd=38.84654088050314
%%%mzn-stat: 2AutonomousSearchNumBackupCalled=29828
%%%mzn-stat: 2AutonomousSearchNumPredicatesRemoved=0
%%%mzn-stat: 2AutonomousSearchNumCalls=29859
%%%mzn-stat: 2AutonomousSearchNumPredicatesAdded=24776
%%%mzn-stat: 2AutonomousSearchAverageSizeOfHeap=2.9436350848990256
%%%mzn-stat: 2AutonomousSearchNumAssignedPredicatesEncountered=87894
%%%mzn-stat-end
maxleg = 198;
succ = array1d(1..100,[18, 11, 49, 17, 8, 26, 15, 7, 19, 21, 28, 2, 5, 33, 38, 24, 22, 56, 25, 30, 14, 1, 27, 9, 31, 37, 12, 4, 53, 73, 59, 91, 16, 23, 42, 35, 39, 29, 41, 47, 64, 44, 6, 76, 32, 10, 50, 66, 65, 60, 54, 62, 55, 70, 63, 68, 45, 43, 36, 79, 78, 46, 86, 71, 72, 74, 83, 82, 52, 80, 34, 20, 94, 57, 95, 77, 90, 88, 69, 97, 75, 85, 93, 100, 67, 84, 58, 98, 61, 92, 3, 87, 51, 13, 89, 81, 99, 40, 48, 96]);
% time elapsed: 6.99 s
----------
%%%mzn-stat: initTime=0.021519405
%%%mzn-stat: objective=191
%%%mzn-stat: nodes=35030
%%%mzn-stat: restarts=0
%%%mzn-stat: peakDepth=1169
%%%mzn-stat: solveTime=2.352464664
%%%mzn-stat: variables=1827
%%%mzn-stat: propagators=1453
%%%mzn-stat: failures=1593
%%%mzn-stat: propagations=157553
%%%mzn-stat: nogoods=1593
%%%mzn-stat: numAtomicConstraintsPropagated=0
%%%mzn-stat: allDifferentNumber1PropagationsTotal=12958
%%%mzn-stat: allDifferentNumber1PropagationsThatFoundConflict=92
%%%mzn-stat: allDifferentNumber1PropagationsThatPruned=7660
%%%mzn-stat: allDifferentNumber1TotalValuesPruned=41132
%%%mzn-stat: allDifferentNumber1TotalHallSetSizeConflict=941
%%%mzn-stat: allDifferentNumber1NumberOfConflicts=92
%%%mzn-stat: allDifferentNumber1MaxHallSetSizeConflict=24
%%%mzn-stat: allDifferentNumber1TotalPruningHallSetSize=206390
%%%mzn-stat: allDifferentNumber1NumberOfPruningExplanations=41132
%%%mzn-stat: allDifferentNumber1MaxPruningHallSetSize=85
%%%mzn-stat: allDifferentNumber1TotalFixedEdgesAtConflict=7837
%%%mzn-stat: allDifferentNumber1TotalVarsInvolvedInPruning=34374
%%%mzn-stat: allDifferentNumber1MaxValuesPrunedFromSingleVar=11
%%%mzn-stat: allDifferentNumber1TotalSccSizeAtPruning=84174
%%%mzn-stat: allDifferentNumber1NumberOfSccPruningCalls=7660
%%%mzn-stat: circuitNumber2PropagationsThatFoundConflict=1413
%%%mzn-stat: circuitNumber2TotalFixedEdgesAtConflict=124190
%%%mzn-stat: circuitNumber2NumberOfConflicts=1413
%%%mzn-stat: circuitNumber2PropagationsThatPruned=1456
%%%mzn-stat: circuitNumber2PropagationsTotal=7410
%%%mzn-stat: AverageConflictSize=31.836785938480855
%%%mzn-stat: NumUnitNogoodsLearned=0
%%%mzn-stat: AverageLearnedNogoodLength=67.48085373509102
%%%mzn-stat: AverageBacktrackAmount=0
%%%mzn-stat: AverageLbd=38.88763339610797
%%%mzn-stat: 2AutonomousSearchNumBackupCalled=30658
%%%mzn-stat: 2AutonomousSearchNumPredicatesRemoved=0
%%%mzn-stat: 2AutonomousSearchNumCalls=30690
%%%mzn-stat: 2AutonomousSearchNumPredicatesAdded=25256
%%%mzn-stat: 2AutonomousSearchAverageSizeOfHeap=3.0187357445421963
%%%mzn-stat: 2AutonomousSearchNumAssignedPredicatesEncountered=92645
%%%mzn-stat-end
maxleg = 191;
succ = array1d(1..100,[18, 11, 49, 17, 8, 26, 15, 7, 19, 21, 28, 2, 5, 33, 38, 24, 22, 56, 25, 30, 14, 1, 27, 9, 31, 37, 12, 4, 53, 73, 59, 91, 16, 23, 42, 35, 39, 29, 41, 47, 64, 44, 6, 76, 32, 10, 50, 66, 65, 60, 54, 62, 55, 70, 63, 68, 45, 43, 36, 79, 78, 46, 86, 71, 72, 80, 97, 82, 52, 57, 34, 20, 94, 48, 95, 77, 90, 88, 69, 83, 75, 85, 93, 100, 67, 84, 58, 98, 61, 92, 3, 87, 51, 13, 89, 81, 99, 40, 74, 96]);
% time elapsed: 7.01 s
----------
==========
% time elapsed: 7.02 s
%%%mzn-stat: initTime=0.021519405
%%%mzn-stat: objective=191
%%%mzn-stat: nodes=35030
%%%mzn-stat: restarts=0
%%%mzn-stat: peakDepth=1169
%%%mzn-stat: solveTime=2.354815472
%%%mzn-stat: variables=1827
%%%mzn-stat: propagators=1453
%%%mzn-stat: failures=1594
%%%mzn-stat: propagations=158025
%%%mzn-stat: nogoods=1594
%%%mzn-stat: numAtomicConstraintsPropagated=0
%%%mzn-stat: allDifferentNumber1PropagationsTotal=12959
%%%mzn-stat: allDifferentNumber1PropagationsThatFoundConflict=92
%%%mzn-stat: allDifferentNumber1PropagationsThatPruned=7661
%%%mzn-stat: allDifferentNumber1TotalValuesPruned=41150
%%%mzn-stat: allDifferentNumber1TotalHallSetSizeConflict=941
%%%mzn-stat: allDifferentNumber1NumberOfConflicts=92
%%%mzn-stat: allDifferentNumber1MaxHallSetSizeConflict=24
%%%mzn-stat: allDifferentNumber1TotalPruningHallSetSize=207290
%%%mzn-stat: allDifferentNumber1NumberOfPruningExplanations=41150
%%%mzn-stat: allDifferentNumber1MaxPruningHallSetSize=99
%%%mzn-stat: allDifferentNumber1TotalFixedEdgesAtConflict=7837
%%%mzn-stat: allDifferentNumber1TotalVarsInvolvedInPruning=34384
%%%mzn-stat: allDifferentNumber1MaxValuesPrunedFromSingleVar=11
%%%mzn-stat: allDifferentNumber1TotalSccSizeAtPruning=84371
%%%mzn-stat: allDifferentNumber1NumberOfSccPruningCalls=7661
%%%mzn-stat: circuitNumber2PropagationsThatFoundConflict=1414
%%%mzn-stat: circuitNumber2TotalFixedEdgesAtConflict=124192
%%%mzn-stat: circuitNumber2NumberOfConflicts=1414
%%%mzn-stat: circuitNumber2PropagationsThatPruned=1456
%%%mzn-stat: circuitNumber2PropagationsTotal=7411
%%%mzn-stat: AverageConflictSize=31.81806775407779
%%%mzn-stat: NumUnitNogoodsLearned=1
%%%mzn-stat: AverageLearnedNogoodLength=67.43914680050189
%%%mzn-stat: AverageBacktrackAmount=0
%%%mzn-stat: AverageLbd=38.86386449184442
%%%mzn-stat: 2AutonomousSearchNumBackupCalled=30658
%%%mzn-stat: 2AutonomousSearchNumPredicatesRemoved=0
%%%mzn-stat: 2AutonomousSearchNumCalls=30690
%%%mzn-stat: 2AutonomousSearchNumPredicatesAdded=26205
%%%mzn-stat: 2AutonomousSearchAverageSizeOfHeap=3.0187357445421963
%%%mzn-stat: 2AutonomousSearchNumAssignedPredicatesEncountered=92645
%%%mzn-stat-end
