%%%mzn-stat: initTime=0.031644027
%%%mzn-stat: objective=176
%%%mzn-stat: nodes=1744455
%%%mzn-stat: restarts=287
%%%mzn-stat: peakDepth=792
%%%mzn-stat: solveTime=1186.175600955
%%%mzn-stat: variables=2481
%%%mzn-stat: propagators=2048
%%%mzn-stat: failures=1375831
%%%mzn-stat: propagations=91837576
%%%mzn-stat: nogoods=1375831
%%%mzn-stat: AverageConflictSize=48.05098155224007
%%%mzn-stat: NumUnitNogoodsLearned=175
%%%mzn-stat: AverageLearnedNogoodLength=76.5896937923335
%%%mzn-stat: AverageBacktrackAmount=0
%%%mzn-stat: AverageLbd=26.057063694596213
%%%mzn-stat-end
maxleg = 176;
succ = array1d(1..100,[38, 81, 77, 62, 40, 69, 60, 50, 59, 4, 17, 88, 92, 99, 94, 67, 47, 66, 11, 74, 14, 53, 71, 30, 8, 36, 44, 19, 78, 64, 83, 26, 41, 89, 82, 22, 43, 25, 34, 91, 85, 28, 20, 6, 39, 37, 68, 27, 29, 87, 32, 46, 75, 56, 33, 15, 58, 31, 100, 61, 1, 84, 86, 42, 80, 55, 95, 3, 63, 93, 51, 49, 9, 45, 48, 23, 73, 21, 98, 24, 5, 52, 7, 79, 76, 13, 35, 90, 97, 18, 96, 57, 65, 70, 10, 54, 72, 12, 2, 16]);
% time elapsed: 1186.67 s
----------
==========
% time elapsed: 1186.67 s
%%%mzn-stat: initTime=0.031644027
%%%mzn-stat: objective=176
%%%mzn-stat: nodes=1744455
%%%mzn-stat: restarts=287
%%%mzn-stat: peakDepth=792
%%%mzn-stat: solveTime=1186.175606749
%%%mzn-stat: variables=2481
%%%mzn-stat: propagators=2048
%%%mzn-stat: failures=1375831
%%%mzn-stat: propagations=91837576
%%%mzn-stat: nogoods=1375831
%%%mzn-stat: AverageConflictSize=48.05098155224007
%%%mzn-stat: NumUnitNogoodsLearned=175
%%%mzn-stat: AverageLearnedNogoodLength=76.5896937923335
%%%mzn-stat: AverageBacktrackAmount=0
%%%mzn-stat: AverageLbd=26.057063694596213
%%%mzn-stat-end
