%%%mzn-stat: initTime=0.002625371
%%%mzn-stat: objective=377
%%%mzn-stat: nodes=1002
%%%mzn-stat: restarts=0
%%%mzn-stat: peakDepth=71
%%%mzn-stat: solveTime=0.029481778
%%%mzn-stat: variables=220
%%%mzn-stat: propagators=137
%%%mzn-stat: failures=503
%%%mzn-stat: propagations=36634
%%%mzn-stat: nogoods=503
%%%mzn-stat: AverageConflictSize=6.357852882703777
%%%mzn-stat: NumUnitNogoodsLearned=376
%%%mzn-stat: AverageLearnedNogoodLength=3.0159045725646125
%%%mzn-stat: AverageBacktrackAmount=0
%%%mzn-stat: AverageLbd=1.8389662027833003
%%%mzn-stat-end
maxleg = 377;
succ = array1d(1..20,[15, 8, 13, 6, 12, 14, 3, 4, 7, 11, 17, 16, 2, 5, 19, 18, 1, 20, 9, 10]);
% time elapsed: 6.45 s
----------
==========
% time elapsed: 6.45 s
%%%mzn-stat: initTime=0.002625371
%%%mzn-stat: objective=377
%%%mzn-stat: nodes=1002
%%%mzn-stat: restarts=0
%%%mzn-stat: peakDepth=71
%%%mzn-stat: solveTime=0.029483902
%%%mzn-stat: variables=220
%%%mzn-stat: propagators=137
%%%mzn-stat: failures=503
%%%mzn-stat: propagations=36634
%%%mzn-stat: nogoods=503
%%%mzn-stat: AverageConflictSize=6.357852882703777
%%%mzn-stat: NumUnitNogoodsLearned=376
%%%mzn-stat: AverageLearnedNogoodLength=3.0159045725646125
%%%mzn-stat: AverageBacktrackAmount=0
%%%mzn-stat: AverageLbd=1.8389662027833003
%%%mzn-stat-end
