% Logging successfully configured
%%%mzn-stat: initTime=0.003746098
%%%mzn-stat: objective=996
%%%mzn-stat: nodes=746
%%%mzn-stat: restarts=0
%%%mzn-stat: peakDepth=194
%%%mzn-stat: solveTime=0.006461829
%%%mzn-stat: variables=394
%%%mzn-stat: propagators=274
%%%mzn-stat: failures=82
%%%mzn-stat: propagations=4603
%%%mzn-stat: nogoods=82
%%%mzn-stat: numAtomicConstraintsPropagated=0
%%%mzn-stat: allDifferentNumber1TotalHallSetSize=221
%%%mzn-stat: allDifferentNumber1NumberOfConflicts=82
%%%mzn-stat: allDifferentNumber1MaxHallSetSize=17
%%%mzn-stat: allDifferentNumber1PropagationsTotal=953
%%%mzn-stat: allDifferentNumber1PropagationsThatFoundConflict=82
%%%mzn-stat: circuitNumber2PropagationsThatFoundConflict=0
%%%mzn-stat: circuitNumber2TotalFixedEdgesAtConflict=0
%%%mzn-stat: circuitNumber2NumberOfConflicts=0
%%%mzn-stat: circuitNumber2PropagationsThatPruned=3
%%%mzn-stat: circuitNumber2PropagationsTotal=499
%%%mzn-stat: AverageConflictSize=2.731707317073171
%%%mzn-stat: NumUnitNogoodsLearned=0
%%%mzn-stat: AverageLearnedNogoodLength=3.0609756097560976
%%%mzn-stat: AverageBacktrackAmount=0
%%%mzn-stat: AverageLbd=2.8536585365853657
%%%mzn-stat: 2AutonomousSearchNumBackupCalled=175
%%%mzn-stat: 2AutonomousSearchNumPredicatesRemoved=0
%%%mzn-stat: 2AutonomousSearchNumCalls=176
%%%mzn-stat: 2AutonomousSearchNumPredicatesAdded=144
%%%mzn-stat: 2AutonomousSearchAverageSizeOfHeap=0.8181818181818182
%%%mzn-stat: 2AutonomousSearchNumAssignedPredicatesEncountered=144
%%%mzn-stat-end
maxleg = 996;
succ = array1d(1..20,[2, 5, 4, 6, 3, 7, 9, 10, 8, 11, 12, 17, 1, 19, 16, 18, 20, 13, 15, 14]);
% time elapsed: 0.18 s
----------
%%%mzn-stat: initTime=0.003746098
%%%mzn-stat: objective=894
%%%mzn-stat: nodes=1072
%%%mzn-stat: restarts=0
%%%mzn-stat: peakDepth=199
%%%mzn-stat: solveTime=0.008836147
%%%mzn-stat: variables=394
%%%mzn-stat: propagators=274
%%%mzn-stat: failures=101
%%%mzn-stat: propagations=5957
%%%mzn-stat: nogoods=101
%%%mzn-stat: numAtomicConstraintsPropagated=0
%%%mzn-stat: allDifferentNumber1TotalHallSetSize=268
%%%mzn-stat: allDifferentNumber1NumberOfConflicts=101
%%%mzn-stat: allDifferentNumber1MaxHallSetSize=17
%%%mzn-stat: allDifferentNumber1PropagationsTotal=1193
%%%mzn-stat: allDifferentNumber1PropagationsThatFoundConflict=101
%%%mzn-stat: circuitNumber2PropagationsThatFoundConflict=0
%%%mzn-stat: circuitNumber2TotalFixedEdgesAtConflict=0
%%%mzn-stat: circuitNumber2NumberOfConflicts=0
%%%mzn-stat: circuitNumber2PropagationsThatPruned=4
%%%mzn-stat: circuitNumber2PropagationsTotal=627
%%%mzn-stat: AverageConflictSize=2.891089108910891
%%%mzn-stat: NumUnitNogoodsLearned=0
%%%mzn-stat: AverageLearnedNogoodLength=3.1485148514851486
%%%mzn-stat: AverageBacktrackAmount=0
%%%mzn-stat: AverageLbd=2.772277227722772
%%%mzn-stat: 2AutonomousSearchNumBackupCalled=354
%%%mzn-stat: 2AutonomousSearchNumPredicatesRemoved=0
%%%mzn-stat: 2AutonomousSearchNumCalls=356
%%%mzn-stat: 2AutonomousSearchNumPredicatesAdded=197
%%%mzn-stat: 2AutonomousSearchAverageSizeOfHeap=0.9044943820224719
%%%mzn-stat: 2AutonomousSearchNumAssignedPredicatesEncountered=322
%%%mzn-stat-end
maxleg = 894;
succ = array1d(1..20,[2, 12, 4, 6, 3, 7, 9, 10, 8, 11, 14, 17, 1, 13, 5, 15, 20, 16, 18, 19]);
% time elapsed: 0.19 s
----------
%%%mzn-stat: initTime=0.003746098
%%%mzn-stat: objective=543
%%%mzn-stat: nodes=1281
%%%mzn-stat: restarts=0
%%%mzn-stat: peakDepth=199
%%%mzn-stat: solveTime=0.009718084
%%%mzn-stat: variables=394
%%%mzn-stat: propagators=274
%%%mzn-stat: failures=108
%%%mzn-stat: propagations=6573
%%%mzn-stat: nogoods=108
%%%mzn-stat: numAtomicConstraintsPropagated=0
%%%mzn-stat: allDifferentNumber1TotalHallSetSize=308
%%%mzn-stat: allDifferentNumber1NumberOfConflicts=108
%%%mzn-stat: allDifferentNumber1MaxHallSetSize=17
%%%mzn-stat: allDifferentNumber1PropagationsTotal=1258
%%%mzn-stat: allDifferentNumber1PropagationsThatFoundConflict=108
%%%mzn-stat: circuitNumber2PropagationsThatFoundConflict=0
%%%mzn-stat: circuitNumber2TotalFixedEdgesAtConflict=0
%%%mzn-stat: circuitNumber2NumberOfConflicts=0
%%%mzn-stat: circuitNumber2PropagationsThatPruned=4
%%%mzn-stat: circuitNumber2PropagationsTotal=661
%%%mzn-stat: AverageConflictSize=3.8796296296296298
%%%mzn-stat: NumUnitNogoodsLearned=0
%%%mzn-stat: AverageLearnedNogoodLength=4.046296296296297
%%%mzn-stat: AverageBacktrackAmount=0
%%%mzn-stat: AverageLbd=3
%%%mzn-stat: 2AutonomousSearchNumBackupCalled=521
%%%mzn-stat: 2AutonomousSearchNumPredicatesRemoved=0
%%%mzn-stat: 2AutonomousSearchNumCalls=524
%%%mzn-stat: 2AutonomousSearchNumPredicatesAdded=255
%%%mzn-stat: 2AutonomousSearchAverageSizeOfHeap=0.9904580152671756
%%%mzn-stat: 2AutonomousSearchNumAssignedPredicatesEncountered=519
%%%mzn-stat-end
maxleg = 543;
succ = array1d(1..20,[2, 12, 4, 6, 3, 7, 9, 10, 8, 11, 17, 13, 14, 19, 5, 15, 20, 16, 18, 1]);
% time elapsed: 0.19 s
----------
%%%mzn-stat: initTime=0.003746098
%%%mzn-stat: objective=535
%%%mzn-stat: nodes=1511
%%%mzn-stat: restarts=0
%%%mzn-stat: peakDepth=199
%%%mzn-stat: solveTime=0.010942094
%%%mzn-stat: variables=394
%%%mzn-stat: propagators=274
%%%mzn-stat: failures=122
%%%mzn-stat: propagations=7447
%%%mzn-stat: nogoods=122
%%%mzn-stat: numAtomicConstraintsPropagated=0
%%%mzn-stat: allDifferentNumber1TotalHallSetSize=363
%%%mzn-stat: allDifferentNumber1NumberOfConflicts=121
%%%mzn-stat: allDifferentNumber1MaxHallSetSize=17
%%%mzn-stat: allDifferentNumber1PropagationsTotal=1381
%%%mzn-stat: allDifferentNumber1PropagationsThatFoundConflict=121
%%%mzn-stat: circuitNumber2PropagationsThatFoundConflict=1
%%%mzn-stat: circuitNumber2TotalFixedEdgesAtConflict=18
%%%mzn-stat: circuitNumber2NumberOfConflicts=1
%%%mzn-stat: circuitNumber2PropagationsThatPruned=6
%%%mzn-stat: circuitNumber2PropagationsTotal=723
%%%mzn-stat: AverageConflictSize=4.516393442622951
%%%mzn-stat: NumUnitNogoodsLearned=0
%%%mzn-stat: AverageLearnedNogoodLength=4.836065573770492
%%%mzn-stat: AverageBacktrackAmount=0
%%%mzn-stat: AverageLbd=3.4836065573770494
%%%mzn-stat: 2AutonomousSearchNumBackupCalled=682
%%%mzn-stat: 2AutonomousSearchNumPredicatesRemoved=0
%%%mzn-stat: 2AutonomousSearchNumCalls=686
%%%mzn-stat: 2AutonomousSearchNumPredicatesAdded=348
%%%mzn-stat: 2AutonomousSearchAverageSizeOfHeap=1.0903790087463556
%%%mzn-stat: 2AutonomousSearchNumAssignedPredicatesEncountered=748
%%%mzn-stat-end
maxleg = 535;
succ = array1d(1..20,[2, 12, 4, 6, 3, 7, 9, 10, 8, 17, 14, 13, 18, 19, 5, 15, 11, 16, 20, 1]);
% time elapsed: 0.19 s
----------
%%%mzn-stat: initTime=0.003746098
%%%mzn-stat: objective=467
%%%mzn-stat: nodes=1693
%%%mzn-stat: restarts=0
%%%mzn-stat: peakDepth=199
%%%mzn-stat: solveTime=0.011456801
%%%mzn-stat: variables=394
%%%mzn-stat: propagators=274
%%%mzn-stat: failures=125
%%%mzn-stat: propagations=8061
%%%mzn-stat: nogoods=125
%%%mzn-stat: numAtomicConstraintsPropagated=0
%%%mzn-stat: allDifferentNumber1TotalHallSetSize=371
%%%mzn-stat: allDifferentNumber1NumberOfConflicts=124
%%%mzn-stat: allDifferentNumber1MaxHallSetSize=17
%%%mzn-stat: allDifferentNumber1PropagationsTotal=1435
%%%mzn-stat: allDifferentNumber1PropagationsThatFoundConflict=124
%%%mzn-stat: circuitNumber2PropagationsThatFoundConflict=1
%%%mzn-stat: circuitNumber2TotalFixedEdgesAtConflict=18
%%%mzn-stat: circuitNumber2NumberOfConflicts=1
%%%mzn-stat: circuitNumber2PropagationsThatPruned=7
%%%mzn-stat: circuitNumber2PropagationsTotal=755
%%%mzn-stat: AverageConflictSize=4.496
%%%mzn-stat: NumUnitNogoodsLearned=0
%%%mzn-stat: AverageLearnedNogoodLength=4.808
%%%mzn-stat: AverageBacktrackAmount=0
%%%mzn-stat: AverageLbd=3.488
%%%mzn-stat: 2AutonomousSearchNumBackupCalled=830
%%%mzn-stat: 2AutonomousSearchNumPredicatesRemoved=0
%%%mzn-stat: 2AutonomousSearchNumCalls=835
%%%mzn-stat: 2AutonomousSearchNumPredicatesAdded=357
%%%mzn-stat: 2AutonomousSearchAverageSizeOfHeap=1.1724550898203592
%%%mzn-stat: 2AutonomousSearchNumAssignedPredicatesEncountered=979
%%%mzn-stat-end
maxleg = 467;
succ = array1d(1..20,[2, 12, 4, 6, 3, 7, 9, 10, 8, 17, 14, 13, 18, 20, 5, 15, 11, 16, 1, 19]);
% time elapsed: 0.19 s
----------
%%%mzn-stat: initTime=0.003746098
%%%mzn-stat: objective=459
%%%mzn-stat: nodes=1868
%%%mzn-stat: restarts=0
%%%mzn-stat: peakDepth=199
%%%mzn-stat: solveTime=0.012205916
%%%mzn-stat: variables=394
%%%mzn-stat: propagators=274
%%%mzn-stat: failures=133
%%%mzn-stat: propagations=8630
%%%mzn-stat: nogoods=133
%%%mzn-stat: numAtomicConstraintsPropagated=0
%%%mzn-stat: allDifferentNumber1TotalHallSetSize=422
%%%mzn-stat: allDifferentNumber1NumberOfConflicts=132
%%%mzn-stat: allDifferentNumber1MaxHallSetSize=17
%%%mzn-stat: allDifferentNumber1PropagationsTotal=1481
%%%mzn-stat: allDifferentNumber1PropagationsThatFoundConflict=132
%%%mzn-stat: circuitNumber2PropagationsThatFoundConflict=1
%%%mzn-stat: circuitNumber2TotalFixedEdgesAtConflict=18
%%%mzn-stat: circuitNumber2NumberOfConflicts=1
%%%mzn-stat: circuitNumber2PropagationsThatPruned=8
%%%mzn-stat: circuitNumber2PropagationsTotal=776
%%%mzn-stat: AverageConflictSize=5.315789473684211
%%%mzn-stat: NumUnitNogoodsLearned=0
%%%mzn-stat: AverageLearnedNogoodLength=5.601503759398496
%%%mzn-stat: AverageBacktrackAmount=0
%%%mzn-stat: AverageLbd=3.6390977443609023
%%%mzn-stat: 2AutonomousSearchNumBackupCalled=976
%%%mzn-stat: 2AutonomousSearchNumPredicatesRemoved=0
%%%mzn-stat: 2AutonomousSearchNumCalls=982
%%%mzn-stat: 2AutonomousSearchNumPredicatesAdded=412
%%%mzn-stat: 2AutonomousSearchAverageSizeOfHeap=1.2494908350305498
%%%mzn-stat: 2AutonomousSearchNumAssignedPredicatesEncountered=1227
%%%mzn-stat-end
maxleg = 459;
succ = array1d(1..20,[2, 12, 4, 6, 3, 7, 9, 10, 17, 11, 14, 13, 18, 20, 5, 15, 8, 16, 1, 19]);
% time elapsed: 0.19 s
----------
%%%mzn-stat: initTime=0.003746098
%%%mzn-stat: objective=454
%%%mzn-stat: nodes=2068
%%%mzn-stat: restarts=0
%%%mzn-stat: peakDepth=199
%%%mzn-stat: solveTime=0.01340342
%%%mzn-stat: variables=394
%%%mzn-stat: propagators=274
%%%mzn-stat: failures=149
%%%mzn-stat: propagations=9560
%%%mzn-stat: nogoods=149
%%%mzn-stat: numAtomicConstraintsPropagated=0
%%%mzn-stat: allDifferentNumber1TotalHallSetSize=491
%%%mzn-stat: allDifferentNumber1NumberOfConflicts=147
%%%mzn-stat: allDifferentNumber1MaxHallSetSize=17
%%%mzn-stat: allDifferentNumber1PropagationsTotal=1582
%%%mzn-stat: allDifferentNumber1PropagationsThatFoundConflict=147
%%%mzn-stat: circuitNumber2PropagationsThatFoundConflict=2
%%%mzn-stat: circuitNumber2TotalFixedEdgesAtConflict=36
%%%mzn-stat: circuitNumber2NumberOfConflicts=2
%%%mzn-stat: circuitNumber2PropagationsThatPruned=9
%%%mzn-stat: circuitNumber2PropagationsTotal=832
%%%mzn-stat: AverageConflictSize=5.852348993288591
%%%mzn-stat: NumUnitNogoodsLearned=0
%%%mzn-stat: AverageLearnedNogoodLength=6.261744966442953
%%%mzn-stat: AverageBacktrackAmount=0
%%%mzn-stat: AverageLbd=3.9395973154362416
%%%mzn-stat: 2AutonomousSearchNumBackupCalled=1112
%%%mzn-stat: 2AutonomousSearchNumPredicatesRemoved=0
%%%mzn-stat: 2AutonomousSearchNumCalls=1119
%%%mzn-stat: 2AutonomousSearchNumPredicatesAdded=507
%%%mzn-stat: 2AutonomousSearchAverageSizeOfHeap=1.3261840929401252
%%%mzn-stat: 2AutonomousSearchNumAssignedPredicatesEncountered=1484
%%%mzn-stat-end
maxleg = 454;
succ = array1d(1..20,[2, 12, 4, 6, 3, 7, 9, 11, 10, 17, 14, 13, 18, 20, 5, 15, 8, 16, 1, 19]);
% time elapsed: 0.19 s
----------
%%%mzn-stat: initTime=0.003746098
%%%mzn-stat: objective=440
%%%mzn-stat: nodes=2214
%%%mzn-stat: restarts=0
%%%mzn-stat: peakDepth=199
%%%mzn-stat: solveTime=0.013797959
%%%mzn-stat: variables=394
%%%mzn-stat: propagators=274
%%%mzn-stat: failures=150
%%%mzn-stat: propagations=10097
%%%mzn-stat: nogoods=150
%%%mzn-stat: numAtomicConstraintsPropagated=0
%%%mzn-stat: allDifferentNumber1TotalHallSetSize=491
%%%mzn-stat: allDifferentNumber1NumberOfConflicts=147
%%%mzn-stat: allDifferentNumber1MaxHallSetSize=17
%%%mzn-stat: allDifferentNumber1PropagationsTotal=1613
%%%mzn-stat: allDifferentNumber1PropagationsThatFoundConflict=147
%%%mzn-stat: circuitNumber2PropagationsThatFoundConflict=2
%%%mzn-stat: circuitNumber2TotalFixedEdgesAtConflict=36
%%%mzn-stat: circuitNumber2NumberOfConflicts=2
%%%mzn-stat: circuitNumber2PropagationsThatPruned=11
%%%mzn-stat: circuitNumber2PropagationsTotal=852
%%%mzn-stat: AverageConflictSize=5.8933333333333335
%%%mzn-stat: NumUnitNogoodsLearned=0
%%%mzn-stat: AverageLearnedNogoodLength=6.273333333333333
%%%mzn-stat: AverageBacktrackAmount=0
%%%mzn-stat: AverageLbd=3.953333333333333
%%%mzn-stat: 2AutonomousSearchNumBackupCalled=1239
%%%mzn-stat: 2AutonomousSearchNumPredicatesRemoved=0
%%%mzn-stat: 2AutonomousSearchNumCalls=1247
%%%mzn-stat: 2AutonomousSearchNumPredicatesAdded=518
%%%mzn-stat: 2AutonomousSearchAverageSizeOfHeap=1.3977546110665597
%%%mzn-stat: 2AutonomousSearchNumAssignedPredicatesEncountered=1743
%%%mzn-stat-end
maxleg = 440;
succ = array1d(1..20,[2, 12, 4, 6, 3, 7, 9, 11, 10, 17, 14, 13, 18, 20, 16, 5, 8, 15, 1, 19]);
% time elapsed: 0.19 s
----------
%%%mzn-stat: initTime=0.003746098
%%%mzn-stat: objective=437
%%%mzn-stat: nodes=2353
%%%mzn-stat: restarts=0
%%%mzn-stat: peakDepth=199
%%%mzn-stat: solveTime=0.014177467
%%%mzn-stat: variables=394
%%%mzn-stat: propagators=274
%%%mzn-stat: failures=152
%%%mzn-stat: propagations=10625
%%%mzn-stat: nogoods=152
%%%mzn-stat: numAtomicConstraintsPropagated=0
%%%mzn-stat: allDifferentNumber1TotalHallSetSize=500
%%%mzn-stat: allDifferentNumber1NumberOfConflicts=149
%%%mzn-stat: allDifferentNumber1MaxHallSetSize=17
%%%mzn-stat: allDifferentNumber1PropagationsTotal=1642
%%%mzn-stat: allDifferentNumber1PropagationsThatFoundConflict=149
%%%mzn-stat: circuitNumber2PropagationsThatFoundConflict=2
%%%mzn-stat: circuitNumber2TotalFixedEdgesAtConflict=36
%%%mzn-stat: circuitNumber2NumberOfConflicts=2
%%%mzn-stat: circuitNumber2PropagationsThatPruned=12
%%%mzn-stat: circuitNumber2PropagationsTotal=871
%%%mzn-stat: AverageConflictSize=5.901315789473684
%%%mzn-stat: NumUnitNogoodsLearned=0
%%%mzn-stat: AverageLearnedNogoodLength=6.269736842105263
%%%mzn-stat: AverageBacktrackAmount=0
%%%mzn-stat: AverageLbd=3.9539473684210527
%%%mzn-stat: 2AutonomousSearchNumBackupCalled=1360
%%%mzn-stat: 2AutonomousSearchNumPredicatesRemoved=0
%%%mzn-stat: 2AutonomousSearchNumCalls=1369
%%%mzn-stat: 2AutonomousSearchNumPredicatesAdded=529
%%%mzn-stat: 2AutonomousSearchAverageSizeOfHeap=1.464572680788897
%%%mzn-stat: 2AutonomousSearchNumAssignedPredicatesEncountered=2005
%%%mzn-stat-end
maxleg = 437;
succ = array1d(1..20,[2, 12, 4, 6, 3, 7, 9, 11, 10, 17, 14, 18, 1, 20, 16, 5, 8, 15, 13, 19]);
% time elapsed: 0.20 s
----------
%%%mzn-stat: initTime=0.003746098
%%%mzn-stat: objective=424
%%%mzn-stat: nodes=2507
%%%mzn-stat: restarts=0
%%%mzn-stat: peakDepth=199
%%%mzn-stat: solveTime=0.015146098
%%%mzn-stat: variables=394
%%%mzn-stat: propagators=274
%%%mzn-stat: failures=165
%%%mzn-stat: propagations=11429
%%%mzn-stat: nogoods=165
%%%mzn-stat: numAtomicConstraintsPropagated=0
%%%mzn-stat: allDifferentNumber1TotalHallSetSize=568
%%%mzn-stat: allDifferentNumber1NumberOfConflicts=161
%%%mzn-stat: allDifferentNumber1MaxHallSetSize=17
%%%mzn-stat: allDifferentNumber1PropagationsTotal=1704
%%%mzn-stat: allDifferentNumber1PropagationsThatFoundConflict=161
%%%mzn-stat: circuitNumber2PropagationsThatFoundConflict=3
%%%mzn-stat: circuitNumber2TotalFixedEdgesAtConflict=54
%%%mzn-stat: circuitNumber2NumberOfConflicts=3
%%%mzn-stat: circuitNumber2PropagationsThatPruned=13
%%%mzn-stat: circuitNumber2PropagationsTotal=901
%%%mzn-stat: AverageConflictSize=6.351515151515152
%%%mzn-stat: NumUnitNogoodsLearned=0
%%%mzn-stat: AverageLearnedNogoodLength=6.763636363636364
%%%mzn-stat: AverageBacktrackAmount=0
%%%mzn-stat: AverageLbd=4.084848484848485
%%%mzn-stat: 2AutonomousSearchNumBackupCalled=1480
%%%mzn-stat: 2AutonomousSearchNumPredicatesRemoved=0
%%%mzn-stat: 2AutonomousSearchNumCalls=1490
%%%mzn-stat: 2AutonomousSearchNumPredicatesAdded=616
%%%mzn-stat: 2AutonomousSearchAverageSizeOfHeap=1.5335570469798658
%%%mzn-stat: 2AutonomousSearchNumAssignedPredicatesEncountered=2285
%%%mzn-stat-end
maxleg = 424;
succ = array1d(1..20,[2, 12, 4, 6, 3, 7, 9, 11, 17, 14, 10, 18, 1, 20, 16, 5, 8, 15, 13, 19]);
% time elapsed: 0.20 s
----------
%%%mzn-stat: initTime=0.003746098
%%%mzn-stat: objective=421
%%%mzn-stat: nodes=2681
%%%mzn-stat: restarts=0
%%%mzn-stat: peakDepth=199
%%%mzn-stat: solveTime=0.016480007
%%%mzn-stat: variables=394
%%%mzn-stat: propagators=274
%%%mzn-stat: failures=183
%%%mzn-stat: propagations=12613
%%%mzn-stat: nogoods=183
%%%mzn-stat: numAtomicConstraintsPropagated=0
%%%mzn-stat: allDifferentNumber1TotalHallSetSize=626
%%%mzn-stat: allDifferentNumber1NumberOfConflicts=178
%%%mzn-stat: allDifferentNumber1MaxHallSetSize=17
%%%mzn-stat: allDifferentNumber1PropagationsTotal=1826
%%%mzn-stat: allDifferentNumber1PropagationsThatFoundConflict=178
%%%mzn-stat: circuitNumber2PropagationsThatFoundConflict=4
%%%mzn-stat: circuitNumber2TotalFixedEdgesAtConflict=72
%%%mzn-stat: circuitNumber2NumberOfConflicts=4
%%%mzn-stat: circuitNumber2PropagationsThatPruned=32
%%%mzn-stat: circuitNumber2PropagationsTotal=968
%%%mzn-stat: AverageConflictSize=6.344262295081967
%%%mzn-stat: NumUnitNogoodsLearned=0
%%%mzn-stat: AverageLearnedNogoodLength=7.065573770491803
%%%mzn-stat: AverageBacktrackAmount=0
%%%mzn-stat: AverageLbd=4.163934426229508
%%%mzn-stat: 2AutonomousSearchNumBackupCalled=1599
%%%mzn-stat: 2AutonomousSearchNumPredicatesRemoved=0
%%%mzn-stat: 2AutonomousSearchNumCalls=1610
%%%mzn-stat: 2AutonomousSearchNumPredicatesAdded=743
%%%mzn-stat: 2AutonomousSearchAverageSizeOfHeap=1.6149068322981366
%%%mzn-stat: 2AutonomousSearchNumAssignedPredicatesEncountered=2600
%%%mzn-stat-end
maxleg = 421;
succ = array1d(1..20,[2, 12, 4, 6, 3, 7, 9, 11, 17, 14, 20, 13, 19, 1, 18, 5, 8, 16, 15, 10]);
% time elapsed: 0.20 s
----------
%%%mzn-stat: initTime=0.003746098
%%%mzn-stat: objective=417
%%%mzn-stat: nodes=2817
%%%mzn-stat: restarts=0
%%%mzn-stat: peakDepth=199
%%%mzn-stat: solveTime=0.016895229
%%%mzn-stat: variables=394
%%%mzn-stat: propagators=274
%%%mzn-stat: failures=184
%%%mzn-stat: propagations=13156
%%%mzn-stat: nogoods=184
%%%mzn-stat: numAtomicConstraintsPropagated=0
%%%mzn-stat: allDifferentNumber1TotalHallSetSize=629
%%%mzn-stat: allDifferentNumber1NumberOfConflicts=179
%%%mzn-stat: allDifferentNumber1MaxHallSetSize=17
%%%mzn-stat: allDifferentNumber1PropagationsTotal=1855
%%%mzn-stat: allDifferentNumber1PropagationsThatFoundConflict=179
%%%mzn-stat: circuitNumber2PropagationsThatFoundConflict=4
%%%mzn-stat: circuitNumber2TotalFixedEdgesAtConflict=72
%%%mzn-stat: circuitNumber2NumberOfConflicts=4
%%%mzn-stat: circuitNumber2PropagationsThatPruned=35
%%%mzn-stat: circuitNumber2PropagationsTotal=987
%%%mzn-stat: AverageConflictSize=6.326086956521739
%%%mzn-stat: NumUnitNogoodsLearned=0
%%%mzn-stat: AverageLearnedNogoodLength=7.076086956521739
%%%mzn-stat: AverageBacktrackAmount=0
%%%mzn-stat: AverageLbd=4.168478260869565
%%%mzn-stat: 2AutonomousSearchNumBackupCalled=1719
%%%mzn-stat: 2AutonomousSearchNumPredicatesRemoved=0
%%%mzn-stat: 2AutonomousSearchNumCalls=1731
%%%mzn-stat: 2AutonomousSearchNumPredicatesAdded=779
%%%mzn-stat: 2AutonomousSearchAverageSizeOfHeap=1.6990179087232813
%%%mzn-stat: 2AutonomousSearchNumAssignedPredicatesEncountered=2941
%%%mzn-stat-end
maxleg = 417;
succ = array1d(1..20,[2, 12, 4, 6, 3, 7, 9, 11, 17, 14, 20, 19, 1, 13, 18, 5, 8, 16, 15, 10]);
% time elapsed: 0.20 s
----------
==========
% time elapsed: 0.20 s
%%%mzn-stat: initTime=0.003746098
%%%mzn-stat: objective=417
%%%mzn-stat: nodes=2817
%%%mzn-stat: restarts=0
%%%mzn-stat: peakDepth=199
%%%mzn-stat: solveTime=0.01705716
%%%mzn-stat: variables=394
%%%mzn-stat: propagators=274
%%%mzn-stat: failures=185
%%%mzn-stat: propagations=13287
%%%mzn-stat: nogoods=185
%%%mzn-stat: numAtomicConstraintsPropagated=0
%%%mzn-stat: allDifferentNumber1TotalHallSetSize=649
%%%mzn-stat: allDifferentNumber1NumberOfConflicts=180
%%%mzn-stat: allDifferentNumber1MaxHallSetSize=20
%%%mzn-stat: allDifferentNumber1PropagationsTotal=1857
%%%mzn-stat: allDifferentNumber1PropagationsThatFoundConflict=180
%%%mzn-stat: circuitNumber2PropagationsThatFoundConflict=4
%%%mzn-stat: circuitNumber2TotalFixedEdgesAtConflict=72
%%%mzn-stat: circuitNumber2NumberOfConflicts=4
%%%mzn-stat: circuitNumber2PropagationsThatPruned=35
%%%mzn-stat: circuitNumber2PropagationsTotal=988
%%%mzn-stat: AverageConflictSize=6.4
%%%mzn-stat: NumUnitNogoodsLearned=1
%%%mzn-stat: AverageLearnedNogoodLength=7.043243243243243
%%%mzn-stat: AverageBacktrackAmount=0
%%%mzn-stat: AverageLbd=4.151351351351352
%%%mzn-stat: 2AutonomousSearchNumBackupCalled=1719
%%%mzn-stat: 2AutonomousSearchNumPredicatesRemoved=0
%%%mzn-stat: 2AutonomousSearchNumCalls=1731
%%%mzn-stat: 2AutonomousSearchNumPredicatesAdded=950
%%%mzn-stat: 2AutonomousSearchAverageSizeOfHeap=1.6990179087232813
%%%mzn-stat: 2AutonomousSearchNumAssignedPredicatesEncountered=2941
%%%mzn-stat-end
