% Logging successfully configured
%%%mzn-stat: initTime=0.017103639
%%%mzn-stat: objective=527
%%%mzn-stat: nodes=1627
%%%mzn-stat: restarts=0
%%%mzn-stat: peakDepth=895
%%%mzn-stat: solveTime=0.090100083
%%%mzn-stat: variables=1572
%%%mzn-stat: propagators=2426
%%%mzn-stat: failures=402
%%%mzn-stat: propagations=122778
%%%mzn-stat: nogoods=402
%%%mzn-stat: numAtomicConstraintsPropagated=0
%%%mzn-stat: circuitNumber1226PropagationsThatFoundConflict=348
%%%mzn-stat: circuitNumber1226TotalFixedEdgesAtConflict=16133
%%%mzn-stat: circuitNumber1226NumberOfConflicts=348
%%%mzn-stat: circuitNumber1226PropagationsThatPruned=145
%%%mzn-stat: circuitNumber1226PropagationsTotal=1105
%%%mzn-stat: AverageConflictSize=30.753731343283583
%%%mzn-stat: NumUnitNogoodsLearned=0
%%%mzn-stat: AverageLearnedNogoodLength=33.48756218905473
%%%mzn-stat: AverageBacktrackAmount=0
%%%mzn-stat: AverageLbd=28.746268656716417
%%%mzn-stat: 2AutonomousSearchNumBackupCalled=850
%%%mzn-stat: 2AutonomousSearchNumPredicatesRemoved=0
%%%mzn-stat: 2AutonomousSearchNumCalls=851
%%%mzn-stat: 2AutonomousSearchNumPredicatesAdded=289
%%%mzn-stat: 2AutonomousSearchAverageSizeOfHeap=0.3396004700352526
%%%mzn-stat: 2AutonomousSearchNumAssignedPredicatesEncountered=289
%%%mzn-stat-end
maxleg = 527;
succ = array1d(1..50,[2, 4, 8, 5, 12, 7, 11, 6, 1, 3, 17, 13, 14, 20, 19, 9, 18, 16, 10, 22, 23, 28, 27, 21, 15, 31, 26, 34, 24, 25, 36, 37, 29, 35, 38, 42, 33, 40, 32, 43, 30, 46, 47, 48, 44, 49, 45, 39, 50, 41]);
% time elapsed: 4.23 s
----------
%%%mzn-stat: initTime=0.017103639
%%%mzn-stat: objective=455
%%%mzn-stat: nodes=6959
%%%mzn-stat: restarts=0
%%%mzn-stat: peakDepth=895
%%%mzn-stat: solveTime=0.775395338
%%%mzn-stat: variables=1572
%%%mzn-stat: propagators=2426
%%%mzn-stat: failures=3200
%%%mzn-stat: propagations=891802
%%%mzn-stat: nogoods=3200
%%%mzn-stat: numAtomicConstraintsPropagated=0
%%%mzn-stat: circuitNumber1226PropagationsThatFoundConflict=2698
%%%mzn-stat: circuitNumber1226TotalFixedEdgesAtConflict=125373
%%%mzn-stat: circuitNumber1226NumberOfConflicts=2698
%%%mzn-stat: circuitNumber1226PropagationsThatPruned=1022
%%%mzn-stat: circuitNumber1226PropagationsTotal=7792
%%%mzn-stat: AverageConflictSize=32.38375
%%%mzn-stat: NumUnitNogoodsLearned=0
%%%mzn-stat: AverageLearnedNogoodLength=35.905
%%%mzn-stat: AverageBacktrackAmount=0
%%%mzn-stat: AverageLbd=31.910625
%%%mzn-stat: 2AutonomousSearchNumBackupCalled=1672
%%%mzn-stat: 2AutonomousSearchNumPredicatesRemoved=0
%%%mzn-stat: 2AutonomousSearchNumCalls=1674
%%%mzn-stat: 2AutonomousSearchNumPredicatesAdded=801
%%%mzn-stat: 2AutonomousSearchAverageSizeOfHeap=0.480884109916368
%%%mzn-stat: 2AutonomousSearchNumAssignedPredicatesEncountered=805
%%%mzn-stat-end
maxleg = 455;
succ = array1d(1..50,[2, 4, 8, 5, 12, 7, 11, 6, 1, 3, 17, 13, 14, 20, 19, 9, 18, 16, 10, 22, 23, 28, 27, 21, 15, 31, 26, 34, 24, 29, 36, 25, 30, 35, 38, 42, 50, 40, 32, 37, 33, 48, 39, 45, 47, 41, 43, 44, 46, 49]);
% time elapsed: 4.89 s
----------
%%%mzn-stat: initTime=0.017103639
%%%mzn-stat: objective=449
%%%mzn-stat: nodes=11956
%%%mzn-stat: restarts=0
%%%mzn-stat: peakDepth=895
%%%mzn-stat: solveTime=1.33433505
%%%mzn-stat: variables=1572
%%%mzn-stat: propagators=2426
%%%mzn-stat: failures=5795
%%%mzn-stat: propagations=1625140
%%%mzn-stat: nogoods=5795
%%%mzn-stat: numAtomicConstraintsPropagated=0
%%%mzn-stat: circuitNumber1226PropagationsThatFoundConflict=4993
%%%mzn-stat: circuitNumber1226TotalFixedEdgesAtConflict=232127
%%%mzn-stat: circuitNumber1226NumberOfConflicts=4993
%%%mzn-stat: circuitNumber1226PropagationsThatPruned=1872
%%%mzn-stat: circuitNumber1226PropagationsTotal=14213
%%%mzn-stat: AverageConflictSize=32.94788610871441
%%%mzn-stat: NumUnitNogoodsLearned=0
%%%mzn-stat: AverageLearnedNogoodLength=36.472131147540985
%%%mzn-stat: AverageBacktrackAmount=0
%%%mzn-stat: AverageLbd=32.34305435720449
%%%mzn-stat: 2AutonomousSearchNumBackupCalled=2497
%%%mzn-stat: 2AutonomousSearchNumPredicatesRemoved=0
%%%mzn-stat: 2AutonomousSearchNumCalls=2500
%%%mzn-stat: 2AutonomousSearchNumPredicatesAdded=1277
%%%mzn-stat: 2AutonomousSearchAverageSizeOfHeap=0.53
%%%mzn-stat: 2AutonomousSearchNumAssignedPredicatesEncountered=1325
%%%mzn-stat-end
maxleg = 449;
succ = array1d(1..50,[2, 4, 8, 5, 12, 7, 11, 6, 1, 3, 17, 13, 14, 20, 19, 9, 18, 16, 10, 22, 23, 34, 27, 21, 15, 28, 26, 31, 24, 29, 36, 25, 30, 35, 38, 42, 50, 40, 32, 37, 33, 48, 39, 45, 47, 41, 43, 44, 46, 49]);
% time elapsed: 5.46 s
----------
%%%mzn-stat: initTime=0.017103639
%%%mzn-stat: objective=423
%%%mzn-stat: nodes=12809
%%%mzn-stat: restarts=0
%%%mzn-stat: peakDepth=895
%%%mzn-stat: solveTime=1.339622308
%%%mzn-stat: variables=1572
%%%mzn-stat: propagators=2426
%%%mzn-stat: failures=5810
%%%mzn-stat: propagations=1633705
%%%mzn-stat: nogoods=5810
%%%mzn-stat: numAtomicConstraintsPropagated=0
%%%mzn-stat: circuitNumber1226PropagationsThatFoundConflict=5006
%%%mzn-stat: circuitNumber1226TotalFixedEdgesAtConflict=232723
%%%mzn-stat: circuitNumber1226NumberOfConflicts=5006
%%%mzn-stat: circuitNumber1226PropagationsThatPruned=1876
%%%mzn-stat: circuitNumber1226PropagationsTotal=14284
%%%mzn-stat: AverageConflictSize=32.940963855421685
%%%mzn-stat: NumUnitNogoodsLearned=0
%%%mzn-stat: AverageLearnedNogoodLength=36.47194492254733
%%%mzn-stat: AverageBacktrackAmount=0
%%%mzn-stat: AverageLbd=32.336660929432014
%%%mzn-stat: 2AutonomousSearchNumBackupCalled=3291
%%%mzn-stat: 2AutonomousSearchNumPredicatesRemoved=0
%%%mzn-stat: 2AutonomousSearchNumCalls=3295
%%%mzn-stat: 2AutonomousSearchNumPredicatesAdded=1515
%%%mzn-stat: 2AutonomousSearchAverageSizeOfHeap=0.5599393019726859
%%%mzn-stat: 2AutonomousSearchNumAssignedPredicatesEncountered=1845
%%%mzn-stat-end
maxleg = 423;
succ = array1d(1..50,[2, 4, 8, 5, 12, 7, 11, 6, 1, 3, 17, 13, 14, 20, 19, 9, 18, 16, 10, 22, 23, 34, 27, 21, 15, 28, 26, 31, 24, 29, 36, 25, 30, 35, 38, 42, 50, 44, 32, 37, 33, 48, 39, 45, 40, 41, 43, 47, 46, 49]);
% time elapsed: 5.47 s
----------
%%%mzn-stat: initTime=0.017103639
%%%mzn-stat: objective=409
%%%mzn-stat: nodes=13638
%%%mzn-stat: restarts=0
%%%mzn-stat: peakDepth=895
%%%mzn-stat: solveTime=1.342522033
%%%mzn-stat: variables=1572
%%%mzn-stat: propagators=2426
%%%mzn-stat: failures=5819
%%%mzn-stat: propagations=1639606
%%%mzn-stat: nogoods=5819
%%%mzn-stat: numAtomicConstraintsPropagated=0
%%%mzn-stat: circuitNumber1226PropagationsThatFoundConflict=5008
%%%mzn-stat: circuitNumber1226TotalFixedEdgesAtConflict=232816
%%%mzn-stat: circuitNumber1226NumberOfConflicts=5008
%%%mzn-stat: circuitNumber1226PropagationsThatPruned=1876
%%%mzn-stat: circuitNumber1226PropagationsTotal=14337
%%%mzn-stat: AverageConflictSize=32.90221687575185
%%%mzn-stat: NumUnitNogoodsLearned=0
%%%mzn-stat: AverageLearnedNogoodLength=36.43839147619866
%%%mzn-stat: AverageBacktrackAmount=0
%%%mzn-stat: AverageLbd=32.297130091080945
%%%mzn-stat: 2AutonomousSearchNumBackupCalled=4062
%%%mzn-stat: 2AutonomousSearchNumPredicatesRemoved=0
%%%mzn-stat: 2AutonomousSearchNumCalls=4067
%%%mzn-stat: 2AutonomousSearchNumPredicatesAdded=1647
%%%mzn-stat: 2AutonomousSearchAverageSizeOfHeap=0.5815097123186624
%%%mzn-stat: 2AutonomousSearchNumAssignedPredicatesEncountered=2365
%%%mzn-stat-end
maxleg = 409;
succ = array1d(1..50,[2, 4, 8, 5, 12, 7, 11, 6, 1, 3, 17, 13, 14, 20, 19, 9, 18, 21, 10, 22, 23, 34, 27, 16, 15, 28, 26, 31, 24, 29, 36, 25, 30, 35, 38, 42, 33, 40, 32, 44, 37, 46, 39, 45, 48, 49, 43, 47, 50, 41]);
% time elapsed: 5.48 s
----------
%%%mzn-stat: initTime=0.017103639
%%%mzn-stat: objective=404
%%%mzn-stat: nodes=14604
%%%mzn-stat: restarts=0
%%%mzn-stat: peakDepth=895
%%%mzn-stat: solveTime=1.374172059
%%%mzn-stat: variables=1572
%%%mzn-stat: propagators=2426
%%%mzn-stat: failures=5925
%%%mzn-stat: propagations=1672333
%%%mzn-stat: nogoods=5925
%%%mzn-stat: numAtomicConstraintsPropagated=0
%%%mzn-stat: circuitNumber1226PropagationsThatFoundConflict=5088
%%%mzn-stat: circuitNumber1226TotalFixedEdgesAtConflict=236483
%%%mzn-stat: circuitNumber1226NumberOfConflicts=5088
%%%mzn-stat: circuitNumber1226PropagationsThatPruned=1888
%%%mzn-stat: circuitNumber1226PropagationsTotal=14570
%%%mzn-stat: AverageConflictSize=32.894852320675106
%%%mzn-stat: NumUnitNogoodsLearned=0
%%%mzn-stat: AverageLearnedNogoodLength=36.57535864978903
%%%mzn-stat: AverageBacktrackAmount=0
%%%mzn-stat: AverageLbd=32.33991561181435
%%%mzn-stat: 2AutonomousSearchNumBackupCalled=4845
%%%mzn-stat: 2AutonomousSearchNumPredicatesRemoved=0
%%%mzn-stat: 2AutonomousSearchNumCalls=4851
%%%mzn-stat: 2AutonomousSearchNumPredicatesAdded=2117
%%%mzn-stat: 2AutonomousSearchAverageSizeOfHeap=0.6058544629973202
%%%mzn-stat: 2AutonomousSearchNumAssignedPredicatesEncountered=2939
%%%mzn-stat-end
maxleg = 404;
succ = array1d(1..50,[2, 4, 8, 5, 12, 7, 11, 6, 1, 3, 17, 13, 14, 20, 19, 9, 18, 21, 10, 22, 23, 34, 27, 16, 15, 31, 26, 35, 24, 29, 28, 25, 30, 38, 40, 42, 50, 44, 32, 37, 33, 46, 39, 45, 48, 41, 43, 47, 36, 49]);
% time elapsed: 5.50 s
----------
%%%mzn-stat: initTime=0.017103639
%%%mzn-stat: objective=395
%%%mzn-stat: nodes=15385
%%%mzn-stat: restarts=0
%%%mzn-stat: peakDepth=895
%%%mzn-stat: solveTime=1.37613316
%%%mzn-stat: variables=1572
%%%mzn-stat: propagators=2426
%%%mzn-stat: failures=5925
%%%mzn-stat: propagations=1676717
%%%mzn-stat: nogoods=5925
%%%mzn-stat: numAtomicConstraintsPropagated=0
%%%mzn-stat: circuitNumber1226PropagationsThatFoundConflict=5088
%%%mzn-stat: circuitNumber1226TotalFixedEdgesAtConflict=236483
%%%mzn-stat: circuitNumber1226NumberOfConflicts=5088
%%%mzn-stat: circuitNumber1226PropagationsThatPruned=1889
%%%mzn-stat: circuitNumber1226PropagationsTotal=14614
%%%mzn-stat: AverageConflictSize=32.894852320675106
%%%mzn-stat: NumUnitNogoodsLearned=0
%%%mzn-stat: AverageLearnedNogoodLength=36.57535864978903
%%%mzn-stat: AverageBacktrackAmount=0
%%%mzn-stat: AverageLbd=32.33991561181435
%%%mzn-stat: 2AutonomousSearchNumBackupCalled=5583
%%%mzn-stat: 2AutonomousSearchNumPredicatesRemoved=0
%%%mzn-stat: 2AutonomousSearchNumCalls=5590
%%%mzn-stat: 2AutonomousSearchNumPredicatesAdded=2117
%%%mzn-stat: 2AutonomousSearchAverageSizeOfHeap=0.628443649373882
%%%mzn-stat: 2AutonomousSearchNumAssignedPredicatesEncountered=3513
%%%mzn-stat-end
maxleg = 395;
succ = array1d(1..50,[2, 4, 8, 5, 12, 7, 11, 6, 1, 3, 17, 13, 14, 20, 19, 9, 18, 21, 10, 22, 23, 34, 27, 16, 15, 31, 26, 35, 24, 29, 28, 25, 30, 38, 40, 42, 50, 45, 32, 37, 33, 46, 39, 48, 44, 41, 43, 47, 36, 49]);
% time elapsed: 5.51 s
----------
%%%mzn-stat: initTime=0.017103639
%%%mzn-stat: objective=394
%%%mzn-stat: nodes=16167
%%%mzn-stat: restarts=0
%%%mzn-stat: peakDepth=895
%%%mzn-stat: solveTime=1.3787619260000001
%%%mzn-stat: variables=1572
%%%mzn-stat: propagators=2426
%%%mzn-stat: failures=5932
%%%mzn-stat: propagations=1682765
%%%mzn-stat: nogoods=5932
%%%mzn-stat: numAtomicConstraintsPropagated=0
%%%mzn-stat: circuitNumber1226PropagationsThatFoundConflict=5092
%%%mzn-stat: circuitNumber1226TotalFixedEdgesAtConflict=236654
%%%mzn-stat: circuitNumber1226NumberOfConflicts=5092
%%%mzn-stat: circuitNumber1226PropagationsThatPruned=1889
%%%mzn-stat: circuitNumber1226PropagationsTotal=14670
%%%mzn-stat: AverageConflictSize=32.858732299393125
%%%mzn-stat: NumUnitNogoodsLearned=0
%%%mzn-stat: AverageLearnedNogoodLength=36.54973027646662
%%%mzn-stat: AverageBacktrackAmount=0
%%%mzn-stat: AverageLbd=32.313385030343895
%%%mzn-stat: 2AutonomousSearchNumBackupCalled=6310
%%%mzn-stat: 2AutonomousSearchNumPredicatesRemoved=0
%%%mzn-stat: 2AutonomousSearchNumCalls=6318
%%%mzn-stat: 2AutonomousSearchNumPredicatesAdded=2389
%%%mzn-stat: 2AutonomousSearchAverageSizeOfHeap=0.647673314339981
%%%mzn-stat: 2AutonomousSearchNumAssignedPredicatesEncountered=4092
%%%mzn-stat-end
maxleg = 394;
succ = array1d(1..50,[2, 4, 8, 5, 12, 7, 11, 6, 1, 3, 17, 13, 14, 20, 19, 9, 18, 21, 10, 22, 23, 34, 27, 16, 15, 31, 26, 35, 24, 29, 28, 25, 30, 38, 42, 46, 33, 44, 32, 47, 37, 36, 39, 45, 40, 49, 48, 43, 50, 41]);
% time elapsed: 5.51 s
----------
%%%mzn-stat: initTime=0.017103639
%%%mzn-stat: objective=387
%%%mzn-stat: nodes=17049
%%%mzn-stat: restarts=0
%%%mzn-stat: peakDepth=895
%%%mzn-stat: solveTime=1.400494042
%%%mzn-stat: variables=1572
%%%mzn-stat: propagators=2426
%%%mzn-stat: failures=6001
%%%mzn-stat: propagations=1704626
%%%mzn-stat: nogoods=6001
%%%mzn-stat: numAtomicConstraintsPropagated=0
%%%mzn-stat: circuitNumber1226PropagationsThatFoundConflict=5142
%%%mzn-stat: circuitNumber1226TotalFixedEdgesAtConflict=238960
%%%mzn-stat: circuitNumber1226NumberOfConflicts=5142
%%%mzn-stat: circuitNumber1226PropagationsThatPruned=1892
%%%mzn-stat: circuitNumber1226PropagationsTotal=14839
%%%mzn-stat: AverageConflictSize=32.856023996000665
%%%mzn-stat: NumUnitNogoodsLearned=0
%%%mzn-stat: AverageLearnedNogoodLength=36.6675554074321
%%%mzn-stat: AverageBacktrackAmount=0
%%%mzn-stat: AverageLbd=32.33127812031328
%%%mzn-stat: 2AutonomousSearchNumBackupCalled=7056
%%%mzn-stat: 2AutonomousSearchNumPredicatesRemoved=0
%%%mzn-stat: 2AutonomousSearchNumCalls=7065
%%%mzn-stat: 2AutonomousSearchNumPredicatesAdded=2721
%%%mzn-stat: 2AutonomousSearchAverageSizeOfHeap=0.6612880396319887
%%%mzn-stat: 2AutonomousSearchNumAssignedPredicatesEncountered=4672
%%%mzn-stat-end
maxleg = 387;
succ = array1d(1..50,[2, 4, 8, 5, 12, 7, 11, 6, 1, 3, 17, 13, 14, 20, 19, 9, 18, 21, 10, 22, 23, 34, 27, 16, 15, 31, 26, 35, 24, 29, 28, 25, 30, 38, 44, 42, 50, 47, 32, 37, 33, 46, 39, 45, 40, 41, 48, 43, 36, 49]);
% time elapsed: 5.54 s
----------
%%%mzn-stat: initTime=0.017103639
%%%mzn-stat: objective=377
%%%mzn-stat: nodes=17826
%%%mzn-stat: restarts=0
%%%mzn-stat: peakDepth=895
%%%mzn-stat: solveTime=1.402412098
%%%mzn-stat: variables=1572
%%%mzn-stat: propagators=2426
%%%mzn-stat: failures=6001
%%%mzn-stat: propagations=1709006
%%%mzn-stat: nogoods=6001
%%%mzn-stat: numAtomicConstraintsPropagated=0
%%%mzn-stat: circuitNumber1226PropagationsThatFoundConflict=5142
%%%mzn-stat: circuitNumber1226TotalFixedEdgesAtConflict=238960
%%%mzn-stat: circuitNumber1226NumberOfConflicts=5142
%%%mzn-stat: circuitNumber1226PropagationsThatPruned=1892
%%%mzn-stat: circuitNumber1226PropagationsTotal=14881
%%%mzn-stat: AverageConflictSize=32.856023996000665
%%%mzn-stat: NumUnitNogoodsLearned=0
%%%mzn-stat: AverageLearnedNogoodLength=36.6675554074321
%%%mzn-stat: AverageBacktrackAmount=0
%%%mzn-stat: AverageLbd=32.33127812031328
%%%mzn-stat: 2AutonomousSearchNumBackupCalled=7791
%%%mzn-stat: 2AutonomousSearchNumPredicatesRemoved=0
%%%mzn-stat: 2AutonomousSearchNumCalls=7801
%%%mzn-stat: 2AutonomousSearchNumPredicatesAdded=2721
%%%mzn-stat: 2AutonomousSearchAverageSizeOfHeap=0.6732470196128701
%%%mzn-stat: 2AutonomousSearchNumAssignedPredicatesEncountered=5252
%%%mzn-stat-end
maxleg = 377;
succ = array1d(1..50,[2, 4, 8, 5, 12, 7, 11, 6, 1, 3, 17, 13, 14, 20, 19, 9, 18, 21, 10, 22, 23, 34, 27, 16, 15, 31, 26, 35, 24, 29, 28, 25, 30, 38, 44, 42, 50, 48, 32, 37, 33, 46, 39, 45, 40, 41, 43, 47, 36, 49]);
% time elapsed: 5.55 s
----------
%%%mzn-stat: initTime=0.017103639
%%%mzn-stat: objective=364
%%%mzn-stat: nodes=18567
%%%mzn-stat: restarts=0
%%%mzn-stat: peakDepth=895
%%%mzn-stat: solveTime=1.404592163
%%%mzn-stat: variables=1572
%%%mzn-stat: propagators=2426
%%%mzn-stat: failures=6005
%%%mzn-stat: propagations=1714367
%%%mzn-stat: nogoods=6005
%%%mzn-stat: numAtomicConstraintsPropagated=0
%%%mzn-stat: circuitNumber1226PropagationsThatFoundConflict=5143
%%%mzn-stat: circuitNumber1226TotalFixedEdgesAtConflict=239007
%%%mzn-stat: circuitNumber1226NumberOfConflicts=5143
%%%mzn-stat: circuitNumber1226PropagationsThatPruned=1892
%%%mzn-stat: circuitNumber1226PropagationsTotal=14926
%%%mzn-stat: AverageConflictSize=32.83630308076603
%%%mzn-stat: NumUnitNogoodsLearned=0
%%%mzn-stat: AverageLearnedNogoodLength=36.65861781848459
%%%mzn-stat: AverageBacktrackAmount=0
%%%mzn-stat: AverageLbd=32.315903413821815
%%%mzn-stat: 2AutonomousSearchNumBackupCalled=8485
%%%mzn-stat: 2AutonomousSearchNumPredicatesRemoved=0
%%%mzn-stat: 2AutonomousSearchNumCalls=8496
%%%mzn-stat: 2AutonomousSearchNumPredicatesAdded=2928
%%%mzn-stat: 2AutonomousSearchAverageSizeOfHeap=0.6879708097928436
%%%mzn-stat: 2AutonomousSearchNumAssignedPredicatesEncountered=5845
%%%mzn-stat-end
maxleg = 364;
succ = array1d(1..50,[2, 4, 8, 5, 12, 7, 11, 6, 1, 3, 17, 13, 14, 20, 19, 9, 18, 21, 10, 22, 23, 34, 27, 16, 15, 31, 26, 35, 24, 33, 28, 25, 37, 38, 44, 29, 41, 48, 32, 42, 46, 50, 39, 45, 40, 49, 43, 47, 36, 30]);
% time elapsed: 5.55 s
----------
%%%mzn-stat: initTime=0.017103639
%%%mzn-stat: objective=363
%%%mzn-stat: nodes=19296
%%%mzn-stat: restarts=0
%%%mzn-stat: peakDepth=895
%%%mzn-stat: solveTime=1.4066877039999999
%%%mzn-stat: variables=1572
%%%mzn-stat: propagators=2426
%%%mzn-stat: failures=6005
%%%mzn-stat: propagations=1718747
%%%mzn-stat: nogoods=6005
%%%mzn-stat: numAtomicConstraintsPropagated=0
%%%mzn-stat: circuitNumber1226PropagationsThatFoundConflict=5143
%%%mzn-stat: circuitNumber1226TotalFixedEdgesAtConflict=239007
%%%mzn-stat: circuitNumber1226NumberOfConflicts=5143
%%%mzn-stat: circuitNumber1226PropagationsThatPruned=1892
%%%mzn-stat: circuitNumber1226PropagationsTotal=14969
%%%mzn-stat: AverageConflictSize=32.83630308076603
%%%mzn-stat: NumUnitNogoodsLearned=0
%%%mzn-stat: AverageLearnedNogoodLength=36.65861781848459
%%%mzn-stat: AverageBacktrackAmount=0
%%%mzn-stat: AverageLbd=32.315903413821815
%%%mzn-stat: 2AutonomousSearchNumBackupCalled=9171
%%%mzn-stat: 2AutonomousSearchNumPredicatesRemoved=0
%%%mzn-stat: 2AutonomousSearchNumCalls=9183
%%%mzn-stat: 2AutonomousSearchNumPredicatesAdded=2928
%%%mzn-stat: 2AutonomousSearchAverageSizeOfHeap=0.701078079059131
%%%mzn-stat: 2AutonomousSearchNumAssignedPredicatesEncountered=6438
%%%mzn-stat-end
maxleg = 363;
succ = array1d(1..50,[2, 4, 8, 5, 12, 7, 11, 6, 1, 3, 17, 13, 14, 20, 19, 9, 18, 21, 10, 23, 27, 34, 28, 16, 15, 31, 26, 35, 24, 33, 36, 25, 37, 38, 22, 29, 39, 44, 32, 47, 30, 46, 48, 45, 40, 49, 43, 42, 50, 41]);
% time elapsed: 5.56 s
----------
%%%mzn-stat: initTime=0.017103639
%%%mzn-stat: objective=361
%%%mzn-stat: nodes=20004
%%%mzn-stat: restarts=0
%%%mzn-stat: peakDepth=895
%%%mzn-stat: solveTime=1.408700855
%%%mzn-stat: variables=1572
%%%mzn-stat: propagators=2426
%%%mzn-stat: failures=6006
%%%mzn-stat: propagations=1723464
%%%mzn-stat: nogoods=6006
%%%mzn-stat: numAtomicConstraintsPropagated=0
%%%mzn-stat: circuitNumber1226PropagationsThatFoundConflict=5144
%%%mzn-stat: circuitNumber1226TotalFixedEdgesAtConflict=239052
%%%mzn-stat: circuitNumber1226NumberOfConflicts=5144
%%%mzn-stat: circuitNumber1226PropagationsThatPruned=1893
%%%mzn-stat: circuitNumber1226PropagationsTotal=15014
%%%mzn-stat: AverageConflictSize=32.83116883116883
%%%mzn-stat: NumUnitNogoodsLearned=0
%%%mzn-stat: AverageLearnedNogoodLength=36.65684315684316
%%%mzn-stat: AverageBacktrackAmount=0
%%%mzn-stat: AverageLbd=32.312354312354316
%%%mzn-stat: 2AutonomousSearchNumBackupCalled=9834
%%%mzn-stat: 2AutonomousSearchNumPredicatesRemoved=0
%%%mzn-stat: 2AutonomousSearchNumCalls=9847
%%%mzn-stat: 2AutonomousSearchNumPredicatesAdded=2992
%%%mzn-stat: 2AutonomousSearchAverageSizeOfHeap=0.7140245760129988
%%%mzn-stat: 2AutonomousSearchNumAssignedPredicatesEncountered=7031
%%%mzn-stat-end
maxleg = 361;
succ = array1d(1..50,[2, 4, 8, 5, 12, 7, 11, 6, 1, 3, 17, 13, 14, 20, 19, 9, 18, 21, 10, 23, 27, 34, 28, 16, 15, 31, 26, 35, 24, 33, 36, 25, 37, 38, 22, 29, 39, 44, 43, 42, 30, 46, 47, 45, 40, 49, 48, 32, 50, 41]);
% time elapsed: 5.56 s
----------
%%%mzn-stat: initTime=0.017103639
%%%mzn-stat: objective=357
%%%mzn-stat: nodes=20728
%%%mzn-stat: restarts=0
%%%mzn-stat: peakDepth=895
%%%mzn-stat: solveTime=1.410567438
%%%mzn-stat: variables=1572
%%%mzn-stat: propagators=2426
%%%mzn-stat: failures=6006
%%%mzn-stat: propagations=1727892
%%%mzn-stat: nogoods=6006
%%%mzn-stat: numAtomicConstraintsPropagated=0
%%%mzn-stat: circuitNumber1226PropagationsThatFoundConflict=5144
%%%mzn-stat: circuitNumber1226TotalFixedEdgesAtConflict=239052
%%%mzn-stat: circuitNumber1226NumberOfConflicts=5144
%%%mzn-stat: circuitNumber1226PropagationsThatPruned=1895
%%%mzn-stat: circuitNumber1226PropagationsTotal=15059
%%%mzn-stat: AverageConflictSize=32.83116883116883
%%%mzn-stat: NumUnitNogoodsLearned=0
%%%mzn-stat: AverageLearnedNogoodLength=36.65684315684316
%%%mzn-stat: AverageBacktrackAmount=0
%%%mzn-stat: AverageLbd=32.312354312354316
%%%mzn-stat: 2AutonomousSearchNumBackupCalled=10514
%%%mzn-stat: 2AutonomousSearchNumPredicatesRemoved=0
%%%mzn-stat: 2AutonomousSearchNumCalls=10528
%%%mzn-stat: 2AutonomousSearchNumPredicatesAdded=2992
%%%mzn-stat: 2AutonomousSearchAverageSizeOfHeap=0.7241641337386018
%%%mzn-stat: 2AutonomousSearchNumAssignedPredicatesEncountered=7624
%%%mzn-stat-end
maxleg = 357;
succ = array1d(1..50,[2, 4, 8, 5, 12, 7, 11, 6, 1, 3, 17, 14, 20, 13, 19, 9, 18, 21, 10, 23, 27, 34, 28, 16, 15, 31, 26, 35, 24, 33, 36, 25, 37, 38, 22, 29, 39, 45, 43, 42, 30, 46, 47, 40, 44, 49, 48, 32, 50, 41]);
% time elapsed: 5.56 s
----------
%%%mzn-stat: initTime=0.017103639
%%%mzn-stat: objective=356
%%%mzn-stat: nodes=21470
%%%mzn-stat: restarts=0
%%%mzn-stat: peakDepth=895
%%%mzn-stat: solveTime=1.419799803
%%%mzn-stat: variables=1572
%%%mzn-stat: propagators=2426
%%%mzn-stat: failures=6034
%%%mzn-stat: propagations=1739518
%%%mzn-stat: nogoods=6034
%%%mzn-stat: numAtomicConstraintsPropagated=0
%%%mzn-stat: circuitNumber1226PropagationsThatFoundConflict=5159
%%%mzn-stat: circuitNumber1226TotalFixedEdgesAtConflict=239749
%%%mzn-stat: circuitNumber1226NumberOfConflicts=5159
%%%mzn-stat: circuitNumber1226PropagationsThatPruned=1904
%%%mzn-stat: circuitNumber1226PropagationsTotal=15149
%%%mzn-stat: AverageConflictSize=32.7727875372887
%%%mzn-stat: NumUnitNogoodsLearned=0
%%%mzn-stat: AverageLearnedNogoodLength=36.66788200198873
%%%mzn-stat: AverageBacktrackAmount=0
%%%mzn-stat: AverageLbd=32.282068279748096
%%%mzn-stat: 2AutonomousSearchNumBackupCalled=11179
%%%mzn-stat: 2AutonomousSearchNumPredicatesRemoved=0
%%%mzn-stat: 2AutonomousSearchNumCalls=11194
%%%mzn-stat: 2AutonomousSearchNumPredicatesAdded=3367
%%%mzn-stat: 2AutonomousSearchAverageSizeOfHeap=0.7359299624799
%%%mzn-stat: 2AutonomousSearchNumAssignedPredicatesEncountered=8238
%%%mzn-stat-end
maxleg = 356;
succ = array1d(1..50,[2, 4, 8, 5, 12, 7, 11, 6, 1, 3, 17, 14, 20, 13, 19, 9, 18, 21, 10, 23, 27, 34, 28, 16, 15, 31, 26, 35, 24, 33, 36, 25, 37, 38, 22, 29, 48, 45, 32, 42, 30, 46, 39, 40, 44, 49, 43, 47, 50, 41]);
% time elapsed: 5.57 s
----------
%%%mzn-stat: initTime=0.017103639
%%%mzn-stat: objective=350
%%%mzn-stat: nodes=22181
%%%mzn-stat: restarts=0
%%%mzn-stat: peakDepth=895
%%%mzn-stat: solveTime=1.4235674569999999
%%%mzn-stat: variables=1572
%%%mzn-stat: propagators=2426
%%%mzn-stat: failures=6048
%%%mzn-stat: propagations=1747667
%%%mzn-stat: nogoods=6048
%%%mzn-stat: numAtomicConstraintsPropagated=0
%%%mzn-stat: circuitNumber1226PropagationsThatFoundConflict=5162
%%%mzn-stat: circuitNumber1226TotalFixedEdgesAtConflict=239887
%%%mzn-stat: circuitNumber1226NumberOfConflicts=5162
%%%mzn-stat: circuitNumber1226PropagationsThatPruned=1909
%%%mzn-stat: circuitNumber1226PropagationsTotal=15214
%%%mzn-stat: AverageConflictSize=32.708002645502646
%%%mzn-stat: NumUnitNogoodsLearned=0
%%%mzn-stat: AverageLearnedNogoodLength=36.604497354497354
%%%mzn-stat: AverageBacktrackAmount=0
%%%mzn-stat: AverageLbd=32.22189153439153
%%%mzn-stat: 2AutonomousSearchNumBackupCalled=11826
%%%mzn-stat: 2AutonomousSearchNumPredicatesRemoved=0
%%%mzn-stat: 2AutonomousSearchNumCalls=11842
%%%mzn-stat: 2AutonomousSearchNumPredicatesAdded=3543
%%%mzn-stat: 2AutonomousSearchAverageSizeOfHeap=0.7505488937679446
%%%mzn-stat: 2AutonomousSearchNumAssignedPredicatesEncountered=8888
%%%mzn-stat-end
maxleg = 350;
succ = array1d(1..50,[2, 4, 9, 5, 12, 7, 11, 6, 1, 3, 17, 14, 8, 13, 19, 24, 18, 21, 10, 23, 27, 34, 28, 29, 15, 31, 26, 35, 41, 16, 36, 20, 30, 38, 22, 49, 33, 45, 25, 39, 46, 48, 32, 40, 44, 42, 43, 47, 50, 37]);
% time elapsed: 5.58 s
----------
%%%mzn-stat: initTime=0.017103639
%%%mzn-stat: objective=344
%%%mzn-stat: nodes=22862
%%%mzn-stat: restarts=0
%%%mzn-stat: peakDepth=895
%%%mzn-stat: solveTime=1.426382283
%%%mzn-stat: variables=1572
%%%mzn-stat: propagators=2426
%%%mzn-stat: failures=6053
%%%mzn-stat: propagations=1753077
%%%mzn-stat: nogoods=6053
%%%mzn-stat: numAtomicConstraintsPropagated=0
%%%mzn-stat: circuitNumber1226PropagationsThatFoundConflict=5162
%%%mzn-stat: circuitNumber1226TotalFixedEdgesAtConflict=239887
%%%mzn-stat: circuitNumber1226NumberOfConflicts=5162
%%%mzn-stat: circuitNumber1226PropagationsThatPruned=1911
%%%mzn-stat: circuitNumber1226PropagationsTotal=15258
%%%mzn-stat: AverageConflictSize=32.68263670906988
%%%mzn-stat: NumUnitNogoodsLearned=0
%%%mzn-stat: AverageLearnedNogoodLength=36.58747728399141
%%%mzn-stat: AverageBacktrackAmount=0
%%%mzn-stat: AverageLbd=32.20221377829176
%%%mzn-stat: 2AutonomousSearchNumBackupCalled=12461
%%%mzn-stat: 2AutonomousSearchNumPredicatesRemoved=0
%%%mzn-stat: 2AutonomousSearchNumCalls=12478
%%%mzn-stat: 2AutonomousSearchNumPredicatesAdded=3753
%%%mzn-stat: 2AutonomousSearchAverageSizeOfHeap=0.7686327937169418
%%%mzn-stat: 2AutonomousSearchNumAssignedPredicatesEncountered=9591
%%%mzn-stat-end
maxleg = 344;
succ = array1d(1..50,[2, 4, 9, 5, 12, 7, 11, 6, 1, 3, 17, 14, 8, 13, 19, 24, 18, 21, 10, 23, 27, 34, 28, 29, 15, 31, 26, 35, 41, 16, 36, 20, 30, 38, 44, 49, 33, 40, 25, 39, 46, 48, 32, 45, 22, 42, 43, 47, 50, 37]);
% time elapsed: 5.58 s
----------
%%%mzn-stat: initTime=0.017103639
%%%mzn-stat: objective=342
%%%mzn-stat: nodes=24002
%%%mzn-stat: restarts=0
%%%mzn-stat: peakDepth=895
%%%mzn-stat: solveTime=1.532031132
%%%mzn-stat: variables=1572
%%%mzn-stat: propagators=2426
%%%mzn-stat: failures=6478
%%%mzn-stat: propagations=1906069
%%%mzn-stat: nogoods=6478
%%%mzn-stat: numAtomicConstraintsPropagated=0
%%%mzn-stat: circuitNumber1226PropagationsThatFoundConflict=5290
%%%mzn-stat: circuitNumber1226TotalFixedEdgesAtConflict=245662
%%%mzn-stat: circuitNumber1226NumberOfConflicts=5290
%%%mzn-stat: circuitNumber1226PropagationsThatPruned=2164
%%%mzn-stat: circuitNumber1226PropagationsTotal=16034
%%%mzn-stat: AverageConflictSize=32.01867860450756
%%%mzn-stat: NumUnitNogoodsLearned=0
%%%mzn-stat: AverageLearnedNogoodLength=37.787434393331274
%%%mzn-stat: AverageBacktrackAmount=0
%%%mzn-stat: AverageLbd=31.694041370793453
%%%mzn-stat: 2AutonomousSearchNumBackupCalled=13070
%%%mzn-stat: 2AutonomousSearchNumPredicatesRemoved=0
%%%mzn-stat: 2AutonomousSearchNumCalls=13088
%%%mzn-stat: 2AutonomousSearchNumPredicatesAdded=4500
%%%mzn-stat: 2AutonomousSearchAverageSizeOfHeap=0.8037133251833741
%%%mzn-stat: 2AutonomousSearchNumAssignedPredicatesEncountered=10519
%%%mzn-stat-end
maxleg = 342;
succ = array1d(1..50,[2, 4, 9, 5, 12, 7, 13, 6, 1, 3, 8, 14, 20, 22, 19, 24, 10, 11, 16, 23, 17, 34, 21, 18, 15, 27, 28, 31, 41, 33, 46, 39, 37, 35, 44, 26, 40, 48, 25, 47, 30, 50, 32, 45, 38, 49, 43, 42, 29, 36]);
% time elapsed: 5.69 s
----------
%%%mzn-stat: initTime=0.017103639
%%%mzn-stat: objective=340
%%%mzn-stat: nodes=24787
%%%mzn-stat: restarts=0
%%%mzn-stat: peakDepth=895
%%%mzn-stat: solveTime=1.573272961
%%%mzn-stat: variables=1572
%%%mzn-stat: propagators=2426
%%%mzn-stat: failures=6598
%%%mzn-stat: propagations=1953645
%%%mzn-stat: nogoods=6598
%%%mzn-stat: numAtomicConstraintsPropagated=0
%%%mzn-stat: circuitNumber1226PropagationsThatFoundConflict=5291
%%%mzn-stat: circuitNumber1226TotalFixedEdgesAtConflict=245707
%%%mzn-stat: circuitNumber1226NumberOfConflicts=5291
%%%mzn-stat: circuitNumber1226PropagationsThatPruned=2252
%%%mzn-stat: circuitNumber1226PropagationsTotal=16263
%%%mzn-stat: AverageConflictSize=31.78796605031828
%%%mzn-stat: NumUnitNogoodsLearned=0
%%%mzn-stat: AverageLearnedNogoodLength=38.393301000303126
%%%mzn-stat: AverageBacktrackAmount=0
%%%mzn-stat: AverageLbd=31.67656865716884
%%%mzn-stat: 2AutonomousSearchNumBackupCalled=13688
%%%mzn-stat: 2AutonomousSearchNumPredicatesRemoved=0
%%%mzn-stat: 2AutonomousSearchNumCalls=13707
%%%mzn-stat: 2AutonomousSearchNumPredicatesAdded=5092
%%%mzn-stat: 2AutonomousSearchAverageSizeOfHeap=0.835558473772525
%%%mzn-stat: 2AutonomousSearchNumAssignedPredicatesEncountered=11453
%%%mzn-stat-end
maxleg = 340;
succ = array1d(1..50,[4, 5, 9, 2, 12, 7, 13, 6, 1, 3, 8, 14, 20, 22, 19, 24, 10, 11, 16, 23, 17, 34, 21, 18, 15, 27, 28, 31, 41, 33, 46, 39, 37, 35, 44, 26, 40, 48, 25, 47, 30, 50, 32, 45, 38, 49, 43, 42, 29, 36]);
% time elapsed: 5.73 s
----------
%%%mzn-stat: initTime=0.017103639
%%%mzn-stat: objective=339
%%%mzn-stat: nodes=25448
%%%mzn-stat: restarts=0
%%%mzn-stat: peakDepth=895
%%%mzn-stat: solveTime=1.5757576580000001
%%%mzn-stat: variables=1572
%%%mzn-stat: propagators=2426
%%%mzn-stat: failures=6600
%%%mzn-stat: propagations=1958311
%%%mzn-stat: nogoods=6600
%%%mzn-stat: numAtomicConstraintsPropagated=0
%%%mzn-stat: circuitNumber1226PropagationsThatFoundConflict=5291
%%%mzn-stat: circuitNumber1226TotalFixedEdgesAtConflict=245707
%%%mzn-stat: circuitNumber1226NumberOfConflicts=5291
%%%mzn-stat: circuitNumber1226PropagationsThatPruned=2254
%%%mzn-stat: circuitNumber1226PropagationsTotal=16306
%%%mzn-stat: AverageConflictSize=31.778939393939392
%%%mzn-stat: NumUnitNogoodsLearned=0
%%%mzn-stat: AverageLearnedNogoodLength=38.38439393939394
%%%mzn-stat: AverageBacktrackAmount=0
%%%mzn-stat: AverageLbd=31.669090909090908
%%%mzn-stat: 2AutonomousSearchNumBackupCalled=14307
%%%mzn-stat: 2AutonomousSearchNumPredicatesRemoved=0
%%%mzn-stat: 2AutonomousSearchNumCalls=14327
%%%mzn-stat: 2AutonomousSearchNumPredicatesAdded=5150
%%%mzn-stat: 2AutonomousSearchAverageSizeOfHeap=0.8645913310532561
%%%mzn-stat: 2AutonomousSearchNumAssignedPredicatesEncountered=12387
%%%mzn-stat-end
maxleg = 339;
succ = array1d(1..50,[4, 5, 9, 2, 12, 7, 13, 6, 1, 3, 8, 14, 20, 22, 19, 24, 10, 11, 16, 23, 17, 34, 21, 29, 15, 31, 18, 27, 41, 33, 28, 39, 37, 35, 44, 26, 40, 48, 25, 42, 30, 50, 32, 45, 38, 49, 43, 47, 36, 46]);
% time elapsed: 5.74 s
----------
%%%mzn-stat: initTime=0.017103639
%%%mzn-stat: objective=338
%%%mzn-stat: nodes=26080
%%%mzn-stat: restarts=0
%%%mzn-stat: peakDepth=895
%%%mzn-stat: solveTime=1.578097143
%%%mzn-stat: variables=1572
%%%mzn-stat: propagators=2426
%%%mzn-stat: failures=6601
%%%mzn-stat: propagations=1962924
%%%mzn-stat: nogoods=6601
%%%mzn-stat: numAtomicConstraintsPropagated=0
%%%mzn-stat: circuitNumber1226PropagationsThatFoundConflict=5291
%%%mzn-stat: circuitNumber1226TotalFixedEdgesAtConflict=245707
%%%mzn-stat: circuitNumber1226NumberOfConflicts=5291
%%%mzn-stat: circuitNumber1226PropagationsThatPruned=2257
%%%mzn-stat: circuitNumber1226PropagationsTotal=16348
%%%mzn-stat: AverageConflictSize=31.774428116951977
%%%mzn-stat: NumUnitNogoodsLearned=0
%%%mzn-stat: AverageLearnedNogoodLength=38.38054840175731
%%%mzn-stat: AverageBacktrackAmount=0
%%%mzn-stat: AverageLbd=31.665505226480835
%%%mzn-stat: 2AutonomousSearchNumBackupCalled=14900
%%%mzn-stat: 2AutonomousSearchNumPredicatesRemoved=0
%%%mzn-stat: 2AutonomousSearchNumCalls=14921
%%%mzn-stat: 2AutonomousSearchNumPredicatesAdded=5196
%%%mzn-stat: 2AutonomousSearchAverageSizeOfHeap=0.8927685811942899
%%%mzn-stat: 2AutonomousSearchNumAssignedPredicatesEncountered=13321
%%%mzn-stat-end
maxleg = 338;
succ = array1d(1..50,[4, 5, 9, 2, 12, 7, 13, 6, 1, 3, 8, 14, 20, 22, 19, 24, 10, 11, 16, 23, 17, 34, 21, 29, 15, 31, 18, 27, 41, 33, 28, 39, 37, 35, 44, 26, 40, 48, 25, 42, 49, 36, 32, 45, 38, 50, 43, 47, 46, 30]);
% time elapsed: 5.74 s
----------
%%%mzn-stat: initTime=0.017103639
%%%mzn-stat: objective=337
%%%mzn-stat: nodes=26730
%%%mzn-stat: restarts=0
%%%mzn-stat: peakDepth=895
%%%mzn-stat: solveTime=1.5801890200000002
%%%mzn-stat: variables=1572
%%%mzn-stat: propagators=2426
%%%mzn-stat: failures=6601
%%%mzn-stat: propagations=1967398
%%%mzn-stat: nogoods=6601
%%%mzn-stat: numAtomicConstraintsPropagated=0
%%%mzn-stat: circuitNumber1226PropagationsThatFoundConflict=5291
%%%mzn-stat: circuitNumber1226TotalFixedEdgesAtConflict=245707
%%%mzn-stat: circuitNumber1226NumberOfConflicts=5291
%%%mzn-stat: circuitNumber1226PropagationsThatPruned=2260
%%%mzn-stat: circuitNumber1226PropagationsTotal=16389
%%%mzn-stat: AverageConflictSize=31.774428116951977
%%%mzn-stat: NumUnitNogoodsLearned=0
%%%mzn-stat: AverageLearnedNogoodLength=38.38054840175731
%%%mzn-stat: AverageBacktrackAmount=0
%%%mzn-stat: AverageLbd=31.665505226480835
%%%mzn-stat: 2AutonomousSearchNumBackupCalled=15512
%%%mzn-stat: 2AutonomousSearchNumPredicatesRemoved=0
%%%mzn-stat: 2AutonomousSearchNumCalls=15534
%%%mzn-stat: 2AutonomousSearchNumPredicatesAdded=5196
%%%mzn-stat: 2AutonomousSearchAverageSizeOfHeap=0.9176644779194026
%%%mzn-stat: 2AutonomousSearchNumAssignedPredicatesEncountered=14255
%%%mzn-stat-end
maxleg = 337;
succ = array1d(1..50,[4, 5, 9, 2, 12, 7, 13, 6, 1, 8, 17, 14, 20, 22, 19, 24, 3, 10, 16, 23, 11, 34, 21, 29, 15, 31, 18, 27, 41, 33, 28, 39, 37, 35, 44, 26, 40, 48, 25, 42, 49, 36, 32, 45, 38, 50, 43, 47, 46, 30]);
% time elapsed: 5.75 s
----------
%%%mzn-stat: initTime=0.017103639
%%%mzn-stat: objective=331
%%%mzn-stat: nodes=27563
%%%mzn-stat: restarts=0
%%%mzn-stat: peakDepth=895
%%%mzn-stat: solveTime=1.620045905
%%%mzn-stat: variables=1572
%%%mzn-stat: propagators=2426
%%%mzn-stat: failures=6781
%%%mzn-stat: propagations=2035398
%%%mzn-stat: nogoods=6781
%%%mzn-stat: numAtomicConstraintsPropagated=0
%%%mzn-stat: circuitNumber1226PropagationsThatFoundConflict=5315
%%%mzn-stat: circuitNumber1226TotalFixedEdgesAtConflict=246795
%%%mzn-stat: circuitNumber1226NumberOfConflicts=5315
%%%mzn-stat: circuitNumber1226PropagationsThatPruned=2297
%%%mzn-stat: circuitNumber1226PropagationsTotal=16668
%%%mzn-stat: AverageConflictSize=31.18433859312786
%%%mzn-stat: NumUnitNogoodsLearned=0
%%%mzn-stat: AverageLearnedNogoodLength=38.56820527945731
%%%mzn-stat: AverageBacktrackAmount=0
%%%mzn-stat: AverageLbd=31.27916236543283
%%%mzn-stat: 2AutonomousSearchNumBackupCalled=16098
%%%mzn-stat: 2AutonomousSearchNumPredicatesRemoved=0
%%%mzn-stat: 2AutonomousSearchNumCalls=16121
%%%mzn-stat: 2AutonomousSearchNumPredicatesAdded=5954
%%%mzn-stat: 2AutonomousSearchAverageSizeOfHeap=0.9506854413497922
%%%mzn-stat: 2AutonomousSearchNumAssignedPredicatesEncountered=15326
%%%mzn-stat-end
maxleg = 331;
succ = array1d(1..50,[4, 5, 9, 2, 12, 7, 13, 6, 1, 8, 17, 14, 20, 22, 25, 19, 3, 10, 18, 23, 11, 34, 21, 16, 39, 31, 28, 35, 24, 33, 42, 15, 41, 27, 44, 26, 30, 40, 43, 32, 49, 50, 47, 45, 38, 36, 48, 37, 46, 29]);
% time elapsed: 5.79 s
----------
%%%mzn-stat: initTime=0.017103639
%%%mzn-stat: objective=330
%%%mzn-stat: nodes=28477
%%%mzn-stat: restarts=0
%%%mzn-stat: peakDepth=895
%%%mzn-stat: solveTime=1.687342593
%%%mzn-stat: variables=1572
%%%mzn-stat: propagators=2426
%%%mzn-stat: failures=7011
%%%mzn-stat: propagations=2144048
%%%mzn-stat: nogoods=7011
%%%mzn-stat: numAtomicConstraintsPropagated=0
%%%mzn-stat: circuitNumber1226PropagationsThatFoundConflict=5338
%%%mzn-stat: circuitNumber1226TotalFixedEdgesAtConflict=247846
%%%mzn-stat: circuitNumber1226NumberOfConflicts=5338
%%%mzn-stat: circuitNumber1226PropagationsThatPruned=2361
%%%mzn-stat: circuitNumber1226PropagationsTotal=17103
%%%mzn-stat: AverageConflictSize=30.515190415062044
%%%mzn-stat: NumUnitNogoodsLearned=0
%%%mzn-stat: AverageLearnedNogoodLength=39.364855227499646
%%%mzn-stat: AverageBacktrackAmount=0
%%%mzn-stat: AverageLbd=30.985879332477534
%%%mzn-stat: 2AutonomousSearchNumBackupCalled=16677
%%%mzn-stat: 2AutonomousSearchNumPredicatesRemoved=0
%%%mzn-stat: 2AutonomousSearchNumCalls=16701
%%%mzn-stat: 2AutonomousSearchNumPredicatesAdded=6827
%%%mzn-stat: 2AutonomousSearchAverageSizeOfHeap=0.9864079995209868
%%%mzn-stat: 2AutonomousSearchNumAssignedPredicatesEncountered=16474
%%%mzn-stat-end
maxleg = 330;
succ = array1d(1..50,[4, 5, 9, 2, 12, 7, 13, 6, 1, 8, 17, 14, 20, 22, 25, 19, 3, 10, 18, 23, 11, 34, 21, 16, 39, 31, 28, 36, 24, 33, 46, 15, 37, 35, 44, 26, 50, 40, 43, 32, 30, 27, 47, 45, 38, 49, 48, 42, 41, 29]);
% time elapsed: 5.86 s
----------
%%%mzn-stat: initTime=0.017103639
%%%mzn-stat: objective=326
%%%mzn-stat: nodes=29079
%%%mzn-stat: restarts=0
%%%mzn-stat: peakDepth=895
%%%mzn-stat: solveTime=1.6899980289999998
%%%mzn-stat: variables=1572
%%%mzn-stat: propagators=2426
%%%mzn-stat: failures=7011
%%%mzn-stat: propagations=2148575
%%%mzn-stat: nogoods=7011
%%%mzn-stat: numAtomicConstraintsPropagated=0
%%%mzn-stat: circuitNumber1226PropagationsThatFoundConflict=5338
%%%mzn-stat: circuitNumber1226TotalFixedEdgesAtConflict=247846
%%%mzn-stat: circuitNumber1226NumberOfConflicts=5338
%%%mzn-stat: circuitNumber1226PropagationsThatPruned=2364
%%%mzn-stat: circuitNumber1226PropagationsTotal=17147
%%%mzn-stat: AverageConflictSize=30.515190415062044
%%%mzn-stat: NumUnitNogoodsLearned=0
%%%mzn-stat: AverageLearnedNogoodLength=39.364855227499646
%%%mzn-stat: AverageBacktrackAmount=0
%%%mzn-stat: AverageLbd=30.985879332477534
%%%mzn-stat: 2AutonomousSearchNumBackupCalled=17237
%%%mzn-stat: 2AutonomousSearchNumPredicatesRemoved=0
%%%mzn-stat: 2AutonomousSearchNumCalls=17262
%%%mzn-stat: 2AutonomousSearchNumPredicatesAdded=6827
%%%mzn-stat: 2AutonomousSearchAverageSizeOfHeap=1.0208550573514077
%%%mzn-stat: 2AutonomousSearchNumAssignedPredicatesEncountered=17622
%%%mzn-stat-end
maxleg = 326;
succ = array1d(1..50,[4, 5, 9, 2, 12, 7, 13, 6, 10, 8, 17, 14, 20, 22, 25, 1, 3, 11, 16, 23, 18, 34, 19, 29, 39, 31, 21, 27, 41, 24, 28, 15, 30, 35, 44, 26, 33, 40, 43, 32, 49, 36, 47, 45, 38, 50, 48, 37, 46, 42]);
% time elapsed: 5.86 s
----------
%%%mzn-stat: initTime=0.017103639
%%%mzn-stat: objective=324
%%%mzn-stat: nodes=30015
%%%mzn-stat: restarts=0
%%%mzn-stat: peakDepth=895
%%%mzn-stat: solveTime=1.7473515960000001
%%%mzn-stat: variables=1572
%%%mzn-stat: propagators=2426
%%%mzn-stat: failures=7225
%%%mzn-stat: propagations=2233711
%%%mzn-stat: nogoods=7225
%%%mzn-stat: numAtomicConstraintsPropagated=0
%%%mzn-stat: circuitNumber1226PropagationsThatFoundConflict=5350
%%%mzn-stat: circuitNumber1226TotalFixedEdgesAtConflict=248352
%%%mzn-stat: circuitNumber1226NumberOfConflicts=5350
%%%mzn-stat: circuitNumber1226PropagationsThatPruned=2457
%%%mzn-stat: circuitNumber1226PropagationsTotal=17569
%%%mzn-stat: AverageConflictSize=30.11266435986159
%%%mzn-stat: NumUnitNogoodsLearned=0
%%%mzn-stat: AverageLearnedNogoodLength=39.901868512110724
%%%mzn-stat: AverageBacktrackAmount=0
%%%mzn-stat: AverageLbd=30.681245674740484
%%%mzn-stat: 2AutonomousSearchNumBackupCalled=17803
%%%mzn-stat: 2AutonomousSearchNumPredicatesRemoved=0
%%%mzn-stat: 2AutonomousSearchNumCalls=17829
%%%mzn-stat: 2AutonomousSearchNumPredicatesAdded=7726
%%%mzn-stat: 2AutonomousSearchAverageSizeOfHeap=1.0581075775422064
%%%mzn-stat: 2AutonomousSearchNumAssignedPredicatesEncountered=18865
%%%mzn-stat-end
maxleg = 324;
succ = array1d(1..50,[4, 5, 9, 2, 12, 7, 13, 6, 10, 8, 17, 14, 20, 22, 25, 1, 3, 11, 16, 23, 18, 34, 19, 29, 39, 31, 21, 27, 41, 33, 28, 15, 24, 35, 44, 26, 30, 40, 43, 32, 49, 36, 47, 45, 38, 50, 48, 37, 46, 42]);
% time elapsed: 5.92 s
----------
%%%mzn-stat: initTime=0.017103639
%%%mzn-stat: objective=323
%%%mzn-stat: nodes=30857
%%%mzn-stat: restarts=0
%%%mzn-stat: peakDepth=895
%%%mzn-stat: solveTime=1.798400833
%%%mzn-stat: variables=1572
%%%mzn-stat: propagators=2426
%%%mzn-stat: failures=7399
%%%mzn-stat: propagations=2308915
%%%mzn-stat: nogoods=7399
%%%mzn-stat: numAtomicConstraintsPropagated=0
%%%mzn-stat: circuitNumber1226PropagationsThatFoundConflict=5367
%%%mzn-stat: circuitNumber1226TotalFixedEdgesAtConflict=249094
%%%mzn-stat: circuitNumber1226NumberOfConflicts=5367
%%%mzn-stat: circuitNumber1226PropagationsThatPruned=2520
%%%mzn-stat: circuitNumber1226PropagationsTotal=17970
%%%mzn-stat: AverageConflictSize=29.667252331396135
%%%mzn-stat: NumUnitNogoodsLearned=0
%%%mzn-stat: AverageLearnedNogoodLength=40.33909987836194
%%%mzn-stat: AverageBacktrackAmount=0
%%%mzn-stat: AverageLbd=30.48276794161373
%%%mzn-stat: 2AutonomousSearchNumBackupCalled=18359
%%%mzn-stat: 2AutonomousSearchNumPredicatesRemoved=0
%%%mzn-stat: 2AutonomousSearchNumCalls=18386
%%%mzn-stat: 2AutonomousSearchNumPredicatesAdded=8530
%%%mzn-stat: 2AutonomousSearchAverageSizeOfHeap=1.09382138583705
%%%mzn-stat: 2AutonomousSearchNumAssignedPredicatesEncountered=20111
%%%mzn-stat-end
maxleg = 323;
succ = array1d(1..50,[4, 5, 9, 2, 15, 7, 13, 6, 10, 8, 17, 14, 20, 22, 12, 1, 3, 11, 16, 23, 18, 34, 19, 29, 39, 31, 21, 27, 41, 33, 28, 40, 24, 35, 44, 26, 30, 48, 32, 37, 49, 36, 25, 45, 38, 50, 43, 47, 46, 42]);
% time elapsed: 5.97 s
----------
%%%mzn-stat: initTime=0.017103639
%%%mzn-stat: objective=317
%%%mzn-stat: nodes=31644
%%%mzn-stat: restarts=0
%%%mzn-stat: peakDepth=895
%%%mzn-stat: solveTime=1.831718286
%%%mzn-stat: variables=1572
%%%mzn-stat: propagators=2426
%%%mzn-stat: failures=7543
%%%mzn-stat: propagations=2366123
%%%mzn-stat: nogoods=7543
%%%mzn-stat: numAtomicConstraintsPropagated=0
%%%mzn-stat: circuitNumber1226PropagationsThatFoundConflict=5474
%%%mzn-stat: circuitNumber1226TotalFixedEdgesAtConflict=254111
%%%mzn-stat: circuitNumber1226NumberOfConflicts=5474
%%%mzn-stat: circuitNumber1226PropagationsThatPruned=2597
%%%mzn-stat: circuitNumber1226PropagationsTotal=18349
%%%mzn-stat: AverageConflictSize=29.39360996950815
%%%mzn-stat: NumUnitNogoodsLearned=0
%%%mzn-stat: AverageLearnedNogoodLength=40.37253082327986
%%%mzn-stat: AverageBacktrackAmount=0
%%%mzn-stat: AverageLbd=30.220336736046665
%%%mzn-stat: 2AutonomousSearchNumBackupCalled=18897
%%%mzn-stat: 2AutonomousSearchNumPredicatesRemoved=0
%%%mzn-stat: 2AutonomousSearchNumCalls=18925
%%%mzn-stat: 2AutonomousSearchNumPredicatesAdded=9188
%%%mzn-stat: 2AutonomousSearchAverageSizeOfHeap=1.1287714663143988
%%%mzn-stat: 2AutonomousSearchNumAssignedPredicatesEncountered=21362
%%%mzn-stat-end
maxleg = 317;
succ = array1d(1..50,[16, 4, 9, 5, 15, 7, 13, 6, 10, 8, 17, 14, 20, 22, 12, 19, 3, 11, 18, 23, 27, 34, 21, 1, 2, 31, 28, 36, 24, 33, 46, 39, 41, 35, 44, 26, 30, 40, 25, 37, 49, 48, 32, 45, 38, 50, 43, 47, 29, 42]);
% time elapsed: 6.01 s
----------
%%%mzn-stat: initTime=0.017103639
%%%mzn-stat: objective=312
%%%mzn-stat: nodes=32226
%%%mzn-stat: restarts=0
%%%mzn-stat: peakDepth=895
%%%mzn-stat: solveTime=1.840194237
%%%mzn-stat: variables=1572
%%%mzn-stat: propagators=2426
%%%mzn-stat: failures=7556
%%%mzn-stat: propagations=2376259
%%%mzn-stat: nogoods=7556
%%%mzn-stat: numAtomicConstraintsPropagated=0
%%%mzn-stat: circuitNumber1226PropagationsThatFoundConflict=5476
%%%mzn-stat: circuitNumber1226TotalFixedEdgesAtConflict=254202
%%%mzn-stat: circuitNumber1226NumberOfConflicts=5476
%%%mzn-stat: circuitNumber1226PropagationsThatPruned=2603
%%%mzn-stat: circuitNumber1226PropagationsTotal=18407
%%%mzn-stat: AverageConflictSize=29.36553732133404
%%%mzn-stat: NumUnitNogoodsLearned=0
%%%mzn-stat: AverageLearnedNogoodLength=40.429592376919004
%%%mzn-stat: AverageBacktrackAmount=0
%%%mzn-stat: AverageLbd=30.221942826892537
%%%mzn-stat: 2AutonomousSearchNumBackupCalled=19424
%%%mzn-stat: 2AutonomousSearchNumPredicatesRemoved=0
%%%mzn-stat: 2AutonomousSearchNumCalls=19453
%%%mzn-stat: 2AutonomousSearchNumPredicatesAdded=9623
%%%mzn-stat: 2AutonomousSearchAverageSizeOfHeap=1.162494216830309
%%%mzn-stat: 2AutonomousSearchNumAssignedPredicatesEncountered=22614
%%%mzn-stat-end
maxleg = 312;
succ = array1d(1..50,[16, 4, 9, 5, 15, 7, 13, 6, 10, 8, 17, 14, 20, 22, 12, 19, 3, 11, 21, 23, 18, 34, 27, 1, 2, 31, 28, 36, 24, 33, 46, 39, 41, 35, 44, 26, 30, 40, 25, 37, 49, 48, 32, 45, 38, 50, 43, 47, 29, 42]);
% time elapsed: 6.02 s
----------
%%%mzn-stat: initTime=0.017103639
%%%mzn-stat: objective=311
%%%mzn-stat: nodes=32776
%%%mzn-stat: restarts=0
%%%mzn-stat: peakDepth=895
%%%mzn-stat: solveTime=1.843181477
%%%mzn-stat: variables=1572
%%%mzn-stat: propagators=2426
%%%mzn-stat: failures=7556
%%%mzn-stat: propagations=2380780
%%%mzn-stat: nogoods=7556
%%%mzn-stat: numAtomicConstraintsPropagated=0
%%%mzn-stat: circuitNumber1226PropagationsThatFoundConflict=5476
%%%mzn-stat: circuitNumber1226TotalFixedEdgesAtConflict=254202
%%%mzn-stat: circuitNumber1226NumberOfConflicts=5476
%%%mzn-stat: circuitNumber1226PropagationsThatPruned=2606
%%%mzn-stat: circuitNumber1226PropagationsTotal=18448
%%%mzn-stat: AverageConflictSize=29.36553732133404
%%%mzn-stat: NumUnitNogoodsLearned=0
%%%mzn-stat: AverageLearnedNogoodLength=40.429592376919004
%%%mzn-stat: AverageBacktrackAmount=0
%%%mzn-stat: AverageLbd=30.221942826892537
%%%mzn-stat: 2AutonomousSearchNumBackupCalled=19937
%%%mzn-stat: 2AutonomousSearchNumPredicatesRemoved=0
%%%mzn-stat: 2AutonomousSearchNumCalls=19967
%%%mzn-stat: 2AutonomousSearchNumPredicatesAdded=9623
%%%mzn-stat: 2AutonomousSearchAverageSizeOfHeap=1.1952721991285622
%%%mzn-stat: 2AutonomousSearchNumAssignedPredicatesEncountered=23866
%%%mzn-stat-end
maxleg = 311;
succ = array1d(1..50,[16, 4, 9, 5, 15, 7, 13, 6, 10, 8, 17, 14, 20, 22, 12, 19, 3, 11, 21, 23, 18, 34, 27, 1, 2, 31, 28, 36, 24, 33, 46, 39, 41, 35, 44, 26, 30, 48, 25, 47, 49, 40, 32, 45, 38, 50, 43, 37, 29, 42]);
% time elapsed: 6.03 s
----------
%%%mzn-stat: initTime=0.017103639
%%%mzn-stat: objective=310
%%%mzn-stat: nodes=33330
%%%mzn-stat: restarts=0
%%%mzn-stat: peakDepth=895
%%%mzn-stat: solveTime=1.84853489
%%%mzn-stat: variables=1572
%%%mzn-stat: propagators=2426
%%%mzn-stat: failures=7564
%%%mzn-stat: propagations=2389138
%%%mzn-stat: nogoods=7564
%%%mzn-stat: numAtomicConstraintsPropagated=0
%%%mzn-stat: circuitNumber1226PropagationsThatFoundConflict=5477
%%%mzn-stat: circuitNumber1226TotalFixedEdgesAtConflict=254237
%%%mzn-stat: circuitNumber1226NumberOfConflicts=5477
%%%mzn-stat: circuitNumber1226PropagationsThatPruned=2618
%%%mzn-stat: circuitNumber1226PropagationsTotal=18502
%%%mzn-stat: AverageConflictSize=29.348757271285034
%%%mzn-stat: NumUnitNogoodsLearned=0
%%%mzn-stat: AverageLearnedNogoodLength=40.46020624008461
%%%mzn-stat: AverageBacktrackAmount=0
%%%mzn-stat: AverageLbd=30.21311475409836
%%%mzn-stat: 2AutonomousSearchNumBackupCalled=20447
%%%mzn-stat: 2AutonomousSearchNumPredicatesRemoved=0
%%%mzn-stat: 2AutonomousSearchNumCalls=20478
%%%mzn-stat: 2AutonomousSearchNumPredicatesAdded=10154
%%%mzn-stat: 2AutonomousSearchAverageSizeOfHeap=1.2295634339290946
%%%mzn-stat: 2AutonomousSearchNumAssignedPredicatesEncountered=25179
%%%mzn-stat-end
maxleg = 310;
succ = array1d(1..50,[16, 4, 9, 5, 15, 7, 13, 6, 10, 8, 17, 14, 20, 22, 12, 19, 3, 11, 21, 23, 18, 34, 27, 1, 2, 31, 28, 36, 41, 24, 42, 39, 30, 35, 44, 26, 50, 48, 25, 47, 33, 40, 32, 45, 38, 49, 43, 37, 29, 46]);
% time elapsed: 6.05 s
----------
%%%mzn-stat: initTime=0.017103639
%%%mzn-stat: objective=309
%%%mzn-stat: nodes=33856
%%%mzn-stat: restarts=0
%%%mzn-stat: peakDepth=895
%%%mzn-stat: solveTime=1.851261515
%%%mzn-stat: variables=1572
%%%mzn-stat: propagators=2426
%%%mzn-stat: failures=7564
%%%mzn-stat: propagations=2393657
%%%mzn-stat: nogoods=7564
%%%mzn-stat: numAtomicConstraintsPropagated=0
%%%mzn-stat: circuitNumber1226PropagationsThatFoundConflict=5477
%%%mzn-stat: circuitNumber1226TotalFixedEdgesAtConflict=254237
%%%mzn-stat: circuitNumber1226NumberOfConflicts=5477
%%%mzn-stat: circuitNumber1226PropagationsThatPruned=2621
%%%mzn-stat: circuitNumber1226PropagationsTotal=18539
%%%mzn-stat: AverageConflictSize=29.348757271285034
%%%mzn-stat: NumUnitNogoodsLearned=0
%%%mzn-stat: AverageLearnedNogoodLength=40.46020624008461
%%%mzn-stat: AverageBacktrackAmount=0
%%%mzn-stat: AverageLbd=30.21311475409836
%%%mzn-stat: 2AutonomousSearchNumBackupCalled=20939
%%%mzn-stat: 2AutonomousSearchNumPredicatesRemoved=0
%%%mzn-stat: 2AutonomousSearchNumCalls=20971
%%%mzn-stat: 2AutonomousSearchNumPredicatesAdded=10154
%%%mzn-stat: 2AutonomousSearchAverageSizeOfHeap=1.2632683229221306
%%%mzn-stat: 2AutonomousSearchNumAssignedPredicatesEncountered=26492
%%%mzn-stat-end
maxleg = 309;
succ = array1d(1..50,[16, 4, 9, 5, 15, 7, 13, 6, 10, 8, 17, 14, 20, 22, 12, 19, 3, 11, 21, 23, 18, 34, 27, 1, 2, 31, 28, 36, 41, 24, 42, 39, 30, 35, 44, 26, 50, 48, 43, 47, 33, 40, 25, 45, 38, 49, 32, 37, 29, 46]);
% time elapsed: 6.05 s
----------
%%%mzn-stat: initTime=0.017103639
%%%mzn-stat: objective=308
%%%mzn-stat: nodes=35367
%%%mzn-stat: restarts=0
%%%mzn-stat: peakDepth=895
%%%mzn-stat: solveTime=2.098471149
%%%mzn-stat: variables=1572
%%%mzn-stat: propagators=2426
%%%mzn-stat: failures=8428
%%%mzn-stat: propagations=2697465
%%%mzn-stat: nogoods=8428
%%%mzn-stat: numAtomicConstraintsPropagated=0
%%%mzn-stat: circuitNumber1226PropagationsThatFoundConflict=5702
%%%mzn-stat: circuitNumber1226TotalFixedEdgesAtConflict=263796
%%%mzn-stat: circuitNumber1226NumberOfConflicts=5702
%%%mzn-stat: circuitNumber1226PropagationsThatPruned=2971
%%%mzn-stat: circuitNumber1226PropagationsTotal=19867
%%%mzn-stat: AverageConflictSize=28.311461794019934
%%%mzn-stat: NumUnitNogoodsLearned=0
%%%mzn-stat: AverageLearnedNogoodLength=42.53879924062648
%%%mzn-stat: AverageBacktrackAmount=0
%%%mzn-stat: AverageLbd=29.398908400569532
%%%mzn-stat: 2AutonomousSearchNumBackupCalled=21437
%%%mzn-stat: 2AutonomousSearchNumPredicatesRemoved=0
%%%mzn-stat: 2AutonomousSearchNumCalls=21470
%%%mzn-stat: 2AutonomousSearchNumPredicatesAdded=11256
%%%mzn-stat: 2AutonomousSearchAverageSizeOfHeap=1.3024219841639497
%%%mzn-stat: 2AutonomousSearchNumAssignedPredicatesEncountered=27963
%%%mzn-stat-end
maxleg = 308;
succ = array1d(1..50,[16, 4, 9, 5, 15, 7, 13, 6, 10, 8, 17, 14, 20, 32, 12, 19, 3, 11, 21, 23, 18, 34, 27, 1, 2, 31, 36, 37, 41, 24, 42, 47, 30, 28, 22, 26, 50, 44, 43, 39, 33, 40, 25, 45, 35, 49, 48, 38, 29, 46]);
% time elapsed: 6.29 s
----------
%%%mzn-stat: initTime=0.017103639
%%%mzn-stat: objective=299
%%%mzn-stat: nodes=36097
%%%mzn-stat: restarts=0
%%%mzn-stat: peakDepth=895
%%%mzn-stat: solveTime=2.158272203
%%%mzn-stat: variables=1572
%%%mzn-stat: propagators=2426
%%%mzn-stat: failures=8613
%%%mzn-stat: propagations=2778801
%%%mzn-stat: nogoods=8613
%%%mzn-stat: numAtomicConstraintsPropagated=0
%%%mzn-stat: circuitNumber1226PropagationsThatFoundConflict=5766
%%%mzn-stat: circuitNumber1226TotalFixedEdgesAtConflict=266536
%%%mzn-stat: circuitNumber1226NumberOfConflicts=5766
%%%mzn-stat: circuitNumber1226PropagationsThatPruned=3044
%%%mzn-stat: circuitNumber1226PropagationsTotal=20159
%%%mzn-stat: AverageConflictSize=28.0524788110995
%%%mzn-stat: NumUnitNogoodsLearned=0
%%%mzn-stat: AverageLearnedNogoodLength=43.08162080575874
%%%mzn-stat: AverageBacktrackAmount=0
%%%mzn-stat: AverageLbd=29.274701033321723
%%%mzn-stat: 2AutonomousSearchNumBackupCalled=21933
%%%mzn-stat: 2AutonomousSearchNumPredicatesRemoved=0
%%%mzn-stat: 2AutonomousSearchNumCalls=21967
%%%mzn-stat: 2AutonomousSearchNumPredicatesAdded=12092
%%%mzn-stat: 2AutonomousSearchAverageSizeOfHeap=1.3404652433195248
%%%mzn-stat: 2AutonomousSearchNumAssignedPredicatesEncountered=29446
%%%mzn-stat-end
maxleg = 299;
succ = array1d(1..50,[16, 4, 9, 5, 15, 7, 13, 6, 10, 8, 17, 14, 20, 32, 12, 19, 3, 11, 21, 23, 18, 34, 27, 1, 2, 31, 36, 50, 41, 24, 42, 40, 30, 28, 22, 26, 48, 44, 43, 38, 33, 37, 25, 45, 35, 49, 39, 47, 29, 46]);
% time elapsed: 6.36 s
----------
%%%mzn-stat: initTime=0.017103639
%%%mzn-stat: objective=296
%%%mzn-stat: nodes=36627
%%%mzn-stat: restarts=0
%%%mzn-stat: peakDepth=895
%%%mzn-stat: solveTime=2.162183544
%%%mzn-stat: variables=1572
%%%mzn-stat: propagators=2426
%%%mzn-stat: failures=8619
%%%mzn-stat: propagations=2785107
%%%mzn-stat: nogoods=8619
%%%mzn-stat: numAtomicConstraintsPropagated=0
%%%mzn-stat: circuitNumber1226PropagationsThatFoundConflict=5766
%%%mzn-stat: circuitNumber1226TotalFixedEdgesAtConflict=266536
%%%mzn-stat: circuitNumber1226NumberOfConflicts=5766
%%%mzn-stat: circuitNumber1226PropagationsThatPruned=3045
%%%mzn-stat: circuitNumber1226PropagationsTotal=20204
%%%mzn-stat: AverageConflictSize=28.041304095602737
%%%mzn-stat: NumUnitNogoodsLearned=0
%%%mzn-stat: AverageLearnedNogoodLength=43.07437057663302
%%%mzn-stat: AverageBacktrackAmount=0
%%%mzn-stat: AverageLbd=29.263255598097228
%%%mzn-stat: 2AutonomousSearchNumBackupCalled=22416
%%%mzn-stat: 2AutonomousSearchNumPredicatesRemoved=0
%%%mzn-stat: 2AutonomousSearchNumCalls=22451
%%%mzn-stat: 2AutonomousSearchNumPredicatesAdded=12355
%%%mzn-stat: 2AutonomousSearchAverageSizeOfHeap=1.3776223776223777
%%%mzn-stat: 2AutonomousSearchNumAssignedPredicatesEncountered=30929
%%%mzn-stat-end
maxleg = 296;
succ = array1d(1..50,[16, 4, 9, 5, 15, 7, 13, 6, 10, 8, 17, 14, 20, 32, 12, 19, 3, 11, 21, 23, 18, 34, 27, 1, 2, 31, 36, 50, 41, 24, 42, 47, 30, 28, 22, 26, 48, 44, 43, 38, 33, 37, 25, 45, 35, 49, 40, 39, 29, 46]);
% time elapsed: 6.37 s
----------
%%%mzn-stat: initTime=0.017103639
%%%mzn-stat: objective=295
%%%mzn-stat: nodes=37171
%%%mzn-stat: restarts=0
%%%mzn-stat: peakDepth=895
%%%mzn-stat: solveTime=2.172285599
%%%mzn-stat: variables=1572
%%%mzn-stat: propagators=2426
%%%mzn-stat: failures=8643
%%%mzn-stat: propagations=2798865
%%%mzn-stat: nogoods=8643
%%%mzn-stat: numAtomicConstraintsPropagated=0
%%%mzn-stat: circuitNumber1226PropagationsThatFoundConflict=5775
%%%mzn-stat: circuitNumber1226TotalFixedEdgesAtConflict=266886
%%%mzn-stat: circuitNumber1226NumberOfConflicts=5775
%%%mzn-stat: circuitNumber1226PropagationsThatPruned=3050
%%%mzn-stat: circuitNumber1226PropagationsTotal=20265
%%%mzn-stat: AverageConflictSize=27.99421497165336
%%%mzn-stat: NumUnitNogoodsLearned=0
%%%mzn-stat: AverageLearnedNogoodLength=43.159319680666435
%%%mzn-stat: AverageBacktrackAmount=0
%%%mzn-stat: AverageLbd=29.238343167881524
%%%mzn-stat: 2AutonomousSearchNumBackupCalled=22899
%%%mzn-stat: 2AutonomousSearchNumPredicatesRemoved=0
%%%mzn-stat: 2AutonomousSearchNumCalls=22935
%%%mzn-stat: 2AutonomousSearchNumPredicatesAdded=13103
%%%mzn-stat: 2AutonomousSearchAverageSizeOfHeap=1.4132548506649225
%%%mzn-stat: 2AutonomousSearchNumAssignedPredicatesEncountered=32413
%%%mzn-stat-end
maxleg = 295;
succ = array1d(1..50,[16, 4, 9, 5, 15, 7, 13, 6, 10, 8, 17, 14, 20, 32, 12, 19, 3, 11, 21, 23, 18, 34, 27, 1, 2, 31, 42, 36, 41, 24, 46, 47, 30, 28, 22, 26, 48, 44, 43, 38, 33, 50, 25, 45, 35, 49, 40, 39, 29, 37]);
% time elapsed: 6.38 s
----------
%%%mzn-stat: initTime=0.017103639
%%%mzn-stat: objective=294
%%%mzn-stat: nodes=37772
%%%mzn-stat: restarts=0
%%%mzn-stat: peakDepth=895
%%%mzn-stat: solveTime=2.211261006
%%%mzn-stat: variables=1572
%%%mzn-stat: propagators=2426
%%%mzn-stat: failures=8737
%%%mzn-stat: propagations=2853994
%%%mzn-stat: nogoods=8737
%%%mzn-stat: numAtomicConstraintsPropagated=0
%%%mzn-stat: circuitNumber1226PropagationsThatFoundConflict=5829
%%%mzn-stat: circuitNumber1226TotalFixedEdgesAtConflict=269097
%%%mzn-stat: circuitNumber1226NumberOfConflicts=5829
%%%mzn-stat: circuitNumber1226PropagationsThatPruned=3104
%%%mzn-stat: circuitNumber1226PropagationsTotal=20476
%%%mzn-stat: AverageConflictSize=27.944946778070275
%%%mzn-stat: NumUnitNogoodsLearned=0
%%%mzn-stat: AverageLearnedNogoodLength=43.66395788027927
%%%mzn-stat: AverageBacktrackAmount=0
%%%mzn-stat: AverageLbd=29.20922513448552
%%%mzn-stat: 2AutonomousSearchNumBackupCalled=23365
%%%mzn-stat: 2AutonomousSearchNumPredicatesRemoved=0
%%%mzn-stat: 2AutonomousSearchNumCalls=23402
%%%mzn-stat: 2AutonomousSearchNumPredicatesAdded=13895
%%%mzn-stat: 2AutonomousSearchAverageSizeOfHeap=1.4485086744722673
%%%mzn-stat: 2AutonomousSearchNumAssignedPredicatesEncountered=33898
%%%mzn-stat-end
maxleg = 294;
succ = array1d(1..50,[16, 4, 9, 5, 15, 7, 13, 6, 18, 8, 17, 14, 20, 32, 12, 19, 3, 10, 21, 23, 11, 34, 27, 1, 2, 31, 42, 36, 41, 24, 46, 47, 30, 28, 22, 26, 48, 44, 43, 38, 33, 50, 25, 45, 35, 49, 40, 39, 29, 37]);
% time elapsed: 6.42 s
----------
%%%mzn-stat: initTime=0.017103639
%%%mzn-stat: objective=292
%%%mzn-stat: nodes=38722
%%%mzn-stat: restarts=0
%%%mzn-stat: peakDepth=895
%%%mzn-stat: solveTime=2.318952127
%%%mzn-stat: variables=1572
%%%mzn-stat: propagators=2426
%%%mzn-stat: failures=9106
%%%mzn-stat: propagations=3018596
%%%mzn-stat: nogoods=9106
%%%mzn-stat: numAtomicConstraintsPropagated=0
%%%mzn-stat: circuitNumber1226PropagationsThatFoundConflict=5850
%%%mzn-stat: circuitNumber1226TotalFixedEdgesAtConflict=269912
%%%mzn-stat: circuitNumber1226NumberOfConflicts=5850
%%%mzn-stat: circuitNumber1226PropagationsThatPruned=3257
%%%mzn-stat: circuitNumber1226PropagationsTotal=21010
%%%mzn-stat: AverageConflictSize=27.199868218756862
%%%mzn-stat: NumUnitNogoodsLearned=0
%%%mzn-stat: AverageLearnedNogoodLength=45.123654733142985
%%%mzn-stat: AverageBacktrackAmount=0
%%%mzn-stat: AverageLbd=28.752031627498354
%%%mzn-stat: 2AutonomousSearchNumBackupCalled=23829
%%%mzn-stat: 2AutonomousSearchNumPredicatesRemoved=0
%%%mzn-stat: 2AutonomousSearchNumCalls=23867
%%%mzn-stat: 2AutonomousSearchNumPredicatesAdded=15478
%%%mzn-stat: 2AutonomousSearchAverageSizeOfHeap=1.5103699668999035
%%%mzn-stat: 2AutonomousSearchNumAssignedPredicatesEncountered=36048
%%%mzn-stat-end
maxleg = 292;
succ = array1d(1..50,[16, 4, 9, 5, 15, 7, 13, 6, 18, 8, 17, 14, 20, 32, 12, 19, 3, 10, 21, 23, 27, 34, 37, 1, 2, 11, 31, 36, 41, 24, 26, 47, 30, 28, 22, 42, 48, 44, 43, 38, 33, 50, 25, 45, 35, 49, 40, 39, 29, 46]);
% time elapsed: 6.53 s
----------
%%%mzn-stat: initTime=0.017103639
%%%mzn-stat: objective=287
%%%mzn-stat: nodes=39356
%%%mzn-stat: restarts=0
%%%mzn-stat: peakDepth=895
%%%mzn-stat: solveTime=2.354701491
%%%mzn-stat: variables=1572
%%%mzn-stat: propagators=2426
%%%mzn-stat: failures=9221
%%%mzn-stat: propagations=3074086
%%%mzn-stat: nogoods=9221
%%%mzn-stat: numAtomicConstraintsPropagated=0
%%%mzn-stat: circuitNumber1226PropagationsThatFoundConflict=5865
%%%mzn-stat: circuitNumber1226TotalFixedEdgesAtConflict=270530
%%%mzn-stat: circuitNumber1226NumberOfConflicts=5865
%%%mzn-stat: circuitNumber1226PropagationsThatPruned=3306
%%%mzn-stat: circuitNumber1226PropagationsTotal=21243
%%%mzn-stat: AverageConflictSize=27.000759136753064
%%%mzn-stat: NumUnitNogoodsLearned=0
%%%mzn-stat: AverageLearnedNogoodLength=45.47446047066479
%%%mzn-stat: AverageBacktrackAmount=0
%%%mzn-stat: AverageLbd=28.601561652749158
%%%mzn-stat: 2AutonomousSearchNumBackupCalled=24278
%%%mzn-stat: 2AutonomousSearchNumPredicatesRemoved=0
%%%mzn-stat: 2AutonomousSearchNumCalls=24317
%%%mzn-stat: 2AutonomousSearchNumPredicatesAdded=16955
%%%mzn-stat: 2AutonomousSearchAverageSizeOfHeap=1.5715754410494716
%%%mzn-stat: 2AutonomousSearchNumAssignedPredicatesEncountered=38216
%%%mzn-stat-end
maxleg = 287;
succ = array1d(1..50,[16, 4, 9, 5, 15, 7, 13, 6, 18, 8, 17, 32, 14, 20, 12, 19, 3, 10, 21, 23, 27, 34, 37, 1, 2, 11, 31, 36, 41, 24, 26, 47, 30, 28, 22, 42, 48, 44, 43, 38, 33, 50, 25, 45, 35, 49, 40, 39, 29, 46]);
% time elapsed: 6.57 s
----------
%%%mzn-stat: initTime=0.017103639
%%%mzn-stat: objective=284
%%%mzn-stat: nodes=45468
%%%mzn-stat: restarts=0
%%%mzn-stat: peakDepth=895
%%%mzn-stat: solveTime=3.953292945
%%%mzn-stat: variables=1572
%%%mzn-stat: propagators=2426
%%%mzn-stat: failures=13759
%%%mzn-stat: propagations=4618309
%%%mzn-stat: nogoods=13759
%%%mzn-stat: numAtomicConstraintsPropagated=0
%%%mzn-stat: circuitNumber1226PropagationsThatFoundConflict=6254
%%%mzn-stat: circuitNumber1226TotalFixedEdgesAtConflict=285747
%%%mzn-stat: circuitNumber1226NumberOfConflicts=6254
%%%mzn-stat: circuitNumber1226PropagationsThatPruned=4773
%%%mzn-stat: circuitNumber1226PropagationsTotal=27470
%%%mzn-stat: AverageConflictSize=27.657605930663564
%%%mzn-stat: NumUnitNogoodsLearned=0
%%%mzn-stat: AverageLearnedNogoodLength=66.1406352205829
%%%mzn-stat: AverageBacktrackAmount=0
%%%mzn-stat: AverageLbd=25.46391452867214
%%%mzn-stat: 2AutonomousSearchNumBackupCalled=24720
%%%mzn-stat: 2AutonomousSearchNumPredicatesRemoved=0
%%%mzn-stat: 2AutonomousSearchNumCalls=24760
%%%mzn-stat: 2AutonomousSearchNumPredicatesAdded=19074
%%%mzn-stat: 2AutonomousSearchAverageSizeOfHeap=1.6453150242326333
%%%mzn-stat: 2AutonomousSearchNumAssignedPredicatesEncountered=40738
%%%mzn-stat-end
maxleg = 284;
succ = array1d(1..50,[16, 4, 9, 5, 15, 7, 13, 6, 18, 8, 17, 32, 14, 20, 12, 19, 3, 10, 21, 34, 23, 35, 27, 1, 2, 11, 28, 31, 41, 24, 26, 48, 30, 22, 44, 46, 42, 40, 43, 47, 33, 50, 25, 45, 38, 49, 39, 37, 29, 36]);
% time elapsed: 8.17 s
----------
%%%mzn-stat: initTime=0.017103639
%%%mzn-stat: objective=282
%%%mzn-stat: nodes=45932
%%%mzn-stat: restarts=0
%%%mzn-stat: peakDepth=895
%%%mzn-stat: solveTime=3.957269884
%%%mzn-stat: variables=1572
%%%mzn-stat: propagators=2426
%%%mzn-stat: failures=13760
%%%mzn-stat: propagations=4623086
%%%mzn-stat: nogoods=13760
%%%mzn-stat: numAtomicConstraintsPropagated=0
%%%mzn-stat: circuitNumber1226PropagationsThatFoundConflict=6254
%%%mzn-stat: circuitNumber1226TotalFixedEdgesAtConflict=285747
%%%mzn-stat: circuitNumber1226NumberOfConflicts=6254
%%%mzn-stat: circuitNumber1226PropagationsThatPruned=4774
%%%mzn-stat: circuitNumber1226PropagationsTotal=27504
%%%mzn-stat: AverageConflictSize=27.65574127906977
%%%mzn-stat: NumUnitNogoodsLearned=0
%%%mzn-stat: AverageLearnedNogoodLength=66.13793604651163
%%%mzn-stat: AverageBacktrackAmount=0
%%%mzn-stat: AverageLbd=25.46264534883721
%%%mzn-stat: 2AutonomousSearchNumBackupCalled=25149
%%%mzn-stat: 2AutonomousSearchNumPredicatesRemoved=0
%%%mzn-stat: 2AutonomousSearchNumCalls=25190
%%%mzn-stat: 2AutonomousSearchNumPredicatesAdded=19139
%%%mzn-stat: 2AutonomousSearchAverageSizeOfHeap=1.7173481540293767
%%%mzn-stat: 2AutonomousSearchNumAssignedPredicatesEncountered=43260
%%%mzn-stat-end
maxleg = 282;
succ = array1d(1..50,[16, 4, 9, 5, 15, 7, 13, 6, 18, 8, 17, 32, 14, 20, 12, 19, 3, 10, 21, 34, 23, 35, 27, 1, 2, 11, 28, 36, 41, 24, 26, 48, 30, 22, 44, 31, 42, 40, 43, 47, 33, 50, 25, 45, 38, 49, 39, 37, 29, 46]);
% time elapsed: 8.18 s
----------
%%%mzn-stat: initTime=0.017103639
%%%mzn-stat: objective=277
%%%mzn-stat: nodes=49818
%%%mzn-stat: restarts=0
%%%mzn-stat: peakDepth=895
%%%mzn-stat: solveTime=5.343339626
%%%mzn-stat: variables=1572
%%%mzn-stat: propagators=2426
%%%mzn-stat: failures=16666
%%%mzn-stat: propagations=5866477
%%%mzn-stat: nogoods=16666
%%%mzn-stat: numAtomicConstraintsPropagated=0
%%%mzn-stat: circuitNumber1226PropagationsThatFoundConflict=6314
%%%mzn-stat: circuitNumber1226TotalFixedEdgesAtConflict=287676
%%%mzn-stat: circuitNumber1226NumberOfConflicts=6314
%%%mzn-stat: circuitNumber1226PropagationsThatPruned=5331
%%%mzn-stat: circuitNumber1226PropagationsTotal=31156
%%%mzn-stat: AverageConflictSize=27.45571822872915
%%%mzn-stat: NumUnitNogoodsLearned=0
%%%mzn-stat: AverageLearnedNogoodLength=79.7686907476299
%%%mzn-stat: AverageBacktrackAmount=0
%%%mzn-stat: AverageLbd=24.795391815672627
%%%mzn-stat: 2AutonomousSearchNumBackupCalled=25558
%%%mzn-stat: 2AutonomousSearchNumPredicatesRemoved=0
%%%mzn-stat: 2AutonomousSearchNumCalls=25600
%%%mzn-stat: 2AutonomousSearchNumPredicatesAdded=20978
%%%mzn-stat: 2AutonomousSearchAverageSizeOfHeap=1.796875
%%%mzn-stat: 2AutonomousSearchNumAssignedPredicatesEncountered=46000
%%%mzn-stat-end
maxleg = 277;
succ = array1d(1..50,[16, 4, 9, 5, 15, 7, 13, 6, 18, 8, 17, 32, 14, 20, 12, 19, 10, 21, 24, 34, 23, 35, 27, 29, 2, 11, 28, 36, 46, 33, 26, 48, 41, 22, 44, 42, 30, 40, 43, 47, 1, 50, 25, 45, 38, 49, 39, 37, 3, 31]);
% time elapsed: 9.57 s
----------
%%%mzn-stat: initTime=0.017103639
%%%mzn-stat: objective=263
%%%mzn-stat: nodes=55523
%%%mzn-stat: restarts=0
%%%mzn-stat: peakDepth=895
%%%mzn-stat: solveTime=7.782727749
%%%mzn-stat: variables=1572
%%%mzn-stat: propagators=2426
%%%mzn-stat: failures=21319
%%%mzn-stat: propagations=7732485
%%%mzn-stat: nogoods=21319
%%%mzn-stat: numAtomicConstraintsPropagated=0
%%%mzn-stat: circuitNumber1226PropagationsThatFoundConflict=6391
%%%mzn-stat: circuitNumber1226TotalFixedEdgesAtConflict=290282
%%%mzn-stat: circuitNumber1226NumberOfConflicts=6391
%%%mzn-stat: circuitNumber1226PropagationsThatPruned=6098
%%%mzn-stat: circuitNumber1226PropagationsTotal=36528
%%%mzn-stat: AverageConflictSize=28.798536516722173
%%%mzn-stat: NumUnitNogoodsLearned=0
%%%mzn-stat: AverageLearnedNogoodLength=92.99770158074956
%%%mzn-stat: AverageBacktrackAmount=0
%%%mzn-stat: AverageLbd=24.21910033303626
%%%mzn-stat: 2AutonomousSearchNumBackupCalled=25935
%%%mzn-stat: 2AutonomousSearchNumPredicatesRemoved=0
%%%mzn-stat: 2AutonomousSearchNumCalls=25978
%%%mzn-stat: 2AutonomousSearchNumPredicatesAdded=22895
%%%mzn-stat: 2AutonomousSearchAverageSizeOfHeap=1.877049811378859
%%%mzn-stat: 2AutonomousSearchNumAssignedPredicatesEncountered=48762
%%%mzn-stat-end
maxleg = 263;
succ = array1d(1..50,[16, 4, 18, 5, 15, 7, 13, 6, 24, 8, 17, 32, 14, 20, 12, 9, 10, 21, 1, 34, 19, 35, 27, 29, 2, 11, 28, 50, 41, 37, 26, 48, 30, 22, 44, 31, 42, 40, 43, 47, 33, 36, 25, 45, 38, 49, 39, 23, 3, 46]);
% time elapsed: 12.01 s
----------
%%%mzn-stat: initTime=0.017103639
%%%mzn-stat: objective=262
%%%mzn-stat: nodes=56765
%%%mzn-stat: restarts=0
%%%mzn-stat: peakDepth=895
%%%mzn-stat: solveTime=8.077919761
%%%mzn-stat: variables=1572
%%%mzn-stat: propagators=2426
%%%mzn-stat: failures=21922
%%%mzn-stat: propagations=8020713
%%%mzn-stat: nogoods=21922
%%%mzn-stat: numAtomicConstraintsPropagated=0
%%%mzn-stat: circuitNumber1226PropagationsThatFoundConflict=6773
%%%mzn-stat: circuitNumber1226TotalFixedEdgesAtConflict=307484
%%%mzn-stat: circuitNumber1226NumberOfConflicts=6773
%%%mzn-stat: circuitNumber1226PropagationsThatPruned=6296
%%%mzn-stat: circuitNumber1226PropagationsTotal=37808
%%%mzn-stat: AverageConflictSize=28.934677492929477
%%%mzn-stat: NumUnitNogoodsLearned=0
%%%mzn-stat: AverageLearnedNogoodLength=93.11682328254722
%%%mzn-stat: AverageBacktrackAmount=0
%%%mzn-stat: AverageLbd=24.171608429887783
%%%mzn-stat: 2AutonomousSearchNumBackupCalled=26330
%%%mzn-stat: 2AutonomousSearchNumPredicatesRemoved=0
%%%mzn-stat: 2AutonomousSearchNumCalls=26374
%%%mzn-stat: 2AutonomousSearchNumPredicatesAdded=24500
%%%mzn-stat: 2AutonomousSearchAverageSizeOfHeap=1.9535906574656858
%%%mzn-stat: 2AutonomousSearchNumAssignedPredicatesEncountered=51524
%%%mzn-stat-end
maxleg = 262;
succ = array1d(1..50,[16, 4, 18, 5, 15, 7, 13, 6, 24, 8, 17, 32, 14, 20, 12, 9, 10, 21, 1, 38, 19, 34, 27, 29, 2, 11, 28, 50, 41, 37, 26, 48, 30, 40, 22, 31, 42, 44, 43, 47, 33, 36, 25, 45, 35, 49, 39, 23, 3, 46]);
% time elapsed: 12.31 s
----------
%%%mzn-stat: initTime=0.017103639
%%%mzn-stat: objective=260
%%%mzn-stat: nodes=58001
%%%mzn-stat: restarts=0
%%%mzn-stat: peakDepth=895
%%%mzn-stat: solveTime=8.325655344
%%%mzn-stat: variables=1572
%%%mzn-stat: propagators=2426
%%%mzn-stat: failures=22535
%%%mzn-stat: propagations=8272007
%%%mzn-stat: nogoods=22535
%%%mzn-stat: numAtomicConstraintsPropagated=0
%%%mzn-stat: circuitNumber1226PropagationsThatFoundConflict=6796
%%%mzn-stat: circuitNumber1226TotalFixedEdgesAtConflict=308256
%%%mzn-stat: circuitNumber1226NumberOfConflicts=6796
%%%mzn-stat: circuitNumber1226PropagationsThatPruned=6431
%%%mzn-stat: circuitNumber1226PropagationsTotal=38705
%%%mzn-stat: AverageConflictSize=28.767561570889725
%%%mzn-stat: NumUnitNogoodsLearned=0
%%%mzn-stat: AverageLearnedNogoodLength=93.13201686265809
%%%mzn-stat: AverageBacktrackAmount=0
%%%mzn-stat: AverageLbd=23.964410916352342
%%%mzn-stat: 2AutonomousSearchNumBackupCalled=26712
%%%mzn-stat: 2AutonomousSearchNumPredicatesRemoved=0
%%%mzn-stat: 2AutonomousSearchNumCalls=26757
%%%mzn-stat: 2AutonomousSearchNumPredicatesAdded=26657
%%%mzn-stat: 2AutonomousSearchAverageSizeOfHeap=2.031019920020929
%%%mzn-stat: 2AutonomousSearchNumAssignedPredicatesEncountered=54344
%%%mzn-stat-end
maxleg = 260;
succ = array1d(1..50,[16, 4, 18, 5, 15, 7, 13, 6, 24, 8, 17, 32, 14, 20, 39, 9, 10, 21, 1, 38, 19, 34, 27, 29, 2, 11, 28, 50, 41, 37, 26, 43, 30, 40, 22, 31, 42, 44, 48, 47, 33, 36, 25, 45, 35, 49, 12, 23, 3, 46]);
% time elapsed: 12.56 s
----------
=====ERROR=====
% time elapsed: 1399.03 s
