%%%mzn-stat: initTime=0.023807411
%%%mzn-stat: objective=133
%%%mzn-stat: nodes=557568
%%%mzn-stat: restarts=506
%%%mzn-stat: peakDepth=1124
%%%mzn-stat: solveTime=253.138972324
%%%mzn-stat: variables=1767
%%%mzn-stat: propagators=1426
%%%mzn-stat: failures=180958
%%%mzn-stat: propagations=7690108
%%%mzn-stat: nogoods=180958
%%%mzn-stat: AverageConflictSize=62.949187104189924
%%%mzn-stat: NumUnitNogoodsLearned=132
%%%mzn-stat: AverageLearnedNogoodLength=75.53238873108677
%%%mzn-stat: AverageBacktrackAmount=0
%%%mzn-stat: AverageLbd=43.067441063672234
%%%mzn-stat-end
maxleg = 133;
succ = array1d(1..150,[45, 50, 111, 96, 71, 73, 133, 140, 136, 127, 44, 141, 19, 76, 79, 6, 112, 17, 103, 84, 69, 148, 117, 15, 74, 54, 52, 95, 150, 113, 26, 87, 106, 109, 22, 46, 108, 4, 80, 42, 100, 64, 36, 23, 123, 8, 3, 83, 147, 75, 81, 14, 12, 135, 27, 53, 90, 56, 28, 24, 66, 48, 62, 7, 29, 13, 126, 58, 97, 119, 33, 102, 114, 61, 37, 144, 67, 70, 57, 130, 2, 9, 137, 39, 35, 78, 99, 122, 60, 131, 1, 91, 94, 51, 139, 65, 11, 89, 30, 121, 21, 47, 120, 138, 107, 142, 31, 129, 98, 88, 149, 77, 105, 25, 10, 128, 40, 41, 18, 124, 32, 125, 104, 5, 82, 143, 93, 146, 38, 49, 85, 134, 110, 101, 132, 72, 145, 34, 116, 63, 59, 55, 43, 115, 92, 86, 68, 118, 16, 20]);
% time elapsed: 253.52 s
----------
==========
% time elapsed: 253.52 s
%%%mzn-stat: initTime=0.023807411
%%%mzn-stat: objective=133
%%%mzn-stat: nodes=557568
%%%mzn-stat: restarts=506
%%%mzn-stat: peakDepth=1124
%%%mzn-stat: solveTime=253.138978869
%%%mzn-stat: variables=1767
%%%mzn-stat: propagators=1426
%%%mzn-stat: failures=180958
%%%mzn-stat: propagations=7690108
%%%mzn-stat: nogoods=180958
%%%mzn-stat: AverageConflictSize=62.949187104189924
%%%mzn-stat: NumUnitNogoodsLearned=132
%%%mzn-stat: AverageLearnedNogoodLength=75.53238873108677
%%%mzn-stat: AverageBacktrackAmount=0
%%%mzn-stat: AverageLbd=43.067441063672234
%%%mzn-stat-end
