% Logging successfully configured
%%%mzn-stat: initTime=0.020267459
%%%mzn-stat: objective=360
%%%mzn-stat: nodes=6301
%%%mzn-stat: restarts=0
%%%mzn-stat: peakDepth=1119
%%%mzn-stat: solveTime=5.237256016
%%%mzn-stat: variables=1797
%%%mzn-stat: propagators=1430
%%%mzn-stat: failures=3884
%%%mzn-stat: propagations=143185
%%%mzn-stat: nogoods=3884
%%%mzn-stat: numAtomicConstraintsPropagated=0
%%%mzn-stat: allDifferentNumber1PropagationsTotal=18323
%%%mzn-stat: allDifferentNumber1PropagationsThatFoundConflict=34
%%%mzn-stat: allDifferentNumber1PropagationsThatPruned=11924
%%%mzn-stat: allDifferentNumber1TotalValuesPruned=36249
%%%mzn-stat: allDifferentNumber1TotalHallSetSizeConflict=190
%%%mzn-stat: allDifferentNumber1NumberOfConflicts=34
%%%mzn-stat: allDifferentNumber1MaxHallSetSizeConflict=11
%%%mzn-stat: allDifferentNumber1TotalPruningHallSetSize=75468
%%%mzn-stat: allDifferentNumber1NumberOfPruningExplanations=36249
%%%mzn-stat: allDifferentNumber1MaxPruningHallSetSize=22
%%%mzn-stat: allDifferentNumber1TotalFixedEdgesAtConflict=2789
%%%mzn-stat: allDifferentNumber1TotalVarsInvolvedInPruning=30687
%%%mzn-stat: allDifferentNumber1MaxValuesPrunedFromSingleVar=5
%%%mzn-stat: allDifferentNumber1TotalSccSizeAtPruning=43232
%%%mzn-stat: allDifferentNumber1NumberOfSccPruningCalls=11924
%%%mzn-stat: circuitNumber2PropagationsThatFoundConflict=3848
%%%mzn-stat: circuitNumber2TotalFixedEdgesAtConflict=365081
%%%mzn-stat: circuitNumber2NumberOfConflicts=3848
%%%mzn-stat: circuitNumber2PropagationsThatPruned=3755
%%%mzn-stat: circuitNumber2PropagationsTotal=12538
%%%mzn-stat: AverageConflictSize=88.92584963954685
%%%mzn-stat: NumUnitNogoodsLearned=0
%%%mzn-stat: AverageLearnedNogoodLength=69.6292481977343
%%%mzn-stat: AverageBacktrackAmount=0
%%%mzn-stat: AverageLbd=66.91658084449021
%%%mzn-stat: 2AutonomousSearchNumBackupCalled=1043
%%%mzn-stat: 2AutonomousSearchNumPredicatesRemoved=0
%%%mzn-stat: 2AutonomousSearchNumCalls=1044
%%%mzn-stat: 2AutonomousSearchNumPredicatesAdded=2419
%%%mzn-stat: 2AutonomousSearchAverageSizeOfHeap=2.3170498084291187
%%%mzn-stat: 2AutonomousSearchNumAssignedPredicatesEncountered=2419
%%%mzn-stat-end
maxleg = 360;
succ = array1d(1..100,[3, 12, 15, 8, 9, 32, 20, 21, 14, 22, 13, 1, 16, 18, 40, 17, 48, 19, 29, 23, 25, 26, 27, 38, 28, 35, 45, 31, 30, 33, 5, 7, 34, 86, 36, 41, 6, 4, 37, 56, 49, 51, 75, 24, 47, 39, 44, 58, 2, 60, 46, 65, 50, 61, 70, 62, 69, 72, 66, 77, 42, 11, 84, 10, 67, 85, 54, 95, 80, 73, 64, 79, 76, 55, 90, 71, 81, 88, 83, 94, 100, 74, 91, 68, 87, 92, 78, 96, 63, 53, 89, 57, 82, 43, 98, 99, 52, 59, 97, 93]);
% time elapsed: 21.57 s
----------
%%%mzn-stat: initTime=0.020267459
%%%mzn-stat: objective=327
%%%mzn-stat: nodes=8751
%%%mzn-stat: restarts=0
%%%mzn-stat: peakDepth=1119
%%%mzn-stat: solveTime=6.479327162
%%%mzn-stat: variables=1797
%%%mzn-stat: propagators=1430
%%%mzn-stat: failures=4833
%%%mzn-stat: propagations=182212
%%%mzn-stat: nogoods=4833
%%%mzn-stat: numAtomicConstraintsPropagated=0
%%%mzn-stat: allDifferentNumber1PropagationsTotal=23629
%%%mzn-stat: allDifferentNumber1PropagationsThatFoundConflict=36
%%%mzn-stat: allDifferentNumber1PropagationsThatPruned=15246
%%%mzn-stat: allDifferentNumber1TotalValuesPruned=44980
%%%mzn-stat: allDifferentNumber1TotalHallSetSizeConflict=218
%%%mzn-stat: allDifferentNumber1NumberOfConflicts=36
%%%mzn-stat: allDifferentNumber1MaxHallSetSizeConflict=14
%%%mzn-stat: allDifferentNumber1TotalPruningHallSetSize=92788
%%%mzn-stat: allDifferentNumber1NumberOfPruningExplanations=44980
%%%mzn-stat: allDifferentNumber1MaxPruningHallSetSize=22
%%%mzn-stat: allDifferentNumber1TotalFixedEdgesAtConflict=2945
%%%mzn-stat: allDifferentNumber1TotalVarsInvolvedInPruning=38151
%%%mzn-stat: allDifferentNumber1MaxValuesPrunedFromSingleVar=5
%%%mzn-stat: allDifferentNumber1TotalSccSizeAtPruning=54255
%%%mzn-stat: allDifferentNumber1NumberOfSccPruningCalls=15246
%%%mzn-stat: circuitNumber2PropagationsThatFoundConflict=4795
%%%mzn-stat: circuitNumber2TotalFixedEdgesAtConflict=454007
%%%mzn-stat: circuitNumber2NumberOfConflicts=4795
%%%mzn-stat: circuitNumber2PropagationsThatPruned=4712
%%%mzn-stat: circuitNumber2PropagationsTotal=16032
%%%mzn-stat: AverageConflictSize=87.7893647837782
%%%mzn-stat: NumUnitNogoodsLearned=0
%%%mzn-stat: AverageLearnedNogoodLength=71.01800124146493
%%%mzn-stat: AverageBacktrackAmount=0
%%%mzn-stat: AverageLbd=67.03186426650113
%%%mzn-stat: 2AutonomousSearchNumBackupCalled=2078
%%%mzn-stat: 2AutonomousSearchNumPredicatesRemoved=0
%%%mzn-stat: 2AutonomousSearchNumCalls=2080
%%%mzn-stat: 2AutonomousSearchNumPredicatesAdded=4370
%%%mzn-stat: 2AutonomousSearchAverageSizeOfHeap=2.3966346153846154
%%%mzn-stat: 2AutonomousSearchNumAssignedPredicatesEncountered=4985
%%%mzn-stat-end
maxleg = 327;
succ = array1d(1..100,[3, 12, 15, 8, 9, 32, 20, 21, 14, 22, 13, 1, 16, 18, 40, 17, 48, 19, 29, 23, 25, 26, 27, 38, 28, 35, 45, 31, 30, 33, 5, 7, 34, 86, 36, 41, 6, 4, 37, 56, 49, 51, 75, 24, 47, 39, 44, 58, 2, 60, 46, 65, 50, 61, 70, 62, 69, 72, 66, 77, 42, 11, 84, 95, 67, 85, 54, 64, 80, 73, 10, 79, 76, 55, 90, 71, 81, 88, 83, 94, 100, 74, 91, 68, 87, 92, 78, 96, 63, 53, 89, 57, 82, 43, 98, 99, 52, 59, 97, 93]);
% time elapsed: 22.79 s
----------
%%%mzn-stat: initTime=0.020267459
%%%mzn-stat: objective=327
%%%mzn-stat: nodes=1120937
%%%mzn-stat: restarts=0
%%%mzn-stat: peakDepth=1119
%%%mzn-stat: solveTime=1782.882240057
%%%mzn-stat: variables=1797
%%%mzn-stat: propagators=1430
%%%mzn-stat: failures=816028
%%%mzn-stat: propagations=26189685
%%%mzn-stat: nogoods=816028
%%%mzn-stat: numAtomicConstraintsPropagated=0
%%%mzn-stat: allDifferentNumber1PropagationsTotal=3569366
%%%mzn-stat: allDifferentNumber1PropagationsThatFoundConflict=10784
%%%mzn-stat: allDifferentNumber1PropagationsThatPruned=2267556
%%%mzn-stat: allDifferentNumber1TotalValuesPruned=5780016
%%%mzn-stat: allDifferentNumber1TotalHallSetSizeConflict=35502
%%%mzn-stat: allDifferentNumber1NumberOfConflicts=10784
%%%mzn-stat: allDifferentNumber1MaxHallSetSizeConflict=14
%%%mzn-stat: allDifferentNumber1TotalPruningHallSetSize=11673366
%%%mzn-stat: allDifferentNumber1NumberOfPruningExplanations=5780016
%%%mzn-stat: allDifferentNumber1MaxPruningHallSetSize=32
%%%mzn-stat: allDifferentNumber1TotalFixedEdgesAtConflict=935913
%%%mzn-stat: allDifferentNumber1TotalVarsInvolvedInPruning=4994048
%%%mzn-stat: allDifferentNumber1MaxValuesPrunedFromSingleVar=5
%%%mzn-stat: allDifferentNumber1TotalSccSizeAtPruning=7008532
%%%mzn-stat: allDifferentNumber1NumberOfSccPruningCalls=2267556
%%%mzn-stat: circuitNumber2PropagationsThatFoundConflict=775378
%%%mzn-stat: circuitNumber2TotalFixedEdgesAtConflict=71157123
%%%mzn-stat: circuitNumber2NumberOfConflicts=775378
%%%mzn-stat: circuitNumber2PropagationsThatPruned=436727
%%%mzn-stat: circuitNumber2PropagationsTotal=2315693
%%%mzn-stat: AverageConflictSize=79.49729911228536
%%%mzn-stat: NumUnitNogoodsLearned=0
%%%mzn-stat: AverageLearnedNogoodLength=73.26700309303112
%%%mzn-stat: AverageBacktrackAmount=0
%%%mzn-stat: AverageLbd=63.51485855877495
%%%mzn-stat: 2AutonomousSearchNumBackupCalled=2078
%%%mzn-stat: 2AutonomousSearchNumPredicatesRemoved=0
%%%mzn-stat: 2AutonomousSearchNumCalls=2080
%%%mzn-stat: 2AutonomousSearchNumPredicatesAdded=7827
%%%mzn-stat: 2AutonomousSearchAverageSizeOfHeap=2.3966346153846154
%%%mzn-stat: 2AutonomousSearchNumAssignedPredicatesEncountered=4985
%%%mzn-stat-end
