% Logging successfully configured
%%%mzn-stat: initTime=0.715677389
%%%mzn-stat: objective=564
%%%mzn-stat: nodes=15159
%%%mzn-stat: restarts=0
%%%mzn-stat: peakDepth=603
%%%mzn-stat: solveTime=3.236458821
%%%mzn-stat: variables=1117
%%%mzn-stat: propagators=2038
%%%mzn-stat: failures=10639
%%%mzn-stat: propagations=4013765
%%%mzn-stat: nogoods=10639
%%%mzn-stat: numAtomicConstraintsPropagated=0
%%%mzn-stat: circuitNumber1226PropagationsThatFoundConflict=4071
%%%mzn-stat: circuitNumber1226TotalFixedEdgesAtConflict=173024
%%%mzn-stat: circuitNumber1226NumberOfConflicts=4071
%%%mzn-stat: circuitNumber1226PropagationsThatPruned=10385
%%%mzn-stat: circuitNumber1226PropagationsTotal=30584
%%%mzn-stat: AverageConflictSize=16.18873954319015
%%%mzn-stat: NumUnitNogoodsLearned=0
%%%mzn-stat: AverageLearnedNogoodLength=34.30707773286963
%%%mzn-stat: AverageBacktrackAmount=0
%%%mzn-stat: AverageLbd=27.41545258012971
%%%mzn-stat: 2AutonomousSearchNumBackupCalled=565
%%%mzn-stat: 2AutonomousSearchNumPredicatesRemoved=0
%%%mzn-stat: 2AutonomousSearchNumCalls=566
%%%mzn-stat: 2AutonomousSearchNumPredicatesAdded=1167
%%%mzn-stat: 2AutonomousSearchAverageSizeOfHeap=2.0618374558303887
%%%mzn-stat: 2AutonomousSearchNumAssignedPredicatesEncountered=1167
%%%mzn-stat-end
maxleg = 564;
succ = array1d(1..50,[2, 15, 4, 10, 9, 7, 14, 6, 13, 11, 5, 3, 18, 19, 16, 8, 12, 23, 31, 1, 32, 20, 22, 17, 48, 25, 29, 24, 42, 28, 38, 33, 26, 35, 43, 21, 36, 27, 30, 49, 39, 46, 44, 45, 50, 34, 37, 41, 47, 40]);
% time elapsed: 8.75 s
----------
%%%mzn-stat: initTime=0.715677389
%%%mzn-stat: objective=492
%%%mzn-stat: nodes=16091
%%%mzn-stat: restarts=0
%%%mzn-stat: peakDepth=603
%%%mzn-stat: solveTime=3.276383255
%%%mzn-stat: variables=1117
%%%mzn-stat: propagators=2038
%%%mzn-stat: failures=10845
%%%mzn-stat: propagations=4086429
%%%mzn-stat: nogoods=10845
%%%mzn-stat: numAtomicConstraintsPropagated=0
%%%mzn-stat: circuitNumber1226PropagationsThatFoundConflict=4147
%%%mzn-stat: circuitNumber1226TotalFixedEdgesAtConflict=176264
%%%mzn-stat: circuitNumber1226NumberOfConflicts=4147
%%%mzn-stat: circuitNumber1226PropagationsThatPruned=10440
%%%mzn-stat: circuitNumber1226PropagationsTotal=31037
%%%mzn-stat: AverageConflictSize=16.147533425541724
%%%mzn-stat: NumUnitNogoodsLearned=0
%%%mzn-stat: AverageLearnedNogoodLength=34.07699400645459
%%%mzn-stat: AverageBacktrackAmount=0
%%%mzn-stat: AverageLbd=27.163854310742277
%%%mzn-stat: 2AutonomousSearchNumBackupCalled=1114
%%%mzn-stat: 2AutonomousSearchNumPredicatesRemoved=0
%%%mzn-stat: 2AutonomousSearchNumCalls=1116
%%%mzn-stat: 2AutonomousSearchNumPredicatesAdded=1857
%%%mzn-stat: 2AutonomousSearchAverageSizeOfHeap=2.0949820788530467
%%%mzn-stat: 2AutonomousSearchNumAssignedPredicatesEncountered=2338
%%%mzn-stat-end
maxleg = 492;
succ = array1d(1..50,[2, 15, 4, 10, 9, 7, 14, 6, 13, 20, 5, 3, 18, 19, 16, 8, 12, 23, 31, 1, 32, 25, 22, 17, 26, 33, 11, 24, 27, 28, 35, 39, 36, 46, 43, 37, 47, 29, 41, 44, 48, 38, 40, 45, 50, 42, 49, 30, 21, 34]);
% time elapsed: 8.78 s
----------
%%%mzn-stat: initTime=0.715677389
%%%mzn-stat: objective=483
%%%mzn-stat: nodes=20381
%%%mzn-stat: restarts=0
%%%mzn-stat: peakDepth=603
%%%mzn-stat: solveTime=3.865556746
%%%mzn-stat: variables=1117
%%%mzn-stat: propagators=2038
%%%mzn-stat: failures=13788
%%%mzn-stat: propagations=4792476
%%%mzn-stat: nogoods=13788
%%%mzn-stat: numAtomicConstraintsPropagated=0
%%%mzn-stat: circuitNumber1226PropagationsThatFoundConflict=5466
%%%mzn-stat: circuitNumber1226TotalFixedEdgesAtConflict=226601
%%%mzn-stat: circuitNumber1226NumberOfConflicts=5466
%%%mzn-stat: circuitNumber1226PropagationsThatPruned=11063
%%%mzn-stat: circuitNumber1226PropagationsTotal=36473
%%%mzn-stat: AverageConflictSize=16.12075718015666
%%%mzn-stat: NumUnitNogoodsLearned=0
%%%mzn-stat: AverageLearnedNogoodLength=33.3267333913548
%%%mzn-stat: AverageBacktrackAmount=0
%%%mzn-stat: AverageLbd=25.448288366695678
%%%mzn-stat: 2AutonomousSearchNumBackupCalled=1660
%%%mzn-stat: 2AutonomousSearchNumPredicatesRemoved=0
%%%mzn-stat: 2AutonomousSearchNumCalls=1663
%%%mzn-stat: 2AutonomousSearchNumPredicatesAdded=3214
%%%mzn-stat: 2AutonomousSearchAverageSizeOfHeap=2.292242934455803
%%%mzn-stat: 2AutonomousSearchNumAssignedPredicatesEncountered=3812
%%%mzn-stat-end
maxleg = 483;
succ = array1d(1..50,[2, 15, 4, 10, 9, 7, 14, 6, 13, 20, 12, 3, 11, 5, 16, 8, 24, 23, 31, 22, 1, 25, 19, 28, 48, 33, 18, 30, 27, 39, 26, 36, 21, 35, 46, 37, 47, 29, 32, 43, 17, 38, 44, 45, 50, 42, 49, 41, 40, 34]);
% time elapsed: 9.37 s
----------
%%%mzn-stat: initTime=0.715677389
%%%mzn-stat: objective=447
%%%mzn-stat: nodes=21440
%%%mzn-stat: restarts=0
%%%mzn-stat: peakDepth=603
%%%mzn-stat: solveTime=3.976677857
%%%mzn-stat: variables=1117
%%%mzn-stat: propagators=2038
%%%mzn-stat: failures=14116
%%%mzn-stat: propagations=4902461
%%%mzn-stat: nogoods=14116
%%%mzn-stat: numAtomicConstraintsPropagated=0
%%%mzn-stat: circuitNumber1226PropagationsThatFoundConflict=5723
%%%mzn-stat: circuitNumber1226TotalFixedEdgesAtConflict=238143
%%%mzn-stat: circuitNumber1226NumberOfConflicts=5723
%%%mzn-stat: circuitNumber1226PropagationsThatPruned=11241
%%%mzn-stat: circuitNumber1226PropagationsTotal=37403
%%%mzn-stat: AverageConflictSize=16.518064607537546
%%%mzn-stat: NumUnitNogoodsLearned=0
%%%mzn-stat: AverageLearnedNogoodLength=33.41208557665061
%%%mzn-stat: AverageBacktrackAmount=0
%%%mzn-stat: AverageLbd=25.52380277699065
%%%mzn-stat: 2AutonomousSearchNumBackupCalled=2208
%%%mzn-stat: 2AutonomousSearchNumPredicatesRemoved=0
%%%mzn-stat: 2AutonomousSearchNumCalls=2212
%%%mzn-stat: 2AutonomousSearchNumPredicatesAdded=3908
%%%mzn-stat: 2AutonomousSearchAverageSizeOfHeap=2.392405063291139
%%%mzn-stat: 2AutonomousSearchNumAssignedPredicatesEncountered=5292
%%%mzn-stat-end
maxleg = 447;
succ = array1d(1..50,[2, 15, 4, 10, 9, 7, 14, 6, 13, 20, 18, 3, 11, 5, 16, 8, 12, 23, 31, 1, 32, 25, 19, 17, 48, 22, 29, 24, 42, 28, 38, 33, 26, 35, 43, 21, 36, 27, 30, 49, 39, 46, 44, 45, 50, 34, 37, 41, 47, 40]);
% time elapsed: 9.50 s
----------
%%%mzn-stat: initTime=0.715677389
%%%mzn-stat: objective=399
%%%mzn-stat: nodes=22351
%%%mzn-stat: restarts=0
%%%mzn-stat: peakDepth=603
%%%mzn-stat: solveTime=4.040977881
%%%mzn-stat: variables=1117
%%%mzn-stat: propagators=2038
%%%mzn-stat: failures=14463
%%%mzn-stat: propagations=5002855
%%%mzn-stat: nogoods=14463
%%%mzn-stat: numAtomicConstraintsPropagated=0
%%%mzn-stat: circuitNumber1226PropagationsThatFoundConflict=5867
%%%mzn-stat: circuitNumber1226TotalFixedEdgesAtConflict=243939
%%%mzn-stat: circuitNumber1226NumberOfConflicts=5867
%%%mzn-stat: circuitNumber1226PropagationsThatPruned=11319
%%%mzn-stat: circuitNumber1226PropagationsTotal=37996
%%%mzn-stat: AverageConflictSize=16.27836548433935
%%%mzn-stat: NumUnitNogoodsLearned=0
%%%mzn-stat: AverageLearnedNogoodLength=33.2104680909908
%%%mzn-stat: AverageBacktrackAmount=0
%%%mzn-stat: AverageLbd=25.184539860333263
%%%mzn-stat: 2AutonomousSearchNumBackupCalled=2720
%%%mzn-stat: 2AutonomousSearchNumPredicatesRemoved=0
%%%mzn-stat: 2AutonomousSearchNumCalls=2725
%%%mzn-stat: 2AutonomousSearchNumPredicatesAdded=4601
%%%mzn-stat: 2AutonomousSearchAverageSizeOfHeap=2.530275229357798
%%%mzn-stat: 2AutonomousSearchNumAssignedPredicatesEncountered=6895
%%%mzn-stat-end
maxleg = 399;
succ = array1d(1..50,[2, 15, 4, 10, 9, 7, 14, 6, 13, 20, 18, 3, 11, 5, 16, 8, 12, 27, 23, 1, 32, 25, 22, 17, 26, 31, 29, 24, 38, 28, 35, 39, 21, 19, 43, 33, 36, 42, 41, 49, 48, 46, 44, 45, 50, 34, 37, 30, 47, 40]);
% time elapsed: 9.55 s
----------
%%%mzn-stat: initTime=0.715677389
%%%mzn-stat: objective=369
%%%mzn-stat: nodes=23001
%%%mzn-stat: restarts=0
%%%mzn-stat: peakDepth=603
%%%mzn-stat: solveTime=4.058677692
%%%mzn-stat: variables=1117
%%%mzn-stat: propagators=2038
%%%mzn-stat: failures=14558
%%%mzn-stat: propagations=5024974
%%%mzn-stat: nogoods=14558
%%%mzn-stat: numAtomicConstraintsPropagated=0
%%%mzn-stat: circuitNumber1226PropagationsThatFoundConflict=5905
%%%mzn-stat: circuitNumber1226TotalFixedEdgesAtConflict=245463
%%%mzn-stat: circuitNumber1226NumberOfConflicts=5905
%%%mzn-stat: circuitNumber1226PropagationsThatPruned=11337
%%%mzn-stat: circuitNumber1226PropagationsTotal=38163
%%%mzn-stat: AverageConflictSize=16.226473416678115
%%%mzn-stat: NumUnitNogoodsLearned=0
%%%mzn-stat: AverageLearnedNogoodLength=33.17976370380547
%%%mzn-stat: AverageBacktrackAmount=0
%%%mzn-stat: AverageLbd=25.102143151531802
%%%mzn-stat: 2AutonomousSearchNumBackupCalled=3234
%%%mzn-stat: 2AutonomousSearchNumPredicatesRemoved=0
%%%mzn-stat: 2AutonomousSearchNumCalls=3240
%%%mzn-stat: 2AutonomousSearchNumPredicatesAdded=5147
%%%mzn-stat: 2AutonomousSearchAverageSizeOfHeap=2.623148148148148
%%%mzn-stat: 2AutonomousSearchNumAssignedPredicatesEncountered=8499
%%%mzn-stat-end
maxleg = 369;
succ = array1d(1..50,[2, 15, 4, 10, 9, 7, 14, 6, 13, 20, 18, 3, 11, 5, 16, 8, 12, 27, 23, 1, 33, 25, 22, 17, 26, 31, 29, 24, 38, 28, 35, 39, 32, 19, 43, 21, 36, 42, 41, 49, 48, 46, 44, 45, 50, 34, 37, 30, 47, 40]);
% time elapsed: 9.57 s
----------
%%%mzn-stat: initTime=0.715677389
%%%mzn-stat: objective=348
%%%mzn-stat: nodes=23537
%%%mzn-stat: restarts=0
%%%mzn-stat: peakDepth=603
%%%mzn-stat: solveTime=4.061400431
%%%mzn-stat: variables=1117
%%%mzn-stat: propagators=2038
%%%mzn-stat: failures=14558
%%%mzn-stat: propagations=5028747
%%%mzn-stat: nogoods=14558
%%%mzn-stat: numAtomicConstraintsPropagated=0
%%%mzn-stat: circuitNumber1226PropagationsThatFoundConflict=5905
%%%mzn-stat: circuitNumber1226TotalFixedEdgesAtConflict=245463
%%%mzn-stat: circuitNumber1226NumberOfConflicts=5905
%%%mzn-stat: circuitNumber1226PropagationsThatPruned=11337
%%%mzn-stat: circuitNumber1226PropagationsTotal=38202
%%%mzn-stat: AverageConflictSize=16.226473416678115
%%%mzn-stat: NumUnitNogoodsLearned=0
%%%mzn-stat: AverageLearnedNogoodLength=33.17976370380547
%%%mzn-stat: AverageBacktrackAmount=0
%%%mzn-stat: AverageLbd=25.102143151531802
%%%mzn-stat: 2AutonomousSearchNumBackupCalled=3730
%%%mzn-stat: 2AutonomousSearchNumPredicatesRemoved=0
%%%mzn-stat: 2AutonomousSearchNumCalls=3737
%%%mzn-stat: 2AutonomousSearchNumPredicatesAdded=5147
%%%mzn-stat: 2AutonomousSearchAverageSizeOfHeap=2.7035054856837033
%%%mzn-stat: 2AutonomousSearchNumAssignedPredicatesEncountered=10103
%%%mzn-stat-end
maxleg = 348;
succ = array1d(1..50,[2, 15, 4, 10, 9, 7, 14, 6, 13, 20, 18, 3, 11, 5, 16, 8, 12, 27, 23, 1, 33, 25, 22, 17, 26, 31, 29, 24, 38, 28, 35, 39, 32, 19, 44, 21, 36, 42, 41, 43, 48, 46, 49, 45, 50, 34, 37, 30, 47, 40]);
% time elapsed: 9.59 s
----------
%%%mzn-stat: initTime=0.715677389
%%%mzn-stat: objective=331
%%%mzn-stat: nodes=24053
%%%mzn-stat: restarts=0
%%%mzn-stat: peakDepth=603
%%%mzn-stat: solveTime=4.065497509
%%%mzn-stat: variables=1117
%%%mzn-stat: propagators=2038
%%%mzn-stat: failures=14564
%%%mzn-stat: propagations=5033866
%%%mzn-stat: nogoods=14564
%%%mzn-stat: numAtomicConstraintsPropagated=0
%%%mzn-stat: circuitNumber1226PropagationsThatFoundConflict=5905
%%%mzn-stat: circuitNumber1226TotalFixedEdgesAtConflict=245463
%%%mzn-stat: circuitNumber1226NumberOfConflicts=5905
%%%mzn-stat: circuitNumber1226PropagationsThatPruned=11337
%%%mzn-stat: circuitNumber1226PropagationsTotal=38245
%%%mzn-stat: AverageConflictSize=16.226105465531447
%%%mzn-stat: NumUnitNogoodsLearned=0
%%%mzn-stat: AverageLearnedNogoodLength=33.17474594891513
%%%mzn-stat: AverageBacktrackAmount=0
%%%mzn-stat: AverageLbd=25.0953721505081
%%%mzn-stat: 2AutonomousSearchNumBackupCalled=4200
%%%mzn-stat: 2AutonomousSearchNumPredicatesRemoved=0
%%%mzn-stat: 2AutonomousSearchNumCalls=4208
%%%mzn-stat: 2AutonomousSearchNumPredicatesAdded=5360
%%%mzn-stat: 2AutonomousSearchAverageSizeOfHeap=2.78208174904943
%%%mzn-stat: 2AutonomousSearchNumAssignedPredicatesEncountered=11707
%%%mzn-stat-end
maxleg = 331;
succ = array1d(1..50,[2, 15, 4, 10, 9, 7, 14, 6, 13, 20, 18, 3, 11, 5, 16, 8, 12, 27, 23, 1, 33, 25, 22, 17, 26, 31, 29, 24, 42, 28, 35, 39, 32, 44, 46, 21, 36, 19, 41, 43, 48, 38, 49, 45, 50, 34, 37, 30, 47, 40]);
% time elapsed: 9.59 s
----------
%%%mzn-stat: initTime=0.715677389
%%%mzn-stat: objective=326
%%%mzn-stat: nodes=24555
%%%mzn-stat: restarts=0
%%%mzn-stat: peakDepth=603
%%%mzn-stat: solveTime=4.069370677
%%%mzn-stat: variables=1117
%%%mzn-stat: propagators=2038
%%%mzn-stat: failures=14564
%%%mzn-stat: propagations=5037655
%%%mzn-stat: nogoods=14564
%%%mzn-stat: numAtomicConstraintsPropagated=0
%%%mzn-stat: circuitNumber1226PropagationsThatFoundConflict=5905
%%%mzn-stat: circuitNumber1226TotalFixedEdgesAtConflict=245463
%%%mzn-stat: circuitNumber1226NumberOfConflicts=5905
%%%mzn-stat: circuitNumber1226PropagationsThatPruned=11337
%%%mzn-stat: circuitNumber1226PropagationsTotal=38282
%%%mzn-stat: AverageConflictSize=16.226105465531447
%%%mzn-stat: NumUnitNogoodsLearned=0
%%%mzn-stat: AverageLearnedNogoodLength=33.17474594891513
%%%mzn-stat: AverageBacktrackAmount=0
%%%mzn-stat: AverageLbd=25.0953721505081
%%%mzn-stat: 2AutonomousSearchNumBackupCalled=4664
%%%mzn-stat: 2AutonomousSearchNumPredicatesRemoved=0
%%%mzn-stat: 2AutonomousSearchNumCalls=4673
%%%mzn-stat: 2AutonomousSearchNumPredicatesAdded=5360
%%%mzn-stat: 2AutonomousSearchAverageSizeOfHeap=2.84849133319067
%%%mzn-stat: 2AutonomousSearchNumAssignedPredicatesEncountered=13311
%%%mzn-stat-end
maxleg = 326;
succ = array1d(1..50,[2, 15, 4, 10, 9, 7, 14, 6, 13, 20, 18, 3, 11, 5, 16, 8, 12, 27, 23, 1, 33, 25, 22, 17, 26, 31, 29, 24, 42, 28, 35, 39, 32, 44, 46, 21, 36, 19, 41, 49, 48, 38, 40, 45, 50, 34, 37, 30, 47, 43]);
% time elapsed: 9.60 s
----------
%%%mzn-stat: initTime=0.715677389
%%%mzn-stat: objective=321
%%%mzn-stat: nodes=25034
%%%mzn-stat: restarts=0
%%%mzn-stat: peakDepth=603
%%%mzn-stat: solveTime=4.071984371
%%%mzn-stat: variables=1117
%%%mzn-stat: propagators=2038
%%%mzn-stat: failures=14564
%%%mzn-stat: propagations=5041459
%%%mzn-stat: nogoods=14564
%%%mzn-stat: numAtomicConstraintsPropagated=0
%%%mzn-stat: circuitNumber1226PropagationsThatFoundConflict=5905
%%%mzn-stat: circuitNumber1226TotalFixedEdgesAtConflict=245463
%%%mzn-stat: circuitNumber1226NumberOfConflicts=5905
%%%mzn-stat: circuitNumber1226PropagationsThatPruned=11337
%%%mzn-stat: circuitNumber1226PropagationsTotal=38319
%%%mzn-stat: AverageConflictSize=16.226105465531447
%%%mzn-stat: NumUnitNogoodsLearned=0
%%%mzn-stat: AverageLearnedNogoodLength=33.17474594891513
%%%mzn-stat: AverageBacktrackAmount=0
%%%mzn-stat: AverageLbd=25.0953721505081
%%%mzn-stat: 2AutonomousSearchNumBackupCalled=5105
%%%mzn-stat: 2AutonomousSearchNumPredicatesRemoved=0
%%%mzn-stat: 2AutonomousSearchNumCalls=5115
%%%mzn-stat: 2AutonomousSearchNumPredicatesAdded=5360
%%%mzn-stat: 2AutonomousSearchAverageSizeOfHeap=2.9159335288367547
%%%mzn-stat: 2AutonomousSearchNumAssignedPredicatesEncountered=14915
%%%mzn-stat-end
maxleg = 321;
succ = array1d(1..50,[2, 15, 12, 10, 9, 7, 14, 6, 13, 20, 18, 4, 11, 5, 16, 8, 3, 27, 23, 1, 33, 25, 22, 17, 26, 31, 29, 24, 42, 28, 35, 39, 32, 44, 46, 21, 36, 19, 41, 49, 48, 38, 40, 45, 50, 34, 37, 30, 47, 43]);
% time elapsed: 9.60 s
----------
%%%mzn-stat: initTime=0.715677389
%%%mzn-stat: objective=314
%%%mzn-stat: nodes=30129
%%%mzn-stat: restarts=0
%%%mzn-stat: peakDepth=603
%%%mzn-stat: solveTime=4.776430858
%%%mzn-stat: variables=1117
%%%mzn-stat: propagators=2038
%%%mzn-stat: failures=17372
%%%mzn-stat: propagations=5978498
%%%mzn-stat: nogoods=17372
%%%mzn-stat: numAtomicConstraintsPropagated=0
%%%mzn-stat: circuitNumber1226PropagationsThatFoundConflict=6505
%%%mzn-stat: circuitNumber1226TotalFixedEdgesAtConflict=270153
%%%mzn-stat: circuitNumber1226NumberOfConflicts=6505
%%%mzn-stat: circuitNumber1226PropagationsThatPruned=12516
%%%mzn-stat: circuitNumber1226PropagationsTotal=44320
%%%mzn-stat: AverageConflictSize=16.417626064932076
%%%mzn-stat: NumUnitNogoodsLearned=0
%%%mzn-stat: AverageLearnedNogoodLength=34.55324660373014
%%%mzn-stat: AverageBacktrackAmount=0
%%%mzn-stat: AverageLbd=23.81096016578402
%%%mzn-stat: 2AutonomousSearchNumBackupCalled=5547
%%%mzn-stat: 2AutonomousSearchNumPredicatesRemoved=0
%%%mzn-stat: 2AutonomousSearchNumCalls=5558
%%%mzn-stat: 2AutonomousSearchNumPredicatesAdded=7140
%%%mzn-stat: 2AutonomousSearchAverageSizeOfHeap=3.0707088880892406
%%%mzn-stat: 2AutonomousSearchNumAssignedPredicatesEncountered=17067
%%%mzn-stat-end
maxleg = 314;
succ = array1d(1..50,[2, 15, 12, 10, 9, 8, 14, 16, 13, 20, 18, 4, 11, 5, 22, 1, 3, 27, 23, 26, 33, 25, 31, 17, 48, 36, 29, 24, 42, 28, 35, 39, 37, 44, 46, 21, 47, 19, 30, 7, 32, 38, 6, 45, 50, 34, 49, 41, 40, 43]);
% time elapsed: 10.31 s
----------
%%%mzn-stat: initTime=0.715677389
%%%mzn-stat: objective=313
%%%mzn-stat: nodes=30833
%%%mzn-stat: restarts=0
%%%mzn-stat: peakDepth=603
%%%mzn-stat: solveTime=4.844607513
%%%mzn-stat: variables=1117
%%%mzn-stat: propagators=2038
%%%mzn-stat: failures=17604
%%%mzn-stat: propagations=6047699
%%%mzn-stat: nogoods=17604
%%%mzn-stat: numAtomicConstraintsPropagated=0
%%%mzn-stat: circuitNumber1226PropagationsThatFoundConflict=6547
%%%mzn-stat: circuitNumber1226TotalFixedEdgesAtConflict=271883
%%%mzn-stat: circuitNumber1226NumberOfConflicts=6547
%%%mzn-stat: circuitNumber1226PropagationsThatPruned=12637
%%%mzn-stat: circuitNumber1226PropagationsTotal=44771
%%%mzn-stat: AverageConflictSize=16.409622812997046
%%%mzn-stat: NumUnitNogoodsLearned=0
%%%mzn-stat: AverageLearnedNogoodLength=34.6908657123381
%%%mzn-stat: AverageBacktrackAmount=0
%%%mzn-stat: AverageLbd=23.758577596000908
%%%mzn-stat: 2AutonomousSearchNumBackupCalled=5975
%%%mzn-stat: 2AutonomousSearchNumPredicatesRemoved=0
%%%mzn-stat: 2AutonomousSearchNumCalls=5987
%%%mzn-stat: 2AutonomousSearchNumPredicatesAdded=8483
%%%mzn-stat: 2AutonomousSearchAverageSizeOfHeap=3.2159679305161184
%%%mzn-stat: 2AutonomousSearchNumAssignedPredicatesEncountered=19254
%%%mzn-stat-end
maxleg = 313;
succ = array1d(1..50,[2, 15, 12, 10, 9, 8, 14, 16, 13, 20, 18, 4, 11, 5, 22, 1, 3, 27, 23, 26, 33, 25, 34, 17, 48, 36, 29, 24, 42, 28, 19, 39, 37, 46, 44, 21, 47, 31, 30, 7, 32, 38, 6, 45, 50, 35, 49, 41, 40, 43]);
% time elapsed: 10.38 s
----------
%%%mzn-stat: initTime=0.715677389
%%%mzn-stat: objective=312
%%%mzn-stat: nodes=31308
%%%mzn-stat: restarts=0
%%%mzn-stat: peakDepth=603
%%%mzn-stat: solveTime=4.84769574
%%%mzn-stat: variables=1117
%%%mzn-stat: propagators=2038
%%%mzn-stat: failures=17604
%%%mzn-stat: propagations=6051498
%%%mzn-stat: nogoods=17604
%%%mzn-stat: numAtomicConstraintsPropagated=0
%%%mzn-stat: circuitNumber1226PropagationsThatFoundConflict=6547
%%%mzn-stat: circuitNumber1226TotalFixedEdgesAtConflict=271883
%%%mzn-stat: circuitNumber1226NumberOfConflicts=6547
%%%mzn-stat: circuitNumber1226PropagationsThatPruned=12639
%%%mzn-stat: circuitNumber1226PropagationsTotal=44809
%%%mzn-stat: AverageConflictSize=16.409622812997046
%%%mzn-stat: NumUnitNogoodsLearned=0
%%%mzn-stat: AverageLearnedNogoodLength=34.6908657123381
%%%mzn-stat: AverageBacktrackAmount=0
%%%mzn-stat: AverageLbd=23.758577596000908
%%%mzn-stat: 2AutonomousSearchNumBackupCalled=6414
%%%mzn-stat: 2AutonomousSearchNumPredicatesRemoved=0
%%%mzn-stat: 2AutonomousSearchNumCalls=6427
%%%mzn-stat: 2AutonomousSearchNumPredicatesAdded=8483
%%%mzn-stat: 2AutonomousSearchAverageSizeOfHeap=3.3360821534152794
%%%mzn-stat: 2AutonomousSearchNumAssignedPredicatesEncountered=21441
%%%mzn-stat-end
maxleg = 312;
succ = array1d(1..50,[2, 15, 12, 10, 9, 8, 14, 16, 13, 20, 18, 4, 11, 5, 22, 1, 3, 27, 23, 26, 33, 25, 34, 17, 48, 36, 29, 24, 42, 28, 19, 39, 37, 46, 45, 21, 47, 31, 30, 7, 32, 38, 6, 43, 50, 35, 49, 41, 40, 44]);
% time elapsed: 10.39 s
----------
%%%mzn-stat: initTime=0.715677389
%%%mzn-stat: objective=307
%%%mzn-stat: nodes=31900
%%%mzn-stat: restarts=0
%%%mzn-stat: peakDepth=603
%%%mzn-stat: solveTime=4.884569059
%%%mzn-stat: variables=1117
%%%mzn-stat: propagators=2038
%%%mzn-stat: failures=17698
%%%mzn-stat: propagations=6093616
%%%mzn-stat: nogoods=17698
%%%mzn-stat: numAtomicConstraintsPropagated=0
%%%mzn-stat: circuitNumber1226PropagationsThatFoundConflict=6565
%%%mzn-stat: circuitNumber1226TotalFixedEdgesAtConflict=272583
%%%mzn-stat: circuitNumber1226NumberOfConflicts=6565
%%%mzn-stat: circuitNumber1226PropagationsThatPruned=12674
%%%mzn-stat: circuitNumber1226PropagationsTotal=45024
%%%mzn-stat: AverageConflictSize=16.37800881455532
%%%mzn-stat: NumUnitNogoodsLearned=0
%%%mzn-stat: AverageLearnedNogoodLength=34.77262967566957
%%%mzn-stat: AverageBacktrackAmount=0
%%%mzn-stat: AverageLbd=23.737314950841903
%%%mzn-stat: 2AutonomousSearchNumBackupCalled=6838
%%%mzn-stat: 2AutonomousSearchNumPredicatesRemoved=0
%%%mzn-stat: 2AutonomousSearchNumCalls=6852
%%%mzn-stat: 2AutonomousSearchNumPredicatesAdded=10031
%%%mzn-stat: 2AutonomousSearchAverageSizeOfHeap=3.456217162872154
%%%mzn-stat: 2AutonomousSearchNumAssignedPredicatesEncountered=23682
%%%mzn-stat-end
maxleg = 307;
succ = array1d(1..50,[2, 15, 12, 10, 9, 8, 14, 16, 13, 20, 18, 4, 19, 5, 22, 1, 3, 27, 23, 26, 33, 25, 29, 17, 48, 36, 42, 24, 11, 28, 35, 39, 37, 44, 46, 21, 47, 31, 30, 7, 32, 38, 6, 45, 50, 34, 49, 41, 40, 43]);
% time elapsed: 10.42 s
----------
%%%mzn-stat: initTime=0.715677389
%%%mzn-stat: objective=306
%%%mzn-stat: nodes=32370
%%%mzn-stat: restarts=0
%%%mzn-stat: peakDepth=603
%%%mzn-stat: solveTime=4.887751948
%%%mzn-stat: variables=1117
%%%mzn-stat: propagators=2038
%%%mzn-stat: failures=17698
%%%mzn-stat: propagations=6097423
%%%mzn-stat: nogoods=17698
%%%mzn-stat: numAtomicConstraintsPropagated=0
%%%mzn-stat: circuitNumber1226PropagationsThatFoundConflict=6565
%%%mzn-stat: circuitNumber1226TotalFixedEdgesAtConflict=272583
%%%mzn-stat: circuitNumber1226NumberOfConflicts=6565
%%%mzn-stat: circuitNumber1226PropagationsThatPruned=12677
%%%mzn-stat: circuitNumber1226PropagationsTotal=45060
%%%mzn-stat: AverageConflictSize=16.37800881455532
%%%mzn-stat: NumUnitNogoodsLearned=0
%%%mzn-stat: AverageLearnedNogoodLength=34.77262967566957
%%%mzn-stat: AverageBacktrackAmount=0
%%%mzn-stat: AverageLbd=23.737314950841903
%%%mzn-stat: 2AutonomousSearchNumBackupCalled=7275
%%%mzn-stat: 2AutonomousSearchNumPredicatesRemoved=0
%%%mzn-stat: 2AutonomousSearchNumCalls=7290
%%%mzn-stat: 2AutonomousSearchNumPredicatesAdded=10031
%%%mzn-stat: 2AutonomousSearchAverageSizeOfHeap=3.5559670781893002
%%%mzn-stat: 2AutonomousSearchNumAssignedPredicatesEncountered=25923
%%%mzn-stat-end
maxleg = 306;
succ = array1d(1..50,[2, 15, 12, 10, 9, 8, 14, 16, 13, 20, 18, 4, 19, 5, 22, 1, 3, 27, 23, 26, 33, 25, 29, 17, 48, 36, 42, 24, 11, 28, 35, 39, 37, 45, 46, 21, 47, 31, 30, 7, 32, 38, 6, 43, 50, 34, 49, 41, 40, 44]);
% time elapsed: 10.44 s
----------
=====ERROR=====
% time elapsed: 1361.62 s
