% Logging successfully configured
%%%mzn-stat: initTime=0.004012045
%%%mzn-stat: objective=483
%%%mzn-stat: nodes=161
%%%mzn-stat: restarts=0
%%%mzn-stat: peakDepth=161
%%%mzn-stat: solveTime=0.000713158
%%%mzn-stat: variables=372
%%%mzn-stat: propagators=252
%%%mzn-stat: failures=0
%%%mzn-stat: propagations=856
%%%mzn-stat: nogoods=0
%%%mzn-stat: numAtomicConstraintsPropagated=0
%%%mzn-stat: allDifferentNumber1PropagationsTotal=35
%%%mzn-stat: allDifferentNumber1PropagationsThatFoundConflict=0
%%%mzn-stat: allDifferentNumber1PropagationsThatPruned=17
%%%mzn-stat: allDifferentNumber1TotalValuesPruned=81
%%%mzn-stat: allDifferentNumber1TotalHallSetSizeConflict=0
%%%mzn-stat: allDifferentNumber1NumberOfConflicts=0
%%%mzn-stat: allDifferentNumber1MaxHallSetSizeConflict=0
%%%mzn-stat: allDifferentNumber1TotalPruningHallSetSize=119
%%%mzn-stat: allDifferentNumber1NumberOfPruningExplanations=81
%%%mzn-stat: allDifferentNumber1MaxPruningHallSetSize=7
%%%mzn-stat: allDifferentNumber1TotalFixedEdgesAtConflict=0
%%%mzn-stat: allDifferentNumber1TotalVarsInvolvedInPruning=75
%%%mzn-stat: allDifferentNumber1MaxValuesPrunedFromSingleVar=4
%%%mzn-stat: allDifferentNumber1TotalSccSizeAtPruning=39
%%%mzn-stat: allDifferentNumber1NumberOfSccPruningCalls=17
%%%mzn-stat: circuitNumber2PropagationsThatFoundConflict=0
%%%mzn-stat: circuitNumber2TotalFixedEdgesAtConflict=0
%%%mzn-stat: circuitNumber2NumberOfConflicts=0
%%%mzn-stat: circuitNumber2PropagationsThatPruned=0
%%%mzn-stat: circuitNumber2PropagationsTotal=18
%%%mzn-stat: AverageConflictSize=0
%%%mzn-stat: NumUnitNogoodsLearned=0
%%%mzn-stat: AverageLearnedNogoodLength=0
%%%mzn-stat: AverageBacktrackAmount=0
%%%mzn-stat: AverageLbd=0
%%%mzn-stat: 2AutonomousSearchNumBackupCalled=145
%%%mzn-stat: 2AutonomousSearchNumPredicatesRemoved=0
%%%mzn-stat: 2AutonomousSearchNumCalls=146
%%%mzn-stat: 2AutonomousSearchNumPredicatesAdded=0
%%%mzn-stat: 2AutonomousSearchAverageSizeOfHeap=0
%%%mzn-stat: 2AutonomousSearchNumAssignedPredicatesEncountered=0
%%%mzn-stat-end
maxleg = 483;
succ = array1d(1..20,[2, 7, 4, 8, 6, 9, 3, 5, 10, 11, 17, 13, 14, 1, 16, 12, 18, 19, 20, 15]);
% time elapsed: 10.23 s
----------
%%%mzn-stat: initTime=0.004012045
%%%mzn-stat: objective=462
%%%mzn-stat: nodes=307
%%%mzn-stat: restarts=0
%%%mzn-stat: peakDepth=161
%%%mzn-stat: solveTime=0.001215495
%%%mzn-stat: variables=372
%%%mzn-stat: propagators=252
%%%mzn-stat: failures=0
%%%mzn-stat: propagations=1305
%%%mzn-stat: nogoods=0
%%%mzn-stat: numAtomicConstraintsPropagated=0
%%%mzn-stat: allDifferentNumber1PropagationsTotal=67
%%%mzn-stat: allDifferentNumber1PropagationsThatFoundConflict=0
%%%mzn-stat: allDifferentNumber1PropagationsThatPruned=33
%%%mzn-stat: allDifferentNumber1TotalValuesPruned=158
%%%mzn-stat: allDifferentNumber1TotalHallSetSizeConflict=0
%%%mzn-stat: allDifferentNumber1NumberOfConflicts=0
%%%mzn-stat: allDifferentNumber1MaxHallSetSizeConflict=0
%%%mzn-stat: allDifferentNumber1TotalPruningHallSetSize=228
%%%mzn-stat: allDifferentNumber1NumberOfPruningExplanations=158
%%%mzn-stat: allDifferentNumber1MaxPruningHallSetSize=7
%%%mzn-stat: allDifferentNumber1TotalFixedEdgesAtConflict=0
%%%mzn-stat: allDifferentNumber1TotalVarsInvolvedInPruning=146
%%%mzn-stat: allDifferentNumber1MaxValuesPrunedFromSingleVar=4
%%%mzn-stat: allDifferentNumber1TotalSccSizeAtPruning=80
%%%mzn-stat: allDifferentNumber1NumberOfSccPruningCalls=33
%%%mzn-stat: circuitNumber2PropagationsThatFoundConflict=0
%%%mzn-stat: circuitNumber2TotalFixedEdgesAtConflict=0
%%%mzn-stat: circuitNumber2NumberOfConflicts=0
%%%mzn-stat: circuitNumber2PropagationsThatPruned=1
%%%mzn-stat: circuitNumber2PropagationsTotal=35
%%%mzn-stat: AverageConflictSize=0
%%%mzn-stat: NumUnitNogoodsLearned=0
%%%mzn-stat: AverageLearnedNogoodLength=0
%%%mzn-stat: AverageBacktrackAmount=0
%%%mzn-stat: AverageLbd=0
%%%mzn-stat: 2AutonomousSearchNumBackupCalled=276
%%%mzn-stat: 2AutonomousSearchNumPredicatesRemoved=0
%%%mzn-stat: 2AutonomousSearchNumCalls=278
%%%mzn-stat: 2AutonomousSearchNumPredicatesAdded=0
%%%mzn-stat: 2AutonomousSearchAverageSizeOfHeap=0
%%%mzn-stat: 2AutonomousSearchNumAssignedPredicatesEncountered=0
%%%mzn-stat-end
maxleg = 462;
succ = array1d(1..20,[2, 7, 4, 8, 6, 9, 12, 5, 10, 11, 17, 3, 14, 1, 16, 13, 18, 19, 20, 15]);
% time elapsed: 10.23 s
----------
%%%mzn-stat: initTime=0.004012045
%%%mzn-stat: objective=461
%%%mzn-stat: nodes=467
%%%mzn-stat: restarts=0
%%%mzn-stat: peakDepth=161
%%%mzn-stat: solveTime=0.0021993
%%%mzn-stat: variables=372
%%%mzn-stat: propagators=252
%%%mzn-stat: failures=1
%%%mzn-stat: propagations=1760
%%%mzn-stat: nogoods=1
%%%mzn-stat: numAtomicConstraintsPropagated=0
%%%mzn-stat: allDifferentNumber1PropagationsTotal=103
%%%mzn-stat: allDifferentNumber1PropagationsThatFoundConflict=0
%%%mzn-stat: allDifferentNumber1PropagationsThatPruned=51
%%%mzn-stat: allDifferentNumber1TotalValuesPruned=236
%%%mzn-stat: allDifferentNumber1TotalHallSetSizeConflict=0
%%%mzn-stat: allDifferentNumber1NumberOfConflicts=0
%%%mzn-stat: allDifferentNumber1MaxHallSetSizeConflict=0
%%%mzn-stat: allDifferentNumber1TotalPruningHallSetSize=337
%%%mzn-stat: allDifferentNumber1NumberOfPruningExplanations=236
%%%mzn-stat: allDifferentNumber1MaxPruningHallSetSize=7
%%%mzn-stat: allDifferentNumber1TotalFixedEdgesAtConflict=0
%%%mzn-stat: allDifferentNumber1TotalVarsInvolvedInPruning=219
%%%mzn-stat: allDifferentNumber1MaxValuesPrunedFromSingleVar=4
%%%mzn-stat: allDifferentNumber1TotalSccSizeAtPruning=122
%%%mzn-stat: allDifferentNumber1NumberOfSccPruningCalls=51
%%%mzn-stat: circuitNumber2PropagationsThatFoundConflict=1
%%%mzn-stat: circuitNumber2TotalFixedEdgesAtConflict=20
%%%mzn-stat: circuitNumber2NumberOfConflicts=1
%%%mzn-stat: circuitNumber2PropagationsThatPruned=1
%%%mzn-stat: circuitNumber2PropagationsTotal=53
%%%mzn-stat: AverageConflictSize=18
%%%mzn-stat: NumUnitNogoodsLearned=0
%%%mzn-stat: AverageLearnedNogoodLength=19
%%%mzn-stat: AverageBacktrackAmount=0
%%%mzn-stat: AverageLbd=15
%%%mzn-stat: 2AutonomousSearchNumBackupCalled=420
%%%mzn-stat: 2AutonomousSearchNumPredicatesRemoved=0
%%%mzn-stat: 2AutonomousSearchNumCalls=423
%%%mzn-stat: 2AutonomousSearchNumPredicatesAdded=26
%%%mzn-stat: 2AutonomousSearchAverageSizeOfHeap=0.061465721040189124
%%%mzn-stat: 2AutonomousSearchNumAssignedPredicatesEncountered=26
%%%mzn-stat-end
maxleg = 461;
succ = array1d(1..20,[2, 7, 4, 8, 6, 9, 12, 5, 10, 11, 17, 3, 14, 15, 1, 13, 18, 19, 20, 16]);
% time elapsed: 10.23 s
----------
%%%mzn-stat: initTime=0.004012045
%%%mzn-stat: objective=449
%%%mzn-stat: nodes=625
%%%mzn-stat: restarts=0
%%%mzn-stat: peakDepth=161
%%%mzn-stat: solveTime=0.002696296
%%%mzn-stat: variables=372
%%%mzn-stat: propagators=252
%%%mzn-stat: failures=1
%%%mzn-stat: propagations=2218
%%%mzn-stat: nogoods=1
%%%mzn-stat: numAtomicConstraintsPropagated=0
%%%mzn-stat: allDifferentNumber1PropagationsTotal=131
%%%mzn-stat: allDifferentNumber1PropagationsThatFoundConflict=0
%%%mzn-stat: allDifferentNumber1PropagationsThatPruned=66
%%%mzn-stat: allDifferentNumber1TotalValuesPruned=310
%%%mzn-stat: allDifferentNumber1TotalHallSetSizeConflict=0
%%%mzn-stat: allDifferentNumber1NumberOfConflicts=0
%%%mzn-stat: allDifferentNumber1MaxHallSetSizeConflict=0
%%%mzn-stat: allDifferentNumber1TotalPruningHallSetSize=474
%%%mzn-stat: allDifferentNumber1NumberOfPruningExplanations=310
%%%mzn-stat: allDifferentNumber1MaxPruningHallSetSize=13
%%%mzn-stat: allDifferentNumber1TotalFixedEdgesAtConflict=0
%%%mzn-stat: allDifferentNumber1TotalVarsInvolvedInPruning=287
%%%mzn-stat: allDifferentNumber1MaxValuesPrunedFromSingleVar=4
%%%mzn-stat: allDifferentNumber1TotalSccSizeAtPruning=172
%%%mzn-stat: allDifferentNumber1NumberOfSccPruningCalls=66
%%%mzn-stat: circuitNumber2PropagationsThatFoundConflict=1
%%%mzn-stat: circuitNumber2TotalFixedEdgesAtConflict=20
%%%mzn-stat: circuitNumber2NumberOfConflicts=1
%%%mzn-stat: circuitNumber2PropagationsThatPruned=4
%%%mzn-stat: circuitNumber2PropagationsTotal=69
%%%mzn-stat: AverageConflictSize=18
%%%mzn-stat: NumUnitNogoodsLearned=0
%%%mzn-stat: AverageLearnedNogoodLength=19
%%%mzn-stat: AverageBacktrackAmount=0
%%%mzn-stat: AverageLbd=15
%%%mzn-stat: 2AutonomousSearchNumBackupCalled=565
%%%mzn-stat: 2AutonomousSearchNumPredicatesRemoved=0
%%%mzn-stat: 2AutonomousSearchNumCalls=569
%%%mzn-stat: 2AutonomousSearchNumPredicatesAdded=26
%%%mzn-stat: 2AutonomousSearchAverageSizeOfHeap=0.0913884007029877
%%%mzn-stat: 2AutonomousSearchNumAssignedPredicatesEncountered=52
%%%mzn-stat-end
maxleg = 449;
succ = array1d(1..20,[2, 7, 4, 8, 6, 9, 12, 5, 10, 11, 17, 3, 14, 20, 1, 13, 18, 19, 16, 15]);
% time elapsed: 10.23 s
----------
%%%mzn-stat: initTime=0.004012045
%%%mzn-stat: objective=415
%%%mzn-stat: nodes=757
%%%mzn-stat: restarts=0
%%%mzn-stat: peakDepth=161
%%%mzn-stat: solveTime=0.003217064
%%%mzn-stat: variables=372
%%%mzn-stat: propagators=252
%%%mzn-stat: failures=1
%%%mzn-stat: propagations=2664
%%%mzn-stat: nogoods=1
%%%mzn-stat: numAtomicConstraintsPropagated=0
%%%mzn-stat: allDifferentNumber1PropagationsTotal=160
%%%mzn-stat: allDifferentNumber1PropagationsThatFoundConflict=0
%%%mzn-stat: allDifferentNumber1PropagationsThatPruned=81
%%%mzn-stat: allDifferentNumber1TotalValuesPruned=379
%%%mzn-stat: allDifferentNumber1TotalHallSetSizeConflict=0
%%%mzn-stat: allDifferentNumber1NumberOfConflicts=0
%%%mzn-stat: allDifferentNumber1MaxHallSetSizeConflict=0
%%%mzn-stat: allDifferentNumber1TotalPruningHallSetSize=601
%%%mzn-stat: allDifferentNumber1NumberOfPruningExplanations=379
%%%mzn-stat: allDifferentNumber1MaxPruningHallSetSize=13
%%%mzn-stat: allDifferentNumber1TotalFixedEdgesAtConflict=0
%%%mzn-stat: allDifferentNumber1TotalVarsInvolvedInPruning=352
%%%mzn-stat: allDifferentNumber1MaxValuesPrunedFromSingleVar=4
%%%mzn-stat: allDifferentNumber1TotalSccSizeAtPruning=223
%%%mzn-stat: allDifferentNumber1NumberOfSccPruningCalls=81
%%%mzn-stat: circuitNumber2PropagationsThatFoundConflict=1
%%%mzn-stat: circuitNumber2TotalFixedEdgesAtConflict=20
%%%mzn-stat: circuitNumber2NumberOfConflicts=1
%%%mzn-stat: circuitNumber2PropagationsThatPruned=6
%%%mzn-stat: circuitNumber2PropagationsTotal=85
%%%mzn-stat: AverageConflictSize=18
%%%mzn-stat: NumUnitNogoodsLearned=0
%%%mzn-stat: AverageLearnedNogoodLength=19
%%%mzn-stat: AverageBacktrackAmount=0
%%%mzn-stat: AverageLbd=15
%%%mzn-stat: 2AutonomousSearchNumBackupCalled=683
%%%mzn-stat: 2AutonomousSearchNumPredicatesRemoved=0
%%%mzn-stat: 2AutonomousSearchNumCalls=688
%%%mzn-stat: 2AutonomousSearchNumPredicatesAdded=26
%%%mzn-stat: 2AutonomousSearchAverageSizeOfHeap=0.11337209302325581
%%%mzn-stat: 2AutonomousSearchNumAssignedPredicatesEncountered=78
%%%mzn-stat-end
maxleg = 415;
succ = array1d(1..20,[2, 7, 12, 8, 6, 9, 13, 5, 10, 11, 17, 4, 3, 20, 1, 14, 18, 19, 16, 15]);
% time elapsed: 10.23 s
----------
%%%mzn-stat: initTime=0.004012045
%%%mzn-stat: objective=387
%%%mzn-stat: nodes=879
%%%mzn-stat: restarts=0
%%%mzn-stat: peakDepth=161
%%%mzn-stat: solveTime=0.003760529
%%%mzn-stat: variables=372
%%%mzn-stat: propagators=252
%%%mzn-stat: failures=1
%%%mzn-stat: propagations=3137
%%%mzn-stat: nogoods=1
%%%mzn-stat: numAtomicConstraintsPropagated=0
%%%mzn-stat: allDifferentNumber1PropagationsTotal=192
%%%mzn-stat: allDifferentNumber1PropagationsThatFoundConflict=0
%%%mzn-stat: allDifferentNumber1PropagationsThatPruned=98
%%%mzn-stat: allDifferentNumber1TotalValuesPruned=442
%%%mzn-stat: allDifferentNumber1TotalHallSetSizeConflict=0
%%%mzn-stat: allDifferentNumber1NumberOfConflicts=0
%%%mzn-stat: allDifferentNumber1MaxHallSetSizeConflict=0
%%%mzn-stat: allDifferentNumber1TotalPruningHallSetSize=789
%%%mzn-stat: allDifferentNumber1NumberOfPruningExplanations=442
%%%mzn-stat: allDifferentNumber1MaxPruningHallSetSize=16
%%%mzn-stat: allDifferentNumber1TotalFixedEdgesAtConflict=0
%%%mzn-stat: allDifferentNumber1TotalVarsInvolvedInPruning=406
%%%mzn-stat: allDifferentNumber1MaxValuesPrunedFromSingleVar=4
%%%mzn-stat: allDifferentNumber1TotalSccSizeAtPruning=305
%%%mzn-stat: allDifferentNumber1NumberOfSccPruningCalls=98
%%%mzn-stat: circuitNumber2PropagationsThatFoundConflict=1
%%%mzn-stat: circuitNumber2TotalFixedEdgesAtConflict=20
%%%mzn-stat: circuitNumber2NumberOfConflicts=1
%%%mzn-stat: circuitNumber2PropagationsThatPruned=9
%%%mzn-stat: circuitNumber2PropagationsTotal=102
%%%mzn-stat: AverageConflictSize=18
%%%mzn-stat: NumUnitNogoodsLearned=0
%%%mzn-stat: AverageLearnedNogoodLength=19
%%%mzn-stat: AverageBacktrackAmount=0
%%%mzn-stat: AverageLbd=15
%%%mzn-stat: 2AutonomousSearchNumBackupCalled=792
%%%mzn-stat: 2AutonomousSearchNumPredicatesRemoved=0
%%%mzn-stat: 2AutonomousSearchNumCalls=798
%%%mzn-stat: 2AutonomousSearchNumPredicatesAdded=26
%%%mzn-stat: 2AutonomousSearchAverageSizeOfHeap=0.13032581453634084
%%%mzn-stat: 2AutonomousSearchNumAssignedPredicatesEncountered=104
%%%mzn-stat-end
maxleg = 387;
succ = array1d(1..20,[2, 7, 12, 9, 6, 8, 13, 11, 5, 4, 18, 14, 3, 16, 1, 17, 10, 19, 20, 15]);
% time elapsed: 10.23 s
----------
%%%mzn-stat: initTime=0.004012045
%%%mzn-stat: objective=380
%%%mzn-stat: nodes=1000
%%%mzn-stat: restarts=0
%%%mzn-stat: peakDepth=161
%%%mzn-stat: solveTime=0.00485403
%%%mzn-stat: variables=372
%%%mzn-stat: propagators=252
%%%mzn-stat: failures=5
%%%mzn-stat: propagations=3789
%%%mzn-stat: nogoods=5
%%%mzn-stat: numAtomicConstraintsPropagated=0
%%%mzn-stat: allDifferentNumber1PropagationsTotal=231
%%%mzn-stat: allDifferentNumber1PropagationsThatFoundConflict=1
%%%mzn-stat: allDifferentNumber1PropagationsThatPruned=118
%%%mzn-stat: allDifferentNumber1TotalValuesPruned=552
%%%mzn-stat: allDifferentNumber1TotalHallSetSizeConflict=2
%%%mzn-stat: allDifferentNumber1NumberOfConflicts=1
%%%mzn-stat: allDifferentNumber1MaxHallSetSizeConflict=2
%%%mzn-stat: allDifferentNumber1TotalPruningHallSetSize=1103
%%%mzn-stat: allDifferentNumber1NumberOfPruningExplanations=552
%%%mzn-stat: allDifferentNumber1MaxPruningHallSetSize=18
%%%mzn-stat: allDifferentNumber1TotalFixedEdgesAtConflict=19
%%%mzn-stat: allDifferentNumber1TotalVarsInvolvedInPruning=482
%%%mzn-stat: allDifferentNumber1MaxValuesPrunedFromSingleVar=5
%%%mzn-stat: allDifferentNumber1TotalSccSizeAtPruning=418
%%%mzn-stat: allDifferentNumber1NumberOfSccPruningCalls=118
%%%mzn-stat: circuitNumber2PropagationsThatFoundConflict=4
%%%mzn-stat: circuitNumber2TotalFixedEdgesAtConflict=76
%%%mzn-stat: circuitNumber2NumberOfConflicts=4
%%%mzn-stat: circuitNumber2PropagationsThatPruned=16
%%%mzn-stat: circuitNumber2PropagationsTotal=126
%%%mzn-stat: AverageConflictSize=10.6
%%%mzn-stat: NumUnitNogoodsLearned=0
%%%mzn-stat: AverageLearnedNogoodLength=25
%%%mzn-stat: AverageBacktrackAmount=0
%%%mzn-stat: AverageLbd=11.2
%%%mzn-stat: 2AutonomousSearchNumBackupCalled=899
%%%mzn-stat: 2AutonomousSearchNumPredicatesRemoved=0
%%%mzn-stat: 2AutonomousSearchNumCalls=906
%%%mzn-stat: 2AutonomousSearchNumPredicatesAdded=158
%%%mzn-stat: 2AutonomousSearchAverageSizeOfHeap=0.2836644591611479
%%%mzn-stat: 2AutonomousSearchNumAssignedPredicatesEncountered=257
%%%mzn-stat-end
maxleg = 380;
succ = array1d(1..20,[2, 7, 12, 9, 6, 8, 13, 11, 18, 17, 10, 4, 3, 16, 1, 19, 14, 5, 20, 15]);
% time elapsed: 10.23 s
----------
%%%mzn-stat: initTime=0.004012045
%%%mzn-stat: objective=373
%%%mzn-stat: nodes=1115
%%%mzn-stat: restarts=0
%%%mzn-stat: peakDepth=161
%%%mzn-stat: solveTime=0.005558845
%%%mzn-stat: variables=372
%%%mzn-stat: propagators=252
%%%mzn-stat: failures=6
%%%mzn-stat: propagations=4300
%%%mzn-stat: nogoods=6
%%%mzn-stat: numAtomicConstraintsPropagated=0
%%%mzn-stat: allDifferentNumber1PropagationsTotal=256
%%%mzn-stat: allDifferentNumber1PropagationsThatFoundConflict=1
%%%mzn-stat: allDifferentNumber1PropagationsThatPruned=131
%%%mzn-stat: allDifferentNumber1TotalValuesPruned=626
%%%mzn-stat: allDifferentNumber1TotalHallSetSizeConflict=2
%%%mzn-stat: allDifferentNumber1NumberOfConflicts=1
%%%mzn-stat: allDifferentNumber1MaxHallSetSizeConflict=2
%%%mzn-stat: allDifferentNumber1TotalPruningHallSetSize=1467
%%%mzn-stat: allDifferentNumber1NumberOfPruningExplanations=626
%%%mzn-stat: allDifferentNumber1MaxPruningHallSetSize=18
%%%mzn-stat: allDifferentNumber1TotalFixedEdgesAtConflict=19
%%%mzn-stat: allDifferentNumber1TotalVarsInvolvedInPruning=529
%%%mzn-stat: allDifferentNumber1MaxValuesPrunedFromSingleVar=9
%%%mzn-stat: allDifferentNumber1TotalSccSizeAtPruning=554
%%%mzn-stat: allDifferentNumber1NumberOfSccPruningCalls=131
%%%mzn-stat: circuitNumber2PropagationsThatFoundConflict=5
%%%mzn-stat: circuitNumber2TotalFixedEdgesAtConflict=93
%%%mzn-stat: circuitNumber2NumberOfConflicts=5
%%%mzn-stat: circuitNumber2PropagationsThatPruned=18
%%%mzn-stat: circuitNumber2PropagationsTotal=139
%%%mzn-stat: AverageConflictSize=10.833333333333334
%%%mzn-stat: NumUnitNogoodsLearned=0
%%%mzn-stat: AverageLearnedNogoodLength=26.833333333333332
%%%mzn-stat: AverageBacktrackAmount=0
%%%mzn-stat: AverageLbd=10.666666666666666
%%%mzn-stat: 2AutonomousSearchNumBackupCalled=1004
%%%mzn-stat: 2AutonomousSearchNumPredicatesRemoved=0
%%%mzn-stat: 2AutonomousSearchNumCalls=1012
%%%mzn-stat: 2AutonomousSearchNumPredicatesAdded=245
%%%mzn-stat: 2AutonomousSearchAverageSizeOfHeap=0.42193675889328064
%%%mzn-stat: 2AutonomousSearchNumAssignedPredicatesEncountered=427
%%%mzn-stat-end
maxleg = 373;
succ = array1d(1..20,[2, 7, 12, 9, 6, 8, 14, 11, 18, 17, 10, 4, 3, 16, 1, 13, 19, 5, 20, 15]);
% time elapsed: 10.23 s
----------
%%%mzn-stat: initTime=0.004012045
%%%mzn-stat: objective=371
%%%mzn-stat: nodes=1224
%%%mzn-stat: restarts=0
%%%mzn-stat: peakDepth=161
%%%mzn-stat: solveTime=0.006220152
%%%mzn-stat: variables=372
%%%mzn-stat: propagators=252
%%%mzn-stat: failures=7
%%%mzn-stat: propagations=4794
%%%mzn-stat: nogoods=7
%%%mzn-stat: numAtomicConstraintsPropagated=0
%%%mzn-stat: allDifferentNumber1PropagationsTotal=280
%%%mzn-stat: allDifferentNumber1PropagationsThatFoundConflict=1
%%%mzn-stat: allDifferentNumber1PropagationsThatPruned=144
%%%mzn-stat: allDifferentNumber1TotalValuesPruned=689
%%%mzn-stat: allDifferentNumber1TotalHallSetSizeConflict=2
%%%mzn-stat: allDifferentNumber1NumberOfConflicts=1
%%%mzn-stat: allDifferentNumber1MaxHallSetSizeConflict=2
%%%mzn-stat: allDifferentNumber1TotalPruningHallSetSize=1731
%%%mzn-stat: allDifferentNumber1NumberOfPruningExplanations=689
%%%mzn-stat: allDifferentNumber1MaxPruningHallSetSize=18
%%%mzn-stat: allDifferentNumber1TotalFixedEdgesAtConflict=19
%%%mzn-stat: allDifferentNumber1TotalVarsInvolvedInPruning=572
%%%mzn-stat: allDifferentNumber1MaxValuesPrunedFromSingleVar=9
%%%mzn-stat: allDifferentNumber1TotalSccSizeAtPruning=646
%%%mzn-stat: allDifferentNumber1NumberOfSccPruningCalls=144
%%%mzn-stat: circuitNumber2PropagationsThatFoundConflict=6
%%%mzn-stat: circuitNumber2TotalFixedEdgesAtConflict=110
%%%mzn-stat: circuitNumber2NumberOfConflicts=6
%%%mzn-stat: circuitNumber2PropagationsThatPruned=21
%%%mzn-stat: circuitNumber2PropagationsTotal=152
%%%mzn-stat: AverageConflictSize=9.571428571428571
%%%mzn-stat: NumUnitNogoodsLearned=0
%%%mzn-stat: AverageLearnedNogoodLength=23.857142857142858
%%%mzn-stat: AverageBacktrackAmount=0
%%%mzn-stat: AverageLbd=9.714285714285714
%%%mzn-stat: 2AutonomousSearchNumBackupCalled=1103
%%%mzn-stat: 2AutonomousSearchNumPredicatesRemoved=0
%%%mzn-stat: 2AutonomousSearchNumCalls=1112
%%%mzn-stat: 2AutonomousSearchNumPredicatesAdded=259
%%%mzn-stat: 2AutonomousSearchAverageSizeOfHeap=0.5386690647482014
%%%mzn-stat: 2AutonomousSearchNumAssignedPredicatesEncountered=599
%%%mzn-stat-end
maxleg = 371;
succ = array1d(1..20,[2, 7, 12, 9, 6, 18, 14, 5, 8, 17, 10, 4, 3, 16, 1, 13, 19, 11, 20, 15]);
% time elapsed: 10.23 s
----------
%%%mzn-stat: initTime=0.004012045
%%%mzn-stat: objective=356
%%%mzn-stat: nodes=1341
%%%mzn-stat: restarts=0
%%%mzn-stat: peakDepth=161
%%%mzn-stat: solveTime=0.007462607
%%%mzn-stat: variables=372
%%%mzn-stat: propagators=252
%%%mzn-stat: failures=15
%%%mzn-stat: propagations=5498
%%%mzn-stat: nogoods=15
%%%mzn-stat: numAtomicConstraintsPropagated=0
%%%mzn-stat: allDifferentNumber1PropagationsTotal=325
%%%mzn-stat: allDifferentNumber1PropagationsThatFoundConflict=1
%%%mzn-stat: allDifferentNumber1PropagationsThatPruned=169
%%%mzn-stat: allDifferentNumber1TotalValuesPruned=827
%%%mzn-stat: allDifferentNumber1TotalHallSetSizeConflict=2
%%%mzn-stat: allDifferentNumber1NumberOfConflicts=1
%%%mzn-stat: allDifferentNumber1MaxHallSetSizeConflict=2
%%%mzn-stat: allDifferentNumber1TotalPruningHallSetSize=2094
%%%mzn-stat: allDifferentNumber1NumberOfPruningExplanations=827
%%%mzn-stat: allDifferentNumber1MaxPruningHallSetSize=18
%%%mzn-stat: allDifferentNumber1TotalFixedEdgesAtConflict=19
%%%mzn-stat: allDifferentNumber1TotalVarsInvolvedInPruning=667
%%%mzn-stat: allDifferentNumber1MaxValuesPrunedFromSingleVar=9
%%%mzn-stat: allDifferentNumber1TotalSccSizeAtPruning=785
%%%mzn-stat: allDifferentNumber1NumberOfSccPruningCalls=169
%%%mzn-stat: circuitNumber2PropagationsThatFoundConflict=9
%%%mzn-stat: circuitNumber2TotalFixedEdgesAtConflict=156
%%%mzn-stat: circuitNumber2NumberOfConflicts=9
%%%mzn-stat: circuitNumber2PropagationsThatPruned=26
%%%mzn-stat: circuitNumber2PropagationsTotal=173
%%%mzn-stat: AverageConflictSize=9.533333333333333
%%%mzn-stat: NumUnitNogoodsLearned=0
%%%mzn-stat: AverageLearnedNogoodLength=19.266666666666666
%%%mzn-stat: AverageBacktrackAmount=0
%%%mzn-stat: AverageLbd=8
%%%mzn-stat: 2AutonomousSearchNumBackupCalled=1201
%%%mzn-stat: 2AutonomousSearchNumPredicatesRemoved=0
%%%mzn-stat: 2AutonomousSearchNumCalls=1211
%%%mzn-stat: 2AutonomousSearchNumPredicatesAdded=368
%%%mzn-stat: 2AutonomousSearchAverageSizeOfHeap=0.6903385631709331
%%%mzn-stat: 2AutonomousSearchNumAssignedPredicatesEncountered=836
%%%mzn-stat-end
maxleg = 356;
succ = array1d(1..20,[2, 7, 12, 9, 6, 19, 14, 5, 11, 17, 10, 4, 3, 16, 1, 13, 18, 8, 20, 15]);
% time elapsed: 10.23 s
----------
==========
% time elapsed: 10.24 s
%%%mzn-stat: initTime=0.004012045
%%%mzn-stat: objective=356
%%%mzn-stat: nodes=1392
%%%mzn-stat: restarts=0
%%%mzn-stat: peakDepth=161
%%%mzn-stat: solveTime=0.019144891
%%%mzn-stat: variables=372
%%%mzn-stat: propagators=252
%%%mzn-stat: failures=67
%%%mzn-stat: propagations=7647
%%%mzn-stat: nogoods=67
%%%mzn-stat: numAtomicConstraintsPropagated=0
%%%mzn-stat: allDifferentNumber1PropagationsTotal=506
%%%mzn-stat: allDifferentNumber1PropagationsThatFoundConflict=1
%%%mzn-stat: allDifferentNumber1PropagationsThatPruned=298
%%%mzn-stat: allDifferentNumber1TotalValuesPruned=1630
%%%mzn-stat: allDifferentNumber1TotalHallSetSizeConflict=2
%%%mzn-stat: allDifferentNumber1NumberOfConflicts=1
%%%mzn-stat: allDifferentNumber1MaxHallSetSizeConflict=2
%%%mzn-stat: allDifferentNumber1TotalPruningHallSetSize=6701
%%%mzn-stat: allDifferentNumber1NumberOfPruningExplanations=1630
%%%mzn-stat: allDifferentNumber1MaxPruningHallSetSize=18
%%%mzn-stat: allDifferentNumber1TotalFixedEdgesAtConflict=19
%%%mzn-stat: allDifferentNumber1TotalVarsInvolvedInPruning=1215
%%%mzn-stat: allDifferentNumber1MaxValuesPrunedFromSingleVar=9
%%%mzn-stat: allDifferentNumber1TotalSccSizeAtPruning=2837
%%%mzn-stat: allDifferentNumber1NumberOfSccPruningCalls=298
%%%mzn-stat: circuitNumber2PropagationsThatFoundConflict=61
%%%mzn-stat: circuitNumber2TotalFixedEdgesAtConflict=495
%%%mzn-stat: circuitNumber2NumberOfConflicts=61
%%%mzn-stat: circuitNumber2PropagationsThatPruned=67
%%%mzn-stat: circuitNumber2PropagationsTotal=302
%%%mzn-stat: AverageConflictSize=4.597014925373134
%%%mzn-stat: NumUnitNogoodsLearned=1
%%%mzn-stat: AverageLearnedNogoodLength=32.3134328358209
%%%mzn-stat: AverageBacktrackAmount=0
%%%mzn-stat: AverageLbd=4.149253731343284
%%%mzn-stat: 2AutonomousSearchNumBackupCalled=1201
%%%mzn-stat: 2AutonomousSearchNumPredicatesRemoved=0
%%%mzn-stat: 2AutonomousSearchNumCalls=1211
%%%mzn-stat: 2AutonomousSearchNumPredicatesAdded=833
%%%mzn-stat: 2AutonomousSearchAverageSizeOfHeap=0.6903385631709331
%%%mzn-stat: 2AutonomousSearchNumAssignedPredicatesEncountered=836
%%%mzn-stat-end
