%%%mzn-stat: initTime=0.048402912
%%%mzn-stat: objective=747
%%%mzn-stat: nodes=1392895
%%%mzn-stat: restarts=2690
%%%mzn-stat: peakDepth=586
%%%mzn-stat: solveTime=311.457730925
%%%mzn-stat: variables=1077
%%%mzn-stat: propagators=5734
%%%mzn-stat: failures=810483
%%%mzn-stat: propagations=350228782
%%%mzn-stat: nogoods=810483
%%%mzn-stat: AverageConflictSize=16.866637548227416
%%%mzn-stat: NumUnitNogoodsLearned=175
%%%mzn-stat: AverageLearnedNogoodLength=33.985412402234225
%%%mzn-stat: AverageBacktrackAmount=0
%%%mzn-stat: AverageLbd=14.428417375811707
%%%mzn-stat-end
maxleg = 747;
succ = array1d(1..100,[48, 92, 91, 22, 8, 37, 61, 47, 42, 62, 85, 63, 5, 69, 89, 46, 4, 87, 59, 13, 14, 74, 76, 9, 35, 39, 44, 97, 55, 94, 19, 38, 79, 71, 23, 25, 26, 45, 43, 98, 6, 96, 17, 12, 3, 100, 7, 66, 70, 88, 30, 33, 29, 51, 84, 11, 28, 41, 10, 40, 15, 21, 86, 58, 49, 18, 80, 53, 52, 83, 64, 20, 72, 1, 24, 34, 27, 81, 60, 57, 31, 32, 93, 95, 67, 68, 56, 16, 78, 77, 65, 90, 54, 73, 82, 36, 99, 50, 2, 75]);
% time elapsed: 314.88 s
----------
%%%mzn-stat: initTime=0.048402912
%%%mzn-stat: objective=690
%%%mzn-stat: nodes=1396034
%%%mzn-stat: restarts=2691
%%%mzn-stat: peakDepth=630
%%%mzn-stat: solveTime=312.174973317
%%%mzn-stat: variables=1077
%%%mzn-stat: propagators=5734
%%%mzn-stat: failures=812067
%%%mzn-stat: propagations=350886455
%%%mzn-stat: nogoods=812067
%%%mzn-stat: AverageConflictSize=16.871068520208308
%%%mzn-stat: NumUnitNogoodsLearned=175
%%%mzn-stat: AverageLearnedNogoodLength=33.976940326352384
%%%mzn-stat: AverageBacktrackAmount=0
%%%mzn-stat: AverageLbd=14.428150632891128
%%%mzn-stat-end
maxleg = 690;
succ = array1d(1..100,[48, 92, 91, 22, 8, 37, 61, 47, 42, 62, 85, 63, 30, 69, 89, 46, 51, 87, 59, 13, 14, 74, 76, 9, 35, 39, 44, 97, 55, 94, 19, 38, 79, 71, 23, 25, 26, 45, 43, 98, 6, 96, 17, 12, 3, 100, 7, 66, 70, 88, 83, 33, 29, 49, 84, 11, 28, 41, 10, 40, 15, 21, 86, 58, 72, 18, 80, 53, 52, 4, 64, 20, 5, 1, 24, 34, 27, 81, 60, 57, 31, 32, 93, 95, 67, 68, 56, 16, 78, 77, 65, 90, 54, 73, 82, 36, 99, 50, 2, 75]);
% time elapsed: 315.59 s
----------
%%%mzn-stat: initTime=0.048402912
%%%mzn-stat: objective=690
%%%mzn-stat: nodes=6578123
%%%mzn-stat: restarts=12094
%%%mzn-stat: peakDepth=630
%%%mzn-stat: solveTime=1797.106547729
%%%mzn-stat: variables=1077
%%%mzn-stat: propagators=5734
%%%mzn-stat: failures=4041679
%%%mzn-stat: propagations=1807507537
%%%mzn-stat: nogoods=4041679
%%%mzn-stat: AverageConflictSize=18.397975692775205
%%%mzn-stat: NumUnitNogoodsLearned=175
%%%mzn-stat: AverageLearnedNogoodLength=38.0795216542432
%%%mzn-stat: AverageBacktrackAmount=0
%%%mzn-stat: AverageLbd=16.004276687980415
%%%mzn-stat-end
