% Logging successfully configured
%%%mzn-stat: initTime=0.003328359
%%%mzn-stat: objective=463
%%%mzn-stat: nodes=213
%%%mzn-stat: restarts=0
%%%mzn-stat: peakDepth=128
%%%mzn-stat: solveTime=0.00557923
%%%mzn-stat: variables=294
%%%mzn-stat: propagators=192
%%%mzn-stat: failures=32
%%%mzn-stat: propagations=1657
%%%mzn-stat: nogoods=32
%%%mzn-stat: numAtomicConstraintsPropagated=0
%%%mzn-stat: circuitNumber1PropagationsTotal=271
%%%mzn-stat: circuitNumber1CircuitConflicts=31
%%%mzn-stat: circuitNumber1AlldiffConflicts=0
%%%mzn-stat: circuitNumber1TotalFixedEdgesAtConflict=347
%%%mzn-stat: circuitNumber1NumberOfConflicts=31
%%%mzn-stat: circuitNumber1GacPrunings=415
%%%mzn-stat: circuitNumber1PropagationsThatGacPruned=139
%%%mzn-stat: circuitNumber1TotalPruningHallSetSize=535
%%%mzn-stat: circuitNumber1NumberOfPruningExplanations=415
%%%mzn-stat: circuitNumber1MaxPruningHallSetSize=8
%%%mzn-stat: circuitNumber1TotalSccSizeAtPruning=221
%%%mzn-stat: circuitNumber1NumberOfSccPruningCalls=139
%%%mzn-stat: circuitNumber1TotalVarsInvolvedInPruning=400
%%%mzn-stat: circuitNumber1MaxValuesPrunedFromSingleVar=5
%%%mzn-stat: circuitNumber1HallCircuitChecks=432
%%%mzn-stat: circuitNumber1HallCircuitPrunings=60
%%%mzn-stat: circuitNumber1CircuitPreventPrunings=122
%%%mzn-stat: AverageConflictSize=5.25
%%%mzn-stat: NumUnitNogoodsLearned=0
%%%mzn-stat: AverageLearnedNogoodLength=5.09375
%%%mzn-stat: AverageBacktrackAmount=0
%%%mzn-stat: AverageLbd=4.03125
%%%mzn-stat: 2AutonomousSearchNumBackupCalled=114
%%%mzn-stat: 2AutonomousSearchNumPredicatesRemoved=0
%%%mzn-stat: 2AutonomousSearchNumCalls=115
%%%mzn-stat: 2AutonomousSearchNumPredicatesAdded=148
%%%mzn-stat: 2AutonomousSearchAverageSizeOfHeap=1.2869565217391303
%%%mzn-stat: 2AutonomousSearchNumAssignedPredicatesEncountered=148
%%%mzn-stat-end
maxleg = 463;
succ = array1d(1..20,[8, 3, 6, 5, 7, 12, 9, 11, 1, 2, 20, 13, 16, 10, 17, 4, 18, 14, 15, 19]);
% time elapsed: 0.20 s
----------
%%%mzn-stat: initTime=0.003328359
%%%mzn-stat: objective=452
%%%mzn-stat: nodes=326
%%%mzn-stat: restarts=0
%%%mzn-stat: peakDepth=128
%%%mzn-stat: solveTime=0.006317452
%%%mzn-stat: variables=294
%%%mzn-stat: propagators=192
%%%mzn-stat: failures=32
%%%mzn-stat: propagations=1999
%%%mzn-stat: nogoods=32
%%%mzn-stat: numAtomicConstraintsPropagated=0
%%%mzn-stat: circuitNumber1PropagationsTotal=303
%%%mzn-stat: circuitNumber1CircuitConflicts=31
%%%mzn-stat: circuitNumber1AlldiffConflicts=0
%%%mzn-stat: circuitNumber1TotalFixedEdgesAtConflict=347
%%%mzn-stat: circuitNumber1NumberOfConflicts=31
%%%mzn-stat: circuitNumber1GacPrunings=470
%%%mzn-stat: circuitNumber1PropagationsThatGacPruned=155
%%%mzn-stat: circuitNumber1TotalPruningHallSetSize=636
%%%mzn-stat: circuitNumber1NumberOfPruningExplanations=470
%%%mzn-stat: circuitNumber1MaxPruningHallSetSize=8
%%%mzn-stat: circuitNumber1TotalSccSizeAtPruning=265
%%%mzn-stat: circuitNumber1NumberOfSccPruningCalls=155
%%%mzn-stat: circuitNumber1TotalVarsInvolvedInPruning=449
%%%mzn-stat: circuitNumber1MaxValuesPrunedFromSingleVar=5
%%%mzn-stat: circuitNumber1HallCircuitChecks=480
%%%mzn-stat: circuitNumber1HallCircuitPrunings=68
%%%mzn-stat: circuitNumber1CircuitPreventPrunings=126
%%%mzn-stat: AverageConflictSize=5.25
%%%mzn-stat: NumUnitNogoodsLearned=0
%%%mzn-stat: AverageLearnedNogoodLength=5.09375
%%%mzn-stat: AverageBacktrackAmount=0
%%%mzn-stat: AverageLbd=4.03125
%%%mzn-stat: 2AutonomousSearchNumBackupCalled=213
%%%mzn-stat: 2AutonomousSearchNumPredicatesRemoved=0
%%%mzn-stat: 2AutonomousSearchNumCalls=215
%%%mzn-stat: 2AutonomousSearchNumPredicatesAdded=148
%%%mzn-stat: 2AutonomousSearchAverageSizeOfHeap=1.3767441860465117
%%%mzn-stat: 2AutonomousSearchNumAssignedPredicatesEncountered=296
%%%mzn-stat-end
maxleg = 452;
succ = array1d(1..20,[8, 3, 6, 5, 7, 12, 9, 11, 1, 14, 20, 13, 16, 2, 17, 4, 10, 19, 15, 18]);
% time elapsed: 0.20 s
----------
%%%mzn-stat: initTime=0.003328359
%%%mzn-stat: objective=432
%%%mzn-stat: nodes=447
%%%mzn-stat: restarts=0
%%%mzn-stat: peakDepth=128
%%%mzn-stat: solveTime=0.007003471
%%%mzn-stat: variables=294
%%%mzn-stat: propagators=192
%%%mzn-stat: failures=32
%%%mzn-stat: propagations=2343
%%%mzn-stat: nogoods=32
%%%mzn-stat: numAtomicConstraintsPropagated=0
%%%mzn-stat: circuitNumber1PropagationsTotal=332
%%%mzn-stat: circuitNumber1CircuitConflicts=31
%%%mzn-stat: circuitNumber1AlldiffConflicts=0
%%%mzn-stat: circuitNumber1TotalFixedEdgesAtConflict=347
%%%mzn-stat: circuitNumber1NumberOfConflicts=31
%%%mzn-stat: circuitNumber1GacPrunings=524
%%%mzn-stat: circuitNumber1PropagationsThatGacPruned=169
%%%mzn-stat: circuitNumber1TotalPruningHallSetSize=744
%%%mzn-stat: circuitNumber1NumberOfPruningExplanations=524
%%%mzn-stat: circuitNumber1MaxPruningHallSetSize=8
%%%mzn-stat: circuitNumber1TotalSccSizeAtPruning=308
%%%mzn-stat: circuitNumber1NumberOfSccPruningCalls=169
%%%mzn-stat: circuitNumber1TotalVarsInvolvedInPruning=494
%%%mzn-stat: circuitNumber1MaxValuesPrunedFromSingleVar=5
%%%mzn-stat: circuitNumber1HallCircuitChecks=530
%%%mzn-stat: circuitNumber1HallCircuitPrunings=75
%%%mzn-stat: circuitNumber1CircuitPreventPrunings=130
%%%mzn-stat: AverageConflictSize=5.25
%%%mzn-stat: NumUnitNogoodsLearned=0
%%%mzn-stat: AverageLearnedNogoodLength=5.09375
%%%mzn-stat: AverageBacktrackAmount=0
%%%mzn-stat: AverageLbd=4.03125
%%%mzn-stat: 2AutonomousSearchNumBackupCalled=322
%%%mzn-stat: 2AutonomousSearchNumPredicatesRemoved=0
%%%mzn-stat: 2AutonomousSearchNumCalls=325
%%%mzn-stat: 2AutonomousSearchNumPredicatesAdded=148
%%%mzn-stat: 2AutonomousSearchAverageSizeOfHeap=1.366153846153846
%%%mzn-stat: 2AutonomousSearchNumAssignedPredicatesEncountered=444
%%%mzn-stat-end
maxleg = 432;
succ = array1d(1..20,[8, 3, 6, 5, 7, 12, 9, 11, 1, 14, 20, 13, 16, 2, 17, 4, 18, 10, 15, 19]);
% time elapsed: 0.21 s
----------
%%%mzn-stat: initTime=0.003328359
%%%mzn-stat: objective=400
%%%mzn-stat: nodes=556
%%%mzn-stat: restarts=0
%%%mzn-stat: peakDepth=128
%%%mzn-stat: solveTime=0.008342636
%%%mzn-stat: variables=294
%%%mzn-stat: propagators=192
%%%mzn-stat: failures=34
%%%mzn-stat: propagations=2745
%%%mzn-stat: nogoods=34
%%%mzn-stat: numAtomicConstraintsPropagated=0
%%%mzn-stat: circuitNumber1PropagationsTotal=371
%%%mzn-stat: circuitNumber1CircuitConflicts=33
%%%mzn-stat: circuitNumber1AlldiffConflicts=0
%%%mzn-stat: circuitNumber1TotalFixedEdgesAtConflict=374
%%%mzn-stat: circuitNumber1NumberOfConflicts=33
%%%mzn-stat: circuitNumber1GacPrunings=593
%%%mzn-stat: circuitNumber1PropagationsThatGacPruned=187
%%%mzn-stat: circuitNumber1TotalPruningHallSetSize=858
%%%mzn-stat: circuitNumber1NumberOfPruningExplanations=593
%%%mzn-stat: circuitNumber1MaxPruningHallSetSize=8
%%%mzn-stat: circuitNumber1TotalSccSizeAtPruning=346
%%%mzn-stat: circuitNumber1NumberOfSccPruningCalls=187
%%%mzn-stat: circuitNumber1TotalVarsInvolvedInPruning=555
%%%mzn-stat: circuitNumber1MaxValuesPrunedFromSingleVar=5
%%%mzn-stat: circuitNumber1HallCircuitChecks=594
%%%mzn-stat: circuitNumber1HallCircuitPrunings=79
%%%mzn-stat: circuitNumber1CircuitPreventPrunings=137
%%%mzn-stat: AverageConflictSize=5.529411764705882
%%%mzn-stat: NumUnitNogoodsLearned=0
%%%mzn-stat: AverageLearnedNogoodLength=5.323529411764706
%%%mzn-stat: AverageBacktrackAmount=0
%%%mzn-stat: AverageLbd=4.294117647058823
%%%mzn-stat: 2AutonomousSearchNumBackupCalled=413
%%%mzn-stat: 2AutonomousSearchNumPredicatesRemoved=0
%%%mzn-stat: 2AutonomousSearchNumCalls=417
%%%mzn-stat: 2AutonomousSearchNumPredicatesAdded=213
%%%mzn-stat: 2AutonomousSearchAverageSizeOfHeap=1.4244604316546763
%%%mzn-stat: 2AutonomousSearchNumAssignedPredicatesEncountered=594
%%%mzn-stat-end
maxleg = 400;
succ = array1d(1..20,[8, 3, 6, 5, 7, 12, 9, 11, 14, 17, 2, 13, 16, 18, 1, 4, 15, 19, 20, 10]);
% time elapsed: 0.21 s
----------
%%%mzn-stat: initTime=0.003328359
%%%mzn-stat: objective=392
%%%mzn-stat: nodes=669
%%%mzn-stat: restarts=0
%%%mzn-stat: peakDepth=128
%%%mzn-stat: solveTime=0.010016971
%%%mzn-stat: variables=294
%%%mzn-stat: propagators=192
%%%mzn-stat: failures=41
%%%mzn-stat: propagations=3297
%%%mzn-stat: nogoods=41
%%%mzn-stat: numAtomicConstraintsPropagated=0
%%%mzn-stat: circuitNumber1PropagationsTotal=437
%%%mzn-stat: circuitNumber1CircuitConflicts=40
%%%mzn-stat: circuitNumber1AlldiffConflicts=0
%%%mzn-stat: circuitNumber1TotalFixedEdgesAtConflict=448
%%%mzn-stat: circuitNumber1NumberOfConflicts=40
%%%mzn-stat: circuitNumber1GacPrunings=704
%%%mzn-stat: circuitNumber1PropagationsThatGacPruned=224
%%%mzn-stat: circuitNumber1TotalPruningHallSetSize=1079
%%%mzn-stat: circuitNumber1NumberOfPruningExplanations=704
%%%mzn-stat: circuitNumber1MaxPruningHallSetSize=18
%%%mzn-stat: circuitNumber1TotalSccSizeAtPruning=450
%%%mzn-stat: circuitNumber1NumberOfSccPruningCalls=224
%%%mzn-stat: circuitNumber1TotalVarsInvolvedInPruning=656
%%%mzn-stat: circuitNumber1MaxValuesPrunedFromSingleVar=5
%%%mzn-stat: circuitNumber1HallCircuitChecks=692
%%%mzn-stat: circuitNumber1HallCircuitPrunings=95
%%%mzn-stat: circuitNumber1CircuitPreventPrunings=161
%%%mzn-stat: AverageConflictSize=5.439024390243903
%%%mzn-stat: NumUnitNogoodsLearned=0
%%%mzn-stat: AverageLearnedNogoodLength=5.7560975609756095
%%%mzn-stat: AverageBacktrackAmount=0
%%%mzn-stat: AverageLbd=4.487804878048781
%%%mzn-stat: 2AutonomousSearchNumBackupCalled=505
%%%mzn-stat: 2AutonomousSearchNumPredicatesRemoved=0
%%%mzn-stat: 2AutonomousSearchNumCalls=510
%%%mzn-stat: 2AutonomousSearchNumPredicatesAdded=346
%%%mzn-stat: 2AutonomousSearchAverageSizeOfHeap=1.4823529411764707
%%%mzn-stat: 2AutonomousSearchNumAssignedPredicatesEncountered=756
%%%mzn-stat-end
maxleg = 392;
succ = array1d(1..20,[15, 3, 6, 5, 7, 12, 9, 11, 14, 17, 2, 13, 16, 18, 8, 4, 1, 19, 20, 10]);
% time elapsed: 0.21 s
----------
==========
% time elapsed: 0.21 s
%%%mzn-stat: initTime=0.003328359
%%%mzn-stat: objective=392
%%%mzn-stat: nodes=670
%%%mzn-stat: restarts=0
%%%mzn-stat: peakDepth=128
%%%mzn-stat: solveTime=0.010290005
%%%mzn-stat: variables=294
%%%mzn-stat: propagators=192
%%%mzn-stat: failures=43
%%%mzn-stat: propagations=3374
%%%mzn-stat: nogoods=43
%%%mzn-stat: numAtomicConstraintsPropagated=0
%%%mzn-stat: circuitNumber1PropagationsTotal=442
%%%mzn-stat: circuitNumber1CircuitConflicts=41
%%%mzn-stat: circuitNumber1AlldiffConflicts=0
%%%mzn-stat: circuitNumber1TotalFixedEdgesAtConflict=451
%%%mzn-stat: circuitNumber1NumberOfConflicts=41
%%%mzn-stat: circuitNumber1GacPrunings=719
%%%mzn-stat: circuitNumber1PropagationsThatGacPruned=227
%%%mzn-stat: circuitNumber1TotalPruningHallSetSize=1197
%%%mzn-stat: circuitNumber1NumberOfPruningExplanations=719
%%%mzn-stat: circuitNumber1MaxPruningHallSetSize=18
%%%mzn-stat: circuitNumber1TotalSccSizeAtPruning=522
%%%mzn-stat: circuitNumber1NumberOfSccPruningCalls=227
%%%mzn-stat: circuitNumber1TotalVarsInvolvedInPruning=666
%%%mzn-stat: circuitNumber1MaxValuesPrunedFromSingleVar=5
%%%mzn-stat: circuitNumber1HallCircuitChecks=695
%%%mzn-stat: circuitNumber1HallCircuitPrunings=96
%%%mzn-stat: circuitNumber1CircuitPreventPrunings=164
%%%mzn-stat: AverageConflictSize=5.325581395348837
%%%mzn-stat: NumUnitNogoodsLearned=1
%%%mzn-stat: AverageLearnedNogoodLength=5.813953488372093
%%%mzn-stat: AverageBacktrackAmount=0
%%%mzn-stat: AverageLbd=4.348837209302325
%%%mzn-stat: 2AutonomousSearchNumBackupCalled=505
%%%mzn-stat: 2AutonomousSearchNumPredicatesRemoved=0
%%%mzn-stat: 2AutonomousSearchNumCalls=510
%%%mzn-stat: 2AutonomousSearchNumPredicatesAdded=510
%%%mzn-stat: 2AutonomousSearchAverageSizeOfHeap=1.4823529411764707
%%%mzn-stat: 2AutonomousSearchNumAssignedPredicatesEncountered=756
%%%mzn-stat-end
