% Logging successfully configured
%%%mzn-stat: initTime=0.008080236
%%%mzn-stat: objective=664
%%%mzn-stat: nodes=2158
%%%mzn-stat: restarts=0
%%%mzn-stat: peakDepth=406
%%%mzn-stat: solveTime=0.550170788
%%%mzn-stat: variables=807
%%%mzn-stat: propagators=565
%%%mzn-stat: failures=1503
%%%mzn-stat: propagations=39641
%%%mzn-stat: nogoods=1503
%%%mzn-stat: numAtomicConstraintsPropagated=0
%%%mzn-stat: allDifferentNumber1PropagationsTotal=5229
%%%mzn-stat: allDifferentNumber1PropagationsThatFoundConflict=378
%%%mzn-stat: allDifferentNumber1PropagationsThatPruned=2768
%%%mzn-stat: allDifferentNumber1TotalValuesPruned=19070
%%%mzn-stat: allDifferentNumber1TotalHallSetSizeConflict=8077
%%%mzn-stat: allDifferentNumber1NumberOfConflicts=378
%%%mzn-stat: allDifferentNumber1MaxHallSetSizeConflict=23
%%%mzn-stat: allDifferentNumber1TotalPruningHallSetSize=186063
%%%mzn-stat: allDifferentNumber1NumberOfPruningExplanations=19070
%%%mzn-stat: allDifferentNumber1MaxPruningHallSetSize=30
%%%mzn-stat: allDifferentNumber1TotalFixedEdgesAtConflict=10320
%%%mzn-stat: allDifferentNumber1TotalVarsInvolvedInPruning=12374
%%%mzn-stat: allDifferentNumber1MaxValuesPrunedFromSingleVar=9
%%%mzn-stat: allDifferentNumber1TotalSccSizeAtPruning=43176
%%%mzn-stat: allDifferentNumber1NumberOfSccPruningCalls=2768
%%%mzn-stat: circuitNumber2PropagationsThatFoundConflict=916
%%%mzn-stat: circuitNumber2TotalFixedEdgesAtConflict=26519
%%%mzn-stat: circuitNumber2NumberOfConflicts=916
%%%mzn-stat: circuitNumber2PropagationsThatPruned=230
%%%mzn-stat: circuitNumber2PropagationsTotal=2531
%%%mzn-stat: AverageConflictSize=23.174318030605455
%%%mzn-stat: NumUnitNogoodsLearned=0
%%%mzn-stat: AverageLearnedNogoodLength=46.214238190286096
%%%mzn-stat: AverageBacktrackAmount=0
%%%mzn-stat: AverageLbd=17.48502994011976
%%%mzn-stat: 2AutonomousSearchNumBackupCalled=371
%%%mzn-stat: 2AutonomousSearchNumPredicatesRemoved=0
%%%mzn-stat: 2AutonomousSearchNumCalls=372
%%%mzn-stat: 2AutonomousSearchNumPredicatesAdded=1491
%%%mzn-stat: 2AutonomousSearchAverageSizeOfHeap=4.008064516129032
%%%mzn-stat: 2AutonomousSearchNumAssignedPredicatesEncountered=1491
%%%mzn-stat-end
maxleg = 664;
succ = array1d(1..50,[3, 5, 2, 1, 11, 9, 4, 7, 10, 8, 15, 13, 19, 22, 38, 25, 23, 6, 14, 27, 18, 35, 40, 21, 26, 37, 42, 12, 36, 28, 48, 20, 34, 46, 33, 17, 29, 45, 24, 47, 30, 41, 16, 43, 32, 31, 39, 50, 44, 49]);
% time elapsed: 0.89 s
----------
%%%mzn-stat: initTime=0.008080236
%%%mzn-stat: objective=354
%%%mzn-stat: nodes=15870
%%%mzn-stat: restarts=0
%%%mzn-stat: peakDepth=406
%%%mzn-stat: solveTime=6.523841181
%%%mzn-stat: variables=807
%%%mzn-stat: propagators=565
%%%mzn-stat: failures=14214
%%%mzn-stat: propagations=376209
%%%mzn-stat: nogoods=14214
%%%mzn-stat: numAtomicConstraintsPropagated=0
%%%mzn-stat: allDifferentNumber1PropagationsTotal=48419
%%%mzn-stat: allDifferentNumber1PropagationsThatFoundConflict=1915
%%%mzn-stat: allDifferentNumber1PropagationsThatPruned=27226
%%%mzn-stat: allDifferentNumber1TotalValuesPruned=219261
%%%mzn-stat: allDifferentNumber1TotalHallSetSizeConflict=42176
%%%mzn-stat: allDifferentNumber1NumberOfConflicts=1915
%%%mzn-stat: allDifferentNumber1MaxHallSetSizeConflict=24
%%%mzn-stat: allDifferentNumber1TotalPruningHallSetSize=2534156
%%%mzn-stat: allDifferentNumber1NumberOfPruningExplanations=219261
%%%mzn-stat: allDifferentNumber1MaxPruningHallSetSize=30
%%%mzn-stat: allDifferentNumber1TotalFixedEdgesAtConflict=49128
%%%mzn-stat: allDifferentNumber1TotalVarsInvolvedInPruning=155139
%%%mzn-stat: allDifferentNumber1MaxValuesPrunedFromSingleVar=9
%%%mzn-stat: allDifferentNumber1TotalSccSizeAtPruning=533445
%%%mzn-stat: allDifferentNumber1NumberOfSccPruningCalls=27226
%%%mzn-stat: circuitNumber2PropagationsThatFoundConflict=6007
%%%mzn-stat: circuitNumber2TotalFixedEdgesAtConflict=186066
%%%mzn-stat: circuitNumber2NumberOfConflicts=6007
%%%mzn-stat: circuitNumber2PropagationsThatPruned=946
%%%mzn-stat: circuitNumber2PropagationsTotal=20979
%%%mzn-stat: AverageConflictSize=23.721120022513016
%%%mzn-stat: NumUnitNogoodsLearned=0
%%%mzn-stat: AverageLearnedNogoodLength=47.97382861967075
%%%mzn-stat: AverageBacktrackAmount=0
%%%mzn-stat: AverageLbd=20.770156184043902
%%%mzn-stat: 2AutonomousSearchNumBackupCalled=735
%%%mzn-stat: 2AutonomousSearchNumPredicatesRemoved=0
%%%mzn-stat: 2AutonomousSearchNumCalls=737
%%%mzn-stat: 2AutonomousSearchNumPredicatesAdded=3373
%%%mzn-stat: 2AutonomousSearchAverageSizeOfHeap=4.6729986431478965
%%%mzn-stat: 2AutonomousSearchNumAssignedPredicatesEncountered=3444
%%%mzn-stat-end
maxleg = 354;
succ = array1d(1..50,[3, 5, 2, 1, 11, 9, 4, 7, 10, 8, 15, 13, 19, 22, 41, 25, 23, 6, 14, 32, 18, 20, 40, 21, 26, 27, 35, 12, 36, 28, 29, 38, 46, 30, 33, 37, 48, 45, 24, 47, 42, 31, 16, 43, 17, 34, 39, 50, 44, 49]);
% time elapsed: 6.85 s
----------
%%%mzn-stat: initTime=0.008080236
%%%mzn-stat: objective=348
%%%mzn-stat: nodes=18796
%%%mzn-stat: restarts=1
%%%mzn-stat: peakDepth=421
%%%mzn-stat: solveTime=7.133154949
%%%mzn-stat: variables=807
%%%mzn-stat: propagators=565
%%%mzn-stat: failures=15653
%%%mzn-stat: propagations=433281
%%%mzn-stat: nogoods=15653
%%%mzn-stat: numAtomicConstraintsPropagated=0
%%%mzn-stat: allDifferentNumber1PropagationsTotal=55725
%%%mzn-stat: allDifferentNumber1PropagationsThatFoundConflict=1932
%%%mzn-stat: allDifferentNumber1PropagationsThatPruned=31623
%%%mzn-stat: allDifferentNumber1TotalValuesPruned=233440
%%%mzn-stat: allDifferentNumber1TotalHallSetSizeConflict=42253
%%%mzn-stat: allDifferentNumber1NumberOfConflicts=1932
%%%mzn-stat: allDifferentNumber1MaxHallSetSizeConflict=24
%%%mzn-stat: allDifferentNumber1TotalPruningHallSetSize=2571704
%%%mzn-stat: allDifferentNumber1NumberOfPruningExplanations=233440
%%%mzn-stat: allDifferentNumber1MaxPruningHallSetSize=34
%%%mzn-stat: allDifferentNumber1TotalFixedEdgesAtConflict=49714
%%%mzn-stat: allDifferentNumber1TotalVarsInvolvedInPruning=168060
%%%mzn-stat: allDifferentNumber1MaxValuesPrunedFromSingleVar=9
%%%mzn-stat: allDifferentNumber1TotalSccSizeAtPruning=551557
%%%mzn-stat: allDifferentNumber1NumberOfSccPruningCalls=31623
%%%mzn-stat: circuitNumber2PropagationsThatFoundConflict=7328
%%%mzn-stat: circuitNumber2TotalFixedEdgesAtConflict=242497
%%%mzn-stat: circuitNumber2NumberOfConflicts=7328
%%%mzn-stat: circuitNumber2PropagationsThatPruned=1747
%%%mzn-stat: circuitNumber2PropagationsTotal=25436
%%%mzn-stat: AverageConflictSize=24.741455312080753
%%%mzn-stat: NumUnitNogoodsLearned=0
%%%mzn-stat: AverageLearnedNogoodLength=47.052002810962755
%%%mzn-stat: AverageBacktrackAmount=0
%%%mzn-stat: AverageLbd=21.292404012010476
%%%mzn-stat: 2AutonomousSearchNumBackupCalled=1084
%%%mzn-stat: 2AutonomousSearchNumPredicatesRemoved=0
%%%mzn-stat: 2AutonomousSearchNumCalls=1159
%%%mzn-stat: 2AutonomousSearchNumPredicatesAdded=4955
%%%mzn-stat: 2AutonomousSearchAverageSizeOfHeap=116.75927523727351
%%%mzn-stat: 2AutonomousSearchNumAssignedPredicatesEncountered=7788
%%%mzn-stat-end
maxleg = 348;
succ = array1d(1..50,[38, 5, 2, 1, 11, 9, 4, 7, 10, 8, 15, 13, 19, 22, 41, 25, 23, 6, 14, 32, 18, 20, 40, 21, 26, 27, 35, 12, 36, 28, 29, 45, 46, 30, 33, 37, 48, 3, 24, 47, 42, 31, 16, 43, 17, 34, 39, 50, 44, 49]);
% time elapsed: 7.46 s
----------
%%%mzn-stat: initTime=0.008080236
%%%mzn-stat: objective=314
%%%mzn-stat: nodes=19162
%%%mzn-stat: restarts=1
%%%mzn-stat: peakDepth=421
%%%mzn-stat: solveTime=7.138341028
%%%mzn-stat: variables=807
%%%mzn-stat: propagators=565
%%%mzn-stat: failures=15653
%%%mzn-stat: propagations=434314
%%%mzn-stat: nogoods=15653
%%%mzn-stat: numAtomicConstraintsPropagated=0
%%%mzn-stat: allDifferentNumber1PropagationsTotal=55796
%%%mzn-stat: allDifferentNumber1PropagationsThatFoundConflict=1932
%%%mzn-stat: allDifferentNumber1PropagationsThatPruned=31660
%%%mzn-stat: allDifferentNumber1TotalValuesPruned=233628
%%%mzn-stat: allDifferentNumber1TotalHallSetSizeConflict=42253
%%%mzn-stat: allDifferentNumber1NumberOfConflicts=1932
%%%mzn-stat: allDifferentNumber1MaxHallSetSizeConflict=24
%%%mzn-stat: allDifferentNumber1TotalPruningHallSetSize=2572015
%%%mzn-stat: allDifferentNumber1NumberOfPruningExplanations=233628
%%%mzn-stat: allDifferentNumber1MaxPruningHallSetSize=34
%%%mzn-stat: allDifferentNumber1TotalFixedEdgesAtConflict=49714
%%%mzn-stat: allDifferentNumber1TotalVarsInvolvedInPruning=168236
%%%mzn-stat: allDifferentNumber1MaxValuesPrunedFromSingleVar=9
%%%mzn-stat: allDifferentNumber1TotalSccSizeAtPruning=551653
%%%mzn-stat: allDifferentNumber1NumberOfSccPruningCalls=31660
%%%mzn-stat: circuitNumber2PropagationsThatFoundConflict=7328
%%%mzn-stat: circuitNumber2TotalFixedEdgesAtConflict=242497
%%%mzn-stat: circuitNumber2NumberOfConflicts=7328
%%%mzn-stat: circuitNumber2PropagationsThatPruned=1748
%%%mzn-stat: circuitNumber2PropagationsTotal=25472
%%%mzn-stat: AverageConflictSize=24.741455312080753
%%%mzn-stat: NumUnitNogoodsLearned=0
%%%mzn-stat: AverageLearnedNogoodLength=47.052002810962755
%%%mzn-stat: AverageBacktrackAmount=0
%%%mzn-stat: AverageLbd=21.292404012010476
%%%mzn-stat: 2AutonomousSearchNumBackupCalled=1417
%%%mzn-stat: 2AutonomousSearchNumPredicatesRemoved=0
%%%mzn-stat: 2AutonomousSearchNumCalls=1493
%%%mzn-stat: 2AutonomousSearchNumPredicatesAdded=4955
%%%mzn-stat: 2AutonomousSearchAverageSizeOfHeap=92.09377093101139
%%%mzn-stat: 2AutonomousSearchNumAssignedPredicatesEncountered=9960
%%%mzn-stat-end
maxleg = 314;
succ = array1d(1..50,[4, 3, 5, 7, 11, 9, 8, 10, 18, 6, 15, 13, 19, 22, 38, 25, 20, 21, 14, 27, 24, 2, 17, 39, 26, 37, 50, 12, 31, 28, 42, 1, 46, 30, 33, 16, 29, 45, 47, 23, 35, 41, 36, 43, 32, 34, 40, 49, 44, 48]);
% time elapsed: 7.47 s
----------
%%%mzn-stat: initTime=0.008080236
%%%mzn-stat: objective=306
%%%mzn-stat: nodes=20160
%%%mzn-stat: restarts=1
%%%mzn-stat: peakDepth=421
%%%mzn-stat: solveTime=7.287541916
%%%mzn-stat: variables=807
%%%mzn-stat: propagators=565
%%%mzn-stat: failures=15932
%%%mzn-stat: propagations=449874
%%%mzn-stat: nogoods=15932
%%%mzn-stat: numAtomicConstraintsPropagated=0
%%%mzn-stat: allDifferentNumber1PropagationsTotal=57859
%%%mzn-stat: allDifferentNumber1PropagationsThatFoundConflict=1960
%%%mzn-stat: allDifferentNumber1PropagationsThatPruned=32920
%%%mzn-stat: allDifferentNumber1TotalValuesPruned=238070
%%%mzn-stat: allDifferentNumber1TotalHallSetSizeConflict=42309
%%%mzn-stat: allDifferentNumber1NumberOfConflicts=1960
%%%mzn-stat: allDifferentNumber1MaxHallSetSizeConflict=24
%%%mzn-stat: allDifferentNumber1TotalPruningHallSetSize=2585656
%%%mzn-stat: allDifferentNumber1NumberOfPruningExplanations=238070
%%%mzn-stat: allDifferentNumber1MaxPruningHallSetSize=34
%%%mzn-stat: allDifferentNumber1TotalFixedEdgesAtConflict=50471
%%%mzn-stat: allDifferentNumber1TotalVarsInvolvedInPruning=172300
%%%mzn-stat: allDifferentNumber1MaxValuesPrunedFromSingleVar=9
%%%mzn-stat: allDifferentNumber1TotalSccSizeAtPruning=558833
%%%mzn-stat: allDifferentNumber1NumberOfSccPruningCalls=32920
%%%mzn-stat: circuitNumber2PropagationsThatFoundConflict=7574
%%%mzn-stat: circuitNumber2TotalFixedEdgesAtConflict=249757
%%%mzn-stat: circuitNumber2NumberOfConflicts=7574
%%%mzn-stat: circuitNumber2PropagationsThatPruned=2024
%%%mzn-stat: circuitNumber2PropagationsTotal=26690
%%%mzn-stat: AverageConflictSize=24.642731609339695
%%%mzn-stat: NumUnitNogoodsLearned=0
%%%mzn-stat: AverageLearnedNogoodLength=46.78383128295255
%%%mzn-stat: AverageBacktrackAmount=0
%%%mzn-stat: AverageLbd=21.205121767511926
%%%mzn-stat: 2AutonomousSearchNumBackupCalled=1761
%%%mzn-stat: 2AutonomousSearchNumPredicatesRemoved=0
%%%mzn-stat: 2AutonomousSearchNumCalls=1838
%%%mzn-stat: 2AutonomousSearchNumPredicatesAdded=5849
%%%mzn-stat: 2AutonomousSearchAverageSizeOfHeap=76.00870511425462
%%%mzn-stat: 2AutonomousSearchNumAssignedPredicatesEncountered=12168
%%%mzn-stat-end
maxleg = 306;
succ = array1d(1..50,[4, 3, 5, 11, 15, 9, 8, 10, 18, 6, 2, 13, 19, 22, 41, 25, 7, 21, 14, 17, 24, 20, 40, 39, 26, 27, 35, 12, 36, 28, 29, 1, 46, 30, 33, 37, 48, 32, 47, 45, 42, 31, 16, 43, 38, 34, 23, 50, 44, 49]);
% time elapsed: 7.62 s
----------
%%%mzn-stat: initTime=0.008080236
%%%mzn-stat: objective=305
%%%mzn-stat: nodes=20536
%%%mzn-stat: restarts=1
%%%mzn-stat: peakDepth=421
%%%mzn-stat: solveTime=7.291925336
%%%mzn-stat: variables=807
%%%mzn-stat: propagators=565
%%%mzn-stat: failures=15933
%%%mzn-stat: propagations=450884
%%%mzn-stat: nogoods=15933
%%%mzn-stat: numAtomicConstraintsPropagated=0
%%%mzn-stat: allDifferentNumber1PropagationsTotal=57930
%%%mzn-stat: allDifferentNumber1PropagationsThatFoundConflict=1960
%%%mzn-stat: allDifferentNumber1PropagationsThatPruned=32957
%%%mzn-stat: allDifferentNumber1TotalValuesPruned=238258
%%%mzn-stat: allDifferentNumber1TotalHallSetSizeConflict=42309
%%%mzn-stat: allDifferentNumber1NumberOfConflicts=1960
%%%mzn-stat: allDifferentNumber1MaxHallSetSizeConflict=24
%%%mzn-stat: allDifferentNumber1TotalPruningHallSetSize=2585997
%%%mzn-stat: allDifferentNumber1NumberOfPruningExplanations=238258
%%%mzn-stat: allDifferentNumber1MaxPruningHallSetSize=34
%%%mzn-stat: allDifferentNumber1TotalFixedEdgesAtConflict=50471
%%%mzn-stat: allDifferentNumber1TotalVarsInvolvedInPruning=172474
%%%mzn-stat: allDifferentNumber1MaxValuesPrunedFromSingleVar=9
%%%mzn-stat: allDifferentNumber1TotalSccSizeAtPruning=558930
%%%mzn-stat: allDifferentNumber1NumberOfSccPruningCalls=32957
%%%mzn-stat: circuitNumber2PropagationsThatFoundConflict=7575
%%%mzn-stat: circuitNumber2TotalFixedEdgesAtConflict=249780
%%%mzn-stat: circuitNumber2NumberOfConflicts=7575
%%%mzn-stat: circuitNumber2PropagationsThatPruned=2026
%%%mzn-stat: circuitNumber2PropagationsTotal=26726
%%%mzn-stat: AverageConflictSize=24.641436013305718
%%%mzn-stat: NumUnitNogoodsLearned=0
%%%mzn-stat: AverageLearnedNogoodLength=46.781459863177055
%%%mzn-stat: AverageBacktrackAmount=0
%%%mzn-stat: AverageLbd=21.204167451201908
%%%mzn-stat: 2AutonomousSearchNumBackupCalled=2105
%%%mzn-stat: 2AutonomousSearchNumPredicatesRemoved=0
%%%mzn-stat: 2AutonomousSearchNumCalls=2183
%%%mzn-stat: 2AutonomousSearchNumPredicatesAdded=5893
%%%mzn-stat: 2AutonomousSearchAverageSizeOfHeap=65.00824553366927
%%%mzn-stat: 2AutonomousSearchNumAssignedPredicatesEncountered=14377
%%%mzn-stat-end
maxleg = 305;
succ = array1d(1..50,[4, 3, 5, 11, 15, 9, 8, 17, 10, 18, 2, 13, 19, 22, 20, 6, 40, 21, 14, 27, 24, 35, 7, 39, 16, 25, 42, 12, 36, 28, 29, 1, 34, 46, 33, 37, 48, 32, 47, 45, 30, 41, 26, 43, 38, 31, 23, 50, 44, 49]);
% time elapsed: 7.62 s
----------
%%%mzn-stat: initTime=0.008080236
%%%mzn-stat: objective=303
%%%mzn-stat: nodes=20888
%%%mzn-stat: restarts=1
%%%mzn-stat: peakDepth=421
%%%mzn-stat: solveTime=7.296819918
%%%mzn-stat: variables=807
%%%mzn-stat: propagators=565
%%%mzn-stat: failures=15933
%%%mzn-stat: propagations=451936
%%%mzn-stat: nogoods=15933
%%%mzn-stat: numAtomicConstraintsPropagated=0
%%%mzn-stat: allDifferentNumber1PropagationsTotal=57996
%%%mzn-stat: allDifferentNumber1PropagationsThatFoundConflict=1960
%%%mzn-stat: allDifferentNumber1PropagationsThatPruned=32991
%%%mzn-stat: allDifferentNumber1TotalValuesPruned=238436
%%%mzn-stat: allDifferentNumber1TotalHallSetSizeConflict=42309
%%%mzn-stat: allDifferentNumber1NumberOfConflicts=1960
%%%mzn-stat: allDifferentNumber1MaxHallSetSizeConflict=24
%%%mzn-stat: allDifferentNumber1TotalPruningHallSetSize=2586311
%%%mzn-stat: allDifferentNumber1NumberOfPruningExplanations=238436
%%%mzn-stat: allDifferentNumber1MaxPruningHallSetSize=34
%%%mzn-stat: allDifferentNumber1TotalFixedEdgesAtConflict=50471
%%%mzn-stat: allDifferentNumber1TotalVarsInvolvedInPruning=172639
%%%mzn-stat: allDifferentNumber1MaxValuesPrunedFromSingleVar=9
%%%mzn-stat: allDifferentNumber1TotalSccSizeAtPruning=559008
%%%mzn-stat: allDifferentNumber1NumberOfSccPruningCalls=32991
%%%mzn-stat: circuitNumber2PropagationsThatFoundConflict=7575
%%%mzn-stat: circuitNumber2TotalFixedEdgesAtConflict=249780
%%%mzn-stat: circuitNumber2NumberOfConflicts=7575
%%%mzn-stat: circuitNumber2PropagationsThatPruned=2028
%%%mzn-stat: circuitNumber2PropagationsTotal=26760
%%%mzn-stat: AverageConflictSize=24.641436013305718
%%%mzn-stat: NumUnitNogoodsLearned=0
%%%mzn-stat: AverageLearnedNogoodLength=46.781459863177055
%%%mzn-stat: AverageBacktrackAmount=0
%%%mzn-stat: AverageLbd=21.204167451201908
%%%mzn-stat: 2AutonomousSearchNumBackupCalled=2425
%%%mzn-stat: 2AutonomousSearchNumPredicatesRemoved=0
%%%mzn-stat: 2AutonomousSearchNumCalls=2504
%%%mzn-stat: 2AutonomousSearchNumPredicatesAdded=5893
%%%mzn-stat: 2AutonomousSearchAverageSizeOfHeap=57.55670926517572
%%%mzn-stat: 2AutonomousSearchNumAssignedPredicatesEncountered=16586
%%%mzn-stat-end
maxleg = 303;
succ = array1d(1..50,[4, 3, 5, 11, 15, 9, 8, 17, 10, 18, 2, 13, 19, 22, 20, 6, 40, 21, 14, 27, 24, 35, 7, 39, 16, 25, 42, 12, 37, 28, 29, 1, 34, 46, 33, 43, 36, 32, 47, 45, 30, 41, 44, 49, 38, 31, 23, 50, 48, 26]);
% time elapsed: 7.64 s
----------
%%%mzn-stat: initTime=0.008080236
%%%mzn-stat: objective=302
%%%mzn-stat: nodes=21256
%%%mzn-stat: restarts=1
%%%mzn-stat: peakDepth=421
%%%mzn-stat: solveTime=7.300609124
%%%mzn-stat: variables=807
%%%mzn-stat: propagators=565
%%%mzn-stat: failures=15933
%%%mzn-stat: propagations=452934
%%%mzn-stat: nogoods=15933
%%%mzn-stat: numAtomicConstraintsPropagated=0
%%%mzn-stat: allDifferentNumber1PropagationsTotal=58065
%%%mzn-stat: allDifferentNumber1PropagationsThatFoundConflict=1960
%%%mzn-stat: allDifferentNumber1PropagationsThatPruned=33027
%%%mzn-stat: allDifferentNumber1TotalValuesPruned=238614
%%%mzn-stat: allDifferentNumber1TotalHallSetSizeConflict=42309
%%%mzn-stat: allDifferentNumber1NumberOfConflicts=1960
%%%mzn-stat: allDifferentNumber1MaxHallSetSizeConflict=24
%%%mzn-stat: allDifferentNumber1TotalPruningHallSetSize=2586616
%%%mzn-stat: allDifferentNumber1NumberOfPruningExplanations=238614
%%%mzn-stat: allDifferentNumber1MaxPruningHallSetSize=34
%%%mzn-stat: allDifferentNumber1TotalFixedEdgesAtConflict=50471
%%%mzn-stat: allDifferentNumber1TotalVarsInvolvedInPruning=172807
%%%mzn-stat: allDifferentNumber1MaxValuesPrunedFromSingleVar=9
%%%mzn-stat: allDifferentNumber1TotalSccSizeAtPruning=559088
%%%mzn-stat: allDifferentNumber1NumberOfSccPruningCalls=33027
%%%mzn-stat: circuitNumber2PropagationsThatFoundConflict=7575
%%%mzn-stat: circuitNumber2TotalFixedEdgesAtConflict=249780
%%%mzn-stat: circuitNumber2NumberOfConflicts=7575
%%%mzn-stat: circuitNumber2PropagationsThatPruned=2030
%%%mzn-stat: circuitNumber2PropagationsTotal=26795
%%%mzn-stat: AverageConflictSize=24.641436013305718
%%%mzn-stat: NumUnitNogoodsLearned=0
%%%mzn-stat: AverageLearnedNogoodLength=46.781459863177055
%%%mzn-stat: AverageBacktrackAmount=0
%%%mzn-stat: AverageLbd=21.204167451201908
%%%mzn-stat: 2AutonomousSearchNumBackupCalled=2761
%%%mzn-stat: 2AutonomousSearchNumPredicatesRemoved=0
%%%mzn-stat: 2AutonomousSearchNumCalls=2841
%%%mzn-stat: 2AutonomousSearchNumPredicatesAdded=5893
%%%mzn-stat: 2AutonomousSearchAverageSizeOfHeap=51.506863780359026
%%%mzn-stat: 2AutonomousSearchNumAssignedPredicatesEncountered=18795
%%%mzn-stat-end
maxleg = 302;
succ = array1d(1..50,[4, 3, 5, 11, 15, 9, 8, 17, 10, 18, 2, 13, 19, 22, 20, 6, 40, 21, 14, 27, 24, 35, 7, 39, 16, 25, 42, 12, 37, 28, 48, 1, 34, 46, 33, 43, 26, 32, 47, 45, 30, 41, 44, 49, 38, 31, 23, 36, 50, 29]);
% time elapsed: 7.64 s
----------
%%%mzn-stat: initTime=0.008080236
%%%mzn-stat: objective=293
%%%mzn-stat: nodes=21607
%%%mzn-stat: restarts=1
%%%mzn-stat: peakDepth=421
%%%mzn-stat: solveTime=7.30513476
%%%mzn-stat: variables=807
%%%mzn-stat: propagators=565
%%%mzn-stat: failures=15933
%%%mzn-stat: propagations=453973
%%%mzn-stat: nogoods=15933
%%%mzn-stat: numAtomicConstraintsPropagated=0
%%%mzn-stat: allDifferentNumber1PropagationsTotal=58132
%%%mzn-stat: allDifferentNumber1PropagationsThatFoundConflict=1960
%%%mzn-stat: allDifferentNumber1PropagationsThatPruned=33062
%%%mzn-stat: allDifferentNumber1TotalValuesPruned=238791
%%%mzn-stat: allDifferentNumber1TotalHallSetSizeConflict=42309
%%%mzn-stat: allDifferentNumber1NumberOfConflicts=1960
%%%mzn-stat: allDifferentNumber1MaxHallSetSizeConflict=24
%%%mzn-stat: allDifferentNumber1TotalPruningHallSetSize=2586920
%%%mzn-stat: allDifferentNumber1NumberOfPruningExplanations=238791
%%%mzn-stat: allDifferentNumber1MaxPruningHallSetSize=34
%%%mzn-stat: allDifferentNumber1TotalFixedEdgesAtConflict=50471
%%%mzn-stat: allDifferentNumber1TotalVarsInvolvedInPruning=172974
%%%mzn-stat: allDifferentNumber1MaxValuesPrunedFromSingleVar=9
%%%mzn-stat: allDifferentNumber1TotalSccSizeAtPruning=559173
%%%mzn-stat: allDifferentNumber1NumberOfSccPruningCalls=33062
%%%mzn-stat: circuitNumber2PropagationsThatFoundConflict=7575
%%%mzn-stat: circuitNumber2TotalFixedEdgesAtConflict=249780
%%%mzn-stat: circuitNumber2NumberOfConflicts=7575
%%%mzn-stat: circuitNumber2PropagationsThatPruned=2032
%%%mzn-stat: circuitNumber2PropagationsTotal=26829
%%%mzn-stat: AverageConflictSize=24.641436013305718
%%%mzn-stat: NumUnitNogoodsLearned=0
%%%mzn-stat: AverageLearnedNogoodLength=46.781459863177055
%%%mzn-stat: AverageBacktrackAmount=0
%%%mzn-stat: AverageLbd=21.204167451201908
%%%mzn-stat: 2AutonomousSearchNumBackupCalled=3080
%%%mzn-stat: 2AutonomousSearchNumPredicatesRemoved=0
%%%mzn-stat: 2AutonomousSearchNumCalls=3161
%%%mzn-stat: 2AutonomousSearchNumPredicatesAdded=5893
%%%mzn-stat: 2AutonomousSearchAverageSizeOfHeap=46.99145839924075
%%%mzn-stat: 2AutonomousSearchNumAssignedPredicatesEncountered=21004
%%%mzn-stat-end
maxleg = 293;
succ = array1d(1..50,[4, 3, 5, 11, 15, 9, 8, 17, 10, 18, 2, 13, 19, 22, 20, 6, 40, 21, 14, 27, 39, 35, 7, 47, 16, 25, 42, 12, 37, 28, 48, 1, 34, 46, 33, 43, 26, 32, 24, 45, 30, 41, 44, 49, 38, 31, 23, 36, 50, 29]);
% time elapsed: 7.65 s
----------
%%%mzn-stat: initTime=0.008080236
%%%mzn-stat: objective=277
%%%mzn-stat: nodes=21941
%%%mzn-stat: restarts=1
%%%mzn-stat: peakDepth=421
%%%mzn-stat: solveTime=7.308824029
%%%mzn-stat: variables=807
%%%mzn-stat: propagators=565
%%%mzn-stat: failures=15933
%%%mzn-stat: propagations=455010
%%%mzn-stat: nogoods=15933
%%%mzn-stat: numAtomicConstraintsPropagated=0
%%%mzn-stat: allDifferentNumber1PropagationsTotal=58201
%%%mzn-stat: allDifferentNumber1PropagationsThatFoundConflict=1960
%%%mzn-stat: allDifferentNumber1PropagationsThatPruned=33098
%%%mzn-stat: allDifferentNumber1TotalValuesPruned=238966
%%%mzn-stat: allDifferentNumber1TotalHallSetSizeConflict=42309
%%%mzn-stat: allDifferentNumber1NumberOfConflicts=1960
%%%mzn-stat: allDifferentNumber1MaxHallSetSizeConflict=24
%%%mzn-stat: allDifferentNumber1TotalPruningHallSetSize=2587416
%%%mzn-stat: allDifferentNumber1NumberOfPruningExplanations=238966
%%%mzn-stat: allDifferentNumber1MaxPruningHallSetSize=45
%%%mzn-stat: allDifferentNumber1TotalFixedEdgesAtConflict=50471
%%%mzn-stat: allDifferentNumber1TotalVarsInvolvedInPruning=173139
%%%mzn-stat: allDifferentNumber1MaxValuesPrunedFromSingleVar=9
%%%mzn-stat: allDifferentNumber1TotalSccSizeAtPruning=559344
%%%mzn-stat: allDifferentNumber1NumberOfSccPruningCalls=33098
%%%mzn-stat: circuitNumber2PropagationsThatFoundConflict=7575
%%%mzn-stat: circuitNumber2TotalFixedEdgesAtConflict=249780
%%%mzn-stat: circuitNumber2NumberOfConflicts=7575
%%%mzn-stat: circuitNumber2PropagationsThatPruned=2033
%%%mzn-stat: circuitNumber2PropagationsTotal=26864
%%%mzn-stat: AverageConflictSize=24.641436013305718
%%%mzn-stat: NumUnitNogoodsLearned=0
%%%mzn-stat: AverageLearnedNogoodLength=46.781459863177055
%%%mzn-stat: AverageBacktrackAmount=0
%%%mzn-stat: AverageLbd=21.204167451201908
%%%mzn-stat: 2AutonomousSearchNumBackupCalled=3382
%%%mzn-stat: 2AutonomousSearchNumPredicatesRemoved=0
%%%mzn-stat: 2AutonomousSearchNumCalls=3464
%%%mzn-stat: 2AutonomousSearchNumPredicatesAdded=5893
%%%mzn-stat: 2AutonomousSearchAverageSizeOfHeap=43.51876443418014
%%%mzn-stat: 2AutonomousSearchNumAssignedPredicatesEncountered=23213
%%%mzn-stat-end
maxleg = 277;
succ = array1d(1..50,[4, 3, 5, 32, 11, 9, 8, 17, 10, 18, 15, 13, 19, 22, 20, 6, 40, 21, 14, 27, 39, 35, 7, 47, 16, 25, 42, 12, 37, 28, 48, 38, 34, 46, 33, 43, 26, 2, 24, 45, 30, 41, 44, 49, 1, 31, 23, 36, 50, 29]);
% time elapsed: 7.65 s
----------
%%%mzn-stat: initTime=0.008080236
%%%mzn-stat: objective=265
%%%mzn-stat: nodes=22281
%%%mzn-stat: restarts=1
%%%mzn-stat: peakDepth=421
%%%mzn-stat: solveTime=7.313390291
%%%mzn-stat: variables=807
%%%mzn-stat: propagators=565
%%%mzn-stat: failures=15933
%%%mzn-stat: propagations=456070
%%%mzn-stat: nogoods=15933
%%%mzn-stat: numAtomicConstraintsPropagated=0
%%%mzn-stat: allDifferentNumber1PropagationsTotal=58269
%%%mzn-stat: allDifferentNumber1PropagationsThatFoundConflict=1960
%%%mzn-stat: allDifferentNumber1PropagationsThatPruned=33133
%%%mzn-stat: allDifferentNumber1TotalValuesPruned=239136
%%%mzn-stat: allDifferentNumber1TotalHallSetSizeConflict=42309
%%%mzn-stat: allDifferentNumber1NumberOfConflicts=1960
%%%mzn-stat: allDifferentNumber1MaxHallSetSizeConflict=24
%%%mzn-stat: allDifferentNumber1TotalPruningHallSetSize=2587871
%%%mzn-stat: allDifferentNumber1NumberOfPruningExplanations=239136
%%%mzn-stat: allDifferentNumber1MaxPruningHallSetSize=45
%%%mzn-stat: allDifferentNumber1TotalFixedEdgesAtConflict=50471
%%%mzn-stat: allDifferentNumber1TotalVarsInvolvedInPruning=173297
%%%mzn-stat: allDifferentNumber1MaxValuesPrunedFromSingleVar=9
%%%mzn-stat: allDifferentNumber1TotalSccSizeAtPruning=559509
%%%mzn-stat: allDifferentNumber1NumberOfSccPruningCalls=33133
%%%mzn-stat: circuitNumber2PropagationsThatFoundConflict=7575
%%%mzn-stat: circuitNumber2TotalFixedEdgesAtConflict=249780
%%%mzn-stat: circuitNumber2NumberOfConflicts=7575
%%%mzn-stat: circuitNumber2PropagationsThatPruned=2035
%%%mzn-stat: circuitNumber2PropagationsTotal=26899
%%%mzn-stat: AverageConflictSize=24.641436013305718
%%%mzn-stat: NumUnitNogoodsLearned=0
%%%mzn-stat: AverageLearnedNogoodLength=46.781459863177055
%%%mzn-stat: AverageBacktrackAmount=0
%%%mzn-stat: AverageLbd=21.204167451201908
%%%mzn-stat: 2AutonomousSearchNumBackupCalled=3690
%%%mzn-stat: 2AutonomousSearchNumPredicatesRemoved=0
%%%mzn-stat: 2AutonomousSearchNumCalls=3773
%%%mzn-stat: 2AutonomousSearchNumPredicatesAdded=5893
%%%mzn-stat: 2AutonomousSearchAverageSizeOfHeap=40.540153723827196
%%%mzn-stat: 2AutonomousSearchNumAssignedPredicatesEncountered=25422
%%%mzn-stat-end
maxleg = 265;
succ = array1d(1..50,[4, 3, 5, 32, 11, 9, 8, 17, 10, 18, 15, 13, 19, 22, 20, 6, 45, 21, 14, 27, 39, 35, 7, 47, 16, 25, 42, 12, 37, 28, 48, 38, 34, 46, 33, 43, 26, 2, 24, 23, 30, 41, 44, 49, 1, 31, 40, 36, 50, 29]);
% time elapsed: 7.66 s
----------
%%%mzn-stat: initTime=0.008080236
%%%mzn-stat: objective=258
%%%mzn-stat: nodes=22741
%%%mzn-stat: restarts=1
%%%mzn-stat: peakDepth=421
%%%mzn-stat: solveTime=7.339125006
%%%mzn-stat: variables=807
%%%mzn-stat: propagators=565
%%%mzn-stat: failures=15968
%%%mzn-stat: propagations=459529
%%%mzn-stat: nogoods=15968
%%%mzn-stat: numAtomicConstraintsPropagated=0
%%%mzn-stat: allDifferentNumber1PropagationsTotal=58719
%%%mzn-stat: allDifferentNumber1PropagationsThatFoundConflict=1960
%%%mzn-stat: allDifferentNumber1PropagationsThatPruned=33387
%%%mzn-stat: allDifferentNumber1TotalValuesPruned=240264
%%%mzn-stat: allDifferentNumber1TotalHallSetSizeConflict=42309
%%%mzn-stat: allDifferentNumber1NumberOfConflicts=1960
%%%mzn-stat: allDifferentNumber1MaxHallSetSizeConflict=24
%%%mzn-stat: allDifferentNumber1TotalPruningHallSetSize=2591914
%%%mzn-stat: allDifferentNumber1NumberOfPruningExplanations=240264
%%%mzn-stat: allDifferentNumber1MaxPruningHallSetSize=45
%%%mzn-stat: allDifferentNumber1TotalFixedEdgesAtConflict=50471
%%%mzn-stat: allDifferentNumber1TotalVarsInvolvedInPruning=174306
%%%mzn-stat: allDifferentNumber1MaxValuesPrunedFromSingleVar=9
%%%mzn-stat: allDifferentNumber1TotalSccSizeAtPruning=562482
%%%mzn-stat: allDifferentNumber1NumberOfSccPruningCalls=33387
%%%mzn-stat: circuitNumber2PropagationsThatFoundConflict=7609
%%%mzn-stat: circuitNumber2TotalFixedEdgesAtConflict=250629
%%%mzn-stat: circuitNumber2NumberOfConflicts=7609
%%%mzn-stat: circuitNumber2PropagationsThatPruned=2071
%%%mzn-stat: circuitNumber2PropagationsTotal=27150
%%%mzn-stat: AverageConflictSize=24.607026553106213
%%%mzn-stat: NumUnitNogoodsLearned=0
%%%mzn-stat: AverageLearnedNogoodLength=46.71662074148296
%%%mzn-stat: AverageBacktrackAmount=0
%%%mzn-stat: AverageLbd=21.17259519038076
%%%mzn-stat: 2AutonomousSearchNumBackupCalled=3990
%%%mzn-stat: 2AutonomousSearchNumPredicatesRemoved=0
%%%mzn-stat: 2AutonomousSearchNumCalls=4074
%%%mzn-stat: 2AutonomousSearchNumPredicatesAdded=6575
%%%mzn-stat: 2AutonomousSearchAverageSizeOfHeap=38.11364752086401
%%%mzn-stat: 2AutonomousSearchNumAssignedPredicatesEncountered=27739
%%%mzn-stat-end
maxleg = 258;
succ = array1d(1..50,[4, 3, 5, 32, 11, 9, 8, 17, 18, 43, 15, 13, 19, 22, 38, 6, 23, 21, 14, 27, 39, 2, 10, 47, 16, 25, 26, 12, 37, 28, 46, 20, 35, 33, 42, 44, 48, 45, 24, 7, 30, 41, 36, 49, 1, 34, 40, 31, 50, 29]);
% time elapsed: 7.68 s
----------
%%%mzn-stat: initTime=0.008080236
%%%mzn-stat: objective=255
%%%mzn-stat: nodes=23079
%%%mzn-stat: restarts=1
%%%mzn-stat: peakDepth=421
%%%mzn-stat: solveTime=7.34372172
%%%mzn-stat: variables=807
%%%mzn-stat: propagators=565
%%%mzn-stat: failures=15968
%%%mzn-stat: propagations=460610
%%%mzn-stat: nogoods=15968
%%%mzn-stat: numAtomicConstraintsPropagated=0
%%%mzn-stat: allDifferentNumber1PropagationsTotal=58789
%%%mzn-stat: allDifferentNumber1PropagationsThatFoundConflict=1960
%%%mzn-stat: allDifferentNumber1PropagationsThatPruned=33424
%%%mzn-stat: allDifferentNumber1TotalValuesPruned=240424
%%%mzn-stat: allDifferentNumber1TotalHallSetSizeConflict=42309
%%%mzn-stat: allDifferentNumber1NumberOfConflicts=1960
%%%mzn-stat: allDifferentNumber1MaxHallSetSizeConflict=24
%%%mzn-stat: allDifferentNumber1TotalPruningHallSetSize=2592580
%%%mzn-stat: allDifferentNumber1NumberOfPruningExplanations=240424
%%%mzn-stat: allDifferentNumber1MaxPruningHallSetSize=45
%%%mzn-stat: allDifferentNumber1TotalFixedEdgesAtConflict=50471
%%%mzn-stat: allDifferentNumber1TotalVarsInvolvedInPruning=174446
%%%mzn-stat: allDifferentNumber1MaxValuesPrunedFromSingleVar=9
%%%mzn-stat: allDifferentNumber1TotalSccSizeAtPruning=562897
%%%mzn-stat: allDifferentNumber1NumberOfSccPruningCalls=33424
%%%mzn-stat: circuitNumber2PropagationsThatFoundConflict=7609
%%%mzn-stat: circuitNumber2TotalFixedEdgesAtConflict=250629
%%%mzn-stat: circuitNumber2NumberOfConflicts=7609
%%%mzn-stat: circuitNumber2PropagationsThatPruned=2074
%%%mzn-stat: circuitNumber2PropagationsTotal=27186
%%%mzn-stat: AverageConflictSize=24.607026553106213
%%%mzn-stat: NumUnitNogoodsLearned=0
%%%mzn-stat: AverageLearnedNogoodLength=46.71662074148296
%%%mzn-stat: AverageBacktrackAmount=0
%%%mzn-stat: AverageLbd=21.17259519038076
%%%mzn-stat: 2AutonomousSearchNumBackupCalled=4299
%%%mzn-stat: 2AutonomousSearchNumPredicatesRemoved=0
%%%mzn-stat: 2AutonomousSearchNumCalls=4384
%%%mzn-stat: 2AutonomousSearchNumPredicatesAdded=6575
%%%mzn-stat: 2AutonomousSearchAverageSizeOfHeap=35.947080291970806
%%%mzn-stat: 2AutonomousSearchNumAssignedPredicatesEncountered=30056
%%%mzn-stat-end
maxleg = 255;
succ = array1d(1..50,[4, 3, 5, 32, 11, 9, 8, 17, 18, 43, 15, 13, 19, 22, 38, 6, 23, 21, 14, 41, 39, 2, 10, 47, 16, 25, 26, 12, 37, 28, 33, 20, 46, 30, 27, 44, 48, 45, 24, 7, 42, 35, 36, 49, 1, 34, 40, 31, 50, 29]);
% time elapsed: 7.69 s
----------
%%%mzn-stat: initTime=0.008080236
%%%mzn-stat: objective=248
%%%mzn-stat: nodes=23388
%%%mzn-stat: restarts=1
%%%mzn-stat: peakDepth=421
%%%mzn-stat: solveTime=7.3476367719999995
%%%mzn-stat: variables=807
%%%mzn-stat: propagators=565
%%%mzn-stat: failures=15968
%%%mzn-stat: propagations=461694
%%%mzn-stat: nogoods=15968
%%%mzn-stat: numAtomicConstraintsPropagated=0
%%%mzn-stat: allDifferentNumber1PropagationsTotal=58858
%%%mzn-stat: allDifferentNumber1PropagationsThatFoundConflict=1960
%%%mzn-stat: allDifferentNumber1PropagationsThatPruned=33460
%%%mzn-stat: allDifferentNumber1TotalValuesPruned=240582
%%%mzn-stat: allDifferentNumber1TotalHallSetSizeConflict=42309
%%%mzn-stat: allDifferentNumber1NumberOfConflicts=1960
%%%mzn-stat: allDifferentNumber1MaxHallSetSizeConflict=24
%%%mzn-stat: allDifferentNumber1TotalPruningHallSetSize=2593258
%%%mzn-stat: allDifferentNumber1NumberOfPruningExplanations=240582
%%%mzn-stat: allDifferentNumber1MaxPruningHallSetSize=45
%%%mzn-stat: allDifferentNumber1TotalFixedEdgesAtConflict=50471
%%%mzn-stat: allDifferentNumber1TotalVarsInvolvedInPruning=174585
%%%mzn-stat: allDifferentNumber1MaxValuesPrunedFromSingleVar=9
%%%mzn-stat: allDifferentNumber1TotalSccSizeAtPruning=563306
%%%mzn-stat: allDifferentNumber1NumberOfSccPruningCalls=33460
%%%mzn-stat: circuitNumber2PropagationsThatFoundConflict=7609
%%%mzn-stat: circuitNumber2TotalFixedEdgesAtConflict=250629
%%%mzn-stat: circuitNumber2NumberOfConflicts=7609
%%%mzn-stat: circuitNumber2PropagationsThatPruned=2076
%%%mzn-stat: circuitNumber2PropagationsTotal=27221
%%%mzn-stat: AverageConflictSize=24.607026553106213
%%%mzn-stat: NumUnitNogoodsLearned=0
%%%mzn-stat: AverageLearnedNogoodLength=46.71662074148296
%%%mzn-stat: AverageBacktrackAmount=0
%%%mzn-stat: AverageLbd=21.17259519038076
%%%mzn-stat: 2AutonomousSearchNumBackupCalled=4579
%%%mzn-stat: 2AutonomousSearchNumPredicatesRemoved=0
%%%mzn-stat: 2AutonomousSearchNumCalls=4665
%%%mzn-stat: 2AutonomousSearchNumPredicatesAdded=6575
%%%mzn-stat: 2AutonomousSearchAverageSizeOfHeap=34.27845659163987
%%%mzn-stat: 2AutonomousSearchNumAssignedPredicatesEncountered=32373
%%%mzn-stat-end
maxleg = 248;
succ = array1d(1..50,[4, 3, 5, 32, 11, 9, 8, 17, 18, 43, 15, 13, 19, 22, 38, 6, 23, 21, 14, 41, 39, 2, 10, 47, 16, 25, 26, 12, 37, 28, 46, 20, 30, 33, 27, 44, 48, 45, 24, 7, 42, 35, 36, 49, 1, 34, 40, 31, 50, 29]);
% time elapsed: 7.70 s
----------
%%%mzn-stat: initTime=0.008080236
%%%mzn-stat: objective=245
%%%mzn-stat: nodes=25399
%%%mzn-stat: restarts=1
%%%mzn-stat: peakDepth=421
%%%mzn-stat: solveTime=7.673474195
%%%mzn-stat: variables=807
%%%mzn-stat: propagators=565
%%%mzn-stat: failures=16574
%%%mzn-stat: propagations=498138
%%%mzn-stat: nogoods=16574
%%%mzn-stat: numAtomicConstraintsPropagated=0
%%%mzn-stat: allDifferentNumber1PropagationsTotal=63637
%%%mzn-stat: allDifferentNumber1PropagationsThatFoundConflict=1981
%%%mzn-stat: allDifferentNumber1PropagationsThatPruned=36184
%%%mzn-stat: allDifferentNumber1TotalValuesPruned=254198
%%%mzn-stat: allDifferentNumber1TotalHallSetSizeConflict=42392
%%%mzn-stat: allDifferentNumber1NumberOfConflicts=1981
%%%mzn-stat: allDifferentNumber1MaxHallSetSizeConflict=24
%%%mzn-stat: allDifferentNumber1TotalPruningHallSetSize=2651475
%%%mzn-stat: allDifferentNumber1NumberOfPruningExplanations=254198
%%%mzn-stat: allDifferentNumber1MaxPruningHallSetSize=48
%%%mzn-stat: allDifferentNumber1TotalFixedEdgesAtConflict=51004
%%%mzn-stat: allDifferentNumber1TotalVarsInvolvedInPruning=185658
%%%mzn-stat: allDifferentNumber1MaxValuesPrunedFromSingleVar=9
%%%mzn-stat: allDifferentNumber1TotalSccSizeAtPruning=596948
%%%mzn-stat: allDifferentNumber1NumberOfSccPruningCalls=36184
%%%mzn-stat: circuitNumber2PropagationsThatFoundConflict=8021
%%%mzn-stat: circuitNumber2TotalFixedEdgesAtConflict=260522
%%%mzn-stat: circuitNumber2NumberOfConflicts=8021
%%%mzn-stat: circuitNumber2PropagationsThatPruned=2304
%%%mzn-stat: circuitNumber2PropagationsTotal=29683
%%%mzn-stat: AverageConflictSize=24.014721853505492
%%%mzn-stat: NumUnitNogoodsLearned=0
%%%mzn-stat: AverageLearnedNogoodLength=45.808253891637506
%%%mzn-stat: AverageBacktrackAmount=0
%%%mzn-stat: AverageLbd=20.65222637866538
%%%mzn-stat: 2AutonomousSearchNumBackupCalled=4865
%%%mzn-stat: 2AutonomousSearchNumPredicatesRemoved=0
%%%mzn-stat: 2AutonomousSearchNumCalls=4952
%%%mzn-stat: 2AutonomousSearchNumPredicatesAdded=7942
%%%mzn-stat: 2AutonomousSearchAverageSizeOfHeap=32.8014943457189
%%%mzn-stat: 2AutonomousSearchNumAssignedPredicatesEncountered=34897
%%%mzn-stat-end
maxleg = 245;
succ = array1d(1..50,[4, 3, 5, 32, 11, 9, 45, 7, 10, 18, 15, 13, 19, 27, 22, 6, 8, 21, 14, 41, 39, 20, 17, 47, 16, 25, 42, 12, 37, 28, 48, 38, 34, 46, 33, 43, 26, 2, 24, 23, 30, 35, 44, 49, 1, 31, 40, 36, 50, 29]);
% time elapsed: 8.02 s
----------
%%%mzn-stat: initTime=0.008080236
%%%mzn-stat: objective=244
%%%mzn-stat: nodes=25710
%%%mzn-stat: restarts=1
%%%mzn-stat: peakDepth=421
%%%mzn-stat: solveTime=7.678730636
%%%mzn-stat: variables=807
%%%mzn-stat: propagators=565
%%%mzn-stat: failures=16577
%%%mzn-stat: propagations=499282
%%%mzn-stat: nogoods=16577
%%%mzn-stat: numAtomicConstraintsPropagated=0
%%%mzn-stat: allDifferentNumber1PropagationsTotal=63708
%%%mzn-stat: allDifferentNumber1PropagationsThatFoundConflict=1982
%%%mzn-stat: allDifferentNumber1PropagationsThatPruned=36222
%%%mzn-stat: allDifferentNumber1TotalValuesPruned=254373
%%%mzn-stat: allDifferentNumber1TotalHallSetSizeConflict=42399
%%%mzn-stat: allDifferentNumber1NumberOfConflicts=1982
%%%mzn-stat: allDifferentNumber1MaxHallSetSizeConflict=24
%%%mzn-stat: allDifferentNumber1TotalPruningHallSetSize=2652426
%%%mzn-stat: allDifferentNumber1NumberOfPruningExplanations=254373
%%%mzn-stat: allDifferentNumber1MaxPruningHallSetSize=48
%%%mzn-stat: allDifferentNumber1TotalFixedEdgesAtConflict=51040
%%%mzn-stat: allDifferentNumber1TotalVarsInvolvedInPruning=185816
%%%mzn-stat: allDifferentNumber1MaxValuesPrunedFromSingleVar=9
%%%mzn-stat: allDifferentNumber1TotalSccSizeAtPruning=597405
%%%mzn-stat: allDifferentNumber1NumberOfSccPruningCalls=36222
%%%mzn-stat: circuitNumber2PropagationsThatFoundConflict=8023
%%%mzn-stat: circuitNumber2TotalFixedEdgesAtConflict=260601
%%%mzn-stat: circuitNumber2NumberOfConflicts=8023
%%%mzn-stat: circuitNumber2PropagationsThatPruned=2305
%%%mzn-stat: circuitNumber2PropagationsTotal=29720
%%%mzn-stat: AverageConflictSize=24.014115943777522
%%%mzn-stat: NumUnitNogoodsLearned=0
%%%mzn-stat: AverageLearnedNogoodLength=45.806720154430835
%%%mzn-stat: AverageBacktrackAmount=0
%%%mzn-stat: AverageLbd=20.650962176509623
%%%mzn-stat: 2AutonomousSearchNumBackupCalled=5146
%%%mzn-stat: 2AutonomousSearchNumPredicatesRemoved=0
%%%mzn-stat: 2AutonomousSearchNumCalls=5234
%%%mzn-stat: 2AutonomousSearchNumPredicatesAdded=8125
%%%mzn-stat: 2AutonomousSearchAverageSizeOfHeap=31.516622086358424
%%%mzn-stat: 2AutonomousSearchNumAssignedPredicatesEncountered=37422
%%%mzn-stat-end
maxleg = 244;
succ = array1d(1..50,[4, 3, 5, 32, 11, 9, 45, 17, 10, 18, 15, 13, 19, 27, 22, 6, 7, 21, 14, 41, 39, 20, 8, 47, 16, 25, 42, 12, 37, 28, 48, 38, 34, 46, 33, 43, 26, 2, 24, 23, 30, 35, 44, 49, 1, 31, 40, 36, 50, 29]);
% time elapsed: 8.03 s
----------
%%%mzn-stat: initTime=0.008080236
%%%mzn-stat: objective=240
%%%mzn-stat: nodes=26001
%%%mzn-stat: restarts=1
%%%mzn-stat: peakDepth=421
%%%mzn-stat: solveTime=7.68305268
%%%mzn-stat: variables=807
%%%mzn-stat: propagators=565
%%%mzn-stat: failures=16577
%%%mzn-stat: propagations=500376
%%%mzn-stat: nogoods=16577
%%%mzn-stat: numAtomicConstraintsPropagated=0
%%%mzn-stat: allDifferentNumber1PropagationsTotal=63769
%%%mzn-stat: allDifferentNumber1PropagationsThatFoundConflict=1982
%%%mzn-stat: allDifferentNumber1PropagationsThatPruned=36254
%%%mzn-stat: allDifferentNumber1TotalValuesPruned=254523
%%%mzn-stat: allDifferentNumber1TotalHallSetSizeConflict=42399
%%%mzn-stat: allDifferentNumber1NumberOfConflicts=1982
%%%mzn-stat: allDifferentNumber1MaxHallSetSizeConflict=24
%%%mzn-stat: allDifferentNumber1TotalPruningHallSetSize=2653409
%%%mzn-stat: allDifferentNumber1NumberOfPruningExplanations=254523
%%%mzn-stat: allDifferentNumber1MaxPruningHallSetSize=48
%%%mzn-stat: allDifferentNumber1TotalFixedEdgesAtConflict=51040
%%%mzn-stat: allDifferentNumber1TotalVarsInvolvedInPruning=185945
%%%mzn-stat: allDifferentNumber1MaxValuesPrunedFromSingleVar=9
%%%mzn-stat: allDifferentNumber1TotalSccSizeAtPruning=597747
%%%mzn-stat: allDifferentNumber1NumberOfSccPruningCalls=36254
%%%mzn-stat: circuitNumber2PropagationsThatFoundConflict=8023
%%%mzn-stat: circuitNumber2TotalFixedEdgesAtConflict=260601
%%%mzn-stat: circuitNumber2NumberOfConflicts=8023
%%%mzn-stat: circuitNumber2PropagationsThatPruned=2307
%%%mzn-stat: circuitNumber2PropagationsTotal=29753
%%%mzn-stat: AverageConflictSize=24.014115943777522
%%%mzn-stat: NumUnitNogoodsLearned=0
%%%mzn-stat: AverageLearnedNogoodLength=45.806720154430835
%%%mzn-stat: AverageBacktrackAmount=0
%%%mzn-stat: AverageLbd=20.650962176509623
%%%mzn-stat: 2AutonomousSearchNumBackupCalled=5410
%%%mzn-stat: 2AutonomousSearchNumPredicatesRemoved=0
%%%mzn-stat: 2AutonomousSearchNumCalls=5499
%%%mzn-stat: 2AutonomousSearchNumPredicatesAdded=8125
%%%mzn-stat: 2AutonomousSearchAverageSizeOfHeap=30.456992180396437
%%%mzn-stat: 2AutonomousSearchNumAssignedPredicatesEncountered=39947
%%%mzn-stat-end
maxleg = 240;
succ = array1d(1..50,[4, 3, 5, 32, 11, 9, 45, 17, 10, 18, 15, 13, 19, 27, 22, 6, 7, 21, 14, 41, 39, 20, 8, 47, 16, 25, 42, 12, 37, 28, 48, 38, 34, 46, 33, 43, 26, 2, 24, 23, 30, 35, 44, 49, 1, 31, 40, 50, 29, 36]);
% time elapsed: 8.05 s
----------
%%%mzn-stat: initTime=0.008080236
%%%mzn-stat: objective=239
%%%mzn-stat: nodes=26285
%%%mzn-stat: restarts=1
%%%mzn-stat: peakDepth=421
%%%mzn-stat: solveTime=7.686978669
%%%mzn-stat: variables=807
%%%mzn-stat: propagators=565
%%%mzn-stat: failures=16577
%%%mzn-stat: propagations=501412
%%%mzn-stat: nogoods=16577
%%%mzn-stat: numAtomicConstraintsPropagated=0
%%%mzn-stat: allDifferentNumber1PropagationsTotal=63829
%%%mzn-stat: allDifferentNumber1PropagationsThatFoundConflict=1982
%%%mzn-stat: allDifferentNumber1PropagationsThatPruned=36285
%%%mzn-stat: allDifferentNumber1TotalValuesPruned=254672
%%%mzn-stat: allDifferentNumber1TotalHallSetSizeConflict=42399
%%%mzn-stat: allDifferentNumber1NumberOfConflicts=1982
%%%mzn-stat: allDifferentNumber1MaxHallSetSizeConflict=24
%%%mzn-stat: allDifferentNumber1TotalPruningHallSetSize=2654417
%%%mzn-stat: allDifferentNumber1NumberOfPruningExplanations=254672
%%%mzn-stat: allDifferentNumber1MaxPruningHallSetSize=48
%%%mzn-stat: allDifferentNumber1TotalFixedEdgesAtConflict=51040
%%%mzn-stat: allDifferentNumber1TotalVarsInvolvedInPruning=186068
%%%mzn-stat: allDifferentNumber1MaxValuesPrunedFromSingleVar=9
%%%mzn-stat: allDifferentNumber1TotalSccSizeAtPruning=598104
%%%mzn-stat: allDifferentNumber1NumberOfSccPruningCalls=36285
%%%mzn-stat: circuitNumber2PropagationsThatFoundConflict=8023
%%%mzn-stat: circuitNumber2TotalFixedEdgesAtConflict=260601
%%%mzn-stat: circuitNumber2NumberOfConflicts=8023
%%%mzn-stat: circuitNumber2PropagationsThatPruned=2309
%%%mzn-stat: circuitNumber2PropagationsTotal=29785
%%%mzn-stat: AverageConflictSize=24.014115943777522
%%%mzn-stat: NumUnitNogoodsLearned=0
%%%mzn-stat: AverageLearnedNogoodLength=45.806720154430835
%%%mzn-stat: AverageBacktrackAmount=0
%%%mzn-stat: AverageLbd=20.650962176509623
%%%mzn-stat: 2AutonomousSearchNumBackupCalled=5667
%%%mzn-stat: 2AutonomousSearchNumPredicatesRemoved=0
%%%mzn-stat: 2AutonomousSearchNumCalls=5757
%%%mzn-stat: 2AutonomousSearchNumPredicatesAdded=8125
%%%mzn-stat: 2AutonomousSearchAverageSizeOfHeap=29.530658328990793
%%%mzn-stat: 2AutonomousSearchNumAssignedPredicatesEncountered=42472
%%%mzn-stat-end
maxleg = 239;
succ = array1d(1..50,[4, 3, 5, 32, 11, 9, 45, 17, 10, 18, 15, 13, 28, 19, 22, 6, 7, 21, 12, 41, 39, 20, 8, 47, 16, 25, 14, 30, 37, 33, 48, 38, 34, 46, 42, 43, 26, 2, 24, 23, 35, 27, 44, 49, 1, 31, 40, 50, 29, 36]);
% time elapsed: 8.05 s
----------
==========
% time elapsed: 8.05 s
%%%mzn-stat: initTime=0.008080236
%%%mzn-stat: objective=239
%%%mzn-stat: nodes=26285
%%%mzn-stat: restarts=1
%%%mzn-stat: peakDepth=421
%%%mzn-stat: solveTime=7.687546908
%%%mzn-stat: variables=807
%%%mzn-stat: propagators=565
%%%mzn-stat: failures=16578
%%%mzn-stat: propagations=501620
%%%mzn-stat: nogoods=16578
%%%mzn-stat: numAtomicConstraintsPropagated=0
%%%mzn-stat: allDifferentNumber1PropagationsTotal=63830
%%%mzn-stat: allDifferentNumber1PropagationsThatFoundConflict=1982
%%%mzn-stat: allDifferentNumber1PropagationsThatPruned=36286
%%%mzn-stat: allDifferentNumber1TotalValuesPruned=254680
%%%mzn-stat: allDifferentNumber1TotalHallSetSizeConflict=42399
%%%mzn-stat: allDifferentNumber1NumberOfConflicts=1982
%%%mzn-stat: allDifferentNumber1MaxHallSetSizeConflict=24
%%%mzn-stat: allDifferentNumber1TotalPruningHallSetSize=2654617
%%%mzn-stat: allDifferentNumber1NumberOfPruningExplanations=254680
%%%mzn-stat: allDifferentNumber1MaxPruningHallSetSize=49
%%%mzn-stat: allDifferentNumber1TotalFixedEdgesAtConflict=51040
%%%mzn-stat: allDifferentNumber1TotalVarsInvolvedInPruning=186073
%%%mzn-stat: allDifferentNumber1MaxValuesPrunedFromSingleVar=9
%%%mzn-stat: allDifferentNumber1TotalSccSizeAtPruning=598201
%%%mzn-stat: allDifferentNumber1NumberOfSccPruningCalls=36286
%%%mzn-stat: circuitNumber2PropagationsThatFoundConflict=8024
%%%mzn-stat: circuitNumber2TotalFixedEdgesAtConflict=260603
%%%mzn-stat: circuitNumber2NumberOfConflicts=8024
%%%mzn-stat: circuitNumber2PropagationsThatPruned=2309
%%%mzn-stat: circuitNumber2PropagationsTotal=29786
%%%mzn-stat: AverageConflictSize=24.012788032332008
%%%mzn-stat: NumUnitNogoodsLearned=1
%%%mzn-stat: AverageLearnedNogoodLength=45.80401737242128
%%%mzn-stat: AverageBacktrackAmount=0
%%%mzn-stat: AverageLbd=20.649776812643264
%%%mzn-stat: 2AutonomousSearchNumBackupCalled=5667
%%%mzn-stat: 2AutonomousSearchNumPredicatesRemoved=0
%%%mzn-stat: 2AutonomousSearchNumCalls=5757
%%%mzn-stat: 2AutonomousSearchNumPredicatesAdded=8460
%%%mzn-stat: 2AutonomousSearchAverageSizeOfHeap=29.530658328990793
%%%mzn-stat: 2AutonomousSearchNumAssignedPredicatesEncountered=42472
%%%mzn-stat-end
