% Logging successfully configured
%%%mzn-stat: initTime=0.00168817
%%%mzn-stat: objective=1045
%%%mzn-stat: nodes=93
%%%mzn-stat: restarts=0
%%%mzn-stat: peakDepth=77
%%%mzn-stat: solveTime=0.000553659
%%%mzn-stat: variables=230
%%%mzn-stat: propagators=323
%%%mzn-stat: failures=11
%%%mzn-stat: propagations=2523
%%%mzn-stat: nogoods=11
%%%mzn-stat: numAtomicConstraintsPropagated=0
%%%mzn-stat: circuitNumber191PropagationsThatFoundConflict=2
%%%mzn-stat: circuitNumber191TotalFixedEdgesAtConflict=36
%%%mzn-stat: circuitNumber191NumberOfConflicts=2
%%%mzn-stat: circuitNumber191PropagationsThatPruned=3
%%%mzn-stat: circuitNumber191PropagationsTotal=19
%%%mzn-stat: AverageConflictSize=2.5454545454545454
%%%mzn-stat: NumUnitNogoodsLearned=4
%%%mzn-stat: AverageLearnedNogoodLength=2.727272727272727
%%%mzn-stat: AverageBacktrackAmount=0
%%%mzn-stat: AverageLbd=1.6363636363636365
%%%mzn-stat: 2AutonomousSearchNumBackupCalled=74
%%%mzn-stat: 2AutonomousSearchNumPredicatesRemoved=0
%%%mzn-stat: 2AutonomousSearchNumCalls=75
%%%mzn-stat: 2AutonomousSearchNumPredicatesAdded=233
%%%mzn-stat: 2AutonomousSearchAverageSizeOfHeap=3.1066666666666665
%%%mzn-stat: 2AutonomousSearchNumAssignedPredicatesEncountered=233
%%%mzn-stat-end
maxleg = 1045;
succ = array1d(1..20,[14, 11, 18, 1, 9, 15, 2, 5, 10, 6, 16, 17, 8, 7, 4, 3, 20, 19, 12, 13]);
% time elapsed: 0.21 s
----------
==========
% time elapsed: 0.21 s
%%%mzn-stat: initTime=0.00168817
%%%mzn-stat: objective=1045
%%%mzn-stat: nodes=93
%%%mzn-stat: restarts=0
%%%mzn-stat: peakDepth=77
%%%mzn-stat: solveTime=0.000954029
%%%mzn-stat: variables=230
%%%mzn-stat: propagators=323
%%%mzn-stat: failures=12
%%%mzn-stat: propagations=2602
%%%mzn-stat: nogoods=12
%%%mzn-stat: numAtomicConstraintsPropagated=0
%%%mzn-stat: circuitNumber191PropagationsThatFoundConflict=2
%%%mzn-stat: circuitNumber191TotalFixedEdgesAtConflict=36
%%%mzn-stat: circuitNumber191NumberOfConflicts=2
%%%mzn-stat: circuitNumber191PropagationsThatPruned=3
%%%mzn-stat: circuitNumber191PropagationsTotal=20
%%%mzn-stat: AverageConflictSize=2.5
%%%mzn-stat: NumUnitNogoodsLearned=5
%%%mzn-stat: AverageLearnedNogoodLength=2.5833333333333335
%%%mzn-stat: AverageBacktrackAmount=0
%%%mzn-stat: AverageLbd=1.5833333333333333
%%%mzn-stat: 2AutonomousSearchNumBackupCalled=74
%%%mzn-stat: 2AutonomousSearchNumPredicatesRemoved=0
%%%mzn-stat: 2AutonomousSearchNumCalls=75
%%%mzn-stat: 2AutonomousSearchNumPredicatesAdded=247
%%%mzn-stat: 2AutonomousSearchAverageSizeOfHeap=3.1066666666666665
%%%mzn-stat: 2AutonomousSearchNumAssignedPredicatesEncountered=233
%%%mzn-stat-end
