%%%mzn-stat: initTime=0.039904933
%%%mzn-stat: objective=189
%%%mzn-stat: nodes=3352156
%%%mzn-stat: restarts=3027
%%%mzn-stat: peakDepth=1425
%%%mzn-stat: solveTime=897.891325943
%%%mzn-stat: variables=2307
%%%mzn-stat: propagators=13117
%%%mzn-stat: failures=1949308
%%%mzn-stat: propagations=1292218969
%%%mzn-stat: nogoods=1949308
%%%mzn-stat: AverageConflictSize=12.471591970073483
%%%mzn-stat: NumUnitNogoodsLearned=128
%%%mzn-stat: AverageLearnedNogoodLength=37.52204064211505
%%%mzn-stat: AverageBacktrackAmount=0
%%%mzn-stat: AverageLbd=13.673109123853182
%%%mzn-stat-end
maxleg = 189;
succ = array1d(1..150,[137, 133, 136, 120, 50, 28, 65, 14, 42, 18, 89, 51, 125, 138, 115, 30, 49, 25, 84, 62, 34, 148, 11, 20, 24, 104, 97, 47, 71, 21, 101, 102, 119, 139, 140, 141, 134, 78, 36, 33, 44, 143, 122, 54, 149, 80, 10, 82, 35, 40, 1, 9, 150, 77, 100, 129, 113, 39, 41, 5, 79, 127, 130, 117, 17, 91, 70, 73, 93, 87, 123, 29, 15, 16, 43, 13, 23, 94, 107, 27, 74, 72, 99, 118, 96, 2, 146, 114, 52, 32, 116, 64, 6, 95, 53, 66, 69, 48, 37, 126, 4, 131, 145, 92, 55, 3, 8, 63, 106, 19, 31, 121, 105, 85, 26, 57, 147, 108, 110, 144, 75, 88, 142, 81, 7, 58, 128, 83, 59, 135, 103, 68, 12, 86, 45, 61, 22, 111, 112, 46, 90, 38, 67, 56, 132, 76, 60, 124, 98, 109]);
% time elapsed: 899.93 s
----------
%%%mzn-stat: initTime=0.039904933
%%%mzn-stat: objective=188
%%%mzn-stat: nodes=3354861
%%%mzn-stat: restarts=3028
%%%mzn-stat: peakDepth=1876
%%%mzn-stat: solveTime=898.065265036
%%%mzn-stat: variables=2307
%%%mzn-stat: propagators=13117
%%%mzn-stat: failures=1949553
%%%mzn-stat: propagations=1292430572
%%%mzn-stat: nogoods=1949553
%%%mzn-stat: AverageConflictSize=12.471627598736736
%%%mzn-stat: NumUnitNogoodsLearned=128
%%%mzn-stat: AverageLearnedNogoodLength=37.52318044187565
%%%mzn-stat: AverageBacktrackAmount=0
%%%mzn-stat: AverageLbd=13.673349737093579
%%%mzn-stat-end
maxleg = 188;
succ = array1d(1..150,[137, 133, 136, 120, 50, 28, 65, 14, 42, 18, 89, 51, 125, 138, 115, 30, 49, 25, 84, 62, 34, 148, 11, 20, 24, 104, 97, 47, 71, 21, 101, 102, 119, 87, 140, 141, 134, 78, 36, 33, 44, 143, 122, 54, 149, 80, 10, 82, 35, 40, 1, 9, 150, 77, 100, 129, 113, 39, 41, 5, 79, 127, 130, 117, 17, 91, 139, 73, 93, 112, 123, 29, 15, 16, 43, 13, 23, 94, 107, 27, 74, 72, 99, 118, 96, 2, 146, 114, 52, 32, 116, 64, 6, 95, 53, 66, 69, 86, 37, 126, 4, 131, 145, 92, 55, 3, 8, 63, 106, 19, 31, 121, 105, 85, 26, 57, 147, 108, 110, 144, 75, 88, 142, 81, 7, 58, 128, 83, 59, 135, 103, 68, 12, 48, 45, 61, 22, 111, 70, 46, 90, 38, 67, 56, 132, 76, 60, 124, 98, 109]);
% time elapsed: 900.08 s
----------
%%%mzn-stat: initTime=0.039904933
%%%mzn-stat: objective=187
%%%mzn-stat: nodes=3356781
%%%mzn-stat: restarts=3029
%%%mzn-stat: peakDepth=1876
%%%mzn-stat: solveTime=898.129578471
%%%mzn-stat: variables=2307
%%%mzn-stat: propagators=13117
%%%mzn-stat: failures=1949611
%%%mzn-stat: propagations=1292525258
%%%mzn-stat: nogoods=1949611
%%%mzn-stat: AverageConflictSize=12.471420196131433
%%%mzn-stat: NumUnitNogoodsLearned=128
%%%mzn-stat: AverageLearnedNogoodLength=37.52322437655512
%%%mzn-stat: AverageBacktrackAmount=0
%%%mzn-stat: AverageLbd=13.673425621829175
%%%mzn-stat-end
maxleg = 187;
succ = array1d(1..150,[137, 133, 136, 120, 50, 28, 65, 14, 42, 18, 89, 51, 125, 138, 115, 30, 49, 25, 84, 62, 34, 148, 11, 20, 24, 104, 97, 47, 71, 21, 101, 102, 119, 87, 140, 141, 134, 78, 36, 33, 44, 143, 122, 54, 149, 80, 10, 82, 35, 40, 1, 9, 150, 77, 100, 129, 113, 39, 41, 5, 79, 127, 130, 117, 17, 91, 139, 73, 93, 112, 123, 29, 15, 16, 43, 13, 23, 94, 107, 27, 74, 72, 99, 118, 96, 2, 146, 114, 52, 32, 116, 64, 6, 95, 53, 66, 69, 86, 37, 126, 4, 131, 145, 92, 55, 3, 8, 63, 106, 19, 31, 121, 105, 85, 26, 57, 147, 108, 110, 144, 75, 88, 142, 81, 7, 58, 128, 83, 59, 135, 103, 68, 12, 48, 45, 61, 22, 111, 70, 46, 90, 38, 67, 56, 132, 76, 60, 124, 98, 109]);
% time elapsed: 900.17 s
----------
%%%mzn-stat: initTime=0.039904933
%%%mzn-stat: objective=186
%%%mzn-stat: nodes=3358937
%%%mzn-stat: restarts=3030
%%%mzn-stat: peakDepth=1876
%%%mzn-stat: solveTime=898.219331989
%%%mzn-stat: variables=2307
%%%mzn-stat: propagators=13117
%%%mzn-stat: failures=1949699
%%%mzn-stat: propagations=1292620320
%%%mzn-stat: nogoods=1949699
%%%mzn-stat: AverageConflictSize=12.471718967902225
%%%mzn-stat: NumUnitNogoodsLearned=128
%%%mzn-stat: AverageLearnedNogoodLength=37.52374905049446
%%%mzn-stat: AverageBacktrackAmount=0
%%%mzn-stat: AverageLbd=13.673438310221218
%%%mzn-stat-end
maxleg = 186;
succ = array1d(1..150,[137, 133, 136, 120, 50, 28, 65, 14, 42, 18, 89, 51, 125, 138, 115, 30, 49, 25, 84, 62, 34, 148, 11, 20, 24, 104, 97, 47, 71, 21, 101, 102, 119, 87, 140, 141, 134, 78, 36, 33, 44, 143, 122, 54, 149, 80, 10, 82, 35, 40, 1, 9, 150, 77, 100, 129, 113, 39, 41, 5, 79, 127, 130, 117, 17, 91, 139, 73, 93, 112, 123, 29, 15, 16, 43, 13, 23, 94, 107, 27, 74, 72, 99, 118, 96, 2, 146, 114, 52, 32, 116, 64, 6, 95, 53, 66, 69, 86, 37, 126, 4, 131, 145, 92, 55, 3, 8, 63, 106, 19, 31, 121, 105, 85, 26, 57, 147, 108, 110, 144, 75, 88, 142, 81, 7, 58, 128, 83, 59, 135, 103, 68, 12, 48, 45, 61, 22, 111, 70, 46, 90, 38, 67, 56, 132, 76, 60, 124, 98, 109]);
% time elapsed: 900.25 s
----------
%%%mzn-stat: initTime=0.039904933
%%%mzn-stat: objective=185
%%%mzn-stat: nodes=3361861
%%%mzn-stat: restarts=3031
%%%mzn-stat: peakDepth=1876
%%%mzn-stat: solveTime=898.445420916
%%%mzn-stat: variables=2307
%%%mzn-stat: propagators=13117
%%%mzn-stat: failures=1950100
%%%mzn-stat: propagations=1292919420
%%%mzn-stat: nogoods=1950100
%%%mzn-stat: AverageConflictSize=12.473112660889186
%%%mzn-stat: NumUnitNogoodsLearned=128
%%%mzn-stat: AverageLearnedNogoodLength=37.52443259320035
%%%mzn-stat: AverageBacktrackAmount=0
%%%mzn-stat: AverageLbd=13.673185477667811
%%%mzn-stat-end
maxleg = 185;
succ = array1d(1..150,[137, 133, 136, 120, 50, 28, 65, 14, 42, 18, 89, 51, 125, 138, 115, 30, 49, 25, 84, 62, 34, 148, 11, 20, 24, 104, 97, 47, 71, 21, 101, 102, 119, 87, 140, 141, 134, 78, 36, 33, 44, 143, 122, 54, 149, 80, 10, 82, 35, 40, 1, 9, 150, 77, 100, 129, 113, 39, 41, 5, 79, 127, 130, 117, 17, 91, 139, 73, 93, 75, 123, 29, 15, 16, 112, 13, 23, 94, 107, 27, 74, 72, 99, 118, 96, 2, 146, 114, 52, 32, 116, 64, 6, 95, 53, 66, 69, 86, 37, 126, 4, 131, 145, 92, 55, 3, 8, 63, 106, 19, 31, 121, 105, 85, 26, 57, 147, 108, 110, 144, 43, 88, 142, 81, 7, 58, 128, 83, 59, 135, 103, 68, 12, 48, 45, 61, 22, 111, 70, 46, 90, 38, 67, 56, 132, 76, 60, 124, 98, 109]);
% time elapsed: 900.49 s
----------
%%%mzn-stat: initTime=0.039904933
%%%mzn-stat: objective=177
%%%mzn-stat: nodes=3368701
%%%mzn-stat: restarts=3041
%%%mzn-stat: peakDepth=1876
%%%mzn-stat: solveTime=899.146486167
%%%mzn-stat: variables=2307
%%%mzn-stat: propagators=13117
%%%mzn-stat: failures=1951258
%%%mzn-stat: propagations=1294055734
%%%mzn-stat: nogoods=1951258
%%%mzn-stat: AverageConflictSize=12.470630741808618
%%%mzn-stat: NumUnitNogoodsLearned=128
%%%mzn-stat: AverageLearnedNogoodLength=37.52067486718825
%%%mzn-stat: AverageBacktrackAmount=0
%%%mzn-stat: AverageLbd=13.674461808740823
%%%mzn-stat-end
maxleg = 177;
succ = array1d(1..150,[137, 133, 136, 120, 50, 28, 65, 14, 42, 18, 89, 51, 125, 138, 119, 30, 49, 25, 84, 62, 13, 148, 11, 20, 24, 104, 97, 47, 71, 21, 101, 102, 19, 87, 140, 141, 134, 78, 36, 33, 44, 143, 122, 54, 149, 80, 10, 82, 35, 40, 1, 9, 150, 34, 100, 129, 113, 39, 41, 5, 79, 127, 130, 117, 17, 91, 139, 73, 93, 75, 123, 29, 15, 16, 112, 77, 23, 94, 107, 27, 74, 72, 99, 118, 96, 2, 146, 114, 52, 32, 116, 64, 6, 95, 53, 66, 69, 86, 37, 126, 4, 103, 145, 92, 55, 3, 8, 63, 106, 132, 31, 121, 105, 85, 26, 57, 147, 108, 110, 144, 43, 88, 142, 81, 7, 58, 128, 83, 59, 135, 68, 115, 12, 48, 45, 61, 22, 111, 70, 46, 90, 38, 67, 56, 131, 76, 60, 124, 98, 109]);
% time elapsed: 901.19 s
----------
%%%mzn-stat: initTime=0.039904933
%%%mzn-stat: objective=176
%%%mzn-stat: nodes=3370937
%%%mzn-stat: restarts=3042
%%%mzn-stat: peakDepth=1876
%%%mzn-stat: solveTime=899.208076395
%%%mzn-stat: variables=2307
%%%mzn-stat: propagators=13117
%%%mzn-stat: failures=1951283
%%%mzn-stat: propagations=1294137484
%%%mzn-stat: nogoods=1951283
%%%mzn-stat: AverageConflictSize=12.470592425598952
%%%mzn-stat: NumUnitNogoodsLearned=128
%%%mzn-stat: AverageLearnedNogoodLength=37.52077889265678
%%%mzn-stat: AverageBacktrackAmount=0
%%%mzn-stat: AverageLbd=13.674584363211283
%%%mzn-stat-end
maxleg = 176;
succ = array1d(1..150,[137, 133, 136, 120, 50, 28, 65, 14, 42, 18, 89, 51, 125, 138, 119, 30, 49, 25, 84, 62, 13, 148, 11, 7, 24, 104, 100, 47, 71, 21, 101, 102, 19, 87, 140, 141, 134, 78, 36, 33, 44, 143, 122, 54, 149, 80, 10, 82, 35, 40, 1, 9, 150, 34, 97, 129, 113, 39, 41, 5, 79, 127, 130, 117, 17, 91, 139, 73, 93, 75, 123, 29, 15, 16, 112, 77, 23, 94, 107, 27, 74, 72, 99, 118, 96, 2, 146, 114, 52, 32, 116, 64, 6, 95, 53, 66, 69, 86, 37, 126, 4, 103, 145, 92, 55, 3, 8, 63, 106, 132, 31, 121, 105, 85, 26, 57, 147, 108, 110, 144, 43, 88, 142, 81, 20, 58, 128, 83, 59, 135, 68, 115, 12, 48, 45, 61, 22, 111, 70, 46, 90, 38, 67, 56, 131, 76, 60, 124, 98, 109]);
% time elapsed: 901.26 s
----------
%%%mzn-stat: initTime=0.039904933
%%%mzn-stat: objective=175
%%%mzn-stat: nodes=3373391
%%%mzn-stat: restarts=3043
%%%mzn-stat: peakDepth=1876
%%%mzn-stat: solveTime=899.48849752
%%%mzn-stat: variables=2307
%%%mzn-stat: propagators=13117
%%%mzn-stat: failures=1951722
%%%mzn-stat: propagations=1294551401
%%%mzn-stat: nogoods=1951722
%%%mzn-stat: AverageConflictSize=12.4703256918762
%%%mzn-stat: NumUnitNogoodsLearned=128
%%%mzn-stat: AverageLearnedNogoodLength=37.52289465405421
%%%mzn-stat: AverageBacktrackAmount=0
%%%mzn-stat: AverageLbd=13.674700085360518
%%%mzn-stat-end
maxleg = 175;
succ = array1d(1..150,[137, 133, 136, 120, 50, 28, 65, 14, 42, 18, 89, 51, 125, 138, 119, 30, 49, 25, 84, 62, 13, 148, 11, 7, 24, 104, 100, 47, 71, 21, 101, 102, 19, 87, 140, 141, 134, 78, 36, 33, 44, 143, 122, 54, 149, 80, 10, 82, 35, 40, 1, 9, 150, 34, 97, 129, 113, 39, 41, 5, 79, 127, 130, 117, 17, 91, 139, 73, 93, 75, 123, 29, 15, 16, 112, 77, 23, 94, 107, 27, 74, 72, 99, 118, 96, 2, 146, 114, 52, 32, 116, 64, 6, 95, 53, 66, 69, 86, 37, 126, 4, 103, 145, 92, 55, 3, 8, 63, 106, 132, 31, 121, 105, 85, 26, 57, 147, 108, 110, 144, 43, 88, 142, 81, 20, 58, 128, 83, 59, 135, 68, 115, 12, 48, 45, 61, 22, 111, 70, 46, 90, 38, 67, 56, 131, 76, 60, 124, 98, 109]);
% time elapsed: 901.55 s
----------
%%%mzn-stat: initTime=0.039904933
%%%mzn-stat: objective=174
%%%mzn-stat: nodes=3376278
%%%mzn-stat: restarts=3044
%%%mzn-stat: peakDepth=1876
%%%mzn-stat: solveTime=899.750657372
%%%mzn-stat: variables=2307
%%%mzn-stat: propagators=13117
%%%mzn-stat: failures=1952203
%%%mzn-stat: propagations=1294848784
%%%mzn-stat: nogoods=1952203
%%%mzn-stat: AverageConflictSize=12.470619602572068
%%%mzn-stat: NumUnitNogoodsLearned=128
%%%mzn-stat: AverageLearnedNogoodLength=37.523039356050575
%%%mzn-stat: AverageBacktrackAmount=0
%%%mzn-stat: AverageLbd=13.674223940850414
%%%mzn-stat-end
maxleg = 174;
succ = array1d(1..150,[137, 133, 136, 120, 50, 28, 65, 14, 42, 18, 89, 51, 125, 138, 119, 30, 49, 25, 84, 62, 13, 148, 11, 7, 24, 104, 100, 47, 71, 21, 101, 102, 19, 87, 140, 141, 134, 78, 36, 33, 44, 143, 122, 54, 149, 80, 10, 82, 35, 40, 1, 9, 150, 34, 97, 129, 113, 39, 41, 5, 79, 127, 130, 117, 17, 91, 139, 73, 93, 75, 123, 29, 15, 16, 112, 77, 23, 94, 107, 27, 74, 72, 99, 118, 96, 2, 146, 114, 52, 32, 116, 64, 6, 95, 53, 66, 69, 86, 37, 126, 4, 103, 145, 92, 55, 3, 8, 63, 106, 132, 31, 121, 105, 85, 26, 57, 147, 108, 110, 144, 43, 88, 142, 81, 20, 58, 128, 83, 59, 135, 68, 115, 12, 48, 45, 61, 22, 111, 70, 46, 90, 38, 67, 56, 131, 76, 60, 124, 98, 109]);
% time elapsed: 901.82 s
----------
%%%mzn-stat: initTime=0.039904933
%%%mzn-stat: objective=173
%%%mzn-stat: nodes=3378793
%%%mzn-stat: restarts=3045
%%%mzn-stat: peakDepth=1876
%%%mzn-stat: solveTime=900.001520723
%%%mzn-stat: variables=2307
%%%mzn-stat: propagators=13117
%%%mzn-stat: failures=1952562
%%%mzn-stat: propagations=1295133233
%%%mzn-stat: nogoods=1952562
%%%mzn-stat: AverageConflictSize=12.472492038665097
%%%mzn-stat: NumUnitNogoodsLearned=128
%%%mzn-stat: AverageLearnedNogoodLength=37.52493339520077
%%%mzn-stat: AverageBacktrackAmount=0
%%%mzn-stat: AverageLbd=13.674087173672334
%%%mzn-stat-end
maxleg = 173;
succ = array1d(1..150,[137, 133, 136, 120, 50, 28, 65, 14, 42, 18, 89, 51, 125, 138, 119, 30, 49, 25, 84, 62, 13, 148, 11, 7, 24, 104, 100, 47, 71, 21, 101, 102, 19, 87, 140, 141, 134, 78, 36, 33, 44, 143, 122, 54, 149, 80, 10, 82, 35, 40, 1, 9, 150, 34, 97, 129, 113, 39, 41, 5, 79, 127, 130, 117, 17, 91, 139, 73, 93, 75, 123, 29, 15, 16, 112, 77, 23, 94, 107, 27, 74, 72, 99, 118, 96, 2, 146, 114, 52, 32, 116, 64, 6, 95, 53, 66, 69, 86, 37, 126, 4, 103, 145, 92, 55, 3, 8, 63, 106, 132, 31, 121, 105, 85, 26, 57, 147, 108, 110, 144, 43, 88, 142, 81, 20, 58, 128, 83, 59, 135, 68, 115, 12, 48, 45, 61, 22, 111, 70, 46, 90, 38, 67, 56, 131, 76, 60, 124, 98, 109]);
% time elapsed: 902.08 s
----------
%%%mzn-stat: initTime=0.039904933
%%%mzn-stat: objective=172
%%%mzn-stat: nodes=3392411
%%%mzn-stat: restarts=3060
%%%mzn-stat: peakDepth=1876
%%%mzn-stat: solveTime=900.76310645
%%%mzn-stat: variables=2307
%%%mzn-stat: propagators=13117
%%%mzn-stat: failures=1953656
%%%mzn-stat: propagations=1296244377
%%%mzn-stat: nogoods=1953656
%%%mzn-stat: AverageConflictSize=12.470955992252474
%%%mzn-stat: NumUnitNogoodsLearned=128
%%%mzn-stat: AverageLearnedNogoodLength=37.52216920481395
%%%mzn-stat: AverageBacktrackAmount=0
%%%mzn-stat: AverageLbd=13.676809018578501
%%%mzn-stat-end
maxleg = 172;
succ = array1d(1..150,[137, 133, 136, 120, 50, 28, 65, 14, 42, 18, 9, 51, 125, 138, 119, 30, 6, 25, 84, 62, 13, 148, 11, 128, 24, 104, 100, 47, 71, 21, 101, 102, 19, 87, 140, 141, 134, 78, 36, 33, 44, 143, 122, 54, 149, 80, 10, 82, 35, 40, 1, 34, 150, 89, 97, 129, 113, 39, 41, 5, 79, 127, 130, 117, 17, 49, 139, 73, 93, 75, 123, 29, 15, 16, 112, 77, 23, 94, 107, 27, 74, 72, 99, 118, 96, 2, 146, 114, 52, 32, 116, 64, 66, 95, 53, 91, 69, 86, 37, 126, 4, 103, 145, 92, 55, 3, 8, 63, 106, 132, 31, 121, 105, 85, 26, 57, 147, 108, 110, 144, 43, 88, 142, 81, 20, 58, 7, 83, 59, 135, 68, 115, 12, 48, 45, 61, 22, 111, 70, 46, 90, 38, 67, 56, 131, 76, 60, 124, 98, 109]);
% time elapsed: 902.85 s
----------
%%%mzn-stat: initTime=0.039904933
%%%mzn-stat: objective=171
%%%mzn-stat: nodes=3395653
%%%mzn-stat: restarts=3062
%%%mzn-stat: peakDepth=1876
%%%mzn-stat: solveTime=900.936493183
%%%mzn-stat: variables=2307
%%%mzn-stat: propagators=13117
%%%mzn-stat: failures=1953837
%%%mzn-stat: propagations=1296445330
%%%mzn-stat: nogoods=1953837
%%%mzn-stat: AverageConflictSize=12.470576102305362
%%%mzn-stat: NumUnitNogoodsLearned=128
%%%mzn-stat: AverageLearnedNogoodLength=37.52156602623453
%%%mzn-stat: AverageBacktrackAmount=0
%%%mzn-stat: AverageLbd=13.677190574239305
%%%mzn-stat-end
maxleg = 171;
succ = array1d(1..150,[137, 133, 136, 120, 50, 28, 65, 14, 42, 18, 9, 51, 125, 138, 119, 30, 6, 25, 40, 62, 13, 148, 11, 128, 24, 84, 100, 47, 71, 21, 101, 102, 117, 87, 140, 141, 134, 78, 36, 5, 44, 143, 122, 54, 149, 80, 10, 82, 35, 33, 1, 34, 150, 89, 97, 129, 113, 39, 41, 26, 79, 127, 130, 147, 17, 49, 139, 73, 93, 75, 123, 29, 15, 16, 112, 77, 23, 94, 107, 27, 74, 72, 99, 118, 96, 2, 146, 114, 52, 32, 116, 64, 66, 95, 53, 91, 69, 86, 37, 126, 4, 103, 145, 92, 55, 3, 8, 63, 106, 132, 31, 121, 105, 85, 19, 57, 104, 108, 110, 144, 43, 88, 142, 81, 20, 58, 7, 83, 59, 135, 68, 115, 12, 48, 45, 61, 22, 111, 70, 46, 90, 38, 67, 56, 131, 76, 60, 124, 98, 109]);
% time elapsed: 903.03 s
----------
%%%mzn-stat: initTime=0.039904933
%%%mzn-stat: objective=170
%%%mzn-stat: nodes=3398305
%%%mzn-stat: restarts=3063
%%%mzn-stat: peakDepth=1876
%%%mzn-stat: solveTime=901.079200297
%%%mzn-stat: variables=2307
%%%mzn-stat: propagators=13117
%%%mzn-stat: failures=1953989
%%%mzn-stat: propagations=1296619633
%%%mzn-stat: nogoods=1953989
%%%mzn-stat: AverageConflictSize=12.470919232401002
%%%mzn-stat: NumUnitNogoodsLearned=128
%%%mzn-stat: AverageLearnedNogoodLength=37.52221378933044
%%%mzn-stat: AverageBacktrackAmount=0
%%%mzn-stat: AverageLbd=13.677327252098143
%%%mzn-stat-end
maxleg = 170;
succ = array1d(1..150,[81, 133, 136, 120, 50, 28, 65, 14, 42, 18, 9, 51, 127, 138, 119, 30, 6, 20, 40, 62, 13, 148, 11, 128, 24, 84, 100, 47, 71, 21, 101, 102, 117, 87, 140, 141, 134, 78, 36, 5, 44, 143, 122, 54, 149, 80, 10, 82, 35, 33, 1, 34, 150, 89, 97, 129, 113, 39, 41, 26, 79, 125, 130, 147, 17, 49, 139, 73, 93, 75, 123, 29, 15, 22, 112, 77, 23, 94, 107, 27, 74, 72, 99, 118, 96, 2, 146, 114, 52, 32, 116, 64, 66, 95, 53, 91, 69, 86, 37, 126, 4, 103, 145, 92, 55, 3, 8, 63, 106, 132, 31, 121, 105, 85, 19, 57, 104, 108, 110, 144, 43, 88, 142, 16, 25, 58, 7, 83, 59, 135, 68, 115, 12, 48, 45, 61, 124, 111, 70, 46, 90, 38, 67, 56, 131, 76, 60, 137, 98, 109]);
% time elapsed: 903.18 s
----------
%%%mzn-stat: initTime=0.039904933
%%%mzn-stat: objective=169
%%%mzn-stat: nodes=3404198
%%%mzn-stat: restarts=3069
%%%mzn-stat: peakDepth=1876
%%%mzn-stat: solveTime=901.395836627
%%%mzn-stat: variables=2307
%%%mzn-stat: propagators=13117
%%%mzn-stat: failures=1954332
%%%mzn-stat: propagations=1297086662
%%%mzn-stat: nogoods=1954332
%%%mzn-stat: AverageConflictSize=12.470386300792292
%%%mzn-stat: NumUnitNogoodsLearned=128
%%%mzn-stat: AverageLearnedNogoodLength=37.521053741124845
%%%mzn-stat: AverageBacktrackAmount=0
%%%mzn-stat: AverageLbd=13.678169318212055
%%%mzn-stat-end
maxleg = 169;
succ = array1d(1..150,[81, 133, 136, 120, 50, 28, 65, 14, 42, 18, 9, 51, 127, 138, 119, 30, 6, 20, 40, 62, 13, 148, 11, 128, 24, 110, 46, 47, 71, 21, 101, 102, 117, 87, 140, 141, 134, 78, 32, 5, 44, 143, 122, 54, 149, 80, 10, 82, 35, 33, 1, 34, 150, 89, 97, 129, 113, 27, 41, 26, 79, 125, 130, 147, 17, 49, 139, 73, 93, 75, 123, 29, 15, 22, 112, 77, 23, 94, 107, 131, 74, 72, 99, 36, 96, 2, 146, 114, 52, 39, 116, 64, 66, 95, 53, 91, 69, 86, 37, 126, 4, 103, 145, 92, 55, 3, 8, 63, 106, 132, 31, 121, 105, 85, 19, 57, 104, 108, 84, 144, 43, 88, 142, 16, 25, 58, 7, 83, 59, 135, 68, 118, 12, 48, 45, 61, 124, 111, 70, 100, 90, 38, 67, 56, 115, 76, 60, 137, 98, 109]);
% time elapsed: 903.50 s
----------
%%%mzn-stat: initTime=0.039904933
%%%mzn-stat: objective=168
%%%mzn-stat: nodes=3409339
%%%mzn-stat: restarts=3073
%%%mzn-stat: peakDepth=1876
%%%mzn-stat: solveTime=901.663772802
%%%mzn-stat: variables=2307
%%%mzn-stat: propagators=13117
%%%mzn-stat: failures=1954704
%%%mzn-stat: propagations=1297491807
%%%mzn-stat: nogoods=1954704
%%%mzn-stat: AverageConflictSize=12.469956064959195
%%%mzn-stat: NumUnitNogoodsLearned=128
%%%mzn-stat: AverageLearnedNogoodLength=37.52034988417684
%%%mzn-stat: AverageBacktrackAmount=0
%%%mzn-stat: AverageLbd=13.679060359010878
%%%mzn-stat-end
maxleg = 168;
succ = array1d(1..150,[81, 133, 136, 120, 50, 28, 65, 14, 42, 18, 9, 51, 127, 138, 119, 30, 6, 20, 40, 62, 13, 148, 11, 128, 24, 110, 46, 47, 71, 21, 101, 102, 117, 87, 140, 141, 134, 78, 32, 5, 22, 143, 122, 54, 149, 80, 10, 82, 35, 33, 1, 34, 150, 89, 97, 129, 113, 27, 41, 26, 79, 125, 130, 147, 17, 49, 139, 73, 93, 75, 123, 29, 15, 44, 112, 77, 23, 94, 107, 131, 16, 72, 99, 36, 96, 2, 146, 114, 52, 39, 116, 64, 66, 95, 53, 91, 69, 86, 37, 126, 4, 103, 145, 92, 55, 3, 8, 63, 106, 132, 31, 121, 105, 85, 19, 57, 104, 108, 84, 144, 43, 88, 142, 74, 25, 58, 7, 83, 59, 135, 68, 118, 12, 48, 45, 61, 124, 111, 70, 100, 90, 38, 67, 56, 115, 76, 60, 137, 98, 109]);
% time elapsed: 903.77 s
----------
%%%mzn-stat: initTime=0.039904933
%%%mzn-stat: objective=167
%%%mzn-stat: nodes=3412220
%%%mzn-stat: restarts=3074
%%%mzn-stat: peakDepth=1876
%%%mzn-stat: solveTime=901.985644463
%%%mzn-stat: variables=2307
%%%mzn-stat: propagators=13117
%%%mzn-stat: failures=1955410
%%%mzn-stat: propagations=1298015117
%%%mzn-stat: nogoods=1955410
%%%mzn-stat: AverageConflictSize=12.470595936402084
%%%mzn-stat: NumUnitNogoodsLearned=128
%%%mzn-stat: AverageLearnedNogoodLength=37.51797576978741
%%%mzn-stat: AverageBacktrackAmount=0
%%%mzn-stat: AverageLbd=13.678881666760423
%%%mzn-stat-end
maxleg = 167;
succ = array1d(1..150,[81, 133, 136, 120, 50, 28, 65, 14, 42, 18, 9, 51, 127, 138, 119, 30, 6, 20, 40, 62, 13, 148, 11, 128, 24, 110, 46, 47, 71, 21, 101, 102, 117, 87, 140, 141, 134, 78, 32, 5, 22, 143, 122, 54, 149, 80, 10, 82, 35, 33, 1, 34, 150, 89, 97, 129, 113, 27, 41, 26, 79, 125, 130, 147, 17, 49, 139, 73, 93, 75, 123, 29, 15, 44, 112, 77, 23, 94, 107, 131, 16, 72, 99, 36, 96, 2, 146, 114, 52, 39, 116, 64, 66, 95, 53, 91, 69, 86, 37, 126, 4, 103, 145, 92, 55, 3, 8, 63, 106, 132, 31, 121, 105, 85, 19, 57, 104, 108, 84, 144, 43, 88, 142, 74, 25, 58, 7, 83, 59, 135, 68, 118, 12, 48, 45, 61, 124, 111, 70, 100, 90, 38, 67, 56, 115, 76, 60, 137, 98, 109]);
% time elapsed: 904.10 s
----------
%%%mzn-stat: initTime=0.039904933
%%%mzn-stat: objective=166
%%%mzn-stat: nodes=3414170
%%%mzn-stat: restarts=3075
%%%mzn-stat: peakDepth=1876
%%%mzn-stat: solveTime=902.101198015
%%%mzn-stat: variables=2307
%%%mzn-stat: propagators=13117
%%%mzn-stat: failures=1955593
%%%mzn-stat: propagations=1298152848
%%%mzn-stat: nogoods=1955593
%%%mzn-stat: AverageConflictSize=12.470450651030148
%%%mzn-stat: NumUnitNogoodsLearned=128
%%%mzn-stat: AverageLearnedNogoodLength=37.51826428096235
%%%mzn-stat: AverageBacktrackAmount=0
%%%mzn-stat: AverageLbd=13.679041088815515
%%%mzn-stat-end
maxleg = 166;
succ = array1d(1..150,[81, 133, 136, 120, 50, 28, 65, 14, 42, 18, 9, 51, 127, 138, 119, 30, 6, 20, 40, 62, 13, 148, 11, 128, 24, 110, 46, 47, 71, 21, 101, 102, 117, 87, 140, 141, 134, 78, 32, 5, 22, 143, 122, 54, 149, 80, 10, 82, 35, 33, 1, 34, 150, 89, 97, 129, 113, 27, 41, 26, 79, 125, 130, 147, 17, 49, 139, 73, 93, 75, 123, 29, 15, 44, 112, 77, 23, 94, 107, 131, 16, 72, 99, 36, 96, 2, 146, 114, 52, 39, 116, 64, 66, 95, 53, 91, 69, 86, 37, 126, 4, 103, 145, 92, 55, 3, 8, 63, 106, 132, 31, 121, 105, 85, 19, 57, 104, 108, 84, 144, 43, 88, 142, 74, 25, 58, 7, 83, 59, 135, 68, 118, 12, 48, 45, 61, 124, 111, 70, 100, 90, 38, 67, 56, 115, 76, 60, 137, 98, 109]);
% time elapsed: 904.23 s
----------
%%%mzn-stat: initTime=0.039904933
%%%mzn-stat: objective=165
%%%mzn-stat: nodes=3416439
%%%mzn-stat: restarts=3076
%%%mzn-stat: peakDepth=1876
%%%mzn-stat: solveTime=902.2246675
%%%mzn-stat: variables=2307
%%%mzn-stat: propagators=13117
%%%mzn-stat: failures=1955665
%%%mzn-stat: propagations=1298266531
%%%mzn-stat: nogoods=1955665
%%%mzn-stat: AverageConflictSize=12.470887907693802
%%%mzn-stat: NumUnitNogoodsLearned=128
%%%mzn-stat: AverageLearnedNogoodLength=37.51895339948304
%%%mzn-stat: AverageBacktrackAmount=0
%%%mzn-stat: AverageLbd=13.679544809566055
%%%mzn-stat-end
maxleg = 165;
succ = array1d(1..150,[81, 133, 136, 120, 50, 28, 20, 14, 42, 18, 9, 51, 127, 138, 119, 30, 93, 47, 40, 62, 13, 148, 11, 128, 24, 110, 46, 10, 71, 21, 101, 102, 117, 87, 140, 141, 134, 78, 32, 5, 22, 143, 122, 54, 149, 80, 65, 82, 35, 33, 1, 34, 150, 89, 97, 129, 113, 27, 41, 26, 79, 125, 130, 147, 17, 49, 139, 73, 66, 75, 123, 29, 15, 44, 112, 77, 23, 94, 107, 131, 16, 72, 99, 36, 96, 2, 146, 114, 52, 39, 116, 64, 88, 95, 53, 91, 69, 86, 37, 126, 4, 103, 145, 92, 55, 3, 8, 63, 106, 132, 31, 121, 105, 85, 19, 57, 104, 108, 84, 144, 43, 6, 142, 74, 25, 58, 7, 83, 59, 135, 68, 118, 12, 48, 45, 61, 124, 111, 70, 100, 90, 38, 67, 56, 115, 76, 60, 137, 98, 109]);
% time elapsed: 904.36 s
----------
%%%mzn-stat: initTime=0.039904933
%%%mzn-stat: objective=164
%%%mzn-stat: nodes=3418341
%%%mzn-stat: restarts=3077
%%%mzn-stat: peakDepth=1876
%%%mzn-stat: solveTime=902.276457724
%%%mzn-stat: variables=2307
%%%mzn-stat: propagators=13117
%%%mzn-stat: failures=1955700
%%%mzn-stat: propagations=1298326986
%%%mzn-stat: nogoods=1955700
%%%mzn-stat: AverageConflictSize=12.470819655366364
%%%mzn-stat: NumUnitNogoodsLearned=128
%%%mzn-stat: AverageLearnedNogoodLength=37.518869969831776
%%%mzn-stat: AverageBacktrackAmount=0
%%%mzn-stat: AverageLbd=13.679529068875594
%%%mzn-stat-end
maxleg = 164;
succ = array1d(1..150,[81, 133, 136, 120, 50, 28, 20, 14, 42, 18, 9, 51, 127, 138, 119, 30, 93, 47, 40, 62, 13, 148, 11, 128, 24, 110, 46, 10, 71, 21, 101, 102, 117, 87, 140, 141, 134, 78, 32, 5, 22, 143, 122, 54, 149, 80, 65, 82, 35, 33, 1, 34, 150, 89, 97, 129, 113, 27, 41, 26, 79, 125, 130, 147, 17, 49, 139, 73, 66, 75, 123, 29, 15, 44, 112, 77, 23, 94, 107, 131, 16, 72, 99, 36, 96, 2, 146, 114, 52, 39, 116, 64, 88, 95, 53, 91, 69, 86, 37, 126, 4, 103, 145, 92, 55, 3, 8, 63, 106, 132, 31, 121, 105, 85, 19, 57, 104, 108, 84, 144, 43, 6, 142, 74, 25, 58, 7, 83, 59, 135, 68, 118, 12, 48, 45, 61, 124, 111, 70, 100, 90, 38, 67, 56, 115, 76, 60, 137, 98, 109]);
% time elapsed: 904.42 s
----------
%%%mzn-stat: initTime=0.039904933
%%%mzn-stat: objective=163
%%%mzn-stat: nodes=3420412
%%%mzn-stat: restarts=3078
%%%mzn-stat: peakDepth=1876
%%%mzn-stat: solveTime=902.495863526
%%%mzn-stat: variables=2307
%%%mzn-stat: propagators=13117
%%%mzn-stat: failures=1956090
%%%mzn-stat: propagations=1298646643
%%%mzn-stat: nogoods=1956090
%%%mzn-stat: AverageConflictSize=12.471158280038239
%%%mzn-stat: NumUnitNogoodsLearned=128
%%%mzn-stat: AverageLearnedNogoodLength=37.52139114253434
%%%mzn-stat: AverageBacktrackAmount=0
%%%mzn-stat: AverageLbd=13.67992014682351
%%%mzn-stat-end
maxleg = 163;
succ = array1d(1..150,[81, 133, 136, 120, 50, 28, 20, 14, 42, 18, 9, 51, 127, 138, 119, 30, 93, 47, 40, 62, 13, 148, 11, 128, 24, 110, 46, 10, 71, 21, 101, 102, 117, 87, 140, 141, 134, 78, 32, 5, 22, 143, 122, 54, 149, 80, 65, 82, 35, 33, 1, 34, 150, 89, 97, 129, 113, 27, 41, 26, 79, 125, 130, 147, 17, 49, 139, 73, 66, 75, 123, 29, 15, 44, 112, 77, 23, 94, 107, 131, 16, 72, 99, 36, 96, 2, 146, 114, 52, 39, 116, 64, 88, 95, 53, 91, 69, 86, 37, 126, 4, 103, 145, 92, 55, 3, 8, 63, 106, 132, 31, 121, 105, 85, 19, 57, 104, 108, 84, 144, 43, 6, 142, 74, 25, 58, 7, 83, 59, 135, 68, 118, 12, 48, 45, 61, 124, 111, 70, 100, 90, 38, 67, 56, 115, 76, 60, 137, 98, 109]);
% time elapsed: 904.64 s
----------
%%%mzn-stat: initTime=0.039904933
%%%mzn-stat: objective=159
%%%mzn-stat: nodes=3424578
%%%mzn-stat: restarts=3082
%%%mzn-stat: peakDepth=1876
%%%mzn-stat: solveTime=902.986449125
%%%mzn-stat: variables=2307
%%%mzn-stat: propagators=13117
%%%mzn-stat: failures=1956879
%%%mzn-stat: propagations=1299354239
%%%mzn-stat: nogoods=1956879
%%%mzn-stat: AverageConflictSize=12.472198843157907
%%%mzn-stat: NumUnitNogoodsLearned=128
%%%mzn-stat: AverageLearnedNogoodLength=37.519316217303164
%%%mzn-stat: AverageBacktrackAmount=0
%%%mzn-stat: AverageLbd=13.679617390753338
%%%mzn-stat-end
maxleg = 159;
succ = array1d(1..150,[81, 133, 136, 120, 33, 28, 20, 14, 42, 18, 9, 51, 127, 138, 119, 30, 93, 47, 40, 62, 13, 148, 11, 128, 24, 110, 46, 10, 71, 21, 101, 102, 50, 87, 140, 141, 134, 78, 32, 5, 22, 143, 122, 54, 149, 80, 65, 82, 35, 117, 1, 34, 150, 89, 97, 129, 113, 27, 41, 26, 79, 125, 130, 147, 17, 49, 139, 73, 66, 75, 123, 29, 15, 44, 112, 77, 23, 94, 107, 131, 16, 72, 99, 36, 96, 2, 146, 114, 52, 39, 116, 64, 88, 95, 53, 91, 69, 86, 37, 126, 4, 103, 145, 92, 55, 3, 8, 63, 106, 132, 31, 121, 105, 85, 19, 57, 104, 108, 84, 144, 43, 6, 142, 74, 25, 58, 7, 83, 59, 135, 68, 118, 12, 48, 45, 61, 124, 111, 70, 100, 90, 38, 67, 56, 115, 76, 60, 137, 98, 109]);
% time elapsed: 905.14 s
----------
%%%mzn-stat: initTime=0.039904933
%%%mzn-stat: objective=158
%%%mzn-stat: nodes=3428367
%%%mzn-stat: restarts=3083
%%%mzn-stat: peakDepth=1876
%%%mzn-stat: solveTime=903.600693512
%%%mzn-stat: variables=2307
%%%mzn-stat: propagators=13117
%%%mzn-stat: failures=1957811
%%%mzn-stat: propagations=1300165471
%%%mzn-stat: nogoods=1957811
%%%mzn-stat: AverageConflictSize=12.47449268596407
%%%mzn-stat: NumUnitNogoodsLearned=128
%%%mzn-stat: AverageLearnedNogoodLength=37.51816084392212
%%%mzn-stat: AverageBacktrackAmount=0
%%%mzn-stat: AverageLbd=13.679185580221993
%%%mzn-stat-end
maxleg = 158;
succ = array1d(1..150,[81, 133, 136, 120, 33, 28, 20, 14, 42, 18, 9, 51, 127, 138, 119, 30, 93, 47, 40, 62, 13, 148, 11, 128, 24, 110, 46, 10, 71, 21, 101, 102, 50, 87, 140, 141, 134, 78, 32, 5, 22, 143, 122, 54, 149, 80, 65, 37, 35, 117, 1, 34, 150, 89, 97, 129, 113, 27, 41, 26, 79, 125, 130, 147, 17, 49, 139, 73, 66, 75, 108, 29, 15, 44, 112, 77, 23, 94, 107, 131, 16, 72, 99, 36, 96, 2, 146, 114, 52, 39, 116, 64, 88, 95, 53, 91, 69, 86, 48, 126, 4, 103, 145, 92, 55, 3, 8, 63, 106, 132, 31, 121, 105, 85, 19, 57, 104, 135, 84, 144, 43, 6, 142, 74, 25, 58, 7, 83, 59, 123, 68, 118, 12, 82, 45, 61, 124, 111, 70, 100, 90, 38, 67, 56, 115, 76, 60, 137, 98, 109]);
% time elapsed: 905.76 s
----------
%%%mzn-stat: initTime=0.039904933
%%%mzn-stat: objective=157
%%%mzn-stat: nodes=3439235
%%%mzn-stat: restarts=3094
%%%mzn-stat: peakDepth=1876
%%%mzn-stat: solveTime=904.728111412
%%%mzn-stat: variables=2307
%%%mzn-stat: propagators=13117
%%%mzn-stat: failures=1959987
%%%mzn-stat: propagations=1301562354
%%%mzn-stat: nogoods=1959987
%%%mzn-stat: AverageConflictSize=12.484376171882772
%%%mzn-stat: NumUnitNogoodsLearned=128
%%%mzn-stat: AverageLearnedNogoodLength=37.53675304989268
%%%mzn-stat: AverageBacktrackAmount=0
%%%mzn-stat: AverageLbd=13.680641759358608
%%%mzn-stat-end
maxleg = 157;
succ = array1d(1..150,[81, 133, 136, 120, 33, 28, 20, 14, 42, 18, 9, 51, 127, 138, 119, 30, 93, 47, 40, 62, 13, 148, 11, 128, 24, 110, 46, 10, 71, 21, 101, 102, 50, 87, 140, 141, 134, 78, 32, 5, 22, 143, 122, 54, 149, 80, 65, 37, 35, 117, 1, 34, 150, 89, 97, 129, 113, 27, 41, 26, 79, 125, 123, 147, 17, 49, 139, 73, 66, 75, 108, 29, 15, 44, 112, 77, 23, 94, 107, 131, 16, 63, 99, 36, 96, 2, 146, 114, 52, 39, 116, 64, 88, 95, 53, 91, 69, 86, 48, 126, 4, 103, 145, 92, 55, 3, 8, 82, 106, 132, 31, 121, 105, 85, 19, 57, 104, 135, 84, 144, 43, 6, 142, 74, 25, 58, 7, 83, 59, 109, 68, 118, 12, 72, 45, 61, 124, 111, 70, 100, 90, 38, 67, 56, 115, 76, 60, 137, 98, 130]);
% time elapsed: 906.90 s
----------
%%%mzn-stat: initTime=0.039904933
%%%mzn-stat: objective=156
%%%mzn-stat: nodes=3442768
%%%mzn-stat: restarts=3096
%%%mzn-stat: peakDepth=1876
%%%mzn-stat: solveTime=904.916872915
%%%mzn-stat: variables=2307
%%%mzn-stat: propagators=13117
%%%mzn-stat: failures=1960169
%%%mzn-stat: propagations=1301795655
%%%mzn-stat: nogoods=1960169
%%%mzn-stat: AverageConflictSize=12.484129684736367
%%%mzn-stat: NumUnitNogoodsLearned=128
%%%mzn-stat: AverageLearnedNogoodLength=37.53652261616218
%%%mzn-stat: AverageBacktrackAmount=0
%%%mzn-stat: AverageLbd=13.680806093760284
%%%mzn-stat-end
maxleg = 156;
succ = array1d(1..150,[81, 133, 136, 120, 33, 28, 18, 14, 42, 7, 9, 51, 62, 138, 119, 30, 93, 47, 40, 25, 20, 148, 11, 128, 127, 110, 46, 10, 71, 21, 101, 102, 50, 87, 140, 141, 134, 78, 32, 5, 22, 143, 122, 54, 149, 80, 65, 37, 116, 117, 1, 34, 150, 89, 27, 129, 113, 35, 41, 26, 79, 125, 123, 147, 17, 49, 139, 73, 66, 75, 108, 29, 15, 44, 112, 77, 23, 94, 107, 131, 16, 63, 99, 36, 96, 2, 146, 114, 52, 39, 126, 64, 88, 95, 53, 91, 69, 86, 48, 97, 4, 103, 145, 92, 55, 3, 8, 82, 106, 132, 31, 121, 105, 85, 19, 57, 104, 135, 84, 144, 43, 6, 142, 74, 24, 58, 13, 83, 59, 109, 68, 118, 12, 72, 45, 61, 124, 111, 70, 100, 90, 38, 67, 56, 115, 76, 60, 137, 98, 130]);
% time elapsed: 907.09 s
----------
%%%mzn-stat: initTime=0.039904933
%%%mzn-stat: objective=155
%%%mzn-stat: nodes=3447244
%%%mzn-stat: restarts=3100
%%%mzn-stat: peakDepth=1876
%%%mzn-stat: solveTime=905.424326716
%%%mzn-stat: variables=2307
%%%mzn-stat: propagators=13117
%%%mzn-stat: failures=1961045
%%%mzn-stat: propagations=1302441219
%%%mzn-stat: nogoods=1961045
%%%mzn-stat: AverageConflictSize=12.482667659334691
%%%mzn-stat: NumUnitNogoodsLearned=128
%%%mzn-stat: AverageLearnedNogoodLength=37.53508868995867
%%%mzn-stat: AverageBacktrackAmount=0
%%%mzn-stat: AverageLbd=13.681314299263914
%%%mzn-stat-end
maxleg = 155;
succ = array1d(1..150,[81, 133, 136, 120, 33, 28, 18, 14, 42, 7, 9, 51, 62, 138, 119, 30, 93, 47, 40, 25, 20, 148, 11, 128, 127, 110, 46, 10, 71, 21, 101, 102, 50, 87, 140, 141, 83, 78, 32, 5, 22, 143, 122, 54, 149, 80, 65, 86, 116, 117, 1, 34, 150, 89, 27, 129, 113, 35, 41, 26, 79, 125, 123, 147, 17, 49, 139, 73, 66, 75, 108, 29, 15, 44, 112, 77, 23, 94, 107, 131, 16, 63, 99, 36, 96, 134, 146, 114, 52, 39, 126, 64, 88, 95, 53, 91, 69, 2, 48, 97, 4, 103, 145, 92, 55, 3, 8, 82, 106, 132, 31, 121, 105, 85, 19, 57, 104, 135, 84, 144, 43, 6, 142, 74, 24, 58, 13, 37, 59, 109, 68, 118, 12, 72, 45, 61, 124, 111, 70, 100, 90, 38, 67, 56, 115, 76, 60, 137, 98, 130]);
% time elapsed: 907.61 s
----------
%%%mzn-stat: initTime=0.039904933
%%%mzn-stat: objective=154
%%%mzn-stat: nodes=3455945
%%%mzn-stat: restarts=3110
%%%mzn-stat: peakDepth=1876
%%%mzn-stat: solveTime=905.989142916
%%%mzn-stat: variables=2307
%%%mzn-stat: propagators=13117
%%%mzn-stat: failures=1961803
%%%mzn-stat: propagations=1303366594
%%%mzn-stat: nogoods=1961803
%%%mzn-stat: AverageConflictSize=12.481929633097717
%%%mzn-stat: NumUnitNogoodsLearned=128
%%%mzn-stat: AverageLearnedNogoodLength=37.53627148087754
%%%mzn-stat: AverageBacktrackAmount=0
%%%mzn-stat: AverageLbd=13.684008537044749
%%%mzn-stat-end
maxleg = 154;
succ = array1d(1..150,[81, 133, 136, 120, 33, 28, 18, 14, 42, 65, 9, 51, 62, 138, 119, 30, 93, 70, 40, 25, 20, 148, 11, 128, 127, 110, 46, 10, 71, 21, 101, 102, 50, 87, 140, 141, 83, 78, 32, 5, 22, 143, 122, 54, 149, 80, 7, 86, 116, 117, 1, 34, 150, 89, 27, 129, 113, 35, 41, 26, 79, 125, 123, 147, 17, 49, 139, 73, 66, 75, 108, 29, 15, 44, 121, 77, 23, 94, 107, 131, 16, 63, 99, 36, 96, 134, 146, 114, 52, 39, 126, 64, 88, 95, 53, 91, 69, 2, 48, 97, 4, 103, 145, 92, 55, 3, 8, 82, 106, 132, 31, 47, 105, 85, 19, 57, 104, 135, 84, 144, 43, 6, 142, 74, 24, 58, 13, 37, 59, 109, 68, 118, 12, 72, 45, 61, 124, 111, 112, 100, 90, 38, 67, 56, 115, 76, 60, 137, 98, 130]);
% time elapsed: 908.18 s
----------
%%%mzn-stat: initTime=0.039904933
%%%mzn-stat: objective=153
%%%mzn-stat: nodes=3457991
%%%mzn-stat: restarts=3111
%%%mzn-stat: peakDepth=1876
%%%mzn-stat: solveTime=906.03704851
%%%mzn-stat: variables=2307
%%%mzn-stat: propagators=13117
%%%mzn-stat: failures=1961827
%%%mzn-stat: propagations=1303417624
%%%mzn-stat: nogoods=1961827
%%%mzn-stat: AverageConflictSize=12.48194667521652
%%%mzn-stat: NumUnitNogoodsLearned=128
%%%mzn-stat: AverageLearnedNogoodLength=37.5364779871008
%%%mzn-stat: AverageBacktrackAmount=0
%%%mzn-stat: AverageLbd=13.684067453450279
%%%mzn-stat-end
maxleg = 153;
succ = array1d(1..150,[81, 133, 136, 120, 33, 28, 18, 14, 42, 65, 9, 51, 62, 138, 119, 30, 93, 70, 40, 25, 20, 148, 11, 128, 127, 110, 46, 10, 71, 21, 101, 102, 50, 87, 140, 141, 83, 78, 32, 5, 22, 143, 122, 54, 149, 80, 7, 86, 116, 117, 1, 34, 150, 89, 27, 129, 113, 35, 41, 26, 79, 125, 123, 147, 17, 49, 139, 73, 66, 75, 108, 29, 15, 44, 121, 77, 23, 94, 107, 131, 16, 63, 99, 36, 96, 134, 146, 114, 52, 39, 126, 64, 88, 95, 53, 91, 69, 2, 48, 97, 4, 103, 145, 92, 55, 3, 8, 82, 106, 132, 31, 47, 105, 85, 19, 57, 104, 135, 84, 144, 43, 6, 142, 74, 24, 58, 13, 37, 59, 109, 68, 118, 12, 72, 45, 61, 124, 111, 112, 100, 90, 38, 67, 56, 115, 76, 60, 137, 98, 130]);
% time elapsed: 908.24 s
----------
%%%mzn-stat: initTime=0.039904933
%%%mzn-stat: objective=152
%%%mzn-stat: nodes=3461644
%%%mzn-stat: restarts=3114
%%%mzn-stat: peakDepth=1876
%%%mzn-stat: solveTime=906.681029922
%%%mzn-stat: variables=2307
%%%mzn-stat: propagators=13117
%%%mzn-stat: failures=1963038
%%%mzn-stat: propagations=1304049647
%%%mzn-stat: nogoods=1963038
%%%mzn-stat: AverageConflictSize=12.491736278156612
%%%mzn-stat: NumUnitNogoodsLearned=128
%%%mzn-stat: AverageLearnedNogoodLength=37.55331939575291
%%%mzn-stat: AverageBacktrackAmount=0
%%%mzn-stat: AverageLbd=13.683340821726324
%%%mzn-stat-end
maxleg = 152;
succ = array1d(1..150,[81, 133, 136, 120, 33, 28, 18, 14, 42, 65, 9, 51, 62, 138, 119, 30, 93, 70, 40, 25, 20, 148, 11, 128, 127, 110, 46, 10, 82, 21, 101, 102, 50, 87, 140, 141, 83, 78, 32, 5, 22, 143, 122, 54, 149, 80, 7, 86, 116, 117, 1, 34, 150, 89, 27, 129, 113, 35, 41, 26, 79, 125, 123, 147, 17, 49, 139, 73, 66, 75, 108, 29, 15, 44, 121, 77, 23, 94, 107, 131, 16, 71, 99, 36, 96, 134, 146, 114, 52, 39, 126, 64, 88, 95, 53, 91, 69, 2, 48, 97, 4, 103, 145, 92, 55, 3, 8, 63, 106, 132, 31, 47, 105, 85, 19, 57, 104, 135, 84, 144, 43, 6, 142, 74, 24, 58, 13, 37, 59, 109, 68, 118, 12, 72, 45, 61, 124, 111, 112, 100, 90, 38, 67, 56, 115, 76, 60, 137, 98, 130]);
% time elapsed: 908.88 s
----------
%%%mzn-stat: initTime=0.039904933
%%%mzn-stat: objective=151
%%%mzn-stat: nodes=3463759
%%%mzn-stat: restarts=3115
%%%mzn-stat: peakDepth=1876
%%%mzn-stat: solveTime=906.767491131
%%%mzn-stat: variables=2307
%%%mzn-stat: propagators=13117
%%%mzn-stat: failures=1963113
%%%mzn-stat: propagations=1304136667
%%%mzn-stat: nogoods=1963113
%%%mzn-stat: AverageConflictSize=12.492289542171031
%%%mzn-stat: NumUnitNogoodsLearned=128
%%%mzn-stat: AverageLearnedNogoodLength=37.554428094562056
%%%mzn-stat: AverageBacktrackAmount=0
%%%mzn-stat: AverageLbd=13.683433913381451
%%%mzn-stat-end
maxleg = 151;
succ = array1d(1..150,[81, 133, 136, 120, 33, 28, 18, 14, 42, 65, 9, 51, 62, 138, 119, 30, 93, 70, 40, 25, 20, 148, 11, 128, 127, 110, 46, 10, 82, 21, 101, 102, 50, 87, 140, 141, 83, 78, 32, 5, 22, 143, 122, 54, 149, 80, 7, 86, 116, 117, 1, 34, 150, 89, 27, 129, 113, 35, 41, 26, 79, 125, 123, 147, 17, 49, 139, 73, 66, 75, 108, 29, 15, 44, 121, 77, 23, 94, 107, 131, 16, 71, 99, 36, 96, 134, 146, 114, 52, 39, 126, 64, 88, 95, 53, 91, 69, 2, 48, 97, 4, 103, 145, 92, 55, 3, 8, 63, 106, 132, 31, 47, 105, 85, 19, 57, 104, 135, 84, 144, 43, 6, 142, 74, 24, 58, 13, 37, 59, 109, 68, 118, 12, 72, 45, 61, 124, 111, 112, 100, 90, 38, 67, 56, 115, 76, 60, 137, 98, 130]);
% time elapsed: 908.98 s
----------
%%%mzn-stat: initTime=0.039904933
%%%mzn-stat: objective=150
%%%mzn-stat: nodes=3466100
%%%mzn-stat: restarts=3117
%%%mzn-stat: peakDepth=1876
%%%mzn-stat: solveTime=906.951806075
%%%mzn-stat: variables=2307
%%%mzn-stat: propagators=13117
%%%mzn-stat: failures=1963425
%%%mzn-stat: propagations=1304384713
%%%mzn-stat: nogoods=1963425
%%%mzn-stat: AverageConflictSize=12.492214879610884
%%%mzn-stat: NumUnitNogoodsLearned=128
%%%mzn-stat: AverageLearnedNogoodLength=37.55541821052498
%%%mzn-stat: AverageBacktrackAmount=0
%%%mzn-stat: AverageLbd=13.683560614742095
%%%mzn-stat-end
maxleg = 150;
succ = array1d(1..150,[81, 133, 136, 120, 33, 28, 18, 14, 42, 65, 9, 51, 62, 138, 110, 30, 93, 70, 40, 25, 20, 148, 11, 128, 127, 119, 80, 10, 82, 21, 101, 102, 50, 87, 140, 141, 83, 78, 32, 5, 22, 143, 122, 54, 149, 90, 7, 86, 116, 117, 1, 34, 150, 89, 27, 129, 113, 35, 41, 26, 79, 125, 123, 147, 17, 49, 139, 73, 66, 75, 108, 29, 15, 44, 121, 77, 23, 94, 107, 131, 16, 71, 99, 36, 96, 134, 146, 114, 52, 39, 126, 64, 88, 95, 53, 91, 69, 2, 48, 97, 4, 103, 145, 92, 55, 3, 8, 63, 106, 132, 31, 47, 105, 85, 19, 57, 104, 135, 84, 144, 43, 6, 142, 74, 24, 58, 13, 37, 59, 109, 46, 118, 12, 72, 45, 61, 124, 111, 112, 100, 68, 38, 67, 56, 115, 76, 60, 137, 98, 130]);
% time elapsed: 909.17 s
----------
%%%mzn-stat: initTime=0.039904933
%%%mzn-stat: objective=149
%%%mzn-stat: nodes=3469108
%%%mzn-stat: restarts=3119
%%%mzn-stat: peakDepth=1876
%%%mzn-stat: solveTime=907.145717329
%%%mzn-stat: variables=2307
%%%mzn-stat: propagators=13117
%%%mzn-stat: failures=1963669
%%%mzn-stat: propagations=1304639574
%%%mzn-stat: nogoods=1963669
%%%mzn-stat: AverageConflictSize=12.49168673539176
%%%mzn-stat: NumUnitNogoodsLearned=128
%%%mzn-stat: AverageLearnedNogoodLength=37.55534461255945
%%%mzn-stat: AverageBacktrackAmount=0
%%%mzn-stat: AverageLbd=13.684003770492888
%%%mzn-stat-end
maxleg = 149;
succ = array1d(1..150,[81, 133, 136, 120, 33, 28, 18, 14, 42, 65, 9, 51, 62, 138, 110, 30, 93, 70, 40, 25, 20, 148, 11, 128, 127, 119, 80, 10, 82, 21, 101, 102, 50, 87, 140, 141, 83, 78, 32, 5, 22, 143, 122, 54, 149, 90, 7, 86, 116, 117, 1, 34, 150, 89, 27, 129, 113, 35, 41, 26, 79, 125, 45, 147, 17, 49, 139, 73, 66, 75, 123, 29, 15, 44, 121, 77, 23, 94, 107, 131, 16, 108, 99, 36, 96, 134, 146, 114, 52, 39, 126, 64, 88, 95, 53, 91, 69, 2, 48, 97, 4, 103, 145, 92, 55, 3, 8, 71, 106, 132, 31, 47, 105, 85, 19, 57, 104, 135, 84, 144, 43, 6, 142, 74, 24, 58, 13, 37, 59, 109, 46, 118, 12, 72, 63, 61, 124, 111, 112, 100, 68, 38, 67, 56, 115, 76, 60, 137, 98, 130]);
% time elapsed: 909.37 s
----------
%%%mzn-stat: initTime=0.039904933
%%%mzn-stat: objective=148
%%%mzn-stat: nodes=3475762
%%%mzn-stat: restarts=3125
%%%mzn-stat: peakDepth=1876
%%%mzn-stat: solveTime=908.454629496
%%%mzn-stat: variables=2307
%%%mzn-stat: propagators=13117
%%%mzn-stat: failures=1966170
%%%mzn-stat: propagations=1306190784
%%%mzn-stat: nogoods=1966170
%%%mzn-stat: AverageConflictSize=12.50282223815845
%%%mzn-stat: NumUnitNogoodsLearned=128
%%%mzn-stat: AverageLearnedNogoodLength=37.58813022271726
%%%mzn-stat: AverageBacktrackAmount=0
%%%mzn-stat: AverageLbd=13.684052243702222
%%%mzn-stat-end
maxleg = 148;
succ = array1d(1..150,[81, 133, 136, 120, 33, 28, 18, 14, 42, 65, 9, 51, 62, 138, 110, 124, 93, 70, 40, 25, 20, 148, 11, 128, 127, 119, 80, 10, 82, 21, 101, 102, 50, 87, 140, 141, 83, 78, 32, 5, 22, 143, 122, 54, 149, 90, 7, 86, 116, 117, 1, 34, 150, 89, 27, 129, 113, 35, 41, 26, 79, 125, 45, 147, 17, 49, 139, 73, 66, 75, 123, 29, 15, 30, 121, 77, 23, 94, 107, 131, 16, 108, 99, 36, 96, 134, 146, 114, 52, 39, 126, 64, 88, 95, 53, 91, 69, 2, 48, 97, 4, 103, 145, 92, 55, 3, 8, 71, 106, 132, 31, 47, 105, 85, 19, 57, 104, 135, 84, 144, 43, 6, 142, 74, 24, 58, 13, 37, 59, 109, 46, 118, 12, 72, 63, 61, 44, 111, 112, 100, 68, 38, 67, 56, 115, 76, 60, 137, 98, 130]);
% time elapsed: 910.69 s
----------
%%%mzn-stat: initTime=0.039904933
%%%mzn-stat: objective=147
%%%mzn-stat: nodes=3486948
%%%mzn-stat: restarts=3141
%%%mzn-stat: peakDepth=1876
%%%mzn-stat: solveTime=909.883118374
%%%mzn-stat: variables=2307
%%%mzn-stat: propagators=13117
%%%mzn-stat: failures=1968848
%%%mzn-stat: propagations=1308353268
%%%mzn-stat: nogoods=1968848
%%%mzn-stat: AverageConflictSize=12.498279196768872
%%%mzn-stat: NumUnitNogoodsLearned=128
%%%mzn-stat: AverageLearnedNogoodLength=37.579356049832185
%%%mzn-stat: AverageBacktrackAmount=0
%%%mzn-stat: AverageLbd=13.684879685988964
%%%mzn-stat-end
maxleg = 147;
succ = array1d(1..150,[81, 133, 136, 120, 104, 28, 18, 14, 42, 65, 9, 51, 62, 138, 110, 124, 93, 70, 40, 25, 20, 129, 11, 128, 127, 119, 80, 10, 82, 21, 101, 102, 50, 87, 140, 141, 83, 78, 32, 5, 22, 143, 122, 54, 149, 90, 7, 86, 69, 117, 1, 34, 150, 89, 27, 59, 113, 35, 41, 33, 79, 125, 45, 147, 17, 116, 139, 73, 66, 75, 123, 29, 15, 30, 121, 77, 23, 94, 107, 131, 16, 108, 99, 36, 96, 134, 146, 114, 52, 39, 126, 64, 88, 95, 53, 91, 49, 2, 48, 97, 4, 103, 145, 92, 55, 3, 8, 71, 106, 132, 31, 47, 105, 85, 19, 57, 26, 135, 84, 144, 43, 6, 142, 74, 24, 58, 13, 37, 148, 109, 46, 118, 12, 72, 63, 61, 44, 111, 112, 100, 68, 38, 67, 56, 115, 76, 60, 137, 98, 130]);
% time elapsed: 912.12 s
----------
%%%mzn-stat: initTime=0.039904933
%%%mzn-stat: objective=146
%%%mzn-stat: nodes=3496080
%%%mzn-stat: restarts=3150
%%%mzn-stat: peakDepth=1876
%%%mzn-stat: solveTime=910.868969118
%%%mzn-stat: variables=2307
%%%mzn-stat: propagators=13117
%%%mzn-stat: failures=1970738
%%%mzn-stat: propagations=1309817256
%%%mzn-stat: nogoods=1970738
%%%mzn-stat: AverageConflictSize=12.494349832397813
%%%mzn-stat: NumUnitNogoodsLearned=128
%%%mzn-stat: AverageLearnedNogoodLength=37.574455356318296
%%%mzn-stat: AverageBacktrackAmount=0
%%%mzn-stat: AverageLbd=13.685452353382336
%%%mzn-stat-end
maxleg = 146;
succ = array1d(1..150,[81, 133, 136, 120, 104, 28, 18, 14, 42, 65, 9, 51, 62, 138, 131, 124, 93, 70, 40, 25, 20, 129, 11, 128, 127, 110, 80, 10, 82, 21, 101, 36, 50, 87, 140, 141, 39, 78, 83, 5, 22, 143, 122, 54, 149, 90, 7, 86, 69, 117, 1, 34, 150, 89, 27, 59, 113, 35, 41, 33, 79, 125, 45, 147, 17, 116, 139, 73, 66, 75, 123, 29, 15, 30, 121, 77, 23, 94, 107, 68, 16, 108, 99, 26, 96, 134, 146, 114, 52, 32, 126, 64, 88, 95, 53, 91, 49, 2, 48, 97, 4, 103, 145, 92, 55, 3, 8, 71, 106, 132, 31, 47, 105, 85, 19, 57, 119, 135, 84, 144, 43, 6, 142, 74, 24, 58, 13, 37, 148, 109, 46, 118, 12, 72, 63, 61, 44, 111, 112, 100, 102, 38, 67, 56, 115, 76, 60, 137, 98, 130]);
% time elapsed: 913.11 s
----------
%%%mzn-stat: initTime=0.039904933
%%%mzn-stat: objective=145
%%%mzn-stat: nodes=3498189
%%%mzn-stat: restarts=3151
%%%mzn-stat: peakDepth=1876
%%%mzn-stat: solveTime=910.98377615
%%%mzn-stat: variables=2307
%%%mzn-stat: propagators=13117
%%%mzn-stat: failures=1970909
%%%mzn-stat: propagations=1309980113
%%%mzn-stat: nogoods=1970909
%%%mzn-stat: AverageConflictSize=12.494016212823626
%%%mzn-stat: NumUnitNogoodsLearned=128
%%%mzn-stat: AverageLearnedNogoodLength=37.57438572760082
%%%mzn-stat: AverageBacktrackAmount=0
%%%mzn-stat: AverageLbd=13.685630336053059
%%%mzn-stat-end
maxleg = 145;
succ = array1d(1..150,[81, 133, 136, 120, 104, 28, 18, 14, 34, 65, 42, 51, 62, 138, 131, 124, 93, 70, 40, 25, 20, 129, 11, 128, 127, 110, 80, 10, 82, 21, 101, 36, 50, 87, 140, 141, 39, 78, 83, 5, 22, 143, 122, 54, 149, 90, 7, 86, 69, 117, 1, 9, 150, 89, 27, 59, 113, 35, 41, 33, 79, 125, 45, 147, 17, 116, 139, 73, 66, 75, 123, 29, 15, 30, 121, 77, 23, 94, 107, 68, 16, 108, 99, 26, 96, 134, 146, 114, 52, 32, 126, 64, 88, 95, 53, 91, 49, 2, 48, 97, 4, 103, 145, 92, 55, 3, 8, 71, 106, 132, 31, 47, 105, 85, 19, 57, 119, 135, 84, 144, 43, 6, 142, 74, 24, 58, 13, 37, 148, 109, 46, 118, 12, 72, 63, 61, 44, 111, 112, 100, 102, 38, 67, 56, 115, 76, 60, 137, 98, 130]);
% time elapsed: 913.24 s
----------
%%%mzn-stat: initTime=0.039904933
%%%mzn-stat: objective=144
%%%mzn-stat: nodes=3501583
%%%mzn-stat: restarts=3152
%%%mzn-stat: peakDepth=1876
%%%mzn-stat: solveTime=911.677922618
%%%mzn-stat: variables=2307
%%%mzn-stat: propagators=13117
%%%mzn-stat: failures=1972232
%%%mzn-stat: propagations=1310604565
%%%mzn-stat: nogoods=1972232
%%%mzn-stat: AverageConflictSize=12.503352546759205
%%%mzn-stat: NumUnitNogoodsLearned=128
%%%mzn-stat: AverageLearnedNogoodLength=37.591730587476526
%%%mzn-stat: AverageBacktrackAmount=0
%%%mzn-stat: AverageLbd=13.685173955193912
%%%mzn-stat-end
maxleg = 144;
succ = array1d(1..150,[81, 133, 136, 120, 104, 28, 18, 14, 34, 65, 42, 51, 62, 138, 131, 124, 93, 70, 40, 25, 20, 129, 11, 128, 127, 110, 80, 10, 71, 21, 101, 36, 50, 87, 140, 141, 39, 78, 83, 5, 22, 143, 122, 54, 149, 90, 7, 86, 69, 117, 1, 9, 150, 89, 27, 59, 113, 35, 41, 33, 79, 125, 45, 147, 17, 116, 139, 145, 66, 75, 123, 29, 26, 30, 121, 77, 23, 94, 107, 15, 16, 99, 134, 73, 96, 98, 146, 114, 52, 32, 126, 64, 88, 95, 53, 91, 49, 2, 48, 97, 4, 103, 68, 92, 55, 3, 8, 82, 106, 132, 31, 47, 105, 85, 19, 57, 119, 135, 84, 144, 43, 6, 142, 74, 24, 58, 13, 37, 148, 109, 46, 118, 12, 72, 63, 61, 44, 111, 112, 100, 102, 38, 67, 56, 115, 76, 60, 137, 108, 130]);
% time elapsed: 913.94 s
----------
%%%mzn-stat: initTime=0.039904933
%%%mzn-stat: objective=143
%%%mzn-stat: nodes=3504547
%%%mzn-stat: restarts=3154
%%%mzn-stat: peakDepth=1876
%%%mzn-stat: solveTime=911.835328621
%%%mzn-stat: variables=2307
%%%mzn-stat: propagators=13117
%%%mzn-stat: failures=1972452
%%%mzn-stat: propagations=1310806404
%%%mzn-stat: nogoods=1972452
%%%mzn-stat: AverageConflictSize=12.502682448039293
%%%mzn-stat: NumUnitNogoodsLearned=128
%%%mzn-stat: AverageLearnedNogoodLength=37.5910678688252
%%%mzn-stat: AverageBacktrackAmount=0
%%%mzn-stat: AverageLbd=13.685460026403684
%%%mzn-stat-end
maxleg = 143;
succ = array1d(1..150,[81, 133, 136, 120, 104, 28, 18, 14, 34, 65, 42, 51, 62, 138, 131, 124, 93, 70, 40, 25, 20, 129, 11, 128, 127, 110, 80, 10, 71, 21, 101, 102, 50, 87, 140, 46, 39, 78, 83, 5, 22, 143, 122, 54, 149, 90, 7, 86, 69, 117, 1, 9, 150, 89, 27, 59, 113, 35, 41, 33, 79, 125, 45, 147, 17, 116, 139, 145, 66, 75, 123, 29, 26, 30, 121, 77, 23, 94, 107, 15, 16, 99, 134, 36, 96, 98, 146, 114, 52, 32, 126, 64, 88, 95, 53, 91, 49, 2, 48, 97, 4, 103, 141, 92, 55, 3, 8, 82, 106, 132, 31, 47, 105, 85, 19, 57, 119, 135, 84, 144, 43, 6, 142, 74, 24, 58, 13, 37, 148, 109, 68, 118, 12, 72, 63, 61, 44, 111, 112, 100, 73, 38, 67, 56, 115, 76, 60, 137, 108, 130]);
% time elapsed: 914.10 s
----------
%%%mzn-stat: initTime=0.039904933
%%%mzn-stat: objective=142
%%%mzn-stat: nodes=3506480
%%%mzn-stat: restarts=3155
%%%mzn-stat: peakDepth=1876
%%%mzn-stat: solveTime=911.99456698
%%%mzn-stat: variables=2307
%%%mzn-stat: propagators=13117
%%%mzn-stat: failures=1972789
%%%mzn-stat: propagations=1311039651
%%%mzn-stat: nogoods=1972789
%%%mzn-stat: AverageConflictSize=12.50163144664736
%%%mzn-stat: NumUnitNogoodsLearned=128
%%%mzn-stat: AverageLearnedNogoodLength=37.590292220810234
%%%mzn-stat: AverageBacktrackAmount=0
%%%mzn-stat: AverageLbd=13.685600436742094
%%%mzn-stat-end
maxleg = 142;
succ = array1d(1..150,[81, 133, 136, 120, 104, 28, 18, 14, 34, 65, 42, 51, 62, 138, 131, 124, 93, 70, 40, 25, 20, 129, 11, 128, 127, 110, 80, 10, 71, 13, 101, 102, 50, 87, 140, 46, 39, 78, 83, 5, 22, 143, 122, 54, 149, 90, 7, 86, 69, 119, 1, 9, 150, 89, 27, 59, 113, 35, 41, 33, 79, 125, 45, 117, 17, 116, 139, 145, 66, 75, 123, 29, 26, 30, 121, 77, 23, 94, 107, 15, 16, 99, 134, 36, 96, 98, 146, 114, 52, 32, 126, 64, 88, 95, 53, 91, 49, 2, 48, 97, 4, 103, 141, 92, 55, 3, 8, 82, 106, 132, 31, 47, 105, 85, 19, 57, 147, 135, 84, 144, 43, 6, 142, 74, 21, 58, 24, 37, 148, 109, 68, 118, 12, 72, 63, 61, 44, 111, 112, 100, 73, 38, 67, 56, 115, 76, 60, 137, 108, 130]);
% time elapsed: 914.27 s
----------
%%%mzn-stat: initTime=0.039904933
%%%mzn-stat: objective=141
%%%mzn-stat: nodes=3509766
%%%mzn-stat: restarts=3158
%%%mzn-stat: peakDepth=1876
%%%mzn-stat: solveTime=912.296364673
%%%mzn-stat: variables=2307
%%%mzn-stat: propagators=13117
%%%mzn-stat: failures=1973154
%%%mzn-stat: propagations=1311443550
%%%mzn-stat: nogoods=1973154
%%%mzn-stat: AverageConflictSize=12.502460527662818
%%%mzn-stat: NumUnitNogoodsLearned=128
%%%mzn-stat: AverageLearnedNogoodLength=37.593190901470436
%%%mzn-stat: AverageBacktrackAmount=0
%%%mzn-stat: AverageLbd=13.686258143054216
%%%mzn-stat-end
maxleg = 141;
succ = array1d(1..150,[81, 133, 136, 120, 104, 28, 18, 14, 34, 65, 42, 51, 62, 138, 131, 124, 93, 70, 40, 25, 20, 129, 11, 128, 127, 110, 80, 10, 71, 13, 101, 102, 50, 87, 140, 46, 39, 78, 83, 5, 22, 143, 122, 54, 149, 90, 7, 86, 69, 119, 1, 9, 150, 89, 27, 59, 113, 35, 41, 33, 79, 125, 45, 117, 17, 116, 139, 145, 66, 75, 108, 29, 26, 30, 121, 77, 23, 94, 107, 15, 16, 99, 134, 36, 96, 98, 146, 114, 52, 32, 126, 64, 88, 95, 53, 91, 49, 2, 48, 97, 4, 103, 141, 92, 55, 3, 8, 135, 106, 132, 31, 47, 105, 85, 19, 57, 147, 82, 84, 144, 43, 6, 142, 74, 21, 58, 24, 37, 148, 109, 68, 118, 12, 72, 63, 61, 44, 111, 112, 100, 73, 38, 67, 56, 115, 76, 60, 137, 123, 130]);
% time elapsed: 914.58 s
----------
%%%mzn-stat: initTime=0.039904933
%%%mzn-stat: objective=140
%%%mzn-stat: nodes=3511845
%%%mzn-stat: restarts=3159
%%%mzn-stat: peakDepth=1876
%%%mzn-stat: solveTime=912.401731742
%%%mzn-stat: variables=2307
%%%mzn-stat: propagators=13117
%%%mzn-stat: failures=1973270
%%%mzn-stat: propagations=1311585580
%%%mzn-stat: nogoods=1973270
%%%mzn-stat: AverageConflictSize=12.502688937651715
%%%mzn-stat: NumUnitNogoodsLearned=128
%%%mzn-stat: AverageLearnedNogoodLength=37.59352496110517
%%%mzn-stat: AverageBacktrackAmount=0
%%%mzn-stat: AverageLbd=13.686328277427823
%%%mzn-stat-end
maxleg = 140;
succ = array1d(1..150,[81, 133, 136, 120, 104, 28, 18, 14, 34, 65, 143, 51, 62, 138, 131, 124, 93, 70, 40, 25, 20, 129, 42, 128, 127, 110, 80, 10, 71, 13, 101, 102, 50, 87, 140, 46, 39, 78, 83, 5, 22, 11, 122, 54, 149, 90, 7, 86, 69, 119, 1, 9, 150, 89, 27, 59, 113, 35, 41, 33, 79, 125, 45, 117, 17, 116, 139, 145, 66, 75, 108, 29, 26, 30, 121, 77, 23, 94, 107, 15, 16, 99, 134, 36, 96, 98, 146, 114, 52, 32, 126, 64, 88, 95, 53, 91, 49, 2, 48, 97, 4, 132, 141, 92, 55, 3, 8, 135, 106, 115, 31, 47, 105, 85, 19, 57, 147, 82, 84, 144, 43, 6, 142, 74, 21, 58, 24, 37, 148, 109, 68, 118, 12, 72, 63, 61, 44, 111, 112, 100, 73, 38, 67, 56, 103, 76, 60, 137, 123, 130]);
% time elapsed: 914.69 s
----------
%%%mzn-stat: initTime=0.039904933
%%%mzn-stat: objective=139
%%%mzn-stat: nodes=3514836
%%%mzn-stat: restarts=3161
%%%mzn-stat: peakDepth=1876
%%%mzn-stat: solveTime=912.762517033
%%%mzn-stat: variables=2307
%%%mzn-stat: propagators=13117
%%%mzn-stat: failures=1973964
%%%mzn-stat: propagations=1312084772
%%%mzn-stat: nogoods=1973964
%%%mzn-stat: AverageConflictSize=12.503032476782758
%%%mzn-stat: NumUnitNogoodsLearned=128
%%%mzn-stat: AverageLearnedNogoodLength=37.595566079219275
%%%mzn-stat: AverageBacktrackAmount=0
%%%mzn-stat: AverageLbd=13.685837229047744
%%%mzn-stat-end
maxleg = 139;
succ = array1d(1..150,[81, 133, 136, 120, 104, 28, 18, 14, 34, 65, 143, 51, 62, 138, 131, 124, 93, 70, 40, 25, 20, 129, 42, 128, 127, 110, 80, 10, 71, 13, 101, 102, 50, 87, 140, 46, 39, 78, 83, 5, 22, 11, 122, 54, 130, 90, 7, 86, 69, 119, 1, 9, 150, 89, 27, 59, 113, 49, 41, 33, 79, 125, 45, 117, 17, 116, 139, 145, 66, 75, 94, 29, 26, 30, 121, 77, 23, 106, 107, 15, 16, 99, 134, 36, 96, 98, 146, 114, 52, 32, 126, 64, 88, 95, 53, 91, 105, 2, 48, 97, 4, 132, 141, 92, 57, 3, 8, 135, 123, 115, 31, 47, 55, 85, 19, 35, 147, 82, 84, 144, 43, 6, 142, 74, 21, 58, 24, 37, 148, 109, 68, 118, 12, 72, 63, 61, 44, 111, 112, 100, 73, 38, 67, 56, 103, 76, 60, 137, 108, 149]);
% time elapsed: 915.06 s
----------
%%%mzn-stat: initTime=0.039904933
%%%mzn-stat: objective=138
%%%mzn-stat: nodes=3517047
%%%mzn-stat: restarts=3162
%%%mzn-stat: peakDepth=1876
%%%mzn-stat: solveTime=912.901976616
%%%mzn-stat: variables=2307
%%%mzn-stat: propagators=13117
%%%mzn-stat: failures=1974094
%%%mzn-stat: propagations=1312242183
%%%mzn-stat: nogoods=1974094
%%%mzn-stat: AverageConflictSize=12.50314777310503
%%%mzn-stat: NumUnitNogoodsLearned=128
%%%mzn-stat: AverageLearnedNogoodLength=37.596060775221446
%%%mzn-stat: AverageBacktrackAmount=0
%%%mzn-stat: AverageLbd=13.685918198424188
%%%mzn-stat-end
maxleg = 138;
succ = array1d(1..150,[81, 133, 136, 120, 104, 28, 18, 14, 34, 65, 143, 51, 62, 138, 131, 124, 93, 70, 40, 25, 20, 129, 42, 128, 127, 110, 80, 10, 71, 13, 101, 102, 50, 87, 100, 46, 39, 78, 83, 5, 22, 11, 122, 54, 130, 140, 7, 86, 69, 119, 1, 9, 150, 89, 57, 59, 97, 35, 41, 33, 79, 125, 45, 117, 17, 116, 139, 145, 66, 75, 94, 29, 26, 30, 121, 77, 23, 106, 107, 15, 16, 99, 134, 36, 96, 98, 146, 114, 52, 32, 126, 64, 88, 95, 53, 91, 58, 2, 48, 90, 4, 141, 27, 92, 113, 3, 8, 135, 123, 115, 31, 47, 55, 85, 19, 105, 147, 82, 84, 144, 43, 6, 142, 74, 21, 49, 24, 37, 148, 109, 68, 118, 12, 72, 63, 61, 44, 111, 112, 103, 73, 38, 67, 56, 132, 76, 60, 137, 108, 149]);
% time elapsed: 915.21 s
----------
%%%mzn-stat: initTime=0.039904933
%%%mzn-stat: objective=137
%%%mzn-stat: nodes=3589035
%%%mzn-stat: restarts=3210
%%%mzn-stat: peakDepth=1876
%%%mzn-stat: solveTime=937.467979819
%%%mzn-stat: variables=2307
%%%mzn-stat: propagators=13117
%%%mzn-stat: failures=2023566
%%%mzn-stat: propagations=1349683134
%%%mzn-stat: nogoods=2023566
%%%mzn-stat: AverageConflictSize=12.514686449564778
%%%mzn-stat: NumUnitNogoodsLearned=128
%%%mzn-stat: AverageLearnedNogoodLength=37.41751541585498
%%%mzn-stat: AverageBacktrackAmount=0
%%%mzn-stat: AverageLbd=13.612602208181004
%%%mzn-stat-end
maxleg = 137;
succ = array1d(1..150,[81, 133, 136, 120, 104, 28, 18, 14, 34, 65, 143, 51, 62, 138, 131, 124, 93, 70, 40, 25, 20, 129, 42, 128, 127, 135, 80, 10, 71, 13, 101, 36, 50, 87, 100, 46, 39, 78, 90, 5, 22, 11, 122, 54, 108, 140, 7, 83, 69, 119, 1, 9, 150, 89, 57, 59, 97, 35, 41, 33, 79, 76, 45, 117, 17, 116, 139, 145, 66, 75, 94, 29, 26, 30, 121, 125, 23, 106, 107, 15, 16, 99, 134, 19, 96, 72, 146, 114, 52, 32, 126, 64, 88, 95, 53, 91, 58, 2, 48, 27, 4, 141, 102, 92, 113, 3, 8, 130, 142, 115, 31, 47, 55, 85, 73, 105, 147, 82, 110, 144, 43, 6, 98, 74, 21, 49, 24, 37, 148, 109, 68, 118, 12, 86, 63, 61, 44, 111, 112, 103, 84, 38, 67, 56, 132, 77, 60, 137, 123, 149]);
% time elapsed: 939.78 s
----------
%%%mzn-stat: initTime=0.039904933
%%%mzn-stat: objective=136
%%%mzn-stat: nodes=3593009
%%%mzn-stat: restarts=3212
%%%mzn-stat: peakDepth=1876
%%%mzn-stat: solveTime=938.206672508
%%%mzn-stat: variables=2307
%%%mzn-stat: propagators=13117
%%%mzn-stat: failures=2024972
%%%mzn-stat: propagations=1350515615
%%%mzn-stat: nogoods=2024972
%%%mzn-stat: AverageConflictSize=12.514772549941432
%%%mzn-stat: NumUnitNogoodsLearned=128
%%%mzn-stat: AverageLearnedNogoodLength=37.41797466829171
%%%mzn-stat: AverageBacktrackAmount=0
%%%mzn-stat: AverageLbd=13.611227710802915
%%%mzn-stat-end
maxleg = 136;
succ = array1d(1..150,[81, 133, 136, 120, 104, 28, 18, 14, 34, 65, 143, 51, 62, 138, 131, 124, 93, 70, 40, 25, 20, 129, 42, 128, 127, 135, 80, 10, 71, 13, 101, 36, 50, 87, 100, 46, 39, 78, 90, 5, 22, 11, 122, 54, 108, 140, 7, 83, 69, 119, 1, 9, 150, 89, 57, 59, 97, 126, 41, 33, 79, 76, 45, 117, 17, 116, 139, 145, 66, 75, 94, 29, 26, 30, 121, 125, 23, 106, 107, 15, 16, 99, 134, 19, 96, 72, 146, 114, 52, 32, 49, 64, 88, 95, 53, 91, 58, 2, 48, 27, 4, 141, 102, 92, 113, 3, 8, 130, 142, 115, 31, 47, 55, 85, 73, 105, 147, 82, 110, 144, 43, 6, 98, 74, 21, 35, 24, 37, 148, 109, 68, 118, 12, 86, 63, 61, 44, 111, 112, 103, 84, 38, 67, 56, 132, 77, 60, 137, 123, 149]);
% time elapsed: 940.53 s
----------
%%%mzn-stat: initTime=0.039904933
%%%mzn-stat: objective=135
%%%mzn-stat: nodes=3595016
%%%mzn-stat: restarts=3214
%%%mzn-stat: peakDepth=1876
%%%mzn-stat: solveTime=938.352938802
%%%mzn-stat: variables=2307
%%%mzn-stat: propagators=13117
%%%mzn-stat: failures=2025139
%%%mzn-stat: propagations=1350718511
%%%mzn-stat: nogoods=2025139
%%%mzn-stat: AverageConflictSize=12.514706891724469
%%%mzn-stat: NumUnitNogoodsLearned=128
%%%mzn-stat: AverageLearnedNogoodLength=37.418709036762415
%%%mzn-stat: AverageBacktrackAmount=0
%%%mzn-stat: AverageLbd=13.611551108343674
%%%mzn-stat-end
maxleg = 135;
succ = array1d(1..150,[81, 133, 136, 120, 104, 28, 25, 14, 34, 65, 143, 51, 62, 138, 131, 124, 93, 125, 40, 127, 20, 129, 42, 128, 24, 135, 80, 10, 71, 13, 101, 36, 50, 87, 100, 46, 39, 78, 90, 5, 22, 11, 122, 54, 108, 140, 70, 83, 69, 119, 1, 9, 150, 89, 57, 59, 97, 126, 41, 33, 79, 76, 45, 117, 17, 116, 139, 145, 66, 75, 94, 29, 26, 30, 121, 18, 23, 106, 107, 15, 16, 99, 134, 19, 96, 72, 146, 114, 52, 32, 49, 64, 88, 95, 53, 91, 58, 2, 48, 27, 4, 141, 102, 92, 113, 3, 8, 130, 142, 115, 31, 47, 55, 85, 73, 105, 147, 82, 110, 144, 43, 6, 98, 74, 21, 35, 7, 37, 148, 109, 68, 118, 12, 86, 63, 61, 44, 111, 112, 103, 84, 38, 67, 56, 132, 77, 60, 137, 123, 149]);
% time elapsed: 940.69 s
----------
%%%mzn-stat: initTime=0.039904933
%%%mzn-stat: objective=134
%%%mzn-stat: nodes=3596665
%%%mzn-stat: restarts=3215
%%%mzn-stat: peakDepth=1876
%%%mzn-stat: solveTime=938.443410463
%%%mzn-stat: variables=2307
%%%mzn-stat: propagators=13117
%%%mzn-stat: failures=2025234
%%%mzn-stat: propagations=1350830995
%%%mzn-stat: nogoods=2025234
%%%mzn-stat: AverageConflictSize=12.514877786961902
%%%mzn-stat: NumUnitNogoodsLearned=128
%%%mzn-stat: AverageLearnedNogoodLength=37.420078371190684
%%%mzn-stat: AverageBacktrackAmount=0
%%%mzn-stat: AverageLbd=13.611614262845675
%%%mzn-stat-end
maxleg = 134;
succ = array1d(1..150,[81, 133, 136, 120, 104, 28, 25, 14, 34, 65, 143, 51, 62, 138, 131, 124, 93, 125, 40, 127, 20, 129, 42, 128, 24, 135, 80, 10, 71, 13, 101, 36, 50, 87, 100, 46, 39, 78, 90, 5, 22, 11, 122, 54, 108, 140, 75, 83, 69, 119, 1, 9, 150, 89, 57, 59, 97, 126, 41, 33, 79, 76, 45, 117, 17, 116, 139, 145, 66, 112, 94, 29, 26, 30, 121, 18, 23, 106, 107, 15, 16, 99, 134, 19, 96, 72, 146, 114, 52, 32, 49, 64, 88, 95, 53, 91, 58, 2, 48, 27, 4, 141, 102, 92, 113, 3, 8, 130, 142, 115, 31, 47, 55, 85, 73, 105, 147, 82, 110, 144, 43, 6, 98, 74, 21, 35, 7, 37, 148, 109, 68, 118, 12, 86, 63, 61, 44, 111, 70, 103, 84, 38, 67, 56, 132, 77, 60, 137, 123, 149]);
% time elapsed: 940.78 s
----------
%%%mzn-stat: initTime=0.039904933
%%%mzn-stat: objective=133
%%%mzn-stat: nodes=3598650
%%%mzn-stat: restarts=3216
%%%mzn-stat: peakDepth=1876
%%%mzn-stat: solveTime=938.621504814
%%%mzn-stat: variables=2307
%%%mzn-stat: propagators=13117
%%%mzn-stat: failures=2025549
%%%mzn-stat: propagations=1351055874
%%%mzn-stat: nogoods=2025549
%%%mzn-stat: AverageConflictSize=12.514867821020376
%%%mzn-stat: NumUnitNogoodsLearned=128
%%%mzn-stat: AverageLearnedNogoodLength=37.4215533665194
%%%mzn-stat: AverageBacktrackAmount=0
%%%mzn-stat: AverageLbd=13.611621343151906
%%%mzn-stat-end
maxleg = 133;
succ = array1d(1..150,[81, 133, 136, 120, 117, 28, 25, 14, 34, 65, 143, 51, 62, 138, 131, 124, 93, 125, 104, 127, 20, 129, 42, 128, 24, 135, 80, 10, 71, 13, 101, 36, 50, 87, 100, 46, 39, 78, 90, 5, 22, 11, 122, 54, 108, 140, 75, 83, 69, 40, 1, 9, 150, 89, 57, 59, 97, 126, 41, 33, 79, 76, 45, 147, 17, 116, 139, 145, 66, 112, 94, 29, 26, 30, 121, 18, 23, 106, 107, 15, 16, 99, 134, 19, 96, 72, 146, 114, 52, 32, 49, 64, 88, 95, 53, 91, 58, 2, 48, 27, 4, 141, 102, 92, 113, 3, 8, 130, 142, 115, 31, 47, 55, 85, 73, 105, 119, 82, 110, 144, 43, 6, 98, 74, 21, 35, 7, 37, 148, 109, 68, 118, 12, 86, 63, 61, 44, 111, 70, 103, 84, 38, 67, 56, 132, 77, 60, 137, 123, 149]);
% time elapsed: 940.96 s
----------
%%%mzn-stat: initTime=0.039904933
%%%mzn-stat: objective=132
%%%mzn-stat: nodes=3732945
%%%mzn-stat: restarts=3347
%%%mzn-stat: peakDepth=1876
%%%mzn-stat: solveTime=978.814691407
%%%mzn-stat: variables=2307
%%%mzn-stat: propagators=13117
%%%mzn-stat: failures=2105949
%%%mzn-stat: propagations=1408010669
%%%mzn-stat: nogoods=2105949
%%%mzn-stat: AverageConflictSize=12.608337143966924
%%%mzn-stat: NumUnitNogoodsLearned=128
%%%mzn-stat: AverageLearnedNogoodLength=37.40630423623744
%%%mzn-stat: AverageBacktrackAmount=0
%%%mzn-stat: AverageLbd=13.531725602091978
%%%mzn-stat-end
maxleg = 132;
succ = array1d(1..150,[59, 133, 136, 120, 117, 65, 25, 14, 34, 70, 146, 16, 62, 138, 131, 124, 93, 112, 104, 127, 20, 129, 42, 128, 24, 135, 80, 10, 71, 13, 101, 36, 50, 87, 58, 46, 39, 78, 90, 5, 22, 11, 122, 54, 108, 103, 121, 83, 69, 40, 81, 9, 150, 89, 57, 51, 97, 140, 41, 33, 79, 21, 45, 147, 17, 116, 143, 145, 66, 47, 109, 29, 26, 30, 28, 18, 76, 106, 107, 15, 1, 99, 134, 19, 105, 72, 139, 114, 52, 32, 49, 64, 96, 95, 38, 91, 100, 2, 48, 126, 4, 141, 102, 92, 113, 3, 8, 130, 142, 115, 31, 75, 55, 85, 73, 88, 119, 82, 110, 144, 43, 6, 98, 74, 7, 35, 125, 37, 148, 94, 68, 118, 12, 86, 63, 61, 44, 111, 67, 27, 84, 53, 23, 56, 132, 77, 60, 137, 123, 149]);
% time elapsed: 981.16 s
----------
%%%mzn-stat: initTime=0.039904933
%%%mzn-stat: objective=131
%%%mzn-stat: nodes=3736795
%%%mzn-stat: restarts=3352
%%%mzn-stat: peakDepth=1876
%%%mzn-stat: solveTime=979.228818691
%%%mzn-stat: variables=2307
%%%mzn-stat: propagators=13117
%%%mzn-stat: failures=2106491
%%%mzn-stat: propagations=1408540681
%%%mzn-stat: nogoods=2106491
%%%mzn-stat: AverageConflictSize=12.607739601071165
%%%mzn-stat: NumUnitNogoodsLearned=128
%%%mzn-stat: AverageLearnedNogoodLength=37.406253337897006
%%%mzn-stat: AverageBacktrackAmount=0
%%%mzn-stat: AverageLbd=13.532166527177187
%%%mzn-stat-end
maxleg = 131;
succ = array1d(1..150,[59, 133, 136, 120, 147, 65, 24, 14, 34, 70, 146, 16, 125, 138, 131, 81, 93, 112, 60, 127, 62, 129, 42, 128, 7, 135, 80, 10, 71, 13, 101, 36, 50, 87, 58, 46, 39, 78, 90, 5, 22, 11, 122, 54, 108, 103, 121, 83, 69, 40, 124, 9, 94, 89, 97, 51, 113, 140, 41, 33, 79, 20, 45, 117, 17, 116, 143, 145, 66, 47, 109, 29, 26, 30, 28, 18, 76, 106, 107, 15, 1, 99, 134, 19, 105, 72, 139, 114, 52, 32, 49, 64, 96, 95, 38, 91, 100, 2, 48, 126, 4, 141, 102, 92, 57, 3, 8, 130, 142, 115, 31, 75, 55, 85, 73, 88, 119, 82, 110, 144, 43, 6, 98, 74, 21, 35, 25, 37, 148, 150, 68, 118, 12, 86, 63, 61, 44, 111, 67, 27, 84, 53, 23, 56, 132, 77, 104, 137, 123, 149]);
% time elapsed: 981.58 s
----------
%%%mzn-stat: initTime=0.039904933
%%%mzn-stat: objective=131
%%%mzn-stat: nodes=6697102
%%%mzn-stat: restarts=9545
%%%mzn-stat: peakDepth=1876
%%%mzn-stat: solveTime=1797.986875966
%%%mzn-stat: variables=2307
%%%mzn-stat: propagators=13117
%%%mzn-stat: failures=3447579
%%%mzn-stat: propagations=2307140408
%%%mzn-stat: nogoods=3447579
%%%mzn-stat: AverageConflictSize=16.989963101643212
%%%mzn-stat: NumUnitNogoodsLearned=128
%%%mzn-stat: AverageLearnedNogoodLength=44.67774139475846
%%%mzn-stat: AverageBacktrackAmount=0
%%%mzn-stat: AverageLbd=13.717384286190397
%%%mzn-stat-end
