% Logging successfully configured
%%%mzn-stat: initTime=0.021070968
%%%mzn-stat: objective=754
%%%mzn-stat: nodes=3747
%%%mzn-stat: restarts=0
%%%mzn-stat: peakDepth=295
%%%mzn-stat: solveTime=0.476695571
%%%mzn-stat: variables=645
%%%mzn-stat: propagators=1663
%%%mzn-stat: failures=2901
%%%mzn-stat: propagations=1082802
%%%mzn-stat: nogoods=2901
%%%mzn-stat: numAtomicConstraintsPropagated=0
%%%mzn-stat: circuitNumber1226PropagationsThatFoundConflict=1991
%%%mzn-stat: circuitNumber1226TotalFixedEdgesAtConflict=83512
%%%mzn-stat: circuitNumber1226NumberOfConflicts=1991
%%%mzn-stat: circuitNumber1226PropagationsThatPruned=1046
%%%mzn-stat: circuitNumber1226PropagationsTotal=5735
%%%mzn-stat: AverageConflictSize=15.082040675629093
%%%mzn-stat: NumUnitNogoodsLearned=0
%%%mzn-stat: AverageLearnedNogoodLength=19.080661840744572
%%%mzn-stat: AverageBacktrackAmount=0
%%%mzn-stat: AverageLbd=14.468114443295415
%%%mzn-stat: 2AutonomousSearchNumBackupCalled=267
%%%mzn-stat: 2AutonomousSearchNumPredicatesRemoved=0
%%%mzn-stat: 2AutonomousSearchNumCalls=268
%%%mzn-stat: 2AutonomousSearchNumPredicatesAdded=1710
%%%mzn-stat: 2AutonomousSearchAverageSizeOfHeap=6.380597014925373
%%%mzn-stat: 2AutonomousSearchNumAssignedPredicatesEncountered=1710
%%%mzn-stat-end
maxleg = 754;
succ = array1d(1..50,[8, 4, 32, 9, 14, 10, 20, 13, 22, 18, 12, 16, 26, 19, 6, 5, 11, 29, 36, 44, 43, 40, 7, 17, 27, 39, 28, 34, 50, 42, 33, 45, 47, 37, 25, 41, 31, 15, 46, 49, 3, 24, 30, 1, 38, 2, 23, 21, 48, 35]);
% time elapsed: 13.42 s
----------
%%%mzn-stat: initTime=0.021070968
%%%mzn-stat: objective=421
%%%mzn-stat: nodes=5054
%%%mzn-stat: restarts=0
%%%mzn-stat: peakDepth=298
%%%mzn-stat: solveTime=0.548998199
%%%mzn-stat: variables=645
%%%mzn-stat: propagators=1663
%%%mzn-stat: failures=3305
%%%mzn-stat: propagations=1289518
%%%mzn-stat: nogoods=3305
%%%mzn-stat: numAtomicConstraintsPropagated=0
%%%mzn-stat: circuitNumber1226PropagationsThatFoundConflict=2057
%%%mzn-stat: circuitNumber1226TotalFixedEdgesAtConflict=85782
%%%mzn-stat: circuitNumber1226NumberOfConflicts=2057
%%%mzn-stat: circuitNumber1226PropagationsThatPruned=1216
%%%mzn-stat: circuitNumber1226PropagationsTotal=6896
%%%mzn-stat: AverageConflictSize=13.989712556732224
%%%mzn-stat: NumUnitNogoodsLearned=0
%%%mzn-stat: AverageLearnedNogoodLength=19.038124054462934
%%%mzn-stat: AverageBacktrackAmount=0
%%%mzn-stat: AverageLbd=13.951588502269288
%%%mzn-stat: 2AutonomousSearchNumBackupCalled=539
%%%mzn-stat: 2AutonomousSearchNumPredicatesRemoved=0
%%%mzn-stat: 2AutonomousSearchNumCalls=541
%%%mzn-stat: 2AutonomousSearchNumPredicatesAdded=3221
%%%mzn-stat: 2AutonomousSearchAverageSizeOfHeap=7.036968576709796
%%%mzn-stat: 2AutonomousSearchNumAssignedPredicatesEncountered=3807
%%%mzn-stat-end
maxleg = 421;
succ = array1d(1..50,[8, 4, 32, 9, 14, 10, 20, 13, 22, 18, 12, 16, 26, 43, 6, 17, 37, 29, 21, 23, 5, 15, 27, 42, 35, 39, 25, 34, 50, 24, 33, 40, 47, 31, 44, 19, 28, 45, 46, 49, 36, 11, 30, 1, 3, 2, 7, 41, 48, 38]);
% time elapsed: 13.50 s
----------
%%%mzn-stat: initTime=0.021070968
%%%mzn-stat: objective=384
%%%mzn-stat: nodes=7111
%%%mzn-stat: restarts=0
%%%mzn-stat: peakDepth=298
%%%mzn-stat: solveTime=0.747309251
%%%mzn-stat: variables=645
%%%mzn-stat: propagators=1663
%%%mzn-stat: failures=4517
%%%mzn-stat: propagations=1705694
%%%mzn-stat: nogoods=4517
%%%mzn-stat: numAtomicConstraintsPropagated=0
%%%mzn-stat: circuitNumber1226PropagationsThatFoundConflict=2840
%%%mzn-stat: circuitNumber1226TotalFixedEdgesAtConflict=117450
%%%mzn-stat: circuitNumber1226NumberOfConflicts=2840
%%%mzn-stat: circuitNumber1226PropagationsThatPruned=1601
%%%mzn-stat: circuitNumber1226PropagationsTotal=9526
%%%mzn-stat: AverageConflictSize=14.862519371264113
%%%mzn-stat: NumUnitNogoodsLearned=0
%%%mzn-stat: AverageLearnedNogoodLength=18.922514943546602
%%%mzn-stat: AverageBacktrackAmount=0
%%%mzn-stat: AverageLbd=13.862519371264113
%%%mzn-stat: 2AutonomousSearchNumBackupCalled=799
%%%mzn-stat: 2AutonomousSearchNumPredicatesRemoved=0
%%%mzn-stat: 2AutonomousSearchNumCalls=802
%%%mzn-stat: 2AutonomousSearchNumPredicatesAdded=4856
%%%mzn-stat: 2AutonomousSearchAverageSizeOfHeap=7.49501246882793
%%%mzn-stat: 2AutonomousSearchNumAssignedPredicatesEncountered=6011
%%%mzn-stat-end
maxleg = 384;
succ = array1d(1..50,[8, 4, 32, 9, 14, 10, 20, 13, 39, 18, 12, 16, 26, 19, 2, 5, 37, 15, 36, 44, 43, 40, 7, 17, 11, 35, 28, 34, 6, 42, 33, 45, 47, 31, 25, 41, 27, 50, 46, 49, 3, 24, 30, 1, 38, 22, 23, 21, 48, 29]);
% time elapsed: 13.70 s
----------
%%%mzn-stat: initTime=0.021070968
%%%mzn-stat: objective=276
%%%mzn-stat: nodes=8165
%%%mzn-stat: restarts=0
%%%mzn-stat: peakDepth=298
%%%mzn-stat: solveTime=0.832101737
%%%mzn-stat: variables=645
%%%mzn-stat: propagators=1663
%%%mzn-stat: failures=5011
%%%mzn-stat: propagations=1896679
%%%mzn-stat: nogoods=5011
%%%mzn-stat: numAtomicConstraintsPropagated=0
%%%mzn-stat: circuitNumber1226PropagationsThatFoundConflict=2892
%%%mzn-stat: circuitNumber1226TotalFixedEdgesAtConflict=119259
%%%mzn-stat: circuitNumber1226NumberOfConflicts=2892
%%%mzn-stat: circuitNumber1226PropagationsThatPruned=1817
%%%mzn-stat: circuitNumber1226PropagationsTotal=10471
%%%mzn-stat: AverageConflictSize=14.194771502694072
%%%mzn-stat: NumUnitNogoodsLearned=0
%%%mzn-stat: AverageLearnedNogoodLength=19.125723408501297
%%%mzn-stat: AverageBacktrackAmount=0
%%%mzn-stat: AverageLbd=13.564757533426462
%%%mzn-stat: 2AutonomousSearchNumBackupCalled=1040
%%%mzn-stat: 2AutonomousSearchNumPredicatesRemoved=0
%%%mzn-stat: 2AutonomousSearchNumCalls=1044
%%%mzn-stat: 2AutonomousSearchNumPredicatesAdded=7354
%%%mzn-stat: 2AutonomousSearchAverageSizeOfHeap=8.338122605363985
%%%mzn-stat: 2AutonomousSearchNumAssignedPredicatesEncountered=8705
%%%mzn-stat-end
maxleg = 276;
succ = array1d(1..50,[8, 4, 32, 15, 14, 10, 20, 13, 39, 18, 12, 16, 35, 19, 22, 17, 24, 29, 21, 23, 36, 46, 33, 42, 11, 1, 25, 27, 50, 43, 34, 45, 47, 37, 44, 41, 28, 40, 26, 2, 48, 30, 5, 7, 6, 9, 31, 49, 3, 38]);
% time elapsed: 13.78 s
----------
%%%mzn-stat: initTime=0.021070968
%%%mzn-stat: objective=272
%%%mzn-stat: nodes=14760
%%%mzn-stat: restarts=0
%%%mzn-stat: peakDepth=298
%%%mzn-stat: solveTime=1.722747092
%%%mzn-stat: variables=645
%%%mzn-stat: propagators=1663
%%%mzn-stat: failures=9504
%%%mzn-stat: propagations=3692414
%%%mzn-stat: nogoods=9504
%%%mzn-stat: numAtomicConstraintsPropagated=0
%%%mzn-stat: circuitNumber1226PropagationsThatFoundConflict=4007
%%%mzn-stat: circuitNumber1226TotalFixedEdgesAtConflict=154004
%%%mzn-stat: circuitNumber1226NumberOfConflicts=4007
%%%mzn-stat: circuitNumber1226PropagationsThatPruned=4124
%%%mzn-stat: circuitNumber1226PropagationsTotal=20287
%%%mzn-stat: AverageConflictSize=12.172558922558922
%%%mzn-stat: NumUnitNogoodsLearned=0
%%%mzn-stat: AverageLearnedNogoodLength=22.374579124579125
%%%mzn-stat: AverageBacktrackAmount=0
%%%mzn-stat: AverageLbd=12.387100168350168
%%%mzn-stat: 2AutonomousSearchNumBackupCalled=1286
%%%mzn-stat: 2AutonomousSearchNumPredicatesRemoved=0
%%%mzn-stat: 2AutonomousSearchNumCalls=1291
%%%mzn-stat: 2AutonomousSearchNumPredicatesAdded=10273
%%%mzn-stat: 2AutonomousSearchAverageSizeOfHeap=9.106893880712626
%%%mzn-stat: 2AutonomousSearchNumAssignedPredicatesEncountered=11757
%%%mzn-stat-end
maxleg = 272;
succ = array1d(1..50,[8, 4, 32, 15, 14, 10, 20, 13, 46, 18, 12, 16, 39, 19, 6, 5, 11, 29, 36, 44, 43, 26, 7, 17, 27, 35, 28, 34, 50, 42, 47, 40, 23, 37, 25, 41, 31, 45, 9, 22, 3, 24, 30, 1, 49, 2, 33, 21, 48, 38]);
% time elapsed: 14.68 s
----------
%%%mzn-stat: initTime=0.021070968
%%%mzn-stat: objective=267
%%%mzn-stat: nodes=16541
%%%mzn-stat: restarts=0
%%%mzn-stat: peakDepth=298
%%%mzn-stat: solveTime=2.016975176
%%%mzn-stat: variables=645
%%%mzn-stat: propagators=1663
%%%mzn-stat: failures=10805
%%%mzn-stat: propagations=4242460
%%%mzn-stat: nogoods=10805
%%%mzn-stat: numAtomicConstraintsPropagated=0
%%%mzn-stat: circuitNumber1226PropagationsThatFoundConflict=4112
%%%mzn-stat: circuitNumber1226TotalFixedEdgesAtConflict=156978
%%%mzn-stat: circuitNumber1226NumberOfConflicts=4112
%%%mzn-stat: circuitNumber1226PropagationsThatPruned=4966
%%%mzn-stat: circuitNumber1226PropagationsTotal=22695
%%%mzn-stat: AverageConflictSize=12.14595094863489
%%%mzn-stat: NumUnitNogoodsLearned=0
%%%mzn-stat: AverageLearnedNogoodLength=23.338084220268396
%%%mzn-stat: AverageBacktrackAmount=0
%%%mzn-stat: AverageLbd=12.370846830171217
%%%mzn-stat: 2AutonomousSearchNumBackupCalled=1521
%%%mzn-stat: 2AutonomousSearchNumPredicatesRemoved=0
%%%mzn-stat: 2AutonomousSearchNumCalls=1527
%%%mzn-stat: 2AutonomousSearchNumPredicatesAdded=12846
%%%mzn-stat: 2AutonomousSearchAverageSizeOfHeap=9.702030124426981
%%%mzn-stat: 2AutonomousSearchNumAssignedPredicatesEncountered=14815
%%%mzn-stat-end
maxleg = 267;
succ = array1d(1..50,[8, 4, 32, 15, 14, 18, 20, 13, 46, 29, 12, 16, 39, 19, 6, 5, 11, 10, 36, 44, 43, 26, 7, 17, 27, 35, 28, 34, 50, 42, 47, 40, 23, 37, 25, 41, 31, 45, 9, 22, 3, 24, 30, 1, 49, 2, 33, 21, 48, 38]);
% time elapsed: 14.97 s
----------
%%%mzn-stat: initTime=0.021070968
%%%mzn-stat: objective=263
%%%mzn-stat: nodes=18248
%%%mzn-stat: restarts=0
%%%mzn-stat: peakDepth=298
%%%mzn-stat: solveTime=2.230274921
%%%mzn-stat: variables=645
%%%mzn-stat: propagators=1663
%%%mzn-stat: failures=11804
%%%mzn-stat: propagations=4712724
%%%mzn-stat: nogoods=11804
%%%mzn-stat: numAtomicConstraintsPropagated=0
%%%mzn-stat: circuitNumber1226PropagationsThatFoundConflict=4288
%%%mzn-stat: circuitNumber1226TotalFixedEdgesAtConflict=162834
%%%mzn-stat: circuitNumber1226NumberOfConflicts=4288
%%%mzn-stat: circuitNumber1226PropagationsThatPruned=5685
%%%mzn-stat: circuitNumber1226PropagationsTotal=24832
%%%mzn-stat: AverageConflictSize=11.855981023381904
%%%mzn-stat: NumUnitNogoodsLearned=0
%%%mzn-stat: AverageLearnedNogoodLength=23.510420196543546
%%%mzn-stat: AverageBacktrackAmount=0
%%%mzn-stat: AverageLbd=12.213825821755337
%%%mzn-stat: 2AutonomousSearchNumBackupCalled=1767
%%%mzn-stat: 2AutonomousSearchNumPredicatesRemoved=0
%%%mzn-stat: 2AutonomousSearchNumCalls=1774
%%%mzn-stat: 2AutonomousSearchNumPredicatesAdded=15406
%%%mzn-stat: 2AutonomousSearchAverageSizeOfHeap=10.077790304396844
%%%mzn-stat: 2AutonomousSearchNumAssignedPredicatesEncountered=17878
%%%mzn-stat-end
maxleg = 263;
succ = array1d(1..50,[8, 4, 32, 15, 14, 18, 20, 13, 46, 29, 12, 27, 26, 43, 6, 17, 11, 10, 21, 23, 5, 2, 28, 16, 35, 39, 31, 34, 50, 42, 47, 40, 7, 37, 44, 19, 25, 45, 9, 49, 36, 24, 30, 1, 3, 22, 33, 41, 48, 38]);
% time elapsed: 15.18 s
----------
%%%mzn-stat: initTime=0.021070968
%%%mzn-stat: objective=254
%%%mzn-stat: nodes=18525
%%%mzn-stat: restarts=0
%%%mzn-stat: peakDepth=298
%%%mzn-stat: solveTime=2.233931534
%%%mzn-stat: variables=645
%%%mzn-stat: propagators=1663
%%%mzn-stat: failures=11810
%%%mzn-stat: propagations=4720279
%%%mzn-stat: nogoods=11810
%%%mzn-stat: numAtomicConstraintsPropagated=0
%%%mzn-stat: circuitNumber1226PropagationsThatFoundConflict=4290
%%%mzn-stat: circuitNumber1226TotalFixedEdgesAtConflict=162908
%%%mzn-stat: circuitNumber1226NumberOfConflicts=4290
%%%mzn-stat: circuitNumber1226PropagationsThatPruned=5686
%%%mzn-stat: circuitNumber1226PropagationsTotal=24885
%%%mzn-stat: AverageConflictSize=11.852328535139712
%%%mzn-stat: NumUnitNogoodsLearned=0
%%%mzn-stat: AverageLearnedNogoodLength=23.506265876375952
%%%mzn-stat: AverageBacktrackAmount=0
%%%mzn-stat: AverageLbd=12.210668924640135
%%%mzn-stat: 2AutonomousSearchNumBackupCalled=1992
%%%mzn-stat: 2AutonomousSearchNumPredicatesRemoved=0
%%%mzn-stat: 2AutonomousSearchNumCalls=2000
%%%mzn-stat: 2AutonomousSearchNumPredicatesAdded=16028
%%%mzn-stat: 2AutonomousSearchAverageSizeOfHeap=10.4705
%%%mzn-stat: 2AutonomousSearchNumAssignedPredicatesEncountered=20941
%%%mzn-stat-end
maxleg = 254;
succ = array1d(1..50,[8, 4, 32, 15, 14, 18, 20, 13, 46, 29, 12, 27, 26, 43, 38, 17, 11, 40, 21, 23, 5, 2, 28, 16, 35, 39, 31, 34, 6, 42, 47, 48, 7, 37, 44, 19, 25, 50, 9, 45, 36, 24, 30, 1, 49, 22, 33, 41, 3, 10]);
% time elapsed: 15.20 s
----------
