% Logging successfully configured
%%%mzn-stat: initTime=0.040831322
%%%mzn-stat: objective=890
%%%mzn-stat: nodes=67057
%%%mzn-stat: restarts=0
%%%mzn-stat: peakDepth=2555
%%%mzn-stat: solveTime=8.689167018
%%%mzn-stat: variables=3350
%%%mzn-stat: propagators=2898
%%%mzn-stat: failures=3552
%%%mzn-stat: propagations=463426
%%%mzn-stat: nogoods=3552
%%%mzn-stat: numAtomicConstraintsPropagated=0
%%%mzn-stat: allDifferentNumber1TotalHallSetSize=33368
%%%mzn-stat: allDifferentNumber1NumberOfConflicts=3132
%%%mzn-stat: allDifferentNumber1MaxHallSetSize=117
%%%mzn-stat: allDifferentNumber1PropagationsTotal=93807
%%%mzn-stat: allDifferentNumber1PropagationsThatFoundConflict=3132
%%%mzn-stat: circuitNumber2PropagationsThatFoundConflict=230
%%%mzn-stat: circuitNumber2TotalFixedEdgesAtConflict=31290
%%%mzn-stat: circuitNumber2NumberOfConflicts=230
%%%mzn-stat: circuitNumber2PropagationsThatPruned=2887
%%%mzn-stat: circuitNumber2PropagationsTotal=68201
%%%mzn-stat: AverageConflictSize=13.330236486486486
%%%mzn-stat: NumUnitNogoodsLearned=0
%%%mzn-stat: AverageLearnedNogoodLength=50.5723536036036
%%%mzn-stat: AverageBacktrackAmount=0
%%%mzn-stat: AverageLbd=43.06587837837838
%%%mzn-stat: 2AutonomousSearchNumBackupCalled=2422
%%%mzn-stat: 2AutonomousSearchNumPredicatesRemoved=0
%%%mzn-stat: 2AutonomousSearchNumCalls=2423
%%%mzn-stat: 2AutonomousSearchNumPredicatesAdded=3390
%%%mzn-stat: 2AutonomousSearchAverageSizeOfHeap=1.3990920346677673
%%%mzn-stat: 2AutonomousSearchNumAssignedPredicatesEncountered=3390
%%%mzn-stat-end
maxleg = 890;
succ = array1d(1..150,[2, 11, 5, 7, 12, 8, 16, 28, 6, 25, 15, 14, 4, 9, 23, 19, 39, 42, 22, 35, 33, 24, 21, 30, 32, 3, 1, 40, 13, 31, 37, 34, 41, 29, 27, 26, 53, 36, 10, 17, 58, 44, 47, 56, 20, 38, 62, 55, 43, 45, 91, 61, 70, 49, 46, 60, 59, 57, 90, 86, 74, 18, 64, 76, 52, 65, 48, 50, 77, 78, 54, 66, 75, 87, 106, 68, 80, 88, 83, 97, 71, 63, 85, 96, 94, 73, 79, 104, 67, 111, 120, 72, 98, 112, 99, 82, 92, 103, 100, 102, 84, 129, 109, 146, 101, 51, 105, 116, 122, 81, 118, 145, 117, 107, 114, 89, 119, 149, 130, 123, 133, 125, 132, 69, 139, 93, 108, 113, 142, 110, 126, 150, 134, 141, 115, 128, 140, 127, 124, 131, 143, 144, 136, 137, 135, 148, 95, 147, 121, 138]);
% time elapsed: 12.45 s
----------
%%%mzn-stat: initTime=0.040831322
%%%mzn-stat: objective=575
%%%mzn-stat: nodes=70030
%%%mzn-stat: restarts=0
%%%mzn-stat: peakDepth=2555
%%%mzn-stat: solveTime=8.748498101
%%%mzn-stat: variables=3350
%%%mzn-stat: propagators=2898
%%%mzn-stat: failures=3601
%%%mzn-stat: propagations=471923
%%%mzn-stat: nogoods=3601
%%%mzn-stat: numAtomicConstraintsPropagated=0
%%%mzn-stat: allDifferentNumber1TotalHallSetSize=33759
%%%mzn-stat: allDifferentNumber1NumberOfConflicts=3176
%%%mzn-stat: allDifferentNumber1MaxHallSetSize=117
%%%mzn-stat: allDifferentNumber1PropagationsTotal=94645
%%%mzn-stat: allDifferentNumber1PropagationsThatFoundConflict=3176
%%%mzn-stat: circuitNumber2PropagationsThatFoundConflict=235
%%%mzn-stat: circuitNumber2TotalFixedEdgesAtConflict=31968
%%%mzn-stat: circuitNumber2NumberOfConflicts=235
%%%mzn-stat: circuitNumber2PropagationsThatPruned=2891
%%%mzn-stat: circuitNumber2PropagationsTotal=68827
%%%mzn-stat: AverageConflictSize=13.34962510413774
%%%mzn-stat: NumUnitNogoodsLearned=0
%%%mzn-stat: AverageLearnedNogoodLength=50.144404332129966
%%%mzn-stat: AverageBacktrackAmount=0
%%%mzn-stat: AverageLbd=42.672590946959176
%%%mzn-stat: 2AutonomousSearchNumBackupCalled=4777
%%%mzn-stat: 2AutonomousSearchNumPredicatesRemoved=0
%%%mzn-stat: 2AutonomousSearchNumCalls=4779
%%%mzn-stat: 2AutonomousSearchNumPredicatesAdded=3985
%%%mzn-stat: 2AutonomousSearchAverageSizeOfHeap=1.439213224523959
%%%mzn-stat: 2AutonomousSearchNumAssignedPredicatesEncountered=6878
%%%mzn-stat-end
maxleg = 575;
succ = array1d(1..150,[2, 11, 5, 7, 12, 8, 16, 28, 6, 25, 15, 14, 4, 9, 23, 19, 39, 42, 22, 35, 33, 24, 21, 30, 32, 3, 1, 40, 13, 31, 37, 34, 41, 29, 27, 26, 53, 36, 10, 17, 58, 44, 47, 56, 20, 38, 62, 55, 43, 45, 91, 61, 70, 49, 46, 60, 59, 57, 90, 86, 74, 18, 64, 76, 52, 65, 48, 50, 77, 78, 54, 66, 75, 87, 124, 68, 80, 88, 83, 97, 71, 63, 85, 96, 94, 73, 79, 104, 67, 111, 120, 72, 98, 112, 99, 82, 92, 103, 100, 102, 84, 129, 109, 146, 69, 51, 101, 105, 122, 81, 118, 145, 117, 107, 114, 108, 119, 149, 130, 123, 133, 89, 128, 131, 93, 125, 115, 113, 142, 110, 139, 106, 134, 141, 150, 132, 140, 127, 126, 116, 143, 144, 136, 137, 135, 148, 95, 147, 121, 138]);
% time elapsed: 12.51 s
----------
%%%mzn-stat: initTime=0.040831322
%%%mzn-stat: objective=304
%%%mzn-stat: nodes=74672
%%%mzn-stat: restarts=0
%%%mzn-stat: peakDepth=2555
%%%mzn-stat: solveTime=8.934492714
%%%mzn-stat: variables=3350
%%%mzn-stat: propagators=2898
%%%mzn-stat: failures=3688
%%%mzn-stat: propagations=492048
%%%mzn-stat: nogoods=3688
%%%mzn-stat: numAtomicConstraintsPropagated=0
%%%mzn-stat: allDifferentNumber1TotalHallSetSize=34196
%%%mzn-stat: allDifferentNumber1NumberOfConflicts=3263
%%%mzn-stat: allDifferentNumber1MaxHallSetSize=117
%%%mzn-stat: allDifferentNumber1PropagationsTotal=97629
%%%mzn-stat: allDifferentNumber1PropagationsThatFoundConflict=3263
%%%mzn-stat: circuitNumber2PropagationsThatFoundConflict=235
%%%mzn-stat: circuitNumber2TotalFixedEdgesAtConflict=31968
%%%mzn-stat: circuitNumber2NumberOfConflicts=235
%%%mzn-stat: circuitNumber2PropagationsThatPruned=2935
%%%mzn-stat: circuitNumber2PropagationsTotal=71141
%%%mzn-stat: AverageConflictSize=13.27765726681128
%%%mzn-stat: NumUnitNogoodsLearned=0
%%%mzn-stat: AverageLearnedNogoodLength=49.220444685466376
%%%mzn-stat: AverageBacktrackAmount=0
%%%mzn-stat: AverageLbd=41.82077006507592
%%%mzn-stat: 2AutonomousSearchNumBackupCalled=7136
%%%mzn-stat: 2AutonomousSearchNumPredicatesRemoved=0
%%%mzn-stat: 2AutonomousSearchNumCalls=7139
%%%mzn-stat: 2AutonomousSearchNumPredicatesAdded=4483
%%%mzn-stat: 2AutonomousSearchAverageSizeOfHeap=1.4657515058131392
%%%mzn-stat: 2AutonomousSearchNumAssignedPredicatesEncountered=10464
%%%mzn-stat-end
maxleg = 304;
succ = array1d(1..150,[2, 11, 5, 7, 12, 8, 16, 28, 6, 25, 15, 14, 4, 9, 23, 19, 39, 42, 22, 35, 33, 24, 21, 30, 32, 3, 1, 40, 13, 31, 37, 34, 41, 29, 27, 26, 53, 36, 10, 17, 58, 44, 47, 56, 20, 38, 62, 55, 43, 45, 91, 61, 70, 49, 46, 60, 59, 57, 90, 86, 74, 51, 64, 76, 52, 65, 48, 50, 77, 78, 54, 66, 89, 87, 73, 68, 80, 88, 83, 97, 71, 63, 85, 96, 94, 93, 79, 104, 18, 111, 120, 72, 98, 112, 99, 82, 92, 103, 100, 102, 67, 129, 109, 146, 101, 75, 105, 107, 122, 81, 118, 145, 117, 84, 114, 108, 119, 149, 130, 123, 133, 125, 132, 69, 126, 139, 115, 113, 142, 110, 116, 106, 134, 141, 150, 128, 140, 127, 131, 124, 143, 144, 136, 137, 135, 148, 95, 147, 121, 138]);
% time elapsed: 12.70 s
----------
%%%mzn-stat: initTime=0.040831322
%%%mzn-stat: objective=293
%%%mzn-stat: nodes=77551
%%%mzn-stat: restarts=0
%%%mzn-stat: peakDepth=2555
%%%mzn-stat: solveTime=8.985452142
%%%mzn-stat: variables=3350
%%%mzn-stat: propagators=2898
%%%mzn-stat: failures=3712
%%%mzn-stat: propagations=499787
%%%mzn-stat: nogoods=3712
%%%mzn-stat: numAtomicConstraintsPropagated=0
%%%mzn-stat: allDifferentNumber1TotalHallSetSize=34437
%%%mzn-stat: allDifferentNumber1NumberOfConflicts=3287
%%%mzn-stat: allDifferentNumber1MaxHallSetSize=117
%%%mzn-stat: allDifferentNumber1PropagationsTotal=98344
%%%mzn-stat: allDifferentNumber1PropagationsThatFoundConflict=3287
%%%mzn-stat: circuitNumber2PropagationsThatFoundConflict=235
%%%mzn-stat: circuitNumber2TotalFixedEdgesAtConflict=31968
%%%mzn-stat: circuitNumber2NumberOfConflicts=235
%%%mzn-stat: circuitNumber2PropagationsThatPruned=2952
%%%mzn-stat: circuitNumber2PropagationsTotal=71665
%%%mzn-stat: AverageConflictSize=13.285560344827585
%%%mzn-stat: NumUnitNogoodsLearned=0
%%%mzn-stat: AverageLearnedNogoodLength=49.00134698275862
%%%mzn-stat: AverageBacktrackAmount=0
%%%mzn-stat: AverageLbd=41.609375
%%%mzn-stat: 2AutonomousSearchNumBackupCalled=9497
%%%mzn-stat: 2AutonomousSearchNumPredicatesRemoved=0
%%%mzn-stat: 2AutonomousSearchNumCalls=9501
%%%mzn-stat: 2AutonomousSearchNumPredicatesAdded=4982
%%%mzn-stat: 2AutonomousSearchAverageSizeOfHeap=1.4867908641195664
%%%mzn-stat: 2AutonomousSearchNumAssignedPredicatesEncountered=14126
%%%mzn-stat-end
maxleg = 293;
succ = array1d(1..150,[2, 11, 5, 7, 12, 8, 16, 28, 6, 25, 15, 14, 4, 9, 23, 19, 39, 42, 22, 35, 33, 24, 21, 30, 32, 3, 1, 40, 13, 31, 37, 34, 41, 29, 27, 26, 53, 36, 10, 17, 58, 44, 47, 56, 20, 38, 62, 55, 43, 45, 106, 61, 70, 49, 46, 60, 59, 57, 90, 86, 74, 51, 64, 76, 52, 65, 48, 50, 77, 78, 54, 66, 89, 87, 73, 68, 80, 88, 83, 97, 71, 63, 85, 96, 94, 93, 79, 104, 18, 111, 120, 72, 98, 112, 99, 82, 92, 103, 100, 102, 67, 129, 109, 146, 101, 75, 105, 107, 122, 81, 118, 145, 117, 84, 114, 108, 119, 149, 130, 123, 133, 125, 132, 69, 126, 139, 115, 113, 142, 110, 116, 128, 134, 141, 150, 143, 140, 127, 131, 124, 136, 144, 91, 137, 135, 148, 95, 147, 121, 138]);
% time elapsed: 12.76 s
----------
%%%mzn-stat: initTime=0.040831322
%%%mzn-stat: objective=282
%%%mzn-stat: nodes=81599
%%%mzn-stat: restarts=0
%%%mzn-stat: peakDepth=2555
%%%mzn-stat: solveTime=9.12838731
%%%mzn-stat: variables=3350
%%%mzn-stat: propagators=2898
%%%mzn-stat: failures=3742
%%%mzn-stat: propagations=516143
%%%mzn-stat: nogoods=3742
%%%mzn-stat: numAtomicConstraintsPropagated=0
%%%mzn-stat: allDifferentNumber1TotalHallSetSize=34573
%%%mzn-stat: allDifferentNumber1NumberOfConflicts=3316
%%%mzn-stat: allDifferentNumber1MaxHallSetSize=117
%%%mzn-stat: allDifferentNumber1PropagationsTotal=100539
%%%mzn-stat: allDifferentNumber1PropagationsThatFoundConflict=3316
%%%mzn-stat: circuitNumber2PropagationsThatFoundConflict=235
%%%mzn-stat: circuitNumber2TotalFixedEdgesAtConflict=31968
%%%mzn-stat: circuitNumber2NumberOfConflicts=235
%%%mzn-stat: circuitNumber2PropagationsThatPruned=2991
%%%mzn-stat: circuitNumber2PropagationsTotal=73403
%%%mzn-stat: AverageConflictSize=13.226884019241048
%%%mzn-stat: NumUnitNogoodsLearned=0
%%%mzn-stat: AverageLearnedNogoodLength=48.652592196686264
%%%mzn-stat: AverageBacktrackAmount=0
%%%mzn-stat: AverageLbd=41.314003206841264
%%%mzn-stat: 2AutonomousSearchNumBackupCalled=11837
%%%mzn-stat: 2AutonomousSearchNumPredicatesRemoved=0
%%%mzn-stat: 2AutonomousSearchNumCalls=11842
%%%mzn-stat: 2AutonomousSearchNumPredicatesAdded=5088
%%%mzn-stat: 2AutonomousSearchAverageSizeOfHeap=1.5045600405336936
%%%mzn-stat: 2AutonomousSearchNumAssignedPredicatesEncountered=17817
%%%mzn-stat-end
maxleg = 282;
succ = array1d(1..150,[2, 11, 5, 7, 12, 8, 16, 28, 6, 25, 15, 14, 4, 9, 23, 19, 39, 42, 22, 35, 33, 24, 21, 30, 32, 3, 1, 40, 13, 31, 37, 34, 41, 29, 27, 26, 53, 36, 10, 17, 58, 44, 47, 56, 20, 38, 62, 55, 43, 45, 106, 61, 70, 49, 46, 60, 59, 57, 90, 86, 74, 51, 64, 76, 52, 65, 48, 50, 77, 78, 54, 66, 89, 87, 73, 68, 80, 88, 83, 97, 71, 63, 85, 96, 94, 93, 147, 104, 18, 111, 120, 72, 98, 112, 99, 82, 92, 103, 100, 102, 67, 129, 109, 79, 101, 75, 105, 107, 122, 81, 118, 145, 117, 84, 114, 108, 119, 149, 130, 123, 133, 125, 132, 69, 126, 131, 115, 113, 142, 110, 139, 128, 134, 141, 150, 143, 140, 127, 124, 116, 136, 144, 91, 137, 135, 95, 148, 146, 121, 138]);
% time elapsed: 12.91 s
----------
%%%mzn-stat: initTime=0.040831322
%%%mzn-stat: objective=277
%%%mzn-stat: nodes=84268
%%%mzn-stat: restarts=0
%%%mzn-stat: peakDepth=2555
%%%mzn-stat: solveTime=9.161375135
%%%mzn-stat: variables=3350
%%%mzn-stat: propagators=2898
%%%mzn-stat: failures=3758
%%%mzn-stat: propagations=522643
%%%mzn-stat: nogoods=3758
%%%mzn-stat: numAtomicConstraintsPropagated=0
%%%mzn-stat: allDifferentNumber1TotalHallSetSize=34655
%%%mzn-stat: allDifferentNumber1NumberOfConflicts=3332
%%%mzn-stat: allDifferentNumber1MaxHallSetSize=117
%%%mzn-stat: allDifferentNumber1PropagationsTotal=101002
%%%mzn-stat: allDifferentNumber1PropagationsThatFoundConflict=3332
%%%mzn-stat: circuitNumber2PropagationsThatFoundConflict=235
%%%mzn-stat: circuitNumber2TotalFixedEdgesAtConflict=31968
%%%mzn-stat: circuitNumber2NumberOfConflicts=235
%%%mzn-stat: circuitNumber2PropagationsThatPruned=2999
%%%mzn-stat: circuitNumber2PropagationsTotal=73755
%%%mzn-stat: AverageConflictSize=13.20436402341671
%%%mzn-stat: NumUnitNogoodsLearned=0
%%%mzn-stat: AverageLearnedNogoodLength=48.486428951569984
%%%mzn-stat: AverageBacktrackAmount=0
%%%mzn-stat: AverageLbd=41.16365087812666
%%%mzn-stat: 2AutonomousSearchNumBackupCalled=14149
%%%mzn-stat: 2AutonomousSearchNumPredicatesRemoved=0
%%%mzn-stat: 2AutonomousSearchNumCalls=14155
%%%mzn-stat: 2AutonomousSearchNumPredicatesAdded=5533
%%%mzn-stat: 2AutonomousSearchAverageSizeOfHeap=1.5302719886965737
%%%mzn-stat: 2AutonomousSearchNumAssignedPredicatesEncountered=21661
%%%mzn-stat-end
maxleg = 277;
succ = array1d(1..150,[2, 11, 5, 7, 12, 8, 16, 28, 6, 25, 15, 14, 4, 9, 23, 19, 39, 42, 22, 35, 33, 24, 21, 30, 32, 3, 1, 40, 13, 31, 37, 34, 41, 29, 27, 26, 53, 36, 10, 17, 58, 44, 47, 56, 20, 38, 62, 55, 43, 45, 106, 61, 70, 49, 46, 60, 59, 57, 90, 86, 74, 51, 64, 76, 52, 65, 48, 50, 77, 78, 54, 66, 89, 87, 73, 68, 80, 88, 83, 97, 71, 63, 85, 96, 94, 93, 147, 104, 18, 111, 120, 102, 98, 72, 99, 82, 92, 103, 100, 112, 67, 129, 109, 79, 101, 75, 105, 107, 122, 81, 118, 145, 117, 84, 114, 108, 119, 149, 130, 123, 133, 125, 132, 69, 126, 131, 115, 113, 142, 110, 139, 128, 134, 141, 150, 143, 140, 127, 124, 116, 136, 144, 91, 137, 135, 95, 148, 146, 121, 138]);
% time elapsed: 12.95 s
----------
%%%mzn-stat: initTime=0.040831322
%%%mzn-stat: objective=274
%%%mzn-stat: nodes=95151
%%%mzn-stat: restarts=0
%%%mzn-stat: peakDepth=2555
%%%mzn-stat: solveTime=9.974845299
%%%mzn-stat: variables=3350
%%%mzn-stat: propagators=2898
%%%mzn-stat: failures=4258
%%%mzn-stat: propagations=593780
%%%mzn-stat: nogoods=4258
%%%mzn-stat: numAtomicConstraintsPropagated=0
%%%mzn-stat: allDifferentNumber1TotalHallSetSize=36110
%%%mzn-stat: allDifferentNumber1NumberOfConflicts=3787
%%%mzn-stat: allDifferentNumber1MaxHallSetSize=117
%%%mzn-stat: allDifferentNumber1PropagationsTotal=113336
%%%mzn-stat: allDifferentNumber1PropagationsThatFoundConflict=3787
%%%mzn-stat: circuitNumber2PropagationsThatFoundConflict=270
%%%mzn-stat: circuitNumber2TotalFixedEdgesAtConflict=36971
%%%mzn-stat: circuitNumber2NumberOfConflicts=270
%%%mzn-stat: circuitNumber2PropagationsThatPruned=3407
%%%mzn-stat: circuitNumber2PropagationsTotal=82521
%%%mzn-stat: AverageConflictSize=12.35533114138093
%%%mzn-stat: NumUnitNogoodsLearned=0
%%%mzn-stat: AverageLearnedNogoodLength=43.933536871770784
%%%mzn-stat: AverageBacktrackAmount=0
%%%mzn-stat: AverageLbd=37.03734147487083
%%%mzn-stat: 2AutonomousSearchNumBackupCalled=16485
%%%mzn-stat: 2AutonomousSearchNumPredicatesRemoved=0
%%%mzn-stat: 2AutonomousSearchNumCalls=16492
%%%mzn-stat: 2AutonomousSearchNumPredicatesAdded=7117
%%%mzn-stat: 2AutonomousSearchAverageSizeOfHeap=1.5922265340771282
%%%mzn-stat: 2AutonomousSearchNumAssignedPredicatesEncountered=26259
%%%mzn-stat-end
maxleg = 274;
succ = array1d(1..150,[2, 11, 5, 7, 12, 8, 16, 28, 6, 25, 15, 14, 29, 9, 23, 19, 39, 42, 22, 35, 33, 24, 21, 30, 32, 3, 1, 40, 34, 31, 37, 43, 41, 49, 27, 26, 53, 36, 10, 17, 58, 44, 47, 56, 20, 38, 62, 55, 54, 45, 106, 61, 70, 71, 46, 60, 4, 57, 90, 86, 74, 51, 64, 76, 52, 65, 48, 50, 77, 13, 81, 66, 75, 78, 113, 68, 80, 87, 83, 97, 110, 63, 85, 96, 94, 73, 147, 104, 18, 111, 120, 102, 98, 72, 99, 82, 92, 109, 100, 112, 67, 129, 125, 79, 101, 118, 105, 107, 122, 93, 134, 145, 117, 84, 114, 108, 130, 149, 103, 121, 133, 89, 91, 69, 126, 131, 115, 132, 142, 119, 139, 123, 88, 141, 150, 128, 140, 127, 124, 116, 143, 144, 136, 137, 135, 95, 148, 146, 59, 138]);
% time elapsed: 13.77 s
----------
%%%mzn-stat: initTime=0.040831322
%%%mzn-stat: objective=270
%%%mzn-stat: nodes=155450
%%%mzn-stat: restarts=0
%%%mzn-stat: peakDepth=2555
%%%mzn-stat: solveTime=88.569917972
%%%mzn-stat: variables=3350
%%%mzn-stat: propagators=2898
%%%mzn-stat: failures=52037
%%%mzn-stat: propagations=2184057
%%%mzn-stat: nogoods=52037
%%%mzn-stat: numAtomicConstraintsPropagated=0
%%%mzn-stat: allDifferentNumber1TotalHallSetSize=39413
%%%mzn-stat: allDifferentNumber1NumberOfConflicts=5059
%%%mzn-stat: allDifferentNumber1MaxHallSetSize=117
%%%mzn-stat: allDifferentNumber1PropagationsTotal=292954
%%%mzn-stat: allDifferentNumber1PropagationsThatFoundConflict=5059
%%%mzn-stat: circuitNumber2PropagationsThatFoundConflict=46714
%%%mzn-stat: circuitNumber2TotalFixedEdgesAtConflict=6718393
%%%mzn-stat: circuitNumber2NumberOfConflicts=46714
%%%mzn-stat: circuitNumber2PropagationsThatPruned=38316
%%%mzn-stat: circuitNumber2PropagationsTotal=216860
%%%mzn-stat: AverageConflictSize=109.45542594692238
%%%mzn-stat: NumUnitNogoodsLearned=0
%%%mzn-stat: AverageLearnedNogoodLength=105.90693160635702
%%%mzn-stat: AverageBacktrackAmount=0
%%%mzn-stat: AverageLbd=94.5721121509695
%%%mzn-stat: 2AutonomousSearchNumBackupCalled=18764
%%%mzn-stat: 2AutonomousSearchNumPredicatesRemoved=0
%%%mzn-stat: 2AutonomousSearchNumCalls=18772
%%%mzn-stat: 2AutonomousSearchNumPredicatesAdded=9773
%%%mzn-stat: 2AutonomousSearchAverageSizeOfHeap=1.6726507564457702
%%%mzn-stat: 2AutonomousSearchNumAssignedPredicatesEncountered=31399
%%%mzn-stat-end
maxleg = 270;
succ = array1d(1..150,[2, 11, 5, 7, 12, 8, 16, 28, 6, 25, 15, 14, 29, 9, 23, 19, 39, 42, 22, 35, 33, 24, 21, 30, 32, 3, 1, 40, 34, 31, 37, 43, 41, 49, 27, 26, 53, 36, 10, 17, 58, 44, 47, 56, 20, 38, 62, 55, 54, 45, 106, 61, 70, 71, 46, 60, 4, 57, 90, 86, 74, 51, 64, 76, 52, 65, 48, 50, 77, 13, 81, 66, 75, 78, 113, 72, 80, 87, 83, 97, 110, 63, 85, 96, 94, 73, 147, 104, 18, 111, 120, 102, 98, 68, 99, 82, 92, 109, 100, 112, 67, 129, 125, 79, 101, 118, 105, 114, 122, 93, 134, 145, 117, 84, 127, 108, 130, 149, 103, 121, 133, 89, 91, 69, 126, 131, 107, 132, 142, 119, 139, 123, 88, 141, 150, 128, 140, 115, 124, 116, 143, 144, 136, 137, 135, 95, 148, 146, 59, 138]);
% time elapsed: 92.37 s
----------
%%%mzn-stat: initTime=0.040831322
%%%mzn-stat: objective=263
%%%mzn-stat: nodes=157938
%%%mzn-stat: restarts=0
%%%mzn-stat: peakDepth=2555
%%%mzn-stat: solveTime=88.592926478
%%%mzn-stat: variables=3350
%%%mzn-stat: propagators=2898
%%%mzn-stat: failures=52039
%%%mzn-stat: propagations=2189017
%%%mzn-stat: nogoods=52039
%%%mzn-stat: numAtomicConstraintsPropagated=0
%%%mzn-stat: allDifferentNumber1TotalHallSetSize=39444
%%%mzn-stat: allDifferentNumber1NumberOfConflicts=5061
%%%mzn-stat: allDifferentNumber1MaxHallSetSize=117
%%%mzn-stat: allDifferentNumber1PropagationsTotal=293148
%%%mzn-stat: allDifferentNumber1PropagationsThatFoundConflict=5061
%%%mzn-stat: circuitNumber2PropagationsThatFoundConflict=46714
%%%mzn-stat: circuitNumber2TotalFixedEdgesAtConflict=6718393
%%%mzn-stat: circuitNumber2NumberOfConflicts=46714
%%%mzn-stat: circuitNumber2PropagationsThatPruned=38317
%%%mzn-stat: circuitNumber2PropagationsTotal=216994
%%%mzn-stat: AverageConflictSize=109.45271815369242
%%%mzn-stat: NumUnitNogoodsLearned=0
%%%mzn-stat: AverageLearnedNogoodLength=105.90451392225062
%%%mzn-stat: AverageBacktrackAmount=0
%%%mzn-stat: AverageLbd=94.56939987317205
%%%mzn-stat: 2AutonomousSearchNumBackupCalled=21117
%%%mzn-stat: 2AutonomousSearchNumPredicatesRemoved=0
%%%mzn-stat: 2AutonomousSearchNumCalls=21126
%%%mzn-stat: 2AutonomousSearchNumPredicatesAdded=9976
%%%mzn-stat: 2AutonomousSearchAverageSizeOfHeap=1.7295749313641957
%%%mzn-stat: 2AutonomousSearchNumAssignedPredicatesEncountered=36539
%%%mzn-stat-end
maxleg = 263;
succ = array1d(1..150,[2, 11, 5, 7, 12, 8, 16, 28, 6, 25, 15, 14, 29, 9, 23, 19, 39, 42, 22, 35, 33, 24, 21, 30, 32, 3, 1, 40, 34, 31, 37, 43, 41, 49, 27, 26, 53, 36, 10, 17, 58, 44, 47, 56, 20, 38, 62, 55, 54, 45, 106, 61, 70, 71, 46, 60, 4, 57, 90, 86, 74, 51, 64, 76, 52, 65, 48, 50, 77, 13, 81, 66, 75, 78, 113, 72, 80, 87, 83, 97, 110, 63, 85, 96, 94, 73, 147, 104, 18, 111, 120, 102, 98, 68, 99, 82, 92, 109, 100, 112, 67, 129, 125, 79, 101, 118, 105, 114, 122, 103, 134, 145, 117, 84, 127, 108, 130, 149, 93, 121, 133, 126, 91, 69, 131, 139, 107, 132, 142, 119, 89, 123, 88, 141, 150, 128, 140, 115, 124, 116, 143, 144, 136, 137, 135, 95, 148, 146, 59, 138]);
% time elapsed: 92.40 s
----------
%%%mzn-stat: initTime=0.040831322
%%%mzn-stat: objective=259
%%%mzn-stat: nodes=202814
%%%mzn-stat: restarts=0
%%%mzn-stat: peakDepth=2555
%%%mzn-stat: solveTime=127.139991129
%%%mzn-stat: variables=3350
%%%mzn-stat: propagators=2898
%%%mzn-stat: failures=83934
%%%mzn-stat: propagations=3223192
%%%mzn-stat: nogoods=83934
%%%mzn-stat: numAtomicConstraintsPropagated=0
%%%mzn-stat: allDifferentNumber1TotalHallSetSize=43977
%%%mzn-stat: allDifferentNumber1NumberOfConflicts=6251
%%%mzn-stat: allDifferentNumber1MaxHallSetSize=117
%%%mzn-stat: allDifferentNumber1PropagationsTotal=398800
%%%mzn-stat: allDifferentNumber1PropagationsThatFoundConflict=6251
%%%mzn-stat: circuitNumber2PropagationsThatFoundConflict=71871
%%%mzn-stat: circuitNumber2TotalFixedEdgesAtConflict=10333004
%%%mzn-stat: circuitNumber2NumberOfConflicts=71871
%%%mzn-stat: circuitNumber2PropagationsThatPruned=49591
%%%mzn-stat: circuitNumber2PropagationsTotal=295169
%%%mzn-stat: AverageConflictSize=95.53032144303857
%%%mzn-stat: NumUnitNogoodsLearned=0
%%%mzn-stat: AverageLearnedNogoodLength=99.58470941454
%%%mzn-stat: AverageBacktrackAmount=0
%%%mzn-stat: AverageLbd=85.6542521504992
%%%mzn-stat: 2AutonomousSearchNumBackupCalled=23400
%%%mzn-stat: 2AutonomousSearchNumPredicatesRemoved=0
%%%mzn-stat: 2AutonomousSearchNumCalls=23410
%%%mzn-stat: 2AutonomousSearchNumPredicatesAdded=12498
%%%mzn-stat: 2AutonomousSearchAverageSizeOfHeap=1.794703118325502
%%%mzn-stat: 2AutonomousSearchNumAssignedPredicatesEncountered=42014
%%%mzn-stat-end
maxleg = 259;
succ = array1d(1..150,[2, 11, 5, 7, 12, 8, 16, 28, 6, 25, 15, 14, 70, 9, 23, 19, 39, 42, 22, 35, 33, 24, 21, 30, 32, 3, 1, 40, 34, 31, 37, 43, 41, 49, 27, 26, 53, 36, 10, 17, 58, 44, 47, 56, 20, 38, 62, 55, 54, 45, 29, 61, 74, 71, 46, 60, 4, 57, 90, 86, 79, 51, 64, 76, 52, 65, 48, 50, 77, 78, 81, 66, 75, 87, 106, 72, 80, 88, 83, 97, 110, 63, 85, 96, 94, 73, 104, 121, 18, 111, 123, 102, 98, 68, 99, 82, 92, 109, 100, 112, 67, 129, 125, 146, 101, 118, 105, 114, 122, 103, 134, 145, 117, 84, 127, 108, 130, 149, 93, 91, 120, 126, 132, 69, 131, 139, 107, 113, 142, 119, 89, 136, 13, 133, 150, 141, 140, 115, 124, 116, 143, 144, 128, 137, 135, 148, 95, 147, 59, 138]);
% time elapsed: 130.95 s
----------
%%%mzn-stat: initTime=0.040831322
%%%mzn-stat: objective=256
%%%mzn-stat: nodes=285261
%%%mzn-stat: restarts=0
%%%mzn-stat: peakDepth=2555
%%%mzn-stat: solveTime=203.062745959
%%%mzn-stat: variables=3350
%%%mzn-stat: propagators=2898
%%%mzn-stat: failures=147343
%%%mzn-stat: propagations=5298022
%%%mzn-stat: nogoods=147343
%%%mzn-stat: numAtomicConstraintsPropagated=0
%%%mzn-stat: allDifferentNumber1TotalHallSetSize=51316
%%%mzn-stat: allDifferentNumber1NumberOfConflicts=8456
%%%mzn-stat: allDifferentNumber1MaxHallSetSize=117
%%%mzn-stat: allDifferentNumber1PropagationsTotal=602942
%%%mzn-stat: allDifferentNumber1PropagationsThatFoundConflict=8456
%%%mzn-stat: circuitNumber2PropagationsThatFoundConflict=121970
%%%mzn-stat: circuitNumber2TotalFixedEdgesAtConflict=17532502
%%%mzn-stat: circuitNumber2NumberOfConflicts=121970
%%%mzn-stat: circuitNumber2PropagationsThatPruned=72031
%%%mzn-stat: circuitNumber2PropagationsTotal=446290
%%%mzn-stat: AverageConflictSize=85.85169298846908
%%%mzn-stat: NumUnitNogoodsLearned=0
%%%mzn-stat: AverageLearnedNogoodLength=95.66419850281316
%%%mzn-stat: AverageBacktrackAmount=0
%%%mzn-stat: AverageLbd=79.50764542597884
%%%mzn-stat: 2AutonomousSearchNumBackupCalled=25653
%%%mzn-stat: 2AutonomousSearchNumPredicatesRemoved=0
%%%mzn-stat: 2AutonomousSearchNumCalls=25664
%%%mzn-stat: 2AutonomousSearchNumPredicatesAdded=14411
%%%mzn-stat: 2AutonomousSearchAverageSizeOfHeap=1.8525561097256857
%%%mzn-stat: 2AutonomousSearchNumAssignedPredicatesEncountered=47544
%%%mzn-stat-end
maxleg = 256;
succ = array1d(1..150,[2, 11, 5, 7, 12, 8, 16, 28, 6, 25, 15, 14, 70, 9, 23, 19, 39, 42, 22, 35, 33, 24, 21, 30, 32, 3, 1, 40, 34, 31, 37, 43, 41, 49, 27, 26, 53, 36, 10, 17, 58, 44, 47, 56, 20, 38, 62, 55, 54, 45, 29, 61, 74, 71, 46, 60, 4, 57, 90, 86, 79, 51, 64, 76, 52, 65, 48, 50, 77, 78, 81, 66, 75, 87, 106, 72, 80, 88, 83, 97, 110, 63, 85, 96, 94, 73, 104, 121, 18, 111, 123, 102, 109, 68, 99, 82, 92, 93, 100, 112, 67, 129, 125, 146, 101, 118, 105, 114, 122, 98, 134, 145, 117, 84, 127, 108, 130, 149, 103, 91, 120, 89, 132, 69, 126, 131, 107, 113, 142, 119, 139, 136, 13, 133, 150, 141, 140, 115, 124, 116, 143, 144, 128, 137, 135, 148, 95, 147, 59, 138]);
% time elapsed: 206.89 s
----------
%%%mzn-stat: initTime=0.040831322
%%%mzn-stat: objective=250
%%%mzn-stat: nodes=287671
%%%mzn-stat: restarts=0
%%%mzn-stat: peakDepth=2555
%%%mzn-stat: solveTime=203.08182998
%%%mzn-stat: variables=3350
%%%mzn-stat: propagators=2898
%%%mzn-stat: failures=147343
%%%mzn-stat: propagations=5302970
%%%mzn-stat: nogoods=147343
%%%mzn-stat: numAtomicConstraintsPropagated=0
%%%mzn-stat: allDifferentNumber1TotalHallSetSize=51316
%%%mzn-stat: allDifferentNumber1NumberOfConflicts=8456
%%%mzn-stat: allDifferentNumber1MaxHallSetSize=117
%%%mzn-stat: allDifferentNumber1PropagationsTotal=603121
%%%mzn-stat: allDifferentNumber1PropagationsThatFoundConflict=8456
%%%mzn-stat: circuitNumber2PropagationsThatFoundConflict=121970
%%%mzn-stat: circuitNumber2TotalFixedEdgesAtConflict=17532502
%%%mzn-stat: circuitNumber2NumberOfConflicts=121970
%%%mzn-stat: circuitNumber2PropagationsThatPruned=72034
%%%mzn-stat: circuitNumber2PropagationsTotal=446420
%%%mzn-stat: AverageConflictSize=85.85169298846908
%%%mzn-stat: NumUnitNogoodsLearned=0
%%%mzn-stat: AverageLearnedNogoodLength=95.66419850281316
%%%mzn-stat: AverageBacktrackAmount=0
%%%mzn-stat: AverageLbd=79.50764542597884
%%%mzn-stat: 2AutonomousSearchNumBackupCalled=27935
%%%mzn-stat: 2AutonomousSearchNumPredicatesRemoved=0
%%%mzn-stat: 2AutonomousSearchNumCalls=27947
%%%mzn-stat: 2AutonomousSearchNumPredicatesAdded=14411
%%%mzn-stat: 2AutonomousSearchAverageSizeOfHeap=1.899094714996243
%%%mzn-stat: 2AutonomousSearchNumAssignedPredicatesEncountered=53074
%%%mzn-stat-end
maxleg = 250;
succ = array1d(1..150,[2, 11, 5, 7, 12, 8, 16, 28, 6, 25, 15, 14, 70, 9, 23, 19, 39, 42, 22, 35, 33, 24, 21, 30, 32, 3, 1, 40, 34, 31, 37, 43, 41, 49, 27, 26, 53, 36, 10, 17, 58, 44, 47, 56, 20, 38, 62, 55, 54, 45, 29, 61, 74, 71, 46, 60, 4, 57, 90, 86, 79, 51, 64, 76, 52, 65, 48, 50, 77, 78, 81, 66, 75, 87, 106, 72, 80, 88, 83, 97, 110, 63, 85, 96, 94, 73, 104, 121, 18, 111, 123, 102, 109, 68, 99, 82, 92, 93, 100, 112, 67, 129, 125, 146, 101, 118, 105, 114, 122, 98, 134, 145, 117, 84, 127, 108, 130, 149, 103, 91, 120, 89, 141, 69, 126, 131, 107, 113, 142, 119, 139, 128, 13, 133, 150, 132, 140, 115, 124, 116, 143, 144, 136, 137, 135, 148, 95, 147, 59, 138]);
% time elapsed: 206.91 s
----------
%%%mzn-stat: initTime=0.040831322
%%%mzn-stat: objective=249
%%%mzn-stat: nodes=459344
%%%mzn-stat: restarts=0
%%%mzn-stat: peakDepth=2555
%%%mzn-stat: solveTime=348.956825567
%%%mzn-stat: variables=3350
%%%mzn-stat: propagators=2898
%%%mzn-stat: failures=269931
%%%mzn-stat: propagations=9608042
%%%mzn-stat: nogoods=269931
%%%mzn-stat: numAtomicConstraintsPropagated=0
%%%mzn-stat: allDifferentNumber1TotalHallSetSize=56071
%%%mzn-stat: allDifferentNumber1NumberOfConflicts=10604
%%%mzn-stat: allDifferentNumber1MaxHallSetSize=117
%%%mzn-stat: allDifferentNumber1PropagationsTotal=1031922
%%%mzn-stat: allDifferentNumber1PropagationsThatFoundConflict=10604
%%%mzn-stat: circuitNumber2PropagationsThatFoundConflict=222431
%%%mzn-stat: circuitNumber2TotalFixedEdgesAtConflict=32250169
%%%mzn-stat: circuitNumber2NumberOfConflicts=222431
%%%mzn-stat: circuitNumber2PropagationsThatPruned=116599
%%%mzn-stat: circuitNumber2PropagationsTotal=765203
%%%mzn-stat: AverageConflictSize=80.60162411875628
%%%mzn-stat: NumUnitNogoodsLearned=0
%%%mzn-stat: AverageLearnedNogoodLength=92.9774572020257
%%%mzn-stat: AverageBacktrackAmount=0
%%%mzn-stat: AverageLbd=74.41547284305989
%%%mzn-stat: 2AutonomousSearchNumBackupCalled=30191
%%%mzn-stat: 2AutonomousSearchNumPredicatesRemoved=0
%%%mzn-stat: 2AutonomousSearchNumCalls=30204
%%%mzn-stat: 2AutonomousSearchNumPredicatesAdded=16671
%%%mzn-stat: 2AutonomousSearchAverageSizeOfHeap=1.9424248443914713
%%%mzn-stat: 2AutonomousSearchNumAssignedPredicatesEncountered=58669
%%%mzn-stat-end
maxleg = 249;
succ = array1d(1..150,[2, 11, 5, 7, 12, 8, 16, 28, 6, 25, 15, 14, 70, 9, 23, 19, 39, 42, 22, 35, 33, 24, 21, 30, 32, 3, 1, 40, 34, 31, 37, 43, 41, 49, 27, 26, 53, 36, 10, 17, 58, 44, 47, 56, 20, 38, 62, 55, 54, 45, 29, 61, 74, 71, 46, 60, 4, 57, 90, 86, 79, 51, 64, 76, 52, 65, 48, 50, 77, 78, 81, 66, 75, 87, 106, 72, 80, 88, 83, 97, 110, 63, 85, 96, 94, 73, 104, 121, 18, 111, 123, 102, 109, 68, 99, 82, 92, 93, 100, 112, 67, 129, 125, 146, 107, 118, 108, 114, 122, 98, 134, 145, 117, 84, 127, 105, 130, 149, 103, 91, 120, 89, 141, 69, 126, 131, 101, 113, 142, 119, 139, 128, 13, 133, 150, 132, 140, 115, 124, 116, 143, 144, 136, 137, 135, 148, 95, 147, 59, 138]);
% time elapsed: 352.80 s
----------
%%%mzn-stat: initTime=0.040831322
%%%mzn-stat: objective=240
%%%mzn-stat: nodes=633837
%%%mzn-stat: restarts=0
%%%mzn-stat: peakDepth=2555
%%%mzn-stat: solveTime=497.371705558
%%%mzn-stat: variables=3350
%%%mzn-stat: propagators=2898
%%%mzn-stat: failures=392515
%%%mzn-stat: propagations=13974409
%%%mzn-stat: nogoods=392515
%%%mzn-stat: numAtomicConstraintsPropagated=0
%%%mzn-stat: allDifferentNumber1TotalHallSetSize=60604
%%%mzn-stat: allDifferentNumber1NumberOfConflicts=12767
%%%mzn-stat: allDifferentNumber1MaxHallSetSize=117
%%%mzn-stat: allDifferentNumber1PropagationsTotal=1453691
%%%mzn-stat: allDifferentNumber1PropagationsThatFoundConflict=12767
%%%mzn-stat: circuitNumber2PropagationsThatFoundConflict=322889
%%%mzn-stat: circuitNumber2TotalFixedEdgesAtConflict=46967409
%%%mzn-stat: circuitNumber2NumberOfConflicts=322889
%%%mzn-stat: circuitNumber2PropagationsThatPruned=161191
%%%mzn-stat: circuitNumber2PropagationsTotal=1075926
%%%mzn-stat: AverageConflictSize=78.63020521508732
%%%mzn-stat: NumUnitNogoodsLearned=0
%%%mzn-stat: AverageLearnedNogoodLength=91.96655159675426
%%%mzn-stat: AverageBacktrackAmount=0
%%%mzn-stat: AverageLbd=72.39899876437843
%%%mzn-stat: 2AutonomousSearchNumBackupCalled=32423
%%%mzn-stat: 2AutonomousSearchNumPredicatesRemoved=0
%%%mzn-stat: 2AutonomousSearchNumCalls=32437
%%%mzn-stat: 2AutonomousSearchNumPredicatesAdded=18513
%%%mzn-stat: 2AutonomousSearchAverageSizeOfHeap=1.9819342109319604
%%%mzn-stat: 2AutonomousSearchNumAssignedPredicatesEncountered=64288
%%%mzn-stat-end
maxleg = 240;
succ = array1d(1..150,[2, 11, 26, 7, 12, 8, 16, 28, 6, 25, 15, 14, 70, 9, 23, 19, 39, 42, 22, 35, 33, 24, 21, 30, 32, 5, 1, 40, 34, 31, 37, 43, 41, 49, 27, 3, 53, 36, 10, 17, 58, 44, 47, 56, 20, 38, 62, 55, 54, 45, 29, 61, 74, 71, 46, 60, 4, 57, 90, 86, 79, 51, 64, 76, 52, 65, 48, 50, 77, 78, 81, 66, 75, 87, 106, 72, 80, 88, 83, 97, 110, 63, 85, 96, 94, 73, 104, 121, 18, 111, 123, 102, 109, 68, 99, 82, 92, 93, 100, 112, 67, 129, 125, 146, 107, 118, 108, 114, 122, 98, 134, 145, 117, 84, 127, 105, 130, 149, 103, 91, 120, 89, 141, 69, 126, 131, 101, 113, 142, 119, 139, 128, 13, 133, 150, 132, 140, 115, 124, 116, 143, 144, 136, 137, 135, 148, 95, 147, 59, 138]);
% time elapsed: 501.22 s
----------
%%%mzn-stat: initTime=0.040831322
%%%mzn-stat: objective=239
%%%mzn-stat: nodes=640497
%%%mzn-stat: restarts=0
%%%mzn-stat: peakDepth=2555
%%%mzn-stat: solveTime=501.39284593
%%%mzn-stat: variables=3350
%%%mzn-stat: propagators=2898
%%%mzn-stat: failures=395760
%%%mzn-stat: propagations=14104996
%%%mzn-stat: nogoods=395760
%%%mzn-stat: numAtomicConstraintsPropagated=0
%%%mzn-stat: allDifferentNumber1TotalHallSetSize=60786
%%%mzn-stat: allDifferentNumber1NumberOfConflicts=12858
%%%mzn-stat: allDifferentNumber1MaxHallSetSize=117
%%%mzn-stat: allDifferentNumber1PropagationsTotal=1465407
%%%mzn-stat: allDifferentNumber1PropagationsThatFoundConflict=12858
%%%mzn-stat: circuitNumber2PropagationsThatFoundConflict=325755
%%%mzn-stat: circuitNumber2TotalFixedEdgesAtConflict=47387839
%%%mzn-stat: circuitNumber2NumberOfConflicts=325755
%%%mzn-stat: circuitNumber2PropagationsThatPruned=162458
%%%mzn-stat: circuitNumber2PropagationsTotal=1084231
%%%mzn-stat: AverageConflictSize=78.65488932686476
%%%mzn-stat: NumUnitNogoodsLearned=0
%%%mzn-stat: AverageLearnedNogoodLength=91.96867293309076
%%%mzn-stat: AverageBacktrackAmount=0
%%%mzn-stat: AverageLbd=72.38900848999394
%%%mzn-stat: 2AutonomousSearchNumBackupCalled=34661
%%%mzn-stat: 2AutonomousSearchNumPredicatesRemoved=0
%%%mzn-stat: 2AutonomousSearchNumCalls=34676
%%%mzn-stat: 2AutonomousSearchNumPredicatesAdded=19856
%%%mzn-stat: 2AutonomousSearchAverageSizeOfHeap=2.016091821432691
%%%mzn-stat: 2AutonomousSearchNumAssignedPredicatesEncountered=69910
%%%mzn-stat-end
maxleg = 239;
succ = array1d(1..150,[2, 11, 26, 7, 12, 8, 16, 28, 6, 25, 15, 14, 70, 9, 23, 19, 39, 42, 22, 35, 33, 24, 21, 30, 32, 5, 1, 40, 34, 31, 37, 43, 41, 49, 27, 3, 53, 36, 10, 17, 58, 44, 47, 56, 20, 38, 62, 55, 54, 45, 29, 61, 74, 71, 46, 60, 4, 57, 90, 86, 79, 51, 64, 76, 52, 65, 48, 50, 77, 78, 81, 66, 75, 87, 106, 72, 80, 88, 83, 97, 110, 63, 85, 96, 94, 73, 104, 121, 18, 111, 123, 102, 109, 68, 99, 82, 92, 93, 100, 112, 67, 129, 125, 146, 107, 118, 108, 114, 122, 98, 134, 145, 117, 115, 84, 105, 130, 149, 103, 91, 120, 89, 141, 69, 126, 131, 101, 113, 142, 119, 139, 128, 13, 133, 150, 132, 140, 127, 124, 116, 143, 144, 136, 137, 135, 148, 95, 147, 59, 138]);
% time elapsed: 505.25 s
----------
%%%mzn-stat: initTime=0.040831322
%%%mzn-stat: objective=236
%%%mzn-stat: nodes=726303
%%%mzn-stat: restarts=0
%%%mzn-stat: peakDepth=2555
%%%mzn-stat: solveTime=571.926091477
%%%mzn-stat: variables=3350
%%%mzn-stat: propagators=2898
%%%mzn-stat: failures=451063
%%%mzn-stat: propagations=16713048
%%%mzn-stat: nogoods=451063
%%%mzn-stat: numAtomicConstraintsPropagated=0
%%%mzn-stat: allDifferentNumber1TotalHallSetSize=67198
%%%mzn-stat: allDifferentNumber1NumberOfConflicts=15751
%%%mzn-stat: allDifferentNumber1MaxHallSetSize=117
%%%mzn-stat: allDifferentNumber1PropagationsTotal=1710817
%%%mzn-stat: allDifferentNumber1PropagationsThatFoundConflict=15751
%%%mzn-stat: circuitNumber2PropagationsThatFoundConflict=377943
%%%mzn-stat: circuitNumber2TotalFixedEdgesAtConflict=55030286
%%%mzn-stat: circuitNumber2NumberOfConflicts=377943
%%%mzn-stat: circuitNumber2PropagationsThatPruned=206434
%%%mzn-stat: circuitNumber2PropagationsTotal=1274951
%%%mzn-stat: AverageConflictSize=79.3751604543046
%%%mzn-stat: NumUnitNogoodsLearned=0
%%%mzn-stat: AverageLearnedNogoodLength=91.71023781600353
%%%mzn-stat: AverageBacktrackAmount=0
%%%mzn-stat: AverageLbd=71.73673744022453
%%%mzn-stat: 2AutonomousSearchNumBackupCalled=36855
%%%mzn-stat: 2AutonomousSearchNumPredicatesRemoved=0
%%%mzn-stat: 2AutonomousSearchNumCalls=36871
%%%mzn-stat: 2AutonomousSearchNumPredicatesAdded=22348
%%%mzn-stat: 2AutonomousSearchAverageSizeOfHeap=2.055870467304928
%%%mzn-stat: 2AutonomousSearchNumAssignedPredicatesEncountered=75802
%%%mzn-stat-end
maxleg = 236;
succ = array1d(1..150,[2, 11, 26, 7, 12, 8, 16, 28, 6, 25, 15, 14, 70, 9, 23, 19, 39, 42, 22, 35, 33, 24, 21, 30, 32, 5, 1, 40, 34, 31, 37, 43, 41, 49, 27, 3, 53, 36, 10, 17, 58, 44, 47, 56, 20, 38, 62, 55, 54, 45, 29, 61, 74, 71, 46, 60, 4, 57, 90, 86, 79, 51, 64, 76, 52, 65, 48, 50, 77, 78, 81, 66, 75, 87, 106, 72, 80, 88, 83, 97, 110, 63, 85, 96, 94, 73, 104, 121, 18, 120, 13, 102, 109, 68, 99, 82, 92, 93, 100, 112, 67, 129, 125, 146, 107, 118, 108, 114, 122, 98, 59, 145, 117, 115, 84, 105, 130, 149, 103, 91, 133, 89, 143, 69, 126, 131, 101, 113, 142, 119, 139, 128, 134, 141, 150, 132, 140, 127, 124, 116, 123, 144, 136, 137, 135, 148, 95, 147, 111, 138]);
% time elapsed: 575.80 s
----------
%%%mzn-stat: initTime=0.040831322
%%%mzn-stat: objective=235
%%%mzn-stat: nodes=728834
%%%mzn-stat: restarts=0
%%%mzn-stat: peakDepth=2555
%%%mzn-stat: solveTime=571.973104977
%%%mzn-stat: variables=3350
%%%mzn-stat: propagators=2898
%%%mzn-stat: failures=451083
%%%mzn-stat: propagations=16720793
%%%mzn-stat: nogoods=451083
%%%mzn-stat: numAtomicConstraintsPropagated=0
%%%mzn-stat: allDifferentNumber1TotalHallSetSize=67272
%%%mzn-stat: allDifferentNumber1NumberOfConflicts=15769
%%%mzn-stat: allDifferentNumber1MaxHallSetSize=117
%%%mzn-stat: allDifferentNumber1PropagationsTotal=1711331
%%%mzn-stat: allDifferentNumber1PropagationsThatFoundConflict=15769
%%%mzn-stat: circuitNumber2PropagationsThatFoundConflict=377945
%%%mzn-stat: circuitNumber2TotalFixedEdgesAtConflict=55030580
%%%mzn-stat: circuitNumber2NumberOfConflicts=377945
%%%mzn-stat: circuitNumber2PropagationsThatPruned=206457
%%%mzn-stat: circuitNumber2PropagationsTotal=1275324
%%%mzn-stat: AverageConflictSize=79.37257223171788
%%%mzn-stat: NumUnitNogoodsLearned=0
%%%mzn-stat: AverageLearnedNogoodLength=91.70712706974105
%%%mzn-stat: AverageBacktrackAmount=0
%%%mzn-stat: AverageLbd=71.73429058510297
%%%mzn-stat: 2AutonomousSearchNumBackupCalled=39034
%%%mzn-stat: 2AutonomousSearchNumPredicatesRemoved=0
%%%mzn-stat: 2AutonomousSearchNumCalls=39051
%%%mzn-stat: 2AutonomousSearchNumPredicatesAdded=22917
%%%mzn-stat: 2AutonomousSearchAverageSizeOfHeap=2.0944406033136156
%%%mzn-stat: 2AutonomousSearchNumAssignedPredicatesEncountered=81790
%%%mzn-stat-end
maxleg = 235;
succ = array1d(1..150,[2, 11, 26, 7, 12, 8, 16, 28, 6, 25, 15, 14, 70, 9, 23, 19, 39, 42, 22, 35, 33, 24, 21, 30, 32, 5, 1, 40, 34, 31, 37, 43, 41, 49, 27, 3, 53, 36, 10, 17, 58, 44, 47, 56, 20, 38, 62, 55, 54, 45, 29, 61, 74, 71, 46, 60, 4, 57, 90, 86, 79, 51, 64, 76, 52, 65, 48, 50, 77, 78, 81, 66, 75, 87, 106, 72, 80, 88, 83, 97, 110, 63, 85, 96, 94, 73, 104, 121, 18, 120, 13, 102, 109, 68, 99, 82, 114, 93, 100, 112, 67, 129, 125, 146, 101, 118, 108, 138, 122, 98, 59, 92, 117, 107, 84, 105, 130, 149, 103, 91, 133, 89, 143, 69, 126, 131, 150, 113, 142, 119, 139, 128, 134, 141, 115, 132, 140, 127, 124, 116, 123, 144, 136, 137, 135, 148, 95, 147, 111, 145]);
% time elapsed: 575.85 s
----------
%%%mzn-stat: initTime=0.040831322
%%%mzn-stat: objective=235
%%%mzn-stat: nodes=1543661
%%%mzn-stat: restarts=0
%%%mzn-stat: peakDepth=2555
%%%mzn-stat: solveTime=1796.696110561
%%%mzn-stat: variables=3350
%%%mzn-stat: propagators=2898
%%%mzn-stat: failures=1259106
%%%mzn-stat: propagations=50236477
%%%mzn-stat: nogoods=1259106
%%%mzn-stat: numAtomicConstraintsPropagated=0
%%%mzn-stat: allDifferentNumber1TotalHallSetSize=94535
%%%mzn-stat: allDifferentNumber1NumberOfConflicts=28602
%%%mzn-stat: allDifferentNumber1MaxHallSetSize=117
%%%mzn-stat: allDifferentNumber1PropagationsTotal=4094462
%%%mzn-stat: allDifferentNumber1PropagationsThatFoundConflict=28602
%%%mzn-stat: circuitNumber2PropagationsThatFoundConflict=1170177
%%%mzn-stat: circuitNumber2TotalFixedEdgesAtConflict=171420836
%%%mzn-stat: circuitNumber2NumberOfConflicts=1170177
%%%mzn-stat: circuitNumber2PropagationsThatPruned=747810
%%%mzn-stat: circuitNumber2PropagationsTotal=3392668
%%%mzn-stat: AverageConflictSize=99.58023232356926
%%%mzn-stat: NumUnitNogoodsLearned=0
%%%mzn-stat: AverageLearnedNogoodLength=106.00718049155512
%%%mzn-stat: AverageBacktrackAmount=0
%%%mzn-stat: AverageLbd=79.53602635520758
%%%mzn-stat: 2AutonomousSearchNumBackupCalled=39034
%%%mzn-stat: 2AutonomousSearchNumPredicatesRemoved=0
%%%mzn-stat: 2AutonomousSearchNumCalls=39051
%%%mzn-stat: 2AutonomousSearchNumPredicatesAdded=25921
%%%mzn-stat: 2AutonomousSearchAverageSizeOfHeap=2.0944406033136156
%%%mzn-stat: 2AutonomousSearchNumAssignedPredicatesEncountered=81790
%%%mzn-stat-end
