%%%mzn-stat: initTime=0.004453538
%%%mzn-stat: objective=416
%%%mzn-stat: nodes=530
%%%mzn-stat: restarts=0
%%%mzn-stat: peakDepth=115
%%%mzn-stat: solveTime=0.066560241
%%%mzn-stat: variables=516
%%%mzn-stat: propagators=362
%%%mzn-stat: failures=415
%%%mzn-stat: propagations=114009
%%%mzn-stat: nogoods=415
%%%mzn-stat: AverageConflictSize=2
%%%mzn-stat: NumUnitNogoodsLearned=415
%%%mzn-stat: AverageLearnedNogoodLength=1
%%%mzn-stat: AverageBacktrackAmount=0
%%%mzn-stat: AverageLbd=1
%%%mzn-stat-end
maxleg = 416;
succ = array1d(1..20,[19, 12, 6, 9, 18, 13, 17, 14, 2, 5, 16, 1, 8, 20, 10, 4, 15, 11, 3, 7]);
% time elapsed: 7.01 s
----------
==========
% time elapsed: 7.01 s
%%%mzn-stat: initTime=0.004453538
%%%mzn-stat: objective=416
%%%mzn-stat: nodes=530
%%%mzn-stat: restarts=0
%%%mzn-stat: peakDepth=115
%%%mzn-stat: solveTime=0.066563525
%%%mzn-stat: variables=516
%%%mzn-stat: propagators=362
%%%mzn-stat: failures=415
%%%mzn-stat: propagations=114009
%%%mzn-stat: nogoods=415
%%%mzn-stat: AverageConflictSize=2
%%%mzn-stat: NumUnitNogoodsLearned=415
%%%mzn-stat: AverageLearnedNogoodLength=1
%%%mzn-stat: AverageBacktrackAmount=0
%%%mzn-stat: AverageLbd=1
%%%mzn-stat-end
