%%%mzn-stat: initTime=0.003342135
%%%mzn-stat: objective=377
%%%mzn-stat: nodes=1743
%%%mzn-stat: restarts=0
%%%mzn-stat: peakDepth=91
%%%mzn-stat: solveTime=0.100128255
%%%mzn-stat: variables=290
%%%mzn-stat: propagators=381
%%%mzn-stat: failures=1271
%%%mzn-stat: propagations=160298
%%%mzn-stat: nogoods=1271
%%%mzn-stat: AverageConflictSize=5.295830055074744
%%%mzn-stat: NumUnitNogoodsLearned=376
%%%mzn-stat: AverageLearnedNogoodLength=15.11880409126672
%%%mzn-stat: AverageBacktrackAmount=0
%%%mzn-stat: AverageLbd=4.870967741935484
%%%mzn-stat-end
maxleg = 377;
succ = array1d(1..20,[16, 20, 17, 3, 14, 7, 19, 6, 13, 15, 4, 10, 18, 9, 2, 8, 12, 11, 5, 1]);
% time elapsed: 0.39 s
----------
==========
% time elapsed: 0.39 s
%%%mzn-stat: initTime=0.003342135
%%%mzn-stat: objective=377
%%%mzn-stat: nodes=1743
%%%mzn-stat: restarts=0
%%%mzn-stat: peakDepth=91
%%%mzn-stat: solveTime=0.10013129
%%%mzn-stat: variables=290
%%%mzn-stat: propagators=381
%%%mzn-stat: failures=1271
%%%mzn-stat: propagations=160298
%%%mzn-stat: nogoods=1271
%%%mzn-stat: AverageConflictSize=5.295830055074744
%%%mzn-stat: NumUnitNogoodsLearned=376
%%%mzn-stat: AverageLearnedNogoodLength=15.11880409126672
%%%mzn-stat: AverageBacktrackAmount=0
%%%mzn-stat: AverageLbd=4.870967741935484
%%%mzn-stat-end
