% Logging successfully configured
%%%mzn-stat: initTime=0.03985631
%%%mzn-stat: objective=462
%%%mzn-stat: nodes=101036
%%%mzn-stat: restarts=0
%%%mzn-stat: peakDepth=2284
%%%mzn-stat: solveTime=151.985390547
%%%mzn-stat: variables=3240
%%%mzn-stat: propagators=2745
%%%mzn-stat: failures=82007
%%%mzn-stat: propagations=2832883
%%%mzn-stat: nogoods=82007
%%%mzn-stat: numAtomicConstraintsPropagated=0
%%%mzn-stat: allDifferentNumber1PropagationsTotal=393912
%%%mzn-stat: allDifferentNumber1PropagationsThatFoundConflict=2782
%%%mzn-stat: allDifferentNumber1PropagationsThatPruned=252659
%%%mzn-stat: allDifferentNumber1TotalValuesPruned=964957
%%%mzn-stat: allDifferentNumber1TotalHallSetSizeConflict=20215
%%%mzn-stat: allDifferentNumber1NumberOfConflicts=2782
%%%mzn-stat: allDifferentNumber1MaxHallSetSizeConflict=17
%%%mzn-stat: allDifferentNumber1TotalPruningHallSetSize=2868506
%%%mzn-stat: allDifferentNumber1NumberOfPruningExplanations=964957
%%%mzn-stat: allDifferentNumber1MaxPruningHallSetSize=26
%%%mzn-stat: allDifferentNumber1TotalFixedEdgesAtConflict=237296
%%%mzn-stat: allDifferentNumber1TotalVarsInvolvedInPruning=718288
%%%mzn-stat: allDifferentNumber1MaxValuesPrunedFromSingleVar=6
%%%mzn-stat: allDifferentNumber1TotalSccSizeAtPruning=1764071
%%%mzn-stat: allDifferentNumber1NumberOfSccPruningCalls=252659
%%%mzn-stat: circuitNumber2PropagationsThatFoundConflict=76161
%%%mzn-stat: circuitNumber2TotalFixedEdgesAtConflict=6967044
%%%mzn-stat: circuitNumber2NumberOfConflicts=76161
%%%mzn-stat: circuitNumber2PropagationsThatPruned=71034
%%%mzn-stat: circuitNumber2PropagationsTotal=257542
%%%mzn-stat: AverageConflictSize=67.57553623471168
%%%mzn-stat: NumUnitNogoodsLearned=0
%%%mzn-stat: AverageLearnedNogoodLength=93.16886363359225
%%%mzn-stat: AverageBacktrackAmount=0
%%%mzn-stat: AverageLbd=73.1583889180192
%%%mzn-stat: 2AutonomousSearchNumBackupCalled=2195
%%%mzn-stat: 2AutonomousSearchNumPredicatesRemoved=0
%%%mzn-stat: 2AutonomousSearchNumCalls=2196
%%%mzn-stat: 2AutonomousSearchNumPredicatesAdded=1340
%%%mzn-stat: 2AutonomousSearchAverageSizeOfHeap=0.6102003642987249
%%%mzn-stat: 2AutonomousSearchNumAssignedPredicatesEncountered=1340
%%%mzn-stat-end
maxleg = 462;
succ = array1d(1..100,[2, 7, 11, 5, 10, 1, 8, 14, 6, 12, 21, 28, 9, 17, 3, 22, 16, 19, 20, 23, 25, 29, 24, 15, 13, 31, 4, 30, 26, 38, 32, 35, 18, 33, 39, 37, 46, 43, 27, 44, 47, 45, 48, 36, 65, 49, 50, 52, 41, 34, 58, 51, 55, 40, 59, 54, 56, 60, 62, 53, 57, 69, 42, 71, 66, 67, 61, 73, 70, 75, 74, 63, 94, 87, 83, 78, 72, 80, 85, 88, 84, 68, 89, 96, 97, 82, 93, 64, 90, 98, 86, 79, 95, 81, 99, 77, 76, 92, 100, 91]);
% time elapsed: 173.06 s
----------
%%%mzn-stat: initTime=0.03985631
%%%mzn-stat: objective=446
%%%mzn-stat: nodes=548798
%%%mzn-stat: restarts=0
%%%mzn-stat: peakDepth=2284
%%%mzn-stat: solveTime=583.538752613
%%%mzn-stat: variables=3240
%%%mzn-stat: propagators=2745
%%%mzn-stat: failures=404251
%%%mzn-stat: propagations=14784757
%%%mzn-stat: nogoods=404251
%%%mzn-stat: numAtomicConstraintsPropagated=0
%%%mzn-stat: allDifferentNumber1PropagationsTotal=2100146
%%%mzn-stat: allDifferentNumber1PropagationsThatFoundConflict=5561
%%%mzn-stat: allDifferentNumber1PropagationsThatPruned=1309076
%%%mzn-stat: allDifferentNumber1TotalValuesPruned=3768810
%%%mzn-stat: allDifferentNumber1TotalHallSetSizeConflict=33938
%%%mzn-stat: allDifferentNumber1NumberOfConflicts=5561
%%%mzn-stat: allDifferentNumber1MaxHallSetSizeConflict=17
%%%mzn-stat: allDifferentNumber1TotalPruningHallSetSize=8877465
%%%mzn-stat: allDifferentNumber1NumberOfPruningExplanations=3768810
%%%mzn-stat: allDifferentNumber1MaxPruningHallSetSize=26
%%%mzn-stat: allDifferentNumber1TotalFixedEdgesAtConflict=485722
%%%mzn-stat: allDifferentNumber1TotalVarsInvolvedInPruning=3053903
%%%mzn-stat: allDifferentNumber1MaxValuesPrunedFromSingleVar=6
%%%mzn-stat: allDifferentNumber1TotalSccSizeAtPruning=5382790
%%%mzn-stat: allDifferentNumber1NumberOfSccPruningCalls=1309076
%%%mzn-stat: circuitNumber2PropagationsThatFoundConflict=392196
%%%mzn-stat: circuitNumber2TotalFixedEdgesAtConflict=36499174
%%%mzn-stat: circuitNumber2NumberOfConflicts=392196
%%%mzn-stat: circuitNumber2PropagationsThatPruned=423470
%%%mzn-stat: circuitNumber2PropagationsTotal=1411326
%%%mzn-stat: AverageConflictSize=40.58231148469639
%%%mzn-stat: NumUnitNogoodsLearned=0
%%%mzn-stat: AverageLearnedNogoodLength=67.41330510004923
%%%mzn-stat: AverageBacktrackAmount=0
%%%mzn-stat: AverageLbd=44.5752614093719
%%%mzn-stat: 2AutonomousSearchNumBackupCalled=4358
%%%mzn-stat: 2AutonomousSearchNumPredicatesRemoved=0
%%%mzn-stat: 2AutonomousSearchNumCalls=4360
%%%mzn-stat: 2AutonomousSearchNumPredicatesAdded=2880
%%%mzn-stat: 2AutonomousSearchAverageSizeOfHeap=0.6944954128440367
%%%mzn-stat: 2AutonomousSearchNumAssignedPredicatesEncountered=3028
%%%mzn-stat-end
maxleg = 446;
succ = array1d(1..100,[2, 7, 11, 5, 10, 1, 8, 14, 6, 12, 21, 28, 9, 17, 3, 22, 16, 19, 20, 23, 25, 29, 24, 15, 13, 31, 4, 30, 26, 38, 32, 35, 18, 33, 39, 44, 46, 43, 27, 54, 47, 45, 48, 40, 65, 36, 50, 52, 37, 34, 41, 58, 55, 56, 59, 57, 61, 60, 62, 53, 63, 69, 42, 71, 66, 67, 72, 51, 70, 73, 74, 75, 94, 87, 83, 49, 79, 76, 78, 88, 84, 68, 90, 77, 97, 82, 93, 64, 96, 98, 86, 89, 95, 81, 99, 85, 80, 92, 100, 91]);
% time elapsed: 604.62 s
----------
%%%mzn-stat: initTime=0.03985631
%%%mzn-stat: objective=438
%%%mzn-stat: nodes=551074
%%%mzn-stat: restarts=0
%%%mzn-stat: peakDepth=2284
%%%mzn-stat: solveTime=583.570400475
%%%mzn-stat: variables=3240
%%%mzn-stat: propagators=2745
%%%mzn-stat: failures=404253
%%%mzn-stat: propagations=14789331
%%%mzn-stat: nogoods=404253
%%%mzn-stat: numAtomicConstraintsPropagated=0
%%%mzn-stat: allDifferentNumber1PropagationsTotal=2100342
%%%mzn-stat: allDifferentNumber1PropagationsThatFoundConflict=5561
%%%mzn-stat: allDifferentNumber1PropagationsThatPruned=1309178
%%%mzn-stat: allDifferentNumber1TotalValuesPruned=3769993
%%%mzn-stat: allDifferentNumber1TotalHallSetSizeConflict=33938
%%%mzn-stat: allDifferentNumber1NumberOfConflicts=5561
%%%mzn-stat: allDifferentNumber1MaxHallSetSizeConflict=17
%%%mzn-stat: allDifferentNumber1TotalPruningHallSetSize=8879156
%%%mzn-stat: allDifferentNumber1NumberOfPruningExplanations=3769993
%%%mzn-stat: allDifferentNumber1MaxPruningHallSetSize=26
%%%mzn-stat: allDifferentNumber1TotalFixedEdgesAtConflict=485722
%%%mzn-stat: allDifferentNumber1TotalVarsInvolvedInPruning=3055051
%%%mzn-stat: allDifferentNumber1MaxValuesPrunedFromSingleVar=6
%%%mzn-stat: allDifferentNumber1TotalSccSizeAtPruning=5382980
%%%mzn-stat: allDifferentNumber1NumberOfSccPruningCalls=1309178
%%%mzn-stat: circuitNumber2PropagationsThatFoundConflict=392198
%%%mzn-stat: circuitNumber2TotalFixedEdgesAtConflict=36499357
%%%mzn-stat: circuitNumber2NumberOfConflicts=392198
%%%mzn-stat: circuitNumber2PropagationsThatPruned=423478
%%%mzn-stat: circuitNumber2PropagationsTotal=1411428
%%%mzn-stat: AverageConflictSize=40.58213297118389
%%%mzn-stat: NumUnitNogoodsLearned=0
%%%mzn-stat: AverageLearnedNogoodLength=67.41300126405989
%%%mzn-stat: AverageBacktrackAmount=0
%%%mzn-stat: AverageLbd=44.5750606674533
%%%mzn-stat: 2AutonomousSearchNumBackupCalled=6542
%%%mzn-stat: 2AutonomousSearchNumPredicatesRemoved=0
%%%mzn-stat: 2AutonomousSearchNumCalls=6545
%%%mzn-stat: 2AutonomousSearchNumPredicatesAdded=2936
%%%mzn-stat: 2AutonomousSearchAverageSizeOfHeap=0.7205500381970971
%%%mzn-stat: 2AutonomousSearchNumAssignedPredicatesEncountered=4716
%%%mzn-stat-end
maxleg = 438;
succ = array1d(1..100,[2, 7, 11, 5, 10, 1, 8, 14, 6, 12, 21, 28, 9, 17, 3, 22, 16, 19, 20, 23, 25, 29, 24, 15, 13, 31, 4, 30, 26, 38, 32, 35, 18, 33, 39, 44, 46, 43, 27, 54, 47, 45, 48, 40, 65, 36, 50, 52, 41, 34, 58, 51, 55, 49, 59, 57, 37, 60, 62, 53, 63, 69, 42, 56, 66, 67, 72, 73, 70, 75, 64, 77, 82, 71, 94, 61, 79, 76, 85, 88, 84, 86, 90, 83, 97, 91, 74, 95, 96, 98, 99, 89, 87, 81, 100, 78, 80, 92, 93, 68]);
% time elapsed: 604.66 s
----------
%%%mzn-stat: initTime=0.03985631
%%%mzn-stat: objective=432
%%%mzn-stat: nodes=553314
%%%mzn-stat: restarts=0
%%%mzn-stat: peakDepth=2284
%%%mzn-stat: solveTime=583.593150051
%%%mzn-stat: variables=3240
%%%mzn-stat: propagators=2745
%%%mzn-stat: failures=404253
%%%mzn-stat: propagations=14793776
%%%mzn-stat: nogoods=404253
%%%mzn-stat: numAtomicConstraintsPropagated=0
%%%mzn-stat: allDifferentNumber1PropagationsTotal=2100519
%%%mzn-stat: allDifferentNumber1PropagationsThatFoundConflict=5561
%%%mzn-stat: allDifferentNumber1PropagationsThatPruned=1309269
%%%mzn-stat: allDifferentNumber1TotalValuesPruned=3771133
%%%mzn-stat: allDifferentNumber1TotalHallSetSizeConflict=33938
%%%mzn-stat: allDifferentNumber1NumberOfConflicts=5561
%%%mzn-stat: allDifferentNumber1MaxHallSetSizeConflict=17
%%%mzn-stat: allDifferentNumber1TotalPruningHallSetSize=8880597
%%%mzn-stat: allDifferentNumber1NumberOfPruningExplanations=3771133
%%%mzn-stat: allDifferentNumber1MaxPruningHallSetSize=26
%%%mzn-stat: allDifferentNumber1TotalFixedEdgesAtConflict=485722
%%%mzn-stat: allDifferentNumber1TotalVarsInvolvedInPruning=3056175
%%%mzn-stat: allDifferentNumber1MaxValuesPrunedFromSingleVar=6
%%%mzn-stat: allDifferentNumber1TotalSccSizeAtPruning=5383187
%%%mzn-stat: allDifferentNumber1NumberOfSccPruningCalls=1309269
%%%mzn-stat: circuitNumber2PropagationsThatFoundConflict=392198
%%%mzn-stat: circuitNumber2TotalFixedEdgesAtConflict=36499357
%%%mzn-stat: circuitNumber2NumberOfConflicts=392198
%%%mzn-stat: circuitNumber2PropagationsThatPruned=423481
%%%mzn-stat: circuitNumber2PropagationsTotal=1411518
%%%mzn-stat: AverageConflictSize=40.58213297118389
%%%mzn-stat: NumUnitNogoodsLearned=0
%%%mzn-stat: AverageLearnedNogoodLength=67.41300126405989
%%%mzn-stat: AverageBacktrackAmount=0
%%%mzn-stat: AverageLbd=44.5750606674533
%%%mzn-stat: 2AutonomousSearchNumBackupCalled=8697
%%%mzn-stat: 2AutonomousSearchNumPredicatesRemoved=0
%%%mzn-stat: 2AutonomousSearchNumCalls=8701
%%%mzn-stat: 2AutonomousSearchNumPredicatesAdded=2936
%%%mzn-stat: 2AutonomousSearchAverageSizeOfHeap=0.7360073554763821
%%%mzn-stat: 2AutonomousSearchNumAssignedPredicatesEncountered=6404
%%%mzn-stat-end
maxleg = 432;
succ = array1d(1..100,[2, 7, 11, 5, 10, 1, 8, 14, 6, 12, 21, 28, 9, 17, 3, 22, 16, 19, 20, 23, 25, 29, 24, 15, 13, 31, 4, 39, 26, 27, 32, 35, 18, 33, 42, 44, 46, 30, 43, 54, 47, 45, 48, 40, 65, 36, 50, 34, 41, 51, 52, 58, 38, 49, 53, 57, 37, 60, 55, 62, 63, 59, 66, 56, 67, 72, 61, 73, 70, 75, 64, 69, 82, 71, 94, 78, 79, 80, 83, 88, 84, 86, 90, 77, 97, 91, 74, 95, 96, 98, 99, 89, 87, 81, 100, 85, 76, 92, 93, 68]);
% time elapsed: 604.68 s
----------
%%%mzn-stat: initTime=0.03985631
%%%mzn-stat: objective=412
%%%mzn-stat: nodes=555568
%%%mzn-stat: restarts=0
%%%mzn-stat: peakDepth=2284
%%%mzn-stat: solveTime=583.614900226
%%%mzn-stat: variables=3240
%%%mzn-stat: propagators=2745
%%%mzn-stat: failures=404253
%%%mzn-stat: propagations=14798247
%%%mzn-stat: nogoods=404253
%%%mzn-stat: numAtomicConstraintsPropagated=0
%%%mzn-stat: allDifferentNumber1PropagationsTotal=2100696
%%%mzn-stat: allDifferentNumber1PropagationsThatFoundConflict=5561
%%%mzn-stat: allDifferentNumber1PropagationsThatPruned=1309360
%%%mzn-stat: allDifferentNumber1TotalValuesPruned=3772266
%%%mzn-stat: allDifferentNumber1TotalHallSetSizeConflict=33938
%%%mzn-stat: allDifferentNumber1NumberOfConflicts=5561
%%%mzn-stat: allDifferentNumber1MaxHallSetSizeConflict=17
%%%mzn-stat: allDifferentNumber1TotalPruningHallSetSize=8882012
%%%mzn-stat: allDifferentNumber1NumberOfPruningExplanations=3772266
%%%mzn-stat: allDifferentNumber1MaxPruningHallSetSize=26
%%%mzn-stat: allDifferentNumber1TotalFixedEdgesAtConflict=485722
%%%mzn-stat: allDifferentNumber1TotalVarsInvolvedInPruning=3057292
%%%mzn-stat: allDifferentNumber1MaxValuesPrunedFromSingleVar=6
%%%mzn-stat: allDifferentNumber1TotalSccSizeAtPruning=5383394
%%%mzn-stat: allDifferentNumber1NumberOfSccPruningCalls=1309360
%%%mzn-stat: circuitNumber2PropagationsThatFoundConflict=392198
%%%mzn-stat: circuitNumber2TotalFixedEdgesAtConflict=36499357
%%%mzn-stat: circuitNumber2NumberOfConflicts=392198
%%%mzn-stat: circuitNumber2PropagationsThatPruned=423484
%%%mzn-stat: circuitNumber2PropagationsTotal=1411608
%%%mzn-stat: AverageConflictSize=40.58213297118389
%%%mzn-stat: NumUnitNogoodsLearned=0
%%%mzn-stat: AverageLearnedNogoodLength=67.41300126405989
%%%mzn-stat: AverageBacktrackAmount=0
%%%mzn-stat: AverageLbd=44.5750606674533
%%%mzn-stat: 2AutonomousSearchNumBackupCalled=10866
%%%mzn-stat: 2AutonomousSearchNumPredicatesRemoved=0
%%%mzn-stat: 2AutonomousSearchNumCalls=10871
%%%mzn-stat: 2AutonomousSearchNumPredicatesAdded=2936
%%%mzn-stat: 2AutonomousSearchAverageSizeOfHeap=0.7443657437218287
%%%mzn-stat: 2AutonomousSearchNumAssignedPredicatesEncountered=8092
%%%mzn-stat-end
maxleg = 412;
succ = array1d(1..100,[2, 7, 11, 5, 10, 1, 8, 14, 6, 12, 21, 28, 9, 17, 3, 22, 16, 19, 20, 23, 25, 29, 24, 15, 13, 31, 4, 39, 26, 27, 32, 35, 18, 33, 42, 44, 46, 30, 43, 54, 47, 45, 48, 40, 65, 36, 50, 34, 41, 51, 52, 58, 38, 49, 53, 57, 37, 60, 55, 62, 63, 59, 66, 56, 67, 72, 61, 73, 70, 75, 64, 69, 82, 71, 94, 78, 79, 80, 83, 88, 84, 86, 90, 77, 97, 91, 93, 87, 96, 98, 99, 89, 95, 81, 100, 85, 76, 92, 74, 68]);
% time elapsed: 604.72 s
----------
%%%mzn-stat: initTime=0.03985631
%%%mzn-stat: objective=411
%%%mzn-stat: nodes=557829
%%%mzn-stat: restarts=0
%%%mzn-stat: peakDepth=2284
%%%mzn-stat: solveTime=583.637992756
%%%mzn-stat: variables=3240
%%%mzn-stat: propagators=2745
%%%mzn-stat: failures=404258
%%%mzn-stat: propagations=14802781
%%%mzn-stat: nogoods=404258
%%%mzn-stat: numAtomicConstraintsPropagated=0
%%%mzn-stat: allDifferentNumber1PropagationsTotal=2100902
%%%mzn-stat: allDifferentNumber1PropagationsThatFoundConflict=5561
%%%mzn-stat: allDifferentNumber1PropagationsThatPruned=1309467
%%%mzn-stat: allDifferentNumber1TotalValuesPruned=3773429
%%%mzn-stat: allDifferentNumber1TotalHallSetSizeConflict=33938
%%%mzn-stat: allDifferentNumber1NumberOfConflicts=5561
%%%mzn-stat: allDifferentNumber1MaxHallSetSizeConflict=17
%%%mzn-stat: allDifferentNumber1TotalPruningHallSetSize=8883471
%%%mzn-stat: allDifferentNumber1NumberOfPruningExplanations=3773429
%%%mzn-stat: allDifferentNumber1MaxPruningHallSetSize=26
%%%mzn-stat: allDifferentNumber1TotalFixedEdgesAtConflict=485722
%%%mzn-stat: allDifferentNumber1TotalVarsInvolvedInPruning=3058431
%%%mzn-stat: allDifferentNumber1MaxValuesPrunedFromSingleVar=6
%%%mzn-stat: allDifferentNumber1TotalSccSizeAtPruning=5383629
%%%mzn-stat: allDifferentNumber1NumberOfSccPruningCalls=1309467
%%%mzn-stat: circuitNumber2PropagationsThatFoundConflict=392202
%%%mzn-stat: circuitNumber2TotalFixedEdgesAtConflict=36499735
%%%mzn-stat: circuitNumber2NumberOfConflicts=392202
%%%mzn-stat: circuitNumber2PropagationsThatPruned=423487
%%%mzn-stat: circuitNumber2PropagationsTotal=1411713
%%%mzn-stat: AverageConflictSize=40.58172008964572
%%%mzn-stat: NumUnitNogoodsLearned=0
%%%mzn-stat: AverageLearnedNogoodLength=67.41227384492082
%%%mzn-stat: AverageBacktrackAmount=0
%%%mzn-stat: AverageLbd=44.57458850536044
%%%mzn-stat: 2AutonomousSearchNumBackupCalled=13030
%%%mzn-stat: 2AutonomousSearchNumPredicatesRemoved=0
%%%mzn-stat: 2AutonomousSearchNumCalls=13036
%%%mzn-stat: 2AutonomousSearchNumPredicatesAdded=3143
%%%mzn-stat: 2AutonomousSearchAverageSizeOfHeap=0.7503068425897514
%%%mzn-stat: 2AutonomousSearchNumAssignedPredicatesEncountered=9781
%%%mzn-stat-end
maxleg = 411;
succ = array1d(1..100,[2, 7, 11, 5, 10, 1, 8, 14, 6, 12, 21, 28, 9, 17, 3, 22, 16, 19, 20, 23, 25, 29, 24, 15, 13, 31, 4, 39, 26, 27, 32, 35, 18, 33, 42, 44, 46, 30, 43, 54, 47, 45, 48, 40, 65, 36, 50, 34, 41, 51, 52, 58, 38, 49, 53, 57, 61, 60, 55, 62, 37, 59, 66, 56, 63, 67, 69, 73, 70, 75, 64, 77, 82, 71, 94, 78, 79, 80, 83, 88, 84, 86, 90, 72, 97, 91, 93, 87, 96, 98, 99, 89, 95, 81, 100, 85, 76, 92, 74, 68]);
% time elapsed: 604.74 s
----------
%%%mzn-stat: initTime=0.03985631
%%%mzn-stat: objective=402
%%%mzn-stat: nodes=560072
%%%mzn-stat: restarts=0
%%%mzn-stat: peakDepth=2284
%%%mzn-stat: solveTime=583.660043782
%%%mzn-stat: variables=3240
%%%mzn-stat: propagators=2745
%%%mzn-stat: failures=404258
%%%mzn-stat: propagations=14807283
%%%mzn-stat: nogoods=404258
%%%mzn-stat: numAtomicConstraintsPropagated=0
%%%mzn-stat: allDifferentNumber1PropagationsTotal=2101080
%%%mzn-stat: allDifferentNumber1PropagationsThatFoundConflict=5561
%%%mzn-stat: allDifferentNumber1PropagationsThatPruned=1309558
%%%mzn-stat: allDifferentNumber1TotalValuesPruned=3774565
%%%mzn-stat: allDifferentNumber1TotalHallSetSizeConflict=33938
%%%mzn-stat: allDifferentNumber1NumberOfConflicts=5561
%%%mzn-stat: allDifferentNumber1MaxHallSetSizeConflict=17
%%%mzn-stat: allDifferentNumber1TotalPruningHallSetSize=8885077
%%%mzn-stat: allDifferentNumber1NumberOfPruningExplanations=3774565
%%%mzn-stat: allDifferentNumber1MaxPruningHallSetSize=26
%%%mzn-stat: allDifferentNumber1TotalFixedEdgesAtConflict=485722
%%%mzn-stat: allDifferentNumber1TotalVarsInvolvedInPruning=3059540
%%%mzn-stat: allDifferentNumber1MaxValuesPrunedFromSingleVar=6
%%%mzn-stat: allDifferentNumber1TotalSccSizeAtPruning=5383792
%%%mzn-stat: allDifferentNumber1NumberOfSccPruningCalls=1309558
%%%mzn-stat: circuitNumber2PropagationsThatFoundConflict=392202
%%%mzn-stat: circuitNumber2TotalFixedEdgesAtConflict=36499735
%%%mzn-stat: circuitNumber2NumberOfConflicts=392202
%%%mzn-stat: circuitNumber2PropagationsThatPruned=423490
%%%mzn-stat: circuitNumber2PropagationsTotal=1411803
%%%mzn-stat: AverageConflictSize=40.58172008964572
%%%mzn-stat: NumUnitNogoodsLearned=0
%%%mzn-stat: AverageLearnedNogoodLength=67.41227384492082
%%%mzn-stat: AverageBacktrackAmount=0
%%%mzn-stat: AverageLbd=44.57458850536044
%%%mzn-stat: 2AutonomousSearchNumBackupCalled=15187
%%%mzn-stat: 2AutonomousSearchNumPredicatesRemoved=0
%%%mzn-stat: 2AutonomousSearchNumCalls=15194
%%%mzn-stat: 2AutonomousSearchNumPredicatesAdded=3143
%%%mzn-stat: 2AutonomousSearchAverageSizeOfHeap=0.7549032512834013
%%%mzn-stat: 2AutonomousSearchNumAssignedPredicatesEncountered=11470
%%%mzn-stat-end
maxleg = 402;
succ = array1d(1..100,[2, 7, 11, 5, 10, 1, 8, 14, 6, 12, 21, 28, 9, 17, 3, 22, 16, 19, 20, 23, 25, 29, 24, 15, 13, 31, 4, 39, 26, 27, 32, 35, 18, 33, 42, 44, 46, 30, 43, 54, 47, 45, 48, 40, 65, 36, 50, 34, 41, 51, 52, 58, 38, 49, 53, 57, 61, 60, 55, 62, 63, 59, 66, 56, 67, 72, 69, 73, 70, 75, 64, 77, 82, 71, 94, 37, 79, 76, 78, 88, 84, 86, 90, 83, 97, 91, 93, 87, 96, 98, 99, 89, 95, 81, 100, 85, 80, 92, 74, 68]);
% time elapsed: 604.77 s
----------
%%%mzn-stat: initTime=0.03985631
%%%mzn-stat: objective=390
%%%mzn-stat: nodes=899400
%%%mzn-stat: restarts=0
%%%mzn-stat: peakDepth=2284
%%%mzn-stat: solveTime=939.671528317
%%%mzn-stat: variables=3240
%%%mzn-stat: propagators=2745
%%%mzn-stat: failures=582001
%%%mzn-stat: propagations=21453123
%%%mzn-stat: nogoods=582001
%%%mzn-stat: numAtomicConstraintsPropagated=0
%%%mzn-stat: allDifferentNumber1PropagationsTotal=3067252
%%%mzn-stat: allDifferentNumber1PropagationsThatFoundConflict=5773
%%%mzn-stat: allDifferentNumber1PropagationsThatPruned=1833360
%%%mzn-stat: allDifferentNumber1TotalValuesPruned=4937284
%%%mzn-stat: allDifferentNumber1TotalHallSetSizeConflict=34813
%%%mzn-stat: allDifferentNumber1NumberOfConflicts=5773
%%%mzn-stat: allDifferentNumber1MaxHallSetSizeConflict=17
%%%mzn-stat: allDifferentNumber1TotalPruningHallSetSize=10639548
%%%mzn-stat: allDifferentNumber1NumberOfPruningExplanations=4937284
%%%mzn-stat: allDifferentNumber1MaxPruningHallSetSize=26
%%%mzn-stat: allDifferentNumber1TotalFixedEdgesAtConflict=504568
%%%mzn-stat: allDifferentNumber1TotalVarsInvolvedInPruning=4098475
%%%mzn-stat: allDifferentNumber1MaxValuesPrunedFromSingleVar=6
%%%mzn-stat: allDifferentNumber1TotalSccSizeAtPruning=6407138
%%%mzn-stat: allDifferentNumber1NumberOfSccPruningCalls=1833360
%%%mzn-stat: circuitNumber2PropagationsThatFoundConflict=569622
%%%mzn-stat: circuitNumber2TotalFixedEdgesAtConflict=53024196
%%%mzn-stat: circuitNumber2NumberOfConflicts=569622
%%%mzn-stat: circuitNumber2PropagationsThatPruned=550333
%%%mzn-stat: circuitNumber2PropagationsTotal=2027281
%%%mzn-stat: AverageConflictSize=54.76402789685928
%%%mzn-stat: NumUnitNogoodsLearned=0
%%%mzn-stat: AverageLearnedNogoodLength=73.33831556990452
%%%mzn-stat: AverageBacktrackAmount=0
%%%mzn-stat: AverageLbd=53.497006018890005
%%%mzn-stat: 2AutonomousSearchNumBackupCalled=17380
%%%mzn-stat: 2AutonomousSearchNumPredicatesRemoved=0
%%%mzn-stat: 2AutonomousSearchNumCalls=17388
%%%mzn-stat: 2AutonomousSearchNumPredicatesAdded=4521
%%%mzn-stat: 2AutonomousSearchAverageSizeOfHeap=0.7808258569128135
%%%mzn-stat: 2AutonomousSearchNumAssignedPredicatesEncountered=13577
%%%mzn-stat-end
maxleg = 390;
succ = array1d(1..100,[2, 7, 11, 5, 10, 1, 8, 14, 6, 12, 21, 28, 9, 17, 3, 22, 16, 19, 20, 23, 25, 29, 24, 15, 13, 31, 4, 39, 26, 27, 32, 35, 18, 33, 42, 44, 46, 30, 43, 54, 47, 45, 48, 40, 65, 36, 50, 34, 41, 51, 52, 58, 38, 49, 53, 57, 61, 60, 55, 62, 63, 59, 66, 56, 67, 72, 69, 73, 86, 75, 64, 77, 82, 71, 83, 37, 84, 76, 85, 78, 94, 91, 90, 81, 88, 68, 74, 97, 96, 98, 99, 89, 87, 70, 93, 79, 80, 92, 100, 95]);
% time elapsed: 960.79 s
----------
%%%mzn-stat: initTime=0.03985631
%%%mzn-stat: objective=364
%%%mzn-stat: nodes=901602
%%%mzn-stat: restarts=0
%%%mzn-stat: peakDepth=2284
%%%mzn-stat: solveTime=939.693973723
%%%mzn-stat: variables=3240
%%%mzn-stat: propagators=2745
%%%mzn-stat: failures=582001
%%%mzn-stat: propagations=21457579
%%%mzn-stat: nogoods=582001
%%%mzn-stat: numAtomicConstraintsPropagated=0
%%%mzn-stat: allDifferentNumber1PropagationsTotal=3067431
%%%mzn-stat: allDifferentNumber1PropagationsThatFoundConflict=5773
%%%mzn-stat: allDifferentNumber1PropagationsThatPruned=1833450
%%%mzn-stat: allDifferentNumber1TotalValuesPruned=4938398
%%%mzn-stat: allDifferentNumber1TotalHallSetSizeConflict=34813
%%%mzn-stat: allDifferentNumber1NumberOfConflicts=5773
%%%mzn-stat: allDifferentNumber1MaxHallSetSizeConflict=17
%%%mzn-stat: allDifferentNumber1TotalPruningHallSetSize=10640966
%%%mzn-stat: allDifferentNumber1NumberOfPruningExplanations=4938398
%%%mzn-stat: allDifferentNumber1MaxPruningHallSetSize=26
%%%mzn-stat: allDifferentNumber1TotalFixedEdgesAtConflict=504568
%%%mzn-stat: allDifferentNumber1TotalVarsInvolvedInPruning=4099574
%%%mzn-stat: allDifferentNumber1MaxValuesPrunedFromSingleVar=6
%%%mzn-stat: allDifferentNumber1TotalSccSizeAtPruning=6407350
%%%mzn-stat: allDifferentNumber1NumberOfSccPruningCalls=1833450
%%%mzn-stat: circuitNumber2PropagationsThatFoundConflict=569622
%%%mzn-stat: circuitNumber2TotalFixedEdgesAtConflict=53024196
%%%mzn-stat: circuitNumber2NumberOfConflicts=569622
%%%mzn-stat: circuitNumber2PropagationsThatPruned=550335
%%%mzn-stat: circuitNumber2PropagationsTotal=2027371
%%%mzn-stat: AverageConflictSize=54.76402789685928
%%%mzn-stat: NumUnitNogoodsLearned=0
%%%mzn-stat: AverageLearnedNogoodLength=73.33831556990452
%%%mzn-stat: AverageBacktrackAmount=0
%%%mzn-stat: AverageLbd=53.497006018890005
%%%mzn-stat: 2AutonomousSearchNumBackupCalled=19494
%%%mzn-stat: 2AutonomousSearchNumPredicatesRemoved=0
%%%mzn-stat: 2AutonomousSearchNumCalls=19503
%%%mzn-stat: 2AutonomousSearchNumPredicatesAdded=4521
%%%mzn-stat: 2AutonomousSearchAverageSizeOfHeap=0.804183971696662
%%%mzn-stat: 2AutonomousSearchNumAssignedPredicatesEncountered=15684
%%%mzn-stat-end
maxleg = 364;
succ = array1d(1..100,[2, 7, 11, 5, 10, 1, 8, 14, 6, 12, 21, 28, 9, 17, 3, 22, 16, 19, 20, 23, 25, 29, 24, 15, 13, 31, 4, 39, 26, 27, 32, 35, 18, 33, 42, 44, 46, 30, 43, 54, 47, 45, 48, 40, 65, 36, 50, 34, 41, 51, 52, 58, 38, 49, 53, 64, 61, 60, 55, 62, 63, 59, 66, 57, 67, 72, 69, 73, 86, 75, 56, 77, 82, 71, 83, 37, 84, 76, 85, 78, 94, 91, 90, 81, 88, 68, 74, 97, 96, 98, 99, 89, 87, 70, 93, 79, 80, 92, 100, 95]);
% time elapsed: 960.83 s
----------
%%%mzn-stat: initTime=0.03985631
%%%mzn-stat: objective=358
%%%mzn-stat: nodes=903752
%%%mzn-stat: restarts=0
%%%mzn-stat: peakDepth=2284
%%%mzn-stat: solveTime=939.720186215
%%%mzn-stat: variables=3240
%%%mzn-stat: propagators=2745
%%%mzn-stat: failures=582001
%%%mzn-stat: propagations=21462129
%%%mzn-stat: nogoods=582001
%%%mzn-stat: numAtomicConstraintsPropagated=0
%%%mzn-stat: allDifferentNumber1PropagationsTotal=3067611
%%%mzn-stat: allDifferentNumber1PropagationsThatFoundConflict=5773
%%%mzn-stat: allDifferentNumber1PropagationsThatPruned=1833541
%%%mzn-stat: allDifferentNumber1TotalValuesPruned=4939489
%%%mzn-stat: allDifferentNumber1TotalHallSetSizeConflict=34813
%%%mzn-stat: allDifferentNumber1NumberOfConflicts=5773
%%%mzn-stat: allDifferentNumber1MaxHallSetSizeConflict=17
%%%mzn-stat: allDifferentNumber1TotalPruningHallSetSize=10642385
%%%mzn-stat: allDifferentNumber1NumberOfPruningExplanations=4939489
%%%mzn-stat: allDifferentNumber1MaxPruningHallSetSize=26
%%%mzn-stat: allDifferentNumber1TotalFixedEdgesAtConflict=504568
%%%mzn-stat: allDifferentNumber1TotalVarsInvolvedInPruning=4100650
%%%mzn-stat: allDifferentNumber1MaxValuesPrunedFromSingleVar=6
%%%mzn-stat: allDifferentNumber1TotalSccSizeAtPruning=6407564
%%%mzn-stat: allDifferentNumber1NumberOfSccPruningCalls=1833541
%%%mzn-stat: circuitNumber2PropagationsThatFoundConflict=569622
%%%mzn-stat: circuitNumber2TotalFixedEdgesAtConflict=53024196
%%%mzn-stat: circuitNumber2NumberOfConflicts=569622
%%%mzn-stat: circuitNumber2PropagationsThatPruned=550337
%%%mzn-stat: circuitNumber2PropagationsTotal=2027461
%%%mzn-stat: AverageConflictSize=54.76402789685928
%%%mzn-stat: NumUnitNogoodsLearned=0
%%%mzn-stat: AverageLearnedNogoodLength=73.33831556990452
%%%mzn-stat: AverageBacktrackAmount=0
%%%mzn-stat: AverageLbd=53.497006018890005
%%%mzn-stat: 2AutonomousSearchNumBackupCalled=21556
%%%mzn-stat: 2AutonomousSearchNumPredicatesRemoved=0
%%%mzn-stat: 2AutonomousSearchNumCalls=21566
%%%mzn-stat: 2AutonomousSearchNumPredicatesAdded=4521
%%%mzn-stat: 2AutonomousSearchAverageSizeOfHeap=0.8249559491792636
%%%mzn-stat: 2AutonomousSearchNumAssignedPredicatesEncountered=17791
%%%mzn-stat-end
maxleg = 358;
succ = array1d(1..100,[2, 7, 11, 5, 10, 1, 8, 14, 6, 12, 21, 28, 9, 17, 3, 22, 16, 19, 20, 23, 25, 29, 24, 15, 13, 31, 4, 39, 26, 27, 32, 35, 18, 33, 42, 44, 46, 43, 38, 54, 47, 45, 48, 40, 30, 36, 50, 52, 41, 34, 58, 51, 55, 49, 59, 64, 61, 60, 62, 53, 63, 69, 65, 57, 66, 67, 72, 73, 86, 75, 56, 77, 82, 71, 83, 37, 84, 76, 85, 78, 94, 91, 90, 81, 88, 68, 74, 97, 96, 98, 99, 89, 87, 70, 93, 79, 80, 92, 100, 95]);
% time elapsed: 960.87 s
----------
%%%mzn-stat: initTime=0.03985631
%%%mzn-stat: objective=358
%%%mzn-stat: nodes=1736899
%%%mzn-stat: restarts=0
%%%mzn-stat: peakDepth=2284
%%%mzn-stat: solveTime=1777.609855519
%%%mzn-stat: variables=3240
%%%mzn-stat: propagators=2745
%%%mzn-stat: failures=974494
%%%mzn-stat: propagations=38728837
%%%mzn-stat: nogoods=974494
%%%mzn-stat: numAtomicConstraintsPropagated=0
%%%mzn-stat: allDifferentNumber1PropagationsTotal=5343483
%%%mzn-stat: allDifferentNumber1PropagationsThatFoundConflict=10328
%%%mzn-stat: allDifferentNumber1PropagationsThatPruned=3130283
%%%mzn-stat: allDifferentNumber1TotalValuesPruned=7910303
%%%mzn-stat: allDifferentNumber1TotalHallSetSizeConflict=44103
%%%mzn-stat: allDifferentNumber1NumberOfConflicts=10328
%%%mzn-stat: allDifferentNumber1MaxHallSetSizeConflict=17
%%%mzn-stat: allDifferentNumber1TotalPruningHallSetSize=14825562
%%%mzn-stat: allDifferentNumber1NumberOfPruningExplanations=7910303
%%%mzn-stat: allDifferentNumber1MaxPruningHallSetSize=27
%%%mzn-stat: allDifferentNumber1TotalFixedEdgesAtConflict=934063
%%%mzn-stat: allDifferentNumber1TotalVarsInvolvedInPruning=6790694
%%%mzn-stat: allDifferentNumber1MaxValuesPrunedFromSingleVar=8
%%%mzn-stat: allDifferentNumber1TotalSccSizeAtPruning=8787918
%%%mzn-stat: allDifferentNumber1NumberOfSccPruningCalls=3130283
%%%mzn-stat: circuitNumber2PropagationsThatFoundConflict=957262
%%%mzn-stat: circuitNumber2TotalFixedEdgesAtConflict=89404561
%%%mzn-stat: circuitNumber2NumberOfConflicts=957262
%%%mzn-stat: circuitNumber2PropagationsThatPruned=763784
%%%mzn-stat: circuitNumber2PropagationsTotal=3414330
%%%mzn-stat: AverageConflictSize=66.80632205021273
%%%mzn-stat: NumUnitNogoodsLearned=0
%%%mzn-stat: AverageLearnedNogoodLength=78.30248929187866
%%%mzn-stat: AverageBacktrackAmount=0
%%%mzn-stat: AverageLbd=61.525086865593835
%%%mzn-stat: 2AutonomousSearchNumBackupCalled=21556
%%%mzn-stat: 2AutonomousSearchNumPredicatesRemoved=0
%%%mzn-stat: 2AutonomousSearchNumCalls=21566
%%%mzn-stat: 2AutonomousSearchNumPredicatesAdded=5900
%%%mzn-stat: 2AutonomousSearchAverageSizeOfHeap=0.8249559491792636
%%%mzn-stat: 2AutonomousSearchNumAssignedPredicatesEncountered=17791
%%%mzn-stat-end
