% Logging successfully configured
%%%mzn-stat: initTime=0.029849384
%%%mzn-stat: objective=472
%%%mzn-stat: nodes=1135
%%%mzn-stat: restarts=0
%%%mzn-stat: peakDepth=1135
%%%mzn-stat: solveTime=0.020682553
%%%mzn-stat: variables=1817
%%%mzn-stat: propagators=1448
%%%mzn-stat: failures=0
%%%mzn-stat: propagations=5048
%%%mzn-stat: nogoods=0
%%%mzn-stat: numAtomicConstraintsPropagated=0
%%%mzn-stat: circuitNumber1PropagationsTotal=168
%%%mzn-stat: circuitNumber1CircuitConflicts=0
%%%mzn-stat: circuitNumber1AlldiffConflicts=0
%%%mzn-stat: circuitNumber1TotalFixedEdgesAtConflict=0
%%%mzn-stat: circuitNumber1NumberOfConflicts=0
%%%mzn-stat: circuitNumber1GacPrunings=567
%%%mzn-stat: circuitNumber1PropagationsThatGacPruned=85
%%%mzn-stat: circuitNumber1TotalPruningHallSetSize=1083
%%%mzn-stat: circuitNumber1NumberOfPruningExplanations=567
%%%mzn-stat: circuitNumber1MaxPruningHallSetSize=48
%%%mzn-stat: circuitNumber1TotalSccSizeAtPruning=348
%%%mzn-stat: circuitNumber1NumberOfSccPruningCalls=85
%%%mzn-stat: circuitNumber1TotalVarsInvolvedInPruning=552
%%%mzn-stat: circuitNumber1MaxValuesPrunedFromSingleVar=4
%%%mzn-stat: circuitNumber1HallCircuitChecks=260
%%%mzn-stat: circuitNumber1HallCircuitPrunings=4
%%%mzn-stat: circuitNumber1CircuitPreventPrunings=45
%%%mzn-stat: AverageConflictSize=0
%%%mzn-stat: NumUnitNogoodsLearned=0
%%%mzn-stat: AverageLearnedNogoodLength=0
%%%mzn-stat: AverageBacktrackAmount=0
%%%mzn-stat: AverageLbd=0
%%%mzn-stat: 2AutonomousSearchNumBackupCalled=1056
%%%mzn-stat: 2AutonomousSearchNumPredicatesRemoved=0
%%%mzn-stat: 2AutonomousSearchNumCalls=1057
%%%mzn-stat: 2AutonomousSearchNumPredicatesAdded=0
%%%mzn-stat: 2AutonomousSearchAverageSizeOfHeap=0
%%%mzn-stat: 2AutonomousSearchNumAssignedPredicatesEncountered=0
%%%mzn-stat-end
maxleg = 472;
succ = array1d(1..100,[3, 4, 10, 8, 11, 27, 16, 9, 19, 25, 7, 15, 5, 38, 23, 18, 1, 32, 37, 13, 30, 31, 22, 28, 40, 51, 35, 12, 17, 41, 21, 26, 2, 50, 36, 20, 44, 34, 14, 6, 56, 45, 46, 76, 53, 59, 43, 29, 48, 54, 42, 57, 65, 60, 49, 72, 58, 77, 66, 24, 63, 33, 68, 70, 75, 55, 62, 90, 39, 69, 85, 80, 47, 82, 71, 79, 87, 97, 93, 61, 52, 73, 86, 89, 64, 78, 96, 67, 83, 92, 84, 98, 91, 88, 99, 95, 100, 81, 94, 74]);
% time elapsed: 7.11 s
----------
%%%mzn-stat: initTime=0.029849384
%%%mzn-stat: objective=284
%%%mzn-stat: nodes=3060
%%%mzn-stat: restarts=0
%%%mzn-stat: peakDepth=1135
%%%mzn-stat: solveTime=0.676245427
%%%mzn-stat: variables=1817
%%%mzn-stat: propagators=1448
%%%mzn-stat: failures=475
%%%mzn-stat: propagations=22851
%%%mzn-stat: nogoods=475
%%%mzn-stat: numAtomicConstraintsPropagated=0
%%%mzn-stat: circuitNumber1PropagationsTotal=3456
%%%mzn-stat: circuitNumber1CircuitConflicts=460
%%%mzn-stat: circuitNumber1AlldiffConflicts=0
%%%mzn-stat: circuitNumber1TotalFixedEdgesAtConflict=39856
%%%mzn-stat: circuitNumber1NumberOfConflicts=460
%%%mzn-stat: circuitNumber1GacPrunings=6651
%%%mzn-stat: circuitNumber1PropagationsThatGacPruned=1897
%%%mzn-stat: circuitNumber1TotalPruningHallSetSize=15384
%%%mzn-stat: circuitNumber1NumberOfPruningExplanations=6651
%%%mzn-stat: circuitNumber1MaxPruningHallSetSize=48
%%%mzn-stat: circuitNumber1TotalSccSizeAtPruning=8085
%%%mzn-stat: circuitNumber1NumberOfSccPruningCalls=1897
%%%mzn-stat: circuitNumber1TotalVarsInvolvedInPruning=5875
%%%mzn-stat: circuitNumber1MaxValuesPrunedFromSingleVar=4
%%%mzn-stat: circuitNumber1HallCircuitChecks=6485
%%%mzn-stat: circuitNumber1HallCircuitPrunings=270
%%%mzn-stat: circuitNumber1CircuitPreventPrunings=1659
%%%mzn-stat: AverageConflictSize=44.51157894736842
%%%mzn-stat: NumUnitNogoodsLearned=0
%%%mzn-stat: AverageLearnedNogoodLength=66.62315789473685
%%%mzn-stat: AverageBacktrackAmount=0
%%%mzn-stat: AverageLbd=56.922105263157896
%%%mzn-stat: 2AutonomousSearchNumBackupCalled=2110
%%%mzn-stat: 2AutonomousSearchNumPredicatesRemoved=0
%%%mzn-stat: 2AutonomousSearchNumCalls=2112
%%%mzn-stat: 2AutonomousSearchNumPredicatesAdded=1535
%%%mzn-stat: 2AutonomousSearchAverageSizeOfHeap=0.7267992424242424
%%%mzn-stat: 2AutonomousSearchNumAssignedPredicatesEncountered=1535
%%%mzn-stat-end
maxleg = 284;
succ = array1d(1..100,[3, 4, 10, 8, 11, 27, 16, 9, 19, 25, 7, 15, 5, 38, 23, 18, 1, 32, 37, 13, 30, 31, 22, 28, 40, 51, 35, 12, 17, 41, 21, 26, 2, 50, 36, 20, 44, 34, 24, 6, 56, 45, 46, 76, 53, 59, 43, 29, 48, 54, 42, 14, 65, 60, 49, 72, 52, 57, 66, 33, 63, 39, 68, 78, 75, 84, 88, 90, 70, 64, 85, 94, 47, 82, 71, 55, 58, 97, 77, 61, 87, 73, 86, 89, 69, 62, 92, 96, 91, 81, 93, 98, 83, 67, 99, 95, 100, 79, 80, 74]);
% time elapsed: 7.74 s
----------
%%%mzn-stat: initTime=0.029849384
%%%mzn-stat: objective=279
%%%mzn-stat: nodes=4203
%%%mzn-stat: restarts=0
%%%mzn-stat: peakDepth=1135
%%%mzn-stat: solveTime=0.7055427
%%%mzn-stat: variables=1817
%%%mzn-stat: propagators=1448
%%%mzn-stat: failures=480
%%%mzn-stat: propagations=25578
%%%mzn-stat: nogoods=480
%%%mzn-stat: numAtomicConstraintsPropagated=0
%%%mzn-stat: circuitNumber1PropagationsTotal=3684
%%%mzn-stat: circuitNumber1CircuitConflicts=463
%%%mzn-stat: circuitNumber1AlldiffConflicts=0
%%%mzn-stat: circuitNumber1TotalFixedEdgesAtConflict=40064
%%%mzn-stat: circuitNumber1NumberOfConflicts=463
%%%mzn-stat: circuitNumber1GacPrunings=7323
%%%mzn-stat: circuitNumber1PropagationsThatGacPruned=2012
%%%mzn-stat: circuitNumber1TotalPruningHallSetSize=16791
%%%mzn-stat: circuitNumber1NumberOfPruningExplanations=7323
%%%mzn-stat: circuitNumber1MaxPruningHallSetSize=48
%%%mzn-stat: circuitNumber1TotalSccSizeAtPruning=8554
%%%mzn-stat: circuitNumber1NumberOfSccPruningCalls=2012
%%%mzn-stat: circuitNumber1TotalVarsInvolvedInPruning=6511
%%%mzn-stat: circuitNumber1MaxValuesPrunedFromSingleVar=4
%%%mzn-stat: circuitNumber1HallCircuitChecks=6989
%%%mzn-stat: circuitNumber1HallCircuitPrunings=281
%%%mzn-stat: circuitNumber1CircuitPreventPrunings=1721
%%%mzn-stat: AverageConflictSize=44.09583333333333
%%%mzn-stat: NumUnitNogoodsLearned=0
%%%mzn-stat: AverageLearnedNogoodLength=66.23541666666667
%%%mzn-stat: AverageBacktrackAmount=0
%%%mzn-stat: AverageLbd=56.59791666666667
%%%mzn-stat: 2AutonomousSearchNumBackupCalled=3153
%%%mzn-stat: 2AutonomousSearchNumPredicatesRemoved=0
%%%mzn-stat: 2AutonomousSearchNumCalls=3156
%%%mzn-stat: 2AutonomousSearchNumPredicatesAdded=1809
%%%mzn-stat: 2AutonomousSearchAverageSizeOfHeap=1.008238276299113
%%%mzn-stat: 2AutonomousSearchNumAssignedPredicatesEncountered=3182
%%%mzn-stat-end
maxleg = 279;
succ = array1d(1..100,[3, 4, 10, 8, 11, 27, 16, 9, 19, 25, 7, 15, 5, 38, 23, 18, 1, 32, 37, 13, 30, 31, 22, 28, 40, 51, 35, 12, 17, 41, 21, 26, 2, 50, 36, 20, 44, 34, 24, 6, 72, 45, 46, 76, 53, 59, 43, 29, 48, 54, 42, 14, 69, 60, 49, 99, 52, 57, 66, 33, 63, 39, 68, 85, 56, 55, 62, 90, 70, 64, 75, 80, 47, 82, 65, 79, 58, 97, 93, 61, 87, 73, 86, 89, 71, 78, 77, 67, 83, 92, 84, 98, 91, 88, 96, 94, 100, 81, 95, 74]);
% time elapsed: 7.78 s
----------
%%%mzn-stat: initTime=0.029849384
%%%mzn-stat: objective=263
%%%mzn-stat: nodes=5342
%%%mzn-stat: restarts=0
%%%mzn-stat: peakDepth=1135
%%%mzn-stat: solveTime=0.72945032
%%%mzn-stat: variables=1817
%%%mzn-stat: propagators=1448
%%%mzn-stat: failures=483
%%%mzn-stat: propagations=28233
%%%mzn-stat: nogoods=483
%%%mzn-stat: numAtomicConstraintsPropagated=0
%%%mzn-stat: circuitNumber1PropagationsTotal=3880
%%%mzn-stat: circuitNumber1CircuitConflicts=466
%%%mzn-stat: circuitNumber1AlldiffConflicts=0
%%%mzn-stat: circuitNumber1TotalFixedEdgesAtConflict=40252
%%%mzn-stat: circuitNumber1NumberOfConflicts=466
%%%mzn-stat: circuitNumber1GacPrunings=7938
%%%mzn-stat: circuitNumber1PropagationsThatGacPruned=2111
%%%mzn-stat: circuitNumber1TotalPruningHallSetSize=18074
%%%mzn-stat: circuitNumber1NumberOfPruningExplanations=7938
%%%mzn-stat: circuitNumber1MaxPruningHallSetSize=48
%%%mzn-stat: circuitNumber1TotalSccSizeAtPruning=8944
%%%mzn-stat: circuitNumber1NumberOfSccPruningCalls=2111
%%%mzn-stat: circuitNumber1TotalVarsInvolvedInPruning=7098
%%%mzn-stat: circuitNumber1MaxValuesPrunedFromSingleVar=4
%%%mzn-stat: circuitNumber1HallCircuitChecks=7398
%%%mzn-stat: circuitNumber1HallCircuitPrunings=287
%%%mzn-stat: circuitNumber1CircuitPreventPrunings=1771
%%%mzn-stat: AverageConflictSize=43.838509316770185
%%%mzn-stat: NumUnitNogoodsLearned=0
%%%mzn-stat: AverageLearnedNogoodLength=65.86128364389234
%%%mzn-stat: AverageBacktrackAmount=0
%%%mzn-stat: AverageLbd=56.267080745341616
%%%mzn-stat: 2AutonomousSearchNumBackupCalled=4202
%%%mzn-stat: 2AutonomousSearchNumPredicatesRemoved=0
%%%mzn-stat: 2AutonomousSearchNumCalls=4206
%%%mzn-stat: 2AutonomousSearchNumPredicatesAdded=1914
%%%mzn-stat: 2AutonomousSearchAverageSizeOfHeap=1.1483594864479316
%%%mzn-stat: 2AutonomousSearchNumAssignedPredicatesEncountered=4830
%%%mzn-stat-end
maxleg = 263;
succ = array1d(1..100,[3, 4, 10, 8, 11, 27, 16, 9, 19, 25, 7, 15, 5, 38, 23, 18, 1, 32, 37, 13, 30, 31, 22, 28, 40, 51, 35, 12, 17, 41, 21, 26, 2, 50, 36, 20, 44, 34, 24, 6, 72, 45, 46, 76, 53, 59, 43, 29, 48, 54, 42, 14, 70, 60, 49, 99, 52, 57, 66, 33, 63, 39, 68, 85, 56, 55, 62, 90, 71, 64, 75, 80, 47, 82, 65, 79, 58, 97, 93, 61, 87, 73, 86, 89, 69, 78, 77, 67, 83, 92, 84, 98, 91, 88, 96, 94, 100, 81, 95, 74]);
% time elapsed: 7.80 s
----------
%%%mzn-stat: initTime=0.029849384
%%%mzn-stat: objective=263
%%%mzn-stat: nodes=925858
%%%mzn-stat: restarts=0
%%%mzn-stat: peakDepth=1135
%%%mzn-stat: solveTime=1792.997438681
%%%mzn-stat: variables=1817
%%%mzn-stat: propagators=1448
%%%mzn-stat: failures=920876
%%%mzn-stat: propagations=27659440
%%%mzn-stat: nogoods=920876
%%%mzn-stat: numAtomicConstraintsPropagated=0
%%%mzn-stat: circuitNumber1PropagationsTotal=4226319
%%%mzn-stat: circuitNumber1CircuitConflicts=17079
%%%mzn-stat: circuitNumber1AlldiffConflicts=24
%%%mzn-stat: circuitNumber1TotalFixedEdgesAtConflict=1226143
%%%mzn-stat: circuitNumber1NumberOfConflicts=17103
%%%mzn-stat: circuitNumber1GacPrunings=12529653
%%%mzn-stat: circuitNumber1PropagationsThatGacPruned=2811467
%%%mzn-stat: circuitNumber1TotalPruningHallSetSize=49018472
%%%mzn-stat: circuitNumber1NumberOfPruningExplanations=12529653
%%%mzn-stat: circuitNumber1MaxPruningHallSetSize=48
%%%mzn-stat: circuitNumber1TotalSccSizeAtPruning=22047189
%%%mzn-stat: circuitNumber1NumberOfSccPruningCalls=2811467
%%%mzn-stat: circuitNumber1TotalVarsInvolvedInPruning=8097927
%%%mzn-stat: circuitNumber1MaxValuesPrunedFromSingleVar=6
%%%mzn-stat: circuitNumber1HallCircuitChecks=14827849
%%%mzn-stat: circuitNumber1HallCircuitPrunings=615651
%%%mzn-stat: circuitNumber1CircuitPreventPrunings=2316365
%%%mzn-stat: AverageConflictSize=7.619156107879888
%%%mzn-stat: NumUnitNogoodsLearned=0
%%%mzn-stat: AverageLearnedNogoodLength=74.79862978294581
%%%mzn-stat: AverageBacktrackAmount=0
%%%mzn-stat: AverageLbd=61.548381106685376
%%%mzn-stat: 2AutonomousSearchNumBackupCalled=4202
%%%mzn-stat: 2AutonomousSearchNumPredicatesRemoved=0
%%%mzn-stat: 2AutonomousSearchNumCalls=4206
%%%mzn-stat: 2AutonomousSearchNumPredicatesAdded=4559
%%%mzn-stat: 2AutonomousSearchAverageSizeOfHeap=1.1483594864479316
%%%mzn-stat: 2AutonomousSearchNumAssignedPredicatesEncountered=4830
%%%mzn-stat-end
