%%%mzn-stat: initTime=0.004115762
%%%mzn-stat: objective=1004
%%%mzn-stat: nodes=1714
%%%mzn-stat: restarts=0
%%%mzn-stat: peakDepth=186
%%%mzn-stat: solveTime=0.222475587
%%%mzn-stat: variables=481
%%%mzn-stat: propagators=297
%%%mzn-stat: failures=1377
%%%mzn-stat: propagations=60885
%%%mzn-stat: nogoods=1377
%%%mzn-stat: AverageConflictSize=9.468409586056644
%%%mzn-stat: NumUnitNogoodsLearned=912
%%%mzn-stat: AverageLearnedNogoodLength=9.51270878721859
%%%mzn-stat: AverageBacktrackAmount=0
%%%mzn-stat: AverageLbd=3.821350762527233
%%%mzn-stat-end
maxleg = 1004;
succ = array1d(1..50,[19, 13, 6, 44, 4, 46, 8, 49, 45, 28, 30, 42, 23, 43, 31, 37, 32, 39, 29, 33, 12, 9, 7, 36, 18, 35, 1, 15, 2, 26, 50, 40, 21, 22, 34, 17, 27, 14, 16, 38, 11, 48, 20, 25, 10, 41, 3, 47, 24, 5]);
% time elapsed: 4.29 s
----------
==========
% time elapsed: 4.29 s
%%%mzn-stat: initTime=0.004115762
%%%mzn-stat: objective=1004
%%%mzn-stat: nodes=1714
%%%mzn-stat: restarts=0
%%%mzn-stat: peakDepth=186
%%%mzn-stat: solveTime=0.222489115
%%%mzn-stat: variables=481
%%%mzn-stat: propagators=297
%%%mzn-stat: failures=1377
%%%mzn-stat: propagations=60885
%%%mzn-stat: nogoods=1377
%%%mzn-stat: AverageConflictSize=9.468409586056644
%%%mzn-stat: NumUnitNogoodsLearned=912
%%%mzn-stat: AverageLearnedNogoodLength=9.51270878721859
%%%mzn-stat: AverageBacktrackAmount=0
%%%mzn-stat: AverageLbd=3.821350762527233
%%%mzn-stat-end
