% Logging successfully configured
%%%mzn-stat: initTime=0.003821765
%%%mzn-stat: objective=552
%%%mzn-stat: nodes=356
%%%mzn-stat: restarts=0
%%%mzn-stat: peakDepth=178
%%%mzn-stat: solveTime=0.017059234
%%%mzn-stat: variables=380
%%%mzn-stat: propagators=262
%%%mzn-stat: failures=154
%%%mzn-stat: propagations=4445
%%%mzn-stat: nogoods=154
%%%mzn-stat: numAtomicConstraintsPropagated=0
%%%mzn-stat: allDifferentNumber1PropagationsTotal=606
%%%mzn-stat: allDifferentNumber1PropagationsThatFoundConflict=1
%%%mzn-stat: allDifferentNumber1PropagationsThatPruned=372
%%%mzn-stat: allDifferentNumber1TotalValuesPruned=1019
%%%mzn-stat: allDifferentNumber1TotalHallSetSizeConflict=2
%%%mzn-stat: allDifferentNumber1NumberOfConflicts=1
%%%mzn-stat: allDifferentNumber1MaxHallSetSizeConflict=2
%%%mzn-stat: allDifferentNumber1TotalPruningHallSetSize=1787
%%%mzn-stat: allDifferentNumber1NumberOfPruningExplanations=1019
%%%mzn-stat: allDifferentNumber1MaxPruningHallSetSize=9
%%%mzn-stat: allDifferentNumber1TotalFixedEdgesAtConflict=14
%%%mzn-stat: allDifferentNumber1TotalVarsInvolvedInPruning=927
%%%mzn-stat: allDifferentNumber1MaxValuesPrunedFromSingleVar=4
%%%mzn-stat: allDifferentNumber1TotalSccSizeAtPruning=1136
%%%mzn-stat: allDifferentNumber1NumberOfSccPruningCalls=372
%%%mzn-stat: circuitNumber2PropagationsThatFoundConflict=152
%%%mzn-stat: circuitNumber2TotalFixedEdgesAtConflict=2529
%%%mzn-stat: circuitNumber2NumberOfConflicts=152
%%%mzn-stat: circuitNumber2PropagationsThatPruned=21
%%%mzn-stat: circuitNumber2PropagationsTotal=371
%%%mzn-stat: AverageConflictSize=13.824675324675324
%%%mzn-stat: NumUnitNogoodsLearned=0
%%%mzn-stat: AverageLearnedNogoodLength=11.25974025974026
%%%mzn-stat: AverageBacktrackAmount=0
%%%mzn-stat: AverageLbd=10.831168831168831
%%%mzn-stat: 2AutonomousSearchNumBackupCalled=164
%%%mzn-stat: 2AutonomousSearchNumPredicatesRemoved=0
%%%mzn-stat: 2AutonomousSearchNumCalls=165
%%%mzn-stat: 2AutonomousSearchNumPredicatesAdded=338
%%%mzn-stat: 2AutonomousSearchAverageSizeOfHeap=2.0484848484848484
%%%mzn-stat: 2AutonomousSearchNumAssignedPredicatesEncountered=338
%%%mzn-stat-end
maxleg = 552;
succ = array1d(1..20,[2, 7, 5, 6, 8, 3, 4, 9, 16, 17, 1, 11, 15, 12, 20, 18, 19, 10, 13, 14]);
% time elapsed: 1.52 s
----------
%%%mzn-stat: initTime=0.003821765
%%%mzn-stat: objective=537
%%%mzn-stat: nodes=541
%%%mzn-stat: restarts=0
%%%mzn-stat: peakDepth=186
%%%mzn-stat: solveTime=0.017693426
%%%mzn-stat: variables=380
%%%mzn-stat: propagators=262
%%%mzn-stat: failures=154
%%%mzn-stat: propagations=4894
%%%mzn-stat: nogoods=154
%%%mzn-stat: numAtomicConstraintsPropagated=0
%%%mzn-stat: allDifferentNumber1PropagationsTotal=634
%%%mzn-stat: allDifferentNumber1PropagationsThatFoundConflict=1
%%%mzn-stat: allDifferentNumber1PropagationsThatPruned=386
%%%mzn-stat: allDifferentNumber1TotalValuesPruned=1104
%%%mzn-stat: allDifferentNumber1TotalHallSetSizeConflict=2
%%%mzn-stat: allDifferentNumber1NumberOfConflicts=1
%%%mzn-stat: allDifferentNumber1MaxHallSetSizeConflict=2
%%%mzn-stat: allDifferentNumber1TotalPruningHallSetSize=1912
%%%mzn-stat: allDifferentNumber1NumberOfPruningExplanations=1104
%%%mzn-stat: allDifferentNumber1MaxPruningHallSetSize=9
%%%mzn-stat: allDifferentNumber1TotalFixedEdgesAtConflict=14
%%%mzn-stat: allDifferentNumber1TotalVarsInvolvedInPruning=1008
%%%mzn-stat: allDifferentNumber1MaxValuesPrunedFromSingleVar=4
%%%mzn-stat: allDifferentNumber1TotalSccSizeAtPruning=1164
%%%mzn-stat: allDifferentNumber1NumberOfSccPruningCalls=386
%%%mzn-stat: circuitNumber2PropagationsThatFoundConflict=152
%%%mzn-stat: circuitNumber2TotalFixedEdgesAtConflict=2529
%%%mzn-stat: circuitNumber2NumberOfConflicts=152
%%%mzn-stat: circuitNumber2PropagationsThatPruned=22
%%%mzn-stat: circuitNumber2PropagationsTotal=385
%%%mzn-stat: AverageConflictSize=13.824675324675324
%%%mzn-stat: NumUnitNogoodsLearned=0
%%%mzn-stat: AverageLearnedNogoodLength=11.25974025974026
%%%mzn-stat: AverageBacktrackAmount=0
%%%mzn-stat: AverageLbd=10.831168831168831
%%%mzn-stat: 2AutonomousSearchNumBackupCalled=335
%%%mzn-stat: 2AutonomousSearchNumPredicatesRemoved=0
%%%mzn-stat: 2AutonomousSearchNumCalls=337
%%%mzn-stat: 2AutonomousSearchNumPredicatesAdded=338
%%%mzn-stat: 2AutonomousSearchAverageSizeOfHeap=2.00593471810089
%%%mzn-stat: 2AutonomousSearchNumAssignedPredicatesEncountered=676
%%%mzn-stat-end
maxleg = 537;
succ = array1d(1..20,[2, 7, 5, 6, 8, 3, 4, 9, 16, 17, 12, 14, 11, 15, 20, 18, 19, 10, 13, 1]);
% time elapsed: 1.52 s
----------
%%%mzn-stat: initTime=0.003821765
%%%mzn-stat: objective=523
%%%mzn-stat: nodes=712
%%%mzn-stat: restarts=0
%%%mzn-stat: peakDepth=186
%%%mzn-stat: solveTime=0.018454439
%%%mzn-stat: variables=380
%%%mzn-stat: propagators=262
%%%mzn-stat: failures=154
%%%mzn-stat: propagations=5343
%%%mzn-stat: nogoods=154
%%%mzn-stat: numAtomicConstraintsPropagated=0
%%%mzn-stat: allDifferentNumber1PropagationsTotal=662
%%%mzn-stat: allDifferentNumber1PropagationsThatFoundConflict=1
%%%mzn-stat: allDifferentNumber1PropagationsThatPruned=400
%%%mzn-stat: allDifferentNumber1TotalValuesPruned=1185
%%%mzn-stat: allDifferentNumber1TotalHallSetSizeConflict=2
%%%mzn-stat: allDifferentNumber1NumberOfConflicts=1
%%%mzn-stat: allDifferentNumber1MaxHallSetSizeConflict=2
%%%mzn-stat: allDifferentNumber1TotalPruningHallSetSize=2037
%%%mzn-stat: allDifferentNumber1NumberOfPruningExplanations=1185
%%%mzn-stat: allDifferentNumber1MaxPruningHallSetSize=9
%%%mzn-stat: allDifferentNumber1TotalFixedEdgesAtConflict=14
%%%mzn-stat: allDifferentNumber1TotalVarsInvolvedInPruning=1086
%%%mzn-stat: allDifferentNumber1MaxValuesPrunedFromSingleVar=4
%%%mzn-stat: allDifferentNumber1TotalSccSizeAtPruning=1192
%%%mzn-stat: allDifferentNumber1NumberOfSccPruningCalls=400
%%%mzn-stat: circuitNumber2PropagationsThatFoundConflict=152
%%%mzn-stat: circuitNumber2TotalFixedEdgesAtConflict=2529
%%%mzn-stat: circuitNumber2NumberOfConflicts=152
%%%mzn-stat: circuitNumber2PropagationsThatPruned=23
%%%mzn-stat: circuitNumber2PropagationsTotal=399
%%%mzn-stat: AverageConflictSize=13.824675324675324
%%%mzn-stat: NumUnitNogoodsLearned=0
%%%mzn-stat: AverageLearnedNogoodLength=11.25974025974026
%%%mzn-stat: AverageBacktrackAmount=0
%%%mzn-stat: AverageLbd=10.831168831168831
%%%mzn-stat: 2AutonomousSearchNumBackupCalled=492
%%%mzn-stat: 2AutonomousSearchNumPredicatesRemoved=0
%%%mzn-stat: 2AutonomousSearchNumCalls=495
%%%mzn-stat: 2AutonomousSearchNumPredicatesAdded=338
%%%mzn-stat: 2AutonomousSearchAverageSizeOfHeap=2.0484848484848484
%%%mzn-stat: 2AutonomousSearchNumAssignedPredicatesEncountered=1014
%%%mzn-stat-end
maxleg = 523;
succ = array1d(1..20,[2, 7, 5, 6, 9, 3, 4, 10, 8, 16, 12, 14, 11, 15, 20, 18, 19, 17, 13, 1]);
% time elapsed: 1.52 s
----------
%%%mzn-stat: initTime=0.003821765
%%%mzn-stat: objective=506
%%%mzn-stat: nodes=887
%%%mzn-stat: restarts=0
%%%mzn-stat: peakDepth=186
%%%mzn-stat: solveTime=0.019536543
%%%mzn-stat: variables=380
%%%mzn-stat: propagators=262
%%%mzn-stat: failures=163
%%%mzn-stat: propagations=5967
%%%mzn-stat: nogoods=163
%%%mzn-stat: numAtomicConstraintsPropagated=0
%%%mzn-stat: allDifferentNumber1PropagationsTotal=713
%%%mzn-stat: allDifferentNumber1PropagationsThatFoundConflict=1
%%%mzn-stat: allDifferentNumber1PropagationsThatPruned=428
%%%mzn-stat: allDifferentNumber1TotalValuesPruned=1296
%%%mzn-stat: allDifferentNumber1TotalHallSetSizeConflict=2
%%%mzn-stat: allDifferentNumber1NumberOfConflicts=1
%%%mzn-stat: allDifferentNumber1MaxHallSetSizeConflict=2
%%%mzn-stat: allDifferentNumber1TotalPruningHallSetSize=2204
%%%mzn-stat: allDifferentNumber1NumberOfPruningExplanations=1296
%%%mzn-stat: allDifferentNumber1MaxPruningHallSetSize=9
%%%mzn-stat: allDifferentNumber1TotalFixedEdgesAtConflict=14
%%%mzn-stat: allDifferentNumber1TotalVarsInvolvedInPruning=1193
%%%mzn-stat: allDifferentNumber1MaxValuesPrunedFromSingleVar=4
%%%mzn-stat: allDifferentNumber1TotalSccSizeAtPruning=1245
%%%mzn-stat: allDifferentNumber1NumberOfSccPruningCalls=428
%%%mzn-stat: circuitNumber2PropagationsThatFoundConflict=161
%%%mzn-stat: circuitNumber2TotalFixedEdgesAtConflict=2682
%%%mzn-stat: circuitNumber2NumberOfConflicts=161
%%%mzn-stat: circuitNumber2PropagationsThatPruned=23
%%%mzn-stat: circuitNumber2PropagationsTotal=427
%%%mzn-stat: AverageConflictSize=13.257668711656441
%%%mzn-stat: NumUnitNogoodsLearned=0
%%%mzn-stat: AverageLearnedNogoodLength=11.134969325153374
%%%mzn-stat: AverageBacktrackAmount=0
%%%mzn-stat: AverageLbd=10.503067484662576
%%%mzn-stat: 2AutonomousSearchNumBackupCalled=644
%%%mzn-stat: 2AutonomousSearchNumPredicatesRemoved=0
%%%mzn-stat: 2AutonomousSearchNumCalls=648
%%%mzn-stat: 2AutonomousSearchNumPredicatesAdded=478
%%%mzn-stat: 2AutonomousSearchAverageSizeOfHeap=2.111111111111111
%%%mzn-stat: 2AutonomousSearchNumAssignedPredicatesEncountered=1368
%%%mzn-stat-end
maxleg = 506;
succ = array1d(1..20,[2, 7, 5, 6, 9, 3, 4, 10, 8, 18, 12, 14, 11, 15, 20, 13, 19, 17, 16, 1]);
% time elapsed: 1.52 s
----------
%%%mzn-stat: initTime=0.003821765
%%%mzn-stat: objective=477
%%%mzn-stat: nodes=1191
%%%mzn-stat: restarts=0
%%%mzn-stat: peakDepth=186
%%%mzn-stat: solveTime=0.032866734
%%%mzn-stat: variables=380
%%%mzn-stat: propagators=262
%%%mzn-stat: failures=290
%%%mzn-stat: propagations=9488
%%%mzn-stat: nogoods=290
%%%mzn-stat: numAtomicConstraintsPropagated=0
%%%mzn-stat: allDifferentNumber1PropagationsTotal=1156
%%%mzn-stat: allDifferentNumber1PropagationsThatFoundConflict=1
%%%mzn-stat: allDifferentNumber1PropagationsThatPruned=699
%%%mzn-stat: allDifferentNumber1TotalValuesPruned=1970
%%%mzn-stat: allDifferentNumber1TotalHallSetSizeConflict=2
%%%mzn-stat: allDifferentNumber1NumberOfConflicts=1
%%%mzn-stat: allDifferentNumber1MaxHallSetSizeConflict=2
%%%mzn-stat: allDifferentNumber1TotalPruningHallSetSize=3145
%%%mzn-stat: allDifferentNumber1NumberOfPruningExplanations=1970
%%%mzn-stat: allDifferentNumber1MaxPruningHallSetSize=9
%%%mzn-stat: allDifferentNumber1TotalFixedEdgesAtConflict=14
%%%mzn-stat: allDifferentNumber1TotalVarsInvolvedInPruning=1820
%%%mzn-stat: allDifferentNumber1MaxValuesPrunedFromSingleVar=4
%%%mzn-stat: allDifferentNumber1TotalSccSizeAtPruning=1768
%%%mzn-stat: allDifferentNumber1NumberOfSccPruningCalls=699
%%%mzn-stat: circuitNumber2PropagationsThatFoundConflict=288
%%%mzn-stat: circuitNumber2TotalFixedEdgesAtConflict=4821
%%%mzn-stat: circuitNumber2NumberOfConflicts=288
%%%mzn-stat: circuitNumber2PropagationsThatPruned=29
%%%mzn-stat: circuitNumber2PropagationsTotal=700
%%%mzn-stat: AverageConflictSize=12.989655172413793
%%%mzn-stat: NumUnitNogoodsLearned=0
%%%mzn-stat: AverageLearnedNogoodLength=11.189655172413794
%%%mzn-stat: AverageBacktrackAmount=0
%%%mzn-stat: AverageLbd=10.386206896551725
%%%mzn-stat: 2AutonomousSearchNumBackupCalled=789
%%%mzn-stat: 2AutonomousSearchNumPredicatesRemoved=0
%%%mzn-stat: 2AutonomousSearchNumCalls=794
%%%mzn-stat: 2AutonomousSearchNumPredicatesAdded=845
%%%mzn-stat: 2AutonomousSearchAverageSizeOfHeap=2.265743073047859
%%%mzn-stat: 2AutonomousSearchNumAssignedPredicatesEncountered=1799
%%%mzn-stat-end
maxleg = 477;
succ = array1d(1..20,[2, 7, 5, 6, 9, 3, 8, 10, 11, 18, 12, 14, 4, 15, 20, 13, 19, 17, 16, 1]);
% time elapsed: 1.53 s
----------
%%%mzn-stat: initTime=0.003821765
%%%mzn-stat: objective=464
%%%mzn-stat: nodes=1344
%%%mzn-stat: restarts=0
%%%mzn-stat: peakDepth=186
%%%mzn-stat: solveTime=0.033548312
%%%mzn-stat: variables=380
%%%mzn-stat: propagators=262
%%%mzn-stat: failures=290
%%%mzn-stat: propagations=9964
%%%mzn-stat: nogoods=290
%%%mzn-stat: numAtomicConstraintsPropagated=0
%%%mzn-stat: allDifferentNumber1PropagationsTotal=1184
%%%mzn-stat: allDifferentNumber1PropagationsThatFoundConflict=1
%%%mzn-stat: allDifferentNumber1PropagationsThatPruned=713
%%%mzn-stat: allDifferentNumber1TotalValuesPruned=2047
%%%mzn-stat: allDifferentNumber1TotalHallSetSizeConflict=2
%%%mzn-stat: allDifferentNumber1NumberOfConflicts=1
%%%mzn-stat: allDifferentNumber1MaxHallSetSizeConflict=2
%%%mzn-stat: allDifferentNumber1TotalPruningHallSetSize=3246
%%%mzn-stat: allDifferentNumber1NumberOfPruningExplanations=2047
%%%mzn-stat: allDifferentNumber1MaxPruningHallSetSize=9
%%%mzn-stat: allDifferentNumber1TotalFixedEdgesAtConflict=14
%%%mzn-stat: allDifferentNumber1TotalVarsInvolvedInPruning=1892
%%%mzn-stat: allDifferentNumber1MaxValuesPrunedFromSingleVar=4
%%%mzn-stat: allDifferentNumber1TotalSccSizeAtPruning=1805
%%%mzn-stat: allDifferentNumber1NumberOfSccPruningCalls=713
%%%mzn-stat: circuitNumber2PropagationsThatFoundConflict=288
%%%mzn-stat: circuitNumber2TotalFixedEdgesAtConflict=4821
%%%mzn-stat: circuitNumber2NumberOfConflicts=288
%%%mzn-stat: circuitNumber2PropagationsThatPruned=30
%%%mzn-stat: circuitNumber2PropagationsTotal=714
%%%mzn-stat: AverageConflictSize=12.989655172413793
%%%mzn-stat: NumUnitNogoodsLearned=0
%%%mzn-stat: AverageLearnedNogoodLength=11.189655172413794
%%%mzn-stat: AverageBacktrackAmount=0
%%%mzn-stat: AverageLbd=10.386206896551725
%%%mzn-stat: 2AutonomousSearchNumBackupCalled=928
%%%mzn-stat: 2AutonomousSearchNumPredicatesRemoved=0
%%%mzn-stat: 2AutonomousSearchNumCalls=934
%%%mzn-stat: 2AutonomousSearchNumPredicatesAdded=845
%%%mzn-stat: 2AutonomousSearchAverageSizeOfHeap=2.387580299785867
%%%mzn-stat: 2AutonomousSearchNumAssignedPredicatesEncountered=2230
%%%mzn-stat-end
maxleg = 464;
succ = array1d(1..20,[2, 7, 5, 6, 9, 3, 8, 10, 11, 18, 12, 14, 4, 15, 20, 19, 16, 17, 13, 1]);
% time elapsed: 1.53 s
----------
%%%mzn-stat: initTime=0.003821765
%%%mzn-stat: objective=410
%%%mzn-stat: nodes=1488
%%%mzn-stat: restarts=0
%%%mzn-stat: peakDepth=186
%%%mzn-stat: solveTime=0.034719938
%%%mzn-stat: variables=380
%%%mzn-stat: propagators=262
%%%mzn-stat: failures=296
%%%mzn-stat: propagations=10642
%%%mzn-stat: nogoods=296
%%%mzn-stat: numAtomicConstraintsPropagated=0
%%%mzn-stat: allDifferentNumber1PropagationsTotal=1239
%%%mzn-stat: allDifferentNumber1PropagationsThatFoundConflict=1
%%%mzn-stat: allDifferentNumber1PropagationsThatPruned=741
%%%mzn-stat: allDifferentNumber1TotalValuesPruned=2168
%%%mzn-stat: allDifferentNumber1TotalHallSetSizeConflict=2
%%%mzn-stat: allDifferentNumber1NumberOfConflicts=1
%%%mzn-stat: allDifferentNumber1MaxHallSetSizeConflict=2
%%%mzn-stat: allDifferentNumber1TotalPruningHallSetSize=3409
%%%mzn-stat: allDifferentNumber1NumberOfPruningExplanations=2168
%%%mzn-stat: allDifferentNumber1MaxPruningHallSetSize=9
%%%mzn-stat: allDifferentNumber1TotalFixedEdgesAtConflict=14
%%%mzn-stat: allDifferentNumber1TotalVarsInvolvedInPruning=2009
%%%mzn-stat: allDifferentNumber1MaxValuesPrunedFromSingleVar=4
%%%mzn-stat: allDifferentNumber1TotalSccSizeAtPruning=1876
%%%mzn-stat: allDifferentNumber1NumberOfSccPruningCalls=741
%%%mzn-stat: circuitNumber2PropagationsThatFoundConflict=294
%%%mzn-stat: circuitNumber2TotalFixedEdgesAtConflict=4899
%%%mzn-stat: circuitNumber2NumberOfConflicts=294
%%%mzn-stat: circuitNumber2PropagationsThatPruned=31
%%%mzn-stat: circuitNumber2PropagationsTotal=742
%%%mzn-stat: AverageConflictSize=12.780405405405405
%%%mzn-stat: NumUnitNogoodsLearned=0
%%%mzn-stat: AverageLearnedNogoodLength=11.243243243243244
%%%mzn-stat: AverageBacktrackAmount=0
%%%mzn-stat: AverageLbd=10.27364864864865
%%%mzn-stat: 2AutonomousSearchNumBackupCalled=1045
%%%mzn-stat: 2AutonomousSearchNumPredicatesRemoved=0
%%%mzn-stat: 2AutonomousSearchNumCalls=1052
%%%mzn-stat: 2AutonomousSearchNumPredicatesAdded=993
%%%mzn-stat: 2AutonomousSearchAverageSizeOfHeap=2.5655893536121672
%%%mzn-stat: 2AutonomousSearchNumAssignedPredicatesEncountered=2699
%%%mzn-stat-end
maxleg = 410;
succ = array1d(1..20,[2, 7, 5, 6, 9, 3, 8, 17, 11, 16, 12, 14, 4, 15, 20, 19, 18, 10, 13, 1]);
% time elapsed: 1.54 s
----------
%%%mzn-stat: initTime=0.003821765
%%%mzn-stat: objective=407
%%%mzn-stat: nodes=1632
%%%mzn-stat: restarts=0
%%%mzn-stat: peakDepth=186
%%%mzn-stat: solveTime=0.03557823
%%%mzn-stat: variables=380
%%%mzn-stat: propagators=262
%%%mzn-stat: failures=298
%%%mzn-stat: propagations=11189
%%%mzn-stat: nogoods=298
%%%mzn-stat: numAtomicConstraintsPropagated=0
%%%mzn-stat: allDifferentNumber1PropagationsTotal=1273
%%%mzn-stat: allDifferentNumber1PropagationsThatFoundConflict=1
%%%mzn-stat: allDifferentNumber1PropagationsThatPruned=759
%%%mzn-stat: allDifferentNumber1TotalValuesPruned=2247
%%%mzn-stat: allDifferentNumber1TotalHallSetSizeConflict=2
%%%mzn-stat: allDifferentNumber1NumberOfConflicts=1
%%%mzn-stat: allDifferentNumber1MaxHallSetSizeConflict=2
%%%mzn-stat: allDifferentNumber1TotalPruningHallSetSize=3522
%%%mzn-stat: allDifferentNumber1NumberOfPruningExplanations=2247
%%%mzn-stat: allDifferentNumber1MaxPruningHallSetSize=9
%%%mzn-stat: allDifferentNumber1TotalFixedEdgesAtConflict=14
%%%mzn-stat: allDifferentNumber1TotalVarsInvolvedInPruning=2082
%%%mzn-stat: allDifferentNumber1MaxValuesPrunedFromSingleVar=5
%%%mzn-stat: allDifferentNumber1TotalSccSizeAtPruning=1928
%%%mzn-stat: allDifferentNumber1NumberOfSccPruningCalls=759
%%%mzn-stat: circuitNumber2PropagationsThatFoundConflict=296
%%%mzn-stat: circuitNumber2TotalFixedEdgesAtConflict=4927
%%%mzn-stat: circuitNumber2NumberOfConflicts=296
%%%mzn-stat: circuitNumber2PropagationsThatPruned=33
%%%mzn-stat: circuitNumber2PropagationsTotal=760
%%%mzn-stat: AverageConflictSize=12.711409395973154
%%%mzn-stat: NumUnitNogoodsLearned=0
%%%mzn-stat: AverageLearnedNogoodLength=11.248322147651006
%%%mzn-stat: AverageBacktrackAmount=0
%%%mzn-stat: AverageLbd=10.234899328859061
%%%mzn-stat: 2AutonomousSearchNumBackupCalled=1174
%%%mzn-stat: 2AutonomousSearchNumPredicatesRemoved=0
%%%mzn-stat: 2AutonomousSearchNumCalls=1182
%%%mzn-stat: 2AutonomousSearchNumPredicatesAdded=1063
%%%mzn-stat: 2AutonomousSearchAverageSizeOfHeap=2.6810490693739424
%%%mzn-stat: 2AutonomousSearchNumAssignedPredicatesEncountered=3169
%%%mzn-stat-end
maxleg = 407;
succ = array1d(1..20,[2, 9, 5, 6, 12, 3, 4, 7, 16, 17, 1, 14, 19, 15, 20, 13, 18, 8, 10, 11]);
% time elapsed: 1.54 s
----------
%%%mzn-stat: initTime=0.003821765
%%%mzn-stat: objective=404
%%%mzn-stat: nodes=1787
%%%mzn-stat: restarts=0
%%%mzn-stat: peakDepth=186
%%%mzn-stat: solveTime=0.037814763
%%%mzn-stat: variables=380
%%%mzn-stat: propagators=262
%%%mzn-stat: failures=313
%%%mzn-stat: propagations=12139
%%%mzn-stat: nogoods=313
%%%mzn-stat: numAtomicConstraintsPropagated=0
%%%mzn-stat: allDifferentNumber1PropagationsTotal=1352
%%%mzn-stat: allDifferentNumber1PropagationsThatFoundConflict=3
%%%mzn-stat: allDifferentNumber1PropagationsThatPruned=799
%%%mzn-stat: allDifferentNumber1TotalValuesPruned=2426
%%%mzn-stat: allDifferentNumber1TotalHallSetSizeConflict=6
%%%mzn-stat: allDifferentNumber1NumberOfConflicts=3
%%%mzn-stat: allDifferentNumber1MaxHallSetSizeConflict=2
%%%mzn-stat: allDifferentNumber1TotalPruningHallSetSize=3939
%%%mzn-stat: allDifferentNumber1NumberOfPruningExplanations=2426
%%%mzn-stat: allDifferentNumber1MaxPruningHallSetSize=11
%%%mzn-stat: allDifferentNumber1TotalFixedEdgesAtConflict=44
%%%mzn-stat: allDifferentNumber1TotalVarsInvolvedInPruning=2239
%%%mzn-stat: allDifferentNumber1MaxValuesPrunedFromSingleVar=5
%%%mzn-stat: allDifferentNumber1TotalSccSizeAtPruning=2135
%%%mzn-stat: allDifferentNumber1NumberOfSccPruningCalls=799
%%%mzn-stat: circuitNumber2PropagationsThatFoundConflict=303
%%%mzn-stat: circuitNumber2TotalFixedEdgesAtConflict=5023
%%%mzn-stat: circuitNumber2NumberOfConflicts=303
%%%mzn-stat: circuitNumber2PropagationsThatPruned=41
%%%mzn-stat: circuitNumber2PropagationsTotal=795
%%%mzn-stat: AverageConflictSize=12.450479233226837
%%%mzn-stat: NumUnitNogoodsLearned=0
%%%mzn-stat: AverageLearnedNogoodLength=11.744408945686901
%%%mzn-stat: AverageBacktrackAmount=0
%%%mzn-stat: AverageLbd=10.060702875399361
%%%mzn-stat: 2AutonomousSearchNumBackupCalled=1296
%%%mzn-stat: 2AutonomousSearchNumPredicatesRemoved=0
%%%mzn-stat: 2AutonomousSearchNumCalls=1305
%%%mzn-stat: 2AutonomousSearchNumPredicatesAdded=1305
%%%mzn-stat: 2AutonomousSearchAverageSizeOfHeap=2.8007662835249043
%%%mzn-stat: 2AutonomousSearchNumAssignedPredicatesEncountered=3655
%%%mzn-stat-end
maxleg = 404;
succ = array1d(1..20,[2, 9, 5, 7, 12, 3, 6, 17, 8, 16, 1, 14, 4, 15, 20, 19, 18, 10, 13, 11]);
% time elapsed: 1.54 s
----------
%%%mzn-stat: initTime=0.003821765
%%%mzn-stat: objective=399
%%%mzn-stat: nodes=1930
%%%mzn-stat: restarts=0
%%%mzn-stat: peakDepth=186
%%%mzn-stat: solveTime=0.038758681
%%%mzn-stat: variables=380
%%%mzn-stat: propagators=262
%%%mzn-stat: failures=315
%%%mzn-stat: propagations=12699
%%%mzn-stat: nogoods=315
%%%mzn-stat: numAtomicConstraintsPropagated=0
%%%mzn-stat: allDifferentNumber1PropagationsTotal=1387
%%%mzn-stat: allDifferentNumber1PropagationsThatFoundConflict=3
%%%mzn-stat: allDifferentNumber1PropagationsThatPruned=817
%%%mzn-stat: allDifferentNumber1TotalValuesPruned=2504
%%%mzn-stat: allDifferentNumber1TotalHallSetSizeConflict=6
%%%mzn-stat: allDifferentNumber1NumberOfConflicts=3
%%%mzn-stat: allDifferentNumber1MaxHallSetSizeConflict=2
%%%mzn-stat: allDifferentNumber1TotalPruningHallSetSize=4081
%%%mzn-stat: allDifferentNumber1NumberOfPruningExplanations=2504
%%%mzn-stat: allDifferentNumber1MaxPruningHallSetSize=12
%%%mzn-stat: allDifferentNumber1TotalFixedEdgesAtConflict=44
%%%mzn-stat: allDifferentNumber1TotalVarsInvolvedInPruning=2308
%%%mzn-stat: allDifferentNumber1MaxValuesPrunedFromSingleVar=5
%%%mzn-stat: allDifferentNumber1TotalSccSizeAtPruning=2189
%%%mzn-stat: allDifferentNumber1NumberOfSccPruningCalls=817
%%%mzn-stat: circuitNumber2PropagationsThatFoundConflict=305
%%%mzn-stat: circuitNumber2TotalFixedEdgesAtConflict=5048
%%%mzn-stat: circuitNumber2NumberOfConflicts=305
%%%mzn-stat: circuitNumber2PropagationsThatPruned=44
%%%mzn-stat: circuitNumber2PropagationsTotal=814
%%%mzn-stat: AverageConflictSize=12.403174603174604
%%%mzn-stat: NumUnitNogoodsLearned=0
%%%mzn-stat: AverageLearnedNogoodLength=11.857142857142858
%%%mzn-stat: AverageBacktrackAmount=0
%%%mzn-stat: AverageLbd=10.041269841269841
%%%mzn-stat: 2AutonomousSearchNumBackupCalled=1423
%%%mzn-stat: 2AutonomousSearchNumPredicatesRemoved=0
%%%mzn-stat: 2AutonomousSearchNumCalls=1433
%%%mzn-stat: 2AutonomousSearchNumPredicatesAdded=1435
%%%mzn-stat: 2AutonomousSearchAverageSizeOfHeap=2.8904396371249126
%%%mzn-stat: 2AutonomousSearchNumAssignedPredicatesEncountered=4142
%%%mzn-stat-end
maxleg = 399;
succ = array1d(1..20,[2, 9, 5, 7, 12, 3, 6, 18, 8, 16, 1, 14, 4, 15, 20, 19, 10, 17, 13, 11]);
% time elapsed: 1.55 s
----------
%%%mzn-stat: initTime=0.003821765
%%%mzn-stat: objective=393
%%%mzn-stat: nodes=2079
%%%mzn-stat: restarts=0
%%%mzn-stat: peakDepth=186
%%%mzn-stat: solveTime=0.041729784
%%%mzn-stat: variables=380
%%%mzn-stat: propagators=262
%%%mzn-stat: failures=330
%%%mzn-stat: propagations=13813
%%%mzn-stat: nogoods=330
%%%mzn-stat: numAtomicConstraintsPropagated=0
%%%mzn-stat: allDifferentNumber1PropagationsTotal=1472
%%%mzn-stat: allDifferentNumber1PropagationsThatFoundConflict=3
%%%mzn-stat: allDifferentNumber1PropagationsThatPruned=866
%%%mzn-stat: allDifferentNumber1TotalValuesPruned=2720
%%%mzn-stat: allDifferentNumber1TotalHallSetSizeConflict=6
%%%mzn-stat: allDifferentNumber1NumberOfConflicts=3
%%%mzn-stat: allDifferentNumber1MaxHallSetSizeConflict=2
%%%mzn-stat: allDifferentNumber1TotalPruningHallSetSize=4777
%%%mzn-stat: allDifferentNumber1NumberOfPruningExplanations=2720
%%%mzn-stat: allDifferentNumber1MaxPruningHallSetSize=12
%%%mzn-stat: allDifferentNumber1TotalFixedEdgesAtConflict=44
%%%mzn-stat: allDifferentNumber1TotalVarsInvolvedInPruning=2478
%%%mzn-stat: allDifferentNumber1MaxValuesPrunedFromSingleVar=5
%%%mzn-stat: allDifferentNumber1TotalSccSizeAtPruning=2476
%%%mzn-stat: allDifferentNumber1NumberOfSccPruningCalls=866
%%%mzn-stat: circuitNumber2PropagationsThatFoundConflict=319
%%%mzn-stat: circuitNumber2TotalFixedEdgesAtConflict=5259
%%%mzn-stat: circuitNumber2NumberOfConflicts=319
%%%mzn-stat: circuitNumber2PropagationsThatPruned=53
%%%mzn-stat: circuitNumber2PropagationsTotal=863
%%%mzn-stat: AverageConflictSize=12.2
%%%mzn-stat: NumUnitNogoodsLearned=0
%%%mzn-stat: AverageLearnedNogoodLength=12.615151515151515
%%%mzn-stat: AverageBacktrackAmount=0
%%%mzn-stat: AverageLbd=9.984848484848484
%%%mzn-stat: 2AutonomousSearchNumBackupCalled=1539
%%%mzn-stat: 2AutonomousSearchNumPredicatesRemoved=0
%%%mzn-stat: 2AutonomousSearchNumCalls=1550
%%%mzn-stat: 2AutonomousSearchNumPredicatesAdded=1737
%%%mzn-stat: 2AutonomousSearchAverageSizeOfHeap=3.0193548387096776
%%%mzn-stat: 2AutonomousSearchNumAssignedPredicatesEncountered=4680
%%%mzn-stat-end
maxleg = 393;
succ = array1d(1..20,[2, 11, 5, 7, 9, 3, 8, 16, 12, 17, 4, 14, 19, 15, 20, 13, 18, 6, 10, 1]);
% time elapsed: 1.55 s
----------
%%%mzn-stat: initTime=0.003821765
%%%mzn-stat: objective=384
%%%mzn-stat: nodes=2206
%%%mzn-stat: restarts=0
%%%mzn-stat: peakDepth=186
%%%mzn-stat: solveTime=0.042400701
%%%mzn-stat: variables=380
%%%mzn-stat: propagators=262
%%%mzn-stat: failures=330
%%%mzn-stat: propagations=14314
%%%mzn-stat: nogoods=330
%%%mzn-stat: numAtomicConstraintsPropagated=0
%%%mzn-stat: allDifferentNumber1PropagationsTotal=1500
%%%mzn-stat: allDifferentNumber1PropagationsThatFoundConflict=3
%%%mzn-stat: allDifferentNumber1PropagationsThatPruned=880
%%%mzn-stat: allDifferentNumber1TotalValuesPruned=2783
%%%mzn-stat: allDifferentNumber1TotalHallSetSizeConflict=6
%%%mzn-stat: allDifferentNumber1NumberOfConflicts=3
%%%mzn-stat: allDifferentNumber1MaxHallSetSizeConflict=2
%%%mzn-stat: allDifferentNumber1TotalPruningHallSetSize=4967
%%%mzn-stat: allDifferentNumber1NumberOfPruningExplanations=2783
%%%mzn-stat: allDifferentNumber1MaxPruningHallSetSize=17
%%%mzn-stat: allDifferentNumber1TotalFixedEdgesAtConflict=44
%%%mzn-stat: allDifferentNumber1TotalVarsInvolvedInPruning=2533
%%%mzn-stat: allDifferentNumber1MaxValuesPrunedFromSingleVar=5
%%%mzn-stat: allDifferentNumber1TotalSccSizeAtPruning=2562
%%%mzn-stat: allDifferentNumber1NumberOfSccPruningCalls=880
%%%mzn-stat: circuitNumber2PropagationsThatFoundConflict=319
%%%mzn-stat: circuitNumber2TotalFixedEdgesAtConflict=5259
%%%mzn-stat: circuitNumber2NumberOfConflicts=319
%%%mzn-stat: circuitNumber2PropagationsThatPruned=54
%%%mzn-stat: circuitNumber2PropagationsTotal=877
%%%mzn-stat: AverageConflictSize=12.2
%%%mzn-stat: NumUnitNogoodsLearned=0
%%%mzn-stat: AverageLearnedNogoodLength=12.615151515151515
%%%mzn-stat: AverageBacktrackAmount=0
%%%mzn-stat: AverageLbd=9.984848484848484
%%%mzn-stat: 2AutonomousSearchNumBackupCalled=1655
%%%mzn-stat: 2AutonomousSearchNumPredicatesRemoved=0
%%%mzn-stat: 2AutonomousSearchNumCalls=1667
%%%mzn-stat: 2AutonomousSearchNumPredicatesAdded=1737
%%%mzn-stat: 2AutonomousSearchAverageSizeOfHeap=3.1301739652069585
%%%mzn-stat: 2AutonomousSearchNumAssignedPredicatesEncountered=5218
%%%mzn-stat-end
maxleg = 384;
succ = array1d(1..20,[2, 11, 5, 7, 9, 3, 8, 16, 12, 17, 4, 14, 19, 20, 1, 13, 18, 6, 10, 15]);
% time elapsed: 1.55 s
----------
%%%mzn-stat: initTime=0.003821765
%%%mzn-stat: objective=345
%%%mzn-stat: nodes=2312
%%%mzn-stat: restarts=0
%%%mzn-stat: peakDepth=186
%%%mzn-stat: solveTime=0.043710391
%%%mzn-stat: variables=380
%%%mzn-stat: propagators=262
%%%mzn-stat: failures=334
%%%mzn-stat: propagations=15006
%%%mzn-stat: nogoods=334
%%%mzn-stat: numAtomicConstraintsPropagated=0
%%%mzn-stat: allDifferentNumber1PropagationsTotal=1543
%%%mzn-stat: allDifferentNumber1PropagationsThatFoundConflict=4
%%%mzn-stat: allDifferentNumber1PropagationsThatPruned=903
%%%mzn-stat: allDifferentNumber1TotalValuesPruned=2886
%%%mzn-stat: allDifferentNumber1TotalHallSetSizeConflict=12
%%%mzn-stat: allDifferentNumber1NumberOfConflicts=4
%%%mzn-stat: allDifferentNumber1MaxHallSetSizeConflict=6
%%%mzn-stat: allDifferentNumber1TotalPruningHallSetSize=5341
%%%mzn-stat: allDifferentNumber1NumberOfPruningExplanations=2886
%%%mzn-stat: allDifferentNumber1MaxPruningHallSetSize=17
%%%mzn-stat: allDifferentNumber1TotalFixedEdgesAtConflict=57
%%%mzn-stat: allDifferentNumber1TotalVarsInvolvedInPruning=2610
%%%mzn-stat: allDifferentNumber1MaxValuesPrunedFromSingleVar=5
%%%mzn-stat: allDifferentNumber1TotalSccSizeAtPruning=2693
%%%mzn-stat: allDifferentNumber1NumberOfSccPruningCalls=903
%%%mzn-stat: circuitNumber2PropagationsThatFoundConflict=322
%%%mzn-stat: circuitNumber2TotalFixedEdgesAtConflict=5303
%%%mzn-stat: circuitNumber2NumberOfConflicts=322
%%%mzn-stat: circuitNumber2PropagationsThatPruned=58
%%%mzn-stat: circuitNumber2PropagationsTotal=899
%%%mzn-stat: AverageConflictSize=12.1437125748503
%%%mzn-stat: NumUnitNogoodsLearned=0
%%%mzn-stat: AverageLearnedNogoodLength=12.910179640718562
%%%mzn-stat: AverageBacktrackAmount=0
%%%mzn-stat: AverageLbd=9.961077844311378
%%%mzn-stat: 2AutonomousSearchNumBackupCalled=1744
%%%mzn-stat: 2AutonomousSearchNumPredicatesRemoved=0
%%%mzn-stat: 2AutonomousSearchNumCalls=1757
%%%mzn-stat: 2AutonomousSearchNumPredicatesAdded=1898
%%%mzn-stat: 2AutonomousSearchAverageSizeOfHeap=3.2771770062606715
%%%mzn-stat: 2AutonomousSearchNumAssignedPredicatesEncountered=5758
%%%mzn-stat-end
maxleg = 345;
succ = array1d(1..20,[2, 11, 5, 7, 12, 3, 6, 18, 8, 16, 9, 14, 4, 20, 1, 19, 10, 17, 13, 15]);
% time elapsed: 1.55 s
----------
%%%mzn-stat: initTime=0.003821765
%%%mzn-stat: objective=315
%%%mzn-stat: nodes=2390
%%%mzn-stat: restarts=0
%%%mzn-stat: peakDepth=186
%%%mzn-stat: solveTime=0.04488465
%%%mzn-stat: variables=380
%%%mzn-stat: propagators=262
%%%mzn-stat: failures=336
%%%mzn-stat: propagations=15637
%%%mzn-stat: nogoods=336
%%%mzn-stat: numAtomicConstraintsPropagated=0
%%%mzn-stat: allDifferentNumber1PropagationsTotal=1577
%%%mzn-stat: allDifferentNumber1PropagationsThatFoundConflict=4
%%%mzn-stat: allDifferentNumber1PropagationsThatPruned=921
%%%mzn-stat: allDifferentNumber1TotalValuesPruned=2959
%%%mzn-stat: allDifferentNumber1TotalHallSetSizeConflict=12
%%%mzn-stat: allDifferentNumber1NumberOfConflicts=4
%%%mzn-stat: allDifferentNumber1MaxHallSetSizeConflict=6
%%%mzn-stat: allDifferentNumber1TotalPruningHallSetSize=5646
%%%mzn-stat: allDifferentNumber1NumberOfPruningExplanations=2959
%%%mzn-stat: allDifferentNumber1MaxPruningHallSetSize=17
%%%mzn-stat: allDifferentNumber1TotalFixedEdgesAtConflict=57
%%%mzn-stat: allDifferentNumber1TotalVarsInvolvedInPruning=2661
%%%mzn-stat: allDifferentNumber1MaxValuesPrunedFromSingleVar=6
%%%mzn-stat: allDifferentNumber1TotalSccSizeAtPruning=2826
%%%mzn-stat: allDifferentNumber1NumberOfSccPruningCalls=921
%%%mzn-stat: circuitNumber2PropagationsThatFoundConflict=324
%%%mzn-stat: circuitNumber2TotalFixedEdgesAtConflict=5331
%%%mzn-stat: circuitNumber2NumberOfConflicts=324
%%%mzn-stat: circuitNumber2PropagationsThatPruned=61
%%%mzn-stat: circuitNumber2PropagationsTotal=917
%%%mzn-stat: AverageConflictSize=12.125
%%%mzn-stat: NumUnitNogoodsLearned=0
%%%mzn-stat: AverageLearnedNogoodLength=13.068452380952381
%%%mzn-stat: AverageBacktrackAmount=0
%%%mzn-stat: AverageLbd=9.93452380952381
%%%mzn-stat: 2AutonomousSearchNumBackupCalled=1809
%%%mzn-stat: 2AutonomousSearchNumPredicatesRemoved=0
%%%mzn-stat: 2AutonomousSearchNumCalls=1823
%%%mzn-stat: 2AutonomousSearchNumPredicatesAdded=2091
%%%mzn-stat: 2AutonomousSearchAverageSizeOfHeap=3.476138233680746
%%%mzn-stat: 2AutonomousSearchNumAssignedPredicatesEncountered=6337
%%%mzn-stat-end
maxleg = 315;
succ = array1d(1..20,[2, 11, 5, 13, 12, 3, 16, 6, 7, 17, 9, 14, 19, 20, 1, 4, 18, 8, 10, 15]);
% time elapsed: 1.55 s
----------
==========
% time elapsed: 1.55 s
%%%mzn-stat: initTime=0.003821765
%%%mzn-stat: objective=315
%%%mzn-stat: nodes=2390
%%%mzn-stat: restarts=0
%%%mzn-stat: peakDepth=186
%%%mzn-stat: solveTime=0.046146942
%%%mzn-stat: variables=380
%%%mzn-stat: propagators=262
%%%mzn-stat: failures=337
%%%mzn-stat: propagations=15860
%%%mzn-stat: nogoods=337
%%%mzn-stat: numAtomicConstraintsPropagated=0
%%%mzn-stat: allDifferentNumber1PropagationsTotal=1578
%%%mzn-stat: allDifferentNumber1PropagationsThatFoundConflict=4
%%%mzn-stat: allDifferentNumber1PropagationsThatPruned=922
%%%mzn-stat: allDifferentNumber1TotalValuesPruned=2964
%%%mzn-stat: allDifferentNumber1TotalHallSetSizeConflict=12
%%%mzn-stat: allDifferentNumber1NumberOfConflicts=4
%%%mzn-stat: allDifferentNumber1MaxHallSetSizeConflict=6
%%%mzn-stat: allDifferentNumber1TotalPruningHallSetSize=5700
%%%mzn-stat: allDifferentNumber1NumberOfPruningExplanations=2964
%%%mzn-stat: allDifferentNumber1MaxPruningHallSetSize=18
%%%mzn-stat: allDifferentNumber1TotalFixedEdgesAtConflict=57
%%%mzn-stat: allDifferentNumber1TotalVarsInvolvedInPruning=2665
%%%mzn-stat: allDifferentNumber1MaxValuesPrunedFromSingleVar=6
%%%mzn-stat: allDifferentNumber1TotalSccSizeAtPruning=2860
%%%mzn-stat: allDifferentNumber1NumberOfSccPruningCalls=922
%%%mzn-stat: circuitNumber2PropagationsThatFoundConflict=325
%%%mzn-stat: circuitNumber2TotalFixedEdgesAtConflict=5335
%%%mzn-stat: circuitNumber2NumberOfConflicts=325
%%%mzn-stat: circuitNumber2PropagationsThatPruned=61
%%%mzn-stat: circuitNumber2PropagationsTotal=918
%%%mzn-stat: AverageConflictSize=12.094955489614243
%%%mzn-stat: NumUnitNogoodsLearned=1
%%%mzn-stat: AverageLearnedNogoodLength=13.032640949554896
%%%mzn-stat: AverageBacktrackAmount=0
%%%mzn-stat: AverageLbd=9.908011869436201
%%%mzn-stat: 2AutonomousSearchNumBackupCalled=1809
%%%mzn-stat: 2AutonomousSearchNumPredicatesRemoved=0
%%%mzn-stat: 2AutonomousSearchNumCalls=1823
%%%mzn-stat: 2AutonomousSearchNumPredicatesAdded=2333
%%%mzn-stat: 2AutonomousSearchAverageSizeOfHeap=3.476138233680746
%%%mzn-stat: 2AutonomousSearchNumAssignedPredicatesEncountered=6337
%%%mzn-stat-end
