% Logging successfully configured
%%%mzn-stat: initTime=0.008522394
%%%mzn-stat: objective=1004
%%%mzn-stat: nodes=257
%%%mzn-stat: restarts=0
%%%mzn-stat: peakDepth=161
%%%mzn-stat: solveTime=0.02933416
%%%mzn-stat: variables=481
%%%mzn-stat: propagators=298
%%%mzn-stat: failures=64
%%%mzn-stat: propagations=3422
%%%mzn-stat: nogoods=64
%%%mzn-stat: numAtomicConstraintsPropagated=0
%%%mzn-stat: allDifferentNumber1PropagationsTotal=339
%%%mzn-stat: allDifferentNumber1PropagationsThatFoundConflict=2
%%%mzn-stat: allDifferentNumber1PropagationsThatPruned=205
%%%mzn-stat: allDifferentNumber1TotalValuesPruned=834
%%%mzn-stat: allDifferentNumber1TotalHallSetSizeConflict=4
%%%mzn-stat: allDifferentNumber1NumberOfConflicts=2
%%%mzn-stat: allDifferentNumber1MaxHallSetSizeConflict=2
%%%mzn-stat: allDifferentNumber1TotalPruningHallSetSize=4237
%%%mzn-stat: allDifferentNumber1NumberOfPruningExplanations=834
%%%mzn-stat: allDifferentNumber1MaxPruningHallSetSize=45
%%%mzn-stat: allDifferentNumber1TotalFixedEdgesAtConflict=85
%%%mzn-stat: allDifferentNumber1TotalVarsInvolvedInPruning=701
%%%mzn-stat: allDifferentNumber1MaxValuesPrunedFromSingleVar=4
%%%mzn-stat: allDifferentNumber1TotalSccSizeAtPruning=1934
%%%mzn-stat: allDifferentNumber1NumberOfSccPruningCalls=205
%%%mzn-stat: circuitNumber2PropagationsThatFoundConflict=61
%%%mzn-stat: circuitNumber2TotalFixedEdgesAtConflict=2298
%%%mzn-stat: circuitNumber2NumberOfConflicts=61
%%%mzn-stat: circuitNumber2PropagationsThatPruned=52
%%%mzn-stat: circuitNumber2PropagationsTotal=213
%%%mzn-stat: AverageConflictSize=14.765625
%%%mzn-stat: NumUnitNogoodsLearned=0
%%%mzn-stat: AverageLearnedNogoodLength=13.09375
%%%mzn-stat: AverageBacktrackAmount=0
%%%mzn-stat: AverageLbd=6.09375
%%%mzn-stat: 2AutonomousSearchNumBackupCalled=148
%%%mzn-stat: 2AutonomousSearchNumPredicatesRemoved=0
%%%mzn-stat: 2AutonomousSearchNumCalls=149
%%%mzn-stat: 2AutonomousSearchNumPredicatesAdded=1622
%%%mzn-stat: 2AutonomousSearchAverageSizeOfHeap=10.885906040268456
%%%mzn-stat: 2AutonomousSearchNumAssignedPredicatesEncountered=1622
%%%mzn-stat-end
maxleg = 1004;
succ = array1d(1..50,[19, 9, 6, 5, 50, 46, 8, 23, 45, 15, 26, 29, 2, 7, 31, 39, 24, 25, 42, 21, 12, 34, 38, 36, 44, 30, 37, 10, 22, 18, 3, 17, 20, 16, 11, 33, 49, 40, 41, 32, 35, 48, 14, 4, 28, 27, 13, 47, 43, 1]);
% time elapsed: 4.84 s
----------
==========
% time elapsed: 4.85 s
%%%mzn-stat: initTime=0.008522394
%%%mzn-stat: objective=1004
%%%mzn-stat: nodes=272
%%%mzn-stat: restarts=0
%%%mzn-stat: peakDepth=161
%%%mzn-stat: solveTime=0.032908897
%%%mzn-stat: variables=481
%%%mzn-stat: propagators=298
%%%mzn-stat: failures=69
%%%mzn-stat: propagations=3657
%%%mzn-stat: nogoods=69
%%%mzn-stat: numAtomicConstraintsPropagated=0
%%%mzn-stat: allDifferentNumber1PropagationsTotal=378
%%%mzn-stat: allDifferentNumber1PropagationsThatFoundConflict=2
%%%mzn-stat: allDifferentNumber1PropagationsThatPruned=226
%%%mzn-stat: allDifferentNumber1TotalValuesPruned=920
%%%mzn-stat: allDifferentNumber1TotalHallSetSizeConflict=4
%%%mzn-stat: allDifferentNumber1NumberOfConflicts=2
%%%mzn-stat: allDifferentNumber1MaxHallSetSizeConflict=2
%%%mzn-stat: allDifferentNumber1TotalPruningHallSetSize=5288
%%%mzn-stat: allDifferentNumber1NumberOfPruningExplanations=920
%%%mzn-stat: allDifferentNumber1MaxPruningHallSetSize=47
%%%mzn-stat: allDifferentNumber1TotalFixedEdgesAtConflict=85
%%%mzn-stat: allDifferentNumber1TotalVarsInvolvedInPruning=769
%%%mzn-stat: allDifferentNumber1MaxValuesPrunedFromSingleVar=4
%%%mzn-stat: allDifferentNumber1TotalSccSizeAtPruning=2355
%%%mzn-stat: allDifferentNumber1NumberOfSccPruningCalls=226
%%%mzn-stat: circuitNumber2PropagationsThatFoundConflict=65
%%%mzn-stat: circuitNumber2TotalFixedEdgesAtConflict=2344
%%%mzn-stat: circuitNumber2NumberOfConflicts=65
%%%mzn-stat: circuitNumber2PropagationsThatPruned=53
%%%mzn-stat: circuitNumber2PropagationsTotal=235
%%%mzn-stat: AverageConflictSize=14.18840579710145
%%%mzn-stat: NumUnitNogoodsLearned=1
%%%mzn-stat: AverageLearnedNogoodLength=12.579710144927537
%%%mzn-stat: AverageBacktrackAmount=0
%%%mzn-stat: AverageLbd=5.884057971014493
%%%mzn-stat: 2AutonomousSearchNumBackupCalled=148
%%%mzn-stat: 2AutonomousSearchNumPredicatesRemoved=0
%%%mzn-stat: 2AutonomousSearchNumCalls=149
%%%mzn-stat: 2AutonomousSearchNumPredicatesAdded=1872
%%%mzn-stat: 2AutonomousSearchAverageSizeOfHeap=10.885906040268456
%%%mzn-stat: 2AutonomousSearchNumAssignedPredicatesEncountered=1622
%%%mzn-stat-end
