%%%mzn-stat: initTime=0.008616385
%%%mzn-stat: objective=258
%%%mzn-stat: nodes=22287
%%%mzn-stat: restarts=0
%%%mzn-stat: peakDepth=310
%%%mzn-stat: solveTime=1.346650108
%%%mzn-stat: variables=851
%%%mzn-stat: propagators=601
%%%mzn-stat: failures=5060
%%%mzn-stat: propagations=264160
%%%mzn-stat: nogoods=5060
%%%mzn-stat: AverageConflictSize=21.733201581027668
%%%mzn-stat: NumUnitNogoodsLearned=257
%%%mzn-stat: AverageLearnedNogoodLength=24.79703557312253
%%%mzn-stat: AverageBacktrackAmount=0
%%%mzn-stat: AverageLbd=13.485573122529644
%%%mzn-stat-end
maxleg = 258;
succ = array1d(1..50,[41, 1, 21, 30, 10, 9, 46, 7, 15, 45, 35, 42, 36, 8, 40, 22, 2, 19, 23, 34, 26, 29, 24, 3, 6, 49, 5, 12, 17, 27, 32, 47, 48, 33, 43, 44, 16, 39, 4, 13, 11, 31, 38, 14, 28, 37, 50, 18, 25, 20]);
% time elapsed: 2.78 s
----------
==========
% time elapsed: 2.78 s
%%%mzn-stat: initTime=0.008616385
%%%mzn-stat: objective=258
%%%mzn-stat: nodes=22287
%%%mzn-stat: restarts=0
%%%mzn-stat: peakDepth=310
%%%mzn-stat: solveTime=1.3466533840000001
%%%mzn-stat: variables=851
%%%mzn-stat: propagators=601
%%%mzn-stat: failures=5060
%%%mzn-stat: propagations=264160
%%%mzn-stat: nogoods=5060
%%%mzn-stat: AverageConflictSize=21.733201581027668
%%%mzn-stat: NumUnitNogoodsLearned=257
%%%mzn-stat: AverageLearnedNogoodLength=24.79703557312253
%%%mzn-stat: AverageBacktrackAmount=0
%%%mzn-stat: AverageLbd=13.485573122529644
%%%mzn-stat-end
