% Logging successfully configured
%%%mzn-stat: initTime=0.007353086
%%%mzn-stat: objective=1002
%%%mzn-stat: nodes=2681
%%%mzn-stat: restarts=0
%%%mzn-stat: peakDepth=299
%%%mzn-stat: solveTime=0.125166988
%%%mzn-stat: variables=636
%%%mzn-stat: propagators=427
%%%mzn-stat: failures=790
%%%mzn-stat: propagations=23846
%%%mzn-stat: nogoods=790
%%%mzn-stat: numAtomicConstraintsPropagated=0
%%%mzn-stat: allDifferentNumber1TotalHallSetSize=16155
%%%mzn-stat: allDifferentNumber1NumberOfConflicts=754
%%%mzn-stat: allDifferentNumber1MaxHallSetSize=44
%%%mzn-stat: allDifferentNumber1PropagationsTotal=4592
%%%mzn-stat: allDifferentNumber1PropagationsThatFoundConflict=754
%%%mzn-stat: circuitNumber2PropagationsThatFoundConflict=28
%%%mzn-stat: circuitNumber2TotalFixedEdgesAtConflict=1326
%%%mzn-stat: circuitNumber2NumberOfConflicts=28
%%%mzn-stat: circuitNumber2PropagationsThatPruned=119
%%%mzn-stat: circuitNumber2PropagationsTotal=2443
%%%mzn-stat: AverageConflictSize=14.381012658227847
%%%mzn-stat: NumUnitNogoodsLearned=0
%%%mzn-stat: AverageLearnedNogoodLength=14.09746835443038
%%%mzn-stat: AverageBacktrackAmount=0
%%%mzn-stat: AverageLbd=13.070886075949367
%%%mzn-stat: 2AutonomousSearchNumBackupCalled=270
%%%mzn-stat: 2AutonomousSearchNumPredicatesRemoved=0
%%%mzn-stat: 2AutonomousSearchNumCalls=271
%%%mzn-stat: 2AutonomousSearchNumPredicatesAdded=1192
%%%mzn-stat: 2AutonomousSearchAverageSizeOfHeap=4.398523985239852
%%%mzn-stat: 2AutonomousSearchNumAssignedPredicatesEncountered=1192
%%%mzn-stat-end
maxleg = 1002;
succ = array1d(1..50,[2, 5, 15, 19, 16, 8, 17, 33, 26, 13, 12, 21, 14, 1, 6, 27, 37, 7, 29, 18, 46, 25, 22, 23, 31, 36, 44, 9, 49, 20, 32, 11, 42, 43, 47, 4, 10, 48, 28, 3, 30, 24, 45, 38, 35, 39, 41, 40, 50, 34]);
% time elapsed: 0.79 s
----------
%%%mzn-stat: initTime=0.007353086
%%%mzn-stat: objective=334
%%%mzn-stat: nodes=43279
%%%mzn-stat: restarts=0
%%%mzn-stat: peakDepth=299
%%%mzn-stat: solveTime=6.606424243
%%%mzn-stat: variables=636
%%%mzn-stat: propagators=427
%%%mzn-stat: failures=34590
%%%mzn-stat: propagations=796151
%%%mzn-stat: nogoods=34590
%%%mzn-stat: numAtomicConstraintsPropagated=0
%%%mzn-stat: allDifferentNumber1TotalHallSetSize=558952
%%%mzn-stat: allDifferentNumber1NumberOfConflicts=24757
%%%mzn-stat: allDifferentNumber1MaxHallSetSize=44
%%%mzn-stat: allDifferentNumber1PropagationsTotal=98691
%%%mzn-stat: allDifferentNumber1PropagationsThatFoundConflict=24757
%%%mzn-stat: circuitNumber2PropagationsThatFoundConflict=2036
%%%mzn-stat: circuitNumber2TotalFixedEdgesAtConflict=75449
%%%mzn-stat: circuitNumber2NumberOfConflicts=2036
%%%mzn-stat: circuitNumber2PropagationsThatPruned=4033
%%%mzn-stat: circuitNumber2PropagationsTotal=45665
%%%mzn-stat: AverageConflictSize=20.66062445793582
%%%mzn-stat: NumUnitNogoodsLearned=0
%%%mzn-stat: AverageLearnedNogoodLength=25.159699335067938
%%%mzn-stat: AverageBacktrackAmount=0
%%%mzn-stat: AverageLbd=16.949609713790114
%%%mzn-stat: 2AutonomousSearchNumBackupCalled=522
%%%mzn-stat: 2AutonomousSearchNumPredicatesRemoved=0
%%%mzn-stat: 2AutonomousSearchNumCalls=524
%%%mzn-stat: 2AutonomousSearchNumPredicatesAdded=3799
%%%mzn-stat: 2AutonomousSearchAverageSizeOfHeap=7.3683206106870225
%%%mzn-stat: 2AutonomousSearchNumAssignedPredicatesEncountered=3861
%%%mzn-stat-end
maxleg = 334;
succ = array1d(1..50,[2, 5, 15, 19, 16, 8, 17, 33, 26, 13, 12, 21, 31, 1, 6, 27, 18, 10, 14, 30, 25, 23, 24, 40, 22, 28, 44, 20, 4, 46, 32, 11, 36, 49, 45, 9, 7, 48, 41, 42, 47, 38, 34, 37, 43, 39, 35, 3, 50, 29]);
% time elapsed: 7.26 s
----------
%%%mzn-stat: initTime=0.007353086
%%%mzn-stat: objective=318
%%%mzn-stat: nodes=43671
%%%mzn-stat: restarts=0
%%%mzn-stat: peakDepth=299
%%%mzn-stat: solveTime=6.63362657
%%%mzn-stat: variables=636
%%%mzn-stat: propagators=427
%%%mzn-stat: failures=34659
%%%mzn-stat: propagations=799708
%%%mzn-stat: nogoods=34659
%%%mzn-stat: numAtomicConstraintsPropagated=0
%%%mzn-stat: allDifferentNumber1TotalHallSetSize=559217
%%%mzn-stat: allDifferentNumber1NumberOfConflicts=24819
%%%mzn-stat: allDifferentNumber1MaxHallSetSize=44
%%%mzn-stat: allDifferentNumber1PropagationsTotal=99112
%%%mzn-stat: allDifferentNumber1PropagationsThatFoundConflict=24819
%%%mzn-stat: circuitNumber2PropagationsThatFoundConflict=2042
%%%mzn-stat: circuitNumber2TotalFixedEdgesAtConflict=75677
%%%mzn-stat: circuitNumber2NumberOfConflicts=2042
%%%mzn-stat: circuitNumber2PropagationsThatPruned=4141
%%%mzn-stat: circuitNumber2PropagationsTotal=45944
%%%mzn-stat: AverageConflictSize=20.635707896938747
%%%mzn-stat: NumUnitNogoodsLearned=0
%%%mzn-stat: AverageLearnedNogoodLength=25.16526731873395
%%%mzn-stat: AverageBacktrackAmount=0
%%%mzn-stat: AverageLbd=16.960529732537005
%%%mzn-stat: 2AutonomousSearchNumBackupCalled=771
%%%mzn-stat: 2AutonomousSearchNumPredicatesRemoved=0
%%%mzn-stat: 2AutonomousSearchNumCalls=774
%%%mzn-stat: 2AutonomousSearchNumPredicatesAdded=4904
%%%mzn-stat: 2AutonomousSearchAverageSizeOfHeap=8.44702842377261
%%%mzn-stat: 2AutonomousSearchNumAssignedPredicatesEncountered=6538
%%%mzn-stat-end
maxleg = 318;
succ = array1d(1..50,[2, 5, 15, 19, 16, 8, 17, 33, 26, 13, 12, 21, 31, 27, 6, 37, 18, 10, 14, 30, 25, 23, 24, 40, 22, 28, 44, 20, 4, 46, 32, 11, 36, 49, 45, 9, 7, 48, 41, 42, 47, 38, 34, 1, 43, 39, 35, 3, 50, 29]);
% time elapsed: 7.29 s
----------
%%%mzn-stat: initTime=0.007353086
%%%mzn-stat: objective=317
%%%mzn-stat: nodes=43961
%%%mzn-stat: restarts=0
%%%mzn-stat: peakDepth=299
%%%mzn-stat: solveTime=6.638696219
%%%mzn-stat: variables=636
%%%mzn-stat: propagators=427
%%%mzn-stat: failures=34669
%%%mzn-stat: propagations=800733
%%%mzn-stat: nogoods=34669
%%%mzn-stat: numAtomicConstraintsPropagated=0
%%%mzn-stat: allDifferentNumber1TotalHallSetSize=559249
%%%mzn-stat: allDifferentNumber1NumberOfConflicts=24828
%%%mzn-stat: allDifferentNumber1MaxHallSetSize=44
%%%mzn-stat: allDifferentNumber1PropagationsTotal=99206
%%%mzn-stat: allDifferentNumber1PropagationsThatFoundConflict=24828
%%%mzn-stat: circuitNumber2PropagationsThatFoundConflict=2042
%%%mzn-stat: circuitNumber2TotalFixedEdgesAtConflict=75677
%%%mzn-stat: circuitNumber2NumberOfConflicts=2042
%%%mzn-stat: circuitNumber2PropagationsThatPruned=4149
%%%mzn-stat: circuitNumber2PropagationsTotal=46001
%%%mzn-stat: AverageConflictSize=20.631313276990973
%%%mzn-stat: NumUnitNogoodsLearned=0
%%%mzn-stat: AverageLearnedNogoodLength=25.163229398021286
%%%mzn-stat: AverageBacktrackAmount=0
%%%mzn-stat: AverageLbd=16.960137298451066
%%%mzn-stat: 2AutonomousSearchNumBackupCalled=1018
%%%mzn-stat: 2AutonomousSearchNumPredicatesRemoved=0
%%%mzn-stat: 2AutonomousSearchNumCalls=1022
%%%mzn-stat: 2AutonomousSearchNumPredicatesAdded=5278
%%%mzn-stat: 2AutonomousSearchAverageSizeOfHeap=9.030332681017612
%%%mzn-stat: 2AutonomousSearchNumAssignedPredicatesEncountered=9229
%%%mzn-stat-end
maxleg = 317;
succ = array1d(1..50,[2, 5, 15, 19, 16, 8, 17, 33, 26, 13, 12, 21, 31, 27, 6, 37, 18, 10, 14, 30, 25, 23, 24, 40, 22, 28, 44, 20, 49, 46, 32, 11, 36, 29, 45, 9, 7, 48, 41, 42, 47, 38, 34, 1, 43, 39, 35, 3, 50, 4]);
% time elapsed: 7.30 s
----------
%%%mzn-stat: initTime=0.007353086
%%%mzn-stat: objective=317
%%%mzn-stat: nodes=8428162
%%%mzn-stat: restarts=0
%%%mzn-stat: peakDepth=299
%%%mzn-stat: solveTime=1799.355509817
%%%mzn-stat: variables=636
%%%mzn-stat: propagators=427
%%%mzn-stat: failures=4978033
%%%mzn-stat: propagations=199216554
%%%mzn-stat: nogoods=4978033
%%%mzn-stat: numAtomicConstraintsPropagated=0
%%%mzn-stat: allDifferentNumber1TotalHallSetSize=892505
%%%mzn-stat: allDifferentNumber1NumberOfConflicts=63894
%%%mzn-stat: allDifferentNumber1MaxHallSetSize=44
%%%mzn-stat: allDifferentNumber1PropagationsTotal=20638246
%%%mzn-stat: allDifferentNumber1PropagationsThatFoundConflict=63894
%%%mzn-stat: circuitNumber2PropagationsThatFoundConflict=4821278
%%%mzn-stat: circuitNumber2TotalFixedEdgesAtConflict=227082855
%%%mzn-stat: circuitNumber2NumberOfConflicts=4821278
%%%mzn-stat: circuitNumber2PropagationsThatPruned=2770175
%%%mzn-stat: circuitNumber2PropagationsTotal=15465872
%%%mzn-stat: AverageConflictSize=43.74846591012956
%%%mzn-stat: NumUnitNogoodsLearned=0
%%%mzn-stat: AverageLearnedNogoodLength=32.17938832466559
%%%mzn-stat: AverageBacktrackAmount=0
%%%mzn-stat: AverageLbd=22.60252895069197
%%%mzn-stat: 2AutonomousSearchNumBackupCalled=1018
%%%mzn-stat: 2AutonomousSearchNumPredicatesRemoved=0
%%%mzn-stat: 2AutonomousSearchNumCalls=1022
%%%mzn-stat: 2AutonomousSearchNumPredicatesAdded=7792
%%%mzn-stat: 2AutonomousSearchAverageSizeOfHeap=9.030332681017612
%%%mzn-stat: 2AutonomousSearchNumAssignedPredicatesEncountered=9229
%%%mzn-stat-end
