% Logging successfully configured
%%%mzn-stat: initTime=0.028555806
%%%mzn-stat: objective=500
%%%mzn-stat: nodes=427
%%%mzn-stat: restarts=0
%%%mzn-stat: peakDepth=421
%%%mzn-stat: solveTime=0.005195529
%%%mzn-stat: variables=865
%%%mzn-stat: propagators=612
%%%mzn-stat: failures=5
%%%mzn-stat: propagations=2240
%%%mzn-stat: nogoods=5
%%%mzn-stat: numAtomicConstraintsPropagated=0
%%%mzn-stat: allDifferentNumber1PropagationsTotal=90
%%%mzn-stat: allDifferentNumber1PropagationsThatFoundConflict=0
%%%mzn-stat: allDifferentNumber1PropagationsThatPruned=50
%%%mzn-stat: allDifferentNumber1TotalValuesPruned=279
%%%mzn-stat: allDifferentNumber1TotalHallSetSizeConflict=0
%%%mzn-stat: allDifferentNumber1NumberOfConflicts=0
%%%mzn-stat: allDifferentNumber1MaxHallSetSizeConflict=0
%%%mzn-stat: allDifferentNumber1TotalPruningHallSetSize=722
%%%mzn-stat: allDifferentNumber1NumberOfPruningExplanations=279
%%%mzn-stat: allDifferentNumber1MaxPruningHallSetSize=21
%%%mzn-stat: allDifferentNumber1TotalFixedEdgesAtConflict=0
%%%mzn-stat: allDifferentNumber1TotalVarsInvolvedInPruning=247
%%%mzn-stat: allDifferentNumber1MaxValuesPrunedFromSingleVar=6
%%%mzn-stat: allDifferentNumber1TotalSccSizeAtPruning=251
%%%mzn-stat: allDifferentNumber1NumberOfSccPruningCalls=50
%%%mzn-stat: circuitNumber2PropagationsThatFoundConflict=5
%%%mzn-stat: circuitNumber2TotalFixedEdgesAtConflict=196
%%%mzn-stat: circuitNumber2NumberOfConflicts=5
%%%mzn-stat: circuitNumber2PropagationsThatPruned=9
%%%mzn-stat: circuitNumber2PropagationsTotal=51
%%%mzn-stat: AverageConflictSize=26.4
%%%mzn-stat: NumUnitNogoodsLearned=0
%%%mzn-stat: AverageLearnedNogoodLength=29.8
%%%mzn-stat: AverageBacktrackAmount=0
%%%mzn-stat: AverageLbd=22.2
%%%mzn-stat: 2AutonomousSearchNumBackupCalled=387
%%%mzn-stat: 2AutonomousSearchNumPredicatesRemoved=0
%%%mzn-stat: 2AutonomousSearchNumCalls=388
%%%mzn-stat: 2AutonomousSearchNumPredicatesAdded=380
%%%mzn-stat: 2AutonomousSearchAverageSizeOfHeap=0.979381443298969
%%%mzn-stat: 2AutonomousSearchNumAssignedPredicatesEncountered=380
%%%mzn-stat-end
maxleg = 500;
succ = array1d(1..50,[4, 5, 9, 8, 14, 13, 1, 10, 11, 12, 16, 18, 7, 15, 20, 33, 19, 3, 24, 29, 25, 6, 26, 30, 22, 31, 40, 37, 35, 47, 36, 38, 41, 17, 43, 32, 21, 48, 34, 2, 23, 39, 50, 27, 42, 49, 28, 44, 45, 46]);
% time elapsed: 6.78 s
----------
%%%mzn-stat: initTime=0.028555806
%%%mzn-stat: objective=470
%%%mzn-stat: nodes=50734
%%%mzn-stat: restarts=0
%%%mzn-stat: peakDepth=438
%%%mzn-stat: solveTime=16.968245154999998
%%%mzn-stat: variables=865
%%%mzn-stat: propagators=612
%%%mzn-stat: failures=37583
%%%mzn-stat: propagations=1344454
%%%mzn-stat: nogoods=37583
%%%mzn-stat: numAtomicConstraintsPropagated=0
%%%mzn-stat: allDifferentNumber1PropagationsTotal=175564
%%%mzn-stat: allDifferentNumber1PropagationsThatFoundConflict=2182
%%%mzn-stat: allDifferentNumber1PropagationsThatPruned=108302
%%%mzn-stat: allDifferentNumber1TotalValuesPruned=505184
%%%mzn-stat: allDifferentNumber1TotalHallSetSizeConflict=15417
%%%mzn-stat: allDifferentNumber1NumberOfConflicts=2182
%%%mzn-stat: allDifferentNumber1MaxHallSetSizeConflict=18
%%%mzn-stat: allDifferentNumber1TotalPruningHallSetSize=2111421
%%%mzn-stat: allDifferentNumber1NumberOfPruningExplanations=505184
%%%mzn-stat: allDifferentNumber1MaxPruningHallSetSize=35
%%%mzn-stat: allDifferentNumber1TotalFixedEdgesAtConflict=85432
%%%mzn-stat: allDifferentNumber1TotalVarsInvolvedInPruning=383391
%%%mzn-stat: allDifferentNumber1MaxValuesPrunedFromSingleVar=8
%%%mzn-stat: allDifferentNumber1TotalSccSizeAtPruning=1031619
%%%mzn-stat: allDifferentNumber1NumberOfSccPruningCalls=108302
%%%mzn-stat: circuitNumber2PropagationsThatFoundConflict=31603
%%%mzn-stat: circuitNumber2TotalFixedEdgesAtConflict=1297132
%%%mzn-stat: circuitNumber2NumberOfConflicts=31603
%%%mzn-stat: circuitNumber2PropagationsThatPruned=29767
%%%mzn-stat: circuitNumber2PropagationsTotal=108291
%%%mzn-stat: AverageConflictSize=24.006678551472742
%%%mzn-stat: NumUnitNogoodsLearned=0
%%%mzn-stat: AverageLearnedNogoodLength=36.32504057685656
%%%mzn-stat: AverageBacktrackAmount=0
%%%mzn-stat: AverageLbd=21.424766516776202
%%%mzn-stat: 2AutonomousSearchNumBackupCalled=792
%%%mzn-stat: 2AutonomousSearchNumPredicatesRemoved=0
%%%mzn-stat: 2AutonomousSearchNumCalls=794
%%%mzn-stat: 2AutonomousSearchNumPredicatesAdded=1950
%%%mzn-stat: 2AutonomousSearchAverageSizeOfHeap=2.6032745591939546
%%%mzn-stat: 2AutonomousSearchNumAssignedPredicatesEncountered=2067
%%%mzn-stat-end
maxleg = 470;
succ = array1d(1..50,[4, 5, 9, 8, 14, 13, 1, 10, 11, 12, 16, 18, 7, 15, 20, 33, 19, 3, 24, 29, 37, 6, 26, 30, 22, 31, 44, 43, 35, 47, 36, 38, 41, 17, 25, 32, 49, 48, 34, 2, 23, 39, 50, 21, 42, 40, 28, 27, 45, 46]);
% time elapsed: 23.72 s
----------
%%%mzn-stat: initTime=0.028555806
%%%mzn-stat: objective=412
%%%mzn-stat: nodes=95216
%%%mzn-stat: restarts=0
%%%mzn-stat: peakDepth=438
%%%mzn-stat: solveTime=35.127135891
%%%mzn-stat: variables=865
%%%mzn-stat: propagators=612
%%%mzn-stat: failures=73527
%%%mzn-stat: propagations=2611085
%%%mzn-stat: nogoods=73527
%%%mzn-stat: numAtomicConstraintsPropagated=0
%%%mzn-stat: allDifferentNumber1PropagationsTotal=334192
%%%mzn-stat: allDifferentNumber1PropagationsThatFoundConflict=4808
%%%mzn-stat: allDifferentNumber1PropagationsThatPruned=207344
%%%mzn-stat: allDifferentNumber1TotalValuesPruned=969424
%%%mzn-stat: allDifferentNumber1TotalHallSetSizeConflict=31216
%%%mzn-stat: allDifferentNumber1NumberOfConflicts=4808
%%%mzn-stat: allDifferentNumber1MaxHallSetSizeConflict=18
%%%mzn-stat: allDifferentNumber1TotalPruningHallSetSize=4042338
%%%mzn-stat: allDifferentNumber1NumberOfPruningExplanations=969424
%%%mzn-stat: allDifferentNumber1MaxPruningHallSetSize=36
%%%mzn-stat: allDifferentNumber1TotalFixedEdgesAtConflict=188486
%%%mzn-stat: allDifferentNumber1TotalVarsInvolvedInPruning=737444
%%%mzn-stat: allDifferentNumber1MaxValuesPrunedFromSingleVar=8
%%%mzn-stat: allDifferentNumber1TotalSccSizeAtPruning=1996910
%%%mzn-stat: allDifferentNumber1NumberOfSccPruningCalls=207344
%%%mzn-stat: circuitNumber2PropagationsThatFoundConflict=60919
%%%mzn-stat: circuitNumber2TotalFixedEdgesAtConflict=2500852
%%%mzn-stat: circuitNumber2NumberOfConflicts=60919
%%%mzn-stat: circuitNumber2PropagationsThatPruned=56042
%%%mzn-stat: circuitNumber2PropagationsTotal=205233
%%%mzn-stat: AverageConflictSize=23.82429583690345
%%%mzn-stat: NumUnitNogoodsLearned=0
%%%mzn-stat: AverageLearnedNogoodLength=37.376650754144734
%%%mzn-stat: AverageBacktrackAmount=0
%%%mzn-stat: AverageLbd=21.676268581609477
%%%mzn-stat: 2AutonomousSearchNumBackupCalled=1179
%%%mzn-stat: 2AutonomousSearchNumPredicatesRemoved=0
%%%mzn-stat: 2AutonomousSearchNumCalls=1182
%%%mzn-stat: 2AutonomousSearchNumPredicatesAdded=3551
%%%mzn-stat: 2AutonomousSearchAverageSizeOfHeap=3.2681895093062607
%%%mzn-stat: 2AutonomousSearchNumAssignedPredicatesEncountered=3863
%%%mzn-stat-end
maxleg = 412;
succ = array1d(1..50,[4, 5, 9, 8, 14, 13, 1, 10, 11, 12, 16, 18, 7, 20, 40, 33, 19, 3, 24, 29, 37, 6, 26, 30, 22, 31, 44, 43, 35, 47, 36, 38, 41, 17, 25, 32, 49, 48, 34, 2, 23, 39, 50, 21, 42, 15, 28, 27, 45, 46]);
% time elapsed: 41.88 s
----------
%%%mzn-stat: initTime=0.028555806
%%%mzn-stat: objective=393
%%%mzn-stat: nodes=95693
%%%mzn-stat: restarts=0
%%%mzn-stat: peakDepth=438
%%%mzn-stat: solveTime=35.154849212
%%%mzn-stat: variables=865
%%%mzn-stat: propagators=612
%%%mzn-stat: failures=73589
%%%mzn-stat: propagations=2613845
%%%mzn-stat: nogoods=73589
%%%mzn-stat: numAtomicConstraintsPropagated=0
%%%mzn-stat: allDifferentNumber1PropagationsTotal=334493
%%%mzn-stat: allDifferentNumber1PropagationsThatFoundConflict=4808
%%%mzn-stat: allDifferentNumber1PropagationsThatPruned=207527
%%%mzn-stat: allDifferentNumber1TotalValuesPruned=970074
%%%mzn-stat: allDifferentNumber1TotalHallSetSizeConflict=31216
%%%mzn-stat: allDifferentNumber1NumberOfConflicts=4808
%%%mzn-stat: allDifferentNumber1MaxHallSetSizeConflict=18
%%%mzn-stat: allDifferentNumber1TotalPruningHallSetSize=4044182
%%%mzn-stat: allDifferentNumber1NumberOfPruningExplanations=970074
%%%mzn-stat: allDifferentNumber1MaxPruningHallSetSize=45
%%%mzn-stat: allDifferentNumber1TotalFixedEdgesAtConflict=188486
%%%mzn-stat: allDifferentNumber1TotalVarsInvolvedInPruning=737987
%%%mzn-stat: allDifferentNumber1MaxValuesPrunedFromSingleVar=8
%%%mzn-stat: allDifferentNumber1TotalSccSizeAtPruning=1997971
%%%mzn-stat: allDifferentNumber1NumberOfSccPruningCalls=207527
%%%mzn-stat: circuitNumber2PropagationsThatFoundConflict=60981
%%%mzn-stat: circuitNumber2TotalFixedEdgesAtConflict=2503714
%%%mzn-stat: circuitNumber2NumberOfConflicts=60981
%%%mzn-stat: circuitNumber2PropagationsThatPruned=56085
%%%mzn-stat: circuitNumber2PropagationsTotal=205423
%%%mzn-stat: AverageConflictSize=23.834486132438272
%%%mzn-stat: NumUnitNogoodsLearned=0
%%%mzn-stat: AverageLearnedNogoodLength=37.37531424533558
%%%mzn-stat: AverageBacktrackAmount=0
%%%mzn-stat: AverageLbd=21.677764339779042
%%%mzn-stat: 2AutonomousSearchNumBackupCalled=1560
%%%mzn-stat: 2AutonomousSearchNumPredicatesRemoved=0
%%%mzn-stat: 2AutonomousSearchNumCalls=1564
%%%mzn-stat: 2AutonomousSearchNumPredicatesAdded=4368
%%%mzn-stat: 2AutonomousSearchAverageSizeOfHeap=3.680306905370844
%%%mzn-stat: 2AutonomousSearchNumAssignedPredicatesEncountered=5756
%%%mzn-stat-end
maxleg = 393;
succ = array1d(1..50,[4, 5, 9, 8, 14, 13, 1, 10, 11, 16, 17, 18, 7, 20, 40, 3, 19, 33, 24, 29, 25, 6, 26, 30, 27, 22, 44, 42, 21, 47, 36, 12, 41, 39, 37, 38, 46, 32, 45, 2, 23, 34, 50, 48, 49, 15, 28, 31, 43, 35]);
% time elapsed: 41.91 s
----------
%%%mzn-stat: initTime=0.028555806
%%%mzn-stat: objective=383
%%%mzn-stat: nodes=96167
%%%mzn-stat: restarts=0
%%%mzn-stat: peakDepth=438
%%%mzn-stat: solveTime=35.174519078
%%%mzn-stat: variables=865
%%%mzn-stat: propagators=612
%%%mzn-stat: failures=73637
%%%mzn-stat: propagations=2616342
%%%mzn-stat: nogoods=73637
%%%mzn-stat: numAtomicConstraintsPropagated=0
%%%mzn-stat: allDifferentNumber1PropagationsTotal=334774
%%%mzn-stat: allDifferentNumber1PropagationsThatFoundConflict=4808
%%%mzn-stat: allDifferentNumber1PropagationsThatPruned=207690
%%%mzn-stat: allDifferentNumber1TotalValuesPruned=970589
%%%mzn-stat: allDifferentNumber1TotalHallSetSizeConflict=31216
%%%mzn-stat: allDifferentNumber1NumberOfConflicts=4808
%%%mzn-stat: allDifferentNumber1MaxHallSetSizeConflict=18
%%%mzn-stat: allDifferentNumber1TotalPruningHallSetSize=4045561
%%%mzn-stat: allDifferentNumber1NumberOfPruningExplanations=970589
%%%mzn-stat: allDifferentNumber1MaxPruningHallSetSize=45
%%%mzn-stat: allDifferentNumber1TotalFixedEdgesAtConflict=188486
%%%mzn-stat: allDifferentNumber1TotalVarsInvolvedInPruning=738436
%%%mzn-stat: allDifferentNumber1MaxValuesPrunedFromSingleVar=8
%%%mzn-stat: allDifferentNumber1TotalSccSizeAtPruning=1998630
%%%mzn-stat: allDifferentNumber1NumberOfSccPruningCalls=207690
%%%mzn-stat: circuitNumber2PropagationsThatFoundConflict=61029
%%%mzn-stat: circuitNumber2TotalFixedEdgesAtConflict=2505941
%%%mzn-stat: circuitNumber2NumberOfConflicts=61029
%%%mzn-stat: circuitNumber2PropagationsThatPruned=56107
%%%mzn-stat: circuitNumber2PropagationsTotal=205590
%%%mzn-stat: AverageConflictSize=23.834621182286078
%%%mzn-stat: NumUnitNogoodsLearned=0
%%%mzn-stat: AverageLearnedNogoodLength=37.368170892350314
%%%mzn-stat: AverageBacktrackAmount=0
%%%mzn-stat: AverageLbd=21.674783057430368
%%%mzn-stat: 2AutonomousSearchNumBackupCalled=1930
%%%mzn-stat: 2AutonomousSearchNumPredicatesRemoved=0
%%%mzn-stat: 2AutonomousSearchNumCalls=1935
%%%mzn-stat: 2AutonomousSearchNumPredicatesAdded=4873
%%%mzn-stat: 2AutonomousSearchAverageSizeOfHeap=3.9674418604651165
%%%mzn-stat: 2AutonomousSearchNumAssignedPredicatesEncountered=7677
%%%mzn-stat-end
maxleg = 383;
succ = array1d(1..50,[4, 5, 9, 8, 14, 13, 1, 10, 11, 16, 17, 18, 7, 20, 40, 3, 19, 33, 47, 29, 25, 6, 26, 30, 27, 22, 44, 42, 21, 34, 36, 12, 41, 39, 37, 38, 46, 32, 45, 2, 23, 24, 50, 48, 49, 15, 28, 31, 43, 35]);
% time elapsed: 41.93 s
----------
%%%mzn-stat: initTime=0.028555806
%%%mzn-stat: objective=365
%%%mzn-stat: nodes=96612
%%%mzn-stat: restarts=0
%%%mzn-stat: peakDepth=438
%%%mzn-stat: solveTime=35.191922636
%%%mzn-stat: variables=865
%%%mzn-stat: propagators=612
%%%mzn-stat: failures=73678
%%%mzn-stat: propagations=2618746
%%%mzn-stat: nogoods=73678
%%%mzn-stat: numAtomicConstraintsPropagated=0
%%%mzn-stat: allDifferentNumber1PropagationsTotal=335021
%%%mzn-stat: allDifferentNumber1PropagationsThatFoundConflict=4808
%%%mzn-stat: allDifferentNumber1PropagationsThatPruned=207836
%%%mzn-stat: allDifferentNumber1TotalValuesPruned=971280
%%%mzn-stat: allDifferentNumber1TotalHallSetSizeConflict=31216
%%%mzn-stat: allDifferentNumber1NumberOfConflicts=4808
%%%mzn-stat: allDifferentNumber1MaxHallSetSizeConflict=18
%%%mzn-stat: allDifferentNumber1TotalPruningHallSetSize=4049050
%%%mzn-stat: allDifferentNumber1NumberOfPruningExplanations=971280
%%%mzn-stat: allDifferentNumber1MaxPruningHallSetSize=45
%%%mzn-stat: allDifferentNumber1TotalFixedEdgesAtConflict=188486
%%%mzn-stat: allDifferentNumber1TotalVarsInvolvedInPruning=738970
%%%mzn-stat: allDifferentNumber1MaxValuesPrunedFromSingleVar=8
%%%mzn-stat: allDifferentNumber1TotalSccSizeAtPruning=2000580
%%%mzn-stat: allDifferentNumber1NumberOfSccPruningCalls=207836
%%%mzn-stat: circuitNumber2PropagationsThatFoundConflict=61070
%%%mzn-stat: circuitNumber2TotalFixedEdgesAtConflict=2507155
%%%mzn-stat: circuitNumber2NumberOfConflicts=61070
%%%mzn-stat: circuitNumber2PropagationsThatPruned=56147
%%%mzn-stat: circuitNumber2PropagationsTotal=205746
%%%mzn-stat: AverageConflictSize=23.8242759032547
%%%mzn-stat: NumUnitNogoodsLearned=0
%%%mzn-stat: AverageLearnedNogoodLength=37.365794402671085
%%%mzn-stat: AverageBacktrackAmount=0
%%%mzn-stat: AverageLbd=21.668042020684602
%%%mzn-stat: 2AutonomousSearchNumBackupCalled=2287
%%%mzn-stat: 2AutonomousSearchNumPredicatesRemoved=0
%%%mzn-stat: 2AutonomousSearchNumCalls=2293
%%%mzn-stat: 2AutonomousSearchNumPredicatesAdded=5882
%%%mzn-stat: 2AutonomousSearchAverageSizeOfHeap=4.286088094199738
%%%mzn-stat: 2AutonomousSearchNumAssignedPredicatesEncountered=9828
%%%mzn-stat-end
maxleg = 365;
succ = array1d(1..50,[4, 5, 9, 8, 14, 13, 1, 10, 11, 16, 17, 18, 7, 20, 40, 33, 19, 3, 47, 29, 25, 6, 12, 30, 27, 22, 44, 42, 21, 34, 26, 36, 41, 39, 37, 31, 46, 32, 45, 2, 23, 24, 50, 48, 49, 15, 28, 38, 43, 35]);
% time elapsed: 41.95 s
----------
%%%mzn-stat: initTime=0.028555806
%%%mzn-stat: objective=358
%%%mzn-stat: nodes=97016
%%%mzn-stat: restarts=0
%%%mzn-stat: peakDepth=438
%%%mzn-stat: solveTime=35.197356271
%%%mzn-stat: variables=865
%%%mzn-stat: propagators=612
%%%mzn-stat: failures=73686
%%%mzn-stat: propagations=2620086
%%%mzn-stat: nogoods=73686
%%%mzn-stat: numAtomicConstraintsPropagated=0
%%%mzn-stat: allDifferentNumber1PropagationsTotal=335118
%%%mzn-stat: allDifferentNumber1PropagationsThatFoundConflict=4808
%%%mzn-stat: allDifferentNumber1PropagationsThatPruned=207890
%%%mzn-stat: allDifferentNumber1TotalValuesPruned=971572
%%%mzn-stat: allDifferentNumber1TotalHallSetSizeConflict=31216
%%%mzn-stat: allDifferentNumber1NumberOfConflicts=4808
%%%mzn-stat: allDifferentNumber1MaxHallSetSizeConflict=18
%%%mzn-stat: allDifferentNumber1TotalPruningHallSetSize=4050017
%%%mzn-stat: allDifferentNumber1NumberOfPruningExplanations=971572
%%%mzn-stat: allDifferentNumber1MaxPruningHallSetSize=45
%%%mzn-stat: allDifferentNumber1TotalFixedEdgesAtConflict=188486
%%%mzn-stat: allDifferentNumber1TotalVarsInvolvedInPruning=739216
%%%mzn-stat: allDifferentNumber1MaxValuesPrunedFromSingleVar=8
%%%mzn-stat: allDifferentNumber1TotalSccSizeAtPruning=2000946
%%%mzn-stat: allDifferentNumber1NumberOfSccPruningCalls=207890
%%%mzn-stat: circuitNumber2PropagationsThatFoundConflict=61078
%%%mzn-stat: circuitNumber2TotalFixedEdgesAtConflict=2507458
%%%mzn-stat: circuitNumber2NumberOfConflicts=61078
%%%mzn-stat: circuitNumber2PropagationsThatPruned=56152
%%%mzn-stat: circuitNumber2PropagationsTotal=205800
%%%mzn-stat: AverageConflictSize=23.822259316559457
%%%mzn-stat: NumUnitNogoodsLearned=0
%%%mzn-stat: AverageLearnedNogoodLength=37.362836902532365
%%%mzn-stat: AverageBacktrackAmount=0
%%%mzn-stat: AverageLbd=21.666232391499065
%%%mzn-stat: 2AutonomousSearchNumBackupCalled=2649
%%%mzn-stat: 2AutonomousSearchNumPredicatesRemoved=0
%%%mzn-stat: 2AutonomousSearchNumCalls=2656
%%%mzn-stat: 2AutonomousSearchNumPredicatesAdded=6212
%%%mzn-stat: 2AutonomousSearchAverageSizeOfHeap=4.510918674698795
%%%mzn-stat: 2AutonomousSearchNumAssignedPredicatesEncountered=11981
%%%mzn-stat-end
maxleg = 358;
succ = array1d(1..50,[4, 5, 9, 8, 14, 13, 1, 10, 11, 16, 17, 18, 7, 20, 40, 33, 19, 3, 47, 29, 25, 6, 26, 30, 27, 22, 44, 42, 21, 34, 36, 23, 41, 39, 37, 38, 46, 32, 45, 2, 12, 24, 50, 48, 49, 15, 28, 31, 43, 35]);
% time elapsed: 41.96 s
----------
%%%mzn-stat: initTime=0.028555806
%%%mzn-stat: objective=308
%%%mzn-stat: nodes=97436
%%%mzn-stat: restarts=0
%%%mzn-stat: peakDepth=438
%%%mzn-stat: solveTime=35.209585426
%%%mzn-stat: variables=865
%%%mzn-stat: propagators=612
%%%mzn-stat: failures=73711
%%%mzn-stat: propagations=2621716
%%%mzn-stat: nogoods=73711
%%%mzn-stat: numAtomicConstraintsPropagated=0
%%%mzn-stat: allDifferentNumber1PropagationsTotal=335254
%%%mzn-stat: allDifferentNumber1PropagationsThatFoundConflict=4808
%%%mzn-stat: allDifferentNumber1PropagationsThatPruned=207970
%%%mzn-stat: allDifferentNumber1TotalValuesPruned=971987
%%%mzn-stat: allDifferentNumber1TotalHallSetSizeConflict=31216
%%%mzn-stat: allDifferentNumber1NumberOfConflicts=4808
%%%mzn-stat: allDifferentNumber1MaxHallSetSizeConflict=18
%%%mzn-stat: allDifferentNumber1TotalPruningHallSetSize=4052941
%%%mzn-stat: allDifferentNumber1NumberOfPruningExplanations=971987
%%%mzn-stat: allDifferentNumber1MaxPruningHallSetSize=45
%%%mzn-stat: allDifferentNumber1TotalFixedEdgesAtConflict=188486
%%%mzn-stat: allDifferentNumber1TotalVarsInvolvedInPruning=739554
%%%mzn-stat: allDifferentNumber1MaxValuesPrunedFromSingleVar=8
%%%mzn-stat: allDifferentNumber1TotalSccSizeAtPruning=2002739
%%%mzn-stat: allDifferentNumber1NumberOfSccPruningCalls=207970
%%%mzn-stat: circuitNumber2PropagationsThatFoundConflict=61103
%%%mzn-stat: circuitNumber2TotalFixedEdgesAtConflict=2507989
%%%mzn-stat: circuitNumber2NumberOfConflicts=61103
%%%mzn-stat: circuitNumber2PropagationsThatPruned=56163
%%%mzn-stat: circuitNumber2PropagationsTotal=205881
%%%mzn-stat: AverageConflictSize=23.815644883395965
%%%mzn-stat: NumUnitNogoodsLearned=0
%%%mzn-stat: AverageLearnedNogoodLength=37.36845246978063
%%%mzn-stat: AverageBacktrackAmount=0
%%%mzn-stat: AverageLbd=21.663415229748612
%%%mzn-stat: 2AutonomousSearchNumBackupCalled=3013
%%%mzn-stat: 2AutonomousSearchNumPredicatesRemoved=0
%%%mzn-stat: 2AutonomousSearchNumCalls=3021
%%%mzn-stat: 2AutonomousSearchNumPredicatesAdded=6744
%%%mzn-stat: 2AutonomousSearchAverageSizeOfHeap=4.6918238993710695
%%%mzn-stat: 2AutonomousSearchNumAssignedPredicatesEncountered=14174
%%%mzn-stat-end
maxleg = 308;
succ = array1d(1..50,[4, 5, 9, 8, 40, 13, 1, 10, 11, 16, 17, 18, 7, 2, 20, 33, 19, 3, 47, 29, 14, 6, 26, 30, 27, 22, 44, 42, 35, 34, 36, 23, 41, 39, 25, 38, 21, 32, 45, 15, 12, 24, 37, 48, 49, 50, 28, 31, 46, 43]);
% time elapsed: 41.97 s
----------
%%%mzn-stat: initTime=0.028555806
%%%mzn-stat: objective=304
%%%mzn-stat: nodes=97827
%%%mzn-stat: restarts=0
%%%mzn-stat: peakDepth=438
%%%mzn-stat: solveTime=35.222715894
%%%mzn-stat: variables=865
%%%mzn-stat: propagators=612
%%%mzn-stat: failures=73738
%%%mzn-stat: propagations=2623465
%%%mzn-stat: nogoods=73738
%%%mzn-stat: numAtomicConstraintsPropagated=0
%%%mzn-stat: allDifferentNumber1PropagationsTotal=335398
%%%mzn-stat: allDifferentNumber1PropagationsThatFoundConflict=4808
%%%mzn-stat: allDifferentNumber1PropagationsThatPruned=208054
%%%mzn-stat: allDifferentNumber1TotalValuesPruned=972433
%%%mzn-stat: allDifferentNumber1TotalHallSetSizeConflict=31216
%%%mzn-stat: allDifferentNumber1NumberOfConflicts=4808
%%%mzn-stat: allDifferentNumber1MaxHallSetSizeConflict=18
%%%mzn-stat: allDifferentNumber1TotalPruningHallSetSize=4056017
%%%mzn-stat: allDifferentNumber1NumberOfPruningExplanations=972433
%%%mzn-stat: allDifferentNumber1MaxPruningHallSetSize=45
%%%mzn-stat: allDifferentNumber1TotalFixedEdgesAtConflict=188486
%%%mzn-stat: allDifferentNumber1TotalVarsInvolvedInPruning=739912
%%%mzn-stat: allDifferentNumber1MaxValuesPrunedFromSingleVar=8
%%%mzn-stat: allDifferentNumber1TotalSccSizeAtPruning=2004494
%%%mzn-stat: allDifferentNumber1NumberOfSccPruningCalls=208054
%%%mzn-stat: circuitNumber2PropagationsThatFoundConflict=61129
%%%mzn-stat: circuitNumber2TotalFixedEdgesAtConflict=2508591
%%%mzn-stat: circuitNumber2NumberOfConflicts=61129
%%%mzn-stat: circuitNumber2PropagationsThatPruned=56176
%%%mzn-stat: circuitNumber2PropagationsTotal=205967
%%%mzn-stat: AverageConflictSize=23.808606146084788
%%%mzn-stat: NumUnitNogoodsLearned=0
%%%mzn-stat: AverageLearnedNogoodLength=37.37783774987116
%%%mzn-stat: AverageBacktrackAmount=0
%%%mzn-stat: AverageLbd=21.66086685291166
%%%mzn-stat: 2AutonomousSearchNumBackupCalled=3345
%%%mzn-stat: 2AutonomousSearchNumPredicatesRemoved=0
%%%mzn-stat: 2AutonomousSearchNumCalls=3354
%%%mzn-stat: 2AutonomousSearchNumPredicatesAdded=7547
%%%mzn-stat: 2AutonomousSearchAverageSizeOfHeap=4.884615384615385
%%%mzn-stat: 2AutonomousSearchNumAssignedPredicatesEncountered=16383
%%%mzn-stat-end
maxleg = 304;
succ = array1d(1..50,[4, 5, 9, 8, 40, 13, 22, 10, 11, 16, 17, 18, 7, 2, 20, 33, 19, 3, 47, 29, 14, 1, 26, 30, 27, 31, 36, 42, 35, 34, 48, 23, 41, 39, 25, 38, 21, 32, 45, 15, 12, 24, 37, 6, 49, 50, 28, 44, 46, 43]);
% time elapsed: 41.99 s
----------
%%%mzn-stat: initTime=0.028555806
%%%mzn-stat: objective=295
%%%mzn-stat: nodes=98222
%%%mzn-stat: restarts=0
%%%mzn-stat: peakDepth=438
%%%mzn-stat: solveTime=35.23477485
%%%mzn-stat: variables=865
%%%mzn-stat: propagators=612
%%%mzn-stat: failures=73762
%%%mzn-stat: propagations=2625143
%%%mzn-stat: nogoods=73762
%%%mzn-stat: numAtomicConstraintsPropagated=0
%%%mzn-stat: allDifferentNumber1PropagationsTotal=335530
%%%mzn-stat: allDifferentNumber1PropagationsThatFoundConflict=4808
%%%mzn-stat: allDifferentNumber1PropagationsThatPruned=208131
%%%mzn-stat: allDifferentNumber1TotalValuesPruned=972826
%%%mzn-stat: allDifferentNumber1TotalHallSetSizeConflict=31216
%%%mzn-stat: allDifferentNumber1NumberOfConflicts=4808
%%%mzn-stat: allDifferentNumber1MaxHallSetSizeConflict=18
%%%mzn-stat: allDifferentNumber1TotalPruningHallSetSize=4058763
%%%mzn-stat: allDifferentNumber1NumberOfPruningExplanations=972826
%%%mzn-stat: allDifferentNumber1MaxPruningHallSetSize=45
%%%mzn-stat: allDifferentNumber1TotalFixedEdgesAtConflict=188486
%%%mzn-stat: allDifferentNumber1TotalVarsInvolvedInPruning=740236
%%%mzn-stat: allDifferentNumber1MaxValuesPrunedFromSingleVar=8
%%%mzn-stat: allDifferentNumber1TotalSccSizeAtPruning=2006208
%%%mzn-stat: allDifferentNumber1NumberOfSccPruningCalls=208131
%%%mzn-stat: circuitNumber2PropagationsThatFoundConflict=61153
%%%mzn-stat: circuitNumber2TotalFixedEdgesAtConflict=2509115
%%%mzn-stat: circuitNumber2NumberOfConflicts=61153
%%%mzn-stat: circuitNumber2PropagationsThatPruned=56189
%%%mzn-stat: circuitNumber2PropagationsTotal=206047
%%%mzn-stat: AverageConflictSize=23.802269461240204
%%%mzn-stat: NumUnitNogoodsLearned=0
%%%mzn-stat: AverageLearnedNogoodLength=37.387313250725306
%%%mzn-stat: AverageBacktrackAmount=0
%%%mzn-stat: AverageLbd=21.658902958162738
%%%mzn-stat: 2AutonomousSearchNumBackupCalled=3686
%%%mzn-stat: 2AutonomousSearchNumPredicatesRemoved=0
%%%mzn-stat: 2AutonomousSearchNumCalls=3696
%%%mzn-stat: 2AutonomousSearchNumPredicatesAdded=8025
%%%mzn-stat: 2AutonomousSearchAverageSizeOfHeap=5.030573593073593
%%%mzn-stat: 2AutonomousSearchNumAssignedPredicatesEncountered=18593
%%%mzn-stat-end
maxleg = 295;
succ = array1d(1..50,[4, 5, 9, 8, 40, 13, 26, 10, 11, 16, 17, 18, 7, 2, 20, 33, 19, 3, 47, 29, 14, 1, 32, 30, 6, 23, 22, 42, 35, 34, 48, 38, 41, 39, 25, 31, 21, 36, 45, 15, 12, 24, 37, 27, 49, 50, 28, 44, 46, 43]);
% time elapsed: 42.00 s
----------
%%%mzn-stat: initTime=0.028555806
%%%mzn-stat: objective=292
%%%mzn-stat: nodes=98609
%%%mzn-stat: restarts=0
%%%mzn-stat: peakDepth=438
%%%mzn-stat: solveTime=35.246912458
%%%mzn-stat: variables=865
%%%mzn-stat: propagators=612
%%%mzn-stat: failures=73786
%%%mzn-stat: propagations=2626836
%%%mzn-stat: nogoods=73786
%%%mzn-stat: numAtomicConstraintsPropagated=0
%%%mzn-stat: allDifferentNumber1PropagationsTotal=335663
%%%mzn-stat: allDifferentNumber1PropagationsThatFoundConflict=4808
%%%mzn-stat: allDifferentNumber1PropagationsThatPruned=208209
%%%mzn-stat: allDifferentNumber1TotalValuesPruned=973212
%%%mzn-stat: allDifferentNumber1TotalHallSetSizeConflict=31216
%%%mzn-stat: allDifferentNumber1NumberOfConflicts=4808
%%%mzn-stat: allDifferentNumber1MaxHallSetSizeConflict=18
%%%mzn-stat: allDifferentNumber1TotalPruningHallSetSize=4061394
%%%mzn-stat: allDifferentNumber1NumberOfPruningExplanations=973212
%%%mzn-stat: allDifferentNumber1MaxPruningHallSetSize=45
%%%mzn-stat: allDifferentNumber1TotalFixedEdgesAtConflict=188486
%%%mzn-stat: allDifferentNumber1TotalVarsInvolvedInPruning=740556
%%%mzn-stat: allDifferentNumber1MaxValuesPrunedFromSingleVar=8
%%%mzn-stat: allDifferentNumber1TotalSccSizeAtPruning=2007926
%%%mzn-stat: allDifferentNumber1NumberOfSccPruningCalls=208209
%%%mzn-stat: circuitNumber2PropagationsThatFoundConflict=61177
%%%mzn-stat: circuitNumber2TotalFixedEdgesAtConflict=2509639
%%%mzn-stat: circuitNumber2NumberOfConflicts=61177
%%%mzn-stat: circuitNumber2PropagationsThatPruned=56203
%%%mzn-stat: circuitNumber2PropagationsTotal=206128
%%%mzn-stat: AverageConflictSize=23.79593689859865
%%%mzn-stat: NumUnitNogoodsLearned=0
%%%mzn-stat: AverageLearnedNogoodLength=37.39689100913452
%%%mzn-stat: AverageBacktrackAmount=0
%%%mzn-stat: AverageLbd=21.656289811075272
%%%mzn-stat: 2AutonomousSearchNumBackupCalled=4019
%%%mzn-stat: 2AutonomousSearchNumPredicatesRemoved=0
%%%mzn-stat: 2AutonomousSearchNumCalls=4030
%%%mzn-stat: 2AutonomousSearchNumPredicatesAdded=8494
%%%mzn-stat: 2AutonomousSearchAverageSizeOfHeap=5.163523573200993
%%%mzn-stat: 2AutonomousSearchNumAssignedPredicatesEncountered=20809
%%%mzn-stat-end
maxleg = 292;
succ = array1d(1..50,[4, 5, 9, 8, 40, 13, 26, 10, 11, 16, 17, 18, 7, 2, 46, 33, 19, 3, 47, 14, 25, 1, 32, 30, 6, 23, 22, 42, 20, 34, 48, 38, 41, 39, 21, 31, 29, 36, 45, 15, 12, 24, 35, 27, 49, 50, 28, 44, 37, 43]);
% time elapsed: 42.01 s
----------
%%%mzn-stat: initTime=0.028555806
%%%mzn-stat: objective=283
%%%mzn-stat: nodes=98987
%%%mzn-stat: restarts=0
%%%mzn-stat: peakDepth=438
%%%mzn-stat: solveTime=35.250640369
%%%mzn-stat: variables=865
%%%mzn-stat: propagators=612
%%%mzn-stat: failures=73786
%%%mzn-stat: propagations=2627982
%%%mzn-stat: nogoods=73786
%%%mzn-stat: numAtomicConstraintsPropagated=0
%%%mzn-stat: allDifferentNumber1PropagationsTotal=335727
%%%mzn-stat: allDifferentNumber1PropagationsThatFoundConflict=4808
%%%mzn-stat: allDifferentNumber1PropagationsThatPruned=208243
%%%mzn-stat: allDifferentNumber1TotalValuesPruned=973397
%%%mzn-stat: allDifferentNumber1TotalHallSetSizeConflict=31216
%%%mzn-stat: allDifferentNumber1NumberOfConflicts=4808
%%%mzn-stat: allDifferentNumber1MaxHallSetSizeConflict=18
%%%mzn-stat: allDifferentNumber1TotalPruningHallSetSize=4061897
%%%mzn-stat: allDifferentNumber1NumberOfPruningExplanations=973397
%%%mzn-stat: allDifferentNumber1MaxPruningHallSetSize=45
%%%mzn-stat: allDifferentNumber1TotalFixedEdgesAtConflict=188486
%%%mzn-stat: allDifferentNumber1TotalVarsInvolvedInPruning=740718
%%%mzn-stat: allDifferentNumber1MaxValuesPrunedFromSingleVar=8
%%%mzn-stat: allDifferentNumber1TotalSccSizeAtPruning=2008089
%%%mzn-stat: allDifferentNumber1NumberOfSccPruningCalls=208243
%%%mzn-stat: circuitNumber2PropagationsThatFoundConflict=61177
%%%mzn-stat: circuitNumber2TotalFixedEdgesAtConflict=2509639
%%%mzn-stat: circuitNumber2NumberOfConflicts=61177
%%%mzn-stat: circuitNumber2PropagationsThatPruned=56209
%%%mzn-stat: circuitNumber2PropagationsTotal=206164
%%%mzn-stat: AverageConflictSize=23.79593689859865
%%%mzn-stat: NumUnitNogoodsLearned=0
%%%mzn-stat: AverageLearnedNogoodLength=37.39689100913452
%%%mzn-stat: AverageBacktrackAmount=0
%%%mzn-stat: AverageLbd=21.656289811075272
%%%mzn-stat: 2AutonomousSearchNumBackupCalled=4368
%%%mzn-stat: 2AutonomousSearchNumPredicatesRemoved=0
%%%mzn-stat: 2AutonomousSearchNumCalls=4380
%%%mzn-stat: 2AutonomousSearchNumPredicatesAdded=8494
%%%mzn-stat: 2AutonomousSearchAverageSizeOfHeap=5.256849315068493
%%%mzn-stat: 2AutonomousSearchNumAssignedPredicatesEncountered=23025
%%%mzn-stat-end
maxleg = 283;
succ = array1d(1..50,[4, 5, 9, 8, 40, 13, 26, 10, 11, 16, 17, 18, 7, 2, 46, 33, 19, 3, 47, 14, 25, 1, 38, 30, 6, 32, 22, 42, 20, 34, 48, 23, 41, 39, 21, 31, 29, 36, 45, 15, 12, 24, 35, 27, 49, 50, 28, 44, 37, 43]);
% time elapsed: 42.02 s
----------
%%%mzn-stat: initTime=0.028555806
%%%mzn-stat: objective=268
%%%mzn-stat: nodes=99424
%%%mzn-stat: restarts=0
%%%mzn-stat: peakDepth=438
%%%mzn-stat: solveTime=35.274480501
%%%mzn-stat: variables=865
%%%mzn-stat: propagators=612
%%%mzn-stat: failures=73829
%%%mzn-stat: propagations=2630835
%%%mzn-stat: nogoods=73829
%%%mzn-stat: numAtomicConstraintsPropagated=0
%%%mzn-stat: allDifferentNumber1PropagationsTotal=336031
%%%mzn-stat: allDifferentNumber1PropagationsThatFoundConflict=4808
%%%mzn-stat: allDifferentNumber1PropagationsThatPruned=208407
%%%mzn-stat: allDifferentNumber1TotalValuesPruned=974170
%%%mzn-stat: allDifferentNumber1TotalHallSetSizeConflict=31216
%%%mzn-stat: allDifferentNumber1NumberOfConflicts=4808
%%%mzn-stat: allDifferentNumber1MaxHallSetSizeConflict=18
%%%mzn-stat: allDifferentNumber1TotalPruningHallSetSize=4064460
%%%mzn-stat: allDifferentNumber1NumberOfPruningExplanations=974170
%%%mzn-stat: allDifferentNumber1MaxPruningHallSetSize=45
%%%mzn-stat: allDifferentNumber1TotalFixedEdgesAtConflict=188486
%%%mzn-stat: allDifferentNumber1TotalVarsInvolvedInPruning=741351
%%%mzn-stat: allDifferentNumber1MaxValuesPrunedFromSingleVar=8
%%%mzn-stat: allDifferentNumber1TotalSccSizeAtPruning=2009012
%%%mzn-stat: allDifferentNumber1NumberOfSccPruningCalls=208407
%%%mzn-stat: circuitNumber2PropagationsThatFoundConflict=61219
%%%mzn-stat: circuitNumber2TotalFixedEdgesAtConflict=2511198
%%%mzn-stat: circuitNumber2NumberOfConflicts=61219
%%%mzn-stat: circuitNumber2PropagationsThatPruned=56249
%%%mzn-stat: circuitNumber2PropagationsTotal=206344
%%%mzn-stat: AverageConflictSize=23.79467417952295
%%%mzn-stat: NumUnitNogoodsLearned=0
%%%mzn-stat: AverageLearnedNogoodLength=37.3928673014669
%%%mzn-stat: AverageBacktrackAmount=0
%%%mzn-stat: AverageLbd=21.65280580801582
%%%mzn-stat: 2AutonomousSearchNumBackupCalled=4692
%%%mzn-stat: 2AutonomousSearchNumPredicatesRemoved=0
%%%mzn-stat: 2AutonomousSearchNumCalls=4705
%%%mzn-stat: 2AutonomousSearchNumPredicatesAdded=9257
%%%mzn-stat: 2AutonomousSearchAverageSizeOfHeap=5.384272051009564
%%%mzn-stat: 2AutonomousSearchNumAssignedPredicatesEncountered=25333
%%%mzn-stat-end
maxleg = 268;
succ = array1d(1..50,[4, 5, 9, 8, 40, 13, 26, 10, 11, 16, 17, 18, 7, 2, 46, 33, 24, 23, 47, 14, 29, 6, 38, 30, 22, 32, 44, 19, 20, 34, 36, 1, 41, 39, 25, 27, 28, 48, 42, 15, 12, 45, 35, 21, 49, 50, 3, 31, 43, 37]);
% time elapsed: 42.04 s
----------
%%%mzn-stat: initTime=0.028555806
%%%mzn-stat: objective=262
%%%mzn-stat: nodes=99763
%%%mzn-stat: restarts=0
%%%mzn-stat: peakDepth=438
%%%mzn-stat: solveTime=35.278437376
%%%mzn-stat: variables=865
%%%mzn-stat: propagators=612
%%%mzn-stat: failures=73829
%%%mzn-stat: propagations=2631993
%%%mzn-stat: nogoods=73829
%%%mzn-stat: numAtomicConstraintsPropagated=0
%%%mzn-stat: allDifferentNumber1PropagationsTotal=336096
%%%mzn-stat: allDifferentNumber1PropagationsThatFoundConflict=4808
%%%mzn-stat: allDifferentNumber1PropagationsThatPruned=208441
%%%mzn-stat: allDifferentNumber1TotalValuesPruned=974348
%%%mzn-stat: allDifferentNumber1TotalHallSetSizeConflict=31216
%%%mzn-stat: allDifferentNumber1NumberOfConflicts=4808
%%%mzn-stat: allDifferentNumber1MaxHallSetSizeConflict=18
%%%mzn-stat: allDifferentNumber1TotalPruningHallSetSize=4065495
%%%mzn-stat: allDifferentNumber1NumberOfPruningExplanations=974348
%%%mzn-stat: allDifferentNumber1MaxPruningHallSetSize=49
%%%mzn-stat: allDifferentNumber1TotalFixedEdgesAtConflict=188486
%%%mzn-stat: allDifferentNumber1TotalVarsInvolvedInPruning=741506
%%%mzn-stat: allDifferentNumber1MaxValuesPrunedFromSingleVar=8
%%%mzn-stat: allDifferentNumber1TotalSccSizeAtPruning=2009325
%%%mzn-stat: allDifferentNumber1NumberOfSccPruningCalls=208441
%%%mzn-stat: circuitNumber2PropagationsThatFoundConflict=61219
%%%mzn-stat: circuitNumber2TotalFixedEdgesAtConflict=2511198
%%%mzn-stat: circuitNumber2NumberOfConflicts=61219
%%%mzn-stat: circuitNumber2PropagationsThatPruned=56255
%%%mzn-stat: circuitNumber2PropagationsTotal=206379
%%%mzn-stat: AverageConflictSize=23.79467417952295
%%%mzn-stat: NumUnitNogoodsLearned=0
%%%mzn-stat: AverageLearnedNogoodLength=37.3928673014669
%%%mzn-stat: AverageBacktrackAmount=0
%%%mzn-stat: AverageLbd=21.65280580801582
%%%mzn-stat: 2AutonomousSearchNumBackupCalled=5004
%%%mzn-stat: 2AutonomousSearchNumPredicatesRemoved=0
%%%mzn-stat: 2AutonomousSearchNumCalls=5018
%%%mzn-stat: 2AutonomousSearchNumPredicatesAdded=9257
%%%mzn-stat: 2AutonomousSearchAverageSizeOfHeap=5.508369868473496
%%%mzn-stat: 2AutonomousSearchNumAssignedPredicatesEncountered=27641
%%%mzn-stat-end
maxleg = 262;
succ = array1d(1..50,[4, 5, 9, 8, 40, 13, 26, 10, 11, 16, 17, 18, 7, 2, 46, 33, 24, 23, 47, 14, 29, 6, 38, 30, 22, 32, 44, 19, 20, 34, 48, 1, 41, 39, 25, 31, 28, 36, 42, 15, 12, 45, 35, 21, 49, 50, 3, 27, 43, 37]);
% time elapsed: 42.05 s
----------
%%%mzn-stat: initTime=0.028555806
%%%mzn-stat: objective=261
%%%mzn-stat: nodes=100152
%%%mzn-stat: restarts=0
%%%mzn-stat: peakDepth=438
%%%mzn-stat: solveTime=35.294334691
%%%mzn-stat: variables=865
%%%mzn-stat: propagators=612
%%%mzn-stat: failures=73857
%%%mzn-stat: propagations=2634346
%%%mzn-stat: nogoods=73857
%%%mzn-stat: numAtomicConstraintsPropagated=0
%%%mzn-stat: allDifferentNumber1PropagationsTotal=336299
%%%mzn-stat: allDifferentNumber1PropagationsThatFoundConflict=4808
%%%mzn-stat: allDifferentNumber1PropagationsThatPruned=208551
%%%mzn-stat: allDifferentNumber1TotalValuesPruned=974925
%%%mzn-stat: allDifferentNumber1TotalHallSetSizeConflict=31216
%%%mzn-stat: allDifferentNumber1NumberOfConflicts=4808
%%%mzn-stat: allDifferentNumber1MaxHallSetSizeConflict=18
%%%mzn-stat: allDifferentNumber1TotalPruningHallSetSize=4067952
%%%mzn-stat: allDifferentNumber1NumberOfPruningExplanations=974925
%%%mzn-stat: allDifferentNumber1MaxPruningHallSetSize=49
%%%mzn-stat: allDifferentNumber1TotalFixedEdgesAtConflict=188486
%%%mzn-stat: allDifferentNumber1TotalVarsInvolvedInPruning=741978
%%%mzn-stat: allDifferentNumber1MaxValuesPrunedFromSingleVar=8
%%%mzn-stat: allDifferentNumber1TotalSccSizeAtPruning=2010187
%%%mzn-stat: allDifferentNumber1NumberOfSccPruningCalls=208551
%%%mzn-stat: circuitNumber2PropagationsThatFoundConflict=61246
%%%mzn-stat: circuitNumber2TotalFixedEdgesAtConflict=2512193
%%%mzn-stat: circuitNumber2NumberOfConflicts=61246
%%%mzn-stat: circuitNumber2PropagationsThatPruned=56273
%%%mzn-stat: circuitNumber2PropagationsTotal=206495
%%%mzn-stat: AverageConflictSize=23.792964783297453
%%%mzn-stat: NumUnitNogoodsLearned=0
%%%mzn-stat: AverageLearnedNogoodLength=37.390457234926956
%%%mzn-stat: AverageBacktrackAmount=0
%%%mzn-stat: AverageLbd=21.649701450099517
%%%mzn-stat: 2AutonomousSearchNumBackupCalled=5312
%%%mzn-stat: 2AutonomousSearchNumPredicatesRemoved=0
%%%mzn-stat: 2AutonomousSearchNumCalls=5327
%%%mzn-stat: 2AutonomousSearchNumPredicatesAdded=10072
%%%mzn-stat: 2AutonomousSearchAverageSizeOfHeap=5.622301483011076
%%%mzn-stat: 2AutonomousSearchNumAssignedPredicatesEncountered=29950
%%%mzn-stat-end
maxleg = 261;
succ = array1d(1..50,[4, 5, 9, 8, 40, 13, 31, 10, 11, 16, 17, 18, 7, 2, 46, 33, 24, 23, 47, 14, 29, 6, 38, 30, 22, 32, 44, 19, 20, 34, 36, 1, 41, 39, 25, 26, 28, 48, 42, 15, 12, 45, 35, 21, 49, 50, 3, 27, 43, 37]);
% time elapsed: 42.08 s
----------
%%%mzn-stat: initTime=0.028555806
%%%mzn-stat: objective=259
%%%mzn-stat: nodes=100535
%%%mzn-stat: restarts=0
%%%mzn-stat: peakDepth=438
%%%mzn-stat: solveTime=35.308482843
%%%mzn-stat: variables=865
%%%mzn-stat: propagators=612
%%%mzn-stat: failures=73883
%%%mzn-stat: propagations=2636661
%%%mzn-stat: nogoods=73883
%%%mzn-stat: numAtomicConstraintsPropagated=0
%%%mzn-stat: allDifferentNumber1PropagationsTotal=336494
%%%mzn-stat: allDifferentNumber1PropagationsThatFoundConflict=4808
%%%mzn-stat: allDifferentNumber1PropagationsThatPruned=208656
%%%mzn-stat: allDifferentNumber1TotalValuesPruned=975468
%%%mzn-stat: allDifferentNumber1TotalHallSetSizeConflict=31216
%%%mzn-stat: allDifferentNumber1NumberOfConflicts=4808
%%%mzn-stat: allDifferentNumber1MaxHallSetSizeConflict=18
%%%mzn-stat: allDifferentNumber1TotalPruningHallSetSize=4070100
%%%mzn-stat: allDifferentNumber1NumberOfPruningExplanations=975468
%%%mzn-stat: allDifferentNumber1MaxPruningHallSetSize=49
%%%mzn-stat: allDifferentNumber1TotalFixedEdgesAtConflict=188486
%%%mzn-stat: allDifferentNumber1TotalVarsInvolvedInPruning=742428
%%%mzn-stat: allDifferentNumber1MaxValuesPrunedFromSingleVar=8
%%%mzn-stat: allDifferentNumber1TotalSccSizeAtPruning=2010941
%%%mzn-stat: allDifferentNumber1NumberOfSccPruningCalls=208656
%%%mzn-stat: circuitNumber2PropagationsThatFoundConflict=61271
%%%mzn-stat: circuitNumber2TotalFixedEdgesAtConflict=2513126
%%%mzn-stat: circuitNumber2NumberOfConflicts=61271
%%%mzn-stat: circuitNumber2PropagationsThatPruned=56290
%%%mzn-stat: circuitNumber2PropagationsTotal=206606
%%%mzn-stat: AverageConflictSize=23.791833033309423
%%%mzn-stat: NumUnitNogoodsLearned=0
%%%mzn-stat: AverageLearnedNogoodLength=37.38888512919075
%%%mzn-stat: AverageBacktrackAmount=0
%%%mzn-stat: AverageLbd=21.647239554430655
%%%mzn-stat: 2AutonomousSearchNumBackupCalled=5616
%%%mzn-stat: 2AutonomousSearchNumPredicatesRemoved=0
%%%mzn-stat: 2AutonomousSearchNumCalls=5632
%%%mzn-stat: 2AutonomousSearchNumPredicatesAdded=10798
%%%mzn-stat: 2AutonomousSearchAverageSizeOfHeap=5.728160511363637
%%%mzn-stat: 2AutonomousSearchNumAssignedPredicatesEncountered=32261
%%%mzn-stat-end
maxleg = 259;
succ = array1d(1..50,[4, 5, 9, 8, 40, 13, 31, 10, 11, 16, 17, 18, 7, 2, 46, 41, 24, 23, 47, 14, 29, 6, 38, 30, 22, 32, 44, 19, 20, 34, 36, 1, 12, 39, 25, 26, 28, 48, 42, 15, 33, 45, 35, 21, 49, 50, 3, 27, 43, 37]);
% time elapsed: 42.09 s
----------
%%%mzn-stat: initTime=0.028555806
%%%mzn-stat: objective=254
%%%mzn-stat: nodes=100880
%%%mzn-stat: restarts=0
%%%mzn-stat: peakDepth=438
%%%mzn-stat: solveTime=35.314688465
%%%mzn-stat: variables=865
%%%mzn-stat: propagators=612
%%%mzn-stat: failures=73889
%%%mzn-stat: propagations=2638078
%%%mzn-stat: nogoods=73889
%%%mzn-stat: numAtomicConstraintsPropagated=0
%%%mzn-stat: allDifferentNumber1PropagationsTotal=336589
%%%mzn-stat: allDifferentNumber1PropagationsThatFoundConflict=4808
%%%mzn-stat: allDifferentNumber1PropagationsThatPruned=208708
%%%mzn-stat: allDifferentNumber1TotalValuesPruned=975688
%%%mzn-stat: allDifferentNumber1TotalHallSetSizeConflict=31216
%%%mzn-stat: allDifferentNumber1NumberOfConflicts=4808
%%%mzn-stat: allDifferentNumber1MaxHallSetSizeConflict=18
%%%mzn-stat: allDifferentNumber1TotalPruningHallSetSize=4070944
%%%mzn-stat: allDifferentNumber1NumberOfPruningExplanations=975688
%%%mzn-stat: allDifferentNumber1MaxPruningHallSetSize=49
%%%mzn-stat: allDifferentNumber1TotalFixedEdgesAtConflict=188486
%%%mzn-stat: allDifferentNumber1TotalVarsInvolvedInPruning=742623
%%%mzn-stat: allDifferentNumber1MaxValuesPrunedFromSingleVar=8
%%%mzn-stat: allDifferentNumber1TotalSccSizeAtPruning=2011291
%%%mzn-stat: allDifferentNumber1NumberOfSccPruningCalls=208708
%%%mzn-stat: circuitNumber2PropagationsThatFoundConflict=61277
%%%mzn-stat: circuitNumber2TotalFixedEdgesAtConflict=2513395
%%%mzn-stat: circuitNumber2NumberOfConflicts=61277
%%%mzn-stat: circuitNumber2PropagationsThatPruned=56299
%%%mzn-stat: circuitNumber2PropagationsTotal=206660
%%%mzn-stat: AverageConflictSize=23.790956705328263
%%%mzn-stat: NumUnitNogoodsLearned=0
%%%mzn-stat: AverageLearnedNogoodLength=37.38699941804599
%%%mzn-stat: AverageBacktrackAmount=0
%%%mzn-stat: AverageLbd=21.646131359200965
%%%mzn-stat: 2AutonomousSearchNumBackupCalled=5923
%%%mzn-stat: 2AutonomousSearchNumPredicatesRemoved=0
%%%mzn-stat: 2AutonomousSearchNumCalls=5940
%%%mzn-stat: 2AutonomousSearchNumPredicatesAdded=10906
%%%mzn-stat: 2AutonomousSearchAverageSizeOfHeap=5.82053872053872
%%%mzn-stat: 2AutonomousSearchNumAssignedPredicatesEncountered=34574
%%%mzn-stat-end
maxleg = 254;
succ = array1d(1..50,[4, 5, 9, 8, 40, 13, 31, 10, 11, 16, 17, 18, 7, 2, 46, 41, 24, 23, 47, 14, 29, 6, 38, 30, 22, 32, 44, 37, 20, 34, 36, 1, 12, 39, 25, 26, 35, 48, 45, 15, 33, 28, 49, 21, 42, 50, 3, 27, 19, 43]);
% time elapsed: 42.10 s
----------
%%%mzn-stat: initTime=0.028555806
%%%mzn-stat: objective=247
%%%mzn-stat: nodes=102838
%%%mzn-stat: restarts=0
%%%mzn-stat: peakDepth=438
%%%mzn-stat: solveTime=35.804582762
%%%mzn-stat: variables=865
%%%mzn-stat: propagators=612
%%%mzn-stat: failures=74999
%%%mzn-stat: propagations=2690581
%%%mzn-stat: nogoods=74999
%%%mzn-stat: numAtomicConstraintsPropagated=0
%%%mzn-stat: allDifferentNumber1PropagationsTotal=343024
%%%mzn-stat: allDifferentNumber1PropagationsThatFoundConflict=4907
%%%mzn-stat: allDifferentNumber1PropagationsThatPruned=212899
%%%mzn-stat: allDifferentNumber1TotalValuesPruned=992292
%%%mzn-stat: allDifferentNumber1TotalHallSetSizeConflict=32205
%%%mzn-stat: allDifferentNumber1NumberOfConflicts=4907
%%%mzn-stat: allDifferentNumber1MaxHallSetSizeConflict=18
%%%mzn-stat: allDifferentNumber1TotalPruningHallSetSize=4122858
%%%mzn-stat: allDifferentNumber1NumberOfPruningExplanations=992292
%%%mzn-stat: allDifferentNumber1MaxPruningHallSetSize=49
%%%mzn-stat: allDifferentNumber1TotalFixedEdgesAtConflict=191740
%%%mzn-stat: allDifferentNumber1TotalVarsInvolvedInPruning=756662
%%%mzn-stat: allDifferentNumber1MaxValuesPrunedFromSingleVar=8
%%%mzn-stat: allDifferentNumber1TotalSccSizeAtPruning=2037528
%%%mzn-stat: allDifferentNumber1NumberOfSccPruningCalls=212899
%%%mzn-stat: circuitNumber2PropagationsThatFoundConflict=62276
%%%mzn-stat: circuitNumber2TotalFixedEdgesAtConflict=2552689
%%%mzn-stat: circuitNumber2NumberOfConflicts=62276
%%%mzn-stat: circuitNumber2PropagationsThatPruned=56944
%%%mzn-stat: circuitNumber2PropagationsTotal=210528
%%%mzn-stat: AverageConflictSize=23.621261616821556
%%%mzn-stat: NumUnitNogoodsLearned=0
%%%mzn-stat: AverageLearnedNogoodLength=37.37083161108815
%%%mzn-stat: AverageBacktrackAmount=0
%%%mzn-stat: AverageLbd=21.496259950132668
%%%mzn-stat: 2AutonomousSearchNumBackupCalled=6227
%%%mzn-stat: 2AutonomousSearchNumPredicatesRemoved=0
%%%mzn-stat: 2AutonomousSearchNumCalls=6245
%%%mzn-stat: 2AutonomousSearchNumPredicatesAdded=12542
%%%mzn-stat: 2AutonomousSearchAverageSizeOfHeap=5.949399519615692
%%%mzn-stat: 2AutonomousSearchNumAssignedPredicatesEncountered=37154
%%%mzn-stat-end
maxleg = 247;
succ = array1d(1..50,[4, 5, 9, 8, 40, 13, 31, 10, 11, 16, 19, 18, 7, 2, 46, 41, 47, 23, 43, 14, 29, 6, 38, 17, 22, 32, 44, 42, 20, 24, 36, 1, 12, 30, 25, 26, 28, 48, 34, 15, 33, 45, 50, 21, 39, 49, 3, 27, 37, 35]);
% time elapsed: 42.58 s
----------
%%%mzn-stat: initTime=0.028555806
%%%mzn-stat: objective=244
%%%mzn-stat: nodes=103154
%%%mzn-stat: restarts=0
%%%mzn-stat: peakDepth=438
%%%mzn-stat: solveTime=35.809432812
%%%mzn-stat: variables=865
%%%mzn-stat: propagators=612
%%%mzn-stat: failures=74999
%%%mzn-stat: propagations=2691760
%%%mzn-stat: nogoods=74999
%%%mzn-stat: numAtomicConstraintsPropagated=0
%%%mzn-stat: allDifferentNumber1PropagationsTotal=343086
%%%mzn-stat: allDifferentNumber1PropagationsThatFoundConflict=4907
%%%mzn-stat: allDifferentNumber1PropagationsThatPruned=212932
%%%mzn-stat: allDifferentNumber1TotalValuesPruned=992472
%%%mzn-stat: allDifferentNumber1TotalHallSetSizeConflict=32205
%%%mzn-stat: allDifferentNumber1NumberOfConflicts=4907
%%%mzn-stat: allDifferentNumber1MaxHallSetSizeConflict=18
%%%mzn-stat: allDifferentNumber1TotalPruningHallSetSize=4124176
%%%mzn-stat: allDifferentNumber1NumberOfPruningExplanations=992472
%%%mzn-stat: allDifferentNumber1MaxPruningHallSetSize=49
%%%mzn-stat: allDifferentNumber1TotalFixedEdgesAtConflict=191740
%%%mzn-stat: allDifferentNumber1TotalVarsInvolvedInPruning=756806
%%%mzn-stat: allDifferentNumber1MaxValuesPrunedFromSingleVar=8
%%%mzn-stat: allDifferentNumber1TotalSccSizeAtPruning=2037926
%%%mzn-stat: allDifferentNumber1NumberOfSccPruningCalls=212932
%%%mzn-stat: circuitNumber2PropagationsThatFoundConflict=62276
%%%mzn-stat: circuitNumber2TotalFixedEdgesAtConflict=2552689
%%%mzn-stat: circuitNumber2NumberOfConflicts=62276
%%%mzn-stat: circuitNumber2PropagationsThatPruned=56950
%%%mzn-stat: circuitNumber2PropagationsTotal=210563
%%%mzn-stat: AverageConflictSize=23.621261616821556
%%%mzn-stat: NumUnitNogoodsLearned=0
%%%mzn-stat: AverageLearnedNogoodLength=37.37083161108815
%%%mzn-stat: AverageBacktrackAmount=0
%%%mzn-stat: AverageLbd=21.496259950132668
%%%mzn-stat: 2AutonomousSearchNumBackupCalled=6518
%%%mzn-stat: 2AutonomousSearchNumPredicatesRemoved=0
%%%mzn-stat: 2AutonomousSearchNumCalls=6537
%%%mzn-stat: 2AutonomousSearchNumPredicatesAdded=12542
%%%mzn-stat: 2AutonomousSearchAverageSizeOfHeap=6.07832338993422
%%%mzn-stat: 2AutonomousSearchNumAssignedPredicatesEncountered=39734
%%%mzn-stat-end
maxleg = 244;
succ = array1d(1..50,[4, 5, 9, 8, 40, 13, 31, 10, 11, 16, 19, 33, 7, 2, 46, 47, 24, 41, 43, 14, 44, 6, 18, 30, 22, 32, 48, 29, 20, 34, 36, 1, 3, 39, 25, 26, 21, 23, 45, 15, 12, 28, 50, 27, 42, 49, 17, 38, 37, 35]);
% time elapsed: 42.60 s
----------
%%%mzn-stat: initTime=0.028555806
%%%mzn-stat: objective=243
%%%mzn-stat: nodes=103465
%%%mzn-stat: restarts=0
%%%mzn-stat: peakDepth=438
%%%mzn-stat: solveTime=35.813530237
%%%mzn-stat: variables=865
%%%mzn-stat: propagators=612
%%%mzn-stat: failures=74999
%%%mzn-stat: propagations=2692902
%%%mzn-stat: nogoods=74999
%%%mzn-stat: numAtomicConstraintsPropagated=0
%%%mzn-stat: allDifferentNumber1PropagationsTotal=343147
%%%mzn-stat: allDifferentNumber1PropagationsThatFoundConflict=4907
%%%mzn-stat: allDifferentNumber1PropagationsThatPruned=212964
%%%mzn-stat: allDifferentNumber1TotalValuesPruned=992653
%%%mzn-stat: allDifferentNumber1TotalHallSetSizeConflict=32205
%%%mzn-stat: allDifferentNumber1NumberOfConflicts=4907
%%%mzn-stat: allDifferentNumber1MaxHallSetSizeConflict=18
%%%mzn-stat: allDifferentNumber1TotalPruningHallSetSize=4125463
%%%mzn-stat: allDifferentNumber1NumberOfPruningExplanations=992653
%%%mzn-stat: allDifferentNumber1MaxPruningHallSetSize=49
%%%mzn-stat: allDifferentNumber1TotalFixedEdgesAtConflict=191740
%%%mzn-stat: allDifferentNumber1TotalVarsInvolvedInPruning=756951
%%%mzn-stat: allDifferentNumber1MaxValuesPrunedFromSingleVar=8
%%%mzn-stat: allDifferentNumber1TotalSccSizeAtPruning=2038305
%%%mzn-stat: allDifferentNumber1NumberOfSccPruningCalls=212964
%%%mzn-stat: circuitNumber2PropagationsThatFoundConflict=62276
%%%mzn-stat: circuitNumber2TotalFixedEdgesAtConflict=2552689
%%%mzn-stat: circuitNumber2NumberOfConflicts=62276
%%%mzn-stat: circuitNumber2PropagationsThatPruned=56956
%%%mzn-stat: circuitNumber2PropagationsTotal=210597
%%%mzn-stat: AverageConflictSize=23.621261616821556
%%%mzn-stat: NumUnitNogoodsLearned=0
%%%mzn-stat: AverageLearnedNogoodLength=37.37083161108815
%%%mzn-stat: AverageBacktrackAmount=0
%%%mzn-stat: AverageLbd=21.496259950132668
%%%mzn-stat: 2AutonomousSearchNumBackupCalled=6805
%%%mzn-stat: 2AutonomousSearchNumPredicatesRemoved=0
%%%mzn-stat: 2AutonomousSearchNumCalls=6825
%%%mzn-stat: 2AutonomousSearchNumPredicatesAdded=12542
%%%mzn-stat: 2AutonomousSearchAverageSizeOfHeap=6.19985347985348
%%%mzn-stat: 2AutonomousSearchNumAssignedPredicatesEncountered=42314
%%%mzn-stat-end
maxleg = 243;
succ = array1d(1..50,[4, 5, 9, 8, 40, 13, 31, 10, 11, 16, 19, 33, 7, 20, 14, 47, 24, 41, 43, 29, 44, 6, 18, 30, 22, 32, 48, 37, 21, 34, 36, 1, 3, 39, 25, 26, 46, 23, 45, 15, 12, 28, 50, 27, 42, 49, 17, 38, 2, 35]);
% time elapsed: 42.60 s
----------
%%%mzn-stat: initTime=0.028555806
%%%mzn-stat: objective=242
%%%mzn-stat: nodes=103845
%%%mzn-stat: restarts=0
%%%mzn-stat: peakDepth=438
%%%mzn-stat: solveTime=35.841612146
%%%mzn-stat: variables=865
%%%mzn-stat: propagators=612
%%%mzn-stat: failures=75035
%%%mzn-stat: propagations=2696554
%%%mzn-stat: nogoods=75035
%%%mzn-stat: numAtomicConstraintsPropagated=0
%%%mzn-stat: allDifferentNumber1PropagationsTotal=343466
%%%mzn-stat: allDifferentNumber1PropagationsThatFoundConflict=4907
%%%mzn-stat: allDifferentNumber1PropagationsThatPruned=213151
%%%mzn-stat: allDifferentNumber1TotalValuesPruned=993625
%%%mzn-stat: allDifferentNumber1TotalHallSetSizeConflict=32205
%%%mzn-stat: allDifferentNumber1NumberOfConflicts=4907
%%%mzn-stat: allDifferentNumber1MaxHallSetSizeConflict=18
%%%mzn-stat: allDifferentNumber1TotalPruningHallSetSize=4133989
%%%mzn-stat: allDifferentNumber1NumberOfPruningExplanations=993625
%%%mzn-stat: allDifferentNumber1MaxPruningHallSetSize=49
%%%mzn-stat: allDifferentNumber1TotalFixedEdgesAtConflict=191740
%%%mzn-stat: allDifferentNumber1TotalVarsInvolvedInPruning=757752
%%%mzn-stat: allDifferentNumber1MaxValuesPrunedFromSingleVar=8
%%%mzn-stat: allDifferentNumber1TotalSccSizeAtPruning=2042323
%%%mzn-stat: allDifferentNumber1NumberOfSccPruningCalls=213151
%%%mzn-stat: circuitNumber2PropagationsThatFoundConflict=62310
%%%mzn-stat: circuitNumber2TotalFixedEdgesAtConflict=2553490
%%%mzn-stat: circuitNumber2NumberOfConflicts=62310
%%%mzn-stat: circuitNumber2PropagationsThatPruned=57008
%%%mzn-stat: circuitNumber2PropagationsTotal=210787
%%%mzn-stat: AverageConflictSize=23.61378023588992
%%%mzn-stat: NumUnitNogoodsLearned=0
%%%mzn-stat: AverageLearnedNogoodLength=37.37912973945492
%%%mzn-stat: AverageBacktrackAmount=0
%%%mzn-stat: AverageLbd=21.4903978143533
%%%mzn-stat: 2AutonomousSearchNumBackupCalled=7092
%%%mzn-stat: 2AutonomousSearchNumPredicatesRemoved=0
%%%mzn-stat: 2AutonomousSearchNumCalls=7113
%%%mzn-stat: 2AutonomousSearchNumPredicatesAdded=13289
%%%mzn-stat: 2AutonomousSearchAverageSizeOfHeap=6.335160972866582
%%%mzn-stat: 2AutonomousSearchNumAssignedPredicatesEncountered=45062
%%%mzn-stat-end
maxleg = 242;
succ = array1d(1..50,[4, 5, 9, 41, 40, 13, 31, 10, 11, 16, 17, 33, 7, 20, 14, 47, 19, 23, 24, 29, 8, 6, 38, 30, 22, 32, 44, 37, 35, 34, 36, 1, 18, 39, 25, 26, 49, 48, 45, 15, 12, 28, 50, 21, 42, 2, 3, 27, 43, 46]);
% time elapsed: 42.63 s
----------
%%%mzn-stat: initTime=0.028555806
%%%mzn-stat: objective=240
%%%mzn-stat: nodes=104154
%%%mzn-stat: restarts=0
%%%mzn-stat: peakDepth=438
%%%mzn-stat: solveTime=35.846435803
%%%mzn-stat: variables=865
%%%mzn-stat: propagators=612
%%%mzn-stat: failures=75036
%%%mzn-stat: propagations=2697800
%%%mzn-stat: nogoods=75036
%%%mzn-stat: numAtomicConstraintsPropagated=0
%%%mzn-stat: allDifferentNumber1PropagationsTotal=343532
%%%mzn-stat: allDifferentNumber1PropagationsThatFoundConflict=4908
%%%mzn-stat: allDifferentNumber1PropagationsThatPruned=213187
%%%mzn-stat: allDifferentNumber1TotalValuesPruned=993793
%%%mzn-stat: allDifferentNumber1TotalHallSetSizeConflict=32207
%%%mzn-stat: allDifferentNumber1NumberOfConflicts=4908
%%%mzn-stat: allDifferentNumber1MaxHallSetSizeConflict=18
%%%mzn-stat: allDifferentNumber1TotalPruningHallSetSize=4134836
%%%mzn-stat: allDifferentNumber1NumberOfPruningExplanations=993793
%%%mzn-stat: allDifferentNumber1MaxPruningHallSetSize=49
%%%mzn-stat: allDifferentNumber1TotalFixedEdgesAtConflict=191765
%%%mzn-stat: allDifferentNumber1TotalVarsInvolvedInPruning=757894
%%%mzn-stat: allDifferentNumber1MaxValuesPrunedFromSingleVar=8
%%%mzn-stat: allDifferentNumber1TotalSccSizeAtPruning=2042683
%%%mzn-stat: allDifferentNumber1NumberOfSccPruningCalls=213187
%%%mzn-stat: circuitNumber2PropagationsThatFoundConflict=62310
%%%mzn-stat: circuitNumber2TotalFixedEdgesAtConflict=2553490
%%%mzn-stat: circuitNumber2NumberOfConflicts=62310
%%%mzn-stat: circuitNumber2PropagationsThatPruned=57014
%%%mzn-stat: circuitNumber2PropagationsTotal=210823
%%%mzn-stat: AverageConflictSize=23.61349219041527
%%%mzn-stat: NumUnitNogoodsLearned=0
%%%mzn-stat: AverageLearnedNogoodLength=37.378858148088916
%%%mzn-stat: AverageBacktrackAmount=0
%%%mzn-stat: AverageLbd=21.490204701743163
%%%mzn-stat: 2AutonomousSearchNumBackupCalled=7377
%%%mzn-stat: 2AutonomousSearchNumPredicatesRemoved=0
%%%mzn-stat: 2AutonomousSearchNumCalls=7399
%%%mzn-stat: 2AutonomousSearchNumPredicatesAdded=13388
%%%mzn-stat: 2AutonomousSearchAverageSizeOfHeap=6.4669549939180975
%%%mzn-stat: 2AutonomousSearchNumAssignedPredicatesEncountered=47849
%%%mzn-stat-end
maxleg = 240;
succ = array1d(1..50,[22, 5, 9, 8, 40, 13, 31, 10, 11, 16, 17, 41, 7, 20, 14, 47, 19, 33, 24, 29, 25, 6, 18, 30, 44, 32, 48, 37, 21, 34, 36, 1, 12, 39, 43, 38, 50, 23, 45, 15, 4, 28, 49, 27, 42, 2, 3, 26, 46, 35]);
% time elapsed: 42.64 s
----------
==========
% time elapsed: 42.64 s
%%%mzn-stat: initTime=0.028555806
%%%mzn-stat: objective=240
%%%mzn-stat: nodes=104162
%%%mzn-stat: restarts=0
%%%mzn-stat: peakDepth=438
%%%mzn-stat: solveTime=35.848397623
%%%mzn-stat: variables=865
%%%mzn-stat: propagators=612
%%%mzn-stat: failures=75041
%%%mzn-stat: propagations=2698295
%%%mzn-stat: nogoods=75041
%%%mzn-stat: numAtomicConstraintsPropagated=0
%%%mzn-stat: allDifferentNumber1PropagationsTotal=343555
%%%mzn-stat: allDifferentNumber1PropagationsThatFoundConflict=4908
%%%mzn-stat: allDifferentNumber1PropagationsThatPruned=213200
%%%mzn-stat: allDifferentNumber1TotalValuesPruned=993863
%%%mzn-stat: allDifferentNumber1TotalHallSetSizeConflict=32207
%%%mzn-stat: allDifferentNumber1NumberOfConflicts=4908
%%%mzn-stat: allDifferentNumber1MaxHallSetSizeConflict=18
%%%mzn-stat: allDifferentNumber1TotalPruningHallSetSize=4135491
%%%mzn-stat: allDifferentNumber1NumberOfPruningExplanations=993863
%%%mzn-stat: allDifferentNumber1MaxPruningHallSetSize=49
%%%mzn-stat: allDifferentNumber1TotalFixedEdgesAtConflict=191765
%%%mzn-stat: allDifferentNumber1TotalVarsInvolvedInPruning=757956
%%%mzn-stat: allDifferentNumber1MaxValuesPrunedFromSingleVar=8
%%%mzn-stat: allDifferentNumber1TotalSccSizeAtPruning=2043080
%%%mzn-stat: allDifferentNumber1NumberOfSccPruningCalls=213200
%%%mzn-stat: circuitNumber2PropagationsThatFoundConflict=62315
%%%mzn-stat: circuitNumber2TotalFixedEdgesAtConflict=2553523
%%%mzn-stat: circuitNumber2NumberOfConflicts=62315
%%%mzn-stat: circuitNumber2PropagationsThatPruned=57018
%%%mzn-stat: circuitNumber2PropagationsTotal=210837
%%%mzn-stat: AverageConflictSize=23.61214536053624
%%%mzn-stat: NumUnitNogoodsLearned=1
%%%mzn-stat: AverageLearnedNogoodLength=37.377780146853055
%%%mzn-stat: AverageBacktrackAmount=0
%%%mzn-stat: AverageLbd=21.488919390733066
%%%mzn-stat: 2AutonomousSearchNumBackupCalled=7377
%%%mzn-stat: 2AutonomousSearchNumPredicatesRemoved=0
%%%mzn-stat: 2AutonomousSearchNumCalls=7399
%%%mzn-stat: 2AutonomousSearchNumPredicatesAdded=14041
%%%mzn-stat: 2AutonomousSearchAverageSizeOfHeap=6.4669549939180975
%%%mzn-stat: 2AutonomousSearchNumAssignedPredicatesEncountered=47849
%%%mzn-stat-end
