% Logging successfully configured
%%%mzn-stat: initTime=0.002605931
%%%mzn-stat: objective=649
%%%mzn-stat: nodes=385
%%%mzn-stat: restarts=0
%%%mzn-stat: peakDepth=131
%%%mzn-stat: solveTime=0.002764745
%%%mzn-stat: variables=280
%%%mzn-stat: propagators=183
%%%mzn-stat: failures=39
%%%mzn-stat: propagations=2366
%%%mzn-stat: nogoods=39
%%%mzn-stat: numAtomicConstraintsPropagated=0
%%%mzn-stat: allDifferentNumber1TotalHallSetSize=96
%%%mzn-stat: allDifferentNumber1NumberOfConflicts=39
%%%mzn-stat: allDifferentNumber1MaxHallSetSize=16
%%%mzn-stat: allDifferentNumber1PropagationsTotal=410
%%%mzn-stat: allDifferentNumber1PropagationsThatFoundConflict=39
%%%mzn-stat: circuitNumber2PropagationsThatFoundConflict=0
%%%mzn-stat: circuitNumber2TotalFixedEdgesAtConflict=0
%%%mzn-stat: circuitNumber2NumberOfConflicts=0
%%%mzn-stat: circuitNumber2PropagationsThatPruned=8
%%%mzn-stat: circuitNumber2PropagationsTotal=243
%%%mzn-stat: AverageConflictSize=2.3333333333333335
%%%mzn-stat: NumUnitNogoodsLearned=0
%%%mzn-stat: AverageLearnedNogoodLength=2.282051282051282
%%%mzn-stat: AverageBacktrackAmount=0
%%%mzn-stat: AverageLbd=2.282051282051282
%%%mzn-stat: 2AutonomousSearchNumBackupCalled=113
%%%mzn-stat: 2AutonomousSearchNumPredicatesRemoved=0
%%%mzn-stat: 2AutonomousSearchNumCalls=114
%%%mzn-stat: 2AutonomousSearchNumPredicatesAdded=63
%%%mzn-stat: 2AutonomousSearchAverageSizeOfHeap=0.5526315789473685
%%%mzn-stat: 2AutonomousSearchNumAssignedPredicatesEncountered=63
%%%mzn-stat-end
maxleg = 649;
succ = array1d(1..20,[4, 5, 9, 7, 6, 1, 8, 10, 11, 12, 16, 18, 14, 15, 2, 17, 19, 3, 20, 13]);
% time elapsed: 0.36 s
----------
%%%mzn-stat: initTime=0.002605931
%%%mzn-stat: objective=553
%%%mzn-stat: nodes=652
%%%mzn-stat: restarts=0
%%%mzn-stat: peakDepth=131
%%%mzn-stat: solveTime=0.007050767
%%%mzn-stat: variables=280
%%%mzn-stat: propagators=183
%%%mzn-stat: failures=114
%%%mzn-stat: propagations=4562
%%%mzn-stat: nogoods=114
%%%mzn-stat: numAtomicConstraintsPropagated=0
%%%mzn-stat: allDifferentNumber1TotalHallSetSize=378
%%%mzn-stat: allDifferentNumber1NumberOfConflicts=111
%%%mzn-stat: allDifferentNumber1MaxHallSetSize=16
%%%mzn-stat: allDifferentNumber1PropagationsTotal=838
%%%mzn-stat: allDifferentNumber1PropagationsThatFoundConflict=111
%%%mzn-stat: circuitNumber2PropagationsThatFoundConflict=3
%%%mzn-stat: circuitNumber2TotalFixedEdgesAtConflict=45
%%%mzn-stat: circuitNumber2NumberOfConflicts=3
%%%mzn-stat: circuitNumber2PropagationsThatPruned=46
%%%mzn-stat: circuitNumber2PropagationsTotal=464
%%%mzn-stat: AverageConflictSize=4.008771929824562
%%%mzn-stat: NumUnitNogoodsLearned=0
%%%mzn-stat: AverageLearnedNogoodLength=5.552631578947368
%%%mzn-stat: AverageBacktrackAmount=0
%%%mzn-stat: AverageLbd=4.807017543859649
%%%mzn-stat: 2AutonomousSearchNumBackupCalled=215
%%%mzn-stat: 2AutonomousSearchNumPredicatesRemoved=0
%%%mzn-stat: 2AutonomousSearchNumCalls=217
%%%mzn-stat: 2AutonomousSearchNumPredicatesAdded=370
%%%mzn-stat: 2AutonomousSearchAverageSizeOfHeap=1.847926267281106
%%%mzn-stat: 2AutonomousSearchNumAssignedPredicatesEncountered=401
%%%mzn-stat-end
maxleg = 553;
succ = array1d(1..20,[4, 5, 9, 7, 6, 1, 13, 10, 11, 12, 16, 18, 8, 2, 14, 17, 19, 3, 20, 15]);
% time elapsed: 0.36 s
----------
%%%mzn-stat: initTime=0.002605931
%%%mzn-stat: objective=550
%%%mzn-stat: nodes=783
%%%mzn-stat: restarts=0
%%%mzn-stat: peakDepth=131
%%%mzn-stat: solveTime=0.007491041
%%%mzn-stat: variables=280
%%%mzn-stat: propagators=183
%%%mzn-stat: failures=116
%%%mzn-stat: propagations=5010
%%%mzn-stat: nogoods=116
%%%mzn-stat: numAtomicConstraintsPropagated=0
%%%mzn-stat: allDifferentNumber1TotalHallSetSize=382
%%%mzn-stat: allDifferentNumber1NumberOfConflicts=113
%%%mzn-stat: allDifferentNumber1MaxHallSetSize=16
%%%mzn-stat: allDifferentNumber1PropagationsTotal=885
%%%mzn-stat: allDifferentNumber1PropagationsThatFoundConflict=113
%%%mzn-stat: circuitNumber2PropagationsThatFoundConflict=3
%%%mzn-stat: circuitNumber2TotalFixedEdgesAtConflict=45
%%%mzn-stat: circuitNumber2NumberOfConflicts=3
%%%mzn-stat: circuitNumber2PropagationsThatPruned=48
%%%mzn-stat: circuitNumber2PropagationsTotal=493
%%%mzn-stat: AverageConflictSize=3.9741379310344827
%%%mzn-stat: NumUnitNogoodsLearned=0
%%%mzn-stat: AverageLearnedNogoodLength=5.491379310344827
%%%mzn-stat: AverageBacktrackAmount=0
%%%mzn-stat: AverageLbd=4.758620689655173
%%%mzn-stat: 2AutonomousSearchNumBackupCalled=316
%%%mzn-stat: 2AutonomousSearchNumPredicatesRemoved=0
%%%mzn-stat: 2AutonomousSearchNumCalls=319
%%%mzn-stat: 2AutonomousSearchNumPredicatesAdded=374
%%%mzn-stat: 2AutonomousSearchAverageSizeOfHeap=2.3197492163009406
%%%mzn-stat: 2AutonomousSearchNumAssignedPredicatesEncountered=740
%%%mzn-stat-end
maxleg = 550;
succ = array1d(1..20,[4, 5, 9, 7, 14, 1, 8, 10, 11, 12, 16, 18, 6, 13, 2, 17, 19, 3, 20, 15]);
% time elapsed: 0.36 s
----------
%%%mzn-stat: initTime=0.002605931
%%%mzn-stat: objective=488
%%%mzn-stat: nodes=934
%%%mzn-stat: restarts=0
%%%mzn-stat: peakDepth=131
%%%mzn-stat: solveTime=0.008158927
%%%mzn-stat: variables=280
%%%mzn-stat: propagators=183
%%%mzn-stat: failures=122
%%%mzn-stat: propagations=5655
%%%mzn-stat: nogoods=122
%%%mzn-stat: numAtomicConstraintsPropagated=0
%%%mzn-stat: allDifferentNumber1TotalHallSetSize=394
%%%mzn-stat: allDifferentNumber1NumberOfConflicts=119
%%%mzn-stat: allDifferentNumber1MaxHallSetSize=16
%%%mzn-stat: allDifferentNumber1PropagationsTotal=977
%%%mzn-stat: allDifferentNumber1PropagationsThatFoundConflict=119
%%%mzn-stat: circuitNumber2PropagationsThatFoundConflict=3
%%%mzn-stat: circuitNumber2TotalFixedEdgesAtConflict=45
%%%mzn-stat: circuitNumber2NumberOfConflicts=3
%%%mzn-stat: circuitNumber2PropagationsThatPruned=50
%%%mzn-stat: circuitNumber2PropagationsTotal=545
%%%mzn-stat: AverageConflictSize=3.877049180327869
%%%mzn-stat: NumUnitNogoodsLearned=0
%%%mzn-stat: AverageLearnedNogoodLength=5.319672131147541
%%%mzn-stat: AverageBacktrackAmount=0
%%%mzn-stat: AverageLbd=4.622950819672131
%%%mzn-stat: 2AutonomousSearchNumBackupCalled=410
%%%mzn-stat: 2AutonomousSearchNumPredicatesRemoved=0
%%%mzn-stat: 2AutonomousSearchNumCalls=414
%%%mzn-stat: 2AutonomousSearchNumPredicatesAdded=384
%%%mzn-stat: 2AutonomousSearchAverageSizeOfHeap=2.6135265700483092
%%%mzn-stat: 2AutonomousSearchNumAssignedPredicatesEncountered=1082
%%%mzn-stat-end
maxleg = 488;
succ = array1d(1..20,[4, 5, 9, 8, 14, 1, 6, 10, 11, 12, 16, 18, 7, 13, 2, 17, 19, 3, 20, 15]);
% time elapsed: 0.36 s
----------
%%%mzn-stat: initTime=0.002605931
%%%mzn-stat: objective=412
%%%mzn-stat: nodes=1045
%%%mzn-stat: restarts=0
%%%mzn-stat: peakDepth=131
%%%mzn-stat: solveTime=0.008970175
%%%mzn-stat: variables=280
%%%mzn-stat: propagators=183
%%%mzn-stat: failures=131
%%%mzn-stat: propagations=6172
%%%mzn-stat: nogoods=131
%%%mzn-stat: numAtomicConstraintsPropagated=0
%%%mzn-stat: allDifferentNumber1TotalHallSetSize=473
%%%mzn-stat: allDifferentNumber1NumberOfConflicts=128
%%%mzn-stat: allDifferentNumber1MaxHallSetSize=16
%%%mzn-stat: allDifferentNumber1PropagationsTotal=1036
%%%mzn-stat: allDifferentNumber1PropagationsThatFoundConflict=128
%%%mzn-stat: circuitNumber2PropagationsThatFoundConflict=3
%%%mzn-stat: circuitNumber2TotalFixedEdgesAtConflict=45
%%%mzn-stat: circuitNumber2NumberOfConflicts=3
%%%mzn-stat: circuitNumber2PropagationsThatPruned=54
%%%mzn-stat: circuitNumber2PropagationsTotal=574
%%%mzn-stat: AverageConflictSize=4.3893129770992365
%%%mzn-stat: NumUnitNogoodsLearned=0
%%%mzn-stat: AverageLearnedNogoodLength=5.748091603053435
%%%mzn-stat: AverageBacktrackAmount=0
%%%mzn-stat: AverageLbd=4.694656488549619
%%%mzn-stat: 2AutonomousSearchNumBackupCalled=493
%%%mzn-stat: 2AutonomousSearchNumPredicatesRemoved=0
%%%mzn-stat: 2AutonomousSearchNumCalls=498
%%%mzn-stat: 2AutonomousSearchNumPredicatesAdded=477
%%%mzn-stat: 2AutonomousSearchAverageSizeOfHeap=2.9759036144578315
%%%mzn-stat: 2AutonomousSearchNumAssignedPredicatesEncountered=1482
%%%mzn-stat-end
maxleg = 412;
succ = array1d(1..20,[4, 5, 9, 8, 14, 7, 13, 10, 11, 12, 16, 18, 1, 6, 2, 17, 19, 3, 20, 15]);
% time elapsed: 0.36 s
----------
%%%mzn-stat: initTime=0.002605931
%%%mzn-stat: objective=411
%%%mzn-stat: nodes=1177
%%%mzn-stat: restarts=0
%%%mzn-stat: peakDepth=131
%%%mzn-stat: solveTime=0.010069564
%%%mzn-stat: variables=280
%%%mzn-stat: propagators=183
%%%mzn-stat: failures=148
%%%mzn-stat: propagations=6892
%%%mzn-stat: nogoods=148
%%%mzn-stat: numAtomicConstraintsPropagated=0
%%%mzn-stat: allDifferentNumber1TotalHallSetSize=565
%%%mzn-stat: allDifferentNumber1NumberOfConflicts=145
%%%mzn-stat: allDifferentNumber1MaxHallSetSize=17
%%%mzn-stat: allDifferentNumber1PropagationsTotal=1134
%%%mzn-stat: allDifferentNumber1PropagationsThatFoundConflict=145
%%%mzn-stat: circuitNumber2PropagationsThatFoundConflict=3
%%%mzn-stat: circuitNumber2TotalFixedEdgesAtConflict=45
%%%mzn-stat: circuitNumber2NumberOfConflicts=3
%%%mzn-stat: circuitNumber2PropagationsThatPruned=63
%%%mzn-stat: circuitNumber2PropagationsTotal=629
%%%mzn-stat: AverageConflictSize=4.743243243243243
%%%mzn-stat: NumUnitNogoodsLearned=0
%%%mzn-stat: AverageLearnedNogoodLength=6.121621621621622
%%%mzn-stat: AverageBacktrackAmount=0
%%%mzn-stat: AverageLbd=4.702702702702703
%%%mzn-stat: 2AutonomousSearchNumBackupCalled=573
%%%mzn-stat: 2AutonomousSearchNumPredicatesRemoved=0
%%%mzn-stat: 2AutonomousSearchNumCalls=579
%%%mzn-stat: 2AutonomousSearchNumPredicatesAdded=612
%%%mzn-stat: 2AutonomousSearchAverageSizeOfHeap=3.2832469775474955
%%%mzn-stat: 2AutonomousSearchNumAssignedPredicatesEncountered=1901
%%%mzn-stat-end
maxleg = 411;
succ = array1d(1..20,[4, 5, 9, 12, 14, 1, 6, 13, 11, 16, 17, 18, 7, 8, 2, 3, 19, 10, 20, 15]);
% time elapsed: 0.36 s
----------
%%%mzn-stat: initTime=0.002605931
%%%mzn-stat: objective=358
%%%mzn-stat: nodes=1271
%%%mzn-stat: restarts=0
%%%mzn-stat: peakDepth=131
%%%mzn-stat: solveTime=0.010738055
%%%mzn-stat: variables=280
%%%mzn-stat: propagators=183
%%%mzn-stat: failures=154
%%%mzn-stat: propagations=7395
%%%mzn-stat: nogoods=154
%%%mzn-stat: numAtomicConstraintsPropagated=0
%%%mzn-stat: allDifferentNumber1TotalHallSetSize=613
%%%mzn-stat: allDifferentNumber1NumberOfConflicts=151
%%%mzn-stat: allDifferentNumber1MaxHallSetSize=17
%%%mzn-stat: allDifferentNumber1PropagationsTotal=1178
%%%mzn-stat: allDifferentNumber1PropagationsThatFoundConflict=151
%%%mzn-stat: circuitNumber2PropagationsThatFoundConflict=3
%%%mzn-stat: circuitNumber2TotalFixedEdgesAtConflict=45
%%%mzn-stat: circuitNumber2NumberOfConflicts=3
%%%mzn-stat: circuitNumber2PropagationsThatPruned=67
%%%mzn-stat: circuitNumber2PropagationsTotal=653
%%%mzn-stat: AverageConflictSize=5.038961038961039
%%%mzn-stat: NumUnitNogoodsLearned=0
%%%mzn-stat: AverageLearnedNogoodLength=6.474025974025974
%%%mzn-stat: AverageBacktrackAmount=0
%%%mzn-stat: AverageLbd=4.740259740259741
%%%mzn-stat: 2AutonomousSearchNumBackupCalled=645
%%%mzn-stat: 2AutonomousSearchNumPredicatesRemoved=0
%%%mzn-stat: 2AutonomousSearchNumCalls=652
%%%mzn-stat: 2AutonomousSearchNumPredicatesAdded=751
%%%mzn-stat: 2AutonomousSearchAverageSizeOfHeap=3.567484662576687
%%%mzn-stat: 2AutonomousSearchNumAssignedPredicatesEncountered=2326
%%%mzn-stat-end
maxleg = 358;
succ = array1d(1..20,[4, 5, 9, 12, 14, 7, 13, 6, 11, 16, 17, 18, 1, 8, 2, 3, 19, 10, 20, 15]);
% time elapsed: 0.36 s
----------
%%%mzn-stat: initTime=0.002605931
%%%mzn-stat: objective=335
%%%mzn-stat: nodes=1377
%%%mzn-stat: restarts=0
%%%mzn-stat: peakDepth=131
%%%mzn-stat: solveTime=0.011752853
%%%mzn-stat: variables=280
%%%mzn-stat: propagators=183
%%%mzn-stat: failures=164
%%%mzn-stat: propagations=8157
%%%mzn-stat: nogoods=164
%%%mzn-stat: numAtomicConstraintsPropagated=0
%%%mzn-stat: allDifferentNumber1TotalHallSetSize=662
%%%mzn-stat: allDifferentNumber1NumberOfConflicts=160
%%%mzn-stat: allDifferentNumber1MaxHallSetSize=17
%%%mzn-stat: allDifferentNumber1PropagationsTotal=1257
%%%mzn-stat: allDifferentNumber1PropagationsThatFoundConflict=160
%%%mzn-stat: circuitNumber2PropagationsThatFoundConflict=4
%%%mzn-stat: circuitNumber2TotalFixedEdgesAtConflict=61
%%%mzn-stat: circuitNumber2NumberOfConflicts=4
%%%mzn-stat: circuitNumber2PropagationsThatPruned=79
%%%mzn-stat: circuitNumber2PropagationsTotal=701
%%%mzn-stat: AverageConflictSize=5.219512195121951
%%%mzn-stat: NumUnitNogoodsLearned=0
%%%mzn-stat: AverageLearnedNogoodLength=6.951219512195122
%%%mzn-stat: AverageBacktrackAmount=0
%%%mzn-stat: AverageLbd=4.762195121951219
%%%mzn-stat: 2AutonomousSearchNumBackupCalled=716
%%%mzn-stat: 2AutonomousSearchNumPredicatesRemoved=0
%%%mzn-stat: 2AutonomousSearchNumCalls=724
%%%mzn-stat: 2AutonomousSearchNumPredicatesAdded=920
%%%mzn-stat: 2AutonomousSearchAverageSizeOfHeap=3.820441988950276
%%%mzn-stat: 2AutonomousSearchNumAssignedPredicatesEncountered=2766
%%%mzn-stat-end
maxleg = 335;
succ = array1d(1..20,[4, 5, 9, 12, 15, 7, 13, 6, 11, 16, 17, 18, 1, 8, 14, 3, 19, 10, 20, 2]);
% time elapsed: 0.36 s
----------
==========
% time elapsed: 0.36 s
%%%mzn-stat: initTime=0.002605931
%%%mzn-stat: objective=335
%%%mzn-stat: nodes=1377
%%%mzn-stat: restarts=0
%%%mzn-stat: peakDepth=131
%%%mzn-stat: solveTime=0.011857054
%%%mzn-stat: variables=280
%%%mzn-stat: propagators=183
%%%mzn-stat: failures=165
%%%mzn-stat: propagations=8237
%%%mzn-stat: nogoods=165
%%%mzn-stat: numAtomicConstraintsPropagated=0
%%%mzn-stat: allDifferentNumber1TotalHallSetSize=682
%%%mzn-stat: allDifferentNumber1NumberOfConflicts=161
%%%mzn-stat: allDifferentNumber1MaxHallSetSize=20
%%%mzn-stat: allDifferentNumber1PropagationsTotal=1259
%%%mzn-stat: allDifferentNumber1PropagationsThatFoundConflict=161
%%%mzn-stat: circuitNumber2PropagationsThatFoundConflict=4
%%%mzn-stat: circuitNumber2TotalFixedEdgesAtConflict=61
%%%mzn-stat: circuitNumber2NumberOfConflicts=4
%%%mzn-stat: circuitNumber2PropagationsThatPruned=79
%%%mzn-stat: circuitNumber2PropagationsTotal=702
%%%mzn-stat: AverageConflictSize=5.260606060606061
%%%mzn-stat: NumUnitNogoodsLearned=1
%%%mzn-stat: AverageLearnedNogoodLength=6.915151515151515
%%%mzn-stat: AverageBacktrackAmount=0
%%%mzn-stat: AverageLbd=4.739393939393939
%%%mzn-stat: 2AutonomousSearchNumBackupCalled=716
%%%mzn-stat: 2AutonomousSearchNumPredicatesRemoved=0
%%%mzn-stat: 2AutonomousSearchNumCalls=724
%%%mzn-stat: 2AutonomousSearchNumPredicatesAdded=1017
%%%mzn-stat: 2AutonomousSearchAverageSizeOfHeap=3.820441988950276
%%%mzn-stat: 2AutonomousSearchNumAssignedPredicatesEncountered=2766
%%%mzn-stat-end
