% Logging successfully configured
%%%mzn-stat: initTime=0.117503427
%%%mzn-stat: objective=435
%%%mzn-stat: nodes=144
%%%mzn-stat: restarts=0
%%%mzn-stat: peakDepth=111
%%%mzn-stat: solveTime=0.001812422
%%%mzn-stat: variables=272
%%%mzn-stat: propagators=365
%%%mzn-stat: failures=25
%%%mzn-stat: propagations=4400
%%%mzn-stat: nogoods=25
%%%mzn-stat: numAtomicConstraintsPropagated=0
%%%mzn-stat: circuitNumber191PropagationsThatFoundConflict=13
%%%mzn-stat: circuitNumber191TotalFixedEdgesAtConflict=206
%%%mzn-stat: circuitNumber191NumberOfConflicts=13
%%%mzn-stat: circuitNumber191PropagationsThatPruned=9
%%%mzn-stat: circuitNumber191PropagationsTotal=58
%%%mzn-stat: AverageConflictSize=6.84
%%%mzn-stat: NumUnitNogoodsLearned=0
%%%mzn-stat: AverageLearnedNogoodLength=12.92
%%%mzn-stat: AverageBacktrackAmount=0
%%%mzn-stat: AverageLbd=7.04
%%%mzn-stat: 2AutonomousSearchNumBackupCalled=99
%%%mzn-stat: 2AutonomousSearchNumPredicatesRemoved=0
%%%mzn-stat: 2AutonomousSearchNumCalls=100
%%%mzn-stat: 2AutonomousSearchNumPredicatesAdded=444
%%%mzn-stat: 2AutonomousSearchAverageSizeOfHeap=4.44
%%%mzn-stat: 2AutonomousSearchNumAssignedPredicatesEncountered=444
%%%mzn-stat-end
maxleg = 435;
succ = array1d(1..20,[9, 3, 11, 14, 6, 7, 13, 5, 4, 8, 15, 17, 20, 16, 18, 2, 1, 19, 10, 12]);
% time elapsed: 8.19 s
----------
%%%mzn-stat: initTime=0.117503427
%%%mzn-stat: objective=409
%%%mzn-stat: nodes=2356
%%%mzn-stat: restarts=0
%%%mzn-stat: peakDepth=111
%%%mzn-stat: solveTime=0.122389198
%%%mzn-stat: variables=272
%%%mzn-stat: propagators=365
%%%mzn-stat: failures=1647
%%%mzn-stat: propagations=227674
%%%mzn-stat: nogoods=1647
%%%mzn-stat: numAtomicConstraintsPropagated=0
%%%mzn-stat: circuitNumber191PropagationsThatFoundConflict=633
%%%mzn-stat: circuitNumber191TotalFixedEdgesAtConflict=9672
%%%mzn-stat: circuitNumber191NumberOfConflicts=633
%%%mzn-stat: circuitNumber191PropagationsThatPruned=579
%%%mzn-stat: circuitNumber191PropagationsTotal=3146
%%%mzn-stat: AverageConflictSize=7.052216150576807
%%%mzn-stat: NumUnitNogoodsLearned=0
%%%mzn-stat: AverageLearnedNogoodLength=13.505160898603522
%%%mzn-stat: AverageBacktrackAmount=0
%%%mzn-stat: AverageLbd=5.43290831815422
%%%mzn-stat: 2AutonomousSearchNumBackupCalled=183
%%%mzn-stat: 2AutonomousSearchNumPredicatesRemoved=0
%%%mzn-stat: 2AutonomousSearchNumCalls=185
%%%mzn-stat: 2AutonomousSearchNumPredicatesAdded=1108
%%%mzn-stat: 2AutonomousSearchAverageSizeOfHeap=6.232432432432432
%%%mzn-stat: 2AutonomousSearchNumAssignedPredicatesEncountered=1153
%%%mzn-stat-end
maxleg = 409;
succ = array1d(1..20,[17, 3, 11, 14, 6, 7, 13, 10, 4, 19, 15, 8, 20, 16, 18, 2, 5, 1, 9, 12]);
% time elapsed: 8.29 s
----------
==========
% time elapsed: 8.36 s
%%%mzn-stat: initTime=0.117503427
%%%mzn-stat: objective=409
%%%mzn-stat: nodes=3881
%%%mzn-stat: restarts=0
%%%mzn-stat: peakDepth=111
%%%mzn-stat: solveTime=0.198011833
%%%mzn-stat: variables=272
%%%mzn-stat: propagators=365
%%%mzn-stat: failures=2805
%%%mzn-stat: propagations=395420
%%%mzn-stat: nogoods=2805
%%%mzn-stat: numAtomicConstraintsPropagated=0
%%%mzn-stat: circuitNumber191PropagationsThatFoundConflict=1609
%%%mzn-stat: circuitNumber191TotalFixedEdgesAtConflict=24955
%%%mzn-stat: circuitNumber191NumberOfConflicts=1609
%%%mzn-stat: circuitNumber191PropagationsThatPruned=1257
%%%mzn-stat: circuitNumber191PropagationsTotal=5972
%%%mzn-stat: AverageConflictSize=7.240285204991087
%%%mzn-stat: NumUnitNogoodsLearned=1
%%%mzn-stat: AverageLearnedNogoodLength=11.95187165775401
%%%mzn-stat: AverageBacktrackAmount=0
%%%mzn-stat: AverageLbd=5.127985739750446
%%%mzn-stat: 2AutonomousSearchNumBackupCalled=183
%%%mzn-stat: 2AutonomousSearchNumPredicatesRemoved=0
%%%mzn-stat: 2AutonomousSearchNumCalls=185
%%%mzn-stat: 2AutonomousSearchNumPredicatesAdded=1812
%%%mzn-stat: 2AutonomousSearchAverageSizeOfHeap=6.232432432432432
%%%mzn-stat: 2AutonomousSearchNumAssignedPredicatesEncountered=1153
%%%mzn-stat-end
