% Logging successfully configured
%%%mzn-stat: initTime=0.004108299
%%%mzn-stat: objective=515
%%%mzn-stat: nodes=169
%%%mzn-stat: restarts=0
%%%mzn-stat: peakDepth=169
%%%mzn-stat: solveTime=0.000785443
%%%mzn-stat: variables=380
%%%mzn-stat: propagators=260
%%%mzn-stat: failures=0
%%%mzn-stat: propagations=864
%%%mzn-stat: nogoods=0
%%%mzn-stat: numAtomicConstraintsPropagated=0
%%%mzn-stat: circuitNumber1PropagationsTotal=29
%%%mzn-stat: circuitNumber1CircuitConflicts=0
%%%mzn-stat: circuitNumber1AlldiffConflicts=0
%%%mzn-stat: circuitNumber1TotalFixedEdgesAtConflict=0
%%%mzn-stat: circuitNumber1NumberOfConflicts=0
%%%mzn-stat: circuitNumber1GacPrunings=81
%%%mzn-stat: circuitNumber1PropagationsThatGacPruned=14
%%%mzn-stat: circuitNumber1TotalPruningHallSetSize=106
%%%mzn-stat: circuitNumber1NumberOfPruningExplanations=81
%%%mzn-stat: circuitNumber1MaxPruningHallSetSize=9
%%%mzn-stat: circuitNumber1TotalSccSizeAtPruning=42
%%%mzn-stat: circuitNumber1NumberOfSccPruningCalls=14
%%%mzn-stat: circuitNumber1TotalVarsInvolvedInPruning=78
%%%mzn-stat: circuitNumber1MaxValuesPrunedFromSingleVar=3
%%%mzn-stat: circuitNumber1HallCircuitChecks=28
%%%mzn-stat: circuitNumber1HallCircuitPrunings=4
%%%mzn-stat: circuitNumber1CircuitPreventPrunings=11
%%%mzn-stat: AverageConflictSize=0
%%%mzn-stat: NumUnitNogoodsLearned=0
%%%mzn-stat: AverageLearnedNogoodLength=0
%%%mzn-stat: AverageBacktrackAmount=0
%%%mzn-stat: AverageLbd=0
%%%mzn-stat: 2AutonomousSearchNumBackupCalled=156
%%%mzn-stat: 2AutonomousSearchNumPredicatesRemoved=0
%%%mzn-stat: 2AutonomousSearchNumCalls=157
%%%mzn-stat: 2AutonomousSearchNumPredicatesAdded=0
%%%mzn-stat: 2AutonomousSearchAverageSizeOfHeap=0
%%%mzn-stat: 2AutonomousSearchNumAssignedPredicatesEncountered=0
%%%mzn-stat-end
maxleg = 515;
succ = array1d(1..20,[2, 7, 1, 5, 3, 8, 11, 14, 6, 4, 12, 18, 9, 17, 13, 10, 16, 19, 20, 15]);
% time elapsed: 1.76 s
----------
%%%mzn-stat: initTime=0.004108299
%%%mzn-stat: objective=506
%%%mzn-stat: nodes=323
%%%mzn-stat: restarts=0
%%%mzn-stat: peakDepth=169
%%%mzn-stat: solveTime=0.001426266
%%%mzn-stat: variables=380
%%%mzn-stat: propagators=260
%%%mzn-stat: failures=0
%%%mzn-stat: propagations=1317
%%%mzn-stat: nogoods=0
%%%mzn-stat: numAtomicConstraintsPropagated=0
%%%mzn-stat: circuitNumber1PropagationsTotal=59
%%%mzn-stat: circuitNumber1CircuitConflicts=0
%%%mzn-stat: circuitNumber1AlldiffConflicts=0
%%%mzn-stat: circuitNumber1TotalFixedEdgesAtConflict=0
%%%mzn-stat: circuitNumber1NumberOfConflicts=0
%%%mzn-stat: circuitNumber1GacPrunings=153
%%%mzn-stat: circuitNumber1PropagationsThatGacPruned=30
%%%mzn-stat: circuitNumber1TotalPruningHallSetSize=206
%%%mzn-stat: circuitNumber1NumberOfPruningExplanations=153
%%%mzn-stat: circuitNumber1MaxPruningHallSetSize=9
%%%mzn-stat: circuitNumber1TotalSccSizeAtPruning=80
%%%mzn-stat: circuitNumber1NumberOfSccPruningCalls=30
%%%mzn-stat: circuitNumber1TotalVarsInvolvedInPruning=146
%%%mzn-stat: circuitNumber1MaxValuesPrunedFromSingleVar=3
%%%mzn-stat: circuitNumber1HallCircuitChecks=57
%%%mzn-stat: circuitNumber1HallCircuitPrunings=8
%%%mzn-stat: circuitNumber1CircuitPreventPrunings=25
%%%mzn-stat: AverageConflictSize=0
%%%mzn-stat: NumUnitNogoodsLearned=0
%%%mzn-stat: AverageLearnedNogoodLength=0
%%%mzn-stat: AverageBacktrackAmount=0
%%%mzn-stat: AverageLbd=0
%%%mzn-stat: 2AutonomousSearchNumBackupCalled=298
%%%mzn-stat: 2AutonomousSearchNumPredicatesRemoved=0
%%%mzn-stat: 2AutonomousSearchNumCalls=300
%%%mzn-stat: 2AutonomousSearchNumPredicatesAdded=0
%%%mzn-stat: 2AutonomousSearchAverageSizeOfHeap=0
%%%mzn-stat: 2AutonomousSearchNumAssignedPredicatesEncountered=0
%%%mzn-stat-end
maxleg = 506;
succ = array1d(1..20,[2, 7, 1, 5, 10, 3, 8, 16, 6, 11, 9, 4, 15, 13, 20, 17, 14, 12, 18, 19]);
% time elapsed: 1.76 s
----------
%%%mzn-stat: initTime=0.004108299
%%%mzn-stat: objective=471
%%%mzn-stat: nodes=474
%%%mzn-stat: restarts=0
%%%mzn-stat: peakDepth=169
%%%mzn-stat: solveTime=0.002026219
%%%mzn-stat: variables=380
%%%mzn-stat: propagators=260
%%%mzn-stat: failures=0
%%%mzn-stat: propagations=1763
%%%mzn-stat: nogoods=0
%%%mzn-stat: numAtomicConstraintsPropagated=0
%%%mzn-stat: circuitNumber1PropagationsTotal=86
%%%mzn-stat: circuitNumber1CircuitConflicts=0
%%%mzn-stat: circuitNumber1AlldiffConflicts=0
%%%mzn-stat: circuitNumber1TotalFixedEdgesAtConflict=0
%%%mzn-stat: circuitNumber1NumberOfConflicts=0
%%%mzn-stat: circuitNumber1GacPrunings=224
%%%mzn-stat: circuitNumber1PropagationsThatGacPruned=44
%%%mzn-stat: circuitNumber1TotalPruningHallSetSize=303
%%%mzn-stat: circuitNumber1NumberOfPruningExplanations=224
%%%mzn-stat: circuitNumber1MaxPruningHallSetSize=9
%%%mzn-stat: circuitNumber1TotalSccSizeAtPruning=115
%%%mzn-stat: circuitNumber1NumberOfSccPruningCalls=44
%%%mzn-stat: circuitNumber1TotalVarsInvolvedInPruning=212
%%%mzn-stat: circuitNumber1MaxValuesPrunedFromSingleVar=3
%%%mzn-stat: circuitNumber1HallCircuitChecks=84
%%%mzn-stat: circuitNumber1HallCircuitPrunings=11
%%%mzn-stat: circuitNumber1CircuitPreventPrunings=38
%%%mzn-stat: AverageConflictSize=0
%%%mzn-stat: NumUnitNogoodsLearned=0
%%%mzn-stat: AverageLearnedNogoodLength=0
%%%mzn-stat: AverageBacktrackAmount=0
%%%mzn-stat: AverageLbd=0
%%%mzn-stat: 2AutonomousSearchNumBackupCalled=438
%%%mzn-stat: 2AutonomousSearchNumPredicatesRemoved=0
%%%mzn-stat: 2AutonomousSearchNumCalls=441
%%%mzn-stat: 2AutonomousSearchNumPredicatesAdded=0
%%%mzn-stat: 2AutonomousSearchAverageSizeOfHeap=0
%%%mzn-stat: 2AutonomousSearchNumAssignedPredicatesEncountered=0
%%%mzn-stat-end
maxleg = 471;
succ = array1d(1..20,[2, 7, 1, 5, 10, 3, 8, 16, 6, 11, 9, 4, 15, 13, 20, 17, 14, 19, 12, 18]);
% time elapsed: 1.76 s
----------
%%%mzn-stat: initTime=0.004108299
%%%mzn-stat: objective=455
%%%mzn-stat: nodes=687
%%%mzn-stat: restarts=0
%%%mzn-stat: peakDepth=169
%%%mzn-stat: solveTime=0.0129625
%%%mzn-stat: variables=380
%%%mzn-stat: propagators=260
%%%mzn-stat: failures=61
%%%mzn-stat: propagations=4162
%%%mzn-stat: nogoods=61
%%%mzn-stat: numAtomicConstraintsPropagated=0
%%%mzn-stat: circuitNumber1PropagationsTotal=407
%%%mzn-stat: circuitNumber1CircuitConflicts=34
%%%mzn-stat: circuitNumber1AlldiffConflicts=0
%%%mzn-stat: circuitNumber1TotalFixedEdgesAtConflict=503
%%%mzn-stat: circuitNumber1NumberOfConflicts=34
%%%mzn-stat: circuitNumber1GacPrunings=981
%%%mzn-stat: circuitNumber1PropagationsThatGacPruned=229
%%%mzn-stat: circuitNumber1TotalPruningHallSetSize=2158
%%%mzn-stat: circuitNumber1NumberOfPruningExplanations=981
%%%mzn-stat: circuitNumber1MaxPruningHallSetSize=11
%%%mzn-stat: circuitNumber1TotalSccSizeAtPruning=974
%%%mzn-stat: circuitNumber1NumberOfSccPruningCalls=229
%%%mzn-stat: circuitNumber1TotalVarsInvolvedInPruning=809
%%%mzn-stat: circuitNumber1MaxValuesPrunedFromSingleVar=4
%%%mzn-stat: circuitNumber1HallCircuitChecks=404
%%%mzn-stat: circuitNumber1HallCircuitPrunings=38
%%%mzn-stat: circuitNumber1CircuitPreventPrunings=212
%%%mzn-stat: AverageConflictSize=8.737704918032787
%%%mzn-stat: NumUnitNogoodsLearned=0
%%%mzn-stat: AverageLearnedNogoodLength=20.60655737704918
%%%mzn-stat: AverageBacktrackAmount=0
%%%mzn-stat: AverageLbd=8.540983606557377
%%%mzn-stat: 2AutonomousSearchNumBackupCalled=577
%%%mzn-stat: 2AutonomousSearchNumPredicatesRemoved=0
%%%mzn-stat: 2AutonomousSearchNumCalls=581
%%%mzn-stat: 2AutonomousSearchNumPredicatesAdded=377
%%%mzn-stat: 2AutonomousSearchAverageSizeOfHeap=0.648881239242685
%%%mzn-stat: 2AutonomousSearchNumAssignedPredicatesEncountered=377
%%%mzn-stat-end
maxleg = 455;
succ = array1d(1..20,[2, 7, 1, 5, 10, 9, 8, 6, 11, 16, 12, 4, 15, 13, 20, 17, 14, 3, 18, 19]);
% time elapsed: 1.76 s
----------
%%%mzn-stat: initTime=0.004108299
%%%mzn-stat: objective=443
%%%mzn-stat: nodes=819
%%%mzn-stat: restarts=0
%%%mzn-stat: peakDepth=169
%%%mzn-stat: solveTime=0.013676347
%%%mzn-stat: variables=380
%%%mzn-stat: propagators=260
%%%mzn-stat: failures=61
%%%mzn-stat: propagations=4623
%%%mzn-stat: nogoods=61
%%%mzn-stat: numAtomicConstraintsPropagated=0
%%%mzn-stat: circuitNumber1PropagationsTotal=430
%%%mzn-stat: circuitNumber1CircuitConflicts=34
%%%mzn-stat: circuitNumber1AlldiffConflicts=0
%%%mzn-stat: circuitNumber1TotalFixedEdgesAtConflict=503
%%%mzn-stat: circuitNumber1NumberOfConflicts=34
%%%mzn-stat: circuitNumber1GacPrunings=1041
%%%mzn-stat: circuitNumber1PropagationsThatGacPruned=241
%%%mzn-stat: circuitNumber1TotalPruningHallSetSize=2272
%%%mzn-stat: circuitNumber1NumberOfPruningExplanations=1041
%%%mzn-stat: circuitNumber1MaxPruningHallSetSize=11
%%%mzn-stat: circuitNumber1TotalSccSizeAtPruning=1002
%%%mzn-stat: circuitNumber1NumberOfSccPruningCalls=241
%%%mzn-stat: circuitNumber1TotalVarsInvolvedInPruning=863
%%%mzn-stat: circuitNumber1MaxValuesPrunedFromSingleVar=4
%%%mzn-stat: circuitNumber1HallCircuitChecks=424
%%%mzn-stat: circuitNumber1HallCircuitPrunings=42
%%%mzn-stat: circuitNumber1CircuitPreventPrunings=222
%%%mzn-stat: AverageConflictSize=8.737704918032787
%%%mzn-stat: NumUnitNogoodsLearned=0
%%%mzn-stat: AverageLearnedNogoodLength=20.60655737704918
%%%mzn-stat: AverageBacktrackAmount=0
%%%mzn-stat: AverageLbd=8.540983606557377
%%%mzn-stat: 2AutonomousSearchNumBackupCalled=699
%%%mzn-stat: 2AutonomousSearchNumPredicatesRemoved=0
%%%mzn-stat: 2AutonomousSearchNumCalls=704
%%%mzn-stat: 2AutonomousSearchNumPredicatesAdded=377
%%%mzn-stat: 2AutonomousSearchAverageSizeOfHeap=1.0710227272727273
%%%mzn-stat: 2AutonomousSearchNumAssignedPredicatesEncountered=754
%%%mzn-stat-end
maxleg = 443;
succ = array1d(1..20,[2, 7, 1, 5, 10, 9, 8, 6, 11, 16, 12, 4, 15, 13, 20, 17, 14, 19, 3, 18]);
% time elapsed: 1.76 s
----------
%%%mzn-stat: initTime=0.004108299
%%%mzn-stat: objective=427
%%%mzn-stat: nodes=1843
%%%mzn-stat: restarts=0
%%%mzn-stat: peakDepth=169
%%%mzn-stat: solveTime=0.171026896
%%%mzn-stat: variables=380
%%%mzn-stat: propagators=260
%%%mzn-stat: failures=957
%%%mzn-stat: propagations=35008
%%%mzn-stat: nogoods=957
%%%mzn-stat: numAtomicConstraintsPropagated=0
%%%mzn-stat: circuitNumber1PropagationsTotal=4663
%%%mzn-stat: circuitNumber1CircuitConflicts=531
%%%mzn-stat: circuitNumber1AlldiffConflicts=0
%%%mzn-stat: circuitNumber1TotalFixedEdgesAtConflict=8674
%%%mzn-stat: circuitNumber1NumberOfConflicts=531
%%%mzn-stat: circuitNumber1GacPrunings=9453
%%%mzn-stat: circuitNumber1PropagationsThatGacPruned=2661
%%%mzn-stat: circuitNumber1TotalPruningHallSetSize=21943
%%%mzn-stat: circuitNumber1NumberOfPruningExplanations=9453
%%%mzn-stat: circuitNumber1MaxPruningHallSetSize=15
%%%mzn-stat: circuitNumber1TotalSccSizeAtPruning=14615
%%%mzn-stat: circuitNumber1NumberOfSccPruningCalls=2661
%%%mzn-stat: circuitNumber1TotalVarsInvolvedInPruning=7522
%%%mzn-stat: circuitNumber1MaxValuesPrunedFromSingleVar=5
%%%mzn-stat: circuitNumber1HallCircuitChecks=4947
%%%mzn-stat: circuitNumber1HallCircuitPrunings=368
%%%mzn-stat: circuitNumber1CircuitPreventPrunings=2377
%%%mzn-stat: AverageConflictSize=14.296760710553814
%%%mzn-stat: NumUnitNogoodsLearned=0
%%%mzn-stat: AverageLearnedNogoodLength=24.04493207941484
%%%mzn-stat: AverageBacktrackAmount=0
%%%mzn-stat: AverageLbd=8.075235109717868
%%%mzn-stat: 2AutonomousSearchNumBackupCalled=811
%%%mzn-stat: 2AutonomousSearchNumPredicatesRemoved=0
%%%mzn-stat: 2AutonomousSearchNumCalls=817
%%%mzn-stat: 2AutonomousSearchNumPredicatesAdded=905
%%%mzn-stat: 2AutonomousSearchAverageSizeOfHeap=1.6340269277845778
%%%mzn-stat: 2AutonomousSearchNumAssignedPredicatesEncountered=1335
%%%mzn-stat-end
maxleg = 427;
succ = array1d(1..20,[2, 7, 6, 5, 10, 9, 8, 16, 11, 1, 12, 4, 15, 13, 20, 17, 14, 19, 3, 18]);
% time elapsed: 1.90 s
----------
%%%mzn-stat: initTime=0.004108299
%%%mzn-stat: objective=388
%%%mzn-stat: nodes=1993
%%%mzn-stat: restarts=0
%%%mzn-stat: peakDepth=169
%%%mzn-stat: solveTime=0.176706128
%%%mzn-stat: variables=380
%%%mzn-stat: propagators=260
%%%mzn-stat: failures=984
%%%mzn-stat: propagations=36319
%%%mzn-stat: nogoods=984
%%%mzn-stat: numAtomicConstraintsPropagated=0
%%%mzn-stat: circuitNumber1PropagationsTotal=4804
%%%mzn-stat: circuitNumber1CircuitConflicts=545
%%%mzn-stat: circuitNumber1AlldiffConflicts=0
%%%mzn-stat: circuitNumber1TotalFixedEdgesAtConflict=8904
%%%mzn-stat: circuitNumber1NumberOfConflicts=545
%%%mzn-stat: circuitNumber1GacPrunings=9747
%%%mzn-stat: circuitNumber1PropagationsThatGacPruned=2742
%%%mzn-stat: circuitNumber1TotalPruningHallSetSize=22725
%%%mzn-stat: circuitNumber1NumberOfPruningExplanations=9747
%%%mzn-stat: circuitNumber1MaxPruningHallSetSize=15
%%%mzn-stat: circuitNumber1TotalSccSizeAtPruning=15027
%%%mzn-stat: circuitNumber1NumberOfSccPruningCalls=2742
%%%mzn-stat: circuitNumber1TotalVarsInvolvedInPruning=7756
%%%mzn-stat: circuitNumber1MaxValuesPrunedFromSingleVar=5
%%%mzn-stat: circuitNumber1HallCircuitChecks=5127
%%%mzn-stat: circuitNumber1HallCircuitPrunings=380
%%%mzn-stat: circuitNumber1CircuitPreventPrunings=2460
%%%mzn-stat: AverageConflictSize=14.231707317073171
%%%mzn-stat: NumUnitNogoodsLearned=0
%%%mzn-stat: AverageLearnedNogoodLength=23.95731707317073
%%%mzn-stat: AverageBacktrackAmount=0
%%%mzn-stat: AverageLbd=8.089430894308943
%%%mzn-stat: 2AutonomousSearchNumBackupCalled=925
%%%mzn-stat: 2AutonomousSearchNumPredicatesRemoved=0
%%%mzn-stat: 2AutonomousSearchNumCalls=932
%%%mzn-stat: 2AutonomousSearchNumPredicatesAdded=1253
%%%mzn-stat: 2AutonomousSearchAverageSizeOfHeap=2.0675965665236054
%%%mzn-stat: 2AutonomousSearchNumAssignedPredicatesEncountered=1927
%%%mzn-stat-end
maxleg = 388;
succ = array1d(1..20,[2, 7, 6, 5, 10, 11, 8, 16, 13, 1, 12, 4, 15, 9, 20, 17, 14, 19, 3, 18]);
% time elapsed: 1.92 s
----------
==========
% time elapsed: 372.01 s
%%%mzn-stat: initTime=0.004108299
%%%mzn-stat: objective=388
%%%mzn-stat: nodes=1440571
%%%mzn-stat: restarts=0
%%%mzn-stat: peakDepth=169
%%%mzn-stat: solveTime=370.276467032
%%%mzn-stat: variables=380
%%%mzn-stat: propagators=260
%%%mzn-stat: failures=1435670
%%%mzn-stat: propagations=50713785
%%%mzn-stat: nogoods=1435670
%%%mzn-stat: numAtomicConstraintsPropagated=0
%%%mzn-stat: circuitNumber1PropagationsTotal=5784756
%%%mzn-stat: circuitNumber1CircuitConflicts=1006917
%%%mzn-stat: circuitNumber1AlldiffConflicts=29840
%%%mzn-stat: circuitNumber1TotalFixedEdgesAtConflict=17288522
%%%mzn-stat: circuitNumber1NumberOfConflicts=1036757
%%%mzn-stat: circuitNumber1GacPrunings=8850809
%%%mzn-stat: circuitNumber1PropagationsThatGacPruned=2789364
%%%mzn-stat: circuitNumber1TotalPruningHallSetSize=18297258
%%%mzn-stat: circuitNumber1NumberOfPruningExplanations=8850809
%%%mzn-stat: circuitNumber1MaxPruningHallSetSize=17
%%%mzn-stat: circuitNumber1TotalSccSizeAtPruning=9899595
%%%mzn-stat: circuitNumber1NumberOfSccPruningCalls=2789364
%%%mzn-stat: circuitNumber1TotalVarsInvolvedInPruning=6920038
%%%mzn-stat: circuitNumber1MaxValuesPrunedFromSingleVar=7
%%%mzn-stat: circuitNumber1HallCircuitChecks=8906615
%%%mzn-stat: circuitNumber1HallCircuitPrunings=31504
%%%mzn-stat: circuitNumber1CircuitPreventPrunings=2655108
%%%mzn-stat: AverageConflictSize=15.584162795071292
%%%mzn-stat: NumUnitNogoodsLearned=1
%%%mzn-stat: AverageLearnedNogoodLength=19.94815103749469
%%%mzn-stat: AverageBacktrackAmount=0
%%%mzn-stat: AverageLbd=8.10622357505555
%%%mzn-stat: 2AutonomousSearchNumBackupCalled=925
%%%mzn-stat: 2AutonomousSearchNumPredicatesRemoved=0
%%%mzn-stat: 2AutonomousSearchNumCalls=932
%%%mzn-stat: 2AutonomousSearchNumPredicatesAdded=2170
%%%mzn-stat: 2AutonomousSearchAverageSizeOfHeap=2.0675965665236054
%%%mzn-stat: 2AutonomousSearchNumAssignedPredicatesEncountered=1927
%%%mzn-stat-end
