% Logging successfully configured
%%%mzn-stat: initTime=0.006845504
%%%mzn-stat: objective=858
%%%mzn-stat: nodes=430543
%%%mzn-stat: restarts=0
%%%mzn-stat: peakDepth=280
%%%mzn-stat: solveTime=225.140154567
%%%mzn-stat: variables=629
%%%mzn-stat: propagators=420
%%%mzn-stat: failures=381469
%%%mzn-stat: propagations=12184503
%%%mzn-stat: nogoods=381469
%%%mzn-stat: numAtomicConstraintsPropagated=0
%%%mzn-stat: allDifferentNumber1PropagationsTotal=1537136
%%%mzn-stat: allDifferentNumber1PropagationsThatFoundConflict=1902
%%%mzn-stat: allDifferentNumber1PropagationsThatPruned=962098
%%%mzn-stat: allDifferentNumber1TotalValuesPruned=2345141
%%%mzn-stat: allDifferentNumber1TotalHallSetSizeConflict=10771
%%%mzn-stat: allDifferentNumber1NumberOfConflicts=1902
%%%mzn-stat: allDifferentNumber1MaxHallSetSizeConflict=25
%%%mzn-stat: allDifferentNumber1TotalPruningHallSetSize=4957844
%%%mzn-stat: allDifferentNumber1NumberOfPruningExplanations=2345141
%%%mzn-stat: allDifferentNumber1MaxPruningHallSetSize=32
%%%mzn-stat: allDifferentNumber1TotalFixedEdgesAtConflict=62032
%%%mzn-stat: allDifferentNumber1TotalVarsInvolvedInPruning=1952685
%%%mzn-stat: allDifferentNumber1MaxValuesPrunedFromSingleVar=6
%%%mzn-stat: allDifferentNumber1TotalSccSizeAtPruning=2678430
%%%mzn-stat: allDifferentNumber1NumberOfSccPruningCalls=962098
%%%mzn-stat: circuitNumber2PropagationsThatFoundConflict=375263
%%%mzn-stat: circuitNumber2TotalFixedEdgesAtConflict=16728655
%%%mzn-stat: circuitNumber2NumberOfConflicts=375263
%%%mzn-stat: circuitNumber2PropagationsThatPruned=260238
%%%mzn-stat: circuitNumber2PropagationsTotal=1065123
%%%mzn-stat: AverageConflictSize=37.657361410756835
%%%mzn-stat: NumUnitNogoodsLearned=0
%%%mzn-stat: AverageLearnedNogoodLength=16.976024264094853
%%%mzn-stat: AverageBacktrackAmount=0
%%%mzn-stat: AverageLbd=16.455871905711867
%%%mzn-stat: 2AutonomousSearchNumBackupCalled=256
%%%mzn-stat: 2AutonomousSearchNumPredicatesRemoved=0
%%%mzn-stat: 2AutonomousSearchNumCalls=257
%%%mzn-stat: 2AutonomousSearchNumPredicatesAdded=1777
%%%mzn-stat: 2AutonomousSearchAverageSizeOfHeap=6.914396887159533
%%%mzn-stat: 2AutonomousSearchNumAssignedPredicatesEncountered=1777
%%%mzn-stat-end
maxleg = 858;
succ = array1d(1..50,[2, 15, 12, 10, 1, 8, 14, 16, 19, 22, 13, 4, 18, 34, 20, 26, 3, 27, 35, 33, 37, 11, 9, 17, 31, 25, 42, 24, 38, 28, 39, 41, 36, 46, 50, 21, 47, 23, 32, 43, 48, 29, 7, 40, 44, 5, 49, 30, 6, 45]);
% time elapsed: 228.39 s
----------
%%%mzn-stat: initTime=0.006845504
%%%mzn-stat: objective=858
%%%mzn-stat: nodes=3358048
%%%mzn-stat: restarts=0
%%%mzn-stat: peakDepth=280
%%%mzn-stat: solveTime=1796.794687144
%%%mzn-stat: variables=629
%%%mzn-stat: propagators=420
%%%mzn-stat: failures=3075047
%%%mzn-stat: propagations=104428350
%%%mzn-stat: nogoods=3075047
%%%mzn-stat: numAtomicConstraintsPropagated=0
%%%mzn-stat: allDifferentNumber1PropagationsTotal=12729984
%%%mzn-stat: allDifferentNumber1PropagationsThatFoundConflict=58930
%%%mzn-stat: allDifferentNumber1PropagationsThatPruned=8257551
%%%mzn-stat: allDifferentNumber1TotalValuesPruned=19969417
%%%mzn-stat: allDifferentNumber1TotalHallSetSizeConflict=252130
%%%mzn-stat: allDifferentNumber1NumberOfConflicts=58930
%%%mzn-stat: allDifferentNumber1MaxHallSetSizeConflict=25
%%%mzn-stat: allDifferentNumber1TotalPruningHallSetSize=40202927
%%%mzn-stat: allDifferentNumber1NumberOfPruningExplanations=19969417
%%%mzn-stat: allDifferentNumber1MaxPruningHallSetSize=32
%%%mzn-stat: allDifferentNumber1TotalFixedEdgesAtConflict=2392688
%%%mzn-stat: allDifferentNumber1TotalVarsInvolvedInPruning=16910751
%%%mzn-stat: allDifferentNumber1MaxValuesPrunedFromSingleVar=6
%%%mzn-stat: allDifferentNumber1TotalSccSizeAtPruning=22938253
%%%mzn-stat: allDifferentNumber1NumberOfSccPruningCalls=8257551
%%%mzn-stat: circuitNumber2PropagationsThatFoundConflict=2987777
%%%mzn-stat: circuitNumber2TotalFixedEdgesAtConflict=136181553
%%%mzn-stat: circuitNumber2NumberOfConflicts=2987777
%%%mzn-stat: circuitNumber2PropagationsThatPruned=2627208
%%%mzn-stat: circuitNumber2PropagationsTotal=8959652
%%%mzn-stat: AverageConflictSize=34.45580018776949
%%%mzn-stat: NumUnitNogoodsLearned=0
%%%mzn-stat: AverageLearnedNogoodLength=26.834379442005275
%%%mzn-stat: AverageBacktrackAmount=0
%%%mzn-stat: AverageLbd=14.941616827320038
%%%mzn-stat: 2AutonomousSearchNumBackupCalled=256
%%%mzn-stat: 2AutonomousSearchNumPredicatesRemoved=0
%%%mzn-stat: 2AutonomousSearchNumCalls=257
%%%mzn-stat: 2AutonomousSearchNumPredicatesAdded=3884
%%%mzn-stat: 2AutonomousSearchAverageSizeOfHeap=6.914396887159533
%%%mzn-stat: 2AutonomousSearchNumAssignedPredicatesEncountered=1777
%%%mzn-stat-end
