% Logging successfully configured
%%%mzn-stat: initTime=0.026742833
%%%mzn-stat: objective=848
%%%mzn-stat: nodes=3473
%%%mzn-stat: restarts=0
%%%mzn-stat: peakDepth=564
%%%mzn-stat: solveTime=0.324500462
%%%mzn-stat: variables=1083
%%%mzn-stat: propagators=5740
%%%mzn-stat: failures=1753
%%%mzn-stat: propagations=1196892
%%%mzn-stat: nogoods=1753
%%%mzn-stat: numAtomicConstraintsPropagated=0
%%%mzn-stat: circuitNumber4951PropagationsThatFoundConflict=1398
%%%mzn-stat: circuitNumber4951TotalFixedEdgesAtConflict=116723
%%%mzn-stat: circuitNumber4951NumberOfConflicts=1398
%%%mzn-stat: circuitNumber4951PropagationsThatPruned=604
%%%mzn-stat: circuitNumber4951PropagationsTotal=4655
%%%mzn-stat: AverageConflictSize=10.171705647461495
%%%mzn-stat: NumUnitNogoodsLearned=0
%%%mzn-stat: AverageLearnedNogoodLength=11.339418140330862
%%%mzn-stat: AverageBacktrackAmount=0
%%%mzn-stat: AverageLbd=7.560752994865944
%%%mzn-stat: 2AutonomousSearchNumBackupCalled=511
%%%mzn-stat: 2AutonomousSearchNumPredicatesRemoved=0
%%%mzn-stat: 2AutonomousSearchNumCalls=512
%%%mzn-stat: 2AutonomousSearchNumPredicatesAdded=6406
%%%mzn-stat: 2AutonomousSearchAverageSizeOfHeap=12.51171875
%%%mzn-stat: 2AutonomousSearchNumAssignedPredicatesEncountered=6406
%%%mzn-stat-end
maxleg = 848;
succ = array1d(1..100,[2, 3, 10, 16, 47, 44, 13, 15, 18, 7, 38, 27, 40, 23, 20, 35, 1, 25, 34, 57, 28, 29, 9, 14, 30, 70, 19, 12, 36, 26, 33, 45, 58, 41, 66, 32, 48, 71, 21, 55, 64, 97, 4, 98, 87, 6, 60, 73, 93, 43, 5, 79, 80, 82, 88, 50, 54, 46, 24, 56, 51, 95, 94, 74, 31, 81, 65, 49, 92, 84, 83, 90, 76, 72, 86, 89, 52, 42, 61, 68, 85, 67, 59, 78, 39, 22, 17, 53, 63, 11, 96, 75, 62, 99, 100, 8, 37, 69, 91, 77]);
% time elapsed: 15.14 s
----------
%%%mzn-stat: initTime=0.026742833
%%%mzn-stat: objective=728
%%%mzn-stat: nodes=5430
%%%mzn-stat: restarts=0
%%%mzn-stat: peakDepth=567
%%%mzn-stat: solveTime=0.553838818
%%%mzn-stat: variables=1083
%%%mzn-stat: propagators=5740
%%%mzn-stat: failures=2566
%%%mzn-stat: propagations=1872551
%%%mzn-stat: nogoods=2566
%%%mzn-stat: numAtomicConstraintsPropagated=0
%%%mzn-stat: circuitNumber4951PropagationsThatFoundConflict=2041
%%%mzn-stat: circuitNumber4951TotalFixedEdgesAtConflict=173646
%%%mzn-stat: circuitNumber4951NumberOfConflicts=2041
%%%mzn-stat: circuitNumber4951PropagationsThatPruned=987
%%%mzn-stat: circuitNumber4951PropagationsTotal=6971
%%%mzn-stat: AverageConflictSize=12.226032735775526
%%%mzn-stat: NumUnitNogoodsLearned=0
%%%mzn-stat: AverageLearnedNogoodLength=14.7116134060795
%%%mzn-stat: AverageBacktrackAmount=0
%%%mzn-stat: AverageLbd=9.526500389711613
%%%mzn-stat: 2AutonomousSearchNumBackupCalled=1022
%%%mzn-stat: 2AutonomousSearchNumPredicatesRemoved=0
%%%mzn-stat: 2AutonomousSearchNumCalls=1024
%%%mzn-stat: 2AutonomousSearchNumPredicatesAdded=12445
%%%mzn-stat: 2AutonomousSearchAverageSizeOfHeap=12.9345703125
%%%mzn-stat: 2AutonomousSearchNumAssignedPredicatesEncountered=13245
%%%mzn-stat-end
maxleg = 728;
succ = array1d(1..100,[2, 3, 10, 16, 47, 44, 13, 15, 18, 7, 38, 27, 40, 23, 20, 35, 1, 25, 34, 57, 28, 29, 9, 14, 30, 70, 19, 12, 36, 26, 33, 45, 58, 41, 66, 37, 48, 53, 81, 64, 74, 97, 4, 98, 87, 75, 60, 24, 93, 43, 5, 79, 55, 82, 88, 50, 54, 46, 42, 56, 51, 95, 94, 59, 31, 85, 65, 49, 92, 84, 11, 90, 76, 72, 21, 89, 52, 83, 61, 68, 17, 67, 71, 78, 39, 22, 91, 80, 63, 6, 96, 86, 62, 99, 100, 8, 73, 69, 32, 77]);
% time elapsed: 15.38 s
----------
%%%mzn-stat: initTime=0.026742833
%%%mzn-stat: objective=621
%%%mzn-stat: nodes=8707
%%%mzn-stat: restarts=0
%%%mzn-stat: peakDepth=567
%%%mzn-stat: solveTime=2.395107666
%%%mzn-stat: variables=1083
%%%mzn-stat: propagators=5740
%%%mzn-stat: failures=5153
%%%mzn-stat: propagations=4081356
%%%mzn-stat: nogoods=5153
%%%mzn-stat: numAtomicConstraintsPropagated=0
%%%mzn-stat: circuitNumber4951PropagationsThatFoundConflict=3922
%%%mzn-stat: circuitNumber4951TotalFixedEdgesAtConflict=355198
%%%mzn-stat: circuitNumber4951NumberOfConflicts=3922
%%%mzn-stat: circuitNumber4951PropagationsThatPruned=3428
%%%mzn-stat: circuitNumber4951PropagationsTotal=13943
%%%mzn-stat: AverageConflictSize=40.9161653405783
%%%mzn-stat: NumUnitNogoodsLearned=0
%%%mzn-stat: AverageLearnedNogoodLength=38.11294391616534
%%%mzn-stat: AverageBacktrackAmount=0
%%%mzn-stat: AverageLbd=27.319037453910344
%%%mzn-stat: 2AutonomousSearchNumBackupCalled=1535
%%%mzn-stat: 2AutonomousSearchNumPredicatesRemoved=0
%%%mzn-stat: 2AutonomousSearchNumCalls=1538
%%%mzn-stat: 2AutonomousSearchNumPredicatesAdded=18545
%%%mzn-stat: 2AutonomousSearchAverageSizeOfHeap=13.488946684005201
%%%mzn-stat: 2AutonomousSearchNumAssignedPredicatesEncountered=20746
%%%mzn-stat-end
maxleg = 621;
succ = array1d(1..100,[2, 3, 10, 16, 47, 44, 13, 15, 18, 7, 38, 27, 40, 23, 20, 35, 1, 25, 34, 57, 28, 29, 9, 14, 30, 70, 19, 12, 36, 26, 33, 45, 65, 41, 66, 32, 48, 53, 21, 64, 74, 97, 4, 58, 87, 75, 60, 24, 93, 43, 5, 79, 55, 8, 88, 50, 96, 46, 42, 56, 51, 95, 89, 59, 67, 81, 82, 49, 98, 84, 11, 90, 37, 72, 86, 22, 52, 83, 61, 68, 85, 54, 71, 78, 39, 92, 17, 80, 76, 6, 99, 69, 62, 63, 100, 91, 73, 31, 94, 77]);
% time elapsed: 17.22 s
----------
%%%mzn-stat: initTime=0.026742833
%%%mzn-stat: objective=610
%%%mzn-stat: nodes=1533145
%%%mzn-stat: restarts=0
%%%mzn-stat: peakDepth=567
%%%mzn-stat: solveTime=992.140713763
%%%mzn-stat: variables=1083
%%%mzn-stat: propagators=5740
%%%mzn-stat: failures=1428479
%%%mzn-stat: propagations=1049462532
%%%mzn-stat: nogoods=1428479
%%%mzn-stat: numAtomicConstraintsPropagated=0
%%%mzn-stat: circuitNumber4951PropagationsThatFoundConflict=1425513
%%%mzn-stat: circuitNumber4951TotalFixedEdgesAtConflict=134774965
%%%mzn-stat: circuitNumber4951NumberOfConflicts=1425513
%%%mzn-stat: circuitNumber4951PropagationsThatPruned=856863
%%%mzn-stat: circuitNumber4951PropagationsTotal=3761426
%%%mzn-stat: AverageConflictSize=71.86165144884875
%%%mzn-stat: NumUnitNogoodsLearned=0
%%%mzn-stat: AverageLearnedNogoodLength=58.69640435736192
%%%mzn-stat: AverageBacktrackAmount=0
%%%mzn-stat: AverageLbd=34.00726086977827
%%%mzn-stat: 2AutonomousSearchNumBackupCalled=2043
%%%mzn-stat: 2AutonomousSearchNumPredicatesRemoved=0
%%%mzn-stat: 2AutonomousSearchNumCalls=2047
%%%mzn-stat: 2AutonomousSearchNumPredicatesAdded=25933
%%%mzn-stat: 2AutonomousSearchAverageSizeOfHeap=14.167073766487542
%%%mzn-stat: 2AutonomousSearchNumAssignedPredicatesEncountered=29000
%%%mzn-stat-end
maxleg = 610;
succ = array1d(1..100,[2, 3, 10, 16, 47, 44, 13, 15, 18, 7, 38, 27, 40, 23, 20, 35, 1, 25, 34, 57, 28, 29, 9, 14, 30, 70, 19, 12, 63, 26, 33, 36, 65, 41, 66, 37, 48, 59, 21, 55, 64, 97, 4, 58, 32, 75, 60, 24, 93, 43, 5, 79, 80, 8, 88, 50, 96, 46, 42, 56, 51, 95, 94, 74, 67, 81, 82, 49, 98, 84, 11, 90, 76, 72, 86, 89, 52, 83, 61, 68, 85, 54, 71, 78, 39, 92, 17, 53, 22, 6, 45, 69, 62, 99, 100, 91, 73, 31, 87, 77]);
% time elapsed: 1006.97 s
----------
%%%mzn-stat: initTime=0.026742833
%%%mzn-stat: objective=586
%%%mzn-stat: nodes=2686378
%%%mzn-stat: restarts=0
%%%mzn-stat: peakDepth=567
%%%mzn-stat: solveTime=1437.685358475
%%%mzn-stat: variables=1083
%%%mzn-stat: propagators=5740
%%%mzn-stat: failures=2078448
%%%mzn-stat: propagations=1648566233
%%%mzn-stat: nogoods=2078448
%%%mzn-stat: numAtomicConstraintsPropagated=0
%%%mzn-stat: circuitNumber4951PropagationsThatFoundConflict=2061705
%%%mzn-stat: circuitNumber4951TotalFixedEdgesAtConflict=193227588
%%%mzn-stat: circuitNumber4951NumberOfConflicts=2061705
%%%mzn-stat: circuitNumber4951PropagationsThatPruned=1510493
%%%mzn-stat: circuitNumber4951PropagationsTotal=6357129
%%%mzn-stat: AverageConflictSize=67.87387704671947
%%%mzn-stat: NumUnitNogoodsLearned=0
%%%mzn-stat: AverageLearnedNogoodLength=55.455355149611634
%%%mzn-stat: AverageBacktrackAmount=0
%%%mzn-stat: AverageLbd=31.64783434562712
%%%mzn-stat: 2AutonomousSearchNumBackupCalled=2549
%%%mzn-stat: 2AutonomousSearchNumPredicatesRemoved=0
%%%mzn-stat: 2AutonomousSearchNumCalls=2554
%%%mzn-stat: 2AutonomousSearchNumPredicatesAdded=35182
%%%mzn-stat: 2AutonomousSearchAverageSizeOfHeap=15.08770555990603
%%%mzn-stat: 2AutonomousSearchNumAssignedPredicatesEncountered=38534
%%%mzn-stat-end
maxleg = 586;
succ = array1d(1..100,[2, 3, 10, 16, 47, 44, 13, 15, 18, 7, 38, 27, 40, 23, 20, 35, 1, 25, 34, 57, 28, 29, 9, 14, 30, 70, 58, 39, 36, 26, 65, 45, 31, 41, 66, 37, 73, 59, 85, 55, 64, 19, 4, 98, 94, 75, 60, 24, 93, 43, 5, 79, 80, 8, 88, 50, 96, 33, 42, 56, 51, 95, 89, 74, 67, 81, 82, 49, 46, 84, 11, 90, 97, 72, 92, 22, 52, 83, 61, 68, 12, 54, 71, 78, 17, 21, 99, 53, 76, 6, 87, 86, 62, 63, 100, 91, 48, 69, 32, 77]);
% time elapsed: 1452.84 s
----------
