% Logging successfully configured
=====UNKNOWN=====
% time elapsed: 300.03 s
%%%mzn-stat: initTime=0.007581786
%%%mzn-stat: nodes=984042
%%%mzn-stat: restarts=0
%%%mzn-stat: peakDepth=36
%%%mzn-stat: solveTime=299.819517174
%%%mzn-stat: variables=1021
%%%mzn-stat: propagators=1867
%%%mzn-stat: failures=930894
%%%mzn-stat: propagations=361406015
%%%mzn-stat: nogoods=930894
%%%mzn-stat: numAtomicConstraintsPropagated=0
%%%mzn-stat: circuitNumber1226PropagationsThatFoundConflict=2562
%%%mzn-stat: circuitNumber1226TotalFixedEdgesAtConflict=102581
%%%mzn-stat: circuitNumber1226NumberOfConflicts=2562
%%%mzn-stat: circuitNumber1226PropagationsThatPruned=81556
%%%mzn-stat: circuitNumber1226PropagationsTotal=762056
%%%mzn-stat: AverageConflictSize=12.03411774058056
%%%mzn-stat: NumUnitNogoodsLearned=0
%%%mzn-stat: AverageLearnedNogoodLength=34.455186089930756
%%%mzn-stat: AverageBacktrackAmount=0
%%%mzn-stat: AverageLbd=16.539107567564084
%%%mzn-stat: 2AutonomousSearchNumBackupCalled=0
%%%mzn-stat: 2AutonomousSearchNumPredicatesRemoved=0
%%%mzn-stat: 2AutonomousSearchNumCalls=0
%%%mzn-stat: 2AutonomousSearchNumPredicatesAdded=1634
%%%mzn-stat: 2AutonomousSearchAverageSizeOfHeap=0
%%%mzn-stat: 2AutonomousSearchNumAssignedPredicatesEncountered=0
%%%mzn-stat-end
