%%%mzn-stat: initTime=0.017578923
%%%mzn-stat: objective=352
%%%mzn-stat: nodes=166051
%%%mzn-stat: restarts=47
%%%mzn-stat: peakDepth=571
%%%mzn-stat: solveTime=41.65486877
%%%mzn-stat: variables=1604
%%%mzn-stat: propagators=1209
%%%mzn-stat: failures=106541
%%%mzn-stat: propagations=4655103
%%%mzn-stat: nogoods=106541
%%%mzn-stat: AverageConflictSize=91.66014961376372
%%%mzn-stat: NumUnitNogoodsLearned=328
%%%mzn-stat: AverageLearnedNogoodLength=98.69362968246966
%%%mzn-stat: AverageBacktrackAmount=0
%%%mzn-stat: AverageLbd=28.181807942482237
%%%mzn-stat-end
maxleg = 352;
succ = array1d(1..50,[47, 6, 18, 7, 42, 23, 14, 35, 34, 25, 20, 3, 17, 44, 26, 21, 1, 43, 38, 16, 46, 24, 15, 12, 41, 32, 30, 45, 39, 13, 28, 31, 2, 4, 5, 40, 22, 50, 10, 37, 27, 11, 9, 48, 19, 49, 33, 8, 29, 36]);
% time elapsed: 43.12 s
----------
==========
% time elapsed: 43.12 s
%%%mzn-stat: initTime=0.017578923
%%%mzn-stat: objective=352
%%%mzn-stat: nodes=166051
%%%mzn-stat: restarts=47
%%%mzn-stat: peakDepth=571
%%%mzn-stat: solveTime=41.654875769
%%%mzn-stat: variables=1604
%%%mzn-stat: propagators=1209
%%%mzn-stat: failures=106541
%%%mzn-stat: propagations=4655103
%%%mzn-stat: nogoods=106541
%%%mzn-stat: AverageConflictSize=91.66014961376372
%%%mzn-stat: NumUnitNogoodsLearned=328
%%%mzn-stat: AverageLearnedNogoodLength=98.69362968246966
%%%mzn-stat: AverageBacktrackAmount=0
%%%mzn-stat: AverageLbd=28.181807942482237
%%%mzn-stat-end
