%%%mzn-stat: initTime=0.0036571
%%%mzn-stat: objective=437
%%%mzn-stat: nodes=1032
%%%mzn-stat: restarts=0
%%%mzn-stat: peakDepth=115
%%%mzn-stat: solveTime=0.04000954
%%%mzn-stat: variables=326
%%%mzn-stat: propagators=218
%%%mzn-stat: failures=489
%%%mzn-stat: propagations=59824
%%%mzn-stat: nogoods=489
%%%mzn-stat: AverageConflictSize=7.4969325153374236
%%%mzn-stat: NumUnitNogoodsLearned=436
%%%mzn-stat: AverageLearnedNogoodLength=2.1595092024539877
%%%mzn-stat: AverageBacktrackAmount=0
%%%mzn-stat: AverageLbd=1.638036809815951
%%%mzn-stat-end
maxleg = 437;
succ = array1d(1..20,[16, 18, 9, 17, 4, 12, 1, 20, 11, 13, 14, 7, 15, 10, 8, 5, 2, 3, 6, 19]);
% time elapsed: 1.93 s
----------
==========
% time elapsed: 1.93 s
%%%mzn-stat: initTime=0.0036571
%%%mzn-stat: objective=437
%%%mzn-stat: nodes=1032
%%%mzn-stat: restarts=0
%%%mzn-stat: peakDepth=115
%%%mzn-stat: solveTime=0.040012585
%%%mzn-stat: variables=326
%%%mzn-stat: propagators=218
%%%mzn-stat: failures=489
%%%mzn-stat: propagations=59824
%%%mzn-stat: nogoods=489
%%%mzn-stat: AverageConflictSize=7.4969325153374236
%%%mzn-stat: NumUnitNogoodsLearned=436
%%%mzn-stat: AverageLearnedNogoodLength=2.1595092024539877
%%%mzn-stat: AverageBacktrackAmount=0
%%%mzn-stat: AverageLbd=1.638036809815951
%%%mzn-stat-end
