% Logging successfully configured
=====UNKNOWN=====
% time elapsed: 1800.06 s
%%%mzn-stat: initTime=0.017387685
%%%mzn-stat: nodes=5216547
%%%mzn-stat: restarts=0
%%%mzn-stat: peakDepth=85
%%%mzn-stat: solveTime=1799.68279668
%%%mzn-stat: variables=1770
%%%mzn-stat: propagators=1414
%%%mzn-stat: failures=3231739
%%%mzn-stat: propagations=94027514
%%%mzn-stat: nogoods=3231739
%%%mzn-stat: numAtomicConstraintsPropagated=0
%%%mzn-stat: allDifferentNumber1TotalHallSetSize=7688428
%%%mzn-stat: allDifferentNumber1NumberOfConflicts=346164
%%%mzn-stat: allDifferentNumber1MaxHallSetSize=67
%%%mzn-stat: allDifferentNumber1PropagationsTotal=9408828
%%%mzn-stat: allDifferentNumber1PropagationsThatFoundConflict=346164
%%%mzn-stat: circuitNumber2PropagationsThatFoundConflict=226264
%%%mzn-stat: circuitNumber2TotalFixedEdgesAtConflict=18494753
%%%mzn-stat: circuitNumber2NumberOfConflicts=226264
%%%mzn-stat: circuitNumber2PropagationsThatPruned=502011
%%%mzn-stat: circuitNumber2PropagationsTotal=5017570
%%%mzn-stat: AverageConflictSize=25.767956199433183
%%%mzn-stat: NumUnitNogoodsLearned=0
%%%mzn-stat: AverageLearnedNogoodLength=57.00913780475465
%%%mzn-stat: AverageBacktrackAmount=0
%%%mzn-stat: AverageLbd=38.73122860478522
%%%mzn-stat: 2AutonomousSearchNumBackupCalled=0
%%%mzn-stat: 2AutonomousSearchNumPredicatesRemoved=0
%%%mzn-stat: 2AutonomousSearchNumCalls=0
%%%mzn-stat: 2AutonomousSearchNumPredicatesAdded=4271
%%%mzn-stat: 2AutonomousSearchAverageSizeOfHeap=0
%%%mzn-stat: 2AutonomousSearchNumAssignedPredicatesEncountered=0
%%%mzn-stat-end
