% Logging successfully configured
%%%mzn-stat: initTime=0.014372126
%%%mzn-stat: objective=959
%%%mzn-stat: nodes=934
%%%mzn-stat: restarts=0
%%%mzn-stat: peakDepth=184
%%%mzn-stat: solveTime=0.100837127
%%%mzn-stat: variables=488
%%%mzn-stat: propagators=1530
%%%mzn-stat: failures=599
%%%mzn-stat: propagations=368102
%%%mzn-stat: nogoods=599
%%%mzn-stat: numAtomicConstraintsPropagated=0
%%%mzn-stat: circuitNumber1226PropagationsThatFoundConflict=95
%%%mzn-stat: circuitNumber1226TotalFixedEdgesAtConflict=3385
%%%mzn-stat: circuitNumber1226NumberOfConflicts=95
%%%mzn-stat: circuitNumber1226PropagationsThatPruned=299
%%%mzn-stat: circuitNumber1226PropagationsTotal=1063
%%%mzn-stat: AverageConflictSize=5.848080133555927
%%%mzn-stat: NumUnitNogoodsLearned=0
%%%mzn-stat: AverageLearnedNogoodLength=19.20033388981636
%%%mzn-stat: AverageBacktrackAmount=0
%%%mzn-stat: AverageLbd=8.601001669449081
%%%mzn-stat: 2AutonomousSearchNumBackupCalled=167
%%%mzn-stat: 2AutonomousSearchNumPredicatesRemoved=0
%%%mzn-stat: 2AutonomousSearchNumCalls=168
%%%mzn-stat: 2AutonomousSearchNumPredicatesAdded=2003
%%%mzn-stat: 2AutonomousSearchAverageSizeOfHeap=11.922619047619047
%%%mzn-stat: 2AutonomousSearchNumAssignedPredicatesEncountered=2003
%%%mzn-stat-end
maxleg = 959;
succ = array1d(1..50,[5, 12, 8, 10, 26, 9, 14, 28, 46, 21, 3, 34, 37, 23, 11, 33, 49, 6, 15, 19, 1, 2, 48, 31, 38, 43, 36, 32, 27, 24, 50, 18, 42, 45, 40, 35, 4, 47, 20, 22, 25, 17, 41, 13, 7, 29, 39, 30, 44, 16]);
% time elapsed: 12.43 s
----------
%%%mzn-stat: initTime=0.014372126
%%%mzn-stat: objective=936
%%%mzn-stat: nodes=1175
%%%mzn-stat: restarts=0
%%%mzn-stat: peakDepth=184
%%%mzn-stat: solveTime=0.111396012
%%%mzn-stat: variables=488
%%%mzn-stat: propagators=1530
%%%mzn-stat: failures=650
%%%mzn-stat: propagations=399070
%%%mzn-stat: nogoods=650
%%%mzn-stat: numAtomicConstraintsPropagated=0
%%%mzn-stat: circuitNumber1226PropagationsThatFoundConflict=95
%%%mzn-stat: circuitNumber1226TotalFixedEdgesAtConflict=3385
%%%mzn-stat: circuitNumber1226NumberOfConflicts=95
%%%mzn-stat: circuitNumber1226PropagationsThatPruned=315
%%%mzn-stat: circuitNumber1226PropagationsTotal=1152
%%%mzn-stat: AverageConflictSize=6.153846153846154
%%%mzn-stat: NumUnitNogoodsLearned=0
%%%mzn-stat: AverageLearnedNogoodLength=19.5
%%%mzn-stat: AverageBacktrackAmount=0
%%%mzn-stat: AverageLbd=8.77076923076923
%%%mzn-stat: 2AutonomousSearchNumBackupCalled=328
%%%mzn-stat: 2AutonomousSearchNumPredicatesRemoved=0
%%%mzn-stat: 2AutonomousSearchNumCalls=330
%%%mzn-stat: 2AutonomousSearchNumPredicatesAdded=3295
%%%mzn-stat: 2AutonomousSearchAverageSizeOfHeap=12.151515151515152
%%%mzn-stat: 2AutonomousSearchNumAssignedPredicatesEncountered=4010
%%%mzn-stat-end
maxleg = 936;
succ = array1d(1..50,[5, 12, 8, 10, 26, 9, 14, 28, 46, 21, 3, 43, 37, 23, 11, 33, 49, 6, 15, 19, 1, 40, 24, 48, 38, 35, 17, 32, 27, 22, 44, 18, 42, 45, 36, 50, 4, 47, 20, 2, 25, 34, 41, 13, 7, 29, 39, 30, 31, 16]);
% time elapsed: 12.44 s
----------
%%%mzn-stat: initTime=0.014372126
%%%mzn-stat: objective=765
%%%mzn-stat: nodes=1868
%%%mzn-stat: restarts=0
%%%mzn-stat: peakDepth=184
%%%mzn-stat: solveTime=0.191622728
%%%mzn-stat: variables=488
%%%mzn-stat: propagators=1530
%%%mzn-stat: failures=1058
%%%mzn-stat: propagations=673736
%%%mzn-stat: nogoods=1058
%%%mzn-stat: numAtomicConstraintsPropagated=0
%%%mzn-stat: circuitNumber1226PropagationsThatFoundConflict=159
%%%mzn-stat: circuitNumber1226TotalFixedEdgesAtConflict=5756
%%%mzn-stat: circuitNumber1226NumberOfConflicts=159
%%%mzn-stat: circuitNumber1226PropagationsThatPruned=620
%%%mzn-stat: circuitNumber1226PropagationsTotal=1986
%%%mzn-stat: AverageConflictSize=6.194706994328922
%%%mzn-stat: NumUnitNogoodsLearned=0
%%%mzn-stat: AverageLearnedNogoodLength=20.409262759924385
%%%mzn-stat: AverageBacktrackAmount=0
%%%mzn-stat: AverageLbd=9.234404536862003
%%%mzn-stat: 2AutonomousSearchNumBackupCalled=490
%%%mzn-stat: 2AutonomousSearchNumPredicatesRemoved=0
%%%mzn-stat: 2AutonomousSearchNumCalls=493
%%%mzn-stat: 2AutonomousSearchNumPredicatesAdded=5534
%%%mzn-stat: 2AutonomousSearchAverageSizeOfHeap=12.841784989858013
%%%mzn-stat: 2AutonomousSearchNumAssignedPredicatesEncountered=6331
%%%mzn-stat-end
maxleg = 765;
succ = array1d(1..50,[5, 12, 8, 10, 26, 9, 14, 38, 18, 21, 15, 43, 37, 23, 19, 11, 42, 32, 20, 31, 1, 2, 24, 48, 47, 46, 17, 3, 27, 6, 50, 28, 16, 45, 40, 35, 4, 25, 49, 22, 34, 33, 41, 13, 7, 29, 39, 30, 44, 36]);
% time elapsed: 12.53 s
----------
%%%mzn-stat: initTime=0.014372126
%%%mzn-stat: objective=683
%%%mzn-stat: nodes=2049
%%%mzn-stat: restarts=0
%%%mzn-stat: peakDepth=184
%%%mzn-stat: solveTime=0.192912763
%%%mzn-stat: variables=488
%%%mzn-stat: propagators=1530
%%%mzn-stat: failures=1058
%%%mzn-stat: propagations=676725
%%%mzn-stat: nogoods=1058
%%%mzn-stat: numAtomicConstraintsPropagated=0
%%%mzn-stat: circuitNumber1226PropagationsThatFoundConflict=159
%%%mzn-stat: circuitNumber1226TotalFixedEdgesAtConflict=5756
%%%mzn-stat: circuitNumber1226NumberOfConflicts=159
%%%mzn-stat: circuitNumber1226PropagationsThatPruned=627
%%%mzn-stat: circuitNumber1226PropagationsTotal=2009
%%%mzn-stat: AverageConflictSize=6.194706994328922
%%%mzn-stat: NumUnitNogoodsLearned=0
%%%mzn-stat: AverageLearnedNogoodLength=20.409262759924385
%%%mzn-stat: AverageBacktrackAmount=0
%%%mzn-stat: AverageLbd=9.234404536862003
%%%mzn-stat: 2AutonomousSearchNumBackupCalled=654
%%%mzn-stat: 2AutonomousSearchNumPredicatesRemoved=0
%%%mzn-stat: 2AutonomousSearchNumCalls=658
%%%mzn-stat: 2AutonomousSearchNumPredicatesAdded=5534
%%%mzn-stat: 2AutonomousSearchAverageSizeOfHeap=13.148936170212766
%%%mzn-stat: 2AutonomousSearchNumAssignedPredicatesEncountered=8652
%%%mzn-stat-end
maxleg = 683;
succ = array1d(1..50,[5, 12, 8, 10, 26, 9, 14, 38, 18, 21, 15, 43, 37, 23, 19, 11, 42, 32, 20, 31, 1, 2, 24, 48, 47, 46, 36, 3, 27, 6, 44, 28, 50, 45, 40, 35, 4, 25, 49, 22, 34, 33, 41, 13, 7, 29, 39, 30, 17, 16]);
% time elapsed: 12.54 s
----------
%%%mzn-stat: initTime=0.014372126
%%%mzn-stat: objective=272
%%%mzn-stat: nodes=2964
%%%mzn-stat: restarts=0
%%%mzn-stat: peakDepth=184
%%%mzn-stat: solveTime=0.305424289
%%%mzn-stat: variables=488
%%%mzn-stat: propagators=1530
%%%mzn-stat: failures=1671
%%%mzn-stat: propagations=1031223
%%%mzn-stat: nogoods=1671
%%%mzn-stat: numAtomicConstraintsPropagated=0
%%%mzn-stat: circuitNumber1226PropagationsThatFoundConflict=353
%%%mzn-stat: circuitNumber1226TotalFixedEdgesAtConflict=13349
%%%mzn-stat: circuitNumber1226NumberOfConflicts=353
%%%mzn-stat: circuitNumber1226PropagationsThatPruned=1045
%%%mzn-stat: circuitNumber1226PropagationsTotal=3325
%%%mzn-stat: AverageConflictSize=7.038898862956313
%%%mzn-stat: NumUnitNogoodsLearned=0
%%%mzn-stat: AverageLearnedNogoodLength=20.45302214242968
%%%mzn-stat: AverageBacktrackAmount=0
%%%mzn-stat: AverageLbd=8.899461400359067
%%%mzn-stat: 2AutonomousSearchNumBackupCalled=800
%%%mzn-stat: 2AutonomousSearchNumPredicatesRemoved=0
%%%mzn-stat: 2AutonomousSearchNumCalls=805
%%%mzn-stat: 2AutonomousSearchNumPredicatesAdded=7954
%%%mzn-stat: 2AutonomousSearchAverageSizeOfHeap=13.954037267080745
%%%mzn-stat: 2AutonomousSearchNumAssignedPredicatesEncountered=11233
%%%mzn-stat-end
maxleg = 272;
succ = array1d(1..50,[5, 12, 8, 10, 26, 18, 14, 38, 46, 21, 16, 34, 37, 23, 11, 33, 42, 9, 15, 19, 1, 2, 24, 48, 47, 43, 17, 3, 36, 6, 49, 28, 50, 45, 40, 27, 4, 41, 20, 22, 25, 32, 35, 13, 7, 29, 39, 30, 44, 31]);
% time elapsed: 12.64 s
----------
==========
% time elapsed: 12.70 s
%%%mzn-stat: initTime=0.014372126
%%%mzn-stat: objective=272
%%%mzn-stat: nodes=3680
%%%mzn-stat: restarts=0
%%%mzn-stat: peakDepth=184
%%%mzn-stat: solveTime=0.36217896
%%%mzn-stat: variables=488
%%%mzn-stat: propagators=1530
%%%mzn-stat: failures=2043
%%%mzn-stat: propagations=1248351
%%%mzn-stat: nogoods=2043
%%%mzn-stat: numAtomicConstraintsPropagated=0
%%%mzn-stat: circuitNumber1226PropagationsThatFoundConflict=396
%%%mzn-stat: circuitNumber1226TotalFixedEdgesAtConflict=14511
%%%mzn-stat: circuitNumber1226NumberOfConflicts=396
%%%mzn-stat: circuitNumber1226PropagationsThatPruned=1232
%%%mzn-stat: circuitNumber1226PropagationsTotal=4202
%%%mzn-stat: AverageConflictSize=6.5198237885462555
%%%mzn-stat: NumUnitNogoodsLearned=1
%%%mzn-stat: AverageLearnedNogoodLength=19.38179148311307
%%%mzn-stat: AverageBacktrackAmount=0
%%%mzn-stat: AverageLbd=8.082232011747431
%%%mzn-stat: 2AutonomousSearchNumBackupCalled=800
%%%mzn-stat: 2AutonomousSearchNumPredicatesRemoved=0
%%%mzn-stat: 2AutonomousSearchNumCalls=805
%%%mzn-stat: 2AutonomousSearchNumPredicatesAdded=10977
%%%mzn-stat: 2AutonomousSearchAverageSizeOfHeap=13.954037267080745
%%%mzn-stat: 2AutonomousSearchNumAssignedPredicatesEncountered=11233
%%%mzn-stat-end
