%%%mzn-stat: initTime=0.020435499
%%%mzn-stat: objective=258
%%%mzn-stat: nodes=2422
%%%mzn-stat: restarts=0
%%%mzn-stat: peakDepth=392
%%%mzn-stat: solveTime=0.508872573
%%%mzn-stat: variables=1103
%%%mzn-stat: propagators=811
%%%mzn-stat: failures=1448
%%%mzn-stat: propagations=206728
%%%mzn-stat: nogoods=1448
%%%mzn-stat: AverageConflictSize=14.560082872928177
%%%mzn-stat: NumUnitNogoodsLearned=257
%%%mzn-stat: AverageLearnedNogoodLength=49.76243093922652
%%%mzn-stat: AverageBacktrackAmount=0
%%%mzn-stat: AverageLbd=6.681629834254144
%%%mzn-stat-end
maxleg = 258;
succ = array1d(1..50,[32, 16, 21, 30, 38, 36, 22, 37, 41, 12, 10, 39, 40, 44, 47, 29, 46, 34, 23, 24, 1, 2, 20, 3, 13, 7, 5, 31, 8, 27, 26, 11, 18, 19, 42, 49, 17, 43, 4, 15, 6, 45, 35, 9, 28, 14, 50, 33, 25, 48]);
% time elapsed: 10.41 s
----------
==========
% time elapsed: 10.41 s
%%%mzn-stat: initTime=0.020435499
%%%mzn-stat: objective=258
%%%mzn-stat: nodes=2422
%%%mzn-stat: restarts=0
%%%mzn-stat: peakDepth=392
%%%mzn-stat: solveTime=0.508884157
%%%mzn-stat: variables=1103
%%%mzn-stat: propagators=811
%%%mzn-stat: failures=1448
%%%mzn-stat: propagations=206728
%%%mzn-stat: nogoods=1448
%%%mzn-stat: AverageConflictSize=14.560082872928177
%%%mzn-stat: NumUnitNogoodsLearned=257
%%%mzn-stat: AverageLearnedNogoodLength=49.76243093922652
%%%mzn-stat: AverageBacktrackAmount=0
%%%mzn-stat: AverageLbd=6.681629834254144
%%%mzn-stat-end
