%%%mzn-stat: initTime=0.050719631
%%%mzn-stat: objective=409
%%%mzn-stat: nodes=4501
%%%mzn-stat: restarts=0
%%%mzn-stat: peakDepth=117
%%%mzn-stat: solveTime=0.559593375
%%%mzn-stat: variables=478
%%%mzn-stat: propagators=332
%%%mzn-stat: failures=4038
%%%mzn-stat: propagations=285269
%%%mzn-stat: nogoods=4038
%%%mzn-stat: AverageConflictSize=9.965824665676077
%%%mzn-stat: NumUnitNogoodsLearned=408
%%%mzn-stat: AverageLearnedNogoodLength=28.912332838038633
%%%mzn-stat: AverageBacktrackAmount=0
%%%mzn-stat: AverageLbd=6.400445765230312
%%%mzn-stat-end
maxleg = 409;
succ = array1d(1..20,[18, 3, 14, 9, 17, 5, 12, 20, 19, 8, 4, 13, 6, 11, 16, 2, 1, 15, 10, 7]);
% time elapsed: 9.54 s
----------
==========
% time elapsed: 9.55 s
%%%mzn-stat: initTime=0.050719631
%%%mzn-stat: objective=409
%%%mzn-stat: nodes=4501
%%%mzn-stat: restarts=0
%%%mzn-stat: peakDepth=117
%%%mzn-stat: solveTime=0.559618717
%%%mzn-stat: variables=478
%%%mzn-stat: propagators=332
%%%mzn-stat: failures=4038
%%%mzn-stat: propagations=285269
%%%mzn-stat: nogoods=4038
%%%mzn-stat: AverageConflictSize=9.965824665676077
%%%mzn-stat: NumUnitNogoodsLearned=408
%%%mzn-stat: AverageLearnedNogoodLength=28.912332838038633
%%%mzn-stat: AverageBacktrackAmount=0
%%%mzn-stat: AverageLbd=6.400445765230312
%%%mzn-stat-end
