% Logging successfully configured
%%%mzn-stat: initTime=0.018643421
%%%mzn-stat: objective=1087
%%%mzn-stat: nodes=22091
%%%mzn-stat: restarts=0
%%%mzn-stat: peakDepth=1233
%%%mzn-stat: solveTime=1.423598478
%%%mzn-stat: variables=2652
%%%mzn-stat: propagators=1761
%%%mzn-stat: failures=503
%%%mzn-stat: propagations=146800
%%%mzn-stat: nogoods=503
%%%mzn-stat: numAtomicConstraintsPropagated=0
%%%mzn-stat: allDifferentNumber1TotalHallSetSize=3243
%%%mzn-stat: allDifferentNumber1NumberOfConflicts=498
%%%mzn-stat: allDifferentNumber1MaxHallSetSize=146
%%%mzn-stat: allDifferentNumber1PropagationsTotal=22548
%%%mzn-stat: allDifferentNumber1PropagationsThatFoundConflict=498
%%%mzn-stat: circuitNumber2PropagationsThatFoundConflict=0
%%%mzn-stat: circuitNumber2TotalFixedEdgesAtConflict=0
%%%mzn-stat: circuitNumber2NumberOfConflicts=0
%%%mzn-stat: circuitNumber2PropagationsThatPruned=11
%%%mzn-stat: circuitNumber2PropagationsTotal=20579
%%%mzn-stat: AverageConflictSize=5.743538767395626
%%%mzn-stat: NumUnitNogoodsLearned=0
%%%mzn-stat: AverageLearnedNogoodLength=6.290258449304175
%%%mzn-stat: AverageBacktrackAmount=0
%%%mzn-stat: AverageLbd=5.98807157057654
%%%mzn-stat: 2AutonomousSearchNumBackupCalled=1124
%%%mzn-stat: 2AutonomousSearchNumPredicatesRemoved=0
%%%mzn-stat: 2AutonomousSearchNumCalls=1125
%%%mzn-stat: 2AutonomousSearchNumPredicatesAdded=2035
%%%mzn-stat: 2AutonomousSearchAverageSizeOfHeap=1.808888888888889
%%%mzn-stat: 2AutonomousSearchNumAssignedPredicatesEncountered=2035
%%%mzn-stat-end
maxleg = 1087;
succ = array1d(1..150,[11, 9, 31, 19, 2, 21, 35, 16, 18, 6, 36, 29, 27, 40, 4, 60, 38, 28, 61, 85, 93, 34, 84, 56, 8, 13, 12, 23, 47, 26, 71, 42, 10, 5, 1, 33, 44, 90, 43, 72, 68, 3, 108, 59, 67, 86, 80, 14, 46, 41, 77, 70, 97, 79, 81, 37, 25, 49, 74, 55, 45, 64, 17, 58, 7, 100, 94, 30, 98, 24, 65, 103, 52, 144, 63, 140, 124, 20, 121, 53, 106, 127, 102, 112, 62, 105, 138, 69, 134, 114, 99, 22, 111, 143, 15, 150, 87, 116, 66, 104, 57, 128, 131, 88, 148, 141, 83, 95, 145, 120, 122, 91, 48, 54, 96, 82, 32, 51, 50, 101, 39, 78, 73, 76, 110, 130, 117, 142, 109, 123, 118, 149, 135, 139, 92, 119, 132, 126, 115, 89, 146, 113, 125, 133, 136, 129, 137, 107, 75, 147]);
% time elapsed: 4.38 s
----------
%%%mzn-stat: initTime=0.018643421
%%%mzn-stat: objective=1073
%%%mzn-stat: nodes=25301
%%%mzn-stat: restarts=0
%%%mzn-stat: peakDepth=1233
%%%mzn-stat: solveTime=1.8180759640000002
%%%mzn-stat: variables=2652
%%%mzn-stat: propagators=1761
%%%mzn-stat: failures=1210
%%%mzn-stat: propagations=181120
%%%mzn-stat: nogoods=1210
%%%mzn-stat: numAtomicConstraintsPropagated=0
%%%mzn-stat: allDifferentNumber1TotalHallSetSize=12072
%%%mzn-stat: allDifferentNumber1NumberOfConflicts=1070
%%%mzn-stat: allDifferentNumber1MaxHallSetSize=146
%%%mzn-stat: allDifferentNumber1PropagationsTotal=25606
%%%mzn-stat: allDifferentNumber1PropagationsThatFoundConflict=1070
%%%mzn-stat: circuitNumber2PropagationsThatFoundConflict=30
%%%mzn-stat: circuitNumber2TotalFixedEdgesAtConflict=3970
%%%mzn-stat: circuitNumber2NumberOfConflicts=30
%%%mzn-stat: circuitNumber2PropagationsThatPruned=128
%%%mzn-stat: circuitNumber2PropagationsTotal=22652
%%%mzn-stat: AverageConflictSize=15.112396694214876
%%%mzn-stat: NumUnitNogoodsLearned=0
%%%mzn-stat: AverageLearnedNogoodLength=29.401652892561984
%%%mzn-stat: AverageBacktrackAmount=0
%%%mzn-stat: AverageLbd=20.29421487603306
%%%mzn-stat: 2AutonomousSearchNumBackupCalled=2235
%%%mzn-stat: 2AutonomousSearchNumPredicatesRemoved=0
%%%mzn-stat: 2AutonomousSearchNumCalls=2237
%%%mzn-stat: 2AutonomousSearchNumPredicatesAdded=7344
%%%mzn-stat: 2AutonomousSearchAverageSizeOfHeap=3.636566830576665
%%%mzn-stat: 2AutonomousSearchNumAssignedPredicatesEncountered=8135
%%%mzn-stat-end
maxleg = 1073;
succ = array1d(1..150,[11, 9, 31, 19, 2, 21, 35, 16, 18, 6, 36, 29, 27, 40, 4, 60, 38, 28, 61, 85, 93, 34, 84, 56, 8, 13, 12, 23, 47, 26, 71, 42, 10, 5, 1, 33, 44, 90, 43, 72, 68, 3, 108, 59, 67, 86, 80, 14, 46, 41, 77, 70, 97, 79, 81, 37, 25, 49, 74, 87, 45, 64, 17, 58, 7, 100, 94, 30, 55, 24, 65, 103, 52, 144, 63, 140, 124, 20, 121, 53, 106, 127, 102, 114, 112, 105, 138, 69, 139, 150, 99, 22, 111, 98, 15, 91, 126, 116, 66, 104, 57, 128, 131, 88, 32, 141, 83, 95, 145, 120, 122, 143, 62, 54, 96, 82, 76, 51, 50, 101, 39, 132, 73, 149, 110, 130, 117, 142, 109, 123, 118, 78, 135, 115, 92, 119, 148, 134, 48, 89, 146, 113, 125, 133, 136, 129, 137, 107, 75, 147]);
% time elapsed: 4.77 s
----------
%%%mzn-stat: initTime=0.018643421
%%%mzn-stat: objective=1033
%%%mzn-stat: nodes=27238
%%%mzn-stat: restarts=0
%%%mzn-stat: peakDepth=1233
%%%mzn-stat: solveTime=1.900131672
%%%mzn-stat: variables=2652
%%%mzn-stat: propagators=1761
%%%mzn-stat: failures=1326
%%%mzn-stat: propagations=192647
%%%mzn-stat: nogoods=1326
%%%mzn-stat: numAtomicConstraintsPropagated=0
%%%mzn-stat: allDifferentNumber1TotalHallSetSize=13349
%%%mzn-stat: allDifferentNumber1NumberOfConflicts=1166
%%%mzn-stat: allDifferentNumber1MaxHallSetSize=146
%%%mzn-stat: allDifferentNumber1PropagationsTotal=26627
%%%mzn-stat: allDifferentNumber1PropagationsThatFoundConflict=1166
%%%mzn-stat: circuitNumber2PropagationsThatFoundConflict=35
%%%mzn-stat: circuitNumber2TotalFixedEdgesAtConflict=4672
%%%mzn-stat: circuitNumber2NumberOfConflicts=35
%%%mzn-stat: circuitNumber2PropagationsThatPruned=164
%%%mzn-stat: circuitNumber2PropagationsTotal=23469
%%%mzn-stat: AverageConflictSize=15.937405731523379
%%%mzn-stat: NumUnitNogoodsLearned=0
%%%mzn-stat: AverageLearnedNogoodLength=29.920060331825038
%%%mzn-stat: AverageBacktrackAmount=0
%%%mzn-stat: AverageLbd=20.558069381598795
%%%mzn-stat: 2AutonomousSearchNumBackupCalled=3361
%%%mzn-stat: 2AutonomousSearchNumPredicatesRemoved=0
%%%mzn-stat: 2AutonomousSearchNumCalls=3364
%%%mzn-stat: 2AutonomousSearchNumPredicatesAdded=11240
%%%mzn-stat: 2AutonomousSearchAverageSizeOfHeap=4.378121284185493
%%%mzn-stat: 2AutonomousSearchNumAssignedPredicatesEncountered=14728
%%%mzn-stat-end
maxleg = 1033;
succ = array1d(1..150,[11, 9, 31, 19, 2, 21, 35, 16, 18, 6, 36, 29, 27, 40, 4, 60, 38, 28, 61, 85, 93, 34, 84, 56, 8, 13, 12, 23, 47, 26, 71, 42, 10, 5, 1, 33, 44, 90, 43, 72, 68, 3, 108, 59, 67, 86, 80, 14, 46, 41, 77, 70, 97, 79, 81, 37, 48, 49, 74, 87, 45, 64, 17, 58, 7, 100, 94, 30, 55, 24, 65, 103, 52, 144, 63, 140, 124, 20, 121, 53, 106, 127, 102, 120, 62, 105, 138, 69, 134, 150, 99, 22, 111, 32, 15, 66, 126, 88, 25, 104, 112, 116, 131, 145, 148, 141, 96, 95, 98, 123, 122, 91, 83, 54, 39, 82, 76, 51, 143, 101, 136, 114, 73, 149, 110, 130, 117, 142, 109, 128, 118, 78, 135, 139, 92, 119, 132, 57, 115, 89, 50, 113, 125, 133, 146, 129, 137, 107, 75, 147]);
% time elapsed: 4.86 s
----------
%%%mzn-stat: initTime=0.018643421
%%%mzn-stat: objective=1025
%%%mzn-stat: nodes=29694
%%%mzn-stat: restarts=0
%%%mzn-stat: peakDepth=1233
%%%mzn-stat: solveTime=2.004982356
%%%mzn-stat: variables=2652
%%%mzn-stat: propagators=1761
%%%mzn-stat: failures=1368
%%%mzn-stat: propagations=205311
%%%mzn-stat: nogoods=1368
%%%mzn-stat: numAtomicConstraintsPropagated=0
%%%mzn-stat: allDifferentNumber1TotalHallSetSize=13966
%%%mzn-stat: allDifferentNumber1NumberOfConflicts=1208
%%%mzn-stat: allDifferentNumber1MaxHallSetSize=146
%%%mzn-stat: allDifferentNumber1PropagationsTotal=28080
%%%mzn-stat: allDifferentNumber1PropagationsThatFoundConflict=1208
%%%mzn-stat: circuitNumber2PropagationsThatFoundConflict=35
%%%mzn-stat: circuitNumber2TotalFixedEdgesAtConflict=4672
%%%mzn-stat: circuitNumber2NumberOfConflicts=35
%%%mzn-stat: circuitNumber2PropagationsThatPruned=165
%%%mzn-stat: circuitNumber2PropagationsTotal=24762
%%%mzn-stat: AverageConflictSize=16.225877192982455
%%%mzn-stat: NumUnitNogoodsLearned=0
%%%mzn-stat: AverageLearnedNogoodLength=29.791666666666668
%%%mzn-stat: AverageBacktrackAmount=0
%%%mzn-stat: AverageLbd=20.37280701754386
%%%mzn-stat: 2AutonomousSearchNumBackupCalled=4493
%%%mzn-stat: 2AutonomousSearchNumPredicatesRemoved=0
%%%mzn-stat: 2AutonomousSearchNumCalls=4497
%%%mzn-stat: 2AutonomousSearchNumPredicatesAdded=12322
%%%mzn-stat: 2AutonomousSearchAverageSizeOfHeap=4.7818545697131425
%%%mzn-stat: 2AutonomousSearchNumAssignedPredicatesEncountered=21504
%%%mzn-stat-end
maxleg = 1025;
succ = array1d(1..150,[11, 16, 31, 19, 2, 21, 9, 96, 18, 6, 36, 29, 27, 35, 4, 60, 38, 28, 61, 85, 93, 34, 84, 56, 8, 13, 12, 23, 47, 26, 71, 42, 10, 5, 1, 33, 44, 90, 43, 72, 40, 3, 108, 59, 67, 86, 80, 14, 46, 41, 77, 70, 97, 79, 81, 37, 48, 49, 74, 87, 45, 64, 17, 58, 7, 100, 94, 30, 55, 24, 65, 103, 52, 144, 63, 140, 124, 20, 121, 53, 106, 127, 102, 114, 62, 105, 138, 69, 134, 150, 99, 22, 111, 143, 15, 66, 126, 116, 25, 104, 112, 128, 131, 145, 32, 141, 83, 95, 98, 120, 122, 91, 78, 54, 88, 82, 68, 51, 50, 101, 39, 132, 73, 76, 110, 130, 117, 142, 109, 123, 118, 149, 135, 139, 92, 119, 148, 57, 115, 89, 146, 113, 125, 133, 136, 129, 137, 107, 75, 147]);
% time elapsed: 4.97 s
----------
%%%mzn-stat: initTime=0.018643421
%%%mzn-stat: objective=1011
%%%mzn-stat: nodes=31155
%%%mzn-stat: restarts=0
%%%mzn-stat: peakDepth=1233
%%%mzn-stat: solveTime=2.061846548
%%%mzn-stat: variables=2652
%%%mzn-stat: propagators=1761
%%%mzn-stat: failures=1447
%%%mzn-stat: propagations=212429
%%%mzn-stat: nogoods=1447
%%%mzn-stat: numAtomicConstraintsPropagated=0
%%%mzn-stat: allDifferentNumber1TotalHallSetSize=15383
%%%mzn-stat: allDifferentNumber1NumberOfConflicts=1282
%%%mzn-stat: allDifferentNumber1MaxHallSetSize=146
%%%mzn-stat: allDifferentNumber1PropagationsTotal=28557
%%%mzn-stat: allDifferentNumber1PropagationsThatFoundConflict=1282
%%%mzn-stat: circuitNumber2PropagationsThatFoundConflict=36
%%%mzn-stat: circuitNumber2TotalFixedEdgesAtConflict=4812
%%%mzn-stat: circuitNumber2NumberOfConflicts=36
%%%mzn-stat: circuitNumber2PropagationsThatPruned=180
%%%mzn-stat: circuitNumber2PropagationsTotal=25111
%%%mzn-stat: AverageConflictSize=17.00138217000691
%%%mzn-stat: NumUnitNogoodsLearned=0
%%%mzn-stat: AverageLearnedNogoodLength=30.93918451969592
%%%mzn-stat: AverageBacktrackAmount=0
%%%mzn-stat: AverageLbd=20.827228749136143
%%%mzn-stat: 2AutonomousSearchNumBackupCalled=5595
%%%mzn-stat: 2AutonomousSearchNumPredicatesRemoved=0
%%%mzn-stat: 2AutonomousSearchNumCalls=5600
%%%mzn-stat: 2AutonomousSearchNumPredicatesAdded=16477
%%%mzn-stat: 2AutonomousSearchAverageSizeOfHeap=5.152857142857143
%%%mzn-stat: 2AutonomousSearchNumAssignedPredicatesEncountered=28856
%%%mzn-stat-end
maxleg = 1011;
succ = array1d(1..150,[11, 16, 31, 19, 2, 21, 9, 96, 18, 6, 36, 29, 27, 35, 4, 60, 38, 28, 61, 85, 93, 34, 84, 56, 8, 13, 12, 23, 47, 26, 71, 42, 10, 5, 1, 33, 44, 90, 43, 72, 40, 3, 108, 59, 67, 86, 80, 14, 46, 41, 77, 70, 97, 79, 81, 37, 48, 49, 74, 87, 45, 64, 17, 58, 7, 100, 94, 30, 55, 24, 65, 103, 52, 144, 63, 140, 124, 20, 121, 113, 106, 127, 102, 114, 62, 105, 138, 69, 53, 150, 99, 22, 111, 143, 15, 66, 126, 116, 25, 104, 112, 128, 131, 145, 32, 141, 83, 95, 98, 122, 39, 91, 78, 54, 88, 82, 68, 51, 50, 101, 57, 132, 73, 76, 110, 130, 117, 142, 109, 123, 118, 149, 135, 139, 92, 119, 148, 134, 115, 89, 146, 120, 125, 133, 136, 129, 137, 107, 75, 147]);
% time elapsed: 5.03 s
----------
%%%mzn-stat: initTime=0.018643421
%%%mzn-stat: objective=987
%%%mzn-stat: nodes=32394
%%%mzn-stat: restarts=0
%%%mzn-stat: peakDepth=1233
%%%mzn-stat: solveTime=2.075131976
%%%mzn-stat: variables=2652
%%%mzn-stat: propagators=1761
%%%mzn-stat: failures=1456
%%%mzn-stat: propagations=216194
%%%mzn-stat: nogoods=1456
%%%mzn-stat: numAtomicConstraintsPropagated=0
%%%mzn-stat: allDifferentNumber1TotalHallSetSize=15458
%%%mzn-stat: allDifferentNumber1NumberOfConflicts=1291
%%%mzn-stat: allDifferentNumber1MaxHallSetSize=146
%%%mzn-stat: allDifferentNumber1PropagationsTotal=28712
%%%mzn-stat: allDifferentNumber1PropagationsThatFoundConflict=1291
%%%mzn-stat: circuitNumber2PropagationsThatFoundConflict=36
%%%mzn-stat: circuitNumber2TotalFixedEdgesAtConflict=4812
%%%mzn-stat: circuitNumber2NumberOfConflicts=36
%%%mzn-stat: circuitNumber2PropagationsThatPruned=182
%%%mzn-stat: circuitNumber2PropagationsTotal=25243
%%%mzn-stat: AverageConflictSize=16.990384615384617
%%%mzn-stat: NumUnitNogoodsLearned=0
%%%mzn-stat: AverageLearnedNogoodLength=30.90521978021978
%%%mzn-stat: AverageBacktrackAmount=0
%%%mzn-stat: AverageLbd=20.79532967032967
%%%mzn-stat: 2AutonomousSearchNumBackupCalled=6699
%%%mzn-stat: 2AutonomousSearchNumPredicatesRemoved=0
%%%mzn-stat: 2AutonomousSearchNumCalls=6705
%%%mzn-stat: 2AutonomousSearchNumPredicatesAdded=17223
%%%mzn-stat: 2AutonomousSearchAverageSizeOfHeap=5.4001491424310215
%%%mzn-stat: 2AutonomousSearchNumAssignedPredicatesEncountered=36208
%%%mzn-stat-end
maxleg = 987;
succ = array1d(1..150,[11, 16, 31, 19, 2, 21, 9, 96, 18, 6, 36, 29, 27, 35, 4, 60, 38, 28, 61, 85, 93, 34, 84, 56, 8, 13, 12, 23, 47, 26, 71, 42, 10, 5, 1, 33, 44, 90, 43, 72, 40, 3, 108, 59, 67, 86, 80, 14, 46, 41, 77, 70, 97, 79, 81, 37, 48, 49, 74, 87, 45, 64, 17, 58, 7, 100, 94, 30, 55, 24, 65, 103, 52, 144, 63, 140, 124, 20, 121, 113, 106, 127, 102, 114, 62, 105, 138, 69, 134, 150, 99, 22, 111, 68, 15, 66, 126, 116, 25, 104, 112, 128, 131, 145, 32, 141, 53, 95, 98, 122, 39, 143, 83, 54, 88, 82, 76, 51, 91, 101, 136, 132, 73, 149, 110, 130, 117, 142, 109, 123, 118, 78, 135, 139, 92, 119, 148, 57, 115, 89, 50, 120, 125, 133, 146, 129, 137, 107, 75, 147]);
% time elapsed: 5.05 s
----------
%%%mzn-stat: initTime=0.018643421
%%%mzn-stat: objective=973
%%%mzn-stat: nodes=33770
%%%mzn-stat: restarts=0
%%%mzn-stat: peakDepth=1233
%%%mzn-stat: solveTime=2.112270125
%%%mzn-stat: variables=2652
%%%mzn-stat: propagators=1761
%%%mzn-stat: failures=1504
%%%mzn-stat: propagations=222235
%%%mzn-stat: nogoods=1504
%%%mzn-stat: numAtomicConstraintsPropagated=0
%%%mzn-stat: allDifferentNumber1TotalHallSetSize=16453
%%%mzn-stat: allDifferentNumber1NumberOfConflicts=1337
%%%mzn-stat: allDifferentNumber1MaxHallSetSize=146
%%%mzn-stat: allDifferentNumber1PropagationsTotal=29062
%%%mzn-stat: allDifferentNumber1PropagationsThatFoundConflict=1337
%%%mzn-stat: circuitNumber2PropagationsThatFoundConflict=36
%%%mzn-stat: circuitNumber2TotalFixedEdgesAtConflict=4812
%%%mzn-stat: circuitNumber2NumberOfConflicts=36
%%%mzn-stat: circuitNumber2PropagationsThatPruned=190
%%%mzn-stat: circuitNumber2PropagationsTotal=25509
%%%mzn-stat: AverageConflictSize=17.553856382978722
%%%mzn-stat: NumUnitNogoodsLearned=0
%%%mzn-stat: AverageLearnedNogoodLength=31.37101063829787
%%%mzn-stat: AverageBacktrackAmount=0
%%%mzn-stat: AverageLbd=20.9780585106383
%%%mzn-stat: 2AutonomousSearchNumBackupCalled=7801
%%%mzn-stat: 2AutonomousSearchNumPredicatesRemoved=0
%%%mzn-stat: 2AutonomousSearchNumCalls=7808
%%%mzn-stat: 2AutonomousSearchNumPredicatesAdded=20362
%%%mzn-stat: 2AutonomousSearchAverageSizeOfHeap=5.58875512295082
%%%mzn-stat: 2AutonomousSearchNumAssignedPredicatesEncountered=43637
%%%mzn-stat-end
maxleg = 973;
succ = array1d(1..150,[11, 16, 31, 19, 2, 21, 9, 96, 18, 6, 36, 29, 27, 35, 4, 60, 38, 28, 61, 85, 93, 34, 84, 56, 8, 13, 12, 23, 47, 26, 71, 42, 10, 5, 1, 33, 44, 90, 43, 72, 40, 3, 108, 59, 67, 86, 80, 14, 46, 41, 77, 70, 97, 92, 81, 37, 48, 49, 74, 87, 45, 64, 17, 58, 7, 100, 94, 30, 55, 24, 65, 103, 52, 144, 63, 140, 124, 20, 121, 79, 106, 127, 102, 120, 112, 105, 138, 69, 53, 114, 99, 22, 111, 143, 66, 150, 126, 116, 25, 104, 57, 128, 131, 145, 32, 141, 83, 95, 98, 122, 39, 101, 62, 54, 88, 82, 68, 51, 91, 119, 136, 132, 73, 76, 110, 130, 117, 142, 109, 123, 118, 149, 135, 139, 78, 107, 148, 134, 115, 89, 50, 113, 125, 133, 146, 129, 137, 15, 75, 147]);
% time elapsed: 5.08 s
----------
%%%mzn-stat: initTime=0.018643421
%%%mzn-stat: objective=951
%%%mzn-stat: nodes=35467
%%%mzn-stat: restarts=0
%%%mzn-stat: peakDepth=1233
%%%mzn-stat: solveTime=2.225685285
%%%mzn-stat: variables=2652
%%%mzn-stat: propagators=1761
%%%mzn-stat: failures=1664
%%%mzn-stat: propagations=234717
%%%mzn-stat: nogoods=1664
%%%mzn-stat: numAtomicConstraintsPropagated=0
%%%mzn-stat: allDifferentNumber1TotalHallSetSize=18410
%%%mzn-stat: allDifferentNumber1NumberOfConflicts=1457
%%%mzn-stat: allDifferentNumber1MaxHallSetSize=146
%%%mzn-stat: allDifferentNumber1PropagationsTotal=29940
%%%mzn-stat: allDifferentNumber1PropagationsThatFoundConflict=1457
%%%mzn-stat: circuitNumber2PropagationsThatFoundConflict=55
%%%mzn-stat: circuitNumber2TotalFixedEdgesAtConflict=7437
%%%mzn-stat: circuitNumber2NumberOfConflicts=55
%%%mzn-stat: circuitNumber2PropagationsThatPruned=242
%%%mzn-stat: circuitNumber2PropagationsTotal=26179
%%%mzn-stat: AverageConflictSize=18.427283653846153
%%%mzn-stat: NumUnitNogoodsLearned=0
%%%mzn-stat: AverageLearnedNogoodLength=33.04146634615385
%%%mzn-stat: AverageBacktrackAmount=0
%%%mzn-stat: AverageLbd=22.103966346153847
%%%mzn-stat: 2AutonomousSearchNumBackupCalled=8884
%%%mzn-stat: 2AutonomousSearchNumPredicatesRemoved=0
%%%mzn-stat: 2AutonomousSearchNumCalls=8892
%%%mzn-stat: 2AutonomousSearchNumPredicatesAdded=26248
%%%mzn-stat: 2AutonomousSearchAverageSizeOfHeap=5.810166441745389
%%%mzn-stat: 2AutonomousSearchNumAssignedPredicatesEncountered=51664
%%%mzn-stat-end
maxleg = 951;
succ = array1d(1..150,[11, 16, 31, 19, 2, 21, 9, 96, 18, 6, 36, 29, 27, 35, 4, 60, 38, 28, 61, 85, 93, 34, 84, 56, 8, 13, 12, 23, 47, 26, 71, 42, 10, 5, 1, 33, 44, 90, 43, 72, 40, 3, 108, 59, 67, 86, 80, 14, 46, 41, 77, 70, 97, 92, 81, 37, 48, 49, 74, 87, 45, 64, 17, 58, 7, 120, 94, 30, 55, 24, 65, 103, 52, 144, 63, 140, 124, 20, 121, 113, 106, 127, 102, 114, 62, 105, 138, 69, 53, 150, 99, 22, 111, 79, 15, 66, 126, 116, 25, 104, 112, 128, 131, 145, 32, 141, 100, 95, 98, 122, 39, 143, 83, 54, 88, 82, 68, 51, 91, 101, 136, 132, 73, 76, 110, 130, 117, 142, 109, 123, 118, 149, 135, 57, 78, 119, 148, 134, 115, 89, 50, 139, 125, 133, 146, 129, 137, 107, 75, 147]);
% time elapsed: 5.20 s
----------
%%%mzn-stat: initTime=0.018643421
%%%mzn-stat: objective=948
%%%mzn-stat: nodes=36801
%%%mzn-stat: restarts=0
%%%mzn-stat: peakDepth=1233
%%%mzn-stat: solveTime=2.250725196
%%%mzn-stat: variables=2652
%%%mzn-stat: propagators=1761
%%%mzn-stat: failures=1686
%%%mzn-stat: propagations=239676
%%%mzn-stat: nogoods=1686
%%%mzn-stat: numAtomicConstraintsPropagated=0
%%%mzn-stat: allDifferentNumber1TotalHallSetSize=18692
%%%mzn-stat: allDifferentNumber1NumberOfConflicts=1477
%%%mzn-stat: allDifferentNumber1MaxHallSetSize=146
%%%mzn-stat: allDifferentNumber1PropagationsTotal=30241
%%%mzn-stat: allDifferentNumber1PropagationsThatFoundConflict=1477
%%%mzn-stat: circuitNumber2PropagationsThatFoundConflict=55
%%%mzn-stat: circuitNumber2TotalFixedEdgesAtConflict=7437
%%%mzn-stat: circuitNumber2NumberOfConflicts=55
%%%mzn-stat: circuitNumber2PropagationsThatPruned=247
%%%mzn-stat: circuitNumber2PropagationsTotal=26429
%%%mzn-stat: AverageConflictSize=18.479833926453143
%%%mzn-stat: NumUnitNogoodsLearned=0
%%%mzn-stat: AverageLearnedNogoodLength=32.92467378410439
%%%mzn-stat: AverageBacktrackAmount=0
%%%mzn-stat: AverageLbd=21.994661921708186
%%%mzn-stat: 2AutonomousSearchNumBackupCalled=9963
%%%mzn-stat: 2AutonomousSearchNumPredicatesRemoved=0
%%%mzn-stat: 2AutonomousSearchNumCalls=9972
%%%mzn-stat: 2AutonomousSearchNumPredicatesAdded=26844
%%%mzn-stat: 2AutonomousSearchAverageSizeOfHeap=5.987164059366226
%%%mzn-stat: 2AutonomousSearchNumAssignedPredicatesEncountered=59704
%%%mzn-stat-end
maxleg = 948;
succ = array1d(1..150,[11, 16, 31, 19, 2, 21, 9, 96, 18, 6, 36, 29, 27, 35, 4, 60, 38, 28, 61, 85, 93, 34, 139, 56, 8, 13, 12, 23, 47, 26, 71, 42, 10, 5, 1, 33, 44, 90, 43, 72, 40, 3, 108, 59, 67, 86, 80, 14, 46, 41, 77, 70, 97, 92, 81, 37, 48, 49, 74, 87, 45, 64, 17, 58, 7, 120, 94, 30, 55, 24, 65, 103, 52, 144, 63, 140, 124, 20, 121, 145, 106, 127, 102, 114, 62, 105, 138, 69, 53, 150, 122, 22, 111, 79, 15, 66, 126, 84, 25, 104, 112, 116, 131, 99, 32, 141, 100, 95, 98, 123, 39, 143, 83, 54, 88, 82, 68, 51, 91, 101, 136, 132, 73, 76, 110, 130, 117, 142, 109, 128, 118, 149, 135, 57, 78, 119, 148, 134, 115, 89, 50, 113, 125, 133, 146, 129, 137, 107, 75, 147]);
% time elapsed: 5.22 s
----------
%%%mzn-stat: initTime=0.018643421
%%%mzn-stat: objective=927
%%%mzn-stat: nodes=38433
%%%mzn-stat: restarts=0
%%%mzn-stat: peakDepth=1233
%%%mzn-stat: solveTime=2.298924295
%%%mzn-stat: variables=2652
%%%mzn-stat: propagators=1761
%%%mzn-stat: failures=1723
%%%mzn-stat: propagations=247221
%%%mzn-stat: nogoods=1723
%%%mzn-stat: numAtomicConstraintsPropagated=0
%%%mzn-stat: allDifferentNumber1TotalHallSetSize=19202
%%%mzn-stat: allDifferentNumber1NumberOfConflicts=1513
%%%mzn-stat: allDifferentNumber1MaxHallSetSize=146
%%%mzn-stat: allDifferentNumber1PropagationsTotal=30864
%%%mzn-stat: allDifferentNumber1PropagationsThatFoundConflict=1513
%%%mzn-stat: circuitNumber2PropagationsThatFoundConflict=55
%%%mzn-stat: circuitNumber2TotalFixedEdgesAtConflict=7437
%%%mzn-stat: circuitNumber2NumberOfConflicts=55
%%%mzn-stat: circuitNumber2PropagationsThatPruned=250
%%%mzn-stat: circuitNumber2PropagationsTotal=26962
%%%mzn-stat: AverageConflictSize=18.578641903656415
%%%mzn-stat: NumUnitNogoodsLearned=0
%%%mzn-stat: AverageLearnedNogoodLength=32.74463145676146
%%%mzn-stat: AverageBacktrackAmount=0
%%%mzn-stat: AverageLbd=21.87579802669762
%%%mzn-stat: 2AutonomousSearchNumBackupCalled=11042
%%%mzn-stat: 2AutonomousSearchNumPredicatesRemoved=0
%%%mzn-stat: 2AutonomousSearchNumCalls=11052
%%%mzn-stat: 2AutonomousSearchNumPredicatesAdded=27867
%%%mzn-stat: 2AutonomousSearchAverageSizeOfHeap=6.134636264929425
%%%mzn-stat: 2AutonomousSearchNumAssignedPredicatesEncountered=67800
%%%mzn-stat-end
maxleg = 927;
succ = array1d(1..150,[11, 16, 31, 19, 2, 21, 9, 96, 18, 6, 36, 29, 27, 35, 4, 60, 38, 28, 61, 85, 93, 34, 139, 71, 8, 13, 12, 23, 47, 26, 111, 42, 10, 5, 1, 33, 44, 90, 43, 72, 40, 3, 108, 59, 67, 86, 80, 14, 46, 41, 77, 70, 97, 92, 81, 37, 48, 49, 74, 87, 45, 64, 17, 58, 7, 120, 94, 30, 55, 24, 65, 142, 52, 144, 63, 140, 124, 20, 121, 79, 106, 127, 102, 75, 62, 99, 138, 69, 53, 150, 122, 22, 136, 32, 15, 66, 126, 84, 25, 104, 112, 116, 131, 145, 148, 105, 100, 95, 98, 123, 125, 91, 83, 54, 88, 82, 68, 51, 143, 101, 39, 114, 73, 76, 110, 130, 117, 141, 109, 128, 118, 149, 135, 57, 78, 119, 132, 134, 115, 89, 50, 113, 103, 133, 146, 129, 137, 107, 56, 147]);
% time elapsed: 5.28 s
----------
%%%mzn-stat: initTime=0.018643421
%%%mzn-stat: objective=925
%%%mzn-stat: nodes=41129
%%%mzn-stat: restarts=0
%%%mzn-stat: peakDepth=1233
%%%mzn-stat: solveTime=2.416584918
%%%mzn-stat: variables=2652
%%%mzn-stat: propagators=1761
%%%mzn-stat: failures=1769
%%%mzn-stat: propagations=264051
%%%mzn-stat: nogoods=1769
%%%mzn-stat: numAtomicConstraintsPropagated=0
%%%mzn-stat: allDifferentNumber1TotalHallSetSize=19670
%%%mzn-stat: allDifferentNumber1NumberOfConflicts=1559
%%%mzn-stat: allDifferentNumber1MaxHallSetSize=146
%%%mzn-stat: allDifferentNumber1PropagationsTotal=32643
%%%mzn-stat: allDifferentNumber1PropagationsThatFoundConflict=1559
%%%mzn-stat: circuitNumber2PropagationsThatFoundConflict=55
%%%mzn-stat: circuitNumber2TotalFixedEdgesAtConflict=7437
%%%mzn-stat: circuitNumber2NumberOfConflicts=55
%%%mzn-stat: circuitNumber2PropagationsThatPruned=261
%%%mzn-stat: circuitNumber2PropagationsTotal=28548
%%%mzn-stat: AverageConflictSize=18.50650084793669
%%%mzn-stat: NumUnitNogoodsLearned=0
%%%mzn-stat: AverageLearnedNogoodLength=32.29903900508762
%%%mzn-stat: AverageBacktrackAmount=0
%%%mzn-stat: AverageLbd=21.577727529677784
%%%mzn-stat: 2AutonomousSearchNumBackupCalled=12124
%%%mzn-stat: 2AutonomousSearchNumPredicatesRemoved=0
%%%mzn-stat: 2AutonomousSearchNumCalls=12135
%%%mzn-stat: 2AutonomousSearchNumPredicatesAdded=28154
%%%mzn-stat: 2AutonomousSearchAverageSizeOfHeap=6.256365883807169
%%%mzn-stat: 2AutonomousSearchNumAssignedPredicatesEncountered=75921
%%%mzn-stat-end
maxleg = 925;
succ = array1d(1..150,[11, 16, 31, 19, 2, 21, 9, 96, 18, 6, 36, 29, 27, 35, 4, 60, 38, 28, 61, 85, 93, 43, 34, 71, 8, 13, 12, 23, 47, 26, 111, 42, 10, 5, 1, 33, 44, 109, 67, 72, 40, 3, 108, 59, 101, 86, 80, 14, 46, 41, 77, 70, 97, 92, 81, 37, 48, 49, 74, 87, 45, 64, 17, 58, 7, 120, 94, 30, 55, 24, 65, 103, 52, 144, 63, 140, 124, 20, 121, 79, 106, 127, 102, 75, 62, 105, 138, 69, 53, 114, 122, 22, 136, 98, 66, 150, 126, 84, 25, 104, 112, 116, 131, 99, 32, 141, 100, 95, 145, 123, 39, 91, 83, 54, 88, 82, 68, 51, 143, 119, 57, 132, 73, 76, 110, 130, 117, 142, 90, 128, 118, 149, 135, 139, 78, 107, 148, 134, 115, 89, 50, 113, 125, 133, 146, 129, 137, 15, 56, 147]);
% time elapsed: 5.40 s
----------
%%%mzn-stat: initTime=0.018643421
%%%mzn-stat: objective=920
%%%mzn-stat: nodes=42682
%%%mzn-stat: restarts=0
%%%mzn-stat: peakDepth=1233
%%%mzn-stat: solveTime=2.473935487
%%%mzn-stat: variables=2652
%%%mzn-stat: propagators=1761
%%%mzn-stat: failures=1827
%%%mzn-stat: propagations=272693
%%%mzn-stat: nogoods=1827
%%%mzn-stat: numAtomicConstraintsPropagated=0
%%%mzn-stat: allDifferentNumber1TotalHallSetSize=20030
%%%mzn-stat: allDifferentNumber1NumberOfConflicts=1607
%%%mzn-stat: allDifferentNumber1MaxHallSetSize=146
%%%mzn-stat: allDifferentNumber1PropagationsTotal=33251
%%%mzn-stat: allDifferentNumber1PropagationsThatFoundConflict=1607
%%%mzn-stat: circuitNumber2PropagationsThatFoundConflict=58
%%%mzn-stat: circuitNumber2TotalFixedEdgesAtConflict=7864
%%%mzn-stat: circuitNumber2NumberOfConflicts=58
%%%mzn-stat: circuitNumber2PropagationsThatPruned=284
%%%mzn-stat: circuitNumber2PropagationsTotal=29052
%%%mzn-stat: AverageConflictSize=18.528735632183906
%%%mzn-stat: NumUnitNogoodsLearned=0
%%%mzn-stat: AverageLearnedNogoodLength=32.32129173508484
%%%mzn-stat: AverageBacktrackAmount=0
%%%mzn-stat: AverageLbd=21.589490968801314
%%%mzn-stat: 2AutonomousSearchNumBackupCalled=13178
%%%mzn-stat: 2AutonomousSearchNumPredicatesRemoved=0
%%%mzn-stat: 2AutonomousSearchNumCalls=13190
%%%mzn-stat: 2AutonomousSearchNumPredicatesAdded=31306
%%%mzn-stat: 2AutonomousSearchAverageSizeOfHeap=6.390447308567096
%%%mzn-stat: 2AutonomousSearchNumAssignedPredicatesEncountered=84290
%%%mzn-stat-end
maxleg = 920;
succ = array1d(1..150,[11, 16, 31, 19, 2, 21, 9, 96, 18, 6, 36, 29, 27, 35, 4, 60, 38, 28, 61, 85, 93, 43, 34, 71, 8, 13, 12, 23, 47, 26, 111, 42, 10, 5, 1, 33, 44, 109, 67, 72, 40, 3, 108, 59, 101, 86, 80, 14, 46, 41, 77, 70, 97, 92, 81, 37, 48, 49, 74, 87, 45, 64, 17, 58, 7, 120, 94, 30, 55, 24, 65, 103, 112, 144, 63, 140, 124, 20, 121, 145, 106, 127, 102, 114, 62, 105, 138, 69, 53, 150, 122, 22, 136, 79, 15, 66, 126, 84, 25, 104, 57, 116, 131, 99, 32, 141, 100, 95, 98, 123, 39, 91, 83, 54, 88, 82, 68, 51, 143, 119, 52, 132, 73, 76, 110, 130, 117, 142, 90, 128, 118, 149, 135, 139, 78, 56, 148, 134, 115, 89, 50, 113, 125, 133, 146, 129, 137, 107, 75, 147]);
% time elapsed: 5.46 s
----------
%%%mzn-stat: initTime=0.018643421
%%%mzn-stat: objective=916
%%%mzn-stat: nodes=43967
%%%mzn-stat: restarts=0
%%%mzn-stat: peakDepth=1233
%%%mzn-stat: solveTime=2.50393509
%%%mzn-stat: variables=2652
%%%mzn-stat: propagators=1761
%%%mzn-stat: failures=1860
%%%mzn-stat: propagations=277598
%%%mzn-stat: nogoods=1860
%%%mzn-stat: numAtomicConstraintsPropagated=0
%%%mzn-stat: allDifferentNumber1TotalHallSetSize=20420
%%%mzn-stat: allDifferentNumber1NumberOfConflicts=1639
%%%mzn-stat: allDifferentNumber1MaxHallSetSize=146
%%%mzn-stat: allDifferentNumber1PropagationsTotal=33523
%%%mzn-stat: allDifferentNumber1PropagationsThatFoundConflict=1639
%%%mzn-stat: circuitNumber2PropagationsThatFoundConflict=59
%%%mzn-stat: circuitNumber2TotalFixedEdgesAtConflict=7993
%%%mzn-stat: circuitNumber2NumberOfConflicts=59
%%%mzn-stat: circuitNumber2PropagationsThatPruned=300
%%%mzn-stat: circuitNumber2PropagationsTotal=29268
%%%mzn-stat: AverageConflictSize=18.624193548387098
%%%mzn-stat: NumUnitNogoodsLearned=0
%%%mzn-stat: AverageLearnedNogoodLength=32.44408602150538
%%%mzn-stat: AverageBacktrackAmount=0
%%%mzn-stat: AverageLbd=21.60483870967742
%%%mzn-stat: 2AutonomousSearchNumBackupCalled=14252
%%%mzn-stat: 2AutonomousSearchNumPredicatesRemoved=0
%%%mzn-stat: 2AutonomousSearchNumCalls=14265
%%%mzn-stat: 2AutonomousSearchNumPredicatesAdded=34730
%%%mzn-stat: 2AutonomousSearchAverageSizeOfHeap=6.51713985278654
%%%mzn-stat: 2AutonomousSearchNumAssignedPredicatesEncountered=92967
%%%mzn-stat-end
maxleg = 916;
succ = array1d(1..150,[11, 16, 31, 19, 2, 21, 9, 96, 18, 6, 36, 29, 27, 35, 4, 60, 38, 28, 61, 85, 93, 43, 34, 71, 8, 13, 12, 23, 47, 26, 111, 42, 10, 5, 1, 33, 44, 109, 67, 72, 40, 3, 108, 59, 101, 86, 80, 14, 46, 41, 77, 70, 97, 92, 81, 37, 48, 49, 74, 87, 45, 64, 17, 129, 7, 120, 94, 30, 55, 24, 65, 103, 112, 144, 63, 140, 124, 20, 121, 79, 106, 127, 102, 53, 62, 105, 138, 69, 139, 150, 122, 22, 136, 68, 15, 66, 126, 84, 25, 104, 57, 116, 131, 99, 32, 141, 100, 95, 98, 123, 39, 91, 83, 54, 88, 82, 76, 51, 143, 145, 52, 132, 73, 56, 110, 130, 117, 142, 90, 128, 118, 149, 135, 115, 78, 119, 148, 134, 58, 89, 50, 113, 125, 133, 146, 114, 137, 107, 75, 147]);
% time elapsed: 5.49 s
----------
%%%mzn-stat: initTime=0.018643421
%%%mzn-stat: objective=914
%%%mzn-stat: nodes=45730
%%%mzn-stat: restarts=0
%%%mzn-stat: peakDepth=1233
%%%mzn-stat: solveTime=2.712691789
%%%mzn-stat: variables=2652
%%%mzn-stat: propagators=1761
%%%mzn-stat: failures=2148
%%%mzn-stat: propagations=297928
%%%mzn-stat: nogoods=2148
%%%mzn-stat: numAtomicConstraintsPropagated=0
%%%mzn-stat: allDifferentNumber1TotalHallSetSize=22804
%%%mzn-stat: allDifferentNumber1NumberOfConflicts=1849
%%%mzn-stat: allDifferentNumber1MaxHallSetSize=146
%%%mzn-stat: allDifferentNumber1PropagationsTotal=34631
%%%mzn-stat: allDifferentNumber1PropagationsThatFoundConflict=1849
%%%mzn-stat: circuitNumber2PropagationsThatFoundConflict=75
%%%mzn-stat: circuitNumber2TotalFixedEdgesAtConflict=10256
%%%mzn-stat: circuitNumber2NumberOfConflicts=75
%%%mzn-stat: circuitNumber2PropagationsThatPruned=406
%%%mzn-stat: circuitNumber2PropagationsTotal=30035
%%%mzn-stat: AverageConflictSize=19.584729981378025
%%%mzn-stat: NumUnitNogoodsLearned=0
%%%mzn-stat: AverageLearnedNogoodLength=36.069366852886404
%%%mzn-stat: AverageBacktrackAmount=0
%%%mzn-stat: AverageLbd=23.64199255121043
%%%mzn-stat: 2AutonomousSearchNumBackupCalled=15316
%%%mzn-stat: 2AutonomousSearchNumPredicatesRemoved=0
%%%mzn-stat: 2AutonomousSearchNumCalls=15330
%%%mzn-stat: 2AutonomousSearchNumPredicatesAdded=41608
%%%mzn-stat: 2AutonomousSearchAverageSizeOfHeap=6.708741030658839
%%%mzn-stat: 2AutonomousSearchNumAssignedPredicatesEncountered=102845
%%%mzn-stat-end
maxleg = 914;
succ = array1d(1..150,[11, 16, 31, 19, 2, 21, 9, 96, 18, 6, 36, 29, 27, 35, 4, 60, 38, 28, 61, 85, 93, 43, 34, 71, 8, 13, 12, 23, 47, 26, 111, 42, 10, 5, 1, 33, 44, 109, 67, 72, 40, 3, 108, 59, 101, 86, 80, 14, 46, 41, 77, 70, 97, 92, 81, 37, 48, 49, 74, 87, 45, 64, 17, 129, 7, 120, 94, 30, 55, 24, 65, 103, 112, 144, 118, 140, 124, 20, 121, 79, 106, 127, 102, 53, 62, 105, 138, 69, 139, 114, 122, 22, 136, 63, 15, 150, 126, 84, 25, 104, 57, 116, 131, 99, 32, 66, 100, 95, 98, 123, 39, 91, 83, 54, 88, 82, 68, 51, 143, 145, 52, 132, 73, 76, 110, 130, 117, 141, 90, 128, 142, 149, 135, 115, 78, 119, 148, 134, 58, 89, 50, 113, 125, 133, 146, 137, 56, 107, 75, 147]);
% time elapsed: 5.70 s
----------
%%%mzn-stat: initTime=0.018643421
%%%mzn-stat: objective=906
%%%mzn-stat: nodes=47093
%%%mzn-stat: restarts=0
%%%mzn-stat: peakDepth=1233
%%%mzn-stat: solveTime=2.744531023
%%%mzn-stat: variables=2652
%%%mzn-stat: propagators=1761
%%%mzn-stat: failures=2173
%%%mzn-stat: propagations=303881
%%%mzn-stat: nogoods=2173
%%%mzn-stat: numAtomicConstraintsPropagated=0
%%%mzn-stat: allDifferentNumber1TotalHallSetSize=23173
%%%mzn-stat: allDifferentNumber1NumberOfConflicts=1871
%%%mzn-stat: allDifferentNumber1MaxHallSetSize=146
%%%mzn-stat: allDifferentNumber1PropagationsTotal=34987
%%%mzn-stat: allDifferentNumber1PropagationsThatFoundConflict=1871
%%%mzn-stat: circuitNumber2PropagationsThatFoundConflict=75
%%%mzn-stat: circuitNumber2TotalFixedEdgesAtConflict=10256
%%%mzn-stat: circuitNumber2NumberOfConflicts=75
%%%mzn-stat: circuitNumber2PropagationsThatPruned=407
%%%mzn-stat: circuitNumber2PropagationsTotal=30342
%%%mzn-stat: AverageConflictSize=19.70041417395306
%%%mzn-stat: NumUnitNogoodsLearned=0
%%%mzn-stat: AverageLearnedNogoodLength=36.070869765301424
%%%mzn-stat: AverageBacktrackAmount=0
%%%mzn-stat: AverageLbd=23.61803957662218
%%%mzn-stat: 2AutonomousSearchNumBackupCalled=16360
%%%mzn-stat: 2AutonomousSearchNumPredicatesRemoved=0
%%%mzn-stat: 2AutonomousSearchNumCalls=16375
%%%mzn-stat: 2AutonomousSearchNumPredicatesAdded=42945
%%%mzn-stat: 2AutonomousSearchAverageSizeOfHeap=6.8861679389312975
%%%mzn-stat: 2AutonomousSearchNumAssignedPredicatesEncountered=112761
%%%mzn-stat-end
maxleg = 906;
succ = array1d(1..150,[11, 16, 31, 19, 2, 21, 9, 96, 18, 6, 36, 29, 27, 35, 4, 60, 38, 28, 61, 85, 93, 43, 34, 71, 8, 13, 12, 23, 47, 26, 111, 42, 10, 5, 1, 33, 44, 109, 67, 72, 40, 3, 108, 59, 101, 86, 80, 14, 46, 73, 77, 70, 97, 92, 81, 37, 41, 49, 74, 87, 45, 64, 17, 129, 7, 120, 94, 30, 55, 24, 65, 103, 112, 144, 63, 140, 124, 20, 121, 79, 106, 127, 102, 53, 62, 105, 138, 69, 139, 114, 122, 22, 136, 98, 66, 150, 126, 84, 25, 104, 57, 116, 131, 99, 32, 141, 100, 95, 145, 123, 39, 91, 83, 54, 88, 82, 68, 51, 143, 119, 52, 132, 50, 76, 110, 130, 117, 142, 90, 128, 118, 149, 135, 115, 78, 107, 148, 134, 48, 89, 146, 113, 125, 133, 58, 137, 56, 15, 75, 147]);
% time elapsed: 5.74 s
----------
%%%mzn-stat: initTime=0.018643421
%%%mzn-stat: objective=892
%%%mzn-stat: nodes=49174
%%%mzn-stat: restarts=0
%%%mzn-stat: peakDepth=1233
%%%mzn-stat: solveTime=2.831253843
%%%mzn-stat: variables=2652
%%%mzn-stat: propagators=1761
%%%mzn-stat: failures=2239
%%%mzn-stat: propagations=317089
%%%mzn-stat: nogoods=2239
%%%mzn-stat: numAtomicConstraintsPropagated=0
%%%mzn-stat: allDifferentNumber1TotalHallSetSize=23982
%%%mzn-stat: allDifferentNumber1NumberOfConflicts=1934
%%%mzn-stat: allDifferentNumber1MaxHallSetSize=146
%%%mzn-stat: allDifferentNumber1PropagationsTotal=36177
%%%mzn-stat: allDifferentNumber1PropagationsThatFoundConflict=1934
%%%mzn-stat: circuitNumber2PropagationsThatFoundConflict=77
%%%mzn-stat: circuitNumber2TotalFixedEdgesAtConflict=10530
%%%mzn-stat: circuitNumber2NumberOfConflicts=77
%%%mzn-stat: circuitNumber2PropagationsThatPruned=438
%%%mzn-stat: circuitNumber2PropagationsTotal=31394
%%%mzn-stat: AverageConflictSize=19.751228226887005
%%%mzn-stat: NumUnitNogoodsLearned=0
%%%mzn-stat: AverageLearnedNogoodLength=35.81732916480572
%%%mzn-stat: AverageBacktrackAmount=0
%%%mzn-stat: AverageLbd=23.462706565430995
%%%mzn-stat: 2AutonomousSearchNumBackupCalled=17401
%%%mzn-stat: 2AutonomousSearchNumPredicatesRemoved=0
%%%mzn-stat: 2AutonomousSearchNumCalls=17417
%%%mzn-stat: 2AutonomousSearchNumPredicatesAdded=45396
%%%mzn-stat: 2AutonomousSearchAverageSizeOfHeap=7.04466900155021
%%%mzn-stat: 2AutonomousSearchNumAssignedPredicatesEncountered=122697
%%%mzn-stat-end
maxleg = 892;
succ = array1d(1..150,[11, 16, 31, 19, 2, 21, 9, 96, 18, 6, 36, 29, 27, 35, 4, 60, 38, 28, 61, 85, 93, 43, 34, 71, 82, 13, 12, 8, 47, 26, 111, 42, 10, 5, 1, 33, 44, 109, 67, 72, 40, 3, 108, 59, 101, 23, 80, 14, 46, 73, 77, 70, 86, 92, 81, 37, 48, 49, 74, 87, 45, 64, 17, 129, 7, 120, 94, 30, 55, 24, 65, 103, 112, 41, 63, 140, 124, 88, 121, 145, 106, 127, 102, 53, 62, 105, 138, 69, 139, 150, 122, 22, 136, 98, 66, 91, 126, 84, 25, 104, 57, 116, 131, 99, 148, 141, 100, 95, 97, 123, 39, 143, 83, 54, 79, 144, 68, 51, 50, 119, 52, 114, 149, 76, 110, 130, 117, 142, 90, 128, 118, 20, 135, 115, 78, 107, 132, 134, 58, 89, 32, 113, 125, 133, 146, 137, 56, 15, 75, 147]);
% time elapsed: 5.83 s
----------
%%%mzn-stat: initTime=0.018643421
%%%mzn-stat: objective=888
%%%mzn-stat: nodes=50425
%%%mzn-stat: restarts=0
%%%mzn-stat: peakDepth=1233
%%%mzn-stat: solveTime=2.874429295
%%%mzn-stat: variables=2652
%%%mzn-stat: propagators=1761
%%%mzn-stat: failures=2299
%%%mzn-stat: propagations=322643
%%%mzn-stat: nogoods=2299
%%%mzn-stat: numAtomicConstraintsPropagated=0
%%%mzn-stat: allDifferentNumber1TotalHallSetSize=24769
%%%mzn-stat: allDifferentNumber1NumberOfConflicts=1974
%%%mzn-stat: allDifferentNumber1MaxHallSetSize=146
%%%mzn-stat: allDifferentNumber1PropagationsTotal=36473
%%%mzn-stat: allDifferentNumber1PropagationsThatFoundConflict=1974
%%%mzn-stat: circuitNumber2PropagationsThatFoundConflict=82
%%%mzn-stat: circuitNumber2TotalFixedEdgesAtConflict=11227
%%%mzn-stat: circuitNumber2NumberOfConflicts=82
%%%mzn-stat: circuitNumber2PropagationsThatPruned=447
%%%mzn-stat: circuitNumber2PropagationsTotal=31623
%%%mzn-stat: AverageConflictSize=20.088734232274902
%%%mzn-stat: NumUnitNogoodsLearned=0
%%%mzn-stat: AverageLearnedNogoodLength=36.178338408003476
%%%mzn-stat: AverageBacktrackAmount=0
%%%mzn-stat: AverageLbd=23.672031317964333
%%%mzn-stat: 2AutonomousSearchNumBackupCalled=18425
%%%mzn-stat: 2AutonomousSearchNumPredicatesRemoved=0
%%%mzn-stat: 2AutonomousSearchNumCalls=18442
%%%mzn-stat: 2AutonomousSearchNumPredicatesAdded=49669
%%%mzn-stat: 2AutonomousSearchAverageSizeOfHeap=7.193742544192604
%%%mzn-stat: 2AutonomousSearchNumAssignedPredicatesEncountered=132667
%%%mzn-stat-end
maxleg = 888;
succ = array1d(1..150,[11, 16, 31, 19, 2, 21, 9, 96, 18, 6, 36, 29, 27, 35, 4, 60, 38, 28, 61, 85, 93, 43, 34, 71, 82, 13, 12, 8, 47, 26, 111, 42, 10, 5, 1, 33, 44, 109, 67, 72, 40, 3, 108, 59, 101, 23, 80, 14, 46, 76, 77, 70, 86, 92, 81, 37, 48, 49, 74, 87, 45, 64, 17, 129, 7, 120, 94, 30, 55, 24, 65, 103, 112, 41, 63, 140, 124, 88, 121, 145, 106, 127, 102, 75, 62, 105, 138, 69, 139, 114, 122, 22, 136, 98, 66, 150, 126, 84, 25, 104, 57, 116, 131, 99, 32, 141, 100, 95, 97, 123, 39, 91, 83, 54, 79, 144, 68, 51, 143, 119, 52, 132, 73, 53, 110, 130, 117, 142, 90, 128, 118, 149, 135, 115, 78, 107, 148, 134, 58, 89, 50, 113, 125, 133, 146, 20, 137, 15, 56, 147]);
% time elapsed: 5.87 s
----------
%%%mzn-stat: initTime=0.018643421
%%%mzn-stat: objective=880
%%%mzn-stat: nodes=52287
%%%mzn-stat: restarts=0
%%%mzn-stat: peakDepth=1233
%%%mzn-stat: solveTime=2.946969691
%%%mzn-stat: variables=2652
%%%mzn-stat: propagators=1761
%%%mzn-stat: failures=2353
%%%mzn-stat: propagations=333473
%%%mzn-stat: nogoods=2353
%%%mzn-stat: numAtomicConstraintsPropagated=0
%%%mzn-stat: allDifferentNumber1TotalHallSetSize=25751
%%%mzn-stat: allDifferentNumber1NumberOfConflicts=2023
%%%mzn-stat: allDifferentNumber1MaxHallSetSize=146
%%%mzn-stat: allDifferentNumber1PropagationsTotal=37448
%%%mzn-stat: allDifferentNumber1PropagationsThatFoundConflict=2023
%%%mzn-stat: circuitNumber2PropagationsThatFoundConflict=83
%%%mzn-stat: circuitNumber2TotalFixedEdgesAtConflict=11373
%%%mzn-stat: circuitNumber2NumberOfConflicts=83
%%%mzn-stat: circuitNumber2PropagationsThatPruned=459
%%%mzn-stat: circuitNumber2PropagationsTotal=32459
%%%mzn-stat: AverageConflictSize=20.32001699957501
%%%mzn-stat: NumUnitNogoodsLearned=0
%%%mzn-stat: AverageLearnedNogoodLength=36.10029749256269
%%%mzn-stat: AverageBacktrackAmount=0
%%%mzn-stat: AverageLbd=23.5401614959626
%%%mzn-stat: 2AutonomousSearchNumBackupCalled=19439
%%%mzn-stat: 2AutonomousSearchNumPredicatesRemoved=0
%%%mzn-stat: 2AutonomousSearchNumCalls=19457
%%%mzn-stat: 2AutonomousSearchNumPredicatesAdded=51345
%%%mzn-stat: 2AutonomousSearchAverageSizeOfHeap=7.331705812818009
%%%mzn-stat: 2AutonomousSearchNumAssignedPredicatesEncountered=142653
%%%mzn-stat-end
maxleg = 880;
succ = array1d(1..150,[11, 16, 31, 19, 2, 21, 9, 96, 18, 6, 36, 29, 27, 35, 4, 60, 38, 28, 61, 85, 93, 43, 139, 71, 82, 13, 12, 8, 34, 26, 111, 42, 10, 5, 1, 33, 44, 109, 67, 72, 40, 3, 108, 59, 101, 23, 68, 14, 46, 76, 77, 70, 86, 92, 81, 37, 48, 138, 74, 87, 45, 64, 17, 129, 7, 120, 94, 30, 55, 24, 65, 103, 112, 41, 47, 140, 124, 88, 121, 145, 106, 127, 102, 63, 62, 105, 133, 69, 49, 150, 122, 22, 136, 98, 66, 91, 126, 84, 25, 104, 57, 116, 131, 99, 148, 141, 100, 95, 97, 123, 39, 20, 83, 54, 79, 144, 32, 51, 143, 119, 52, 114, 73, 53, 110, 130, 117, 142, 90, 128, 118, 149, 135, 115, 78, 107, 132, 134, 58, 89, 50, 113, 125, 80, 146, 137, 56, 15, 75, 147]);
% time elapsed: 5.95 s
----------
%%%mzn-stat: initTime=0.018643421
%%%mzn-stat: objective=868
%%%mzn-stat: nodes=53676
%%%mzn-stat: restarts=0
%%%mzn-stat: peakDepth=1233
%%%mzn-stat: solveTime=2.978826796
%%%mzn-stat: variables=2652
%%%mzn-stat: propagators=1761
%%%mzn-stat: failures=2375
%%%mzn-stat: propagations=339920
%%%mzn-stat: nogoods=2375
%%%mzn-stat: numAtomicConstraintsPropagated=0
%%%mzn-stat: allDifferentNumber1TotalHallSetSize=26238
%%%mzn-stat: allDifferentNumber1NumberOfConflicts=2045
%%%mzn-stat: allDifferentNumber1MaxHallSetSize=146
%%%mzn-stat: allDifferentNumber1PropagationsTotal=37876
%%%mzn-stat: allDifferentNumber1PropagationsThatFoundConflict=2045
%%%mzn-stat: circuitNumber2PropagationsThatFoundConflict=83
%%%mzn-stat: circuitNumber2TotalFixedEdgesAtConflict=11373
%%%mzn-stat: circuitNumber2NumberOfConflicts=83
%%%mzn-stat: circuitNumber2PropagationsThatPruned=465
%%%mzn-stat: circuitNumber2PropagationsTotal=32826
%%%mzn-stat: AverageConflictSize=20.480842105263157
%%%mzn-stat: NumUnitNogoodsLearned=0
%%%mzn-stat: AverageLearnedNogoodLength=36.101894736842105
%%%mzn-stat: AverageBacktrackAmount=0
%%%mzn-stat: AverageLbd=23.51157894736842
%%%mzn-stat: 2AutonomousSearchNumBackupCalled=20453
%%%mzn-stat: 2AutonomousSearchNumPredicatesRemoved=0
%%%mzn-stat: 2AutonomousSearchNumCalls=20472
%%%mzn-stat: 2AutonomousSearchNumPredicatesAdded=51878
%%%mzn-stat: 2AutonomousSearchAverageSizeOfHeap=7.456086361860102
%%%mzn-stat: 2AutonomousSearchNumAssignedPredicatesEncountered=152641
%%%mzn-stat-end
maxleg = 868;
succ = array1d(1..150,[11, 16, 31, 19, 2, 21, 9, 96, 18, 6, 36, 29, 27, 35, 4, 60, 38, 28, 61, 85, 93, 43, 139, 71, 82, 13, 12, 8, 34, 26, 111, 42, 10, 5, 1, 33, 44, 109, 67, 72, 40, 3, 108, 59, 101, 23, 68, 14, 46, 76, 77, 70, 86, 92, 81, 37, 48, 138, 74, 87, 45, 64, 17, 129, 7, 120, 94, 30, 55, 24, 65, 142, 52, 41, 47, 140, 124, 20, 121, 53, 106, 127, 102, 63, 62, 105, 133, 69, 49, 114, 122, 22, 136, 98, 66, 150, 103, 84, 25, 104, 112, 116, 131, 99, 148, 141, 100, 95, 145, 123, 39, 91, 83, 54, 79, 144, 32, 88, 143, 119, 130, 58, 73, 56, 110, 97, 117, 51, 90, 128, 118, 149, 135, 57, 78, 107, 132, 126, 134, 89, 50, 113, 125, 80, 146, 137, 115, 15, 75, 147]);
% time elapsed: 5.98 s
----------
%%%mzn-stat: initTime=0.018643421
%%%mzn-stat: objective=861
%%%mzn-stat: nodes=54975
%%%mzn-stat: restarts=0
%%%mzn-stat: peakDepth=1233
%%%mzn-stat: solveTime=3.013860066
%%%mzn-stat: variables=2652
%%%mzn-stat: propagators=1761
%%%mzn-stat: failures=2402
%%%mzn-stat: propagations=345489
%%%mzn-stat: nogoods=2402
%%%mzn-stat: numAtomicConstraintsPropagated=0
%%%mzn-stat: allDifferentNumber1TotalHallSetSize=27458
%%%mzn-stat: allDifferentNumber1NumberOfConflicts=2072
%%%mzn-stat: allDifferentNumber1MaxHallSetSize=146
%%%mzn-stat: allDifferentNumber1PropagationsTotal=38240
%%%mzn-stat: allDifferentNumber1PropagationsThatFoundConflict=2072
%%%mzn-stat: circuitNumber2PropagationsThatFoundConflict=83
%%%mzn-stat: circuitNumber2TotalFixedEdgesAtConflict=11373
%%%mzn-stat: circuitNumber2NumberOfConflicts=83
%%%mzn-stat: circuitNumber2PropagationsThatPruned=476
%%%mzn-stat: circuitNumber2PropagationsTotal=33126
%%%mzn-stat: AverageConflictSize=21.001248959200666
%%%mzn-stat: NumUnitNogoodsLearned=0
%%%mzn-stat: AverageLearnedNogoodLength=36.41631973355537
%%%mzn-stat: AverageBacktrackAmount=0
%%%mzn-stat: AverageLbd=23.5736885928393
%%%mzn-stat: 2AutonomousSearchNumBackupCalled=21450
%%%mzn-stat: 2AutonomousSearchNumPredicatesRemoved=0
%%%mzn-stat: 2AutonomousSearchNumCalls=21470
%%%mzn-stat: 2AutonomousSearchNumPredicatesAdded=52846
%%%mzn-stat: 2AutonomousSearchAverageSizeOfHeap=7.5807638565440145
%%%mzn-stat: 2AutonomousSearchNumAssignedPredicatesEncountered=162759
%%%mzn-stat-end
maxleg = 861;
succ = array1d(1..150,[11, 16, 31, 19, 2, 21, 9, 96, 18, 6, 36, 29, 27, 35, 4, 60, 38, 28, 61, 85, 93, 43, 139, 71, 82, 13, 12, 8, 34, 26, 111, 42, 10, 5, 1, 33, 44, 109, 67, 72, 40, 3, 108, 59, 101, 23, 68, 14, 46, 76, 77, 70, 129, 92, 81, 37, 48, 138, 74, 87, 45, 64, 17, 58, 7, 120, 94, 30, 55, 24, 65, 142, 52, 41, 47, 140, 124, 20, 121, 53, 106, 127, 102, 63, 62, 105, 133, 69, 49, 114, 122, 22, 136, 98, 66, 150, 103, 84, 25, 104, 112, 116, 131, 99, 148, 141, 100, 95, 145, 123, 39, 143, 83, 54, 79, 144, 32, 88, 91, 119, 130, 78, 73, 56, 110, 97, 117, 51, 90, 128, 118, 149, 135, 57, 86, 107, 132, 126, 134, 89, 50, 113, 125, 80, 146, 137, 115, 15, 75, 147]);
% time elapsed: 6.02 s
----------
%%%mzn-stat: initTime=0.018643421
%%%mzn-stat: objective=847
%%%mzn-stat: nodes=57259
%%%mzn-stat: restarts=0
%%%mzn-stat: peakDepth=1233
%%%mzn-stat: solveTime=3.132783495
%%%mzn-stat: variables=2652
%%%mzn-stat: propagators=1761
%%%mzn-stat: failures=2503
%%%mzn-stat: propagations=362321
%%%mzn-stat: nogoods=2503
%%%mzn-stat: numAtomicConstraintsPropagated=0
%%%mzn-stat: allDifferentNumber1TotalHallSetSize=29166
%%%mzn-stat: allDifferentNumber1NumberOfConflicts=2160
%%%mzn-stat: allDifferentNumber1MaxHallSetSize=146
%%%mzn-stat: allDifferentNumber1PropagationsTotal=39773
%%%mzn-stat: allDifferentNumber1PropagationsThatFoundConflict=2160
%%%mzn-stat: circuitNumber2PropagationsThatFoundConflict=88
%%%mzn-stat: circuitNumber2TotalFixedEdgesAtConflict=12019
%%%mzn-stat: circuitNumber2NumberOfConflicts=88
%%%mzn-stat: circuitNumber2PropagationsThatPruned=494
%%%mzn-stat: circuitNumber2PropagationsTotal=34400
%%%mzn-stat: AverageConflictSize=21.3775469436676
%%%mzn-stat: NumUnitNogoodsLearned=0
%%%mzn-stat: AverageLearnedNogoodLength=36.562125449460645
%%%mzn-stat: AverageBacktrackAmount=0
%%%mzn-stat: AverageLbd=23.417099480623254
%%%mzn-stat: 2AutonomousSearchNumBackupCalled=22447
%%%mzn-stat: 2AutonomousSearchNumPredicatesRemoved=0
%%%mzn-stat: 2AutonomousSearchNumCalls=22468
%%%mzn-stat: 2AutonomousSearchNumPredicatesAdded=55955
%%%mzn-stat: 2AutonomousSearchAverageSizeOfHeap=7.703177852946412
%%%mzn-stat: 2AutonomousSearchNumAssignedPredicatesEncountered=173075
%%%mzn-stat-end
maxleg = 847;
succ = array1d(1..150,[11, 16, 31, 19, 2, 21, 9, 96, 18, 6, 36, 29, 27, 35, 4, 60, 46, 28, 61, 85, 93, 43, 38, 71, 82, 13, 12, 8, 34, 26, 111, 42, 10, 5, 1, 33, 44, 109, 67, 72, 40, 3, 108, 59, 101, 23, 68, 14, 103, 76, 77, 70, 129, 92, 81, 37, 48, 138, 74, 87, 45, 64, 17, 58, 7, 120, 94, 30, 55, 24, 98, 142, 52, 41, 118, 140, 124, 88, 121, 145, 106, 127, 102, 53, 62, 99, 133, 69, 139, 114, 122, 22, 136, 63, 66, 150, 126, 84, 25, 104, 112, 116, 131, 47, 149, 105, 100, 95, 97, 123, 65, 143, 83, 54, 79, 144, 32, 49, 91, 119, 39, 132, 73, 56, 110, 130, 117, 51, 90, 128, 141, 78, 135, 115, 86, 107, 148, 57, 134, 89, 50, 113, 125, 80, 146, 20, 137, 15, 75, 147]);
% time elapsed: 6.14 s
----------
%%%mzn-stat: initTime=0.018643421
%%%mzn-stat: objective=822
%%%mzn-stat: nodes=58685
%%%mzn-stat: restarts=0
%%%mzn-stat: peakDepth=1233
%%%mzn-stat: solveTime=3.18718894
%%%mzn-stat: variables=2652
%%%mzn-stat: propagators=1761
%%%mzn-stat: failures=2574
%%%mzn-stat: propagations=370850
%%%mzn-stat: nogoods=2574
%%%mzn-stat: numAtomicConstraintsPropagated=0
%%%mzn-stat: allDifferentNumber1TotalHallSetSize=30673
%%%mzn-stat: allDifferentNumber1NumberOfConflicts=2220
%%%mzn-stat: allDifferentNumber1MaxHallSetSize=146
%%%mzn-stat: allDifferentNumber1PropagationsTotal=40337
%%%mzn-stat: allDifferentNumber1PropagationsThatFoundConflict=2220
%%%mzn-stat: circuitNumber2PropagationsThatFoundConflict=89
%%%mzn-stat: circuitNumber2TotalFixedEdgesAtConflict=12159
%%%mzn-stat: circuitNumber2NumberOfConflicts=89
%%%mzn-stat: circuitNumber2PropagationsThatPruned=502
%%%mzn-stat: circuitNumber2PropagationsTotal=34816
%%%mzn-stat: AverageConflictSize=21.75874125874126
%%%mzn-stat: NumUnitNogoodsLearned=0
%%%mzn-stat: AverageLearnedNogoodLength=36.85120435120435
%%%mzn-stat: AverageBacktrackAmount=0
%%%mzn-stat: AverageLbd=23.4013209013209
%%%mzn-stat: 2AutonomousSearchNumBackupCalled=23439
%%%mzn-stat: 2AutonomousSearchNumPredicatesRemoved=0
%%%mzn-stat: 2AutonomousSearchNumCalls=23461
%%%mzn-stat: 2AutonomousSearchNumPredicatesAdded=59513
%%%mzn-stat: 2AutonomousSearchAverageSizeOfHeap=7.817697455351435
%%%mzn-stat: 2AutonomousSearchNumAssignedPredicatesEncountered=183411
%%%mzn-stat-end
maxleg = 822;
succ = array1d(1..150,[11, 16, 31, 19, 2, 21, 9, 96, 18, 6, 36, 29, 27, 40, 4, 60, 46, 28, 61, 85, 93, 43, 38, 71, 82, 13, 12, 8, 34, 26, 111, 42, 10, 5, 1, 33, 44, 109, 67, 72, 68, 3, 108, 35, 101, 23, 143, 14, 103, 76, 77, 70, 129, 92, 81, 37, 48, 138, 74, 87, 45, 64, 17, 58, 7, 120, 94, 30, 55, 24, 98, 142, 52, 41, 105, 140, 124, 20, 121, 145, 106, 127, 102, 114, 62, 47, 133, 69, 49, 150, 122, 22, 136, 63, 66, 139, 126, 84, 25, 104, 112, 116, 131, 99, 148, 141, 100, 95, 97, 123, 65, 91, 83, 54, 79, 144, 32, 88, 149, 119, 39, 78, 73, 56, 110, 130, 117, 51, 90, 128, 118, 53, 135, 89, 86, 107, 132, 57, 134, 59, 50, 113, 125, 80, 146, 137, 115, 15, 75, 147]);
% time elapsed: 6.20 s
----------
%%%mzn-stat: initTime=0.018643421
%%%mzn-stat: objective=818
%%%mzn-stat: nodes=61052
%%%mzn-stat: restarts=0
%%%mzn-stat: peakDepth=1233
%%%mzn-stat: solveTime=3.592709643
%%%mzn-stat: variables=2652
%%%mzn-stat: propagators=1761
%%%mzn-stat: failures=3162
%%%mzn-stat: propagations=409261
%%%mzn-stat: nogoods=3162
%%%mzn-stat: numAtomicConstraintsPropagated=0
%%%mzn-stat: allDifferentNumber1TotalHallSetSize=37931
%%%mzn-stat: allDifferentNumber1NumberOfConflicts=2672
%%%mzn-stat: allDifferentNumber1MaxHallSetSize=146
%%%mzn-stat: allDifferentNumber1PropagationsTotal=42542
%%%mzn-stat: allDifferentNumber1PropagationsThatFoundConflict=2672
%%%mzn-stat: circuitNumber2PropagationsThatFoundConflict=115
%%%mzn-stat: circuitNumber2TotalFixedEdgesAtConflict=15606
%%%mzn-stat: circuitNumber2NumberOfConflicts=115
%%%mzn-stat: circuitNumber2PropagationsThatPruned=572
%%%mzn-stat: circuitNumber2PropagationsTotal=36242
%%%mzn-stat: AverageConflictSize=23.378241619228337
%%%mzn-stat: NumUnitNogoodsLearned=0
%%%mzn-stat: AverageLearnedNogoodLength=42.34092346616066
%%%mzn-stat: AverageBacktrackAmount=0
%%%mzn-stat: AverageLbd=25.049652118912082
%%%mzn-stat: 2AutonomousSearchNumBackupCalled=24381
%%%mzn-stat: 2AutonomousSearchNumPredicatesRemoved=0
%%%mzn-stat: 2AutonomousSearchNumCalls=24404
%%%mzn-stat: 2AutonomousSearchNumPredicatesAdded=65347
%%%mzn-stat: 2AutonomousSearchAverageSizeOfHeap=7.989346008851008
%%%mzn-stat: 2AutonomousSearchNumAssignedPredicatesEncountered=194972
%%%mzn-stat-end
maxleg = 818;
succ = array1d(1..150,[11, 16, 31, 19, 2, 21, 9, 96, 18, 6, 36, 29, 27, 40, 4, 60, 46, 28, 61, 85, 93, 43, 38, 71, 82, 13, 12, 8, 34, 26, 111, 42, 10, 5, 1, 33, 44, 109, 67, 72, 68, 3, 108, 35, 101, 23, 143, 14, 103, 76, 77, 70, 129, 92, 81, 37, 48, 138, 74, 87, 45, 64, 17, 58, 106, 123, 7, 30, 55, 119, 98, 142, 52, 41, 118, 140, 127, 88, 121, 53, 91, 65, 102, 63, 62, 105, 133, 69, 124, 150, 99, 22, 136, 79, 66, 139, 126, 84, 25, 104, 112, 116, 131, 47, 148, 141, 100, 95, 97, 122, 94, 20, 83, 54, 125, 144, 32, 89, 24, 145, 39, 78, 73, 56, 110, 130, 117, 51, 90, 128, 120, 149, 135, 115, 86, 107, 132, 57, 134, 59, 50, 113, 49, 80, 146, 114, 137, 15, 75, 147]);
% time elapsed: 6.61 s
----------
%%%mzn-stat: initTime=0.018643421
%%%mzn-stat: objective=814
%%%mzn-stat: nodes=62229
%%%mzn-stat: restarts=0
%%%mzn-stat: peakDepth=1233
%%%mzn-stat: solveTime=3.6423034100000002
%%%mzn-stat: variables=2652
%%%mzn-stat: propagators=1761
%%%mzn-stat: failures=3219
%%%mzn-stat: propagations=415729
%%%mzn-stat: nogoods=3219
%%%mzn-stat: numAtomicConstraintsPropagated=0
%%%mzn-stat: allDifferentNumber1TotalHallSetSize=38469
%%%mzn-stat: allDifferentNumber1NumberOfConflicts=2705
%%%mzn-stat: allDifferentNumber1MaxHallSetSize=146
%%%mzn-stat: allDifferentNumber1PropagationsTotal=42806
%%%mzn-stat: allDifferentNumber1PropagationsThatFoundConflict=2705
%%%mzn-stat: circuitNumber2PropagationsThatFoundConflict=118
%%%mzn-stat: circuitNumber2TotalFixedEdgesAtConflict=16014
%%%mzn-stat: circuitNumber2NumberOfConflicts=118
%%%mzn-stat: circuitNumber2PropagationsThatPruned=578
%%%mzn-stat: circuitNumber2PropagationsTotal=36436
%%%mzn-stat: AverageConflictSize=23.535880708294503
%%%mzn-stat: NumUnitNogoodsLearned=0
%%%mzn-stat: AverageLearnedNogoodLength=42.90214352283318
%%%mzn-stat: AverageBacktrackAmount=0
%%%mzn-stat: AverageLbd=25.221186703945325
%%%mzn-stat: 2AutonomousSearchNumBackupCalled=25355
%%%mzn-stat: 2AutonomousSearchNumPredicatesRemoved=0
%%%mzn-stat: 2AutonomousSearchNumCalls=25379
%%%mzn-stat: 2AutonomousSearchNumPredicatesAdded=68958
%%%mzn-stat: 2AutonomousSearchAverageSizeOfHeap=8.14062807833248
%%%mzn-stat: 2AutonomousSearchNumAssignedPredicatesEncountered=206601
%%%mzn-stat-end
maxleg = 814;
succ = array1d(1..150,[11, 16, 31, 19, 2, 21, 9, 96, 18, 6, 36, 29, 27, 40, 4, 60, 46, 28, 61, 85, 93, 43, 38, 71, 82, 13, 12, 8, 34, 26, 111, 42, 10, 5, 1, 33, 44, 109, 67, 72, 68, 3, 108, 35, 101, 23, 143, 14, 103, 76, 77, 70, 129, 92, 81, 37, 48, 138, 74, 87, 45, 64, 17, 58, 106, 123, 7, 30, 55, 119, 98, 142, 52, 41, 118, 140, 127, 88, 121, 124, 91, 65, 102, 63, 62, 105, 133, 69, 139, 114, 99, 22, 136, 79, 66, 150, 126, 84, 25, 104, 112, 116, 131, 47, 148, 141, 100, 95, 97, 122, 94, 20, 83, 54, 125, 144, 32, 89, 24, 145, 39, 78, 73, 53, 110, 130, 117, 51, 90, 128, 120, 149, 135, 115, 86, 107, 132, 57, 134, 59, 50, 113, 49, 80, 146, 137, 56, 15, 75, 147]);
% time elapsed: 6.66 s
----------
%%%mzn-stat: initTime=0.018643421
%%%mzn-stat: objective=813
%%%mzn-stat: nodes=63376
%%%mzn-stat: restarts=0
%%%mzn-stat: peakDepth=1233
%%%mzn-stat: solveTime=3.673588857
%%%mzn-stat: variables=2652
%%%mzn-stat: propagators=1761
%%%mzn-stat: failures=3249
%%%mzn-stat: propagations=420088
%%%mzn-stat: nogoods=3249
%%%mzn-stat: numAtomicConstraintsPropagated=0
%%%mzn-stat: allDifferentNumber1TotalHallSetSize=39819
%%%mzn-stat: allDifferentNumber1NumberOfConflicts=2732
%%%mzn-stat: allDifferentNumber1MaxHallSetSize=146
%%%mzn-stat: allDifferentNumber1PropagationsTotal=43047
%%%mzn-stat: allDifferentNumber1PropagationsThatFoundConflict=2732
%%%mzn-stat: circuitNumber2PropagationsThatFoundConflict=118
%%%mzn-stat: circuitNumber2TotalFixedEdgesAtConflict=16014
%%%mzn-stat: circuitNumber2NumberOfConflicts=118
%%%mzn-stat: circuitNumber2PropagationsThatPruned=584
%%%mzn-stat: circuitNumber2PropagationsTotal=36623
%%%mzn-stat: AverageConflictSize=24.066789781471222
%%%mzn-stat: NumUnitNogoodsLearned=0
%%%mzn-stat: AverageLearnedNogoodLength=43.2486919052016
%%%mzn-stat: AverageBacktrackAmount=0
%%%mzn-stat: AverageLbd=25.26992920898738
%%%mzn-stat: 2AutonomousSearchNumBackupCalled=26311
%%%mzn-stat: 2AutonomousSearchNumPredicatesRemoved=0
%%%mzn-stat: 2AutonomousSearchNumCalls=26336
%%%mzn-stat: 2AutonomousSearchNumPredicatesAdded=70303
%%%mzn-stat: 2AutonomousSearchAverageSizeOfHeap=8.290704738760631
%%%mzn-stat: 2AutonomousSearchNumAssignedPredicatesEncountered=218344
%%%mzn-stat-end
maxleg = 813;
succ = array1d(1..150,[11, 16, 31, 19, 2, 21, 9, 96, 18, 6, 36, 29, 27, 40, 4, 60, 46, 28, 61, 85, 93, 43, 38, 71, 82, 13, 12, 8, 34, 26, 111, 42, 10, 5, 1, 33, 44, 109, 100, 72, 68, 3, 108, 35, 67, 23, 143, 14, 103, 76, 77, 70, 129, 92, 81, 37, 48, 138, 74, 87, 45, 64, 17, 58, 123, 120, 7, 30, 55, 114, 98, 142, 52, 41, 118, 140, 127, 88, 121, 145, 106, 65, 102, 63, 62, 105, 133, 69, 124, 150, 99, 22, 136, 79, 15, 139, 126, 84, 25, 104, 112, 116, 131, 47, 148, 66, 53, 95, 97, 122, 94, 20, 83, 54, 125, 144, 32, 89, 91, 101, 39, 78, 73, 24, 110, 130, 117, 51, 90, 128, 141, 149, 135, 115, 86, 119, 132, 57, 134, 59, 50, 113, 49, 80, 146, 137, 56, 107, 75, 147]);
% time elapsed: 6.69 s
----------
%%%mzn-stat: initTime=0.018643421
%%%mzn-stat: objective=811
%%%mzn-stat: nodes=65089
%%%mzn-stat: restarts=0
%%%mzn-stat: peakDepth=1233
%%%mzn-stat: solveTime=3.748294474
%%%mzn-stat: variables=2652
%%%mzn-stat: propagators=1761
%%%mzn-stat: failures=3318
%%%mzn-stat: propagations=432544
%%%mzn-stat: nogoods=3318
%%%mzn-stat: numAtomicConstraintsPropagated=0
%%%mzn-stat: allDifferentNumber1TotalHallSetSize=41359
%%%mzn-stat: allDifferentNumber1NumberOfConflicts=2792
%%%mzn-stat: allDifferentNumber1MaxHallSetSize=146
%%%mzn-stat: allDifferentNumber1PropagationsTotal=43914
%%%mzn-stat: allDifferentNumber1PropagationsThatFoundConflict=2792
%%%mzn-stat: circuitNumber2PropagationsThatFoundConflict=121
%%%mzn-stat: circuitNumber2TotalFixedEdgesAtConflict=16427
%%%mzn-stat: circuitNumber2NumberOfConflicts=121
%%%mzn-stat: circuitNumber2PropagationsThatPruned=599
%%%mzn-stat: circuitNumber2PropagationsTotal=37345
%%%mzn-stat: AverageConflictSize=24.425858951175407
%%%mzn-stat: NumUnitNogoodsLearned=0
%%%mzn-stat: AverageLearnedNogoodLength=43.32338758288125
%%%mzn-stat: AverageBacktrackAmount=0
%%%mzn-stat: AverageLbd=25.160638939119952
%%%mzn-stat: 2AutonomousSearchNumBackupCalled=27281
%%%mzn-stat: 2AutonomousSearchNumPredicatesRemoved=0
%%%mzn-stat: 2AutonomousSearchNumCalls=27307
%%%mzn-stat: 2AutonomousSearchNumPredicatesAdded=73434
%%%mzn-stat: 2AutonomousSearchAverageSizeOfHeap=8.42688687882228
%%%mzn-stat: 2AutonomousSearchNumAssignedPredicatesEncountered=230113
%%%mzn-stat-end
maxleg = 811;
succ = array1d(1..150,[11, 16, 31, 19, 2, 21, 9, 96, 18, 6, 36, 29, 27, 40, 4, 60, 46, 28, 61, 85, 93, 43, 38, 71, 82, 13, 12, 8, 47, 26, 111, 42, 10, 5, 1, 33, 34, 109, 100, 72, 68, 3, 44, 35, 67, 23, 143, 14, 103, 76, 77, 70, 129, 92, 81, 37, 108, 138, 74, 87, 45, 64, 17, 58, 7, 120, 94, 30, 55, 24, 98, 125, 112, 41, 118, 140, 127, 88, 121, 145, 106, 65, 102, 75, 62, 105, 133, 69, 124, 150, 122, 22, 136, 63, 66, 139, 126, 84, 25, 104, 57, 116, 131, 99, 148, 141, 53, 95, 97, 123, 39, 101, 83, 54, 79, 144, 32, 89, 91, 119, 52, 78, 73, 149, 110, 130, 117, 51, 90, 128, 142, 20, 135, 115, 86, 107, 132, 134, 48, 59, 50, 113, 49, 80, 146, 114, 137, 15, 56, 147]);
% time elapsed: 6.77 s
----------
%%%mzn-stat: initTime=0.018643421
%%%mzn-stat: objective=810
%%%mzn-stat: nodes=66308
%%%mzn-stat: restarts=0
%%%mzn-stat: peakDepth=1233
%%%mzn-stat: solveTime=3.790536089
%%%mzn-stat: variables=2652
%%%mzn-stat: propagators=1761
%%%mzn-stat: failures=3375
%%%mzn-stat: propagations=441212
%%%mzn-stat: nogoods=3375
%%%mzn-stat: numAtomicConstraintsPropagated=0
%%%mzn-stat: allDifferentNumber1TotalHallSetSize=41638
%%%mzn-stat: allDifferentNumber1NumberOfConflicts=2834
%%%mzn-stat: allDifferentNumber1MaxHallSetSize=146
%%%mzn-stat: allDifferentNumber1PropagationsTotal=44291
%%%mzn-stat: allDifferentNumber1PropagationsThatFoundConflict=2834
%%%mzn-stat: circuitNumber2PropagationsThatFoundConflict=124
%%%mzn-stat: circuitNumber2TotalFixedEdgesAtConflict=16860
%%%mzn-stat: circuitNumber2NumberOfConflicts=124
%%%mzn-stat: circuitNumber2PropagationsThatPruned=636
%%%mzn-stat: circuitNumber2PropagationsTotal=37644
%%%mzn-stat: AverageConflictSize=24.244444444444444
%%%mzn-stat: NumUnitNogoodsLearned=0
%%%mzn-stat: AverageLearnedNogoodLength=43.239703703703704
%%%mzn-stat: AverageBacktrackAmount=0
%%%mzn-stat: AverageLbd=25.081777777777777
%%%mzn-stat: 2AutonomousSearchNumBackupCalled=28226
%%%mzn-stat: 2AutonomousSearchNumPredicatesRemoved=0
%%%mzn-stat: 2AutonomousSearchNumCalls=28253
%%%mzn-stat: 2AutonomousSearchNumPredicatesAdded=76798
%%%mzn-stat: 2AutonomousSearchAverageSizeOfHeap=8.564329451739638
%%%mzn-stat: 2AutonomousSearchNumAssignedPredicatesEncountered=241968
%%%mzn-stat-end
maxleg = 810;
succ = array1d(1..150,[11, 16, 31, 19, 2, 21, 9, 96, 18, 6, 36, 29, 27, 40, 4, 60, 46, 28, 61, 85, 93, 43, 38, 71, 82, 13, 12, 8, 47, 26, 111, 42, 10, 5, 1, 33, 34, 109, 100, 72, 68, 3, 44, 35, 67, 23, 143, 14, 103, 76, 77, 70, 129, 92, 81, 37, 108, 138, 74, 87, 45, 64, 17, 150, 7, 120, 94, 30, 55, 24, 101, 142, 112, 41, 118, 140, 127, 88, 121, 124, 106, 65, 102, 63, 62, 105, 133, 69, 49, 114, 122, 22, 136, 98, 15, 139, 126, 84, 25, 104, 57, 116, 131, 99, 148, 66, 53, 95, 97, 123, 39, 91, 83, 54, 79, 144, 32, 89, 50, 145, 52, 78, 73, 149, 110, 130, 117, 51, 90, 128, 141, 20, 135, 115, 86, 119, 132, 134, 48, 59, 146, 113, 125, 80, 58, 137, 56, 107, 75, 147]);
% time elapsed: 6.82 s
----------
==========
% time elapsed: 6.82 s
%%%mzn-stat: initTime=0.018643421
%%%mzn-stat: objective=810
%%%mzn-stat: nodes=66308
%%%mzn-stat: restarts=0
%%%mzn-stat: peakDepth=1233
%%%mzn-stat: solveTime=3.791752226
%%%mzn-stat: variables=2652
%%%mzn-stat: propagators=1761
%%%mzn-stat: failures=3376
%%%mzn-stat: propagations=441573
%%%mzn-stat: nogoods=3376
%%%mzn-stat: numAtomicConstraintsPropagated=0
%%%mzn-stat: allDifferentNumber1TotalHallSetSize=41786
%%%mzn-stat: allDifferentNumber1NumberOfConflicts=2835
%%%mzn-stat: allDifferentNumber1MaxHallSetSize=148
%%%mzn-stat: allDifferentNumber1PropagationsTotal=44292
%%%mzn-stat: allDifferentNumber1PropagationsThatFoundConflict=2835
%%%mzn-stat: circuitNumber2PropagationsThatFoundConflict=124
%%%mzn-stat: circuitNumber2TotalFixedEdgesAtConflict=16860
%%%mzn-stat: circuitNumber2NumberOfConflicts=124
%%%mzn-stat: circuitNumber2PropagationsThatPruned=636
%%%mzn-stat: circuitNumber2PropagationsTotal=37644
%%%mzn-stat: AverageConflictSize=24.24792654028436
%%%mzn-stat: NumUnitNogoodsLearned=1
%%%mzn-stat: AverageLearnedNogoodLength=43.22719194312796
%%%mzn-stat: AverageBacktrackAmount=0
%%%mzn-stat: AverageLbd=25.074644549763033
%%%mzn-stat: 2AutonomousSearchNumBackupCalled=28226
%%%mzn-stat: 2AutonomousSearchNumPredicatesRemoved=0
%%%mzn-stat: 2AutonomousSearchNumCalls=28253
%%%mzn-stat: 2AutonomousSearchNumPredicatesAdded=77669
%%%mzn-stat: 2AutonomousSearchAverageSizeOfHeap=8.564329451739638
%%%mzn-stat: 2AutonomousSearchNumAssignedPredicatesEncountered=241968
%%%mzn-stat-end
