% Logging successfully configured
%%%mzn-stat: initTime=0.073523654
%%%mzn-stat: objective=853
%%%mzn-stat: nodes=3426
%%%mzn-stat: restarts=0
%%%mzn-stat: peakDepth=3404
%%%mzn-stat: solveTime=0.165809492
%%%mzn-stat: variables=4344
%%%mzn-stat: propagators=3839
%%%mzn-stat: failures=22
%%%mzn-stat: propagations=13793
%%%mzn-stat: nogoods=22
%%%mzn-stat: numAtomicConstraintsPropagated=0
%%%mzn-stat: circuitNumber1PropagationsTotal=360
%%%mzn-stat: circuitNumber1CircuitConflicts=11
%%%mzn-stat: circuitNumber1AlldiffConflicts=0
%%%mzn-stat: circuitNumber1TotalFixedEdgesAtConflict=1617
%%%mzn-stat: circuitNumber1NumberOfConflicts=11
%%%mzn-stat: circuitNumber1GacPrunings=1868
%%%mzn-stat: circuitNumber1PropagationsThatGacPruned=186
%%%mzn-stat: circuitNumber1TotalPruningHallSetSize=2374
%%%mzn-stat: circuitNumber1NumberOfPruningExplanations=1868
%%%mzn-stat: circuitNumber1MaxPruningHallSetSize=26
%%%mzn-stat: circuitNumber1TotalSccSizeAtPruning=552
%%%mzn-stat: circuitNumber1NumberOfSccPruningCalls=186
%%%mzn-stat: circuitNumber1TotalVarsInvolvedInPruning=1830
%%%mzn-stat: circuitNumber1MaxValuesPrunedFromSingleVar=3
%%%mzn-stat: circuitNumber1HallCircuitChecks=375
%%%mzn-stat: circuitNumber1HallCircuitPrunings=17
%%%mzn-stat: circuitNumber1CircuitPreventPrunings=111
%%%mzn-stat: AverageConflictSize=137.63636363636363
%%%mzn-stat: NumUnitNogoodsLearned=0
%%%mzn-stat: AverageLearnedNogoodLength=121.45454545454545
%%%mzn-stat: AverageBacktrackAmount=0
%%%mzn-stat: AverageLbd=121.4090909090909
%%%mzn-stat: 2AutonomousSearchNumBackupCalled=3276
%%%mzn-stat: 2AutonomousSearchNumPredicatesRemoved=0
%%%mzn-stat: 2AutonomousSearchNumCalls=3277
%%%mzn-stat: 2AutonomousSearchNumPredicatesAdded=699
%%%mzn-stat: 2AutonomousSearchAverageSizeOfHeap=0.21330485199877938
%%%mzn-stat: 2AutonomousSearchNumAssignedPredicatesEncountered=699
%%%mzn-stat-end
maxleg = 853;
succ = array1d(1..150,[2, 3, 4, 12, 7, 10, 6, 15, 11, 1, 13, 14, 18, 27, 24, 5, 9, 19, 28, 8, 41, 16, 26, 35, 22, 31, 23, 53, 32, 17, 36, 33, 34, 42, 30, 45, 25, 39, 47, 44, 43, 46, 51, 54, 50, 52, 48, 49, 55, 74, 65, 68, 21, 63, 56, 59, 37, 38, 60, 66, 20, 67, 88, 83, 57, 81, 69, 79, 70, 76, 29, 40, 61, 64, 72, 58, 71, 91, 89, 77, 82, 87, 62, 94, 73, 85, 99, 93, 75, 95, 86, 78, 96, 115, 104, 100, 105, 80, 103, 102, 84, 109, 106, 128, 108, 111, 98, 92, 90, 97, 112, 120, 114, 121, 117, 125, 124, 140, 101, 127, 116, 132, 107, 126, 122, 118, 129, 133, 145, 119, 149, 134, 148, 137, 139, 123, 150, 131, 147, 144, 146, 136, 138, 110, 142, 130, 113, 135, 141, 143]);
% time elapsed: 12.29 s
----------
%%%mzn-stat: initTime=0.073523654
%%%mzn-stat: objective=406
%%%mzn-stat: nodes=39218
%%%mzn-stat: restarts=0
%%%mzn-stat: peakDepth=3404
%%%mzn-stat: solveTime=89.410266311
%%%mzn-stat: variables=4344
%%%mzn-stat: propagators=3839
%%%mzn-stat: failures=30005
%%%mzn-stat: propagations=857397
%%%mzn-stat: nogoods=30005
%%%mzn-stat: numAtomicConstraintsPropagated=0
%%%mzn-stat: circuitNumber1PropagationsTotal=139528
%%%mzn-stat: circuitNumber1CircuitConflicts=14326
%%%mzn-stat: circuitNumber1AlldiffConflicts=2344
%%%mzn-stat: circuitNumber1TotalFixedEdgesAtConflict=2263975
%%%mzn-stat: circuitNumber1NumberOfConflicts=16670
%%%mzn-stat: circuitNumber1GacPrunings=472119
%%%mzn-stat: circuitNumber1PropagationsThatGacPruned=86057
%%%mzn-stat: circuitNumber1TotalPruningHallSetSize=2210157
%%%mzn-stat: circuitNumber1NumberOfPruningExplanations=472119
%%%mzn-stat: circuitNumber1MaxPruningHallSetSize=34
%%%mzn-stat: circuitNumber1TotalSccSizeAtPruning=942969
%%%mzn-stat: circuitNumber1NumberOfSccPruningCalls=86057
%%%mzn-stat: circuitNumber1TotalVarsInvolvedInPruning=381954
%%%mzn-stat: circuitNumber1MaxValuesPrunedFromSingleVar=6
%%%mzn-stat: circuitNumber1HallCircuitChecks=183994
%%%mzn-stat: circuitNumber1HallCircuitPrunings=4770
%%%mzn-stat: circuitNumber1CircuitPreventPrunings=56975
%%%mzn-stat: AverageConflictSize=28.61673054490918
%%%mzn-stat: NumUnitNogoodsLearned=0
%%%mzn-stat: AverageLearnedNogoodLength=107.85399100149975
%%%mzn-stat: AverageBacktrackAmount=0
%%%mzn-stat: AverageLbd=71.1257790368272
%%%mzn-stat: 2AutonomousSearchNumBackupCalled=6531
%%%mzn-stat: 2AutonomousSearchNumPredicatesRemoved=0
%%%mzn-stat: 2AutonomousSearchNumCalls=6533
%%%mzn-stat: 2AutonomousSearchNumPredicatesAdded=3112
%%%mzn-stat: 2AutonomousSearchAverageSizeOfHeap=0.4832389407622838
%%%mzn-stat: 2AutonomousSearchNumAssignedPredicatesEncountered=3157
%%%mzn-stat-end
maxleg = 406;
succ = array1d(1..150,[2, 3, 4, 12, 7, 10, 6, 15, 11, 1, 13, 14, 18, 27, 24, 5, 9, 19, 28, 8, 41, 16, 26, 35, 22, 31, 23, 53, 32, 17, 36, 33, 34, 42, 30, 45, 25, 39, 47, 44, 43, 46, 51, 54, 50, 52, 48, 49, 55, 74, 65, 68, 21, 63, 56, 59, 37, 38, 60, 66, 20, 67, 88, 83, 57, 81, 69, 79, 70, 76, 29, 40, 61, 64, 72, 58, 71, 91, 89, 77, 82, 87, 62, 94, 73, 85, 99, 93, 75, 95, 86, 78, 96, 115, 104, 100, 105, 80, 103, 102, 84, 109, 106, 128, 108, 111, 98, 92, 90, 97, 112, 120, 114, 139, 117, 121, 146, 126, 101, 129, 122, 125, 107, 130, 132, 124, 144, 131, 127, 119, 138, 134, 123, 137, 110, 142, 150, 116, 147, 118, 148, 145, 136, 140, 113, 141, 135, 149, 133, 143]);
% time elapsed: 101.54 s
----------
%%%mzn-stat: initTime=0.073523654
%%%mzn-stat: objective=357
%%%mzn-stat: nodes=42577
%%%mzn-stat: restarts=0
%%%mzn-stat: peakDepth=3404
%%%mzn-stat: solveTime=89.488084805
%%%mzn-stat: variables=4344
%%%mzn-stat: propagators=3839
%%%mzn-stat: failures=30005
%%%mzn-stat: propagations=863604
%%%mzn-stat: nogoods=30005
%%%mzn-stat: numAtomicConstraintsPropagated=0
%%%mzn-stat: circuitNumber1PropagationsTotal=139790
%%%mzn-stat: circuitNumber1CircuitConflicts=14326
%%%mzn-stat: circuitNumber1AlldiffConflicts=2344
%%%mzn-stat: circuitNumber1TotalFixedEdgesAtConflict=2263975
%%%mzn-stat: circuitNumber1NumberOfConflicts=16670
%%%mzn-stat: circuitNumber1GacPrunings=473802
%%%mzn-stat: circuitNumber1PropagationsThatGacPruned=86190
%%%mzn-stat: circuitNumber1TotalPruningHallSetSize=2212357
%%%mzn-stat: circuitNumber1NumberOfPruningExplanations=473802
%%%mzn-stat: circuitNumber1MaxPruningHallSetSize=34
%%%mzn-stat: circuitNumber1TotalSccSizeAtPruning=943278
%%%mzn-stat: circuitNumber1NumberOfSccPruningCalls=86190
%%%mzn-stat: circuitNumber1TotalVarsInvolvedInPruning=383610
%%%mzn-stat: circuitNumber1MaxValuesPrunedFromSingleVar=6
%%%mzn-stat: circuitNumber1HallCircuitChecks=184273
%%%mzn-stat: circuitNumber1HallCircuitPrunings=4774
%%%mzn-stat: circuitNumber1CircuitPreventPrunings=57031
%%%mzn-stat: AverageConflictSize=28.61673054490918
%%%mzn-stat: NumUnitNogoodsLearned=0
%%%mzn-stat: AverageLearnedNogoodLength=107.85399100149975
%%%mzn-stat: AverageBacktrackAmount=0
%%%mzn-stat: AverageLbd=71.1257790368272
%%%mzn-stat: 2AutonomousSearchNumBackupCalled=9764
%%%mzn-stat: 2AutonomousSearchNumPredicatesRemoved=0
%%%mzn-stat: 2AutonomousSearchNumCalls=9767
%%%mzn-stat: 2AutonomousSearchNumPredicatesAdded=3112
%%%mzn-stat: 2AutonomousSearchAverageSizeOfHeap=0.5748950547762876
%%%mzn-stat: 2AutonomousSearchNumAssignedPredicatesEncountered=5615
%%%mzn-stat-end
maxleg = 357;
succ = array1d(1..150,[2, 3, 4, 12, 7, 10, 6, 15, 11, 1, 13, 14, 18, 27, 24, 5, 9, 19, 28, 8, 41, 16, 26, 35, 22, 31, 23, 53, 32, 17, 36, 33, 34, 42, 30, 45, 25, 39, 47, 44, 43, 46, 51, 54, 50, 52, 48, 49, 55, 74, 65, 68, 21, 63, 56, 59, 37, 38, 60, 66, 20, 67, 88, 83, 57, 81, 69, 79, 70, 76, 29, 40, 61, 64, 72, 58, 71, 91, 89, 77, 82, 87, 62, 94, 73, 85, 99, 93, 75, 95, 86, 78, 96, 115, 104, 100, 105, 80, 103, 102, 84, 109, 106, 128, 108, 111, 98, 92, 90, 97, 112, 120, 114, 139, 117, 121, 146, 126, 101, 129, 122, 125, 107, 130, 134, 124, 144, 131, 127, 119, 138, 150, 123, 137, 110, 142, 132, 116, 147, 118, 148, 145, 136, 140, 113, 141, 135, 149, 133, 143]);
% time elapsed: 101.63 s
----------
%%%mzn-stat: initTime=0.073523654
%%%mzn-stat: objective=356
%%%mzn-stat: nodes=45976
%%%mzn-stat: restarts=0
%%%mzn-stat: peakDepth=3404
%%%mzn-stat: solveTime=89.64035279
%%%mzn-stat: variables=4344
%%%mzn-stat: propagators=3839
%%%mzn-stat: failures=30025
%%%mzn-stat: propagations=870203
%%%mzn-stat: nogoods=30025
%%%mzn-stat: numAtomicConstraintsPropagated=0
%%%mzn-stat: circuitNumber1PropagationsTotal=140146
%%%mzn-stat: circuitNumber1CircuitConflicts=14341
%%%mzn-stat: circuitNumber1AlldiffConflicts=2346
%%%mzn-stat: circuitNumber1TotalFixedEdgesAtConflict=2266318
%%%mzn-stat: circuitNumber1NumberOfConflicts=16687
%%%mzn-stat: circuitNumber1GacPrunings=475611
%%%mzn-stat: circuitNumber1PropagationsThatGacPruned=86365
%%%mzn-stat: circuitNumber1TotalPruningHallSetSize=2215254
%%%mzn-stat: circuitNumber1NumberOfPruningExplanations=475611
%%%mzn-stat: circuitNumber1MaxPruningHallSetSize=34
%%%mzn-stat: circuitNumber1TotalSccSizeAtPruning=943757
%%%mzn-stat: circuitNumber1NumberOfSccPruningCalls=86365
%%%mzn-stat: circuitNumber1TotalVarsInvolvedInPruning=385379
%%%mzn-stat: circuitNumber1MaxValuesPrunedFromSingleVar=6
%%%mzn-stat: circuitNumber1HallCircuitChecks=184836
%%%mzn-stat: circuitNumber1HallCircuitPrunings=4784
%%%mzn-stat: circuitNumber1CircuitPreventPrunings=57134
%%%mzn-stat: AverageConflictSize=28.652156536219817
%%%mzn-stat: NumUnitNogoodsLearned=0
%%%mzn-stat: AverageLearnedNogoodLength=107.8517568692756
%%%mzn-stat: AverageBacktrackAmount=0
%%%mzn-stat: AverageLbd=71.1381848459617
%%%mzn-stat: 2AutonomousSearchNumBackupCalled=13010
%%%mzn-stat: 2AutonomousSearchNumPredicatesRemoved=0
%%%mzn-stat: 2AutonomousSearchNumCalls=13014
%%%mzn-stat: 2AutonomousSearchNumPredicatesAdded=3783
%%%mzn-stat: 2AutonomousSearchAverageSizeOfHeap=0.6246350084524358
%%%mzn-stat: 2AutonomousSearchNumAssignedPredicatesEncountered=8129
%%%mzn-stat-end
maxleg = 356;
succ = array1d(1..150,[2, 3, 4, 12, 7, 10, 6, 15, 11, 1, 13, 14, 18, 27, 24, 5, 9, 19, 28, 8, 41, 16, 26, 35, 22, 31, 23, 53, 32, 17, 36, 33, 34, 42, 30, 45, 25, 39, 47, 44, 43, 46, 51, 54, 50, 52, 48, 49, 55, 74, 65, 68, 21, 63, 56, 59, 37, 38, 60, 66, 20, 67, 88, 83, 57, 81, 69, 79, 70, 76, 77, 40, 61, 64, 72, 58, 80, 91, 89, 92, 82, 87, 62, 94, 73, 85, 71, 93, 75, 95, 86, 106, 96, 99, 104, 100, 29, 107, 103, 102, 84, 109, 108, 128, 97, 111, 123, 105, 90, 127, 112, 120, 78, 121, 117, 125, 124, 140, 98, 147, 138, 132, 133, 126, 134, 118, 129, 146, 145, 115, 148, 150, 101, 137, 139, 116, 122, 143, 114, 144, 119, 136, 131, 110, 142, 130, 135, 149, 141, 113]);
% time elapsed: 101.80 s
----------
%%%mzn-stat: initTime=0.073523654
%%%mzn-stat: objective=351
%%%mzn-stat: nodes=49331
%%%mzn-stat: restarts=0
%%%mzn-stat: peakDepth=3404
%%%mzn-stat: solveTime=89.715093272
%%%mzn-stat: variables=4344
%%%mzn-stat: propagators=3839
%%%mzn-stat: failures=30025
%%%mzn-stat: propagations=876388
%%%mzn-stat: nogoods=30025
%%%mzn-stat: numAtomicConstraintsPropagated=0
%%%mzn-stat: circuitNumber1PropagationsTotal=140405
%%%mzn-stat: circuitNumber1CircuitConflicts=14341
%%%mzn-stat: circuitNumber1AlldiffConflicts=2346
%%%mzn-stat: circuitNumber1TotalFixedEdgesAtConflict=2266318
%%%mzn-stat: circuitNumber1NumberOfConflicts=16687
%%%mzn-stat: circuitNumber1GacPrunings=477282
%%%mzn-stat: circuitNumber1PropagationsThatGacPruned=86495
%%%mzn-stat: circuitNumber1TotalPruningHallSetSize=2217529
%%%mzn-stat: circuitNumber1NumberOfPruningExplanations=477282
%%%mzn-stat: circuitNumber1MaxPruningHallSetSize=34
%%%mzn-stat: circuitNumber1TotalSccSizeAtPruning=944025
%%%mzn-stat: circuitNumber1NumberOfSccPruningCalls=86495
%%%mzn-stat: circuitNumber1TotalVarsInvolvedInPruning=387024
%%%mzn-stat: circuitNumber1MaxValuesPrunedFromSingleVar=6
%%%mzn-stat: circuitNumber1HallCircuitChecks=185131
%%%mzn-stat: circuitNumber1HallCircuitPrunings=4787
%%%mzn-stat: circuitNumber1CircuitPreventPrunings=57197
%%%mzn-stat: AverageConflictSize=28.652156536219817
%%%mzn-stat: NumUnitNogoodsLearned=0
%%%mzn-stat: AverageLearnedNogoodLength=107.8517568692756
%%%mzn-stat: AverageBacktrackAmount=0
%%%mzn-stat: AverageLbd=71.1381848459617
%%%mzn-stat: 2AutonomousSearchNumBackupCalled=16240
%%%mzn-stat: 2AutonomousSearchNumPredicatesRemoved=0
%%%mzn-stat: 2AutonomousSearchNumCalls=16245
%%%mzn-stat: 2AutonomousSearchNumPredicatesAdded=3783
%%%mzn-stat: 2AutonomousSearchAverageSizeOfHeap=0.655155432440751
%%%mzn-stat: 2AutonomousSearchNumAssignedPredicatesEncountered=10643
%%%mzn-stat-end
maxleg = 351;
succ = array1d(1..150,[2, 3, 4, 12, 7, 10, 6, 15, 11, 1, 13, 14, 18, 27, 24, 5, 9, 19, 28, 8, 41, 16, 26, 35, 22, 31, 23, 53, 32, 17, 36, 33, 34, 42, 30, 45, 25, 39, 47, 44, 43, 46, 51, 54, 50, 52, 48, 49, 55, 74, 65, 68, 21, 63, 56, 59, 37, 38, 60, 66, 20, 67, 88, 83, 57, 81, 69, 79, 70, 76, 77, 40, 61, 64, 72, 58, 80, 91, 89, 92, 82, 87, 62, 94, 73, 85, 71, 93, 75, 95, 86, 106, 96, 99, 104, 100, 29, 107, 103, 102, 84, 109, 108, 128, 97, 111, 123, 105, 90, 127, 112, 120, 78, 121, 117, 125, 124, 140, 98, 147, 138, 132, 133, 126, 134, 118, 129, 146, 145, 115, 148, 150, 101, 137, 139, 143, 122, 131, 114, 144, 119, 136, 116, 110, 142, 130, 135, 149, 141, 113]);
% time elapsed: 101.89 s
----------
%%%mzn-stat: initTime=0.073523654
%%%mzn-stat: objective=349
%%%mzn-stat: nodes=52738
%%%mzn-stat: restarts=0
%%%mzn-stat: peakDepth=3406
%%%mzn-stat: solveTime=89.798719158
%%%mzn-stat: variables=4344
%%%mzn-stat: propagators=3839
%%%mzn-stat: failures=30026
%%%mzn-stat: propagations=882595
%%%mzn-stat: nogoods=30026
%%%mzn-stat: numAtomicConstraintsPropagated=0
%%%mzn-stat: circuitNumber1PropagationsTotal=140672
%%%mzn-stat: circuitNumber1CircuitConflicts=14341
%%%mzn-stat: circuitNumber1AlldiffConflicts=2346
%%%mzn-stat: circuitNumber1TotalFixedEdgesAtConflict=2266318
%%%mzn-stat: circuitNumber1NumberOfConflicts=16687
%%%mzn-stat: circuitNumber1GacPrunings=478979
%%%mzn-stat: circuitNumber1PropagationsThatGacPruned=86630
%%%mzn-stat: circuitNumber1TotalPruningHallSetSize=2219809
%%%mzn-stat: circuitNumber1NumberOfPruningExplanations=478979
%%%mzn-stat: circuitNumber1MaxPruningHallSetSize=37
%%%mzn-stat: circuitNumber1TotalSccSizeAtPruning=944406
%%%mzn-stat: circuitNumber1NumberOfSccPruningCalls=86630
%%%mzn-stat: circuitNumber1TotalVarsInvolvedInPruning=388690
%%%mzn-stat: circuitNumber1MaxValuesPrunedFromSingleVar=6
%%%mzn-stat: circuitNumber1HallCircuitChecks=185450
%%%mzn-stat: circuitNumber1HallCircuitPrunings=4792
%%%mzn-stat: circuitNumber1CircuitPreventPrunings=57262
%%%mzn-stat: AverageConflictSize=28.65130220475588
%%%mzn-stat: NumUnitNogoodsLearned=0
%%%mzn-stat: AverageLearnedNogoodLength=107.84953040698062
%%%mzn-stat: AverageBacktrackAmount=0
%%%mzn-stat: AverageLbd=71.13624858456005
%%%mzn-stat: 2AutonomousSearchNumBackupCalled=19517
%%%mzn-stat: 2AutonomousSearchNumPredicatesRemoved=0
%%%mzn-stat: 2AutonomousSearchNumCalls=19523
%%%mzn-stat: 2AutonomousSearchNumPredicatesAdded=3884
%%%mzn-stat: 2AutonomousSearchAverageSizeOfHeap=0.6750499410951186
%%%mzn-stat: 2AutonomousSearchNumAssignedPredicatesEncountered=13179
%%%mzn-stat-end
maxleg = 349;
succ = array1d(1..150,[2, 3, 4, 12, 7, 10, 6, 15, 11, 1, 13, 14, 18, 27, 24, 5, 9, 19, 28, 8, 41, 16, 26, 35, 22, 31, 23, 53, 32, 17, 36, 33, 34, 42, 30, 45, 25, 39, 47, 44, 43, 46, 51, 54, 50, 52, 48, 49, 55, 74, 65, 68, 21, 63, 56, 59, 37, 38, 60, 66, 20, 67, 88, 83, 57, 81, 69, 79, 70, 76, 77, 75, 61, 64, 89, 58, 80, 91, 97, 92, 82, 87, 62, 94, 73, 85, 71, 93, 29, 95, 86, 106, 96, 99, 104, 100, 105, 107, 103, 102, 84, 109, 108, 128, 110, 111, 123, 112, 90, 127, 119, 78, 114, 40, 117, 121, 124, 126, 98, 139, 113, 125, 136, 130, 116, 115, 144, 101, 120, 146, 138, 134, 131, 137, 72, 142, 122, 143, 147, 118, 148, 145, 150, 140, 129, 141, 135, 149, 133, 132]);
% time elapsed: 101.98 s
----------
%%%mzn-stat: initTime=0.073523654
%%%mzn-stat: objective=339
%%%mzn-stat: nodes=56044
%%%mzn-stat: restarts=0
%%%mzn-stat: peakDepth=3406
%%%mzn-stat: solveTime=89.874009514
%%%mzn-stat: variables=4344
%%%mzn-stat: propagators=3839
%%%mzn-stat: failures=30026
%%%mzn-stat: propagations=888764
%%%mzn-stat: nogoods=30026
%%%mzn-stat: numAtomicConstraintsPropagated=0
%%%mzn-stat: circuitNumber1PropagationsTotal=140934
%%%mzn-stat: circuitNumber1CircuitConflicts=14341
%%%mzn-stat: circuitNumber1AlldiffConflicts=2346
%%%mzn-stat: circuitNumber1TotalFixedEdgesAtConflict=2266318
%%%mzn-stat: circuitNumber1NumberOfConflicts=16687
%%%mzn-stat: circuitNumber1GacPrunings=480649
%%%mzn-stat: circuitNumber1PropagationsThatGacPruned=86762
%%%mzn-stat: circuitNumber1TotalPruningHallSetSize=2221898
%%%mzn-stat: circuitNumber1NumberOfPruningExplanations=480649
%%%mzn-stat: circuitNumber1MaxPruningHallSetSize=37
%%%mzn-stat: circuitNumber1TotalSccSizeAtPruning=944729
%%%mzn-stat: circuitNumber1NumberOfSccPruningCalls=86762
%%%mzn-stat: circuitNumber1TotalVarsInvolvedInPruning=390341
%%%mzn-stat: circuitNumber1MaxValuesPrunedFromSingleVar=6
%%%mzn-stat: circuitNumber1HallCircuitChecks=185756
%%%mzn-stat: circuitNumber1HallCircuitPrunings=4797
%%%mzn-stat: circuitNumber1CircuitPreventPrunings=57323
%%%mzn-stat: AverageConflictSize=28.65130220475588
%%%mzn-stat: NumUnitNogoodsLearned=0
%%%mzn-stat: AverageLearnedNogoodLength=107.84953040698062
%%%mzn-stat: AverageBacktrackAmount=0
%%%mzn-stat: AverageLbd=71.13624858456005
%%%mzn-stat: 2AutonomousSearchNumBackupCalled=22695
%%%mzn-stat: 2AutonomousSearchNumPredicatesRemoved=0
%%%mzn-stat: 2AutonomousSearchNumCalls=22702
%%%mzn-stat: 2AutonomousSearchNumPredicatesAdded=3884
%%%mzn-stat: 2AutonomousSearchAverageSizeOfHeap=0.6922297594925557
%%%mzn-stat: 2AutonomousSearchNumAssignedPredicatesEncountered=15715
%%%mzn-stat-end
maxleg = 339;
succ = array1d(1..150,[2, 3, 4, 12, 7, 10, 6, 15, 11, 1, 13, 14, 18, 27, 24, 5, 9, 19, 28, 8, 41, 16, 26, 35, 22, 31, 23, 53, 32, 17, 36, 34, 29, 42, 30, 45, 25, 39, 47, 44, 43, 46, 51, 54, 50, 52, 48, 49, 55, 74, 65, 68, 21, 63, 56, 59, 37, 38, 60, 66, 20, 67, 88, 83, 57, 81, 69, 79, 70, 76, 77, 75, 61, 64, 89, 58, 80, 91, 97, 92, 82, 87, 62, 94, 73, 85, 71, 93, 110, 95, 86, 106, 96, 99, 104, 100, 105, 107, 103, 102, 84, 109, 108, 128, 127, 111, 123, 112, 90, 33, 119, 78, 114, 40, 117, 121, 124, 126, 98, 139, 113, 125, 136, 130, 116, 115, 144, 101, 120, 146, 138, 134, 131, 137, 72, 142, 122, 143, 147, 118, 148, 145, 150, 140, 129, 141, 135, 149, 133, 132]);
% time elapsed: 102.07 s
----------
%%%mzn-stat: initTime=0.073523654
%%%mzn-stat: objective=333
%%%mzn-stat: nodes=59504
%%%mzn-stat: restarts=0
%%%mzn-stat: peakDepth=3406
%%%mzn-stat: solveTime=90.260396152
%%%mzn-stat: variables=4344
%%%mzn-stat: propagators=3839
%%%mzn-stat: failures=30118
%%%mzn-stat: propagations=898206
%%%mzn-stat: nogoods=30118
%%%mzn-stat: numAtomicConstraintsPropagated=0
%%%mzn-stat: circuitNumber1PropagationsTotal=141652
%%%mzn-stat: circuitNumber1CircuitConflicts=14428
%%%mzn-stat: circuitNumber1AlldiffConflicts=2346
%%%mzn-stat: circuitNumber1TotalFixedEdgesAtConflict=2278517
%%%mzn-stat: circuitNumber1NumberOfConflicts=16774
%%%mzn-stat: circuitNumber1GacPrunings=483445
%%%mzn-stat: circuitNumber1PropagationsThatGacPruned=87121
%%%mzn-stat: circuitNumber1TotalPruningHallSetSize=2228363
%%%mzn-stat: circuitNumber1NumberOfPruningExplanations=483445
%%%mzn-stat: circuitNumber1MaxPruningHallSetSize=37
%%%mzn-stat: circuitNumber1TotalSccSizeAtPruning=946586
%%%mzn-stat: circuitNumber1NumberOfSccPruningCalls=87121
%%%mzn-stat: circuitNumber1TotalVarsInvolvedInPruning=392929
%%%mzn-stat: circuitNumber1MaxValuesPrunedFromSingleVar=6
%%%mzn-stat: circuitNumber1HallCircuitChecks=186906
%%%mzn-stat: circuitNumber1HallCircuitPrunings=4844
%%%mzn-stat: circuitNumber1CircuitPreventPrunings=57515
%%%mzn-stat: AverageConflictSize=28.721229829337936
%%%mzn-stat: NumUnitNogoodsLearned=0
%%%mzn-stat: AverageLearnedNogoodLength=107.78302012085796
%%%mzn-stat: AverageBacktrackAmount=0
%%%mzn-stat: AverageLbd=71.12294973105784
%%%mzn-stat: 2AutonomousSearchNumBackupCalled=25913
%%%mzn-stat: 2AutonomousSearchNumPredicatesRemoved=0
%%%mzn-stat: 2AutonomousSearchNumCalls=25921
%%%mzn-stat: 2AutonomousSearchNumPredicatesAdded=5329
%%%mzn-stat: 2AutonomousSearchAverageSizeOfHeap=0.7140542417345009
%%%mzn-stat: 2AutonomousSearchNumAssignedPredicatesEncountered=18509
%%%mzn-stat-end
maxleg = 333;
succ = array1d(1..150,[2, 3, 4, 12, 7, 10, 6, 15, 11, 1, 13, 14, 18, 27, 24, 5, 9, 19, 28, 8, 41, 16, 26, 35, 22, 31, 23, 53, 32, 17, 36, 34, 29, 42, 30, 45, 25, 39, 47, 44, 43, 46, 51, 54, 50, 52, 48, 49, 55, 74, 65, 68, 21, 63, 56, 59, 37, 38, 60, 66, 20, 67, 88, 83, 57, 81, 69, 79, 70, 76, 77, 75, 61, 64, 89, 58, 80, 91, 97, 92, 82, 87, 62, 94, 73, 85, 71, 93, 110, 95, 86, 106, 96, 99, 104, 100, 105, 107, 103, 102, 84, 109, 108, 128, 140, 111, 123, 112, 90, 33, 118, 78, 114, 40, 117, 121, 124, 126, 98, 139, 122, 72, 142, 130, 116, 115, 129, 131, 145, 119, 133, 134, 148, 137, 147, 138, 125, 143, 135, 144, 146, 136, 150, 127, 120, 101, 113, 149, 141, 132]);
% time elapsed: 102.48 s
----------
%%%mzn-stat: initTime=0.073523654
%%%mzn-stat: objective=328
%%%mzn-stat: nodes=62848
%%%mzn-stat: restarts=0
%%%mzn-stat: peakDepth=3406
%%%mzn-stat: solveTime=90.387344019
%%%mzn-stat: variables=4344
%%%mzn-stat: propagators=3839
%%%mzn-stat: failures=30133
%%%mzn-stat: propagations=905016
%%%mzn-stat: nogoods=30133
%%%mzn-stat: numAtomicConstraintsPropagated=0
%%%mzn-stat: circuitNumber1PropagationsTotal=142001
%%%mzn-stat: circuitNumber1CircuitConflicts=14434
%%%mzn-stat: circuitNumber1AlldiffConflicts=2346
%%%mzn-stat: circuitNumber1TotalFixedEdgesAtConflict=2279357
%%%mzn-stat: circuitNumber1NumberOfConflicts=16780
%%%mzn-stat: circuitNumber1GacPrunings=485306
%%%mzn-stat: circuitNumber1PropagationsThatGacPruned=87300
%%%mzn-stat: circuitNumber1TotalPruningHallSetSize=2231026
%%%mzn-stat: circuitNumber1NumberOfPruningExplanations=485306
%%%mzn-stat: circuitNumber1MaxPruningHallSetSize=37
%%%mzn-stat: circuitNumber1TotalSccSizeAtPruning=947303
%%%mzn-stat: circuitNumber1NumberOfSccPruningCalls=87300
%%%mzn-stat: circuitNumber1TotalVarsInvolvedInPruning=394733
%%%mzn-stat: circuitNumber1MaxValuesPrunedFromSingleVar=6
%%%mzn-stat: circuitNumber1HallCircuitChecks=187296
%%%mzn-stat: circuitNumber1HallCircuitPrunings=4853
%%%mzn-stat: circuitNumber1CircuitPreventPrunings=57605
%%%mzn-stat: AverageConflictSize=28.736700627219328
%%%mzn-stat: NumUnitNogoodsLearned=0
%%%mzn-stat: AverageLearnedNogoodLength=107.77373643513755
%%%mzn-stat: AverageBacktrackAmount=0
%%%mzn-stat: AverageLbd=71.12059867918893
%%%mzn-stat: 2AutonomousSearchNumBackupCalled=29106
%%%mzn-stat: 2AutonomousSearchNumPredicatesRemoved=0
%%%mzn-stat: 2AutonomousSearchNumCalls=29115
%%%mzn-stat: 2AutonomousSearchNumPredicatesAdded=6384
%%%mzn-stat: 2AutonomousSearchAverageSizeOfHeap=0.7335737592306372
%%%mzn-stat: 2AutonomousSearchNumAssignedPredicatesEncountered=21358
%%%mzn-stat-end
maxleg = 328;
succ = array1d(1..150,[2, 3, 4, 12, 7, 10, 6, 15, 11, 1, 13, 14, 18, 27, 24, 5, 9, 19, 28, 8, 41, 16, 26, 35, 22, 31, 23, 53, 32, 17, 36, 34, 29, 42, 30, 45, 25, 39, 47, 44, 43, 46, 51, 54, 50, 52, 48, 49, 55, 74, 65, 68, 21, 63, 56, 59, 37, 38, 60, 66, 20, 67, 88, 83, 57, 81, 69, 79, 70, 76, 77, 75, 61, 64, 89, 58, 80, 91, 97, 92, 82, 87, 62, 94, 73, 85, 71, 93, 110, 95, 86, 106, 96, 99, 104, 100, 105, 107, 103, 102, 84, 109, 108, 128, 140, 111, 123, 112, 90, 33, 118, 78, 114, 121, 117, 125, 124, 126, 98, 139, 40, 72, 142, 130, 132, 115, 129, 131, 145, 119, 133, 134, 148, 137, 147, 138, 122, 143, 135, 144, 146, 136, 150, 127, 120, 101, 113, 149, 141, 116]);
% time elapsed: 102.62 s
----------
%%%mzn-stat: initTime=0.073523654
%%%mzn-stat: objective=325
%%%mzn-stat: nodes=66295
%%%mzn-stat: restarts=0
%%%mzn-stat: peakDepth=3406
%%%mzn-stat: solveTime=90.584611048
%%%mzn-stat: variables=4344
%%%mzn-stat: propagators=3839
%%%mzn-stat: failures=30172
%%%mzn-stat: propagations=912781
%%%mzn-stat: nogoods=30172
%%%mzn-stat: numAtomicConstraintsPropagated=0
%%%mzn-stat: circuitNumber1PropagationsTotal=142573
%%%mzn-stat: circuitNumber1CircuitConflicts=14460
%%%mzn-stat: circuitNumber1AlldiffConflicts=2346
%%%mzn-stat: circuitNumber1TotalFixedEdgesAtConflict=2282724
%%%mzn-stat: circuitNumber1NumberOfConflicts=16806
%%%mzn-stat: circuitNumber1GacPrunings=487679
%%%mzn-stat: circuitNumber1PropagationsThatGacPruned=87584
%%%mzn-stat: circuitNumber1TotalPruningHallSetSize=2235969
%%%mzn-stat: circuitNumber1NumberOfPruningExplanations=487679
%%%mzn-stat: circuitNumber1MaxPruningHallSetSize=37
%%%mzn-stat: circuitNumber1TotalSccSizeAtPruning=948540
%%%mzn-stat: circuitNumber1NumberOfSccPruningCalls=87584
%%%mzn-stat: circuitNumber1TotalVarsInvolvedInPruning=396929
%%%mzn-stat: circuitNumber1MaxValuesPrunedFromSingleVar=6
%%%mzn-stat: circuitNumber1HallCircuitChecks=188443
%%%mzn-stat: circuitNumber1HallCircuitPrunings=4879
%%%mzn-stat: circuitNumber1CircuitPreventPrunings=57767
%%%mzn-stat: AverageConflictSize=28.733826063900306
%%%mzn-stat: NumUnitNogoodsLearned=0
%%%mzn-stat: AverageLearnedNogoodLength=107.71155375845154
%%%mzn-stat: AverageBacktrackAmount=0
%%%mzn-stat: AverageLbd=71.08935436828848
%%%mzn-stat: 2AutonomousSearchNumBackupCalled=32322
%%%mzn-stat: 2AutonomousSearchNumPredicatesRemoved=0
%%%mzn-stat: 2AutonomousSearchNumCalls=32332
%%%mzn-stat: 2AutonomousSearchNumPredicatesAdded=7498
%%%mzn-stat: 2AutonomousSearchAverageSizeOfHeap=0.7523196832859087
%%%mzn-stat: 2AutonomousSearchNumAssignedPredicatesEncountered=24324
%%%mzn-stat-end
maxleg = 325;
succ = array1d(1..150,[2, 10, 4, 12, 7, 23, 6, 15, 11, 14, 13, 26, 18, 3, 24, 5, 9, 19, 28, 8, 41, 1, 27, 35, 16, 31, 34, 53, 32, 17, 36, 22, 29, 33, 30, 45, 25, 39, 47, 44, 43, 46, 51, 54, 50, 52, 48, 49, 55, 74, 65, 68, 21, 63, 56, 59, 37, 38, 60, 66, 20, 67, 88, 83, 57, 81, 69, 79, 70, 76, 77, 42, 61, 64, 72, 58, 80, 91, 89, 92, 82, 87, 62, 94, 73, 85, 71, 93, 110, 95, 75, 78, 86, 99, 104, 100, 105, 107, 103, 102, 84, 40, 106, 128, 108, 111, 123, 112, 90, 97, 118, 120, 114, 121, 117, 96, 146, 140, 98, 139, 109, 125, 133, 115, 116, 124, 129, 131, 145, 126, 148, 134, 101, 137, 147, 138, 122, 143, 135, 144, 130, 136, 150, 127, 142, 119, 113, 149, 141, 132]);
% time elapsed: 102.84 s
----------
%%%mzn-stat: initTime=0.073523654
%%%mzn-stat: objective=319
%%%mzn-stat: nodes=69630
%%%mzn-stat: restarts=0
%%%mzn-stat: peakDepth=3406
%%%mzn-stat: solveTime=90.736934541
%%%mzn-stat: variables=4344
%%%mzn-stat: propagators=3839
%%%mzn-stat: failures=30193
%%%mzn-stat: propagations=919681
%%%mzn-stat: nogoods=30193
%%%mzn-stat: numAtomicConstraintsPropagated=0
%%%mzn-stat: circuitNumber1PropagationsTotal=142949
%%%mzn-stat: circuitNumber1CircuitConflicts=14478
%%%mzn-stat: circuitNumber1AlldiffConflicts=2346
%%%mzn-stat: circuitNumber1TotalFixedEdgesAtConflict=2285346
%%%mzn-stat: circuitNumber1NumberOfConflicts=16824
%%%mzn-stat: circuitNumber1GacPrunings=489496
%%%mzn-stat: circuitNumber1PropagationsThatGacPruned=87775
%%%mzn-stat: circuitNumber1TotalPruningHallSetSize=2238123
%%%mzn-stat: circuitNumber1NumberOfPruningExplanations=489496
%%%mzn-stat: circuitNumber1MaxPruningHallSetSize=37
%%%mzn-stat: circuitNumber1TotalSccSizeAtPruning=948881
%%%mzn-stat: circuitNumber1NumberOfSccPruningCalls=87775
%%%mzn-stat: circuitNumber1TotalVarsInvolvedInPruning=398708
%%%mzn-stat: circuitNumber1MaxValuesPrunedFromSingleVar=6
%%%mzn-stat: circuitNumber1HallCircuitChecks=188899
%%%mzn-stat: circuitNumber1HallCircuitPrunings=4896
%%%mzn-stat: circuitNumber1CircuitPreventPrunings=57880
%%%mzn-stat: AverageConflictSize=28.740138442685392
%%%mzn-stat: NumUnitNogoodsLearned=0
%%%mzn-stat: AverageLearnedNogoodLength=107.69767826979763
%%%mzn-stat: AverageBacktrackAmount=0
%%%mzn-stat: AverageLbd=71.09157751796774
%%%mzn-stat: 2AutonomousSearchNumBackupCalled=35502
%%%mzn-stat: 2AutonomousSearchNumPredicatesRemoved=0
%%%mzn-stat: 2AutonomousSearchNumCalls=35513
%%%mzn-stat: 2AutonomousSearchNumPredicatesAdded=8124
%%%mzn-stat: 2AutonomousSearchAverageSizeOfHeap=0.7697462900909526
%%%mzn-stat: 2AutonomousSearchNumAssignedPredicatesEncountered=27336
%%%mzn-stat-end
maxleg = 319;
succ = array1d(1..150,[2, 10, 4, 12, 7, 23, 6, 15, 11, 14, 13, 26, 18, 3, 24, 5, 9, 19, 28, 8, 41, 1, 27, 35, 16, 31, 34, 53, 32, 17, 36, 22, 29, 42, 30, 45, 25, 39, 47, 44, 43, 46, 51, 54, 50, 33, 48, 49, 55, 74, 65, 68, 21, 63, 56, 59, 58, 38, 60, 66, 20, 67, 88, 83, 57, 81, 69, 79, 70, 76, 37, 52, 61, 64, 72, 77, 71, 91, 89, 92, 82, 87, 73, 94, 86, 93, 99, 85, 110, 62, 75, 78, 96, 115, 90, 100, 105, 80, 103, 102, 84, 109, 106, 95, 108, 111, 98, 112, 116, 97, 118, 120, 114, 121, 117, 125, 124, 140, 101, 139, 40, 132, 133, 126, 134, 130, 129, 104, 145, 146, 148, 150, 131, 137, 147, 123, 122, 136, 135, 144, 119, 107, 138, 127, 142, 128, 113, 149, 141, 143]);
% time elapsed: 103.00 s
----------
%%%mzn-stat: initTime=0.073523654
%%%mzn-stat: objective=315
%%%mzn-stat: nodes=72921
%%%mzn-stat: restarts=0
%%%mzn-stat: peakDepth=3406
%%%mzn-stat: solveTime=90.816723973
%%%mzn-stat: variables=4344
%%%mzn-stat: propagators=3839
%%%mzn-stat: failures=30193
%%%mzn-stat: propagations=925974
%%%mzn-stat: nogoods=30193
%%%mzn-stat: numAtomicConstraintsPropagated=0
%%%mzn-stat: circuitNumber1PropagationsTotal=143208
%%%mzn-stat: circuitNumber1CircuitConflicts=14478
%%%mzn-stat: circuitNumber1AlldiffConflicts=2346
%%%mzn-stat: circuitNumber1TotalFixedEdgesAtConflict=2285346
%%%mzn-stat: circuitNumber1NumberOfConflicts=16824
%%%mzn-stat: circuitNumber1GacPrunings=491123
%%%mzn-stat: circuitNumber1PropagationsThatGacPruned=87904
%%%mzn-stat: circuitNumber1TotalPruningHallSetSize=2240368
%%%mzn-stat: circuitNumber1NumberOfPruningExplanations=491123
%%%mzn-stat: circuitNumber1MaxPruningHallSetSize=37
%%%mzn-stat: circuitNumber1TotalSccSizeAtPruning=949102
%%%mzn-stat: circuitNumber1NumberOfSccPruningCalls=87904
%%%mzn-stat: circuitNumber1TotalVarsInvolvedInPruning=400311
%%%mzn-stat: circuitNumber1MaxValuesPrunedFromSingleVar=6
%%%mzn-stat: circuitNumber1HallCircuitChecks=189181
%%%mzn-stat: circuitNumber1HallCircuitPrunings=4900
%%%mzn-stat: circuitNumber1CircuitPreventPrunings=57933
%%%mzn-stat: AverageConflictSize=28.740138442685392
%%%mzn-stat: NumUnitNogoodsLearned=0
%%%mzn-stat: AverageLearnedNogoodLength=107.69767826979763
%%%mzn-stat: AverageBacktrackAmount=0
%%%mzn-stat: AverageLbd=71.09157751796774
%%%mzn-stat: 2AutonomousSearchNumBackupCalled=38664
%%%mzn-stat: 2AutonomousSearchNumPredicatesRemoved=0
%%%mzn-stat: 2AutonomousSearchNumCalls=38676
%%%mzn-stat: 2AutonomousSearchNumPredicatesAdded=8124
%%%mzn-stat: 2AutonomousSearchAverageSizeOfHeap=0.7846726652187404
%%%mzn-stat: 2AutonomousSearchNumAssignedPredicatesEncountered=30348
%%%mzn-stat-end
maxleg = 315;
succ = array1d(1..150,[2, 10, 4, 12, 7, 23, 6, 15, 11, 26, 13, 14, 18, 27, 24, 5, 9, 19, 28, 8, 41, 1, 32, 35, 16, 31, 34, 53, 33, 17, 36, 22, 37, 29, 30, 45, 25, 39, 47, 3, 43, 46, 51, 40, 50, 52, 48, 49, 55, 54, 65, 68, 21, 63, 56, 59, 58, 38, 60, 66, 20, 67, 88, 74, 57, 81, 69, 79, 70, 76, 77, 42, 61, 78, 44, 80, 82, 91, 89, 92, 87, 94, 62, 101, 73, 64, 71, 85, 75, 83, 93, 106, 96, 84, 90, 100, 105, 86, 103, 102, 119, 109, 108, 95, 110, 111, 98, 97, 116, 135, 99, 120, 114, 121, 117, 125, 124, 126, 141, 127, 122, 72, 107, 130, 134, 115, 144, 104, 112, 146, 133, 150, 123, 137, 139, 142, 132, 136, 147, 118, 148, 145, 138, 140, 129, 128, 113, 149, 131, 143]);
% time elapsed: 103.10 s
----------
%%%mzn-stat: initTime=0.073523654
%%%mzn-stat: objective=311
%%%mzn-stat: nodes=76222
%%%mzn-stat: restarts=0
%%%mzn-stat: peakDepth=3406
%%%mzn-stat: solveTime=90.896938171
%%%mzn-stat: variables=4344
%%%mzn-stat: propagators=3839
%%%mzn-stat: failures=30195
%%%mzn-stat: propagations=932326
%%%mzn-stat: nogoods=30195
%%%mzn-stat: numAtomicConstraintsPropagated=0
%%%mzn-stat: circuitNumber1PropagationsTotal=143478
%%%mzn-stat: circuitNumber1CircuitConflicts=14480
%%%mzn-stat: circuitNumber1AlldiffConflicts=2346
%%%mzn-stat: circuitNumber1TotalFixedEdgesAtConflict=2285608
%%%mzn-stat: circuitNumber1NumberOfConflicts=16826
%%%mzn-stat: circuitNumber1GacPrunings=492756
%%%mzn-stat: circuitNumber1PropagationsThatGacPruned=88039
%%%mzn-stat: circuitNumber1TotalPruningHallSetSize=2242568
%%%mzn-stat: circuitNumber1NumberOfPruningExplanations=492756
%%%mzn-stat: circuitNumber1MaxPruningHallSetSize=37
%%%mzn-stat: circuitNumber1TotalSccSizeAtPruning=949384
%%%mzn-stat: circuitNumber1NumberOfSccPruningCalls=88039
%%%mzn-stat: circuitNumber1TotalVarsInvolvedInPruning=401897
%%%mzn-stat: circuitNumber1MaxValuesPrunedFromSingleVar=6
%%%mzn-stat: circuitNumber1HallCircuitChecks=189525
%%%mzn-stat: circuitNumber1HallCircuitPrunings=4912
%%%mzn-stat: circuitNumber1CircuitPreventPrunings=57983
%%%mzn-stat: AverageConflictSize=28.73840039741679
%%%mzn-stat: NumUnitNogoodsLearned=0
%%%mzn-stat: AverageLearnedNogoodLength=107.6923662858089
%%%mzn-stat: AverageBacktrackAmount=0
%%%mzn-stat: AverageLbd=71.0876635204504
%%%mzn-stat: 2AutonomousSearchNumBackupCalled=41834
%%%mzn-stat: 2AutonomousSearchNumPredicatesRemoved=0
%%%mzn-stat: 2AutonomousSearchNumCalls=41847
%%%mzn-stat: 2AutonomousSearchNumPredicatesAdded=8283
%%%mzn-stat: 2AutonomousSearchAverageSizeOfHeap=0.7984801777905226
%%%mzn-stat: 2AutonomousSearchNumAssignedPredicatesEncountered=33414
%%%mzn-stat-end
maxleg = 311;
succ = array1d(1..150,[2, 10, 4, 12, 7, 23, 6, 15, 11, 26, 13, 14, 18, 27, 24, 5, 9, 19, 28, 8, 41, 1, 32, 35, 16, 31, 34, 53, 33, 17, 36, 22, 37, 29, 30, 45, 25, 39, 47, 3, 43, 46, 51, 40, 50, 52, 48, 49, 55, 54, 65, 68, 21, 72, 56, 59, 58, 38, 60, 66, 20, 67, 44, 74, 57, 81, 69, 79, 70, 76, 77, 42, 61, 78, 89, 80, 82, 91, 97, 92, 87, 94, 62, 101, 73, 64, 71, 63, 110, 83, 75, 106, 85, 84, 90, 86, 105, 107, 103, 88, 119, 93, 108, 95, 140, 111, 123, 112, 96, 135, 118, 120, 102, 100, 99, 109, 115, 126, 98, 139, 116, 121, 133, 117, 122, 124, 129, 104, 145, 146, 148, 134, 131, 137, 147, 138, 125, 143, 114, 144, 130, 136, 150, 127, 142, 128, 113, 149, 141, 132]);
% time elapsed: 103.20 s
----------
%%%mzn-stat: initTime=0.073523654
%%%mzn-stat: objective=309
%%%mzn-stat: nodes=313014
%%%mzn-stat: restarts=0
%%%mzn-stat: peakDepth=3406
%%%mzn-stat: solveTime=839.823036767
%%%mzn-stat: variables=4344
%%%mzn-stat: propagators=3839
%%%mzn-stat: failures=160068
%%%mzn-stat: propagations=7004291
%%%mzn-stat: nogoods=160068
%%%mzn-stat: numAtomicConstraintsPropagated=0
%%%mzn-stat: circuitNumber1PropagationsTotal=1039163
%%%mzn-stat: circuitNumber1CircuitConflicts=88233
%%%mzn-stat: circuitNumber1AlldiffConflicts=2358
%%%mzn-stat: circuitNumber1TotalFixedEdgesAtConflict=12973948
%%%mzn-stat: circuitNumber1NumberOfConflicts=90591
%%%mzn-stat: circuitNumber1GacPrunings=1836220
%%%mzn-stat: circuitNumber1PropagationsThatGacPruned=631237
%%%mzn-stat: circuitNumber1TotalPruningHallSetSize=4241598
%%%mzn-stat: circuitNumber1NumberOfPruningExplanations=1836220
%%%mzn-stat: circuitNumber1MaxPruningHallSetSize=37
%%%mzn-stat: circuitNumber1TotalSccSizeAtPruning=2131831
%%%mzn-stat: circuitNumber1NumberOfSccPruningCalls=631237
%%%mzn-stat: circuitNumber1TotalVarsInvolvedInPruning=1591271
%%%mzn-stat: circuitNumber1MaxValuesPrunedFromSingleVar=6
%%%mzn-stat: circuitNumber1HallCircuitChecks=2391392
%%%mzn-stat: circuitNumber1HallCircuitPrunings=159472
%%%mzn-stat: circuitNumber1CircuitPreventPrunings=428169
%%%mzn-stat: AverageConflictSize=90.26320063972811
%%%mzn-stat: NumUnitNogoodsLearned=0
%%%mzn-stat: AverageLearnedNogoodLength=125.13531124272184
%%%mzn-stat: AverageBacktrackAmount=0
%%%mzn-stat: AverageLbd=100.59747732213809
%%%mzn-stat: 2AutonomousSearchNumBackupCalled=44979
%%%mzn-stat: 2AutonomousSearchNumPredicatesRemoved=0
%%%mzn-stat: 2AutonomousSearchNumCalls=44993
%%%mzn-stat: 2AutonomousSearchNumPredicatesAdded=10368
%%%mzn-stat: 2AutonomousSearchAverageSizeOfHeap=0.8206832173893717
%%%mzn-stat: 2AutonomousSearchNumAssignedPredicatesEncountered=36925
%%%mzn-stat-end
maxleg = 309;
succ = array1d(1..150,[2, 10, 4, 12, 7, 23, 6, 15, 11, 26, 13, 14, 18, 27, 24, 5, 9, 19, 28, 8, 41, 1, 32, 35, 16, 31, 34, 53, 33, 17, 36, 22, 37, 29, 30, 45, 25, 39, 47, 3, 43, 46, 51, 40, 50, 52, 48, 49, 55, 54, 65, 68, 21, 72, 56, 59, 58, 38, 60, 66, 20, 67, 44, 74, 57, 81, 69, 79, 70, 76, 77, 42, 61, 78, 89, 80, 82, 91, 97, 92, 87, 94, 62, 101, 73, 64, 71, 63, 120, 83, 75, 106, 85, 84, 90, 86, 105, 107, 103, 88, 119, 93, 108, 95, 110, 111, 123, 112, 96, 135, 99, 129, 102, 100, 117, 109, 124, 126, 98, 127, 116, 121, 142, 130, 122, 115, 144, 104, 145, 146, 128, 134, 131, 137, 139, 138, 125, 143, 147, 118, 148, 136, 150, 140, 114, 141, 113, 149, 133, 132]);
% time elapsed: 852.15 s
----------
%%%mzn-stat: initTime=0.073523654
%%%mzn-stat: objective=307
%%%mzn-stat: nodes=316307
%%%mzn-stat: restarts=0
%%%mzn-stat: peakDepth=3406
%%%mzn-stat: solveTime=839.916966596
%%%mzn-stat: variables=4344
%%%mzn-stat: propagators=3839
%%%mzn-stat: failures=160071
%%%mzn-stat: propagations=7010676
%%%mzn-stat: nogoods=160071
%%%mzn-stat: numAtomicConstraintsPropagated=0
%%%mzn-stat: circuitNumber1PropagationsTotal=1039435
%%%mzn-stat: circuitNumber1CircuitConflicts=88235
%%%mzn-stat: circuitNumber1AlldiffConflicts=2358
%%%mzn-stat: circuitNumber1TotalFixedEdgesAtConflict=12974234
%%%mzn-stat: circuitNumber1NumberOfConflicts=90593
%%%mzn-stat: circuitNumber1GacPrunings=1837833
%%%mzn-stat: circuitNumber1PropagationsThatGacPruned=631375
%%%mzn-stat: circuitNumber1TotalPruningHallSetSize=4244009
%%%mzn-stat: circuitNumber1NumberOfPruningExplanations=1837833
%%%mzn-stat: circuitNumber1MaxPruningHallSetSize=37
%%%mzn-stat: circuitNumber1TotalSccSizeAtPruning=2132085
%%%mzn-stat: circuitNumber1NumberOfSccPruningCalls=631375
%%%mzn-stat: circuitNumber1TotalVarsInvolvedInPruning=1592853
%%%mzn-stat: circuitNumber1MaxValuesPrunedFromSingleVar=6
%%%mzn-stat: circuitNumber1HallCircuitChecks=2391733
%%%mzn-stat: circuitNumber1HallCircuitPrunings=159486
%%%mzn-stat: circuitNumber1CircuitPreventPrunings=428223
%%%mzn-stat: AverageConflictSize=90.26158392213455
%%%mzn-stat: NumUnitNogoodsLearned=0
%%%mzn-stat: AverageLearnedNogoodLength=125.13474645626003
%%%mzn-stat: AverageBacktrackAmount=0
%%%mzn-stat: AverageLbd=100.59717875192884
%%%mzn-stat: 2AutonomousSearchNumBackupCalled=48140
%%%mzn-stat: 2AutonomousSearchNumPredicatesRemoved=0
%%%mzn-stat: 2AutonomousSearchNumCalls=48155
%%%mzn-stat: 2AutonomousSearchNumPredicatesAdded=10680
%%%mzn-stat: 2AutonomousSearchAverageSizeOfHeap=0.8397051188869277
%%%mzn-stat: 2AutonomousSearchNumAssignedPredicatesEncountered=40436
%%%mzn-stat-end
maxleg = 307;
succ = array1d(1..150,[2, 10, 4, 12, 7, 23, 6, 15, 11, 26, 13, 14, 18, 27, 24, 5, 9, 19, 28, 8, 41, 1, 32, 35, 16, 31, 34, 53, 33, 17, 36, 22, 37, 29, 30, 45, 25, 39, 47, 3, 43, 46, 51, 40, 50, 52, 48, 49, 55, 54, 65, 68, 21, 72, 56, 59, 58, 38, 60, 66, 20, 67, 44, 74, 57, 81, 69, 79, 70, 76, 77, 42, 61, 78, 89, 80, 82, 91, 97, 92, 87, 94, 62, 101, 73, 64, 71, 63, 120, 83, 75, 106, 85, 84, 90, 86, 105, 107, 103, 88, 119, 93, 108, 95, 110, 111, 123, 112, 96, 135, 99, 129, 102, 100, 117, 109, 124, 126, 98, 127, 116, 121, 142, 130, 132, 115, 144, 104, 145, 146, 128, 134, 131, 137, 139, 138, 122, 143, 147, 118, 148, 136, 150, 140, 114, 141, 113, 149, 133, 125]);
% time elapsed: 852.27 s
----------
%%%mzn-stat: initTime=0.073523654
%%%mzn-stat: objective=306
%%%mzn-stat: nodes=319528
%%%mzn-stat: restarts=0
%%%mzn-stat: peakDepth=3406
%%%mzn-stat: solveTime=840.015358444
%%%mzn-stat: variables=4344
%%%mzn-stat: propagators=3839
%%%mzn-stat: failures=160071
%%%mzn-stat: propagations=7016923
%%%mzn-stat: nogoods=160071
%%%mzn-stat: numAtomicConstraintsPropagated=0
%%%mzn-stat: circuitNumber1PropagationsTotal=1039695
%%%mzn-stat: circuitNumber1CircuitConflicts=88235
%%%mzn-stat: circuitNumber1AlldiffConflicts=2358
%%%mzn-stat: circuitNumber1TotalFixedEdgesAtConflict=12974234
%%%mzn-stat: circuitNumber1NumberOfConflicts=90593
%%%mzn-stat: circuitNumber1GacPrunings=1839417
%%%mzn-stat: circuitNumber1PropagationsThatGacPruned=631506
%%%mzn-stat: circuitNumber1TotalPruningHallSetSize=4246366
%%%mzn-stat: circuitNumber1NumberOfPruningExplanations=1839417
%%%mzn-stat: circuitNumber1MaxPruningHallSetSize=37
%%%mzn-stat: circuitNumber1TotalSccSizeAtPruning=2132317
%%%mzn-stat: circuitNumber1NumberOfSccPruningCalls=631506
%%%mzn-stat: circuitNumber1TotalVarsInvolvedInPruning=1594412
%%%mzn-stat: circuitNumber1MaxValuesPrunedFromSingleVar=6
%%%mzn-stat: circuitNumber1HallCircuitChecks=2392045
%%%mzn-stat: circuitNumber1HallCircuitPrunings=159497
%%%mzn-stat: circuitNumber1CircuitPreventPrunings=428272
%%%mzn-stat: AverageConflictSize=90.26158392213455
%%%mzn-stat: NumUnitNogoodsLearned=0
%%%mzn-stat: AverageLearnedNogoodLength=125.13474645626003
%%%mzn-stat: AverageBacktrackAmount=0
%%%mzn-stat: AverageLbd=100.59717875192884
%%%mzn-stat: 2AutonomousSearchNumBackupCalled=51234
%%%mzn-stat: 2AutonomousSearchNumPredicatesRemoved=0
%%%mzn-stat: 2AutonomousSearchNumCalls=51250
%%%mzn-stat: 2AutonomousSearchNumPredicatesAdded=10680
%%%mzn-stat: 2AutonomousSearchAverageSizeOfHeap=0.8575024390243903
%%%mzn-stat: 2AutonomousSearchNumAssignedPredicatesEncountered=43947
%%%mzn-stat-end
maxleg = 306;
succ = array1d(1..150,[2, 10, 4, 12, 7, 23, 6, 15, 11, 26, 13, 14, 18, 27, 24, 5, 9, 19, 28, 8, 41, 1, 32, 35, 16, 31, 34, 53, 33, 17, 36, 22, 37, 29, 30, 45, 25, 39, 47, 3, 43, 46, 51, 40, 50, 52, 48, 49, 55, 54, 65, 68, 21, 72, 56, 59, 58, 38, 60, 66, 20, 67, 44, 74, 57, 81, 69, 79, 70, 76, 77, 42, 61, 78, 89, 80, 82, 91, 97, 92, 87, 94, 62, 101, 73, 64, 71, 63, 120, 83, 75, 106, 85, 84, 90, 86, 105, 107, 103, 88, 119, 93, 108, 95, 110, 111, 123, 112, 96, 135, 99, 129, 102, 100, 117, 109, 124, 126, 98, 127, 116, 121, 142, 130, 132, 115, 144, 104, 145, 146, 133, 134, 128, 137, 139, 138, 122, 143, 147, 118, 148, 136, 150, 140, 114, 141, 113, 149, 131, 125]);
% time elapsed: 852.39 s
----------
%%%mzn-stat: initTime=0.073523654
%%%mzn-stat: objective=305
%%%mzn-stat: nodes=322843
%%%mzn-stat: restarts=0
%%%mzn-stat: peakDepth=3406
%%%mzn-stat: solveTime=840.326958931
%%%mzn-stat: variables=4344
%%%mzn-stat: propagators=3839
%%%mzn-stat: failures=160122
%%%mzn-stat: propagations=7025723
%%%mzn-stat: nogoods=160122
%%%mzn-stat: numAtomicConstraintsPropagated=0
%%%mzn-stat: circuitNumber1PropagationsTotal=1040295
%%%mzn-stat: circuitNumber1CircuitConflicts=88276
%%%mzn-stat: circuitNumber1AlldiffConflicts=2358
%%%mzn-stat: circuitNumber1TotalFixedEdgesAtConflict=12980140
%%%mzn-stat: circuitNumber1NumberOfConflicts=90634
%%%mzn-stat: circuitNumber1GacPrunings=1841514
%%%mzn-stat: circuitNumber1PropagationsThatGacPruned=631796
%%%mzn-stat: circuitNumber1TotalPruningHallSetSize=4249374
%%%mzn-stat: circuitNumber1NumberOfPruningExplanations=1841514
%%%mzn-stat: circuitNumber1MaxPruningHallSetSize=51
%%%mzn-stat: circuitNumber1TotalSccSizeAtPruning=2133071
%%%mzn-stat: circuitNumber1NumberOfSccPruningCalls=631796
%%%mzn-stat: circuitNumber1TotalVarsInvolvedInPruning=1596389
%%%mzn-stat: circuitNumber1MaxValuesPrunedFromSingleVar=6
%%%mzn-stat: circuitNumber1HallCircuitChecks=2393098
%%%mzn-stat: circuitNumber1HallCircuitPrunings=159571
%%%mzn-stat: circuitNumber1CircuitPreventPrunings=428496
%%%mzn-stat: AverageConflictSize=90.25160190354855
%%%mzn-stat: NumUnitNogoodsLearned=0
%%%mzn-stat: AverageLearnedNogoodLength=125.12581031963128
%%%mzn-stat: AverageBacktrackAmount=0
%%%mzn-stat: AverageLbd=100.58945678919824
%%%mzn-stat: 2AutonomousSearchNumBackupCalled=54341
%%%mzn-stat: 2AutonomousSearchNumPredicatesRemoved=0
%%%mzn-stat: 2AutonomousSearchNumCalls=54358
%%%mzn-stat: 2AutonomousSearchNumPredicatesAdded=11555
%%%mzn-stat: 2AutonomousSearchAverageSizeOfHeap=0.8730821590198314
%%%mzn-stat: 2AutonomousSearchNumAssignedPredicatesEncountered=47459
%%%mzn-stat-end
maxleg = 305;
succ = array1d(1..150,[2, 10, 4, 12, 7, 23, 6, 15, 11, 26, 13, 14, 18, 27, 24, 5, 9, 19, 28, 8, 41, 1, 32, 35, 16, 31, 34, 53, 33, 17, 36, 22, 37, 29, 30, 45, 25, 39, 47, 3, 43, 46, 51, 40, 50, 52, 48, 49, 55, 54, 65, 68, 21, 72, 56, 59, 58, 38, 60, 66, 20, 67, 44, 74, 57, 81, 69, 79, 70, 76, 77, 42, 61, 78, 89, 80, 82, 91, 97, 92, 87, 94, 62, 101, 73, 64, 71, 63, 120, 83, 75, 106, 85, 84, 90, 86, 105, 107, 103, 88, 119, 93, 108, 95, 110, 111, 123, 112, 96, 144, 99, 127, 102, 100, 117, 109, 124, 126, 98, 147, 116, 121, 142, 130, 132, 115, 129, 104, 145, 146, 133, 134, 128, 137, 139, 138, 122, 143, 114, 118, 148, 136, 150, 140, 113, 141, 135, 149, 131, 125]);
% time elapsed: 852.73 s
----------
%%%mzn-stat: initTime=0.073523654
%%%mzn-stat: objective=297
%%%mzn-stat: nodes=326026
%%%mzn-stat: restarts=0
%%%mzn-stat: peakDepth=3406
%%%mzn-stat: solveTime=840.425386806
%%%mzn-stat: variables=4344
%%%mzn-stat: propagators=3839
%%%mzn-stat: failures=160122
%%%mzn-stat: propagations=7032021
%%%mzn-stat: nogoods=160122
%%%mzn-stat: numAtomicConstraintsPropagated=0
%%%mzn-stat: circuitNumber1PropagationsTotal=1040551
%%%mzn-stat: circuitNumber1CircuitConflicts=88276
%%%mzn-stat: circuitNumber1AlldiffConflicts=2358
%%%mzn-stat: circuitNumber1TotalFixedEdgesAtConflict=12980140
%%%mzn-stat: circuitNumber1NumberOfConflicts=90634
%%%mzn-stat: circuitNumber1GacPrunings=1843107
%%%mzn-stat: circuitNumber1PropagationsThatGacPruned=631924
%%%mzn-stat: circuitNumber1TotalPruningHallSetSize=4251498
%%%mzn-stat: circuitNumber1NumberOfPruningExplanations=1843107
%%%mzn-stat: circuitNumber1MaxPruningHallSetSize=51
%%%mzn-stat: circuitNumber1TotalSccSizeAtPruning=2133391
%%%mzn-stat: circuitNumber1NumberOfSccPruningCalls=631924
%%%mzn-stat: circuitNumber1TotalVarsInvolvedInPruning=1597937
%%%mzn-stat: circuitNumber1MaxValuesPrunedFromSingleVar=6
%%%mzn-stat: circuitNumber1HallCircuitChecks=2393474
%%%mzn-stat: circuitNumber1HallCircuitPrunings=159582
%%%mzn-stat: circuitNumber1CircuitPreventPrunings=428549
%%%mzn-stat: AverageConflictSize=90.25160190354855
%%%mzn-stat: NumUnitNogoodsLearned=0
%%%mzn-stat: AverageLearnedNogoodLength=125.12581031963128
%%%mzn-stat: AverageBacktrackAmount=0
%%%mzn-stat: AverageLbd=100.58945678919824
%%%mzn-stat: 2AutonomousSearchNumBackupCalled=57401
%%%mzn-stat: 2AutonomousSearchNumPredicatesRemoved=0
%%%mzn-stat: 2AutonomousSearchNumCalls=57419
%%%mzn-stat: 2AutonomousSearchNumPredicatesAdded=11555
%%%mzn-stat: 2AutonomousSearchAverageSizeOfHeap=0.8877026768142949
%%%mzn-stat: 2AutonomousSearchNumAssignedPredicatesEncountered=50971
%%%mzn-stat-end
maxleg = 297;
succ = array1d(1..150,[2, 10, 4, 12, 7, 23, 6, 15, 11, 26, 13, 14, 18, 27, 24, 5, 9, 19, 28, 8, 41, 1, 32, 35, 16, 31, 34, 53, 33, 17, 36, 22, 37, 29, 30, 45, 25, 39, 47, 3, 43, 46, 51, 40, 50, 52, 48, 49, 55, 54, 65, 68, 21, 72, 56, 59, 58, 38, 60, 66, 20, 67, 44, 74, 57, 81, 69, 79, 70, 76, 77, 42, 61, 78, 89, 80, 82, 91, 97, 92, 87, 94, 62, 101, 73, 64, 71, 63, 120, 83, 75, 106, 85, 84, 90, 86, 105, 107, 103, 88, 119, 93, 108, 95, 110, 111, 123, 112, 96, 144, 99, 127, 102, 100, 117, 109, 124, 126, 98, 147, 116, 121, 142, 130, 132, 115, 129, 133, 145, 141, 104, 134, 148, 137, 139, 138, 122, 143, 114, 118, 146, 136, 150, 140, 113, 128, 135, 149, 131, 125]);
% time elapsed: 852.85 s
----------
%%%mzn-stat: initTime=0.073523654
%%%mzn-stat: objective=295
%%%mzn-stat: nodes=329233
%%%mzn-stat: restarts=0
%%%mzn-stat: peakDepth=3406
%%%mzn-stat: solveTime=840.513145385
%%%mzn-stat: variables=4344
%%%mzn-stat: propagators=3839
%%%mzn-stat: failures=160122
%%%mzn-stat: propagations=7038438
%%%mzn-stat: nogoods=160122
%%%mzn-stat: numAtomicConstraintsPropagated=0
%%%mzn-stat: circuitNumber1PropagationsTotal=1040805
%%%mzn-stat: circuitNumber1CircuitConflicts=88276
%%%mzn-stat: circuitNumber1AlldiffConflicts=2358
%%%mzn-stat: circuitNumber1TotalFixedEdgesAtConflict=12980140
%%%mzn-stat: circuitNumber1NumberOfConflicts=90634
%%%mzn-stat: circuitNumber1GacPrunings=1844683
%%%mzn-stat: circuitNumber1PropagationsThatGacPruned=632051
%%%mzn-stat: circuitNumber1TotalPruningHallSetSize=4253494
%%%mzn-stat: circuitNumber1NumberOfPruningExplanations=1844683
%%%mzn-stat: circuitNumber1MaxPruningHallSetSize=51
%%%mzn-stat: circuitNumber1TotalSccSizeAtPruning=2133612
%%%mzn-stat: circuitNumber1NumberOfSccPruningCalls=632051
%%%mzn-stat: circuitNumber1TotalVarsInvolvedInPruning=1599469
%%%mzn-stat: circuitNumber1MaxValuesPrunedFromSingleVar=6
%%%mzn-stat: circuitNumber1HallCircuitChecks=2393872
%%%mzn-stat: circuitNumber1HallCircuitPrunings=159594
%%%mzn-stat: circuitNumber1CircuitPreventPrunings=428601
%%%mzn-stat: AverageConflictSize=90.25160190354855
%%%mzn-stat: NumUnitNogoodsLearned=0
%%%mzn-stat: AverageLearnedNogoodLength=125.12581031963128
%%%mzn-stat: AverageBacktrackAmount=0
%%%mzn-stat: AverageLbd=100.58945678919824
%%%mzn-stat: 2AutonomousSearchNumBackupCalled=60484
%%%mzn-stat: 2AutonomousSearchNumPredicatesRemoved=0
%%%mzn-stat: 2AutonomousSearchNumCalls=60503
%%%mzn-stat: 2AutonomousSearchNumPredicatesAdded=11555
%%%mzn-stat: 2AutonomousSearchAverageSizeOfHeap=0.9005008016131432
%%%mzn-stat: 2AutonomousSearchNumAssignedPredicatesEncountered=54483
%%%mzn-stat-end
maxleg = 295;
succ = array1d(1..150,[2, 10, 4, 12, 7, 23, 6, 15, 11, 26, 13, 14, 18, 27, 24, 5, 9, 19, 28, 8, 41, 1, 32, 35, 16, 31, 34, 53, 33, 17, 36, 22, 37, 29, 30, 45, 25, 39, 47, 3, 43, 46, 51, 40, 50, 52, 48, 49, 55, 54, 65, 68, 21, 72, 56, 59, 58, 38, 60, 66, 20, 67, 44, 74, 57, 81, 69, 79, 70, 76, 77, 42, 61, 78, 89, 80, 82, 91, 97, 92, 87, 94, 62, 101, 73, 64, 71, 63, 120, 85, 75, 106, 83, 84, 90, 86, 105, 107, 103, 88, 119, 93, 108, 95, 110, 111, 123, 112, 96, 144, 99, 127, 102, 100, 117, 109, 124, 126, 98, 139, 116, 121, 142, 130, 132, 115, 129, 133, 145, 141, 104, 134, 148, 137, 147, 138, 122, 143, 135, 118, 146, 136, 150, 140, 114, 128, 113, 149, 131, 125]);
% time elapsed: 852.97 s
----------
%%%mzn-stat: initTime=0.073523654
%%%mzn-stat: objective=288
%%%mzn-stat: nodes=332680
%%%mzn-stat: restarts=0
%%%mzn-stat: peakDepth=3406
%%%mzn-stat: solveTime=841.609866208
%%%mzn-stat: variables=4344
%%%mzn-stat: propagators=3839
%%%mzn-stat: failures=160315
%%%mzn-stat: propagations=7052215
%%%mzn-stat: nogoods=160315
%%%mzn-stat: numAtomicConstraintsPropagated=0
%%%mzn-stat: circuitNumber1PropagationsTotal=1042105
%%%mzn-stat: circuitNumber1CircuitConflicts=88389
%%%mzn-stat: circuitNumber1AlldiffConflicts=2365
%%%mzn-stat: circuitNumber1TotalFixedEdgesAtConflict=12996738
%%%mzn-stat: circuitNumber1NumberOfConflicts=90754
%%%mzn-stat: circuitNumber1GacPrunings=1848087
%%%mzn-stat: circuitNumber1PropagationsThatGacPruned=632783
%%%mzn-stat: circuitNumber1TotalPruningHallSetSize=4258901
%%%mzn-stat: circuitNumber1NumberOfPruningExplanations=1848087
%%%mzn-stat: circuitNumber1MaxPruningHallSetSize=51
%%%mzn-stat: circuitNumber1TotalSccSizeAtPruning=2135515
%%%mzn-stat: circuitNumber1NumberOfSccPruningCalls=632783
%%%mzn-stat: circuitNumber1TotalVarsInvolvedInPruning=1602597
%%%mzn-stat: circuitNumber1MaxValuesPrunedFromSingleVar=7
%%%mzn-stat: circuitNumber1HallCircuitChecks=2396442
%%%mzn-stat: circuitNumber1HallCircuitPrunings=159728
%%%mzn-stat: circuitNumber1CircuitPreventPrunings=429146
%%%mzn-stat: AverageConflictSize=90.17256027196457
%%%mzn-stat: NumUnitNogoodsLearned=0
%%%mzn-stat: AverageLearnedNogoodLength=125.11400056139476
%%%mzn-stat: AverageBacktrackAmount=0
%%%mzn-stat: AverageLbd=100.5820977450644
%%%mzn-stat: 2AutonomousSearchNumBackupCalled=63562
%%%mzn-stat: 2AutonomousSearchNumPredicatesRemoved=0
%%%mzn-stat: 2AutonomousSearchNumCalls=63582
%%%mzn-stat: 2AutonomousSearchNumPredicatesAdded=13245
%%%mzn-stat: 2AutonomousSearchAverageSizeOfHeap=0.9168318077443302
%%%mzn-stat: 2AutonomousSearchNumAssignedPredicatesEncountered=58294
%%%mzn-stat-end
maxleg = 288;
succ = array1d(1..150,[2, 10, 4, 12, 7, 23, 6, 15, 11, 26, 13, 14, 18, 31, 24, 5, 9, 19, 28, 8, 41, 1, 27, 35, 16, 32, 34, 53, 33, 17, 36, 29, 37, 42, 30, 22, 25, 39, 47, 3, 43, 46, 51, 40, 50, 52, 48, 49, 55, 54, 65, 68, 21, 44, 56, 59, 45, 38, 60, 66, 20, 67, 88, 74, 57, 81, 69, 79, 70, 76, 77, 75, 61, 78, 89, 58, 80, 91, 97, 92, 82, 87, 62, 94, 73, 64, 71, 85, 120, 95, 93, 106, 83, 99, 104, 86, 105, 107, 103, 63, 84, 96, 108, 131, 110, 111, 123, 112, 100, 144, 119, 127, 102, 121, 117, 109, 124, 126, 98, 139, 122, 125, 142, 130, 132, 115, 129, 101, 145, 146, 133, 137, 128, 72, 147, 138, 134, 143, 135, 118, 148, 136, 150, 140, 114, 141, 113, 149, 90, 116]);
% time elapsed: 854.08 s
----------
%%%mzn-stat: initTime=0.073523654
%%%mzn-stat: objective=287
%%%mzn-stat: nodes=335852
%%%mzn-stat: restarts=0
%%%mzn-stat: peakDepth=3406
%%%mzn-stat: solveTime=841.706696288
%%%mzn-stat: variables=4344
%%%mzn-stat: propagators=3839
%%%mzn-stat: failures=160318
%%%mzn-stat: propagations=7058566
%%%mzn-stat: nogoods=160318
%%%mzn-stat: numAtomicConstraintsPropagated=0
%%%mzn-stat: circuitNumber1PropagationsTotal=1042369
%%%mzn-stat: circuitNumber1CircuitConflicts=88391
%%%mzn-stat: circuitNumber1AlldiffConflicts=2365
%%%mzn-stat: circuitNumber1TotalFixedEdgesAtConflict=12997021
%%%mzn-stat: circuitNumber1NumberOfConflicts=90756
%%%mzn-stat: circuitNumber1GacPrunings=1849694
%%%mzn-stat: circuitNumber1PropagationsThatGacPruned=632916
%%%mzn-stat: circuitNumber1TotalPruningHallSetSize=4261208
%%%mzn-stat: circuitNumber1NumberOfPruningExplanations=1849694
%%%mzn-stat: circuitNumber1MaxPruningHallSetSize=51
%%%mzn-stat: circuitNumber1TotalSccSizeAtPruning=2135859
%%%mzn-stat: circuitNumber1NumberOfSccPruningCalls=632916
%%%mzn-stat: circuitNumber1TotalVarsInvolvedInPruning=1604147
%%%mzn-stat: circuitNumber1MaxValuesPrunedFromSingleVar=7
%%%mzn-stat: circuitNumber1HallCircuitChecks=2396811
%%%mzn-stat: circuitNumber1HallCircuitPrunings=159732
%%%mzn-stat: circuitNumber1CircuitPreventPrunings=429205
%%%mzn-stat: AverageConflictSize=90.17186466897041
%%%mzn-stat: NumUnitNogoodsLearned=0
%%%mzn-stat: AverageLearnedNogoodLength=125.11295051085966
%%%mzn-stat: AverageBacktrackAmount=0
%%%mzn-stat: AverageLbd=100.5811200239524
%%%mzn-stat: 2AutonomousSearchNumBackupCalled=66611
%%%mzn-stat: 2AutonomousSearchNumPredicatesRemoved=0
%%%mzn-stat: 2AutonomousSearchNumCalls=66632
%%%mzn-stat: 2AutonomousSearchNumPredicatesAdded=13760
%%%mzn-stat: 2AutonomousSearchAverageSizeOfHeap=0.932059671028935
%%%mzn-stat: 2AutonomousSearchNumAssignedPredicatesEncountered=62105
%%%mzn-stat-end
maxleg = 287;
succ = array1d(1..150,[2, 10, 4, 12, 7, 23, 6, 15, 11, 26, 13, 14, 18, 31, 24, 5, 9, 19, 28, 8, 41, 1, 27, 35, 16, 32, 34, 53, 33, 17, 36, 29, 37, 42, 30, 22, 25, 39, 47, 3, 43, 46, 51, 40, 50, 52, 48, 49, 55, 54, 65, 68, 21, 44, 56, 59, 45, 38, 60, 66, 20, 67, 88, 74, 57, 81, 69, 79, 70, 76, 77, 75, 61, 78, 89, 58, 80, 91, 97, 92, 82, 87, 62, 94, 73, 64, 71, 85, 120, 95, 93, 106, 83, 99, 104, 86, 105, 107, 103, 63, 84, 96, 108, 131, 110, 111, 123, 112, 100, 144, 119, 127, 102, 121, 117, 109, 124, 126, 98, 139, 122, 150, 142, 130, 132, 115, 129, 101, 145, 146, 133, 137, 128, 72, 147, 143, 134, 116, 135, 118, 148, 136, 138, 140, 114, 141, 113, 149, 90, 125]);
% time elapsed: 854.21 s
----------
%%%mzn-stat: initTime=0.073523654
%%%mzn-stat: objective=282
%%%mzn-stat: nodes=339013
%%%mzn-stat: restarts=0
%%%mzn-stat: peakDepth=3406
%%%mzn-stat: solveTime=841.818143354
%%%mzn-stat: variables=4344
%%%mzn-stat: propagators=3839
%%%mzn-stat: failures=160321
%%%mzn-stat: propagations=7065083
%%%mzn-stat: nogoods=160321
%%%mzn-stat: numAtomicConstraintsPropagated=0
%%%mzn-stat: circuitNumber1PropagationsTotal=1042640
%%%mzn-stat: circuitNumber1CircuitConflicts=88391
%%%mzn-stat: circuitNumber1AlldiffConflicts=2365
%%%mzn-stat: circuitNumber1TotalFixedEdgesAtConflict=12997021
%%%mzn-stat: circuitNumber1NumberOfConflicts=90756
%%%mzn-stat: circuitNumber1GacPrunings=1851316
%%%mzn-stat: circuitNumber1PropagationsThatGacPruned=633052
%%%mzn-stat: circuitNumber1TotalPruningHallSetSize=4263658
%%%mzn-stat: circuitNumber1NumberOfPruningExplanations=1851316
%%%mzn-stat: circuitNumber1MaxPruningHallSetSize=51
%%%mzn-stat: circuitNumber1TotalSccSizeAtPruning=2136163
%%%mzn-stat: circuitNumber1NumberOfSccPruningCalls=633052
%%%mzn-stat: circuitNumber1TotalVarsInvolvedInPruning=1605690
%%%mzn-stat: circuitNumber1MaxValuesPrunedFromSingleVar=7
%%%mzn-stat: circuitNumber1HallCircuitChecks=2397344
%%%mzn-stat: circuitNumber1HallCircuitPrunings=159737
%%%mzn-stat: circuitNumber1CircuitPreventPrunings=429274
%%%mzn-stat: AverageConflictSize=90.17121275441146
%%%mzn-stat: NumUnitNogoodsLearned=0
%%%mzn-stat: AverageLearnedNogoodLength=125.11226227381316
%%%mzn-stat: AverageBacktrackAmount=0
%%%mzn-stat: AverageLbd=100.58010491451526
%%%mzn-stat: 2AutonomousSearchNumBackupCalled=69647
%%%mzn-stat: 2AutonomousSearchNumPredicatesRemoved=0
%%%mzn-stat: 2AutonomousSearchNumCalls=69669
%%%mzn-stat: 2AutonomousSearchNumPredicatesAdded=14313
%%%mzn-stat: 2AutonomousSearchAverageSizeOfHeap=0.9466333663465817
%%%mzn-stat: 2AutonomousSearchNumAssignedPredicatesEncountered=65951
%%%mzn-stat-end
maxleg = 282;
succ = array1d(1..150,[2, 10, 4, 12, 7, 23, 6, 15, 11, 26, 13, 14, 18, 40, 24, 5, 9, 19, 28, 8, 41, 1, 27, 35, 16, 31, 34, 53, 32, 17, 36, 22, 29, 42, 30, 45, 25, 39, 47, 44, 43, 46, 51, 63, 50, 33, 48, 49, 55, 54, 65, 68, 21, 72, 56, 59, 58, 38, 60, 66, 20, 67, 88, 74, 57, 81, 69, 79, 70, 76, 37, 52, 61, 78, 89, 77, 71, 91, 97, 92, 82, 87, 62, 94, 73, 64, 99, 85, 120, 95, 75, 106, 83, 115, 104, 86, 105, 80, 103, 93, 84, 96, 108, 131, 110, 111, 98, 112, 100, 144, 119, 127, 102, 121, 117, 125, 146, 126, 101, 147, 109, 132, 142, 130, 150, 124, 129, 149, 145, 141, 133, 134, 123, 137, 139, 143, 3, 116, 114, 118, 148, 136, 138, 140, 113, 128, 135, 107, 90, 122]);
% time elapsed: 854.34 s
----------
