% Logging successfully configured
%%%mzn-stat: initTime=0.017183786
%%%mzn-stat: objective=852
%%%mzn-stat: nodes=129616
%%%mzn-stat: restarts=0
%%%mzn-stat: peakDepth=599
%%%mzn-stat: solveTime=25.281739855
%%%mzn-stat: variables=1086
%%%mzn-stat: propagators=795
%%%mzn-stat: failures=113037
%%%mzn-stat: propagations=2060553
%%%mzn-stat: nogoods=113037
%%%mzn-stat: numAtomicConstraintsPropagated=0
%%%mzn-stat: allDifferentNumber1TotalHallSetSize=1460280
%%%mzn-stat: allDifferentNumber1NumberOfConflicts=69668
%%%mzn-stat: allDifferentNumber1MaxHallSetSize=39
%%%mzn-stat: allDifferentNumber1PropagationsTotal=257409
%%%mzn-stat: allDifferentNumber1PropagationsThatFoundConflict=69668
%%%mzn-stat: circuitNumber2PropagationsThatFoundConflict=1379
%%%mzn-stat: circuitNumber2TotalFixedEdgesAtConflict=60655
%%%mzn-stat: circuitNumber2NumberOfConflicts=1379
%%%mzn-stat: circuitNumber2PropagationsThatPruned=7570
%%%mzn-stat: circuitNumber2PropagationsTotal=98500
%%%mzn-stat: AverageConflictSize=21.14415633819015
%%%mzn-stat: NumUnitNogoodsLearned=0
%%%mzn-stat: AverageLearnedNogoodLength=34.639923210984016
%%%mzn-stat: AverageBacktrackAmount=0
%%%mzn-stat: AverageLbd=24.767208966975414
%%%mzn-stat: 2AutonomousSearchNumBackupCalled=556
%%%mzn-stat: 2AutonomousSearchNumPredicatesRemoved=0
%%%mzn-stat: 2AutonomousSearchNumCalls=557
%%%mzn-stat: 2AutonomousSearchNumPredicatesAdded=1490
%%%mzn-stat: 2AutonomousSearchAverageSizeOfHeap=2.675044883303411
%%%mzn-stat: 2AutonomousSearchNumAssignedPredicatesEncountered=1490
%%%mzn-stat-end
maxleg = 852;
succ = array1d(1..50,[8, 4, 6, 10, 2, 5, 3, 15, 7, 14, 9, 17, 16, 18, 12, 19, 22, 24, 25, 28, 1, 20, 11, 34, 26, 42, 33, 29, 32, 31, 35, 30, 13, 36, 39, 43, 27, 50, 41, 23, 49, 44, 46, 47, 21, 48, 40, 45, 38, 37]);
% time elapsed: 27.21 s
----------
%%%mzn-stat: initTime=0.017183786
%%%mzn-stat: objective=576
%%%mzn-stat: nodes=185023
%%%mzn-stat: restarts=0
%%%mzn-stat: peakDepth=599
%%%mzn-stat: solveTime=41.070813144
%%%mzn-stat: variables=1086
%%%mzn-stat: propagators=795
%%%mzn-stat: failures=166211
%%%mzn-stat: propagations=3160202
%%%mzn-stat: nogoods=166211
%%%mzn-stat: numAtomicConstraintsPropagated=0
%%%mzn-stat: allDifferentNumber1TotalHallSetSize=1750626
%%%mzn-stat: allDifferentNumber1NumberOfConflicts=89182
%%%mzn-stat: allDifferentNumber1MaxHallSetSize=39
%%%mzn-stat: allDifferentNumber1PropagationsTotal=366405
%%%mzn-stat: allDifferentNumber1PropagationsThatFoundConflict=89182
%%%mzn-stat: circuitNumber2PropagationsThatFoundConflict=1642
%%%mzn-stat: circuitNumber2TotalFixedEdgesAtConflict=70942
%%%mzn-stat: circuitNumber2NumberOfConflicts=1642
%%%mzn-stat: circuitNumber2PropagationsThatPruned=12083
%%%mzn-stat: circuitNumber2PropagationsTotal=142368
%%%mzn-stat: AverageConflictSize=21.473356155729764
%%%mzn-stat: NumUnitNogoodsLearned=0
%%%mzn-stat: AverageLearnedNogoodLength=36.93940232595917
%%%mzn-stat: AverageBacktrackAmount=0
%%%mzn-stat: AverageLbd=24.245645595056885
%%%mzn-stat: 2AutonomousSearchNumBackupCalled=1099
%%%mzn-stat: 2AutonomousSearchNumPredicatesRemoved=0
%%%mzn-stat: 2AutonomousSearchNumCalls=1101
%%%mzn-stat: 2AutonomousSearchNumPredicatesAdded=2672
%%%mzn-stat: 2AutonomousSearchAverageSizeOfHeap=2.7801998183469574
%%%mzn-stat: 2AutonomousSearchNumAssignedPredicatesEncountered=3061
%%%mzn-stat-end
maxleg = 576;
succ = array1d(1..50,[8, 4, 6, 10, 2, 5, 3, 15, 7, 14, 9, 17, 16, 19, 12, 25, 18, 22, 13, 28, 1, 20, 11, 34, 26, 42, 33, 29, 32, 31, 45, 30, 41, 36, 39, 35, 27, 50, 49, 21, 23, 44, 24, 47, 46, 48, 40, 43, 38, 37]);
% time elapsed: 43.00 s
----------
%%%mzn-stat: initTime=0.017183786
%%%mzn-stat: objective=550
%%%mzn-stat: nodes=242799
%%%mzn-stat: restarts=0
%%%mzn-stat: peakDepth=608
%%%mzn-stat: solveTime=57.225980262
%%%mzn-stat: variables=1086
%%%mzn-stat: propagators=795
%%%mzn-stat: failures=221135
%%%mzn-stat: propagations=4297873
%%%mzn-stat: nogoods=221135
%%%mzn-stat: numAtomicConstraintsPropagated=0
%%%mzn-stat: allDifferentNumber1TotalHallSetSize=2135129
%%%mzn-stat: allDifferentNumber1NumberOfConflicts=110695
%%%mzn-stat: allDifferentNumber1MaxHallSetSize=39
%%%mzn-stat: allDifferentNumber1PropagationsTotal=473504
%%%mzn-stat: allDifferentNumber1PropagationsThatFoundConflict=110695
%%%mzn-stat: circuitNumber2PropagationsThatFoundConflict=2049
%%%mzn-stat: circuitNumber2TotalFixedEdgesAtConflict=87084
%%%mzn-stat: circuitNumber2NumberOfConflicts=2049
%%%mzn-stat: circuitNumber2PropagationsThatPruned=16115
%%%mzn-stat: circuitNumber2PropagationsTotal=185587
%%%mzn-stat: AverageConflictSize=21.939453275148665
%%%mzn-stat: NumUnitNogoodsLearned=0
%%%mzn-stat: AverageLearnedNogoodLength=37.84390982883759
%%%mzn-stat: AverageBacktrackAmount=0
%%%mzn-stat: AverageLbd=24.119623759242092
%%%mzn-stat: 2AutonomousSearchNumBackupCalled=1665
%%%mzn-stat: 2AutonomousSearchNumPredicatesRemoved=0
%%%mzn-stat: 2AutonomousSearchNumCalls=1668
%%%mzn-stat: 2AutonomousSearchNumPredicatesAdded=3678
%%%mzn-stat: 2AutonomousSearchAverageSizeOfHeap=2.82673860911271
%%%mzn-stat: 2AutonomousSearchNumAssignedPredicatesEncountered=4715
%%%mzn-stat-end
maxleg = 550;
succ = array1d(1..50,[8, 4, 6, 10, 2, 5, 3, 15, 7, 14, 9, 17, 16, 19, 18, 25, 22, 24, 13, 12, 1, 28, 11, 34, 26, 42, 33, 29, 32, 31, 35, 41, 20, 36, 39, 43, 27, 50, 49, 21, 23, 44, 46, 47, 48, 45, 40, 30, 38, 37]);
% time elapsed: 59.15 s
----------
%%%mzn-stat: initTime=0.017183786
%%%mzn-stat: objective=417
%%%mzn-stat: nodes=257386
%%%mzn-stat: restarts=0
%%%mzn-stat: peakDepth=608
%%%mzn-stat: solveTime=60.560292094
%%%mzn-stat: variables=1086
%%%mzn-stat: propagators=795
%%%mzn-stat: failures=233348
%%%mzn-stat: propagations=4538421
%%%mzn-stat: nogoods=233348
%%%mzn-stat: numAtomicConstraintsPropagated=0
%%%mzn-stat: allDifferentNumber1TotalHallSetSize=2188154
%%%mzn-stat: allDifferentNumber1NumberOfConflicts=114183
%%%mzn-stat: allDifferentNumber1MaxHallSetSize=39
%%%mzn-stat: allDifferentNumber1PropagationsTotal=498435
%%%mzn-stat: allDifferentNumber1PropagationsThatFoundConflict=114183
%%%mzn-stat: circuitNumber2PropagationsThatFoundConflict=2692
%%%mzn-stat: circuitNumber2TotalFixedEdgesAtConflict=114923
%%%mzn-stat: circuitNumber2NumberOfConflicts=2692
%%%mzn-stat: circuitNumber2PropagationsThatPruned=17371
%%%mzn-stat: circuitNumber2PropagationsTotal=197398
%%%mzn-stat: AverageConflictSize=21.979074172480587
%%%mzn-stat: NumUnitNogoodsLearned=0
%%%mzn-stat: AverageLearnedNogoodLength=37.85827605121964
%%%mzn-stat: AverageBacktrackAmount=0
%%%mzn-stat: AverageLbd=23.977081440595164
%%%mzn-stat: 2AutonomousSearchNumBackupCalled=2206
%%%mzn-stat: 2AutonomousSearchNumPredicatesRemoved=0
%%%mzn-stat: 2AutonomousSearchNumCalls=2210
%%%mzn-stat: 2AutonomousSearchNumPredicatesAdded=4875
%%%mzn-stat: 2AutonomousSearchAverageSizeOfHeap=2.8990950226244343
%%%mzn-stat: 2AutonomousSearchNumAssignedPredicatesEncountered=6407
%%%mzn-stat-end
maxleg = 417;
succ = array1d(1..50,[8, 4, 6, 10, 2, 5, 3, 15, 7, 14, 9, 17, 16, 19, 18, 25, 22, 24, 13, 12, 1, 28, 11, 34, 30, 42, 33, 29, 32, 31, 41, 35, 20, 36, 43, 48, 27, 50, 38, 23, 49, 44, 46, 47, 21, 45, 40, 26, 39, 37]);
% time elapsed: 62.49 s
----------
%%%mzn-stat: initTime=0.017183786
%%%mzn-stat: objective=391
%%%mzn-stat: nodes=258035
%%%mzn-stat: restarts=0
%%%mzn-stat: peakDepth=608
%%%mzn-stat: solveTime=60.578408486
%%%mzn-stat: variables=1086
%%%mzn-stat: propagators=795
%%%mzn-stat: failures=233416
%%%mzn-stat: propagations=4541654
%%%mzn-stat: nogoods=233416
%%%mzn-stat: numAtomicConstraintsPropagated=0
%%%mzn-stat: allDifferentNumber1TotalHallSetSize=2188307
%%%mzn-stat: allDifferentNumber1NumberOfConflicts=114199
%%%mzn-stat: allDifferentNumber1MaxHallSetSize=39
%%%mzn-stat: allDifferentNumber1PropagationsTotal=498685
%%%mzn-stat: allDifferentNumber1PropagationsThatFoundConflict=114199
%%%mzn-stat: circuitNumber2PropagationsThatFoundConflict=2733
%%%mzn-stat: circuitNumber2TotalFixedEdgesAtConflict=116645
%%%mzn-stat: circuitNumber2NumberOfConflicts=2733
%%%mzn-stat: circuitNumber2PropagationsThatPruned=17383
%%%mzn-stat: circuitNumber2PropagationsTotal=197561
%%%mzn-stat: AverageConflictSize=21.97647976145594
%%%mzn-stat: NumUnitNogoodsLearned=0
%%%mzn-stat: AverageLearnedNogoodLength=37.852867841107724
%%%mzn-stat: AverageBacktrackAmount=0
%%%mzn-stat: AverageLbd=23.973994927511395
%%%mzn-stat: 2AutonomousSearchNumBackupCalled=2732
%%%mzn-stat: 2AutonomousSearchNumPredicatesRemoved=0
%%%mzn-stat: 2AutonomousSearchNumCalls=2737
%%%mzn-stat: 2AutonomousSearchNumPredicatesAdded=5314
%%%mzn-stat: 2AutonomousSearchAverageSizeOfHeap=2.959079283887468
%%%mzn-stat: 2AutonomousSearchNumAssignedPredicatesEncountered=8099
%%%mzn-stat-end
maxleg = 391;
succ = array1d(1..50,[8, 4, 6, 10, 2, 5, 3, 15, 7, 14, 9, 17, 16, 19, 18, 25, 22, 24, 13, 12, 1, 28, 11, 34, 30, 42, 33, 35, 20, 31, 32, 41, 29, 36, 43, 48, 27, 50, 38, 23, 49, 44, 46, 47, 21, 45, 40, 26, 39, 37]);
% time elapsed: 62.51 s
----------
%%%mzn-stat: initTime=0.017183786
%%%mzn-stat: objective=374
%%%mzn-stat: nodes=258587
%%%mzn-stat: restarts=0
%%%mzn-stat: peakDepth=608
%%%mzn-stat: solveTime=60.580941775
%%%mzn-stat: variables=1086
%%%mzn-stat: propagators=795
%%%mzn-stat: failures=233416
%%%mzn-stat: propagations=4543017
%%%mzn-stat: nogoods=233416
%%%mzn-stat: numAtomicConstraintsPropagated=0
%%%mzn-stat: allDifferentNumber1TotalHallSetSize=2188307
%%%mzn-stat: allDifferentNumber1NumberOfConflicts=114199
%%%mzn-stat: allDifferentNumber1MaxHallSetSize=39
%%%mzn-stat: allDifferentNumber1PropagationsTotal=498742
%%%mzn-stat: allDifferentNumber1PropagationsThatFoundConflict=114199
%%%mzn-stat: circuitNumber2PropagationsThatFoundConflict=2733
%%%mzn-stat: circuitNumber2TotalFixedEdgesAtConflict=116645
%%%mzn-stat: circuitNumber2NumberOfConflicts=2733
%%%mzn-stat: circuitNumber2PropagationsThatPruned=17383
%%%mzn-stat: circuitNumber2PropagationsTotal=197598
%%%mzn-stat: AverageConflictSize=21.97647976145594
%%%mzn-stat: NumUnitNogoodsLearned=0
%%%mzn-stat: AverageLearnedNogoodLength=37.852867841107724
%%%mzn-stat: AverageBacktrackAmount=0
%%%mzn-stat: AverageLbd=23.973994927511395
%%%mzn-stat: 2AutonomousSearchNumBackupCalled=3246
%%%mzn-stat: 2AutonomousSearchNumPredicatesRemoved=0
%%%mzn-stat: 2AutonomousSearchNumCalls=3252
%%%mzn-stat: 2AutonomousSearchNumPredicatesAdded=5314
%%%mzn-stat: 2AutonomousSearchAverageSizeOfHeap=3.0107626076260763
%%%mzn-stat: 2AutonomousSearchNumAssignedPredicatesEncountered=9791
%%%mzn-stat-end
maxleg = 374;
succ = array1d(1..50,[8, 4, 6, 10, 2, 5, 3, 15, 7, 14, 9, 17, 16, 19, 18, 25, 22, 24, 13, 12, 1, 28, 11, 34, 30, 42, 33, 35, 20, 31, 32, 41, 29, 36, 43, 48, 50, 37, 38, 23, 49, 44, 46, 47, 21, 45, 40, 26, 39, 27]);
% time elapsed: 62.53 s
----------
%%%mzn-stat: initTime=0.017183786
%%%mzn-stat: objective=371
%%%mzn-stat: nodes=264272
%%%mzn-stat: restarts=0
%%%mzn-stat: peakDepth=608
%%%mzn-stat: solveTime=61.779048592
%%%mzn-stat: variables=1086
%%%mzn-stat: propagators=795
%%%mzn-stat: failures=238046
%%%mzn-stat: propagations=4668788
%%%mzn-stat: nogoods=238046
%%%mzn-stat: numAtomicConstraintsPropagated=0
%%%mzn-stat: allDifferentNumber1TotalHallSetSize=2214886
%%%mzn-stat: allDifferentNumber1NumberOfConflicts=115776
%%%mzn-stat: allDifferentNumber1MaxHallSetSize=40
%%%mzn-stat: allDifferentNumber1PropagationsTotal=510586
%%%mzn-stat: allDifferentNumber1PropagationsThatFoundConflict=115776
%%%mzn-stat: circuitNumber2PropagationsThatFoundConflict=4038
%%%mzn-stat: circuitNumber2TotalFixedEdgesAtConflict=173278
%%%mzn-stat: circuitNumber2NumberOfConflicts=4038
%%%mzn-stat: circuitNumber2PropagationsThatPruned=18350
%%%mzn-stat: circuitNumber2PropagationsTotal=203854
%%%mzn-stat: AverageConflictSize=22.05154045856683
%%%mzn-stat: NumUnitNogoodsLearned=0
%%%mzn-stat: AverageLearnedNogoodLength=37.88308142123791
%%%mzn-stat: AverageBacktrackAmount=0
%%%mzn-stat: AverageLbd=23.956050511245724
%%%mzn-stat: 2AutonomousSearchNumBackupCalled=3737
%%%mzn-stat: 2AutonomousSearchNumPredicatesRemoved=0
%%%mzn-stat: 2AutonomousSearchNumCalls=3744
%%%mzn-stat: 2AutonomousSearchNumPredicatesAdded=6598
%%%mzn-stat: 2AutonomousSearchAverageSizeOfHeap=3.09508547008547
%%%mzn-stat: 2AutonomousSearchNumAssignedPredicatesEncountered=11588
%%%mzn-stat-end
maxleg = 371;
succ = array1d(1..50,[8, 4, 6, 10, 13, 5, 3, 15, 7, 14, 9, 17, 16, 19, 18, 25, 22, 24, 27, 12, 1, 28, 11, 34, 30, 42, 33, 35, 20, 31, 32, 41, 29, 36, 43, 48, 50, 37, 38, 23, 49, 44, 46, 47, 21, 45, 40, 26, 39, 2]);
% time elapsed: 63.72 s
----------
%%%mzn-stat: initTime=0.017183786
%%%mzn-stat: objective=355
%%%mzn-stat: nodes=264846
%%%mzn-stat: restarts=0
%%%mzn-stat: peakDepth=608
%%%mzn-stat: solveTime=61.793555499
%%%mzn-stat: variables=1086
%%%mzn-stat: propagators=795
%%%mzn-stat: failures=238090
%%%mzn-stat: propagations=4671394
%%%mzn-stat: nogoods=238090
%%%mzn-stat: numAtomicConstraintsPropagated=0
%%%mzn-stat: allDifferentNumber1TotalHallSetSize=2214938
%%%mzn-stat: allDifferentNumber1NumberOfConflicts=115790
%%%mzn-stat: allDifferentNumber1MaxHallSetSize=40
%%%mzn-stat: allDifferentNumber1PropagationsTotal=510778
%%%mzn-stat: allDifferentNumber1PropagationsThatFoundConflict=115790
%%%mzn-stat: circuitNumber2PropagationsThatFoundConflict=4060
%%%mzn-stat: circuitNumber2TotalFixedEdgesAtConflict=174284
%%%mzn-stat: circuitNumber2NumberOfConflicts=4060
%%%mzn-stat: circuitNumber2PropagationsThatPruned=18372
%%%mzn-stat: circuitNumber2PropagationsTotal=203979
%%%mzn-stat: AverageConflictSize=22.050938720651853
%%%mzn-stat: NumUnitNogoodsLearned=0
%%%mzn-stat: AverageLearnedNogoodLength=37.88274182032005
%%%mzn-stat: AverageBacktrackAmount=0
%%%mzn-stat: AverageLbd=23.956764248813474
%%%mzn-stat: 2AutonomousSearchNumBackupCalled=4229
%%%mzn-stat: 2AutonomousSearchNumPredicatesRemoved=0
%%%mzn-stat: 2AutonomousSearchNumCalls=4237
%%%mzn-stat: 2AutonomousSearchNumPredicatesAdded=7336
%%%mzn-stat: 2AutonomousSearchAverageSizeOfHeap=3.159074817087562
%%%mzn-stat: 2AutonomousSearchNumAssignedPredicatesEncountered=13385
%%%mzn-stat-end
maxleg = 355;
succ = array1d(1..50,[8, 4, 6, 10, 13, 5, 3, 15, 7, 14, 9, 17, 16, 19, 18, 25, 22, 24, 27, 12, 1, 28, 11, 34, 30, 42, 33, 35, 20, 32, 26, 41, 29, 36, 43, 45, 50, 37, 38, 23, 49, 44, 48, 47, 46, 31, 40, 21, 39, 2]);
% time elapsed: 63.74 s
----------
%%%mzn-stat: initTime=0.017183786
%%%mzn-stat: objective=347
%%%mzn-stat: nodes=266103
%%%mzn-stat: restarts=0
%%%mzn-stat: peakDepth=608
%%%mzn-stat: solveTime=61.89171479
%%%mzn-stat: variables=1086
%%%mzn-stat: propagators=795
%%%mzn-stat: failures=238536
%%%mzn-stat: propagations=4684195
%%%mzn-stat: nogoods=238536
%%%mzn-stat: numAtomicConstraintsPropagated=0
%%%mzn-stat: allDifferentNumber1TotalHallSetSize=2223216
%%%mzn-stat: allDifferentNumber1NumberOfConflicts=116206
%%%mzn-stat: allDifferentNumber1MaxHallSetSize=40
%%%mzn-stat: allDifferentNumber1PropagationsTotal=512339
%%%mzn-stat: allDifferentNumber1PropagationsThatFoundConflict=116206
%%%mzn-stat: circuitNumber2PropagationsThatFoundConflict=4064
%%%mzn-stat: circuitNumber2TotalFixedEdgesAtConflict=174437
%%%mzn-stat: circuitNumber2NumberOfConflicts=4064
%%%mzn-stat: circuitNumber2PropagationsThatPruned=18406
%%%mzn-stat: circuitNumber2PropagationsTotal=204589
%%%mzn-stat: AverageConflictSize=22.075741187912936
%%%mzn-stat: NumUnitNogoodsLearned=0
%%%mzn-stat: AverageLearnedNogoodLength=37.891789918502866
%%%mzn-stat: AverageBacktrackAmount=0
%%%mzn-stat: AverageLbd=23.95330683838079
%%%mzn-stat: 2AutonomousSearchNumBackupCalled=4701
%%%mzn-stat: 2AutonomousSearchNumPredicatesRemoved=0
%%%mzn-stat: 2AutonomousSearchNumCalls=4710
%%%mzn-stat: 2AutonomousSearchNumPredicatesAdded=8115
%%%mzn-stat: 2AutonomousSearchAverageSizeOfHeap=3.229299363057325
%%%mzn-stat: 2AutonomousSearchNumAssignedPredicatesEncountered=15210
%%%mzn-stat-end
maxleg = 347;
succ = array1d(1..50,[8, 4, 6, 10, 13, 5, 3, 15, 7, 14, 9, 20, 16, 19, 17, 25, 18, 22, 27, 29, 1, 12, 11, 34, 30, 42, 33, 35, 32, 46, 48, 26, 41, 36, 39, 43, 50, 37, 49, 23, 31, 44, 28, 47, 24, 45, 40, 21, 38, 2]);
% time elapsed: 63.83 s
----------
%%%mzn-stat: initTime=0.017183786
%%%mzn-stat: objective=343
%%%mzn-stat: nodes=266673
%%%mzn-stat: restarts=0
%%%mzn-stat: peakDepth=608
%%%mzn-stat: solveTime=61.902168212
%%%mzn-stat: variables=1086
%%%mzn-stat: propagators=795
%%%mzn-stat: failures=238575
%%%mzn-stat: propagations=4686971
%%%mzn-stat: nogoods=238575
%%%mzn-stat: numAtomicConstraintsPropagated=0
%%%mzn-stat: allDifferentNumber1TotalHallSetSize=2223338
%%%mzn-stat: allDifferentNumber1NumberOfConflicts=116226
%%%mzn-stat: allDifferentNumber1MaxHallSetSize=40
%%%mzn-stat: allDifferentNumber1PropagationsTotal=512553
%%%mzn-stat: allDifferentNumber1PropagationsThatFoundConflict=116226
%%%mzn-stat: circuitNumber2PropagationsThatFoundConflict=4077
%%%mzn-stat: circuitNumber2TotalFixedEdgesAtConflict=175026
%%%mzn-stat: circuitNumber2NumberOfConflicts=4077
%%%mzn-stat: circuitNumber2PropagationsThatPruned=18425
%%%mzn-stat: circuitNumber2PropagationsTotal=204721
%%%mzn-stat: AverageConflictSize=22.074752174368648
%%%mzn-stat: NumUnitNogoodsLearned=0
%%%mzn-stat: AverageLearnedNogoodLength=37.89005553809075
%%%mzn-stat: AverageBacktrackAmount=0
%%%mzn-stat: AverageLbd=23.952392329456146
%%%mzn-stat: 2AutonomousSearchNumBackupCalled=5170
%%%mzn-stat: 2AutonomousSearchNumPredicatesRemoved=0
%%%mzn-stat: 2AutonomousSearchNumCalls=5180
%%%mzn-stat: 2AutonomousSearchNumPredicatesAdded=8868
%%%mzn-stat: 2AutonomousSearchAverageSizeOfHeap=3.2903474903474903
%%%mzn-stat: 2AutonomousSearchNumAssignedPredicatesEncountered=17044
%%%mzn-stat-end
maxleg = 343;
succ = array1d(1..50,[8, 4, 6, 10, 13, 5, 3, 15, 7, 14, 9, 20, 16, 19, 17, 25, 18, 22, 27, 29, 1, 12, 11, 34, 30, 42, 33, 35, 37, 31, 46, 26, 41, 36, 32, 43, 50, 39, 28, 23, 49, 44, 48, 47, 24, 45, 40, 21, 38, 2]);
% time elapsed: 63.84 s
----------
%%%mzn-stat: initTime=0.017183786
%%%mzn-stat: objective=340
%%%mzn-stat: nodes=267437
%%%mzn-stat: restarts=0
%%%mzn-stat: peakDepth=608
%%%mzn-stat: solveTime=61.934373309
%%%mzn-stat: variables=1086
%%%mzn-stat: propagators=795
%%%mzn-stat: failures=238718
%%%mzn-stat: propagations=4692977
%%%mzn-stat: nogoods=238718
%%%mzn-stat: numAtomicConstraintsPropagated=0
%%%mzn-stat: allDifferentNumber1TotalHallSetSize=2223974
%%%mzn-stat: allDifferentNumber1NumberOfConflicts=116316
%%%mzn-stat: allDifferentNumber1MaxHallSetSize=40
%%%mzn-stat: allDifferentNumber1PropagationsTotal=513122
%%%mzn-stat: allDifferentNumber1PropagationsThatFoundConflict=116316
%%%mzn-stat: circuitNumber2PropagationsThatFoundConflict=4107
%%%mzn-stat: circuitNumber2TotalFixedEdgesAtConflict=176341
%%%mzn-stat: circuitNumber2NumberOfConflicts=4107
%%%mzn-stat: circuitNumber2PropagationsThatPruned=18488
%%%mzn-stat: circuitNumber2PropagationsTotal=205034
%%%mzn-stat: AverageConflictSize=22.07455240074062
%%%mzn-stat: NumUnitNogoodsLearned=0
%%%mzn-stat: AverageLearnedNogoodLength=37.88896103352072
%%%mzn-stat: AverageBacktrackAmount=0
%%%mzn-stat: AverageLbd=23.95121021456279
%%%mzn-stat: 2AutonomousSearchNumBackupCalled=5664
%%%mzn-stat: 2AutonomousSearchNumPredicatesRemoved=0
%%%mzn-stat: 2AutonomousSearchNumCalls=5675
%%%mzn-stat: 2AutonomousSearchNumPredicatesAdded=9652
%%%mzn-stat: 2AutonomousSearchAverageSizeOfHeap=3.329691629955947
%%%mzn-stat: 2AutonomousSearchNumAssignedPredicatesEncountered=18896
%%%mzn-stat-end
maxleg = 340;
succ = array1d(1..50,[8, 4, 6, 10, 13, 5, 3, 15, 7, 14, 9, 20, 16, 19, 17, 25, 18, 22, 27, 29, 1, 12, 11, 34, 42, 23, 33, 35, 37, 26, 32, 30, 41, 45, 36, 24, 50, 39, 28, 21, 49, 44, 46, 47, 48, 31, 40, 43, 38, 2]);
% time elapsed: 63.88 s
----------
%%%mzn-stat: initTime=0.017183786
%%%mzn-stat: objective=332
%%%mzn-stat: nodes=267940
%%%mzn-stat: restarts=0
%%%mzn-stat: peakDepth=608
%%%mzn-stat: solveTime=61.936945918
%%%mzn-stat: variables=1086
%%%mzn-stat: propagators=795
%%%mzn-stat: failures=238720
%%%mzn-stat: propagations=4694447
%%%mzn-stat: nogoods=238720
%%%mzn-stat: numAtomicConstraintsPropagated=0
%%%mzn-stat: allDifferentNumber1TotalHallSetSize=2223976
%%%mzn-stat: allDifferentNumber1NumberOfConflicts=116317
%%%mzn-stat: allDifferentNumber1MaxHallSetSize=40
%%%mzn-stat: allDifferentNumber1PropagationsTotal=513184
%%%mzn-stat: allDifferentNumber1PropagationsThatFoundConflict=116317
%%%mzn-stat: circuitNumber2PropagationsThatFoundConflict=4108
%%%mzn-stat: circuitNumber2TotalFixedEdgesAtConflict=176383
%%%mzn-stat: circuitNumber2NumberOfConflicts=4108
%%%mzn-stat: circuitNumber2PropagationsThatPruned=18490
%%%mzn-stat: circuitNumber2PropagationsTotal=205078
%%%mzn-stat: AverageConflictSize=22.074384215817695
%%%mzn-stat: NumUnitNogoodsLearned=0
%%%mzn-stat: AverageLearnedNogoodLength=37.888739946380696
%%%mzn-stat: AverageBacktrackAmount=0
%%%mzn-stat: AverageLbd=23.95105563002681
%%%mzn-stat: 2AutonomousSearchNumBackupCalled=6125
%%%mzn-stat: 2AutonomousSearchNumPredicatesRemoved=0
%%%mzn-stat: 2AutonomousSearchNumCalls=6137
%%%mzn-stat: 2AutonomousSearchNumPredicatesAdded=9751
%%%mzn-stat: 2AutonomousSearchAverageSizeOfHeap=3.3808049535603715
%%%mzn-stat: 2AutonomousSearchNumAssignedPredicatesEncountered=20748
%%%mzn-stat-end
maxleg = 332;
succ = array1d(1..50,[8, 4, 6, 10, 13, 5, 3, 15, 7, 14, 9, 20, 16, 19, 17, 25, 18, 22, 27, 29, 1, 12, 11, 34, 42, 23, 33, 35, 37, 26, 32, 30, 41, 45, 36, 43, 50, 39, 28, 21, 49, 44, 24, 47, 46, 48, 40, 31, 38, 2]);
% time elapsed: 63.89 s
----------
%%%mzn-stat: initTime=0.017183786
%%%mzn-stat: objective=331
%%%mzn-stat: nodes=268869
%%%mzn-stat: restarts=1
%%%mzn-stat: peakDepth=621
%%%mzn-stat: solveTime=61.962651309
%%%mzn-stat: variables=1086
%%%mzn-stat: propagators=795
%%%mzn-stat: failures=238796
%%%mzn-stat: propagations=4700327
%%%mzn-stat: nogoods=238796
%%%mzn-stat: numAtomicConstraintsPropagated=0
%%%mzn-stat: allDifferentNumber1TotalHallSetSize=2224154
%%%mzn-stat: allDifferentNumber1NumberOfConflicts=116360
%%%mzn-stat: allDifferentNumber1MaxHallSetSize=40
%%%mzn-stat: allDifferentNumber1PropagationsTotal=513908
%%%mzn-stat: allDifferentNumber1PropagationsThatFoundConflict=116360
%%%mzn-stat: circuitNumber2PropagationsThatFoundConflict=4141
%%%mzn-stat: circuitNumber2TotalFixedEdgesAtConflict=177863
%%%mzn-stat: circuitNumber2NumberOfConflicts=4141
%%%mzn-stat: circuitNumber2PropagationsThatPruned=18544
%%%mzn-stat: circuitNumber2PropagationsTotal=205482
%%%mzn-stat: AverageConflictSize=22.074084155513493
%%%mzn-stat: NumUnitNogoodsLearned=0
%%%mzn-stat: AverageLearnedNogoodLength=37.88735992227676
%%%mzn-stat: AverageBacktrackAmount=0
%%%mzn-stat: AverageLbd=23.951820801018442
%%%mzn-stat: 2AutonomousSearchNumBackupCalled=6595
%%%mzn-stat: 2AutonomousSearchNumPredicatesRemoved=0
%%%mzn-stat: 2AutonomousSearchNumCalls=6759
%%%mzn-stat: 2AutonomousSearchNumPredicatesAdded=10259
%%%mzn-stat: 2AutonomousSearchAverageSizeOfHeap=36.74848350347685
%%%mzn-stat: 2AutonomousSearchNumAssignedPredicatesEncountered=24462
%%%mzn-stat-end
maxleg = 331;
succ = array1d(1..50,[8, 4, 6, 10, 13, 5, 9, 15, 3, 14, 7, 20, 16, 19, 17, 25, 18, 22, 27, 29, 1, 12, 11, 34, 42, 23, 33, 35, 37, 26, 32, 30, 41, 45, 36, 43, 50, 39, 28, 21, 49, 44, 24, 47, 46, 48, 40, 31, 38, 2]);
% time elapsed: 63.91 s
----------
%%%mzn-stat: initTime=0.017183786
%%%mzn-stat: objective=328
%%%mzn-stat: nodes=269379
%%%mzn-stat: restarts=1
%%%mzn-stat: peakDepth=621
%%%mzn-stat: solveTime=61.964826252
%%%mzn-stat: variables=1086
%%%mzn-stat: propagators=795
%%%mzn-stat: failures=238796
%%%mzn-stat: propagations=4701752
%%%mzn-stat: nogoods=238796
%%%mzn-stat: numAtomicConstraintsPropagated=0
%%%mzn-stat: allDifferentNumber1TotalHallSetSize=2224154
%%%mzn-stat: allDifferentNumber1NumberOfConflicts=116360
%%%mzn-stat: allDifferentNumber1MaxHallSetSize=40
%%%mzn-stat: allDifferentNumber1PropagationsTotal=513966
%%%mzn-stat: allDifferentNumber1PropagationsThatFoundConflict=116360
%%%mzn-stat: circuitNumber2PropagationsThatFoundConflict=4141
%%%mzn-stat: circuitNumber2TotalFixedEdgesAtConflict=177863
%%%mzn-stat: circuitNumber2NumberOfConflicts=4141
%%%mzn-stat: circuitNumber2PropagationsThatPruned=18546
%%%mzn-stat: circuitNumber2PropagationsTotal=205523
%%%mzn-stat: AverageConflictSize=22.074084155513493
%%%mzn-stat: NumUnitNogoodsLearned=0
%%%mzn-stat: AverageLearnedNogoodLength=37.88735992227676
%%%mzn-stat: AverageBacktrackAmount=0
%%%mzn-stat: AverageLbd=23.951820801018442
%%%mzn-stat: 2AutonomousSearchNumBackupCalled=7065
%%%mzn-stat: 2AutonomousSearchNumPredicatesRemoved=0
%%%mzn-stat: 2AutonomousSearchNumCalls=7230
%%%mzn-stat: 2AutonomousSearchNumPredicatesAdded=10259
%%%mzn-stat: 2AutonomousSearchAverageSizeOfHeap=34.61134163208852
%%%mzn-stat: 2AutonomousSearchNumAssignedPredicatesEncountered=26319
%%%mzn-stat-end
maxleg = 328;
succ = array1d(1..50,[8, 4, 6, 10, 13, 5, 3, 15, 7, 14, 21, 20, 16, 19, 17, 25, 18, 22, 27, 29, 1, 12, 9, 34, 11, 42, 33, 35, 37, 26, 32, 30, 41, 45, 36, 43, 50, 39, 28, 23, 49, 44, 24, 47, 46, 48, 40, 31, 38, 2]);
% time elapsed: 63.92 s
----------
%%%mzn-stat: initTime=0.017183786
%%%mzn-stat: objective=302
%%%mzn-stat: nodes=269928
%%%mzn-stat: restarts=1
%%%mzn-stat: peakDepth=621
%%%mzn-stat: solveTime=61.977781661
%%%mzn-stat: variables=1086
%%%mzn-stat: propagators=795
%%%mzn-stat: failures=238850
%%%mzn-stat: propagations=4705105
%%%mzn-stat: nogoods=238850
%%%mzn-stat: numAtomicConstraintsPropagated=0
%%%mzn-stat: allDifferentNumber1TotalHallSetSize=2224242
%%%mzn-stat: allDifferentNumber1NumberOfConflicts=116379
%%%mzn-stat: allDifferentNumber1MaxHallSetSize=40
%%%mzn-stat: allDifferentNumber1PropagationsTotal=514186
%%%mzn-stat: allDifferentNumber1PropagationsThatFoundConflict=116379
%%%mzn-stat: circuitNumber2PropagationsThatFoundConflict=4164
%%%mzn-stat: circuitNumber2TotalFixedEdgesAtConflict=178886
%%%mzn-stat: circuitNumber2NumberOfConflicts=4164
%%%mzn-stat: circuitNumber2PropagationsThatPruned=18573
%%%mzn-stat: circuitNumber2PropagationsTotal=205652
%%%mzn-stat: AverageConflictSize=22.073397529830437
%%%mzn-stat: NumUnitNogoodsLearned=0
%%%mzn-stat: AverageLearnedNogoodLength=37.8867615658363
%%%mzn-stat: AverageBacktrackAmount=0
%%%mzn-stat: AverageLbd=23.951463261461168
%%%mzn-stat: 2AutonomousSearchNumBackupCalled=7511
%%%mzn-stat: 2AutonomousSearchNumPredicatesRemoved=0
%%%mzn-stat: 2AutonomousSearchNumCalls=7677
%%%mzn-stat: 2AutonomousSearchNumPredicatesAdded=10937
%%%mzn-stat: 2AutonomousSearchAverageSizeOfHeap=32.83860883157483
%%%mzn-stat: 2AutonomousSearchNumAssignedPredicatesEncountered=28181
%%%mzn-stat-end
maxleg = 302;
succ = array1d(1..50,[8, 4, 6, 10, 13, 5, 3, 15, 7, 14, 21, 20, 16, 19, 17, 25, 18, 22, 27, 29, 1, 12, 9, 34, 11, 42, 33, 39, 32, 26, 46, 31, 41, 45, 49, 35, 50, 37, 38, 23, 30, 44, 24, 47, 48, 43, 40, 36, 28, 2]);
% time elapsed: 63.93 s
----------
%%%mzn-stat: initTime=0.017183786
%%%mzn-stat: objective=299
%%%mzn-stat: nodes=270386
%%%mzn-stat: restarts=1
%%%mzn-stat: peakDepth=621
%%%mzn-stat: solveTime=61.980344391
%%%mzn-stat: variables=1086
%%%mzn-stat: propagators=795
%%%mzn-stat: failures=238855
%%%mzn-stat: propagations=4706723
%%%mzn-stat: nogoods=238855
%%%mzn-stat: numAtomicConstraintsPropagated=0
%%%mzn-stat: allDifferentNumber1TotalHallSetSize=2224248
%%%mzn-stat: allDifferentNumber1NumberOfConflicts=116380
%%%mzn-stat: allDifferentNumber1MaxHallSetSize=40
%%%mzn-stat: allDifferentNumber1PropagationsTotal=514249
%%%mzn-stat: allDifferentNumber1PropagationsThatFoundConflict=116380
%%%mzn-stat: circuitNumber2PropagationsThatFoundConflict=4166
%%%mzn-stat: circuitNumber2TotalFixedEdgesAtConflict=178979
%%%mzn-stat: circuitNumber2NumberOfConflicts=4166
%%%mzn-stat: circuitNumber2PropagationsThatPruned=18575
%%%mzn-stat: circuitNumber2PropagationsTotal=205695
%%%mzn-stat: AverageConflictSize=22.07319503464445
%%%mzn-stat: NumUnitNogoodsLearned=0
%%%mzn-stat: AverageLearnedNogoodLength=37.88664671034728
%%%mzn-stat: AverageBacktrackAmount=0
%%%mzn-stat: AverageLbd=23.951246572188147
%%%mzn-stat: 2AutonomousSearchNumBackupCalled=7927
%%%mzn-stat: 2AutonomousSearchNumPredicatesRemoved=0
%%%mzn-stat: 2AutonomousSearchNumCalls=8094
%%%mzn-stat: 2AutonomousSearchNumPredicatesAdded=11249
%%%mzn-stat: 2AutonomousSearchAverageSizeOfHeap=31.376822337533977
%%%mzn-stat: 2AutonomousSearchNumAssignedPredicatesEncountered=30043
%%%mzn-stat-end
maxleg = 299;
succ = array1d(1..50,[8, 4, 6, 10, 13, 5, 3, 15, 7, 14, 21, 20, 16, 19, 17, 25, 18, 22, 27, 29, 1, 12, 9, 34, 11, 42, 33, 39, 32, 26, 46, 35, 41, 45, 49, 24, 50, 37, 38, 23, 31, 44, 36, 47, 48, 43, 40, 30, 28, 2]);
% time elapsed: 63.93 s
----------
%%%mzn-stat: initTime=0.017183786
%%%mzn-stat: objective=294
%%%mzn-stat: nodes=271166
%%%mzn-stat: restarts=1
%%%mzn-stat: peakDepth=621
%%%mzn-stat: solveTime=62.00059523
%%%mzn-stat: variables=1086
%%%mzn-stat: propagators=795
%%%mzn-stat: failures=238919
%%%mzn-stat: propagations=4713454
%%%mzn-stat: nogoods=238919
%%%mzn-stat: numAtomicConstraintsPropagated=0
%%%mzn-stat: allDifferentNumber1TotalHallSetSize=2224639
%%%mzn-stat: allDifferentNumber1NumberOfConflicts=116424
%%%mzn-stat: allDifferentNumber1MaxHallSetSize=40
%%%mzn-stat: allDifferentNumber1PropagationsTotal=514896
%%%mzn-stat: allDifferentNumber1PropagationsThatFoundConflict=116424
%%%mzn-stat: circuitNumber2PropagationsThatFoundConflict=4172
%%%mzn-stat: circuitNumber2TotalFixedEdgesAtConflict=179263
%%%mzn-stat: circuitNumber2NumberOfConflicts=4172
%%%mzn-stat: circuitNumber2PropagationsThatPruned=18605
%%%mzn-stat: circuitNumber2PropagationsTotal=206082
%%%mzn-stat: AverageConflictSize=22.070998957805784
%%%mzn-stat: NumUnitNogoodsLearned=0
%%%mzn-stat: AverageLearnedNogoodLength=37.88255433849966
%%%mzn-stat: AverageBacktrackAmount=0
%%%mzn-stat: AverageLbd=23.94881110334465
%%%mzn-stat: 2AutonomousSearchNumBackupCalled=8338
%%%mzn-stat: 2AutonomousSearchNumPredicatesRemoved=0
%%%mzn-stat: 2AutonomousSearchNumCalls=8506
%%%mzn-stat: 2AutonomousSearchNumPredicatesAdded=11987
%%%mzn-stat: 2AutonomousSearchAverageSizeOfHeap=30.082647542910887
%%%mzn-stat: 2AutonomousSearchNumAssignedPredicatesEncountered=31962
%%%mzn-stat-end
maxleg = 294;
succ = array1d(1..50,[8, 4, 6, 10, 13, 5, 3, 15, 7, 14, 21, 20, 16, 19, 17, 25, 18, 22, 27, 29, 23, 12, 9, 34, 30, 42, 33, 39, 32, 35, 46, 26, 41, 1, 49, 43, 50, 37, 38, 11, 31, 44, 24, 47, 48, 45, 40, 36, 28, 2]);
% time elapsed: 63.95 s
----------
%%%mzn-stat: initTime=0.017183786
%%%mzn-stat: objective=288
%%%mzn-stat: nodes=272749
%%%mzn-stat: restarts=1
%%%mzn-stat: peakDepth=621
%%%mzn-stat: solveTime=62.193053389
%%%mzn-stat: variables=1086
%%%mzn-stat: propagators=795
%%%mzn-stat: failures=239698
%%%mzn-stat: propagations=4751833
%%%mzn-stat: nogoods=239698
%%%mzn-stat: numAtomicConstraintsPropagated=0
%%%mzn-stat: allDifferentNumber1TotalHallSetSize=2226757
%%%mzn-stat: allDifferentNumber1NumberOfConflicts=116844
%%%mzn-stat: allDifferentNumber1MaxHallSetSize=40
%%%mzn-stat: allDifferentNumber1PropagationsTotal=517909
%%%mzn-stat: allDifferentNumber1PropagationsThatFoundConflict=116844
%%%mzn-stat: circuitNumber2PropagationsThatFoundConflict=4505
%%%mzn-stat: circuitNumber2TotalFixedEdgesAtConflict=194496
%%%mzn-stat: circuitNumber2NumberOfConflicts=4505
%%%mzn-stat: circuitNumber2PropagationsThatPruned=18852
%%%mzn-stat: circuitNumber2PropagationsTotal=207984
%%%mzn-stat: AverageConflictSize=22.06093918180377
%%%mzn-stat: NumUnitNogoodsLearned=0
%%%mzn-stat: AverageLearnedNogoodLength=37.88437951088453
%%%mzn-stat: AverageBacktrackAmount=0
%%%mzn-stat: AverageLbd=23.945110096871897
%%%mzn-stat: 2AutonomousSearchNumBackupCalled=8727
%%%mzn-stat: 2AutonomousSearchNumPredicatesRemoved=0
%%%mzn-stat: 2AutonomousSearchNumCalls=8896
%%%mzn-stat: 2AutonomousSearchNumPredicatesAdded=13133
%%%mzn-stat: 2AutonomousSearchAverageSizeOfHeap=28.999325539568346
%%%mzn-stat: 2AutonomousSearchNumAssignedPredicatesEncountered=34057
%%%mzn-stat-end
maxleg = 288;
succ = array1d(1..50,[8, 4, 6, 10, 13, 5, 3, 15, 7, 14, 21, 22, 16, 19, 17, 25, 18, 24, 27, 29, 23, 20, 9, 36, 30, 42, 33, 12, 32, 31, 48, 26, 41, 1, 39, 43, 50, 37, 38, 11, 49, 44, 46, 47, 34, 35, 40, 45, 28, 2]);
% time elapsed: 64.15 s
----------
%%%mzn-stat: initTime=0.017183786
%%%mzn-stat: objective=287
%%%mzn-stat: nodes=273189
%%%mzn-stat: restarts=1
%%%mzn-stat: peakDepth=621
%%%mzn-stat: solveTime=62.198215247
%%%mzn-stat: variables=1086
%%%mzn-stat: propagators=795
%%%mzn-stat: failures=239710
%%%mzn-stat: propagations=4753926
%%%mzn-stat: nogoods=239710
%%%mzn-stat: numAtomicConstraintsPropagated=0
%%%mzn-stat: allDifferentNumber1TotalHallSetSize=2226762
%%%mzn-stat: allDifferentNumber1NumberOfConflicts=116846
%%%mzn-stat: allDifferentNumber1MaxHallSetSize=40
%%%mzn-stat: allDifferentNumber1PropagationsTotal=517989
%%%mzn-stat: allDifferentNumber1PropagationsThatFoundConflict=116846
%%%mzn-stat: circuitNumber2PropagationsThatFoundConflict=4511
%%%mzn-stat: circuitNumber2TotalFixedEdgesAtConflict=194750
%%%mzn-stat: circuitNumber2NumberOfConflicts=4511
%%%mzn-stat: circuitNumber2PropagationsThatPruned=18855
%%%mzn-stat: circuitNumber2PropagationsTotal=208039
%%%mzn-stat: AverageConflictSize=22.060585707730173
%%%mzn-stat: NumUnitNogoodsLearned=0
%%%mzn-stat: AverageLearnedNogoodLength=37.88460222769179
%%%mzn-stat: AverageBacktrackAmount=0
%%%mzn-stat: AverageLbd=23.944854198823577
%%%mzn-stat: 2AutonomousSearchNumBackupCalled=9121
%%%mzn-stat: 2AutonomousSearchNumPredicatesRemoved=0
%%%mzn-stat: 2AutonomousSearchNumCalls=9291
%%%mzn-stat: 2AutonomousSearchNumPredicatesAdded=13899
%%%mzn-stat: 2AutonomousSearchAverageSizeOfHeap=27.998708427510493
%%%mzn-stat: 2AutonomousSearchNumAssignedPredicatesEncountered=36215
%%%mzn-stat-end
maxleg = 287;
succ = array1d(1..50,[8, 4, 6, 10, 13, 5, 3, 15, 7, 14, 21, 22, 16, 19, 17, 25, 18, 24, 27, 29, 23, 20, 9, 36, 30, 42, 33, 12, 38, 31, 48, 26, 41, 1, 39, 43, 50, 37, 49, 11, 32, 44, 46, 47, 34, 35, 40, 45, 28, 2]);
% time elapsed: 64.16 s
----------
%%%mzn-stat: initTime=0.017183786
%%%mzn-stat: objective=278
%%%mzn-stat: nodes=273748
%%%mzn-stat: restarts=1
%%%mzn-stat: peakDepth=621
%%%mzn-stat: solveTime=62.213509447
%%%mzn-stat: variables=1086
%%%mzn-stat: propagators=795
%%%mzn-stat: failures=239772
%%%mzn-stat: propagations=4757716
%%%mzn-stat: nogoods=239772
%%%mzn-stat: numAtomicConstraintsPropagated=0
%%%mzn-stat: allDifferentNumber1TotalHallSetSize=2227174
%%%mzn-stat: allDifferentNumber1NumberOfConflicts=116898
%%%mzn-stat: allDifferentNumber1MaxHallSetSize=40
%%%mzn-stat: allDifferentNumber1PropagationsTotal=518312
%%%mzn-stat: allDifferentNumber1PropagationsThatFoundConflict=116898
%%%mzn-stat: circuitNumber2PropagationsThatFoundConflict=4516
%%%mzn-stat: circuitNumber2TotalFixedEdgesAtConflict=194985
%%%mzn-stat: circuitNumber2NumberOfConflicts=4516
%%%mzn-stat: circuitNumber2PropagationsThatPruned=18869
%%%mzn-stat: circuitNumber2PropagationsTotal=208210
%%%mzn-stat: AverageConflictSize=22.06022387935205
%%%mzn-stat: NumUnitNogoodsLearned=0
%%%mzn-stat: AverageLearnedNogoodLength=37.88337670787248
%%%mzn-stat: AverageBacktrackAmount=0
%%%mzn-stat: AverageLbd=23.94297082228117
%%%mzn-stat: 2AutonomousSearchNumBackupCalled=9502
%%%mzn-stat: 2AutonomousSearchNumPredicatesRemoved=0
%%%mzn-stat: 2AutonomousSearchNumCalls=9673
%%%mzn-stat: 2AutonomousSearchNumPredicatesAdded=14811
%%%mzn-stat: 2AutonomousSearchAverageSizeOfHeap=27.12943244081464
%%%mzn-stat: 2AutonomousSearchNumAssignedPredicatesEncountered=38502
%%%mzn-stat-end
maxleg = 278;
succ = array1d(1..50,[34, 4, 6, 10, 13, 5, 3, 15, 7, 14, 21, 22, 16, 19, 17, 25, 18, 24, 27, 29, 23, 20, 9, 36, 30, 42, 33, 12, 38, 31, 48, 26, 41, 45, 39, 43, 50, 37, 49, 11, 32, 44, 46, 47, 8, 35, 40, 1, 28, 2]);
% time elapsed: 64.17 s
----------
%%%mzn-stat: initTime=0.017183786
%%%mzn-stat: objective=277
%%%mzn-stat: nodes=275181
%%%mzn-stat: restarts=1
%%%mzn-stat: peakDepth=621
%%%mzn-stat: solveTime=62.40179231
%%%mzn-stat: variables=1086
%%%mzn-stat: propagators=795
%%%mzn-stat: failures=240490
%%%mzn-stat: propagations=4801919
%%%mzn-stat: nogoods=240490
%%%mzn-stat: numAtomicConstraintsPropagated=0
%%%mzn-stat: allDifferentNumber1TotalHallSetSize=2229520
%%%mzn-stat: allDifferentNumber1NumberOfConflicts=117247
%%%mzn-stat: allDifferentNumber1MaxHallSetSize=40
%%%mzn-stat: allDifferentNumber1PropagationsTotal=521294
%%%mzn-stat: allDifferentNumber1PropagationsThatFoundConflict=117247
%%%mzn-stat: circuitNumber2PropagationsThatFoundConflict=4756
%%%mzn-stat: circuitNumber2TotalFixedEdgesAtConflict=205194
%%%mzn-stat: circuitNumber2NumberOfConflicts=4756
%%%mzn-stat: circuitNumber2PropagationsThatPruned=19412
%%%mzn-stat: circuitNumber2PropagationsTotal=209922
%%%mzn-stat: AverageConflictSize=22.04831801738118
%%%mzn-stat: NumUnitNogoodsLearned=0
%%%mzn-stat: AverageLearnedNogoodLength=37.9119589172107
%%%mzn-stat: AverageBacktrackAmount=0
%%%mzn-stat: AverageLbd=23.923884569004947
%%%mzn-stat: 2AutonomousSearchNumBackupCalled=9870
%%%mzn-stat: 2AutonomousSearchNumPredicatesRemoved=0
%%%mzn-stat: 2AutonomousSearchNumCalls=10042
%%%mzn-stat: 2AutonomousSearchNumPredicatesAdded=16268
%%%mzn-stat: 2AutonomousSearchAverageSizeOfHeap=26.369049990041823
%%%mzn-stat: 2AutonomousSearchNumAssignedPredicatesEncountered=40877
%%%mzn-stat-end
maxleg = 277;
succ = array1d(1..50,[34, 4, 6, 10, 13, 5, 3, 15, 7, 14, 21, 28, 16, 19, 17, 25, 18, 24, 27, 22, 23, 29, 40, 36, 30, 11, 33, 39, 38, 31, 48, 26, 41, 45, 49, 43, 50, 37, 20, 42, 32, 44, 46, 47, 8, 35, 9, 1, 12, 2]);
% time elapsed: 64.36 s
----------
%%%mzn-stat: initTime=0.017183786
%%%mzn-stat: objective=273
%%%mzn-stat: nodes=275796
%%%mzn-stat: restarts=1
%%%mzn-stat: peakDepth=621
%%%mzn-stat: solveTime=62.42434518
%%%mzn-stat: variables=1086
%%%mzn-stat: propagators=795
%%%mzn-stat: failures=240564
%%%mzn-stat: propagations=4807368
%%%mzn-stat: nogoods=240564
%%%mzn-stat: numAtomicConstraintsPropagated=0
%%%mzn-stat: allDifferentNumber1TotalHallSetSize=2230294
%%%mzn-stat: allDifferentNumber1NumberOfConflicts=117314
%%%mzn-stat: allDifferentNumber1MaxHallSetSize=40
%%%mzn-stat: allDifferentNumber1PropagationsTotal=521794
%%%mzn-stat: allDifferentNumber1PropagationsThatFoundConflict=117314
%%%mzn-stat: circuitNumber2PropagationsThatFoundConflict=4761
%%%mzn-stat: circuitNumber2TotalFixedEdgesAtConflict=205410
%%%mzn-stat: circuitNumber2NumberOfConflicts=4761
%%%mzn-stat: circuitNumber2PropagationsThatPruned=19429
%%%mzn-stat: circuitNumber2PropagationsTotal=210182
%%%mzn-stat: AverageConflictSize=22.04906802347816
%%%mzn-stat: NumUnitNogoodsLearned=0
%%%mzn-stat: AverageLearnedNogoodLength=37.91126269932326
%%%mzn-stat: AverageBacktrackAmount=0
%%%mzn-stat: AverageLbd=23.921605061438953
%%%mzn-stat: 2AutonomousSearchNumBackupCalled=10232
%%%mzn-stat: 2AutonomousSearchNumPredicatesRemoved=0
%%%mzn-stat: 2AutonomousSearchNumCalls=10405
%%%mzn-stat: 2AutonomousSearchNumPredicatesAdded=17291
%%%mzn-stat: 2AutonomousSearchAverageSizeOfHeap=25.683613647284957
%%%mzn-stat: 2AutonomousSearchNumAssignedPredicatesEncountered=43317
%%%mzn-stat-end
maxleg = 273;
succ = array1d(1..50,[34, 4, 6, 10, 13, 5, 3, 15, 7, 14, 21, 28, 16, 19, 17, 25, 18, 35, 27, 22, 23, 29, 40, 36, 8, 11, 33, 39, 38, 26, 48, 31, 41, 24, 49, 43, 50, 37, 20, 42, 32, 44, 46, 47, 1, 30, 9, 45, 12, 2]);
% time elapsed: 64.39 s
----------
%%%mzn-stat: initTime=0.017183786
%%%mzn-stat: objective=271
%%%mzn-stat: nodes=276294
%%%mzn-stat: restarts=1
%%%mzn-stat: peakDepth=621
%%%mzn-stat: solveTime=62.440939888
%%%mzn-stat: variables=1086
%%%mzn-stat: propagators=795
%%%mzn-stat: failures=240616
%%%mzn-stat: propagations=4811370
%%%mzn-stat: nogoods=240616
%%%mzn-stat: numAtomicConstraintsPropagated=0
%%%mzn-stat: allDifferentNumber1TotalHallSetSize=2230963
%%%mzn-stat: allDifferentNumber1NumberOfConflicts=117357
%%%mzn-stat: allDifferentNumber1MaxHallSetSize=40
%%%mzn-stat: allDifferentNumber1PropagationsTotal=522100
%%%mzn-stat: allDifferentNumber1PropagationsThatFoundConflict=117357
%%%mzn-stat: circuitNumber2PropagationsThatFoundConflict=4767
%%%mzn-stat: circuitNumber2TotalFixedEdgesAtConflict=205672
%%%mzn-stat: circuitNumber2NumberOfConflicts=4767
%%%mzn-stat: circuitNumber2PropagationsThatPruned=19450
%%%mzn-stat: circuitNumber2PropagationsTotal=210347
%%%mzn-stat: AverageConflictSize=22.05108970309539
%%%mzn-stat: NumUnitNogoodsLearned=0
%%%mzn-stat: AverageLearnedNogoodLength=37.91264088838648
%%%mzn-stat: AverageBacktrackAmount=0
%%%mzn-stat: AverageLbd=23.920262991654752
%%%mzn-stat: 2AutonomousSearchNumBackupCalled=10583
%%%mzn-stat: 2AutonomousSearchNumPredicatesRemoved=0
%%%mzn-stat: 2AutonomousSearchNumCalls=10757
%%%mzn-stat: 2AutonomousSearchNumPredicatesAdded=18452
%%%mzn-stat: 2AutonomousSearchAverageSizeOfHeap=25.07195314678814
%%%mzn-stat: 2AutonomousSearchNumAssignedPredicatesEncountered=45778
%%%mzn-stat-end
maxleg = 271;
succ = array1d(1..50,[34, 4, 6, 10, 13, 5, 3, 15, 7, 14, 21, 28, 16, 27, 17, 19, 18, 35, 25, 22, 23, 29, 40, 36, 8, 11, 33, 49, 38, 26, 48, 31, 41, 24, 39, 43, 50, 37, 12, 42, 32, 44, 46, 47, 1, 30, 9, 45, 20, 2]);
% time elapsed: 64.41 s
----------
%%%mzn-stat: initTime=0.017183786
%%%mzn-stat: objective=270
%%%mzn-stat: nodes=276680
%%%mzn-stat: restarts=1
%%%mzn-stat: peakDepth=621
%%%mzn-stat: solveTime=62.443422792
%%%mzn-stat: variables=1086
%%%mzn-stat: propagators=795
%%%mzn-stat: failures=240617
%%%mzn-stat: propagations=4812833
%%%mzn-stat: nogoods=240617
%%%mzn-stat: numAtomicConstraintsPropagated=0
%%%mzn-stat: allDifferentNumber1TotalHallSetSize=2230967
%%%mzn-stat: allDifferentNumber1NumberOfConflicts=117358
%%%mzn-stat: allDifferentNumber1MaxHallSetSize=40
%%%mzn-stat: allDifferentNumber1PropagationsTotal=522155
%%%mzn-stat: allDifferentNumber1PropagationsThatFoundConflict=117358
%%%mzn-stat: circuitNumber2PropagationsThatFoundConflict=4767
%%%mzn-stat: circuitNumber2TotalFixedEdgesAtConflict=205672
%%%mzn-stat: circuitNumber2NumberOfConflicts=4767
%%%mzn-stat: circuitNumber2PropagationsThatPruned=19451
%%%mzn-stat: circuitNumber2PropagationsTotal=210381
%%%mzn-stat: AverageConflictSize=22.051047930944197
%%%mzn-stat: NumUnitNogoodsLearned=0
%%%mzn-stat: AverageLearnedNogoodLength=37.91253319590885
%%%mzn-stat: AverageBacktrackAmount=0
%%%mzn-stat: AverageLbd=23.92019682732309
%%%mzn-stat: 2AutonomousSearchNumBackupCalled=10936
%%%mzn-stat: 2AutonomousSearchNumPredicatesRemoved=0
%%%mzn-stat: 2AutonomousSearchNumCalls=11111
%%%mzn-stat: 2AutonomousSearchNumPredicatesAdded=18464
%%%mzn-stat: 2AutonomousSearchAverageSizeOfHeap=24.494644946449466
%%%mzn-stat: 2AutonomousSearchNumAssignedPredicatesEncountered=48239
%%%mzn-stat-end
maxleg = 270;
succ = array1d(1..50,[34, 4, 6, 10, 13, 5, 3, 15, 7, 14, 21, 28, 16, 27, 17, 19, 18, 35, 25, 22, 23, 29, 40, 36, 8, 11, 33, 49, 38, 26, 48, 31, 41, 45, 39, 43, 50, 37, 12, 42, 32, 44, 46, 47, 24, 30, 9, 1, 20, 2]);
% time elapsed: 64.41 s
----------
%%%mzn-stat: initTime=0.017183786
%%%mzn-stat: objective=266
%%%mzn-stat: nodes=277242
%%%mzn-stat: restarts=1
%%%mzn-stat: peakDepth=621
%%%mzn-stat: solveTime=62.472113675
%%%mzn-stat: variables=1086
%%%mzn-stat: propagators=795
%%%mzn-stat: failures=240725
%%%mzn-stat: propagations=4821263
%%%mzn-stat: nogoods=240725
%%%mzn-stat: numAtomicConstraintsPropagated=0
%%%mzn-stat: allDifferentNumber1TotalHallSetSize=2231249
%%%mzn-stat: allDifferentNumber1NumberOfConflicts=117411
%%%mzn-stat: allDifferentNumber1MaxHallSetSize=40
%%%mzn-stat: allDifferentNumber1PropagationsTotal=522641
%%%mzn-stat: allDifferentNumber1PropagationsThatFoundConflict=117411
%%%mzn-stat: circuitNumber2PropagationsThatFoundConflict=4808
%%%mzn-stat: circuitNumber2TotalFixedEdgesAtConflict=207465
%%%mzn-stat: circuitNumber2NumberOfConflicts=4808
%%%mzn-stat: circuitNumber2PropagationsThatPruned=19513
%%%mzn-stat: circuitNumber2PropagationsTotal=210666
%%%mzn-stat: AverageConflictSize=22.048495170838095
%%%mzn-stat: NumUnitNogoodsLearned=0
%%%mzn-stat: AverageLearnedNogoodLength=37.91279260567037
%%%mzn-stat: AverageBacktrackAmount=0
%%%mzn-stat: AverageLbd=23.916705784608993
%%%mzn-stat: 2AutonomousSearchNumBackupCalled=11298
%%%mzn-stat: 2AutonomousSearchNumPredicatesRemoved=0
%%%mzn-stat: 2AutonomousSearchNumCalls=11474
%%%mzn-stat: 2AutonomousSearchNumPredicatesAdded=19718
%%%mzn-stat: 2AutonomousSearchAverageSizeOfHeap=23.93629074429144
%%%mzn-stat: 2AutonomousSearchNumAssignedPredicatesEncountered=50724
%%%mzn-stat-end
maxleg = 266;
succ = array1d(1..50,[34, 4, 6, 10, 13, 5, 3, 15, 7, 14, 21, 28, 16, 27, 17, 19, 18, 35, 25, 22, 23, 29, 40, 36, 30, 11, 33, 49, 38, 31, 48, 26, 41, 45, 39, 43, 50, 37, 12, 42, 32, 44, 46, 47, 24, 8, 9, 1, 20, 2]);
% time elapsed: 64.44 s
----------
=====ERROR=====
% time elapsed: 1719.31 s
