%%%mzn-stat: initTime=0.053124178
%%%mzn-stat: objective=204
%%%mzn-stat: nodes=3599
%%%mzn-stat: restarts=0
%%%mzn-stat: peakDepth=1384
%%%mzn-stat: solveTime=5.09119196
%%%mzn-stat: variables=3350
%%%mzn-stat: propagators=2897
%%%mzn-stat: failures=1624
%%%mzn-stat: propagations=383609
%%%mzn-stat: nogoods=1624
%%%mzn-stat: AverageConflictSize=28.125615763546797
%%%mzn-stat: NumUnitNogoodsLearned=203
%%%mzn-stat: AverageLearnedNogoodLength=295.6274630541872
%%%mzn-stat: AverageBacktrackAmount=0
%%%mzn-stat: AverageLbd=122.47167487684729
%%%mzn-stat-end
maxleg = 204;
succ = array1d(1..150,[83, 147, 135, 118, 145, 116, 31, 77, 142, 32, 148, 92, 134, 12, 52, 34, 110, 109, 22, 112, 41, 30, 61, 144, 81, 5, 65, 139, 132, 37, 59, 130, 121, 136, 85, 82, 4, 124, 10, 119, 149, 131, 75, 122, 100, 129, 25, 67, 43, 14, 106, 146, 74, 86, 46, 103, 90, 53, 57, 42, 15, 51, 36, 63, 99, 95, 107, 66, 55, 13, 113, 94, 49, 33, 40, 72, 6, 70, 1, 50, 71, 114, 104, 127, 79, 28, 88, 133, 8, 58, 123, 102, 125, 68, 2, 108, 9, 56, 11, 20, 138, 64, 93, 87, 150, 16, 105, 48, 98, 39, 7, 76, 54, 26, 84, 69, 47, 111, 17, 141, 21, 126, 143, 137, 60, 18, 96, 62, 80, 117, 140, 91, 78, 120, 97, 19, 73, 3, 44, 89, 29, 45, 128, 38, 115, 35, 27, 23, 24, 101]);
% time elapsed: 13.08 s
----------
==========
% time elapsed: 13.09 s
%%%mzn-stat: initTime=0.053124178
%%%mzn-stat: objective=204
%%%mzn-stat: nodes=3599
%%%mzn-stat: restarts=0
%%%mzn-stat: peakDepth=1384
%%%mzn-stat: solveTime=5.091204741
%%%mzn-stat: variables=3350
%%%mzn-stat: propagators=2897
%%%mzn-stat: failures=1624
%%%mzn-stat: propagations=383609
%%%mzn-stat: nogoods=1624
%%%mzn-stat: AverageConflictSize=28.125615763546797
%%%mzn-stat: NumUnitNogoodsLearned=203
%%%mzn-stat: AverageLearnedNogoodLength=295.6274630541872
%%%mzn-stat: AverageBacktrackAmount=0
%%%mzn-stat: AverageLbd=122.47167487684729
%%%mzn-stat-end
