% Logging successfully configured
%%%mzn-stat: initTime=0.003636542
%%%mzn-stat: objective=597
%%%mzn-stat: nodes=942
%%%mzn-stat: restarts=0
%%%mzn-stat: peakDepth=253
%%%mzn-stat: solveTime=0.006299809
%%%mzn-stat: variables=504
%%%mzn-stat: propagators=355
%%%mzn-stat: failures=93
%%%mzn-stat: propagations=5940
%%%mzn-stat: nogoods=93
%%%mzn-stat: numAtomicConstraintsPropagated=0
%%%mzn-stat: allDifferentNumber1TotalHallSetSize=215
%%%mzn-stat: allDifferentNumber1NumberOfConflicts=93
%%%mzn-stat: allDifferentNumber1MaxHallSetSize=18
%%%mzn-stat: allDifferentNumber1PropagationsTotal=1202
%%%mzn-stat: allDifferentNumber1PropagationsThatFoundConflict=93
%%%mzn-stat: circuitNumber2PropagationsThatFoundConflict=0
%%%mzn-stat: circuitNumber2TotalFixedEdgesAtConflict=0
%%%mzn-stat: circuitNumber2NumberOfConflicts=0
%%%mzn-stat: circuitNumber2PropagationsThatPruned=24
%%%mzn-stat: circuitNumber2PropagationsTotal=641
%%%mzn-stat: AverageConflictSize=2.2903225806451615
%%%mzn-stat: NumUnitNogoodsLearned=0
%%%mzn-stat: AverageLearnedNogoodLength=2.2903225806451615
%%%mzn-stat: AverageBacktrackAmount=0
%%%mzn-stat: AverageLbd=2.2903225806451615
%%%mzn-stat: 2AutonomousSearchNumBackupCalled=236
%%%mzn-stat: 2AutonomousSearchNumPredicatesRemoved=0
%%%mzn-stat: 2AutonomousSearchNumCalls=237
%%%mzn-stat: 2AutonomousSearchNumPredicatesAdded=136
%%%mzn-stat: 2AutonomousSearchAverageSizeOfHeap=0.5738396624472574
%%%mzn-stat: 2AutonomousSearchNumAssignedPredicatesEncountered=136
%%%mzn-stat-end
maxleg = 597;
succ = array1d(1..20,[2, 4, 1, 5, 10, 3, 6, 7, 8, 11, 13, 14, 12, 15, 17, 9, 20, 16, 18, 19]);
% time elapsed: 0.48 s
----------
%%%mzn-stat: initTime=0.003636542
%%%mzn-stat: objective=574
%%%mzn-stat: nodes=1268
%%%mzn-stat: restarts=0
%%%mzn-stat: peakDepth=253
%%%mzn-stat: solveTime=0.007227855
%%%mzn-stat: variables=504
%%%mzn-stat: propagators=355
%%%mzn-stat: failures=103
%%%mzn-stat: propagations=7138
%%%mzn-stat: nogoods=103
%%%mzn-stat: numAtomicConstraintsPropagated=0
%%%mzn-stat: allDifferentNumber1TotalHallSetSize=235
%%%mzn-stat: allDifferentNumber1NumberOfConflicts=103
%%%mzn-stat: allDifferentNumber1MaxHallSetSize=18
%%%mzn-stat: allDifferentNumber1PropagationsTotal=1387
%%%mzn-stat: allDifferentNumber1PropagationsThatFoundConflict=103
%%%mzn-stat: circuitNumber2PropagationsThatFoundConflict=0
%%%mzn-stat: circuitNumber2TotalFixedEdgesAtConflict=0
%%%mzn-stat: circuitNumber2NumberOfConflicts=0
%%%mzn-stat: circuitNumber2PropagationsThatPruned=25
%%%mzn-stat: circuitNumber2PropagationsTotal=739
%%%mzn-stat: AverageConflictSize=2.262135922330097
%%%mzn-stat: NumUnitNogoodsLearned=0
%%%mzn-stat: AverageLearnedNogoodLength=2.262135922330097
%%%mzn-stat: AverageBacktrackAmount=0
%%%mzn-stat: AverageLbd=2.262135922330097
%%%mzn-stat: 2AutonomousSearchNumBackupCalled=454
%%%mzn-stat: 2AutonomousSearchNumPredicatesRemoved=0
%%%mzn-stat: 2AutonomousSearchNumCalls=456
%%%mzn-stat: 2AutonomousSearchNumPredicatesAdded=156
%%%mzn-stat: 2AutonomousSearchAverageSizeOfHeap=0.6206140350877193
%%%mzn-stat: 2AutonomousSearchNumAssignedPredicatesEncountered=283
%%%mzn-stat-end
maxleg = 574;
succ = array1d(1..20,[2, 4, 1, 5, 10, 3, 6, 7, 8, 11, 13, 14, 12, 15, 19, 9, 18, 16, 20, 17]);
% time elapsed: 0.48 s
----------
%%%mzn-stat: initTime=0.003636542
%%%mzn-stat: objective=507
%%%mzn-stat: nodes=1820
%%%mzn-stat: restarts=0
%%%mzn-stat: peakDepth=253
%%%mzn-stat: solveTime=0.01080938
%%%mzn-stat: variables=504
%%%mzn-stat: propagators=355
%%%mzn-stat: failures=141
%%%mzn-stat: propagations=10168
%%%mzn-stat: nogoods=141
%%%mzn-stat: numAtomicConstraintsPropagated=0
%%%mzn-stat: allDifferentNumber1TotalHallSetSize=311
%%%mzn-stat: allDifferentNumber1NumberOfConflicts=141
%%%mzn-stat: allDifferentNumber1MaxHallSetSize=18
%%%mzn-stat: allDifferentNumber1PropagationsTotal=2006
%%%mzn-stat: allDifferentNumber1PropagationsThatFoundConflict=141
%%%mzn-stat: circuitNumber2PropagationsThatFoundConflict=0
%%%mzn-stat: circuitNumber2TotalFixedEdgesAtConflict=0
%%%mzn-stat: circuitNumber2NumberOfConflicts=0
%%%mzn-stat: circuitNumber2PropagationsThatPruned=29
%%%mzn-stat: circuitNumber2PropagationsTotal=1059
%%%mzn-stat: AverageConflictSize=2.1914893617021276
%%%mzn-stat: NumUnitNogoodsLearned=0
%%%mzn-stat: AverageLearnedNogoodLength=2.1914893617021276
%%%mzn-stat: AverageBacktrackAmount=0
%%%mzn-stat: AverageLbd=2.1914893617021276
%%%mzn-stat: 2AutonomousSearchNumBackupCalled=651
%%%mzn-stat: 2AutonomousSearchNumPredicatesRemoved=0
%%%mzn-stat: 2AutonomousSearchNumCalls=654
%%%mzn-stat: 2AutonomousSearchNumPredicatesAdded=207
%%%mzn-stat: 2AutonomousSearchAverageSizeOfHeap=0.6681957186544343
%%%mzn-stat: 2AutonomousSearchNumAssignedPredicatesEncountered=437
%%%mzn-stat-end
maxleg = 507;
succ = array1d(1..20,[2, 4, 6, 5, 10, 7, 8, 1, 3, 11, 13, 14, 12, 15, 19, 9, 18, 16, 20, 17]);
% time elapsed: 0.49 s
----------
%%%mzn-stat: initTime=0.003636542
%%%mzn-stat: objective=502
%%%mzn-stat: nodes=2105
%%%mzn-stat: restarts=0
%%%mzn-stat: peakDepth=253
%%%mzn-stat: solveTime=0.011756613
%%%mzn-stat: variables=504
%%%mzn-stat: propagators=355
%%%mzn-stat: failures=153
%%%mzn-stat: propagations=11436
%%%mzn-stat: nogoods=153
%%%mzn-stat: numAtomicConstraintsPropagated=0
%%%mzn-stat: allDifferentNumber1TotalHallSetSize=335
%%%mzn-stat: allDifferentNumber1NumberOfConflicts=153
%%%mzn-stat: allDifferentNumber1MaxHallSetSize=18
%%%mzn-stat: allDifferentNumber1PropagationsTotal=2166
%%%mzn-stat: allDifferentNumber1PropagationsThatFoundConflict=153
%%%mzn-stat: circuitNumber2PropagationsThatFoundConflict=0
%%%mzn-stat: circuitNumber2TotalFixedEdgesAtConflict=0
%%%mzn-stat: circuitNumber2NumberOfConflicts=0
%%%mzn-stat: circuitNumber2PropagationsThatPruned=30
%%%mzn-stat: circuitNumber2PropagationsTotal=1141
%%%mzn-stat: AverageConflictSize=2.176470588235294
%%%mzn-stat: NumUnitNogoodsLearned=0
%%%mzn-stat: AverageLearnedNogoodLength=2.176470588235294
%%%mzn-stat: AverageBacktrackAmount=0
%%%mzn-stat: AverageLbd=2.176470588235294
%%%mzn-stat: 2AutonomousSearchNumBackupCalled=842
%%%mzn-stat: 2AutonomousSearchNumPredicatesRemoved=0
%%%mzn-stat: 2AutonomousSearchNumCalls=846
%%%mzn-stat: 2AutonomousSearchNumPredicatesAdded=229
%%%mzn-stat: 2AutonomousSearchAverageSizeOfHeap=0.7009456264775413
%%%mzn-stat: 2AutonomousSearchNumAssignedPredicatesEncountered=593
%%%mzn-stat-end
maxleg = 502;
succ = array1d(1..20,[2, 4, 6, 5, 10, 7, 8, 9, 1, 11, 13, 14, 12, 15, 19, 3, 18, 16, 20, 17]);
% time elapsed: 0.49 s
----------
%%%mzn-stat: initTime=0.003636542
%%%mzn-stat: objective=491
%%%mzn-stat: nodes=2312
%%%mzn-stat: restarts=0
%%%mzn-stat: peakDepth=253
%%%mzn-stat: solveTime=0.012078407
%%%mzn-stat: variables=504
%%%mzn-stat: propagators=355
%%%mzn-stat: failures=154
%%%mzn-stat: propagations=12079
%%%mzn-stat: nogoods=154
%%%mzn-stat: numAtomicConstraintsPropagated=0
%%%mzn-stat: allDifferentNumber1TotalHallSetSize=337
%%%mzn-stat: allDifferentNumber1NumberOfConflicts=154
%%%mzn-stat: allDifferentNumber1MaxHallSetSize=18
%%%mzn-stat: allDifferentNumber1PropagationsTotal=2206
%%%mzn-stat: allDifferentNumber1PropagationsThatFoundConflict=154
%%%mzn-stat: circuitNumber2PropagationsThatFoundConflict=0
%%%mzn-stat: circuitNumber2TotalFixedEdgesAtConflict=0
%%%mzn-stat: circuitNumber2NumberOfConflicts=0
%%%mzn-stat: circuitNumber2PropagationsThatPruned=31
%%%mzn-stat: circuitNumber2PropagationsTotal=1163
%%%mzn-stat: AverageConflictSize=2.175324675324675
%%%mzn-stat: NumUnitNogoodsLearned=0
%%%mzn-stat: AverageLearnedNogoodLength=2.175324675324675
%%%mzn-stat: AverageBacktrackAmount=0
%%%mzn-stat: AverageLbd=2.175324675324675
%%%mzn-stat: 2AutonomousSearchNumBackupCalled=1026
%%%mzn-stat: 2AutonomousSearchNumPredicatesRemoved=0
%%%mzn-stat: 2AutonomousSearchNumCalls=1031
%%%mzn-stat: 2AutonomousSearchNumPredicatesAdded=231
%%%mzn-stat: 2AutonomousSearchAverageSizeOfHeap=0.7264791464597479
%%%mzn-stat: 2AutonomousSearchNumAssignedPredicatesEncountered=749
%%%mzn-stat-end
maxleg = 491;
succ = array1d(1..20,[2, 4, 6, 5, 10, 7, 8, 9, 1, 11, 13, 14, 12, 20, 19, 3, 18, 16, 17, 15]);
% time elapsed: 0.49 s
----------
%%%mzn-stat: initTime=0.003636542
%%%mzn-stat: objective=470
%%%mzn-stat: nodes=2520
%%%mzn-stat: restarts=0
%%%mzn-stat: peakDepth=253
%%%mzn-stat: solveTime=0.012518018
%%%mzn-stat: variables=504
%%%mzn-stat: propagators=355
%%%mzn-stat: failures=158
%%%mzn-stat: propagations=12907
%%%mzn-stat: nogoods=158
%%%mzn-stat: numAtomicConstraintsPropagated=0
%%%mzn-stat: allDifferentNumber1TotalHallSetSize=345
%%%mzn-stat: allDifferentNumber1NumberOfConflicts=158
%%%mzn-stat: allDifferentNumber1MaxHallSetSize=18
%%%mzn-stat: allDifferentNumber1PropagationsTotal=2276
%%%mzn-stat: allDifferentNumber1PropagationsThatFoundConflict=158
%%%mzn-stat: circuitNumber2PropagationsThatFoundConflict=0
%%%mzn-stat: circuitNumber2TotalFixedEdgesAtConflict=0
%%%mzn-stat: circuitNumber2NumberOfConflicts=0
%%%mzn-stat: circuitNumber2PropagationsThatPruned=34
%%%mzn-stat: circuitNumber2PropagationsTotal=1201
%%%mzn-stat: AverageConflictSize=2.170886075949367
%%%mzn-stat: NumUnitNogoodsLearned=0
%%%mzn-stat: AverageLearnedNogoodLength=2.170886075949367
%%%mzn-stat: AverageBacktrackAmount=0
%%%mzn-stat: AverageLbd=2.170886075949367
%%%mzn-stat: 2AutonomousSearchNumBackupCalled=1194
%%%mzn-stat: 2AutonomousSearchNumPredicatesRemoved=0
%%%mzn-stat: 2AutonomousSearchNumCalls=1200
%%%mzn-stat: 2AutonomousSearchNumPredicatesAdded=238
%%%mzn-stat: 2AutonomousSearchAverageSizeOfHeap=0.755
%%%mzn-stat: 2AutonomousSearchNumAssignedPredicatesEncountered=906
%%%mzn-stat-end
maxleg = 470;
succ = array1d(1..20,[2, 4, 6, 5, 10, 7, 8, 9, 1, 11, 13, 14, 12, 20, 19, 18, 3, 17, 16, 15]);
% time elapsed: 0.49 s
----------
%%%mzn-stat: initTime=0.003636542
%%%mzn-stat: objective=447
%%%mzn-stat: nodes=2887
%%%mzn-stat: restarts=0
%%%mzn-stat: peakDepth=253
%%%mzn-stat: solveTime=0.014333965
%%%mzn-stat: variables=504
%%%mzn-stat: propagators=355
%%%mzn-stat: failures=178
%%%mzn-stat: propagations=15497
%%%mzn-stat: nogoods=178
%%%mzn-stat: numAtomicConstraintsPropagated=0
%%%mzn-stat: allDifferentNumber1TotalHallSetSize=385
%%%mzn-stat: allDifferentNumber1NumberOfConflicts=178
%%%mzn-stat: allDifferentNumber1MaxHallSetSize=18
%%%mzn-stat: allDifferentNumber1PropagationsTotal=2632
%%%mzn-stat: allDifferentNumber1PropagationsThatFoundConflict=178
%%%mzn-stat: circuitNumber2PropagationsThatFoundConflict=0
%%%mzn-stat: circuitNumber2TotalFixedEdgesAtConflict=0
%%%mzn-stat: circuitNumber2NumberOfConflicts=0
%%%mzn-stat: circuitNumber2PropagationsThatPruned=49
%%%mzn-stat: circuitNumber2PropagationsTotal=1402
%%%mzn-stat: AverageConflictSize=2.151685393258427
%%%mzn-stat: NumUnitNogoodsLearned=0
%%%mzn-stat: AverageLearnedNogoodLength=2.151685393258427
%%%mzn-stat: AverageBacktrackAmount=0
%%%mzn-stat: AverageLbd=2.151685393258427
%%%mzn-stat: 2AutonomousSearchNumBackupCalled=1354
%%%mzn-stat: 2AutonomousSearchNumPredicatesRemoved=0
%%%mzn-stat: 2AutonomousSearchNumCalls=1361
%%%mzn-stat: 2AutonomousSearchNumPredicatesAdded=263
%%%mzn-stat: 2AutonomousSearchAverageSizeOfHeap=0.7832476120499633
%%%mzn-stat: 2AutonomousSearchNumAssignedPredicatesEncountered=1066
%%%mzn-stat-end
maxleg = 447;
succ = array1d(1..20,[2, 4, 8, 5, 10, 7, 11, 6, 1, 3, 13, 14, 12, 20, 19, 9, 18, 16, 17, 15]);
% time elapsed: 0.49 s
----------
%%%mzn-stat: initTime=0.003636542
%%%mzn-stat: objective=428
%%%mzn-stat: nodes=3112
%%%mzn-stat: restarts=0
%%%mzn-stat: peakDepth=253
%%%mzn-stat: solveTime=0.015010271
%%%mzn-stat: variables=504
%%%mzn-stat: propagators=355
%%%mzn-stat: failures=188
%%%mzn-stat: propagations=16734
%%%mzn-stat: nogoods=188
%%%mzn-stat: numAtomicConstraintsPropagated=0
%%%mzn-stat: allDifferentNumber1TotalHallSetSize=405
%%%mzn-stat: allDifferentNumber1NumberOfConflicts=188
%%%mzn-stat: allDifferentNumber1MaxHallSetSize=18
%%%mzn-stat: allDifferentNumber1PropagationsTotal=2756
%%%mzn-stat: allDifferentNumber1PropagationsThatFoundConflict=188
%%%mzn-stat: circuitNumber2PropagationsThatFoundConflict=0
%%%mzn-stat: circuitNumber2TotalFixedEdgesAtConflict=0
%%%mzn-stat: circuitNumber2NumberOfConflicts=0
%%%mzn-stat: circuitNumber2PropagationsThatPruned=49
%%%mzn-stat: circuitNumber2PropagationsTotal=1468
%%%mzn-stat: AverageConflictSize=2.143617021276596
%%%mzn-stat: NumUnitNogoodsLearned=0
%%%mzn-stat: AverageLearnedNogoodLength=2.143617021276596
%%%mzn-stat: AverageBacktrackAmount=0
%%%mzn-stat: AverageLbd=2.143617021276596
%%%mzn-stat: 2AutonomousSearchNumBackupCalled=1502
%%%mzn-stat: 2AutonomousSearchNumPredicatesRemoved=0
%%%mzn-stat: 2AutonomousSearchNumCalls=1510
%%%mzn-stat: 2AutonomousSearchNumPredicatesAdded=279
%%%mzn-stat: 2AutonomousSearchAverageSizeOfHeap=0.8145695364238411
%%%mzn-stat: 2AutonomousSearchNumAssignedPredicatesEncountered=1230
%%%mzn-stat-end
maxleg = 428;
succ = array1d(1..20,[2, 4, 8, 5, 12, 7, 11, 6, 1, 3, 13, 14, 15, 20, 19, 9, 10, 16, 18, 17]);
% time elapsed: 0.49 s
----------
%%%mzn-stat: initTime=0.003636542
%%%mzn-stat: objective=423
%%%mzn-stat: nodes=3282
%%%mzn-stat: restarts=0
%%%mzn-stat: peakDepth=253
%%%mzn-stat: solveTime=0.015297863
%%%mzn-stat: variables=504
%%%mzn-stat: propagators=355
%%%mzn-stat: failures=188
%%%mzn-stat: propagations=17383
%%%mzn-stat: nogoods=188
%%%mzn-stat: numAtomicConstraintsPropagated=0
%%%mzn-stat: allDifferentNumber1TotalHallSetSize=405
%%%mzn-stat: allDifferentNumber1NumberOfConflicts=188
%%%mzn-stat: allDifferentNumber1MaxHallSetSize=18
%%%mzn-stat: allDifferentNumber1PropagationsTotal=2789
%%%mzn-stat: allDifferentNumber1PropagationsThatFoundConflict=188
%%%mzn-stat: circuitNumber2PropagationsThatFoundConflict=0
%%%mzn-stat: circuitNumber2TotalFixedEdgesAtConflict=0
%%%mzn-stat: circuitNumber2NumberOfConflicts=0
%%%mzn-stat: circuitNumber2PropagationsThatPruned=49
%%%mzn-stat: circuitNumber2PropagationsTotal=1487
%%%mzn-stat: AverageConflictSize=2.143617021276596
%%%mzn-stat: NumUnitNogoodsLearned=0
%%%mzn-stat: AverageLearnedNogoodLength=2.143617021276596
%%%mzn-stat: AverageBacktrackAmount=0
%%%mzn-stat: AverageLbd=2.143617021276596
%%%mzn-stat: 2AutonomousSearchNumBackupCalled=1652
%%%mzn-stat: 2AutonomousSearchNumPredicatesRemoved=0
%%%mzn-stat: 2AutonomousSearchNumCalls=1661
%%%mzn-stat: 2AutonomousSearchNumPredicatesAdded=279
%%%mzn-stat: 2AutonomousSearchAverageSizeOfHeap=0.839253461770018
%%%mzn-stat: 2AutonomousSearchNumAssignedPredicatesEncountered=1394
%%%mzn-stat-end
maxleg = 423;
succ = array1d(1..20,[2, 4, 8, 5, 12, 7, 11, 6, 1, 3, 13, 14, 17, 20, 19, 9, 18, 16, 10, 15]);
% time elapsed: 0.49 s
----------
%%%mzn-stat: initTime=0.003636542
%%%mzn-stat: objective=421
%%%mzn-stat: nodes=3471
%%%mzn-stat: restarts=0
%%%mzn-stat: peakDepth=253
%%%mzn-stat: solveTime=0.015730821
%%%mzn-stat: variables=504
%%%mzn-stat: propagators=355
%%%mzn-stat: failures=195
%%%mzn-stat: propagations=18162
%%%mzn-stat: nogoods=195
%%%mzn-stat: numAtomicConstraintsPropagated=0
%%%mzn-stat: allDifferentNumber1TotalHallSetSize=420
%%%mzn-stat: allDifferentNumber1NumberOfConflicts=194
%%%mzn-stat: allDifferentNumber1MaxHallSetSize=18
%%%mzn-stat: allDifferentNumber1PropagationsTotal=2839
%%%mzn-stat: allDifferentNumber1PropagationsThatFoundConflict=194
%%%mzn-stat: circuitNumber2PropagationsThatFoundConflict=1
%%%mzn-stat: circuitNumber2TotalFixedEdgesAtConflict=18
%%%mzn-stat: circuitNumber2NumberOfConflicts=1
%%%mzn-stat: circuitNumber2PropagationsThatPruned=49
%%%mzn-stat: circuitNumber2PropagationsTotal=1513
%%%mzn-stat: AverageConflictSize=2.194871794871795
%%%mzn-stat: NumUnitNogoodsLearned=0
%%%mzn-stat: AverageLearnedNogoodLength=2.2102564102564104
%%%mzn-stat: AverageBacktrackAmount=0
%%%mzn-stat: AverageLbd=2.2
%%%mzn-stat: 2AutonomousSearchNumBackupCalled=1811
%%%mzn-stat: 2AutonomousSearchNumPredicatesRemoved=0
%%%mzn-stat: 2AutonomousSearchNumCalls=1821
%%%mzn-stat: 2AutonomousSearchNumPredicatesAdded=315
%%%mzn-stat: 2AutonomousSearchAverageSizeOfHeap=0.8671059857221307
%%%mzn-stat: 2AutonomousSearchNumAssignedPredicatesEncountered=1579
%%%mzn-stat-end
maxleg = 421;
succ = array1d(1..20,[2, 4, 8, 5, 12, 7, 11, 6, 1, 3, 13, 14, 17, 20, 19, 10, 18, 9, 16, 15]);
% time elapsed: 0.50 s
----------
%%%mzn-stat: initTime=0.003636542
%%%mzn-stat: objective=413
%%%mzn-stat: nodes=3651
%%%mzn-stat: restarts=0
%%%mzn-stat: peakDepth=253
%%%mzn-stat: solveTime=0.016241232
%%%mzn-stat: variables=504
%%%mzn-stat: propagators=355
%%%mzn-stat: failures=201
%%%mzn-stat: propagations=19024
%%%mzn-stat: nogoods=201
%%%mzn-stat: numAtomicConstraintsPropagated=0
%%%mzn-stat: allDifferentNumber1TotalHallSetSize=436
%%%mzn-stat: allDifferentNumber1NumberOfConflicts=199
%%%mzn-stat: allDifferentNumber1MaxHallSetSize=18
%%%mzn-stat: allDifferentNumber1PropagationsTotal=2893
%%%mzn-stat: allDifferentNumber1PropagationsThatFoundConflict=199
%%%mzn-stat: circuitNumber2PropagationsThatFoundConflict=2
%%%mzn-stat: circuitNumber2TotalFixedEdgesAtConflict=36
%%%mzn-stat: circuitNumber2NumberOfConflicts=2
%%%mzn-stat: circuitNumber2PropagationsThatPruned=49
%%%mzn-stat: circuitNumber2PropagationsTotal=1543
%%%mzn-stat: AverageConflictSize=2.27363184079602
%%%mzn-stat: NumUnitNogoodsLearned=0
%%%mzn-stat: AverageLearnedNogoodLength=2.308457711442786
%%%mzn-stat: AverageBacktrackAmount=0
%%%mzn-stat: AverageLbd=2.2686567164179103
%%%mzn-stat: 2AutonomousSearchNumBackupCalled=1957
%%%mzn-stat: 2AutonomousSearchNumPredicatesRemoved=0
%%%mzn-stat: 2AutonomousSearchNumCalls=1968
%%%mzn-stat: 2AutonomousSearchNumPredicatesAdded=356
%%%mzn-stat: 2AutonomousSearchAverageSizeOfHeap=0.9009146341463414
%%%mzn-stat: 2AutonomousSearchNumAssignedPredicatesEncountered=1773
%%%mzn-stat-end
maxleg = 413;
succ = array1d(1..20,[2, 4, 8, 5, 12, 7, 11, 6, 1, 3, 17, 13, 14, 20, 19, 10, 18, 9, 16, 15]);
% time elapsed: 0.50 s
----------
%%%mzn-stat: initTime=0.003636542
%%%mzn-stat: objective=378
%%%mzn-stat: nodes=3865
%%%mzn-stat: restarts=0
%%%mzn-stat: peakDepth=253
%%%mzn-stat: solveTime=0.01855797
%%%mzn-stat: variables=504
%%%mzn-stat: propagators=355
%%%mzn-stat: failures=245
%%%mzn-stat: propagations=20943
%%%mzn-stat: nogoods=245
%%%mzn-stat: numAtomicConstraintsPropagated=0
%%%mzn-stat: allDifferentNumber1TotalHallSetSize=621
%%%mzn-stat: allDifferentNumber1NumberOfConflicts=240
%%%mzn-stat: allDifferentNumber1MaxHallSetSize=18
%%%mzn-stat: allDifferentNumber1PropagationsTotal=3083
%%%mzn-stat: allDifferentNumber1PropagationsThatFoundConflict=240
%%%mzn-stat: circuitNumber2PropagationsThatFoundConflict=2
%%%mzn-stat: circuitNumber2TotalFixedEdgesAtConflict=36
%%%mzn-stat: circuitNumber2NumberOfConflicts=2
%%%mzn-stat: circuitNumber2PropagationsThatPruned=56
%%%mzn-stat: circuitNumber2PropagationsTotal=1624
%%%mzn-stat: AverageConflictSize=3.795918367346939
%%%mzn-stat: NumUnitNogoodsLearned=0
%%%mzn-stat: AverageLearnedNogoodLength=4.718367346938775
%%%mzn-stat: AverageBacktrackAmount=0
%%%mzn-stat: AverageLbd=3.1020408163265305
%%%mzn-stat: 2AutonomousSearchNumBackupCalled=2086
%%%mzn-stat: 2AutonomousSearchNumPredicatesRemoved=0
%%%mzn-stat: 2AutonomousSearchNumCalls=2098
%%%mzn-stat: 2AutonomousSearchNumPredicatesAdded=558
%%%mzn-stat: 2AutonomousSearchAverageSizeOfHeap=1.0100095328884653
%%%mzn-stat: 2AutonomousSearchNumAssignedPredicatesEncountered=2119
%%%mzn-stat-end
maxleg = 378;
succ = array1d(1..20,[2, 4, 8, 5, 12, 7, 11, 6, 1, 13, 18, 15, 14, 20, 19, 10, 3, 9, 16, 17]);
% time elapsed: 0.50 s
----------
%%%mzn-stat: initTime=0.003636542
%%%mzn-stat: objective=375
%%%mzn-stat: nodes=4075
%%%mzn-stat: restarts=0
%%%mzn-stat: peakDepth=253
%%%mzn-stat: solveTime=0.020663176
%%%mzn-stat: variables=504
%%%mzn-stat: propagators=355
%%%mzn-stat: failures=285
%%%mzn-stat: propagations=22924
%%%mzn-stat: nogoods=285
%%%mzn-stat: numAtomicConstraintsPropagated=0
%%%mzn-stat: allDifferentNumber1TotalHallSetSize=780
%%%mzn-stat: allDifferentNumber1NumberOfConflicts=278
%%%mzn-stat: allDifferentNumber1MaxHallSetSize=18
%%%mzn-stat: allDifferentNumber1PropagationsTotal=3248
%%%mzn-stat: allDifferentNumber1PropagationsThatFoundConflict=278
%%%mzn-stat: circuitNumber2PropagationsThatFoundConflict=3
%%%mzn-stat: circuitNumber2TotalFixedEdgesAtConflict=53
%%%mzn-stat: circuitNumber2NumberOfConflicts=3
%%%mzn-stat: circuitNumber2PropagationsThatPruned=63
%%%mzn-stat: circuitNumber2PropagationsTotal=1692
%%%mzn-stat: AverageConflictSize=4.712280701754386
%%%mzn-stat: NumUnitNogoodsLearned=0
%%%mzn-stat: AverageLearnedNogoodLength=6.343859649122807
%%%mzn-stat: AverageBacktrackAmount=0
%%%mzn-stat: AverageLbd=3.5298245614035086
%%%mzn-stat: 2AutonomousSearchNumBackupCalled=2218
%%%mzn-stat: 2AutonomousSearchNumPredicatesRemoved=0
%%%mzn-stat: 2AutonomousSearchNumCalls=2231
%%%mzn-stat: 2AutonomousSearchNumPredicatesAdded=814
%%%mzn-stat: 2AutonomousSearchAverageSizeOfHeap=1.1371582250112058
%%%mzn-stat: 2AutonomousSearchNumAssignedPredicatesEncountered=2537
%%%mzn-stat-end
maxleg = 375;
succ = array1d(1..20,[2, 4, 8, 5, 12, 7, 11, 6, 3, 1, 18, 15, 10, 13, 19, 9, 20, 17, 16, 14]);
% time elapsed: 0.50 s
----------
%%%mzn-stat: initTime=0.003636542
%%%mzn-stat: objective=369
%%%mzn-stat: nodes=4216
%%%mzn-stat: restarts=0
%%%mzn-stat: peakDepth=253
%%%mzn-stat: solveTime=0.02110769
%%%mzn-stat: variables=504
%%%mzn-stat: propagators=355
%%%mzn-stat: failures=288
%%%mzn-stat: propagations=23672
%%%mzn-stat: nogoods=288
%%%mzn-stat: numAtomicConstraintsPropagated=0
%%%mzn-stat: allDifferentNumber1TotalHallSetSize=783
%%%mzn-stat: allDifferentNumber1NumberOfConflicts=279
%%%mzn-stat: allDifferentNumber1MaxHallSetSize=18
%%%mzn-stat: allDifferentNumber1PropagationsTotal=3278
%%%mzn-stat: allDifferentNumber1PropagationsThatFoundConflict=279
%%%mzn-stat: circuitNumber2PropagationsThatFoundConflict=4
%%%mzn-stat: circuitNumber2TotalFixedEdgesAtConflict=72
%%%mzn-stat: circuitNumber2NumberOfConflicts=4
%%%mzn-stat: circuitNumber2PropagationsThatPruned=64
%%%mzn-stat: circuitNumber2PropagationsTotal=1709
%%%mzn-stat: AverageConflictSize=4.770833333333333
%%%mzn-stat: NumUnitNogoodsLearned=0
%%%mzn-stat: AverageLearnedNogoodLength=6.427083333333333
%%%mzn-stat: AverageBacktrackAmount=0
%%%mzn-stat: AverageLbd=3.579861111111111
%%%mzn-stat: 2AutonomousSearchNumBackupCalled=2342
%%%mzn-stat: 2AutonomousSearchNumPredicatesRemoved=0
%%%mzn-stat: 2AutonomousSearchNumCalls=2356
%%%mzn-stat: 2AutonomousSearchNumPredicatesAdded=869
%%%mzn-stat: 2AutonomousSearchAverageSizeOfHeap=1.2546689303904923
%%%mzn-stat: 2AutonomousSearchNumAssignedPredicatesEncountered=2956
%%%mzn-stat-end
maxleg = 369;
succ = array1d(1..20,[2, 4, 8, 5, 12, 7, 11, 6, 3, 1, 18, 15, 14, 20, 19, 9, 13, 17, 16, 10]);
% time elapsed: 0.50 s
----------
%%%mzn-stat: initTime=0.003636542
%%%mzn-stat: objective=356
%%%mzn-stat: nodes=4501
%%%mzn-stat: restarts=0
%%%mzn-stat: peakDepth=253
%%%mzn-stat: solveTime=0.027639526
%%%mzn-stat: variables=504
%%%mzn-stat: propagators=355
%%%mzn-stat: failures=394
%%%mzn-stat: propagations=28738
%%%mzn-stat: nogoods=394
%%%mzn-stat: numAtomicConstraintsPropagated=0
%%%mzn-stat: allDifferentNumber1TotalHallSetSize=1223
%%%mzn-stat: allDifferentNumber1NumberOfConflicts=374
%%%mzn-stat: allDifferentNumber1MaxHallSetSize=18
%%%mzn-stat: allDifferentNumber1PropagationsTotal=3671
%%%mzn-stat: allDifferentNumber1PropagationsThatFoundConflict=374
%%%mzn-stat: circuitNumber2PropagationsThatFoundConflict=9
%%%mzn-stat: circuitNumber2TotalFixedEdgesAtConflict=149
%%%mzn-stat: circuitNumber2NumberOfConflicts=9
%%%mzn-stat: circuitNumber2PropagationsThatPruned=107
%%%mzn-stat: circuitNumber2PropagationsTotal=1887
%%%mzn-stat: AverageConflictSize=6.961928934010152
%%%mzn-stat: NumUnitNogoodsLearned=0
%%%mzn-stat: AverageLearnedNogoodLength=10.48223350253807
%%%mzn-stat: AverageBacktrackAmount=0
%%%mzn-stat: AverageLbd=4.708121827411167
%%%mzn-stat: 2AutonomousSearchNumBackupCalled=2460
%%%mzn-stat: 2AutonomousSearchNumPredicatesRemoved=0
%%%mzn-stat: 2AutonomousSearchNumCalls=2475
%%%mzn-stat: 2AutonomousSearchNumPredicatesAdded=1239
%%%mzn-stat: 2AutonomousSearchAverageSizeOfHeap=1.3987878787878787
%%%mzn-stat: 2AutonomousSearchNumAssignedPredicatesEncountered=3462
%%%mzn-stat-end
maxleg = 356;
succ = array1d(1..20,[2, 4, 8, 5, 12, 7, 11, 10, 16, 9, 3, 15, 14, 20, 19, 1, 13, 17, 18, 6]);
% time elapsed: 0.51 s
----------
%%%mzn-stat: initTime=0.003636542
%%%mzn-stat: objective=348
%%%mzn-stat: nodes=4664
%%%mzn-stat: restarts=0
%%%mzn-stat: peakDepth=253
%%%mzn-stat: solveTime=0.028494424
%%%mzn-stat: variables=504
%%%mzn-stat: propagators=355
%%%mzn-stat: failures=403
%%%mzn-stat: propagations=30025
%%%mzn-stat: nogoods=403
%%%mzn-stat: numAtomicConstraintsPropagated=0
%%%mzn-stat: allDifferentNumber1TotalHallSetSize=1254
%%%mzn-stat: allDifferentNumber1NumberOfConflicts=383
%%%mzn-stat: allDifferentNumber1MaxHallSetSize=18
%%%mzn-stat: allDifferentNumber1PropagationsTotal=3757
%%%mzn-stat: allDifferentNumber1PropagationsThatFoundConflict=383
%%%mzn-stat: circuitNumber2PropagationsThatFoundConflict=9
%%%mzn-stat: circuitNumber2TotalFixedEdgesAtConflict=149
%%%mzn-stat: circuitNumber2NumberOfConflicts=9
%%%mzn-stat: circuitNumber2PropagationsThatPruned=109
%%%mzn-stat: circuitNumber2PropagationsTotal=1928
%%%mzn-stat: AverageConflictSize=7.057071960297767
%%%mzn-stat: NumUnitNogoodsLearned=0
%%%mzn-stat: AverageLearnedNogoodLength=10.540942928039703
%%%mzn-stat: AverageBacktrackAmount=0
%%%mzn-stat: AverageLbd=4.704714640198511
%%%mzn-stat: 2AutonomousSearchNumBackupCalled=2575
%%%mzn-stat: 2AutonomousSearchNumPredicatesRemoved=0
%%%mzn-stat: 2AutonomousSearchNumCalls=2591
%%%mzn-stat: 2AutonomousSearchNumPredicatesAdded=1324
%%%mzn-stat: 2AutonomousSearchAverageSizeOfHeap=1.532226939405635
%%%mzn-stat: 2AutonomousSearchNumAssignedPredicatesEncountered=3970
%%%mzn-stat-end
maxleg = 348;
succ = array1d(1..20,[2, 4, 9, 5, 12, 7, 8, 10, 16, 3, 17, 15, 14, 20, 19, 1, 13, 11, 18, 6]);
% time elapsed: 0.51 s
----------
%%%mzn-stat: initTime=0.003636542
%%%mzn-stat: objective=347
%%%mzn-stat: nodes=4844
%%%mzn-stat: restarts=0
%%%mzn-stat: peakDepth=253
%%%mzn-stat: solveTime=0.031319397
%%%mzn-stat: variables=504
%%%mzn-stat: propagators=355
%%%mzn-stat: failures=451
%%%mzn-stat: propagations=32389
%%%mzn-stat: nogoods=451
%%%mzn-stat: numAtomicConstraintsPropagated=0
%%%mzn-stat: allDifferentNumber1TotalHallSetSize=1461
%%%mzn-stat: allDifferentNumber1NumberOfConflicts=429
%%%mzn-stat: allDifferentNumber1MaxHallSetSize=18
%%%mzn-stat: allDifferentNumber1PropagationsTotal=3948
%%%mzn-stat: allDifferentNumber1PropagationsThatFoundConflict=429
%%%mzn-stat: circuitNumber2PropagationsThatFoundConflict=9
%%%mzn-stat: circuitNumber2TotalFixedEdgesAtConflict=149
%%%mzn-stat: circuitNumber2NumberOfConflicts=9
%%%mzn-stat: circuitNumber2PropagationsThatPruned=123
%%%mzn-stat: circuitNumber2PropagationsTotal=2009
%%%mzn-stat: AverageConflictSize=7.749445676274944
%%%mzn-stat: NumUnitNogoodsLearned=0
%%%mzn-stat: AverageLearnedNogoodLength=11.636363636363637
%%%mzn-stat: AverageBacktrackAmount=0
%%%mzn-stat: AverageLbd=5.022172949002218
%%%mzn-stat: 2AutonomousSearchNumBackupCalled=2672
%%%mzn-stat: 2AutonomousSearchNumPredicatesRemoved=0
%%%mzn-stat: 2AutonomousSearchNumCalls=2689
%%%mzn-stat: 2AutonomousSearchNumPredicatesAdded=1582
%%%mzn-stat: 2AutonomousSearchAverageSizeOfHeap=1.6671625139457047
%%%mzn-stat: 2AutonomousSearchNumAssignedPredicatesEncountered=4483
%%%mzn-stat-end
maxleg = 347;
succ = array1d(1..20,[2, 4, 9, 5, 12, 7, 11, 6, 16, 13, 3, 15, 14, 20, 19, 1, 10, 17, 18, 8]);
% time elapsed: 0.51 s
----------
%%%mzn-stat: initTime=0.003636542
%%%mzn-stat: objective=344
%%%mzn-stat: nodes=4962
%%%mzn-stat: restarts=0
%%%mzn-stat: peakDepth=253
%%%mzn-stat: solveTime=0.03176512
%%%mzn-stat: variables=504
%%%mzn-stat: propagators=355
%%%mzn-stat: failures=453
%%%mzn-stat: propagations=33115
%%%mzn-stat: nogoods=453
%%%mzn-stat: numAtomicConstraintsPropagated=0
%%%mzn-stat: allDifferentNumber1TotalHallSetSize=1473
%%%mzn-stat: allDifferentNumber1NumberOfConflicts=431
%%%mzn-stat: allDifferentNumber1MaxHallSetSize=18
%%%mzn-stat: allDifferentNumber1PropagationsTotal=3980
%%%mzn-stat: allDifferentNumber1PropagationsThatFoundConflict=431
%%%mzn-stat: circuitNumber2PropagationsThatFoundConflict=9
%%%mzn-stat: circuitNumber2TotalFixedEdgesAtConflict=149
%%%mzn-stat: circuitNumber2NumberOfConflicts=9
%%%mzn-stat: circuitNumber2PropagationsThatPruned=125
%%%mzn-stat: circuitNumber2PropagationsTotal=2026
%%%mzn-stat: AverageConflictSize=7.818984547461369
%%%mzn-stat: NumUnitNogoodsLearned=0
%%%mzn-stat: AverageLearnedNogoodLength=11.701986754966887
%%%mzn-stat: AverageBacktrackAmount=0
%%%mzn-stat: AverageLbd=5.041942604856512
%%%mzn-stat: 2AutonomousSearchNumBackupCalled=2772
%%%mzn-stat: 2AutonomousSearchNumPredicatesRemoved=0
%%%mzn-stat: 2AutonomousSearchNumCalls=2790
%%%mzn-stat: 2AutonomousSearchNumPredicatesAdded=1624
%%%mzn-stat: 2AutonomousSearchAverageSizeOfHeap=1.7906810035842293
%%%mzn-stat: 2AutonomousSearchNumAssignedPredicatesEncountered=4996
%%%mzn-stat-end
maxleg = 344;
succ = array1d(1..20,[2, 4, 9, 5, 12, 7, 11, 6, 16, 17, 3, 15, 14, 20, 19, 1, 13, 10, 18, 8]);
% time elapsed: 0.51 s
----------
%%%mzn-stat: initTime=0.003636542
%%%mzn-stat: objective=342
%%%mzn-stat: nodes=5092
%%%mzn-stat: restarts=0
%%%mzn-stat: peakDepth=253
%%%mzn-stat: solveTime=0.032314064
%%%mzn-stat: variables=504
%%%mzn-stat: propagators=355
%%%mzn-stat: failures=460
%%%mzn-stat: propagations=34103
%%%mzn-stat: nogoods=460
%%%mzn-stat: numAtomicConstraintsPropagated=0
%%%mzn-stat: allDifferentNumber1TotalHallSetSize=1483
%%%mzn-stat: allDifferentNumber1NumberOfConflicts=436
%%%mzn-stat: allDifferentNumber1MaxHallSetSize=18
%%%mzn-stat: allDifferentNumber1PropagationsTotal=4028
%%%mzn-stat: allDifferentNumber1PropagationsThatFoundConflict=436
%%%mzn-stat: circuitNumber2PropagationsThatFoundConflict=10
%%%mzn-stat: circuitNumber2TotalFixedEdgesAtConflict=163
%%%mzn-stat: circuitNumber2NumberOfConflicts=10
%%%mzn-stat: circuitNumber2PropagationsThatPruned=129
%%%mzn-stat: circuitNumber2PropagationsTotal=2052
%%%mzn-stat: AverageConflictSize=7.745652173913044
%%%mzn-stat: NumUnitNogoodsLearned=0
%%%mzn-stat: AverageLearnedNogoodLength=11.593478260869565
%%%mzn-stat: AverageBacktrackAmount=0
%%%mzn-stat: AverageLbd=5.006521739130434
%%%mzn-stat: 2AutonomousSearchNumBackupCalled=2878
%%%mzn-stat: 2AutonomousSearchNumPredicatesRemoved=0
%%%mzn-stat: 2AutonomousSearchNumCalls=2897
%%%mzn-stat: 2AutonomousSearchNumPredicatesAdded=1674
%%%mzn-stat: 2AutonomousSearchAverageSizeOfHeap=1.9019675526406628
%%%mzn-stat: 2AutonomousSearchNumAssignedPredicatesEncountered=5510
%%%mzn-stat-end
maxleg = 342;
succ = array1d(1..20,[2, 4, 9, 5, 12, 7, 13, 10, 16, 3, 6, 15, 14, 20, 19, 1, 11, 17, 18, 8]);
% time elapsed: 0.51 s
----------
%%%mzn-stat: initTime=0.003636542
%%%mzn-stat: objective=338
%%%mzn-stat: nodes=5223
%%%mzn-stat: restarts=0
%%%mzn-stat: peakDepth=253
%%%mzn-stat: solveTime=0.033736793
%%%mzn-stat: variables=504
%%%mzn-stat: propagators=355
%%%mzn-stat: failures=466
%%%mzn-stat: propagations=35374
%%%mzn-stat: nogoods=466
%%%mzn-stat: numAtomicConstraintsPropagated=0
%%%mzn-stat: allDifferentNumber1TotalHallSetSize=1497
%%%mzn-stat: allDifferentNumber1NumberOfConflicts=442
%%%mzn-stat: allDifferentNumber1MaxHallSetSize=18
%%%mzn-stat: allDifferentNumber1PropagationsTotal=4104
%%%mzn-stat: allDifferentNumber1PropagationsThatFoundConflict=442
%%%mzn-stat: circuitNumber2PropagationsThatFoundConflict=10
%%%mzn-stat: circuitNumber2TotalFixedEdgesAtConflict=163
%%%mzn-stat: circuitNumber2NumberOfConflicts=10
%%%mzn-stat: circuitNumber2PropagationsThatPruned=129
%%%mzn-stat: circuitNumber2PropagationsTotal=2090
%%%mzn-stat: AverageConflictSize=7.6781115879828326
%%%mzn-stat: NumUnitNogoodsLearned=0
%%%mzn-stat: AverageLearnedNogoodLength=11.476394849785407
%%%mzn-stat: AverageBacktrackAmount=0
%%%mzn-stat: AverageLbd=4.9742489270386265
%%%mzn-stat: 2AutonomousSearchNumBackupCalled=2965
%%%mzn-stat: 2AutonomousSearchNumPredicatesRemoved=0
%%%mzn-stat: 2AutonomousSearchNumCalls=2985
%%%mzn-stat: 2AutonomousSearchNumPredicatesAdded=1685
%%%mzn-stat: 2AutonomousSearchAverageSizeOfHeap=2.0197654941373533
%%%mzn-stat: 2AutonomousSearchNumAssignedPredicatesEncountered=6029
%%%mzn-stat-end
maxleg = 338;
succ = array1d(1..20,[4, 5, 9, 2, 12, 7, 13, 10, 16, 3, 6, 15, 14, 20, 19, 1, 11, 17, 18, 8]);
% time elapsed: 0.52 s
----------
%%%mzn-stat: initTime=0.003636542
%%%mzn-stat: objective=337
%%%mzn-stat: nodes=5331
%%%mzn-stat: restarts=0
%%%mzn-stat: peakDepth=253
%%%mzn-stat: solveTime=0.03411246
%%%mzn-stat: variables=504
%%%mzn-stat: propagators=355
%%%mzn-stat: failures=467
%%%mzn-stat: propagations=36122
%%%mzn-stat: nogoods=467
%%%mzn-stat: numAtomicConstraintsPropagated=0
%%%mzn-stat: allDifferentNumber1TotalHallSetSize=1497
%%%mzn-stat: allDifferentNumber1NumberOfConflicts=442
%%%mzn-stat: allDifferentNumber1MaxHallSetSize=18
%%%mzn-stat: allDifferentNumber1PropagationsTotal=4129
%%%mzn-stat: allDifferentNumber1PropagationsThatFoundConflict=442
%%%mzn-stat: circuitNumber2PropagationsThatFoundConflict=11
%%%mzn-stat: circuitNumber2TotalFixedEdgesAtConflict=180
%%%mzn-stat: circuitNumber2NumberOfConflicts=11
%%%mzn-stat: circuitNumber2PropagationsThatPruned=130
%%%mzn-stat: circuitNumber2PropagationsTotal=2104
%%%mzn-stat: AverageConflictSize=7.676659528907923
%%%mzn-stat: NumUnitNogoodsLearned=0
%%%mzn-stat: AverageLearnedNogoodLength=11.477516059957173
%%%mzn-stat: AverageBacktrackAmount=0
%%%mzn-stat: AverageLbd=4.974304068522484
%%%mzn-stat: 2AutonomousSearchNumBackupCalled=3060
%%%mzn-stat: 2AutonomousSearchNumPredicatesRemoved=0
%%%mzn-stat: 2AutonomousSearchNumCalls=3081
%%%mzn-stat: 2AutonomousSearchNumPredicatesAdded=1709
%%%mzn-stat: 2AutonomousSearchAverageSizeOfHeap=2.12528399870172
%%%mzn-stat: 2AutonomousSearchNumAssignedPredicatesEncountered=6548
%%%mzn-stat-end
maxleg = 337;
succ = array1d(1..20,[4, 5, 9, 2, 12, 7, 13, 10, 16, 17, 6, 15, 14, 20, 19, 1, 3, 11, 18, 8]);
% time elapsed: 0.52 s
----------
%%%mzn-stat: initTime=0.003636542
%%%mzn-stat: objective=323
%%%mzn-stat: nodes=5436
%%%mzn-stat: restarts=0
%%%mzn-stat: peakDepth=253
%%%mzn-stat: solveTime=0.034709101
%%%mzn-stat: variables=504
%%%mzn-stat: propagators=355
%%%mzn-stat: failures=472
%%%mzn-stat: propagations=37184
%%%mzn-stat: nogoods=472
%%%mzn-stat: numAtomicConstraintsPropagated=0
%%%mzn-stat: allDifferentNumber1TotalHallSetSize=1519
%%%mzn-stat: allDifferentNumber1NumberOfConflicts=447
%%%mzn-stat: allDifferentNumber1MaxHallSetSize=18
%%%mzn-stat: allDifferentNumber1PropagationsTotal=4180
%%%mzn-stat: allDifferentNumber1PropagationsThatFoundConflict=447
%%%mzn-stat: circuitNumber2PropagationsThatFoundConflict=11
%%%mzn-stat: circuitNumber2TotalFixedEdgesAtConflict=180
%%%mzn-stat: circuitNumber2NumberOfConflicts=11
%%%mzn-stat: circuitNumber2PropagationsThatPruned=132
%%%mzn-stat: circuitNumber2PropagationsTotal=2132
%%%mzn-stat: AverageConflictSize=7.720338983050848
%%%mzn-stat: NumUnitNogoodsLearned=0
%%%mzn-stat: AverageLearnedNogoodLength=11.5
%%%mzn-stat: AverageBacktrackAmount=0
%%%mzn-stat: AverageLbd=4.966101694915254
%%%mzn-stat: 2AutonomousSearchNumBackupCalled=3135
%%%mzn-stat: 2AutonomousSearchNumPredicatesRemoved=0
%%%mzn-stat: 2AutonomousSearchNumCalls=3157
%%%mzn-stat: 2AutonomousSearchNumPredicatesAdded=1785
%%%mzn-stat: 2AutonomousSearchAverageSizeOfHeap=2.2416851441241685
%%%mzn-stat: 2AutonomousSearchNumAssignedPredicatesEncountered=7077
%%%mzn-stat-end
maxleg = 323;
succ = array1d(1..20,[4, 5, 9, 2, 15, 7, 13, 10, 16, 17, 18, 14, 8, 20, 12, 19, 11, 3, 1, 6]);
% time elapsed: 0.52 s
----------
%%%mzn-stat: initTime=0.003636542
%%%mzn-stat: objective=313
%%%mzn-stat: nodes=5526
%%%mzn-stat: restarts=0
%%%mzn-stat: peakDepth=253
%%%mzn-stat: solveTime=0.035372443
%%%mzn-stat: variables=504
%%%mzn-stat: propagators=355
%%%mzn-stat: failures=480
%%%mzn-stat: propagations=38266
%%%mzn-stat: nogoods=480
%%%mzn-stat: numAtomicConstraintsPropagated=0
%%%mzn-stat: allDifferentNumber1TotalHallSetSize=1572
%%%mzn-stat: allDifferentNumber1NumberOfConflicts=455
%%%mzn-stat: allDifferentNumber1MaxHallSetSize=18
%%%mzn-stat: allDifferentNumber1PropagationsTotal=4232
%%%mzn-stat: allDifferentNumber1PropagationsThatFoundConflict=455
%%%mzn-stat: circuitNumber2PropagationsThatFoundConflict=11
%%%mzn-stat: circuitNumber2TotalFixedEdgesAtConflict=180
%%%mzn-stat: circuitNumber2NumberOfConflicts=11
%%%mzn-stat: circuitNumber2PropagationsThatPruned=134
%%%mzn-stat: circuitNumber2PropagationsTotal=2158
%%%mzn-stat: AverageConflictSize=7.779166666666667
%%%mzn-stat: NumUnitNogoodsLearned=0
%%%mzn-stat: AverageLearnedNogoodLength=11.514583333333333
%%%mzn-stat: AverageBacktrackAmount=0
%%%mzn-stat: AverageLbd=4.95
%%%mzn-stat: 2AutonomousSearchNumBackupCalled=3196
%%%mzn-stat: 2AutonomousSearchNumPredicatesRemoved=0
%%%mzn-stat: 2AutonomousSearchNumCalls=3219
%%%mzn-stat: 2AutonomousSearchNumPredicatesAdded=1891
%%%mzn-stat: 2AutonomousSearchAverageSizeOfHeap=2.372475924200062
%%%mzn-stat: 2AutonomousSearchNumAssignedPredicatesEncountered=7637
%%%mzn-stat-end
maxleg = 313;
succ = array1d(1..20,[16, 4, 17, 5, 19, 7, 13, 6, 3, 8, 18, 15, 20, 12, 2, 9, 11, 10, 1, 14]);
% time elapsed: 0.52 s
----------
==========
% time elapsed: 0.52 s
%%%mzn-stat: initTime=0.003636542
%%%mzn-stat: objective=313
%%%mzn-stat: nodes=5560
%%%mzn-stat: restarts=0
%%%mzn-stat: peakDepth=253
%%%mzn-stat: solveTime=0.037879185
%%%mzn-stat: variables=504
%%%mzn-stat: propagators=355
%%%mzn-stat: failures=513
%%%mzn-stat: propagations=40054
%%%mzn-stat: nogoods=513
%%%mzn-stat: numAtomicConstraintsPropagated=0
%%%mzn-stat: allDifferentNumber1TotalHallSetSize=1917
%%%mzn-stat: allDifferentNumber1NumberOfConflicts=487
%%%mzn-stat: allDifferentNumber1MaxHallSetSize=19
%%%mzn-stat: allDifferentNumber1PropagationsTotal=4362
%%%mzn-stat: allDifferentNumber1PropagationsThatFoundConflict=487
%%%mzn-stat: circuitNumber2PropagationsThatFoundConflict=12
%%%mzn-stat: circuitNumber2TotalFixedEdgesAtConflict=185
%%%mzn-stat: circuitNumber2NumberOfConflicts=12
%%%mzn-stat: circuitNumber2PropagationsThatPruned=164
%%%mzn-stat: circuitNumber2PropagationsTotal=2222
%%%mzn-stat: AverageConflictSize=8.405458089668617
%%%mzn-stat: NumUnitNogoodsLearned=1
%%%mzn-stat: AverageLearnedNogoodLength=13.023391812865498
%%%mzn-stat: AverageBacktrackAmount=0
%%%mzn-stat: AverageLbd=4.840155945419103
%%%mzn-stat: 2AutonomousSearchNumBackupCalled=3196
%%%mzn-stat: 2AutonomousSearchNumPredicatesRemoved=0
%%%mzn-stat: 2AutonomousSearchNumCalls=3219
%%%mzn-stat: 2AutonomousSearchNumPredicatesAdded=2506
%%%mzn-stat: 2AutonomousSearchAverageSizeOfHeap=2.372475924200062
%%%mzn-stat: 2AutonomousSearchNumAssignedPredicatesEncountered=7637
%%%mzn-stat-end
