% Logging successfully configured
%%%mzn-stat: initTime=0.002204074
%%%mzn-stat: objective=513
%%%mzn-stat: nodes=81
%%%mzn-stat: restarts=0
%%%mzn-stat: peakDepth=80
%%%mzn-stat: solveTime=0.000543118
%%%mzn-stat: variables=210
%%%mzn-stat: propagators=131
%%%mzn-stat: failures=1
%%%mzn-stat: propagations=487
%%%mzn-stat: nogoods=1
%%%mzn-stat: numAtomicConstraintsPropagated=0
%%%mzn-stat: allDifferentNumber1PropagationsTotal=22
%%%mzn-stat: allDifferentNumber1PropagationsThatFoundConflict=0
%%%mzn-stat: allDifferentNumber1PropagationsThatPruned=11
%%%mzn-stat: allDifferentNumber1TotalValuesPruned=49
%%%mzn-stat: allDifferentNumber1TotalHallSetSizeConflict=0
%%%mzn-stat: allDifferentNumber1NumberOfConflicts=0
%%%mzn-stat: allDifferentNumber1MaxHallSetSizeConflict=0
%%%mzn-stat: allDifferentNumber1TotalPruningHallSetSize=118
%%%mzn-stat: allDifferentNumber1NumberOfPruningExplanations=49
%%%mzn-stat: allDifferentNumber1MaxPruningHallSetSize=8
%%%mzn-stat: allDifferentNumber1TotalFixedEdgesAtConflict=0
%%%mzn-stat: allDifferentNumber1TotalVarsInvolvedInPruning=41
%%%mzn-stat: allDifferentNumber1MaxValuesPrunedFromSingleVar=2
%%%mzn-stat: allDifferentNumber1TotalSccSizeAtPruning=37
%%%mzn-stat: allDifferentNumber1NumberOfSccPruningCalls=11
%%%mzn-stat: circuitNumber2PropagationsThatFoundConflict=1
%%%mzn-stat: circuitNumber2TotalFixedEdgesAtConflict=16
%%%mzn-stat: circuitNumber2NumberOfConflicts=1
%%%mzn-stat: circuitNumber2PropagationsThatPruned=1
%%%mzn-stat: circuitNumber2PropagationsTotal=12
%%%mzn-stat: AverageConflictSize=5
%%%mzn-stat: NumUnitNogoodsLearned=0
%%%mzn-stat: AverageLearnedNogoodLength=12
%%%mzn-stat: AverageBacktrackAmount=0
%%%mzn-stat: AverageLbd=8
%%%mzn-stat: 2AutonomousSearchNumBackupCalled=70
%%%mzn-stat: 2AutonomousSearchNumPredicatesRemoved=0
%%%mzn-stat: 2AutonomousSearchNumCalls=71
%%%mzn-stat: 2AutonomousSearchNumPredicatesAdded=39
%%%mzn-stat: 2AutonomousSearchAverageSizeOfHeap=0.5492957746478874
%%%mzn-stat: 2AutonomousSearchNumAssignedPredicatesEncountered=39
%%%mzn-stat-end
maxleg = 513;
succ = array1d(1..20,[3, 11, 4, 5, 15, 9, 1, 7, 10, 17, 20, 13, 19, 16, 2, 18, 8, 6, 14, 12]);
% time elapsed: 11.99 s
----------
%%%mzn-stat: initTime=0.002204074
%%%mzn-stat: objective=459
%%%mzn-stat: nodes=154
%%%mzn-stat: restarts=0
%%%mzn-stat: peakDepth=80
%%%mzn-stat: solveTime=0.001740263
%%%mzn-stat: variables=210
%%%mzn-stat: propagators=131
%%%mzn-stat: failures=6
%%%mzn-stat: propagations=948
%%%mzn-stat: nogoods=6
%%%mzn-stat: numAtomicConstraintsPropagated=0
%%%mzn-stat: allDifferentNumber1PropagationsTotal=65
%%%mzn-stat: allDifferentNumber1PropagationsThatFoundConflict=0
%%%mzn-stat: allDifferentNumber1PropagationsThatPruned=38
%%%mzn-stat: allDifferentNumber1TotalValuesPruned=151
%%%mzn-stat: allDifferentNumber1TotalHallSetSizeConflict=0
%%%mzn-stat: allDifferentNumber1NumberOfConflicts=0
%%%mzn-stat: allDifferentNumber1MaxHallSetSizeConflict=0
%%%mzn-stat: allDifferentNumber1TotalPruningHallSetSize=470
%%%mzn-stat: allDifferentNumber1NumberOfPruningExplanations=151
%%%mzn-stat: allDifferentNumber1MaxPruningHallSetSize=15
%%%mzn-stat: allDifferentNumber1TotalFixedEdgesAtConflict=0
%%%mzn-stat: allDifferentNumber1TotalVarsInvolvedInPruning=120
%%%mzn-stat: allDifferentNumber1MaxValuesPrunedFromSingleVar=3
%%%mzn-stat: allDifferentNumber1TotalSccSizeAtPruning=242
%%%mzn-stat: allDifferentNumber1NumberOfSccPruningCalls=38
%%%mzn-stat: circuitNumber2PropagationsThatFoundConflict=6
%%%mzn-stat: circuitNumber2TotalFixedEdgesAtConflict=101
%%%mzn-stat: circuitNumber2NumberOfConflicts=6
%%%mzn-stat: circuitNumber2PropagationsThatPruned=9
%%%mzn-stat: circuitNumber2PropagationsTotal=39
%%%mzn-stat: AverageConflictSize=11
%%%mzn-stat: NumUnitNogoodsLearned=0
%%%mzn-stat: AverageLearnedNogoodLength=9.333333333333334
%%%mzn-stat: AverageBacktrackAmount=0
%%%mzn-stat: AverageLbd=7
%%%mzn-stat: 2AutonomousSearchNumBackupCalled=130
%%%mzn-stat: 2AutonomousSearchNumPredicatesRemoved=0
%%%mzn-stat: 2AutonomousSearchNumCalls=132
%%%mzn-stat: 2AutonomousSearchNumPredicatesAdded=301
%%%mzn-stat: 2AutonomousSearchAverageSizeOfHeap=2.3257575757575757
%%%mzn-stat: 2AutonomousSearchNumAssignedPredicatesEncountered=307
%%%mzn-stat-end
maxleg = 459;
succ = array1d(1..20,[3, 11, 4, 5, 15, 9, 1, 17, 10, 8, 7, 13, 19, 16, 12, 18, 20, 6, 14, 2]);
% time elapsed: 11.99 s
----------
==========
% time elapsed: 11.99 s
%%%mzn-stat: initTime=0.002204074
%%%mzn-stat: objective=459
%%%mzn-stat: nodes=293
%%%mzn-stat: restarts=0
%%%mzn-stat: peakDepth=80
%%%mzn-stat: solveTime=0.019671605
%%%mzn-stat: variables=210
%%%mzn-stat: propagators=131
%%%mzn-stat: failures=141
%%%mzn-stat: propagations=6358
%%%mzn-stat: nogoods=141
%%%mzn-stat: numAtomicConstraintsPropagated=0
%%%mzn-stat: allDifferentNumber1PropagationsTotal=675
%%%mzn-stat: allDifferentNumber1PropagationsThatFoundConflict=14
%%%mzn-stat: allDifferentNumber1PropagationsThatPruned=452
%%%mzn-stat: allDifferentNumber1TotalValuesPruned=2249
%%%mzn-stat: allDifferentNumber1TotalHallSetSizeConflict=64
%%%mzn-stat: allDifferentNumber1NumberOfConflicts=14
%%%mzn-stat: allDifferentNumber1MaxHallSetSizeConflict=16
%%%mzn-stat: allDifferentNumber1TotalPruningHallSetSize=7735
%%%mzn-stat: allDifferentNumber1NumberOfPruningExplanations=2249
%%%mzn-stat: allDifferentNumber1MaxPruningHallSetSize=17
%%%mzn-stat: allDifferentNumber1TotalFixedEdgesAtConflict=134
%%%mzn-stat: allDifferentNumber1TotalVarsInvolvedInPruning=1646
%%%mzn-stat: allDifferentNumber1MaxValuesPrunedFromSingleVar=4
%%%mzn-stat: allDifferentNumber1TotalSccSizeAtPruning=3888
%%%mzn-stat: allDifferentNumber1NumberOfSccPruningCalls=452
%%%mzn-stat: circuitNumber2PropagationsThatFoundConflict=121
%%%mzn-stat: circuitNumber2TotalFixedEdgesAtConflict=1689
%%%mzn-stat: circuitNumber2NumberOfConflicts=121
%%%mzn-stat: circuitNumber2PropagationsThatPruned=135
%%%mzn-stat: circuitNumber2PropagationsTotal=436
%%%mzn-stat: AverageConflictSize=6.134751773049645
%%%mzn-stat: NumUnitNogoodsLearned=1
%%%mzn-stat: AverageLearnedNogoodLength=8.815602836879433
%%%mzn-stat: AverageBacktrackAmount=0
%%%mzn-stat: AverageLbd=4.148936170212766
%%%mzn-stat: 2AutonomousSearchNumBackupCalled=130
%%%mzn-stat: 2AutonomousSearchNumPredicatesRemoved=0
%%%mzn-stat: 2AutonomousSearchNumCalls=132
%%%mzn-stat: 2AutonomousSearchNumPredicatesAdded=856
%%%mzn-stat: 2AutonomousSearchAverageSizeOfHeap=2.3257575757575757
%%%mzn-stat: 2AutonomousSearchNumAssignedPredicatesEncountered=307
%%%mzn-stat-end
