%%%mzn-stat: initTime=0.012941828
%%%mzn-stat: objective=166
%%%mzn-stat: nodes=57130
%%%mzn-stat: restarts=23
%%%mzn-stat: peakDepth=530
%%%mzn-stat: solveTime=8.725729936
%%%mzn-stat: variables=1098
%%%mzn-stat: propagators=805
%%%mzn-stat: failures=17290
%%%mzn-stat: propagations=689089
%%%mzn-stat: nogoods=17290
%%%mzn-stat: AverageConflictSize=17.303354540196647
%%%mzn-stat: NumUnitNogoodsLearned=165
%%%mzn-stat: AverageLearnedNogoodLength=29.872006940427994
%%%mzn-stat: AverageBacktrackAmount=0
%%%mzn-stat: AverageLbd=12.705668016194332
%%%mzn-stat-end
maxleg = 166;
succ = array1d(1..100,[26, 72, 14, 63, 22, 23, 46, 85, 59, 2, 43, 44, 99, 40, 67, 5, 76, 94, 17, 73, 81, 92, 10, 35, 71, 89, 12, 19, 7, 80, 75, 79, 29, 52, 93, 50, 16, 58, 47, 4, 66, 6, 13, 3, 78, 42, 48, 49, 15, 74, 77, 32, 9, 36, 8, 69, 25, 39, 18, 28, 20, 55, 88, 98, 11, 21, 56, 97, 70, 84, 37, 27, 90, 64, 54, 53, 57, 1, 68, 38, 82, 87, 24, 60, 96, 91, 65, 100, 34, 95, 31, 45, 86, 41, 62, 83, 33, 30, 51, 61]);
% time elapsed: 10.37 s
----------
==========
% time elapsed: 10.37 s
%%%mzn-stat: initTime=0.012941828
%%%mzn-stat: objective=166
%%%mzn-stat: nodes=57130
%%%mzn-stat: restarts=23
%%%mzn-stat: peakDepth=530
%%%mzn-stat: solveTime=8.725735542
%%%mzn-stat: variables=1098
%%%mzn-stat: propagators=805
%%%mzn-stat: failures=17290
%%%mzn-stat: propagations=689089
%%%mzn-stat: nogoods=17290
%%%mzn-stat: AverageConflictSize=17.303354540196647
%%%mzn-stat: NumUnitNogoodsLearned=165
%%%mzn-stat: AverageLearnedNogoodLength=29.872006940427994
%%%mzn-stat: AverageBacktrackAmount=0
%%%mzn-stat: AverageLbd=12.705668016194332
%%%mzn-stat-end
