%%%mzn-stat: initTime=0.012756449
%%%mzn-stat: objective=167
%%%mzn-stat: nodes=128696
%%%mzn-stat: restarts=134
%%%mzn-stat: peakDepth=510
%%%mzn-stat: solveTime=36.034130838
%%%mzn-stat: variables=1070
%%%mzn-stat: propagators=783
%%%mzn-stat: failures=71854
%%%mzn-stat: propagations=2447899
%%%mzn-stat: nogoods=71854
%%%mzn-stat: AverageConflictSize=18.719834664736826
%%%mzn-stat: NumUnitNogoodsLearned=166
%%%mzn-stat: AverageLearnedNogoodLength=24.399657639101513
%%%mzn-stat: AverageBacktrackAmount=0
%%%mzn-stat: AverageLbd=13.635093383806051
%%%mzn-stat-end
maxleg = 167;
succ = array1d(1..100,[63, 65, 51, 30, 4, 25, 2, 37, 44, 77, 35, 72, 64, 46, 93, 7, 80, 33, 18, 82, 49, 85, 52, 20, 36, 32, 84, 79, 76, 27, 90, 41, 34, 60, 98, 14, 17, 5, 83, 100, 3, 10, 70, 13, 28, 8, 99, 94, 26, 24, 50, 58, 75, 6, 53, 71, 61, 73, 43, 48, 1, 59, 21, 74, 22, 67, 92, 91, 47, 55, 95, 42, 19, 87, 81, 97, 96, 16, 89, 78, 38, 86, 12, 39, 29, 68, 56, 57, 66, 11, 23, 31, 9, 62, 40, 45, 88, 69, 15, 54]);
% time elapsed: 37.62 s
----------
==========
% time elapsed: 37.62 s
%%%mzn-stat: initTime=0.012756449
%%%mzn-stat: objective=167
%%%mzn-stat: nodes=128696
%%%mzn-stat: restarts=134
%%%mzn-stat: peakDepth=510
%%%mzn-stat: solveTime=36.034135345
%%%mzn-stat: variables=1070
%%%mzn-stat: propagators=783
%%%mzn-stat: failures=71854
%%%mzn-stat: propagations=2447899
%%%mzn-stat: nogoods=71854
%%%mzn-stat: AverageConflictSize=18.719834664736826
%%%mzn-stat: NumUnitNogoodsLearned=166
%%%mzn-stat: AverageLearnedNogoodLength=24.399657639101513
%%%mzn-stat: AverageBacktrackAmount=0
%%%mzn-stat: AverageLbd=13.635093383806051
%%%mzn-stat-end
