% Logging successfully configured
=====UNSATISFIABLE=====
% time elapsed: 0.17 s
%%%mzn-stat: initTime=0.001389224
%%%mzn-stat: nodes=0
%%%mzn-stat: restarts=0
%%%mzn-stat: peakDepth=0
%%%mzn-stat: solveTime=0
%%%mzn-stat: variables=112
%%%mzn-stat: propagators=173
%%%mzn-stat: failures=1
%%%mzn-stat: propagations=355
%%%mzn-stat: nogoods=1
%%%mzn-stat: numAtomicConstraintsPropagated=0
%%%mzn-stat: AverageConflictSize=0
%%%mzn-stat: NumUnitNogoodsLearned=0
%%%mzn-stat: AverageLearnedNogoodLength=0
%%%mzn-stat: AverageBacktrackAmount=0
%%%mzn-stat: AverageLbd=0
%%%mzn-stat: 2AutonomousSearchNumBackupCalled=0
%%%mzn-stat: 2AutonomousSearchNumPredicatesRemoved=0
%%%mzn-stat: 2AutonomousSearchNumCalls=0
%%%mzn-stat: 2AutonomousSearchNumPredicatesAdded=0
%%%mzn-stat: 2AutonomousSearchAverageSizeOfHeap=0
%%%mzn-stat: 2AutonomousSearchNumAssignedPredicatesEncountered=0
%%%mzn-stat-end
