% Logging successfully configured
%%%mzn-stat: initTime=0.026920121
%%%mzn-stat: objective=547
%%%mzn-stat: nodes=895
%%%mzn-stat: restarts=0
%%%mzn-stat: peakDepth=864
%%%mzn-stat: solveTime=0.005345359
%%%mzn-stat: variables=1540
%%%mzn-stat: propagators=2395
%%%mzn-stat: failures=26
%%%mzn-stat: propagations=15600
%%%mzn-stat: nogoods=26
%%%mzn-stat: numAtomicConstraintsPropagated=0
%%%mzn-stat: circuitNumber1226PropagationsThatFoundConflict=6
%%%mzn-stat: circuitNumber1226TotalFixedEdgesAtConflict=281
%%%mzn-stat: circuitNumber1226NumberOfConflicts=6
%%%mzn-stat: circuitNumber1226PropagationsThatPruned=21
%%%mzn-stat: circuitNumber1226PropagationsTotal=89
%%%mzn-stat: AverageConflictSize=5.6923076923076925
%%%mzn-stat: NumUnitNogoodsLearned=0
%%%mzn-stat: AverageLearnedNogoodLength=22.692307692307693
%%%mzn-stat: AverageBacktrackAmount=0
%%%mzn-stat: AverageLbd=20.692307692307693
%%%mzn-stat: 2AutonomousSearchNumBackupCalled=823
%%%mzn-stat: 2AutonomousSearchNumPredicatesRemoved=0
%%%mzn-stat: 2AutonomousSearchNumCalls=824
%%%mzn-stat: 2AutonomousSearchNumPredicatesAdded=360
%%%mzn-stat: 2AutonomousSearchAverageSizeOfHeap=0.4368932038834951
%%%mzn-stat: 2AutonomousSearchNumAssignedPredicatesEncountered=360
%%%mzn-stat-end
maxleg = 547;
succ = array1d(1..50,[2, 3, 4, 8, 15, 7, 10, 12, 1, 11, 9, 14, 6, 16, 19, 21, 18, 13, 26, 17, 22, 23, 25, 20, 28, 27, 24, 35, 5, 29, 30, 33, 36, 41, 32, 37, 39, 40, 48, 45, 31, 44, 47, 34, 50, 49, 42, 38, 43, 46]);
% time elapsed: 4.30 s
----------
%%%mzn-stat: initTime=0.026920121
%%%mzn-stat: objective=542
%%%mzn-stat: nodes=412977
%%%mzn-stat: restarts=0
%%%mzn-stat: peakDepth=864
%%%mzn-stat: solveTime=145.357020634
%%%mzn-stat: variables=1540
%%%mzn-stat: propagators=2395
%%%mzn-stat: failures=397960
%%%mzn-stat: propagations=103157042
%%%mzn-stat: nogoods=397960
%%%mzn-stat: numAtomicConstraintsPropagated=0
%%%mzn-stat: circuitNumber1226PropagationsThatFoundConflict=619
%%%mzn-stat: circuitNumber1226TotalFixedEdgesAtConflict=27422
%%%mzn-stat: circuitNumber1226NumberOfConflicts=619
%%%mzn-stat: circuitNumber1226PropagationsThatPruned=53986
%%%mzn-stat: circuitNumber1226PropagationsTotal=396025
%%%mzn-stat: AverageConflictSize=17.66794904010453
%%%mzn-stat: NumUnitNogoodsLearned=0
%%%mzn-stat: AverageLearnedNogoodLength=47.19130314604483
%%%mzn-stat: AverageBacktrackAmount=0
%%%mzn-stat: AverageLbd=26.74103427480149
%%%mzn-stat: 2AutonomousSearchNumBackupCalled=1614
%%%mzn-stat: 2AutonomousSearchNumPredicatesRemoved=0
%%%mzn-stat: 2AutonomousSearchNumCalls=1616
%%%mzn-stat: 2AutonomousSearchNumPredicatesAdded=1594
%%%mzn-stat: 2AutonomousSearchAverageSizeOfHeap=1.0037128712871286
%%%mzn-stat: 2AutonomousSearchNumAssignedPredicatesEncountered=1622
%%%mzn-stat-end
maxleg = 542;
succ = array1d(1..50,[2, 3, 4, 8, 15, 7, 10, 12, 1, 11, 9, 14, 6, 16, 19, 21, 18, 13, 26, 17, 22, 23, 25, 20, 28, 27, 24, 35, 30, 31, 41, 5, 29, 42, 36, 33, 32, 40, 37, 39, 44, 47, 49, 34, 48, 50, 43, 38, 46, 45]);
% time elapsed: 149.65 s
----------
%%%mzn-stat: initTime=0.026920121
%%%mzn-stat: objective=524
%%%mzn-stat: nodes=413833
%%%mzn-stat: restarts=0
%%%mzn-stat: peakDepth=864
%%%mzn-stat: solveTime=145.36100099
%%%mzn-stat: variables=1540
%%%mzn-stat: propagators=2395
%%%mzn-stat: failures=397963
%%%mzn-stat: propagations=103162105
%%%mzn-stat: nogoods=397963
%%%mzn-stat: numAtomicConstraintsPropagated=0
%%%mzn-stat: circuitNumber1226PropagationsThatFoundConflict=622
%%%mzn-stat: circuitNumber1226TotalFixedEdgesAtConflict=27564
%%%mzn-stat: circuitNumber1226NumberOfConflicts=622
%%%mzn-stat: circuitNumber1226PropagationsThatPruned=53989
%%%mzn-stat: circuitNumber1226PropagationsTotal=396072
%%%mzn-stat: AverageConflictSize=17.66795656882675
%%%mzn-stat: NumUnitNogoodsLearned=0
%%%mzn-stat: AverageLearnedNogoodLength=47.191176064106465
%%%mzn-stat: AverageBacktrackAmount=0
%%%mzn-stat: AverageLbd=26.740988483854025
%%%mzn-stat: 2AutonomousSearchNumBackupCalled=2426
%%%mzn-stat: 2AutonomousSearchNumPredicatesRemoved=0
%%%mzn-stat: 2AutonomousSearchNumCalls=2429
%%%mzn-stat: 2AutonomousSearchNumPredicatesAdded=1733
%%%mzn-stat: 2AutonomousSearchAverageSizeOfHeap=1.1881432688349114
%%%mzn-stat: 2AutonomousSearchNumAssignedPredicatesEncountered=2886
%%%mzn-stat-end
maxleg = 524;
succ = array1d(1..50,[2, 3, 4, 8, 15, 7, 10, 12, 1, 11, 9, 14, 6, 16, 19, 21, 18, 13, 26, 17, 22, 23, 25, 20, 28, 27, 24, 35, 30, 31, 41, 5, 32, 42, 36, 29, 39, 40, 33, 48, 44, 47, 49, 34, 38, 50, 43, 37, 46, 45]);
% time elapsed: 149.66 s
----------
%%%mzn-stat: initTime=0.026920121
%%%mzn-stat: objective=505
%%%mzn-stat: nodes=414699
%%%mzn-stat: restarts=0
%%%mzn-stat: peakDepth=865
%%%mzn-stat: solveTime=145.363991546
%%%mzn-stat: variables=1540
%%%mzn-stat: propagators=2395
%%%mzn-stat: failures=397965
%%%mzn-stat: propagations=103167021
%%%mzn-stat: nogoods=397965
%%%mzn-stat: numAtomicConstraintsPropagated=0
%%%mzn-stat: circuitNumber1226PropagationsThatFoundConflict=624
%%%mzn-stat: circuitNumber1226TotalFixedEdgesAtConflict=27661
%%%mzn-stat: circuitNumber1226NumberOfConflicts=624
%%%mzn-stat: circuitNumber1226PropagationsThatPruned=53993
%%%mzn-stat: circuitNumber1226PropagationsTotal=396119
%%%mzn-stat: AverageConflictSize=17.667993416506476
%%%mzn-stat: NumUnitNogoodsLearned=0
%%%mzn-stat: AverageLearnedNogoodLength=47.19110725817597
%%%mzn-stat: AverageBacktrackAmount=0
%%%mzn-stat: AverageLbd=26.740984759966327
%%%mzn-stat: 2AutonomousSearchNumBackupCalled=3249
%%%mzn-stat: 2AutonomousSearchNumPredicatesRemoved=0
%%%mzn-stat: 2AutonomousSearchNumCalls=3253
%%%mzn-stat: 2AutonomousSearchNumPredicatesAdded=1869
%%%mzn-stat: 2AutonomousSearchAverageSizeOfHeap=1.275745465723947
%%%mzn-stat: 2AutonomousSearchNumAssignedPredicatesEncountered=4150
%%%mzn-stat-end
maxleg = 505;
succ = array1d(1..50,[2, 3, 4, 8, 15, 7, 10, 12, 1, 11, 9, 14, 6, 16, 19, 21, 18, 13, 26, 17, 22, 23, 25, 20, 28, 27, 24, 35, 30, 31, 41, 5, 32, 42, 36, 29, 39, 45, 33, 48, 44, 47, 49, 34, 37, 50, 43, 38, 46, 40]);
% time elapsed: 149.66 s
----------
%%%mzn-stat: initTime=0.026920121
%%%mzn-stat: objective=500
%%%mzn-stat: nodes=415551
%%%mzn-stat: restarts=0
%%%mzn-stat: peakDepth=865
%%%mzn-stat: solveTime=145.36726263
%%%mzn-stat: variables=1540
%%%mzn-stat: propagators=2395
%%%mzn-stat: failures=397967
%%%mzn-stat: propagations=103171878
%%%mzn-stat: nogoods=397967
%%%mzn-stat: numAtomicConstraintsPropagated=0
%%%mzn-stat: circuitNumber1226PropagationsThatFoundConflict=626
%%%mzn-stat: circuitNumber1226TotalFixedEdgesAtConflict=27755
%%%mzn-stat: circuitNumber1226NumberOfConflicts=626
%%%mzn-stat: circuitNumber1226PropagationsThatPruned=53997
%%%mzn-stat: circuitNumber1226PropagationsTotal=396166
%%%mzn-stat: AverageConflictSize=17.667932265740628
%%%mzn-stat: NumUnitNogoodsLearned=0
%%%mzn-stat: AverageLearnedNogoodLength=47.191030914623575
%%%mzn-stat: AverageBacktrackAmount=0
%%%mzn-stat: AverageLbd=26.740908165752437
%%%mzn-stat: 2AutonomousSearchNumBackupCalled=4057
%%%mzn-stat: 2AutonomousSearchNumPredicatesRemoved=0
%%%mzn-stat: 2AutonomousSearchNumCalls=4062
%%%mzn-stat: 2AutonomousSearchNumPredicatesAdded=2012
%%%mzn-stat: 2AutonomousSearchAverageSizeOfHeap=1.3328409650418513
%%%mzn-stat: 2AutonomousSearchNumAssignedPredicatesEncountered=5414
%%%mzn-stat-end
maxleg = 500;
succ = array1d(1..50,[2, 3, 4, 8, 15, 7, 10, 12, 1, 11, 9, 14, 6, 16, 19, 21, 18, 13, 26, 17, 22, 23, 25, 20, 28, 27, 24, 35, 30, 31, 41, 5, 32, 42, 36, 29, 39, 45, 40, 46, 44, 47, 37, 34, 50, 48, 49, 38, 43, 33]);
% time elapsed: 149.67 s
----------
%%%mzn-stat: initTime=0.026920121
%%%mzn-stat: objective=447
%%%mzn-stat: nodes=416363
%%%mzn-stat: restarts=0
%%%mzn-stat: peakDepth=865
%%%mzn-stat: solveTime=145.369413823
%%%mzn-stat: variables=1540
%%%mzn-stat: propagators=2395
%%%mzn-stat: failures=397967
%%%mzn-stat: propagations=103176137
%%%mzn-stat: nogoods=397967
%%%mzn-stat: numAtomicConstraintsPropagated=0
%%%mzn-stat: circuitNumber1226PropagationsThatFoundConflict=626
%%%mzn-stat: circuitNumber1226TotalFixedEdgesAtConflict=27755
%%%mzn-stat: circuitNumber1226NumberOfConflicts=626
%%%mzn-stat: circuitNumber1226PropagationsThatPruned=53997
%%%mzn-stat: circuitNumber1226PropagationsTotal=396207
%%%mzn-stat: AverageConflictSize=17.667932265740628
%%%mzn-stat: NumUnitNogoodsLearned=0
%%%mzn-stat: AverageLearnedNogoodLength=47.191030914623575
%%%mzn-stat: AverageBacktrackAmount=0
%%%mzn-stat: AverageLbd=26.740908165752437
%%%mzn-stat: 2AutonomousSearchNumBackupCalled=4827
%%%mzn-stat: 2AutonomousSearchNumPredicatesRemoved=0
%%%mzn-stat: 2AutonomousSearchNumCalls=4833
%%%mzn-stat: 2AutonomousSearchNumPredicatesAdded=2012
%%%mzn-stat: 2AutonomousSearchAverageSizeOfHeap=1.3817504655493482
%%%mzn-stat: 2AutonomousSearchNumAssignedPredicatesEncountered=6678
%%%mzn-stat-end
maxleg = 447;
succ = array1d(1..50,[2, 3, 4, 8, 15, 7, 10, 12, 1, 11, 9, 14, 6, 16, 19, 21, 18, 13, 26, 17, 22, 23, 25, 20, 28, 27, 24, 35, 30, 31, 41, 5, 32, 42, 36, 29, 39, 45, 46, 33, 44, 47, 37, 34, 50, 48, 49, 38, 43, 40]);
% time elapsed: 149.67 s
----------
%%%mzn-stat: initTime=0.026920121
%%%mzn-stat: objective=432
%%%mzn-stat: nodes=417176
%%%mzn-stat: restarts=0
%%%mzn-stat: peakDepth=865
%%%mzn-stat: solveTime=145.371928287
%%%mzn-stat: variables=1540
%%%mzn-stat: propagators=2395
%%%mzn-stat: failures=397967
%%%mzn-stat: propagations=103180428
%%%mzn-stat: nogoods=397967
%%%mzn-stat: numAtomicConstraintsPropagated=0
%%%mzn-stat: circuitNumber1226PropagationsThatFoundConflict=626
%%%mzn-stat: circuitNumber1226TotalFixedEdgesAtConflict=27755
%%%mzn-stat: circuitNumber1226NumberOfConflicts=626
%%%mzn-stat: circuitNumber1226PropagationsThatPruned=53997
%%%mzn-stat: circuitNumber1226PropagationsTotal=396247
%%%mzn-stat: AverageConflictSize=17.667932265740628
%%%mzn-stat: NumUnitNogoodsLearned=0
%%%mzn-stat: AverageLearnedNogoodLength=47.191030914623575
%%%mzn-stat: AverageBacktrackAmount=0
%%%mzn-stat: AverageLbd=26.740908165752437
%%%mzn-stat: 2AutonomousSearchNumBackupCalled=5599
%%%mzn-stat: 2AutonomousSearchNumPredicatesRemoved=0
%%%mzn-stat: 2AutonomousSearchNumCalls=5606
%%%mzn-stat: 2AutonomousSearchNumPredicatesAdded=2012
%%%mzn-stat: 2AutonomousSearchAverageSizeOfHeap=1.4166963967178023
%%%mzn-stat: 2AutonomousSearchNumAssignedPredicatesEncountered=7942
%%%mzn-stat-end
maxleg = 432;
succ = array1d(1..50,[2, 3, 4, 8, 15, 7, 10, 12, 1, 11, 9, 14, 6, 16, 19, 21, 18, 13, 26, 17, 22, 23, 25, 20, 28, 27, 24, 35, 30, 31, 41, 5, 32, 42, 36, 29, 39, 45, 46, 33, 44, 47, 49, 34, 50, 48, 43, 38, 37, 40]);
% time elapsed: 149.68 s
----------
%%%mzn-stat: initTime=0.026920121
%%%mzn-stat: objective=427
%%%mzn-stat: nodes=417988
%%%mzn-stat: restarts=0
%%%mzn-stat: peakDepth=865
%%%mzn-stat: solveTime=145.375006113
%%%mzn-stat: variables=1540
%%%mzn-stat: propagators=2395
%%%mzn-stat: failures=397970
%%%mzn-stat: propagations=103185532
%%%mzn-stat: nogoods=397970
%%%mzn-stat: numAtomicConstraintsPropagated=0
%%%mzn-stat: circuitNumber1226PropagationsThatFoundConflict=629
%%%mzn-stat: circuitNumber1226TotalFixedEdgesAtConflict=27894
%%%mzn-stat: circuitNumber1226NumberOfConflicts=629
%%%mzn-stat: circuitNumber1226PropagationsThatPruned=53997
%%%mzn-stat: circuitNumber1226PropagationsTotal=396294
%%%mzn-stat: AverageConflictSize=17.667834258863735
%%%mzn-stat: NumUnitNogoodsLearned=0
%%%mzn-stat: AverageLearnedNogoodLength=47.19076061009624
%%%mzn-stat: AverageBacktrackAmount=0
%%%mzn-stat: AverageLbd=26.740751815463476
%%%mzn-stat: 2AutonomousSearchNumBackupCalled=6365
%%%mzn-stat: 2AutonomousSearchNumPredicatesRemoved=0
%%%mzn-stat: 2AutonomousSearchNumCalls=6373
%%%mzn-stat: 2AutonomousSearchNumPredicatesAdded=2104
%%%mzn-stat: 2AutonomousSearchAverageSizeOfHeap=1.4445316177624352
%%%mzn-stat: 2AutonomousSearchNumAssignedPredicatesEncountered=9206
%%%mzn-stat-end
maxleg = 427;
succ = array1d(1..50,[2, 3, 4, 8, 15, 7, 10, 12, 1, 11, 9, 14, 6, 16, 19, 21, 18, 13, 26, 17, 22, 23, 25, 20, 28, 27, 24, 35, 30, 31, 41, 29, 5, 42, 32, 33, 36, 45, 48, 46, 44, 47, 39, 34, 50, 37, 49, 38, 43, 40]);
% time elapsed: 149.69 s
----------
%%%mzn-stat: initTime=0.026920121
%%%mzn-stat: objective=423
%%%mzn-stat: nodes=418796
%%%mzn-stat: restarts=0
%%%mzn-stat: peakDepth=865
%%%mzn-stat: solveTime=145.377098521
%%%mzn-stat: variables=1540
%%%mzn-stat: propagators=2395
%%%mzn-stat: failures=397970
%%%mzn-stat: propagations=103189837
%%%mzn-stat: nogoods=397970
%%%mzn-stat: numAtomicConstraintsPropagated=0
%%%mzn-stat: circuitNumber1226PropagationsThatFoundConflict=629
%%%mzn-stat: circuitNumber1226TotalFixedEdgesAtConflict=27894
%%%mzn-stat: circuitNumber1226NumberOfConflicts=629
%%%mzn-stat: circuitNumber1226PropagationsThatPruned=53998
%%%mzn-stat: circuitNumber1226PropagationsTotal=396334
%%%mzn-stat: AverageConflictSize=17.667834258863735
%%%mzn-stat: NumUnitNogoodsLearned=0
%%%mzn-stat: AverageLearnedNogoodLength=47.19076061009624
%%%mzn-stat: AverageBacktrackAmount=0
%%%mzn-stat: AverageLbd=26.740751815463476
%%%mzn-stat: 2AutonomousSearchNumBackupCalled=7133
%%%mzn-stat: 2AutonomousSearchNumPredicatesRemoved=0
%%%mzn-stat: 2AutonomousSearchNumCalls=7142
%%%mzn-stat: 2AutonomousSearchNumPredicatesAdded=2104
%%%mzn-stat: 2AutonomousSearchAverageSizeOfHeap=1.4659759171100533
%%%mzn-stat: 2AutonomousSearchNumAssignedPredicatesEncountered=10470
%%%mzn-stat-end
maxleg = 423;
succ = array1d(1..50,[2, 3, 4, 8, 15, 7, 10, 12, 1, 11, 9, 14, 6, 16, 19, 21, 18, 13, 26, 17, 22, 23, 25, 20, 28, 27, 24, 35, 30, 31, 41, 29, 5, 42, 32, 33, 36, 45, 48, 46, 44, 47, 49, 34, 50, 37, 43, 38, 39, 40]);
% time elapsed: 149.69 s
----------
%%%mzn-stat: initTime=0.026920121
%%%mzn-stat: objective=405
%%%mzn-stat: nodes=419556
%%%mzn-stat: restarts=0
%%%mzn-stat: peakDepth=865
%%%mzn-stat: solveTime=145.379331728
%%%mzn-stat: variables=1540
%%%mzn-stat: propagators=2395
%%%mzn-stat: failures=397972
%%%mzn-stat: propagations=103194612
%%%mzn-stat: nogoods=397972
%%%mzn-stat: numAtomicConstraintsPropagated=0
%%%mzn-stat: circuitNumber1226PropagationsThatFoundConflict=629
%%%mzn-stat: circuitNumber1226TotalFixedEdgesAtConflict=27894
%%%mzn-stat: circuitNumber1226NumberOfConflicts=629
%%%mzn-stat: circuitNumber1226PropagationsThatPruned=54001
%%%mzn-stat: circuitNumber1226PropagationsTotal=396381
%%%mzn-stat: AverageConflictSize=17.66775552048888
%%%mzn-stat: NumUnitNogoodsLearned=0
%%%mzn-stat: AverageLearnedNogoodLength=47.19055360678641
%%%mzn-stat: AverageBacktrackAmount=0
%%%mzn-stat: AverageLbd=26.740640045028293
%%%mzn-stat: 2AutonomousSearchNumBackupCalled=7847
%%%mzn-stat: 2AutonomousSearchNumPredicatesRemoved=0
%%%mzn-stat: 2AutonomousSearchNumCalls=7857
%%%mzn-stat: 2AutonomousSearchNumPredicatesAdded=2147
%%%mzn-stat: 2AutonomousSearchAverageSizeOfHeap=1.493445335369734
%%%mzn-stat: 2AutonomousSearchNumAssignedPredicatesEncountered=11734
%%%mzn-stat-end
maxleg = 405;
succ = array1d(1..50,[2, 3, 4, 8, 15, 7, 10, 12, 1, 11, 9, 14, 6, 16, 19, 21, 18, 13, 26, 17, 22, 23, 25, 20, 28, 27, 24, 35, 30, 31, 41, 29, 5, 47, 32, 33, 36, 45, 48, 46, 44, 34, 49, 42, 50, 37, 43, 38, 39, 40]);
% time elapsed: 149.69 s
----------
%%%mzn-stat: initTime=0.026920121
%%%mzn-stat: objective=388
%%%mzn-stat: nodes=421027
%%%mzn-stat: restarts=0
%%%mzn-stat: peakDepth=865
%%%mzn-stat: solveTime=145.534841412
%%%mzn-stat: variables=1540
%%%mzn-stat: propagators=2395
%%%mzn-stat: failures=398693
%%%mzn-stat: propagations=103351094
%%%mzn-stat: nogoods=398693
%%%mzn-stat: numAtomicConstraintsPropagated=0
%%%mzn-stat: circuitNumber1226PropagationsThatFoundConflict=631
%%%mzn-stat: circuitNumber1226TotalFixedEdgesAtConflict=27987
%%%mzn-stat: circuitNumber1226NumberOfConflicts=631
%%%mzn-stat: circuitNumber1226PropagationsThatPruned=54134
%%%mzn-stat: circuitNumber1226PropagationsTotal=396935
%%%mzn-stat: AverageConflictSize=17.685542510151922
%%%mzn-stat: NumUnitNogoodsLearned=0
%%%mzn-stat: AverageLearnedNogoodLength=47.192985580383905
%%%mzn-stat: AverageBacktrackAmount=0
%%%mzn-stat: AverageLbd=26.71959126445661
%%%mzn-stat: 2AutonomousSearchNumBackupCalled=8553
%%%mzn-stat: 2AutonomousSearchNumPredicatesRemoved=0
%%%mzn-stat: 2AutonomousSearchNumCalls=8564
%%%mzn-stat: 2AutonomousSearchNumPredicatesAdded=2978
%%%mzn-stat: 2AutonomousSearchAverageSizeOfHeap=1.521718822979916
%%%mzn-stat: 2AutonomousSearchNumAssignedPredicatesEncountered=13032
%%%mzn-stat-end
maxleg = 388;
succ = array1d(1..50,[2, 3, 4, 8, 15, 7, 10, 12, 1, 11, 9, 14, 6, 16, 19, 21, 18, 13, 26, 17, 22, 23, 25, 20, 28, 27, 24, 35, 30, 31, 41, 33, 5, 47, 36, 37, 39, 29, 48, 32, 44, 34, 49, 42, 38, 50, 43, 45, 46, 40]);
% time elapsed: 149.85 s
----------
%%%mzn-stat: initTime=0.026920121
%%%mzn-stat: objective=383
%%%mzn-stat: nodes=424974
%%%mzn-stat: restarts=0
%%%mzn-stat: peakDepth=865
%%%mzn-stat: solveTime=146.363483341
%%%mzn-stat: variables=1540
%%%mzn-stat: propagators=2395
%%%mzn-stat: failures=401887
%%%mzn-stat: propagations=104068945
%%%mzn-stat: nogoods=401887
%%%mzn-stat: numAtomicConstraintsPropagated=0
%%%mzn-stat: circuitNumber1226PropagationsThatFoundConflict=642
%%%mzn-stat: circuitNumber1226TotalFixedEdgesAtConflict=28453
%%%mzn-stat: circuitNumber1226NumberOfConflicts=642
%%%mzn-stat: circuitNumber1226PropagationsThatPruned=54493
%%%mzn-stat: circuitNumber1226PropagationsTotal=399325
%%%mzn-stat: AverageConflictSize=17.722688218330028
%%%mzn-stat: NumUnitNogoodsLearned=0
%%%mzn-stat: AverageLearnedNogoodLength=47.24437963905277
%%%mzn-stat: AverageBacktrackAmount=0
%%%mzn-stat: AverageLbd=26.654517314568523
%%%mzn-stat: 2AutonomousSearchNumBackupCalled=9258
%%%mzn-stat: 2AutonomousSearchNumPredicatesRemoved=0
%%%mzn-stat: 2AutonomousSearchNumCalls=9270
%%%mzn-stat: 2AutonomousSearchNumPredicatesAdded=3860
%%%mzn-stat: 2AutonomousSearchAverageSizeOfHeap=1.5499460625674217
%%%mzn-stat: 2AutonomousSearchNumAssignedPredicatesEncountered=14368
%%%mzn-stat-end
maxleg = 383;
succ = array1d(1..50,[2, 3, 4, 8, 15, 7, 10, 12, 1, 11, 9, 14, 16, 22, 19, 21, 6, 13, 26, 17, 20, 23, 25, 18, 28, 27, 24, 35, 30, 31, 41, 33, 5, 47, 36, 37, 39, 29, 48, 32, 44, 34, 49, 42, 38, 50, 43, 45, 46, 40]);
% time elapsed: 150.68 s
----------
%%%mzn-stat: initTime=0.026920121
%%%mzn-stat: objective=380
%%%mzn-stat: nodes=437743
%%%mzn-stat: restarts=0
%%%mzn-stat: peakDepth=865
%%%mzn-stat: solveTime=149.708225218
%%%mzn-stat: variables=1540
%%%mzn-stat: propagators=2395
%%%mzn-stat: failures=413887
%%%mzn-stat: propagations=107397051
%%%mzn-stat: nogoods=413887
%%%mzn-stat: numAtomicConstraintsPropagated=0
%%%mzn-stat: circuitNumber1226PropagationsThatFoundConflict=777
%%%mzn-stat: circuitNumber1226TotalFixedEdgesAtConflict=34396
%%%mzn-stat: circuitNumber1226NumberOfConflicts=777
%%%mzn-stat: circuitNumber1226PropagationsThatPruned=56876
%%%mzn-stat: circuitNumber1226PropagationsTotal=409294
%%%mzn-stat: AverageConflictSize=17.685257087079325
%%%mzn-stat: NumUnitNogoodsLearned=0
%%%mzn-stat: AverageLearnedNogoodLength=47.401167468415295
%%%mzn-stat: AverageBacktrackAmount=0
%%%mzn-stat: AverageLbd=26.40261472334236
%%%mzn-stat: 2AutonomousSearchNumBackupCalled=9932
%%%mzn-stat: 2AutonomousSearchNumPredicatesRemoved=0
%%%mzn-stat: 2AutonomousSearchNumCalls=9945
%%%mzn-stat: 2AutonomousSearchNumPredicatesAdded=4910
%%%mzn-stat: 2AutonomousSearchAverageSizeOfHeap=1.5867269984917043
%%%mzn-stat: 2AutonomousSearchNumAssignedPredicatesEncountered=15780
%%%mzn-stat-end
maxleg = 380;
succ = array1d(1..50,[2, 3, 4, 8, 15, 7, 10, 12, 1, 13, 9, 14, 11, 16, 19, 21, 6, 17, 26, 18, 22, 30, 20, 25, 23, 27, 24, 35, 31, 37, 41, 33, 5, 47, 32, 39, 36, 29, 48, 45, 44, 34, 28, 42, 38, 50, 49, 46, 43, 40]);
% time elapsed: 154.03 s
----------
%%%mzn-stat: initTime=0.026920121
%%%mzn-stat: objective=369
%%%mzn-stat: nodes=438655
%%%mzn-stat: restarts=0
%%%mzn-stat: peakDepth=865
%%%mzn-stat: solveTime=149.755653522
%%%mzn-stat: variables=1540
%%%mzn-stat: propagators=2395
%%%mzn-stat: failures=414069
%%%mzn-stat: propagations=107445954
%%%mzn-stat: nogoods=414069
%%%mzn-stat: numAtomicConstraintsPropagated=0
%%%mzn-stat: circuitNumber1226PropagationsThatFoundConflict=800
%%%mzn-stat: circuitNumber1226TotalFixedEdgesAtConflict=35408
%%%mzn-stat: circuitNumber1226NumberOfConflicts=800
%%%mzn-stat: circuitNumber1226PropagationsThatPruned=56905
%%%mzn-stat: circuitNumber1226PropagationsTotal=409497
%%%mzn-stat: AverageConflictSize=17.681420246384057
%%%mzn-stat: NumUnitNogoodsLearned=0
%%%mzn-stat: AverageLearnedNogoodLength=47.40085589599801
%%%mzn-stat: AverageBacktrackAmount=0
%%%mzn-stat: AverageLbd=26.398638874197296
%%%mzn-stat: 2AutonomousSearchNumBackupCalled=10619
%%%mzn-stat: 2AutonomousSearchNumPredicatesRemoved=0
%%%mzn-stat: 2AutonomousSearchNumCalls=10633
%%%mzn-stat: 2AutonomousSearchNumPredicatesAdded=5645
%%%mzn-stat: 2AutonomousSearchAverageSizeOfHeap=1.6169472397253832
%%%mzn-stat: 2AutonomousSearchNumAssignedPredicatesEncountered=17193
%%%mzn-stat-end
maxleg = 369;
succ = array1d(1..50,[2, 3, 4, 8, 15, 7, 10, 12, 1, 13, 9, 14, 11, 16, 19, 21, 6, 17, 26, 18, 22, 30, 20, 25, 23, 27, 24, 35, 31, 37, 41, 33, 36, 47, 32, 39, 48, 29, 46, 50, 44, 34, 28, 42, 38, 40, 49, 45, 43, 5]);
% time elapsed: 154.08 s
----------
%%%mzn-stat: initTime=0.026920121
%%%mzn-stat: objective=367
%%%mzn-stat: nodes=446201
%%%mzn-stat: restarts=0
%%%mzn-stat: peakDepth=865
%%%mzn-stat: solveTime=151.941986255
%%%mzn-stat: variables=1540
%%%mzn-stat: propagators=2395
%%%mzn-stat: failures=420893
%%%mzn-stat: propagations=109382582
%%%mzn-stat: nogoods=420893
%%%mzn-stat: numAtomicConstraintsPropagated=0
%%%mzn-stat: circuitNumber1226PropagationsThatFoundConflict=887
%%%mzn-stat: circuitNumber1226TotalFixedEdgesAtConflict=39303
%%%mzn-stat: circuitNumber1226NumberOfConflicts=887
%%%mzn-stat: circuitNumber1226PropagationsThatPruned=58217
%%%mzn-stat: circuitNumber1226PropagationsTotal=414524
%%%mzn-stat: AverageConflictSize=17.731589738959784
%%%mzn-stat: NumUnitNogoodsLearned=0
%%%mzn-stat: AverageLearnedNogoodLength=47.554143214546215
%%%mzn-stat: AverageBacktrackAmount=0
%%%mzn-stat: AverageLbd=26.300142791635878
%%%mzn-stat: 2AutonomousSearchNumBackupCalled=11290
%%%mzn-stat: 2AutonomousSearchNumPredicatesRemoved=0
%%%mzn-stat: 2AutonomousSearchNumCalls=11305
%%%mzn-stat: 2AutonomousSearchNumPredicatesAdded=6616
%%%mzn-stat: 2AutonomousSearchAverageSizeOfHeap=1.6469703670942062
%%%mzn-stat: 2AutonomousSearchNumAssignedPredicatesEncountered=18619
%%%mzn-stat-end
maxleg = 367;
succ = array1d(1..50,[2, 3, 4, 8, 15, 7, 10, 12, 1, 13, 9, 14, 11, 16, 19, 21, 6, 17, 26, 18, 22, 30, 20, 25, 23, 27, 24, 43, 31, 37, 41, 33, 36, 47, 32, 39, 35, 29, 48, 50, 44, 34, 49, 42, 38, 40, 28, 45, 46, 5]);
% time elapsed: 156.28 s
----------
%%%mzn-stat: initTime=0.026920121
%%%mzn-stat: objective=363
%%%mzn-stat: nodes=449816
%%%mzn-stat: restarts=0
%%%mzn-stat: peakDepth=865
%%%mzn-stat: solveTime=152.842674079
%%%mzn-stat: variables=1540
%%%mzn-stat: propagators=2395
%%%mzn-stat: failures=423804
%%%mzn-stat: propagations=110246691
%%%mzn-stat: nogoods=423804
%%%mzn-stat: numAtomicConstraintsPropagated=0
%%%mzn-stat: circuitNumber1226PropagationsThatFoundConflict=917
%%%mzn-stat: circuitNumber1226TotalFixedEdgesAtConflict=40631
%%%mzn-stat: circuitNumber1226NumberOfConflicts=917
%%%mzn-stat: circuitNumber1226PropagationsThatPruned=58872
%%%mzn-stat: circuitNumber1226PropagationsTotal=417067
%%%mzn-stat: AverageConflictSize=17.735863748336495
%%%mzn-stat: NumUnitNogoodsLearned=0
%%%mzn-stat: AverageLearnedNogoodLength=47.633549942898135
%%%mzn-stat: AverageBacktrackAmount=0
%%%mzn-stat: AverageLbd=26.240873139470132
%%%mzn-stat: 2AutonomousSearchNumBackupCalled=11945
%%%mzn-stat: 2AutonomousSearchNumPredicatesRemoved=0
%%%mzn-stat: 2AutonomousSearchNumCalls=11961
%%%mzn-stat: 2AutonomousSearchNumPredicatesAdded=7622
%%%mzn-stat: 2AutonomousSearchAverageSizeOfHeap=1.6792910291781624
%%%mzn-stat: 2AutonomousSearchNumAssignedPredicatesEncountered=20086
%%%mzn-stat-end
maxleg = 363;
succ = array1d(1..50,[2, 3, 4, 8, 15, 7, 10, 12, 1, 13, 9, 14, 11, 16, 19, 21, 6, 17, 26, 18, 22, 30, 20, 25, 23, 32, 24, 43, 31, 37, 41, 27, 5, 47, 36, 39, 35, 29, 48, 50, 44, 34, 49, 42, 38, 40, 28, 45, 46, 33]);
% time elapsed: 157.17 s
----------
%%%mzn-stat: initTime=0.026920121
%%%mzn-stat: objective=359
%%%mzn-stat: nodes=451867
%%%mzn-stat: restarts=0
%%%mzn-stat: peakDepth=865
%%%mzn-stat: solveTime=153.172453116
%%%mzn-stat: variables=1540
%%%mzn-stat: propagators=2395
%%%mzn-stat: failures=425152
%%%mzn-stat: propagations=110618027
%%%mzn-stat: nogoods=425152
%%%mzn-stat: numAtomicConstraintsPropagated=0
%%%mzn-stat: circuitNumber1226PropagationsThatFoundConflict=928
%%%mzn-stat: circuitNumber1226TotalFixedEdgesAtConflict=41113
%%%mzn-stat: circuitNumber1226NumberOfConflicts=928
%%%mzn-stat: circuitNumber1226PropagationsThatPruned=59179
%%%mzn-stat: circuitNumber1226PropagationsTotal=418176
%%%mzn-stat: AverageConflictSize=17.74809009483667
%%%mzn-stat: NumUnitNogoodsLearned=0
%%%mzn-stat: AverageLearnedNogoodLength=47.665432598223695
%%%mzn-stat: AverageBacktrackAmount=0
%%%mzn-stat: AverageLbd=26.20346135029354
%%%mzn-stat: 2AutonomousSearchNumBackupCalled=12599
%%%mzn-stat: 2AutonomousSearchNumPredicatesRemoved=0
%%%mzn-stat: 2AutonomousSearchNumCalls=12616
%%%mzn-stat: 2AutonomousSearchNumPredicatesAdded=8640
%%%mzn-stat: 2AutonomousSearchAverageSizeOfHeap=1.7090995561192137
%%%mzn-stat: 2AutonomousSearchNumAssignedPredicatesEncountered=21562
%%%mzn-stat-end
maxleg = 359;
succ = array1d(1..50,[2, 3, 4, 8, 15, 7, 10, 12, 1, 13, 9, 14, 11, 16, 19, 21, 6, 17, 26, 18, 22, 30, 20, 25, 23, 32, 35, 24, 31, 37, 41, 27, 5, 47, 36, 39, 46, 29, 48, 50, 44, 34, 28, 42, 38, 40, 49, 45, 43, 33]);
% time elapsed: 157.51 s
----------
%%%mzn-stat: initTime=0.026920121
%%%mzn-stat: objective=349
%%%mzn-stat: nodes=452556
%%%mzn-stat: restarts=0
%%%mzn-stat: peakDepth=865
%%%mzn-stat: solveTime=153.179621815
%%%mzn-stat: variables=1540
%%%mzn-stat: propagators=2395
%%%mzn-stat: failures=425168
%%%mzn-stat: propagations=110628950
%%%mzn-stat: nogoods=425168
%%%mzn-stat: numAtomicConstraintsPropagated=0
%%%mzn-stat: circuitNumber1226PropagationsThatFoundConflict=935
%%%mzn-stat: circuitNumber1226TotalFixedEdgesAtConflict=41451
%%%mzn-stat: circuitNumber1226NumberOfConflicts=935
%%%mzn-stat: circuitNumber1226PropagationsThatPruned=59182
%%%mzn-stat: circuitNumber1226PropagationsTotal=418232
%%%mzn-stat: AverageConflictSize=17.747899653783914
%%%mzn-stat: NumUnitNogoodsLearned=0
%%%mzn-stat: AverageLearnedNogoodLength=47.66540520453091
%%%mzn-stat: AverageBacktrackAmount=0
%%%mzn-stat: AverageLbd=26.203145580100102
%%%mzn-stat: 2AutonomousSearchNumBackupCalled=13232
%%%mzn-stat: 2AutonomousSearchNumPredicatesRemoved=0
%%%mzn-stat: 2AutonomousSearchNumCalls=13250
%%%mzn-stat: 2AutonomousSearchNumPredicatesAdded=9071
%%%mzn-stat: 2AutonomousSearchAverageSizeOfHeap=1.7387169811320755
%%%mzn-stat: 2AutonomousSearchNumAssignedPredicatesEncountered=23038
%%%mzn-stat-end
maxleg = 349;
succ = array1d(1..50,[2, 3, 4, 8, 15, 7, 10, 12, 1, 13, 9, 14, 11, 16, 19, 21, 6, 17, 26, 18, 22, 30, 20, 25, 23, 32, 35, 24, 31, 37, 41, 27, 5, 47, 39, 40, 46, 29, 48, 50, 44, 34, 28, 42, 38, 36, 49, 45, 43, 33]);
% time elapsed: 157.52 s
----------
%%%mzn-stat: initTime=0.026920121
%%%mzn-stat: objective=343
%%%mzn-stat: nodes=453764
%%%mzn-stat: restarts=0
%%%mzn-stat: peakDepth=865
%%%mzn-stat: solveTime=153.298320222
%%%mzn-stat: variables=1540
%%%mzn-stat: propagators=2395
%%%mzn-stat: failures=425716
%%%mzn-stat: propagations=110764826
%%%mzn-stat: nogoods=425716
%%%mzn-stat: numAtomicConstraintsPropagated=0
%%%mzn-stat: circuitNumber1226PropagationsThatFoundConflict=956
%%%mzn-stat: circuitNumber1226TotalFixedEdgesAtConflict=42380
%%%mzn-stat: circuitNumber1226NumberOfConflicts=956
%%%mzn-stat: circuitNumber1226PropagationsThatPruned=59244
%%%mzn-stat: circuitNumber1226PropagationsTotal=418644
%%%mzn-stat: AverageConflictSize=17.743697676385196
%%%mzn-stat: NumUnitNogoodsLearned=0
%%%mzn-stat: AverageLearnedNogoodLength=47.66737919176165
%%%mzn-stat: AverageBacktrackAmount=0
%%%mzn-stat: AverageLbd=26.18752407708425
%%%mzn-stat: 2AutonomousSearchNumBackupCalled=13847
%%%mzn-stat: 2AutonomousSearchNumPredicatesRemoved=0
%%%mzn-stat: 2AutonomousSearchNumCalls=13866
%%%mzn-stat: 2AutonomousSearchNumPredicatesAdded=10257
%%%mzn-stat: 2AutonomousSearchAverageSizeOfHeap=1.7771527477282563
%%%mzn-stat: 2AutonomousSearchNumAssignedPredicatesEncountered=24642
%%%mzn-stat-end
maxleg = 343;
succ = array1d(1..50,[2, 3, 4, 8, 15, 7, 10, 12, 1, 13, 9, 14, 11, 16, 19, 21, 6, 17, 26, 18, 22, 30, 20, 25, 34, 32, 35, 24, 36, 29, 38, 27, 5, 42, 43, 37, 48, 45, 46, 50, 31, 44, 47, 41, 40, 49, 23, 39, 28, 33]);
% time elapsed: 157.64 s
----------
%%%mzn-stat: initTime=0.026920121
%%%mzn-stat: objective=336
%%%mzn-stat: nodes=454424
%%%mzn-stat: restarts=0
%%%mzn-stat: peakDepth=865
%%%mzn-stat: solveTime=153.305843288
%%%mzn-stat: variables=1540
%%%mzn-stat: propagators=2395
%%%mzn-stat: failures=425740
%%%mzn-stat: propagations=110776759
%%%mzn-stat: nogoods=425740
%%%mzn-stat: numAtomicConstraintsPropagated=0
%%%mzn-stat: circuitNumber1226PropagationsThatFoundConflict=956
%%%mzn-stat: circuitNumber1226TotalFixedEdgesAtConflict=42380
%%%mzn-stat: circuitNumber1226NumberOfConflicts=956
%%%mzn-stat: circuitNumber1226PropagationsThatPruned=59258
%%%mzn-stat: circuitNumber1226PropagationsTotal=418705
%%%mzn-stat: AverageConflictSize=17.743056795227133
%%%mzn-stat: NumUnitNogoodsLearned=0
%%%mzn-stat: AverageLearnedNogoodLength=47.66693756752948
%%%mzn-stat: AverageBacktrackAmount=0
%%%mzn-stat: AverageLbd=26.18691219993423
%%%mzn-stat: 2AutonomousSearchNumBackupCalled=14444
%%%mzn-stat: 2AutonomousSearchNumPredicatesRemoved=0
%%%mzn-stat: 2AutonomousSearchNumCalls=14464
%%%mzn-stat: 2AutonomousSearchNumPredicatesAdded=10690
%%%mzn-stat: 2AutonomousSearchAverageSizeOfHeap=1.8146432522123894
%%%mzn-stat: 2AutonomousSearchNumAssignedPredicatesEncountered=26247
%%%mzn-stat-end
maxleg = 336;
succ = array1d(1..50,[2, 3, 4, 8, 15, 7, 10, 12, 1, 13, 9, 14, 11, 16, 19, 21, 6, 17, 26, 18, 22, 30, 20, 25, 34, 32, 35, 24, 37, 29, 38, 27, 5, 42, 43, 39, 48, 45, 46, 50, 31, 44, 47, 41, 40, 49, 23, 36, 28, 33]);
% time elapsed: 157.65 s
----------
%%%mzn-stat: initTime=0.026920121
%%%mzn-stat: objective=333
%%%mzn-stat: nodes=455109
%%%mzn-stat: restarts=0
%%%mzn-stat: peakDepth=865
%%%mzn-stat: solveTime=153.323743114
%%%mzn-stat: variables=1540
%%%mzn-stat: propagators=2395
%%%mzn-stat: failures=425788
%%%mzn-stat: propagations=110800970
%%%mzn-stat: nogoods=425788
%%%mzn-stat: numAtomicConstraintsPropagated=0
%%%mzn-stat: circuitNumber1226PropagationsThatFoundConflict=957
%%%mzn-stat: circuitNumber1226TotalFixedEdgesAtConflict=42427
%%%mzn-stat: circuitNumber1226NumberOfConflicts=957
%%%mzn-stat: circuitNumber1226PropagationsThatPruned=59291
%%%mzn-stat: circuitNumber1226PropagationsTotal=418819
%%%mzn-stat: AverageConflictSize=17.742139280580947
%%%mzn-stat: NumUnitNogoodsLearned=0
%%%mzn-stat: AverageLearnedNogoodLength=47.66892913844448
%%%mzn-stat: AverageBacktrackAmount=0
%%%mzn-stat: AverageLbd=26.186268753464166
%%%mzn-stat: 2AutonomousSearchNumBackupCalled=15043
%%%mzn-stat: 2AutonomousSearchNumPredicatesRemoved=0
%%%mzn-stat: 2AutonomousSearchNumCalls=15064
%%%mzn-stat: 2AutonomousSearchNumPredicatesAdded=11704
%%%mzn-stat: 2AutonomousSearchAverageSizeOfHeap=1.849243228890069
%%%mzn-stat: 2AutonomousSearchNumAssignedPredicatesEncountered=27857
%%%mzn-stat-end
maxleg = 333;
succ = array1d(1..50,[2, 3, 4, 8, 15, 7, 10, 12, 11, 13, 18, 14, 1, 16, 19, 21, 6, 17, 26, 9, 22, 30, 20, 25, 34, 32, 35, 24, 37, 29, 38, 27, 5, 42, 43, 39, 48, 45, 46, 50, 31, 44, 47, 41, 40, 49, 23, 36, 28, 33]);
% time elapsed: 157.67 s
----------
%%%mzn-stat: initTime=0.026920121
%%%mzn-stat: objective=330
%%%mzn-stat: nodes=455989
%%%mzn-stat: restarts=0
%%%mzn-stat: peakDepth=865
%%%mzn-stat: solveTime=153.398830774
%%%mzn-stat: variables=1540
%%%mzn-stat: propagators=2395
%%%mzn-stat: failures=426062
%%%mzn-stat: propagations=110879996
%%%mzn-stat: nogoods=426062
%%%mzn-stat: numAtomicConstraintsPropagated=0
%%%mzn-stat: circuitNumber1226PropagationsThatFoundConflict=973
%%%mzn-stat: circuitNumber1226TotalFixedEdgesAtConflict=43194
%%%mzn-stat: circuitNumber1226NumberOfConflicts=973
%%%mzn-stat: circuitNumber1226PropagationsThatPruned=59351
%%%mzn-stat: circuitNumber1226PropagationsTotal=419110
%%%mzn-stat: AverageConflictSize=17.740338260628736
%%%mzn-stat: NumUnitNogoodsLearned=0
%%%mzn-stat: AverageLearnedNogoodLength=47.6702263989748
%%%mzn-stat: AverageBacktrackAmount=0
%%%mzn-stat: AverageLbd=26.178610155329505
%%%mzn-stat: 2AutonomousSearchNumBackupCalled=15612
%%%mzn-stat: 2AutonomousSearchNumPredicatesRemoved=0
%%%mzn-stat: 2AutonomousSearchNumCalls=15634
%%%mzn-stat: 2AutonomousSearchNumPredicatesAdded=12531
%%%mzn-stat: 2AutonomousSearchAverageSizeOfHeap=1.8848663170014073
%%%mzn-stat: 2AutonomousSearchNumAssignedPredicatesEncountered=29468
%%%mzn-stat-end
maxleg = 330;
succ = array1d(1..50,[2, 3, 4, 8, 15, 7, 10, 12, 11, 13, 18, 14, 1, 16, 19, 21, 6, 17, 26, 9, 22, 30, 20, 25, 34, 32, 35, 43, 31, 24, 41, 27, 5, 47, 39, 40, 36, 29, 48, 50, 44, 23, 49, 42, 38, 37, 28, 45, 46, 33]);
% time elapsed: 157.75 s
----------
%%%mzn-stat: initTime=0.026920121
%%%mzn-stat: objective=324
%%%mzn-stat: nodes=456584
%%%mzn-stat: restarts=0
%%%mzn-stat: peakDepth=865
%%%mzn-stat: solveTime=153.406098759
%%%mzn-stat: variables=1540
%%%mzn-stat: propagators=2395
%%%mzn-stat: failures=426084
%%%mzn-stat: propagations=110889528
%%%mzn-stat: nogoods=426084
%%%mzn-stat: numAtomicConstraintsPropagated=0
%%%mzn-stat: circuitNumber1226PropagationsThatFoundConflict=973
%%%mzn-stat: circuitNumber1226TotalFixedEdgesAtConflict=43194
%%%mzn-stat: circuitNumber1226NumberOfConflicts=973
%%%mzn-stat: circuitNumber1226PropagationsThatPruned=59360
%%%mzn-stat: circuitNumber1226PropagationsTotal=419165
%%%mzn-stat: AverageConflictSize=17.73985880718356
%%%mzn-stat: NumUnitNogoodsLearned=0
%%%mzn-stat: AverageLearnedNogoodLength=47.66982332122304
%%%mzn-stat: AverageBacktrackAmount=0
%%%mzn-stat: AverageLbd=26.17793909182227
%%%mzn-stat: 2AutonomousSearchNumBackupCalled=16149
%%%mzn-stat: 2AutonomousSearchNumPredicatesRemoved=0
%%%mzn-stat: 2AutonomousSearchNumCalls=16172
%%%mzn-stat: 2AutonomousSearchNumPredicatesAdded=12997
%%%mzn-stat: 2AutonomousSearchAverageSizeOfHeap=1.9219020529309918
%%%mzn-stat: 2AutonomousSearchNumAssignedPredicatesEncountered=31081
%%%mzn-stat-end
maxleg = 324;
succ = array1d(1..50,[2, 3, 4, 8, 15, 7, 10, 12, 11, 13, 18, 14, 1, 16, 19, 21, 6, 17, 26, 9, 22, 30, 20, 25, 34, 32, 35, 43, 31, 24, 41, 27, 40, 47, 39, 33, 36, 29, 48, 50, 44, 23, 49, 42, 38, 37, 28, 45, 46, 5]);
% time elapsed: 157.76 s
----------
%%%mzn-stat: initTime=0.026920121
%%%mzn-stat: objective=322
%%%mzn-stat: nodes=457197
%%%mzn-stat: restarts=0
%%%mzn-stat: peakDepth=865
%%%mzn-stat: solveTime=153.421957386
%%%mzn-stat: variables=1540
%%%mzn-stat: propagators=2395
%%%mzn-stat: failures=426130
%%%mzn-stat: propagations=110908994
%%%mzn-stat: nogoods=426130
%%%mzn-stat: numAtomicConstraintsPropagated=0
%%%mzn-stat: circuitNumber1226PropagationsThatFoundConflict=976
%%%mzn-stat: circuitNumber1226TotalFixedEdgesAtConflict=43327
%%%mzn-stat: circuitNumber1226NumberOfConflicts=976
%%%mzn-stat: circuitNumber1226PropagationsThatPruned=59378
%%%mzn-stat: circuitNumber1226PropagationsTotal=419261
%%%mzn-stat: AverageConflictSize=17.739257972919063
%%%mzn-stat: NumUnitNogoodsLearned=0
%%%mzn-stat: AverageLearnedNogoodLength=47.67141717316312
%%%mzn-stat: AverageBacktrackAmount=0
%%%mzn-stat: AverageLbd=26.176643277872948
%%%mzn-stat: 2AutonomousSearchNumBackupCalled=16680
%%%mzn-stat: 2AutonomousSearchNumPredicatesRemoved=0
%%%mzn-stat: 2AutonomousSearchNumCalls=16704
%%%mzn-stat: 2AutonomousSearchNumPredicatesAdded=13771
%%%mzn-stat: 2AutonomousSearchAverageSizeOfHeap=1.9574353448275863
%%%mzn-stat: 2AutonomousSearchNumAssignedPredicatesEncountered=32697
%%%mzn-stat-end
maxleg = 322;
succ = array1d(1..50,[2, 3, 4, 8, 19, 7, 10, 12, 11, 13, 18, 14, 1, 16, 26, 21, 6, 17, 15, 9, 22, 30, 20, 25, 34, 32, 35, 43, 31, 24, 41, 27, 40, 47, 39, 33, 36, 29, 48, 50, 44, 23, 49, 42, 38, 37, 28, 45, 46, 5]);
% time elapsed: 157.78 s
----------
%%%mzn-stat: initTime=0.026920121
%%%mzn-stat: objective=319
%%%mzn-stat: nodes=457767
%%%mzn-stat: restarts=0
%%%mzn-stat: peakDepth=865
%%%mzn-stat: solveTime=153.423970541
%%%mzn-stat: variables=1540
%%%mzn-stat: propagators=2395
%%%mzn-stat: failures=426130
%%%mzn-stat: propagations=110913458
%%%mzn-stat: nogoods=426130
%%%mzn-stat: numAtomicConstraintsPropagated=0
%%%mzn-stat: circuitNumber1226PropagationsThatFoundConflict=976
%%%mzn-stat: circuitNumber1226TotalFixedEdgesAtConflict=43327
%%%mzn-stat: circuitNumber1226NumberOfConflicts=976
%%%mzn-stat: circuitNumber1226PropagationsThatPruned=59380
%%%mzn-stat: circuitNumber1226PropagationsTotal=419297
%%%mzn-stat: AverageConflictSize=17.739257972919063
%%%mzn-stat: NumUnitNogoodsLearned=0
%%%mzn-stat: AverageLearnedNogoodLength=47.67141717316312
%%%mzn-stat: AverageBacktrackAmount=0
%%%mzn-stat: AverageLbd=26.176643277872948
%%%mzn-stat: 2AutonomousSearchNumBackupCalled=17215
%%%mzn-stat: 2AutonomousSearchNumPredicatesRemoved=0
%%%mzn-stat: 2AutonomousSearchNumCalls=17240
%%%mzn-stat: 2AutonomousSearchNumPredicatesAdded=13771
%%%mzn-stat: 2AutonomousSearchAverageSizeOfHeap=1.9903132250580047
%%%mzn-stat: 2AutonomousSearchNumAssignedPredicatesEncountered=34313
%%%mzn-stat-end
maxleg = 319;
succ = array1d(1..50,[2, 3, 4, 8, 19, 7, 10, 12, 11, 13, 18, 14, 1, 16, 26, 21, 6, 17, 15, 9, 22, 30, 20, 25, 34, 32, 35, 43, 31, 24, 41, 27, 40, 47, 39, 33, 48, 29, 37, 50, 44, 23, 49, 42, 38, 36, 28, 45, 46, 5]);
% time elapsed: 157.79 s
----------
%%%mzn-stat: initTime=0.026920121
%%%mzn-stat: objective=315
%%%mzn-stat: nodes=458493
%%%mzn-stat: restarts=0
%%%mzn-stat: peakDepth=865
%%%mzn-stat: solveTime=153.46667016
%%%mzn-stat: variables=1540
%%%mzn-stat: propagators=2395
%%%mzn-stat: failures=426290
%%%mzn-stat: propagations=110971432
%%%mzn-stat: nogoods=426290
%%%mzn-stat: numAtomicConstraintsPropagated=0
%%%mzn-stat: circuitNumber1226PropagationsThatFoundConflict=983
%%%mzn-stat: circuitNumber1226TotalFixedEdgesAtConflict=43629
%%%mzn-stat: circuitNumber1226NumberOfConflicts=983
%%%mzn-stat: circuitNumber1226PropagationsThatPruned=59411
%%%mzn-stat: circuitNumber1226PropagationsTotal=419485
%%%mzn-stat: AverageConflictSize=17.739222125782916
%%%mzn-stat: NumUnitNogoodsLearned=0
%%%mzn-stat: AverageLearnedNogoodLength=47.67772643036431
%%%mzn-stat: AverageBacktrackAmount=0
%%%mzn-stat: AverageLbd=26.17264069060968
%%%mzn-stat: 2AutonomousSearchNumBackupCalled=17743
%%%mzn-stat: 2AutonomousSearchNumPredicatesRemoved=0
%%%mzn-stat: 2AutonomousSearchNumCalls=17769
%%%mzn-stat: 2AutonomousSearchNumPredicatesAdded=14672
%%%mzn-stat: 2AutonomousSearchAverageSizeOfHeap=2.0236929483932693
%%%mzn-stat: 2AutonomousSearchNumAssignedPredicatesEncountered=35959
%%%mzn-stat-end
maxleg = 315;
succ = array1d(1..50,[2, 3, 4, 8, 19, 7, 10, 12, 11, 17, 13, 14, 1, 16, 26, 21, 18, 20, 15, 9, 22, 30, 34, 6, 24, 32, 35, 43, 31, 37, 41, 27, 40, 47, 39, 33, 48, 29, 25, 50, 44, 23, 49, 42, 38, 36, 28, 45, 46, 5]);
% time elapsed: 157.83 s
----------
%%%mzn-stat: initTime=0.026920121
%%%mzn-stat: objective=308
%%%mzn-stat: nodes=459057
%%%mzn-stat: restarts=0
%%%mzn-stat: peakDepth=865
%%%mzn-stat: solveTime=153.472624039
%%%mzn-stat: variables=1540
%%%mzn-stat: propagators=2395
%%%mzn-stat: failures=426304
%%%mzn-stat: propagations=110981163
%%%mzn-stat: nogoods=426304
%%%mzn-stat: numAtomicConstraintsPropagated=0
%%%mzn-stat: circuitNumber1226PropagationsThatFoundConflict=983
%%%mzn-stat: circuitNumber1226TotalFixedEdgesAtConflict=43629
%%%mzn-stat: circuitNumber1226NumberOfConflicts=983
%%%mzn-stat: circuitNumber1226PropagationsThatPruned=59414
%%%mzn-stat: circuitNumber1226PropagationsTotal=419537
%%%mzn-stat: AverageConflictSize=17.738806110193664
%%%mzn-stat: NumUnitNogoodsLearned=0
%%%mzn-stat: AverageLearnedNogoodLength=47.67787541285092
%%%mzn-stat: AverageBacktrackAmount=0
%%%mzn-stat: AverageLbd=26.17222451583846
%%%mzn-stat: 2AutonomousSearchNumBackupCalled=18253
%%%mzn-stat: 2AutonomousSearchNumPredicatesRemoved=0
%%%mzn-stat: 2AutonomousSearchNumCalls=18280
%%%mzn-stat: 2AutonomousSearchNumPredicatesAdded=15069
%%%mzn-stat: 2AutonomousSearchAverageSizeOfHeap=2.0571663019693656
%%%mzn-stat: 2AutonomousSearchNumAssignedPredicatesEncountered=37605
%%%mzn-stat-end
maxleg = 308;
succ = array1d(1..50,[2, 3, 4, 8, 19, 7, 10, 12, 11, 17, 13, 14, 1, 16, 26, 21, 18, 20, 15, 9, 22, 30, 34, 6, 24, 32, 35, 43, 31, 41, 38, 27, 5, 47, 39, 37, 29, 45, 48, 50, 44, 23, 49, 42, 40, 36, 28, 25, 46, 33]);
% time elapsed: 157.84 s
----------
=====ERROR=====
% time elapsed: 1786.89 s
