% Logging successfully configured
%%%mzn-stat: initTime=0.002088927
%%%mzn-stat: objective=603
%%%mzn-stat: nodes=91
%%%mzn-stat: restarts=0
%%%mzn-stat: peakDepth=78
%%%mzn-stat: solveTime=0.00182252
%%%mzn-stat: variables=206
%%%mzn-stat: propagators=126
%%%mzn-stat: failures=12
%%%mzn-stat: propagations=733
%%%mzn-stat: nogoods=12
%%%mzn-stat: numAtomicConstraintsPropagated=0
%%%mzn-stat: allDifferentNumber1PropagationsTotal=58
%%%mzn-stat: allDifferentNumber1PropagationsThatFoundConflict=0
%%%mzn-stat: allDifferentNumber1PropagationsThatPruned=38
%%%mzn-stat: allDifferentNumber1TotalValuesPruned=158
%%%mzn-stat: allDifferentNumber1TotalHallSetSizeConflict=0
%%%mzn-stat: allDifferentNumber1NumberOfConflicts=0
%%%mzn-stat: allDifferentNumber1MaxHallSetSizeConflict=0
%%%mzn-stat: allDifferentNumber1TotalPruningHallSetSize=690
%%%mzn-stat: allDifferentNumber1NumberOfPruningExplanations=158
%%%mzn-stat: allDifferentNumber1MaxPruningHallSetSize=16
%%%mzn-stat: allDifferentNumber1TotalFixedEdgesAtConflict=0
%%%mzn-stat: allDifferentNumber1TotalVarsInvolvedInPruning=146
%%%mzn-stat: allDifferentNumber1MaxValuesPrunedFromSingleVar=3
%%%mzn-stat: allDifferentNumber1TotalSccSizeAtPruning=346
%%%mzn-stat: allDifferentNumber1NumberOfSccPruningCalls=38
%%%mzn-stat: circuitNumber2PropagationsThatFoundConflict=12
%%%mzn-stat: circuitNumber2TotalFixedEdgesAtConflict=103
%%%mzn-stat: circuitNumber2NumberOfConflicts=12
%%%mzn-stat: circuitNumber2PropagationsThatPruned=12
%%%mzn-stat: circuitNumber2PropagationsTotal=40
%%%mzn-stat: AverageConflictSize=3.4166666666666665
%%%mzn-stat: NumUnitNogoodsLearned=0
%%%mzn-stat: AverageLearnedNogoodLength=4.666666666666667
%%%mzn-stat: AverageBacktrackAmount=0
%%%mzn-stat: AverageLbd=3.0833333333333335
%%%mzn-stat: 2AutonomousSearchNumBackupCalled=72
%%%mzn-stat: 2AutonomousSearchNumPredicatesRemoved=0
%%%mzn-stat: 2AutonomousSearchNumCalls=73
%%%mzn-stat: 2AutonomousSearchNumPredicatesAdded=219
%%%mzn-stat: 2AutonomousSearchAverageSizeOfHeap=3
%%%mzn-stat: 2AutonomousSearchNumAssignedPredicatesEncountered=219
%%%mzn-stat-end
maxleg = 603;
succ = array1d(1..20,[4, 6, 8, 5, 12, 18, 2, 15, 16, 1, 3, 14, 10, 7, 19, 17, 11, 9, 20, 13]);
% time elapsed: 1.03 s
----------
%%%mzn-stat: initTime=0.002088927
%%%mzn-stat: objective=474
%%%mzn-stat: nodes=164
%%%mzn-stat: restarts=0
%%%mzn-stat: peakDepth=78
%%%mzn-stat: solveTime=0.002235022
%%%mzn-stat: variables=206
%%%mzn-stat: propagators=126
%%%mzn-stat: failures=13
%%%mzn-stat: propagations=994
%%%mzn-stat: nogoods=13
%%%mzn-stat: numAtomicConstraintsPropagated=0
%%%mzn-stat: allDifferentNumber1PropagationsTotal=77
%%%mzn-stat: allDifferentNumber1PropagationsThatFoundConflict=0
%%%mzn-stat: allDifferentNumber1PropagationsThatPruned=48
%%%mzn-stat: allDifferentNumber1TotalValuesPruned=204
%%%mzn-stat: allDifferentNumber1TotalHallSetSizeConflict=0
%%%mzn-stat: allDifferentNumber1NumberOfConflicts=0
%%%mzn-stat: allDifferentNumber1MaxHallSetSizeConflict=0
%%%mzn-stat: allDifferentNumber1TotalPruningHallSetSize=821
%%%mzn-stat: allDifferentNumber1NumberOfPruningExplanations=204
%%%mzn-stat: allDifferentNumber1MaxPruningHallSetSize=16
%%%mzn-stat: allDifferentNumber1TotalFixedEdgesAtConflict=0
%%%mzn-stat: allDifferentNumber1TotalVarsInvolvedInPruning=187
%%%mzn-stat: allDifferentNumber1MaxValuesPrunedFromSingleVar=3
%%%mzn-stat: allDifferentNumber1TotalSccSizeAtPruning=407
%%%mzn-stat: allDifferentNumber1NumberOfSccPruningCalls=48
%%%mzn-stat: circuitNumber2PropagationsThatFoundConflict=13
%%%mzn-stat: circuitNumber2TotalFixedEdgesAtConflict=109
%%%mzn-stat: circuitNumber2NumberOfConflicts=13
%%%mzn-stat: circuitNumber2PropagationsThatPruned=14
%%%mzn-stat: circuitNumber2PropagationsTotal=50
%%%mzn-stat: AverageConflictSize=3.4615384615384617
%%%mzn-stat: NumUnitNogoodsLearned=0
%%%mzn-stat: AverageLearnedNogoodLength=4.538461538461538
%%%mzn-stat: AverageBacktrackAmount=0
%%%mzn-stat: AverageLbd=3.076923076923077
%%%mzn-stat: 2AutonomousSearchNumBackupCalled=136
%%%mzn-stat: 2AutonomousSearchNumPredicatesRemoved=0
%%%mzn-stat: 2AutonomousSearchNumCalls=138
%%%mzn-stat: 2AutonomousSearchNumPredicatesAdded=255
%%%mzn-stat: 2AutonomousSearchAverageSizeOfHeap=3.4057971014492754
%%%mzn-stat: 2AutonomousSearchNumAssignedPredicatesEncountered=470
%%%mzn-stat-end
maxleg = 474;
succ = array1d(1..20,[4, 6, 11, 5, 12, 9, 2, 3, 18, 1, 17, 14, 10, 7, 13, 19, 16, 8, 20, 15]);
% time elapsed: 1.03 s
----------
%%%mzn-stat: initTime=0.002088927
%%%mzn-stat: objective=385
%%%mzn-stat: nodes=233
%%%mzn-stat: restarts=0
%%%mzn-stat: peakDepth=78
%%%mzn-stat: solveTime=0.002592809
%%%mzn-stat: variables=206
%%%mzn-stat: propagators=126
%%%mzn-stat: failures=13
%%%mzn-stat: propagations=1234
%%%mzn-stat: nogoods=13
%%%mzn-stat: numAtomicConstraintsPropagated=0
%%%mzn-stat: allDifferentNumber1PropagationsTotal=93
%%%mzn-stat: allDifferentNumber1PropagationsThatFoundConflict=0
%%%mzn-stat: allDifferentNumber1PropagationsThatPruned=57
%%%mzn-stat: allDifferentNumber1TotalValuesPruned=242
%%%mzn-stat: allDifferentNumber1TotalHallSetSizeConflict=0
%%%mzn-stat: allDifferentNumber1NumberOfConflicts=0
%%%mzn-stat: allDifferentNumber1MaxHallSetSizeConflict=0
%%%mzn-stat: allDifferentNumber1TotalPruningHallSetSize=1055
%%%mzn-stat: allDifferentNumber1NumberOfPruningExplanations=242
%%%mzn-stat: allDifferentNumber1MaxPruningHallSetSize=19
%%%mzn-stat: allDifferentNumber1TotalFixedEdgesAtConflict=0
%%%mzn-stat: allDifferentNumber1TotalVarsInvolvedInPruning=216
%%%mzn-stat: allDifferentNumber1MaxValuesPrunedFromSingleVar=3
%%%mzn-stat: allDifferentNumber1TotalSccSizeAtPruning=519
%%%mzn-stat: allDifferentNumber1NumberOfSccPruningCalls=57
%%%mzn-stat: circuitNumber2PropagationsThatFoundConflict=13
%%%mzn-stat: circuitNumber2TotalFixedEdgesAtConflict=109
%%%mzn-stat: circuitNumber2NumberOfConflicts=13
%%%mzn-stat: circuitNumber2PropagationsThatPruned=16
%%%mzn-stat: circuitNumber2PropagationsTotal=58
%%%mzn-stat: AverageConflictSize=3.4615384615384617
%%%mzn-stat: NumUnitNogoodsLearned=0
%%%mzn-stat: AverageLearnedNogoodLength=4.538461538461538
%%%mzn-stat: AverageBacktrackAmount=0
%%%mzn-stat: AverageLbd=3.076923076923077
%%%mzn-stat: 2AutonomousSearchNumBackupCalled=198
%%%mzn-stat: 2AutonomousSearchNumPredicatesRemoved=0
%%%mzn-stat: 2AutonomousSearchNumCalls=201
%%%mzn-stat: 2AutonomousSearchNumPredicatesAdded=255
%%%mzn-stat: 2AutonomousSearchAverageSizeOfHeap=3.5870646766169156
%%%mzn-stat: 2AutonomousSearchNumAssignedPredicatesEncountered=721
%%%mzn-stat-end
maxleg = 385;
succ = array1d(1..20,[4, 7, 8, 10, 1, 2, 14, 18, 6, 13, 3, 5, 15, 12, 20, 17, 11, 9, 16, 19]);
% time elapsed: 1.04 s
----------
%%%mzn-stat: initTime=0.002088927
%%%mzn-stat: objective=364
%%%mzn-stat: nodes=297
%%%mzn-stat: restarts=0
%%%mzn-stat: peakDepth=78
%%%mzn-stat: solveTime=0.002930187
%%%mzn-stat: variables=206
%%%mzn-stat: propagators=126
%%%mzn-stat: failures=13
%%%mzn-stat: propagations=1472
%%%mzn-stat: nogoods=13
%%%mzn-stat: numAtomicConstraintsPropagated=0
%%%mzn-stat: allDifferentNumber1PropagationsTotal=107
%%%mzn-stat: allDifferentNumber1PropagationsThatFoundConflict=0
%%%mzn-stat: allDifferentNumber1PropagationsThatPruned=65
%%%mzn-stat: allDifferentNumber1TotalValuesPruned=279
%%%mzn-stat: allDifferentNumber1TotalHallSetSizeConflict=0
%%%mzn-stat: allDifferentNumber1NumberOfConflicts=0
%%%mzn-stat: allDifferentNumber1MaxHallSetSizeConflict=0
%%%mzn-stat: allDifferentNumber1TotalPruningHallSetSize=1294
%%%mzn-stat: allDifferentNumber1NumberOfPruningExplanations=279
%%%mzn-stat: allDifferentNumber1MaxPruningHallSetSize=19
%%%mzn-stat: allDifferentNumber1TotalFixedEdgesAtConflict=0
%%%mzn-stat: allDifferentNumber1TotalVarsInvolvedInPruning=244
%%%mzn-stat: allDifferentNumber1MaxValuesPrunedFromSingleVar=3
%%%mzn-stat: allDifferentNumber1TotalSccSizeAtPruning=630
%%%mzn-stat: allDifferentNumber1NumberOfSccPruningCalls=65
%%%mzn-stat: circuitNumber2PropagationsThatFoundConflict=13
%%%mzn-stat: circuitNumber2TotalFixedEdgesAtConflict=109
%%%mzn-stat: circuitNumber2NumberOfConflicts=13
%%%mzn-stat: circuitNumber2PropagationsThatPruned=19
%%%mzn-stat: circuitNumber2PropagationsTotal=66
%%%mzn-stat: AverageConflictSize=3.4615384615384617
%%%mzn-stat: NumUnitNogoodsLearned=0
%%%mzn-stat: AverageLearnedNogoodLength=4.538461538461538
%%%mzn-stat: AverageBacktrackAmount=0
%%%mzn-stat: AverageLbd=3.076923076923077
%%%mzn-stat: 2AutonomousSearchNumBackupCalled=256
%%%mzn-stat: 2AutonomousSearchNumPredicatesRemoved=0
%%%mzn-stat: 2AutonomousSearchNumCalls=260
%%%mzn-stat: 2AutonomousSearchNumPredicatesAdded=255
%%%mzn-stat: 2AutonomousSearchAverageSizeOfHeap=3.7384615384615385
%%%mzn-stat: 2AutonomousSearchNumAssignedPredicatesEncountered=972
%%%mzn-stat-end
maxleg = 364;
succ = array1d(1..20,[4, 7, 8, 10, 1, 2, 14, 18, 6, 13, 15, 5, 20, 12, 19, 17, 3, 9, 16, 11]);
% time elapsed: 1.04 s
----------
==========
% time elapsed: 1.04 s
%%%mzn-stat: initTime=0.002088927
%%%mzn-stat: objective=364
%%%mzn-stat: nodes=297
%%%mzn-stat: restarts=0
%%%mzn-stat: peakDepth=78
%%%mzn-stat: solveTime=0.003014662
%%%mzn-stat: variables=206
%%%mzn-stat: propagators=126
%%%mzn-stat: failures=14
%%%mzn-stat: propagations=1505
%%%mzn-stat: nogoods=14
%%%mzn-stat: numAtomicConstraintsPropagated=0
%%%mzn-stat: allDifferentNumber1PropagationsTotal=108
%%%mzn-stat: allDifferentNumber1PropagationsThatFoundConflict=0
%%%mzn-stat: allDifferentNumber1PropagationsThatPruned=66
%%%mzn-stat: allDifferentNumber1TotalValuesPruned=287
%%%mzn-stat: allDifferentNumber1TotalHallSetSizeConflict=0
%%%mzn-stat: allDifferentNumber1NumberOfConflicts=0
%%%mzn-stat: allDifferentNumber1MaxHallSetSizeConflict=0
%%%mzn-stat: allDifferentNumber1TotalPruningHallSetSize=1374
%%%mzn-stat: allDifferentNumber1NumberOfPruningExplanations=287
%%%mzn-stat: allDifferentNumber1MaxPruningHallSetSize=19
%%%mzn-stat: allDifferentNumber1TotalFixedEdgesAtConflict=0
%%%mzn-stat: allDifferentNumber1TotalVarsInvolvedInPruning=249
%%%mzn-stat: allDifferentNumber1MaxValuesPrunedFromSingleVar=4
%%%mzn-stat: allDifferentNumber1TotalSccSizeAtPruning=667
%%%mzn-stat: allDifferentNumber1NumberOfSccPruningCalls=66
%%%mzn-stat: circuitNumber2PropagationsThatFoundConflict=14
%%%mzn-stat: circuitNumber2TotalFixedEdgesAtConflict=111
%%%mzn-stat: circuitNumber2NumberOfConflicts=14
%%%mzn-stat: circuitNumber2PropagationsThatPruned=19
%%%mzn-stat: circuitNumber2PropagationsTotal=67
%%%mzn-stat: AverageConflictSize=3.357142857142857
%%%mzn-stat: NumUnitNogoodsLearned=1
%%%mzn-stat: AverageLearnedNogoodLength=4.285714285714286
%%%mzn-stat: AverageBacktrackAmount=0
%%%mzn-stat: AverageLbd=2.9285714285714284
%%%mzn-stat: 2AutonomousSearchNumBackupCalled=256
%%%mzn-stat: 2AutonomousSearchNumPredicatesRemoved=0
%%%mzn-stat: 2AutonomousSearchNumCalls=260
%%%mzn-stat: 2AutonomousSearchNumPredicatesAdded=303
%%%mzn-stat: 2AutonomousSearchAverageSizeOfHeap=3.7384615384615385
%%%mzn-stat: 2AutonomousSearchNumAssignedPredicatesEncountered=972
%%%mzn-stat-end
