% Logging successfully configured
%%%mzn-stat: initTime=0.015346601
%%%mzn-stat: objective=1004
%%%mzn-stat: nodes=257
%%%mzn-stat: restarts=0
%%%mzn-stat: peakDepth=161
%%%mzn-stat: solveTime=0.029811756
%%%mzn-stat: variables=481
%%%mzn-stat: propagators=297
%%%mzn-stat: failures=64
%%%mzn-stat: propagations=3170
%%%mzn-stat: nogoods=64
%%%mzn-stat: numAtomicConstraintsPropagated=0
%%%mzn-stat: circuitNumber1PropagationsTotal=415
%%%mzn-stat: circuitNumber1CircuitConflicts=50
%%%mzn-stat: circuitNumber1AlldiffConflicts=1
%%%mzn-stat: circuitNumber1TotalFixedEdgesAtConflict=2027
%%%mzn-stat: circuitNumber1NumberOfConflicts=51
%%%mzn-stat: circuitNumber1GacPrunings=838
%%%mzn-stat: circuitNumber1PropagationsThatGacPruned=206
%%%mzn-stat: circuitNumber1TotalPruningHallSetSize=4249
%%%mzn-stat: circuitNumber1NumberOfPruningExplanations=838
%%%mzn-stat: circuitNumber1MaxPruningHallSetSize=45
%%%mzn-stat: circuitNumber1TotalSccSizeAtPruning=1942
%%%mzn-stat: circuitNumber1NumberOfSccPruningCalls=206
%%%mzn-stat: circuitNumber1TotalVarsInvolvedInPruning=709
%%%mzn-stat: circuitNumber1MaxValuesPrunedFromSingleVar=4
%%%mzn-stat: circuitNumber1HallCircuitChecks=685
%%%mzn-stat: circuitNumber1HallCircuitPrunings=9
%%%mzn-stat: circuitNumber1CircuitPreventPrunings=195
%%%mzn-stat: AverageConflictSize=14.296875
%%%mzn-stat: NumUnitNogoodsLearned=0
%%%mzn-stat: AverageLearnedNogoodLength=13.1875
%%%mzn-stat: AverageBacktrackAmount=0
%%%mzn-stat: AverageLbd=6.234375
%%%mzn-stat: 2AutonomousSearchNumBackupCalled=148
%%%mzn-stat: 2AutonomousSearchNumPredicatesRemoved=0
%%%mzn-stat: 2AutonomousSearchNumCalls=149
%%%mzn-stat: 2AutonomousSearchNumPredicatesAdded=1571
%%%mzn-stat: 2AutonomousSearchAverageSizeOfHeap=10.543624161073826
%%%mzn-stat: 2AutonomousSearchNumAssignedPredicatesEncountered=1571
%%%mzn-stat-end
maxleg = 1004;
succ = array1d(1..50,[19, 9, 6, 5, 50, 46, 8, 23, 45, 15, 26, 29, 2, 7, 31, 39, 24, 25, 42, 21, 12, 34, 38, 36, 44, 30, 37, 10, 22, 18, 3, 17, 20, 16, 11, 33, 49, 40, 41, 32, 35, 48, 14, 4, 28, 27, 13, 47, 43, 1]);
% time elapsed: 18.87 s
----------
==========
% time elapsed: 18.87 s
%%%mzn-stat: initTime=0.015346601
%%%mzn-stat: objective=1004
%%%mzn-stat: nodes=281
%%%mzn-stat: restarts=0
%%%mzn-stat: peakDepth=161
%%%mzn-stat: solveTime=0.035527028
%%%mzn-stat: variables=481
%%%mzn-stat: propagators=297
%%%mzn-stat: failures=74
%%%mzn-stat: propagations=3573
%%%mzn-stat: nogoods=74
%%%mzn-stat: numAtomicConstraintsPropagated=0
%%%mzn-stat: circuitNumber1PropagationsTotal=491
%%%mzn-stat: circuitNumber1CircuitConflicts=56
%%%mzn-stat: circuitNumber1AlldiffConflicts=1
%%%mzn-stat: circuitNumber1TotalFixedEdgesAtConflict=2119
%%%mzn-stat: circuitNumber1NumberOfConflicts=57
%%%mzn-stat: circuitNumber1GacPrunings=1006
%%%mzn-stat: circuitNumber1PropagationsThatGacPruned=247
%%%mzn-stat: circuitNumber1TotalPruningHallSetSize=5850
%%%mzn-stat: circuitNumber1NumberOfPruningExplanations=1006
%%%mzn-stat: circuitNumber1MaxPruningHallSetSize=46
%%%mzn-stat: circuitNumber1TotalSccSizeAtPruning=2951
%%%mzn-stat: circuitNumber1NumberOfSccPruningCalls=247
%%%mzn-stat: circuitNumber1TotalVarsInvolvedInPruning=852
%%%mzn-stat: circuitNumber1MaxValuesPrunedFromSingleVar=4
%%%mzn-stat: circuitNumber1HallCircuitChecks=793
%%%mzn-stat: circuitNumber1HallCircuitPrunings=13
%%%mzn-stat: circuitNumber1CircuitPreventPrunings=235
%%%mzn-stat: AverageConflictSize=13.08108108108108
%%%mzn-stat: NumUnitNogoodsLearned=1
%%%mzn-stat: AverageLearnedNogoodLength=12.837837837837839
%%%mzn-stat: AverageBacktrackAmount=0
%%%mzn-stat: AverageLbd=5.986486486486487
%%%mzn-stat: 2AutonomousSearchNumBackupCalled=148
%%%mzn-stat: 2AutonomousSearchNumPredicatesRemoved=0
%%%mzn-stat: 2AutonomousSearchNumCalls=149
%%%mzn-stat: 2AutonomousSearchNumPredicatesAdded=2016
%%%mzn-stat: 2AutonomousSearchAverageSizeOfHeap=10.543624161073826
%%%mzn-stat: 2AutonomousSearchNumAssignedPredicatesEncountered=1571
%%%mzn-stat-end
