%%%mzn-stat: initTime=0.023113726
%%%mzn-stat: objective=131
%%%mzn-stat: nodes=824565
%%%mzn-stat: restarts=1019
%%%mzn-stat: peakDepth=981
%%%mzn-stat: solveTime=338.405339939
%%%mzn-stat: variables=1790
%%%mzn-stat: propagators=1454
%%%mzn-stat: failures=286622
%%%mzn-stat: propagations=12711012
%%%mzn-stat: nogoods=286622
%%%mzn-stat: AverageConflictSize=47.30448116334406
%%%mzn-stat: NumUnitNogoodsLearned=130
%%%mzn-stat: AverageLearnedNogoodLength=58.048003991319575
%%%mzn-stat: AverageBacktrackAmount=0
%%%mzn-stat: AverageLbd=35.06558463760633
%%%mzn-stat-end
maxleg = 131;
succ = array1d(1..150,[74, 133, 61, 138, 117, 122, 24, 144, 42, 112, 77, 81, 62, 106, 80, 51, 65, 20, 115, 25, 125, 41, 34, 128, 13, 60, 100, 6, 98, 124, 14, 36, 50, 87, 58, 73, 83, 142, 37, 119, 1, 23, 121, 54, 135, 145, 18, 99, 35, 40, 56, 89, 38, 52, 57, 4, 105, 140, 129, 104, 136, 76, 71, 92, 43, 91, 143, 46, 49, 10, 123, 29, 132, 30, 28, 21, 9, 53, 107, 27, 16, 108, 134, 26, 114, 12, 146, 96, 11, 39, 116, 147, 17, 150, 78, 93, 113, 2, 82, 126, 3, 110, 32, 64, 85, 101, 8, 45, 95, 84, 31, 75, 55, 88, 68, 69, 33, 102, 19, 79, 47, 66, 109, 137, 127, 97, 7, 90, 148, 149, 15, 141, 86, 48, 63, 120, 44, 111, 70, 103, 118, 94, 139, 59, 131, 67, 5, 22, 72, 130]);
% time elapsed: 341.10 s
----------
==========
% time elapsed: 341.10 s
%%%mzn-stat: initTime=0.023113726
%%%mzn-stat: objective=131
%%%mzn-stat: nodes=824565
%%%mzn-stat: restarts=1019
%%%mzn-stat: peakDepth=981
%%%mzn-stat: solveTime=338.405344039
%%%mzn-stat: variables=1790
%%%mzn-stat: propagators=1454
%%%mzn-stat: failures=286622
%%%mzn-stat: propagations=12711012
%%%mzn-stat: nogoods=286622
%%%mzn-stat: AverageConflictSize=47.30448116334406
%%%mzn-stat: NumUnitNogoodsLearned=130
%%%mzn-stat: AverageLearnedNogoodLength=58.048003991319575
%%%mzn-stat: AverageBacktrackAmount=0
%%%mzn-stat: AverageLbd=35.06558463760633
%%%mzn-stat-end
