% Logging successfully configured
%%%mzn-stat: initTime=0.037852995
%%%mzn-stat: objective=369
%%%mzn-stat: nodes=594727
%%%mzn-stat: restarts=0
%%%mzn-stat: peakDepth=1682
%%%mzn-stat: solveTime=565.82241157
%%%mzn-stat: variables=2542
%%%mzn-stat: propagators=7047
%%%mzn-stat: failures=581492
%%%mzn-stat: propagations=348750024
%%%mzn-stat: nogoods=581492
%%%mzn-stat: numAtomicConstraintsPropagated=0
%%%mzn-stat: circuitNumber4951PropagationsThatFoundConflict=38362
%%%mzn-stat: circuitNumber4951TotalFixedEdgesAtConflict=3680634
%%%mzn-stat: circuitNumber4951NumberOfConflicts=38362
%%%mzn-stat: circuitNumber4951PropagationsThatPruned=295484
%%%mzn-stat: circuitNumber4951PropagationsTotal=876370
%%%mzn-stat: AverageConflictSize=13.201294256842742
%%%mzn-stat: NumUnitNogoodsLearned=0
%%%mzn-stat: AverageLearnedNogoodLength=81.12976962709719
%%%mzn-stat: AverageBacktrackAmount=0
%%%mzn-stat: AverageLbd=64.725101979047
%%%mzn-stat: 2AutonomousSearchNumBackupCalled=1600
%%%mzn-stat: 2AutonomousSearchNumPredicatesRemoved=0
%%%mzn-stat: 2AutonomousSearchNumCalls=1601
%%%mzn-stat: 2AutonomousSearchNumPredicatesAdded=2001
%%%mzn-stat: 2AutonomousSearchAverageSizeOfHeap=1.249843847595253
%%%mzn-stat: 2AutonomousSearchNumAssignedPredicatesEncountered=2001
%%%mzn-stat-end
maxleg = 369;
succ = array1d(1..100,[2, 3, 4, 12, 7, 10, 6, 15, 11, 1, 13, 14, 18, 26, 20, 5, 9, 19, 28, 24, 41, 16, 27, 35, 22, 23, 31, 47, 32, 17, 36, 33, 34, 42, 30, 45, 25, 39, 48, 44, 43, 46, 51, 54, 38, 52, 49, 8, 55, 64, 65, 68, 21, 50, 56, 59, 37, 53, 58, 66, 73, 67, 40, 74, 71, 81, 69, 79, 60, 76, 97, 63, 62, 75, 91, 57, 80, 92, 89, 98, 82, 87, 61, 70, 90, 93, 99, 85, 72, 95, 78, 77, 96, 84, 83, 100, 29, 86, 94, 88]);
% time elapsed: 576.73 s
----------
%%%mzn-stat: initTime=0.037852995
%%%mzn-stat: objective=353
%%%mzn-stat: nodes=1052113
%%%mzn-stat: restarts=0
%%%mzn-stat: peakDepth=1682
%%%mzn-stat: solveTime=1008.479042211
%%%mzn-stat: variables=2542
%%%mzn-stat: propagators=7047
%%%mzn-stat: failures=1028692
%%%mzn-stat: propagations=615367085
%%%mzn-stat: nogoods=1028692
%%%mzn-stat: numAtomicConstraintsPropagated=0
%%%mzn-stat: circuitNumber4951PropagationsThatFoundConflict=71205
%%%mzn-stat: circuitNumber4951TotalFixedEdgesAtConflict=6833813
%%%mzn-stat: circuitNumber4951NumberOfConflicts=71205
%%%mzn-stat: circuitNumber4951PropagationsThatPruned=529152
%%%mzn-stat: circuitNumber4951PropagationsTotal=1540193
%%%mzn-stat: AverageConflictSize=13.956041264051825
%%%mzn-stat: NumUnitNogoodsLearned=0
%%%mzn-stat: AverageLearnedNogoodLength=82.27772647206355
%%%mzn-stat: AverageBacktrackAmount=0
%%%mzn-stat: AverageLbd=64.81671579053788
%%%mzn-stat: 2AutonomousSearchNumBackupCalled=3167
%%%mzn-stat: 2AutonomousSearchNumPredicatesRemoved=0
%%%mzn-stat: 2AutonomousSearchNumCalls=3169
%%%mzn-stat: 2AutonomousSearchNumPredicatesAdded=3996
%%%mzn-stat: 2AutonomousSearchAverageSizeOfHeap=1.2650678447459767
%%%mzn-stat: 2AutonomousSearchNumAssignedPredicatesEncountered=4009
%%%mzn-stat-end
maxleg = 353;
succ = array1d(1..100,[2, 3, 4, 12, 7, 10, 6, 15, 11, 1, 13, 14, 18, 27, 20, 5, 9, 19, 28, 24, 41, 16, 26, 35, 22, 31, 23, 47, 32, 17, 36, 33, 34, 42, 30, 45, 25, 39, 48, 44, 43, 46, 51, 54, 38, 52, 49, 8, 55, 64, 65, 68, 21, 50, 56, 59, 37, 53, 58, 66, 73, 67, 40, 74, 71, 81, 69, 79, 60, 76, 97, 63, 62, 75, 91, 57, 80, 92, 89, 98, 82, 87, 61, 70, 90, 93, 99, 85, 72, 95, 78, 77, 96, 84, 83, 100, 29, 86, 94, 88]);
% time elapsed: 1019.40 s
----------
%%%mzn-stat: initTime=0.037852995
%%%mzn-stat: objective=349
%%%mzn-stat: nodes=1053849
%%%mzn-stat: restarts=0
%%%mzn-stat: peakDepth=1685
%%%mzn-stat: solveTime=1008.508207707
%%%mzn-stat: variables=2542
%%%mzn-stat: propagators=7047
%%%mzn-stat: failures=1028742
%%%mzn-stat: propagations=615397757
%%%mzn-stat: nogoods=1028742
%%%mzn-stat: numAtomicConstraintsPropagated=0
%%%mzn-stat: circuitNumber4951PropagationsThatFoundConflict=71205
%%%mzn-stat: circuitNumber4951TotalFixedEdgesAtConflict=6833813
%%%mzn-stat: circuitNumber4951NumberOfConflicts=71205
%%%mzn-stat: circuitNumber4951PropagationsThatPruned=529160
%%%mzn-stat: circuitNumber4951PropagationsTotal=1540320
%%%mzn-stat: AverageConflictSize=13.956100752180818
%%%mzn-stat: NumUnitNogoodsLearned=0
%%%mzn-stat: AverageLearnedNogoodLength=82.27526726817803
%%%mzn-stat: AverageBacktrackAmount=0
%%%mzn-stat: AverageLbd=64.81453658934893
%%%mzn-stat: 2AutonomousSearchNumBackupCalled=4769
%%%mzn-stat: 2AutonomousSearchNumPredicatesRemoved=0
%%%mzn-stat: 2AutonomousSearchNumCalls=4772
%%%mzn-stat: 2AutonomousSearchNumPredicatesAdded=4509
%%%mzn-stat: 2AutonomousSearchAverageSizeOfHeap=1.2617351215423303
%%%mzn-stat: 2AutonomousSearchNumAssignedPredicatesEncountered=6021
%%%mzn-stat-end
maxleg = 349;
succ = array1d(1..100,[2, 3, 4, 12, 7, 10, 6, 15, 11, 1, 13, 14, 18, 27, 20, 5, 9, 19, 28, 24, 41, 16, 26, 35, 22, 31, 23, 47, 32, 17, 36, 33, 34, 42, 30, 45, 25, 39, 48, 44, 43, 46, 51, 54, 38, 52, 49, 8, 55, 64, 65, 68, 21, 50, 56, 59, 37, 53, 58, 66, 73, 67, 40, 74, 71, 81, 69, 79, 60, 76, 97, 75, 62, 78, 91, 57, 80, 92, 89, 98, 82, 87, 61, 70, 90, 85, 99, 63, 72, 95, 93, 77, 96, 84, 83, 100, 29, 86, 94, 88]);
% time elapsed: 1019.44 s
----------
%%%mzn-stat: initTime=0.037852995
%%%mzn-stat: objective=328
%%%mzn-stat: nodes=1055475
%%%mzn-stat: restarts=0
%%%mzn-stat: peakDepth=1685
%%%mzn-stat: solveTime=1008.525213296
%%%mzn-stat: variables=2542
%%%mzn-stat: propagators=7047
%%%mzn-stat: failures=1028750
%%%mzn-stat: propagations=615415125
%%%mzn-stat: nogoods=1028750
%%%mzn-stat: numAtomicConstraintsPropagated=0
%%%mzn-stat: circuitNumber4951PropagationsThatFoundConflict=71205
%%%mzn-stat: circuitNumber4951TotalFixedEdgesAtConflict=6833813
%%%mzn-stat: circuitNumber4951NumberOfConflicts=71205
%%%mzn-stat: circuitNumber4951PropagationsThatPruned=529167
%%%mzn-stat: circuitNumber4951PropagationsTotal=1540418
%%%mzn-stat: AverageConflictSize=13.956042770352369
%%%mzn-stat: NumUnitNogoodsLearned=0
%%%mzn-stat: AverageLearnedNogoodLength=82.27524860267314
%%%mzn-stat: AverageBacktrackAmount=0
%%%mzn-stat: AverageLbd=64.81456719319563
%%%mzn-stat: 2AutonomousSearchNumBackupCalled=6305
%%%mzn-stat: 2AutonomousSearchNumPredicatesRemoved=0
%%%mzn-stat: 2AutonomousSearchNumCalls=6309
%%%mzn-stat: 2AutonomousSearchNumPredicatesAdded=4940
%%%mzn-stat: 2AutonomousSearchAverageSizeOfHeap=1.2735774290695832
%%%mzn-stat: 2AutonomousSearchNumAssignedPredicatesEncountered=8035
%%%mzn-stat-end
maxleg = 328;
succ = array1d(1..100,[2, 3, 4, 12, 7, 10, 6, 15, 11, 1, 13, 14, 18, 27, 20, 5, 9, 19, 28, 24, 41, 16, 26, 35, 22, 31, 23, 47, 32, 17, 36, 34, 29, 42, 30, 45, 25, 39, 48, 44, 43, 46, 51, 54, 38, 52, 49, 8, 55, 64, 65, 68, 21, 50, 56, 59, 37, 53, 58, 66, 73, 67, 40, 74, 71, 81, 69, 79, 60, 76, 97, 75, 62, 78, 91, 57, 80, 92, 89, 98, 82, 87, 61, 70, 90, 85, 99, 63, 72, 95, 93, 77, 96, 84, 83, 100, 33, 86, 94, 88]);
% time elapsed: 1019.46 s
----------
%%%mzn-stat: initTime=0.037852995
%%%mzn-stat: objective=325
%%%mzn-stat: nodes=1089227
%%%mzn-stat: restarts=0
%%%mzn-stat: peakDepth=1685
%%%mzn-stat: solveTime=1041.967201889
%%%mzn-stat: variables=2542
%%%mzn-stat: propagators=7047
%%%mzn-stat: failures=1060081
%%%mzn-stat: propagations=633405836
%%%mzn-stat: nogoods=1060081
%%%mzn-stat: numAtomicConstraintsPropagated=0
%%%mzn-stat: circuitNumber4951PropagationsThatFoundConflict=80523
%%%mzn-stat: circuitNumber4951TotalFixedEdgesAtConflict=7727335
%%%mzn-stat: circuitNumber4951NumberOfConflicts=80523
%%%mzn-stat: circuitNumber4951PropagationsThatPruned=536156
%%%mzn-stat: circuitNumber4951PropagationsTotal=1583770
%%%mzn-stat: AverageConflictSize=14.694605412227933
%%%mzn-stat: NumUnitNogoodsLearned=0
%%%mzn-stat: AverageLearnedNogoodLength=82.48271783005261
%%%mzn-stat: AverageBacktrackAmount=0
%%%mzn-stat: AverageLbd=64.97478211570625
%%%mzn-stat: 2AutonomousSearchNumBackupCalled=7861
%%%mzn-stat: 2AutonomousSearchNumPredicatesRemoved=0
%%%mzn-stat: 2AutonomousSearchNumCalls=7866
%%%mzn-stat: 2AutonomousSearchNumPredicatesAdded=6690
%%%mzn-stat: 2AutonomousSearchAverageSizeOfHeap=1.2799389778794814
%%%mzn-stat: 2AutonomousSearchNumAssignedPredicatesEncountered=10068
%%%mzn-stat-end
maxleg = 325;
succ = array1d(1..100,[2, 10, 4, 12, 7, 23, 6, 15, 11, 14, 13, 26, 18, 3, 20, 5, 9, 19, 28, 24, 41, 1, 27, 35, 16, 31, 34, 47, 32, 17, 36, 22, 29, 33, 30, 45, 25, 39, 48, 44, 43, 46, 51, 54, 38, 52, 49, 8, 55, 64, 65, 68, 21, 50, 56, 59, 37, 53, 58, 66, 73, 67, 40, 74, 71, 81, 69, 79, 60, 76, 97, 75, 62, 78, 91, 57, 80, 92, 89, 98, 82, 87, 61, 70, 90, 85, 99, 63, 72, 95, 93, 77, 96, 84, 83, 100, 42, 86, 94, 88]);
% time elapsed: 1052.91 s
----------
%%%mzn-stat: initTime=0.037852995
%%%mzn-stat: objective=319
%%%mzn-stat: nodes=1090947
%%%mzn-stat: restarts=0
%%%mzn-stat: peakDepth=1685
%%%mzn-stat: solveTime=1042.011256054
%%%mzn-stat: variables=2542
%%%mzn-stat: propagators=7047
%%%mzn-stat: failures=1060163
%%%mzn-stat: propagations=633464750
%%%mzn-stat: nogoods=1060163
%%%mzn-stat: numAtomicConstraintsPropagated=0
%%%mzn-stat: circuitNumber4951PropagationsThatFoundConflict=80531
%%%mzn-stat: circuitNumber4951TotalFixedEdgesAtConflict=7728120
%%%mzn-stat: circuitNumber4951NumberOfConflicts=80531
%%%mzn-stat: circuitNumber4951PropagationsThatPruned=536186
%%%mzn-stat: circuitNumber4951PropagationsTotal=1583959
%%%mzn-stat: AverageConflictSize=14.694880881524822
%%%mzn-stat: NumUnitNogoodsLearned=0
%%%mzn-stat: AverageLearnedNogoodLength=82.47932817878005
%%%mzn-stat: AverageBacktrackAmount=0
%%%mzn-stat: AverageLbd=64.97151475763633
%%%mzn-stat: 2AutonomousSearchNumBackupCalled=9401
%%%mzn-stat: 2AutonomousSearchNumPredicatesRemoved=0
%%%mzn-stat: 2AutonomousSearchNumCalls=9407
%%%mzn-stat: 2AutonomousSearchNumPredicatesAdded=8076
%%%mzn-stat: 2AutonomousSearchAverageSizeOfHeap=1.2880833421919846
%%%mzn-stat: 2AutonomousSearchNumAssignedPredicatesEncountered=12117
%%%mzn-stat-end
maxleg = 319;
succ = array1d(1..100,[2, 10, 4, 12, 7, 23, 6, 15, 11, 14, 13, 26, 18, 3, 20, 5, 9, 19, 28, 24, 41, 1, 27, 35, 16, 31, 34, 47, 32, 17, 36, 22, 29, 42, 30, 45, 25, 39, 48, 44, 43, 46, 51, 54, 38, 33, 49, 8, 55, 64, 65, 68, 21, 50, 56, 59, 58, 53, 60, 66, 73, 67, 40, 74, 71, 81, 69, 79, 70, 76, 77, 52, 62, 83, 89, 57, 92, 91, 97, 98, 82, 87, 85, 80, 90, 93, 99, 63, 72, 95, 75, 78, 96, 84, 61, 100, 37, 86, 94, 88]);
% time elapsed: 1052.97 s
----------
%%%mzn-stat: initTime=0.037852995
%%%mzn-stat: objective=317
%%%mzn-stat: nodes=1134408
%%%mzn-stat: restarts=0
%%%mzn-stat: peakDepth=1685
%%%mzn-stat: solveTime=1077.169651212
%%%mzn-stat: variables=2542
%%%mzn-stat: propagators=7047
%%%mzn-stat: failures=1098115
%%%mzn-stat: propagations=654708680
%%%mzn-stat: nogoods=1098115
%%%mzn-stat: numAtomicConstraintsPropagated=0
%%%mzn-stat: circuitNumber4951PropagationsThatFoundConflict=85044
%%%mzn-stat: circuitNumber4951TotalFixedEdgesAtConflict=8135560
%%%mzn-stat: circuitNumber4951NumberOfConflicts=85044
%%%mzn-stat: circuitNumber4951PropagationsThatPruned=551373
%%%mzn-stat: circuitNumber4951PropagationsTotal=1632118
%%%mzn-stat: AverageConflictSize=14.993878601057267
%%%mzn-stat: NumUnitNogoodsLearned=0
%%%mzn-stat: AverageLearnedNogoodLength=82.40863479690196
%%%mzn-stat: AverageBacktrackAmount=0
%%%mzn-stat: AverageLbd=64.81496109241746
%%%mzn-stat: 2AutonomousSearchNumBackupCalled=10912
%%%mzn-stat: 2AutonomousSearchNumPredicatesRemoved=0
%%%mzn-stat: 2AutonomousSearchNumCalls=10919
%%%mzn-stat: 2AutonomousSearchNumPredicatesAdded=9916
%%%mzn-stat: 2AutonomousSearchAverageSizeOfHeap=1.305247733308911
%%%mzn-stat: 2AutonomousSearchNumAssignedPredicatesEncountered=14252
%%%mzn-stat-end
maxleg = 317;
succ = array1d(1..100,[2, 10, 4, 12, 7, 23, 6, 15, 11, 26, 13, 14, 18, 27, 20, 5, 9, 19, 28, 24, 41, 1, 32, 35, 16, 31, 34, 47, 33, 17, 36, 22, 37, 29, 30, 45, 25, 39, 48, 3, 43, 46, 51, 40, 38, 52, 49, 8, 55, 54, 65, 68, 21, 44, 56, 59, 58, 53, 60, 66, 73, 67, 88, 50, 71, 81, 64, 79, 62, 69, 97, 75, 83, 78, 91, 57, 76, 92, 89, 84, 82, 94, 86, 70, 90, 98, 77, 85, 72, 95, 93, 80, 96, 99, 61, 100, 42, 74, 87, 63]);
% time elapsed: 1088.13 s
----------
%%%mzn-stat: initTime=0.037852995
%%%mzn-stat: objective=316
%%%mzn-stat: nodes=1136011
%%%mzn-stat: restarts=0
%%%mzn-stat: peakDepth=1685
%%%mzn-stat: solveTime=1077.175784947
%%%mzn-stat: variables=2542
%%%mzn-stat: propagators=7047
%%%mzn-stat: failures=1098117
%%%mzn-stat: propagations=654722691
%%%mzn-stat: nogoods=1098117
%%%mzn-stat: numAtomicConstraintsPropagated=0
%%%mzn-stat: circuitNumber4951PropagationsThatFoundConflict=85044
%%%mzn-stat: circuitNumber4951TotalFixedEdgesAtConflict=8135560
%%%mzn-stat: circuitNumber4951NumberOfConflicts=85044
%%%mzn-stat: circuitNumber4951PropagationsThatPruned=551377
%%%mzn-stat: circuitNumber4951PropagationsTotal=1632202
%%%mzn-stat: AverageConflictSize=14.99385584596177
%%%mzn-stat: NumUnitNogoodsLearned=0
%%%mzn-stat: AverageLearnedNogoodLength=82.40854025572867
%%%mzn-stat: AverageBacktrackAmount=0
%%%mzn-stat: AverageLbd=64.8148649005525
%%%mzn-stat: 2AutonomousSearchNumBackupCalled=12433
%%%mzn-stat: 2AutonomousSearchNumPredicatesRemoved=0
%%%mzn-stat: 2AutonomousSearchNumCalls=12441
%%%mzn-stat: 2AutonomousSearchNumPredicatesAdded=10065
%%%mzn-stat: 2AutonomousSearchAverageSizeOfHeap=1.3171770757977654
%%%mzn-stat: 2AutonomousSearchNumAssignedPredicatesEncountered=16387
%%%mzn-stat-end
maxleg = 316;
succ = array1d(1..100,[2, 10, 4, 12, 7, 23, 6, 15, 11, 26, 13, 14, 18, 27, 20, 5, 9, 19, 28, 24, 41, 1, 32, 35, 16, 31, 34, 47, 33, 17, 36, 22, 37, 29, 30, 45, 25, 39, 48, 3, 43, 46, 51, 40, 38, 52, 49, 8, 55, 54, 65, 68, 21, 44, 56, 59, 58, 53, 60, 66, 73, 67, 88, 50, 71, 81, 64, 79, 62, 69, 97, 75, 83, 78, 91, 57, 76, 92, 89, 84, 82, 94, 86, 70, 95, 98, 77, 85, 72, 61, 93, 80, 96, 99, 90, 100, 42, 74, 87, 63]);
% time elapsed: 1088.14 s
----------
%%%mzn-stat: initTime=0.037852995
%%%mzn-stat: objective=304
%%%mzn-stat: nodes=1137570
%%%mzn-stat: restarts=0
%%%mzn-stat: peakDepth=1685
%%%mzn-stat: solveTime=1077.181069894
%%%mzn-stat: variables=2542
%%%mzn-stat: propagators=7047
%%%mzn-stat: failures=1098117
%%%mzn-stat: propagations=654735978
%%%mzn-stat: nogoods=1098117
%%%mzn-stat: numAtomicConstraintsPropagated=0
%%%mzn-stat: circuitNumber4951PropagationsThatFoundConflict=85044
%%%mzn-stat: circuitNumber4951TotalFixedEdgesAtConflict=8135560
%%%mzn-stat: circuitNumber4951NumberOfConflicts=85044
%%%mzn-stat: circuitNumber4951PropagationsThatPruned=551379
%%%mzn-stat: circuitNumber4951PropagationsTotal=1632284
%%%mzn-stat: AverageConflictSize=14.99385584596177
%%%mzn-stat: NumUnitNogoodsLearned=0
%%%mzn-stat: AverageLearnedNogoodLength=82.40854025572867
%%%mzn-stat: AverageBacktrackAmount=0
%%%mzn-stat: AverageLbd=64.8148649005525
%%%mzn-stat: 2AutonomousSearchNumBackupCalled=13911
%%%mzn-stat: 2AutonomousSearchNumPredicatesRemoved=0
%%%mzn-stat: 2AutonomousSearchNumCalls=13920
%%%mzn-stat: 2AutonomousSearchNumPredicatesAdded=10065
%%%mzn-stat: 2AutonomousSearchAverageSizeOfHeap=1.330603448275862
%%%mzn-stat: 2AutonomousSearchNumAssignedPredicatesEncountered=18522
%%%mzn-stat-end
maxleg = 304;
succ = array1d(1..100,[2, 10, 4, 12, 7, 23, 6, 15, 11, 26, 13, 14, 18, 27, 20, 5, 9, 19, 28, 24, 41, 1, 32, 35, 16, 31, 34, 47, 33, 17, 36, 22, 37, 29, 30, 45, 25, 39, 48, 3, 43, 46, 51, 40, 38, 52, 49, 8, 55, 54, 65, 68, 21, 44, 56, 59, 58, 53, 60, 66, 73, 67, 88, 50, 71, 81, 64, 89, 62, 69, 97, 75, 83, 78, 91, 57, 76, 92, 42, 84, 82, 94, 86, 70, 95, 98, 77, 85, 72, 61, 93, 80, 96, 99, 90, 100, 79, 74, 87, 63]);
% time elapsed: 1088.15 s
----------
%%%mzn-stat: initTime=0.037852995
%%%mzn-stat: objective=304
%%%mzn-stat: nodes=1933349
%%%mzn-stat: restarts=0
%%%mzn-stat: peakDepth=1685
%%%mzn-stat: solveTime=1788.965703253
%%%mzn-stat: variables=2542
%%%mzn-stat: propagators=7047
%%%mzn-stat: failures=1832496
%%%mzn-stat: propagations=1081703623
%%%mzn-stat: nogoods=1832496
%%%mzn-stat: numAtomicConstraintsPropagated=0
%%%mzn-stat: circuitNumber4951PropagationsThatFoundConflict=133407
%%%mzn-stat: circuitNumber4951TotalFixedEdgesAtConflict=12555517
%%%mzn-stat: circuitNumber4951NumberOfConflicts=133407
%%%mzn-stat: circuitNumber4951PropagationsThatPruned=890300
%%%mzn-stat: circuitNumber4951PropagationsTotal=2659234
%%%mzn-stat: AverageConflictSize=17.129081864298747
%%%mzn-stat: NumUnitNogoodsLearned=0
%%%mzn-stat: AverageLearnedNogoodLength=81.90534385886791
%%%mzn-stat: AverageBacktrackAmount=0
%%%mzn-stat: AverageLbd=61.51998148972767
%%%mzn-stat: 2AutonomousSearchNumBackupCalled=13911
%%%mzn-stat: 2AutonomousSearchNumPredicatesRemoved=0
%%%mzn-stat: 2AutonomousSearchNumCalls=13920
%%%mzn-stat: 2AutonomousSearchNumPredicatesAdded=12484
%%%mzn-stat: 2AutonomousSearchAverageSizeOfHeap=1.330603448275862
%%%mzn-stat: 2AutonomousSearchNumAssignedPredicatesEncountered=18522
%%%mzn-stat-end
