% Logging successfully configured
%%%mzn-stat: initTime=0.003077819
%%%mzn-stat: objective=423
%%%mzn-stat: nodes=143
%%%mzn-stat: restarts=0
%%%mzn-stat: peakDepth=119
%%%mzn-stat: solveTime=0.002893226
%%%mzn-stat: variables=282
%%%mzn-stat: propagators=183
%%%mzn-stat: failures=16
%%%mzn-stat: propagations=1007
%%%mzn-stat: nogoods=16
%%%mzn-stat: numAtomicConstraintsPropagated=0
%%%mzn-stat: circuitNumber1PropagationsTotal=112
%%%mzn-stat: circuitNumber1CircuitConflicts=12
%%%mzn-stat: circuitNumber1AlldiffConflicts=0
%%%mzn-stat: circuitNumber1TotalFixedEdgesAtConflict=179
%%%mzn-stat: circuitNumber1NumberOfConflicts=12
%%%mzn-stat: circuitNumber1GacPrunings=186
%%%mzn-stat: circuitNumber1PropagationsThatGacPruned=60
%%%mzn-stat: circuitNumber1TotalPruningHallSetSize=404
%%%mzn-stat: circuitNumber1NumberOfPruningExplanations=186
%%%mzn-stat: circuitNumber1MaxPruningHallSetSize=13
%%%mzn-stat: circuitNumber1TotalSccSizeAtPruning=220
%%%mzn-stat: circuitNumber1NumberOfSccPruningCalls=60
%%%mzn-stat: circuitNumber1TotalVarsInvolvedInPruning=170
%%%mzn-stat: circuitNumber1MaxValuesPrunedFromSingleVar=2
%%%mzn-stat: circuitNumber1HallCircuitChecks=144
%%%mzn-stat: circuitNumber1HallCircuitPrunings=10
%%%mzn-stat: circuitNumber1CircuitPreventPrunings=50
%%%mzn-stat: AverageConflictSize=6.3125
%%%mzn-stat: NumUnitNogoodsLearned=0
%%%mzn-stat: AverageLearnedNogoodLength=12.3125
%%%mzn-stat: AverageBacktrackAmount=0
%%%mzn-stat: AverageLbd=6.25
%%%mzn-stat: 2AutonomousSearchNumBackupCalled=106
%%%mzn-stat: 2AutonomousSearchNumPredicatesRemoved=0
%%%mzn-stat: 2AutonomousSearchNumCalls=107
%%%mzn-stat: 2AutonomousSearchNumPredicatesAdded=222
%%%mzn-stat: 2AutonomousSearchAverageSizeOfHeap=2.074766355140187
%%%mzn-stat: 2AutonomousSearchNumAssignedPredicatesEncountered=222
%%%mzn-stat-end
maxleg = 423;
succ = array1d(1..20,[2, 4, 9, 5, 12, 7, 11, 13, 1, 3, 17, 15, 14, 20, 19, 18, 10, 8, 16, 6]);
% time elapsed: 0.16 s
----------
%%%mzn-stat: initTime=0.003077819
%%%mzn-stat: objective=378
%%%mzn-stat: nodes=262
%%%mzn-stat: restarts=0
%%%mzn-stat: peakDepth=119
%%%mzn-stat: solveTime=0.003761448
%%%mzn-stat: variables=282
%%%mzn-stat: propagators=183
%%%mzn-stat: failures=17
%%%mzn-stat: propagations=1374
%%%mzn-stat: nogoods=17
%%%mzn-stat: numAtomicConstraintsPropagated=0
%%%mzn-stat: circuitNumber1PropagationsTotal=147
%%%mzn-stat: circuitNumber1CircuitConflicts=13
%%%mzn-stat: circuitNumber1AlldiffConflicts=0
%%%mzn-stat: circuitNumber1TotalFixedEdgesAtConflict=196
%%%mzn-stat: circuitNumber1NumberOfConflicts=13
%%%mzn-stat: circuitNumber1GacPrunings=246
%%%mzn-stat: circuitNumber1PropagationsThatGacPruned=75
%%%mzn-stat: circuitNumber1TotalPruningHallSetSize=518
%%%mzn-stat: circuitNumber1NumberOfPruningExplanations=246
%%%mzn-stat: circuitNumber1MaxPruningHallSetSize=13
%%%mzn-stat: circuitNumber1TotalSccSizeAtPruning=276
%%%mzn-stat: circuitNumber1NumberOfSccPruningCalls=75
%%%mzn-stat: circuitNumber1TotalVarsInvolvedInPruning=225
%%%mzn-stat: circuitNumber1MaxValuesPrunedFromSingleVar=2
%%%mzn-stat: circuitNumber1HallCircuitChecks=177
%%%mzn-stat: circuitNumber1HallCircuitPrunings=15
%%%mzn-stat: circuitNumber1CircuitPreventPrunings=62
%%%mzn-stat: AverageConflictSize=6.176470588235294
%%%mzn-stat: NumUnitNogoodsLearned=0
%%%mzn-stat: AverageLearnedNogoodLength=12
%%%mzn-stat: AverageBacktrackAmount=0
%%%mzn-stat: AverageLbd=6.117647058823529
%%%mzn-stat: 2AutonomousSearchNumBackupCalled=210
%%%mzn-stat: 2AutonomousSearchNumPredicatesRemoved=0
%%%mzn-stat: 2AutonomousSearchNumCalls=212
%%%mzn-stat: 2AutonomousSearchNumPredicatesAdded=273
%%%mzn-stat: 2AutonomousSearchAverageSizeOfHeap=2.1037735849056602
%%%mzn-stat: 2AutonomousSearchNumAssignedPredicatesEncountered=446
%%%mzn-stat-end
maxleg = 378;
succ = array1d(1..20,[2, 4, 9, 5, 12, 7, 11, 13, 1, 8, 17, 15, 14, 20, 19, 10, 18, 3, 16, 6]);
% time elapsed: 0.16 s
----------
%%%mzn-stat: initTime=0.003077819
%%%mzn-stat: objective=344
%%%mzn-stat: nodes=374
%%%mzn-stat: restarts=0
%%%mzn-stat: peakDepth=119
%%%mzn-stat: solveTime=0.004470612
%%%mzn-stat: variables=282
%%%mzn-stat: propagators=183
%%%mzn-stat: failures=17
%%%mzn-stat: propagations=1707
%%%mzn-stat: nogoods=17
%%%mzn-stat: numAtomicConstraintsPropagated=0
%%%mzn-stat: circuitNumber1PropagationsTotal=177
%%%mzn-stat: circuitNumber1CircuitConflicts=13
%%%mzn-stat: circuitNumber1AlldiffConflicts=0
%%%mzn-stat: circuitNumber1TotalFixedEdgesAtConflict=196
%%%mzn-stat: circuitNumber1NumberOfConflicts=13
%%%mzn-stat: circuitNumber1GacPrunings=293
%%%mzn-stat: circuitNumber1PropagationsThatGacPruned=89
%%%mzn-stat: circuitNumber1TotalPruningHallSetSize=610
%%%mzn-stat: circuitNumber1NumberOfPruningExplanations=293
%%%mzn-stat: circuitNumber1MaxPruningHallSetSize=13
%%%mzn-stat: circuitNumber1TotalSccSizeAtPruning=346
%%%mzn-stat: circuitNumber1NumberOfSccPruningCalls=89
%%%mzn-stat: circuitNumber1TotalVarsInvolvedInPruning=269
%%%mzn-stat: circuitNumber1MaxValuesPrunedFromSingleVar=2
%%%mzn-stat: circuitNumber1HallCircuitChecks=204
%%%mzn-stat: circuitNumber1HallCircuitPrunings=19
%%%mzn-stat: circuitNumber1CircuitPreventPrunings=75
%%%mzn-stat: AverageConflictSize=6.176470588235294
%%%mzn-stat: NumUnitNogoodsLearned=0
%%%mzn-stat: AverageLearnedNogoodLength=12
%%%mzn-stat: AverageBacktrackAmount=0
%%%mzn-stat: AverageLbd=6.117647058823529
%%%mzn-stat: 2AutonomousSearchNumBackupCalled=311
%%%mzn-stat: 2AutonomousSearchNumPredicatesRemoved=0
%%%mzn-stat: 2AutonomousSearchNumCalls=314
%%%mzn-stat: 2AutonomousSearchNumPredicatesAdded=273
%%%mzn-stat: 2AutonomousSearchAverageSizeOfHeap=2.1337579617834397
%%%mzn-stat: 2AutonomousSearchNumAssignedPredicatesEncountered=670
%%%mzn-stat-end
maxleg = 344;
succ = array1d(1..20,[2, 4, 9, 5, 12, 7, 11, 13, 16, 8, 17, 15, 14, 20, 19, 1, 18, 3, 10, 6]);
% time elapsed: 0.16 s
----------
%%%mzn-stat: initTime=0.003077819
%%%mzn-stat: objective=342
%%%mzn-stat: nodes=479
%%%mzn-stat: restarts=0
%%%mzn-stat: peakDepth=119
%%%mzn-stat: solveTime=0.005110258
%%%mzn-stat: variables=282
%%%mzn-stat: propagators=183
%%%mzn-stat: failures=17
%%%mzn-stat: propagations=2052
%%%mzn-stat: nogoods=17
%%%mzn-stat: numAtomicConstraintsPropagated=0
%%%mzn-stat: circuitNumber1PropagationsTotal=207
%%%mzn-stat: circuitNumber1CircuitConflicts=13
%%%mzn-stat: circuitNumber1AlldiffConflicts=0
%%%mzn-stat: circuitNumber1TotalFixedEdgesAtConflict=196
%%%mzn-stat: circuitNumber1NumberOfConflicts=13
%%%mzn-stat: circuitNumber1GacPrunings=338
%%%mzn-stat: circuitNumber1PropagationsThatGacPruned=103
%%%mzn-stat: circuitNumber1TotalPruningHallSetSize=704
%%%mzn-stat: circuitNumber1NumberOfPruningExplanations=338
%%%mzn-stat: circuitNumber1MaxPruningHallSetSize=13
%%%mzn-stat: circuitNumber1TotalSccSizeAtPruning=421
%%%mzn-stat: circuitNumber1NumberOfSccPruningCalls=103
%%%mzn-stat: circuitNumber1TotalVarsInvolvedInPruning=308
%%%mzn-stat: circuitNumber1MaxValuesPrunedFromSingleVar=2
%%%mzn-stat: circuitNumber1HallCircuitChecks=233
%%%mzn-stat: circuitNumber1HallCircuitPrunings=23
%%%mzn-stat: circuitNumber1CircuitPreventPrunings=89
%%%mzn-stat: AverageConflictSize=6.176470588235294
%%%mzn-stat: NumUnitNogoodsLearned=0
%%%mzn-stat: AverageLearnedNogoodLength=12
%%%mzn-stat: AverageBacktrackAmount=0
%%%mzn-stat: AverageLbd=6.117647058823529
%%%mzn-stat: 2AutonomousSearchNumBackupCalled=405
%%%mzn-stat: 2AutonomousSearchNumPredicatesRemoved=0
%%%mzn-stat: 2AutonomousSearchNumCalls=409
%%%mzn-stat: 2AutonomousSearchNumPredicatesAdded=273
%%%mzn-stat: 2AutonomousSearchAverageSizeOfHeap=2.1858190709046457
%%%mzn-stat: 2AutonomousSearchNumAssignedPredicatesEncountered=894
%%%mzn-stat-end
maxleg = 342;
succ = array1d(1..20,[2, 4, 9, 5, 12, 7, 13, 11, 16, 6, 17, 15, 14, 20, 19, 1, 18, 3, 10, 8]);
% time elapsed: 0.16 s
----------
%%%mzn-stat: initTime=0.003077819
%%%mzn-stat: objective=337
%%%mzn-stat: nodes=576
%%%mzn-stat: restarts=0
%%%mzn-stat: peakDepth=119
%%%mzn-stat: solveTime=0.0057702
%%%mzn-stat: variables=282
%%%mzn-stat: propagators=183
%%%mzn-stat: failures=17
%%%mzn-stat: propagations=2394
%%%mzn-stat: nogoods=17
%%%mzn-stat: numAtomicConstraintsPropagated=0
%%%mzn-stat: circuitNumber1PropagationsTotal=238
%%%mzn-stat: circuitNumber1CircuitConflicts=13
%%%mzn-stat: circuitNumber1AlldiffConflicts=0
%%%mzn-stat: circuitNumber1TotalFixedEdgesAtConflict=196
%%%mzn-stat: circuitNumber1NumberOfConflicts=13
%%%mzn-stat: circuitNumber1GacPrunings=383
%%%mzn-stat: circuitNumber1PropagationsThatGacPruned=118
%%%mzn-stat: circuitNumber1TotalPruningHallSetSize=798
%%%mzn-stat: circuitNumber1NumberOfPruningExplanations=383
%%%mzn-stat: circuitNumber1MaxPruningHallSetSize=13
%%%mzn-stat: circuitNumber1TotalSccSizeAtPruning=496
%%%mzn-stat: circuitNumber1NumberOfSccPruningCalls=118
%%%mzn-stat: circuitNumber1TotalVarsInvolvedInPruning=349
%%%mzn-stat: circuitNumber1MaxValuesPrunedFromSingleVar=2
%%%mzn-stat: circuitNumber1HallCircuitChecks=263
%%%mzn-stat: circuitNumber1HallCircuitPrunings=26
%%%mzn-stat: circuitNumber1CircuitPreventPrunings=104
%%%mzn-stat: AverageConflictSize=6.176470588235294
%%%mzn-stat: NumUnitNogoodsLearned=0
%%%mzn-stat: AverageLearnedNogoodLength=12
%%%mzn-stat: AverageBacktrackAmount=0
%%%mzn-stat: AverageLbd=6.117647058823529
%%%mzn-stat: 2AutonomousSearchNumBackupCalled=491
%%%mzn-stat: 2AutonomousSearchNumPredicatesRemoved=0
%%%mzn-stat: 2AutonomousSearchNumCalls=496
%%%mzn-stat: 2AutonomousSearchNumPredicatesAdded=273
%%%mzn-stat: 2AutonomousSearchAverageSizeOfHeap=2.254032258064516
%%%mzn-stat: 2AutonomousSearchNumAssignedPredicatesEncountered=1118
%%%mzn-stat-end
maxleg = 337;
succ = array1d(1..20,[4, 5, 9, 2, 12, 7, 13, 11, 16, 6, 17, 15, 14, 20, 19, 1, 18, 3, 10, 8]);
% time elapsed: 0.16 s
----------
%%%mzn-stat: initTime=0.003077819
%%%mzn-stat: objective=323
%%%mzn-stat: nodes=660
%%%mzn-stat: restarts=0
%%%mzn-stat: peakDepth=119
%%%mzn-stat: solveTime=0.006436918
%%%mzn-stat: variables=282
%%%mzn-stat: propagators=183
%%%mzn-stat: failures=18
%%%mzn-stat: propagations=2755
%%%mzn-stat: nogoods=18
%%%mzn-stat: numAtomicConstraintsPropagated=0
%%%mzn-stat: circuitNumber1PropagationsTotal=265
%%%mzn-stat: circuitNumber1CircuitConflicts=14
%%%mzn-stat: circuitNumber1AlldiffConflicts=0
%%%mzn-stat: circuitNumber1TotalFixedEdgesAtConflict=212
%%%mzn-stat: circuitNumber1NumberOfConflicts=14
%%%mzn-stat: circuitNumber1GacPrunings=432
%%%mzn-stat: circuitNumber1PropagationsThatGacPruned=132
%%%mzn-stat: circuitNumber1TotalPruningHallSetSize=934
%%%mzn-stat: circuitNumber1NumberOfPruningExplanations=432
%%%mzn-stat: circuitNumber1MaxPruningHallSetSize=14
%%%mzn-stat: circuitNumber1TotalSccSizeAtPruning=565
%%%mzn-stat: circuitNumber1NumberOfSccPruningCalls=132
%%%mzn-stat: circuitNumber1TotalVarsInvolvedInPruning=389
%%%mzn-stat: circuitNumber1MaxValuesPrunedFromSingleVar=3
%%%mzn-stat: circuitNumber1HallCircuitChecks=298
%%%mzn-stat: circuitNumber1HallCircuitPrunings=27
%%%mzn-stat: circuitNumber1CircuitPreventPrunings=112
%%%mzn-stat: AverageConflictSize=5.944444444444445
%%%mzn-stat: NumUnitNogoodsLearned=0
%%%mzn-stat: AverageLearnedNogoodLength=11.88888888888889
%%%mzn-stat: AverageBacktrackAmount=0
%%%mzn-stat: AverageLbd=6.055555555555555
%%%mzn-stat: 2AutonomousSearchNumBackupCalled=564
%%%mzn-stat: 2AutonomousSearchNumPredicatesRemoved=0
%%%mzn-stat: 2AutonomousSearchNumCalls=570
%%%mzn-stat: 2AutonomousSearchNumPredicatesAdded=321
%%%mzn-stat: 2AutonomousSearchAverageSizeOfHeap=2.398245614035088
%%%mzn-stat: 2AutonomousSearchNumAssignedPredicatesEncountered=1367
%%%mzn-stat-end
maxleg = 323;
succ = array1d(1..20,[4, 5, 9, 2, 15, 7, 13, 10, 16, 17, 18, 14, 8, 20, 12, 19, 11, 3, 1, 6]);
% time elapsed: 0.16 s
----------
%%%mzn-stat: initTime=0.003077819
%%%mzn-stat: objective=313
%%%mzn-stat: nodes=738
%%%mzn-stat: restarts=0
%%%mzn-stat: peakDepth=119
%%%mzn-stat: solveTime=0.007066518
%%%mzn-stat: variables=282
%%%mzn-stat: propagators=183
%%%mzn-stat: failures=18
%%%mzn-stat: propagations=3119
%%%mzn-stat: nogoods=18
%%%mzn-stat: numAtomicConstraintsPropagated=0
%%%mzn-stat: circuitNumber1PropagationsTotal=291
%%%mzn-stat: circuitNumber1CircuitConflicts=14
%%%mzn-stat: circuitNumber1AlldiffConflicts=0
%%%mzn-stat: circuitNumber1TotalFixedEdgesAtConflict=212
%%%mzn-stat: circuitNumber1NumberOfConflicts=14
%%%mzn-stat: circuitNumber1GacPrunings=470
%%%mzn-stat: circuitNumber1PropagationsThatGacPruned=146
%%%mzn-stat: circuitNumber1TotalPruningHallSetSize=1072
%%%mzn-stat: circuitNumber1NumberOfPruningExplanations=470
%%%mzn-stat: circuitNumber1MaxPruningHallSetSize=18
%%%mzn-stat: circuitNumber1TotalSccSizeAtPruning=643
%%%mzn-stat: circuitNumber1NumberOfSccPruningCalls=146
%%%mzn-stat: circuitNumber1TotalVarsInvolvedInPruning=420
%%%mzn-stat: circuitNumber1MaxValuesPrunedFromSingleVar=3
%%%mzn-stat: circuitNumber1HallCircuitChecks=325
%%%mzn-stat: circuitNumber1HallCircuitPrunings=30
%%%mzn-stat: circuitNumber1CircuitPreventPrunings=124
%%%mzn-stat: AverageConflictSize=5.944444444444445
%%%mzn-stat: NumUnitNogoodsLearned=0
%%%mzn-stat: AverageLearnedNogoodLength=11.88888888888889
%%%mzn-stat: AverageBacktrackAmount=0
%%%mzn-stat: AverageLbd=6.055555555555555
%%%mzn-stat: 2AutonomousSearchNumBackupCalled=632
%%%mzn-stat: 2AutonomousSearchNumPredicatesRemoved=0
%%%mzn-stat: 2AutonomousSearchNumCalls=639
%%%mzn-stat: 2AutonomousSearchNumPredicatesAdded=321
%%%mzn-stat: 2AutonomousSearchAverageSizeOfHeap=2.5289514866979657
%%%mzn-stat: 2AutonomousSearchNumAssignedPredicatesEncountered=1616
%%%mzn-stat-end
maxleg = 313;
succ = array1d(1..20,[16, 4, 17, 5, 19, 7, 13, 6, 3, 8, 18, 15, 20, 12, 2, 9, 11, 10, 1, 14]);
% time elapsed: 0.16 s
----------
==========
% time elapsed: 0.16 s
%%%mzn-stat: initTime=0.003077819
%%%mzn-stat: objective=313
%%%mzn-stat: nodes=755
%%%mzn-stat: restarts=0
%%%mzn-stat: peakDepth=119
%%%mzn-stat: solveTime=0.009904642
%%%mzn-stat: variables=282
%%%mzn-stat: propagators=183
%%%mzn-stat: failures=36
%%%mzn-stat: propagations=3799
%%%mzn-stat: nogoods=36
%%%mzn-stat: numAtomicConstraintsPropagated=0
%%%mzn-stat: circuitNumber1PropagationsTotal=374
%%%mzn-stat: circuitNumber1CircuitConflicts=24
%%%mzn-stat: circuitNumber1AlldiffConflicts=0
%%%mzn-stat: circuitNumber1TotalFixedEdgesAtConflict=320
%%%mzn-stat: circuitNumber1NumberOfConflicts=24
%%%mzn-stat: circuitNumber1GacPrunings=672
%%%mzn-stat: circuitNumber1PropagationsThatGacPruned=194
%%%mzn-stat: circuitNumber1TotalPruningHallSetSize=2113
%%%mzn-stat: circuitNumber1NumberOfPruningExplanations=672
%%%mzn-stat: circuitNumber1MaxPruningHallSetSize=18
%%%mzn-stat: circuitNumber1TotalSccSizeAtPruning=1227
%%%mzn-stat: circuitNumber1NumberOfSccPruningCalls=194
%%%mzn-stat: circuitNumber1TotalVarsInvolvedInPruning=582
%%%mzn-stat: circuitNumber1MaxValuesPrunedFromSingleVar=4
%%%mzn-stat: circuitNumber1HallCircuitChecks=399
%%%mzn-stat: circuitNumber1HallCircuitPrunings=38
%%%mzn-stat: circuitNumber1CircuitPreventPrunings=174
%%%mzn-stat: AverageConflictSize=4.861111111111111
%%%mzn-stat: NumUnitNogoodsLearned=1
%%%mzn-stat: AverageLearnedNogoodLength=15.277777777777779
%%%mzn-stat: AverageBacktrackAmount=0
%%%mzn-stat: AverageLbd=4.666666666666667
%%%mzn-stat: 2AutonomousSearchNumBackupCalled=632
%%%mzn-stat: 2AutonomousSearchNumPredicatesRemoved=0
%%%mzn-stat: 2AutonomousSearchNumCalls=639
%%%mzn-stat: 2AutonomousSearchNumPredicatesAdded=750
%%%mzn-stat: 2AutonomousSearchAverageSizeOfHeap=2.5289514866979657
%%%mzn-stat: 2AutonomousSearchNumAssignedPredicatesEncountered=1616
%%%mzn-stat-end
