% Logging successfully configured
%%%mzn-stat: initTime=0.011797281
%%%mzn-stat: objective=419
%%%mzn-stat: nodes=594
%%%mzn-stat: restarts=0
%%%mzn-stat: peakDepth=592
%%%mzn-stat: solveTime=0.005295453
%%%mzn-stat: variables=1113
%%%mzn-stat: propagators=816
%%%mzn-stat: failures=2
%%%mzn-stat: propagations=2764
%%%mzn-stat: nogoods=2
%%%mzn-stat: numAtomicConstraintsPropagated=0
%%%mzn-stat: circuitNumber1PropagationsTotal=87
%%%mzn-stat: circuitNumber1CircuitConflicts=1
%%%mzn-stat: circuitNumber1AlldiffConflicts=0
%%%mzn-stat: circuitNumber1TotalFixedEdgesAtConflict=44
%%%mzn-stat: circuitNumber1NumberOfConflicts=1
%%%mzn-stat: circuitNumber1GacPrunings=307
%%%mzn-stat: circuitNumber1PropagationsThatGacPruned=42
%%%mzn-stat: circuitNumber1TotalPruningHallSetSize=407
%%%mzn-stat: circuitNumber1NumberOfPruningExplanations=307
%%%mzn-stat: circuitNumber1MaxPruningHallSetSize=7
%%%mzn-stat: circuitNumber1TotalSccSizeAtPruning=82
%%%mzn-stat: circuitNumber1NumberOfSccPruningCalls=42
%%%mzn-stat: circuitNumber1TotalVarsInvolvedInPruning=292
%%%mzn-stat: circuitNumber1MaxValuesPrunedFromSingleVar=3
%%%mzn-stat: circuitNumber1HallCircuitChecks=107
%%%mzn-stat: circuitNumber1HallCircuitPrunings=3
%%%mzn-stat: circuitNumber1CircuitPreventPrunings=24
%%%mzn-stat: AverageConflictSize=3
%%%mzn-stat: NumUnitNogoodsLearned=0
%%%mzn-stat: AverageLearnedNogoodLength=14
%%%mzn-stat: AverageBacktrackAmount=0
%%%mzn-stat: AverageLbd=8
%%%mzn-stat: 2AutonomousSearchNumBackupCalled=552
%%%mzn-stat: 2AutonomousSearchNumPredicatesRemoved=0
%%%mzn-stat: 2AutonomousSearchNumCalls=553
%%%mzn-stat: 2AutonomousSearchNumPredicatesAdded=87
%%%mzn-stat: 2AutonomousSearchAverageSizeOfHeap=0.15732368896925858
%%%mzn-stat: 2AutonomousSearchNumAssignedPredicatesEncountered=87
%%%mzn-stat-end
maxleg = 419;
succ = array1d(1..50,[2, 4, 7, 3, 8, 12, 5, 13, 11, 14, 1, 9, 20, 16, 28, 19, 22, 6, 21, 15, 24, 18, 25, 29, 10, 34, 23, 32, 38, 47, 33, 30, 36, 27, 42, 35, 26, 45, 37, 46, 39, 44, 41, 43, 49, 31, 50, 17, 48, 40]);
% time elapsed: 0.29 s
----------
%%%mzn-stat: initTime=0.011797281
%%%mzn-stat: objective=406
%%%mzn-stat: nodes=1192
%%%mzn-stat: restarts=0
%%%mzn-stat: peakDepth=592
%%%mzn-stat: solveTime=0.012695894
%%%mzn-stat: variables=1113
%%%mzn-stat: propagators=816
%%%mzn-stat: failures=6
%%%mzn-stat: propagations=4239
%%%mzn-stat: nogoods=6
%%%mzn-stat: numAtomicConstraintsPropagated=0
%%%mzn-stat: circuitNumber1PropagationsTotal=195
%%%mzn-stat: circuitNumber1CircuitConflicts=4
%%%mzn-stat: circuitNumber1AlldiffConflicts=0
%%%mzn-stat: circuitNumber1TotalFixedEdgesAtConflict=161
%%%mzn-stat: circuitNumber1NumberOfConflicts=4
%%%mzn-stat: circuitNumber1GacPrunings=687
%%%mzn-stat: circuitNumber1PropagationsThatGacPruned=95
%%%mzn-stat: circuitNumber1TotalPruningHallSetSize=1370
%%%mzn-stat: circuitNumber1NumberOfPruningExplanations=687
%%%mzn-stat: circuitNumber1MaxPruningHallSetSize=22
%%%mzn-stat: circuitNumber1TotalSccSizeAtPruning=290
%%%mzn-stat: circuitNumber1NumberOfSccPruningCalls=95
%%%mzn-stat: circuitNumber1TotalVarsInvolvedInPruning=619
%%%mzn-stat: circuitNumber1MaxValuesPrunedFromSingleVar=5
%%%mzn-stat: circuitNumber1HallCircuitChecks=280
%%%mzn-stat: circuitNumber1HallCircuitPrunings=9
%%%mzn-stat: circuitNumber1CircuitPreventPrunings=60
%%%mzn-stat: AverageConflictSize=2.8333333333333335
%%%mzn-stat: NumUnitNogoodsLearned=0
%%%mzn-stat: AverageLearnedNogoodLength=8.666666666666666
%%%mzn-stat: AverageBacktrackAmount=0
%%%mzn-stat: AverageLbd=5
%%%mzn-stat: 2AutonomousSearchNumBackupCalled=1103
%%%mzn-stat: 2AutonomousSearchNumPredicatesRemoved=0
%%%mzn-stat: 2AutonomousSearchNumCalls=1105
%%%mzn-stat: 2AutonomousSearchNumPredicatesAdded=158
%%%mzn-stat: 2AutonomousSearchAverageSizeOfHeap=0.22081447963800904
%%%mzn-stat: 2AutonomousSearchNumAssignedPredicatesEncountered=244
%%%mzn-stat-end
maxleg = 406;
succ = array1d(1..50,[2, 4, 7, 3, 8, 12, 5, 13, 11, 14, 1, 9, 20, 16, 28, 19, 22, 6, 21, 15, 24, 18, 25, 29, 10, 34, 23, 32, 42, 50, 33, 45, 36, 37, 27, 35, 39, 47, 48, 46, 26, 44, 41, 43, 49, 31, 30, 17, 38, 40]);
% time elapsed: 0.31 s
----------
%%%mzn-stat: initTime=0.011797281
%%%mzn-stat: objective=389
%%%mzn-stat: nodes=1761
%%%mzn-stat: restarts=0
%%%mzn-stat: peakDepth=592
%%%mzn-stat: solveTime=0.018407943
%%%mzn-stat: variables=1113
%%%mzn-stat: propagators=816
%%%mzn-stat: failures=7
%%%mzn-stat: propagations=5572
%%%mzn-stat: nogoods=7
%%%mzn-stat: numAtomicConstraintsPropagated=0
%%%mzn-stat: circuitNumber1PropagationsTotal=271
%%%mzn-stat: circuitNumber1CircuitConflicts=5
%%%mzn-stat: circuitNumber1AlldiffConflicts=0
%%%mzn-stat: circuitNumber1TotalFixedEdgesAtConflict=185
%%%mzn-stat: circuitNumber1NumberOfConflicts=5
%%%mzn-stat: circuitNumber1GacPrunings=988
%%%mzn-stat: circuitNumber1PropagationsThatGacPruned=132
%%%mzn-stat: circuitNumber1TotalPruningHallSetSize=2079
%%%mzn-stat: circuitNumber1NumberOfPruningExplanations=988
%%%mzn-stat: circuitNumber1MaxPruningHallSetSize=28
%%%mzn-stat: circuitNumber1TotalSccSizeAtPruning=448
%%%mzn-stat: circuitNumber1NumberOfSccPruningCalls=132
%%%mzn-stat: circuitNumber1TotalVarsInvolvedInPruning=890
%%%mzn-stat: circuitNumber1MaxValuesPrunedFromSingleVar=6
%%%mzn-stat: circuitNumber1HallCircuitChecks=361
%%%mzn-stat: circuitNumber1HallCircuitPrunings=14
%%%mzn-stat: circuitNumber1CircuitPreventPrunings=83
%%%mzn-stat: AverageConflictSize=5.142857142857143
%%%mzn-stat: NumUnitNogoodsLearned=0
%%%mzn-stat: AverageLearnedNogoodLength=15.285714285714286
%%%mzn-stat: AverageBacktrackAmount=0
%%%mzn-stat: AverageLbd=7.571428571428571
%%%mzn-stat: 2AutonomousSearchNumBackupCalled=1635
%%%mzn-stat: 2AutonomousSearchNumPredicatesRemoved=0
%%%mzn-stat: 2AutonomousSearchNumCalls=1638
%%%mzn-stat: 2AutonomousSearchNumPredicatesAdded=256
%%%mzn-stat: 2AutonomousSearchAverageSizeOfHeap=0.3028083028083028
%%%mzn-stat: 2AutonomousSearchNumAssignedPredicatesEncountered=496
%%%mzn-stat-end
maxleg = 389;
succ = array1d(1..50,[2, 4, 7, 3, 8, 12, 5, 13, 11, 14, 1, 9, 20, 16, 28, 19, 22, 6, 21, 15, 24, 45, 25, 29, 10, 18, 23, 48, 32, 50, 35, 30, 31, 26, 27, 42, 34, 47, 37, 33, 39, 44, 41, 43, 49, 36, 40, 17, 38, 46]);
% time elapsed: 0.31 s
----------
%%%mzn-stat: initTime=0.011797281
%%%mzn-stat: objective=368
%%%mzn-stat: nodes=2310
%%%mzn-stat: restarts=0
%%%mzn-stat: peakDepth=592
%%%mzn-stat: solveTime=0.025951229
%%%mzn-stat: variables=1113
%%%mzn-stat: propagators=816
%%%mzn-stat: failures=9
%%%mzn-stat: propagations=6961
%%%mzn-stat: nogoods=9
%%%mzn-stat: numAtomicConstraintsPropagated=0
%%%mzn-stat: circuitNumber1PropagationsTotal=362
%%%mzn-stat: circuitNumber1CircuitConflicts=6
%%%mzn-stat: circuitNumber1AlldiffConflicts=0
%%%mzn-stat: circuitNumber1TotalFixedEdgesAtConflict=209
%%%mzn-stat: circuitNumber1NumberOfConflicts=6
%%%mzn-stat: circuitNumber1GacPrunings=1286
%%%mzn-stat: circuitNumber1PropagationsThatGacPruned=179
%%%mzn-stat: circuitNumber1TotalPruningHallSetSize=2737
%%%mzn-stat: circuitNumber1NumberOfPruningExplanations=1286
%%%mzn-stat: circuitNumber1MaxPruningHallSetSize=28
%%%mzn-stat: circuitNumber1TotalSccSizeAtPruning=677
%%%mzn-stat: circuitNumber1NumberOfSccPruningCalls=179
%%%mzn-stat: circuitNumber1TotalVarsInvolvedInPruning=1170
%%%mzn-stat: circuitNumber1MaxValuesPrunedFromSingleVar=6
%%%mzn-stat: circuitNumber1HallCircuitChecks=459
%%%mzn-stat: circuitNumber1HallCircuitPrunings=19
%%%mzn-stat: circuitNumber1CircuitPreventPrunings=113
%%%mzn-stat: AverageConflictSize=10.555555555555555
%%%mzn-stat: NumUnitNogoodsLearned=0
%%%mzn-stat: AverageLearnedNogoodLength=23.555555555555557
%%%mzn-stat: AverageBacktrackAmount=0
%%%mzn-stat: AverageLbd=12.222222222222221
%%%mzn-stat: 2AutonomousSearchNumBackupCalled=2144
%%%mzn-stat: 2AutonomousSearchNumPredicatesRemoved=0
%%%mzn-stat: 2AutonomousSearchNumCalls=2148
%%%mzn-stat: 2AutonomousSearchNumPredicatesAdded=516
%%%mzn-stat: 2AutonomousSearchAverageSizeOfHeap=0.4208566108007449
%%%mzn-stat: 2AutonomousSearchNumAssignedPredicatesEncountered=904
%%%mzn-stat-end
maxleg = 368;
succ = array1d(1..50,[2, 4, 7, 3, 8, 12, 5, 13, 11, 14, 1, 9, 20, 16, 28, 19, 22, 6, 21, 15, 25, 45, 27, 10, 23, 18, 34, 48, 24, 32, 33, 29, 36, 35, 31, 42, 26, 47, 37, 46, 39, 44, 41, 43, 49, 50, 40, 17, 38, 30]);
% time elapsed: 0.32 s
----------
%%%mzn-stat: initTime=0.011797281
%%%mzn-stat: objective=364
%%%mzn-stat: nodes=2864
%%%mzn-stat: restarts=0
%%%mzn-stat: peakDepth=592
%%%mzn-stat: solveTime=0.032658633
%%%mzn-stat: variables=1113
%%%mzn-stat: propagators=816
%%%mzn-stat: failures=10
%%%mzn-stat: propagations=8345
%%%mzn-stat: nogoods=10
%%%mzn-stat: numAtomicConstraintsPropagated=0
%%%mzn-stat: circuitNumber1PropagationsTotal=449
%%%mzn-stat: circuitNumber1CircuitConflicts=6
%%%mzn-stat: circuitNumber1AlldiffConflicts=0
%%%mzn-stat: circuitNumber1TotalFixedEdgesAtConflict=209
%%%mzn-stat: circuitNumber1NumberOfConflicts=6
%%%mzn-stat: circuitNumber1GacPrunings=1568
%%%mzn-stat: circuitNumber1PropagationsThatGacPruned=224
%%%mzn-stat: circuitNumber1TotalPruningHallSetSize=3260
%%%mzn-stat: circuitNumber1NumberOfPruningExplanations=1568
%%%mzn-stat: circuitNumber1MaxPruningHallSetSize=31
%%%mzn-stat: circuitNumber1TotalSccSizeAtPruning=858
%%%mzn-stat: circuitNumber1NumberOfSccPruningCalls=224
%%%mzn-stat: circuitNumber1TotalVarsInvolvedInPruning=1437
%%%mzn-stat: circuitNumber1MaxValuesPrunedFromSingleVar=6
%%%mzn-stat: circuitNumber1HallCircuitChecks=554
%%%mzn-stat: circuitNumber1HallCircuitPrunings=23
%%%mzn-stat: circuitNumber1CircuitPreventPrunings=140
%%%mzn-stat: AverageConflictSize=13.5
%%%mzn-stat: NumUnitNogoodsLearned=0
%%%mzn-stat: AverageLearnedNogoodLength=26.4
%%%mzn-stat: AverageBacktrackAmount=0
%%%mzn-stat: AverageLbd=14.4
%%%mzn-stat: 2AutonomousSearchNumBackupCalled=2659
%%%mzn-stat: 2AutonomousSearchNumPredicatesRemoved=0
%%%mzn-stat: 2AutonomousSearchNumCalls=2664
%%%mzn-stat: 2AutonomousSearchNumPredicatesAdded=690
%%%mzn-stat: 2AutonomousSearchAverageSizeOfHeap=0.4954954954954955
%%%mzn-stat: 2AutonomousSearchNumAssignedPredicatesEncountered=1320
%%%mzn-stat-end
maxleg = 364;
succ = array1d(1..50,[2, 4, 7, 3, 8, 18, 5, 13, 11, 14, 1, 9, 20, 16, 28, 19, 22, 12, 21, 15, 25, 45, 27, 10, 23, 6, 34, 48, 24, 32, 33, 29, 36, 35, 31, 42, 26, 47, 37, 46, 39, 44, 41, 43, 49, 50, 40, 17, 38, 30]);
% time elapsed: 0.33 s
----------
%%%mzn-stat: initTime=0.011797281
%%%mzn-stat: objective=354
%%%mzn-stat: nodes=3412
%%%mzn-stat: restarts=0
%%%mzn-stat: peakDepth=592
%%%mzn-stat: solveTime=0.038430018
%%%mzn-stat: variables=1113
%%%mzn-stat: propagators=816
%%%mzn-stat: failures=10
%%%mzn-stat: propagations=9705
%%%mzn-stat: nogoods=10
%%%mzn-stat: numAtomicConstraintsPropagated=0
%%%mzn-stat: circuitNumber1PropagationsTotal=525
%%%mzn-stat: circuitNumber1CircuitConflicts=6
%%%mzn-stat: circuitNumber1AlldiffConflicts=0
%%%mzn-stat: circuitNumber1TotalFixedEdgesAtConflict=209
%%%mzn-stat: circuitNumber1NumberOfConflicts=6
%%%mzn-stat: circuitNumber1GacPrunings=1847
%%%mzn-stat: circuitNumber1PropagationsThatGacPruned=261
%%%mzn-stat: circuitNumber1TotalPruningHallSetSize=3770
%%%mzn-stat: circuitNumber1NumberOfPruningExplanations=1847
%%%mzn-stat: circuitNumber1MaxPruningHallSetSize=31
%%%mzn-stat: circuitNumber1TotalSccSizeAtPruning=978
%%%mzn-stat: circuitNumber1NumberOfSccPruningCalls=261
%%%mzn-stat: circuitNumber1TotalVarsInvolvedInPruning=1692
%%%mzn-stat: circuitNumber1MaxValuesPrunedFromSingleVar=6
%%%mzn-stat: circuitNumber1HallCircuitChecks=638
%%%mzn-stat: circuitNumber1HallCircuitPrunings=28
%%%mzn-stat: circuitNumber1CircuitPreventPrunings=164
%%%mzn-stat: AverageConflictSize=13.5
%%%mzn-stat: NumUnitNogoodsLearned=0
%%%mzn-stat: AverageLearnedNogoodLength=26.4
%%%mzn-stat: AverageBacktrackAmount=0
%%%mzn-stat: AverageLbd=14.4
%%%mzn-stat: 2AutonomousSearchNumBackupCalled=3172
%%%mzn-stat: 2AutonomousSearchNumPredicatesRemoved=0
%%%mzn-stat: 2AutonomousSearchNumCalls=3178
%%%mzn-stat: 2AutonomousSearchNumPredicatesAdded=690
%%%mzn-stat: 2AutonomousSearchAverageSizeOfHeap=0.5462555066079295
%%%mzn-stat: 2AutonomousSearchNumAssignedPredicatesEncountered=1736
%%%mzn-stat-end
maxleg = 354;
succ = array1d(1..50,[2, 4, 7, 3, 8, 18, 5, 13, 11, 14, 1, 9, 20, 16, 28, 19, 22, 12, 21, 15, 31, 45, 25, 10, 24, 6, 23, 48, 32, 47, 33, 30, 36, 26, 34, 35, 39, 29, 41, 46, 43, 44, 27, 37, 49, 42, 50, 17, 38, 40]);
% time elapsed: 0.34 s
----------
%%%mzn-stat: initTime=0.011797281
%%%mzn-stat: objective=351
%%%mzn-stat: nodes=3956
%%%mzn-stat: restarts=0
%%%mzn-stat: peakDepth=592
%%%mzn-stat: solveTime=0.045740796
%%%mzn-stat: variables=1113
%%%mzn-stat: propagators=816
%%%mzn-stat: failures=16
%%%mzn-stat: propagations=11218
%%%mzn-stat: nogoods=16
%%%mzn-stat: numAtomicConstraintsPropagated=0
%%%mzn-stat: circuitNumber1PropagationsTotal=624
%%%mzn-stat: circuitNumber1CircuitConflicts=12
%%%mzn-stat: circuitNumber1AlldiffConflicts=0
%%%mzn-stat: circuitNumber1TotalFixedEdgesAtConflict=491
%%%mzn-stat: circuitNumber1NumberOfConflicts=12
%%%mzn-stat: circuitNumber1GacPrunings=2149
%%%mzn-stat: circuitNumber1PropagationsThatGacPruned=309
%%%mzn-stat: circuitNumber1TotalPruningHallSetSize=4311
%%%mzn-stat: circuitNumber1NumberOfPruningExplanations=2149
%%%mzn-stat: circuitNumber1MaxPruningHallSetSize=31
%%%mzn-stat: circuitNumber1TotalSccSizeAtPruning=1119
%%%mzn-stat: circuitNumber1NumberOfSccPruningCalls=309
%%%mzn-stat: circuitNumber1TotalVarsInvolvedInPruning=1971
%%%mzn-stat: circuitNumber1MaxValuesPrunedFromSingleVar=6
%%%mzn-stat: circuitNumber1HallCircuitChecks=750
%%%mzn-stat: circuitNumber1HallCircuitPrunings=36
%%%mzn-stat: circuitNumber1CircuitPreventPrunings=198
%%%mzn-stat: AverageConflictSize=9.9375
%%%mzn-stat: NumUnitNogoodsLearned=0
%%%mzn-stat: AverageLearnedNogoodLength=26.75
%%%mzn-stat: AverageBacktrackAmount=0
%%%mzn-stat: AverageLbd=15.9375
%%%mzn-stat: 2AutonomousSearchNumBackupCalled=3675
%%%mzn-stat: 2AutonomousSearchNumPredicatesRemoved=0
%%%mzn-stat: 2AutonomousSearchNumCalls=3682
%%%mzn-stat: 2AutonomousSearchNumPredicatesAdded=860
%%%mzn-stat: 2AutonomousSearchAverageSizeOfHeap=0.61352525801195
%%%mzn-stat: 2AutonomousSearchNumAssignedPredicatesEncountered=2259
%%%mzn-stat-end
maxleg = 351;
succ = array1d(1..50,[2, 4, 7, 3, 8, 18, 5, 13, 11, 14, 1, 9, 20, 16, 28, 19, 22, 12, 21, 15, 31, 45, 25, 10, 24, 6, 23, 48, 32, 47, 33, 30, 36, 26, 44, 35, 34, 29, 37, 46, 39, 27, 41, 43, 49, 42, 50, 17, 38, 40]);
% time elapsed: 0.35 s
----------
%%%mzn-stat: initTime=0.011797281
%%%mzn-stat: objective=344
%%%mzn-stat: nodes=4490
%%%mzn-stat: restarts=0
%%%mzn-stat: peakDepth=592
%%%mzn-stat: solveTime=0.05128366
%%%mzn-stat: variables=1113
%%%mzn-stat: propagators=816
%%%mzn-stat: failures=17
%%%mzn-stat: propagations=12582
%%%mzn-stat: nogoods=17
%%%mzn-stat: numAtomicConstraintsPropagated=0
%%%mzn-stat: circuitNumber1PropagationsTotal=701
%%%mzn-stat: circuitNumber1CircuitConflicts=12
%%%mzn-stat: circuitNumber1AlldiffConflicts=0
%%%mzn-stat: circuitNumber1TotalFixedEdgesAtConflict=491
%%%mzn-stat: circuitNumber1NumberOfConflicts=12
%%%mzn-stat: circuitNumber1GacPrunings=2431
%%%mzn-stat: circuitNumber1PropagationsThatGacPruned=348
%%%mzn-stat: circuitNumber1TotalPruningHallSetSize=4860
%%%mzn-stat: circuitNumber1NumberOfPruningExplanations=2431
%%%mzn-stat: circuitNumber1MaxPruningHallSetSize=31
%%%mzn-stat: circuitNumber1TotalSccSizeAtPruning=1287
%%%mzn-stat: circuitNumber1NumberOfSccPruningCalls=348
%%%mzn-stat: circuitNumber1TotalVarsInvolvedInPruning=2229
%%%mzn-stat: circuitNumber1MaxValuesPrunedFromSingleVar=6
%%%mzn-stat: circuitNumber1HallCircuitChecks=824
%%%mzn-stat: circuitNumber1HallCircuitPrunings=41
%%%mzn-stat: circuitNumber1CircuitPreventPrunings=225
%%%mzn-stat: AverageConflictSize=12.058823529411764
%%%mzn-stat: NumUnitNogoodsLearned=0
%%%mzn-stat: AverageLearnedNogoodLength=28.41176470588235
%%%mzn-stat: AverageBacktrackAmount=0
%%%mzn-stat: AverageLbd=16.88235294117647
%%%mzn-stat: 2AutonomousSearchNumBackupCalled=4175
%%%mzn-stat: 2AutonomousSearchNumPredicatesRemoved=0
%%%mzn-stat: 2AutonomousSearchNumCalls=4183
%%%mzn-stat: 2AutonomousSearchNumPredicatesAdded=974
%%%mzn-stat: 2AutonomousSearchAverageSizeOfHeap=0.6667463542911786
%%%mzn-stat: 2AutonomousSearchNumAssignedPredicatesEncountered=2789
%%%mzn-stat-end
maxleg = 344;
succ = array1d(1..50,[2, 4, 7, 3, 8, 18, 5, 13, 11, 14, 1, 9, 20, 16, 28, 19, 22, 12, 21, 15, 31, 45, 25, 10, 24, 6, 23, 48, 38, 50, 33, 29, 36, 26, 44, 35, 34, 47, 37, 46, 39, 27, 41, 43, 49, 42, 30, 17, 32, 40]);
% time elapsed: 0.35 s
----------
%%%mzn-stat: initTime=0.011797281
%%%mzn-stat: objective=341
%%%mzn-stat: nodes=5026
%%%mzn-stat: restarts=0
%%%mzn-stat: peakDepth=592
%%%mzn-stat: solveTime=0.056988036
%%%mzn-stat: variables=1113
%%%mzn-stat: propagators=816
%%%mzn-stat: failures=17
%%%mzn-stat: propagations=13965
%%%mzn-stat: nogoods=17
%%%mzn-stat: numAtomicConstraintsPropagated=0
%%%mzn-stat: circuitNumber1PropagationsTotal=775
%%%mzn-stat: circuitNumber1CircuitConflicts=12
%%%mzn-stat: circuitNumber1AlldiffConflicts=0
%%%mzn-stat: circuitNumber1TotalFixedEdgesAtConflict=491
%%%mzn-stat: circuitNumber1NumberOfConflicts=12
%%%mzn-stat: circuitNumber1GacPrunings=2698
%%%mzn-stat: circuitNumber1PropagationsThatGacPruned=385
%%%mzn-stat: circuitNumber1TotalPruningHallSetSize=5381
%%%mzn-stat: circuitNumber1NumberOfPruningExplanations=2698
%%%mzn-stat: circuitNumber1MaxPruningHallSetSize=31
%%%mzn-stat: circuitNumber1TotalSccSizeAtPruning=1442
%%%mzn-stat: circuitNumber1NumberOfSccPruningCalls=385
%%%mzn-stat: circuitNumber1TotalVarsInvolvedInPruning=2475
%%%mzn-stat: circuitNumber1MaxValuesPrunedFromSingleVar=6
%%%mzn-stat: circuitNumber1HallCircuitChecks=895
%%%mzn-stat: circuitNumber1HallCircuitPrunings=46
%%%mzn-stat: circuitNumber1CircuitPreventPrunings=251
%%%mzn-stat: AverageConflictSize=12.058823529411764
%%%mzn-stat: NumUnitNogoodsLearned=0
%%%mzn-stat: AverageLearnedNogoodLength=28.41176470588235
%%%mzn-stat: AverageBacktrackAmount=0
%%%mzn-stat: AverageLbd=16.88235294117647
%%%mzn-stat: 2AutonomousSearchNumBackupCalled=4678
%%%mzn-stat: 2AutonomousSearchNumPredicatesRemoved=0
%%%mzn-stat: 2AutonomousSearchNumCalls=4687
%%%mzn-stat: 2AutonomousSearchNumPredicatesAdded=974
%%%mzn-stat: 2AutonomousSearchAverageSizeOfHeap=0.7081288670791551
%%%mzn-stat: 2AutonomousSearchNumAssignedPredicatesEncountered=3319
%%%mzn-stat-end
maxleg = 341;
succ = array1d(1..50,[2, 4, 7, 3, 8, 18, 5, 13, 11, 14, 1, 9, 20, 16, 28, 19, 22, 12, 21, 15, 31, 45, 25, 10, 24, 6, 23, 48, 38, 50, 33, 29, 36, 26, 44, 35, 34, 47, 41, 46, 43, 27, 37, 39, 49, 42, 30, 17, 32, 40]);
% time elapsed: 0.36 s
----------
%%%mzn-stat: initTime=0.011797281
%%%mzn-stat: objective=336
%%%mzn-stat: nodes=5557
%%%mzn-stat: restarts=0
%%%mzn-stat: peakDepth=592
%%%mzn-stat: solveTime=0.062618181
%%%mzn-stat: variables=1113
%%%mzn-stat: propagators=816
%%%mzn-stat: failures=18
%%%mzn-stat: propagations=15367
%%%mzn-stat: nogoods=18
%%%mzn-stat: numAtomicConstraintsPropagated=0
%%%mzn-stat: circuitNumber1PropagationsTotal=854
%%%mzn-stat: circuitNumber1CircuitConflicts=12
%%%mzn-stat: circuitNumber1AlldiffConflicts=0
%%%mzn-stat: circuitNumber1TotalFixedEdgesAtConflict=491
%%%mzn-stat: circuitNumber1NumberOfConflicts=12
%%%mzn-stat: circuitNumber1GacPrunings=2970
%%%mzn-stat: circuitNumber1PropagationsThatGacPruned=425
%%%mzn-stat: circuitNumber1TotalPruningHallSetSize=5941
%%%mzn-stat: circuitNumber1NumberOfPruningExplanations=2970
%%%mzn-stat: circuitNumber1MaxPruningHallSetSize=31
%%%mzn-stat: circuitNumber1TotalSccSizeAtPruning=1610
%%%mzn-stat: circuitNumber1NumberOfSccPruningCalls=425
%%%mzn-stat: circuitNumber1TotalVarsInvolvedInPruning=2730
%%%mzn-stat: circuitNumber1MaxValuesPrunedFromSingleVar=6
%%%mzn-stat: circuitNumber1HallCircuitChecks=975
%%%mzn-stat: circuitNumber1HallCircuitPrunings=54
%%%mzn-stat: circuitNumber1CircuitPreventPrunings=279
%%%mzn-stat: AverageConflictSize=13.944444444444445
%%%mzn-stat: NumUnitNogoodsLearned=0
%%%mzn-stat: AverageLearnedNogoodLength=30
%%%mzn-stat: AverageBacktrackAmount=0
%%%mzn-stat: AverageLbd=17.77777777777778
%%%mzn-stat: 2AutonomousSearchNumBackupCalled=5174
%%%mzn-stat: 2AutonomousSearchNumPredicatesRemoved=0
%%%mzn-stat: 2AutonomousSearchNumCalls=5184
%%%mzn-stat: 2AutonomousSearchNumPredicatesAdded=1084
%%%mzn-stat: 2AutonomousSearchAverageSizeOfHeap=0.7438271604938271
%%%mzn-stat: 2AutonomousSearchNumAssignedPredicatesEncountered=3856
%%%mzn-stat-end
maxleg = 336;
succ = array1d(1..50,[2, 4, 7, 3, 8, 18, 5, 13, 11, 14, 1, 9, 20, 16, 28, 19, 22, 12, 21, 15, 31, 45, 25, 10, 24, 6, 23, 48, 42, 47, 33, 30, 40, 26, 44, 35, 34, 29, 41, 50, 43, 27, 37, 39, 49, 36, 38, 17, 32, 46]);
% time elapsed: 0.37 s
----------
%%%mzn-stat: initTime=0.011797281
%%%mzn-stat: objective=327
%%%mzn-stat: nodes=6090
%%%mzn-stat: restarts=0
%%%mzn-stat: peakDepth=592
%%%mzn-stat: solveTime=0.069833778
%%%mzn-stat: variables=1113
%%%mzn-stat: propagators=816
%%%mzn-stat: failures=21
%%%mzn-stat: propagations=16868
%%%mzn-stat: nogoods=21
%%%mzn-stat: numAtomicConstraintsPropagated=0
%%%mzn-stat: circuitNumber1PropagationsTotal=963
%%%mzn-stat: circuitNumber1CircuitConflicts=14
%%%mzn-stat: circuitNumber1AlldiffConflicts=0
%%%mzn-stat: circuitNumber1TotalFixedEdgesAtConflict=561
%%%mzn-stat: circuitNumber1NumberOfConflicts=14
%%%mzn-stat: circuitNumber1GacPrunings=3312
%%%mzn-stat: circuitNumber1PropagationsThatGacPruned=478
%%%mzn-stat: circuitNumber1TotalPruningHallSetSize=6568
%%%mzn-stat: circuitNumber1NumberOfPruningExplanations=3312
%%%mzn-stat: circuitNumber1MaxPruningHallSetSize=31
%%%mzn-stat: circuitNumber1TotalSccSizeAtPruning=1814
%%%mzn-stat: circuitNumber1NumberOfSccPruningCalls=478
%%%mzn-stat: circuitNumber1TotalVarsInvolvedInPruning=3053
%%%mzn-stat: circuitNumber1MaxValuesPrunedFromSingleVar=6
%%%mzn-stat: circuitNumber1HallCircuitChecks=1086
%%%mzn-stat: circuitNumber1HallCircuitPrunings=62
%%%mzn-stat: circuitNumber1CircuitPreventPrunings=316
%%%mzn-stat: AverageConflictSize=15.095238095238095
%%%mzn-stat: NumUnitNogoodsLearned=0
%%%mzn-stat: AverageLearnedNogoodLength=29.714285714285715
%%%mzn-stat: AverageBacktrackAmount=0
%%%mzn-stat: AverageLbd=17.523809523809526
%%%mzn-stat: 2AutonomousSearchNumBackupCalled=5659
%%%mzn-stat: 2AutonomousSearchNumPredicatesRemoved=0
%%%mzn-stat: 2AutonomousSearchNumCalls=5670
%%%mzn-stat: 2AutonomousSearchNumPredicatesAdded=1255
%%%mzn-stat: 2AutonomousSearchAverageSizeOfHeap=0.7851851851851852
%%%mzn-stat: 2AutonomousSearchNumAssignedPredicatesEncountered=4452
%%%mzn-stat-end
maxleg = 327;
succ = array1d(1..50,[2, 4, 7, 3, 8, 18, 5, 13, 11, 14, 1, 9, 20, 16, 28, 19, 22, 12, 21, 30, 31, 45, 25, 10, 24, 6, 23, 48, 42, 47, 33, 29, 40, 26, 44, 35, 34, 15, 41, 50, 43, 27, 37, 39, 49, 36, 38, 17, 32, 46]);
% time elapsed: 0.37 s
----------
%%%mzn-stat: initTime=0.011797281
%%%mzn-stat: objective=324
%%%mzn-stat: nodes=6721
%%%mzn-stat: restarts=0
%%%mzn-stat: peakDepth=592
%%%mzn-stat: solveTime=0.125133956
%%%mzn-stat: variables=1113
%%%mzn-stat: propagators=816
%%%mzn-stat: failures=135
%%%mzn-stat: propagations=21961
%%%mzn-stat: nogoods=135
%%%mzn-stat: numAtomicConstraintsPropagated=0
%%%mzn-stat: circuitNumber1PropagationsTotal=1545
%%%mzn-stat: circuitNumber1CircuitConflicts=104
%%%mzn-stat: circuitNumber1AlldiffConflicts=2
%%%mzn-stat: circuitNumber1TotalFixedEdgesAtConflict=4807
%%%mzn-stat: circuitNumber1NumberOfConflicts=106
%%%mzn-stat: circuitNumber1GacPrunings=4376
%%%mzn-stat: circuitNumber1PropagationsThatGacPruned=800
%%%mzn-stat: circuitNumber1TotalPruningHallSetSize=8690
%%%mzn-stat: circuitNumber1NumberOfPruningExplanations=4376
%%%mzn-stat: circuitNumber1MaxPruningHallSetSize=31
%%%mzn-stat: circuitNumber1TotalSccSizeAtPruning=2790
%%%mzn-stat: circuitNumber1NumberOfSccPruningCalls=800
%%%mzn-stat: circuitNumber1TotalVarsInvolvedInPruning=4005
%%%mzn-stat: circuitNumber1MaxValuesPrunedFromSingleVar=7
%%%mzn-stat: circuitNumber1HallCircuitChecks=1848
%%%mzn-stat: circuitNumber1HallCircuitPrunings=132
%%%mzn-stat: circuitNumber1CircuitPreventPrunings=602
%%%mzn-stat: AverageConflictSize=12.992592592592592
%%%mzn-stat: NumUnitNogoodsLearned=0
%%%mzn-stat: AverageLearnedNogoodLength=38.08148148148148
%%%mzn-stat: AverageBacktrackAmount=0
%%%mzn-stat: AverageLbd=22.31111111111111
%%%mzn-stat: 2AutonomousSearchNumBackupCalled=6136
%%%mzn-stat: 2AutonomousSearchNumPredicatesRemoved=0
%%%mzn-stat: 2AutonomousSearchNumCalls=6148
%%%mzn-stat: 2AutonomousSearchNumPredicatesAdded=1973
%%%mzn-stat: 2AutonomousSearchAverageSizeOfHeap=0.8937865972674041
%%%mzn-stat: 2AutonomousSearchNumAssignedPredicatesEncountered=5495
%%%mzn-stat-end
maxleg = 324;
succ = array1d(1..50,[2, 4, 7, 3, 8, 26, 5, 13, 11, 14, 1, 9, 20, 16, 28, 19, 22, 12, 21, 30, 31, 18, 25, 10, 24, 34, 23, 48, 15, 32, 42, 49, 36, 27, 44, 35, 6, 47, 41, 33, 43, 29, 37, 39, 38, 40, 50, 17, 45, 46]);
% time elapsed: 0.43 s
----------
%%%mzn-stat: initTime=0.011797281
%%%mzn-stat: objective=322
%%%mzn-stat: nodes=7237
%%%mzn-stat: restarts=0
%%%mzn-stat: peakDepth=592
%%%mzn-stat: solveTime=0.131364883
%%%mzn-stat: variables=1113
%%%mzn-stat: propagators=816
%%%mzn-stat: failures=135
%%%mzn-stat: propagations=23356
%%%mzn-stat: nogoods=135
%%%mzn-stat: numAtomicConstraintsPropagated=0
%%%mzn-stat: circuitNumber1PropagationsTotal=1623
%%%mzn-stat: circuitNumber1CircuitConflicts=104
%%%mzn-stat: circuitNumber1AlldiffConflicts=2
%%%mzn-stat: circuitNumber1TotalFixedEdgesAtConflict=4807
%%%mzn-stat: circuitNumber1NumberOfConflicts=106
%%%mzn-stat: circuitNumber1GacPrunings=4629
%%%mzn-stat: circuitNumber1PropagationsThatGacPruned=838
%%%mzn-stat: circuitNumber1TotalPruningHallSetSize=9157
%%%mzn-stat: circuitNumber1NumberOfPruningExplanations=4629
%%%mzn-stat: circuitNumber1MaxPruningHallSetSize=31
%%%mzn-stat: circuitNumber1TotalSccSizeAtPruning=2925
%%%mzn-stat: circuitNumber1NumberOfSccPruningCalls=838
%%%mzn-stat: circuitNumber1TotalVarsInvolvedInPruning=4240
%%%mzn-stat: circuitNumber1MaxValuesPrunedFromSingleVar=7
%%%mzn-stat: circuitNumber1HallCircuitChecks=1938
%%%mzn-stat: circuitNumber1HallCircuitPrunings=136
%%%mzn-stat: circuitNumber1CircuitPreventPrunings=617
%%%mzn-stat: AverageConflictSize=12.992592592592592
%%%mzn-stat: NumUnitNogoodsLearned=0
%%%mzn-stat: AverageLearnedNogoodLength=38.08148148148148
%%%mzn-stat: AverageBacktrackAmount=0
%%%mzn-stat: AverageLbd=22.31111111111111
%%%mzn-stat: 2AutonomousSearchNumBackupCalled=6614
%%%mzn-stat: 2AutonomousSearchNumPredicatesRemoved=0
%%%mzn-stat: 2AutonomousSearchNumCalls=6627
%%%mzn-stat: 2AutonomousSearchNumPredicatesAdded=1973
%%%mzn-stat: 2AutonomousSearchAverageSizeOfHeap=0.9865700920476838
%%%mzn-stat: 2AutonomousSearchNumAssignedPredicatesEncountered=6538
%%%mzn-stat-end
maxleg = 322;
succ = array1d(1..50,[2, 4, 7, 3, 8, 26, 5, 13, 11, 14, 1, 9, 20, 16, 28, 19, 22, 12, 23, 30, 10, 18, 25, 29, 24, 34, 35, 48, 15, 32, 21, 49, 31, 27, 36, 33, 6, 47, 41, 46, 43, 44, 37, 39, 38, 42, 50, 17, 45, 40]);
% time elapsed: 0.44 s
----------
%%%mzn-stat: initTime=0.011797281
%%%mzn-stat: objective=321
%%%mzn-stat: nodes=7766
%%%mzn-stat: restarts=0
%%%mzn-stat: peakDepth=592
%%%mzn-stat: solveTime=0.146803924
%%%mzn-stat: variables=1113
%%%mzn-stat: propagators=816
%%%mzn-stat: failures=155
%%%mzn-stat: propagations=25254
%%%mzn-stat: nogoods=155
%%%mzn-stat: numAtomicConstraintsPropagated=0
%%%mzn-stat: circuitNumber1PropagationsTotal=1786
%%%mzn-stat: circuitNumber1CircuitConflicts=112
%%%mzn-stat: circuitNumber1AlldiffConflicts=3
%%%mzn-stat: circuitNumber1TotalFixedEdgesAtConflict=5189
%%%mzn-stat: circuitNumber1NumberOfConflicts=115
%%%mzn-stat: circuitNumber1GacPrunings=5024
%%%mzn-stat: circuitNumber1PropagationsThatGacPruned=924
%%%mzn-stat: circuitNumber1TotalPruningHallSetSize=10060
%%%mzn-stat: circuitNumber1NumberOfPruningExplanations=5024
%%%mzn-stat: circuitNumber1MaxPruningHallSetSize=31
%%%mzn-stat: circuitNumber1TotalSccSizeAtPruning=3288
%%%mzn-stat: circuitNumber1NumberOfSccPruningCalls=924
%%%mzn-stat: circuitNumber1TotalVarsInvolvedInPruning=4599
%%%mzn-stat: circuitNumber1MaxValuesPrunedFromSingleVar=7
%%%mzn-stat: circuitNumber1HallCircuitChecks=2164
%%%mzn-stat: circuitNumber1HallCircuitPrunings=146
%%%mzn-stat: circuitNumber1CircuitPreventPrunings=677
%%%mzn-stat: AverageConflictSize=14.55483870967742
%%%mzn-stat: NumUnitNogoodsLearned=0
%%%mzn-stat: AverageLearnedNogoodLength=39.18709677419355
%%%mzn-stat: AverageBacktrackAmount=0
%%%mzn-stat: AverageLbd=22.677419354838708
%%%mzn-stat: 2AutonomousSearchNumBackupCalled=7088
%%%mzn-stat: 2AutonomousSearchNumPredicatesRemoved=0
%%%mzn-stat: 2AutonomousSearchNumCalls=7102
%%%mzn-stat: 2AutonomousSearchNumPredicatesAdded=2770
%%%mzn-stat: 2AutonomousSearchAverageSizeOfHeap=1.0934947901999437
%%%mzn-stat: 2AutonomousSearchNumAssignedPredicatesEncountered=7766
%%%mzn-stat-end
maxleg = 321;
succ = array1d(1..50,[2, 4, 15, 3, 7, 26, 8, 13, 11, 14, 1, 9, 20, 16, 28, 19, 22, 12, 23, 30, 10, 45, 25, 31, 24, 18, 34, 48, 42, 47, 35, 38, 21, 37, 44, 46, 39, 29, 41, 5, 43, 36, 6, 27, 49, 40, 50, 17, 32, 33]);
% time elapsed: 0.46 s
----------
%%%mzn-stat: initTime=0.011797281
%%%mzn-stat: objective=312
%%%mzn-stat: nodes=8284
%%%mzn-stat: restarts=0
%%%mzn-stat: peakDepth=592
%%%mzn-stat: solveTime=0.15312009
%%%mzn-stat: variables=1113
%%%mzn-stat: propagators=816
%%%mzn-stat: failures=156
%%%mzn-stat: propagations=26720
%%%mzn-stat: nogoods=156
%%%mzn-stat: numAtomicConstraintsPropagated=0
%%%mzn-stat: circuitNumber1PropagationsTotal=1874
%%%mzn-stat: circuitNumber1CircuitConflicts=112
%%%mzn-stat: circuitNumber1AlldiffConflicts=3
%%%mzn-stat: circuitNumber1TotalFixedEdgesAtConflict=5189
%%%mzn-stat: circuitNumber1NumberOfConflicts=115
%%%mzn-stat: circuitNumber1GacPrunings=5297
%%%mzn-stat: circuitNumber1PropagationsThatGacPruned=970
%%%mzn-stat: circuitNumber1TotalPruningHallSetSize=10687
%%%mzn-stat: circuitNumber1NumberOfPruningExplanations=5297
%%%mzn-stat: circuitNumber1MaxPruningHallSetSize=31
%%%mzn-stat: circuitNumber1TotalSccSizeAtPruning=3458
%%%mzn-stat: circuitNumber1NumberOfSccPruningCalls=970
%%%mzn-stat: circuitNumber1TotalVarsInvolvedInPruning=4844
%%%mzn-stat: circuitNumber1MaxValuesPrunedFromSingleVar=7
%%%mzn-stat: circuitNumber1HallCircuitChecks=2283
%%%mzn-stat: circuitNumber1HallCircuitPrunings=149
%%%mzn-stat: circuitNumber1CircuitPreventPrunings=710
%%%mzn-stat: AverageConflictSize=14.596153846153847
%%%mzn-stat: NumUnitNogoodsLearned=0
%%%mzn-stat: AverageLearnedNogoodLength=39.15384615384615
%%%mzn-stat: AverageBacktrackAmount=0
%%%mzn-stat: AverageLbd=22.653846153846153
%%%mzn-stat: 2AutonomousSearchNumBackupCalled=7570
%%%mzn-stat: 2AutonomousSearchNumPredicatesRemoved=0
%%%mzn-stat: 2AutonomousSearchNumCalls=7585
%%%mzn-stat: 2AutonomousSearchNumPredicatesAdded=2993
%%%mzn-stat: 2AutonomousSearchAverageSizeOfHeap=1.1857613711272248
%%%mzn-stat: 2AutonomousSearchNumAssignedPredicatesEncountered=8994
%%%mzn-stat-end
maxleg = 312;
succ = array1d(1..50,[2, 4, 15, 3, 7, 26, 8, 13, 11, 14, 1, 9, 20, 16, 28, 19, 22, 12, 23, 30, 10, 45, 25, 31, 24, 34, 35, 48, 42, 47, 36, 38, 21, 37, 44, 27, 18, 29, 41, 5, 43, 46, 6, 39, 49, 40, 50, 17, 32, 33]);
% time elapsed: 0.46 s
----------
%%%mzn-stat: initTime=0.011797281
%%%mzn-stat: objective=308
%%%mzn-stat: nodes=8779
%%%mzn-stat: restarts=0
%%%mzn-stat: peakDepth=592
%%%mzn-stat: solveTime=0.158863827
%%%mzn-stat: variables=1113
%%%mzn-stat: propagators=816
%%%mzn-stat: failures=156
%%%mzn-stat: propagations=28155
%%%mzn-stat: nogoods=156
%%%mzn-stat: numAtomicConstraintsPropagated=0
%%%mzn-stat: circuitNumber1PropagationsTotal=1951
%%%mzn-stat: circuitNumber1CircuitConflicts=112
%%%mzn-stat: circuitNumber1AlldiffConflicts=3
%%%mzn-stat: circuitNumber1TotalFixedEdgesAtConflict=5189
%%%mzn-stat: circuitNumber1NumberOfConflicts=115
%%%mzn-stat: circuitNumber1GacPrunings=5546
%%%mzn-stat: circuitNumber1PropagationsThatGacPruned=1008
%%%mzn-stat: circuitNumber1TotalPruningHallSetSize=11318
%%%mzn-stat: circuitNumber1NumberOfPruningExplanations=5546
%%%mzn-stat: circuitNumber1MaxPruningHallSetSize=31
%%%mzn-stat: circuitNumber1TotalSccSizeAtPruning=3635
%%%mzn-stat: circuitNumber1NumberOfSccPruningCalls=1008
%%%mzn-stat: circuitNumber1TotalVarsInvolvedInPruning=5069
%%%mzn-stat: circuitNumber1MaxValuesPrunedFromSingleVar=7
%%%mzn-stat: circuitNumber1HallCircuitChecks=2369
%%%mzn-stat: circuitNumber1HallCircuitPrunings=152
%%%mzn-stat: circuitNumber1CircuitPreventPrunings=742
%%%mzn-stat: AverageConflictSize=14.596153846153847
%%%mzn-stat: NumUnitNogoodsLearned=0
%%%mzn-stat: AverageLearnedNogoodLength=39.15384615384615
%%%mzn-stat: AverageBacktrackAmount=0
%%%mzn-stat: AverageLbd=22.653846153846153
%%%mzn-stat: 2AutonomousSearchNumBackupCalled=8032
%%%mzn-stat: 2AutonomousSearchNumPredicatesRemoved=0
%%%mzn-stat: 2AutonomousSearchNumCalls=8048
%%%mzn-stat: 2AutonomousSearchNumPredicatesAdded=2993
%%%mzn-stat: 2AutonomousSearchAverageSizeOfHeap=1.2701292246520874
%%%mzn-stat: 2AutonomousSearchNumAssignedPredicatesEncountered=10222
%%%mzn-stat-end
maxleg = 308;
succ = array1d(1..50,[2, 4, 15, 3, 7, 26, 8, 13, 11, 14, 1, 9, 20, 16, 28, 19, 22, 12, 23, 30, 10, 45, 25, 31, 24, 34, 35, 48, 42, 47, 36, 38, 21, 37, 44, 27, 18, 29, 41, 33, 43, 46, 6, 39, 49, 50, 40, 17, 32, 5]);
% time elapsed: 0.47 s
----------
%%%mzn-stat: initTime=0.011797281
%%%mzn-stat: objective=294
%%%mzn-stat: nodes=9277
%%%mzn-stat: restarts=0
%%%mzn-stat: peakDepth=592
%%%mzn-stat: solveTime=0.167551607
%%%mzn-stat: variables=1113
%%%mzn-stat: propagators=816
%%%mzn-stat: failures=163
%%%mzn-stat: propagations=29871
%%%mzn-stat: nogoods=163
%%%mzn-stat: numAtomicConstraintsPropagated=0
%%%mzn-stat: circuitNumber1PropagationsTotal=2073
%%%mzn-stat: circuitNumber1CircuitConflicts=118
%%%mzn-stat: circuitNumber1AlldiffConflicts=3
%%%mzn-stat: circuitNumber1TotalFixedEdgesAtConflict=5399
%%%mzn-stat: circuitNumber1NumberOfConflicts=121
%%%mzn-stat: circuitNumber1GacPrunings=5903
%%%mzn-stat: circuitNumber1PropagationsThatGacPruned=1067
%%%mzn-stat: circuitNumber1TotalPruningHallSetSize=12147
%%%mzn-stat: circuitNumber1NumberOfPruningExplanations=5903
%%%mzn-stat: circuitNumber1MaxPruningHallSetSize=31
%%%mzn-stat: circuitNumber1TotalSccSizeAtPruning=3920
%%%mzn-stat: circuitNumber1NumberOfSccPruningCalls=1067
%%%mzn-stat: circuitNumber1TotalVarsInvolvedInPruning=5398
%%%mzn-stat: circuitNumber1MaxValuesPrunedFromSingleVar=7
%%%mzn-stat: circuitNumber1HallCircuitChecks=2516
%%%mzn-stat: circuitNumber1HallCircuitPrunings=157
%%%mzn-stat: circuitNumber1CircuitPreventPrunings=781
%%%mzn-stat: AverageConflictSize=14.650306748466258
%%%mzn-stat: NumUnitNogoodsLearned=0
%%%mzn-stat: AverageLearnedNogoodLength=38.75460122699386
%%%mzn-stat: AverageBacktrackAmount=0
%%%mzn-stat: AverageLbd=22.392638036809817
%%%mzn-stat: 2AutonomousSearchNumBackupCalled=8477
%%%mzn-stat: 2AutonomousSearchNumPredicatesRemoved=0
%%%mzn-stat: 2AutonomousSearchNumCalls=8494
%%%mzn-stat: 2AutonomousSearchNumPredicatesAdded=3325
%%%mzn-stat: 2AutonomousSearchAverageSizeOfHeap=1.365552154461973
%%%mzn-stat: 2AutonomousSearchNumAssignedPredicatesEncountered=11599
%%%mzn-stat-end
maxleg = 294;
succ = array1d(1..50,[2, 4, 15, 3, 7, 26, 8, 13, 11, 14, 1, 9, 20, 16, 28, 19, 22, 12, 23, 30, 10, 48, 25, 31, 24, 34, 35, 29, 42, 47, 33, 38, 40, 27, 36, 21, 6, 45, 41, 46, 43, 44, 37, 39, 49, 50, 32, 18, 17, 5]);
% time elapsed: 0.49 s
----------
%%%mzn-stat: initTime=0.011797281
%%%mzn-stat: objective=290
%%%mzn-stat: nodes=9751
%%%mzn-stat: restarts=0
%%%mzn-stat: peakDepth=592
%%%mzn-stat: solveTime=0.173585463
%%%mzn-stat: variables=1113
%%%mzn-stat: propagators=816
%%%mzn-stat: failures=163
%%%mzn-stat: propagations=31291
%%%mzn-stat: nogoods=163
%%%mzn-stat: numAtomicConstraintsPropagated=0
%%%mzn-stat: circuitNumber1PropagationsTotal=2151
%%%mzn-stat: circuitNumber1CircuitConflicts=118
%%%mzn-stat: circuitNumber1AlldiffConflicts=3
%%%mzn-stat: circuitNumber1TotalFixedEdgesAtConflict=5399
%%%mzn-stat: circuitNumber1NumberOfConflicts=121
%%%mzn-stat: circuitNumber1GacPrunings=6138
%%%mzn-stat: circuitNumber1PropagationsThatGacPruned=1106
%%%mzn-stat: circuitNumber1TotalPruningHallSetSize=12834
%%%mzn-stat: circuitNumber1NumberOfPruningExplanations=6138
%%%mzn-stat: circuitNumber1MaxPruningHallSetSize=32
%%%mzn-stat: circuitNumber1TotalSccSizeAtPruning=4192
%%%mzn-stat: circuitNumber1NumberOfSccPruningCalls=1106
%%%mzn-stat: circuitNumber1TotalVarsInvolvedInPruning=5614
%%%mzn-stat: circuitNumber1MaxValuesPrunedFromSingleVar=7
%%%mzn-stat: circuitNumber1HallCircuitChecks=2596
%%%mzn-stat: circuitNumber1HallCircuitPrunings=161
%%%mzn-stat: circuitNumber1CircuitPreventPrunings=812
%%%mzn-stat: AverageConflictSize=14.650306748466258
%%%mzn-stat: NumUnitNogoodsLearned=0
%%%mzn-stat: AverageLearnedNogoodLength=38.75460122699386
%%%mzn-stat: AverageBacktrackAmount=0
%%%mzn-stat: AverageLbd=22.392638036809817
%%%mzn-stat: 2AutonomousSearchNumBackupCalled=8919
%%%mzn-stat: 2AutonomousSearchNumPredicatesRemoved=0
%%%mzn-stat: 2AutonomousSearchNumCalls=8937
%%%mzn-stat: 2AutonomousSearchNumPredicatesAdded=3325
%%%mzn-stat: 2AutonomousSearchAverageSizeOfHeap=1.4519413673492223
%%%mzn-stat: 2AutonomousSearchNumAssignedPredicatesEncountered=12976
%%%mzn-stat-end
maxleg = 290;
succ = array1d(1..50,[2, 4, 15, 3, 7, 26, 8, 13, 11, 14, 1, 9, 20, 16, 28, 19, 22, 12, 23, 30, 10, 48, 25, 31, 24, 34, 35, 29, 42, 47, 46, 38, 21, 27, 36, 33, 6, 45, 41, 50, 43, 44, 37, 39, 49, 40, 32, 18, 17, 5]);
% time elapsed: 0.50 s
----------
%%%mzn-stat: initTime=0.011797281
%%%mzn-stat: objective=289
%%%mzn-stat: nodes=10225
%%%mzn-stat: restarts=0
%%%mzn-stat: peakDepth=592
%%%mzn-stat: solveTime=0.180669358
%%%mzn-stat: variables=1113
%%%mzn-stat: propagators=816
%%%mzn-stat: failures=165
%%%mzn-stat: propagations=32737
%%%mzn-stat: nogoods=165
%%%mzn-stat: numAtomicConstraintsPropagated=0
%%%mzn-stat: circuitNumber1PropagationsTotal=2238
%%%mzn-stat: circuitNumber1CircuitConflicts=120
%%%mzn-stat: circuitNumber1AlldiffConflicts=3
%%%mzn-stat: circuitNumber1TotalFixedEdgesAtConflict=5466
%%%mzn-stat: circuitNumber1NumberOfConflicts=123
%%%mzn-stat: circuitNumber1GacPrunings=6379
%%%mzn-stat: circuitNumber1PropagationsThatGacPruned=1148
%%%mzn-stat: circuitNumber1TotalPruningHallSetSize=13577
%%%mzn-stat: circuitNumber1NumberOfPruningExplanations=6379
%%%mzn-stat: circuitNumber1MaxPruningHallSetSize=32
%%%mzn-stat: circuitNumber1TotalSccSizeAtPruning=4532
%%%mzn-stat: circuitNumber1NumberOfSccPruningCalls=1148
%%%mzn-stat: circuitNumber1TotalVarsInvolvedInPruning=5832
%%%mzn-stat: circuitNumber1MaxValuesPrunedFromSingleVar=7
%%%mzn-stat: circuitNumber1HallCircuitChecks=2699
%%%mzn-stat: circuitNumber1HallCircuitPrunings=165
%%%mzn-stat: circuitNumber1CircuitPreventPrunings=843
%%%mzn-stat: AverageConflictSize=14.545454545454545
%%%mzn-stat: NumUnitNogoodsLearned=0
%%%mzn-stat: AverageLearnedNogoodLength=39.07878787878788
%%%mzn-stat: AverageBacktrackAmount=0
%%%mzn-stat: AverageLbd=22.29090909090909
%%%mzn-stat: 2AutonomousSearchNumBackupCalled=9358
%%%mzn-stat: 2AutonomousSearchNumPredicatesRemoved=0
%%%mzn-stat: 2AutonomousSearchNumCalls=9377
%%%mzn-stat: 2AutonomousSearchNumPredicatesAdded=3529
%%%mzn-stat: 2AutonomousSearchAverageSizeOfHeap=1.5386584195371653
%%%mzn-stat: 2AutonomousSearchNumAssignedPredicatesEncountered=14428
%%%mzn-stat-end
maxleg = 289;
succ = array1d(1..50,[2, 4, 15, 11, 7, 26, 8, 13, 12, 14, 9, 18, 20, 16, 28, 19, 1, 37, 23, 30, 10, 48, 25, 29, 24, 34, 35, 22, 32, 47, 21, 38, 36, 27, 44, 31, 39, 45, 41, 33, 43, 46, 6, 42, 49, 50, 40, 17, 3, 5]);
% time elapsed: 0.51 s
----------
%%%mzn-stat: initTime=0.011797281
%%%mzn-stat: objective=289
%%%mzn-stat: nodes=1944951
%%%mzn-stat: restarts=0
%%%mzn-stat: peakDepth=592
%%%mzn-stat: solveTime=1799.705412131
%%%mzn-stat: variables=1113
%%%mzn-stat: propagators=816
%%%mzn-stat: failures=1925679
%%%mzn-stat: propagations=56096707
%%%mzn-stat: nogoods=1925679
%%%mzn-stat: numAtomicConstraintsPropagated=0
%%%mzn-stat: circuitNumber1PropagationsTotal=6665239
%%%mzn-stat: circuitNumber1CircuitConflicts=483511
%%%mzn-stat: circuitNumber1AlldiffConflicts=22507
%%%mzn-stat: circuitNumber1TotalFixedEdgesAtConflict=12382028
%%%mzn-stat: circuitNumber1NumberOfConflicts=506018
%%%mzn-stat: circuitNumber1GacPrunings=32732798
%%%mzn-stat: circuitNumber1PropagationsThatGacPruned=4079162
%%%mzn-stat: circuitNumber1TotalPruningHallSetSize=356096604
%%%mzn-stat: circuitNumber1NumberOfPruningExplanations=32732798
%%%mzn-stat: circuitNumber1MaxPruningHallSetSize=34
%%%mzn-stat: circuitNumber1TotalSccSizeAtPruning=108718163
%%%mzn-stat: circuitNumber1NumberOfSccPruningCalls=4079162
%%%mzn-stat: circuitNumber1TotalVarsInvolvedInPruning=22188952
%%%mzn-stat: circuitNumber1MaxValuesPrunedFromSingleVar=9
%%%mzn-stat: circuitNumber1HallCircuitChecks=8716002
%%%mzn-stat: circuitNumber1HallCircuitPrunings=197
%%%mzn-stat: circuitNumber1CircuitPreventPrunings=4044060
%%%mzn-stat: AverageConflictSize=12.848146549866307
%%%mzn-stat: NumUnitNogoodsLearned=0
%%%mzn-stat: AverageLearnedNogoodLength=103.25538628192965
%%%mzn-stat: AverageBacktrackAmount=0
%%%mzn-stat: AverageLbd=18.07472221486551
%%%mzn-stat: 2AutonomousSearchNumBackupCalled=9358
%%%mzn-stat: 2AutonomousSearchNumPredicatesRemoved=0
%%%mzn-stat: 2AutonomousSearchNumCalls=9377
%%%mzn-stat: 2AutonomousSearchNumPredicatesAdded=5720
%%%mzn-stat: 2AutonomousSearchAverageSizeOfHeap=1.5386584195371653
%%%mzn-stat: 2AutonomousSearchNumAssignedPredicatesEncountered=14428
%%%mzn-stat-end
