% Logging successfully configured
%%%mzn-stat: initTime=0.037300883
%%%mzn-stat: objective=599
%%%mzn-stat: nodes=904
%%%mzn-stat: restarts=0
%%%mzn-stat: peakDepth=896
%%%mzn-stat: solveTime=0.005162665
%%%mzn-stat: variables=1559
%%%mzn-stat: propagators=2417
%%%mzn-stat: failures=7
%%%mzn-stat: propagations=9575
%%%mzn-stat: nogoods=7
%%%mzn-stat: numAtomicConstraintsPropagated=0
%%%mzn-stat: circuitNumber1226PropagationsThatFoundConflict=5
%%%mzn-stat: circuitNumber1226TotalFixedEdgesAtConflict=243
%%%mzn-stat: circuitNumber1226NumberOfConflicts=5
%%%mzn-stat: circuitNumber1226PropagationsThatPruned=3
%%%mzn-stat: circuitNumber1226PropagationsTotal=54
%%%mzn-stat: AverageConflictSize=21.428571428571427
%%%mzn-stat: NumUnitNogoodsLearned=0
%%%mzn-stat: AverageLearnedNogoodLength=25.571428571428573
%%%mzn-stat: AverageBacktrackAmount=0
%%%mzn-stat: AverageLbd=25.142857142857142
%%%mzn-stat: 2AutonomousSearchNumBackupCalled=853
%%%mzn-stat: 2AutonomousSearchNumPredicatesRemoved=0
%%%mzn-stat: 2AutonomousSearchNumCalls=854
%%%mzn-stat: 2AutonomousSearchNumPredicatesAdded=189
%%%mzn-stat: 2AutonomousSearchAverageSizeOfHeap=0.22131147540983606
%%%mzn-stat: 2AutonomousSearchNumAssignedPredicatesEncountered=189
%%%mzn-stat-end
maxleg = 599;
succ = array1d(1..50,[2, 4, 5, 3, 7, 1, 8, 13, 10, 14, 6, 9, 15, 16, 17, 19, 18, 12, 21, 30, 23, 11, 24, 25, 27, 34, 26, 22, 28, 32, 33, 29, 36, 35, 31, 37, 39, 20, 41, 46, 43, 40, 44, 42, 48, 50, 45, 49, 38, 47]);
% time elapsed: 4.17 s
----------
%%%mzn-stat: initTime=0.037300883
%%%mzn-stat: objective=490
%%%mzn-stat: nodes=1769
%%%mzn-stat: restarts=0
%%%mzn-stat: peakDepth=896
%%%mzn-stat: solveTime=0.008978517
%%%mzn-stat: variables=1559
%%%mzn-stat: propagators=2417
%%%mzn-stat: failures=8
%%%mzn-stat: propagations=14392
%%%mzn-stat: nogoods=8
%%%mzn-stat: numAtomicConstraintsPropagated=0
%%%mzn-stat: circuitNumber1226PropagationsThatFoundConflict=6
%%%mzn-stat: circuitNumber1226TotalFixedEdgesAtConflict=293
%%%mzn-stat: circuitNumber1226NumberOfConflicts=6
%%%mzn-stat: circuitNumber1226PropagationsThatPruned=5
%%%mzn-stat: circuitNumber1226PropagationsTotal=100
%%%mzn-stat: AverageConflictSize=23.875
%%%mzn-stat: NumUnitNogoodsLearned=0
%%%mzn-stat: AverageLearnedNogoodLength=27.75
%%%mzn-stat: AverageBacktrackAmount=0
%%%mzn-stat: AverageLbd=27.125
%%%mzn-stat: 2AutonomousSearchNumBackupCalled=1674
%%%mzn-stat: 2AutonomousSearchNumPredicatesRemoved=0
%%%mzn-stat: 2AutonomousSearchNumCalls=1676
%%%mzn-stat: 2AutonomousSearchNumPredicatesAdded=282
%%%mzn-stat: 2AutonomousSearchAverageSizeOfHeap=0.24105011933174225
%%%mzn-stat: 2AutonomousSearchNumAssignedPredicatesEncountered=404
%%%mzn-stat-end
maxleg = 490;
succ = array1d(1..50,[2, 4, 5, 3, 7, 1, 8, 13, 10, 14, 6, 9, 15, 16, 17, 19, 18, 12, 21, 30, 23, 11, 24, 25, 27, 34, 26, 22, 28, 32, 33, 29, 36, 35, 31, 42, 39, 20, 41, 38, 48, 44, 37, 43, 47, 40, 50, 49, 45, 46]);
% time elapsed: 4.17 s
----------
%%%mzn-stat: initTime=0.037300883
%%%mzn-stat: objective=487
%%%mzn-stat: nodes=2658
%%%mzn-stat: restarts=0
%%%mzn-stat: peakDepth=896
%%%mzn-stat: solveTime=0.011827388
%%%mzn-stat: variables=1559
%%%mzn-stat: propagators=2417
%%%mzn-stat: failures=9
%%%mzn-stat: propagations=19212
%%%mzn-stat: nogoods=9
%%%mzn-stat: numAtomicConstraintsPropagated=0
%%%mzn-stat: circuitNumber1226PropagationsThatFoundConflict=7
%%%mzn-stat: circuitNumber1226TotalFixedEdgesAtConflict=343
%%%mzn-stat: circuitNumber1226NumberOfConflicts=7
%%%mzn-stat: circuitNumber1226PropagationsThatPruned=7
%%%mzn-stat: circuitNumber1226PropagationsTotal=146
%%%mzn-stat: AverageConflictSize=25.77777777777778
%%%mzn-stat: NumUnitNogoodsLearned=0
%%%mzn-stat: AverageLearnedNogoodLength=29.77777777777778
%%%mzn-stat: AverageBacktrackAmount=0
%%%mzn-stat: AverageLbd=28.666666666666668
%%%mzn-stat: 2AutonomousSearchNumBackupCalled=2519
%%%mzn-stat: 2AutonomousSearchNumPredicatesRemoved=0
%%%mzn-stat: 2AutonomousSearchNumCalls=2522
%%%mzn-stat: 2AutonomousSearchNumPredicatesAdded=378
%%%mzn-stat: 2AutonomousSearchAverageSizeOfHeap=0.24940523394131642
%%%mzn-stat: 2AutonomousSearchNumAssignedPredicatesEncountered=629
%%%mzn-stat-end
maxleg = 487;
succ = array1d(1..50,[2, 4, 7, 3, 8, 1, 5, 13, 10, 14, 6, 9, 15, 16, 17, 19, 18, 12, 21, 30, 23, 11, 24, 25, 27, 34, 26, 22, 28, 32, 33, 29, 36, 35, 31, 42, 39, 20, 41, 38, 48, 44, 37, 43, 47, 40, 50, 49, 45, 46]);
% time elapsed: 4.17 s
----------
%%%mzn-stat: initTime=0.037300883
%%%mzn-stat: objective=470
%%%mzn-stat: nodes=3518
%%%mzn-stat: restarts=0
%%%mzn-stat: peakDepth=896
%%%mzn-stat: solveTime=0.015246469
%%%mzn-stat: variables=1559
%%%mzn-stat: propagators=2417
%%%mzn-stat: failures=10
%%%mzn-stat: propagations=24030
%%%mzn-stat: nogoods=10
%%%mzn-stat: numAtomicConstraintsPropagated=0
%%%mzn-stat: circuitNumber1226PropagationsThatFoundConflict=8
%%%mzn-stat: circuitNumber1226TotalFixedEdgesAtConflict=393
%%%mzn-stat: circuitNumber1226NumberOfConflicts=8
%%%mzn-stat: circuitNumber1226PropagationsThatPruned=9
%%%mzn-stat: circuitNumber1226PropagationsTotal=192
%%%mzn-stat: AverageConflictSize=27.3
%%%mzn-stat: NumUnitNogoodsLearned=0
%%%mzn-stat: AverageLearnedNogoodLength=31.4
%%%mzn-stat: AverageBacktrackAmount=0
%%%mzn-stat: AverageLbd=29.9
%%%mzn-stat: 2AutonomousSearchNumBackupCalled=3335
%%%mzn-stat: 2AutonomousSearchNumPredicatesRemoved=0
%%%mzn-stat: 2AutonomousSearchNumCalls=3339
%%%mzn-stat: 2AutonomousSearchNumPredicatesAdded=474
%%%mzn-stat: 2AutonomousSearchAverageSizeOfHeap=0.25696316262353996
%%%mzn-stat: 2AutonomousSearchNumAssignedPredicatesEncountered=858
%%%mzn-stat-end
maxleg = 470;
succ = array1d(1..50,[2, 4, 7, 3, 8, 1, 5, 13, 10, 14, 9, 6, 15, 16, 11, 19, 18, 12, 21, 30, 23, 17, 24, 25, 27, 34, 26, 22, 28, 32, 33, 29, 36, 35, 31, 42, 39, 20, 41, 38, 48, 44, 37, 43, 47, 40, 50, 49, 45, 46]);
% time elapsed: 4.19 s
----------
%%%mzn-stat: initTime=0.037300883
%%%mzn-stat: objective=460
%%%mzn-stat: nodes=4450
%%%mzn-stat: restarts=0
%%%mzn-stat: peakDepth=896
%%%mzn-stat: solveTime=0.026310714
%%%mzn-stat: variables=1559
%%%mzn-stat: propagators=2417
%%%mzn-stat: failures=59
%%%mzn-stat: propagations=43265
%%%mzn-stat: nogoods=59
%%%mzn-stat: numAtomicConstraintsPropagated=0
%%%mzn-stat: circuitNumber1226PropagationsThatFoundConflict=30
%%%mzn-stat: circuitNumber1226TotalFixedEdgesAtConflict=1434
%%%mzn-stat: circuitNumber1226NumberOfConflicts=30
%%%mzn-stat: circuitNumber1226PropagationsThatPruned=34
%%%mzn-stat: circuitNumber1226PropagationsTotal=315
%%%mzn-stat: AverageConflictSize=11.322033898305085
%%%mzn-stat: NumUnitNogoodsLearned=0
%%%mzn-stat: AverageLearnedNogoodLength=22.47457627118644
%%%mzn-stat: AverageBacktrackAmount=0
%%%mzn-stat: AverageLbd=19
%%%mzn-stat: 2AutonomousSearchNumBackupCalled=4170
%%%mzn-stat: 2AutonomousSearchNumPredicatesRemoved=0
%%%mzn-stat: 2AutonomousSearchNumCalls=4175
%%%mzn-stat: 2AutonomousSearchNumPredicatesAdded=808
%%%mzn-stat: 2AutonomousSearchAverageSizeOfHeap=0.30107784431137724
%%%mzn-stat: 2AutonomousSearchNumAssignedPredicatesEncountered=1257
%%%mzn-stat-end
maxleg = 460;
succ = array1d(1..50,[2, 4, 7, 3, 8, 1, 5, 13, 10, 14, 9, 6, 20, 16, 11, 19, 15, 12, 21, 30, 23, 17, 24, 25, 27, 18, 26, 22, 28, 32, 33, 38, 36, 35, 29, 42, 34, 49, 37, 46, 39, 44, 41, 43, 47, 31, 50, 45, 48, 40]);
% time elapsed: 4.20 s
----------
%%%mzn-stat: initTime=0.037300883
%%%mzn-stat: objective=456
%%%mzn-stat: nodes=5288
%%%mzn-stat: restarts=0
%%%mzn-stat: peakDepth=896
%%%mzn-stat: solveTime=0.030195135
%%%mzn-stat: variables=1559
%%%mzn-stat: propagators=2417
%%%mzn-stat: failures=60
%%%mzn-stat: propagations=48105
%%%mzn-stat: nogoods=60
%%%mzn-stat: numAtomicConstraintsPropagated=0
%%%mzn-stat: circuitNumber1226PropagationsThatFoundConflict=31
%%%mzn-stat: circuitNumber1226TotalFixedEdgesAtConflict=1484
%%%mzn-stat: circuitNumber1226NumberOfConflicts=31
%%%mzn-stat: circuitNumber1226PropagationsThatPruned=36
%%%mzn-stat: circuitNumber1226PropagationsTotal=361
%%%mzn-stat: AverageConflictSize=11.816666666666666
%%%mzn-stat: NumUnitNogoodsLearned=0
%%%mzn-stat: AverageLearnedNogoodLength=22.883333333333333
%%%mzn-stat: AverageBacktrackAmount=0
%%%mzn-stat: AverageLbd=19.366666666666667
%%%mzn-stat: 2AutonomousSearchNumBackupCalled=4964
%%%mzn-stat: 2AutonomousSearchNumPredicatesRemoved=0
%%%mzn-stat: 2AutonomousSearchNumCalls=4970
%%%mzn-stat: 2AutonomousSearchNumPredicatesAdded=905
%%%mzn-stat: 2AutonomousSearchAverageSizeOfHeap=0.335010060362173
%%%mzn-stat: 2AutonomousSearchNumAssignedPredicatesEncountered=1665
%%%mzn-stat-end
maxleg = 456;
succ = array1d(1..50,[2, 4, 7, 3, 8, 12, 5, 13, 10, 14, 1, 9, 20, 16, 11, 15, 18, 6, 21, 30, 23, 17, 24, 25, 27, 34, 26, 22, 19, 32, 33, 29, 36, 35, 31, 42, 39, 28, 41, 38, 48, 44, 37, 43, 47, 40, 50, 49, 45, 46]);
% time elapsed: 4.21 s
----------
%%%mzn-stat: initTime=0.037300883
%%%mzn-stat: objective=453
%%%mzn-stat: nodes=6108
%%%mzn-stat: restarts=0
%%%mzn-stat: peakDepth=896
%%%mzn-stat: solveTime=0.032751419
%%%mzn-stat: variables=1559
%%%mzn-stat: propagators=2417
%%%mzn-stat: failures=60
%%%mzn-stat: propagations=52403
%%%mzn-stat: nogoods=60
%%%mzn-stat: numAtomicConstraintsPropagated=0
%%%mzn-stat: circuitNumber1226PropagationsThatFoundConflict=31
%%%mzn-stat: circuitNumber1226TotalFixedEdgesAtConflict=1484
%%%mzn-stat: circuitNumber1226NumberOfConflicts=31
%%%mzn-stat: circuitNumber1226PropagationsThatPruned=37
%%%mzn-stat: circuitNumber1226PropagationsTotal=403
%%%mzn-stat: AverageConflictSize=11.816666666666666
%%%mzn-stat: NumUnitNogoodsLearned=0
%%%mzn-stat: AverageLearnedNogoodLength=22.883333333333333
%%%mzn-stat: AverageBacktrackAmount=0
%%%mzn-stat: AverageLbd=19.366666666666667
%%%mzn-stat: 2AutonomousSearchNumBackupCalled=5742
%%%mzn-stat: 2AutonomousSearchNumPredicatesRemoved=0
%%%mzn-stat: 2AutonomousSearchNumCalls=5749
%%%mzn-stat: 2AutonomousSearchNumPredicatesAdded=905
%%%mzn-stat: 2AutonomousSearchAverageSizeOfHeap=0.36058444946947293
%%%mzn-stat: 2AutonomousSearchNumAssignedPredicatesEncountered=2073
%%%mzn-stat-end
maxleg = 453;
succ = array1d(1..50,[2, 4, 7, 3, 8, 12, 5, 13, 10, 14, 1, 9, 20, 16, 11, 15, 18, 6, 21, 30, 24, 17, 19, 25, 27, 23, 29, 22, 28, 32, 33, 38, 36, 26, 31, 42, 34, 40, 35, 46, 37, 44, 41, 43, 49, 50, 45, 39, 48, 47]);
% time elapsed: 4.21 s
----------
%%%mzn-stat: initTime=0.037300883
%%%mzn-stat: objective=428
%%%mzn-stat: nodes=6895
%%%mzn-stat: restarts=0
%%%mzn-stat: peakDepth=896
%%%mzn-stat: solveTime=0.036036487
%%%mzn-stat: variables=1559
%%%mzn-stat: propagators=2417
%%%mzn-stat: failures=60
%%%mzn-stat: propagations=56701
%%%mzn-stat: nogoods=60
%%%mzn-stat: numAtomicConstraintsPropagated=0
%%%mzn-stat: circuitNumber1226PropagationsThatFoundConflict=31
%%%mzn-stat: circuitNumber1226TotalFixedEdgesAtConflict=1484
%%%mzn-stat: circuitNumber1226NumberOfConflicts=31
%%%mzn-stat: circuitNumber1226PropagationsThatPruned=38
%%%mzn-stat: circuitNumber1226PropagationsTotal=445
%%%mzn-stat: AverageConflictSize=11.816666666666666
%%%mzn-stat: NumUnitNogoodsLearned=0
%%%mzn-stat: AverageLearnedNogoodLength=22.883333333333333
%%%mzn-stat: AverageBacktrackAmount=0
%%%mzn-stat: AverageLbd=19.366666666666667
%%%mzn-stat: 2AutonomousSearchNumBackupCalled=6487
%%%mzn-stat: 2AutonomousSearchNumPredicatesRemoved=0
%%%mzn-stat: 2AutonomousSearchNumCalls=6495
%%%mzn-stat: 2AutonomousSearchNumPredicatesAdded=905
%%%mzn-stat: 2AutonomousSearchAverageSizeOfHeap=0.381986143187067
%%%mzn-stat: 2AutonomousSearchNumAssignedPredicatesEncountered=2481
%%%mzn-stat-end
maxleg = 428;
succ = array1d(1..50,[2, 4, 7, 3, 8, 12, 5, 13, 10, 14, 1, 9, 20, 16, 11, 15, 18, 6, 21, 30, 24, 17, 19, 25, 27, 34, 26, 22, 28, 32, 23, 38, 31, 35, 29, 33, 39, 40, 41, 42, 43, 46, 44, 36, 49, 50, 45, 37, 48, 47]);
% time elapsed: 4.22 s
----------
%%%mzn-stat: initTime=0.037300883
%%%mzn-stat: objective=419
%%%mzn-stat: nodes=7702
%%%mzn-stat: restarts=0
%%%mzn-stat: peakDepth=896
%%%mzn-stat: solveTime=0.038633226
%%%mzn-stat: variables=1559
%%%mzn-stat: propagators=2417
%%%mzn-stat: failures=62
%%%mzn-stat: propagations=61344
%%%mzn-stat: nogoods=62
%%%mzn-stat: numAtomicConstraintsPropagated=0
%%%mzn-stat: circuitNumber1226PropagationsThatFoundConflict=31
%%%mzn-stat: circuitNumber1226TotalFixedEdgesAtConflict=1484
%%%mzn-stat: circuitNumber1226NumberOfConflicts=31
%%%mzn-stat: circuitNumber1226PropagationsThatPruned=39
%%%mzn-stat: circuitNumber1226PropagationsTotal=486
%%%mzn-stat: AverageConflictSize=11.5
%%%mzn-stat: NumUnitNogoodsLearned=0
%%%mzn-stat: AverageLearnedNogoodLength=22.467741935483872
%%%mzn-stat: AverageBacktrackAmount=0
%%%mzn-stat: AverageLbd=18.903225806451612
%%%mzn-stat: 2AutonomousSearchNumBackupCalled=7252
%%%mzn-stat: 2AutonomousSearchNumPredicatesRemoved=0
%%%mzn-stat: 2AutonomousSearchNumCalls=7261
%%%mzn-stat: 2AutonomousSearchNumPredicatesAdded=957
%%%mzn-stat: 2AutonomousSearchAverageSizeOfHeap=0.39787908001652667
%%%mzn-stat: 2AutonomousSearchNumAssignedPredicatesEncountered=2889
%%%mzn-stat-end
maxleg = 419;
succ = array1d(1..50,[2, 4, 7, 3, 8, 12, 5, 13, 10, 14, 1, 9, 20, 16, 11, 15, 18, 6, 21, 30, 24, 17, 19, 25, 27, 34, 26, 22, 28, 32, 23, 38, 31, 35, 29, 33, 39, 40, 48, 42, 37, 44, 41, 43, 47, 36, 50, 49, 45, 46]);
% time elapsed: 4.22 s
----------
%%%mzn-stat: initTime=0.037300883
%%%mzn-stat: objective=406
%%%mzn-stat: nodes=219910
%%%mzn-stat: restarts=0
%%%mzn-stat: peakDepth=896
%%%mzn-stat: solveTime=77.695502594
%%%mzn-stat: variables=1559
%%%mzn-stat: propagators=2417
%%%mzn-stat: failures=182947
%%%mzn-stat: propagations=50322238
%%%mzn-stat: nogoods=182947
%%%mzn-stat: numAtomicConstraintsPropagated=0
%%%mzn-stat: circuitNumber1226PropagationsThatFoundConflict=2441
%%%mzn-stat: circuitNumber1226TotalFixedEdgesAtConflict=104832
%%%mzn-stat: circuitNumber1226NumberOfConflicts=2441
%%%mzn-stat: circuitNumber1226PropagationsThatPruned=38848
%%%mzn-stat: circuitNumber1226PropagationsTotal=211478
%%%mzn-stat: AverageConflictSize=18.27373501615222
%%%mzn-stat: NumUnitNogoodsLearned=0
%%%mzn-stat: AverageLearnedNogoodLength=49.43899599337513
%%%mzn-stat: AverageBacktrackAmount=0
%%%mzn-stat: AverageLbd=20.340666969122204
%%%mzn-stat: 2AutonomousSearchNumBackupCalled=7992
%%%mzn-stat: 2AutonomousSearchNumPredicatesRemoved=0
%%%mzn-stat: 2AutonomousSearchNumCalls=8002
%%%mzn-stat: 2AutonomousSearchNumPredicatesAdded=1980
%%%mzn-stat: 2AutonomousSearchAverageSizeOfHeap=0.49912521869532617
%%%mzn-stat: 2AutonomousSearchNumAssignedPredicatesEncountered=3994
%%%mzn-stat-end
maxleg = 406;
succ = array1d(1..50,[2, 4, 7, 3, 8, 12, 5, 13, 10, 14, 1, 9, 20, 16, 11, 15, 18, 6, 21, 30, 24, 17, 19, 25, 27, 34, 26, 22, 32, 40, 23, 38, 31, 35, 29, 42, 39, 49, 48, 33, 37, 44, 41, 43, 47, 36, 50, 28, 45, 46]);
% time elapsed: 81.88 s
----------
%%%mzn-stat: initTime=0.037300883
%%%mzn-stat: objective=406
%%%mzn-stat: nodes=4488005
%%%mzn-stat: restarts=0
%%%mzn-stat: peakDepth=896
%%%mzn-stat: solveTime=1795.830027209
%%%mzn-stat: variables=1559
%%%mzn-stat: propagators=2417
%%%mzn-stat: failures=4008486
%%%mzn-stat: propagations=968686186
%%%mzn-stat: nogoods=4008486
%%%mzn-stat: numAtomicConstraintsPropagated=0
%%%mzn-stat: circuitNumber1226PropagationsThatFoundConflict=171985
%%%mzn-stat: circuitNumber1226TotalFixedEdgesAtConflict=7497786
%%%mzn-stat: circuitNumber1226NumberOfConflicts=171985
%%%mzn-stat: circuitNumber1226PropagationsThatPruned=543675
%%%mzn-stat: circuitNumber1226PropagationsTotal=3797065
%%%mzn-stat: AverageConflictSize=20.58231886053737
%%%mzn-stat: NumUnitNogoodsLearned=0
%%%mzn-stat: AverageLearnedNogoodLength=47.63922238970025
%%%mzn-stat: AverageBacktrackAmount=0
%%%mzn-stat: AverageLbd=17.067199436395686
%%%mzn-stat: 2AutonomousSearchNumBackupCalled=7992
%%%mzn-stat: 2AutonomousSearchNumPredicatesRemoved=0
%%%mzn-stat: 2AutonomousSearchNumCalls=8002
%%%mzn-stat: 2AutonomousSearchNumPredicatesAdded=3158
%%%mzn-stat: 2AutonomousSearchAverageSizeOfHeap=0.49912521869532617
%%%mzn-stat: 2AutonomousSearchNumAssignedPredicatesEncountered=3994
%%%mzn-stat-end
