%%%mzn-stat: initTime=0.061804638
%%%mzn-stat: objective=379
%%%mzn-stat: nodes=287855
%%%mzn-stat: restarts=3
%%%mzn-stat: peakDepth=643
%%%mzn-stat: solveTime=112.537878772
%%%mzn-stat: variables=1137
%%%mzn-stat: propagators=2054
%%%mzn-stat: failures=256888
%%%mzn-stat: propagations=67306272
%%%mzn-stat: nogoods=256888
%%%mzn-stat: AverageConflictSize=40.25718990377129
%%%mzn-stat: NumUnitNogoodsLearned=304
%%%mzn-stat: AverageLearnedNogoodLength=61.235764224097665
%%%mzn-stat: AverageBacktrackAmount=0
%%%mzn-stat: AverageLbd=22.848743421257513
%%%mzn-stat-end
maxleg = 379;
succ = array1d(1..50,[31, 12, 6, 9, 22, 11, 27, 3, 8, 42, 15, 13, 21, 34, 7, 18, 4, 29, 20, 24, 44, 25, 43, 10, 40, 5, 41, 30, 37, 36, 28, 47, 1, 49, 14, 50, 2, 45, 17, 38, 26, 23, 32, 33, 48, 35, 39, 16, 19, 46]);
% time elapsed: 117.42 s
----------
%%%mzn-stat: initTime=0.061804638
%%%mzn-stat: objective=378
%%%mzn-stat: nodes=289788
%%%mzn-stat: restarts=4
%%%mzn-stat: peakDepth=643
%%%mzn-stat: solveTime=112.728338267
%%%mzn-stat: variables=1137
%%%mzn-stat: propagators=2054
%%%mzn-stat: failures=257746
%%%mzn-stat: propagations=67529099
%%%mzn-stat: nogoods=257746
%%%mzn-stat: AverageConflictSize=40.14731945403614
%%%mzn-stat: NumUnitNogoodsLearned=304
%%%mzn-stat: AverageLearnedNogoodLength=61.136347411793004
%%%mzn-stat: AverageBacktrackAmount=0
%%%mzn-stat: AverageLbd=22.82665104405112
%%%mzn-stat-end
maxleg = 378;
succ = array1d(1..50,[31, 12, 6, 9, 22, 11, 27, 3, 8, 42, 15, 13, 21, 34, 7, 18, 4, 29, 20, 24, 44, 26, 43, 10, 40, 16, 41, 30, 37, 36, 28, 47, 1, 49, 14, 50, 2, 45, 17, 38, 25, 23, 32, 33, 48, 35, 39, 5, 19, 46]);
% time elapsed: 117.59 s
----------
%%%mzn-stat: initTime=0.061804638
%%%mzn-stat: objective=377
%%%mzn-stat: nodes=290957
%%%mzn-stat: restarts=5
%%%mzn-stat: peakDepth=643
%%%mzn-stat: solveTime=112.812669481
%%%mzn-stat: variables=1137
%%%mzn-stat: propagators=2054
%%%mzn-stat: failures=258042
%%%mzn-stat: propagations=67638575
%%%mzn-stat: nogoods=258042
%%%mzn-stat: AverageConflictSize=40.113283884018884
%%%mzn-stat: NumUnitNogoodsLearned=304
%%%mzn-stat: AverageLearnedNogoodLength=61.11929453344804
%%%mzn-stat: AverageBacktrackAmount=0
%%%mzn-stat: AverageLbd=22.824648700599127
%%%mzn-stat-end
maxleg = 377;
succ = array1d(1..50,[31, 12, 6, 9, 22, 11, 27, 3, 8, 42, 15, 13, 21, 34, 7, 18, 4, 29, 20, 24, 44, 26, 43, 10, 40, 16, 41, 30, 37, 36, 28, 47, 1, 49, 14, 50, 2, 45, 17, 38, 25, 23, 32, 33, 48, 35, 39, 5, 19, 46]);
% time elapsed: 117.67 s
----------
%%%mzn-stat: initTime=0.061804638
%%%mzn-stat: objective=376
%%%mzn-stat: nodes=336082
%%%mzn-stat: restarts=6
%%%mzn-stat: peakDepth=643
%%%mzn-stat: solveTime=122.834858075
%%%mzn-stat: variables=1137
%%%mzn-stat: propagators=2054
%%%mzn-stat: failures=292821
%%%mzn-stat: propagations=75003474
%%%mzn-stat: nogoods=292821
%%%mzn-stat: AverageConflictSize=37.45279197871737
%%%mzn-stat: NumUnitNogoodsLearned=304
%%%mzn-stat: AverageLearnedNogoodLength=59.74459140567104
%%%mzn-stat: AverageBacktrackAmount=0
%%%mzn-stat: AverageLbd=22.329672393714933
%%%mzn-stat-end
maxleg = 376;
succ = array1d(1..50,[31, 12, 6, 9, 22, 11, 27, 3, 8, 42, 15, 13, 21, 34, 7, 18, 4, 29, 20, 24, 44, 26, 43, 10, 40, 16, 41, 30, 37, 36, 28, 47, 1, 49, 14, 50, 2, 45, 17, 38, 25, 23, 32, 33, 48, 35, 39, 5, 19, 46]);
% time elapsed: 127.70 s
----------
%%%mzn-stat: initTime=0.061804638
%%%mzn-stat: objective=375
%%%mzn-stat: nodes=338631
%%%mzn-stat: restarts=7
%%%mzn-stat: peakDepth=643
%%%mzn-stat: solveTime=123.176909595
%%%mzn-stat: variables=1137
%%%mzn-stat: propagators=2054
%%%mzn-stat: failures=294016
%%%mzn-stat: propagations=75279793
%%%mzn-stat: nogoods=294016
%%%mzn-stat: AverageConflictSize=37.364282896168916
%%%mzn-stat: NumUnitNogoodsLearned=304
%%%mzn-stat: AverageLearnedNogoodLength=59.693486068785376
%%%mzn-stat: AverageBacktrackAmount=0
%%%mzn-stat: AverageLbd=22.305850702002612
%%%mzn-stat-end
maxleg = 375;
succ = array1d(1..50,[31, 12, 6, 9, 22, 11, 27, 3, 8, 42, 15, 13, 21, 34, 7, 18, 4, 29, 20, 24, 44, 26, 43, 10, 40, 16, 41, 30, 37, 36, 28, 47, 1, 49, 14, 50, 2, 45, 17, 38, 25, 23, 32, 33, 48, 35, 39, 5, 19, 46]);
% time elapsed: 128.05 s
----------
%%%mzn-stat: initTime=0.061804638
%%%mzn-stat: objective=374
%%%mzn-stat: nodes=339462
%%%mzn-stat: restarts=8
%%%mzn-stat: peakDepth=643
%%%mzn-stat: solveTime=123.214449363
%%%mzn-stat: variables=1137
%%%mzn-stat: propagators=2054
%%%mzn-stat: failures=294077
%%%mzn-stat: propagations=75301146
%%%mzn-stat: nogoods=294077
%%%mzn-stat: AverageConflictSize=37.360126769519546
%%%mzn-stat: NumUnitNogoodsLearned=304
%%%mzn-stat: AverageLearnedNogoodLength=59.69192762439769
%%%mzn-stat: AverageBacktrackAmount=0
%%%mzn-stat: AverageLbd=22.306861808301907
%%%mzn-stat-end
maxleg = 374;
succ = array1d(1..50,[31, 12, 6, 9, 22, 11, 27, 3, 8, 42, 15, 13, 21, 34, 7, 18, 4, 29, 20, 24, 44, 26, 43, 10, 40, 16, 41, 30, 37, 36, 28, 47, 1, 49, 14, 50, 2, 45, 17, 38, 25, 23, 32, 33, 48, 35, 39, 5, 19, 46]);
% time elapsed: 128.09 s
----------
%%%mzn-stat: initTime=0.061804638
%%%mzn-stat: objective=373
%%%mzn-stat: nodes=340677
%%%mzn-stat: restarts=9
%%%mzn-stat: peakDepth=643
%%%mzn-stat: solveTime=123.309967712
%%%mzn-stat: variables=1137
%%%mzn-stat: propagators=2054
%%%mzn-stat: failures=294302
%%%mzn-stat: propagations=75383141
%%%mzn-stat: nogoods=294302
%%%mzn-stat: AverageConflictSize=37.34106462069575
%%%mzn-stat: NumUnitNogoodsLearned=304
%%%mzn-stat: AverageLearnedNogoodLength=59.68531644365312
%%%mzn-stat: AverageBacktrackAmount=0
%%%mzn-stat: AverageLbd=22.30706213345475
%%%mzn-stat-end
maxleg = 373;
succ = array1d(1..50,[31, 12, 6, 9, 22, 11, 27, 3, 8, 42, 15, 13, 21, 34, 7, 18, 4, 29, 20, 24, 44, 26, 43, 10, 40, 16, 41, 30, 37, 36, 28, 47, 1, 49, 14, 50, 2, 45, 17, 38, 25, 23, 32, 33, 48, 35, 39, 5, 19, 46]);
% time elapsed: 128.19 s
----------
%%%mzn-stat: initTime=0.061804638
%%%mzn-stat: objective=372
%%%mzn-stat: nodes=342041
%%%mzn-stat: restarts=10
%%%mzn-stat: peakDepth=643
%%%mzn-stat: solveTime=123.376668453
%%%mzn-stat: variables=1137
%%%mzn-stat: propagators=2054
%%%mzn-stat: failures=294598
%%%mzn-stat: propagations=75461847
%%%mzn-stat: nogoods=294598
%%%mzn-stat: AverageConflictSize=37.31211685075934
%%%mzn-stat: NumUnitNogoodsLearned=304
%%%mzn-stat: AverageLearnedNogoodLength=59.65571728253416
%%%mzn-stat: AverageBacktrackAmount=0
%%%mzn-stat: AverageLbd=22.301162940685273
%%%mzn-stat-end
maxleg = 372;
succ = array1d(1..50,[31, 12, 6, 9, 22, 11, 27, 3, 8, 42, 15, 13, 21, 34, 7, 18, 4, 29, 20, 24, 44, 26, 43, 10, 40, 16, 41, 30, 37, 36, 28, 47, 1, 49, 14, 50, 2, 45, 17, 38, 25, 23, 32, 33, 48, 35, 39, 5, 19, 46]);
% time elapsed: 128.26 s
----------
%%%mzn-stat: initTime=0.061804638
%%%mzn-stat: objective=371
%%%mzn-stat: nodes=344450
%%%mzn-stat: restarts=11
%%%mzn-stat: peakDepth=643
%%%mzn-stat: solveTime=123.665524049
%%%mzn-stat: variables=1137
%%%mzn-stat: propagators=2054
%%%mzn-stat: failures=295862
%%%mzn-stat: propagations=75793458
%%%mzn-stat: nogoods=295862
%%%mzn-stat: AverageConflictSize=37.19771379900089
%%%mzn-stat: NumUnitNogoodsLearned=304
%%%mzn-stat: AverageLearnedNogoodLength=59.57785724425577
%%%mzn-stat: AverageBacktrackAmount=0
%%%mzn-stat: AverageLbd=22.291128972291137
%%%mzn-stat-end
maxleg = 371;
succ = array1d(1..50,[31, 12, 6, 9, 22, 11, 27, 3, 8, 42, 15, 13, 21, 34, 7, 18, 4, 29, 20, 24, 44, 26, 43, 10, 40, 16, 41, 30, 37, 36, 28, 47, 1, 49, 14, 50, 2, 45, 17, 38, 25, 23, 32, 33, 48, 35, 39, 5, 19, 46]);
% time elapsed: 128.55 s
----------
%%%mzn-stat: initTime=0.061804638
%%%mzn-stat: objective=370
%%%mzn-stat: nodes=346701
%%%mzn-stat: restarts=12
%%%mzn-stat: peakDepth=643
%%%mzn-stat: solveTime=123.907822986
%%%mzn-stat: variables=1137
%%%mzn-stat: propagators=2054
%%%mzn-stat: failures=296739
%%%mzn-stat: propagations=76021630
%%%mzn-stat: nogoods=296739
%%%mzn-stat: AverageConflictSize=37.13535126828627
%%%mzn-stat: NumUnitNogoodsLearned=304
%%%mzn-stat: AverageLearnedNogoodLength=59.55099262314694
%%%mzn-stat: AverageBacktrackAmount=0
%%%mzn-stat: AverageLbd=22.28897785596096
%%%mzn-stat-end
maxleg = 370;
succ = array1d(1..50,[31, 12, 6, 9, 22, 11, 27, 3, 8, 42, 15, 13, 21, 34, 7, 18, 4, 29, 20, 24, 44, 26, 43, 10, 40, 16, 41, 30, 37, 36, 28, 47, 1, 49, 14, 50, 2, 45, 17, 38, 25, 23, 32, 33, 48, 35, 39, 5, 19, 46]);
% time elapsed: 128.80 s
----------
%%%mzn-stat: initTime=0.061804638
%%%mzn-stat: objective=369
%%%mzn-stat: nodes=348689
%%%mzn-stat: restarts=13
%%%mzn-stat: peakDepth=643
%%%mzn-stat: solveTime=124.163491979
%%%mzn-stat: variables=1137
%%%mzn-stat: propagators=2054
%%%mzn-stat: failures=297601
%%%mzn-stat: propagations=76284417
%%%mzn-stat: nogoods=297601
%%%mzn-stat: AverageConflictSize=37.07991236588587
%%%mzn-stat: NumUnitNogoodsLearned=304
%%%mzn-stat: AverageLearnedNogoodLength=59.50454131538537
%%%mzn-stat: AverageBacktrackAmount=0
%%%mzn-stat: AverageLbd=22.29053665814295
%%%mzn-stat-end
maxleg = 369;
succ = array1d(1..50,[31, 12, 6, 9, 22, 11, 27, 3, 8, 42, 15, 13, 21, 34, 7, 18, 4, 29, 20, 24, 44, 26, 43, 10, 40, 16, 41, 30, 37, 36, 28, 47, 1, 49, 14, 50, 2, 45, 17, 38, 25, 23, 32, 33, 48, 35, 39, 5, 19, 46]);
% time elapsed: 129.06 s
----------
%%%mzn-stat: initTime=0.061804638
%%%mzn-stat: objective=368
%%%mzn-stat: nodes=349792
%%%mzn-stat: restarts=14
%%%mzn-stat: peakDepth=643
%%%mzn-stat: solveTime=124.236697256
%%%mzn-stat: variables=1137
%%%mzn-stat: propagators=2054
%%%mzn-stat: failures=297815
%%%mzn-stat: propagations=76351035
%%%mzn-stat: nogoods=297815
%%%mzn-stat: AverageConflictSize=37.06478182764468
%%%mzn-stat: NumUnitNogoodsLearned=304
%%%mzn-stat: AverageLearnedNogoodLength=59.498732434565085
%%%mzn-stat: AverageBacktrackAmount=0
%%%mzn-stat: AverageLbd=22.290858418817052
%%%mzn-stat-end
maxleg = 368;
succ = array1d(1..50,[31, 12, 6, 9, 22, 11, 27, 3, 8, 42, 15, 13, 21, 34, 7, 18, 4, 29, 20, 24, 44, 26, 43, 10, 40, 16, 41, 30, 37, 36, 28, 47, 1, 49, 14, 50, 2, 45, 17, 38, 25, 23, 32, 33, 48, 35, 39, 5, 19, 46]);
% time elapsed: 129.14 s
----------
%%%mzn-stat: initTime=0.061804638
%%%mzn-stat: objective=305
%%%mzn-stat: nodes=351141
%%%mzn-stat: restarts=14
%%%mzn-stat: peakDepth=643
%%%mzn-stat: solveTime=124.365939682
%%%mzn-stat: variables=1137
%%%mzn-stat: propagators=2054
%%%mzn-stat: failures=298415
%%%mzn-stat: propagations=76489054
%%%mzn-stat: nogoods=298415
%%%mzn-stat: AverageConflictSize=37.008642326960775
%%%mzn-stat: NumUnitNogoodsLearned=304
%%%mzn-stat: AverageLearnedNogoodLength=59.45540271098973
%%%mzn-stat: AverageBacktrackAmount=0
%%%mzn-stat: AverageLbd=22.27878625404219
%%%mzn-stat-end
maxleg = 305;
succ = array1d(1..50,[31, 12, 5, 9, 45, 11, 27, 6, 8, 32, 15, 28, 2, 34, 7, 22, 4, 29, 20, 24, 44, 18, 40, 10, 30, 16, 41, 36, 37, 13, 46, 47, 1, 49, 14, 50, 21, 3, 17, 38, 25, 23, 42, 33, 48, 35, 39, 26, 19, 43]);
% time elapsed: 129.27 s
----------
==========
% time elapsed: 129.27 s
%%%mzn-stat: initTime=0.061804638
%%%mzn-stat: objective=305
%%%mzn-stat: nodes=351141
%%%mzn-stat: restarts=14
%%%mzn-stat: peakDepth=643
%%%mzn-stat: solveTime=124.365949323
%%%mzn-stat: variables=1137
%%%mzn-stat: propagators=2054
%%%mzn-stat: failures=298415
%%%mzn-stat: propagations=76489054
%%%mzn-stat: nogoods=298415
%%%mzn-stat: AverageConflictSize=37.008642326960775
%%%mzn-stat: NumUnitNogoodsLearned=304
%%%mzn-stat: AverageLearnedNogoodLength=59.45540271098973
%%%mzn-stat: AverageBacktrackAmount=0
%%%mzn-stat: AverageLbd=22.27878625404219
%%%mzn-stat-end
