% Logging successfully configured
%%%mzn-stat: initTime=0.002901501
%%%mzn-stat: objective=1046
%%%mzn-stat: nodes=118
%%%mzn-stat: restarts=0
%%%mzn-stat: peakDepth=118
%%%mzn-stat: solveTime=0.000484494
%%%mzn-stat: variables=282
%%%mzn-stat: propagators=186
%%%mzn-stat: failures=0
%%%mzn-stat: propagations=628
%%%mzn-stat: nogoods=0
%%%mzn-stat: numAtomicConstraintsPropagated=0
%%%mzn-stat: allDifferentNumber1PropagationsTotal=28
%%%mzn-stat: allDifferentNumber1PropagationsThatFoundConflict=0
%%%mzn-stat: allDifferentNumber1PropagationsThatPruned=15
%%%mzn-stat: allDifferentNumber1TotalValuesPruned=60
%%%mzn-stat: allDifferentNumber1TotalHallSetSizeConflict=0
%%%mzn-stat: allDifferentNumber1NumberOfConflicts=0
%%%mzn-stat: allDifferentNumber1MaxHallSetSizeConflict=0
%%%mzn-stat: allDifferentNumber1TotalPruningHallSetSize=133
%%%mzn-stat: allDifferentNumber1NumberOfPruningExplanations=60
%%%mzn-stat: allDifferentNumber1MaxPruningHallSetSize=14
%%%mzn-stat: allDifferentNumber1TotalFixedEdgesAtConflict=0
%%%mzn-stat: allDifferentNumber1TotalVarsInvolvedInPruning=52
%%%mzn-stat: allDifferentNumber1MaxValuesPrunedFromSingleVar=4
%%%mzn-stat: allDifferentNumber1TotalSccSizeAtPruning=73
%%%mzn-stat: allDifferentNumber1NumberOfSccPruningCalls=15
%%%mzn-stat: circuitNumber2PropagationsThatFoundConflict=0
%%%mzn-stat: circuitNumber2TotalFixedEdgesAtConflict=0
%%%mzn-stat: circuitNumber2NumberOfConflicts=0
%%%mzn-stat: circuitNumber2PropagationsThatPruned=2
%%%mzn-stat: circuitNumber2PropagationsTotal=16
%%%mzn-stat: AverageConflictSize=0
%%%mzn-stat: NumUnitNogoodsLearned=0
%%%mzn-stat: AverageLearnedNogoodLength=0
%%%mzn-stat: AverageBacktrackAmount=0
%%%mzn-stat: AverageLbd=0
%%%mzn-stat: 2AutonomousSearchNumBackupCalled=107
%%%mzn-stat: 2AutonomousSearchNumPredicatesRemoved=0
%%%mzn-stat: 2AutonomousSearchNumCalls=108
%%%mzn-stat: 2AutonomousSearchNumPredicatesAdded=0
%%%mzn-stat: 2AutonomousSearchAverageSizeOfHeap=0
%%%mzn-stat: 2AutonomousSearchNumAssignedPredicatesEncountered=0
%%%mzn-stat-end
maxleg = 1046;
succ = array1d(1..20,[3, 5, 2, 1, 11, 9, 4, 7, 8, 6, 14, 13, 19, 16, 20, 18, 10, 12, 15, 17]);
% time elapsed: 0.43 s
----------
%%%mzn-stat: initTime=0.002901501
%%%mzn-stat: objective=459
%%%mzn-stat: nodes=239
%%%mzn-stat: restarts=0
%%%mzn-stat: peakDepth=122
%%%mzn-stat: solveTime=0.001352354
%%%mzn-stat: variables=282
%%%mzn-stat: propagators=186
%%%mzn-stat: failures=0
%%%mzn-stat: propagations=968
%%%mzn-stat: nogoods=0
%%%mzn-stat: numAtomicConstraintsPropagated=0
%%%mzn-stat: allDifferentNumber1PropagationsTotal=55
%%%mzn-stat: allDifferentNumber1PropagationsThatFoundConflict=0
%%%mzn-stat: allDifferentNumber1PropagationsThatPruned=29
%%%mzn-stat: allDifferentNumber1TotalValuesPruned=115
%%%mzn-stat: allDifferentNumber1TotalHallSetSizeConflict=0
%%%mzn-stat: allDifferentNumber1NumberOfConflicts=0
%%%mzn-stat: allDifferentNumber1MaxHallSetSizeConflict=0
%%%mzn-stat: allDifferentNumber1TotalPruningHallSetSize=283
%%%mzn-stat: allDifferentNumber1NumberOfPruningExplanations=115
%%%mzn-stat: allDifferentNumber1MaxPruningHallSetSize=14
%%%mzn-stat: allDifferentNumber1TotalFixedEdgesAtConflict=0
%%%mzn-stat: allDifferentNumber1TotalVarsInvolvedInPruning=98
%%%mzn-stat: allDifferentNumber1MaxValuesPrunedFromSingleVar=5
%%%mzn-stat: allDifferentNumber1TotalSccSizeAtPruning=158
%%%mzn-stat: allDifferentNumber1NumberOfSccPruningCalls=29
%%%mzn-stat: circuitNumber2PropagationsThatFoundConflict=0
%%%mzn-stat: circuitNumber2TotalFixedEdgesAtConflict=0
%%%mzn-stat: circuitNumber2NumberOfConflicts=0
%%%mzn-stat: circuitNumber2PropagationsThatPruned=4
%%%mzn-stat: circuitNumber2PropagationsTotal=31
%%%mzn-stat: AverageConflictSize=0
%%%mzn-stat: NumUnitNogoodsLearned=0
%%%mzn-stat: AverageLearnedNogoodLength=0
%%%mzn-stat: AverageBacktrackAmount=0
%%%mzn-stat: AverageLbd=0
%%%mzn-stat: 2AutonomousSearchNumBackupCalled=216
%%%mzn-stat: 2AutonomousSearchNumPredicatesRemoved=0
%%%mzn-stat: 2AutonomousSearchNumCalls=218
%%%mzn-stat: 2AutonomousSearchNumPredicatesAdded=0
%%%mzn-stat: 2AutonomousSearchAverageSizeOfHeap=0
%%%mzn-stat: 2AutonomousSearchNumAssignedPredicatesEncountered=0
%%%mzn-stat-end
maxleg = 459;
succ = array1d(1..20,[3, 5, 2, 1, 11, 9, 4, 7, 8, 6, 17, 13, 14, 16, 19, 18, 20, 10, 12, 15]);
% time elapsed: 0.43 s
----------
%%%mzn-stat: initTime=0.002901501
%%%mzn-stat: objective=404
%%%mzn-stat: nodes=350
%%%mzn-stat: restarts=0
%%%mzn-stat: peakDepth=122
%%%mzn-stat: solveTime=0.00193275
%%%mzn-stat: variables=282
%%%mzn-stat: propagators=186
%%%mzn-stat: failures=1
%%%mzn-stat: propagations=1336
%%%mzn-stat: nogoods=1
%%%mzn-stat: numAtomicConstraintsPropagated=0
%%%mzn-stat: allDifferentNumber1PropagationsTotal=88
%%%mzn-stat: allDifferentNumber1PropagationsThatFoundConflict=0
%%%mzn-stat: allDifferentNumber1PropagationsThatPruned=46
%%%mzn-stat: allDifferentNumber1TotalValuesPruned=172
%%%mzn-stat: allDifferentNumber1TotalHallSetSizeConflict=0
%%%mzn-stat: allDifferentNumber1NumberOfConflicts=0
%%%mzn-stat: allDifferentNumber1MaxHallSetSizeConflict=0
%%%mzn-stat: allDifferentNumber1TotalPruningHallSetSize=419
%%%mzn-stat: allDifferentNumber1NumberOfPruningExplanations=172
%%%mzn-stat: allDifferentNumber1MaxPruningHallSetSize=14
%%%mzn-stat: allDifferentNumber1TotalFixedEdgesAtConflict=0
%%%mzn-stat: allDifferentNumber1TotalVarsInvolvedInPruning=146
%%%mzn-stat: allDifferentNumber1MaxValuesPrunedFromSingleVar=5
%%%mzn-stat: allDifferentNumber1TotalSccSizeAtPruning=240
%%%mzn-stat: allDifferentNumber1NumberOfSccPruningCalls=46
%%%mzn-stat: circuitNumber2PropagationsThatFoundConflict=1
%%%mzn-stat: circuitNumber2TotalFixedEdgesAtConflict=13
%%%mzn-stat: circuitNumber2NumberOfConflicts=1
%%%mzn-stat: circuitNumber2PropagationsThatPruned=5
%%%mzn-stat: circuitNumber2PropagationsTotal=48
%%%mzn-stat: AverageConflictSize=2
%%%mzn-stat: NumUnitNogoodsLearned=0
%%%mzn-stat: AverageLearnedNogoodLength=9
%%%mzn-stat: AverageBacktrackAmount=0
%%%mzn-stat: AverageLbd=5
%%%mzn-stat: 2AutonomousSearchNumBackupCalled=313
%%%mzn-stat: 2AutonomousSearchNumPredicatesRemoved=0
%%%mzn-stat: 2AutonomousSearchNumCalls=316
%%%mzn-stat: 2AutonomousSearchNumPredicatesAdded=38
%%%mzn-stat: 2AutonomousSearchAverageSizeOfHeap=0.12025316455696203
%%%mzn-stat: 2AutonomousSearchNumAssignedPredicatesEncountered=38
%%%mzn-stat-end
maxleg = 404;
succ = array1d(1..20,[3, 5, 2, 1, 11, 9, 4, 7, 8, 16, 14, 13, 15, 19, 20, 18, 10, 6, 12, 17]);
% time elapsed: 0.43 s
----------
%%%mzn-stat: initTime=0.002901501
%%%mzn-stat: objective=362
%%%mzn-stat: nodes=451
%%%mzn-stat: restarts=0
%%%mzn-stat: peakDepth=122
%%%mzn-stat: solveTime=0.002396937
%%%mzn-stat: variables=282
%%%mzn-stat: propagators=186
%%%mzn-stat: failures=1
%%%mzn-stat: propagations=1690
%%%mzn-stat: nogoods=1
%%%mzn-stat: numAtomicConstraintsPropagated=0
%%%mzn-stat: allDifferentNumber1PropagationsTotal=118
%%%mzn-stat: allDifferentNumber1PropagationsThatFoundConflict=0
%%%mzn-stat: allDifferentNumber1PropagationsThatPruned=62
%%%mzn-stat: allDifferentNumber1TotalValuesPruned=219
%%%mzn-stat: allDifferentNumber1TotalHallSetSizeConflict=0
%%%mzn-stat: allDifferentNumber1NumberOfConflicts=0
%%%mzn-stat: allDifferentNumber1MaxHallSetSizeConflict=0
%%%mzn-stat: allDifferentNumber1TotalPruningHallSetSize=541
%%%mzn-stat: allDifferentNumber1NumberOfPruningExplanations=219
%%%mzn-stat: allDifferentNumber1MaxPruningHallSetSize=14
%%%mzn-stat: allDifferentNumber1TotalFixedEdgesAtConflict=0
%%%mzn-stat: allDifferentNumber1TotalVarsInvolvedInPruning=187
%%%mzn-stat: allDifferentNumber1MaxValuesPrunedFromSingleVar=5
%%%mzn-stat: allDifferentNumber1TotalSccSizeAtPruning=322
%%%mzn-stat: allDifferentNumber1NumberOfSccPruningCalls=62
%%%mzn-stat: circuitNumber2PropagationsThatFoundConflict=1
%%%mzn-stat: circuitNumber2TotalFixedEdgesAtConflict=13
%%%mzn-stat: circuitNumber2NumberOfConflicts=1
%%%mzn-stat: circuitNumber2PropagationsThatPruned=7
%%%mzn-stat: circuitNumber2PropagationsTotal=64
%%%mzn-stat: AverageConflictSize=2
%%%mzn-stat: NumUnitNogoodsLearned=0
%%%mzn-stat: AverageLearnedNogoodLength=9
%%%mzn-stat: AverageBacktrackAmount=0
%%%mzn-stat: AverageLbd=5
%%%mzn-stat: 2AutonomousSearchNumBackupCalled=402
%%%mzn-stat: 2AutonomousSearchNumPredicatesRemoved=0
%%%mzn-stat: 2AutonomousSearchNumCalls=406
%%%mzn-stat: 2AutonomousSearchNumPredicatesAdded=38
%%%mzn-stat: 2AutonomousSearchAverageSizeOfHeap=0.18719211822660098
%%%mzn-stat: 2AutonomousSearchNumAssignedPredicatesEncountered=76
%%%mzn-stat-end
maxleg = 362;
succ = array1d(1..20,[3, 5, 2, 1, 11, 9, 4, 7, 8, 16, 14, 13, 19, 12, 20, 18, 10, 6, 15, 17]);
% time elapsed: 0.43 s
----------
%%%mzn-stat: initTime=0.002901501
%%%mzn-stat: objective=356
%%%mzn-stat: nodes=540
%%%mzn-stat: restarts=0
%%%mzn-stat: peakDepth=122
%%%mzn-stat: solveTime=0.002794206
%%%mzn-stat: variables=282
%%%mzn-stat: propagators=186
%%%mzn-stat: failures=1
%%%mzn-stat: propagations=2048
%%%mzn-stat: nogoods=1
%%%mzn-stat: numAtomicConstraintsPropagated=0
%%%mzn-stat: allDifferentNumber1PropagationsTotal=145
%%%mzn-stat: allDifferentNumber1PropagationsThatFoundConflict=0
%%%mzn-stat: allDifferentNumber1PropagationsThatPruned=76
%%%mzn-stat: allDifferentNumber1TotalValuesPruned=264
%%%mzn-stat: allDifferentNumber1TotalHallSetSizeConflict=0
%%%mzn-stat: allDifferentNumber1NumberOfConflicts=0
%%%mzn-stat: allDifferentNumber1MaxHallSetSizeConflict=0
%%%mzn-stat: allDifferentNumber1TotalPruningHallSetSize=643
%%%mzn-stat: allDifferentNumber1NumberOfPruningExplanations=264
%%%mzn-stat: allDifferentNumber1MaxPruningHallSetSize=14
%%%mzn-stat: allDifferentNumber1TotalFixedEdgesAtConflict=0
%%%mzn-stat: allDifferentNumber1TotalVarsInvolvedInPruning=228
%%%mzn-stat: allDifferentNumber1MaxValuesPrunedFromSingleVar=5
%%%mzn-stat: allDifferentNumber1TotalSccSizeAtPruning=384
%%%mzn-stat: allDifferentNumber1NumberOfSccPruningCalls=76
%%%mzn-stat: circuitNumber2PropagationsThatFoundConflict=1
%%%mzn-stat: circuitNumber2TotalFixedEdgesAtConflict=13
%%%mzn-stat: circuitNumber2NumberOfConflicts=1
%%%mzn-stat: circuitNumber2PropagationsThatPruned=9
%%%mzn-stat: circuitNumber2PropagationsTotal=79
%%%mzn-stat: AverageConflictSize=2
%%%mzn-stat: NumUnitNogoodsLearned=0
%%%mzn-stat: AverageLearnedNogoodLength=9
%%%mzn-stat: AverageBacktrackAmount=0
%%%mzn-stat: AverageLbd=5
%%%mzn-stat: 2AutonomousSearchNumBackupCalled=480
%%%mzn-stat: 2AutonomousSearchNumPredicatesRemoved=0
%%%mzn-stat: 2AutonomousSearchNumCalls=485
%%%mzn-stat: 2AutonomousSearchNumPredicatesAdded=38
%%%mzn-stat: 2AutonomousSearchAverageSizeOfHeap=0.23505154639175257
%%%mzn-stat: 2AutonomousSearchNumAssignedPredicatesEncountered=114
%%%mzn-stat-end
maxleg = 356;
succ = array1d(1..20,[3, 5, 2, 1, 11, 9, 4, 7, 8, 16, 14, 15, 12, 19, 20, 18, 10, 6, 13, 17]);
% time elapsed: 0.43 s
----------
==========
% time elapsed: 0.97 s
%%%mzn-stat: initTime=0.002901501
%%%mzn-stat: objective=356
%%%mzn-stat: nodes=3812
%%%mzn-stat: restarts=0
%%%mzn-stat: peakDepth=122
%%%mzn-stat: solveTime=0.54949665
%%%mzn-stat: variables=282
%%%mzn-stat: propagators=186
%%%mzn-stat: failures=3246
%%%mzn-stat: propagations=164452
%%%mzn-stat: nogoods=3246
%%%mzn-stat: numAtomicConstraintsPropagated=0
%%%mzn-stat: allDifferentNumber1PropagationsTotal=17252
%%%mzn-stat: allDifferentNumber1PropagationsThatFoundConflict=33
%%%mzn-stat: allDifferentNumber1PropagationsThatPruned=11783
%%%mzn-stat: allDifferentNumber1TotalValuesPruned=31496
%%%mzn-stat: allDifferentNumber1TotalHallSetSizeConflict=93
%%%mzn-stat: allDifferentNumber1NumberOfConflicts=33
%%%mzn-stat: allDifferentNumber1MaxHallSetSizeConflict=9
%%%mzn-stat: allDifferentNumber1TotalPruningHallSetSize=69193
%%%mzn-stat: allDifferentNumber1NumberOfPruningExplanations=31496
%%%mzn-stat: allDifferentNumber1MaxPruningHallSetSize=17
%%%mzn-stat: allDifferentNumber1TotalFixedEdgesAtConflict=521
%%%mzn-stat: allDifferentNumber1TotalVarsInvolvedInPruning=25645
%%%mzn-stat: allDifferentNumber1MaxValuesPrunedFromSingleVar=5
%%%mzn-stat: allDifferentNumber1TotalSccSizeAtPruning=46885
%%%mzn-stat: allDifferentNumber1NumberOfSccPruningCalls=11783
%%%mzn-stat: circuitNumber2PropagationsThatFoundConflict=2995
%%%mzn-stat: circuitNumber2TotalFixedEdgesAtConflict=52748
%%%mzn-stat: circuitNumber2NumberOfConflicts=2995
%%%mzn-stat: circuitNumber2PropagationsThatPruned=3876
%%%mzn-stat: circuitNumber2PropagationsTotal=11465
%%%mzn-stat: AverageConflictSize=13.822242760320394
%%%mzn-stat: NumUnitNogoodsLearned=1
%%%mzn-stat: AverageLearnedNogoodLength=27.297288971041283
%%%mzn-stat: AverageBacktrackAmount=0
%%%mzn-stat: AverageLbd=6.499691928527418
%%%mzn-stat: 2AutonomousSearchNumBackupCalled=480
%%%mzn-stat: 2AutonomousSearchNumPredicatesRemoved=0
%%%mzn-stat: 2AutonomousSearchNumCalls=485
%%%mzn-stat: 2AutonomousSearchNumPredicatesAdded=797
%%%mzn-stat: 2AutonomousSearchAverageSizeOfHeap=0.23505154639175257
%%%mzn-stat: 2AutonomousSearchNumAssignedPredicatesEncountered=114
%%%mzn-stat-end
