%%%mzn-stat: initTime=0.017372438
%%%mzn-stat: objective=259
%%%mzn-stat: nodes=18452
%%%mzn-stat: restarts=0
%%%mzn-stat: peakDepth=504
%%%mzn-stat: solveTime=1.572917725
%%%mzn-stat: variables=1592
%%%mzn-stat: propagators=1214
%%%mzn-stat: failures=4027
%%%mzn-stat: propagations=453086
%%%mzn-stat: nogoods=4027
%%%mzn-stat: AverageConflictSize=41.42835857958778
%%%mzn-stat: NumUnitNogoodsLearned=258
%%%mzn-stat: AverageLearnedNogoodLength=72.89520735038491
%%%mzn-stat: AverageBacktrackAmount=0
%%%mzn-stat: AverageLbd=15.756890985845542
%%%mzn-stat-end
maxleg = 259;
succ = array1d(1..50,[28, 29, 22, 25, 24, 38, 27, 14, 42, 37, 49, 11, 34, 15, 33, 20, 18, 30, 43, 21, 48, 36, 16, 40, 41, 23, 35, 45, 31, 5, 10, 13, 7, 3, 19, 6, 44, 12, 2, 8, 26, 46, 32, 47, 39, 4, 9, 17, 50, 1]);
% time elapsed: 2.92 s
----------
==========
% time elapsed: 2.92 s
%%%mzn-stat: initTime=0.017372438
%%%mzn-stat: objective=259
%%%mzn-stat: nodes=18452
%%%mzn-stat: restarts=0
%%%mzn-stat: peakDepth=504
%%%mzn-stat: solveTime=1.572922384
%%%mzn-stat: variables=1592
%%%mzn-stat: propagators=1214
%%%mzn-stat: failures=4027
%%%mzn-stat: propagations=453086
%%%mzn-stat: nogoods=4027
%%%mzn-stat: AverageConflictSize=41.42835857958778
%%%mzn-stat: NumUnitNogoodsLearned=258
%%%mzn-stat: AverageLearnedNogoodLength=72.89520735038491
%%%mzn-stat: AverageBacktrackAmount=0
%%%mzn-stat: AverageLbd=15.756890985845542
%%%mzn-stat-end
