%%%mzn-stat: initTime=0.003188834
%%%mzn-stat: objective=402
%%%mzn-stat: nodes=7415
%%%mzn-stat: restarts=0
%%%mzn-stat: peakDepth=109
%%%mzn-stat: solveTime=0.598382376
%%%mzn-stat: variables=288
%%%mzn-stat: propagators=378
%%%mzn-stat: failures=6188
%%%mzn-stat: propagations=754723
%%%mzn-stat: nogoods=6188
%%%mzn-stat: AverageConflictSize=7.128312863606982
%%%mzn-stat: NumUnitNogoodsLearned=401
%%%mzn-stat: AverageLearnedNogoodLength=17.506948933419523
%%%mzn-stat: AverageBacktrackAmount=0
%%%mzn-stat: AverageLbd=6.860374919198448
%%%mzn-stat-end
maxleg = 402;
succ = array1d(1..20,[7, 3, 15, 8, 18, 11, 20, 14, 5, 1, 17, 10, 16, 9, 12, 2, 13, 19, 6, 4]);
% time elapsed: 0.98 s
----------
==========
% time elapsed: 0.98 s
%%%mzn-stat: initTime=0.003188834
%%%mzn-stat: objective=402
%%%mzn-stat: nodes=7415
%%%mzn-stat: restarts=0
%%%mzn-stat: peakDepth=109
%%%mzn-stat: solveTime=0.598385783
%%%mzn-stat: variables=288
%%%mzn-stat: propagators=378
%%%mzn-stat: failures=6188
%%%mzn-stat: propagations=754723
%%%mzn-stat: nogoods=6188
%%%mzn-stat: AverageConflictSize=7.128312863606982
%%%mzn-stat: NumUnitNogoodsLearned=401
%%%mzn-stat: AverageLearnedNogoodLength=17.506948933419523
%%%mzn-stat: AverageBacktrackAmount=0
%%%mzn-stat: AverageLbd=6.860374919198448
%%%mzn-stat-end
