% Logging successfully configured
%%%mzn-stat: initTime=0.042961442
%%%mzn-stat: objective=472
%%%mzn-stat: nodes=1142
%%%mzn-stat: restarts=0
%%%mzn-stat: peakDepth=1136
%%%mzn-stat: solveTime=0.016850021
%%%mzn-stat: variables=1817
%%%mzn-stat: propagators=1449
%%%mzn-stat: failures=2
%%%mzn-stat: propagations=5206
%%%mzn-stat: nogoods=2
%%%mzn-stat: numAtomicConstraintsPropagated=0
%%%mzn-stat: allDifferentNumber1PropagationsTotal=179
%%%mzn-stat: allDifferentNumber1PropagationsThatFoundConflict=0
%%%mzn-stat: allDifferentNumber1PropagationsThatPruned=92
%%%mzn-stat: allDifferentNumber1TotalValuesPruned=589
%%%mzn-stat: allDifferentNumber1TotalHallSetSizeConflict=0
%%%mzn-stat: allDifferentNumber1NumberOfConflicts=0
%%%mzn-stat: allDifferentNumber1MaxHallSetSizeConflict=0
%%%mzn-stat: allDifferentNumber1TotalPruningHallSetSize=1126
%%%mzn-stat: allDifferentNumber1NumberOfPruningExplanations=589
%%%mzn-stat: allDifferentNumber1MaxPruningHallSetSize=48
%%%mzn-stat: allDifferentNumber1TotalFixedEdgesAtConflict=0
%%%mzn-stat: allDifferentNumber1TotalVarsInvolvedInPruning=573
%%%mzn-stat: allDifferentNumber1MaxValuesPrunedFromSingleVar=4
%%%mzn-stat: allDifferentNumber1TotalSccSizeAtPruning=378
%%%mzn-stat: allDifferentNumber1NumberOfSccPruningCalls=92
%%%mzn-stat: circuitNumber2PropagationsThatFoundConflict=2
%%%mzn-stat: circuitNumber2TotalFixedEdgesAtConflict=177
%%%mzn-stat: circuitNumber2NumberOfConflicts=2
%%%mzn-stat: circuitNumber2PropagationsThatPruned=5
%%%mzn-stat: circuitNumber2PropagationsTotal=94
%%%mzn-stat: AverageConflictSize=4
%%%mzn-stat: NumUnitNogoodsLearned=0
%%%mzn-stat: AverageLearnedNogoodLength=7
%%%mzn-stat: AverageBacktrackAmount=0
%%%mzn-stat: AverageLbd=4
%%%mzn-stat: 2AutonomousSearchNumBackupCalled=1056
%%%mzn-stat: 2AutonomousSearchNumPredicatesRemoved=0
%%%mzn-stat: 2AutonomousSearchNumCalls=1057
%%%mzn-stat: 2AutonomousSearchNumPredicatesAdded=149
%%%mzn-stat: 2AutonomousSearchAverageSizeOfHeap=0.14096499526963102
%%%mzn-stat: 2AutonomousSearchNumAssignedPredicatesEncountered=149
%%%mzn-stat-end
maxleg = 472;
succ = array1d(1..100,[3, 4, 10, 8, 11, 27, 16, 9, 19, 25, 7, 15, 5, 38, 23, 18, 1, 32, 37, 13, 30, 31, 22, 28, 40, 51, 35, 12, 17, 41, 21, 26, 2, 50, 36, 20, 44, 34, 14, 6, 56, 45, 46, 76, 53, 59, 43, 29, 48, 54, 42, 57, 65, 60, 49, 72, 58, 77, 66, 24, 63, 33, 68, 70, 75, 55, 62, 90, 39, 69, 85, 80, 47, 82, 71, 79, 87, 97, 93, 61, 52, 73, 86, 89, 64, 78, 96, 67, 83, 92, 84, 98, 91, 88, 99, 95, 100, 81, 94, 74]);
% time elapsed: 1.24 s
----------
%%%mzn-stat: initTime=0.042961442
%%%mzn-stat: objective=284
%%%mzn-stat: nodes=2808
%%%mzn-stat: restarts=0
%%%mzn-stat: peakDepth=1136
%%%mzn-stat: solveTime=0.177734745
%%%mzn-stat: variables=1817
%%%mzn-stat: propagators=1449
%%%mzn-stat: failures=183
%%%mzn-stat: propagations=14201
%%%mzn-stat: nogoods=183
%%%mzn-stat: numAtomicConstraintsPropagated=0
%%%mzn-stat: allDifferentNumber1PropagationsTotal=1641
%%%mzn-stat: allDifferentNumber1PropagationsThatFoundConflict=0
%%%mzn-stat: allDifferentNumber1PropagationsThatPruned=902
%%%mzn-stat: allDifferentNumber1TotalValuesPruned=3625
%%%mzn-stat: allDifferentNumber1TotalHallSetSizeConflict=0
%%%mzn-stat: allDifferentNumber1NumberOfConflicts=0
%%%mzn-stat: allDifferentNumber1MaxHallSetSizeConflict=0
%%%mzn-stat: allDifferentNumber1TotalPruningHallSetSize=11620
%%%mzn-stat: allDifferentNumber1NumberOfPruningExplanations=3625
%%%mzn-stat: allDifferentNumber1MaxPruningHallSetSize=48
%%%mzn-stat: allDifferentNumber1TotalFixedEdgesAtConflict=0
%%%mzn-stat: allDifferentNumber1TotalVarsInvolvedInPruning=3313
%%%mzn-stat: allDifferentNumber1MaxValuesPrunedFromSingleVar=4
%%%mzn-stat: allDifferentNumber1TotalSccSizeAtPruning=6272
%%%mzn-stat: allDifferentNumber1NumberOfSccPruningCalls=902
%%%mzn-stat: circuitNumber2PropagationsThatFoundConflict=182
%%%mzn-stat: circuitNumber2TotalFixedEdgesAtConflict=15823
%%%mzn-stat: circuitNumber2NumberOfConflicts=182
%%%mzn-stat: circuitNumber2PropagationsThatPruned=17
%%%mzn-stat: circuitNumber2PropagationsTotal=903
%%%mzn-stat: AverageConflictSize=43.295081967213115
%%%mzn-stat: NumUnitNogoodsLearned=0
%%%mzn-stat: AverageLearnedNogoodLength=43.77049180327869
%%%mzn-stat: AverageBacktrackAmount=0
%%%mzn-stat: AverageLbd=35.42622950819672
%%%mzn-stat: 2AutonomousSearchNumBackupCalled=2083
%%%mzn-stat: 2AutonomousSearchNumPredicatesRemoved=0
%%%mzn-stat: 2AutonomousSearchNumCalls=2085
%%%mzn-stat: 2AutonomousSearchNumPredicatesAdded=1358
%%%mzn-stat: 2AutonomousSearchAverageSizeOfHeap=0.6513189448441247
%%%mzn-stat: 2AutonomousSearchNumAssignedPredicatesEncountered=1358
%%%mzn-stat-end
maxleg = 284;
succ = array1d(1..100,[3, 4, 10, 8, 11, 27, 16, 9, 19, 25, 7, 15, 5, 38, 23, 18, 1, 32, 37, 13, 30, 31, 22, 28, 40, 51, 35, 12, 17, 41, 21, 26, 2, 50, 36, 20, 44, 34, 24, 6, 56, 45, 46, 76, 53, 59, 43, 29, 48, 54, 42, 14, 65, 60, 49, 72, 52, 57, 66, 33, 63, 39, 68, 78, 75, 84, 88, 90, 70, 64, 85, 94, 47, 82, 71, 55, 58, 97, 77, 61, 87, 73, 86, 89, 69, 62, 92, 96, 91, 81, 93, 98, 83, 67, 99, 95, 100, 79, 80, 74]);
% time elapsed: 1.39 s
----------
%%%mzn-stat: initTime=0.042961442
%%%mzn-stat: objective=279
%%%mzn-stat: nodes=3950
%%%mzn-stat: restarts=0
%%%mzn-stat: peakDepth=1136
%%%mzn-stat: solveTime=0.197353089
%%%mzn-stat: variables=1817
%%%mzn-stat: propagators=1449
%%%mzn-stat: failures=186
%%%mzn-stat: propagations=16985
%%%mzn-stat: nogoods=186
%%%mzn-stat: numAtomicConstraintsPropagated=0
%%%mzn-stat: allDifferentNumber1PropagationsTotal=1855
%%%mzn-stat: allDifferentNumber1PropagationsThatFoundConflict=0
%%%mzn-stat: allDifferentNumber1PropagationsThatPruned=1013
%%%mzn-stat: allDifferentNumber1TotalValuesPruned=4288
%%%mzn-stat: allDifferentNumber1TotalHallSetSizeConflict=0
%%%mzn-stat: allDifferentNumber1NumberOfConflicts=0
%%%mzn-stat: allDifferentNumber1MaxHallSetSizeConflict=0
%%%mzn-stat: allDifferentNumber1TotalPruningHallSetSize=13006
%%%mzn-stat: allDifferentNumber1NumberOfPruningExplanations=4288
%%%mzn-stat: allDifferentNumber1MaxPruningHallSetSize=48
%%%mzn-stat: allDifferentNumber1TotalFixedEdgesAtConflict=0
%%%mzn-stat: allDifferentNumber1TotalVarsInvolvedInPruning=3945
%%%mzn-stat: allDifferentNumber1MaxValuesPrunedFromSingleVar=4
%%%mzn-stat: allDifferentNumber1TotalSccSizeAtPruning=6722
%%%mzn-stat: allDifferentNumber1NumberOfSccPruningCalls=1013
%%%mzn-stat: circuitNumber2PropagationsThatFoundConflict=185
%%%mzn-stat: circuitNumber2TotalFixedEdgesAtConflict=16028
%%%mzn-stat: circuitNumber2NumberOfConflicts=185
%%%mzn-stat: circuitNumber2PropagationsThatPruned=25
%%%mzn-stat: circuitNumber2PropagationsTotal=1015
%%%mzn-stat: AverageConflictSize=42.666666666666664
%%%mzn-stat: NumUnitNogoodsLearned=0
%%%mzn-stat: AverageLearnedNogoodLength=43.18817204301075
%%%mzn-stat: AverageBacktrackAmount=0
%%%mzn-stat: AverageLbd=34.91935483870968
%%%mzn-stat: 2AutonomousSearchNumBackupCalled=3125
%%%mzn-stat: 2AutonomousSearchNumPredicatesRemoved=0
%%%mzn-stat: 2AutonomousSearchNumCalls=3128
%%%mzn-stat: 2AutonomousSearchNumPredicatesAdded=1517
%%%mzn-stat: 2AutonomousSearchAverageSizeOfHeap=0.8369565217391305
%%%mzn-stat: 2AutonomousSearchNumAssignedPredicatesEncountered=2618
%%%mzn-stat-end
maxleg = 279;
succ = array1d(1..100,[3, 4, 10, 8, 11, 27, 16, 9, 19, 25, 7, 15, 5, 38, 23, 18, 1, 32, 37, 13, 30, 31, 22, 28, 40, 51, 35, 12, 17, 41, 21, 26, 2, 50, 36, 20, 44, 34, 24, 6, 72, 45, 46, 76, 53, 59, 43, 29, 48, 54, 42, 14, 69, 60, 49, 99, 52, 57, 66, 33, 63, 39, 68, 85, 56, 55, 62, 90, 70, 64, 75, 80, 47, 82, 65, 79, 58, 97, 93, 61, 87, 73, 86, 89, 71, 78, 77, 67, 83, 92, 84, 98, 91, 88, 96, 94, 100, 81, 95, 74]);
% time elapsed: 1.41 s
----------
%%%mzn-stat: initTime=0.042961442
%%%mzn-stat: objective=263
%%%mzn-stat: nodes=5074
%%%mzn-stat: restarts=0
%%%mzn-stat: peakDepth=1136
%%%mzn-stat: solveTime=0.213392667
%%%mzn-stat: variables=1817
%%%mzn-stat: propagators=1449
%%%mzn-stat: failures=187
%%%mzn-stat: propagations=19596
%%%mzn-stat: nogoods=187
%%%mzn-stat: numAtomicConstraintsPropagated=0
%%%mzn-stat: allDifferentNumber1PropagationsTotal=2018
%%%mzn-stat: allDifferentNumber1PropagationsThatFoundConflict=0
%%%mzn-stat: allDifferentNumber1PropagationsThatPruned=1096
%%%mzn-stat: allDifferentNumber1TotalValuesPruned=4850
%%%mzn-stat: allDifferentNumber1TotalHallSetSizeConflict=0
%%%mzn-stat: allDifferentNumber1NumberOfConflicts=0
%%%mzn-stat: allDifferentNumber1MaxHallSetSizeConflict=0
%%%mzn-stat: allDifferentNumber1TotalPruningHallSetSize=14185
%%%mzn-stat: allDifferentNumber1NumberOfPruningExplanations=4850
%%%mzn-stat: allDifferentNumber1MaxPruningHallSetSize=48
%%%mzn-stat: allDifferentNumber1TotalFixedEdgesAtConflict=0
%%%mzn-stat: allDifferentNumber1TotalVarsInvolvedInPruning=4483
%%%mzn-stat: allDifferentNumber1MaxValuesPrunedFromSingleVar=4
%%%mzn-stat: allDifferentNumber1TotalSccSizeAtPruning=7043
%%%mzn-stat: allDifferentNumber1NumberOfSccPruningCalls=1096
%%%mzn-stat: circuitNumber2PropagationsThatFoundConflict=186
%%%mzn-stat: circuitNumber2TotalFixedEdgesAtConflict=16087
%%%mzn-stat: circuitNumber2NumberOfConflicts=186
%%%mzn-stat: circuitNumber2PropagationsThatPruned=29
%%%mzn-stat: circuitNumber2PropagationsTotal=1099
%%%mzn-stat: AverageConflictSize=42.45454545454545
%%%mzn-stat: NumUnitNogoodsLearned=0
%%%mzn-stat: AverageLearnedNogoodLength=42.99465240641711
%%%mzn-stat: AverageBacktrackAmount=0
%%%mzn-stat: AverageLbd=34.75401069518717
%%%mzn-stat: 2AutonomousSearchNumBackupCalled=4170
%%%mzn-stat: 2AutonomousSearchNumPredicatesRemoved=0
%%%mzn-stat: 2AutonomousSearchNumCalls=4174
%%%mzn-stat: 2AutonomousSearchNumPredicatesAdded=1574
%%%mzn-stat: 2AutonomousSearchAverageSizeOfHeap=0.9290848107331098
%%%mzn-stat: 2AutonomousSearchNumAssignedPredicatesEncountered=3878
%%%mzn-stat-end
maxleg = 263;
succ = array1d(1..100,[3, 4, 10, 8, 11, 27, 16, 9, 19, 25, 7, 15, 5, 38, 23, 18, 1, 32, 37, 13, 30, 31, 22, 28, 40, 51, 35, 12, 17, 41, 21, 26, 2, 50, 36, 20, 44, 34, 24, 6, 72, 45, 46, 76, 53, 59, 43, 29, 48, 54, 42, 14, 70, 60, 49, 99, 52, 57, 66, 33, 63, 39, 68, 85, 56, 55, 62, 90, 71, 64, 75, 80, 47, 82, 65, 79, 58, 97, 93, 61, 87, 73, 86, 89, 69, 78, 77, 67, 83, 92, 84, 98, 91, 88, 96, 94, 100, 81, 95, 74]);
% time elapsed: 1.43 s
----------
%%%mzn-stat: initTime=0.042961442
%%%mzn-stat: objective=262
%%%mzn-stat: nodes=15084
%%%mzn-stat: restarts=0
%%%mzn-stat: peakDepth=1136
%%%mzn-stat: solveTime=10.538556167
%%%mzn-stat: variables=1817
%%%mzn-stat: propagators=1449
%%%mzn-stat: failures=7629
%%%mzn-stat: propagations=367253
%%%mzn-stat: nogoods=7629
%%%mzn-stat: numAtomicConstraintsPropagated=0
%%%mzn-stat: allDifferentNumber1PropagationsTotal=42391
%%%mzn-stat: allDifferentNumber1PropagationsThatFoundConflict=16
%%%mzn-stat: allDifferentNumber1PropagationsThatPruned=28434
%%%mzn-stat: allDifferentNumber1TotalValuesPruned=106090
%%%mzn-stat: allDifferentNumber1TotalHallSetSizeConflict=71
%%%mzn-stat: allDifferentNumber1NumberOfConflicts=16
%%%mzn-stat: allDifferentNumber1MaxHallSetSizeConflict=14
%%%mzn-stat: allDifferentNumber1TotalPruningHallSetSize=353911
%%%mzn-stat: allDifferentNumber1NumberOfPruningExplanations=106090
%%%mzn-stat: allDifferentNumber1MaxPruningHallSetSize=48
%%%mzn-stat: allDifferentNumber1TotalFixedEdgesAtConflict=1384
%%%mzn-stat: allDifferentNumber1TotalVarsInvolvedInPruning=86307
%%%mzn-stat: allDifferentNumber1MaxValuesPrunedFromSingleVar=5
%%%mzn-stat: allDifferentNumber1TotalSccSizeAtPruning=179495
%%%mzn-stat: allDifferentNumber1NumberOfSccPruningCalls=28434
%%%mzn-stat: circuitNumber2PropagationsThatFoundConflict=7338
%%%mzn-stat: circuitNumber2TotalFixedEdgesAtConflict=669794
%%%mzn-stat: circuitNumber2NumberOfConflicts=7338
%%%mzn-stat: circuitNumber2PropagationsThatPruned=8809
%%%mzn-stat: circuitNumber2PropagationsTotal=28056
%%%mzn-stat: AverageConflictSize=76.06514615283785
%%%mzn-stat: NumUnitNogoodsLearned=0
%%%mzn-stat: AverageLearnedNogoodLength=93.68973653165553
%%%mzn-stat: AverageBacktrackAmount=0
%%%mzn-stat: AverageLbd=66.30357845064884
%%%mzn-stat: 2AutonomousSearchNumBackupCalled=5226
%%%mzn-stat: 2AutonomousSearchNumPredicatesRemoved=0
%%%mzn-stat: 2AutonomousSearchNumCalls=5231
%%%mzn-stat: 2AutonomousSearchNumPredicatesAdded=4005
%%%mzn-stat: 2AutonomousSearchAverageSizeOfHeap=1.2582680175874594
%%%mzn-stat: 2AutonomousSearchNumAssignedPredicatesEncountered=6582
%%%mzn-stat-end
maxleg = 262;
succ = array1d(1..100,[3, 4, 10, 8, 11, 27, 16, 9, 19, 25, 7, 15, 5, 38, 23, 18, 1, 32, 37, 13, 30, 31, 28, 33, 40, 51, 35, 24, 17, 22, 39, 26, 2, 12, 36, 20, 44, 34, 60, 6, 21, 45, 46, 76, 53, 59, 43, 29, 48, 14, 56, 57, 65, 50, 49, 75, 58, 77, 66, 54, 63, 86, 68, 42, 41, 55, 62, 92, 85, 64, 69, 80, 47, 82, 71, 91, 87, 97, 98, 99, 90, 73, 93, 89, 70, 78, 96, 67, 83, 61, 84, 52, 79, 72, 88, 94, 100, 81, 95, 74]);
% time elapsed: 11.76 s
----------
%%%mzn-stat: initTime=0.042961442
%%%mzn-stat: objective=258
%%%mzn-stat: nodes=16347
%%%mzn-stat: restarts=0
%%%mzn-stat: peakDepth=1136
%%%mzn-stat: solveTime=10.634598975
%%%mzn-stat: variables=1817
%%%mzn-stat: propagators=1449
%%%mzn-stat: failures=7718
%%%mzn-stat: propagations=373993
%%%mzn-stat: nogoods=7718
%%%mzn-stat: numAtomicConstraintsPropagated=0
%%%mzn-stat: allDifferentNumber1PropagationsTotal=43124
%%%mzn-stat: allDifferentNumber1PropagationsThatFoundConflict=16
%%%mzn-stat: allDifferentNumber1PropagationsThatPruned=28895
%%%mzn-stat: allDifferentNumber1TotalValuesPruned=107824
%%%mzn-stat: allDifferentNumber1TotalHallSetSizeConflict=71
%%%mzn-stat: allDifferentNumber1NumberOfConflicts=16
%%%mzn-stat: allDifferentNumber1MaxHallSetSizeConflict=14
%%%mzn-stat: allDifferentNumber1TotalPruningHallSetSize=365276
%%%mzn-stat: allDifferentNumber1NumberOfPruningExplanations=107824
%%%mzn-stat: allDifferentNumber1MaxPruningHallSetSize=48
%%%mzn-stat: allDifferentNumber1TotalFixedEdgesAtConflict=1384
%%%mzn-stat: allDifferentNumber1TotalVarsInvolvedInPruning=87834
%%%mzn-stat: allDifferentNumber1MaxValuesPrunedFromSingleVar=5
%%%mzn-stat: allDifferentNumber1TotalSccSizeAtPruning=186538
%%%mzn-stat: allDifferentNumber1NumberOfSccPruningCalls=28895
%%%mzn-stat: circuitNumber2PropagationsThatFoundConflict=7418
%%%mzn-stat: circuitNumber2TotalFixedEdgesAtConflict=675702
%%%mzn-stat: circuitNumber2NumberOfConflicts=7418
%%%mzn-stat: circuitNumber2PropagationsThatPruned=8855
%%%mzn-stat: circuitNumber2PropagationsTotal=28473
%%%mzn-stat: AverageConflictSize=75.29683855921223
%%%mzn-stat: NumUnitNogoodsLearned=0
%%%mzn-stat: AverageLearnedNogoodLength=93.08927183208085
%%%mzn-stat: AverageBacktrackAmount=0
%%%mzn-stat: AverageLbd=65.70536408395958
%%%mzn-stat: 2AutonomousSearchNumBackupCalled=6217
%%%mzn-stat: 2AutonomousSearchNumPredicatesRemoved=0
%%%mzn-stat: 2AutonomousSearchNumCalls=6223
%%%mzn-stat: 2AutonomousSearchNumPredicatesAdded=5379
%%%mzn-stat: 2AutonomousSearchAverageSizeOfHeap=1.5029728426803792
%%%mzn-stat: 2AutonomousSearchNumAssignedPredicatesEncountered=9353
%%%mzn-stat-end
maxleg = 258;
succ = array1d(1..100,[3, 4, 10, 8, 11, 27, 16, 9, 19, 25, 7, 15, 5, 38, 23, 18, 1, 32, 37, 13, 30, 31, 28, 33, 40, 51, 35, 24, 17, 22, 39, 26, 2, 12, 36, 20, 44, 34, 60, 6, 21, 45, 46, 76, 53, 59, 43, 29, 55, 14, 56, 48, 65, 50, 66, 75, 49, 52, 84, 54, 63, 67, 68, 42, 41, 89, 88, 90, 85, 64, 69, 80, 47, 82, 71, 79, 62, 97, 57, 61, 58, 73, 86, 91, 70, 78, 81, 94, 83, 92, 93, 98, 77, 96, 99, 95, 100, 87, 72, 74]);
% time elapsed: 11.86 s
----------
%%%mzn-stat: initTime=0.042961442
%%%mzn-stat: objective=255
%%%mzn-stat: nodes=17431
%%%mzn-stat: restarts=0
%%%mzn-stat: peakDepth=1136
%%%mzn-stat: solveTime=10.652392931
%%%mzn-stat: variables=1817
%%%mzn-stat: propagators=1449
%%%mzn-stat: failures=7718
%%%mzn-stat: propagations=376602
%%%mzn-stat: nogoods=7718
%%%mzn-stat: numAtomicConstraintsPropagated=0
%%%mzn-stat: allDifferentNumber1PropagationsTotal=43285
%%%mzn-stat: allDifferentNumber1PropagationsThatFoundConflict=16
%%%mzn-stat: allDifferentNumber1PropagationsThatPruned=28979
%%%mzn-stat: allDifferentNumber1TotalValuesPruned=108366
%%%mzn-stat: allDifferentNumber1TotalHallSetSizeConflict=71
%%%mzn-stat: allDifferentNumber1NumberOfConflicts=16
%%%mzn-stat: allDifferentNumber1MaxHallSetSizeConflict=14
%%%mzn-stat: allDifferentNumber1TotalPruningHallSetSize=366612
%%%mzn-stat: allDifferentNumber1NumberOfPruningExplanations=108366
%%%mzn-stat: allDifferentNumber1MaxPruningHallSetSize=48
%%%mzn-stat: allDifferentNumber1TotalFixedEdgesAtConflict=1384
%%%mzn-stat: allDifferentNumber1TotalVarsInvolvedInPruning=88351
%%%mzn-stat: allDifferentNumber1MaxValuesPrunedFromSingleVar=5
%%%mzn-stat: allDifferentNumber1TotalSccSizeAtPruning=186940
%%%mzn-stat: allDifferentNumber1NumberOfSccPruningCalls=28979
%%%mzn-stat: circuitNumber2PropagationsThatFoundConflict=7418
%%%mzn-stat: circuitNumber2TotalFixedEdgesAtConflict=675702
%%%mzn-stat: circuitNumber2NumberOfConflicts=7418
%%%mzn-stat: circuitNumber2PropagationsThatPruned=8859
%%%mzn-stat: circuitNumber2PropagationsTotal=28557
%%%mzn-stat: AverageConflictSize=75.29683855921223
%%%mzn-stat: NumUnitNogoodsLearned=0
%%%mzn-stat: AverageLearnedNogoodLength=93.08927183208085
%%%mzn-stat: AverageBacktrackAmount=0
%%%mzn-stat: AverageLbd=65.70536408395958
%%%mzn-stat: 2AutonomousSearchNumBackupCalled=7224
%%%mzn-stat: 2AutonomousSearchNumPredicatesRemoved=0
%%%mzn-stat: 2AutonomousSearchNumCalls=7231
%%%mzn-stat: 2AutonomousSearchNumPredicatesAdded=5379
%%%mzn-stat: 2AutonomousSearchAverageSizeOfHeap=1.6766698935140367
%%%mzn-stat: 2AutonomousSearchNumAssignedPredicatesEncountered=12124
%%%mzn-stat-end
maxleg = 255;
succ = array1d(1..100,[3, 4, 10, 8, 11, 27, 16, 9, 19, 25, 7, 15, 5, 38, 23, 18, 1, 32, 37, 13, 30, 31, 28, 33, 40, 51, 35, 24, 17, 22, 39, 26, 2, 12, 36, 20, 44, 34, 60, 6, 21, 45, 46, 76, 53, 59, 43, 29, 55, 14, 56, 48, 65, 50, 66, 75, 49, 52, 84, 54, 63, 67, 68, 42, 41, 89, 88, 90, 85, 64, 69, 80, 82, 47, 71, 79, 62, 73, 57, 61, 58, 97, 86, 91, 70, 78, 81, 94, 83, 92, 93, 98, 77, 96, 99, 95, 100, 87, 72, 74]);
% time elapsed: 11.88 s
----------
%%%mzn-stat: initTime=0.042961442
%%%mzn-stat: objective=247
%%%mzn-stat: nodes=1196042
%%%mzn-stat: restarts=0
%%%mzn-stat: peakDepth=1136
%%%mzn-stat: solveTime=1688.526379488
%%%mzn-stat: variables=1817
%%%mzn-stat: propagators=1449
%%%mzn-stat: failures=1184664
%%%mzn-stat: propagations=39513816
%%%mzn-stat: nogoods=1184664
%%%mzn-stat: numAtomicConstraintsPropagated=0
%%%mzn-stat: allDifferentNumber1PropagationsTotal=4212341
%%%mzn-stat: allDifferentNumber1PropagationsThatFoundConflict=309886
%%%mzn-stat: allDifferentNumber1PropagationsThatPruned=2702879
%%%mzn-stat: allDifferentNumber1TotalValuesPruned=13839465
%%%mzn-stat: allDifferentNumber1TotalHallSetSizeConflict=13153694
%%%mzn-stat: allDifferentNumber1NumberOfConflicts=309886
%%%mzn-stat: allDifferentNumber1MaxHallSetSizeConflict=45
%%%mzn-stat: allDifferentNumber1TotalPruningHallSetSize=139844601
%%%mzn-stat: allDifferentNumber1NumberOfPruningExplanations=13839465
%%%mzn-stat: allDifferentNumber1MaxPruningHallSetSize=48
%%%mzn-stat: allDifferentNumber1TotalFixedEdgesAtConflict=17295379
%%%mzn-stat: allDifferentNumber1TotalVarsInvolvedInPruning=10960030
%%%mzn-stat: allDifferentNumber1MaxValuesPrunedFromSingleVar=6
%%%mzn-stat: allDifferentNumber1TotalSccSizeAtPruning=75220919
%%%mzn-stat: allDifferentNumber1NumberOfSccPruningCalls=2702879
%%%mzn-stat: circuitNumber2PropagationsThatFoundConflict=351928
%%%mzn-stat: circuitNumber2TotalFixedEdgesAtConflict=20510991
%%%mzn-stat: circuitNumber2NumberOfConflicts=351928
%%%mzn-stat: circuitNumber2PropagationsThatPruned=145998
%%%mzn-stat: circuitNumber2PropagationsTotal=1737739
%%%mzn-stat: AverageConflictSize=32.91729553696238
%%%mzn-stat: NumUnitNogoodsLearned=0
%%%mzn-stat: AverageLearnedNogoodLength=113.192934874361
%%%mzn-stat: AverageBacktrackAmount=0
%%%mzn-stat: AverageLbd=26.50944740449613
%%%mzn-stat: 2AutonomousSearchNumBackupCalled=8233
%%%mzn-stat: 2AutonomousSearchNumPredicatesRemoved=0
%%%mzn-stat: 2AutonomousSearchNumCalls=8241
%%%mzn-stat: 2AutonomousSearchNumPredicatesAdded=9258
%%%mzn-stat: 2AutonomousSearchAverageSizeOfHeap=2.0296080572746025
%%%mzn-stat: 2AutonomousSearchNumAssignedPredicatesEncountered=16726
%%%mzn-stat-end
maxleg = 247;
succ = array1d(1..100,[3, 4, 10, 8, 13, 27, 11, 9, 19, 25, 16, 15, 18, 38, 23, 26, 1, 7, 37, 5, 30, 31, 28, 33, 40, 32, 35, 24, 17, 22, 39, 45, 2, 12, 36, 20, 44, 34, 60, 6, 21, 51, 46, 76, 53, 59, 43, 29, 55, 14, 41, 48, 65, 50, 66, 72, 49, 52, 84, 54, 63, 67, 68, 42, 75, 89, 88, 90, 85, 64, 69, 80, 82, 47, 71, 79, 62, 73, 57, 61, 58, 97, 86, 91, 70, 78, 81, 94, 83, 92, 93, 98, 77, 96, 99, 95, 100, 87, 56, 74]);
% time elapsed: 1689.76 s
----------
%%%mzn-stat: initTime=0.042961442
%%%mzn-stat: objective=246
%%%mzn-stat: nodes=1197080
%%%mzn-stat: restarts=0
%%%mzn-stat: peakDepth=1136
%%%mzn-stat: solveTime=1688.546116733
%%%mzn-stat: variables=1817
%%%mzn-stat: propagators=1449
%%%mzn-stat: failures=1184664
%%%mzn-stat: propagations=39516368
%%%mzn-stat: nogoods=1184664
%%%mzn-stat: numAtomicConstraintsPropagated=0
%%%mzn-stat: allDifferentNumber1PropagationsTotal=4212493
%%%mzn-stat: allDifferentNumber1PropagationsThatFoundConflict=309886
%%%mzn-stat: allDifferentNumber1PropagationsThatPruned=2702958
%%%mzn-stat: allDifferentNumber1TotalValuesPruned=13839998
%%%mzn-stat: allDifferentNumber1TotalHallSetSizeConflict=13153694
%%%mzn-stat: allDifferentNumber1NumberOfConflicts=309886
%%%mzn-stat: allDifferentNumber1MaxHallSetSizeConflict=45
%%%mzn-stat: allDifferentNumber1TotalPruningHallSetSize=139846147
%%%mzn-stat: allDifferentNumber1NumberOfPruningExplanations=13839998
%%%mzn-stat: allDifferentNumber1MaxPruningHallSetSize=48
%%%mzn-stat: allDifferentNumber1TotalFixedEdgesAtConflict=17295379
%%%mzn-stat: allDifferentNumber1TotalVarsInvolvedInPruning=10960528
%%%mzn-stat: allDifferentNumber1MaxValuesPrunedFromSingleVar=6
%%%mzn-stat: allDifferentNumber1TotalSccSizeAtPruning=75221433
%%%mzn-stat: allDifferentNumber1NumberOfSccPruningCalls=2702958
%%%mzn-stat: circuitNumber2PropagationsThatFoundConflict=351928
%%%mzn-stat: circuitNumber2TotalFixedEdgesAtConflict=20510991
%%%mzn-stat: circuitNumber2NumberOfConflicts=351928
%%%mzn-stat: circuitNumber2PropagationsThatPruned=146003
%%%mzn-stat: circuitNumber2PropagationsTotal=1737819
%%%mzn-stat: AverageConflictSize=32.91729553696238
%%%mzn-stat: NumUnitNogoodsLearned=0
%%%mzn-stat: AverageLearnedNogoodLength=113.192934874361
%%%mzn-stat: AverageBacktrackAmount=0
%%%mzn-stat: AverageLbd=26.50944740449613
%%%mzn-stat: 2AutonomousSearchNumBackupCalled=9200
%%%mzn-stat: 2AutonomousSearchNumPredicatesRemoved=0
%%%mzn-stat: 2AutonomousSearchNumCalls=9209
%%%mzn-stat: 2AutonomousSearchNumPredicatesAdded=9258
%%%mzn-stat: 2AutonomousSearchAverageSizeOfHeap=2.315995222065371
%%%mzn-stat: 2AutonomousSearchNumAssignedPredicatesEncountered=21328
%%%mzn-stat-end
maxleg = 246;
succ = array1d(1..100,[10, 4, 25, 8, 13, 27, 11, 9, 19, 3, 16, 15, 18, 38, 23, 26, 1, 7, 37, 5, 30, 31, 28, 33, 40, 32, 35, 24, 17, 22, 39, 45, 2, 12, 36, 20, 44, 34, 60, 6, 21, 51, 46, 76, 53, 59, 43, 29, 55, 14, 41, 48, 65, 50, 66, 72, 49, 52, 84, 54, 63, 67, 68, 42, 75, 89, 88, 90, 85, 64, 69, 80, 82, 47, 71, 79, 62, 73, 57, 61, 58, 97, 86, 91, 70, 78, 81, 94, 83, 92, 93, 98, 77, 96, 99, 95, 100, 87, 56, 74]);
% time elapsed: 1689.79 s
----------
%%%mzn-stat: initTime=0.042961442
%%%mzn-stat: objective=242
%%%mzn-stat: nodes=1198141
%%%mzn-stat: restarts=0
%%%mzn-stat: peakDepth=1136
%%%mzn-stat: solveTime=1688.567706301
%%%mzn-stat: variables=1817
%%%mzn-stat: propagators=1449
%%%mzn-stat: failures=1184664
%%%mzn-stat: propagations=39518983
%%%mzn-stat: nogoods=1184664
%%%mzn-stat: numAtomicConstraintsPropagated=0
%%%mzn-stat: allDifferentNumber1PropagationsTotal=4212645
%%%mzn-stat: allDifferentNumber1PropagationsThatFoundConflict=309886
%%%mzn-stat: allDifferentNumber1PropagationsThatPruned=2703038
%%%mzn-stat: allDifferentNumber1TotalValuesPruned=13840530
%%%mzn-stat: allDifferentNumber1TotalHallSetSizeConflict=13153694
%%%mzn-stat: allDifferentNumber1NumberOfConflicts=309886
%%%mzn-stat: allDifferentNumber1MaxHallSetSizeConflict=45
%%%mzn-stat: allDifferentNumber1TotalPruningHallSetSize=139847640
%%%mzn-stat: allDifferentNumber1NumberOfPruningExplanations=13840530
%%%mzn-stat: allDifferentNumber1MaxPruningHallSetSize=48
%%%mzn-stat: allDifferentNumber1TotalFixedEdgesAtConflict=17295379
%%%mzn-stat: allDifferentNumber1TotalVarsInvolvedInPruning=10961028
%%%mzn-stat: allDifferentNumber1MaxValuesPrunedFromSingleVar=6
%%%mzn-stat: allDifferentNumber1TotalSccSizeAtPruning=75221947
%%%mzn-stat: allDifferentNumber1NumberOfSccPruningCalls=2703038
%%%mzn-stat: circuitNumber2PropagationsThatFoundConflict=351928
%%%mzn-stat: circuitNumber2TotalFixedEdgesAtConflict=20510991
%%%mzn-stat: circuitNumber2NumberOfConflicts=351928
%%%mzn-stat: circuitNumber2PropagationsThatPruned=146010
%%%mzn-stat: circuitNumber2PropagationsTotal=1737900
%%%mzn-stat: AverageConflictSize=32.91729553696238
%%%mzn-stat: NumUnitNogoodsLearned=0
%%%mzn-stat: AverageLearnedNogoodLength=113.192934874361
%%%mzn-stat: AverageBacktrackAmount=0
%%%mzn-stat: AverageLbd=26.50944740449613
%%%mzn-stat: 2AutonomousSearchNumBackupCalled=10190
%%%mzn-stat: 2AutonomousSearchNumPredicatesRemoved=0
%%%mzn-stat: 2AutonomousSearchNumCalls=10200
%%%mzn-stat: 2AutonomousSearchNumPredicatesAdded=9258
%%%mzn-stat: 2AutonomousSearchAverageSizeOfHeap=2.542156862745098
%%%mzn-stat: 2AutonomousSearchNumAssignedPredicatesEncountered=25930
%%%mzn-stat-end
maxleg = 242;
succ = array1d(1..100,[10, 4, 25, 8, 13, 27, 11, 9, 19, 3, 16, 15, 18, 38, 23, 26, 1, 7, 37, 5, 30, 31, 28, 33, 40, 32, 35, 24, 17, 22, 39, 45, 2, 12, 36, 20, 44, 34, 60, 6, 21, 51, 46, 76, 53, 59, 43, 29, 55, 14, 41, 48, 65, 50, 66, 72, 49, 52, 84, 54, 63, 67, 68, 42, 75, 89, 88, 90, 85, 64, 69, 80, 82, 100, 71, 79, 62, 97, 57, 61, 58, 47, 86, 91, 70, 78, 81, 94, 83, 92, 93, 98, 77, 96, 99, 95, 74, 87, 56, 73]);
% time elapsed: 1689.82 s
----------
%%%mzn-stat: initTime=0.042961442
%%%mzn-stat: objective=241
%%%mzn-stat: nodes=1199208
%%%mzn-stat: restarts=0
%%%mzn-stat: peakDepth=1136
%%%mzn-stat: solveTime=1688.593616088
%%%mzn-stat: variables=1817
%%%mzn-stat: propagators=1449
%%%mzn-stat: failures=1184670
%%%mzn-stat: propagations=39521765
%%%mzn-stat: nogoods=1184670
%%%mzn-stat: numAtomicConstraintsPropagated=0
%%%mzn-stat: allDifferentNumber1PropagationsTotal=4212824
%%%mzn-stat: allDifferentNumber1PropagationsThatFoundConflict=309886
%%%mzn-stat: allDifferentNumber1PropagationsThatPruned=2703131
%%%mzn-stat: allDifferentNumber1TotalValuesPruned=13841119
%%%mzn-stat: allDifferentNumber1TotalHallSetSizeConflict=13153694
%%%mzn-stat: allDifferentNumber1NumberOfConflicts=309886
%%%mzn-stat: allDifferentNumber1MaxHallSetSizeConflict=45
%%%mzn-stat: allDifferentNumber1TotalPruningHallSetSize=139849843
%%%mzn-stat: allDifferentNumber1NumberOfPruningExplanations=13841119
%%%mzn-stat: allDifferentNumber1MaxPruningHallSetSize=50
%%%mzn-stat: allDifferentNumber1TotalFixedEdgesAtConflict=17295379
%%%mzn-stat: allDifferentNumber1TotalVarsInvolvedInPruning=10961573
%%%mzn-stat: allDifferentNumber1MaxValuesPrunedFromSingleVar=6
%%%mzn-stat: allDifferentNumber1TotalSccSizeAtPruning=75222725
%%%mzn-stat: allDifferentNumber1NumberOfSccPruningCalls=2703131
%%%mzn-stat: circuitNumber2PropagationsThatFoundConflict=351934
%%%mzn-stat: circuitNumber2TotalFixedEdgesAtConflict=20511490
%%%mzn-stat: circuitNumber2NumberOfConflicts=351934
%%%mzn-stat: circuitNumber2PropagationsThatPruned=146016
%%%mzn-stat: circuitNumber2PropagationsTotal=1737995
%%%mzn-stat: AverageConflictSize=32.91715330007513
%%%mzn-stat: NumUnitNogoodsLearned=0
%%%mzn-stat: AverageLearnedNogoodLength=113.19260975630344
%%%mzn-stat: AverageBacktrackAmount=0
%%%mzn-stat: AverageLbd=26.509409371386123
%%%mzn-stat: 2AutonomousSearchNumBackupCalled=11176
%%%mzn-stat: 2AutonomousSearchNumPredicatesRemoved=0
%%%mzn-stat: 2AutonomousSearchNumCalls=11187
%%%mzn-stat: 2AutonomousSearchNumPredicatesAdded=9881
%%%mzn-stat: 2AutonomousSearchAverageSizeOfHeap=2.729596853490659
%%%mzn-stat: 2AutonomousSearchNumAssignedPredicatesEncountered=30536
%%%mzn-stat-end
maxleg = 241;
succ = array1d(1..100,[10, 4, 25, 8, 13, 27, 11, 9, 19, 3, 16, 15, 18, 38, 23, 26, 1, 7, 37, 5, 30, 31, 28, 33, 40, 32, 35, 24, 17, 22, 39, 45, 2, 12, 36, 20, 44, 34, 60, 6, 21, 51, 46, 76, 53, 59, 74, 29, 55, 14, 41, 48, 65, 50, 79, 72, 52, 57, 66, 54, 63, 67, 68, 42, 75, 49, 88, 90, 85, 64, 69, 80, 82, 100, 71, 89, 62, 97, 77, 61, 58, 43, 86, 91, 70, 78, 81, 94, 84, 92, 93, 98, 83, 96, 99, 95, 47, 87, 56, 73]);
% time elapsed: 1689.86 s
----------
%%%mzn-stat: initTime=0.042961442
%%%mzn-stat: objective=238
%%%mzn-stat: nodes=1200276
%%%mzn-stat: restarts=0
%%%mzn-stat: peakDepth=1136
%%%mzn-stat: solveTime=1688.6214405
%%%mzn-stat: variables=1817
%%%mzn-stat: propagators=1449
%%%mzn-stat: failures=1184677
%%%mzn-stat: propagations=39524587
%%%mzn-stat: nogoods=1184677
%%%mzn-stat: numAtomicConstraintsPropagated=0
%%%mzn-stat: allDifferentNumber1PropagationsTotal=4212999
%%%mzn-stat: allDifferentNumber1PropagationsThatFoundConflict=309886
%%%mzn-stat: allDifferentNumber1PropagationsThatPruned=2703223
%%%mzn-stat: allDifferentNumber1TotalValuesPruned=13841692
%%%mzn-stat: allDifferentNumber1TotalHallSetSizeConflict=13153694
%%%mzn-stat: allDifferentNumber1NumberOfConflicts=309886
%%%mzn-stat: allDifferentNumber1MaxHallSetSizeConflict=45
%%%mzn-stat: allDifferentNumber1TotalPruningHallSetSize=139851591
%%%mzn-stat: allDifferentNumber1NumberOfPruningExplanations=13841692
%%%mzn-stat: allDifferentNumber1MaxPruningHallSetSize=50
%%%mzn-stat: allDifferentNumber1TotalFixedEdgesAtConflict=17295379
%%%mzn-stat: allDifferentNumber1TotalVarsInvolvedInPruning=10962111
%%%mzn-stat: allDifferentNumber1MaxValuesPrunedFromSingleVar=6
%%%mzn-stat: allDifferentNumber1TotalSccSizeAtPruning=75223387
%%%mzn-stat: allDifferentNumber1NumberOfSccPruningCalls=2703223
%%%mzn-stat: circuitNumber2PropagationsThatFoundConflict=351941
%%%mzn-stat: circuitNumber2TotalFixedEdgesAtConflict=20512111
%%%mzn-stat: circuitNumber2NumberOfConflicts=351941
%%%mzn-stat: circuitNumber2PropagationsThatPruned=146019
%%%mzn-stat: circuitNumber2PropagationsTotal=1738087
%%%mzn-stat: AverageConflictSize=32.9171377514715
%%%mzn-stat: NumUnitNogoodsLearned=0
%%%mzn-stat: AverageLearnedNogoodLength=113.19220513270706
%%%mzn-stat: AverageBacktrackAmount=0
%%%mzn-stat: AverageLbd=26.509421555411308
%%%mzn-stat: 2AutonomousSearchNumBackupCalled=12163
%%%mzn-stat: 2AutonomousSearchNumPredicatesRemoved=0
%%%mzn-stat: 2AutonomousSearchNumCalls=12175
%%%mzn-stat: 2AutonomousSearchNumPredicatesAdded=10432
%%%mzn-stat: 2AutonomousSearchAverageSizeOfHeap=2.891498973305955
%%%mzn-stat: 2AutonomousSearchNumAssignedPredicatesEncountered=35204
%%%mzn-stat-end
maxleg = 238;
succ = array1d(1..100,[10, 4, 25, 8, 13, 27, 11, 9, 19, 3, 16, 15, 18, 38, 23, 26, 1, 7, 37, 5, 30, 31, 28, 33, 40, 32, 35, 24, 17, 22, 39, 45, 2, 12, 36, 20, 44, 34, 60, 6, 21, 51, 46, 76, 53, 59, 74, 29, 55, 14, 41, 48, 65, 50, 79, 72, 52, 57, 66, 54, 63, 77, 80, 42, 75, 49, 62, 61, 85, 64, 69, 88, 82, 100, 71, 89, 58, 97, 98, 99, 87, 43, 86, 91, 70, 78, 90, 95, 84, 68, 93, 81, 83, 67, 96, 94, 47, 92, 56, 73]);
% time elapsed: 1689.89 s
----------
%%%mzn-stat: initTime=0.042961442
%%%mzn-stat: objective=234
%%%mzn-stat: nodes=1234313
%%%mzn-stat: restarts=0
%%%mzn-stat: peakDepth=1136
%%%mzn-stat: solveTime=1732.610870728
%%%mzn-stat: variables=1817
%%%mzn-stat: propagators=1449
%%%mzn-stat: failures=1217618
%%%mzn-stat: propagations=40676511
%%%mzn-stat: nogoods=1217618
%%%mzn-stat: numAtomicConstraintsPropagated=0
%%%mzn-stat: allDifferentNumber1PropagationsTotal=4329046
%%%mzn-stat: allDifferentNumber1PropagationsThatFoundConflict=318646
%%%mzn-stat: allDifferentNumber1PropagationsThatPruned=2777156
%%%mzn-stat: allDifferentNumber1TotalValuesPruned=14218656
%%%mzn-stat: allDifferentNumber1TotalHallSetSizeConflict=13480219
%%%mzn-stat: allDifferentNumber1NumberOfConflicts=318646
%%%mzn-stat: allDifferentNumber1MaxHallSetSizeConflict=45
%%%mzn-stat: allDifferentNumber1TotalPruningHallSetSize=143281636
%%%mzn-stat: allDifferentNumber1NumberOfPruningExplanations=14218656
%%%mzn-stat: allDifferentNumber1MaxPruningHallSetSize=50
%%%mzn-stat: allDifferentNumber1TotalFixedEdgesAtConflict=17788810
%%%mzn-stat: allDifferentNumber1TotalVarsInvolvedInPruning=11260299
%%%mzn-stat: allDifferentNumber1MaxValuesPrunedFromSingleVar=8
%%%mzn-stat: allDifferentNumber1TotalSccSizeAtPruning=77067138
%%%mzn-stat: allDifferentNumber1NumberOfSccPruningCalls=2777156
%%%mzn-stat: circuitNumber2PropagationsThatFoundConflict=361568
%%%mzn-stat: circuitNumber2TotalFixedEdgesAtConflict=21070371
%%%mzn-stat: circuitNumber2NumberOfConflicts=361568
%%%mzn-stat: circuitNumber2PropagationsThatPruned=149882
%%%mzn-stat: circuitNumber2PropagationsTotal=1785827
%%%mzn-stat: AverageConflictSize=32.736869855734724
%%%mzn-stat: NumUnitNogoodsLearned=0
%%%mzn-stat: AverageLearnedNogoodLength=112.52242985895413
%%%mzn-stat: AverageBacktrackAmount=0
%%%mzn-stat: AverageLbd=26.42149261919584
%%%mzn-stat: 2AutonomousSearchNumBackupCalled=13096
%%%mzn-stat: 2AutonomousSearchNumPredicatesRemoved=0
%%%mzn-stat: 2AutonomousSearchNumCalls=13109
%%%mzn-stat: 2AutonomousSearchNumPredicatesAdded=13498
%%%mzn-stat: 2AutonomousSearchAverageSizeOfHeap=3.0604165077427723
%%%mzn-stat: 2AutonomousSearchNumAssignedPredicatesEncountered=40119
%%%mzn-stat-end
maxleg = 234;
succ = array1d(1..100,[10, 4, 25, 8, 13, 27, 11, 9, 19, 3, 16, 15, 18, 38, 23, 26, 1, 7, 37, 5, 30, 31, 28, 33, 40, 32, 35, 24, 17, 22, 39, 45, 2, 12, 36, 20, 44, 34, 60, 6, 21, 51, 59, 46, 53, 78, 74, 29, 55, 14, 41, 48, 65, 50, 76, 72, 52, 57, 66, 54, 63, 77, 80, 42, 75, 49, 88, 61, 85, 64, 69, 94, 82, 100, 71, 79, 98, 97, 93, 99, 58, 43, 86, 89, 70, 62, 81, 95, 83, 68, 84, 90, 91, 67, 96, 87, 47, 92, 56, 73]);
% time elapsed: 1733.91 s
----------
%%%mzn-stat: initTime=0.042961442
%%%mzn-stat: objective=229
%%%mzn-stat: nodes=1235318
%%%mzn-stat: restarts=0
%%%mzn-stat: peakDepth=1136
%%%mzn-stat: solveTime=1732.65173152
%%%mzn-stat: variables=1817
%%%mzn-stat: propagators=1449
%%%mzn-stat: failures=1217620
%%%mzn-stat: propagations=40679246
%%%mzn-stat: nogoods=1217620
%%%mzn-stat: numAtomicConstraintsPropagated=0
%%%mzn-stat: allDifferentNumber1PropagationsTotal=4329211
%%%mzn-stat: allDifferentNumber1PropagationsThatFoundConflict=318646
%%%mzn-stat: allDifferentNumber1PropagationsThatPruned=2777242
%%%mzn-stat: allDifferentNumber1TotalValuesPruned=14219179
%%%mzn-stat: allDifferentNumber1TotalHallSetSizeConflict=13480219
%%%mzn-stat: allDifferentNumber1NumberOfConflicts=318646
%%%mzn-stat: allDifferentNumber1MaxHallSetSizeConflict=45
%%%mzn-stat: allDifferentNumber1TotalPruningHallSetSize=143283044
%%%mzn-stat: allDifferentNumber1NumberOfPruningExplanations=14219179
%%%mzn-stat: allDifferentNumber1MaxPruningHallSetSize=50
%%%mzn-stat: allDifferentNumber1TotalFixedEdgesAtConflict=17788810
%%%mzn-stat: allDifferentNumber1TotalVarsInvolvedInPruning=11260798
%%%mzn-stat: allDifferentNumber1MaxValuesPrunedFromSingleVar=8
%%%mzn-stat: allDifferentNumber1TotalSccSizeAtPruning=77067707
%%%mzn-stat: allDifferentNumber1NumberOfSccPruningCalls=2777242
%%%mzn-stat: circuitNumber2PropagationsThatFoundConflict=361570
%%%mzn-stat: circuitNumber2TotalFixedEdgesAtConflict=21070519
%%%mzn-stat: circuitNumber2NumberOfConflicts=361570
%%%mzn-stat: circuitNumber2PropagationsThatPruned=149893
%%%mzn-stat: circuitNumber2PropagationsTotal=1785916
%%%mzn-stat: AverageConflictSize=32.73688917724742
%%%mzn-stat: NumUnitNogoodsLearned=0
%%%mzn-stat: AverageLearnedNogoodLength=112.52233291174586
%%%mzn-stat: AverageBacktrackAmount=0
%%%mzn-stat: AverageLbd=26.421505888536654
%%%mzn-stat: 2AutonomousSearchNumBackupCalled=14030
%%%mzn-stat: 2AutonomousSearchNumPredicatesRemoved=0
%%%mzn-stat: 2AutonomousSearchNumCalls=14044
%%%mzn-stat: 2AutonomousSearchNumPredicatesAdded=13883
%%%mzn-stat: 2AutonomousSearchAverageSizeOfHeap=3.2066362859584165
%%%mzn-stat: 2AutonomousSearchNumAssignedPredicatesEncountered=45034
%%%mzn-stat-end
maxleg = 229;
succ = array1d(1..100,[10, 4, 25, 8, 13, 27, 11, 9, 19, 3, 16, 15, 18, 38, 23, 26, 1, 7, 37, 5, 30, 31, 28, 33, 40, 32, 35, 24, 17, 22, 39, 45, 2, 12, 36, 20, 44, 34, 60, 6, 21, 51, 59, 46, 53, 78, 82, 29, 55, 14, 41, 48, 65, 50, 76, 72, 52, 57, 66, 54, 63, 77, 80, 42, 75, 49, 88, 61, 85, 64, 69, 94, 100, 47, 71, 79, 98, 97, 93, 99, 58, 43, 86, 89, 70, 62, 81, 95, 83, 68, 84, 90, 91, 67, 96, 87, 73, 92, 56, 74]);
% time elapsed: 1733.96 s
----------
%%%mzn-stat: initTime=0.042961442
%%%mzn-stat: objective=228
%%%mzn-stat: nodes=1236353
%%%mzn-stat: restarts=0
%%%mzn-stat: peakDepth=1136
%%%mzn-stat: solveTime=1732.699409144
%%%mzn-stat: variables=1817
%%%mzn-stat: propagators=1449
%%%mzn-stat: failures=1217622
%%%mzn-stat: propagations=40681912
%%%mzn-stat: nogoods=1217622
%%%mzn-stat: numAtomicConstraintsPropagated=0
%%%mzn-stat: allDifferentNumber1PropagationsTotal=4329377
%%%mzn-stat: allDifferentNumber1PropagationsThatFoundConflict=318646
%%%mzn-stat: allDifferentNumber1PropagationsThatPruned=2777328
%%%mzn-stat: allDifferentNumber1TotalValuesPruned=14219709
%%%mzn-stat: allDifferentNumber1TotalHallSetSizeConflict=13480219
%%%mzn-stat: allDifferentNumber1NumberOfConflicts=318646
%%%mzn-stat: allDifferentNumber1MaxHallSetSizeConflict=45
%%%mzn-stat: allDifferentNumber1TotalPruningHallSetSize=143284505
%%%mzn-stat: allDifferentNumber1NumberOfPruningExplanations=14219709
%%%mzn-stat: allDifferentNumber1MaxPruningHallSetSize=50
%%%mzn-stat: allDifferentNumber1TotalFixedEdgesAtConflict=17788810
%%%mzn-stat: allDifferentNumber1TotalVarsInvolvedInPruning=11261300
%%%mzn-stat: allDifferentNumber1MaxValuesPrunedFromSingleVar=8
%%%mzn-stat: allDifferentNumber1TotalSccSizeAtPruning=77068344
%%%mzn-stat: allDifferentNumber1NumberOfSccPruningCalls=2777328
%%%mzn-stat: circuitNumber2PropagationsThatFoundConflict=361572
%%%mzn-stat: circuitNumber2TotalFixedEdgesAtConflict=21070648
%%%mzn-stat: circuitNumber2NumberOfConflicts=361572
%%%mzn-stat: circuitNumber2PropagationsThatPruned=149902
%%%mzn-stat: circuitNumber2PropagationsTotal=1786004
%%%mzn-stat: AverageConflictSize=32.73683951176966
%%%mzn-stat: NumUnitNogoodsLearned=0
%%%mzn-stat: AverageLearnedNogoodLength=112.52220229266554
%%%mzn-stat: AverageBacktrackAmount=0
%%%mzn-stat: AverageLbd=26.421478094186867
%%%mzn-stat: 2AutonomousSearchNumBackupCalled=14989
%%%mzn-stat: 2AutonomousSearchNumPredicatesRemoved=0
%%%mzn-stat: 2AutonomousSearchNumCalls=15004
%%%mzn-stat: 2AutonomousSearchNumPredicatesAdded=14119
%%%mzn-stat: 2AutonomousSearchAverageSizeOfHeap=3.329045587843242
%%%mzn-stat: 2AutonomousSearchNumAssignedPredicatesEncountered=49949
%%%mzn-stat-end
maxleg = 228;
succ = array1d(1..100,[10, 4, 25, 8, 13, 27, 11, 9, 19, 3, 16, 15, 18, 38, 23, 26, 1, 7, 37, 5, 30, 31, 28, 33, 40, 32, 35, 24, 17, 22, 39, 45, 2, 12, 36, 20, 44, 34, 60, 6, 21, 51, 59, 46, 53, 78, 82, 29, 55, 14, 56, 48, 69, 50, 76, 65, 52, 57, 66, 54, 63, 67, 68, 42, 75, 49, 88, 90, 71, 64, 85, 94, 100, 47, 41, 79, 58, 97, 93, 61, 87, 43, 86, 89, 70, 62, 77, 72, 83, 92, 84, 98, 91, 96, 99, 95, 73, 81, 80, 74]);
% time elapsed: 1734.04 s
----------
%%%mzn-stat: initTime=0.042961442
%%%mzn-stat: objective=224
%%%mzn-stat: nodes=1237384
%%%mzn-stat: restarts=0
%%%mzn-stat: peakDepth=1136
%%%mzn-stat: solveTime=1732.754663777
%%%mzn-stat: variables=1817
%%%mzn-stat: propagators=1449
%%%mzn-stat: failures=1217627
%%%mzn-stat: propagations=40684746
%%%mzn-stat: nogoods=1217627
%%%mzn-stat: numAtomicConstraintsPropagated=0
%%%mzn-stat: allDifferentNumber1PropagationsTotal=4329547
%%%mzn-stat: allDifferentNumber1PropagationsThatFoundConflict=318646
%%%mzn-stat: allDifferentNumber1PropagationsThatPruned=2777417
%%%mzn-stat: allDifferentNumber1TotalValuesPruned=14220297
%%%mzn-stat: allDifferentNumber1TotalHallSetSizeConflict=13480219
%%%mzn-stat: allDifferentNumber1NumberOfConflicts=318646
%%%mzn-stat: allDifferentNumber1MaxHallSetSizeConflict=45
%%%mzn-stat: allDifferentNumber1TotalPruningHallSetSize=143286590
%%%mzn-stat: allDifferentNumber1NumberOfPruningExplanations=14220297
%%%mzn-stat: allDifferentNumber1MaxPruningHallSetSize=71
%%%mzn-stat: allDifferentNumber1TotalFixedEdgesAtConflict=17788810
%%%mzn-stat: allDifferentNumber1TotalVarsInvolvedInPruning=11261834
%%%mzn-stat: allDifferentNumber1MaxValuesPrunedFromSingleVar=8
%%%mzn-stat: allDifferentNumber1TotalSccSizeAtPruning=77069106
%%%mzn-stat: allDifferentNumber1NumberOfSccPruningCalls=2777417
%%%mzn-stat: circuitNumber2PropagationsThatFoundConflict=361577
%%%mzn-stat: circuitNumber2TotalFixedEdgesAtConflict=21071043
%%%mzn-stat: circuitNumber2NumberOfConflicts=361577
%%%mzn-stat: circuitNumber2PropagationsThatPruned=149910
%%%mzn-stat: circuitNumber2PropagationsTotal=1786094
%%%mzn-stat: AverageConflictSize=32.73682416700681
%%%mzn-stat: NumUnitNogoodsLearned=0
%%%mzn-stat: AverageLearnedNogoodLength=112.52192748682478
%%%mzn-stat: AverageBacktrackAmount=0
%%%mzn-stat: AverageLbd=26.42147800599034
%%%mzn-stat: 2AutonomousSearchNumBackupCalled=15943
%%%mzn-stat: 2AutonomousSearchNumPredicatesRemoved=0
%%%mzn-stat: 2AutonomousSearchNumCalls=15959
%%%mzn-stat: 2AutonomousSearchNumPredicatesAdded=14712
%%%mzn-stat: 2AutonomousSearchAverageSizeOfHeap=3.4379973682561564
%%%mzn-stat: 2AutonomousSearchNumAssignedPredicatesEncountered=54867
%%%mzn-stat-end
maxleg = 224;
succ = array1d(1..100,[10, 4, 25, 8, 13, 27, 11, 9, 19, 3, 16, 15, 18, 38, 23, 26, 1, 7, 37, 5, 30, 31, 28, 33, 40, 32, 35, 24, 17, 22, 39, 45, 2, 12, 36, 20, 44, 34, 60, 6, 21, 51, 59, 46, 53, 78, 82, 52, 29, 14, 56, 57, 69, 50, 48, 65, 58, 76, 66, 72, 63, 86, 80, 42, 75, 49, 62, 61, 71, 64, 85, 88, 100, 47, 41, 79, 87, 97, 77, 99, 90, 43, 89, 91, 70, 83, 92, 67, 84, 68, 93, 98, 55, 95, 96, 54, 73, 81, 94, 74]);
% time elapsed: 1734.11 s
----------
%%%mzn-stat: initTime=0.042961442
%%%mzn-stat: objective=220
%%%mzn-stat: nodes=1243504
%%%mzn-stat: restarts=0
%%%mzn-stat: peakDepth=1136
%%%mzn-stat: solveTime=1739.439612984
%%%mzn-stat: variables=1817
%%%mzn-stat: propagators=1449
%%%mzn-stat: failures=1222736
%%%mzn-stat: propagations=40853664
%%%mzn-stat: nogoods=1222736
%%%mzn-stat: numAtomicConstraintsPropagated=0
%%%mzn-stat: allDifferentNumber1PropagationsTotal=4345402
%%%mzn-stat: allDifferentNumber1PropagationsThatFoundConflict=319891
%%%mzn-stat: allDifferentNumber1PropagationsThatPruned=2786799
%%%mzn-stat: allDifferentNumber1TotalValuesPruned=14278211
%%%mzn-stat: allDifferentNumber1TotalHallSetSizeConflict=13525461
%%%mzn-stat: allDifferentNumber1NumberOfConflicts=319891
%%%mzn-stat: allDifferentNumber1MaxHallSetSizeConflict=49
%%%mzn-stat: allDifferentNumber1TotalPruningHallSetSize=144127576
%%%mzn-stat: allDifferentNumber1NumberOfPruningExplanations=14278211
%%%mzn-stat: allDifferentNumber1MaxPruningHallSetSize=71
%%%mzn-stat: allDifferentNumber1TotalFixedEdgesAtConflict=17867193
%%%mzn-stat: allDifferentNumber1TotalVarsInvolvedInPruning=11304071
%%%mzn-stat: allDifferentNumber1MaxValuesPrunedFromSingleVar=8
%%%mzn-stat: allDifferentNumber1TotalSccSizeAtPruning=77387368
%%%mzn-stat: allDifferentNumber1NumberOfSccPruningCalls=2786799
%%%mzn-stat: circuitNumber2PropagationsThatFoundConflict=362032
%%%mzn-stat: circuitNumber2TotalFixedEdgesAtConflict=21102909
%%%mzn-stat: circuitNumber2NumberOfConflicts=362032
%%%mzn-stat: circuitNumber2PropagationsThatPruned=151681
%%%mzn-stat: circuitNumber2PropagationsTotal=1791676
%%%mzn-stat: AverageConflictSize=32.715545301684095
%%%mzn-stat: NumUnitNogoodsLearned=0
%%%mzn-stat: AverageLearnedNogoodLength=112.43381073265202
%%%mzn-stat: AverageBacktrackAmount=0
%%%mzn-stat: AverageLbd=26.397979612933618
%%%mzn-stat: 2AutonomousSearchNumBackupCalled=16846
%%%mzn-stat: 2AutonomousSearchNumPredicatesRemoved=0
%%%mzn-stat: 2AutonomousSearchNumCalls=16863
%%%mzn-stat: 2AutonomousSearchNumPredicatesAdded=17574
%%%mzn-stat: 2AutonomousSearchAverageSizeOfHeap=3.567099567099567
%%%mzn-stat: 2AutonomousSearchNumAssignedPredicatesEncountered=60152
%%%mzn-stat-end
maxleg = 220;
succ = array1d(1..100,[10, 4, 25, 8, 13, 27, 11, 9, 19, 3, 16, 15, 18, 38, 23, 26, 1, 7, 37, 5, 30, 31, 28, 33, 40, 32, 35, 24, 17, 22, 39, 45, 2, 12, 36, 20, 44, 34, 60, 43, 21, 51, 46, 76, 53, 82, 6, 52, 29, 14, 56, 57, 69, 50, 48, 65, 58, 77, 66, 54, 63, 86, 80, 42, 75, 49, 62, 61, 71, 64, 85, 88, 100, 47, 41, 55, 79, 97, 98, 99, 87, 78, 89, 59, 70, 83, 90, 67, 93, 68, 84, 81, 91, 72, 96, 94, 73, 92, 95, 74]);
% time elapsed: 1740.80 s
----------
%%%mzn-stat: initTime=0.042961442
%%%mzn-stat: objective=219
%%%mzn-stat: nodes=1244542
%%%mzn-stat: restarts=0
%%%mzn-stat: peakDepth=1136
%%%mzn-stat: solveTime=1739.483234747
%%%mzn-stat: variables=1817
%%%mzn-stat: propagators=1449
%%%mzn-stat: failures=1222747
%%%mzn-stat: propagations=40856947
%%%mzn-stat: nogoods=1222747
%%%mzn-stat: numAtomicConstraintsPropagated=0
%%%mzn-stat: allDifferentNumber1PropagationsTotal=4345627
%%%mzn-stat: allDifferentNumber1PropagationsThatFoundConflict=319892
%%%mzn-stat: allDifferentNumber1PropagationsThatPruned=2786917
%%%mzn-stat: allDifferentNumber1TotalValuesPruned=14279018
%%%mzn-stat: allDifferentNumber1TotalHallSetSizeConflict=13525500
%%%mzn-stat: allDifferentNumber1NumberOfConflicts=319892
%%%mzn-stat: allDifferentNumber1MaxHallSetSizeConflict=49
%%%mzn-stat: allDifferentNumber1TotalPruningHallSetSize=144130898
%%%mzn-stat: allDifferentNumber1NumberOfPruningExplanations=14279018
%%%mzn-stat: allDifferentNumber1MaxPruningHallSetSize=71
%%%mzn-stat: allDifferentNumber1TotalFixedEdgesAtConflict=17867240
%%%mzn-stat: allDifferentNumber1TotalVarsInvolvedInPruning=11304768
%%%mzn-stat: allDifferentNumber1MaxValuesPrunedFromSingleVar=8
%%%mzn-stat: allDifferentNumber1TotalSccSizeAtPruning=77388208
%%%mzn-stat: allDifferentNumber1NumberOfSccPruningCalls=2786917
%%%mzn-stat: circuitNumber2PropagationsThatFoundConflict=362040
%%%mzn-stat: circuitNumber2TotalFixedEdgesAtConflict=21103500
%%%mzn-stat: circuitNumber2NumberOfConflicts=362040
%%%mzn-stat: circuitNumber2PropagationsThatPruned=151686
%%%mzn-stat: circuitNumber2PropagationsTotal=1791789
%%%mzn-stat: AverageConflictSize=32.71534912782448
%%%mzn-stat: NumUnitNogoodsLearned=0
%%%mzn-stat: AverageLearnedNogoodLength=112.43315992596997
%%%mzn-stat: AverageBacktrackAmount=0
%%%mzn-stat: AverageLbd=26.397845997577587
%%%mzn-stat: 2AutonomousSearchNumBackupCalled=17781
%%%mzn-stat: 2AutonomousSearchNumPredicatesRemoved=0
%%%mzn-stat: 2AutonomousSearchNumCalls=17799
%%%mzn-stat: 2AutonomousSearchNumPredicatesAdded=18713
%%%mzn-stat: 2AutonomousSearchAverageSizeOfHeap=3.679644923872128
%%%mzn-stat: 2AutonomousSearchNumAssignedPredicatesEncountered=65494
%%%mzn-stat-end
maxleg = 219;
succ = array1d(1..100,[10, 4, 25, 8, 13, 27, 11, 9, 19, 3, 16, 15, 18, 38, 23, 26, 1, 7, 37, 5, 31, 30, 28, 33, 40, 32, 35, 24, 17, 41, 22, 45, 2, 12, 36, 20, 44, 34, 60, 43, 51, 53, 46, 76, 21, 82, 6, 52, 29, 14, 69, 57, 65, 50, 48, 72, 58, 77, 66, 54, 63, 86, 80, 42, 75, 49, 39, 61, 71, 64, 85, 88, 100, 47, 56, 79, 62, 97, 55, 99, 90, 78, 89, 59, 70, 83, 92, 95, 93, 68, 84, 98, 91, 67, 96, 87, 73, 81, 94, 74]);
% time elapsed: 1740.85 s
----------
%%%mzn-stat: initTime=0.042961442
%%%mzn-stat: objective=217
%%%mzn-stat: nodes=1245570
%%%mzn-stat: restarts=0
%%%mzn-stat: peakDepth=1136
%%%mzn-stat: solveTime=1739.526909463
%%%mzn-stat: variables=1817
%%%mzn-stat: propagators=1449
%%%mzn-stat: failures=1222754
%%%mzn-stat: propagations=40860444
%%%mzn-stat: nogoods=1222754
%%%mzn-stat: numAtomicConstraintsPropagated=0
%%%mzn-stat: allDifferentNumber1PropagationsTotal=4345872
%%%mzn-stat: allDifferentNumber1PropagationsThatFoundConflict=319892
%%%mzn-stat: allDifferentNumber1PropagationsThatPruned=2787046
%%%mzn-stat: allDifferentNumber1TotalValuesPruned=14279831
%%%mzn-stat: allDifferentNumber1TotalHallSetSizeConflict=13525500
%%%mzn-stat: allDifferentNumber1NumberOfConflicts=319892
%%%mzn-stat: allDifferentNumber1MaxHallSetSizeConflict=49
%%%mzn-stat: allDifferentNumber1TotalPruningHallSetSize=144133277
%%%mzn-stat: allDifferentNumber1NumberOfPruningExplanations=14279831
%%%mzn-stat: allDifferentNumber1MaxPruningHallSetSize=71
%%%mzn-stat: allDifferentNumber1TotalFixedEdgesAtConflict=17867240
%%%mzn-stat: allDifferentNumber1TotalVarsInvolvedInPruning=11305499
%%%mzn-stat: allDifferentNumber1MaxValuesPrunedFromSingleVar=8
%%%mzn-stat: allDifferentNumber1TotalSccSizeAtPruning=77388983
%%%mzn-stat: allDifferentNumber1NumberOfSccPruningCalls=2787046
%%%mzn-stat: circuitNumber2PropagationsThatFoundConflict=362043
%%%mzn-stat: circuitNumber2TotalFixedEdgesAtConflict=21103717
%%%mzn-stat: circuitNumber2NumberOfConflicts=362043
%%%mzn-stat: circuitNumber2PropagationsThatPruned=151691
%%%mzn-stat: circuitNumber2PropagationsTotal=1791910
%%%mzn-stat: AverageConflictSize=32.71519455262465
%%%mzn-stat: NumUnitNogoodsLearned=0
%%%mzn-stat: AverageLearnedNogoodLength=112.43263158411258
%%%mzn-stat: AverageBacktrackAmount=0
%%%mzn-stat: AverageLbd=26.39774067392133
%%%mzn-stat: 2AutonomousSearchNumBackupCalled=18694
%%%mzn-stat: 2AutonomousSearchNumPredicatesRemoved=0
%%%mzn-stat: 2AutonomousSearchNumCalls=18713
%%%mzn-stat: 2AutonomousSearchNumPredicatesAdded=19128
%%%mzn-stat: 2AutonomousSearchAverageSizeOfHeap=3.7898252551702027
%%%mzn-stat: 2AutonomousSearchNumAssignedPredicatesEncountered=70919
%%%mzn-stat-end
maxleg = 217;
succ = array1d(1..100,[10, 4, 25, 8, 13, 27, 11, 9, 19, 3, 16, 15, 18, 38, 23, 26, 1, 7, 37, 5, 31, 30, 28, 33, 40, 32, 35, 24, 17, 41, 22, 45, 2, 12, 36, 20, 44, 34, 60, 43, 51, 53, 46, 76, 64, 82, 6, 52, 29, 14, 56, 57, 69, 50, 48, 72, 58, 77, 66, 54, 63, 86, 80, 70, 21, 49, 39, 61, 71, 85, 75, 88, 100, 47, 65, 79, 62, 97, 55, 99, 90, 78, 89, 59, 42, 83, 92, 95, 93, 68, 84, 98, 91, 67, 96, 87, 73, 81, 94, 74]);
% time elapsed: 1740.90 s
----------
%%%mzn-stat: initTime=0.042961442
%%%mzn-stat: objective=217
%%%mzn-stat: nodes=1278260
%%%mzn-stat: restarts=0
%%%mzn-stat: peakDepth=1136
%%%mzn-stat: solveTime=1798.72471445
%%%mzn-stat: variables=1817
%%%mzn-stat: propagators=1449
%%%mzn-stat: failures=1254869
%%%mzn-stat: propagations=43438621
%%%mzn-stat: nogoods=1254869
%%%mzn-stat: numAtomicConstraintsPropagated=0
%%%mzn-stat: allDifferentNumber1PropagationsTotal=4447116
%%%mzn-stat: allDifferentNumber1PropagationsThatFoundConflict=320275
%%%mzn-stat: allDifferentNumber1PropagationsThatPruned=2853491
%%%mzn-stat: allDifferentNumber1TotalValuesPruned=15146934
%%%mzn-stat: allDifferentNumber1TotalHallSetSizeConflict=13528984
%%%mzn-stat: allDifferentNumber1NumberOfConflicts=320275
%%%mzn-stat: allDifferentNumber1MaxHallSetSizeConflict=49
%%%mzn-stat: allDifferentNumber1TotalPruningHallSetSize=155217618
%%%mzn-stat: allDifferentNumber1NumberOfPruningExplanations=15146934
%%%mzn-stat: allDifferentNumber1MaxPruningHallSetSize=71
%%%mzn-stat: allDifferentNumber1TotalFixedEdgesAtConflict=17895006
%%%mzn-stat: allDifferentNumber1TotalVarsInvolvedInPruning=11930483
%%%mzn-stat: allDifferentNumber1MaxValuesPrunedFromSingleVar=8
%%%mzn-stat: allDifferentNumber1TotalSccSizeAtPruning=79299366
%%%mzn-stat: allDifferentNumber1NumberOfSccPruningCalls=2853491
%%%mzn-stat: circuitNumber2PropagationsThatFoundConflict=386656
%%%mzn-stat: circuitNumber2TotalFixedEdgesAtConflict=23156327
%%%mzn-stat: circuitNumber2NumberOfConflicts=386656
%%%mzn-stat: circuitNumber2PropagationsThatPruned=156470
%%%mzn-stat: circuitNumber2PropagationsTotal=1851406
%%%mzn-stat: AverageConflictSize=32.43334961657352
%%%mzn-stat: NumUnitNogoodsLearned=0
%%%mzn-stat: AverageLearnedNogoodLength=112.29635125260087
%%%mzn-stat: AverageBacktrackAmount=0
%%%mzn-stat: AverageLbd=26.598979654449987
%%%mzn-stat: 2AutonomousSearchNumBackupCalled=18694
%%%mzn-stat: 2AutonomousSearchNumPredicatesRemoved=0
%%%mzn-stat: 2AutonomousSearchNumCalls=18713
%%%mzn-stat: 2AutonomousSearchNumPredicatesAdded=22258
%%%mzn-stat: 2AutonomousSearchAverageSizeOfHeap=3.7898252551702027
%%%mzn-stat: 2AutonomousSearchNumAssignedPredicatesEncountered=70919
%%%mzn-stat-end
