% Logging successfully configured
%%%mzn-stat: initTime=0.006343346
%%%mzn-stat: objective=1027
%%%mzn-stat: nodes=412
%%%mzn-stat: restarts=0
%%%mzn-stat: peakDepth=411
%%%mzn-stat: solveTime=0.002292339
%%%mzn-stat: variables=956
%%%mzn-stat: propagators=597
%%%mzn-stat: failures=1
%%%mzn-stat: propagations=1951
%%%mzn-stat: nogoods=1
%%%mzn-stat: numAtomicConstraintsPropagated=0
%%%mzn-stat: allDifferentNumber1PropagationsTotal=61
%%%mzn-stat: allDifferentNumber1PropagationsThatFoundConflict=0
%%%mzn-stat: allDifferentNumber1PropagationsThatPruned=32
%%%mzn-stat: allDifferentNumber1TotalValuesPruned=169
%%%mzn-stat: allDifferentNumber1TotalHallSetSizeConflict=0
%%%mzn-stat: allDifferentNumber1NumberOfConflicts=0
%%%mzn-stat: allDifferentNumber1MaxHallSetSizeConflict=0
%%%mzn-stat: allDifferentNumber1TotalPruningHallSetSize=969
%%%mzn-stat: allDifferentNumber1NumberOfPruningExplanations=169
%%%mzn-stat: allDifferentNumber1MaxPruningHallSetSize=49
%%%mzn-stat: allDifferentNumber1TotalFixedEdgesAtConflict=0
%%%mzn-stat: allDifferentNumber1TotalVarsInvolvedInPruning=147
%%%mzn-stat: allDifferentNumber1MaxValuesPrunedFromSingleVar=9
%%%mzn-stat: allDifferentNumber1TotalSccSizeAtPruning=302
%%%mzn-stat: allDifferentNumber1NumberOfSccPruningCalls=32
%%%mzn-stat: circuitNumber2PropagationsThatFoundConflict=1
%%%mzn-stat: circuitNumber2TotalFixedEdgesAtConflict=50
%%%mzn-stat: circuitNumber2NumberOfConflicts=1
%%%mzn-stat: circuitNumber2PropagationsThatPruned=1
%%%mzn-stat: circuitNumber2PropagationsTotal=32
%%%mzn-stat: AverageConflictSize=39
%%%mzn-stat: NumUnitNogoodsLearned=0
%%%mzn-stat: AverageLearnedNogoodLength=40
%%%mzn-stat: AverageBacktrackAmount=0
%%%mzn-stat: AverageLbd=25
%%%mzn-stat: 2AutonomousSearchNumBackupCalled=384
%%%mzn-stat: 2AutonomousSearchNumPredicatesRemoved=0
%%%mzn-stat: 2AutonomousSearchNumCalls=385
%%%mzn-stat: 2AutonomousSearchNumPredicatesAdded=52
%%%mzn-stat: 2AutonomousSearchAverageSizeOfHeap=0.13506493506493505
%%%mzn-stat: 2AutonomousSearchNumAssignedPredicatesEncountered=52
%%%mzn-stat-end
maxleg = 1027;
succ = array1d(1..50,[5, 1, 17, 9, 20, 11, 2, 15, 10, 14, 13, 7, 8, 12, 27, 3, 33, 4, 35, 19, 24, 6, 18, 40, 22, 32, 47, 29, 36, 37, 41, 25, 42, 50, 26, 46, 45, 16, 44, 49, 38, 28, 34, 21, 43, 48, 31, 39, 30, 23]);
% time elapsed: 0.25 s
----------
%%%mzn-stat: initTime=0.006343346
%%%mzn-stat: objective=977
%%%mzn-stat: nodes=805
%%%mzn-stat: restarts=0
%%%mzn-stat: peakDepth=411
%%%mzn-stat: solveTime=0.005206176
%%%mzn-stat: variables=956
%%%mzn-stat: propagators=597
%%%mzn-stat: failures=5
%%%mzn-stat: propagations=3134
%%%mzn-stat: nogoods=5
%%%mzn-stat: numAtomicConstraintsPropagated=0
%%%mzn-stat: allDifferentNumber1PropagationsTotal=123
%%%mzn-stat: allDifferentNumber1PropagationsThatFoundConflict=2
%%%mzn-stat: allDifferentNumber1PropagationsThatPruned=64
%%%mzn-stat: allDifferentNumber1TotalValuesPruned=403
%%%mzn-stat: allDifferentNumber1TotalHallSetSizeConflict=5
%%%mzn-stat: allDifferentNumber1NumberOfConflicts=2
%%%mzn-stat: allDifferentNumber1MaxHallSetSizeConflict=3
%%%mzn-stat: allDifferentNumber1TotalPruningHallSetSize=2096
%%%mzn-stat: allDifferentNumber1NumberOfPruningExplanations=403
%%%mzn-stat: allDifferentNumber1MaxPruningHallSetSize=49
%%%mzn-stat: allDifferentNumber1TotalFixedEdgesAtConflict=91
%%%mzn-stat: allDifferentNumber1TotalVarsInvolvedInPruning=330
%%%mzn-stat: allDifferentNumber1MaxValuesPrunedFromSingleVar=9
%%%mzn-stat: allDifferentNumber1TotalSccSizeAtPruning=550
%%%mzn-stat: allDifferentNumber1NumberOfSccPruningCalls=64
%%%mzn-stat: circuitNumber2PropagationsThatFoundConflict=3
%%%mzn-stat: circuitNumber2TotalFixedEdgesAtConflict=150
%%%mzn-stat: circuitNumber2NumberOfConflicts=3
%%%mzn-stat: circuitNumber2PropagationsThatPruned=6
%%%mzn-stat: circuitNumber2PropagationsTotal=64
%%%mzn-stat: AverageConflictSize=20.2
%%%mzn-stat: NumUnitNogoodsLearned=0
%%%mzn-stat: AverageLearnedNogoodLength=31.2
%%%mzn-stat: AverageBacktrackAmount=0
%%%mzn-stat: AverageLbd=18
%%%mzn-stat: 2AutonomousSearchNumBackupCalled=749
%%%mzn-stat: 2AutonomousSearchNumPredicatesRemoved=0
%%%mzn-stat: 2AutonomousSearchNumCalls=751
%%%mzn-stat: 2AutonomousSearchNumPredicatesAdded=312
%%%mzn-stat: 2AutonomousSearchAverageSizeOfHeap=0.4447403462050599
%%%mzn-stat: 2AutonomousSearchNumAssignedPredicatesEncountered=334
%%%mzn-stat-end
maxleg = 977;
succ = array1d(1..50,[5, 1, 17, 9, 20, 11, 2, 15, 10, 14, 13, 7, 8, 12, 27, 3, 33, 4, 35, 19, 24, 6, 18, 50, 39, 45, 47, 29, 36, 37, 41, 26, 32, 21, 25, 46, 42, 16, 44, 22, 49, 38, 34, 28, 43, 48, 31, 40, 30, 23]);
% time elapsed: 0.25 s
----------
%%%mzn-stat: initTime=0.006343346
%%%mzn-stat: objective=943
%%%mzn-stat: nodes=1178
%%%mzn-stat: restarts=0
%%%mzn-stat: peakDepth=411
%%%mzn-stat: solveTime=0.007191567
%%%mzn-stat: variables=956
%%%mzn-stat: propagators=597
%%%mzn-stat: failures=5
%%%mzn-stat: propagations=4140
%%%mzn-stat: nogoods=5
%%%mzn-stat: numAtomicConstraintsPropagated=0
%%%mzn-stat: allDifferentNumber1PropagationsTotal=174
%%%mzn-stat: allDifferentNumber1PropagationsThatFoundConflict=2
%%%mzn-stat: allDifferentNumber1PropagationsThatPruned=90
%%%mzn-stat: allDifferentNumber1TotalValuesPruned=558
%%%mzn-stat: allDifferentNumber1TotalHallSetSizeConflict=5
%%%mzn-stat: allDifferentNumber1NumberOfConflicts=2
%%%mzn-stat: allDifferentNumber1MaxHallSetSizeConflict=3
%%%mzn-stat: allDifferentNumber1TotalPruningHallSetSize=3032
%%%mzn-stat: allDifferentNumber1NumberOfPruningExplanations=558
%%%mzn-stat: allDifferentNumber1MaxPruningHallSetSize=49
%%%mzn-stat: allDifferentNumber1TotalFixedEdgesAtConflict=91
%%%mzn-stat: allDifferentNumber1TotalVarsInvolvedInPruning=459
%%%mzn-stat: allDifferentNumber1MaxValuesPrunedFromSingleVar=9
%%%mzn-stat: allDifferentNumber1TotalSccSizeAtPruning=877
%%%mzn-stat: allDifferentNumber1NumberOfSccPruningCalls=90
%%%mzn-stat: circuitNumber2PropagationsThatFoundConflict=3
%%%mzn-stat: circuitNumber2TotalFixedEdgesAtConflict=150
%%%mzn-stat: circuitNumber2NumberOfConflicts=3
%%%mzn-stat: circuitNumber2PropagationsThatPruned=8
%%%mzn-stat: circuitNumber2PropagationsTotal=91
%%%mzn-stat: AverageConflictSize=20.2
%%%mzn-stat: NumUnitNogoodsLearned=0
%%%mzn-stat: AverageLearnedNogoodLength=31.2
%%%mzn-stat: AverageBacktrackAmount=0
%%%mzn-stat: AverageLbd=18
%%%mzn-stat: 2AutonomousSearchNumBackupCalled=1097
%%%mzn-stat: 2AutonomousSearchNumPredicatesRemoved=0
%%%mzn-stat: 2AutonomousSearchNumCalls=1100
%%%mzn-stat: 2AutonomousSearchNumPredicatesAdded=312
%%%mzn-stat: 2AutonomousSearchAverageSizeOfHeap=0.56
%%%mzn-stat: 2AutonomousSearchNumAssignedPredicatesEncountered=616
%%%mzn-stat-end
maxleg = 943;
succ = array1d(1..50,[5, 1, 17, 9, 20, 11, 2, 15, 10, 14, 13, 7, 8, 12, 27, 3, 33, 4, 35, 19, 29, 6, 18, 40, 22, 45, 47, 21, 36, 37, 41, 34, 42, 50, 26, 46, 25, 16, 44, 49, 38, 28, 24, 32, 43, 48, 31, 39, 30, 23]);
% time elapsed: 0.25 s
----------
%%%mzn-stat: initTime=0.006343346
%%%mzn-stat: objective=884
%%%mzn-stat: nodes=1543
%%%mzn-stat: restarts=0
%%%mzn-stat: peakDepth=411
%%%mzn-stat: solveTime=0.010100947
%%%mzn-stat: variables=956
%%%mzn-stat: propagators=597
%%%mzn-stat: failures=8
%%%mzn-stat: propagations=5289
%%%mzn-stat: nogoods=8
%%%mzn-stat: numAtomicConstraintsPropagated=0
%%%mzn-stat: allDifferentNumber1PropagationsTotal=228
%%%mzn-stat: allDifferentNumber1PropagationsThatFoundConflict=2
%%%mzn-stat: allDifferentNumber1PropagationsThatPruned=118
%%%mzn-stat: allDifferentNumber1TotalValuesPruned=782
%%%mzn-stat: allDifferentNumber1TotalHallSetSizeConflict=5
%%%mzn-stat: allDifferentNumber1NumberOfConflicts=2
%%%mzn-stat: allDifferentNumber1MaxHallSetSizeConflict=3
%%%mzn-stat: allDifferentNumber1TotalPruningHallSetSize=4684
%%%mzn-stat: allDifferentNumber1NumberOfPruningExplanations=782
%%%mzn-stat: allDifferentNumber1MaxPruningHallSetSize=49
%%%mzn-stat: allDifferentNumber1TotalFixedEdgesAtConflict=91
%%%mzn-stat: allDifferentNumber1TotalVarsInvolvedInPruning=622
%%%mzn-stat: allDifferentNumber1MaxValuesPrunedFromSingleVar=9
%%%mzn-stat: allDifferentNumber1TotalSccSizeAtPruning=1211
%%%mzn-stat: allDifferentNumber1NumberOfSccPruningCalls=118
%%%mzn-stat: circuitNumber2PropagationsThatFoundConflict=6
%%%mzn-stat: circuitNumber2TotalFixedEdgesAtConflict=280
%%%mzn-stat: circuitNumber2NumberOfConflicts=6
%%%mzn-stat: circuitNumber2PropagationsThatPruned=9
%%%mzn-stat: circuitNumber2PropagationsTotal=119
%%%mzn-stat: AverageConflictSize=17.625
%%%mzn-stat: NumUnitNogoodsLearned=0
%%%mzn-stat: AverageLearnedNogoodLength=30.75
%%%mzn-stat: AverageBacktrackAmount=0
%%%mzn-stat: AverageLbd=18.375
%%%mzn-stat: 2AutonomousSearchNumBackupCalled=1436
%%%mzn-stat: 2AutonomousSearchNumPredicatesRemoved=0
%%%mzn-stat: 2AutonomousSearchNumCalls=1440
%%%mzn-stat: 2AutonomousSearchNumPredicatesAdded=530
%%%mzn-stat: 2AutonomousSearchAverageSizeOfHeap=0.7041666666666667
%%%mzn-stat: 2AutonomousSearchNumAssignedPredicatesEncountered=1014
%%%mzn-stat-end
maxleg = 884;
succ = array1d(1..50,[5, 1, 17, 9, 20, 11, 2, 15, 10, 14, 13, 7, 21, 8, 27, 3, 33, 4, 35, 19, 24, 37, 12, 40, 22, 45, 25, 29, 36, 31, 47, 34, 42, 50, 26, 46, 6, 16, 44, 49, 38, 48, 28, 32, 43, 41, 39, 18, 30, 23]);
% time elapsed: 0.25 s
----------
%%%mzn-stat: initTime=0.006343346
%%%mzn-stat: objective=853
%%%mzn-stat: nodes=1902
%%%mzn-stat: restarts=0
%%%mzn-stat: peakDepth=411
%%%mzn-stat: solveTime=0.013566122
%%%mzn-stat: variables=956
%%%mzn-stat: propagators=597
%%%mzn-stat: failures=11
%%%mzn-stat: propagations=6462
%%%mzn-stat: nogoods=11
%%%mzn-stat: numAtomicConstraintsPropagated=0
%%%mzn-stat: allDifferentNumber1PropagationsTotal=289
%%%mzn-stat: allDifferentNumber1PropagationsThatFoundConflict=3
%%%mzn-stat: allDifferentNumber1PropagationsThatPruned=151
%%%mzn-stat: allDifferentNumber1TotalValuesPruned=979
%%%mzn-stat: allDifferentNumber1TotalHallSetSizeConflict=7
%%%mzn-stat: allDifferentNumber1NumberOfConflicts=3
%%%mzn-stat: allDifferentNumber1MaxHallSetSizeConflict=3
%%%mzn-stat: allDifferentNumber1TotalPruningHallSetSize=6172
%%%mzn-stat: allDifferentNumber1NumberOfPruningExplanations=979
%%%mzn-stat: allDifferentNumber1MaxPruningHallSetSize=49
%%%mzn-stat: allDifferentNumber1TotalFixedEdgesAtConflict=138
%%%mzn-stat: allDifferentNumber1TotalVarsInvolvedInPruning=776
%%%mzn-stat: allDifferentNumber1MaxValuesPrunedFromSingleVar=9
%%%mzn-stat: allDifferentNumber1TotalSccSizeAtPruning=1799
%%%mzn-stat: allDifferentNumber1NumberOfSccPruningCalls=151
%%%mzn-stat: circuitNumber2PropagationsThatFoundConflict=8
%%%mzn-stat: circuitNumber2TotalFixedEdgesAtConflict=375
%%%mzn-stat: circuitNumber2NumberOfConflicts=8
%%%mzn-stat: circuitNumber2PropagationsThatPruned=14
%%%mzn-stat: circuitNumber2PropagationsTotal=152
%%%mzn-stat: AverageConflictSize=16.90909090909091
%%%mzn-stat: NumUnitNogoodsLearned=0
%%%mzn-stat: AverageLearnedNogoodLength=31.90909090909091
%%%mzn-stat: AverageBacktrackAmount=0
%%%mzn-stat: AverageLbd=18.90909090909091
%%%mzn-stat: 2AutonomousSearchNumBackupCalled=1768
%%%mzn-stat: 2AutonomousSearchNumPredicatesRemoved=0
%%%mzn-stat: 2AutonomousSearchNumCalls=1773
%%%mzn-stat: 2AutonomousSearchNumPredicatesAdded=884
%%%mzn-stat: 2AutonomousSearchAverageSizeOfHeap=0.8900169204737732
%%%mzn-stat: 2AutonomousSearchNumAssignedPredicatesEncountered=1578
%%%mzn-stat-end
maxleg = 853;
succ = array1d(1..50,[5, 1, 18, 9, 20, 11, 2, 15, 10, 14, 13, 7, 21, 8, 27, 3, 33, 4, 35, 19, 24, 6, 12, 44, 26, 45, 47, 29, 36, 37, 41, 34, 42, 50, 17, 46, 25, 16, 31, 22, 49, 38, 28, 32, 43, 48, 39, 40, 30, 23]);
% time elapsed: 0.26 s
----------
%%%mzn-stat: initTime=0.006343346
%%%mzn-stat: objective=836
%%%mzn-stat: nodes=2257
%%%mzn-stat: restarts=0
%%%mzn-stat: peakDepth=411
%%%mzn-stat: solveTime=0.015576089
%%%mzn-stat: variables=956
%%%mzn-stat: propagators=597
%%%mzn-stat: failures=12
%%%mzn-stat: propagations=7538
%%%mzn-stat: nogoods=12
%%%mzn-stat: numAtomicConstraintsPropagated=0
%%%mzn-stat: allDifferentNumber1PropagationsTotal=343
%%%mzn-stat: allDifferentNumber1PropagationsThatFoundConflict=3
%%%mzn-stat: allDifferentNumber1PropagationsThatPruned=179
%%%mzn-stat: allDifferentNumber1TotalValuesPruned=1133
%%%mzn-stat: allDifferentNumber1TotalHallSetSizeConflict=7
%%%mzn-stat: allDifferentNumber1NumberOfConflicts=3
%%%mzn-stat: allDifferentNumber1MaxHallSetSizeConflict=3
%%%mzn-stat: allDifferentNumber1TotalPruningHallSetSize=7127
%%%mzn-stat: allDifferentNumber1NumberOfPruningExplanations=1133
%%%mzn-stat: allDifferentNumber1MaxPruningHallSetSize=49
%%%mzn-stat: allDifferentNumber1TotalFixedEdgesAtConflict=138
%%%mzn-stat: allDifferentNumber1TotalVarsInvolvedInPruning=910
%%%mzn-stat: allDifferentNumber1MaxValuesPrunedFromSingleVar=9
%%%mzn-stat: allDifferentNumber1TotalSccSizeAtPruning=2152
%%%mzn-stat: allDifferentNumber1NumberOfSccPruningCalls=179
%%%mzn-stat: circuitNumber2PropagationsThatFoundConflict=9
%%%mzn-stat: circuitNumber2TotalFixedEdgesAtConflict=420
%%%mzn-stat: circuitNumber2NumberOfConflicts=9
%%%mzn-stat: circuitNumber2PropagationsThatPruned=16
%%%mzn-stat: circuitNumber2PropagationsTotal=181
%%%mzn-stat: AverageConflictSize=16.166666666666668
%%%mzn-stat: NumUnitNogoodsLearned=0
%%%mzn-stat: AverageLearnedNogoodLength=31.583333333333332
%%%mzn-stat: AverageBacktrackAmount=0
%%%mzn-stat: AverageLbd=18.25
%%%mzn-stat: 2AutonomousSearchNumBackupCalled=2099
%%%mzn-stat: 2AutonomousSearchNumPredicatesRemoved=0
%%%mzn-stat: 2AutonomousSearchNumCalls=2105
%%%mzn-stat: 2AutonomousSearchNumPredicatesAdded=1002
%%%mzn-stat: 2AutonomousSearchAverageSizeOfHeap=1.0209026128266032
%%%mzn-stat: 2AutonomousSearchNumAssignedPredicatesEncountered=2149
%%%mzn-stat-end
maxleg = 836;
succ = array1d(1..50,[5, 1, 18, 9, 20, 11, 2, 15, 10, 14, 13, 7, 21, 12, 27, 3, 33, 4, 35, 19, 8, 6, 22, 44, 26, 45, 47, 29, 36, 37, 41, 34, 42, 50, 17, 46, 25, 16, 31, 49, 38, 28, 24, 32, 43, 48, 39, 40, 30, 23]);
% time elapsed: 0.26 s
----------
%%%mzn-stat: initTime=0.006343346
%%%mzn-stat: objective=819
%%%mzn-stat: nodes=2596
%%%mzn-stat: restarts=0
%%%mzn-stat: peakDepth=411
%%%mzn-stat: solveTime=0.017350359
%%%mzn-stat: variables=956
%%%mzn-stat: propagators=597
%%%mzn-stat: failures=12
%%%mzn-stat: propagations=8564
%%%mzn-stat: nogoods=12
%%%mzn-stat: numAtomicConstraintsPropagated=0
%%%mzn-stat: allDifferentNumber1PropagationsTotal=393
%%%mzn-stat: allDifferentNumber1PropagationsThatFoundConflict=3
%%%mzn-stat: allDifferentNumber1PropagationsThatPruned=205
%%%mzn-stat: allDifferentNumber1TotalValuesPruned=1275
%%%mzn-stat: allDifferentNumber1TotalHallSetSizeConflict=7
%%%mzn-stat: allDifferentNumber1NumberOfConflicts=3
%%%mzn-stat: allDifferentNumber1MaxHallSetSizeConflict=3
%%%mzn-stat: allDifferentNumber1TotalPruningHallSetSize=7997
%%%mzn-stat: allDifferentNumber1NumberOfPruningExplanations=1275
%%%mzn-stat: allDifferentNumber1MaxPruningHallSetSize=49
%%%mzn-stat: allDifferentNumber1TotalFixedEdgesAtConflict=138
%%%mzn-stat: allDifferentNumber1TotalVarsInvolvedInPruning=1034
%%%mzn-stat: allDifferentNumber1MaxValuesPrunedFromSingleVar=9
%%%mzn-stat: allDifferentNumber1TotalSccSizeAtPruning=2481
%%%mzn-stat: allDifferentNumber1NumberOfSccPruningCalls=205
%%%mzn-stat: circuitNumber2PropagationsThatFoundConflict=9
%%%mzn-stat: circuitNumber2TotalFixedEdgesAtConflict=420
%%%mzn-stat: circuitNumber2NumberOfConflicts=9
%%%mzn-stat: circuitNumber2PropagationsThatPruned=18
%%%mzn-stat: circuitNumber2PropagationsTotal=207
%%%mzn-stat: AverageConflictSize=16.166666666666668
%%%mzn-stat: NumUnitNogoodsLearned=0
%%%mzn-stat: AverageLearnedNogoodLength=31.583333333333332
%%%mzn-stat: AverageBacktrackAmount=0
%%%mzn-stat: AverageLbd=18.25
%%%mzn-stat: 2AutonomousSearchNumBackupCalled=2416
%%%mzn-stat: 2AutonomousSearchNumPredicatesRemoved=0
%%%mzn-stat: 2AutonomousSearchNumCalls=2423
%%%mzn-stat: 2AutonomousSearchNumPredicatesAdded=1002
%%%mzn-stat: 2AutonomousSearchAverageSizeOfHeap=1.122575319851424
%%%mzn-stat: 2AutonomousSearchNumAssignedPredicatesEncountered=2720
%%%mzn-stat-end
maxleg = 819;
succ = array1d(1..50,[5, 1, 18, 9, 20, 11, 2, 15, 10, 14, 13, 7, 21, 12, 27, 3, 33, 4, 35, 19, 8, 6, 22, 44, 26, 45, 47, 29, 36, 37, 42, 34, 32, 50, 17, 46, 25, 16, 31, 49, 38, 48, 24, 28, 43, 41, 39, 40, 30, 23]);
% time elapsed: 0.26 s
----------
%%%mzn-stat: initTime=0.006343346
%%%mzn-stat: objective=818
%%%mzn-stat: nodes=2942
%%%mzn-stat: restarts=0
%%%mzn-stat: peakDepth=411
%%%mzn-stat: solveTime=0.019796672
%%%mzn-stat: variables=956
%%%mzn-stat: propagators=597
%%%mzn-stat: failures=13
%%%mzn-stat: propagations=9561
%%%mzn-stat: nogoods=13
%%%mzn-stat: numAtomicConstraintsPropagated=0
%%%mzn-stat: allDifferentNumber1PropagationsTotal=439
%%%mzn-stat: allDifferentNumber1PropagationsThatFoundConflict=3
%%%mzn-stat: allDifferentNumber1PropagationsThatPruned=229
%%%mzn-stat: allDifferentNumber1TotalValuesPruned=1423
%%%mzn-stat: allDifferentNumber1TotalHallSetSizeConflict=7
%%%mzn-stat: allDifferentNumber1NumberOfConflicts=3
%%%mzn-stat: allDifferentNumber1MaxHallSetSizeConflict=3
%%%mzn-stat: allDifferentNumber1TotalPruningHallSetSize=8966
%%%mzn-stat: allDifferentNumber1NumberOfPruningExplanations=1423
%%%mzn-stat: allDifferentNumber1MaxPruningHallSetSize=49
%%%mzn-stat: allDifferentNumber1TotalFixedEdgesAtConflict=138
%%%mzn-stat: allDifferentNumber1TotalVarsInvolvedInPruning=1152
%%%mzn-stat: allDifferentNumber1MaxValuesPrunedFromSingleVar=9
%%%mzn-stat: allDifferentNumber1TotalSccSizeAtPruning=2825
%%%mzn-stat: allDifferentNumber1NumberOfSccPruningCalls=229
%%%mzn-stat: circuitNumber2PropagationsThatFoundConflict=10
%%%mzn-stat: circuitNumber2TotalFixedEdgesAtConflict=465
%%%mzn-stat: circuitNumber2NumberOfConflicts=10
%%%mzn-stat: circuitNumber2PropagationsThatPruned=20
%%%mzn-stat: circuitNumber2PropagationsTotal=231
%%%mzn-stat: AverageConflictSize=15.461538461538462
%%%mzn-stat: NumUnitNogoodsLearned=0
%%%mzn-stat: AverageLearnedNogoodLength=30.076923076923077
%%%mzn-stat: AverageBacktrackAmount=0
%%%mzn-stat: AverageLbd=17.23076923076923
%%%mzn-stat: 2AutonomousSearchNumBackupCalled=2742
%%%mzn-stat: 2AutonomousSearchNumPredicatesRemoved=0
%%%mzn-stat: 2AutonomousSearchNumCalls=2750
%%%mzn-stat: 2AutonomousSearchNumPredicatesAdded=1032
%%%mzn-stat: 2AutonomousSearchAverageSizeOfHeap=1.202909090909091
%%%mzn-stat: 2AutonomousSearchNumAssignedPredicatesEncountered=3308
%%%mzn-stat-end
maxleg = 818;
succ = array1d(1..50,[5, 1, 18, 9, 20, 11, 2, 15, 10, 14, 13, 7, 21, 12, 27, 41, 33, 4, 35, 19, 8, 6, 22, 44, 26, 45, 47, 29, 36, 37, 42, 34, 32, 50, 17, 46, 25, 16, 31, 3, 49, 38, 24, 28, 43, 48, 39, 40, 30, 23]);
% time elapsed: 0.27 s
----------
%%%mzn-stat: initTime=0.006343346
%%%mzn-stat: objective=761
%%%mzn-stat: nodes=3259
%%%mzn-stat: restarts=0
%%%mzn-stat: peakDepth=411
%%%mzn-stat: solveTime=0.022263402
%%%mzn-stat: variables=956
%%%mzn-stat: propagators=597
%%%mzn-stat: failures=15
%%%mzn-stat: propagations=10724
%%%mzn-stat: nogoods=15
%%%mzn-stat: numAtomicConstraintsPropagated=0
%%%mzn-stat: allDifferentNumber1PropagationsTotal=494
%%%mzn-stat: allDifferentNumber1PropagationsThatFoundConflict=5
%%%mzn-stat: allDifferentNumber1PropagationsThatPruned=257
%%%mzn-stat: allDifferentNumber1TotalValuesPruned=1603
%%%mzn-stat: allDifferentNumber1TotalHallSetSizeConflict=11
%%%mzn-stat: allDifferentNumber1NumberOfConflicts=5
%%%mzn-stat: allDifferentNumber1MaxHallSetSizeConflict=3
%%%mzn-stat: allDifferentNumber1TotalPruningHallSetSize=10213
%%%mzn-stat: allDifferentNumber1NumberOfPruningExplanations=1603
%%%mzn-stat: allDifferentNumber1MaxPruningHallSetSize=49
%%%mzn-stat: allDifferentNumber1TotalFixedEdgesAtConflict=236
%%%mzn-stat: allDifferentNumber1TotalVarsInvolvedInPruning=1288
%%%mzn-stat: allDifferentNumber1MaxValuesPrunedFromSingleVar=9
%%%mzn-stat: allDifferentNumber1TotalSccSizeAtPruning=3138
%%%mzn-stat: allDifferentNumber1NumberOfSccPruningCalls=257
%%%mzn-stat: circuitNumber2PropagationsThatFoundConflict=10
%%%mzn-stat: circuitNumber2TotalFixedEdgesAtConflict=465
%%%mzn-stat: circuitNumber2NumberOfConflicts=10
%%%mzn-stat: circuitNumber2PropagationsThatPruned=25
%%%mzn-stat: circuitNumber2PropagationsTotal=259
%%%mzn-stat: AverageConflictSize=13.666666666666666
%%%mzn-stat: NumUnitNogoodsLearned=0
%%%mzn-stat: AverageLearnedNogoodLength=31.266666666666666
%%%mzn-stat: AverageBacktrackAmount=0
%%%mzn-stat: AverageLbd=16.8
%%%mzn-stat: 2AutonomousSearchNumBackupCalled=3035
%%%mzn-stat: 2AutonomousSearchNumPredicatesRemoved=0
%%%mzn-stat: 2AutonomousSearchNumCalls=3044
%%%mzn-stat: 2AutonomousSearchNumPredicatesAdded=1436
%%%mzn-stat: 2AutonomousSearchAverageSizeOfHeap=1.3511826544021024
%%%mzn-stat: 2AutonomousSearchNumAssignedPredicatesEncountered=4113
%%%mzn-stat-end
maxleg = 761;
succ = array1d(1..50,[5, 1, 18, 9, 20, 11, 2, 15, 10, 34, 13, 7, 21, 12, 27, 41, 33, 4, 35, 19, 8, 37, 6, 44, 39, 45, 25, 29, 36, 3, 47, 26, 32, 50, 17, 46, 42, 16, 31, 22, 49, 38, 24, 28, 43, 48, 14, 40, 30, 23]);
% time elapsed: 0.27 s
----------
%%%mzn-stat: initTime=0.006343346
%%%mzn-stat: objective=750
%%%mzn-stat: nodes=3571
%%%mzn-stat: restarts=0
%%%mzn-stat: peakDepth=411
%%%mzn-stat: solveTime=0.02508578
%%%mzn-stat: variables=956
%%%mzn-stat: propagators=597
%%%mzn-stat: failures=18
%%%mzn-stat: propagations=11886
%%%mzn-stat: nogoods=18
%%%mzn-stat: numAtomicConstraintsPropagated=0
%%%mzn-stat: allDifferentNumber1PropagationsTotal=550
%%%mzn-stat: allDifferentNumber1PropagationsThatFoundConflict=7
%%%mzn-stat: allDifferentNumber1PropagationsThatPruned=286
%%%mzn-stat: allDifferentNumber1TotalValuesPruned=1750
%%%mzn-stat: allDifferentNumber1TotalHallSetSizeConflict=15
%%%mzn-stat: allDifferentNumber1NumberOfConflicts=7
%%%mzn-stat: allDifferentNumber1MaxHallSetSizeConflict=3
%%%mzn-stat: allDifferentNumber1TotalPruningHallSetSize=11016
%%%mzn-stat: allDifferentNumber1NumberOfPruningExplanations=1750
%%%mzn-stat: allDifferentNumber1MaxPruningHallSetSize=49
%%%mzn-stat: allDifferentNumber1TotalFixedEdgesAtConflict=334
%%%mzn-stat: allDifferentNumber1TotalVarsInvolvedInPruning=1419
%%%mzn-stat: allDifferentNumber1MaxValuesPrunedFromSingleVar=9
%%%mzn-stat: allDifferentNumber1TotalSccSizeAtPruning=3471
%%%mzn-stat: allDifferentNumber1NumberOfSccPruningCalls=286
%%%mzn-stat: circuitNumber2PropagationsThatFoundConflict=11
%%%mzn-stat: circuitNumber2TotalFixedEdgesAtConflict=512
%%%mzn-stat: circuitNumber2NumberOfConflicts=11
%%%mzn-stat: circuitNumber2PropagationsThatPruned=29
%%%mzn-stat: circuitNumber2PropagationsTotal=288
%%%mzn-stat: AverageConflictSize=12.5
%%%mzn-stat: NumUnitNogoodsLearned=0
%%%mzn-stat: AverageLearnedNogoodLength=31.11111111111111
%%%mzn-stat: AverageBacktrackAmount=0
%%%mzn-stat: AverageLbd=16.22222222222222
%%%mzn-stat: 2AutonomousSearchNumBackupCalled=3323
%%%mzn-stat: 2AutonomousSearchNumPredicatesRemoved=0
%%%mzn-stat: 2AutonomousSearchNumCalls=3333
%%%mzn-stat: 2AutonomousSearchNumPredicatesAdded=1624
%%%mzn-stat: 2AutonomousSearchAverageSizeOfHeap=1.4863486348634865
%%%mzn-stat: 2AutonomousSearchNumAssignedPredicatesEncountered=4954
%%%mzn-stat-end
maxleg = 750;
succ = array1d(1..50,[5, 1, 18, 9, 20, 11, 2, 15, 10, 34, 13, 7, 21, 12, 27, 41, 33, 4, 35, 19, 37, 6, 22, 50, 39, 8, 25, 29, 36, 31, 47, 26, 32, 45, 17, 46, 42, 16, 44, 3, 49, 14, 24, 28, 43, 48, 23, 40, 30, 38]);
% time elapsed: 0.27 s
----------
%%%mzn-stat: initTime=0.006343346
%%%mzn-stat: objective=729
%%%mzn-stat: nodes=3860
%%%mzn-stat: restarts=0
%%%mzn-stat: peakDepth=411
%%%mzn-stat: solveTime=0.026616814
%%%mzn-stat: variables=956
%%%mzn-stat: propagators=597
%%%mzn-stat: failures=18
%%%mzn-stat: propagations=12937
%%%mzn-stat: nogoods=18
%%%mzn-stat: numAtomicConstraintsPropagated=0
%%%mzn-stat: allDifferentNumber1PropagationsTotal=590
%%%mzn-stat: allDifferentNumber1PropagationsThatFoundConflict=7
%%%mzn-stat: allDifferentNumber1PropagationsThatPruned=308
%%%mzn-stat: allDifferentNumber1TotalValuesPruned=1889
%%%mzn-stat: allDifferentNumber1TotalHallSetSizeConflict=15
%%%mzn-stat: allDifferentNumber1NumberOfConflicts=7
%%%mzn-stat: allDifferentNumber1MaxHallSetSizeConflict=3
%%%mzn-stat: allDifferentNumber1TotalPruningHallSetSize=11810
%%%mzn-stat: allDifferentNumber1NumberOfPruningExplanations=1889
%%%mzn-stat: allDifferentNumber1MaxPruningHallSetSize=49
%%%mzn-stat: allDifferentNumber1TotalFixedEdgesAtConflict=334
%%%mzn-stat: allDifferentNumber1TotalVarsInvolvedInPruning=1539
%%%mzn-stat: allDifferentNumber1MaxValuesPrunedFromSingleVar=9
%%%mzn-stat: allDifferentNumber1TotalSccSizeAtPruning=3725
%%%mzn-stat: allDifferentNumber1NumberOfSccPruningCalls=308
%%%mzn-stat: circuitNumber2PropagationsThatFoundConflict=11
%%%mzn-stat: circuitNumber2TotalFixedEdgesAtConflict=512
%%%mzn-stat: circuitNumber2NumberOfConflicts=11
%%%mzn-stat: circuitNumber2PropagationsThatPruned=34
%%%mzn-stat: circuitNumber2PropagationsTotal=310
%%%mzn-stat: AverageConflictSize=12.5
%%%mzn-stat: NumUnitNogoodsLearned=0
%%%mzn-stat: AverageLearnedNogoodLength=31.11111111111111
%%%mzn-stat: AverageBacktrackAmount=0
%%%mzn-stat: AverageLbd=16.22222222222222
%%%mzn-stat: 2AutonomousSearchNumBackupCalled=3595
%%%mzn-stat: 2AutonomousSearchNumPredicatesRemoved=0
%%%mzn-stat: 2AutonomousSearchNumCalls=3606
%%%mzn-stat: 2AutonomousSearchNumPredicatesAdded=1624
%%%mzn-stat: 2AutonomousSearchAverageSizeOfHeap=1.6070438158624514
%%%mzn-stat: 2AutonomousSearchNumAssignedPredicatesEncountered=5795
%%%mzn-stat-end
maxleg = 729;
succ = array1d(1..50,[5, 1, 18, 9, 20, 11, 2, 15, 10, 34, 13, 7, 21, 12, 27, 41, 33, 4, 35, 19, 49, 37, 22, 44, 39, 8, 25, 29, 6, 50, 47, 26, 42, 36, 17, 28, 45, 16, 31, 3, 46, 38, 24, 32, 43, 48, 14, 40, 30, 23]);
% time elapsed: 0.28 s
----------
==========
% time elapsed: 0.28 s
%%%mzn-stat: initTime=0.006343346
%%%mzn-stat: objective=729
%%%mzn-stat: nodes=3860
%%%mzn-stat: restarts=0
%%%mzn-stat: peakDepth=411
%%%mzn-stat: solveTime=0.026823306
%%%mzn-stat: variables=956
%%%mzn-stat: propagators=597
%%%mzn-stat: failures=19
%%%mzn-stat: propagations=13139
%%%mzn-stat: nogoods=19
%%%mzn-stat: numAtomicConstraintsPropagated=0
%%%mzn-stat: allDifferentNumber1PropagationsTotal=591
%%%mzn-stat: allDifferentNumber1PropagationsThatFoundConflict=8
%%%mzn-stat: allDifferentNumber1PropagationsThatPruned=308
%%%mzn-stat: allDifferentNumber1TotalValuesPruned=1889
%%%mzn-stat: allDifferentNumber1TotalHallSetSizeConflict=63
%%%mzn-stat: allDifferentNumber1NumberOfConflicts=8
%%%mzn-stat: allDifferentNumber1MaxHallSetSizeConflict=48
%%%mzn-stat: allDifferentNumber1TotalPruningHallSetSize=11810
%%%mzn-stat: allDifferentNumber1NumberOfPruningExplanations=1889
%%%mzn-stat: allDifferentNumber1MaxPruningHallSetSize=49
%%%mzn-stat: allDifferentNumber1TotalFixedEdgesAtConflict=335
%%%mzn-stat: allDifferentNumber1TotalVarsInvolvedInPruning=1539
%%%mzn-stat: allDifferentNumber1MaxValuesPrunedFromSingleVar=9
%%%mzn-stat: allDifferentNumber1TotalSccSizeAtPruning=3725
%%%mzn-stat: allDifferentNumber1NumberOfSccPruningCalls=308
%%%mzn-stat: circuitNumber2PropagationsThatFoundConflict=11
%%%mzn-stat: circuitNumber2TotalFixedEdgesAtConflict=512
%%%mzn-stat: circuitNumber2NumberOfConflicts=11
%%%mzn-stat: circuitNumber2PropagationsThatPruned=34
%%%mzn-stat: circuitNumber2PropagationsTotal=310
%%%mzn-stat: AverageConflictSize=13.526315789473685
%%%mzn-stat: NumUnitNogoodsLearned=1
%%%mzn-stat: AverageLearnedNogoodLength=29.526315789473685
%%%mzn-stat: AverageBacktrackAmount=0
%%%mzn-stat: AverageLbd=15.421052631578947
%%%mzn-stat: 2AutonomousSearchNumBackupCalled=3595
%%%mzn-stat: 2AutonomousSearchNumPredicatesRemoved=0
%%%mzn-stat: 2AutonomousSearchNumCalls=3606
%%%mzn-stat: 2AutonomousSearchNumPredicatesAdded=2055
%%%mzn-stat: 2AutonomousSearchAverageSizeOfHeap=1.6070438158624514
%%%mzn-stat: 2AutonomousSearchNumAssignedPredicatesEncountered=5795
%%%mzn-stat-end
