% Logging successfully configured
%%%mzn-stat: initTime=0.077418262
%%%mzn-stat: objective=554
%%%mzn-stat: nodes=332
%%%mzn-stat: restarts=0
%%%mzn-stat: peakDepth=174
%%%mzn-stat: solveTime=0.005906159
%%%mzn-stat: variables=386
%%%mzn-stat: propagators=452
%%%mzn-stat: failures=119
%%%mzn-stat: propagations=13201
%%%mzn-stat: nogoods=119
%%%mzn-stat: numAtomicConstraintsPropagated=0
%%%mzn-stat: circuitNumber191PropagationsThatFoundConflict=81
%%%mzn-stat: circuitNumber191TotalFixedEdgesAtConflict=1335
%%%mzn-stat: circuitNumber191NumberOfConflicts=81
%%%mzn-stat: circuitNumber191PropagationsThatPruned=19
%%%mzn-stat: circuitNumber191PropagationsTotal=236
%%%mzn-stat: AverageConflictSize=7.714285714285714
%%%mzn-stat: NumUnitNogoodsLearned=0
%%%mzn-stat: AverageLearnedNogoodLength=9.428571428571429
%%%mzn-stat: AverageBacktrackAmount=0
%%%mzn-stat: AverageLbd=7.504201680672269
%%%mzn-stat: 2AutonomousSearchNumBackupCalled=159
%%%mzn-stat: 2AutonomousSearchNumPredicatesRemoved=0
%%%mzn-stat: 2AutonomousSearchNumCalls=160
%%%mzn-stat: 2AutonomousSearchNumPredicatesAdded=348
%%%mzn-stat: 2AutonomousSearchAverageSizeOfHeap=2.175
%%%mzn-stat: 2AutonomousSearchNumAssignedPredicatesEncountered=348
%%%mzn-stat-end
maxleg = 554;
succ = array1d(1..20,[2, 3, 6, 5, 9, 7, 8, 13, 11, 4, 12, 18, 14, 15, 17, 19, 20, 16, 1, 10]);
% time elapsed: 6.54 s
----------
%%%mzn-stat: initTime=0.077418262
%%%mzn-stat: objective=550
%%%mzn-stat: nodes=499
%%%mzn-stat: restarts=0
%%%mzn-stat: peakDepth=174
%%%mzn-stat: solveTime=0.006227405
%%%mzn-stat: variables=386
%%%mzn-stat: propagators=452
%%%mzn-stat: failures=120
%%%mzn-stat: propagations=14062
%%%mzn-stat: nogoods=120
%%%mzn-stat: numAtomicConstraintsPropagated=0
%%%mzn-stat: circuitNumber191PropagationsThatFoundConflict=81
%%%mzn-stat: circuitNumber191TotalFixedEdgesAtConflict=1335
%%%mzn-stat: circuitNumber191NumberOfConflicts=81
%%%mzn-stat: circuitNumber191PropagationsThatPruned=19
%%%mzn-stat: circuitNumber191PropagationsTotal=251
%%%mzn-stat: AverageConflictSize=7.666666666666667
%%%mzn-stat: NumUnitNogoodsLearned=0
%%%mzn-stat: AverageLearnedNogoodLength=9.541666666666666
%%%mzn-stat: AverageBacktrackAmount=0
%%%mzn-stat: AverageLbd=7.533333333333333
%%%mzn-stat: 2AutonomousSearchNumBackupCalled=309
%%%mzn-stat: 2AutonomousSearchNumPredicatesRemoved=0
%%%mzn-stat: 2AutonomousSearchNumCalls=311
%%%mzn-stat: 2AutonomousSearchNumPredicatesAdded=425
%%%mzn-stat: 2AutonomousSearchAverageSizeOfHeap=2.2733118971061095
%%%mzn-stat: 2AutonomousSearchNumAssignedPredicatesEncountered=707
%%%mzn-stat-end
maxleg = 550;
succ = array1d(1..20,[2, 3, 6, 5, 9, 7, 8, 13, 11, 4, 18, 1, 14, 15, 17, 19, 20, 16, 12, 10]);
% time elapsed: 6.54 s
----------
%%%mzn-stat: initTime=0.077418262
%%%mzn-stat: objective=524
%%%mzn-stat: nodes=677
%%%mzn-stat: restarts=0
%%%mzn-stat: peakDepth=177
%%%mzn-stat: solveTime=0.006535713
%%%mzn-stat: variables=386
%%%mzn-stat: propagators=452
%%%mzn-stat: failures=121
%%%mzn-stat: propagations=14959
%%%mzn-stat: nogoods=121
%%%mzn-stat: numAtomicConstraintsPropagated=0
%%%mzn-stat: circuitNumber191PropagationsThatFoundConflict=81
%%%mzn-stat: circuitNumber191TotalFixedEdgesAtConflict=1335
%%%mzn-stat: circuitNumber191NumberOfConflicts=81
%%%mzn-stat: circuitNumber191PropagationsThatPruned=19
%%%mzn-stat: circuitNumber191PropagationsTotal=267
%%%mzn-stat: AverageConflictSize=7.619834710743802
%%%mzn-stat: NumUnitNogoodsLearned=0
%%%mzn-stat: AverageLearnedNogoodLength=9.52892561983471
%%%mzn-stat: AverageBacktrackAmount=0
%%%mzn-stat: AverageLbd=7.4958677685950414
%%%mzn-stat: 2AutonomousSearchNumBackupCalled=469
%%%mzn-stat: 2AutonomousSearchNumPredicatesRemoved=0
%%%mzn-stat: 2AutonomousSearchNumCalls=472
%%%mzn-stat: 2AutonomousSearchNumPredicatesAdded=453
%%%mzn-stat: 2AutonomousSearchAverageSizeOfHeap=2.2711864406779663
%%%mzn-stat: 2AutonomousSearchNumAssignedPredicatesEncountered=1072
%%%mzn-stat-end
maxleg = 524;
succ = array1d(1..20,[2, 4, 1, 5, 9, 3, 6, 7, 11, 14, 18, 13, 17, 8, 10, 19, 20, 16, 12, 15]);
% time elapsed: 6.54 s
----------
%%%mzn-stat: initTime=0.077418262
%%%mzn-stat: objective=495
%%%mzn-stat: nodes=839
%%%mzn-stat: restarts=0
%%%mzn-stat: peakDepth=177
%%%mzn-stat: solveTime=0.00679092
%%%mzn-stat: variables=386
%%%mzn-stat: propagators=452
%%%mzn-stat: failures=121
%%%mzn-stat: propagations=15769
%%%mzn-stat: nogoods=121
%%%mzn-stat: numAtomicConstraintsPropagated=0
%%%mzn-stat: circuitNumber191PropagationsThatFoundConflict=81
%%%mzn-stat: circuitNumber191TotalFixedEdgesAtConflict=1335
%%%mzn-stat: circuitNumber191NumberOfConflicts=81
%%%mzn-stat: circuitNumber191PropagationsThatPruned=20
%%%mzn-stat: circuitNumber191PropagationsTotal=282
%%%mzn-stat: AverageConflictSize=7.619834710743802
%%%mzn-stat: NumUnitNogoodsLearned=0
%%%mzn-stat: AverageLearnedNogoodLength=9.52892561983471
%%%mzn-stat: AverageBacktrackAmount=0
%%%mzn-stat: AverageLbd=7.4958677685950414
%%%mzn-stat: 2AutonomousSearchNumBackupCalled=616
%%%mzn-stat: 2AutonomousSearchNumPredicatesRemoved=0
%%%mzn-stat: 2AutonomousSearchNumCalls=620
%%%mzn-stat: 2AutonomousSearchNumPredicatesAdded=453
%%%mzn-stat: 2AutonomousSearchAverageSizeOfHeap=2.317741935483871
%%%mzn-stat: 2AutonomousSearchNumAssignedPredicatesEncountered=1437
%%%mzn-stat-end
maxleg = 495;
succ = array1d(1..20,[2, 4, 1, 5, 9, 3, 6, 7, 11, 15, 18, 13, 14, 17, 20, 19, 10, 16, 12, 8]);
% time elapsed: 6.54 s
----------
%%%mzn-stat: initTime=0.077418262
%%%mzn-stat: objective=494
%%%mzn-stat: nodes=996
%%%mzn-stat: restarts=0
%%%mzn-stat: peakDepth=177
%%%mzn-stat: solveTime=0.007169425
%%%mzn-stat: variables=386
%%%mzn-stat: propagators=452
%%%mzn-stat: failures=123
%%%mzn-stat: propagations=16725
%%%mzn-stat: nogoods=123
%%%mzn-stat: numAtomicConstraintsPropagated=0
%%%mzn-stat: circuitNumber191PropagationsThatFoundConflict=81
%%%mzn-stat: circuitNumber191TotalFixedEdgesAtConflict=1335
%%%mzn-stat: circuitNumber191NumberOfConflicts=81
%%%mzn-stat: circuitNumber191PropagationsThatPruned=23
%%%mzn-stat: circuitNumber191PropagationsTotal=299
%%%mzn-stat: AverageConflictSize=7.626016260162602
%%%mzn-stat: NumUnitNogoodsLearned=0
%%%mzn-stat: AverageLearnedNogoodLength=9.626016260162602
%%%mzn-stat: AverageBacktrackAmount=0
%%%mzn-stat: AverageLbd=7.536585365853658
%%%mzn-stat: 2AutonomousSearchNumBackupCalled=757
%%%mzn-stat: 2AutonomousSearchNumPredicatesRemoved=0
%%%mzn-stat: 2AutonomousSearchNumCalls=762
%%%mzn-stat: 2AutonomousSearchNumPredicatesAdded=515
%%%mzn-stat: 2AutonomousSearchAverageSizeOfHeap=2.3989501312335957
%%%mzn-stat: 2AutonomousSearchNumAssignedPredicatesEncountered=1828
%%%mzn-stat-end
maxleg = 494;
succ = array1d(1..20,[2, 4, 1, 5, 9, 3, 8, 6, 11, 15, 18, 13, 14, 17, 20, 19, 10, 16, 12, 7]);
% time elapsed: 6.54 s
----------
%%%mzn-stat: initTime=0.077418262
%%%mzn-stat: objective=472
%%%mzn-stat: nodes=1222
%%%mzn-stat: restarts=0
%%%mzn-stat: peakDepth=177
%%%mzn-stat: solveTime=0.011554395
%%%mzn-stat: variables=386
%%%mzn-stat: propagators=452
%%%mzn-stat: failures=194
%%%mzn-stat: propagations=24872
%%%mzn-stat: nogoods=194
%%%mzn-stat: numAtomicConstraintsPropagated=0
%%%mzn-stat: circuitNumber191PropagationsThatFoundConflict=130
%%%mzn-stat: circuitNumber191TotalFixedEdgesAtConflict=2103
%%%mzn-stat: circuitNumber191NumberOfConflicts=130
%%%mzn-stat: circuitNumber191PropagationsThatPruned=44
%%%mzn-stat: circuitNumber191PropagationsTotal=440
%%%mzn-stat: AverageConflictSize=7.618556701030927
%%%mzn-stat: NumUnitNogoodsLearned=0
%%%mzn-stat: AverageLearnedNogoodLength=10.06701030927835
%%%mzn-stat: AverageBacktrackAmount=0
%%%mzn-stat: AverageLbd=7.561855670103093
%%%mzn-stat: 2AutonomousSearchNumBackupCalled=890
%%%mzn-stat: 2AutonomousSearchNumPredicatesRemoved=0
%%%mzn-stat: 2AutonomousSearchNumCalls=896
%%%mzn-stat: 2AutonomousSearchNumPredicatesAdded=922
%%%mzn-stat: 2AutonomousSearchAverageSizeOfHeap=2.552455357142857
%%%mzn-stat: 2AutonomousSearchNumAssignedPredicatesEncountered=2287
%%%mzn-stat-end
maxleg = 472;
succ = array1d(1..20,[3, 4, 6, 5, 9, 8, 2, 13, 11, 15, 18, 1, 14, 17, 20, 19, 10, 16, 12, 7]);
% time elapsed: 6.54 s
----------
%%%mzn-stat: initTime=0.077418262
%%%mzn-stat: objective=445
%%%mzn-stat: nodes=1354
%%%mzn-stat: restarts=0
%%%mzn-stat: peakDepth=177
%%%mzn-stat: solveTime=0.011984609
%%%mzn-stat: variables=386
%%%mzn-stat: propagators=452
%%%mzn-stat: failures=196
%%%mzn-stat: propagations=25828
%%%mzn-stat: nogoods=196
%%%mzn-stat: numAtomicConstraintsPropagated=0
%%%mzn-stat: circuitNumber191PropagationsThatFoundConflict=130
%%%mzn-stat: circuitNumber191TotalFixedEdgesAtConflict=2103
%%%mzn-stat: circuitNumber191NumberOfConflicts=130
%%%mzn-stat: circuitNumber191PropagationsThatPruned=46
%%%mzn-stat: circuitNumber191PropagationsTotal=457
%%%mzn-stat: AverageConflictSize=7.561224489795919
%%%mzn-stat: NumUnitNogoodsLearned=0
%%%mzn-stat: AverageLearnedNogoodLength=10.183673469387756
%%%mzn-stat: AverageBacktrackAmount=0
%%%mzn-stat: AverageLbd=7.596938775510204
%%%mzn-stat: 2AutonomousSearchNumBackupCalled=1005
%%%mzn-stat: 2AutonomousSearchNumPredicatesRemoved=0
%%%mzn-stat: 2AutonomousSearchNumCalls=1012
%%%mzn-stat: 2AutonomousSearchNumPredicatesAdded=1044
%%%mzn-stat: 2AutonomousSearchAverageSizeOfHeap=2.7351778656126484
%%%mzn-stat: 2AutonomousSearchNumAssignedPredicatesEncountered=2768
%%%mzn-stat-end
maxleg = 445;
succ = array1d(1..20,[9, 4, 6, 5, 10, 8, 2, 7, 11, 15, 18, 1, 12, 13, 17, 19, 20, 16, 3, 14]);
% time elapsed: 6.54 s
----------
%%%mzn-stat: initTime=0.077418262
%%%mzn-stat: objective=437
%%%mzn-stat: nodes=1481
%%%mzn-stat: restarts=0
%%%mzn-stat: peakDepth=177
%%%mzn-stat: solveTime=0.012566163
%%%mzn-stat: variables=386
%%%mzn-stat: propagators=452
%%%mzn-stat: failures=200
%%%mzn-stat: propagations=27037
%%%mzn-stat: nogoods=200
%%%mzn-stat: numAtomicConstraintsPropagated=0
%%%mzn-stat: circuitNumber191PropagationsThatFoundConflict=130
%%%mzn-stat: circuitNumber191TotalFixedEdgesAtConflict=2103
%%%mzn-stat: circuitNumber191NumberOfConflicts=130
%%%mzn-stat: circuitNumber191PropagationsThatPruned=48
%%%mzn-stat: circuitNumber191PropagationsTotal=476
%%%mzn-stat: AverageConflictSize=7.45
%%%mzn-stat: NumUnitNogoodsLearned=0
%%%mzn-stat: AverageLearnedNogoodLength=10.43
%%%mzn-stat: AverageBacktrackAmount=0
%%%mzn-stat: AverageLbd=7.625
%%%mzn-stat: 2AutonomousSearchNumBackupCalled=1115
%%%mzn-stat: 2AutonomousSearchNumPredicatesRemoved=0
%%%mzn-stat: 2AutonomousSearchNumCalls=1123
%%%mzn-stat: 2AutonomousSearchNumPredicatesAdded=1233
%%%mzn-stat: 2AutonomousSearchAverageSizeOfHeap=2.894033837934105
%%%mzn-stat: 2AutonomousSearchNumAssignedPredicatesEncountered=3250
%%%mzn-stat-end
maxleg = 437;
succ = array1d(1..20,[11, 4, 6, 5, 9, 8, 2, 13, 12, 15, 18, 1, 14, 17, 20, 19, 10, 16, 3, 7]);
% time elapsed: 6.54 s
----------
%%%mzn-stat: initTime=0.077418262
%%%mzn-stat: objective=418
%%%mzn-stat: nodes=1674
%%%mzn-stat: restarts=0
%%%mzn-stat: peakDepth=177
%%%mzn-stat: solveTime=0.020137819
%%%mzn-stat: variables=386
%%%mzn-stat: propagators=452
%%%mzn-stat: failures=278
%%%mzn-stat: propagations=39717
%%%mzn-stat: nogoods=278
%%%mzn-stat: numAtomicConstraintsPropagated=0
%%%mzn-stat: circuitNumber191PropagationsThatFoundConflict=178
%%%mzn-stat: circuitNumber191TotalFixedEdgesAtConflict=2995
%%%mzn-stat: circuitNumber191NumberOfConflicts=178
%%%mzn-stat: circuitNumber191PropagationsThatPruned=74
%%%mzn-stat: circuitNumber191PropagationsTotal=627
%%%mzn-stat: AverageConflictSize=7.557553956834532
%%%mzn-stat: NumUnitNogoodsLearned=0
%%%mzn-stat: AverageLearnedNogoodLength=13.985611510791367
%%%mzn-stat: AverageBacktrackAmount=0
%%%mzn-stat: AverageLbd=8.237410071942445
%%%mzn-stat: 2AutonomousSearchNumBackupCalled=1217
%%%mzn-stat: 2AutonomousSearchNumPredicatesRemoved=0
%%%mzn-stat: 2AutonomousSearchNumCalls=1226
%%%mzn-stat: 2AutonomousSearchNumPredicatesAdded=1671
%%%mzn-stat: 2AutonomousSearchAverageSizeOfHeap=3.135399673735726
%%%mzn-stat: 2AutonomousSearchNumAssignedPredicatesEncountered=3844
%%%mzn-stat-end
maxleg = 418;
succ = array1d(1..20,[11, 4, 6, 5, 9, 13, 2, 7, 12, 15, 18, 1, 14, 17, 20, 19, 10, 16, 3, 8]);
% time elapsed: 6.54 s
----------
%%%mzn-stat: initTime=0.077418262
%%%mzn-stat: objective=416
%%%mzn-stat: nodes=1785
%%%mzn-stat: restarts=0
%%%mzn-stat: peakDepth=177
%%%mzn-stat: solveTime=0.02045259
%%%mzn-stat: variables=386
%%%mzn-stat: propagators=452
%%%mzn-stat: failures=278
%%%mzn-stat: propagations=40560
%%%mzn-stat: nogoods=278
%%%mzn-stat: numAtomicConstraintsPropagated=0
%%%mzn-stat: circuitNumber191PropagationsThatFoundConflict=178
%%%mzn-stat: circuitNumber191TotalFixedEdgesAtConflict=2995
%%%mzn-stat: circuitNumber191NumberOfConflicts=178
%%%mzn-stat: circuitNumber191PropagationsThatPruned=76
%%%mzn-stat: circuitNumber191PropagationsTotal=640
%%%mzn-stat: AverageConflictSize=7.557553956834532
%%%mzn-stat: NumUnitNogoodsLearned=0
%%%mzn-stat: AverageLearnedNogoodLength=13.985611510791367
%%%mzn-stat: AverageBacktrackAmount=0
%%%mzn-stat: AverageLbd=8.237410071942445
%%%mzn-stat: 2AutonomousSearchNumBackupCalled=1317
%%%mzn-stat: 2AutonomousSearchNumPredicatesRemoved=0
%%%mzn-stat: 2AutonomousSearchNumCalls=1327
%%%mzn-stat: 2AutonomousSearchNumPredicatesAdded=1671
%%%mzn-stat: 2AutonomousSearchAverageSizeOfHeap=3.3443858327053504
%%%mzn-stat: 2AutonomousSearchNumAssignedPredicatesEncountered=4438
%%%mzn-stat-end
maxleg = 416;
succ = array1d(1..20,[11, 4, 6, 5, 9, 13, 2, 7, 12, 15, 18, 1, 17, 8, 20, 19, 10, 16, 3, 14]);
% time elapsed: 6.54 s
----------
==========
% time elapsed: 24.31 s
%%%mzn-stat: initTime=0.077418262
%%%mzn-stat: objective=416
%%%mzn-stat: nodes=68772
%%%mzn-stat: restarts=0
%%%mzn-stat: peakDepth=177
%%%mzn-stat: solveTime=17.794580868
%%%mzn-stat: variables=386
%%%mzn-stat: propagators=452
%%%mzn-stat: failures=65809
%%%mzn-stat: propagations=7726514
%%%mzn-stat: nogoods=65809
%%%mzn-stat: numAtomicConstraintsPropagated=0
%%%mzn-stat: circuitNumber191PropagationsThatFoundConflict=681
%%%mzn-stat: circuitNumber191TotalFixedEdgesAtConflict=10006
%%%mzn-stat: circuitNumber191NumberOfConflicts=681
%%%mzn-stat: circuitNumber191PropagationsThatPruned=12980
%%%mzn-stat: circuitNumber191PropagationsTotal=55826
%%%mzn-stat: AverageConflictSize=13.122354085307482
%%%mzn-stat: NumUnitNogoodsLearned=1
%%%mzn-stat: AverageLearnedNogoodLength=36.24393320062605
%%%mzn-stat: AverageBacktrackAmount=0
%%%mzn-stat: AverageLbd=7.186083970277622
%%%mzn-stat: 2AutonomousSearchNumBackupCalled=1317
%%%mzn-stat: 2AutonomousSearchNumPredicatesRemoved=0
%%%mzn-stat: 2AutonomousSearchNumCalls=1327
%%%mzn-stat: 2AutonomousSearchNumPredicatesAdded=2604
%%%mzn-stat: 2AutonomousSearchAverageSizeOfHeap=3.3443858327053504
%%%mzn-stat: 2AutonomousSearchNumAssignedPredicatesEncountered=4438
%%%mzn-stat-end
