% Logging successfully configured
%%%mzn-stat: initTime=0.003537684
%%%mzn-stat: objective=814
%%%mzn-stat: nodes=1096
%%%mzn-stat: restarts=0
%%%mzn-stat: peakDepth=254
%%%mzn-stat: solveTime=0.006528439
%%%mzn-stat: variables=520
%%%mzn-stat: propagators=366
%%%mzn-stat: failures=100
%%%mzn-stat: propagations=6734
%%%mzn-stat: nogoods=100
%%%mzn-stat: numAtomicConstraintsPropagated=0
%%%mzn-stat: allDifferentNumber1TotalHallSetSize=200
%%%mzn-stat: allDifferentNumber1NumberOfConflicts=100
%%%mzn-stat: allDifferentNumber1MaxHallSetSize=2
%%%mzn-stat: allDifferentNumber1PropagationsTotal=1380
%%%mzn-stat: allDifferentNumber1PropagationsThatFoundConflict=100
%%%mzn-stat: circuitNumber2PropagationsThatFoundConflict=0
%%%mzn-stat: circuitNumber2TotalFixedEdgesAtConflict=0
%%%mzn-stat: circuitNumber2NumberOfConflicts=0
%%%mzn-stat: circuitNumber2PropagationsThatPruned=17
%%%mzn-stat: circuitNumber2PropagationsTotal=779
%%%mzn-stat: AverageConflictSize=2
%%%mzn-stat: NumUnitNogoodsLearned=0
%%%mzn-stat: AverageLearnedNogoodLength=2
%%%mzn-stat: AverageBacktrackAmount=0
%%%mzn-stat: AverageLbd=2
%%%mzn-stat: 2AutonomousSearchNumBackupCalled=234
%%%mzn-stat: 2AutonomousSearchNumPredicatesRemoved=0
%%%mzn-stat: 2AutonomousSearchNumCalls=235
%%%mzn-stat: 2AutonomousSearchNumPredicatesAdded=132
%%%mzn-stat: 2AutonomousSearchAverageSizeOfHeap=0.5617021276595745
%%%mzn-stat: 2AutonomousSearchNumAssignedPredicatesEncountered=132
%%%mzn-stat-end
maxleg = 814;
succ = array1d(1..20,[2, 3, 7, 1, 4, 5, 9, 11, 8, 6, 14, 13, 16, 12, 10, 18, 15, 19, 20, 17]);
% time elapsed: 0.28 s
----------
%%%mzn-stat: initTime=0.003537684
%%%mzn-stat: objective=790
%%%mzn-stat: nodes=1833
%%%mzn-stat: restarts=0
%%%mzn-stat: peakDepth=254
%%%mzn-stat: solveTime=0.011328069
%%%mzn-stat: variables=520
%%%mzn-stat: propagators=366
%%%mzn-stat: failures=162
%%%mzn-stat: propagations=10934
%%%mzn-stat: nogoods=162
%%%mzn-stat: numAtomicConstraintsPropagated=0
%%%mzn-stat: allDifferentNumber1TotalHallSetSize=324
%%%mzn-stat: allDifferentNumber1NumberOfConflicts=162
%%%mzn-stat: allDifferentNumber1MaxHallSetSize=2
%%%mzn-stat: allDifferentNumber1PropagationsTotal=2326
%%%mzn-stat: allDifferentNumber1PropagationsThatFoundConflict=162
%%%mzn-stat: circuitNumber2PropagationsThatFoundConflict=0
%%%mzn-stat: circuitNumber2TotalFixedEdgesAtConflict=0
%%%mzn-stat: circuitNumber2NumberOfConflicts=0
%%%mzn-stat: circuitNumber2PropagationsThatPruned=54
%%%mzn-stat: circuitNumber2PropagationsTotal=1261
%%%mzn-stat: AverageConflictSize=2
%%%mzn-stat: NumUnitNogoodsLearned=0
%%%mzn-stat: AverageLearnedNogoodLength=2
%%%mzn-stat: AverageBacktrackAmount=0
%%%mzn-stat: AverageLbd=2
%%%mzn-stat: 2AutonomousSearchNumBackupCalled=463
%%%mzn-stat: 2AutonomousSearchNumPredicatesRemoved=0
%%%mzn-stat: 2AutonomousSearchNumCalls=465
%%%mzn-stat: 2AutonomousSearchNumPredicatesAdded=219
%%%mzn-stat: 2AutonomousSearchAverageSizeOfHeap=0.6021505376344086
%%%mzn-stat: 2AutonomousSearchNumAssignedPredicatesEncountered=280
%%%mzn-stat-end
maxleg = 790;
succ = array1d(1..20,[2, 5, 1, 8, 4, 7, 3, 9, 10, 15, 14, 13, 16, 12, 11, 18, 19, 17, 20, 6]);
% time elapsed: 0.28 s
----------
%%%mzn-stat: initTime=0.003537684
%%%mzn-stat: objective=783
%%%mzn-stat: nodes=2531
%%%mzn-stat: restarts=0
%%%mzn-stat: peakDepth=260
%%%mzn-stat: solveTime=0.014876808
%%%mzn-stat: variables=520
%%%mzn-stat: propagators=366
%%%mzn-stat: failures=217
%%%mzn-stat: propagations=14585
%%%mzn-stat: nogoods=217
%%%mzn-stat: numAtomicConstraintsPropagated=0
%%%mzn-stat: allDifferentNumber1TotalHallSetSize=434
%%%mzn-stat: allDifferentNumber1NumberOfConflicts=217
%%%mzn-stat: allDifferentNumber1MaxHallSetSize=2
%%%mzn-stat: allDifferentNumber1PropagationsTotal=3059
%%%mzn-stat: allDifferentNumber1PropagationsThatFoundConflict=217
%%%mzn-stat: circuitNumber2PropagationsThatFoundConflict=0
%%%mzn-stat: circuitNumber2TotalFixedEdgesAtConflict=0
%%%mzn-stat: circuitNumber2NumberOfConflicts=0
%%%mzn-stat: circuitNumber2PropagationsThatPruned=66
%%%mzn-stat: circuitNumber2PropagationsTotal=1676
%%%mzn-stat: AverageConflictSize=2
%%%mzn-stat: NumUnitNogoodsLearned=0
%%%mzn-stat: AverageLearnedNogoodLength=2
%%%mzn-stat: AverageBacktrackAmount=0
%%%mzn-stat: AverageLbd=2
%%%mzn-stat: 2AutonomousSearchNumBackupCalled=702
%%%mzn-stat: 2AutonomousSearchNumPredicatesRemoved=0
%%%mzn-stat: 2AutonomousSearchNumCalls=705
%%%mzn-stat: 2AutonomousSearchNumPredicatesAdded=288
%%%mzn-stat: 2AutonomousSearchAverageSizeOfHeap=0.6212765957446809
%%%mzn-stat: 2AutonomousSearchNumAssignedPredicatesEncountered=438
%%%mzn-stat-end
maxleg = 783;
succ = array1d(1..20,[2, 6, 1, 5, 9, 7, 10, 3, 8, 15, 4, 13, 14, 11, 17, 12, 18, 19, 20, 16]);
% time elapsed: 0.28 s
----------
%%%mzn-stat: initTime=0.003537684
%%%mzn-stat: objective=653
%%%mzn-stat: nodes=2750
%%%mzn-stat: restarts=0
%%%mzn-stat: peakDepth=260
%%%mzn-stat: solveTime=0.015180047
%%%mzn-stat: variables=520
%%%mzn-stat: propagators=366
%%%mzn-stat: failures=218
%%%mzn-stat: propagations=15221
%%%mzn-stat: nogoods=218
%%%mzn-stat: numAtomicConstraintsPropagated=0
%%%mzn-stat: allDifferentNumber1TotalHallSetSize=436
%%%mzn-stat: allDifferentNumber1NumberOfConflicts=218
%%%mzn-stat: allDifferentNumber1MaxHallSetSize=2
%%%mzn-stat: allDifferentNumber1PropagationsTotal=3093
%%%mzn-stat: allDifferentNumber1PropagationsThatFoundConflict=218
%%%mzn-stat: circuitNumber2PropagationsThatFoundConflict=0
%%%mzn-stat: circuitNumber2TotalFixedEdgesAtConflict=0
%%%mzn-stat: circuitNumber2NumberOfConflicts=0
%%%mzn-stat: circuitNumber2PropagationsThatPruned=67
%%%mzn-stat: circuitNumber2PropagationsTotal=1696
%%%mzn-stat: AverageConflictSize=2
%%%mzn-stat: NumUnitNogoodsLearned=0
%%%mzn-stat: AverageLearnedNogoodLength=2
%%%mzn-stat: AverageBacktrackAmount=0
%%%mzn-stat: AverageLbd=2
%%%mzn-stat: 2AutonomousSearchNumBackupCalled=900
%%%mzn-stat: 2AutonomousSearchNumPredicatesRemoved=0
%%%mzn-stat: 2AutonomousSearchNumCalls=904
%%%mzn-stat: 2AutonomousSearchNumPredicatesAdded=290
%%%mzn-stat: 2AutonomousSearchAverageSizeOfHeap=0.6592920353982301
%%%mzn-stat: 2AutonomousSearchNumAssignedPredicatesEncountered=596
%%%mzn-stat-end
maxleg = 653;
succ = array1d(1..20,[2, 6, 1, 5, 9, 7, 10, 3, 8, 15, 4, 13, 16, 11, 17, 14, 18, 19, 20, 12]);
% time elapsed: 0.28 s
----------
%%%mzn-stat: initTime=0.003537684
%%%mzn-stat: objective=626
%%%mzn-stat: nodes=3116
%%%mzn-stat: restarts=0
%%%mzn-stat: peakDepth=260
%%%mzn-stat: solveTime=0.016710159
%%%mzn-stat: variables=520
%%%mzn-stat: propagators=366
%%%mzn-stat: failures=240
%%%mzn-stat: propagations=16925
%%%mzn-stat: nogoods=240
%%%mzn-stat: numAtomicConstraintsPropagated=0
%%%mzn-stat: allDifferentNumber1TotalHallSetSize=480
%%%mzn-stat: allDifferentNumber1NumberOfConflicts=240
%%%mzn-stat: allDifferentNumber1MaxHallSetSize=2
%%%mzn-stat: allDifferentNumber1PropagationsTotal=3339
%%%mzn-stat: allDifferentNumber1PropagationsThatFoundConflict=240
%%%mzn-stat: circuitNumber2PropagationsThatFoundConflict=0
%%%mzn-stat: circuitNumber2TotalFixedEdgesAtConflict=0
%%%mzn-stat: circuitNumber2NumberOfConflicts=0
%%%mzn-stat: circuitNumber2PropagationsThatPruned=67
%%%mzn-stat: circuitNumber2PropagationsTotal=1829
%%%mzn-stat: AverageConflictSize=2
%%%mzn-stat: NumUnitNogoodsLearned=0
%%%mzn-stat: AverageLearnedNogoodLength=2
%%%mzn-stat: AverageBacktrackAmount=0
%%%mzn-stat: AverageLbd=2
%%%mzn-stat: 2AutonomousSearchNumBackupCalled=1110
%%%mzn-stat: 2AutonomousSearchNumPredicatesRemoved=0
%%%mzn-stat: 2AutonomousSearchNumCalls=1115
%%%mzn-stat: 2AutonomousSearchNumPredicatesAdded=321
%%%mzn-stat: 2AutonomousSearchAverageSizeOfHeap=0.6789237668161435
%%%mzn-stat: 2AutonomousSearchNumAssignedPredicatesEncountered=757
%%%mzn-stat-end
maxleg = 626;
succ = array1d(1..20,[2, 6, 1, 5, 9, 7, 10, 4, 11, 15, 14, 3, 12, 16, 17, 13, 18, 19, 20, 8]);
% time elapsed: 0.28 s
----------
%%%mzn-stat: initTime=0.003537684
%%%mzn-stat: objective=605
%%%mzn-stat: nodes=3483
%%%mzn-stat: restarts=0
%%%mzn-stat: peakDepth=260
%%%mzn-stat: solveTime=0.018086208
%%%mzn-stat: variables=520
%%%mzn-stat: propagators=366
%%%mzn-stat: failures=263
%%%mzn-stat: propagations=18738
%%%mzn-stat: nogoods=263
%%%mzn-stat: numAtomicConstraintsPropagated=0
%%%mzn-stat: allDifferentNumber1TotalHallSetSize=535
%%%mzn-stat: allDifferentNumber1NumberOfConflicts=263
%%%mzn-stat: allDifferentNumber1MaxHallSetSize=11
%%%mzn-stat: allDifferentNumber1PropagationsTotal=3590
%%%mzn-stat: allDifferentNumber1PropagationsThatFoundConflict=263
%%%mzn-stat: circuitNumber2PropagationsThatFoundConflict=0
%%%mzn-stat: circuitNumber2TotalFixedEdgesAtConflict=0
%%%mzn-stat: circuitNumber2NumberOfConflicts=0
%%%mzn-stat: circuitNumber2PropagationsThatPruned=67
%%%mzn-stat: circuitNumber2PropagationsTotal=1972
%%%mzn-stat: AverageConflictSize=2.102661596958175
%%%mzn-stat: NumUnitNogoodsLearned=0
%%%mzn-stat: AverageLearnedNogoodLength=2.068441064638783
%%%mzn-stat: AverageBacktrackAmount=0
%%%mzn-stat: AverageLbd=2.049429657794677
%%%mzn-stat: 2AutonomousSearchNumBackupCalled=1311
%%%mzn-stat: 2AutonomousSearchNumPredicatesRemoved=0
%%%mzn-stat: 2AutonomousSearchNumCalls=1317
%%%mzn-stat: 2AutonomousSearchNumPredicatesAdded=374
%%%mzn-stat: 2AutonomousSearchAverageSizeOfHeap=0.7122247532270312
%%%mzn-stat: 2AutonomousSearchNumAssignedPredicatesEncountered=938
%%%mzn-stat-end
maxleg = 605;
succ = array1d(1..20,[2, 6, 7, 1, 4, 9, 10, 11, 8, 5, 14, 3, 12, 17, 18, 13, 15, 19, 20, 16]);
% time elapsed: 0.28 s
----------
%%%mzn-stat: initTime=0.003537684
%%%mzn-stat: objective=594
%%%mzn-stat: nodes=3752
%%%mzn-stat: restarts=0
%%%mzn-stat: peakDepth=260
%%%mzn-stat: solveTime=0.018952921
%%%mzn-stat: variables=520
%%%mzn-stat: propagators=366
%%%mzn-stat: failures=277
%%%mzn-stat: propagations=19968
%%%mzn-stat: nogoods=277
%%%mzn-stat: numAtomicConstraintsPropagated=0
%%%mzn-stat: allDifferentNumber1TotalHallSetSize=577
%%%mzn-stat: allDifferentNumber1NumberOfConflicts=277
%%%mzn-stat: allDifferentNumber1MaxHallSetSize=11
%%%mzn-stat: allDifferentNumber1PropagationsTotal=3729
%%%mzn-stat: allDifferentNumber1PropagationsThatFoundConflict=277
%%%mzn-stat: circuitNumber2PropagationsThatFoundConflict=0
%%%mzn-stat: circuitNumber2TotalFixedEdgesAtConflict=0
%%%mzn-stat: circuitNumber2NumberOfConflicts=0
%%%mzn-stat: circuitNumber2PropagationsThatPruned=73
%%%mzn-stat: circuitNumber2PropagationsTotal=2050
%%%mzn-stat: AverageConflictSize=2.2057761732851984
%%%mzn-stat: NumUnitNogoodsLearned=0
%%%mzn-stat: AverageLearnedNogoodLength=2.299638989169675
%%%mzn-stat: AverageBacktrackAmount=0
%%%mzn-stat: AverageLbd=2.1407942238267146
%%%mzn-stat: 2AutonomousSearchNumBackupCalled=1496
%%%mzn-stat: 2AutonomousSearchNumPredicatesRemoved=0
%%%mzn-stat: 2AutonomousSearchNumCalls=1503
%%%mzn-stat: 2AutonomousSearchNumPredicatesAdded=447
%%%mzn-stat: 2AutonomousSearchAverageSizeOfHeap=0.7731204258150366
%%%mzn-stat: 2AutonomousSearchNumAssignedPredicatesEncountered=1162
%%%mzn-stat-end
maxleg = 594;
succ = array1d(1..20,[2, 6, 7, 1, 4, 9, 10, 12, 8, 5, 14, 18, 3, 16, 11, 13, 15, 19, 20, 17]);
% time elapsed: 0.28 s
----------
%%%mzn-stat: initTime=0.003537684
%%%mzn-stat: objective=569
%%%mzn-stat: nodes=3981
%%%mzn-stat: restarts=0
%%%mzn-stat: peakDepth=260
%%%mzn-stat: solveTime=0.019429471
%%%mzn-stat: variables=520
%%%mzn-stat: propagators=366
%%%mzn-stat: failures=280
%%%mzn-stat: propagations=20765
%%%mzn-stat: nogoods=280
%%%mzn-stat: numAtomicConstraintsPropagated=0
%%%mzn-stat: allDifferentNumber1TotalHallSetSize=590
%%%mzn-stat: allDifferentNumber1NumberOfConflicts=280
%%%mzn-stat: allDifferentNumber1MaxHallSetSize=11
%%%mzn-stat: allDifferentNumber1PropagationsTotal=3786
%%%mzn-stat: allDifferentNumber1PropagationsThatFoundConflict=280
%%%mzn-stat: circuitNumber2PropagationsThatFoundConflict=0
%%%mzn-stat: circuitNumber2TotalFixedEdgesAtConflict=0
%%%mzn-stat: circuitNumber2NumberOfConflicts=0
%%%mzn-stat: circuitNumber2PropagationsThatPruned=76
%%%mzn-stat: circuitNumber2PropagationsTotal=2083
%%%mzn-stat: AverageConflictSize=2.282142857142857
%%%mzn-stat: NumUnitNogoodsLearned=0
%%%mzn-stat: AverageLearnedNogoodLength=2.3785714285714286
%%%mzn-stat: AverageBacktrackAmount=0
%%%mzn-stat: AverageLbd=2.1785714285714284
%%%mzn-stat: 2AutonomousSearchNumBackupCalled=1692
%%%mzn-stat: 2AutonomousSearchNumPredicatesRemoved=0
%%%mzn-stat: 2AutonomousSearchNumCalls=1700
%%%mzn-stat: 2AutonomousSearchNumPredicatesAdded=506
%%%mzn-stat: 2AutonomousSearchAverageSizeOfHeap=0.8235294117647058
%%%mzn-stat: 2AutonomousSearchNumAssignedPredicatesEncountered=1400
%%%mzn-stat-end
maxleg = 569;
succ = array1d(1..20,[2, 6, 7, 1, 4, 9, 10, 12, 11, 5, 14, 13, 3, 16, 17, 18, 8, 19, 20, 15]);
% time elapsed: 0.28 s
----------
%%%mzn-stat: initTime=0.003537684
%%%mzn-stat: objective=546
%%%mzn-stat: nodes=4175
%%%mzn-stat: restarts=0
%%%mzn-stat: peakDepth=260
%%%mzn-stat: solveTime=0.0197148
%%%mzn-stat: variables=520
%%%mzn-stat: propagators=366
%%%mzn-stat: failures=280
%%%mzn-stat: propagations=21423
%%%mzn-stat: nogoods=280
%%%mzn-stat: numAtomicConstraintsPropagated=0
%%%mzn-stat: allDifferentNumber1TotalHallSetSize=590
%%%mzn-stat: allDifferentNumber1NumberOfConflicts=280
%%%mzn-stat: allDifferentNumber1MaxHallSetSize=11
%%%mzn-stat: allDifferentNumber1PropagationsTotal=3819
%%%mzn-stat: allDifferentNumber1PropagationsThatFoundConflict=280
%%%mzn-stat: circuitNumber2PropagationsThatFoundConflict=0
%%%mzn-stat: circuitNumber2TotalFixedEdgesAtConflict=0
%%%mzn-stat: circuitNumber2NumberOfConflicts=0
%%%mzn-stat: circuitNumber2PropagationsThatPruned=77
%%%mzn-stat: circuitNumber2PropagationsTotal=2103
%%%mzn-stat: AverageConflictSize=2.282142857142857
%%%mzn-stat: NumUnitNogoodsLearned=0
%%%mzn-stat: AverageLearnedNogoodLength=2.3785714285714286
%%%mzn-stat: AverageBacktrackAmount=0
%%%mzn-stat: AverageLbd=2.1785714285714284
%%%mzn-stat: 2AutonomousSearchNumBackupCalled=1866
%%%mzn-stat: 2AutonomousSearchNumPredicatesRemoved=0
%%%mzn-stat: 2AutonomousSearchNumCalls=1875
%%%mzn-stat: 2AutonomousSearchNumPredicatesAdded=506
%%%mzn-stat: 2AutonomousSearchAverageSizeOfHeap=0.8736
%%%mzn-stat: 2AutonomousSearchNumAssignedPredicatesEncountered=1638
%%%mzn-stat-end
maxleg = 546;
succ = array1d(1..20,[2, 6, 7, 1, 4, 9, 10, 12, 11, 5, 14, 13, 3, 16, 17, 18, 19, 15, 20, 8]);
% time elapsed: 0.28 s
----------
%%%mzn-stat: initTime=0.003537684
%%%mzn-stat: objective=513
%%%mzn-stat: nodes=4382
%%%mzn-stat: restarts=0
%%%mzn-stat: peakDepth=260
%%%mzn-stat: solveTime=0.020110008
%%%mzn-stat: variables=520
%%%mzn-stat: propagators=366
%%%mzn-stat: failures=283
%%%mzn-stat: propagations=22166
%%%mzn-stat: nogoods=283
%%%mzn-stat: numAtomicConstraintsPropagated=0
%%%mzn-stat: allDifferentNumber1TotalHallSetSize=602
%%%mzn-stat: allDifferentNumber1NumberOfConflicts=283
%%%mzn-stat: allDifferentNumber1MaxHallSetSize=11
%%%mzn-stat: allDifferentNumber1PropagationsTotal=3864
%%%mzn-stat: allDifferentNumber1PropagationsThatFoundConflict=283
%%%mzn-stat: circuitNumber2PropagationsThatFoundConflict=0
%%%mzn-stat: circuitNumber2TotalFixedEdgesAtConflict=0
%%%mzn-stat: circuitNumber2NumberOfConflicts=0
%%%mzn-stat: circuitNumber2PropagationsThatPruned=77
%%%mzn-stat: circuitNumber2PropagationsTotal=2129
%%%mzn-stat: AverageConflictSize=2.3427561837455833
%%%mzn-stat: NumUnitNogoodsLearned=0
%%%mzn-stat: AverageLearnedNogoodLength=2.4487632508833923
%%%mzn-stat: AverageBacktrackAmount=0
%%%mzn-stat: AverageLbd=2.222614840989399
%%%mzn-stat: 2AutonomousSearchNumBackupCalled=2044
%%%mzn-stat: 2AutonomousSearchNumPredicatesRemoved=0
%%%mzn-stat: 2AutonomousSearchNumCalls=2054
%%%mzn-stat: 2AutonomousSearchNumPredicatesAdded=537
%%%mzn-stat: 2AutonomousSearchAverageSizeOfHeap=0.9148003894839338
%%%mzn-stat: 2AutonomousSearchNumAssignedPredicatesEncountered=1879
%%%mzn-stat-end
maxleg = 513;
succ = array1d(1..20,[2, 6, 7, 1, 4, 9, 10, 12, 11, 5, 14, 16, 3, 17, 18, 13, 15, 19, 20, 8]);
% time elapsed: 0.28 s
----------
==========
% time elapsed: 0.28 s
%%%mzn-stat: initTime=0.003537684
%%%mzn-stat: objective=513
%%%mzn-stat: nodes=4382
%%%mzn-stat: restarts=0
%%%mzn-stat: peakDepth=260
%%%mzn-stat: solveTime=0.020231348
%%%mzn-stat: variables=520
%%%mzn-stat: propagators=366
%%%mzn-stat: failures=284
%%%mzn-stat: propagations=22318
%%%mzn-stat: nogoods=284
%%%mzn-stat: numAtomicConstraintsPropagated=0
%%%mzn-stat: allDifferentNumber1TotalHallSetSize=621
%%%mzn-stat: allDifferentNumber1NumberOfConflicts=284
%%%mzn-stat: allDifferentNumber1MaxHallSetSize=19
%%%mzn-stat: allDifferentNumber1PropagationsTotal=3866
%%%mzn-stat: allDifferentNumber1PropagationsThatFoundConflict=284
%%%mzn-stat: circuitNumber2PropagationsThatFoundConflict=0
%%%mzn-stat: circuitNumber2TotalFixedEdgesAtConflict=0
%%%mzn-stat: circuitNumber2NumberOfConflicts=0
%%%mzn-stat: circuitNumber2PropagationsThatPruned=77
%%%mzn-stat: circuitNumber2PropagationsTotal=2130
%%%mzn-stat: AverageConflictSize=2.415492957746479
%%%mzn-stat: NumUnitNogoodsLearned=1
%%%mzn-stat: AverageLearnedNogoodLength=2.443661971830986
%%%mzn-stat: AverageBacktrackAmount=0
%%%mzn-stat: AverageLbd=2.2183098591549295
%%%mzn-stat: 2AutonomousSearchNumBackupCalled=2044
%%%mzn-stat: 2AutonomousSearchNumPredicatesRemoved=0
%%%mzn-stat: 2AutonomousSearchNumCalls=2054
%%%mzn-stat: 2AutonomousSearchNumPredicatesAdded=720
%%%mzn-stat: 2AutonomousSearchAverageSizeOfHeap=0.9148003894839338
%%%mzn-stat: 2AutonomousSearchNumAssignedPredicatesEncountered=1879
%%%mzn-stat-end
