% Logging successfully configured
=====UNKNOWN=====
% time elapsed: 1800.13 s
%%%mzn-stat: initTime=0.032325052
%%%mzn-stat: nodes=1059609
%%%mzn-stat: restarts=0
%%%mzn-stat: peakDepth=86
%%%mzn-stat: solveTime=1799.730816836
%%%mzn-stat: variables=2539
%%%mzn-stat: propagators=2099
%%%mzn-stat: failures=1017113
%%%mzn-stat: propagations=27618859
%%%mzn-stat: nogoods=1017113
%%%mzn-stat: numAtomicConstraintsPropagated=0
%%%mzn-stat: allDifferentNumber1PropagationsTotal=3776028
%%%mzn-stat: allDifferentNumber1PropagationsThatFoundConflict=102489
%%%mzn-stat: allDifferentNumber1PropagationsThatPruned=2443906
%%%mzn-stat: allDifferentNumber1TotalValuesPruned=7813550
%%%mzn-stat: allDifferentNumber1TotalHallSetSizeConflict=318591
%%%mzn-stat: allDifferentNumber1NumberOfConflicts=102489
%%%mzn-stat: allDifferentNumber1MaxHallSetSizeConflict=18
%%%mzn-stat: allDifferentNumber1TotalPruningHallSetSize=13788124
%%%mzn-stat: allDifferentNumber1NumberOfPruningExplanations=7813550
%%%mzn-stat: allDifferentNumber1MaxPruningHallSetSize=31
%%%mzn-stat: allDifferentNumber1TotalFixedEdgesAtConflict=9864233
%%%mzn-stat: allDifferentNumber1TotalVarsInvolvedInPruning=6386833
%%%mzn-stat: allDifferentNumber1MaxValuesPrunedFromSingleVar=6
%%%mzn-stat: allDifferentNumber1TotalSccSizeAtPruning=6729999
%%%mzn-stat: allDifferentNumber1NumberOfSccPruningCalls=2443906
%%%mzn-stat: circuitNumber2PropagationsThatFoundConflict=879201
%%%mzn-stat: circuitNumber2TotalFixedEdgesAtConflict=85056671
%%%mzn-stat: circuitNumber2NumberOfConflicts=879201
%%%mzn-stat: circuitNumber2PropagationsThatPruned=742577
%%%mzn-stat: circuitNumber2PropagationsTotal=2558869
%%%mzn-stat: AverageConflictSize=82.76387284402028
%%%mzn-stat: NumUnitNogoodsLearned=0
%%%mzn-stat: AverageLearnedNogoodLength=86.10347522841612
%%%mzn-stat: AverageBacktrackAmount=0
%%%mzn-stat: AverageLbd=79.80826810787002
%%%mzn-stat: 2AutonomousSearchNumBackupCalled=0
%%%mzn-stat: 2AutonomousSearchNumPredicatesRemoved=0
%%%mzn-stat: 2AutonomousSearchNumCalls=0
%%%mzn-stat: 2AutonomousSearchNumPredicatesAdded=1322
%%%mzn-stat: 2AutonomousSearchAverageSizeOfHeap=0
%%%mzn-stat: 2AutonomousSearchNumAssignedPredicatesEncountered=0
%%%mzn-stat-end
