%%%mzn-stat: initTime=0.059544339
%%%mzn-stat: objective=520
%%%mzn-stat: nodes=46105
%%%mzn-stat: restarts=2
%%%mzn-stat: peakDepth=2675
%%%mzn-stat: solveTime=29.719739653
%%%mzn-stat: variables=4390
%%%mzn-stat: propagators=3889
%%%mzn-stat: failures=37769
%%%mzn-stat: propagations=4036851
%%%mzn-stat: nogoods=37769
%%%mzn-stat: AverageConflictSize=23.672535677407396
%%%mzn-stat: NumUnitNogoodsLearned=150
%%%mzn-stat: AverageLearnedNogoodLength=67.54044322063068
%%%mzn-stat: AverageBacktrackAmount=0
%%%mzn-stat: AverageLbd=19.173316741242818
%%%mzn-stat-end
maxleg = 520;
succ = array1d(1..150,[113, 51, 11, 28, 135, 128, 69, 111, 20, 2, 54, 49, 122, 91, 44, 26, 121, 93, 97, 21, 150, 126, 82, 4, 61, 40, 80, 39, 131, 148, 102, 127, 95, 58, 146, 144, 8, 98, 10, 129, 130, 46, 110, 86, 109, 55, 23, 25, 107, 76, 118, 101, 77, 34, 41, 27, 17, 105, 143, 50, 149, 78, 136, 125, 12, 67, 33, 18, 56, 83, 112, 3, 14, 62, 5, 124, 141, 79, 70, 142, 75, 16, 22, 73, 35, 45, 132, 147, 1, 99, 114, 119, 30, 15, 100, 19, 13, 120, 94, 64, 42, 106, 9, 32, 65, 29, 60, 123, 103, 104, 84, 72, 63, 134, 92, 117, 57, 88, 36, 71, 133, 85, 47, 43, 137, 38, 59, 74, 87, 116, 139, 37, 48, 31, 90, 145, 7, 96, 66, 6, 68, 89, 138, 53, 24, 108, 81, 140, 115, 52]);
% time elapsed: 34.08 s
----------
%%%mzn-stat: initTime=0.059544339
%%%mzn-stat: objective=151
%%%mzn-stat: nodes=47922
%%%mzn-stat: restarts=2
%%%mzn-stat: peakDepth=2675
%%%mzn-stat: solveTime=29.861859736
%%%mzn-stat: variables=4390
%%%mzn-stat: propagators=3889
%%%mzn-stat: failures=37829
%%%mzn-stat: propagations=4054050
%%%mzn-stat: nogoods=37829
%%%mzn-stat: AverageConflictSize=23.65584604404029
%%%mzn-stat: NumUnitNogoodsLearned=150
%%%mzn-stat: AverageLearnedNogoodLength=67.5184646699622
%%%mzn-stat: AverageBacktrackAmount=0
%%%mzn-stat: AverageLbd=19.15963943006688
%%%mzn-stat-end
maxleg = 151;
succ = array1d(1..150,[24, 33, 83, 28, 135, 71, 64, 111, 20, 2, 120, 11, 143, 84, 37, 25, 121, 140, 138, 16, 41, 72, 44, 4, 47, 21, 63, 39, 106, 133, 102, 127, 118, 58, 124, 119, 147, 78, 8, 75, 150, 46, 110, 109, 23, 82, 26, 42, 54, 76, 113, 55, 36, 12, 116, 27, 77, 122, 43, 107, 129, 70, 146, 125, 3, 91, 95, 17, 88, 128, 112, 136, 5, 38, 9, 97, 148, 126, 62, 142, 94, 61, 22, 73, 13, 134, 81, 137, 1, 132, 114, 57, 18, 10, 100, 19, 34, 79, 90, 29, 115, 123, 14, 32, 65, 66, 49, 67, 103, 96, 15, 68, 56, 131, 52, 130, 149, 51, 30, 98, 92, 60, 45, 50, 108, 105, 35, 74, 87, 117, 139, 40, 48, 31, 145, 80, 7, 104, 86, 6, 93, 89, 59, 53, 99, 85, 69, 144, 141, 101]);
% time elapsed: 34.22 s
----------
==========
% time elapsed: 34.24 s
%%%mzn-stat: initTime=0.059544339
%%%mzn-stat: objective=151
%%%mzn-stat: nodes=47922
%%%mzn-stat: restarts=2
%%%mzn-stat: peakDepth=2675
%%%mzn-stat: solveTime=29.861864934
%%%mzn-stat: variables=4390
%%%mzn-stat: propagators=3889
%%%mzn-stat: failures=37829
%%%mzn-stat: propagations=4054050
%%%mzn-stat: nogoods=37829
%%%mzn-stat: AverageConflictSize=23.65584604404029
%%%mzn-stat: NumUnitNogoodsLearned=150
%%%mzn-stat: AverageLearnedNogoodLength=67.5184646699622
%%%mzn-stat: AverageBacktrackAmount=0
%%%mzn-stat: AverageLbd=19.15963943006688
%%%mzn-stat-end
