% Logging successfully configured
%%%mzn-stat: initTime=0.013051802
%%%mzn-stat: objective=987
%%%mzn-stat: nodes=17902
%%%mzn-stat: restarts=0
%%%mzn-stat: peakDepth=299
%%%mzn-stat: solveTime=6.541520075
%%%mzn-stat: variables=641
%%%mzn-stat: propagators=431
%%%mzn-stat: failures=16851
%%%mzn-stat: propagations=438323
%%%mzn-stat: nogoods=16851
%%%mzn-stat: numAtomicConstraintsPropagated=0
%%%mzn-stat: circuitNumber1PropagationsTotal=84379
%%%mzn-stat: circuitNumber1CircuitConflicts=13639
%%%mzn-stat: circuitNumber1AlldiffConflicts=264
%%%mzn-stat: circuitNumber1TotalFixedEdgesAtConflict=306759
%%%mzn-stat: circuitNumber1NumberOfConflicts=13903
%%%mzn-stat: circuitNumber1GacPrunings=151614
%%%mzn-stat: circuitNumber1PropagationsThatGacPruned=50382
%%%mzn-stat: circuitNumber1TotalPruningHallSetSize=754930
%%%mzn-stat: circuitNumber1NumberOfPruningExplanations=151614
%%%mzn-stat: circuitNumber1MaxPruningHallSetSize=37
%%%mzn-stat: circuitNumber1TotalSccSizeAtPruning=353474
%%%mzn-stat: circuitNumber1NumberOfSccPruningCalls=50382
%%%mzn-stat: circuitNumber1TotalVarsInvolvedInPruning=129601
%%%mzn-stat: circuitNumber1MaxValuesPrunedFromSingleVar=7
%%%mzn-stat: circuitNumber1HallCircuitChecks=120252
%%%mzn-stat: circuitNumber1HallCircuitPrunings=13037
%%%mzn-stat: circuitNumber1CircuitPreventPrunings=47892
%%%mzn-stat: AverageConflictSize=7.494748086166993
%%%mzn-stat: NumUnitNogoodsLearned=0
%%%mzn-stat: AverageLearnedNogoodLength=20.602931576761023
%%%mzn-stat: AverageBacktrackAmount=0
%%%mzn-stat: AverageLbd=14.931932822977865
%%%mzn-stat: 2AutonomousSearchNumBackupCalled=275
%%%mzn-stat: 2AutonomousSearchNumPredicatesRemoved=0
%%%mzn-stat: 2AutonomousSearchNumCalls=276
%%%mzn-stat: 2AutonomousSearchNumPredicatesAdded=2400
%%%mzn-stat: 2AutonomousSearchAverageSizeOfHeap=8.695652173913043
%%%mzn-stat: 2AutonomousSearchNumAssignedPredicatesEncountered=2400
%%%mzn-stat-end
maxleg = 987;
succ = array1d(1..50,[3, 4, 10, 8, 13, 27, 11, 9, 19, 18, 16, 14, 20, 15, 23, 26, 1, 32, 37, 35, 22, 30, 34, 39, 46, 45, 36, 12, 17, 41, 28, 7, 24, 50, 6, 47, 33, 48, 21, 25, 31, 5, 40, 2, 42, 44, 43, 49, 29, 38]);
% time elapsed: 18.14 s
----------
%%%mzn-stat: initTime=0.013051802
%%%mzn-stat: objective=289
%%%mzn-stat: nodes=18212
%%%mzn-stat: restarts=0
%%%mzn-stat: peakDepth=299
%%%mzn-stat: solveTime=6.552301233
%%%mzn-stat: variables=641
%%%mzn-stat: propagators=431
%%%mzn-stat: failures=16864
%%%mzn-stat: propagations=439463
%%%mzn-stat: nogoods=16864
%%%mzn-stat: numAtomicConstraintsPropagated=0
%%%mzn-stat: circuitNumber1PropagationsTotal=84515
%%%mzn-stat: circuitNumber1CircuitConflicts=13645
%%%mzn-stat: circuitNumber1AlldiffConflicts=265
%%%mzn-stat: circuitNumber1TotalFixedEdgesAtConflict=307040
%%%mzn-stat: circuitNumber1NumberOfConflicts=13910
%%%mzn-stat: circuitNumber1GacPrunings=151896
%%%mzn-stat: circuitNumber1PropagationsThatGacPruned=50452
%%%mzn-stat: circuitNumber1TotalPruningHallSetSize=756241
%%%mzn-stat: circuitNumber1NumberOfPruningExplanations=151896
%%%mzn-stat: circuitNumber1MaxPruningHallSetSize=37
%%%mzn-stat: circuitNumber1TotalSccSizeAtPruning=354067
%%%mzn-stat: circuitNumber1NumberOfSccPruningCalls=50452
%%%mzn-stat: circuitNumber1TotalVarsInvolvedInPruning=129834
%%%mzn-stat: circuitNumber1MaxValuesPrunedFromSingleVar=7
%%%mzn-stat: circuitNumber1HallCircuitChecks=120528
%%%mzn-stat: circuitNumber1HallCircuitPrunings=13045
%%%mzn-stat: circuitNumber1CircuitPreventPrunings=47939
%%%mzn-stat: AverageConflictSize=7.496501423149905
%%%mzn-stat: NumUnitNogoodsLearned=0
%%%mzn-stat: AverageLearnedNogoodLength=20.60092504743833
%%%mzn-stat: AverageBacktrackAmount=0
%%%mzn-stat: AverageLbd=14.928842504743834
%%%mzn-stat: 2AutonomousSearchNumBackupCalled=532
%%%mzn-stat: 2AutonomousSearchNumPredicatesRemoved=0
%%%mzn-stat: 2AutonomousSearchNumCalls=534
%%%mzn-stat: 2AutonomousSearchNumPredicatesAdded=2882
%%%mzn-stat: 2AutonomousSearchAverageSizeOfHeap=9.0561797752809
%%%mzn-stat: 2AutonomousSearchNumAssignedPredicatesEncountered=4836
%%%mzn-stat-end
maxleg = 289;
succ = array1d(1..50,[3, 4, 10, 8, 13, 27, 11, 9, 19, 25, 16, 14, 18, 15, 23, 26, 1, 32, 40, 5, 22, 30, 34, 28, 46, 45, 35, 12, 17, 41, 39, 7, 2, 50, 20, 6, 33, 48, 24, 43, 31, 21, 47, 37, 42, 44, 36, 49, 29, 38]);
% time elapsed: 18.14 s
----------
%%%mzn-stat: initTime=0.013051802
%%%mzn-stat: objective=279
%%%mzn-stat: nodes=18505
%%%mzn-stat: restarts=0
%%%mzn-stat: peakDepth=299
%%%mzn-stat: solveTime=6.55866362
%%%mzn-stat: variables=641
%%%mzn-stat: propagators=431
%%%mzn-stat: failures=16869
%%%mzn-stat: propagations=440357
%%%mzn-stat: nogoods=16869
%%%mzn-stat: numAtomicConstraintsPropagated=0
%%%mzn-stat: circuitNumber1PropagationsTotal=84597
%%%mzn-stat: circuitNumber1CircuitConflicts=13649
%%%mzn-stat: circuitNumber1AlldiffConflicts=265
%%%mzn-stat: circuitNumber1TotalFixedEdgesAtConflict=307180
%%%mzn-stat: circuitNumber1NumberOfConflicts=13914
%%%mzn-stat: circuitNumber1GacPrunings=152081
%%%mzn-stat: circuitNumber1PropagationsThatGacPruned=50490
%%%mzn-stat: circuitNumber1TotalPruningHallSetSize=757173
%%%mzn-stat: circuitNumber1NumberOfPruningExplanations=152081
%%%mzn-stat: circuitNumber1MaxPruningHallSetSize=37
%%%mzn-stat: circuitNumber1TotalSccSizeAtPruning=354376
%%%mzn-stat: circuitNumber1NumberOfSccPruningCalls=50490
%%%mzn-stat: circuitNumber1TotalVarsInvolvedInPruning=129989
%%%mzn-stat: circuitNumber1MaxValuesPrunedFromSingleVar=7
%%%mzn-stat: circuitNumber1HallCircuitChecks=120718
%%%mzn-stat: circuitNumber1HallCircuitPrunings=13052
%%%mzn-stat: circuitNumber1CircuitPreventPrunings=47966
%%%mzn-stat: AverageConflictSize=7.495524334578221
%%%mzn-stat: NumUnitNogoodsLearned=0
%%%mzn-stat: AverageLearnedNogoodLength=20.597486513723396
%%%mzn-stat: AverageBacktrackAmount=0
%%%mzn-stat: AverageLbd=14.926136700456459
%%%mzn-stat: 2AutonomousSearchNumBackupCalled=791
%%%mzn-stat: 2AutonomousSearchNumPredicatesRemoved=0
%%%mzn-stat: 2AutonomousSearchNumCalls=794
%%%mzn-stat: 2AutonomousSearchNumPredicatesAdded=3056
%%%mzn-stat: 2AutonomousSearchAverageSizeOfHeap=9.158690176322418
%%%mzn-stat: 2AutonomousSearchNumAssignedPredicatesEncountered=7272
%%%mzn-stat-end
maxleg = 279;
succ = array1d(1..50,[3, 4, 10, 8, 13, 27, 11, 9, 19, 25, 16, 15, 18, 34, 14, 26, 1, 32, 40, 5, 22, 23, 30, 28, 46, 45, 35, 12, 17, 41, 39, 7, 2, 50, 20, 6, 33, 48, 24, 43, 31, 21, 47, 37, 42, 44, 36, 49, 29, 38]);
% time elapsed: 18.14 s
----------
%%%mzn-stat: initTime=0.013051802
%%%mzn-stat: objective=275
%%%mzn-stat: nodes=18803
%%%mzn-stat: restarts=0
%%%mzn-stat: peakDepth=299
%%%mzn-stat: solveTime=6.568698192
%%%mzn-stat: variables=641
%%%mzn-stat: propagators=431
%%%mzn-stat: failures=16880
%%%mzn-stat: propagations=441519
%%%mzn-stat: nogoods=16880
%%%mzn-stat: numAtomicConstraintsPropagated=0
%%%mzn-stat: circuitNumber1PropagationsTotal=84721
%%%mzn-stat: circuitNumber1CircuitConflicts=13659
%%%mzn-stat: circuitNumber1AlldiffConflicts=265
%%%mzn-stat: circuitNumber1TotalFixedEdgesAtConflict=307543
%%%mzn-stat: circuitNumber1NumberOfConflicts=13924
%%%mzn-stat: circuitNumber1GacPrunings=152329
%%%mzn-stat: circuitNumber1PropagationsThatGacPruned=50551
%%%mzn-stat: circuitNumber1TotalPruningHallSetSize=757997
%%%mzn-stat: circuitNumber1NumberOfPruningExplanations=152329
%%%mzn-stat: circuitNumber1MaxPruningHallSetSize=44
%%%mzn-stat: circuitNumber1TotalSccSizeAtPruning=354819
%%%mzn-stat: circuitNumber1NumberOfSccPruningCalls=50551
%%%mzn-stat: circuitNumber1TotalVarsInvolvedInPruning=130195
%%%mzn-stat: circuitNumber1MaxValuesPrunedFromSingleVar=7
%%%mzn-stat: circuitNumber1HallCircuitChecks=120991
%%%mzn-stat: circuitNumber1HallCircuitPrunings=13060
%%%mzn-stat: circuitNumber1CircuitPreventPrunings=48003
%%%mzn-stat: AverageConflictSize=7.496445497630332
%%%mzn-stat: NumUnitNogoodsLearned=0
%%%mzn-stat: AverageLearnedNogoodLength=20.595142180094786
%%%mzn-stat: AverageBacktrackAmount=0
%%%mzn-stat: AverageLbd=14.923400473933649
%%%mzn-stat: 2AutonomousSearchNumBackupCalled=1041
%%%mzn-stat: 2AutonomousSearchNumPredicatesRemoved=0
%%%mzn-stat: 2AutonomousSearchNumCalls=1045
%%%mzn-stat: 2AutonomousSearchNumPredicatesAdded=3567
%%%mzn-stat: 2AutonomousSearchAverageSizeOfHeap=9.302392344497608
%%%mzn-stat: 2AutonomousSearchNumAssignedPredicatesEncountered=9721
%%%mzn-stat-end
maxleg = 275;
succ = array1d(1..50,[3, 4, 40, 8, 13, 27, 11, 9, 19, 17, 16, 15, 18, 34, 14, 26, 29, 32, 25, 5, 22, 30, 50, 33, 10, 45, 35, 23, 48, 41, 39, 7, 37, 24, 20, 6, 44, 12, 28, 46, 31, 21, 47, 2, 42, 43, 36, 49, 1, 38]);
% time elapsed: 18.15 s
----------
%%%mzn-stat: initTime=0.013051802
%%%mzn-stat: objective=271
%%%mzn-stat: nodes=19076
%%%mzn-stat: restarts=0
%%%mzn-stat: peakDepth=299
%%%mzn-stat: solveTime=6.574567414
%%%mzn-stat: variables=641
%%%mzn-stat: propagators=431
%%%mzn-stat: failures=16881
%%%mzn-stat: propagations=442314
%%%mzn-stat: nogoods=16881
%%%mzn-stat: numAtomicConstraintsPropagated=0
%%%mzn-stat: circuitNumber1PropagationsTotal=84785
%%%mzn-stat: circuitNumber1CircuitConflicts=13659
%%%mzn-stat: circuitNumber1AlldiffConflicts=265
%%%mzn-stat: circuitNumber1TotalFixedEdgesAtConflict=307543
%%%mzn-stat: circuitNumber1NumberOfConflicts=13924
%%%mzn-stat: circuitNumber1GacPrunings=152462
%%%mzn-stat: circuitNumber1PropagationsThatGacPruned=50584
%%%mzn-stat: circuitNumber1TotalPruningHallSetSize=758730
%%%mzn-stat: circuitNumber1NumberOfPruningExplanations=152462
%%%mzn-stat: circuitNumber1MaxPruningHallSetSize=44
%%%mzn-stat: circuitNumber1TotalSccSizeAtPruning=355150
%%%mzn-stat: circuitNumber1NumberOfSccPruningCalls=50584
%%%mzn-stat: circuitNumber1TotalVarsInvolvedInPruning=130312
%%%mzn-stat: circuitNumber1MaxValuesPrunedFromSingleVar=7
%%%mzn-stat: circuitNumber1HallCircuitChecks=121129
%%%mzn-stat: circuitNumber1HallCircuitPrunings=13066
%%%mzn-stat: circuitNumber1CircuitPreventPrunings=48024
%%%mzn-stat: AverageConflictSize=7.498844855162609
%%%mzn-stat: NumUnitNogoodsLearned=0
%%%mzn-stat: AverageLearnedNogoodLength=20.596528641668147
%%%mzn-stat: AverageBacktrackAmount=0
%%%mzn-stat: AverageLbd=14.92405663171613
%%%mzn-stat: 2AutonomousSearchNumBackupCalled=1287
%%%mzn-stat: 2AutonomousSearchNumPredicatesRemoved=0
%%%mzn-stat: 2AutonomousSearchNumCalls=1292
%%%mzn-stat: 2AutonomousSearchNumPredicatesAdded=3628
%%%mzn-stat: 2AutonomousSearchAverageSizeOfHeap=9.420278637770897
%%%mzn-stat: 2AutonomousSearchNumAssignedPredicatesEncountered=12171
%%%mzn-stat-end
maxleg = 271;
succ = array1d(1..50,[3, 4, 40, 8, 13, 27, 11, 9, 19, 17, 16, 15, 18, 34, 14, 26, 29, 32, 25, 5, 22, 30, 50, 33, 10, 45, 35, 23, 48, 41, 39, 7, 37, 24, 36, 20, 44, 12, 28, 46, 31, 21, 47, 2, 42, 43, 6, 49, 1, 38]);
% time elapsed: 18.17 s
----------
%%%mzn-stat: initTime=0.013051802
%%%mzn-stat: objective=267
%%%mzn-stat: nodes=19355
%%%mzn-stat: restarts=0
%%%mzn-stat: peakDepth=299
%%%mzn-stat: solveTime=6.5803797280000005
%%%mzn-stat: variables=641
%%%mzn-stat: propagators=431
%%%mzn-stat: failures=16884
%%%mzn-stat: propagations=443168
%%%mzn-stat: nogoods=16884
%%%mzn-stat: numAtomicConstraintsPropagated=0
%%%mzn-stat: circuitNumber1PropagationsTotal=84856
%%%mzn-stat: circuitNumber1CircuitConflicts=13660
%%%mzn-stat: circuitNumber1AlldiffConflicts=265
%%%mzn-stat: circuitNumber1TotalFixedEdgesAtConflict=307580
%%%mzn-stat: circuitNumber1NumberOfConflicts=13925
%%%mzn-stat: circuitNumber1GacPrunings=152614
%%%mzn-stat: circuitNumber1PropagationsThatGacPruned=50620
%%%mzn-stat: circuitNumber1TotalPruningHallSetSize=759522
%%%mzn-stat: circuitNumber1NumberOfPruningExplanations=152614
%%%mzn-stat: circuitNumber1MaxPruningHallSetSize=44
%%%mzn-stat: circuitNumber1TotalSccSizeAtPruning=355501
%%%mzn-stat: circuitNumber1NumberOfSccPruningCalls=50620
%%%mzn-stat: circuitNumber1TotalVarsInvolvedInPruning=130439
%%%mzn-stat: circuitNumber1MaxValuesPrunedFromSingleVar=7
%%%mzn-stat: circuitNumber1HallCircuitChecks=121287
%%%mzn-stat: circuitNumber1HallCircuitPrunings=13072
%%%mzn-stat: circuitNumber1CircuitPreventPrunings=48045
%%%mzn-stat: AverageConflictSize=7.500947642738687
%%%mzn-stat: NumUnitNogoodsLearned=0
%%%mzn-stat: AverageLearnedNogoodLength=20.59742951907131
%%%mzn-stat: AverageBacktrackAmount=0
%%%mzn-stat: AverageLbd=14.923833214877991
%%%mzn-stat: 2AutonomousSearchNumBackupCalled=1536
%%%mzn-stat: 2AutonomousSearchNumPredicatesRemoved=0
%%%mzn-stat: 2AutonomousSearchNumCalls=1542
%%%mzn-stat: 2AutonomousSearchNumPredicatesAdded=3768
%%%mzn-stat: 2AutonomousSearchAverageSizeOfHeap=9.481841763942931
%%%mzn-stat: 2AutonomousSearchNumAssignedPredicatesEncountered=14621
%%%mzn-stat-end
maxleg = 267;
succ = array1d(1..50,[3, 4, 40, 8, 13, 27, 11, 9, 19, 17, 16, 15, 18, 38, 14, 26, 29, 32, 25, 5, 22, 23, 30, 33, 10, 45, 35, 12, 48, 41, 39, 7, 37, 24, 36, 20, 44, 50, 28, 46, 31, 21, 47, 2, 42, 43, 6, 49, 1, 34]);
% time elapsed: 18.17 s
----------
%%%mzn-stat: initTime=0.013051802
%%%mzn-stat: objective=263
%%%mzn-stat: nodes=19638
%%%mzn-stat: restarts=0
%%%mzn-stat: peakDepth=299
%%%mzn-stat: solveTime=6.585839557
%%%mzn-stat: variables=641
%%%mzn-stat: propagators=431
%%%mzn-stat: failures=16886
%%%mzn-stat: propagations=444001
%%%mzn-stat: nogoods=16886
%%%mzn-stat: numAtomicConstraintsPropagated=0
%%%mzn-stat: circuitNumber1PropagationsTotal=84925
%%%mzn-stat: circuitNumber1CircuitConflicts=13660
%%%mzn-stat: circuitNumber1AlldiffConflicts=265
%%%mzn-stat: circuitNumber1TotalFixedEdgesAtConflict=307580
%%%mzn-stat: circuitNumber1NumberOfConflicts=13925
%%%mzn-stat: circuitNumber1GacPrunings=152760
%%%mzn-stat: circuitNumber1PropagationsThatGacPruned=50655
%%%mzn-stat: circuitNumber1TotalPruningHallSetSize=760278
%%%mzn-stat: circuitNumber1NumberOfPruningExplanations=152760
%%%mzn-stat: circuitNumber1MaxPruningHallSetSize=44
%%%mzn-stat: circuitNumber1TotalSccSizeAtPruning=355839
%%%mzn-stat: circuitNumber1NumberOfSccPruningCalls=50655
%%%mzn-stat: circuitNumber1TotalVarsInvolvedInPruning=130562
%%%mzn-stat: circuitNumber1MaxValuesPrunedFromSingleVar=7
%%%mzn-stat: circuitNumber1HallCircuitChecks=121439
%%%mzn-stat: circuitNumber1HallCircuitPrunings=13078
%%%mzn-stat: circuitNumber1CircuitPreventPrunings=48067
%%%mzn-stat: AverageConflictSize=7.503612460026057
%%%mzn-stat: NumUnitNogoodsLearned=0
%%%mzn-stat: AverageLearnedNogoodLength=20.59824706857752
%%%mzn-stat: AverageBacktrackAmount=0
%%%mzn-stat: AverageLbd=14.923960677484306
%%%mzn-stat: 2AutonomousSearchNumBackupCalled=1789
%%%mzn-stat: 2AutonomousSearchNumPredicatesRemoved=0
%%%mzn-stat: 2AutonomousSearchNumCalls=1796
%%%mzn-stat: 2AutonomousSearchNumPredicatesAdded=3846
%%%mzn-stat: 2AutonomousSearchAverageSizeOfHeap=9.505011135857462
%%%mzn-stat: 2AutonomousSearchNumAssignedPredicatesEncountered=17071
%%%mzn-stat-end
maxleg = 263;
succ = array1d(1..50,[3, 4, 40, 8, 13, 27, 11, 9, 19, 17, 16, 15, 18, 38, 14, 26, 29, 32, 25, 5, 30, 23, 12, 33, 10, 45, 35, 31, 48, 41, 39, 7, 37, 28, 36, 20, 44, 50, 24, 46, 22, 21, 47, 2, 42, 43, 6, 49, 1, 34]);
% time elapsed: 18.18 s
----------
%%%mzn-stat: initTime=0.013051802
%%%mzn-stat: objective=262
%%%mzn-stat: nodes=19912
%%%mzn-stat: restarts=0
%%%mzn-stat: peakDepth=299
%%%mzn-stat: solveTime=6.590754252
%%%mzn-stat: variables=641
%%%mzn-stat: propagators=431
%%%mzn-stat: failures=16887
%%%mzn-stat: propagations=444778
%%%mzn-stat: nogoods=16887
%%%mzn-stat: numAtomicConstraintsPropagated=0
%%%mzn-stat: circuitNumber1PropagationsTotal=84990
%%%mzn-stat: circuitNumber1CircuitConflicts=13660
%%%mzn-stat: circuitNumber1AlldiffConflicts=265
%%%mzn-stat: circuitNumber1TotalFixedEdgesAtConflict=307580
%%%mzn-stat: circuitNumber1NumberOfConflicts=13925
%%%mzn-stat: circuitNumber1GacPrunings=152893
%%%mzn-stat: circuitNumber1PropagationsThatGacPruned=50688
%%%mzn-stat: circuitNumber1TotalPruningHallSetSize=761007
%%%mzn-stat: circuitNumber1NumberOfPruningExplanations=152893
%%%mzn-stat: circuitNumber1MaxPruningHallSetSize=44
%%%mzn-stat: circuitNumber1TotalSccSizeAtPruning=356171
%%%mzn-stat: circuitNumber1NumberOfSccPruningCalls=50688
%%%mzn-stat: circuitNumber1TotalVarsInvolvedInPruning=130678
%%%mzn-stat: circuitNumber1MaxValuesPrunedFromSingleVar=7
%%%mzn-stat: circuitNumber1HallCircuitChecks=121580
%%%mzn-stat: circuitNumber1HallCircuitPrunings=13084
%%%mzn-stat: circuitNumber1CircuitPreventPrunings=48087
%%%mzn-stat: AverageConflictSize=7.506010540652573
%%%mzn-stat: NumUnitNogoodsLearned=0
%%%mzn-stat: AverageLearnedNogoodLength=20.599573636525136
%%%mzn-stat: AverageBacktrackAmount=0
%%%mzn-stat: AverageLbd=14.924675786107656
%%%mzn-stat: 2AutonomousSearchNumBackupCalled=2036
%%%mzn-stat: 2AutonomousSearchNumPredicatesRemoved=0
%%%mzn-stat: 2AutonomousSearchNumCalls=2044
%%%mzn-stat: 2AutonomousSearchNumPredicatesAdded=3906
%%%mzn-stat: 2AutonomousSearchAverageSizeOfHeap=9.550391389432486
%%%mzn-stat: 2AutonomousSearchNumAssignedPredicatesEncountered=19521
%%%mzn-stat-end
maxleg = 262;
succ = array1d(1..50,[3, 4, 40, 8, 13, 27, 11, 9, 19, 17, 16, 15, 18, 38, 14, 26, 29, 32, 25, 5, 30, 31, 12, 33, 10, 45, 35, 23, 48, 41, 39, 7, 37, 24, 36, 20, 44, 50, 28, 46, 22, 21, 47, 2, 42, 43, 6, 49, 1, 34]);
% time elapsed: 18.18 s
----------
