%%%mzn-stat: initTime=0.002699969
%%%mzn-stat: objective=507
%%%mzn-stat: nodes=778
%%%mzn-stat: restarts=0
%%%mzn-stat: peakDepth=70
%%%mzn-stat: solveTime=0.0329283
%%%mzn-stat: variables=212
%%%mzn-stat: propagators=321
%%%mzn-stat: failures=639
%%%mzn-stat: propagations=75094
%%%mzn-stat: nogoods=639
%%%mzn-stat: AverageConflictSize=4.233176838810642
%%%mzn-stat: NumUnitNogoodsLearned=506
%%%mzn-stat: AverageLearnedNogoodLength=2.5461658841940533
%%%mzn-stat: AverageBacktrackAmount=0
%%%mzn-stat: AverageLbd=1.513302034428795
%%%mzn-stat-end
maxleg = 507;
succ = array1d(1..20,[2, 11, 6, 13, 12, 9, 4, 18, 8, 19, 14, 3, 16, 20, 1, 15, 10, 17, 7, 5]);
% time elapsed: 1.66 s
----------
==========
% time elapsed: 1.66 s
%%%mzn-stat: initTime=0.002699969
%%%mzn-stat: objective=507
%%%mzn-stat: nodes=778
%%%mzn-stat: restarts=0
%%%mzn-stat: peakDepth=70
%%%mzn-stat: solveTime=0.032933028
%%%mzn-stat: variables=212
%%%mzn-stat: propagators=321
%%%mzn-stat: failures=639
%%%mzn-stat: propagations=75094
%%%mzn-stat: nogoods=639
%%%mzn-stat: AverageConflictSize=4.233176838810642
%%%mzn-stat: NumUnitNogoodsLearned=506
%%%mzn-stat: AverageLearnedNogoodLength=2.5461658841940533
%%%mzn-stat: AverageBacktrackAmount=0
%%%mzn-stat: AverageLbd=1.513302034428795
%%%mzn-stat-end
