% Logging successfully configured
%%%mzn-stat: initTime=0.041238287
%%%mzn-stat: objective=446
%%%mzn-stat: nodes=612
%%%mzn-stat: restarts=0
%%%mzn-stat: peakDepth=586
%%%mzn-stat: solveTime=0.007186619
%%%mzn-stat: variables=1103
%%%mzn-stat: propagators=2035
%%%mzn-stat: failures=24
%%%mzn-stat: propagations=15609
%%%mzn-stat: nogoods=24
%%%mzn-stat: numAtomicConstraintsPropagated=0
%%%mzn-stat: circuitNumber1226PropagationsThatFoundConflict=6
%%%mzn-stat: circuitNumber1226TotalFixedEdgesAtConflict=287
%%%mzn-stat: circuitNumber1226NumberOfConflicts=6
%%%mzn-stat: circuitNumber1226PropagationsThatPruned=20
%%%mzn-stat: circuitNumber1226PropagationsTotal=82
%%%mzn-stat: AverageConflictSize=9.625
%%%mzn-stat: NumUnitNogoodsLearned=0
%%%mzn-stat: AverageLearnedNogoodLength=28.416666666666668
%%%mzn-stat: AverageBacktrackAmount=0
%%%mzn-stat: AverageLbd=24
%%%mzn-stat: 2AutonomousSearchNumBackupCalled=547
%%%mzn-stat: 2AutonomousSearchNumPredicatesRemoved=0
%%%mzn-stat: 2AutonomousSearchNumCalls=548
%%%mzn-stat: 2AutonomousSearchNumPredicatesAdded=522
%%%mzn-stat: 2AutonomousSearchAverageSizeOfHeap=0.9525547445255474
%%%mzn-stat: 2AutonomousSearchNumAssignedPredicatesEncountered=522
%%%mzn-stat-end
maxleg = 446;
succ = array1d(1..50,[2, 7, 11, 5, 10, 1, 8, 14, 6, 12, 21, 26, 9, 17, 3, 22, 16, 19, 20, 23, 13, 28, 24, 15, 32, 29, 4, 27, 36, 38, 35, 31, 18, 33, 39, 46, 49, 48, 43, 44, 47, 45, 42, 25, 30, 37, 40, 50, 41, 34]);
% time elapsed: 18.94 s
----------
%%%mzn-stat: initTime=0.041238287
%%%mzn-stat: objective=442
%%%mzn-stat: nodes=3301
%%%mzn-stat: restarts=0
%%%mzn-stat: peakDepth=601
%%%mzn-stat: solveTime=0.342505946
%%%mzn-stat: variables=1103
%%%mzn-stat: propagators=2035
%%%mzn-stat: failures=1807
%%%mzn-stat: propagations=598243
%%%mzn-stat: nogoods=1807
%%%mzn-stat: numAtomicConstraintsPropagated=0
%%%mzn-stat: circuitNumber1226PropagationsThatFoundConflict=20
%%%mzn-stat: circuitNumber1226TotalFixedEdgesAtConflict=881
%%%mzn-stat: circuitNumber1226NumberOfConflicts=20
%%%mzn-stat: circuitNumber1226PropagationsThatPruned=456
%%%mzn-stat: circuitNumber1226PropagationsTotal=2029
%%%mzn-stat: AverageConflictSize=10.549529607083564
%%%mzn-stat: NumUnitNogoodsLearned=0
%%%mzn-stat: AverageLearnedNogoodLength=37.92584394023243
%%%mzn-stat: AverageBacktrackAmount=0
%%%mzn-stat: AverageLbd=15.687880464858882
%%%mzn-stat: 2AutonomousSearchNumBackupCalled=1109
%%%mzn-stat: 2AutonomousSearchNumPredicatesRemoved=0
%%%mzn-stat: 2AutonomousSearchNumCalls=1111
%%%mzn-stat: 2AutonomousSearchNumPredicatesAdded=1587
%%%mzn-stat: 2AutonomousSearchAverageSizeOfHeap=1.4392439243924393
%%%mzn-stat: 2AutonomousSearchNumAssignedPredicatesEncountered=1599
%%%mzn-stat-end
maxleg = 442;
succ = array1d(1..50,[2, 7, 11, 5, 10, 1, 8, 14, 6, 12, 21, 26, 9, 17, 3, 22, 16, 19, 20, 23, 13, 28, 24, 15, 32, 29, 4, 27, 37, 38, 35, 31, 18, 33, 39, 25, 46, 48, 43, 44, 47, 45, 42, 36, 30, 49, 40, 50, 41, 34]);
% time elapsed: 19.26 s
----------
%%%mzn-stat: initTime=0.041238287
%%%mzn-stat: objective=438
%%%mzn-stat: nodes=6467
%%%mzn-stat: restarts=0
%%%mzn-stat: peakDepth=601
%%%mzn-stat: solveTime=0.885177429
%%%mzn-stat: variables=1103
%%%mzn-stat: propagators=2035
%%%mzn-stat: failures=4081
%%%mzn-stat: propagations=1372611
%%%mzn-stat: nogoods=4081
%%%mzn-stat: numAtomicConstraintsPropagated=0
%%%mzn-stat: circuitNumber1226PropagationsThatFoundConflict=34
%%%mzn-stat: circuitNumber1226TotalFixedEdgesAtConflict=1484
%%%mzn-stat: circuitNumber1226NumberOfConflicts=34
%%%mzn-stat: circuitNumber1226PropagationsThatPruned=1006
%%%mzn-stat: circuitNumber1226PropagationsTotal=4387
%%%mzn-stat: AverageConflictSize=11.38887527566773
%%%mzn-stat: NumUnitNogoodsLearned=0
%%%mzn-stat: AverageLearnedNogoodLength=40.645430041656454
%%%mzn-stat: AverageBacktrackAmount=0
%%%mzn-stat: AverageLbd=17.259985297721148
%%%mzn-stat: 2AutonomousSearchNumBackupCalled=1654
%%%mzn-stat: 2AutonomousSearchNumPredicatesRemoved=0
%%%mzn-stat: 2AutonomousSearchNumCalls=1657
%%%mzn-stat: 2AutonomousSearchNumPredicatesAdded=2607
%%%mzn-stat: 2AutonomousSearchAverageSizeOfHeap=1.6427278213639107
%%%mzn-stat: 2AutonomousSearchNumAssignedPredicatesEncountered=2722
%%%mzn-stat-end
maxleg = 438;
succ = array1d(1..50,[2, 7, 11, 5, 10, 1, 8, 14, 6, 12, 21, 26, 9, 17, 3, 22, 16, 19, 20, 23, 13, 28, 24, 15, 32, 29, 4, 30, 37, 27, 35, 31, 18, 33, 39, 25, 46, 48, 45, 44, 47, 43, 38, 36, 42, 49, 40, 50, 41, 34]);
% time elapsed: 19.80 s
----------
%%%mzn-stat: initTime=0.041238287
%%%mzn-stat: objective=390
%%%mzn-stat: nodes=7266
%%%mzn-stat: restarts=0
%%%mzn-stat: peakDepth=601
%%%mzn-stat: solveTime=0.934141641
%%%mzn-stat: variables=1103
%%%mzn-stat: propagators=2035
%%%mzn-stat: failures=4289
%%%mzn-stat: propagations=1444033
%%%mzn-stat: nogoods=4289
%%%mzn-stat: numAtomicConstraintsPropagated=0
%%%mzn-stat: circuitNumber1226PropagationsThatFoundConflict=37
%%%mzn-stat: circuitNumber1226TotalFixedEdgesAtConflict=1610
%%%mzn-stat: circuitNumber1226NumberOfConflicts=37
%%%mzn-stat: circuitNumber1226PropagationsThatPruned=1074
%%%mzn-stat: circuitNumber1226PropagationsTotal=4671
%%%mzn-stat: AverageConflictSize=11.191186756819771
%%%mzn-stat: NumUnitNogoodsLearned=0
%%%mzn-stat: AverageLearnedNogoodLength=40.32758218698997
%%%mzn-stat: AverageBacktrackAmount=0
%%%mzn-stat: AverageLbd=17.107950571228724
%%%mzn-stat: 2AutonomousSearchNumBackupCalled=2195
%%%mzn-stat: 2AutonomousSearchNumPredicatesRemoved=0
%%%mzn-stat: 2AutonomousSearchNumCalls=2199
%%%mzn-stat: 2AutonomousSearchNumPredicatesAdded=3482
%%%mzn-stat: 2AutonomousSearchAverageSizeOfHeap=1.7503410641200545
%%%mzn-stat: 2AutonomousSearchNumAssignedPredicatesEncountered=3849
%%%mzn-stat-end
maxleg = 390;
succ = array1d(1..50,[2, 7, 11, 5, 10, 1, 8, 14, 6, 12, 21, 26, 9, 17, 3, 22, 16, 19, 20, 23, 13, 28, 24, 15, 32, 29, 4, 31, 37, 27, 35, 41, 18, 33, 39, 25, 46, 30, 45, 47, 40, 43, 38, 36, 42, 49, 50, 34, 44, 48]);
% time elapsed: 19.85 s
----------
%%%mzn-stat: initTime=0.041238287
%%%mzn-stat: objective=382
%%%mzn-stat: nodes=7823
%%%mzn-stat: restarts=0
%%%mzn-stat: peakDepth=601
%%%mzn-stat: solveTime=0.936601211
%%%mzn-stat: variables=1103
%%%mzn-stat: propagators=2035
%%%mzn-stat: failures=4289
%%%mzn-stat: propagations=1447770
%%%mzn-stat: nogoods=4289
%%%mzn-stat: numAtomicConstraintsPropagated=0
%%%mzn-stat: circuitNumber1226PropagationsThatFoundConflict=37
%%%mzn-stat: circuitNumber1226TotalFixedEdgesAtConflict=1610
%%%mzn-stat: circuitNumber1226NumberOfConflicts=37
%%%mzn-stat: circuitNumber1226PropagationsThatPruned=1075
%%%mzn-stat: circuitNumber1226PropagationsTotal=4710
%%%mzn-stat: AverageConflictSize=11.191186756819771
%%%mzn-stat: NumUnitNogoodsLearned=0
%%%mzn-stat: AverageLearnedNogoodLength=40.32758218698997
%%%mzn-stat: AverageBacktrackAmount=0
%%%mzn-stat: AverageLbd=17.107950571228724
%%%mzn-stat: 2AutonomousSearchNumBackupCalled=2713
%%%mzn-stat: 2AutonomousSearchNumPredicatesRemoved=0
%%%mzn-stat: 2AutonomousSearchNumCalls=2718
%%%mzn-stat: 2AutonomousSearchNumPredicatesAdded=3482
%%%mzn-stat: 2AutonomousSearchAverageSizeOfHeap=1.8307579102281089
%%%mzn-stat: 2AutonomousSearchNumAssignedPredicatesEncountered=4976
%%%mzn-stat-end
maxleg = 382;
succ = array1d(1..50,[2, 7, 11, 5, 10, 1, 8, 14, 6, 12, 21, 26, 9, 17, 3, 22, 16, 19, 20, 23, 13, 28, 24, 15, 32, 29, 4, 31, 37, 27, 35, 41, 18, 33, 39, 25, 46, 30, 45, 47, 49, 43, 38, 40, 42, 36, 50, 34, 44, 48]);
% time elapsed: 19.86 s
----------
%%%mzn-stat: initTime=0.041238287
%%%mzn-stat: objective=364
%%%mzn-stat: nodes=8380
%%%mzn-stat: restarts=0
%%%mzn-stat: peakDepth=601
%%%mzn-stat: solveTime=0.938600794
%%%mzn-stat: variables=1103
%%%mzn-stat: propagators=2035
%%%mzn-stat: failures=4290
%%%mzn-stat: propagations=1451733
%%%mzn-stat: nogoods=4290
%%%mzn-stat: numAtomicConstraintsPropagated=0
%%%mzn-stat: circuitNumber1226PropagationsThatFoundConflict=37
%%%mzn-stat: circuitNumber1226TotalFixedEdgesAtConflict=1610
%%%mzn-stat: circuitNumber1226NumberOfConflicts=37
%%%mzn-stat: circuitNumber1226PropagationsThatPruned=1076
%%%mzn-stat: circuitNumber1226PropagationsTotal=4752
%%%mzn-stat: AverageConflictSize=11.19044289044289
%%%mzn-stat: NumUnitNogoodsLearned=0
%%%mzn-stat: AverageLearnedNogoodLength=40.321445221445224
%%%mzn-stat: AverageBacktrackAmount=0
%%%mzn-stat: AverageLbd=17.105827505827506
%%%mzn-stat: 2AutonomousSearchNumBackupCalled=3227
%%%mzn-stat: 2AutonomousSearchNumPredicatesRemoved=0
%%%mzn-stat: 2AutonomousSearchNumCalls=3233
%%%mzn-stat: 2AutonomousSearchNumPredicatesAdded=3541
%%%mzn-stat: 2AutonomousSearchAverageSizeOfHeap=1.8877203835446954
%%%mzn-stat: 2AutonomousSearchNumAssignedPredicatesEncountered=6103
%%%mzn-stat-end
maxleg = 364;
succ = array1d(1..50,[2, 7, 11, 5, 10, 1, 8, 14, 6, 12, 21, 26, 9, 17, 3, 22, 16, 19, 20, 23, 13, 28, 24, 15, 32, 29, 4, 31, 37, 27, 35, 41, 18, 33, 39, 44, 46, 30, 45, 25, 47, 43, 38, 40, 42, 49, 50, 34, 36, 48]);
% time elapsed: 19.86 s
----------
%%%mzn-stat: initTime=0.041238287
%%%mzn-stat: objective=352
%%%mzn-stat: nodes=8901
%%%mzn-stat: restarts=0
%%%mzn-stat: peakDepth=601
%%%mzn-stat: solveTime=0.940236794
%%%mzn-stat: variables=1103
%%%mzn-stat: propagators=2035
%%%mzn-stat: failures=4290
%%%mzn-stat: propagations=1455490
%%%mzn-stat: nogoods=4290
%%%mzn-stat: numAtomicConstraintsPropagated=0
%%%mzn-stat: circuitNumber1226PropagationsThatFoundConflict=37
%%%mzn-stat: circuitNumber1226TotalFixedEdgesAtConflict=1610
%%%mzn-stat: circuitNumber1226NumberOfConflicts=37
%%%mzn-stat: circuitNumber1226PropagationsThatPruned=1076
%%%mzn-stat: circuitNumber1226PropagationsTotal=4789
%%%mzn-stat: AverageConflictSize=11.19044289044289
%%%mzn-stat: NumUnitNogoodsLearned=0
%%%mzn-stat: AverageLearnedNogoodLength=40.321445221445224
%%%mzn-stat: AverageBacktrackAmount=0
%%%mzn-stat: AverageLbd=17.105827505827506
%%%mzn-stat: 2AutonomousSearchNumBackupCalled=3710
%%%mzn-stat: 2AutonomousSearchNumPredicatesRemoved=0
%%%mzn-stat: 2AutonomousSearchNumCalls=3717
%%%mzn-stat: 2AutonomousSearchNumPredicatesAdded=3541
%%%mzn-stat: 2AutonomousSearchAverageSizeOfHeap=1.9451170298627927
%%%mzn-stat: 2AutonomousSearchNumAssignedPredicatesEncountered=7230
%%%mzn-stat-end
maxleg = 352;
succ = array1d(1..50,[2, 7, 11, 5, 10, 1, 8, 14, 6, 12, 21, 26, 9, 17, 3, 22, 16, 19, 20, 23, 13, 28, 24, 15, 32, 29, 4, 31, 37, 27, 35, 41, 18, 33, 39, 44, 46, 43, 38, 25, 47, 45, 42, 40, 30, 49, 50, 34, 36, 48]);
% time elapsed: 19.86 s
----------
%%%mzn-stat: initTime=0.041238287
%%%mzn-stat: objective=348
%%%mzn-stat: nodes=16279
%%%mzn-stat: restarts=0
%%%mzn-stat: peakDepth=601
%%%mzn-stat: solveTime=2.647512285
%%%mzn-stat: variables=1103
%%%mzn-stat: propagators=2035
%%%mzn-stat: failures=10539
%%%mzn-stat: propagations=3503779
%%%mzn-stat: nogoods=10539
%%%mzn-stat: numAtomicConstraintsPropagated=0
%%%mzn-stat: circuitNumber1226PropagationsThatFoundConflict=167
%%%mzn-stat: circuitNumber1226TotalFixedEdgesAtConflict=6990
%%%mzn-stat: circuitNumber1226NumberOfConflicts=167
%%%mzn-stat: circuitNumber1226PropagationsThatPruned=2076
%%%mzn-stat: circuitNumber1226PropagationsTotal=10763
%%%mzn-stat: AverageConflictSize=17.65983489894677
%%%mzn-stat: NumUnitNogoodsLearned=0
%%%mzn-stat: AverageLearnedNogoodLength=49.88812980358668
%%%mzn-stat: AverageBacktrackAmount=0
%%%mzn-stat: AverageLbd=18.593320049340544
%%%mzn-stat: 2AutonomousSearchNumBackupCalled=4199
%%%mzn-stat: 2AutonomousSearchNumPredicatesRemoved=0
%%%mzn-stat: 2AutonomousSearchNumCalls=4207
%%%mzn-stat: 2AutonomousSearchNumPredicatesAdded=5144
%%%mzn-stat: 2AutonomousSearchAverageSizeOfHeap=2.1326360827192774
%%%mzn-stat: 2AutonomousSearchNumAssignedPredicatesEncountered=8972
%%%mzn-stat-end
maxleg = 348;
succ = array1d(1..50,[2, 7, 11, 5, 10, 1, 8, 14, 6, 12, 21, 26, 9, 25, 3, 17, 22, 19, 20, 23, 13, 28, 24, 15, 40, 29, 4, 31, 36, 27, 32, 47, 18, 33, 39, 46, 16, 43, 38, 44, 35, 45, 42, 49, 30, 37, 50, 34, 41, 48]);
% time elapsed: 21.57 s
----------
%%%mzn-stat: initTime=0.041238287
%%%mzn-stat: objective=336
%%%mzn-stat: nodes=16842
%%%mzn-stat: restarts=0
%%%mzn-stat: peakDepth=601
%%%mzn-stat: solveTime=2.665254878
%%%mzn-stat: variables=1103
%%%mzn-stat: propagators=2035
%%%mzn-stat: failures=10587
%%%mzn-stat: propagations=3525285
%%%mzn-stat: nogoods=10587
%%%mzn-stat: numAtomicConstraintsPropagated=0
%%%mzn-stat: circuitNumber1226PropagationsThatFoundConflict=200
%%%mzn-stat: circuitNumber1226TotalFixedEdgesAtConflict=8562
%%%mzn-stat: circuitNumber1226NumberOfConflicts=200
%%%mzn-stat: circuitNumber1226PropagationsThatPruned=2104
%%%mzn-stat: circuitNumber1226PropagationsTotal=10894
%%%mzn-stat: AverageConflictSize=17.677812411448002
%%%mzn-stat: NumUnitNogoodsLearned=0
%%%mzn-stat: AverageLearnedNogoodLength=49.85227165391518
%%%mzn-stat: AverageBacktrackAmount=0
%%%mzn-stat: AverageLbd=18.623972796826298
%%%mzn-stat: 2AutonomousSearchNumBackupCalled=4677
%%%mzn-stat: 2AutonomousSearchNumPredicatesRemoved=0
%%%mzn-stat: 2AutonomousSearchNumCalls=4686
%%%mzn-stat: 2AutonomousSearchNumPredicatesAdded=5691
%%%mzn-stat: 2AutonomousSearchAverageSizeOfHeap=2.2868117797695264
%%%mzn-stat: 2AutonomousSearchNumAssignedPredicatesEncountered=10716
%%%mzn-stat-end
maxleg = 336;
succ = array1d(1..50,[2, 7, 11, 5, 10, 1, 8, 14, 6, 12, 21, 26, 9, 25, 3, 17, 22, 19, 20, 23, 13, 28, 24, 15, 40, 29, 4, 31, 36, 27, 43, 35, 18, 33, 42, 46, 16, 48, 30, 44, 47, 45, 38, 49, 39, 37, 32, 50, 41, 34]);
% time elapsed: 21.59 s
----------
%%%mzn-stat: initTime=0.041238287
%%%mzn-stat: objective=326
%%%mzn-stat: nodes=98103
%%%mzn-stat: restarts=0
%%%mzn-stat: peakDepth=601
%%%mzn-stat: solveTime=26.873103335
%%%mzn-stat: variables=1103
%%%mzn-stat: propagators=2035
%%%mzn-stat: failures=82202
%%%mzn-stat: propagations=29091152
%%%mzn-stat: nogoods=82202
%%%mzn-stat: numAtomicConstraintsPropagated=0
%%%mzn-stat: circuitNumber1226PropagationsThatFoundConflict=1552
%%%mzn-stat: circuitNumber1226TotalFixedEdgesAtConflict=63470
%%%mzn-stat: circuitNumber1226NumberOfConflicts=1552
%%%mzn-stat: circuitNumber1226PropagationsThatPruned=17160
%%%mzn-stat: circuitNumber1226PropagationsTotal=88524
%%%mzn-stat: AverageConflictSize=22.159594657064304
%%%mzn-stat: NumUnitNogoodsLearned=0
%%%mzn-stat: AverageLearnedNogoodLength=54.800454976764556
%%%mzn-stat: AverageBacktrackAmount=0
%%%mzn-stat: AverageLbd=16.814651711637186
%%%mzn-stat: 2AutonomousSearchNumBackupCalled=5145
%%%mzn-stat: 2AutonomousSearchNumPredicatesRemoved=0
%%%mzn-stat: 2AutonomousSearchNumCalls=5155
%%%mzn-stat: 2AutonomousSearchNumPredicatesAdded=7731
%%%mzn-stat: 2AutonomousSearchAverageSizeOfHeap=2.50533462657614
%%%mzn-stat: 2AutonomousSearchNumAssignedPredicatesEncountered=12915
%%%mzn-stat-end
maxleg = 326;
succ = array1d(1..50,[2, 7, 11, 5, 10, 1, 8, 14, 6, 12, 21, 26, 9, 25, 3, 17, 22, 19, 20, 23, 31, 28, 24, 34, 40, 29, 4, 39, 36, 27, 45, 35, 18, 50, 41, 44, 16, 48, 30, 15, 49, 43, 38, 13, 42, 37, 32, 33, 46, 47]);
% time elapsed: 45.80 s
----------
%%%mzn-stat: initTime=0.041238287
%%%mzn-stat: objective=323
%%%mzn-stat: nodes=100144
%%%mzn-stat: restarts=0
%%%mzn-stat: peakDepth=601
%%%mzn-stat: solveTime=27.297928131
%%%mzn-stat: variables=1103
%%%mzn-stat: propagators=2035
%%%mzn-stat: failures=83509
%%%mzn-stat: propagations=29547448
%%%mzn-stat: nogoods=83509
%%%mzn-stat: numAtomicConstraintsPropagated=0
%%%mzn-stat: circuitNumber1226PropagationsThatFoundConflict=1563
%%%mzn-stat: circuitNumber1226TotalFixedEdgesAtConflict=63905
%%%mzn-stat: circuitNumber1226NumberOfConflicts=1563
%%%mzn-stat: circuitNumber1226PropagationsThatPruned=17445
%%%mzn-stat: circuitNumber1226PropagationsTotal=89946
%%%mzn-stat: AverageConflictSize=22.19957130369182
%%%mzn-stat: NumUnitNogoodsLearned=0
%%%mzn-stat: AverageLearnedNogoodLength=55.062532182160005
%%%mzn-stat: AverageBacktrackAmount=0
%%%mzn-stat: AverageLbd=16.873139422098216
%%%mzn-stat: 2AutonomousSearchNumBackupCalled=5606
%%%mzn-stat: 2AutonomousSearchNumPredicatesRemoved=0
%%%mzn-stat: 2AutonomousSearchNumCalls=5617
%%%mzn-stat: 2AutonomousSearchNumPredicatesAdded=9373
%%%mzn-stat: 2AutonomousSearchAverageSizeOfHeap=2.6907601922734554
%%%mzn-stat: 2AutonomousSearchNumAssignedPredicatesEncountered=15114
%%%mzn-stat-end
maxleg = 323;
succ = array1d(1..50,[2, 7, 11, 5, 10, 1, 8, 14, 6, 12, 21, 26, 9, 25, 3, 17, 22, 19, 20, 23, 31, 28, 24, 47, 40, 29, 4, 39, 36, 27, 45, 35, 18, 33, 41, 44, 16, 48, 30, 15, 49, 43, 38, 13, 42, 37, 32, 50, 46, 34]);
% time elapsed: 46.23 s
----------
