%%%mzn-stat: initTime=0.011931888
%%%mzn-stat: objective=376
%%%mzn-stat: nodes=534
%%%mzn-stat: restarts=0
%%%mzn-stat: peakDepth=130
%%%mzn-stat: solveTime=0.049487046
%%%mzn-stat: variables=522
%%%mzn-stat: propagators=369
%%%mzn-stat: failures=392
%%%mzn-stat: propagations=107397
%%%mzn-stat: nogoods=392
%%%mzn-stat: AverageConflictSize=2.24234693877551
%%%mzn-stat: NumUnitNogoodsLearned=375
%%%mzn-stat: AverageLearnedNogoodLength=2.9260204081632653
%%%mzn-stat: AverageBacktrackAmount=0
%%%mzn-stat: AverageLbd=1.6862244897959184
%%%mzn-stat-end
maxleg = 376;
succ = array1d(1..20,[12, 5, 15, 19, 18, 14, 10, 11, 17, 16, 1, 6, 20, 2, 7, 9, 13, 3, 8, 4]);
% time elapsed: 6.35 s
----------
==========
% time elapsed: 6.35 s
%%%mzn-stat: initTime=0.011931888
%%%mzn-stat: objective=376
%%%mzn-stat: nodes=534
%%%mzn-stat: restarts=0
%%%mzn-stat: peakDepth=130
%%%mzn-stat: solveTime=0.049495692
%%%mzn-stat: variables=522
%%%mzn-stat: propagators=369
%%%mzn-stat: failures=392
%%%mzn-stat: propagations=107397
%%%mzn-stat: nogoods=392
%%%mzn-stat: AverageConflictSize=2.24234693877551
%%%mzn-stat: NumUnitNogoodsLearned=375
%%%mzn-stat: AverageLearnedNogoodLength=2.9260204081632653
%%%mzn-stat: AverageBacktrackAmount=0
%%%mzn-stat: AverageLbd=1.6862244897959184
%%%mzn-stat-end
