% Logging successfully configured
%%%mzn-stat: initTime=0.007525863
%%%mzn-stat: objective=901
%%%mzn-stat: nodes=327
%%%mzn-stat: restarts=0
%%%mzn-stat: peakDepth=310
%%%mzn-stat: solveTime=0.009449051
%%%mzn-stat: variables=663
%%%mzn-stat: propagators=448
%%%mzn-stat: failures=13
%%%mzn-stat: propagations=1909
%%%mzn-stat: nogoods=13
%%%mzn-stat: numAtomicConstraintsPropagated=0
%%%mzn-stat: circuitNumber1PropagationsTotal=132
%%%mzn-stat: circuitNumber1CircuitConflicts=11
%%%mzn-stat: circuitNumber1AlldiffConflicts=1
%%%mzn-stat: circuitNumber1TotalFixedEdgesAtConflict=548
%%%mzn-stat: circuitNumber1NumberOfConflicts=12
%%%mzn-stat: circuitNumber1GacPrunings=287
%%%mzn-stat: circuitNumber1PropagationsThatGacPruned=64
%%%mzn-stat: circuitNumber1TotalPruningHallSetSize=822
%%%mzn-stat: circuitNumber1NumberOfPruningExplanations=287
%%%mzn-stat: circuitNumber1MaxPruningHallSetSize=29
%%%mzn-stat: circuitNumber1TotalSccSizeAtPruning=395
%%%mzn-stat: circuitNumber1NumberOfSccPruningCalls=64
%%%mzn-stat: circuitNumber1TotalVarsInvolvedInPruning=262
%%%mzn-stat: circuitNumber1MaxValuesPrunedFromSingleVar=5
%%%mzn-stat: circuitNumber1HallCircuitChecks=155
%%%mzn-stat: circuitNumber1HallCircuitPrunings=1
%%%mzn-stat: circuitNumber1CircuitPreventPrunings=47
%%%mzn-stat: AverageConflictSize=17.153846153846153
%%%mzn-stat: NumUnitNogoodsLearned=0
%%%mzn-stat: AverageLearnedNogoodLength=23.76923076923077
%%%mzn-stat: AverageBacktrackAmount=0
%%%mzn-stat: AverageLbd=17.846153846153847
%%%mzn-stat: 2AutonomousSearchNumBackupCalled=285
%%%mzn-stat: 2AutonomousSearchNumPredicatesRemoved=0
%%%mzn-stat: 2AutonomousSearchNumCalls=286
%%%mzn-stat: 2AutonomousSearchNumPredicatesAdded=603
%%%mzn-stat: 2AutonomousSearchAverageSizeOfHeap=2.1083916083916083
%%%mzn-stat: 2AutonomousSearchNumAssignedPredicatesEncountered=603
%%%mzn-stat-end
maxleg = 901;
succ = array1d(1..50,[8, 13, 7, 6, 12, 27, 9, 2, 15, 11, 20, 14, 3, 16, 21, 18, 30, 26, 34, 32, 31, 5, 22, 4, 38, 44, 41, 37, 49, 45, 29, 17, 39, 43, 25, 24, 40, 46, 19, 48, 50, 36, 10, 28, 35, 42, 23, 1, 33, 47]);
% time elapsed: 10.20 s
----------
%%%mzn-stat: initTime=0.007525863
%%%mzn-stat: objective=640
%%%mzn-stat: nodes=644
%%%mzn-stat: restarts=0
%%%mzn-stat: peakDepth=310
%%%mzn-stat: solveTime=0.016319381
%%%mzn-stat: variables=663
%%%mzn-stat: propagators=448
%%%mzn-stat: failures=19
%%%mzn-stat: propagations=2904
%%%mzn-stat: nogoods=19
%%%mzn-stat: numAtomicConstraintsPropagated=0
%%%mzn-stat: circuitNumber1PropagationsTotal=235
%%%mzn-stat: circuitNumber1CircuitConflicts=15
%%%mzn-stat: circuitNumber1AlldiffConflicts=1
%%%mzn-stat: circuitNumber1TotalFixedEdgesAtConflict=725
%%%mzn-stat: circuitNumber1NumberOfConflicts=16
%%%mzn-stat: circuitNumber1GacPrunings=552
%%%mzn-stat: circuitNumber1PropagationsThatGacPruned=115
%%%mzn-stat: circuitNumber1TotalPruningHallSetSize=1771
%%%mzn-stat: circuitNumber1NumberOfPruningExplanations=552
%%%mzn-stat: circuitNumber1MaxPruningHallSetSize=29
%%%mzn-stat: circuitNumber1TotalSccSizeAtPruning=748
%%%mzn-stat: circuitNumber1NumberOfSccPruningCalls=115
%%%mzn-stat: circuitNumber1TotalVarsInvolvedInPruning=477
%%%mzn-stat: circuitNumber1MaxValuesPrunedFromSingleVar=5
%%%mzn-stat: circuitNumber1HallCircuitChecks=281
%%%mzn-stat: circuitNumber1HallCircuitPrunings=2
%%%mzn-stat: circuitNumber1CircuitPreventPrunings=88
%%%mzn-stat: AverageConflictSize=17.94736842105263
%%%mzn-stat: NumUnitNogoodsLearned=0
%%%mzn-stat: AverageLearnedNogoodLength=23.36842105263158
%%%mzn-stat: AverageBacktrackAmount=0
%%%mzn-stat: AverageLbd=16.842105263157894
%%%mzn-stat: 2AutonomousSearchNumBackupCalled=563
%%%mzn-stat: 2AutonomousSearchNumPredicatesRemoved=0
%%%mzn-stat: 2AutonomousSearchNumCalls=565
%%%mzn-stat: 2AutonomousSearchNumPredicatesAdded=1059
%%%mzn-stat: 2AutonomousSearchAverageSizeOfHeap=2.330973451327434
%%%mzn-stat: 2AutonomousSearchNumAssignedPredicatesEncountered=1317
%%%mzn-stat-end
maxleg = 640;
succ = array1d(1..50,[8, 13, 7, 6, 12, 27, 9, 2, 15, 11, 20, 14, 3, 16, 21, 18, 30, 26, 34, 32, 31, 5, 28, 4, 37, 45, 41, 44, 49, 43, 29, 17, 39, 10, 1, 24, 40, 25, 19, 48, 47, 36, 46, 22, 35, 38, 23, 50, 33, 42]);
% time elapsed: 10.20 s
----------
%%%mzn-stat: initTime=0.007525863
%%%mzn-stat: objective=326
%%%mzn-stat: nodes=962
%%%mzn-stat: restarts=0
%%%mzn-stat: peakDepth=310
%%%mzn-stat: solveTime=0.026080489
%%%mzn-stat: variables=663
%%%mzn-stat: propagators=448
%%%mzn-stat: failures=32
%%%mzn-stat: propagations=4027
%%%mzn-stat: nogoods=32
%%%mzn-stat: numAtomicConstraintsPropagated=0
%%%mzn-stat: circuitNumber1PropagationsTotal=366
%%%mzn-stat: circuitNumber1CircuitConflicts=19
%%%mzn-stat: circuitNumber1AlldiffConflicts=1
%%%mzn-stat: circuitNumber1TotalFixedEdgesAtConflict=853
%%%mzn-stat: circuitNumber1NumberOfConflicts=20
%%%mzn-stat: circuitNumber1GacPrunings=815
%%%mzn-stat: circuitNumber1PropagationsThatGacPruned=188
%%%mzn-stat: circuitNumber1TotalPruningHallSetSize=2413
%%%mzn-stat: circuitNumber1NumberOfPruningExplanations=815
%%%mzn-stat: circuitNumber1MaxPruningHallSetSize=29
%%%mzn-stat: circuitNumber1TotalSccSizeAtPruning=1080
%%%mzn-stat: circuitNumber1NumberOfSccPruningCalls=188
%%%mzn-stat: circuitNumber1TotalVarsInvolvedInPruning=713
%%%mzn-stat: circuitNumber1MaxValuesPrunedFromSingleVar=5
%%%mzn-stat: circuitNumber1HallCircuitChecks=469
%%%mzn-stat: circuitNumber1HallCircuitPrunings=3
%%%mzn-stat: circuitNumber1CircuitPreventPrunings=145
%%%mzn-stat: AverageConflictSize=18.53125
%%%mzn-stat: NumUnitNogoodsLearned=0
%%%mzn-stat: AverageLearnedNogoodLength=23.5625
%%%mzn-stat: AverageBacktrackAmount=0
%%%mzn-stat: AverageLbd=15.375
%%%mzn-stat: 2AutonomousSearchNumBackupCalled=837
%%%mzn-stat: 2AutonomousSearchNumPredicatesRemoved=0
%%%mzn-stat: 2AutonomousSearchNumCalls=840
%%%mzn-stat: 2AutonomousSearchNumPredicatesAdded=1874
%%%mzn-stat: 2AutonomousSearchAverageSizeOfHeap=2.9845238095238096
%%%mzn-stat: 2AutonomousSearchNumAssignedPredicatesEncountered=2507
%%%mzn-stat-end
maxleg = 326;
succ = array1d(1..50,[8, 13, 7, 6, 12, 27, 9, 2, 15, 11, 20, 14, 3, 16, 21, 18, 30, 32, 34, 43, 31, 5, 22, 36, 37, 44, 24, 23, 49, 35, 29, 17, 39, 10, 25, 42, 40, 45, 19, 4, 47, 41, 46, 28, 26, 38, 50, 1, 33, 48]);
% time elapsed: 10.20 s
----------
%%%mzn-stat: initTime=0.007525863
%%%mzn-stat: objective=301
%%%mzn-stat: nodes=1247
%%%mzn-stat: restarts=0
%%%mzn-stat: peakDepth=310
%%%mzn-stat: solveTime=0.03223236
%%%mzn-stat: variables=663
%%%mzn-stat: propagators=448
%%%mzn-stat: failures=36
%%%mzn-stat: propagations=4925
%%%mzn-stat: nogoods=36
%%%mzn-stat: numAtomicConstraintsPropagated=0
%%%mzn-stat: circuitNumber1PropagationsTotal=446
%%%mzn-stat: circuitNumber1CircuitConflicts=20
%%%mzn-stat: circuitNumber1AlldiffConflicts=1
%%%mzn-stat: circuitNumber1TotalFixedEdgesAtConflict=889
%%%mzn-stat: circuitNumber1NumberOfConflicts=21
%%%mzn-stat: circuitNumber1GacPrunings=1006
%%%mzn-stat: circuitNumber1PropagationsThatGacPruned=230
%%%mzn-stat: circuitNumber1TotalPruningHallSetSize=2962
%%%mzn-stat: circuitNumber1NumberOfPruningExplanations=1006
%%%mzn-stat: circuitNumber1MaxPruningHallSetSize=29
%%%mzn-stat: circuitNumber1TotalSccSizeAtPruning=1328
%%%mzn-stat: circuitNumber1NumberOfSccPruningCalls=230
%%%mzn-stat: circuitNumber1TotalVarsInvolvedInPruning=878
%%%mzn-stat: circuitNumber1MaxValuesPrunedFromSingleVar=5
%%%mzn-stat: circuitNumber1HallCircuitChecks=559
%%%mzn-stat: circuitNumber1HallCircuitPrunings=4
%%%mzn-stat: circuitNumber1CircuitPreventPrunings=179
%%%mzn-stat: AverageConflictSize=19.833333333333332
%%%mzn-stat: NumUnitNogoodsLearned=0
%%%mzn-stat: AverageLearnedNogoodLength=24.555555555555557
%%%mzn-stat: AverageBacktrackAmount=0
%%%mzn-stat: AverageLbd=15.722222222222221
%%%mzn-stat: 2AutonomousSearchNumBackupCalled=1093
%%%mzn-stat: 2AutonomousSearchNumPredicatesRemoved=0
%%%mzn-stat: 2AutonomousSearchNumCalls=1097
%%%mzn-stat: 2AutonomousSearchNumPredicatesAdded=2367
%%%mzn-stat: 2AutonomousSearchAverageSizeOfHeap=3.375569735642662
%%%mzn-stat: 2AutonomousSearchNumAssignedPredicatesEncountered=3703
%%%mzn-stat-end
maxleg = 301;
succ = array1d(1..50,[8, 13, 7, 6, 12, 27, 9, 2, 15, 11, 20, 14, 3, 16, 21, 18, 30, 32, 34, 43, 31, 23, 28, 36, 37, 44, 24, 5, 49, 35, 29, 17, 39, 10, 25, 42, 40, 45, 19, 4, 47, 41, 46, 22, 26, 38, 50, 1, 33, 48]);
% time elapsed: 10.20 s
----------
%%%mzn-stat: initTime=0.007525863
%%%mzn-stat: objective=299
%%%mzn-stat: nodes=1532
%%%mzn-stat: restarts=0
%%%mzn-stat: peakDepth=310
%%%mzn-stat: solveTime=0.03808546
%%%mzn-stat: variables=663
%%%mzn-stat: propagators=448
%%%mzn-stat: failures=40
%%%mzn-stat: propagations=5820
%%%mzn-stat: nogoods=40
%%%mzn-stat: numAtomicConstraintsPropagated=0
%%%mzn-stat: circuitNumber1PropagationsTotal=527
%%%mzn-stat: circuitNumber1CircuitConflicts=21
%%%mzn-stat: circuitNumber1AlldiffConflicts=1
%%%mzn-stat: circuitNumber1TotalFixedEdgesAtConflict=920
%%%mzn-stat: circuitNumber1NumberOfConflicts=22
%%%mzn-stat: circuitNumber1GacPrunings=1185
%%%mzn-stat: circuitNumber1PropagationsThatGacPruned=273
%%%mzn-stat: circuitNumber1TotalPruningHallSetSize=3485
%%%mzn-stat: circuitNumber1NumberOfPruningExplanations=1185
%%%mzn-stat: circuitNumber1MaxPruningHallSetSize=29
%%%mzn-stat: circuitNumber1TotalSccSizeAtPruning=1576
%%%mzn-stat: circuitNumber1NumberOfSccPruningCalls=273
%%%mzn-stat: circuitNumber1TotalVarsInvolvedInPruning=1036
%%%mzn-stat: circuitNumber1MaxValuesPrunedFromSingleVar=5
%%%mzn-stat: circuitNumber1HallCircuitChecks=655
%%%mzn-stat: circuitNumber1HallCircuitPrunings=5
%%%mzn-stat: circuitNumber1CircuitPreventPrunings=214
%%%mzn-stat: AverageConflictSize=20.925
%%%mzn-stat: NumUnitNogoodsLearned=0
%%%mzn-stat: AverageLearnedNogoodLength=25.975
%%%mzn-stat: AverageBacktrackAmount=0
%%%mzn-stat: AverageLbd=15.975
%%%mzn-stat: 2AutonomousSearchNumBackupCalled=1350
%%%mzn-stat: 2AutonomousSearchNumPredicatesRemoved=0
%%%mzn-stat: 2AutonomousSearchNumCalls=1355
%%%mzn-stat: 2AutonomousSearchNumPredicatesAdded=2862
%%%mzn-stat: 2AutonomousSearchAverageSizeOfHeap=3.6309963099630997
%%%mzn-stat: 2AutonomousSearchNumAssignedPredicatesEncountered=4920
%%%mzn-stat-end
maxleg = 299;
succ = array1d(1..50,[8, 13, 7, 6, 12, 27, 9, 2, 15, 11, 20, 14, 3, 16, 21, 18, 30, 32, 46, 34, 31, 23, 28, 36, 37, 44, 24, 5, 49, 35, 29, 10, 39, 43, 25, 42, 40, 45, 19, 4, 47, 41, 17, 22, 26, 38, 50, 1, 33, 48]);
% time elapsed: 10.20 s
----------
%%%mzn-stat: initTime=0.007525863
%%%mzn-stat: objective=291
%%%mzn-stat: nodes=1822
%%%mzn-stat: restarts=0
%%%mzn-stat: peakDepth=310
%%%mzn-stat: solveTime=0.043957799
%%%mzn-stat: variables=663
%%%mzn-stat: propagators=448
%%%mzn-stat: failures=44
%%%mzn-stat: propagations=6714
%%%mzn-stat: nogoods=44
%%%mzn-stat: numAtomicConstraintsPropagated=0
%%%mzn-stat: circuitNumber1PropagationsTotal=607
%%%mzn-stat: circuitNumber1CircuitConflicts=22
%%%mzn-stat: circuitNumber1AlldiffConflicts=1
%%%mzn-stat: circuitNumber1TotalFixedEdgesAtConflict=951
%%%mzn-stat: circuitNumber1NumberOfConflicts=23
%%%mzn-stat: circuitNumber1GacPrunings=1360
%%%mzn-stat: circuitNumber1PropagationsThatGacPruned=316
%%%mzn-stat: circuitNumber1TotalPruningHallSetSize=3999
%%%mzn-stat: circuitNumber1NumberOfPruningExplanations=1360
%%%mzn-stat: circuitNumber1MaxPruningHallSetSize=29
%%%mzn-stat: circuitNumber1TotalSccSizeAtPruning=1820
%%%mzn-stat: circuitNumber1NumberOfSccPruningCalls=316
%%%mzn-stat: circuitNumber1TotalVarsInvolvedInPruning=1192
%%%mzn-stat: circuitNumber1MaxValuesPrunedFromSingleVar=5
%%%mzn-stat: circuitNumber1HallCircuitChecks=748
%%%mzn-stat: circuitNumber1HallCircuitPrunings=6
%%%mzn-stat: circuitNumber1CircuitPreventPrunings=250
%%%mzn-stat: AverageConflictSize=21.84090909090909
%%%mzn-stat: NumUnitNogoodsLearned=0
%%%mzn-stat: AverageLearnedNogoodLength=27.318181818181817
%%%mzn-stat: AverageBacktrackAmount=0
%%%mzn-stat: AverageLbd=16.181818181818183
%%%mzn-stat: 2AutonomousSearchNumBackupCalled=1613
%%%mzn-stat: 2AutonomousSearchNumPredicatesRemoved=0
%%%mzn-stat: 2AutonomousSearchNumCalls=1619
%%%mzn-stat: 2AutonomousSearchNumPredicatesAdded=3380
%%%mzn-stat: 2AutonomousSearchAverageSizeOfHeap=3.7930821494749845
%%%mzn-stat: 2AutonomousSearchNumAssignedPredicatesEncountered=6141
%%%mzn-stat-end
maxleg = 291;
succ = array1d(1..50,[8, 13, 7, 6, 12, 27, 9, 2, 15, 11, 20, 14, 3, 16, 21, 18, 30, 32, 46, 43, 31, 23, 28, 36, 37, 44, 24, 5, 49, 35, 29, 34, 39, 10, 25, 42, 40, 45, 19, 4, 47, 41, 17, 22, 26, 38, 50, 1, 33, 48]);
% time elapsed: 10.20 s
----------
%%%mzn-stat: initTime=0.007525863
%%%mzn-stat: objective=284
%%%mzn-stat: nodes=2211
%%%mzn-stat: restarts=0
%%%mzn-stat: peakDepth=310
%%%mzn-stat: solveTime=0.096961582
%%%mzn-stat: variables=663
%%%mzn-stat: propagators=448
%%%mzn-stat: failures=143
%%%mzn-stat: propagations=10580
%%%mzn-stat: nogoods=143
%%%mzn-stat: numAtomicConstraintsPropagated=0
%%%mzn-stat: circuitNumber1PropagationsTotal=1158
%%%mzn-stat: circuitNumber1CircuitConflicts=91
%%%mzn-stat: circuitNumber1AlldiffConflicts=2
%%%mzn-stat: circuitNumber1TotalFixedEdgesAtConflict=3434
%%%mzn-stat: circuitNumber1NumberOfConflicts=93
%%%mzn-stat: circuitNumber1GacPrunings=2650
%%%mzn-stat: circuitNumber1PropagationsThatGacPruned=606
%%%mzn-stat: circuitNumber1TotalPruningHallSetSize=11406
%%%mzn-stat: circuitNumber1NumberOfPruningExplanations=2650
%%%mzn-stat: circuitNumber1MaxPruningHallSetSize=29
%%%mzn-stat: circuitNumber1TotalSccSizeAtPruning=6083
%%%mzn-stat: circuitNumber1NumberOfSccPruningCalls=606
%%%mzn-stat: circuitNumber1TotalVarsInvolvedInPruning=2190
%%%mzn-stat: circuitNumber1MaxValuesPrunedFromSingleVar=5
%%%mzn-stat: circuitNumber1HallCircuitChecks=1349
%%%mzn-stat: circuitNumber1HallCircuitPrunings=9
%%%mzn-stat: circuitNumber1CircuitPreventPrunings=520
%%%mzn-stat: AverageConflictSize=18.342657342657343
%%%mzn-stat: NumUnitNogoodsLearned=0
%%%mzn-stat: AverageLearnedNogoodLength=36.0979020979021
%%%mzn-stat: AverageBacktrackAmount=0
%%%mzn-stat: AverageLbd=16.216783216783217
%%%mzn-stat: 2AutonomousSearchNumBackupCalled=1876
%%%mzn-stat: 2AutonomousSearchNumPredicatesRemoved=0
%%%mzn-stat: 2AutonomousSearchNumCalls=1883
%%%mzn-stat: 2AutonomousSearchNumPredicatesAdded=4623
%%%mzn-stat: 2AutonomousSearchAverageSizeOfHeap=4.0467339352097715
%%%mzn-stat: 2AutonomousSearchNumAssignedPredicatesEncountered=7620
%%%mzn-stat-end
maxleg = 284;
succ = array1d(1..50,[8, 13, 7, 6, 12, 27, 9, 2, 15, 11, 20, 14, 3, 16, 21, 26, 30, 44, 43, 32, 31, 23, 28, 36, 35, 45, 24, 5, 49, 46, 29, 18, 39, 10, 37, 42, 40, 25, 19, 4, 47, 41, 34, 22, 17, 38, 50, 1, 33, 48]);
% time elapsed: 10.26 s
----------
%%%mzn-stat: initTime=0.007525863
%%%mzn-stat: objective=274
%%%mzn-stat: nodes=2576
%%%mzn-stat: restarts=0
%%%mzn-stat: peakDepth=310
%%%mzn-stat: solveTime=0.142915021
%%%mzn-stat: variables=663
%%%mzn-stat: propagators=448
%%%mzn-stat: failures=228
%%%mzn-stat: propagations=13879
%%%mzn-stat: nogoods=228
%%%mzn-stat: numAtomicConstraintsPropagated=0
%%%mzn-stat: circuitNumber1PropagationsTotal=1649
%%%mzn-stat: circuitNumber1CircuitConflicts=137
%%%mzn-stat: circuitNumber1AlldiffConflicts=6
%%%mzn-stat: circuitNumber1TotalFixedEdgesAtConflict=5162
%%%mzn-stat: circuitNumber1NumberOfConflicts=143
%%%mzn-stat: circuitNumber1GacPrunings=3640
%%%mzn-stat: circuitNumber1PropagationsThatGacPruned=867
%%%mzn-stat: circuitNumber1TotalPruningHallSetSize=16243
%%%mzn-stat: circuitNumber1NumberOfPruningExplanations=3640
%%%mzn-stat: circuitNumber1MaxPruningHallSetSize=38
%%%mzn-stat: circuitNumber1TotalSccSizeAtPruning=8993
%%%mzn-stat: circuitNumber1NumberOfSccPruningCalls=867
%%%mzn-stat: circuitNumber1TotalVarsInvolvedInPruning=3023
%%%mzn-stat: circuitNumber1MaxValuesPrunedFromSingleVar=5
%%%mzn-stat: circuitNumber1HallCircuitChecks=2250
%%%mzn-stat: circuitNumber1HallCircuitPrunings=14
%%%mzn-stat: circuitNumber1CircuitPreventPrunings=795
%%%mzn-stat: AverageConflictSize=18.017543859649123
%%%mzn-stat: NumUnitNogoodsLearned=0
%%%mzn-stat: AverageLearnedNogoodLength=37.1359649122807
%%%mzn-stat: AverageBacktrackAmount=0
%%%mzn-stat: AverageLbd=16.214912280701753
%%%mzn-stat: 2AutonomousSearchNumBackupCalled=2123
%%%mzn-stat: 2AutonomousSearchNumPredicatesRemoved=0
%%%mzn-stat: 2AutonomousSearchNumCalls=2131
%%%mzn-stat: 2AutonomousSearchNumPredicatesAdded=5825
%%%mzn-stat: 2AutonomousSearchAverageSizeOfHeap=4.389957766306898
%%%mzn-stat: 2AutonomousSearchNumAssignedPredicatesEncountered=9355
%%%mzn-stat-end
maxleg = 274;
succ = array1d(1..50,[8, 13, 7, 6, 12, 27, 9, 2, 15, 11, 20, 14, 3, 16, 39, 26, 30, 44, 43, 32, 25, 23, 28, 36, 38, 45, 24, 5, 31, 35, 21, 18, 49, 10, 37, 47, 40, 46, 33, 4, 42, 50, 34, 22, 17, 19, 41, 1, 29, 48]);
% time elapsed: 10.30 s
----------
%%%mzn-stat: initTime=0.007525863
%%%mzn-stat: objective=254
%%%mzn-stat: nodes=2855
%%%mzn-stat: restarts=0
%%%mzn-stat: peakDepth=310
%%%mzn-stat: solveTime=0.158282716
%%%mzn-stat: variables=663
%%%mzn-stat: propagators=448
%%%mzn-stat: failures=248
%%%mzn-stat: propagations=15292
%%%mzn-stat: nogoods=248
%%%mzn-stat: numAtomicConstraintsPropagated=0
%%%mzn-stat: circuitNumber1PropagationsTotal=1828
%%%mzn-stat: circuitNumber1CircuitConflicts=147
%%%mzn-stat: circuitNumber1AlldiffConflicts=7
%%%mzn-stat: circuitNumber1TotalFixedEdgesAtConflict=5657
%%%mzn-stat: circuitNumber1NumberOfConflicts=154
%%%mzn-stat: circuitNumber1GacPrunings=3957
%%%mzn-stat: circuitNumber1PropagationsThatGacPruned=966
%%%mzn-stat: circuitNumber1TotalPruningHallSetSize=17283
%%%mzn-stat: circuitNumber1NumberOfPruningExplanations=3957
%%%mzn-stat: circuitNumber1MaxPruningHallSetSize=38
%%%mzn-stat: circuitNumber1TotalSccSizeAtPruning=9609
%%%mzn-stat: circuitNumber1NumberOfSccPruningCalls=966
%%%mzn-stat: circuitNumber1TotalVarsInvolvedInPruning=3292
%%%mzn-stat: circuitNumber1MaxValuesPrunedFromSingleVar=5
%%%mzn-stat: circuitNumber1HallCircuitChecks=2480
%%%mzn-stat: circuitNumber1HallCircuitPrunings=16
%%%mzn-stat: circuitNumber1CircuitPreventPrunings=889
%%%mzn-stat: AverageConflictSize=18.786290322580644
%%%mzn-stat: NumUnitNogoodsLearned=0
%%%mzn-stat: AverageLearnedNogoodLength=37.17741935483871
%%%mzn-stat: AverageBacktrackAmount=0
%%%mzn-stat: AverageLbd=16.302419354838708
%%%mzn-stat: 2AutonomousSearchNumBackupCalled=2360
%%%mzn-stat: 2AutonomousSearchNumPredicatesRemoved=0
%%%mzn-stat: 2AutonomousSearchNumCalls=2369
%%%mzn-stat: 2AutonomousSearchNumPredicatesAdded=6610
%%%mzn-stat: 2AutonomousSearchAverageSizeOfHeap=4.681300126635711
%%%mzn-stat: 2AutonomousSearchNumAssignedPredicatesEncountered=11090
%%%mzn-stat-end
maxleg = 254;
succ = array1d(1..50,[8, 13, 7, 6, 12, 27, 9, 2, 15, 11, 20, 14, 3, 16, 39, 26, 30, 44, 43, 32, 25, 28, 5, 36, 38, 45, 24, 23, 31, 35, 21, 18, 49, 10, 37, 47, 40, 46, 33, 4, 42, 50, 34, 22, 17, 19, 41, 1, 29, 48]);
% time elapsed: 10.31 s
----------
%%%mzn-stat: initTime=0.007525863
%%%mzn-stat: objective=253
%%%mzn-stat: nodes=3115
%%%mzn-stat: restarts=0
%%%mzn-stat: peakDepth=310
%%%mzn-stat: solveTime=0.163871035
%%%mzn-stat: variables=663
%%%mzn-stat: propagators=448
%%%mzn-stat: failures=249
%%%mzn-stat: propagations=16102
%%%mzn-stat: nogoods=249
%%%mzn-stat: numAtomicConstraintsPropagated=0
%%%mzn-stat: circuitNumber1PropagationsTotal=1891
%%%mzn-stat: circuitNumber1CircuitConflicts=147
%%%mzn-stat: circuitNumber1AlldiffConflicts=7
%%%mzn-stat: circuitNumber1TotalFixedEdgesAtConflict=5657
%%%mzn-stat: circuitNumber1NumberOfConflicts=154
%%%mzn-stat: circuitNumber1GacPrunings=4104
%%%mzn-stat: circuitNumber1PropagationsThatGacPruned=997
%%%mzn-stat: circuitNumber1TotalPruningHallSetSize=17993
%%%mzn-stat: circuitNumber1NumberOfPruningExplanations=4104
%%%mzn-stat: circuitNumber1MaxPruningHallSetSize=38
%%%mzn-stat: circuitNumber1TotalSccSizeAtPruning=9985
%%%mzn-stat: circuitNumber1NumberOfSccPruningCalls=997
%%%mzn-stat: circuitNumber1TotalVarsInvolvedInPruning=3415
%%%mzn-stat: circuitNumber1MaxValuesPrunedFromSingleVar=5
%%%mzn-stat: circuitNumber1HallCircuitChecks=2543
%%%mzn-stat: circuitNumber1HallCircuitPrunings=18
%%%mzn-stat: circuitNumber1CircuitPreventPrunings=920
%%%mzn-stat: AverageConflictSize=18.751004016064257
%%%mzn-stat: NumUnitNogoodsLearned=0
%%%mzn-stat: AverageLearnedNogoodLength=37.18473895582329
%%%mzn-stat: AverageBacktrackAmount=0
%%%mzn-stat: AverageLbd=16.289156626506024
%%%mzn-stat: 2AutonomousSearchNumBackupCalled=2601
%%%mzn-stat: 2AutonomousSearchNumPredicatesRemoved=0
%%%mzn-stat: 2AutonomousSearchNumCalls=2611
%%%mzn-stat: 2AutonomousSearchNumPredicatesAdded=6729
%%%mzn-stat: 2AutonomousSearchAverageSizeOfHeap=4.916124090386825
%%%mzn-stat: 2AutonomousSearchNumAssignedPredicatesEncountered=12836
%%%mzn-stat-end
maxleg = 253;
succ = array1d(1..50,[8, 13, 7, 6, 12, 27, 9, 2, 15, 11, 20, 16, 3, 5, 39, 18, 30, 44, 43, 32, 25, 28, 26, 36, 37, 45, 41, 23, 31, 35, 21, 17, 49, 10, 1, 47, 40, 46, 33, 4, 42, 24, 34, 22, 38, 19, 50, 14, 29, 48]);
% time elapsed: 10.32 s
----------
%%%mzn-stat: initTime=0.007525863
%%%mzn-stat: objective=249
%%%mzn-stat: nodes=3382
%%%mzn-stat: restarts=0
%%%mzn-stat: peakDepth=310
%%%mzn-stat: solveTime=0.168442751
%%%mzn-stat: variables=663
%%%mzn-stat: propagators=448
%%%mzn-stat: failures=250
%%%mzn-stat: propagations=16956
%%%mzn-stat: nogoods=250
%%%mzn-stat: numAtomicConstraintsPropagated=0
%%%mzn-stat: circuitNumber1PropagationsTotal=1951
%%%mzn-stat: circuitNumber1CircuitConflicts=148
%%%mzn-stat: circuitNumber1AlldiffConflicts=7
%%%mzn-stat: circuitNumber1TotalFixedEdgesAtConflict=5707
%%%mzn-stat: circuitNumber1NumberOfConflicts=155
%%%mzn-stat: circuitNumber1GacPrunings=4248
%%%mzn-stat: circuitNumber1PropagationsThatGacPruned=1027
%%%mzn-stat: circuitNumber1TotalPruningHallSetSize=18680
%%%mzn-stat: circuitNumber1NumberOfPruningExplanations=4248
%%%mzn-stat: circuitNumber1MaxPruningHallSetSize=38
%%%mzn-stat: circuitNumber1TotalSccSizeAtPruning=10327
%%%mzn-stat: circuitNumber1NumberOfSccPruningCalls=1027
%%%mzn-stat: circuitNumber1TotalVarsInvolvedInPruning=3534
%%%mzn-stat: circuitNumber1MaxValuesPrunedFromSingleVar=5
%%%mzn-stat: circuitNumber1HallCircuitChecks=2601
%%%mzn-stat: circuitNumber1HallCircuitPrunings=20
%%%mzn-stat: circuitNumber1CircuitPreventPrunings=949
%%%mzn-stat: AverageConflictSize=18.864
%%%mzn-stat: NumUnitNogoodsLearned=0
%%%mzn-stat: AverageLearnedNogoodLength=37.232
%%%mzn-stat: AverageBacktrackAmount=0
%%%mzn-stat: AverageLbd=16.3
%%%mzn-stat: 2AutonomousSearchNumBackupCalled=2849
%%%mzn-stat: 2AutonomousSearchNumPredicatesRemoved=0
%%%mzn-stat: 2AutonomousSearchNumCalls=2860
%%%mzn-stat: 2AutonomousSearchNumPredicatesAdded=6837
%%%mzn-stat: 2AutonomousSearchAverageSizeOfHeap=5.0993006993006995
%%%mzn-stat: 2AutonomousSearchNumAssignedPredicatesEncountered=14584
%%%mzn-stat-end
maxleg = 249;
succ = array1d(1..50,[8, 13, 7, 6, 12, 27, 9, 2, 15, 11, 20, 16, 3, 5, 39, 18, 30, 44, 43, 32, 25, 28, 26, 36, 37, 45, 42, 23, 31, 35, 21, 17, 49, 10, 1, 47, 40, 46, 33, 4, 50, 24, 34, 22, 38, 19, 41, 14, 29, 48]);
% time elapsed: 10.35 s
----------
%%%mzn-stat: initTime=0.007525863
%%%mzn-stat: objective=246
%%%mzn-stat: nodes=3644
%%%mzn-stat: restarts=0
%%%mzn-stat: peakDepth=310
%%%mzn-stat: solveTime=0.173112812
%%%mzn-stat: variables=663
%%%mzn-stat: propagators=448
%%%mzn-stat: failures=251
%%%mzn-stat: propagations=17813
%%%mzn-stat: nogoods=251
%%%mzn-stat: numAtomicConstraintsPropagated=0
%%%mzn-stat: circuitNumber1PropagationsTotal=2015
%%%mzn-stat: circuitNumber1CircuitConflicts=149
%%%mzn-stat: circuitNumber1AlldiffConflicts=7
%%%mzn-stat: circuitNumber1TotalFixedEdgesAtConflict=5757
%%%mzn-stat: circuitNumber1NumberOfConflicts=156
%%%mzn-stat: circuitNumber1GacPrunings=4392
%%%mzn-stat: circuitNumber1PropagationsThatGacPruned=1059
%%%mzn-stat: circuitNumber1TotalPruningHallSetSize=19358
%%%mzn-stat: circuitNumber1NumberOfPruningExplanations=4392
%%%mzn-stat: circuitNumber1MaxPruningHallSetSize=38
%%%mzn-stat: circuitNumber1TotalSccSizeAtPruning=10674
%%%mzn-stat: circuitNumber1NumberOfSccPruningCalls=1059
%%%mzn-stat: circuitNumber1TotalVarsInvolvedInPruning=3654
%%%mzn-stat: circuitNumber1MaxValuesPrunedFromSingleVar=5
%%%mzn-stat: circuitNumber1HallCircuitChecks=2675
%%%mzn-stat: circuitNumber1HallCircuitPrunings=22
%%%mzn-stat: circuitNumber1CircuitPreventPrunings=977
%%%mzn-stat: AverageConflictSize=18.97609561752988
%%%mzn-stat: NumUnitNogoodsLearned=0
%%%mzn-stat: AverageLearnedNogoodLength=37.26294820717131
%%%mzn-stat: AverageBacktrackAmount=0
%%%mzn-stat: AverageLbd=16.314741035856574
%%%mzn-stat: 2AutonomousSearchNumBackupCalled=3091
%%%mzn-stat: 2AutonomousSearchNumPredicatesRemoved=0
%%%mzn-stat: 2AutonomousSearchNumCalls=3103
%%%mzn-stat: 2AutonomousSearchNumPredicatesAdded=6941
%%%mzn-stat: 2AutonomousSearchAverageSizeOfHeap=5.264260393167902
%%%mzn-stat: 2AutonomousSearchNumAssignedPredicatesEncountered=16335
%%%mzn-stat-end
maxleg = 246;
succ = array1d(1..50,[8, 13, 7, 6, 12, 27, 9, 2, 15, 11, 20, 16, 29, 5, 31, 18, 30, 44, 43, 32, 25, 28, 26, 36, 37, 45, 42, 23, 49, 35, 21, 17, 39, 10, 1, 47, 40, 46, 3, 4, 50, 24, 34, 22, 38, 19, 41, 14, 33, 48]);
% time elapsed: 10.35 s
----------
%%%mzn-stat: initTime=0.007525863
%%%mzn-stat: objective=242
%%%mzn-stat: nodes=3921
%%%mzn-stat: restarts=0
%%%mzn-stat: peakDepth=310
%%%mzn-stat: solveTime=0.19629748
%%%mzn-stat: variables=663
%%%mzn-stat: propagators=448
%%%mzn-stat: failures=284
%%%mzn-stat: propagations=19605
%%%mzn-stat: nogoods=284
%%%mzn-stat: numAtomicConstraintsPropagated=0
%%%mzn-stat: circuitNumber1PropagationsTotal=2260
%%%mzn-stat: circuitNumber1CircuitConflicts=157
%%%mzn-stat: circuitNumber1AlldiffConflicts=7
%%%mzn-stat: circuitNumber1TotalFixedEdgesAtConflict=6135
%%%mzn-stat: circuitNumber1NumberOfConflicts=164
%%%mzn-stat: circuitNumber1GacPrunings=4847
%%%mzn-stat: circuitNumber1PropagationsThatGacPruned=1202
%%%mzn-stat: circuitNumber1TotalPruningHallSetSize=20948
%%%mzn-stat: circuitNumber1NumberOfPruningExplanations=4847
%%%mzn-stat: circuitNumber1MaxPruningHallSetSize=38
%%%mzn-stat: circuitNumber1TotalSccSizeAtPruning=11747
%%%mzn-stat: circuitNumber1NumberOfSccPruningCalls=1202
%%%mzn-stat: circuitNumber1TotalVarsInvolvedInPruning=4044
%%%mzn-stat: circuitNumber1MaxValuesPrunedFromSingleVar=5
%%%mzn-stat: circuitNumber1HallCircuitChecks=3022
%%%mzn-stat: circuitNumber1HallCircuitPrunings=25
%%%mzn-stat: circuitNumber1CircuitPreventPrunings=1114
%%%mzn-stat: AverageConflictSize=19.81338028169014
%%%mzn-stat: NumUnitNogoodsLearned=0
%%%mzn-stat: AverageLearnedNogoodLength=37.644366197183096
%%%mzn-stat: AverageBacktrackAmount=0
%%%mzn-stat: AverageLbd=16.60211267605634
%%%mzn-stat: 2AutonomousSearchNumBackupCalled=3312
%%%mzn-stat: 2AutonomousSearchNumPredicatesRemoved=0
%%%mzn-stat: 2AutonomousSearchNumCalls=3325
%%%mzn-stat: 2AutonomousSearchNumPredicatesAdded=7784
%%%mzn-stat: 2AutonomousSearchAverageSizeOfHeap=5.452330827067669
%%%mzn-stat: 2AutonomousSearchNumAssignedPredicatesEncountered=18129
%%%mzn-stat-end
maxleg = 242;
succ = array1d(1..50,[8, 13, 7, 6, 12, 27, 9, 2, 15, 11, 20, 16, 29, 5, 31, 26, 30, 44, 43, 32, 25, 28, 14, 36, 38, 45, 42, 23, 49, 35, 21, 18, 39, 10, 37, 47, 40, 46, 3, 4, 50, 24, 34, 22, 17, 19, 41, 1, 33, 48]);
% time elapsed: 10.36 s
----------
%%%mzn-stat: initTime=0.007525863
%%%mzn-stat: objective=233
%%%mzn-stat: nodes=4204
%%%mzn-stat: restarts=0
%%%mzn-stat: peakDepth=310
%%%mzn-stat: solveTime=0.218725838
%%%mzn-stat: variables=663
%%%mzn-stat: propagators=448
%%%mzn-stat: failures=312
%%%mzn-stat: propagations=21543
%%%mzn-stat: nogoods=312
%%%mzn-stat: numAtomicConstraintsPropagated=0
%%%mzn-stat: circuitNumber1PropagationsTotal=2517
%%%mzn-stat: circuitNumber1CircuitConflicts=169
%%%mzn-stat: circuitNumber1AlldiffConflicts=7
%%%mzn-stat: circuitNumber1TotalFixedEdgesAtConflict=6619
%%%mzn-stat: circuitNumber1NumberOfConflicts=176
%%%mzn-stat: circuitNumber1GacPrunings=5351
%%%mzn-stat: circuitNumber1PropagationsThatGacPruned=1348
%%%mzn-stat: circuitNumber1TotalPruningHallSetSize=23551
%%%mzn-stat: circuitNumber1NumberOfPruningExplanations=5351
%%%mzn-stat: circuitNumber1MaxPruningHallSetSize=38
%%%mzn-stat: circuitNumber1TotalSccSizeAtPruning=13299
%%%mzn-stat: circuitNumber1NumberOfSccPruningCalls=1348
%%%mzn-stat: circuitNumber1TotalVarsInvolvedInPruning=4468
%%%mzn-stat: circuitNumber1MaxValuesPrunedFromSingleVar=5
%%%mzn-stat: circuitNumber1HallCircuitChecks=3349
%%%mzn-stat: circuitNumber1HallCircuitPrunings=28
%%%mzn-stat: circuitNumber1CircuitPreventPrunings=1240
%%%mzn-stat: AverageConflictSize=20.134615384615383
%%%mzn-stat: NumUnitNogoodsLearned=0
%%%mzn-stat: AverageLearnedNogoodLength=37.993589743589745
%%%mzn-stat: AverageBacktrackAmount=0
%%%mzn-stat: AverageLbd=16.647435897435898
%%%mzn-stat: 2AutonomousSearchNumBackupCalled=3533
%%%mzn-stat: 2AutonomousSearchNumPredicatesRemoved=0
%%%mzn-stat: 2AutonomousSearchNumCalls=3547
%%%mzn-stat: 2AutonomousSearchNumPredicatesAdded=8814
%%%mzn-stat: 2AutonomousSearchAverageSizeOfHeap=5.65914857626163
%%%mzn-stat: 2AutonomousSearchNumAssignedPredicatesEncountered=20073
%%%mzn-stat-end
maxleg = 233;
succ = array1d(1..50,[8, 13, 7, 6, 12, 27, 9, 2, 15, 11, 20, 16, 39, 5, 31, 26, 30, 44, 43, 32, 25, 28, 14, 36, 38, 45, 42, 23, 49, 35, 21, 18, 29, 10, 37, 47, 40, 46, 33, 4, 50, 24, 34, 22, 17, 19, 41, 1, 3, 48]);
% time elapsed: 10.38 s
----------
%%%mzn-stat: initTime=0.007525863
%%%mzn-stat: objective=232
%%%mzn-stat: nodes=4458
%%%mzn-stat: restarts=0
%%%mzn-stat: peakDepth=310
%%%mzn-stat: solveTime=0.232581109
%%%mzn-stat: variables=663
%%%mzn-stat: propagators=448
%%%mzn-stat: failures=326
%%%mzn-stat: propagations=22887
%%%mzn-stat: nogoods=326
%%%mzn-stat: numAtomicConstraintsPropagated=0
%%%mzn-stat: circuitNumber1PropagationsTotal=2674
%%%mzn-stat: circuitNumber1CircuitConflicts=175
%%%mzn-stat: circuitNumber1AlldiffConflicts=7
%%%mzn-stat: circuitNumber1TotalFixedEdgesAtConflict=6901
%%%mzn-stat: circuitNumber1NumberOfConflicts=182
%%%mzn-stat: circuitNumber1GacPrunings=5645
%%%mzn-stat: circuitNumber1PropagationsThatGacPruned=1439
%%%mzn-stat: circuitNumber1TotalPruningHallSetSize=24524
%%%mzn-stat: circuitNumber1NumberOfPruningExplanations=5645
%%%mzn-stat: circuitNumber1MaxPruningHallSetSize=38
%%%mzn-stat: circuitNumber1TotalSccSizeAtPruning=13785
%%%mzn-stat: circuitNumber1NumberOfSccPruningCalls=1439
%%%mzn-stat: circuitNumber1TotalVarsInvolvedInPruning=4722
%%%mzn-stat: circuitNumber1MaxValuesPrunedFromSingleVar=5
%%%mzn-stat: circuitNumber1HallCircuitChecks=3573
%%%mzn-stat: circuitNumber1HallCircuitPrunings=31
%%%mzn-stat: circuitNumber1CircuitPreventPrunings=1319
%%%mzn-stat: AverageConflictSize=20.70245398773006
%%%mzn-stat: NumUnitNogoodsLearned=0
%%%mzn-stat: AverageLearnedNogoodLength=38.38343558282209
%%%mzn-stat: AverageBacktrackAmount=0
%%%mzn-stat: AverageLbd=16.677914110429448
%%%mzn-stat: 2AutonomousSearchNumBackupCalled=3755
%%%mzn-stat: 2AutonomousSearchNumPredicatesRemoved=0
%%%mzn-stat: 2AutonomousSearchNumCalls=3770
%%%mzn-stat: 2AutonomousSearchNumPredicatesAdded=9528
%%%mzn-stat: 2AutonomousSearchAverageSizeOfHeap=5.840318302387268
%%%mzn-stat: 2AutonomousSearchNumAssignedPredicatesEncountered=22018
%%%mzn-stat-end
maxleg = 232;
succ = array1d(1..50,[8, 13, 7, 6, 12, 27, 9, 2, 15, 11, 20, 16, 39, 5, 31, 45, 30, 26, 43, 32, 25, 28, 14, 36, 38, 44, 42, 23, 49, 35, 21, 18, 29, 10, 37, 47, 40, 46, 33, 4, 50, 24, 34, 22, 17, 19, 41, 1, 3, 48]);
% time elapsed: 10.41 s
----------
%%%mzn-stat: initTime=0.007525863
%%%mzn-stat: objective=228
%%%mzn-stat: nodes=4736
%%%mzn-stat: restarts=0
%%%mzn-stat: peakDepth=310
%%%mzn-stat: solveTime=0.256457989
%%%mzn-stat: variables=663
%%%mzn-stat: propagators=448
%%%mzn-stat: failures=362
%%%mzn-stat: propagations=24775
%%%mzn-stat: nogoods=362
%%%mzn-stat: numAtomicConstraintsPropagated=0
%%%mzn-stat: circuitNumber1PropagationsTotal=2915
%%%mzn-stat: circuitNumber1CircuitConflicts=185
%%%mzn-stat: circuitNumber1AlldiffConflicts=7
%%%mzn-stat: circuitNumber1TotalFixedEdgesAtConflict=7344
%%%mzn-stat: circuitNumber1NumberOfConflicts=192
%%%mzn-stat: circuitNumber1GacPrunings=6133
%%%mzn-stat: circuitNumber1PropagationsThatGacPruned=1579
%%%mzn-stat: circuitNumber1TotalPruningHallSetSize=26285
%%%mzn-stat: circuitNumber1NumberOfPruningExplanations=6133
%%%mzn-stat: circuitNumber1MaxPruningHallSetSize=38
%%%mzn-stat: circuitNumber1TotalSccSizeAtPruning=14769
%%%mzn-stat: circuitNumber1NumberOfSccPruningCalls=1579
%%%mzn-stat: circuitNumber1TotalVarsInvolvedInPruning=5138
%%%mzn-stat: circuitNumber1MaxValuesPrunedFromSingleVar=5
%%%mzn-stat: circuitNumber1HallCircuitChecks=3903
%%%mzn-stat: circuitNumber1HallCircuitPrunings=34
%%%mzn-stat: circuitNumber1CircuitPreventPrunings=1459
%%%mzn-stat: AverageConflictSize=21.0414364640884
%%%mzn-stat: NumUnitNogoodsLearned=0
%%%mzn-stat: AverageLearnedNogoodLength=39.02486187845304
%%%mzn-stat: AverageBacktrackAmount=0
%%%mzn-stat: AverageLbd=16.585635359116022
%%%mzn-stat: 2AutonomousSearchNumBackupCalled=3977
%%%mzn-stat: 2AutonomousSearchNumPredicatesRemoved=0
%%%mzn-stat: 2AutonomousSearchNumCalls=3993
%%%mzn-stat: 2AutonomousSearchNumPredicatesAdded=10500
%%%mzn-stat: 2AutonomousSearchAverageSizeOfHeap=6.01427498121713
%%%mzn-stat: 2AutonomousSearchNumAssignedPredicatesEncountered=24015
%%%mzn-stat-end
maxleg = 228;
succ = array1d(1..50,[8, 29, 7, 6, 12, 27, 9, 2, 13, 11, 20, 16, 33, 5, 31, 45, 30, 26, 43, 32, 25, 28, 14, 36, 38, 44, 42, 23, 49, 35, 21, 18, 39, 10, 37, 47, 40, 46, 15, 4, 50, 24, 34, 22, 17, 19, 41, 1, 3, 48]);
% time elapsed: 10.42 s
----------
%%%mzn-stat: initTime=0.007525863
%%%mzn-stat: objective=223
%%%mzn-stat: nodes=4977
%%%mzn-stat: restarts=0
%%%mzn-stat: peakDepth=310
%%%mzn-stat: solveTime=0.269805036
%%%mzn-stat: variables=663
%%%mzn-stat: propagators=448
%%%mzn-stat: failures=377
%%%mzn-stat: propagations=26172
%%%mzn-stat: nogoods=377
%%%mzn-stat: numAtomicConstraintsPropagated=0
%%%mzn-stat: circuitNumber1PropagationsTotal=3062
%%%mzn-stat: circuitNumber1CircuitConflicts=191
%%%mzn-stat: circuitNumber1AlldiffConflicts=7
%%%mzn-stat: circuitNumber1TotalFixedEdgesAtConflict=7589
%%%mzn-stat: circuitNumber1NumberOfConflicts=198
%%%mzn-stat: circuitNumber1GacPrunings=6438
%%%mzn-stat: circuitNumber1PropagationsThatGacPruned=1659
%%%mzn-stat: circuitNumber1TotalPruningHallSetSize=27697
%%%mzn-stat: circuitNumber1NumberOfPruningExplanations=6438
%%%mzn-stat: circuitNumber1MaxPruningHallSetSize=45
%%%mzn-stat: circuitNumber1TotalSccSizeAtPruning=15610
%%%mzn-stat: circuitNumber1NumberOfSccPruningCalls=1659
%%%mzn-stat: circuitNumber1TotalVarsInvolvedInPruning=5392
%%%mzn-stat: circuitNumber1MaxValuesPrunedFromSingleVar=5
%%%mzn-stat: circuitNumber1HallCircuitChecks=4097
%%%mzn-stat: circuitNumber1HallCircuitPrunings=37
%%%mzn-stat: circuitNumber1CircuitPreventPrunings=1536
%%%mzn-stat: AverageConflictSize=20.96816976127321
%%%mzn-stat: NumUnitNogoodsLearned=0
%%%mzn-stat: AverageLearnedNogoodLength=39.07692307692308
%%%mzn-stat: AverageBacktrackAmount=0
%%%mzn-stat: AverageLbd=16.46419098143236
%%%mzn-stat: 2AutonomousSearchNumBackupCalled=4185
%%%mzn-stat: 2AutonomousSearchNumPredicatesRemoved=0
%%%mzn-stat: 2AutonomousSearchNumCalls=4202
%%%mzn-stat: 2AutonomousSearchNumPredicatesAdded=11544
%%%mzn-stat: 2AutonomousSearchAverageSizeOfHeap=6.210613993336507
%%%mzn-stat: 2AutonomousSearchNumAssignedPredicatesEncountered=26097
%%%mzn-stat-end
maxleg = 223;
succ = array1d(1..50,[8, 29, 7, 6, 12, 27, 9, 2, 13, 11, 34, 26, 33, 23, 31, 14, 30, 32, 46, 10, 25, 5, 28, 36, 38, 44, 42, 22, 49, 35, 21, 20, 39, 43, 37, 47, 40, 45, 15, 4, 50, 24, 19, 18, 16, 17, 41, 1, 3, 48]);
% time elapsed: 10.44 s
----------
==========
% time elapsed: 10.44 s
%%%mzn-stat: initTime=0.007525863
%%%mzn-stat: objective=223
%%%mzn-stat: nodes=4983
%%%mzn-stat: restarts=0
%%%mzn-stat: peakDepth=310
%%%mzn-stat: solveTime=0.271948917
%%%mzn-stat: variables=663
%%%mzn-stat: propagators=448
%%%mzn-stat: failures=380
%%%mzn-stat: propagations=26434
%%%mzn-stat: nogoods=380
%%%mzn-stat: numAtomicConstraintsPropagated=0
%%%mzn-stat: circuitNumber1PropagationsTotal=3081
%%%mzn-stat: circuitNumber1CircuitConflicts=193
%%%mzn-stat: circuitNumber1AlldiffConflicts=7
%%%mzn-stat: circuitNumber1TotalFixedEdgesAtConflict=7607
%%%mzn-stat: circuitNumber1NumberOfConflicts=200
%%%mzn-stat: circuitNumber1GacPrunings=6487
%%%mzn-stat: circuitNumber1PropagationsThatGacPruned=1668
%%%mzn-stat: circuitNumber1TotalPruningHallSetSize=28192
%%%mzn-stat: circuitNumber1NumberOfPruningExplanations=6487
%%%mzn-stat: circuitNumber1MaxPruningHallSetSize=49
%%%mzn-stat: circuitNumber1TotalSccSizeAtPruning=15896
%%%mzn-stat: circuitNumber1NumberOfSccPruningCalls=1668
%%%mzn-stat: circuitNumber1TotalVarsInvolvedInPruning=5435
%%%mzn-stat: circuitNumber1MaxValuesPrunedFromSingleVar=5
%%%mzn-stat: circuitNumber1HallCircuitChecks=4116
%%%mzn-stat: circuitNumber1HallCircuitPrunings=39
%%%mzn-stat: circuitNumber1CircuitPreventPrunings=1547
%%%mzn-stat: AverageConflictSize=20.83421052631579
%%%mzn-stat: NumUnitNogoodsLearned=1
%%%mzn-stat: AverageLearnedNogoodLength=38.95789473684211
%%%mzn-stat: AverageBacktrackAmount=0
%%%mzn-stat: AverageLbd=16.357894736842105
%%%mzn-stat: 2AutonomousSearchNumBackupCalled=4185
%%%mzn-stat: 2AutonomousSearchNumPredicatesRemoved=0
%%%mzn-stat: 2AutonomousSearchNumCalls=4202
%%%mzn-stat: 2AutonomousSearchNumPredicatesAdded=12099
%%%mzn-stat: 2AutonomousSearchAverageSizeOfHeap=6.210613993336507
%%%mzn-stat: 2AutonomousSearchNumAssignedPredicatesEncountered=26097
%%%mzn-stat-end
