% Logging successfully configured
%%%mzn-stat: initTime=0.00453857
%%%mzn-stat: objective=999
%%%mzn-stat: nodes=216
%%%mzn-stat: restarts=0
%%%mzn-stat: peakDepth=166
%%%mzn-stat: solveTime=0.011773556
%%%mzn-stat: variables=466
%%%mzn-stat: propagators=290
%%%mzn-stat: failures=36
%%%mzn-stat: propagations=2278
%%%mzn-stat: nogoods=36
%%%mzn-stat: numAtomicConstraintsPropagated=0
%%%mzn-stat: allDifferentNumber1PropagationsTotal=217
%%%mzn-stat: allDifferentNumber1PropagationsThatFoundConflict=0
%%%mzn-stat: allDifferentNumber1PropagationsThatPruned=136
%%%mzn-stat: allDifferentNumber1TotalValuesPruned=517
%%%mzn-stat: allDifferentNumber1TotalHallSetSizeConflict=0
%%%mzn-stat: allDifferentNumber1NumberOfConflicts=0
%%%mzn-stat: allDifferentNumber1MaxHallSetSizeConflict=0
%%%mzn-stat: allDifferentNumber1TotalPruningHallSetSize=4229
%%%mzn-stat: allDifferentNumber1NumberOfPruningExplanations=517
%%%mzn-stat: allDifferentNumber1MaxPruningHallSetSize=47
%%%mzn-stat: allDifferentNumber1TotalFixedEdgesAtConflict=0
%%%mzn-stat: allDifferentNumber1TotalVarsInvolvedInPruning=431
%%%mzn-stat: allDifferentNumber1MaxValuesPrunedFromSingleVar=4
%%%mzn-stat: allDifferentNumber1TotalSccSizeAtPruning=2615
%%%mzn-stat: allDifferentNumber1NumberOfSccPruningCalls=136
%%%mzn-stat: circuitNumber2PropagationsThatFoundConflict=36
%%%mzn-stat: circuitNumber2TotalFixedEdgesAtConflict=1073
%%%mzn-stat: circuitNumber2NumberOfConflicts=36
%%%mzn-stat: circuitNumber2PropagationsThatPruned=42
%%%mzn-stat: circuitNumber2PropagationsTotal=139
%%%mzn-stat: AverageConflictSize=3.9166666666666665
%%%mzn-stat: NumUnitNogoodsLearned=0
%%%mzn-stat: AverageLearnedNogoodLength=7.916666666666667
%%%mzn-stat: AverageBacktrackAmount=0
%%%mzn-stat: AverageLbd=4.361111111111111
%%%mzn-stat: 2AutonomousSearchNumBackupCalled=151
%%%mzn-stat: 2AutonomousSearchNumPredicatesRemoved=0
%%%mzn-stat: 2AutonomousSearchNumCalls=152
%%%mzn-stat: 2AutonomousSearchNumPredicatesAdded=1380
%%%mzn-stat: 2AutonomousSearchAverageSizeOfHeap=9.078947368421053
%%%mzn-stat: 2AutonomousSearchNumAssignedPredicatesEncountered=1380
%%%mzn-stat-end
maxleg = 999;
succ = array1d(1..50,[2, 6, 8, 9, 35, 15, 48, 24, 34, 20, 7, 19, 1, 16, 4, 41, 26, 5, 17, 21, 44, 50, 13, 38, 46, 32, 14, 23, 31, 33, 47, 27, 39, 12, 3, 22, 36, 49, 40, 37, 25, 43, 18, 11, 28, 10, 30, 42, 29, 45]);
% time elapsed: 8.37 s
----------
==========
% time elapsed: 410.75 s
%%%mzn-stat: initTime=0.00453857
%%%mzn-stat: objective=999
%%%mzn-stat: nodes=570722
%%%mzn-stat: restarts=0
%%%mzn-stat: peakDepth=166
%%%mzn-stat: solveTime=402.41457976
%%%mzn-stat: variables=466
%%%mzn-stat: propagators=290
%%%mzn-stat: failures=569058
%%%mzn-stat: propagations=19930903
%%%mzn-stat: nogoods=569058
%%%mzn-stat: numAtomicConstraintsPropagated=0
%%%mzn-stat: allDifferentNumber1PropagationsTotal=2350732
%%%mzn-stat: allDifferentNumber1PropagationsThatFoundConflict=7511
%%%mzn-stat: allDifferentNumber1PropagationsThatPruned=1570099
%%%mzn-stat: allDifferentNumber1TotalValuesPruned=4667908
%%%mzn-stat: allDifferentNumber1TotalHallSetSizeConflict=40638
%%%mzn-stat: allDifferentNumber1NumberOfConflicts=7511
%%%mzn-stat: allDifferentNumber1MaxHallSetSizeConflict=36
%%%mzn-stat: allDifferentNumber1TotalPruningHallSetSize=13453662
%%%mzn-stat: allDifferentNumber1NumberOfPruningExplanations=4667908
%%%mzn-stat: allDifferentNumber1MaxPruningHallSetSize=48
%%%mzn-stat: allDifferentNumber1TotalFixedEdgesAtConflict=316784
%%%mzn-stat: allDifferentNumber1TotalVarsInvolvedInPruning=3775794
%%%mzn-stat: allDifferentNumber1MaxValuesPrunedFromSingleVar=5
%%%mzn-stat: allDifferentNumber1TotalSccSizeAtPruning=7956479
%%%mzn-stat: allDifferentNumber1NumberOfSccPruningCalls=1570099
%%%mzn-stat: circuitNumber2PropagationsThatFoundConflict=553406
%%%mzn-stat: circuitNumber2TotalFixedEdgesAtConflict=25598788
%%%mzn-stat: circuitNumber2NumberOfConflicts=553406
%%%mzn-stat: circuitNumber2PropagationsThatPruned=586717
%%%mzn-stat: circuitNumber2PropagationsTotal=1683985
%%%mzn-stat: AverageConflictSize=42.08956204815678
%%%mzn-stat: NumUnitNogoodsLearned=1
%%%mzn-stat: AverageLearnedNogoodLength=21.637297076923616
%%%mzn-stat: AverageBacktrackAmount=0
%%%mzn-stat: AverageLbd=11.621154609899166
%%%mzn-stat: 2AutonomousSearchNumBackupCalled=151
%%%mzn-stat: 2AutonomousSearchNumPredicatesRemoved=0
%%%mzn-stat: 2AutonomousSearchNumCalls=152
%%%mzn-stat: 2AutonomousSearchNumPredicatesAdded=4442
%%%mzn-stat: 2AutonomousSearchAverageSizeOfHeap=9.078947368421053
%%%mzn-stat: 2AutonomousSearchNumAssignedPredicatesEncountered=1380
%%%mzn-stat-end
