%%%mzn-stat: initTime=0.004550204
%%%mzn-stat: objective=313
%%%mzn-stat: nodes=385
%%%mzn-stat: restarts=0
%%%mzn-stat: peakDepth=72
%%%mzn-stat: solveTime=0.02505335
%%%mzn-stat: variables=366
%%%mzn-stat: propagators=248
%%%mzn-stat: failures=313
%%%mzn-stat: propagations=55884
%%%mzn-stat: nogoods=313
%%%mzn-stat: AverageConflictSize=2
%%%mzn-stat: NumUnitNogoodsLearned=312
%%%mzn-stat: AverageLearnedNogoodLength=1.0447284345047922
%%%mzn-stat: AverageBacktrackAmount=0
%%%mzn-stat: AverageLbd=1.0031948881789137
%%%mzn-stat-end
maxleg = 313;
succ = array1d(1..20,[19, 4, 18, 15, 2, 10, 20, 11, 16, 8, 17, 14, 7, 13, 12, 1, 3, 9, 5, 6]);
% time elapsed: 5.18 s
----------
==========
% time elapsed: 5.18 s
%%%mzn-stat: initTime=0.004550204
%%%mzn-stat: objective=313
%%%mzn-stat: nodes=385
%%%mzn-stat: restarts=0
%%%mzn-stat: peakDepth=72
%%%mzn-stat: solveTime=0.025068509
%%%mzn-stat: variables=366
%%%mzn-stat: propagators=248
%%%mzn-stat: failures=313
%%%mzn-stat: propagations=55884
%%%mzn-stat: nogoods=313
%%%mzn-stat: AverageConflictSize=2
%%%mzn-stat: NumUnitNogoodsLearned=312
%%%mzn-stat: AverageLearnedNogoodLength=1.0447284345047922
%%%mzn-stat: AverageBacktrackAmount=0
%%%mzn-stat: AverageLbd=1.0031948881789137
%%%mzn-stat-end
