%%%mzn-stat: initTime=0.058425351
%%%mzn-stat: objective=266
%%%mzn-stat: nodes=623
%%%mzn-stat: restarts=0
%%%mzn-stat: peakDepth=271
%%%mzn-stat: solveTime=0.045961022
%%%mzn-stat: variables=650
%%%mzn-stat: propagators=436
%%%mzn-stat: failures=316
%%%mzn-stat: propagations=58391
%%%mzn-stat: nogoods=316
%%%mzn-stat: AverageConflictSize=3.867088607594937
%%%mzn-stat: NumUnitNogoodsLearned=265
%%%mzn-stat: AverageLearnedNogoodLength=4.958860759493671
%%%mzn-stat: AverageBacktrackAmount=0
%%%mzn-stat: AverageLbd=1.5917721518987342
%%%mzn-stat-end
maxleg = 266;
succ = array1d(1..50,[34, 37, 9, 38, 33, 5, 16, 48, 40, 14, 44, 39, 3, 50, 18, 19, 28, 43, 6, 41, 11, 35, 21, 36, 13, 31, 10, 12, 49, 25, 8, 26, 27, 45, 30, 46, 4, 29, 22, 42, 32, 23, 17, 47, 24, 15, 7, 1, 20, 2]);
% time elapsed: 6.85 s
----------
==========
% time elapsed: 6.85 s
%%%mzn-stat: initTime=0.058425351
%%%mzn-stat: objective=266
%%%mzn-stat: nodes=623
%%%mzn-stat: restarts=0
%%%mzn-stat: peakDepth=271
%%%mzn-stat: solveTime=0.04626441
%%%mzn-stat: variables=650
%%%mzn-stat: propagators=436
%%%mzn-stat: failures=316
%%%mzn-stat: propagations=58391
%%%mzn-stat: nogoods=316
%%%mzn-stat: AverageConflictSize=3.867088607594937
%%%mzn-stat: NumUnitNogoodsLearned=265
%%%mzn-stat: AverageLearnedNogoodLength=4.958860759493671
%%%mzn-stat: AverageBacktrackAmount=0
%%%mzn-stat: AverageLbd=1.5917721518987342
%%%mzn-stat-end
