% Logging successfully configured
=====UNKNOWN=====
% time elapsed: 299.85 s
%%%mzn-stat: initTime=0.030311691
%%%mzn-stat: nodes=862160
%%%mzn-stat: restarts=1
%%%mzn-stat: peakDepth=130
%%%mzn-stat: solveTime=295.381718499
%%%mzn-stat: variables=3116
%%%mzn-stat: propagators=7180
%%%mzn-stat: failures=667912
%%%mzn-stat: propagations=496419177
%%%mzn-stat: nogoods=667912
%%%mzn-stat: numAtomicConstraintsPropagated=0
%%%mzn-stat: circuitNumber4951PropagationsThatFoundConflict=1955
%%%mzn-stat: circuitNumber4951TotalFixedEdgesAtConflict=172617
%%%mzn-stat: circuitNumber4951NumberOfConflicts=1955
%%%mzn-stat: circuitNumber4951PropagationsThatPruned=65183
%%%mzn-stat: circuitNumber4951PropagationsTotal=724562
%%%mzn-stat: AverageConflictSize=22.53852154175999
%%%mzn-stat: NumUnitNogoodsLearned=0
%%%mzn-stat: AverageLearnedNogoodLength=64.06038220603912
%%%mzn-stat: AverageBacktrackAmount=0
%%%mzn-stat: AverageLbd=35.966598893267374
%%%mzn-stat: 2AutonomousSearchNumBackupCalled=1
%%%mzn-stat: 2AutonomousSearchNumPredicatesRemoved=0
%%%mzn-stat: 2AutonomousSearchNumCalls=123
%%%mzn-stat: 2AutonomousSearchNumPredicatesAdded=6547
%%%mzn-stat: 2AutonomousSearchAverageSizeOfHeap=1218.1869918699188
%%%mzn-stat: 2AutonomousSearchNumAssignedPredicatesEncountered=4185
%%%mzn-stat-end
