%%%mzn-stat: initTime=0.017776909
%%%mzn-stat: objective=470
%%%mzn-stat: nodes=12936
%%%mzn-stat: restarts=2
%%%mzn-stat: peakDepth=203
%%%mzn-stat: solveTime=1.5022359779999999
%%%mzn-stat: variables=526
%%%mzn-stat: propagators=558
%%%mzn-stat: failures=10714
%%%mzn-stat: propagations=1148784
%%%mzn-stat: nogoods=10714
%%%mzn-stat: AverageConflictSize=9.199271980586149
%%%mzn-stat: NumUnitNogoodsLearned=348
%%%mzn-stat: AverageLearnedNogoodLength=37.763300354676126
%%%mzn-stat: AverageBacktrackAmount=0
%%%mzn-stat: AverageLbd=10.71719245846556
%%%mzn-stat-end
maxleg = 470;
succ = array1d(1..20,[7, 14, 11, 2, 17, 12, 19, 9, 20, 4, 1, 3, 8, 5, 10, 15, 18, 6, 13, 16]);
% time elapsed: 2.18 s
----------
%%%mzn-stat: initTime=0.017776909
%%%mzn-stat: objective=449
%%%mzn-stat: nodes=14353
%%%mzn-stat: restarts=3
%%%mzn-stat: peakDepth=220
%%%mzn-stat: solveTime=1.7270928859999999
%%%mzn-stat: variables=526
%%%mzn-stat: propagators=558
%%%mzn-stat: failures=11673
%%%mzn-stat: propagations=1234039
%%%mzn-stat: nogoods=11673
%%%mzn-stat: AverageConflictSize=9.729461149661612
%%%mzn-stat: NumUnitNogoodsLearned=348
%%%mzn-stat: AverageLearnedNogoodLength=38.753876467060735
%%%mzn-stat: AverageBacktrackAmount=0
%%%mzn-stat: AverageLbd=10.666838002227362
%%%mzn-stat-end
maxleg = 449;
succ = array1d(1..20,[7, 14, 12, 2, 17, 11, 19, 9, 20, 4, 3, 1, 8, 5, 10, 15, 18, 6, 13, 16]);
% time elapsed: 2.39 s
----------
%%%mzn-stat: initTime=0.017776909
%%%mzn-stat: objective=435
%%%mzn-stat: nodes=17173
%%%mzn-stat: restarts=4
%%%mzn-stat: peakDepth=220
%%%mzn-stat: solveTime=2.198264535
%%%mzn-stat: variables=526
%%%mzn-stat: propagators=558
%%%mzn-stat: failures=13750
%%%mzn-stat: propagations=1447637
%%%mzn-stat: nogoods=13750
%%%mzn-stat: AverageConflictSize=10.187563636363636
%%%mzn-stat: NumUnitNogoodsLearned=348
%%%mzn-stat: AverageLearnedNogoodLength=38.59992727272727
%%%mzn-stat: AverageBacktrackAmount=0
%%%mzn-stat: AverageLbd=10.4336
%%%mzn-stat-end
maxleg = 435;
succ = array1d(1..20,[7, 14, 11, 2, 17, 1, 19, 9, 20, 4, 12, 6, 8, 5, 10, 15, 18, 3, 13, 16]);
% time elapsed: 2.86 s
----------
%%%mzn-stat: initTime=0.017776909
%%%mzn-stat: objective=424
%%%mzn-stat: nodes=17855
%%%mzn-stat: restarts=5
%%%mzn-stat: peakDepth=220
%%%mzn-stat: solveTime=2.270551448
%%%mzn-stat: variables=526
%%%mzn-stat: propagators=558
%%%mzn-stat: failures=14120
%%%mzn-stat: propagations=1485592
%%%mzn-stat: nogoods=14120
%%%mzn-stat: AverageConflictSize=10.266218130311614
%%%mzn-stat: NumUnitNogoodsLearned=348
%%%mzn-stat: AverageLearnedNogoodLength=38.49596317280453
%%%mzn-stat: AverageBacktrackAmount=0
%%%mzn-stat: AverageLbd=10.451558073654391
%%%mzn-stat-end
maxleg = 424;
succ = array1d(1..20,[7, 14, 11, 2, 18, 1, 19, 9, 20, 4, 12, 6, 8, 5, 10, 15, 3, 17, 13, 16]);
% time elapsed: 2.94 s
----------
%%%mzn-stat: initTime=0.017776909
%%%mzn-stat: objective=422
%%%mzn-stat: nodes=18591
%%%mzn-stat: restarts=6
%%%mzn-stat: peakDepth=220
%%%mzn-stat: solveTime=2.366013625
%%%mzn-stat: variables=526
%%%mzn-stat: propagators=558
%%%mzn-stat: failures=14549
%%%mzn-stat: propagations=1526018
%%%mzn-stat: nogoods=14549
%%%mzn-stat: AverageConflictSize=10.319265928929823
%%%mzn-stat: NumUnitNogoodsLearned=348
%%%mzn-stat: AverageLearnedNogoodLength=38.36607326964052
%%%mzn-stat: AverageBacktrackAmount=0
%%%mzn-stat: AverageLbd=10.47439686576397
%%%mzn-stat-end
maxleg = 422;
succ = array1d(1..20,[7, 14, 17, 2, 18, 1, 19, 4, 20, 8, 3, 11, 12, 5, 10, 9, 16, 6, 13, 15]);
% time elapsed: 3.03 s
----------
%%%mzn-stat: initTime=0.017776909
%%%mzn-stat: objective=418
%%%mzn-stat: nodes=19272
%%%mzn-stat: restarts=7
%%%mzn-stat: peakDepth=220
%%%mzn-stat: solveTime=2.432041624
%%%mzn-stat: variables=526
%%%mzn-stat: propagators=558
%%%mzn-stat: failures=14959
%%%mzn-stat: propagations=1575382
%%%mzn-stat: nogoods=14959
%%%mzn-stat: AverageConflictSize=10.395882077678989
%%%mzn-stat: NumUnitNogoodsLearned=348
%%%mzn-stat: AverageLearnedNogoodLength=38.50778795374023
%%%mzn-stat: AverageBacktrackAmount=0
%%%mzn-stat: AverageLbd=10.422287586068588
%%%mzn-stat-end
maxleg = 418;
succ = array1d(1..20,[15, 7, 17, 2, 16, 1, 19, 14, 20, 8, 3, 11, 12, 5, 10, 9, 18, 6, 13, 4]);
% time elapsed: 3.10 s
----------
%%%mzn-stat: initTime=0.017776909
%%%mzn-stat: objective=417
%%%mzn-stat: nodes=25205
%%%mzn-stat: restarts=10
%%%mzn-stat: peakDepth=220
%%%mzn-stat: solveTime=3.381966495
%%%mzn-stat: variables=526
%%%mzn-stat: propagators=558
%%%mzn-stat: failures=19545
%%%mzn-stat: propagations=2067297
%%%mzn-stat: nogoods=19545
%%%mzn-stat: AverageConflictSize=10.317984139166027
%%%mzn-stat: NumUnitNogoodsLearned=348
%%%mzn-stat: AverageLearnedNogoodLength=37.027577385520594
%%%mzn-stat: AverageBacktrackAmount=0
%%%mzn-stat: AverageLbd=10.1557431568176
%%%mzn-stat-end
maxleg = 417;
succ = array1d(1..20,[15, 7, 4, 2, 18, 11, 19, 14, 20, 8, 12, 3, 1, 16, 10, 9, 6, 17, 13, 5]);
% time elapsed: 4.05 s
----------
%%%mzn-stat: initTime=0.017776909
%%%mzn-stat: objective=416
%%%mzn-stat: nodes=26158
%%%mzn-stat: restarts=11
%%%mzn-stat: peakDepth=220
%%%mzn-stat: solveTime=3.539881673
%%%mzn-stat: variables=526
%%%mzn-stat: propagators=558
%%%mzn-stat: failures=20191
%%%mzn-stat: propagations=2119675
%%%mzn-stat: nogoods=20191
%%%mzn-stat: AverageConflictSize=10.37392897825764
%%%mzn-stat: NumUnitNogoodsLearned=348
%%%mzn-stat: AverageLearnedNogoodLength=37.049972760140655
%%%mzn-stat: AverageBacktrackAmount=0
%%%mzn-stat: AverageLbd=10.118320043583775
%%%mzn-stat-end
maxleg = 416;
succ = array1d(1..20,[15, 7, 4, 2, 18, 11, 19, 14, 20, 8, 12, 3, 1, 16, 10, 9, 6, 17, 13, 5]);
% time elapsed: 4.21 s
----------
%%%mzn-stat: initTime=0.017776909
%%%mzn-stat: objective=415
%%%mzn-stat: nodes=26694
%%%mzn-stat: restarts=12
%%%mzn-stat: peakDepth=220
%%%mzn-stat: solveTime=3.618370177
%%%mzn-stat: variables=526
%%%mzn-stat: propagators=558
%%%mzn-stat: failures=20494
%%%mzn-stat: propagations=2146315
%%%mzn-stat: nogoods=20494
%%%mzn-stat: AverageConflictSize=10.494242217234312
%%%mzn-stat: NumUnitNogoodsLearned=348
%%%mzn-stat: AverageLearnedNogoodLength=37.19410559188055
%%%mzn-stat: AverageBacktrackAmount=0
%%%mzn-stat: AverageLbd=10.123206792231873
%%%mzn-stat-end
maxleg = 415;
succ = array1d(1..20,[15, 7, 4, 2, 18, 11, 19, 14, 20, 8, 12, 3, 1, 16, 10, 9, 6, 17, 13, 5]);
% time elapsed: 4.29 s
----------
%%%mzn-stat: initTime=0.017776909
%%%mzn-stat: objective=414
%%%mzn-stat: nodes=27870
%%%mzn-stat: restarts=13
%%%mzn-stat: peakDepth=220
%%%mzn-stat: solveTime=3.848751004
%%%mzn-stat: variables=526
%%%mzn-stat: propagators=558
%%%mzn-stat: failures=21292
%%%mzn-stat: propagations=2225487
%%%mzn-stat: nogoods=21292
%%%mzn-stat: AverageConflictSize=10.632115348487694
%%%mzn-stat: NumUnitNogoodsLearned=348
%%%mzn-stat: AverageLearnedNogoodLength=37.518551568664286
%%%mzn-stat: AverageBacktrackAmount=0
%%%mzn-stat: AverageLbd=10.097266578996805
%%%mzn-stat-end
maxleg = 414;
succ = array1d(1..20,[15, 7, 4, 2, 18, 11, 19, 14, 20, 8, 12, 3, 1, 16, 10, 9, 6, 17, 13, 5]);
% time elapsed: 4.52 s
----------
%%%mzn-stat: initTime=0.017776909
%%%mzn-stat: objective=413
%%%mzn-stat: nodes=28608
%%%mzn-stat: restarts=14
%%%mzn-stat: peakDepth=220
%%%mzn-stat: solveTime=3.9741417869999998
%%%mzn-stat: variables=526
%%%mzn-stat: propagators=558
%%%mzn-stat: failures=21737
%%%mzn-stat: propagations=2264875
%%%mzn-stat: nogoods=21737
%%%mzn-stat: AverageConflictSize=10.676312278603303
%%%mzn-stat: NumUnitNogoodsLearned=348
%%%mzn-stat: AverageLearnedNogoodLength=37.553480241063625
%%%mzn-stat: AverageBacktrackAmount=0
%%%mzn-stat: AverageLbd=10.107696554262319
%%%mzn-stat-end
maxleg = 413;
succ = array1d(1..20,[15, 7, 4, 2, 18, 11, 19, 14, 20, 8, 12, 3, 1, 16, 10, 9, 6, 17, 13, 5]);
% time elapsed: 4.65 s
----------
%%%mzn-stat: initTime=0.017776909
%%%mzn-stat: objective=412
%%%mzn-stat: nodes=29007
%%%mzn-stat: restarts=15
%%%mzn-stat: peakDepth=220
%%%mzn-stat: solveTime=4.023068445
%%%mzn-stat: variables=526
%%%mzn-stat: propagators=558
%%%mzn-stat: failures=21920
%%%mzn-stat: propagations=2281748
%%%mzn-stat: nogoods=21920
%%%mzn-stat: AverageConflictSize=10.70095802919708
%%%mzn-stat: NumUnitNogoodsLearned=348
%%%mzn-stat: AverageLearnedNogoodLength=37.5793795620438
%%%mzn-stat: AverageBacktrackAmount=0
%%%mzn-stat: AverageLbd=10.123905109489051
%%%mzn-stat-end
maxleg = 412;
succ = array1d(1..20,[15, 7, 4, 2, 18, 11, 19, 14, 20, 8, 12, 3, 1, 16, 10, 9, 6, 17, 13, 5]);
% time elapsed: 4.70 s
----------
%%%mzn-stat: initTime=0.017776909
%%%mzn-stat: objective=411
%%%mzn-stat: nodes=34795
%%%mzn-stat: restarts=16
%%%mzn-stat: peakDepth=220
%%%mzn-stat: solveTime=5.338197649
%%%mzn-stat: variables=526
%%%mzn-stat: propagators=558
%%%mzn-stat: failures=26640
%%%mzn-stat: propagations=2745481
%%%mzn-stat: nogoods=26640
%%%mzn-stat: AverageConflictSize=11.125675675675677
%%%mzn-stat: NumUnitNogoodsLearned=348
%%%mzn-stat: AverageLearnedNogoodLength=37.84084084084084
%%%mzn-stat: AverageBacktrackAmount=0
%%%mzn-stat: AverageLbd=9.815315315315315
%%%mzn-stat-end
maxleg = 411;
succ = array1d(1..20,[15, 7, 4, 2, 18, 11, 19, 14, 20, 8, 12, 3, 1, 16, 10, 9, 6, 17, 13, 5]);
% time elapsed: 6.02 s
----------
%%%mzn-stat: initTime=0.017776909
%%%mzn-stat: objective=410
%%%mzn-stat: nodes=35677
%%%mzn-stat: restarts=17
%%%mzn-stat: peakDepth=220
%%%mzn-stat: solveTime=5.49318706
%%%mzn-stat: variables=526
%%%mzn-stat: propagators=558
%%%mzn-stat: failures=27238
%%%mzn-stat: propagations=2799829
%%%mzn-stat: nogoods=27238
%%%mzn-stat: AverageConflictSize=11.19917027681915
%%%mzn-stat: NumUnitNogoodsLearned=348
%%%mzn-stat: AverageLearnedNogoodLength=37.97958734121448
%%%mzn-stat: AverageBacktrackAmount=0
%%%mzn-stat: AverageLbd=9.810411924517219
%%%mzn-stat-end
maxleg = 410;
succ = array1d(1..20,[15, 7, 4, 2, 18, 11, 19, 14, 20, 8, 12, 3, 1, 16, 10, 9, 6, 17, 13, 5]);
% time elapsed: 6.17 s
----------
%%%mzn-stat: initTime=0.017776909
%%%mzn-stat: objective=409
%%%mzn-stat: nodes=35939
%%%mzn-stat: restarts=18
%%%mzn-stat: peakDepth=220
%%%mzn-stat: solveTime=5.518089643
%%%mzn-stat: variables=526
%%%mzn-stat: propagators=558
%%%mzn-stat: failures=27289
%%%mzn-stat: propagations=2805004
%%%mzn-stat: nogoods=27289
%%%mzn-stat: AverageConflictSize=11.217450254681374
%%%mzn-stat: NumUnitNogoodsLearned=348
%%%mzn-stat: AverageLearnedNogoodLength=38.014657920773935
%%%mzn-stat: AverageBacktrackAmount=0
%%%mzn-stat: AverageLbd=9.81736230715673
%%%mzn-stat-end
maxleg = 409;
succ = array1d(1..20,[15, 7, 4, 2, 18, 11, 19, 14, 20, 8, 12, 3, 1, 16, 10, 9, 6, 17, 13, 5]);
% time elapsed: 6.20 s
----------
%%%mzn-stat: initTime=0.017776909
%%%mzn-stat: objective=408
%%%mzn-stat: nodes=40810
%%%mzn-stat: restarts=19
%%%mzn-stat: peakDepth=220
%%%mzn-stat: solveTime=6.320144353
%%%mzn-stat: variables=526
%%%mzn-stat: propagators=558
%%%mzn-stat: failures=31143
%%%mzn-stat: propagations=3202029
%%%mzn-stat: nogoods=31143
%%%mzn-stat: AverageConflictSize=11.616703593102784
%%%mzn-stat: NumUnitNogoodsLearned=348
%%%mzn-stat: AverageLearnedNogoodLength=38.32527373727643
%%%mzn-stat: AverageBacktrackAmount=0
%%%mzn-stat: AverageLbd=9.649969495552773
%%%mzn-stat-end
maxleg = 408;
succ = array1d(1..20,[15, 7, 4, 2, 18, 11, 19, 14, 20, 8, 12, 3, 1, 16, 10, 9, 6, 17, 13, 5]);
% time elapsed: 7.00 s
----------
%%%mzn-stat: initTime=0.017776909
%%%mzn-stat: objective=407
%%%mzn-stat: nodes=41079
%%%mzn-stat: restarts=20
%%%mzn-stat: peakDepth=220
%%%mzn-stat: solveTime=6.340841473
%%%mzn-stat: variables=526
%%%mzn-stat: propagators=558
%%%mzn-stat: failures=31195
%%%mzn-stat: propagations=3208284
%%%mzn-stat: nogoods=31195
%%%mzn-stat: AverageConflictSize=11.629459849334829
%%%mzn-stat: NumUnitNogoodsLearned=348
%%%mzn-stat: AverageLearnedNogoodLength=38.35672383394775
%%%mzn-stat: AverageBacktrackAmount=0
%%%mzn-stat: AverageLbd=9.65715659560827
%%%mzn-stat-end
maxleg = 407;
succ = array1d(1..20,[15, 7, 4, 2, 18, 11, 19, 14, 20, 8, 12, 3, 1, 16, 10, 9, 6, 17, 13, 5]);
% time elapsed: 7.02 s
----------
%%%mzn-stat: initTime=0.017776909
%%%mzn-stat: objective=406
%%%mzn-stat: nodes=41970
%%%mzn-stat: restarts=21
%%%mzn-stat: peakDepth=220
%%%mzn-stat: solveTime=6.479129475
%%%mzn-stat: variables=526
%%%mzn-stat: propagators=558
%%%mzn-stat: failures=31831
%%%mzn-stat: propagations=3261948
%%%mzn-stat: nogoods=31831
%%%mzn-stat: AverageConflictSize=11.722880211114951
%%%mzn-stat: NumUnitNogoodsLearned=348
%%%mzn-stat: AverageLearnedNogoodLength=38.40319185699475
%%%mzn-stat: AverageBacktrackAmount=0
%%%mzn-stat: AverageLbd=9.635920957557099
%%%mzn-stat-end
maxleg = 406;
succ = array1d(1..20,[15, 7, 4, 2, 18, 11, 19, 14, 20, 8, 12, 3, 1, 16, 10, 9, 6, 17, 13, 5]);
% time elapsed: 7.17 s
----------
%%%mzn-stat: initTime=0.017776909
%%%mzn-stat: objective=405
%%%mzn-stat: nodes=45813
%%%mzn-stat: restarts=22
%%%mzn-stat: peakDepth=220
%%%mzn-stat: solveTime=7.164246825
%%%mzn-stat: variables=526
%%%mzn-stat: propagators=558
%%%mzn-stat: failures=34938
%%%mzn-stat: propagations=3576608
%%%mzn-stat: nogoods=34938
%%%mzn-stat: AverageConflictSize=12.08741198694831
%%%mzn-stat: NumUnitNogoodsLearned=348
%%%mzn-stat: AverageLearnedNogoodLength=38.92443757513309
%%%mzn-stat: AverageBacktrackAmount=0
%%%mzn-stat: AverageLbd=9.571211861010934
%%%mzn-stat-end
maxleg = 405;
succ = array1d(1..20,[15, 7, 4, 2, 18, 11, 19, 14, 20, 8, 12, 3, 1, 16, 10, 9, 6, 17, 13, 5]);
% time elapsed: 7.85 s
----------
%%%mzn-stat: initTime=0.017776909
%%%mzn-stat: objective=404
%%%mzn-stat: nodes=46362
%%%mzn-stat: restarts=23
%%%mzn-stat: peakDepth=220
%%%mzn-stat: solveTime=7.226245493
%%%mzn-stat: variables=526
%%%mzn-stat: propagators=558
%%%mzn-stat: failures=35205
%%%mzn-stat: propagations=3597600
%%%mzn-stat: nogoods=35205
%%%mzn-stat: AverageConflictSize=12.085129953131657
%%%mzn-stat: NumUnitNogoodsLearned=348
%%%mzn-stat: AverageLearnedNogoodLength=38.908649339582446
%%%mzn-stat: AverageBacktrackAmount=0
%%%mzn-stat: AverageLbd=9.575884107371111
%%%mzn-stat-end
maxleg = 404;
succ = array1d(1..20,[15, 7, 4, 2, 18, 11, 19, 14, 20, 8, 12, 3, 1, 16, 10, 9, 6, 17, 13, 5]);
% time elapsed: 7.91 s
----------
%%%mzn-stat: initTime=0.017776909
%%%mzn-stat: objective=403
%%%mzn-stat: nodes=46727
%%%mzn-stat: restarts=24
%%%mzn-stat: peakDepth=220
%%%mzn-stat: solveTime=7.26169074
%%%mzn-stat: variables=526
%%%mzn-stat: propagators=558
%%%mzn-stat: failures=35315
%%%mzn-stat: propagations=3608415
%%%mzn-stat: nogoods=35315
%%%mzn-stat: AverageConflictSize=12.112643352682996
%%%mzn-stat: NumUnitNogoodsLearned=348
%%%mzn-stat: AverageLearnedNogoodLength=38.911255840294494
%%%mzn-stat: AverageBacktrackAmount=0
%%%mzn-stat: AverageLbd=9.579640379442163
%%%mzn-stat-end
maxleg = 403;
succ = array1d(1..20,[15, 7, 4, 2, 18, 11, 19, 14, 20, 8, 12, 3, 1, 16, 10, 9, 6, 17, 13, 5]);
% time elapsed: 7.95 s
----------
%%%mzn-stat: initTime=0.017776909
%%%mzn-stat: objective=402
%%%mzn-stat: nodes=46994
%%%mzn-stat: restarts=25
%%%mzn-stat: peakDepth=220
%%%mzn-stat: solveTime=7.283480626
%%%mzn-stat: variables=526
%%%mzn-stat: propagators=558
%%%mzn-stat: failures=35365
%%%mzn-stat: propagations=3614194
%%%mzn-stat: nogoods=35365
%%%mzn-stat: AverageConflictSize=12.12243743814506
%%%mzn-stat: NumUnitNogoodsLearned=348
%%%mzn-stat: AverageLearnedNogoodLength=38.935925349922236
%%%mzn-stat: AverageBacktrackAmount=0
%%%mzn-stat: AverageLbd=9.58656864131203
%%%mzn-stat-end
maxleg = 402;
succ = array1d(1..20,[15, 7, 4, 2, 18, 11, 19, 14, 20, 8, 12, 3, 1, 16, 10, 9, 6, 17, 13, 5]);
% time elapsed: 7.97 s
----------
%%%mzn-stat: initTime=0.017776909
%%%mzn-stat: objective=401
%%%mzn-stat: nodes=47471
%%%mzn-stat: restarts=26
%%%mzn-stat: peakDepth=220
%%%mzn-stat: solveTime=7.347784617
%%%mzn-stat: variables=526
%%%mzn-stat: propagators=558
%%%mzn-stat: failures=35598
%%%mzn-stat: propagations=3638392
%%%mzn-stat: nogoods=35598
%%%mzn-stat: AverageConflictSize=12.148322939490983
%%%mzn-stat: NumUnitNogoodsLearned=348
%%%mzn-stat: AverageLearnedNogoodLength=38.98983088937581
%%%mzn-stat: AverageBacktrackAmount=0
%%%mzn-stat: AverageLbd=9.590482611382662
%%%mzn-stat-end
maxleg = 401;
succ = array1d(1..20,[15, 7, 4, 2, 18, 11, 19, 14, 20, 8, 12, 3, 1, 16, 10, 9, 6, 17, 13, 5]);
% time elapsed: 8.04 s
----------
%%%mzn-stat: initTime=0.017776909
%%%mzn-stat: objective=400
%%%mzn-stat: nodes=48145
%%%mzn-stat: restarts=27
%%%mzn-stat: peakDepth=220
%%%mzn-stat: solveTime=7.443596756
%%%mzn-stat: variables=526
%%%mzn-stat: propagators=558
%%%mzn-stat: failures=36010
%%%mzn-stat: propagations=3676451
%%%mzn-stat: nogoods=36010
%%%mzn-stat: AverageConflictSize=12.190502638156067
%%%mzn-stat: NumUnitNogoodsLearned=348
%%%mzn-stat: AverageLearnedNogoodLength=39.018439322410444
%%%mzn-stat: AverageBacktrackAmount=0
%%%mzn-stat: AverageLbd=9.592196612052208
%%%mzn-stat-end
maxleg = 400;
succ = array1d(1..20,[15, 7, 4, 2, 18, 11, 19, 14, 20, 8, 12, 3, 1, 16, 10, 9, 6, 17, 13, 5]);
% time elapsed: 8.14 s
----------
%%%mzn-stat: initTime=0.017776909
%%%mzn-stat: objective=399
%%%mzn-stat: nodes=48419
%%%mzn-stat: restarts=28
%%%mzn-stat: peakDepth=220
%%%mzn-stat: solveTime=7.463684662
%%%mzn-stat: variables=526
%%%mzn-stat: propagators=558
%%%mzn-stat: failures=36064
%%%mzn-stat: propagations=3683045
%%%mzn-stat: nogoods=36064
%%%mzn-stat: AverageConflictSize=12.196262200532386
%%%mzn-stat: NumUnitNogoodsLearned=348
%%%mzn-stat: AverageLearnedNogoodLength=39.0301408606921
%%%mzn-stat: AverageBacktrackAmount=0
%%%mzn-stat: AverageLbd=9.598075643300799
%%%mzn-stat-end
maxleg = 399;
succ = array1d(1..20,[15, 7, 4, 2, 18, 11, 19, 14, 20, 8, 12, 3, 1, 16, 10, 9, 6, 17, 13, 5]);
% time elapsed: 8.16 s
----------
%%%mzn-stat: initTime=0.017776909
%%%mzn-stat: objective=398
%%%mzn-stat: nodes=48673
%%%mzn-stat: restarts=29
%%%mzn-stat: peakDepth=220
%%%mzn-stat: solveTime=7.484612669
%%%mzn-stat: variables=526
%%%mzn-stat: propagators=558
%%%mzn-stat: failures=36114
%%%mzn-stat: propagations=3690011
%%%mzn-stat: nogoods=36114
%%%mzn-stat: AverageConflictSize=12.195519743035941
%%%mzn-stat: NumUnitNogoodsLearned=348
%%%mzn-stat: AverageLearnedNogoodLength=39.0352217976408
%%%mzn-stat: AverageBacktrackAmount=0
%%%mzn-stat: AverageLbd=9.601539569142162
%%%mzn-stat-end
maxleg = 398;
succ = array1d(1..20,[15, 7, 4, 2, 18, 11, 19, 14, 20, 8, 12, 3, 1, 16, 10, 9, 6, 17, 13, 5]);
% time elapsed: 8.18 s
----------
%%%mzn-stat: initTime=0.017776909
%%%mzn-stat: objective=397
%%%mzn-stat: nodes=49180
%%%mzn-stat: restarts=30
%%%mzn-stat: peakDepth=220
%%%mzn-stat: solveTime=7.553203
%%%mzn-stat: variables=526
%%%mzn-stat: propagators=558
%%%mzn-stat: failures=36380
%%%mzn-stat: propagations=3718227
%%%mzn-stat: nogoods=36380
%%%mzn-stat: AverageConflictSize=12.236558548653106
%%%mzn-stat: NumUnitNogoodsLearned=348
%%%mzn-stat: AverageLearnedNogoodLength=39.056844420011
%%%mzn-stat: AverageBacktrackAmount=0
%%%mzn-stat: AverageLbd=9.60021990104453
%%%mzn-stat-end
maxleg = 397;
succ = array1d(1..20,[15, 7, 4, 2, 18, 11, 19, 14, 20, 8, 12, 3, 1, 16, 10, 9, 6, 17, 13, 5]);
% time elapsed: 8.25 s
----------
%%%mzn-stat: initTime=0.017776909
%%%mzn-stat: objective=396
%%%mzn-stat: nodes=52398
%%%mzn-stat: restarts=31
%%%mzn-stat: peakDepth=220
%%%mzn-stat: solveTime=8.167968873
%%%mzn-stat: variables=526
%%%mzn-stat: propagators=558
%%%mzn-stat: failures=38929
%%%mzn-stat: propagations=3965694
%%%mzn-stat: nogoods=38929
%%%mzn-stat: AverageConflictSize=12.380564617637237
%%%mzn-stat: NumUnitNogoodsLearned=348
%%%mzn-stat: AverageLearnedNogoodLength=39.057900279996915
%%%mzn-stat: AverageBacktrackAmount=0
%%%mzn-stat: AverageLbd=9.57568907498266
%%%mzn-stat-end
maxleg = 396;
succ = array1d(1..20,[15, 7, 4, 2, 18, 11, 19, 14, 20, 8, 12, 3, 1, 16, 10, 9, 6, 17, 13, 5]);
% time elapsed: 8.87 s
----------
%%%mzn-stat: initTime=0.017776909
%%%mzn-stat: objective=395
%%%mzn-stat: nodes=52737
%%%mzn-stat: restarts=32
%%%mzn-stat: peakDepth=220
%%%mzn-stat: solveTime=8.204144102
%%%mzn-stat: variables=526
%%%mzn-stat: propagators=558
%%%mzn-stat: failures=39046
%%%mzn-stat: propagations=3975432
%%%mzn-stat: nogoods=39046
%%%mzn-stat: AverageConflictSize=12.390846693643395
%%%mzn-stat: NumUnitNogoodsLearned=348
%%%mzn-stat: AverageLearnedNogoodLength=39.072453004148954
%%%mzn-stat: AverageBacktrackAmount=0
%%%mzn-stat: AverageLbd=9.579956973825745
%%%mzn-stat-end
maxleg = 395;
succ = array1d(1..20,[15, 7, 4, 2, 18, 11, 19, 14, 20, 8, 12, 3, 1, 16, 10, 9, 6, 17, 13, 5]);
% time elapsed: 8.90 s
----------
%%%mzn-stat: initTime=0.017776909
%%%mzn-stat: objective=394
%%%mzn-stat: nodes=53096
%%%mzn-stat: restarts=33
%%%mzn-stat: peakDepth=220
%%%mzn-stat: solveTime=8.247814865
%%%mzn-stat: variables=526
%%%mzn-stat: propagators=558
%%%mzn-stat: failures=39211
%%%mzn-stat: propagations=3989368
%%%mzn-stat: nogoods=39211
%%%mzn-stat: AverageConflictSize=12.406671597255873
%%%mzn-stat: NumUnitNogoodsLearned=348
%%%mzn-stat: AverageLearnedNogoodLength=39.08291040779373
%%%mzn-stat: AverageBacktrackAmount=0
%%%mzn-stat: AverageLbd=9.586213052459769
%%%mzn-stat-end
maxleg = 394;
succ = array1d(1..20,[15, 7, 4, 2, 17, 11, 19, 14, 20, 8, 12, 3, 1, 16, 10, 9, 18, 6, 13, 5]);
% time elapsed: 8.95 s
----------
%%%mzn-stat: initTime=0.017776909
%%%mzn-stat: objective=393
%%%mzn-stat: nodes=53743
%%%mzn-stat: restarts=34
%%%mzn-stat: peakDepth=220
%%%mzn-stat: solveTime=8.35230056
%%%mzn-stat: variables=526
%%%mzn-stat: propagators=558
%%%mzn-stat: failures=39607
%%%mzn-stat: propagations=4027657
%%%mzn-stat: nogoods=39607
%%%mzn-stat: AverageConflictSize=12.453707677935718
%%%mzn-stat: NumUnitNogoodsLearned=348
%%%mzn-stat: AverageLearnedNogoodLength=39.10079026434721
%%%mzn-stat: AverageBacktrackAmount=0
%%%mzn-stat: AverageLbd=9.595652283687228
%%%mzn-stat-end
maxleg = 393;
succ = array1d(1..20,[15, 7, 4, 2, 17, 11, 19, 14, 20, 8, 12, 3, 1, 16, 10, 9, 18, 6, 13, 5]);
% time elapsed: 9.05 s
----------
%%%mzn-stat: initTime=0.017776909
%%%mzn-stat: objective=392
%%%mzn-stat: nodes=53999
%%%mzn-stat: restarts=35
%%%mzn-stat: peakDepth=220
%%%mzn-stat: solveTime=8.368691971
%%%mzn-stat: variables=526
%%%mzn-stat: propagators=558
%%%mzn-stat: failures=39659
%%%mzn-stat: propagations=4032402
%%%mzn-stat: nogoods=39659
%%%mzn-stat: AverageConflictSize=12.462467535742203
%%%mzn-stat: NumUnitNogoodsLearned=348
%%%mzn-stat: AverageLearnedNogoodLength=39.11740084217958
%%%mzn-stat: AverageBacktrackAmount=0
%%%mzn-stat: AverageLbd=9.599258680249124
%%%mzn-stat-end
maxleg = 392;
succ = array1d(1..20,[15, 7, 4, 2, 17, 11, 19, 14, 20, 8, 12, 3, 1, 16, 10, 9, 18, 6, 13, 5]);
% time elapsed: 9.07 s
----------
%%%mzn-stat: initTime=0.017776909
%%%mzn-stat: objective=391
%%%mzn-stat: nodes=54595
%%%mzn-stat: restarts=36
%%%mzn-stat: peakDepth=220
%%%mzn-stat: solveTime=8.456140564
%%%mzn-stat: variables=526
%%%mzn-stat: propagators=558
%%%mzn-stat: failures=40012
%%%mzn-stat: propagations=4058971
%%%mzn-stat: nogoods=40012
%%%mzn-stat: AverageConflictSize=12.458762371288614
%%%mzn-stat: NumUnitNogoodsLearned=348
%%%mzn-stat: AverageLearnedNogoodLength=39.08352494251724
%%%mzn-stat: AverageBacktrackAmount=0
%%%mzn-stat: AverageLbd=9.60629311206638
%%%mzn-stat-end
maxleg = 391;
succ = array1d(1..20,[15, 7, 4, 2, 17, 11, 19, 14, 20, 8, 12, 3, 1, 16, 10, 9, 18, 6, 13, 5]);
% time elapsed: 9.16 s
----------
%%%mzn-stat: initTime=0.017776909
%%%mzn-stat: objective=390
%%%mzn-stat: nodes=55455
%%%mzn-stat: restarts=37
%%%mzn-stat: peakDepth=220
%%%mzn-stat: solveTime=8.6422437
%%%mzn-stat: variables=526
%%%mzn-stat: propagators=558
%%%mzn-stat: failures=40554
%%%mzn-stat: propagations=4105320
%%%mzn-stat: nogoods=40554
%%%mzn-stat: AverageConflictSize=12.553558218671402
%%%mzn-stat: NumUnitNogoodsLearned=348
%%%mzn-stat: AverageLearnedNogoodLength=39.18200424125857
%%%mzn-stat: AverageBacktrackAmount=0
%%%mzn-stat: AverageLbd=9.607930167184495
%%%mzn-stat-end
maxleg = 390;
succ = array1d(1..20,[15, 7, 4, 2, 17, 11, 19, 14, 20, 8, 12, 3, 1, 16, 10, 9, 18, 6, 13, 5]);
% time elapsed: 9.35 s
----------
%%%mzn-stat: initTime=0.017776909
%%%mzn-stat: objective=389
%%%mzn-stat: nodes=55715
%%%mzn-stat: restarts=38
%%%mzn-stat: peakDepth=220
%%%mzn-stat: solveTime=8.671859411
%%%mzn-stat: variables=526
%%%mzn-stat: propagators=558
%%%mzn-stat: failures=40610
%%%mzn-stat: propagations=4111330
%%%mzn-stat: nogoods=40610
%%%mzn-stat: AverageConflictSize=12.572543708446196
%%%mzn-stat: NumUnitNogoodsLearned=348
%%%mzn-stat: AverageLearnedNogoodLength=39.21322334400394
%%%mzn-stat: AverageBacktrackAmount=0
%%%mzn-stat: AverageLbd=9.612065993597636
%%%mzn-stat-end
maxleg = 389;
succ = array1d(1..20,[15, 7, 4, 2, 17, 11, 19, 14, 20, 8, 12, 3, 1, 16, 10, 9, 18, 6, 13, 5]);
% time elapsed: 9.38 s
----------
%%%mzn-stat: initTime=0.017776909
%%%mzn-stat: objective=388
%%%mzn-stat: nodes=57677
%%%mzn-stat: restarts=39
%%%mzn-stat: peakDepth=220
%%%mzn-stat: solveTime=9.054114265
%%%mzn-stat: variables=526
%%%mzn-stat: propagators=558
%%%mzn-stat: failures=42100
%%%mzn-stat: propagations=4276752
%%%mzn-stat: nogoods=42100
%%%mzn-stat: AverageConflictSize=12.637173396674584
%%%mzn-stat: NumUnitNogoodsLearned=348
%%%mzn-stat: AverageLearnedNogoodLength=39.17890736342043
%%%mzn-stat: AverageBacktrackAmount=0
%%%mzn-stat: AverageLbd=9.581543942992875
%%%mzn-stat-end
maxleg = 388;
succ = array1d(1..20,[15, 7, 4, 2, 17, 11, 19, 14, 20, 8, 12, 3, 1, 16, 10, 9, 18, 6, 13, 5]);
% time elapsed: 9.76 s
----------
%%%mzn-stat: initTime=0.017776909
%%%mzn-stat: objective=387
%%%mzn-stat: nodes=58263
%%%mzn-stat: restarts=40
%%%mzn-stat: peakDepth=220
%%%mzn-stat: solveTime=9.150248404
%%%mzn-stat: variables=526
%%%mzn-stat: propagators=558
%%%mzn-stat: failures=42447
%%%mzn-stat: propagations=4300852
%%%mzn-stat: nogoods=42447
%%%mzn-stat: AverageConflictSize=12.670459632011685
%%%mzn-stat: NumUnitNogoodsLearned=348
%%%mzn-stat: AverageLearnedNogoodLength=39.20679906707188
%%%mzn-stat: AverageBacktrackAmount=0
%%%mzn-stat: AverageLbd=9.584776309279809
%%%mzn-stat-end
maxleg = 387;
succ = array1d(1..20,[15, 7, 4, 2, 17, 11, 19, 14, 20, 8, 12, 3, 1, 16, 10, 9, 18, 6, 13, 5]);
% time elapsed: 9.86 s
----------
%%%mzn-stat: initTime=0.017776909
%%%mzn-stat: objective=386
%%%mzn-stat: nodes=58542
%%%mzn-stat: restarts=41
%%%mzn-stat: peakDepth=220
%%%mzn-stat: solveTime=9.175693258999999
%%%mzn-stat: variables=526
%%%mzn-stat: propagators=558
%%%mzn-stat: failures=42529
%%%mzn-stat: propagations=4308692
%%%mzn-stat: nogoods=42529
%%%mzn-stat: AverageConflictSize=12.67462202261986
%%%mzn-stat: NumUnitNogoodsLearned=348
%%%mzn-stat: AverageLearnedNogoodLength=39.19290366573397
%%%mzn-stat: AverageBacktrackAmount=0
%%%mzn-stat: AverageLbd=9.58863363822333
%%%mzn-stat-end
maxleg = 386;
succ = array1d(1..20,[15, 7, 4, 2, 17, 11, 19, 14, 20, 8, 12, 3, 1, 16, 10, 9, 18, 6, 13, 5]);
% time elapsed: 9.89 s
----------
%%%mzn-stat: initTime=0.017776909
%%%mzn-stat: objective=385
%%%mzn-stat: nodes=58782
%%%mzn-stat: restarts=42
%%%mzn-stat: peakDepth=220
%%%mzn-stat: solveTime=9.194497569
%%%mzn-stat: variables=526
%%%mzn-stat: propagators=558
%%%mzn-stat: failures=42580
%%%mzn-stat: propagations=4314089
%%%mzn-stat: nogoods=42580
%%%mzn-stat: AverageConflictSize=12.6786989196806
%%%mzn-stat: NumUnitNogoodsLearned=348
%%%mzn-stat: AverageLearnedNogoodLength=39.19243776420855
%%%mzn-stat: AverageBacktrackAmount=0
%%%mzn-stat: AverageLbd=9.591639267261625
%%%mzn-stat-end
maxleg = 385;
succ = array1d(1..20,[15, 7, 4, 2, 17, 11, 19, 14, 20, 8, 12, 3, 1, 16, 10, 9, 18, 6, 13, 5]);
% time elapsed: 9.91 s
----------
%%%mzn-stat: initTime=0.017776909
%%%mzn-stat: objective=384
%%%mzn-stat: nodes=59220
%%%mzn-stat: restarts=43
%%%mzn-stat: peakDepth=220
%%%mzn-stat: solveTime=9.268839313
%%%mzn-stat: variables=526
%%%mzn-stat: propagators=558
%%%mzn-stat: failures=42812
%%%mzn-stat: propagations=4345000
%%%mzn-stat: nogoods=42812
%%%mzn-stat: AverageConflictSize=12.703400915631132
%%%mzn-stat: NumUnitNogoodsLearned=348
%%%mzn-stat: AverageLearnedNogoodLength=39.22383911052976
%%%mzn-stat: AverageBacktrackAmount=0
%%%mzn-stat: AverageLbd=9.590652153601793
%%%mzn-stat-end
maxleg = 384;
succ = array1d(1..20,[15, 7, 4, 2, 17, 11, 19, 14, 20, 8, 12, 3, 1, 16, 10, 9, 18, 6, 13, 5]);
% time elapsed: 9.98 s
----------
%%%mzn-stat: initTime=0.017776909
%%%mzn-stat: objective=383
%%%mzn-stat: nodes=59524
%%%mzn-stat: restarts=44
%%%mzn-stat: peakDepth=220
%%%mzn-stat: solveTime=9.29395218
%%%mzn-stat: variables=526
%%%mzn-stat: propagators=558
%%%mzn-stat: failures=42901
%%%mzn-stat: propagations=4353059
%%%mzn-stat: nogoods=42901
%%%mzn-stat: AverageConflictSize=12.723969138248526
%%%mzn-stat: NumUnitNogoodsLearned=348
%%%mzn-stat: AverageLearnedNogoodLength=39.236847625929464
%%%mzn-stat: AverageBacktrackAmount=0
%%%mzn-stat: AverageLbd=9.593063098762267
%%%mzn-stat-end
maxleg = 383;
succ = array1d(1..20,[15, 7, 4, 2, 17, 11, 19, 14, 20, 8, 12, 3, 1, 16, 10, 9, 18, 6, 13, 5]);
% time elapsed: 10.01 s
----------
%%%mzn-stat: initTime=0.017776909
%%%mzn-stat: objective=382
%%%mzn-stat: nodes=60767
%%%mzn-stat: restarts=45
%%%mzn-stat: peakDepth=220
%%%mzn-stat: solveTime=9.481923119
%%%mzn-stat: variables=526
%%%mzn-stat: propagators=558
%%%mzn-stat: failures=43811
%%%mzn-stat: propagations=4433073
%%%mzn-stat: nogoods=43811
%%%mzn-stat: AverageConflictSize=12.804067471639543
%%%mzn-stat: NumUnitNogoodsLearned=348
%%%mzn-stat: AverageLearnedNogoodLength=39.38771084887357
%%%mzn-stat: AverageBacktrackAmount=0
%%%mzn-stat: AverageLbd=9.583141220241492
%%%mzn-stat-end
maxleg = 382;
succ = array1d(1..20,[15, 7, 4, 2, 17, 11, 19, 14, 20, 8, 12, 3, 1, 16, 10, 9, 18, 6, 13, 5]);
% time elapsed: 10.20 s
----------
%%%mzn-stat: initTime=0.017776909
%%%mzn-stat: objective=381
%%%mzn-stat: nodes=63887
%%%mzn-stat: restarts=46
%%%mzn-stat: peakDepth=220
%%%mzn-stat: solveTime=10.025009574
%%%mzn-stat: variables=526
%%%mzn-stat: propagators=558
%%%mzn-stat: failures=46301
%%%mzn-stat: propagations=4670435
%%%mzn-stat: nogoods=46301
%%%mzn-stat: AverageConflictSize=12.956458823783503
%%%mzn-stat: NumUnitNogoodsLearned=348
%%%mzn-stat: AverageLearnedNogoodLength=39.57342174035118
%%%mzn-stat: AverageBacktrackAmount=0
%%%mzn-stat: AverageLbd=9.53990194596229
%%%mzn-stat-end
maxleg = 381;
succ = array1d(1..20,[15, 7, 4, 2, 17, 11, 19, 14, 20, 8, 12, 3, 1, 16, 10, 9, 18, 6, 13, 5]);
% time elapsed: 10.74 s
----------
%%%mzn-stat: initTime=0.017776909
%%%mzn-stat: objective=380
%%%mzn-stat: nodes=64229
%%%mzn-stat: restarts=47
%%%mzn-stat: peakDepth=220
%%%mzn-stat: solveTime=10.068844333
%%%mzn-stat: variables=526
%%%mzn-stat: propagators=558
%%%mzn-stat: failures=46434
%%%mzn-stat: propagations=4682823
%%%mzn-stat: nogoods=46434
%%%mzn-stat: AverageConflictSize=12.985850885127277
%%%mzn-stat: NumUnitNogoodsLearned=348
%%%mzn-stat: AverageLearnedNogoodLength=39.6066890640479
%%%mzn-stat: AverageBacktrackAmount=0
%%%mzn-stat: AverageLbd=9.539539992247061
%%%mzn-stat-end
maxleg = 380;
succ = array1d(1..20,[15, 7, 4, 2, 17, 11, 19, 14, 20, 8, 12, 3, 1, 16, 10, 9, 18, 6, 13, 5]);
% time elapsed: 10.79 s
----------
%%%mzn-stat: initTime=0.017776909
%%%mzn-stat: objective=379
%%%mzn-stat: nodes=64545
%%%mzn-stat: restarts=48
%%%mzn-stat: peakDepth=220
%%%mzn-stat: solveTime=10.09850969
%%%mzn-stat: variables=526
%%%mzn-stat: propagators=558
%%%mzn-stat: failures=46546
%%%mzn-stat: propagations=4694931
%%%mzn-stat: nogoods=46546
%%%mzn-stat: AverageConflictSize=12.979718987668113
%%%mzn-stat: NumUnitNogoodsLearned=348
%%%mzn-stat: AverageLearnedNogoodLength=39.59940703819877
%%%mzn-stat: AverageBacktrackAmount=0
%%%mzn-stat: AverageLbd=9.54324754006789
%%%mzn-stat-end
maxleg = 379;
succ = array1d(1..20,[15, 7, 4, 2, 17, 11, 19, 14, 20, 8, 12, 3, 1, 16, 10, 9, 18, 6, 13, 5]);
% time elapsed: 10.82 s
----------
%%%mzn-stat: initTime=0.017776909
%%%mzn-stat: objective=378
%%%mzn-stat: nodes=64806
%%%mzn-stat: restarts=49
%%%mzn-stat: peakDepth=220
%%%mzn-stat: solveTime=10.116558305
%%%mzn-stat: variables=526
%%%mzn-stat: propagators=558
%%%mzn-stat: failures=46596
%%%mzn-stat: propagations=4700884
%%%mzn-stat: nogoods=46596
%%%mzn-stat: AverageConflictSize=12.98152201905743
%%%mzn-stat: NumUnitNogoodsLearned=348
%%%mzn-stat: AverageLearnedNogoodLength=39.606811743497296
%%%mzn-stat: AverageBacktrackAmount=0
%%%mzn-stat: AverageLbd=9.54813717915701
%%%mzn-stat-end
maxleg = 378;
succ = array1d(1..20,[15, 7, 4, 2, 17, 11, 19, 14, 20, 8, 12, 3, 1, 16, 10, 9, 18, 6, 13, 5]);
% time elapsed: 10.84 s
----------
==========
% time elapsed: 99.51 s
%%%mzn-stat: initTime=0.017776909
%%%mzn-stat: objective=378
%%%mzn-stat: nodes=366848
%%%mzn-stat: restarts=2355
%%%mzn-stat: peakDepth=220
%%%mzn-stat: solveTime=98.78730936
%%%mzn-stat: variables=526
%%%mzn-stat: propagators=558
%%%mzn-stat: failures=266707
%%%mzn-stat: propagations=25701590
%%%mzn-stat: nogoods=266707
%%%mzn-stat: AverageConflictSize=39.469455244894206
%%%mzn-stat: NumUnitNogoodsLearned=349
%%%mzn-stat: AverageLearnedNogoodLength=79.56791535280288
%%%mzn-stat: AverageBacktrackAmount=0
%%%mzn-stat: AverageLbd=14.711548628269973
%%%mzn-stat-end
