% Logging successfully configured
=====UNKNOWN=====
% time elapsed: 300.06 s
%%%mzn-stat: initTime=0.047723941
%%%mzn-stat: nodes=509503
%%%mzn-stat: restarts=0
%%%mzn-stat: peakDepth=127
%%%mzn-stat: solveTime=296.730455824
%%%mzn-stat: variables=4079
%%%mzn-stat: propagators=14191
%%%mzn-stat: failures=389901
%%%mzn-stat: propagations=514814822
%%%mzn-stat: nogoods=389901
%%%mzn-stat: numAtomicConstraintsPropagated=0
%%%mzn-stat: circuitNumber11176PropagationsThatFoundConflict=863
%%%mzn-stat: circuitNumber11176TotalFixedEdgesAtConflict=117832
%%%mzn-stat: circuitNumber11176NumberOfConflicts=863
%%%mzn-stat: circuitNumber11176PropagationsThatPruned=32819
%%%mzn-stat: circuitNumber11176PropagationsTotal=438921
%%%mzn-stat: AverageConflictSize=17.278457864945203
%%%mzn-stat: NumUnitNogoodsLearned=0
%%%mzn-stat: AverageLearnedNogoodLength=61.70844393833306
%%%mzn-stat: AverageBacktrackAmount=0
%%%mzn-stat: AverageLbd=39.04860721054832
%%%mzn-stat: 2AutonomousSearchNumBackupCalled=0
%%%mzn-stat: 2AutonomousSearchNumPredicatesRemoved=0
%%%mzn-stat: 2AutonomousSearchNumCalls=0
%%%mzn-stat: 2AutonomousSearchNumPredicatesAdded=3329
%%%mzn-stat: 2AutonomousSearchAverageSizeOfHeap=0
%%%mzn-stat: 2AutonomousSearchNumAssignedPredicatesEncountered=0
%%%mzn-stat-end
