% Logging successfully configured
%%%mzn-stat: initTime=0.062728521
%%%mzn-stat: objective=654
%%%mzn-stat: nodes=35587
%%%mzn-stat: restarts=1
%%%mzn-stat: peakDepth=3406
%%%mzn-stat: solveTime=49.223645783
%%%mzn-stat: variables=4233
%%%mzn-stat: propagators=3753
%%%mzn-stat: failures=26784
%%%mzn-stat: propagations=846761
%%%mzn-stat: nogoods=26784
%%%mzn-stat: numAtomicConstraintsPropagated=0
%%%mzn-stat: circuitNumber1PropagationsTotal=117679
%%%mzn-stat: circuitNumber1CircuitConflicts=9378
%%%mzn-stat: circuitNumber1AlldiffConflicts=2905
%%%mzn-stat: circuitNumber1TotalFixedEdgesAtConflict=1635631
%%%mzn-stat: circuitNumber1NumberOfConflicts=12283
%%%mzn-stat: circuitNumber1GacPrunings=567405
%%%mzn-stat: circuitNumber1PropagationsThatGacPruned=68842
%%%mzn-stat: circuitNumber1TotalPruningHallSetSize=3997473
%%%mzn-stat: circuitNumber1NumberOfPruningExplanations=567405
%%%mzn-stat: circuitNumber1MaxPruningHallSetSize=84
%%%mzn-stat: circuitNumber1TotalSccSizeAtPruning=994322
%%%mzn-stat: circuitNumber1NumberOfSccPruningCalls=68842
%%%mzn-stat: circuitNumber1TotalVarsInvolvedInPruning=436897
%%%mzn-stat: circuitNumber1MaxValuesPrunedFromSingleVar=19
%%%mzn-stat: circuitNumber1HallCircuitChecks=212604
%%%mzn-stat: circuitNumber1HallCircuitPrunings=2121
%%%mzn-stat: circuitNumber1CircuitPreventPrunings=60200
%%%mzn-stat: AverageConflictSize=33.50455495818399
%%%mzn-stat: NumUnitNogoodsLearned=0
%%%mzn-stat: AverageLearnedNogoodLength=86.9266353046595
%%%mzn-stat: AverageBacktrackAmount=0
%%%mzn-stat: AverageLbd=37.481257467144566
%%%mzn-stat: 2AutonomousSearchNumBackupCalled=3249
%%%mzn-stat: 2AutonomousSearchNumPredicatesRemoved=0
%%%mzn-stat: 2AutonomousSearchNumCalls=3367
%%%mzn-stat: 2AutonomousSearchNumPredicatesAdded=3646
%%%mzn-stat: 2AutonomousSearchAverageSizeOfHeap=58.483219483219486
%%%mzn-stat: 2AutonomousSearchNumAssignedPredicatesEncountered=9241
%%%mzn-stat-end
maxleg = 654;
succ = array1d(1..150,[5, 27, 23, 11, 120, 48, 6, 10, 3, 14, 13, 9, 26, 33, 1, 17, 12, 148, 21, 25, 30, 16, 4, 15, 31, 49, 29, 8, 34, 40, 37, 22, 51, 35, 38, 58, 59, 47, 20, 41, 32, 130, 7, 43, 28, 39, 64, 60, 46, 44, 52, 126, 54, 45, 90, 127, 19, 69, 131, 71, 50, 53, 66, 73, 104, 55, 63, 94, 70, 72, 137, 76, 36, 75, 88, 96, 84, 77, 92, 124, 62, 61, 82, 143, 98, 138, 67, 85, 150, 97, 141, 83, 74, 80, 93, 111, 147, 100, 114, 102, 95, 105, 101, 113, 107, 109, 123, 119, 115, 121, 117, 128, 78, 106, 132, 129, 146, 145, 118, 2, 125, 116, 122, 91, 89, 68, 149, 81, 42, 57, 87, 135, 144, 139, 134, 65, 18, 133, 79, 103, 108, 110, 142, 112, 140, 56, 99, 24, 136, 86]);
% time elapsed: 50.53 s
----------
%%%mzn-stat: initTime=0.062728521
%%%mzn-stat: objective=603
%%%mzn-stat: nodes=39440
%%%mzn-stat: restarts=2
%%%mzn-stat: peakDepth=3651
%%%mzn-stat: solveTime=49.853237059
%%%mzn-stat: variables=4233
%%%mzn-stat: propagators=3753
%%%mzn-stat: failures=26851
%%%mzn-stat: propagations=856666
%%%mzn-stat: nogoods=26851
%%%mzn-stat: numAtomicConstraintsPropagated=0
%%%mzn-stat: circuitNumber1PropagationsTotal=118909
%%%mzn-stat: circuitNumber1CircuitConflicts=9396
%%%mzn-stat: circuitNumber1AlldiffConflicts=2905
%%%mzn-stat: circuitNumber1TotalFixedEdgesAtConflict=1638189
%%%mzn-stat: circuitNumber1NumberOfConflicts=12301
%%%mzn-stat: circuitNumber1GacPrunings=571224
%%%mzn-stat: circuitNumber1PropagationsThatGacPruned=69334
%%%mzn-stat: circuitNumber1TotalPruningHallSetSize=4009297
%%%mzn-stat: circuitNumber1NumberOfPruningExplanations=571224
%%%mzn-stat: circuitNumber1MaxPruningHallSetSize=95
%%%mzn-stat: circuitNumber1TotalSccSizeAtPruning=996510
%%%mzn-stat: circuitNumber1NumberOfSccPruningCalls=69334
%%%mzn-stat: circuitNumber1TotalVarsInvolvedInPruning=440354
%%%mzn-stat: circuitNumber1MaxValuesPrunedFromSingleVar=19
%%%mzn-stat: circuitNumber1HallCircuitChecks=214087
%%%mzn-stat: circuitNumber1HallCircuitPrunings=2127
%%%mzn-stat: circuitNumber1CircuitPreventPrunings=60565
%%%mzn-stat: AverageConflictSize=33.76205727905851
%%%mzn-stat: NumUnitNogoodsLearned=0
%%%mzn-stat: AverageLearnedNogoodLength=87.02968232095638
%%%mzn-stat: AverageBacktrackAmount=0
%%%mzn-stat: AverageLbd=37.69196677963577
%%%mzn-stat: 2AutonomousSearchNumBackupCalled=6461
%%%mzn-stat: 2AutonomousSearchNumPredicatesRemoved=0
%%%mzn-stat: 2AutonomousSearchNumCalls=7019
%%%mzn-stat: 2AutonomousSearchNumPredicatesAdded=4956
%%%mzn-stat: 2AutonomousSearchAverageSizeOfHeap=188.18791850690982
%%%mzn-stat: 2AutonomousSearchNumAssignedPredicatesEncountered=16481
%%%mzn-stat-end
maxleg = 603;
succ = array1d(1..150,[5, 27, 23, 11, 120, 48, 6, 10, 3, 14, 13, 9, 26, 33, 1, 17, 12, 148, 21, 25, 30, 16, 4, 15, 31, 49, 29, 124, 34, 40, 37, 22, 51, 35, 38, 58, 59, 47, 20, 41, 32, 130, 7, 43, 28, 39, 64, 60, 46, 44, 52, 126, 54, 45, 90, 127, 19, 69, 131, 71, 50, 53, 66, 73, 104, 55, 63, 94, 70, 72, 137, 76, 36, 75, 88, 96, 84, 77, 92, 143, 62, 61, 82, 80, 98, 138, 67, 85, 150, 97, 141, 83, 74, 78, 93, 111, 147, 100, 114, 102, 95, 105, 101, 113, 107, 109, 123, 119, 115, 121, 117, 128, 8, 106, 132, 129, 146, 145, 118, 2, 125, 116, 122, 91, 89, 68, 149, 81, 42, 57, 87, 135, 144, 139, 134, 65, 18, 133, 79, 103, 108, 110, 142, 112, 140, 56, 99, 24, 136, 86]);
% time elapsed: 51.15 s
----------
%%%mzn-stat: initTime=0.062728521
%%%mzn-stat: objective=328
%%%mzn-stat: nodes=42763
%%%mzn-stat: restarts=2
%%%mzn-stat: peakDepth=3651
%%%mzn-stat: solveTime=49.928385714
%%%mzn-stat: variables=4233
%%%mzn-stat: propagators=3753
%%%mzn-stat: failures=26851
%%%mzn-stat: propagations=862794
%%%mzn-stat: nogoods=26851
%%%mzn-stat: numAtomicConstraintsPropagated=0
%%%mzn-stat: circuitNumber1PropagationsTotal=119176
%%%mzn-stat: circuitNumber1CircuitConflicts=9396
%%%mzn-stat: circuitNumber1AlldiffConflicts=2905
%%%mzn-stat: circuitNumber1TotalFixedEdgesAtConflict=1638189
%%%mzn-stat: circuitNumber1NumberOfConflicts=12301
%%%mzn-stat: circuitNumber1GacPrunings=572867
%%%mzn-stat: circuitNumber1PropagationsThatGacPruned=69469
%%%mzn-stat: circuitNumber1TotalPruningHallSetSize=4011042
%%%mzn-stat: circuitNumber1NumberOfPruningExplanations=572867
%%%mzn-stat: circuitNumber1MaxPruningHallSetSize=95
%%%mzn-stat: circuitNumber1TotalSccSizeAtPruning=996705
%%%mzn-stat: circuitNumber1NumberOfSccPruningCalls=69469
%%%mzn-stat: circuitNumber1TotalVarsInvolvedInPruning=441988
%%%mzn-stat: circuitNumber1MaxValuesPrunedFromSingleVar=19
%%%mzn-stat: circuitNumber1HallCircuitChecks=214376
%%%mzn-stat: circuitNumber1HallCircuitPrunings=2130
%%%mzn-stat: circuitNumber1CircuitPreventPrunings=60628
%%%mzn-stat: AverageConflictSize=33.76205727905851
%%%mzn-stat: NumUnitNogoodsLearned=0
%%%mzn-stat: AverageLearnedNogoodLength=87.02968232095638
%%%mzn-stat: AverageBacktrackAmount=0
%%%mzn-stat: AverageLbd=37.69196677963577
%%%mzn-stat: 2AutonomousSearchNumBackupCalled=9653
%%%mzn-stat: 2AutonomousSearchNumPredicatesRemoved=0
%%%mzn-stat: 2AutonomousSearchNumCalls=10212
%%%mzn-stat: 2AutonomousSearchNumPredicatesAdded=4956
%%%mzn-stat: 2AutonomousSearchAverageSizeOfHeap=129.70142969056013
%%%mzn-stat: 2AutonomousSearchNumAssignedPredicatesEncountered=20101
%%%mzn-stat-end
maxleg = 328;
succ = array1d(1..150,[5, 27, 7, 11, 2, 42, 6, 10, 3, 14, 13, 9, 23, 33, 1, 17, 12, 15, 21, 25, 30, 16, 48, 18, 31, 4, 29, 22, 34, 40, 37, 28, 51, 35, 38, 58, 8, 47, 20, 41, 32, 57, 19, 43, 39, 49, 64, 60, 26, 44, 52, 56, 54, 45, 46, 59, 24, 69, 65, 71, 50, 53, 66, 73, 68, 55, 63, 67, 70, 72, 82, 76, 36, 75, 88, 96, 78, 79, 90, 84, 62, 61, 86, 77, 98, 89, 104, 85, 81, 97, 92, 83, 74, 80, 93, 111, 91, 100, 114, 102, 95, 105, 101, 113, 107, 109, 123, 119, 115, 121, 117, 128, 94, 106, 135, 103, 118, 140, 122, 116, 125, 120, 130, 108, 150, 127, 131, 133, 146, 137, 132, 134, 141, 99, 139, 149, 148, 112, 87, 145, 144, 110, 142, 147, 143, 136, 124, 129, 126, 138]);
% time elapsed: 51.24 s
----------
%%%mzn-stat: initTime=0.062728521
%%%mzn-stat: objective=327
%%%mzn-stat: nodes=46451
%%%mzn-stat: restarts=3
%%%mzn-stat: peakDepth=3651
%%%mzn-stat: solveTime=50.452049917
%%%mzn-stat: variables=4233
%%%mzn-stat: propagators=3753
%%%mzn-stat: failures=26916
%%%mzn-stat: propagations=872257
%%%mzn-stat: nogoods=26916
%%%mzn-stat: numAtomicConstraintsPropagated=0
%%%mzn-stat: circuitNumber1PropagationsTotal=120260
%%%mzn-stat: circuitNumber1CircuitConflicts=9412
%%%mzn-stat: circuitNumber1AlldiffConflicts=2905
%%%mzn-stat: circuitNumber1TotalFixedEdgesAtConflict=1640513
%%%mzn-stat: circuitNumber1NumberOfConflicts=12317
%%%mzn-stat: circuitNumber1GacPrunings=576700
%%%mzn-stat: circuitNumber1PropagationsThatGacPruned=69950
%%%mzn-stat: circuitNumber1TotalPruningHallSetSize=4024050
%%%mzn-stat: circuitNumber1NumberOfPruningExplanations=576700
%%%mzn-stat: circuitNumber1MaxPruningHallSetSize=95
%%%mzn-stat: circuitNumber1TotalSccSizeAtPruning=998935
%%%mzn-stat: circuitNumber1NumberOfSccPruningCalls=69950
%%%mzn-stat: circuitNumber1TotalVarsInvolvedInPruning=445423
%%%mzn-stat: circuitNumber1MaxValuesPrunedFromSingleVar=19
%%%mzn-stat: circuitNumber1HallCircuitChecks=215718
%%%mzn-stat: circuitNumber1HallCircuitPrunings=2136
%%%mzn-stat: circuitNumber1CircuitPreventPrunings=60978
%%%mzn-stat: AverageConflictSize=34.0206568583742
%%%mzn-stat: NumUnitNogoodsLearned=0
%%%mzn-stat: AverageLearnedNogoodLength=87.16659236142071
%%%mzn-stat: AverageBacktrackAmount=0
%%%mzn-stat: AverageLbd=37.90154554911577
%%%mzn-stat: 2AutonomousSearchNumBackupCalled=12834
%%%mzn-stat: 2AutonomousSearchNumPredicatesRemoved=0
%%%mzn-stat: 2AutonomousSearchNumCalls=13701
%%%mzn-stat: 2AutonomousSearchNumPredicatesAdded=6392
%%%mzn-stat: 2AutonomousSearchAverageSizeOfHeap=148.99934311364134
%%%mzn-stat: 2AutonomousSearchNumAssignedPredicatesEncountered=27355
%%%mzn-stat-end
maxleg = 327;
succ = array1d(1..150,[5, 27, 7, 11, 2, 42, 6, 10, 3, 68, 13, 9, 23, 8, 1, 17, 12, 15, 21, 25, 30, 16, 48, 18, 31, 4, 29, 22, 34, 40, 37, 28, 14, 35, 38, 58, 49, 47, 20, 41, 32, 57, 86, 19, 39, 78, 64, 60, 26, 43, 52, 56, 44, 45, 46, 59, 24, 69, 65, 71, 50, 53, 66, 73, 33, 55, 63, 67, 70, 72, 82, 76, 36, 75, 88, 96, 54, 79, 90, 51, 62, 61, 84, 77, 98, 89, 104, 85, 81, 97, 92, 83, 74, 80, 93, 111, 91, 100, 114, 102, 95, 105, 101, 113, 107, 109, 123, 119, 115, 121, 117, 128, 94, 106, 135, 103, 118, 140, 122, 116, 125, 120, 130, 108, 150, 127, 131, 133, 146, 137, 132, 134, 141, 99, 139, 149, 148, 112, 87, 145, 144, 110, 142, 147, 143, 136, 124, 129, 126, 138]);
% time elapsed: 51.76 s
----------
%%%mzn-stat: initTime=0.062728521
%%%mzn-stat: objective=320
%%%mzn-stat: nodes=49810
%%%mzn-stat: restarts=3
%%%mzn-stat: peakDepth=3651
%%%mzn-stat: solveTime=50.523158078
%%%mzn-stat: variables=4233
%%%mzn-stat: propagators=3753
%%%mzn-stat: failures=26916
%%%mzn-stat: propagations=878441
%%%mzn-stat: nogoods=26916
%%%mzn-stat: numAtomicConstraintsPropagated=0
%%%mzn-stat: circuitNumber1PropagationsTotal=120527
%%%mzn-stat: circuitNumber1CircuitConflicts=9412
%%%mzn-stat: circuitNumber1AlldiffConflicts=2905
%%%mzn-stat: circuitNumber1TotalFixedEdgesAtConflict=1640513
%%%mzn-stat: circuitNumber1NumberOfConflicts=12317
%%%mzn-stat: circuitNumber1GacPrunings=578323
%%%mzn-stat: circuitNumber1PropagationsThatGacPruned=70085
%%%mzn-stat: circuitNumber1TotalPruningHallSetSize=4025775
%%%mzn-stat: circuitNumber1NumberOfPruningExplanations=578323
%%%mzn-stat: circuitNumber1MaxPruningHallSetSize=95
%%%mzn-stat: circuitNumber1TotalSccSizeAtPruning=999130
%%%mzn-stat: circuitNumber1NumberOfSccPruningCalls=70085
%%%mzn-stat: circuitNumber1TotalVarsInvolvedInPruning=447037
%%%mzn-stat: circuitNumber1MaxValuesPrunedFromSingleVar=19
%%%mzn-stat: circuitNumber1HallCircuitChecks=216007
%%%mzn-stat: circuitNumber1HallCircuitPrunings=2139
%%%mzn-stat: circuitNumber1CircuitPreventPrunings=61041
%%%mzn-stat: AverageConflictSize=34.0206568583742
%%%mzn-stat: NumUnitNogoodsLearned=0
%%%mzn-stat: AverageLearnedNogoodLength=87.16659236142071
%%%mzn-stat: AverageBacktrackAmount=0
%%%mzn-stat: AverageLbd=37.90154554911577
%%%mzn-stat: 2AutonomousSearchNumBackupCalled=16062
%%%mzn-stat: 2AutonomousSearchNumPredicatesRemoved=0
%%%mzn-stat: 2AutonomousSearchNumCalls=16930
%%%mzn-stat: 2AutonomousSearchNumPredicatesAdded=6392
%%%mzn-stat: 2AutonomousSearchAverageSizeOfHeap=120.79545186060248
%%%mzn-stat: 2AutonomousSearchNumAssignedPredicatesEncountered=30982
%%%mzn-stat-end
maxleg = 320;
succ = array1d(1..150,[5, 27, 7, 11, 2, 42, 6, 10, 3, 14, 13, 9, 23, 33, 1, 17, 12, 15, 21, 25, 30, 16, 48, 18, 31, 4, 29, 22, 34, 40, 37, 28, 52, 35, 38, 58, 8, 47, 20, 41, 32, 57, 19, 43, 39, 49, 64, 60, 26, 44, 56, 51, 54, 45, 46, 59, 24, 69, 65, 71, 50, 53, 66, 73, 68, 55, 63, 67, 70, 72, 82, 76, 36, 75, 88, 96, 78, 79, 90, 84, 62, 61, 86, 77, 98, 89, 104, 85, 81, 97, 92, 83, 74, 80, 93, 111, 91, 100, 114, 102, 95, 105, 101, 113, 107, 109, 123, 119, 115, 121, 117, 128, 94, 106, 135, 103, 118, 140, 122, 116, 125, 120, 130, 108, 150, 127, 131, 133, 146, 137, 132, 134, 141, 99, 139, 149, 148, 112, 87, 145, 144, 110, 142, 147, 143, 136, 124, 129, 126, 138]);
% time elapsed: 51.86 s
----------
%%%mzn-stat: initTime=0.062728521
%%%mzn-stat: objective=311
%%%mzn-stat: nodes=53145
%%%mzn-stat: restarts=3
%%%mzn-stat: peakDepth=3651
%%%mzn-stat: solveTime=50.596098315
%%%mzn-stat: variables=4233
%%%mzn-stat: propagators=3753
%%%mzn-stat: failures=26916
%%%mzn-stat: propagations=884567
%%%mzn-stat: nogoods=26916
%%%mzn-stat: numAtomicConstraintsPropagated=0
%%%mzn-stat: circuitNumber1PropagationsTotal=120793
%%%mzn-stat: circuitNumber1CircuitConflicts=9412
%%%mzn-stat: circuitNumber1AlldiffConflicts=2905
%%%mzn-stat: circuitNumber1TotalFixedEdgesAtConflict=1640513
%%%mzn-stat: circuitNumber1NumberOfConflicts=12317
%%%mzn-stat: circuitNumber1GacPrunings=579943
%%%mzn-stat: circuitNumber1PropagationsThatGacPruned=70220
%%%mzn-stat: circuitNumber1TotalPruningHallSetSize=4027497
%%%mzn-stat: circuitNumber1NumberOfPruningExplanations=579943
%%%mzn-stat: circuitNumber1MaxPruningHallSetSize=95
%%%mzn-stat: circuitNumber1TotalSccSizeAtPruning=999325
%%%mzn-stat: circuitNumber1NumberOfSccPruningCalls=70220
%%%mzn-stat: circuitNumber1TotalVarsInvolvedInPruning=448648
%%%mzn-stat: circuitNumber1MaxValuesPrunedFromSingleVar=19
%%%mzn-stat: circuitNumber1HallCircuitChecks=216296
%%%mzn-stat: circuitNumber1HallCircuitPrunings=2142
%%%mzn-stat: circuitNumber1CircuitPreventPrunings=61104
%%%mzn-stat: AverageConflictSize=34.0206568583742
%%%mzn-stat: NumUnitNogoodsLearned=0
%%%mzn-stat: AverageLearnedNogoodLength=87.16659236142071
%%%mzn-stat: AverageBacktrackAmount=0
%%%mzn-stat: AverageLbd=37.90154554911577
%%%mzn-stat: 2AutonomousSearchNumBackupCalled=19267
%%%mzn-stat: 2AutonomousSearchNumPredicatesRemoved=0
%%%mzn-stat: 2AutonomousSearchNumCalls=20136
%%%mzn-stat: 2AutonomousSearchNumPredicatesAdded=6392
%%%mzn-stat: 2AutonomousSearchAverageSizeOfHeap=101.74284862932062
%%%mzn-stat: 2AutonomousSearchNumAssignedPredicatesEncountered=34609
%%%mzn-stat-end
maxleg = 311;
succ = array1d(1..150,[5, 27, 7, 11, 2, 42, 6, 10, 3, 14, 13, 9, 23, 33, 1, 17, 12, 15, 21, 25, 30, 16, 48, 18, 31, 4, 29, 22, 34, 40, 37, 28, 52, 35, 38, 58, 8, 47, 20, 41, 32, 57, 19, 43, 39, 49, 64, 60, 26, 44, 56, 51, 54, 45, 46, 59, 24, 69, 65, 71, 50, 53, 66, 73, 68, 55, 63, 67, 70, 72, 82, 76, 36, 75, 88, 96, 78, 79, 90, 84, 62, 61, 86, 77, 98, 89, 104, 85, 81, 97, 92, 83, 74, 80, 93, 111, 91, 100, 114, 102, 95, 105, 101, 113, 107, 109, 123, 119, 115, 121, 117, 128, 94, 106, 135, 103, 118, 140, 122, 116, 125, 120, 130, 108, 150, 127, 131, 133, 146, 137, 132, 134, 144, 99, 139, 149, 148, 112, 87, 145, 124, 110, 142, 147, 143, 136, 141, 129, 126, 138]);
% time elapsed: 51.95 s
----------
%%%mzn-stat: initTime=0.062728521
%%%mzn-stat: objective=310
%%%mzn-stat: nodes=83409
%%%mzn-stat: restarts=5
%%%mzn-stat: peakDepth=3651
%%%mzn-stat: solveTime=97.486730009
%%%mzn-stat: variables=4233
%%%mzn-stat: propagators=3753
%%%mzn-stat: failures=45965
%%%mzn-stat: propagations=1558138
%%%mzn-stat: nogoods=45965
%%%mzn-stat: numAtomicConstraintsPropagated=0
%%%mzn-stat: circuitNumber1PropagationsTotal=227851
%%%mzn-stat: circuitNumber1CircuitConflicts=19172
%%%mzn-stat: circuitNumber1AlldiffConflicts=4415
%%%mzn-stat: circuitNumber1TotalFixedEdgesAtConflict=3232184
%%%mzn-stat: circuitNumber1NumberOfConflicts=23587
%%%mzn-stat: circuitNumber1GacPrunings=862274
%%%mzn-stat: circuitNumber1PropagationsThatGacPruned=127592
%%%mzn-stat: circuitNumber1TotalPruningHallSetSize=5136447
%%%mzn-stat: circuitNumber1NumberOfPruningExplanations=862274
%%%mzn-stat: circuitNumber1MaxPruningHallSetSize=95
%%%mzn-stat: circuitNumber1TotalSccSizeAtPruning=1391263
%%%mzn-stat: circuitNumber1NumberOfSccPruningCalls=127592
%%%mzn-stat: circuitNumber1TotalVarsInvolvedInPruning=652102
%%%mzn-stat: circuitNumber1MaxValuesPrunedFromSingleVar=19
%%%mzn-stat: circuitNumber1HallCircuitChecks=476650
%%%mzn-stat: circuitNumber1HallCircuitPrunings=2435
%%%mzn-stat: circuitNumber1CircuitPreventPrunings=110311
%%%mzn-stat: AverageConflictSize=43.701968889372345
%%%mzn-stat: NumUnitNogoodsLearned=0
%%%mzn-stat: AverageLearnedNogoodLength=90.58057217448058
%%%mzn-stat: AverageBacktrackAmount=0
%%%mzn-stat: AverageLbd=43.55450886544109
%%%mzn-stat: 2AutonomousSearchNumBackupCalled=22426
%%%mzn-stat: 2AutonomousSearchNumPredicatesRemoved=0
%%%mzn-stat: 2AutonomousSearchNumCalls=24270
%%%mzn-stat: 2AutonomousSearchNumPredicatesAdded=13973
%%%mzn-stat: 2AutonomousSearchAverageSizeOfHeap=261.84590028842194
%%%mzn-stat: 2AutonomousSearchNumAssignedPredicatesEncountered=59405
%%%mzn-stat-end
maxleg = 310;
succ = array1d(1..150,[5, 27, 7, 11, 2, 42, 6, 10, 3, 14, 13, 9, 23, 33, 1, 17, 12, 15, 21, 25, 30, 16, 48, 18, 31, 4, 29, 22, 34, 40, 37, 28, 52, 35, 38, 58, 8, 47, 20, 41, 32, 57, 19, 43, 39, 49, 64, 60, 26, 44, 56, 51, 91, 45, 46, 59, 24, 69, 65, 71, 50, 53, 66, 73, 68, 114, 63, 67, 70, 72, 82, 76, 36, 75, 88, 96, 78, 97, 90, 84, 62, 61, 86, 77, 98, 89, 104, 85, 81, 55, 54, 83, 74, 80, 93, 111, 79, 100, 92, 102, 95, 105, 101, 113, 107, 109, 123, 119, 115, 121, 117, 128, 94, 106, 135, 103, 118, 140, 122, 116, 125, 120, 130, 108, 150, 127, 131, 133, 146, 137, 132, 134, 144, 99, 139, 149, 148, 112, 87, 145, 124, 110, 142, 147, 143, 136, 141, 129, 126, 138]);
% time elapsed: 98.85 s
----------
%%%mzn-stat: initTime=0.062728521
%%%mzn-stat: objective=304
%%%mzn-stat: nodes=86694
%%%mzn-stat: restarts=5
%%%mzn-stat: peakDepth=3651
%%%mzn-stat: solveTime=97.573540884
%%%mzn-stat: variables=4233
%%%mzn-stat: propagators=3753
%%%mzn-stat: failures=45966
%%%mzn-stat: propagations=1564330
%%%mzn-stat: nogoods=45966
%%%mzn-stat: numAtomicConstraintsPropagated=0
%%%mzn-stat: circuitNumber1PropagationsTotal=228122
%%%mzn-stat: circuitNumber1CircuitConflicts=19173
%%%mzn-stat: circuitNumber1AlldiffConflicts=4415
%%%mzn-stat: circuitNumber1TotalFixedEdgesAtConflict=3232329
%%%mzn-stat: circuitNumber1NumberOfConflicts=23588
%%%mzn-stat: circuitNumber1GacPrunings=863907
%%%mzn-stat: circuitNumber1PropagationsThatGacPruned=127728
%%%mzn-stat: circuitNumber1TotalPruningHallSetSize=5138360
%%%mzn-stat: circuitNumber1NumberOfPruningExplanations=863907
%%%mzn-stat: circuitNumber1MaxPruningHallSetSize=95
%%%mzn-stat: circuitNumber1TotalSccSizeAtPruning=1391514
%%%mzn-stat: circuitNumber1NumberOfSccPruningCalls=127728
%%%mzn-stat: circuitNumber1TotalVarsInvolvedInPruning=653720
%%%mzn-stat: circuitNumber1MaxValuesPrunedFromSingleVar=19
%%%mzn-stat: circuitNumber1HallCircuitChecks=476966
%%%mzn-stat: circuitNumber1HallCircuitPrunings=2442
%%%mzn-stat: circuitNumber1CircuitPreventPrunings=110372
%%%mzn-stat: AverageConflictSize=43.70110516468694
%%%mzn-stat: NumUnitNogoodsLearned=0
%%%mzn-stat: AverageLearnedNogoodLength=90.5817560805813
%%%mzn-stat: AverageBacktrackAmount=0
%%%mzn-stat: AverageLbd=43.55630248444503
%%%mzn-stat: 2AutonomousSearchNumBackupCalled=25581
%%%mzn-stat: 2AutonomousSearchNumPredicatesRemoved=0
%%%mzn-stat: 2AutonomousSearchNumCalls=27426
%%%mzn-stat: 2AutonomousSearchNumPredicatesAdded=14380
%%%mzn-stat: 2AutonomousSearchAverageSizeOfHeap=232.03401881426385
%%%mzn-stat: 2AutonomousSearchNumAssignedPredicatesEncountered=68170
%%%mzn-stat-end
maxleg = 304;
succ = array1d(1..150,[5, 27, 7, 11, 2, 42, 6, 10, 3, 14, 13, 9, 23, 33, 1, 17, 12, 15, 21, 25, 30, 16, 48, 18, 31, 4, 29, 22, 34, 40, 37, 28, 52, 35, 38, 58, 8, 47, 20, 41, 32, 57, 19, 43, 39, 49, 64, 60, 26, 44, 56, 51, 54, 45, 46, 59, 24, 69, 65, 71, 50, 53, 66, 73, 68, 55, 63, 67, 70, 72, 82, 76, 36, 75, 88, 96, 78, 79, 90, 84, 62, 61, 86, 77, 98, 89, 104, 85, 81, 97, 92, 83, 74, 80, 93, 111, 99, 100, 114, 102, 95, 105, 101, 113, 107, 109, 123, 119, 115, 121, 117, 91, 94, 106, 147, 103, 118, 140, 122, 116, 108, 120, 130, 141, 138, 127, 131, 112, 146, 137, 132, 134, 128, 135, 139, 149, 148, 150, 87, 145, 144, 125, 142, 133, 143, 136, 124, 129, 126, 110]);
% time elapsed: 98.96 s
----------
%%%mzn-stat: initTime=0.062728521
%%%mzn-stat: objective=299
%%%mzn-stat: nodes=90529
%%%mzn-stat: restarts=6
%%%mzn-stat: peakDepth=3651
%%%mzn-stat: solveTime=98.919104719
%%%mzn-stat: variables=4233
%%%mzn-stat: propagators=3753
%%%mzn-stat: failures=46199
%%%mzn-stat: propagations=1580396
%%%mzn-stat: nogoods=46199
%%%mzn-stat: numAtomicConstraintsPropagated=0
%%%mzn-stat: circuitNumber1PropagationsTotal=230248
%%%mzn-stat: circuitNumber1CircuitConflicts=19338
%%%mzn-stat: circuitNumber1AlldiffConflicts=4417
%%%mzn-stat: circuitNumber1TotalFixedEdgesAtConflict=3256509
%%%mzn-stat: circuitNumber1NumberOfConflicts=23755
%%%mzn-stat: circuitNumber1GacPrunings=869068
%%%mzn-stat: circuitNumber1PropagationsThatGacPruned=128776
%%%mzn-stat: circuitNumber1TotalPruningHallSetSize=5147133
%%%mzn-stat: circuitNumber1NumberOfPruningExplanations=869068
%%%mzn-stat: circuitNumber1MaxPruningHallSetSize=95
%%%mzn-stat: circuitNumber1TotalSccSizeAtPruning=1394570
%%%mzn-stat: circuitNumber1NumberOfSccPruningCalls=128776
%%%mzn-stat: circuitNumber1TotalVarsInvolvedInPruning=658501
%%%mzn-stat: circuitNumber1MaxValuesPrunedFromSingleVar=19
%%%mzn-stat: circuitNumber1HallCircuitChecks=481649
%%%mzn-stat: circuitNumber1HallCircuitPrunings=2476
%%%mzn-stat: circuitNumber1CircuitPreventPrunings=111153
%%%mzn-stat: AverageConflictSize=44.079482239875325
%%%mzn-stat: NumUnitNogoodsLearned=0
%%%mzn-stat: AverageLearnedNogoodLength=90.7404272819758
%%%mzn-stat: AverageBacktrackAmount=0
%%%mzn-stat: AverageLbd=43.86603606138661
%%%mzn-stat: 2AutonomousSearchNumBackupCalled=28710
%%%mzn-stat: 2AutonomousSearchNumPredicatesRemoved=0
%%%mzn-stat: 2AutonomousSearchNumCalls=30848
%%%mzn-stat: 2AutonomousSearchNumPredicatesAdded=16027
%%%mzn-stat: 2AutonomousSearchAverageSizeOfHeap=275.6585516078838
%%%mzn-stat: 2AutonomousSearchNumAssignedPredicatesEncountered=93793
%%%mzn-stat-end
maxleg = 299;
succ = array1d(1..150,[5, 27, 7, 11, 2, 42, 6, 10, 3, 14, 13, 9, 23, 37, 1, 45, 12, 15, 21, 25, 30, 16, 48, 18, 31, 4, 29, 22, 34, 40, 113, 28, 52, 35, 38, 58, 67, 47, 20, 41, 32, 57, 19, 43, 39, 49, 64, 60, 26, 44, 8, 51, 54, 17, 46, 59, 24, 69, 33, 71, 50, 53, 66, 73, 56, 55, 63, 65, 70, 72, 82, 76, 36, 75, 88, 96, 78, 79, 90, 84, 62, 61, 86, 77, 98, 89, 104, 85, 81, 97, 92, 83, 74, 80, 93, 111, 99, 100, 114, 102, 95, 105, 101, 68, 107, 109, 123, 119, 115, 121, 117, 91, 94, 106, 147, 103, 118, 140, 122, 116, 108, 120, 130, 141, 138, 127, 131, 112, 146, 137, 132, 134, 128, 135, 139, 149, 148, 150, 87, 145, 144, 125, 142, 133, 143, 136, 124, 129, 126, 110]);
% time elapsed: 100.32 s
----------
%%%mzn-stat: initTime=0.062728521
%%%mzn-stat: objective=290
%%%mzn-stat: nodes=93773
%%%mzn-stat: restarts=6
%%%mzn-stat: peakDepth=3651
%%%mzn-stat: solveTime=99.013655771
%%%mzn-stat: variables=4233
%%%mzn-stat: propagators=3753
%%%mzn-stat: failures=46201
%%%mzn-stat: propagations=1586648
%%%mzn-stat: nogoods=46201
%%%mzn-stat: numAtomicConstraintsPropagated=0
%%%mzn-stat: circuitNumber1PropagationsTotal=230523
%%%mzn-stat: circuitNumber1CircuitConflicts=19338
%%%mzn-stat: circuitNumber1AlldiffConflicts=4417
%%%mzn-stat: circuitNumber1TotalFixedEdgesAtConflict=3256509
%%%mzn-stat: circuitNumber1NumberOfConflicts=23755
%%%mzn-stat: circuitNumber1GacPrunings=870692
%%%mzn-stat: circuitNumber1PropagationsThatGacPruned=128916
%%%mzn-stat: circuitNumber1TotalPruningHallSetSize=5149239
%%%mzn-stat: circuitNumber1NumberOfPruningExplanations=870692
%%%mzn-stat: circuitNumber1MaxPruningHallSetSize=95
%%%mzn-stat: circuitNumber1TotalSccSizeAtPruning=1394873
%%%mzn-stat: circuitNumber1NumberOfSccPruningCalls=128916
%%%mzn-stat: circuitNumber1TotalVarsInvolvedInPruning=660102
%%%mzn-stat: circuitNumber1MaxValuesPrunedFromSingleVar=19
%%%mzn-stat: circuitNumber1HallCircuitChecks=482010
%%%mzn-stat: circuitNumber1HallCircuitPrunings=2482
%%%mzn-stat: circuitNumber1CircuitPreventPrunings=111228
%%%mzn-stat: AverageConflictSize=44.08393757710872
%%%mzn-stat: NumUnitNogoodsLearned=0
%%%mzn-stat: AverageLearnedNogoodLength=90.74292764225882
%%%mzn-stat: AverageBacktrackAmount=0
%%%mzn-stat: AverageLbd=43.86967814549469
%%%mzn-stat: 2AutonomousSearchNumBackupCalled=31824
%%%mzn-stat: 2AutonomousSearchNumPredicatesRemoved=0
%%%mzn-stat: 2AutonomousSearchNumCalls=33963
%%%mzn-stat: 2AutonomousSearchNumPredicatesAdded=16454
%%%mzn-stat: 2AutonomousSearchAverageSizeOfHeap=250.64169831875864
%%%mzn-stat: 2AutonomousSearchNumAssignedPredicatesEncountered=102822
%%%mzn-stat-end
maxleg = 290;
succ = array1d(1..150,[5, 27, 7, 11, 2, 42, 6, 10, 3, 14, 13, 9, 23, 37, 1, 17, 12, 15, 21, 25, 30, 16, 48, 18, 31, 4, 29, 22, 34, 40, 39, 28, 52, 35, 38, 58, 20, 47, 45, 41, 32, 57, 19, 43, 55, 49, 64, 60, 8, 44, 56, 51, 54, 81, 66, 59, 24, 69, 65, 71, 50, 53, 26, 73, 68, 63, 46, 67, 70, 33, 82, 76, 36, 75, 88, 96, 78, 79, 90, 84, 89, 83, 86, 77, 98, 62, 104, 85, 110, 97, 92, 99, 74, 80, 93, 111, 106, 61, 114, 102, 95, 105, 101, 113, 107, 109, 123, 119, 115, 121, 117, 91, 94, 134, 132, 100, 118, 140, 122, 103, 108, 145, 120, 141, 150, 127, 149, 112, 148, 116, 126, 131, 144, 135, 139, 72, 130, 133, 87, 146, 128, 125, 142, 147, 143, 129, 124, 137, 136, 138]);
% time elapsed: 100.43 s
----------
%%%mzn-stat: initTime=0.062728521
%%%mzn-stat: objective=287
%%%mzn-stat: nodes=97041
%%%mzn-stat: restarts=6
%%%mzn-stat: peakDepth=3651
%%%mzn-stat: solveTime=99.104094425
%%%mzn-stat: variables=4233
%%%mzn-stat: propagators=3753
%%%mzn-stat: failures=46201
%%%mzn-stat: propagations=1592845
%%%mzn-stat: nogoods=46201
%%%mzn-stat: numAtomicConstraintsPropagated=0
%%%mzn-stat: circuitNumber1PropagationsTotal=230787
%%%mzn-stat: circuitNumber1CircuitConflicts=19338
%%%mzn-stat: circuitNumber1AlldiffConflicts=4417
%%%mzn-stat: circuitNumber1TotalFixedEdgesAtConflict=3256509
%%%mzn-stat: circuitNumber1NumberOfConflicts=23755
%%%mzn-stat: circuitNumber1GacPrunings=872296
%%%mzn-stat: circuitNumber1PropagationsThatGacPruned=129047
%%%mzn-stat: circuitNumber1TotalPruningHallSetSize=5151633
%%%mzn-stat: circuitNumber1NumberOfPruningExplanations=872296
%%%mzn-stat: circuitNumber1MaxPruningHallSetSize=95
%%%mzn-stat: circuitNumber1TotalSccSizeAtPruning=1395090
%%%mzn-stat: circuitNumber1NumberOfSccPruningCalls=129047
%%%mzn-stat: circuitNumber1TotalVarsInvolvedInPruning=661675
%%%mzn-stat: circuitNumber1MaxValuesPrunedFromSingleVar=19
%%%mzn-stat: circuitNumber1HallCircuitChecks=482360
%%%mzn-stat: circuitNumber1HallCircuitPrunings=2485
%%%mzn-stat: circuitNumber1CircuitPreventPrunings=111289
%%%mzn-stat: AverageConflictSize=44.08393757710872
%%%mzn-stat: NumUnitNogoodsLearned=0
%%%mzn-stat: AverageLearnedNogoodLength=90.74292764225882
%%%mzn-stat: AverageBacktrackAmount=0
%%%mzn-stat: AverageLbd=43.86967814549469
%%%mzn-stat: 2AutonomousSearchNumBackupCalled=34962
%%%mzn-stat: 2AutonomousSearchNumPredicatesRemoved=0
%%%mzn-stat: 2AutonomousSearchNumCalls=37102
%%%mzn-stat: 2AutonomousSearchNumPredicatesAdded=16454
%%%mzn-stat: 2AutonomousSearchAverageSizeOfHeap=229.67961295887014
%%%mzn-stat: 2AutonomousSearchNumAssignedPredicatesEncountered=111851
%%%mzn-stat-end
maxleg = 287;
succ = array1d(1..150,[5, 27, 7, 11, 2, 42, 6, 10, 3, 14, 13, 9, 23, 37, 1, 17, 12, 15, 21, 25, 30, 16, 48, 18, 31, 4, 29, 22, 34, 40, 39, 28, 52, 35, 38, 58, 20, 47, 45, 41, 44, 57, 19, 50, 32, 49, 64, 60, 8, 61, 56, 51, 54, 81, 46, 59, 24, 69, 65, 71, 82, 53, 26, 73, 68, 55, 63, 67, 70, 33, 43, 76, 36, 75, 88, 96, 78, 66, 77, 84, 89, 83, 86, 92, 98, 62, 104, 85, 110, 79, 112, 91, 74, 80, 93, 111, 90, 100, 97, 102, 95, 105, 101, 113, 107, 109, 123, 119, 114, 121, 117, 128, 94, 134, 106, 103, 118, 140, 122, 116, 108, 120, 130, 99, 150, 72, 126, 133, 146, 137, 87, 131, 144, 135, 139, 149, 148, 141, 132, 145, 147, 125, 142, 124, 143, 136, 115, 129, 127, 138]);
% time elapsed: 100.53 s
----------
%%%mzn-stat: initTime=0.062728521
%%%mzn-stat: objective=277
%%%mzn-stat: nodes=100266
%%%mzn-stat: restarts=6
%%%mzn-stat: peakDepth=3651
%%%mzn-stat: solveTime=99.196966383
%%%mzn-stat: variables=4233
%%%mzn-stat: propagators=3753
%%%mzn-stat: failures=46203
%%%mzn-stat: propagations=1599116
%%%mzn-stat: nogoods=46203
%%%mzn-stat: numAtomicConstraintsPropagated=0
%%%mzn-stat: circuitNumber1PropagationsTotal=231059
%%%mzn-stat: circuitNumber1CircuitConflicts=19338
%%%mzn-stat: circuitNumber1AlldiffConflicts=4417
%%%mzn-stat: circuitNumber1TotalFixedEdgesAtConflict=3256509
%%%mzn-stat: circuitNumber1NumberOfConflicts=23755
%%%mzn-stat: circuitNumber1GacPrunings=873894
%%%mzn-stat: circuitNumber1PropagationsThatGacPruned=129184
%%%mzn-stat: circuitNumber1TotalPruningHallSetSize=5153608
%%%mzn-stat: circuitNumber1NumberOfPruningExplanations=873894
%%%mzn-stat: circuitNumber1MaxPruningHallSetSize=95
%%%mzn-stat: circuitNumber1TotalSccSizeAtPruning=1395327
%%%mzn-stat: circuitNumber1NumberOfSccPruningCalls=129184
%%%mzn-stat: circuitNumber1TotalVarsInvolvedInPruning=663256
%%%mzn-stat: circuitNumber1MaxValuesPrunedFromSingleVar=19
%%%mzn-stat: circuitNumber1HallCircuitChecks=482702
%%%mzn-stat: circuitNumber1HallCircuitPrunings=2489
%%%mzn-stat: circuitNumber1CircuitPreventPrunings=111357
%%%mzn-stat: AverageConflictSize=44.088392528623686
%%%mzn-stat: NumUnitNogoodsLearned=0
%%%mzn-stat: AverageLearnedNogoodLength=90.74560093500422
%%%mzn-stat: AverageBacktrackAmount=0
%%%mzn-stat: AverageLbd=43.87331991429128
%%%mzn-stat: 2AutonomousSearchNumBackupCalled=38057
%%%mzn-stat: 2AutonomousSearchNumPredicatesRemoved=0
%%%mzn-stat: 2AutonomousSearchNumCalls=40198
%%%mzn-stat: 2AutonomousSearchNumPredicatesAdded=16885
%%%mzn-stat: 2AutonomousSearchAverageSizeOfHeap=212.21498582019007
%%%mzn-stat: 2AutonomousSearchNumAssignedPredicatesEncountered=120896
%%%mzn-stat-end
maxleg = 277;
succ = array1d(1..150,[5, 27, 7, 11, 2, 42, 6, 10, 3, 14, 13, 9, 23, 37, 1, 17, 12, 15, 21, 25, 30, 16, 48, 18, 31, 4, 29, 22, 34, 40, 39, 28, 52, 35, 38, 58, 20, 47, 46, 41, 44, 57, 19, 50, 32, 49, 64, 60, 26, 61, 8, 51, 54, 81, 45, 33, 24, 56, 65, 71, 82, 53, 66, 73, 68, 55, 63, 67, 70, 59, 43, 76, 36, 75, 88, 69, 78, 79, 90, 84, 89, 83, 86, 77, 98, 62, 104, 85, 110, 97, 92, 99, 74, 80, 93, 72, 106, 100, 114, 102, 95, 105, 101, 113, 107, 109, 123, 119, 115, 121, 96, 91, 94, 134, 132, 103, 111, 117, 118, 116, 125, 120, 129, 141, 150, 127, 149, 112, 148, 142, 126, 131, 144, 135, 139, 146, 130, 133, 87, 122, 128, 143, 145, 147, 108, 140, 124, 137, 136, 138]);
% time elapsed: 100.63 s
----------
%%%mzn-stat: initTime=0.062728521
%%%mzn-stat: objective=276
%%%mzn-stat: nodes=104978
%%%mzn-stat: restarts=7
%%%mzn-stat: peakDepth=3651
%%%mzn-stat: solveTime=102.430078806
%%%mzn-stat: variables=4233
%%%mzn-stat: propagators=3753
%%%mzn-stat: failures=47192
%%%mzn-stat: propagations=1648374
%%%mzn-stat: nogoods=47192
%%%mzn-stat: numAtomicConstraintsPropagated=0
%%%mzn-stat: circuitNumber1PropagationsTotal=236583
%%%mzn-stat: circuitNumber1CircuitConflicts=19806
%%%mzn-stat: circuitNumber1AlldiffConflicts=4461
%%%mzn-stat: circuitNumber1TotalFixedEdgesAtConflict=3326418
%%%mzn-stat: circuitNumber1NumberOfConflicts=24267
%%%mzn-stat: circuitNumber1GacPrunings=896802
%%%mzn-stat: circuitNumber1PropagationsThatGacPruned=132177
%%%mzn-stat: circuitNumber1TotalPruningHallSetSize=5266335
%%%mzn-stat: circuitNumber1NumberOfPruningExplanations=896802
%%%mzn-stat: circuitNumber1MaxPruningHallSetSize=95
%%%mzn-stat: circuitNumber1TotalSccSizeAtPruning=1435111
%%%mzn-stat: circuitNumber1NumberOfSccPruningCalls=132177
%%%mzn-stat: circuitNumber1TotalVarsInvolvedInPruning=681710
%%%mzn-stat: circuitNumber1MaxValuesPrunedFromSingleVar=19
%%%mzn-stat: circuitNumber1HallCircuitChecks=492761
%%%mzn-stat: circuitNumber1HallCircuitPrunings=2624
%%%mzn-stat: circuitNumber1CircuitPreventPrunings=114277
%%%mzn-stat: AverageConflictSize=43.89466434988981
%%%mzn-stat: NumUnitNogoodsLearned=0
%%%mzn-stat: AverageLearnedNogoodLength=90.81774453297169
%%%mzn-stat: AverageBacktrackAmount=0
%%%mzn-stat: AverageLbd=44.16536701135786
%%%mzn-stat: 2AutonomousSearchNumBackupCalled=41074
%%%mzn-stat: 2AutonomousSearchNumPredicatesRemoved=0
%%%mzn-stat: 2AutonomousSearchNumCalls=43695
%%%mzn-stat: 2AutonomousSearchNumPredicatesAdded=19091
%%%mzn-stat: 2AutonomousSearchAverageSizeOfHeap=268.1755578441469
%%%mzn-stat: 2AutonomousSearchNumAssignedPredicatesEncountered=139216
%%%mzn-stat-end
maxleg = 276;
succ = array1d(1..150,[5, 27, 7, 11, 2, 42, 6, 10, 3, 14, 13, 9, 23, 37, 1, 17, 12, 15, 21, 25, 30, 114, 48, 18, 31, 4, 29, 22, 34, 40, 39, 28, 52, 35, 38, 58, 20, 47, 55, 41, 44, 57, 19, 50, 32, 90, 64, 60, 26, 61, 8, 51, 54, 81, 45, 33, 24, 56, 65, 71, 82, 53, 66, 73, 68, 49, 63, 67, 70, 59, 43, 76, 36, 75, 88, 69, 78, 79, 46, 84, 89, 83, 86, 77, 98, 62, 104, 85, 110, 97, 92, 99, 74, 80, 93, 72, 106, 100, 16, 102, 95, 105, 101, 113, 107, 109, 123, 119, 115, 121, 96, 91, 94, 134, 132, 103, 111, 117, 118, 116, 125, 120, 129, 141, 150, 127, 149, 112, 148, 142, 126, 131, 144, 135, 139, 146, 130, 133, 87, 122, 128, 143, 145, 147, 108, 140, 124, 137, 136, 138]);
% time elapsed: 103.89 s
----------
%%%mzn-stat: initTime=0.062728521
%%%mzn-stat: objective=275
%%%mzn-stat: nodes=108196
%%%mzn-stat: restarts=7
%%%mzn-stat: peakDepth=3651
%%%mzn-stat: solveTime=102.575815328
%%%mzn-stat: variables=4233
%%%mzn-stat: propagators=3753
%%%mzn-stat: failures=47205
%%%mzn-stat: propagations=1654940
%%%mzn-stat: nogoods=47205
%%%mzn-stat: numAtomicConstraintsPropagated=0
%%%mzn-stat: circuitNumber1PropagationsTotal=236905
%%%mzn-stat: circuitNumber1CircuitConflicts=19812
%%%mzn-stat: circuitNumber1AlldiffConflicts=4462
%%%mzn-stat: circuitNumber1TotalFixedEdgesAtConflict=3327397
%%%mzn-stat: circuitNumber1NumberOfConflicts=24274
%%%mzn-stat: circuitNumber1GacPrunings=898449
%%%mzn-stat: circuitNumber1PropagationsThatGacPruned=132341
%%%mzn-stat: circuitNumber1TotalPruningHallSetSize=5268665
%%%mzn-stat: circuitNumber1NumberOfPruningExplanations=898449
%%%mzn-stat: circuitNumber1MaxPruningHallSetSize=95
%%%mzn-stat: circuitNumber1TotalSccSizeAtPruning=1435509
%%%mzn-stat: circuitNumber1NumberOfSccPruningCalls=132341
%%%mzn-stat: circuitNumber1TotalVarsInvolvedInPruning=683324
%%%mzn-stat: circuitNumber1MaxValuesPrunedFromSingleVar=19
%%%mzn-stat: circuitNumber1HallCircuitChecks=493185
%%%mzn-stat: circuitNumber1HallCircuitPrunings=2627
%%%mzn-stat: circuitNumber1CircuitPreventPrunings=114366
%%%mzn-stat: AverageConflictSize=43.9175087384811
%%%mzn-stat: NumUnitNogoodsLearned=0
%%%mzn-stat: AverageLearnedNogoodLength=90.83105603219998
%%%mzn-stat: AverageBacktrackAmount=0
%%%mzn-stat: AverageLbd=44.184027115771634
%%%mzn-stat: 2AutonomousSearchNumBackupCalled=44150
%%%mzn-stat: 2AutonomousSearchNumPredicatesRemoved=0
%%%mzn-stat: 2AutonomousSearchNumCalls=46772
%%%mzn-stat: 2AutonomousSearchNumPredicatesAdded=19921
%%%mzn-stat: 2AutonomousSearchAverageSizeOfHeap=250.7293679979475
%%%mzn-stat: 2AutonomousSearchNumAssignedPredicatesEncountered=148399
%%%mzn-stat-end
maxleg = 275;
succ = array1d(1..150,[5, 27, 7, 11, 2, 42, 6, 10, 3, 14, 13, 9, 23, 37, 1, 17, 12, 15, 21, 25, 30, 16, 48, 18, 31, 4, 29, 22, 34, 40, 39, 28, 52, 35, 38, 58, 20, 47, 46, 41, 44, 73, 19, 50, 32, 49, 57, 60, 26, 61, 8, 51, 54, 81, 45, 33, 43, 56, 65, 71, 82, 53, 66, 24, 68, 67, 78, 70, 63, 69, 83, 59, 36, 64, 74, 72, 79, 77, 90, 84, 89, 86, 92, 95, 88, 62, 104, 75, 110, 55, 112, 91, 101, 80, 93, 76, 99, 85, 114, 98, 103, 100, 116, 113, 102, 97, 105, 119, 106, 121, 96, 128, 94, 115, 132, 120, 118, 140, 122, 123, 125, 129, 107, 108, 150, 111, 126, 133, 148, 142, 127, 134, 144, 135, 139, 149, 130, 141, 87, 146, 124, 143, 145, 147, 117, 136, 109, 137, 131, 138]);
% time elapsed: 104.05 s
----------
%%%mzn-stat: initTime=0.062728521
%%%mzn-stat: objective=274
%%%mzn-stat: nodes=111444
%%%mzn-stat: restarts=7
%%%mzn-stat: peakDepth=3651
%%%mzn-stat: solveTime=102.802093608
%%%mzn-stat: variables=4233
%%%mzn-stat: propagators=3753
%%%mzn-stat: failures=47228
%%%mzn-stat: propagations=1662210
%%%mzn-stat: nogoods=47228
%%%mzn-stat: numAtomicConstraintsPropagated=0
%%%mzn-stat: circuitNumber1PropagationsTotal=237364
%%%mzn-stat: circuitNumber1CircuitConflicts=19831
%%%mzn-stat: circuitNumber1AlldiffConflicts=4462
%%%mzn-stat: circuitNumber1TotalFixedEdgesAtConflict=3330145
%%%mzn-stat: circuitNumber1NumberOfConflicts=24293
%%%mzn-stat: circuitNumber1GacPrunings=900431
%%%mzn-stat: circuitNumber1PropagationsThatGacPruned=132572
%%%mzn-stat: circuitNumber1TotalPruningHallSetSize=5271767
%%%mzn-stat: circuitNumber1NumberOfPruningExplanations=900431
%%%mzn-stat: circuitNumber1MaxPruningHallSetSize=95
%%%mzn-stat: circuitNumber1TotalSccSizeAtPruning=1436468
%%%mzn-stat: circuitNumber1NumberOfSccPruningCalls=132572
%%%mzn-stat: circuitNumber1TotalVarsInvolvedInPruning=685201
%%%mzn-stat: circuitNumber1MaxValuesPrunedFromSingleVar=19
%%%mzn-stat: circuitNumber1HallCircuitChecks=493960
%%%mzn-stat: circuitNumber1HallCircuitPrunings=2634
%%%mzn-stat: circuitNumber1CircuitPreventPrunings=114485
%%%mzn-stat: AverageConflictSize=43.940437875836366
%%%mzn-stat: NumUnitNogoodsLearned=0
%%%mzn-stat: AverageLearnedNogoodLength=90.83977725078343
%%%mzn-stat: AverageBacktrackAmount=0
%%%mzn-stat: AverageLbd=44.2065300245617
%%%mzn-stat: 2AutonomousSearchNumBackupCalled=47210
%%%mzn-stat: 2AutonomousSearchNumPredicatesRemoved=0
%%%mzn-stat: 2AutonomousSearchNumCalls=49833
%%%mzn-stat: 2AutonomousSearchNumPredicatesAdded=20939
%%%mzn-stat: 2AutonomousSearchAverageSizeOfHeap=235.51255192342424
%%%mzn-stat: 2AutonomousSearchNumAssignedPredicatesEncountered=157582
%%%mzn-stat-end
maxleg = 274;
succ = array1d(1..150,[5, 27, 7, 11, 2, 42, 6, 10, 3, 14, 13, 9, 23, 37, 1, 17, 12, 15, 21, 25, 30, 16, 48, 18, 31, 4, 29, 22, 34, 40, 39, 28, 52, 35, 38, 58, 20, 47, 46, 41, 44, 73, 19, 50, 32, 49, 57, 60, 26, 61, 8, 51, 54, 81, 45, 33, 43, 56, 65, 71, 82, 53, 66, 24, 68, 67, 78, 70, 63, 69, 83, 59, 36, 64, 74, 72, 79, 77, 90, 84, 89, 86, 92, 95, 88, 62, 104, 75, 110, 55, 112, 91, 101, 80, 93, 76, 99, 85, 114, 98, 103, 100, 116, 113, 102, 97, 105, 119, 106, 121, 96, 128, 94, 115, 134, 120, 118, 140, 122, 123, 125, 129, 107, 108, 150, 87, 126, 133, 148, 142, 149, 131, 144, 135, 139, 111, 130, 141, 132, 146, 124, 143, 145, 147, 117, 136, 109, 137, 127, 138]);
% time elapsed: 104.30 s
----------
%%%mzn-stat: initTime=0.062728521
%%%mzn-stat: objective=273
%%%mzn-stat: nodes=114998
%%%mzn-stat: restarts=8
%%%mzn-stat: peakDepth=3651
%%%mzn-stat: solveTime=103.083934825
%%%mzn-stat: variables=4233
%%%mzn-stat: propagators=3753
%%%mzn-stat: failures=47242
%%%mzn-stat: propagations=1670656
%%%mzn-stat: nogoods=47242
%%%mzn-stat: numAtomicConstraintsPropagated=0
%%%mzn-stat: circuitNumber1PropagationsTotal=238174
%%%mzn-stat: circuitNumber1CircuitConflicts=19839
%%%mzn-stat: circuitNumber1AlldiffConflicts=4462
%%%mzn-stat: circuitNumber1TotalFixedEdgesAtConflict=3331281
%%%mzn-stat: circuitNumber1NumberOfConflicts=24301
%%%mzn-stat: circuitNumber1GacPrunings=903284
%%%mzn-stat: circuitNumber1PropagationsThatGacPruned=132864
%%%mzn-stat: circuitNumber1TotalPruningHallSetSize=5277765
%%%mzn-stat: circuitNumber1NumberOfPruningExplanations=903284
%%%mzn-stat: circuitNumber1MaxPruningHallSetSize=95
%%%mzn-stat: circuitNumber1TotalSccSizeAtPruning=1437350
%%%mzn-stat: circuitNumber1NumberOfSccPruningCalls=132864
%%%mzn-stat: circuitNumber1TotalVarsInvolvedInPruning=687899
%%%mzn-stat: circuitNumber1MaxValuesPrunedFromSingleVar=19
%%%mzn-stat: circuitNumber1HallCircuitChecks=495303
%%%mzn-stat: circuitNumber1HallCircuitPrunings=2650
%%%mzn-stat: circuitNumber1CircuitPreventPrunings=114635
%%%mzn-stat: AverageConflictSize=43.93539646924347
%%%mzn-stat: NumUnitNogoodsLearned=0
%%%mzn-stat: AverageLearnedNogoodLength=90.84219550400067
%%%mzn-stat: AverageBacktrackAmount=0
%%%mzn-stat: AverageLbd=44.21864019304856
%%%mzn-stat: 2AutonomousSearchNumBackupCalled=50268
%%%mzn-stat: 2AutonomousSearchNumPredicatesRemoved=0
%%%mzn-stat: 2AutonomousSearchNumCalls=53232
%%%mzn-stat: 2AutonomousSearchNumPredicatesAdded=21716
%%%mzn-stat: 2AutonomousSearchAverageSizeOfHeap=267.9500300571085
%%%mzn-stat: 2AutonomousSearchNumAssignedPredicatesEncountered=176298
%%%mzn-stat-end
maxleg = 273;
succ = array1d(1..150,[5, 27, 7, 11, 2, 42, 6, 10, 3, 14, 13, 9, 23, 37, 1, 17, 12, 15, 21, 25, 30, 16, 48, 18, 39, 4, 29, 22, 34, 40, 20, 28, 52, 35, 38, 58, 31, 47, 46, 41, 44, 73, 19, 50, 32, 49, 57, 60, 26, 61, 8, 51, 54, 81, 45, 33, 43, 56, 65, 71, 82, 53, 66, 24, 68, 67, 78, 70, 63, 69, 83, 59, 36, 64, 74, 72, 79, 77, 90, 84, 89, 86, 92, 95, 88, 62, 104, 75, 110, 55, 112, 91, 101, 80, 93, 76, 99, 85, 114, 98, 103, 100, 116, 113, 102, 97, 105, 119, 106, 121, 96, 128, 94, 115, 134, 120, 118, 140, 122, 123, 125, 129, 107, 108, 150, 87, 126, 133, 148, 142, 149, 131, 144, 135, 139, 111, 130, 141, 132, 146, 124, 143, 145, 147, 117, 136, 109, 137, 127, 138]);
% time elapsed: 104.60 s
----------
%%%mzn-stat: initTime=0.062728521
%%%mzn-stat: objective=272
%%%mzn-stat: nodes=118145
%%%mzn-stat: restarts=8
%%%mzn-stat: peakDepth=3651
%%%mzn-stat: solveTime=103.180734588
%%%mzn-stat: variables=4233
%%%mzn-stat: propagators=3753
%%%mzn-stat: failures=47242
%%%mzn-stat: propagations=1676788
%%%mzn-stat: nogoods=47242
%%%mzn-stat: numAtomicConstraintsPropagated=0
%%%mzn-stat: circuitNumber1PropagationsTotal=238439
%%%mzn-stat: circuitNumber1CircuitConflicts=19839
%%%mzn-stat: circuitNumber1AlldiffConflicts=4462
%%%mzn-stat: circuitNumber1TotalFixedEdgesAtConflict=3331281
%%%mzn-stat: circuitNumber1NumberOfConflicts=24301
%%%mzn-stat: circuitNumber1GacPrunings=904844
%%%mzn-stat: circuitNumber1PropagationsThatGacPruned=132996
%%%mzn-stat: circuitNumber1TotalPruningHallSetSize=5280495
%%%mzn-stat: circuitNumber1NumberOfPruningExplanations=904844
%%%mzn-stat: circuitNumber1MaxPruningHallSetSize=95
%%%mzn-stat: circuitNumber1TotalSccSizeAtPruning=1437673
%%%mzn-stat: circuitNumber1NumberOfSccPruningCalls=132996
%%%mzn-stat: circuitNumber1TotalVarsInvolvedInPruning=689424
%%%mzn-stat: circuitNumber1MaxValuesPrunedFromSingleVar=19
%%%mzn-stat: circuitNumber1HallCircuitChecks=495707
%%%mzn-stat: circuitNumber1HallCircuitPrunings=2654
%%%mzn-stat: circuitNumber1CircuitPreventPrunings=114701
%%%mzn-stat: AverageConflictSize=43.93539646924347
%%%mzn-stat: NumUnitNogoodsLearned=0
%%%mzn-stat: AverageLearnedNogoodLength=90.84219550400067
%%%mzn-stat: AverageBacktrackAmount=0
%%%mzn-stat: AverageLbd=44.21864019304856
%%%mzn-stat: 2AutonomousSearchNumBackupCalled=53286
%%%mzn-stat: 2AutonomousSearchNumPredicatesRemoved=0
%%%mzn-stat: 2AutonomousSearchNumCalls=56251
%%%mzn-stat: 2AutonomousSearchNumPredicatesAdded=21716
%%%mzn-stat: 2AutonomousSearchAverageSizeOfHeap=253.73547136939789
%%%mzn-stat: 2AutonomousSearchNumAssignedPredicatesEncountered=185656
%%%mzn-stat-end
maxleg = 272;
succ = array1d(1..150,[5, 27, 7, 11, 2, 42, 6, 10, 3, 14, 13, 9, 23, 37, 1, 17, 12, 15, 21, 25, 30, 16, 48, 18, 31, 4, 29, 22, 34, 40, 46, 28, 52, 35, 38, 58, 20, 47, 55, 41, 44, 73, 19, 50, 32, 39, 57, 60, 8, 61, 56, 51, 54, 81, 45, 59, 43, 69, 65, 71, 82, 53, 26, 24, 68, 49, 63, 67, 70, 33, 83, 76, 36, 64, 74, 96, 78, 66, 77, 84, 89, 86, 92, 95, 88, 62, 104, 75, 110, 79, 112, 91, 101, 80, 93, 111, 90, 85, 97, 98, 103, 100, 116, 113, 102, 109, 105, 119, 114, 121, 136, 128, 126, 134, 106, 120, 94, 117, 118, 122, 108, 123, 140, 99, 150, 127, 131, 133, 148, 107, 149, 87, 144, 135, 139, 146, 130, 141, 132, 145, 124, 125, 142, 147, 143, 129, 115, 137, 72, 138]);
% time elapsed: 104.71 s
----------
%%%mzn-stat: initTime=0.062728521
%%%mzn-stat: objective=271
%%%mzn-stat: nodes=121324
%%%mzn-stat: restarts=8
%%%mzn-stat: peakDepth=3651
%%%mzn-stat: solveTime=103.289917034
%%%mzn-stat: variables=4233
%%%mzn-stat: propagators=3753
%%%mzn-stat: failures=47248
%%%mzn-stat: propagations=1683128
%%%mzn-stat: nogoods=47248
%%%mzn-stat: numAtomicConstraintsPropagated=0
%%%mzn-stat: circuitNumber1PropagationsTotal=238726
%%%mzn-stat: circuitNumber1CircuitConflicts=19843
%%%mzn-stat: circuitNumber1AlldiffConflicts=4462
%%%mzn-stat: circuitNumber1TotalFixedEdgesAtConflict=3331835
%%%mzn-stat: circuitNumber1NumberOfConflicts=24305
%%%mzn-stat: circuitNumber1GacPrunings=906446
%%%mzn-stat: circuitNumber1PropagationsThatGacPruned=133141
%%%mzn-stat: circuitNumber1TotalPruningHallSetSize=5283041
%%%mzn-stat: circuitNumber1NumberOfPruningExplanations=906446
%%%mzn-stat: circuitNumber1MaxPruningHallSetSize=95
%%%mzn-stat: circuitNumber1TotalSccSizeAtPruning=1438044
%%%mzn-stat: circuitNumber1NumberOfSccPruningCalls=133141
%%%mzn-stat: circuitNumber1TotalVarsInvolvedInPruning=690993
%%%mzn-stat: circuitNumber1MaxValuesPrunedFromSingleVar=19
%%%mzn-stat: circuitNumber1HallCircuitChecks=496177
%%%mzn-stat: circuitNumber1HallCircuitPrunings=2662
%%%mzn-stat: circuitNumber1CircuitPreventPrunings=114779
%%%mzn-stat: AverageConflictSize=43.931341009143246
%%%mzn-stat: NumUnitNogoodsLearned=0
%%%mzn-stat: AverageLearnedNogoodLength=90.84420504571622
%%%mzn-stat: AverageBacktrackAmount=0
%%%mzn-stat: AverageLbd=44.22419996613613
%%%mzn-stat: 2AutonomousSearchNumBackupCalled=56331
%%%mzn-stat: 2AutonomousSearchNumPredicatesRemoved=0
%%%mzn-stat: 2AutonomousSearchNumCalls=59297
%%%mzn-stat: 2AutonomousSearchNumPredicatesAdded=22424
%%%mzn-stat: 2AutonomousSearchAverageSizeOfHeap=240.8593014823684
%%%mzn-stat: 2AutonomousSearchNumAssignedPredicatesEncountered=195016
%%%mzn-stat-end
maxleg = 271;
succ = array1d(1..150,[5, 27, 7, 11, 2, 42, 6, 10, 3, 14, 13, 9, 23, 37, 1, 17, 12, 15, 21, 25, 30, 16, 48, 18, 31, 4, 29, 22, 34, 40, 46, 28, 52, 35, 38, 58, 20, 47, 55, 41, 44, 73, 19, 50, 32, 39, 57, 60, 8, 61, 56, 51, 54, 81, 45, 59, 43, 69, 65, 71, 82, 53, 26, 24, 68, 49, 63, 67, 70, 33, 83, 76, 36, 64, 74, 96, 78, 66, 77, 84, 89, 86, 92, 95, 88, 62, 104, 75, 110, 79, 112, 97, 101, 80, 93, 111, 99, 85, 114, 98, 103, 100, 116, 113, 102, 90, 105, 119, 106, 121, 136, 128, 126, 115, 132, 120, 94, 117, 118, 122, 108, 123, 140, 147, 150, 127, 131, 133, 148, 107, 149, 134, 144, 135, 139, 146, 130, 141, 87, 145, 91, 125, 142, 124, 143, 129, 109, 137, 72, 138]);
% time elapsed: 104.84 s
----------
%%%mzn-stat: initTime=0.062728521
%%%mzn-stat: objective=271
%%%mzn-stat: nodes=398282
%%%mzn-stat: restarts=8
%%%mzn-stat: peakDepth=3651
%%%mzn-stat: solveTime=1798.610095607
%%%mzn-stat: variables=4233
%%%mzn-stat: propagators=3753
%%%mzn-stat: failures=323279
%%%mzn-stat: propagations=15395187
%%%mzn-stat: nogoods=323279
%%%mzn-stat: numAtomicConstraintsPropagated=0
%%%mzn-stat: circuitNumber1PropagationsTotal=2008344
%%%mzn-stat: circuitNumber1CircuitConflicts=25172
%%%mzn-stat: circuitNumber1AlldiffConflicts=4670
%%%mzn-stat: circuitNumber1TotalFixedEdgesAtConflict=4077158
%%%mzn-stat: circuitNumber1NumberOfConflicts=29842
%%%mzn-stat: circuitNumber1GacPrunings=3974604
%%%mzn-stat: circuitNumber1PropagationsThatGacPruned=1245935
%%%mzn-stat: circuitNumber1TotalPruningHallSetSize=12739337
%%%mzn-stat: circuitNumber1NumberOfPruningExplanations=3974604
%%%mzn-stat: circuitNumber1MaxPruningHallSetSize=95
%%%mzn-stat: circuitNumber1TotalSccSizeAtPruning=4720170
%%%mzn-stat: circuitNumber1NumberOfSccPruningCalls=1245935
%%%mzn-stat: circuitNumber1TotalVarsInvolvedInPruning=3196350
%%%mzn-stat: circuitNumber1MaxValuesPrunedFromSingleVar=19
%%%mzn-stat: circuitNumber1HallCircuitChecks=6770336
%%%mzn-stat: circuitNumber1HallCircuitPrunings=276544
%%%mzn-stat: circuitNumber1CircuitPreventPrunings=1240101
%%%mzn-stat: AverageConflictSize=33.57589265000201
%%%mzn-stat: NumUnitNogoodsLearned=0
%%%mzn-stat: AverageLearnedNogoodLength=131.26368245385564
%%%mzn-stat: AverageBacktrackAmount=0
%%%mzn-stat: AverageLbd=109.56046943970998
%%%mzn-stat: 2AutonomousSearchNumBackupCalled=56331
%%%mzn-stat: 2AutonomousSearchNumPredicatesRemoved=0
%%%mzn-stat: 2AutonomousSearchNumCalls=59297
%%%mzn-stat: 2AutonomousSearchNumPredicatesAdded=24976
%%%mzn-stat: 2AutonomousSearchAverageSizeOfHeap=240.8593014823684
%%%mzn-stat: 2AutonomousSearchNumAssignedPredicatesEncountered=195016
%%%mzn-stat-end
