% Logging successfully configured
%%%mzn-stat: initTime=0.073570032
%%%mzn-stat: objective=502
%%%mzn-stat: nodes=102211
%%%mzn-stat: restarts=0
%%%mzn-stat: peakDepth=3377
%%%mzn-stat: solveTime=53.848692675
%%%mzn-stat: variables=4319
%%%mzn-stat: propagators=3820
%%%mzn-stat: failures=16031
%%%mzn-stat: propagations=680738
%%%mzn-stat: nogoods=16031
%%%mzn-stat: numAtomicConstraintsPropagated=0
%%%mzn-stat: allDifferentNumber1TotalHallSetSize=2005861
%%%mzn-stat: allDifferentNumber1NumberOfConflicts=16031
%%%mzn-stat: allDifferentNumber1MaxHallSetSize=141
%%%mzn-stat: allDifferentNumber1PropagationsTotal=159734
%%%mzn-stat: allDifferentNumber1PropagationsThatFoundConflict=16031
%%%mzn-stat: circuitNumber2PropagationsThatFoundConflict=0
%%%mzn-stat: circuitNumber2TotalFixedEdgesAtConflict=0
%%%mzn-stat: circuitNumber2NumberOfConflicts=0
%%%mzn-stat: circuitNumber2PropagationsThatPruned=9
%%%mzn-stat: circuitNumber2PropagationsTotal=93815
%%%mzn-stat: AverageConflictSize=108.62946790593226
%%%mzn-stat: NumUnitNogoodsLearned=0
%%%mzn-stat: AverageLearnedNogoodLength=102.92695402657351
%%%mzn-stat: AverageBacktrackAmount=0
%%%mzn-stat: AverageLbd=102.88590855218015
%%%mzn-stat: 2AutonomousSearchNumBackupCalled=3235
%%%mzn-stat: 2AutonomousSearchNumPredicatesRemoved=0
%%%mzn-stat: 2AutonomousSearchNumCalls=3236
%%%mzn-stat: 2AutonomousSearchNumPredicatesAdded=2488
%%%mzn-stat: 2AutonomousSearchAverageSizeOfHeap=0.7688504326328801
%%%mzn-stat: 2AutonomousSearchNumAssignedPredicatesEncountered=2488
%%%mzn-stat-end
maxleg = 502;
succ = array1d(1..150,[4, 5, 8, 10, 1, 9, 2, 15, 18, 21, 3, 14, 20, 7, 16, 19, 27, 32, 28, 11, 41, 12, 22, 23, 38, 34, 29, 52, 36, 6, 33, 17, 42, 35, 30, 51, 13, 37, 31, 24, 25, 55, 26, 39, 40, 53, 44, 54, 47, 58, 46, 61, 59, 63, 72, 70, 43, 65, 71, 57, 49, 76, 45, 69, 67, 73, 91, 48, 81, 60, 74, 64, 80, 77, 68, 50, 79, 75, 84, 78, 89, 97, 56, 82, 66, 62, 98, 83, 95, 93, 101, 88, 96, 92, 90, 103, 87, 105, 104, 86, 108, 94, 99, 118, 106, 114, 121, 128, 112, 116, 100, 117, 123, 109, 126, 129, 120, 132, 102, 148, 140, 130, 139, 110, 119, 122, 124, 131, 138, 150, 134, 145, 111, 137, 141, 142, 143, 85, 127, 125, 144, 107, 115, 147, 149, 113, 136, 133, 135, 146]);
% time elapsed: 56.91 s
----------
%%%mzn-stat: initTime=0.073570032
%%%mzn-stat: objective=349
%%%mzn-stat: nodes=105985
%%%mzn-stat: restarts=0
%%%mzn-stat: peakDepth=3377
%%%mzn-stat: solveTime=53.95161482
%%%mzn-stat: variables=4319
%%%mzn-stat: propagators=3820
%%%mzn-stat: failures=16155
%%%mzn-stat: propagations=690758
%%%mzn-stat: nogoods=16155
%%%mzn-stat: numAtomicConstraintsPropagated=0
%%%mzn-stat: allDifferentNumber1TotalHallSetSize=2006900
%%%mzn-stat: allDifferentNumber1NumberOfConflicts=16152
%%%mzn-stat: allDifferentNumber1MaxHallSetSize=141
%%%mzn-stat: allDifferentNumber1PropagationsTotal=160700
%%%mzn-stat: allDifferentNumber1PropagationsThatFoundConflict=16152
%%%mzn-stat: circuitNumber2PropagationsThatFoundConflict=3
%%%mzn-stat: circuitNumber2TotalFixedEdgesAtConflict=412
%%%mzn-stat: circuitNumber2NumberOfConflicts=3
%%%mzn-stat: circuitNumber2PropagationsThatPruned=21
%%%mzn-stat: circuitNumber2PropagationsTotal=94410
%%%mzn-stat: AverageConflictSize=107.87836583101208
%%%mzn-stat: NumUnitNogoodsLearned=0
%%%mzn-stat: AverageLearnedNogoodLength=102.26939028164655
%%%mzn-stat: AverageBacktrackAmount=0
%%%mzn-stat: AverageLbd=102.19727638502012
%%%mzn-stat: 2AutonomousSearchNumBackupCalled=6392
%%%mzn-stat: 2AutonomousSearchNumPredicatesRemoved=0
%%%mzn-stat: 2AutonomousSearchNumCalls=6394
%%%mzn-stat: 2AutonomousSearchNumPredicatesAdded=3128
%%%mzn-stat: 2AutonomousSearchAverageSizeOfHeap=0.8393806693775414
%%%mzn-stat: 2AutonomousSearchNumAssignedPredicatesEncountered=5367
%%%mzn-stat-end
maxleg = 349;
succ = array1d(1..150,[4, 5, 8, 10, 1, 9, 2, 15, 18, 21, 3, 14, 20, 7, 16, 19, 27, 32, 28, 11, 41, 12, 22, 23, 38, 34, 29, 52, 36, 6, 33, 17, 42, 35, 30, 51, 13, 37, 31, 24, 25, 55, 26, 39, 40, 53, 44, 54, 47, 58, 46, 61, 59, 63, 72, 70, 43, 65, 71, 57, 49, 76, 45, 69, 67, 73, 91, 48, 81, 60, 74, 64, 80, 77, 68, 50, 79, 75, 84, 78, 89, 97, 56, 82, 66, 62, 98, 83, 95, 93, 101, 88, 96, 92, 90, 103, 87, 105, 104, 86, 108, 94, 99, 118, 106, 114, 121, 128, 112, 116, 100, 117, 123, 109, 126, 129, 134, 132, 102, 148, 120, 130, 139, 107, 119, 140, 110, 131, 138, 150, 137, 145, 111, 143, 141, 125, 122, 85, 127, 124, 142, 147, 115, 136, 149, 113, 144, 133, 135, 146]);
% time elapsed: 57.02 s
----------
%%%mzn-stat: initTime=0.073570032
%%%mzn-stat: objective=340
%%%mzn-stat: nodes=110358
%%%mzn-stat: restarts=0
%%%mzn-stat: peakDepth=3377
%%%mzn-stat: solveTime=54.150255871
%%%mzn-stat: variables=4319
%%%mzn-stat: propagators=3820
%%%mzn-stat: failures=16459
%%%mzn-stat: propagations=705202
%%%mzn-stat: nogoods=16459
%%%mzn-stat: numAtomicConstraintsPropagated=0
%%%mzn-stat: allDifferentNumber1TotalHallSetSize=2011619
%%%mzn-stat: allDifferentNumber1NumberOfConflicts=16452
%%%mzn-stat: allDifferentNumber1MaxHallSetSize=141
%%%mzn-stat: allDifferentNumber1PropagationsTotal=162758
%%%mzn-stat: allDifferentNumber1PropagationsThatFoundConflict=16452
%%%mzn-stat: circuitNumber2PropagationsThatFoundConflict=3
%%%mzn-stat: circuitNumber2TotalFixedEdgesAtConflict=412
%%%mzn-stat: circuitNumber2NumberOfConflicts=3
%%%mzn-stat: circuitNumber2PropagationsThatPruned=43
%%%mzn-stat: circuitNumber2PropagationsTotal=95579
%%%mzn-stat: AverageConflictSize=106.39953824655204
%%%mzn-stat: NumUnitNogoodsLearned=0
%%%mzn-stat: AverageLearnedNogoodLength=100.91706665046479
%%%mzn-stat: AverageBacktrackAmount=0
%%%mzn-stat: AverageLbd=100.621605200802
%%%mzn-stat: 2AutonomousSearchNumBackupCalled=9590
%%%mzn-stat: 2AutonomousSearchNumPredicatesRemoved=0
%%%mzn-stat: 2AutonomousSearchNumCalls=9593
%%%mzn-stat: 2AutonomousSearchNumPredicatesAdded=3642
%%%mzn-stat: 2AutonomousSearchAverageSizeOfHeap=0.8776190972584176
%%%mzn-stat: 2AutonomousSearchNumAssignedPredicatesEncountered=8419
%%%mzn-stat-end
maxleg = 340;
succ = array1d(1..150,[4, 5, 8, 10, 1, 9, 2, 15, 18, 21, 3, 14, 20, 7, 16, 19, 27, 32, 28, 11, 41, 12, 22, 23, 38, 34, 29, 52, 36, 6, 33, 17, 42, 35, 30, 51, 13, 37, 31, 24, 25, 55, 26, 39, 40, 53, 44, 54, 47, 58, 46, 61, 59, 63, 72, 70, 43, 65, 71, 57, 49, 76, 45, 69, 67, 73, 91, 48, 81, 60, 74, 64, 80, 77, 68, 50, 79, 75, 84, 78, 89, 97, 56, 82, 66, 62, 98, 83, 95, 93, 109, 88, 96, 92, 90, 103, 87, 105, 104, 86, 100, 94, 99, 118, 106, 114, 121, 101, 112, 116, 133, 117, 123, 120, 146, 129, 122, 132, 102, 148, 126, 130, 140, 107, 119, 115, 110, 108, 138, 150, 134, 145, 131, 143, 141, 125, 128, 85, 127, 124, 142, 147, 137, 136, 149, 139, 144, 111, 135, 113]);
% time elapsed: 57.22 s
----------
%%%mzn-stat: initTime=0.073570032
%%%mzn-stat: objective=336
%%%mzn-stat: nodes=113699
%%%mzn-stat: restarts=0
%%%mzn-stat: peakDepth=3377
%%%mzn-stat: solveTime=54.182548514
%%%mzn-stat: variables=4319
%%%mzn-stat: propagators=3820
%%%mzn-stat: failures=16467
%%%mzn-stat: propagations=711656
%%%mzn-stat: nogoods=16467
%%%mzn-stat: numAtomicConstraintsPropagated=0
%%%mzn-stat: allDifferentNumber1TotalHallSetSize=2011636
%%%mzn-stat: allDifferentNumber1NumberOfConflicts=16459
%%%mzn-stat: allDifferentNumber1MaxHallSetSize=141
%%%mzn-stat: allDifferentNumber1PropagationsTotal=162985
%%%mzn-stat: allDifferentNumber1PropagationsThatFoundConflict=16459
%%%mzn-stat: circuitNumber2PropagationsThatFoundConflict=4
%%%mzn-stat: circuitNumber2TotalFixedEdgesAtConflict=547
%%%mzn-stat: circuitNumber2NumberOfConflicts=4
%%%mzn-stat: circuitNumber2PropagationsThatPruned=50
%%%mzn-stat: circuitNumber2PropagationsTotal=95740
%%%mzn-stat: AverageConflictSize=106.34966903503978
%%%mzn-stat: NumUnitNogoodsLearned=0
%%%mzn-stat: AverageLearnedNogoodLength=100.87071111920811
%%%mzn-stat: AverageBacktrackAmount=0
%%%mzn-stat: AverageLbd=100.57490739053866
%%%mzn-stat: 2AutonomousSearchNumBackupCalled=12774
%%%mzn-stat: 2AutonomousSearchNumPredicatesRemoved=0
%%%mzn-stat: 2AutonomousSearchNumCalls=12778
%%%mzn-stat: 2AutonomousSearchNumPredicatesAdded=3799
%%%mzn-stat: 2AutonomousSearchAverageSizeOfHeap=0.9017060572859602
%%%mzn-stat: 2AutonomousSearchNumAssignedPredicatesEncountered=11522
%%%mzn-stat-end
maxleg = 336;
succ = array1d(1..150,[4, 5, 8, 10, 1, 9, 2, 15, 18, 21, 3, 14, 20, 7, 16, 19, 27, 32, 28, 11, 41, 12, 22, 23, 38, 34, 29, 52, 36, 6, 33, 17, 42, 35, 30, 51, 13, 37, 31, 24, 25, 55, 26, 39, 40, 53, 44, 54, 47, 58, 46, 61, 59, 63, 72, 70, 43, 65, 71, 57, 49, 76, 45, 69, 67, 73, 91, 48, 81, 60, 74, 64, 80, 77, 68, 50, 79, 75, 84, 78, 89, 97, 56, 82, 66, 62, 98, 83, 95, 93, 109, 88, 96, 92, 90, 103, 87, 105, 104, 86, 100, 94, 99, 118, 106, 114, 121, 101, 112, 116, 133, 117, 123, 120, 146, 129, 122, 132, 102, 148, 126, 130, 140, 107, 119, 115, 110, 131, 138, 150, 134, 145, 128, 143, 141, 125, 108, 85, 127, 124, 142, 147, 137, 136, 149, 139, 144, 111, 135, 113]);
% time elapsed: 57.28 s
----------
%%%mzn-stat: initTime=0.073570032
%%%mzn-stat: objective=311
%%%mzn-stat: nodes=117115
%%%mzn-stat: restarts=0
%%%mzn-stat: peakDepth=3377
%%%mzn-stat: solveTime=54.226613047
%%%mzn-stat: variables=4319
%%%mzn-stat: propagators=3820
%%%mzn-stat: failures=16484
%%%mzn-stat: propagations=719051
%%%mzn-stat: nogoods=16484
%%%mzn-stat: numAtomicConstraintsPropagated=0
%%%mzn-stat: allDifferentNumber1TotalHallSetSize=2011747
%%%mzn-stat: allDifferentNumber1NumberOfConflicts=16476
%%%mzn-stat: allDifferentNumber1MaxHallSetSize=141
%%%mzn-stat: allDifferentNumber1PropagationsTotal=163376
%%%mzn-stat: allDifferentNumber1PropagationsThatFoundConflict=16476
%%%mzn-stat: circuitNumber2PropagationsThatFoundConflict=4
%%%mzn-stat: circuitNumber2TotalFixedEdgesAtConflict=547
%%%mzn-stat: circuitNumber2NumberOfConflicts=4
%%%mzn-stat: circuitNumber2PropagationsThatPruned=54
%%%mzn-stat: circuitNumber2PropagationsTotal=96009
%%%mzn-stat: AverageConflictSize=106.25236593059937
%%%mzn-stat: NumUnitNogoodsLearned=0
%%%mzn-stat: AverageLearnedNogoodLength=100.78318369327833
%%%mzn-stat: AverageBacktrackAmount=0
%%%mzn-stat: AverageLbd=100.48046590633341
%%%mzn-stat: 2AutonomousSearchNumBackupCalled=15919
%%%mzn-stat: 2AutonomousSearchNumPredicatesRemoved=0
%%%mzn-stat: 2AutonomousSearchNumCalls=15924
%%%mzn-stat: 2AutonomousSearchNumPredicatesAdded=4087
%%%mzn-stat: 2AutonomousSearchAverageSizeOfHeap=0.9221929163526752
%%%mzn-stat: 2AutonomousSearchNumAssignedPredicatesEncountered=14685
%%%mzn-stat-end
maxleg = 311;
succ = array1d(1..150,[4, 5, 8, 10, 1, 9, 2, 15, 18, 21, 3, 14, 20, 7, 16, 19, 27, 32, 28, 11, 41, 12, 22, 23, 38, 34, 29, 52, 36, 6, 33, 17, 42, 35, 30, 51, 13, 37, 31, 24, 25, 55, 26, 39, 40, 53, 44, 54, 47, 58, 46, 61, 59, 63, 72, 70, 43, 65, 71, 57, 49, 76, 45, 69, 67, 73, 91, 48, 81, 60, 74, 64, 80, 77, 68, 50, 79, 75, 84, 78, 89, 97, 56, 82, 66, 62, 98, 83, 95, 93, 109, 88, 96, 92, 90, 103, 87, 105, 104, 86, 100, 94, 99, 118, 106, 114, 121, 101, 112, 116, 133, 117, 123, 120, 146, 129, 122, 132, 102, 148, 126, 134, 140, 107, 119, 115, 110, 108, 138, 150, 128, 145, 131, 137, 141, 125, 143, 85, 127, 124, 142, 147, 130, 136, 149, 139, 144, 111, 135, 113]);
% time elapsed: 57.33 s
----------
%%%mzn-stat: initTime=0.073570032
%%%mzn-stat: objective=299
%%%mzn-stat: nodes=121470
%%%mzn-stat: restarts=0
%%%mzn-stat: peakDepth=3377
%%%mzn-stat: solveTime=54.409792888
%%%mzn-stat: variables=4319
%%%mzn-stat: propagators=3820
%%%mzn-stat: failures=16664
%%%mzn-stat: propagations=734288
%%%mzn-stat: nogoods=16664
%%%mzn-stat: numAtomicConstraintsPropagated=0
%%%mzn-stat: allDifferentNumber1TotalHallSetSize=2013578
%%%mzn-stat: allDifferentNumber1NumberOfConflicts=16655
%%%mzn-stat: allDifferentNumber1MaxHallSetSize=141
%%%mzn-stat: allDifferentNumber1PropagationsTotal=165368
%%%mzn-stat: allDifferentNumber1PropagationsThatFoundConflict=16655
%%%mzn-stat: circuitNumber2PropagationsThatFoundConflict=4
%%%mzn-stat: circuitNumber2TotalFixedEdgesAtConflict=547
%%%mzn-stat: circuitNumber2NumberOfConflicts=4
%%%mzn-stat: circuitNumber2PropagationsThatPruned=69
%%%mzn-stat: circuitNumber2PropagationsTotal=97261
%%%mzn-stat: AverageConflictSize=105.3132501200192
%%%mzn-stat: NumUnitNogoodsLearned=0
%%%mzn-stat: AverageLearnedNogoodLength=99.93026884301489
%%%mzn-stat: AverageBacktrackAmount=0
%%%mzn-stat: AverageLbd=99.52226356216995
%%%mzn-stat: 2AutonomousSearchNumBackupCalled=19013
%%%mzn-stat: 2AutonomousSearchNumPredicatesRemoved=0
%%%mzn-stat: 2AutonomousSearchNumCalls=19019
%%%mzn-stat: 2AutonomousSearchNumPredicatesAdded=4643
%%%mzn-stat: 2AutonomousSearchAverageSizeOfHeap=0.943162101056838
%%%mzn-stat: 2AutonomousSearchNumAssignedPredicatesEncountered=17938
%%%mzn-stat-end
maxleg = 299;
succ = array1d(1..150,[4, 5, 8, 10, 1, 9, 2, 15, 18, 21, 3, 14, 20, 7, 16, 19, 27, 32, 28, 11, 41, 12, 22, 23, 38, 34, 29, 52, 36, 6, 33, 17, 42, 35, 30, 51, 13, 37, 31, 24, 25, 55, 26, 39, 40, 53, 44, 54, 47, 58, 46, 61, 59, 63, 72, 70, 43, 65, 71, 57, 49, 76, 45, 69, 67, 73, 100, 48, 81, 60, 74, 64, 80, 77, 68, 50, 79, 75, 84, 78, 89, 97, 56, 82, 66, 62, 98, 83, 95, 93, 86, 88, 96, 92, 90, 103, 87, 105, 104, 101, 108, 94, 99, 118, 106, 114, 121, 128, 91, 116, 148, 109, 123, 112, 146, 129, 122, 132, 102, 117, 126, 134, 140, 107, 119, 115, 110, 131, 138, 150, 133, 145, 111, 137, 141, 125, 143, 85, 127, 124, 142, 147, 130, 136, 149, 139, 144, 120, 135, 113]);
% time elapsed: 57.53 s
----------
%%%mzn-stat: initTime=0.073570032
%%%mzn-stat: objective=298
%%%mzn-stat: nodes=224760
%%%mzn-stat: restarts=0
%%%mzn-stat: peakDepth=3377
%%%mzn-stat: solveTime=109.912859519
%%%mzn-stat: variables=4319
%%%mzn-stat: propagators=3820
%%%mzn-stat: failures=64349
%%%mzn-stat: propagations=2050307
%%%mzn-stat: nogoods=64349
%%%mzn-stat: numAtomicConstraintsPropagated=0
%%%mzn-stat: allDifferentNumber1TotalHallSetSize=2691448
%%%mzn-stat: allDifferentNumber1NumberOfConflicts=51694
%%%mzn-stat: allDifferentNumber1MaxHallSetSize=141
%%%mzn-stat: allDifferentNumber1PropagationsTotal=334149
%%%mzn-stat: allDifferentNumber1PropagationsThatFoundConflict=51694
%%%mzn-stat: circuitNumber2PropagationsThatFoundConflict=76
%%%mzn-stat: circuitNumber2TotalFixedEdgesAtConflict=9490
%%%mzn-stat: circuitNumber2NumberOfConflicts=76
%%%mzn-stat: circuitNumber2PropagationsThatPruned=2827
%%%mzn-stat: circuitNumber2PropagationsTotal=192730
%%%mzn-stat: AverageConflictSize=83.44709319492145
%%%mzn-stat: NumUnitNogoodsLearned=0
%%%mzn-stat: AverageLearnedNogoodLength=110.00439789274115
%%%mzn-stat: AverageBacktrackAmount=0
%%%mzn-stat: AverageLbd=61.74238915911669
%%%mzn-stat: 2AutonomousSearchNumBackupCalled=22134
%%%mzn-stat: 2AutonomousSearchNumPredicatesRemoved=0
%%%mzn-stat: 2AutonomousSearchNumCalls=22141
%%%mzn-stat: 2AutonomousSearchNumPredicatesAdded=6401
%%%mzn-stat: 2AutonomousSearchAverageSizeOfHeap=0.9894313716634299
%%%mzn-stat: 2AutonomousSearchNumAssignedPredicatesEncountered=21907
%%%mzn-stat-end
maxleg = 298;
succ = array1d(1..150,[4, 5, 8, 10, 1, 9, 2, 15, 18, 21, 3, 14, 20, 7, 16, 19, 27, 32, 28, 11, 41, 12, 22, 23, 38, 34, 29, 52, 36, 6, 33, 17, 42, 35, 30, 55, 13, 37, 31, 24, 25, 67, 26, 39, 40, 51, 44, 54, 47, 58, 53, 61, 59, 46, 72, 70, 43, 65, 71, 57, 49, 76, 45, 69, 91, 73, 50, 48, 81, 60, 74, 64, 80, 77, 63, 86, 79, 75, 84, 78, 68, 97, 56, 82, 66, 100, 98, 83, 95, 93, 62, 88, 96, 92, 90, 103, 87, 105, 104, 101, 108, 94, 99, 85, 106, 114, 124, 128, 112, 116, 148, 117, 89, 109, 123, 129, 122, 132, 102, 121, 107, 134, 113, 127, 119, 115, 110, 131, 138, 150, 133, 145, 111, 137, 141, 125, 143, 118, 140, 126, 142, 147, 130, 136, 149, 139, 144, 120, 135, 146]);
% time elapsed: 113.06 s
----------
%%%mzn-stat: initTime=0.073570032
%%%mzn-stat: objective=291
%%%mzn-stat: nodes=265997
%%%mzn-stat: restarts=0
%%%mzn-stat: peakDepth=3377
%%%mzn-stat: solveTime=130.304790942
%%%mzn-stat: variables=4319
%%%mzn-stat: propagators=3820
%%%mzn-stat: failures=83740
%%%mzn-stat: propagations=2788550
%%%mzn-stat: nogoods=83740
%%%mzn-stat: numAtomicConstraintsPropagated=0
%%%mzn-stat: allDifferentNumber1TotalHallSetSize=2853433
%%%mzn-stat: allDifferentNumber1NumberOfConflicts=61242
%%%mzn-stat: allDifferentNumber1MaxHallSetSize=141
%%%mzn-stat: allDifferentNumber1PropagationsTotal=397706
%%%mzn-stat: allDifferentNumber1PropagationsThatFoundConflict=61242
%%%mzn-stat: circuitNumber2PropagationsThatFoundConflict=561
%%%mzn-stat: circuitNumber2TotalFixedEdgesAtConflict=70367
%%%mzn-stat: circuitNumber2NumberOfConflicts=561
%%%mzn-stat: circuitNumber2PropagationsThatPruned=6106
%%%mzn-stat: circuitNumber2PropagationsTotal=228769
%%%mzn-stat: AverageConflictSize=74.0206233580129
%%%mzn-stat: NumUnitNogoodsLearned=0
%%%mzn-stat: AverageLearnedNogoodLength=103.01953666109387
%%%mzn-stat: AverageBacktrackAmount=0
%%%mzn-stat: AverageLbd=56.42905421542871
%%%mzn-stat: 2AutonomousSearchNumBackupCalled=25238
%%%mzn-stat: 2AutonomousSearchNumPredicatesRemoved=0
%%%mzn-stat: 2AutonomousSearchNumCalls=25246
%%%mzn-stat: 2AutonomousSearchNumPredicatesAdded=8429
%%%mzn-stat: 2AutonomousSearchAverageSizeOfHeap=1.0432939871662839
%%%mzn-stat: 2AutonomousSearchNumAssignedPredicatesEncountered=26339
%%%mzn-stat-end
maxleg = 291;
succ = array1d(1..150,[4, 5, 8, 10, 1, 9, 2, 15, 18, 21, 3, 14, 20, 7, 16, 19, 27, 32, 28, 11, 41, 12, 22, 23, 38, 34, 29, 52, 36, 6, 33, 17, 42, 35, 30, 55, 13, 37, 31, 24, 25, 74, 26, 39, 40, 51, 44, 54, 47, 58, 53, 61, 59, 46, 72, 70, 43, 65, 71, 57, 49, 76, 45, 69, 67, 73, 100, 48, 81, 60, 77, 64, 80, 87, 63, 50, 79, 75, 84, 78, 68, 97, 56, 82, 66, 62, 98, 83, 95, 93, 86, 88, 96, 92, 90, 103, 105, 106, 104, 101, 108, 94, 99, 85, 112, 114, 124, 128, 91, 116, 148, 109, 89, 117, 123, 129, 122, 132, 102, 121, 107, 134, 113, 140, 119, 115, 110, 131, 138, 150, 133, 145, 111, 137, 141, 125, 143, 118, 127, 126, 142, 147, 130, 136, 149, 139, 144, 120, 135, 146]);
% time elapsed: 133.48 s
----------
%%%mzn-stat: initTime=0.073570032
%%%mzn-stat: objective=289
%%%mzn-stat: nodes=271999
%%%mzn-stat: restarts=0
%%%mzn-stat: peakDepth=3377
%%%mzn-stat: solveTime=130.885697359
%%%mzn-stat: variables=4319
%%%mzn-stat: propagators=3820
%%%mzn-stat: failures=83948
%%%mzn-stat: propagations=2819730
%%%mzn-stat: nogoods=83948
%%%mzn-stat: numAtomicConstraintsPropagated=0
%%%mzn-stat: allDifferentNumber1TotalHallSetSize=2854469
%%%mzn-stat: allDifferentNumber1NumberOfConflicts=61425
%%%mzn-stat: allDifferentNumber1MaxHallSetSize=141
%%%mzn-stat: allDifferentNumber1PropagationsTotal=401630
%%%mzn-stat: allDifferentNumber1PropagationsThatFoundConflict=61425
%%%mzn-stat: circuitNumber2PropagationsThatFoundConflict=567
%%%mzn-stat: circuitNumber2TotalFixedEdgesAtConflict=71183
%%%mzn-stat: circuitNumber2NumberOfConflicts=567
%%%mzn-stat: circuitNumber2PropagationsThatPruned=6165
%%%mzn-stat: circuitNumber2PropagationsTotal=231614
%%%mzn-stat: AverageConflictSize=73.87205174631914
%%%mzn-stat: NumUnitNogoodsLearned=0
%%%mzn-stat: AverageLearnedNogoodLength=102.83551722494877
%%%mzn-stat: AverageBacktrackAmount=0
%%%mzn-stat: AverageLbd=56.335219421546675
%%%mzn-stat: 2AutonomousSearchNumBackupCalled=28355
%%%mzn-stat: 2AutonomousSearchNumPredicatesRemoved=0
%%%mzn-stat: 2AutonomousSearchNumCalls=28364
%%%mzn-stat: 2AutonomousSearchNumPredicatesAdded=9491
%%%mzn-stat: 2AutonomousSearchAverageSizeOfHeap=1.087857847976308
%%%mzn-stat: 2AutonomousSearchNumAssignedPredicatesEncountered=30856
%%%mzn-stat-end
maxleg = 289;
succ = array1d(1..150,[4, 5, 8, 10, 1, 9, 2, 15, 18, 21, 3, 14, 20, 7, 16, 19, 27, 32, 28, 11, 41, 12, 22, 23, 38, 34, 29, 52, 36, 6, 33, 17, 42, 35, 30, 55, 13, 37, 31, 24, 25, 74, 26, 39, 40, 51, 44, 54, 47, 58, 53, 61, 59, 46, 72, 70, 43, 65, 71, 57, 49, 76, 48, 69, 67, 45, 100, 63, 81, 60, 77, 64, 66, 87, 68, 50, 79, 75, 84, 73, 89, 97, 56, 82, 78, 62, 98, 83, 95, 93, 86, 88, 80, 92, 90, 103, 105, 106, 104, 101, 108, 94, 99, 85, 112, 114, 96, 128, 91, 116, 148, 109, 123, 120, 126, 129, 122, 132, 102, 121, 107, 134, 115, 110, 119, 140, 113, 131, 138, 150, 133, 145, 111, 137, 141, 125, 143, 118, 127, 124, 142, 147, 130, 136, 149, 139, 144, 117, 135, 146]);
% time elapsed: 134.08 s
----------
%%%mzn-stat: initTime=0.073570032
%%%mzn-stat: objective=272
%%%mzn-stat: nodes=277863
%%%mzn-stat: restarts=0
%%%mzn-stat: peakDepth=3377
%%%mzn-stat: solveTime=131.489010108
%%%mzn-stat: variables=4319
%%%mzn-stat: propagators=3820
%%%mzn-stat: failures=84104
%%%mzn-stat: propagations=2848071
%%%mzn-stat: nogoods=84104
%%%mzn-stat: numAtomicConstraintsPropagated=0
%%%mzn-stat: allDifferentNumber1TotalHallSetSize=2855429
%%%mzn-stat: allDifferentNumber1NumberOfConflicts=61570
%%%mzn-stat: allDifferentNumber1MaxHallSetSize=141
%%%mzn-stat: allDifferentNumber1PropagationsTotal=405514
%%%mzn-stat: allDifferentNumber1PropagationsThatFoundConflict=61570
%%%mzn-stat: circuitNumber2PropagationsThatFoundConflict=568
%%%mzn-stat: circuitNumber2TotalFixedEdgesAtConflict=71304
%%%mzn-stat: circuitNumber2NumberOfConflicts=568
%%%mzn-stat: circuitNumber2PropagationsThatPruned=6185
%%%mzn-stat: circuitNumber2PropagationsTotal=234456
%%%mzn-stat: AverageConflictSize=73.78515885094644
%%%mzn-stat: NumUnitNogoodsLearned=0
%%%mzn-stat: AverageLearnedNogoodLength=102.7246385427566
%%%mzn-stat: AverageBacktrackAmount=0
%%%mzn-stat: AverageLbd=56.279618091886235
%%%mzn-stat: 2AutonomousSearchNumBackupCalled=31341
%%%mzn-stat: 2AutonomousSearchNumPredicatesRemoved=0
%%%mzn-stat: 2AutonomousSearchNumCalls=31351
%%%mzn-stat: 2AutonomousSearchNumPredicatesAdded=10554
%%%mzn-stat: 2AutonomousSearchAverageSizeOfHeap=1.1315109565883066
%%%mzn-stat: 2AutonomousSearchNumAssignedPredicatesEncountered=35474
%%%mzn-stat-end
maxleg = 272;
succ = array1d(1..150,[4, 5, 8, 10, 1, 9, 2, 15, 18, 21, 3, 14, 20, 7, 16, 19, 27, 32, 28, 11, 41, 12, 22, 23, 38, 34, 29, 52, 36, 6, 33, 42, 50, 35, 30, 55, 13, 37, 31, 24, 25, 17, 26, 39, 40, 51, 44, 54, 47, 58, 53, 61, 59, 46, 72, 70, 43, 65, 71, 57, 49, 76, 48, 69, 67, 45, 100, 63, 81, 60, 74, 64, 66, 77, 68, 86, 79, 75, 84, 73, 89, 97, 56, 82, 78, 91, 98, 83, 95, 93, 109, 88, 80, 92, 90, 103, 87, 105, 104, 101, 108, 94, 99, 85, 106, 114, 96, 128, 112, 116, 62, 117, 123, 120, 146, 129, 122, 132, 102, 148, 107, 130, 139, 110, 119, 140, 124, 131, 138, 150, 137, 145, 111, 143, 141, 125, 134, 118, 127, 121, 142, 147, 126, 136, 149, 113, 144, 133, 135, 115]);
% time elapsed: 134.70 s
----------
%%%mzn-stat: initTime=0.073570032
%%%mzn-stat: objective=269
%%%mzn-stat: nodes=284786
%%%mzn-stat: restarts=0
%%%mzn-stat: peakDepth=3377
%%%mzn-stat: solveTime=132.256281941
%%%mzn-stat: variables=4319
%%%mzn-stat: propagators=3820
%%%mzn-stat: failures=84222
%%%mzn-stat: propagations=2886693
%%%mzn-stat: nogoods=84222
%%%mzn-stat: numAtomicConstraintsPropagated=0
%%%mzn-stat: allDifferentNumber1TotalHallSetSize=2856081
%%%mzn-stat: allDifferentNumber1NumberOfConflicts=61685
%%%mzn-stat: allDifferentNumber1MaxHallSetSize=141
%%%mzn-stat: allDifferentNumber1PropagationsTotal=410646
%%%mzn-stat: allDifferentNumber1PropagationsThatFoundConflict=61685
%%%mzn-stat: circuitNumber2PropagationsThatFoundConflict=568
%%%mzn-stat: circuitNumber2TotalFixedEdgesAtConflict=71304
%%%mzn-stat: circuitNumber2NumberOfConflicts=568
%%%mzn-stat: circuitNumber2PropagationsThatPruned=6199
%%%mzn-stat: circuitNumber2PropagationsTotal=238310
%%%mzn-stat: AverageConflictSize=73.70583695471493
%%%mzn-stat: NumUnitNogoodsLearned=0
%%%mzn-stat: AverageLearnedNogoodLength=102.61626415900834
%%%mzn-stat: AverageBacktrackAmount=0
%%%mzn-stat: AverageLbd=56.22188976751917
%%%mzn-stat: 2AutonomousSearchNumBackupCalled=34345
%%%mzn-stat: 2AutonomousSearchNumPredicatesRemoved=0
%%%mzn-stat: 2AutonomousSearchNumCalls=34356
%%%mzn-stat: 2AutonomousSearchNumPredicatesAdded=11359
%%%mzn-stat: 2AutonomousSearchAverageSizeOfHeap=1.1680929095354524
%%%mzn-stat: 2AutonomousSearchNumAssignedPredicatesEncountered=40131
%%%mzn-stat-end
maxleg = 269;
succ = array1d(1..150,[4, 5, 8, 10, 1, 9, 2, 15, 18, 21, 3, 14, 20, 7, 16, 19, 42, 32, 28, 11, 41, 12, 22, 23, 38, 34, 29, 52, 36, 6, 33, 71, 50, 35, 30, 55, 13, 37, 31, 24, 25, 74, 26, 39, 40, 51, 44, 54, 47, 58, 53, 61, 59, 46, 17, 70, 43, 65, 72, 57, 49, 76, 48, 27, 67, 45, 100, 63, 64, 60, 77, 69, 66, 87, 68, 86, 79, 75, 84, 73, 89, 97, 56, 81, 78, 91, 98, 83, 95, 93, 109, 88, 80, 92, 90, 103, 105, 82, 104, 101, 108, 94, 99, 85, 106, 114, 96, 128, 112, 116, 62, 117, 123, 120, 146, 129, 122, 132, 102, 148, 107, 130, 139, 110, 119, 140, 124, 131, 138, 150, 137, 145, 111, 143, 141, 125, 134, 118, 127, 121, 142, 147, 126, 136, 149, 113, 144, 133, 135, 115]);
% time elapsed: 135.49 s
----------
%%%mzn-stat: initTime=0.073570032
%%%mzn-stat: objective=268
%%%mzn-stat: nodes=287964
%%%mzn-stat: restarts=0
%%%mzn-stat: peakDepth=3377
%%%mzn-stat: solveTime=132.322219506
%%%mzn-stat: variables=4319
%%%mzn-stat: propagators=3820
%%%mzn-stat: failures=84241
%%%mzn-stat: propagations=2894169
%%%mzn-stat: nogoods=84241
%%%mzn-stat: numAtomicConstraintsPropagated=0
%%%mzn-stat: allDifferentNumber1TotalHallSetSize=2856180
%%%mzn-stat: allDifferentNumber1NumberOfConflicts=61701
%%%mzn-stat: allDifferentNumber1MaxHallSetSize=141
%%%mzn-stat: allDifferentNumber1PropagationsTotal=410947
%%%mzn-stat: allDifferentNumber1PropagationsThatFoundConflict=61701
%%%mzn-stat: circuitNumber2PropagationsThatFoundConflict=568
%%%mzn-stat: circuitNumber2TotalFixedEdgesAtConflict=71304
%%%mzn-stat: circuitNumber2NumberOfConflicts=568
%%%mzn-stat: circuitNumber2PropagationsThatPruned=6202
%%%mzn-stat: circuitNumber2PropagationsTotal=238521
%%%mzn-stat: AverageConflictSize=73.69260811243932
%%%mzn-stat: NumUnitNogoodsLearned=0
%%%mzn-stat: AverageLearnedNogoodLength=102.60224831139232
%%%mzn-stat: AverageBacktrackAmount=0
%%%mzn-stat: AverageLbd=56.21522773946178
%%%mzn-stat: 2AutonomousSearchNumBackupCalled=37314
%%%mzn-stat: 2AutonomousSearchNumPredicatesRemoved=0
%%%mzn-stat: 2AutonomousSearchNumCalls=37326
%%%mzn-stat: 2AutonomousSearchNumPredicatesAdded=12135
%%%mzn-stat: 2AutonomousSearchAverageSizeOfHeap=1.201387772598189
%%%mzn-stat: 2AutonomousSearchNumAssignedPredicatesEncountered=44843
%%%mzn-stat-end
maxleg = 268;
succ = array1d(1..150,[4, 5, 8, 10, 1, 9, 2, 15, 18, 21, 3, 14, 20, 7, 16, 19, 42, 32, 28, 11, 41, 12, 22, 23, 38, 34, 29, 52, 36, 6, 33, 71, 50, 35, 30, 55, 13, 37, 31, 24, 25, 74, 26, 39, 40, 51, 44, 54, 47, 58, 53, 61, 59, 46, 17, 70, 43, 65, 72, 57, 49, 76, 48, 27, 67, 45, 100, 63, 64, 60, 77, 69, 66, 87, 68, 86, 79, 75, 84, 73, 89, 97, 56, 81, 78, 91, 98, 83, 95, 93, 109, 88, 80, 92, 90, 103, 105, 82, 104, 101, 108, 94, 99, 85, 106, 114, 96, 128, 112, 116, 62, 117, 123, 122, 126, 129, 120, 132, 102, 121, 107, 134, 115, 110, 119, 140, 113, 131, 138, 150, 133, 145, 148, 137, 141, 142, 143, 118, 127, 124, 144, 147, 130, 136, 149, 139, 125, 111, 135, 146]);
% time elapsed: 135.58 s
----------
%%%mzn-stat: initTime=0.073570032
%%%mzn-stat: objective=265
%%%mzn-stat: nodes=320188
%%%mzn-stat: restarts=0
%%%mzn-stat: peakDepth=3377
%%%mzn-stat: solveTime=158.921633058
%%%mzn-stat: variables=4319
%%%mzn-stat: propagators=3820
%%%mzn-stat: failures=105614
%%%mzn-stat: propagations=3543455
%%%mzn-stat: nogoods=105614
%%%mzn-stat: numAtomicConstraintsPropagated=0
%%%mzn-stat: allDifferentNumber1TotalHallSetSize=3305343
%%%mzn-stat: allDifferentNumber1NumberOfConflicts=76600
%%%mzn-stat: allDifferentNumber1MaxHallSetSize=141
%%%mzn-stat: allDifferentNumber1PropagationsTotal=469271
%%%mzn-stat: allDifferentNumber1PropagationsThatFoundConflict=76600
%%%mzn-stat: circuitNumber2PropagationsThatFoundConflict=959
%%%mzn-stat: circuitNumber2TotalFixedEdgesAtConflict=120768
%%%mzn-stat: circuitNumber2NumberOfConflicts=959
%%%mzn-stat: circuitNumber2PropagationsThatPruned=8029
%%%mzn-stat: circuitNumber2PropagationsTotal=262648
%%%mzn-stat: AverageConflictSize=72.29898498305148
%%%mzn-stat: NumUnitNogoodsLearned=0
%%%mzn-stat: AverageLearnedNogoodLength=102.64780237468517
%%%mzn-stat: AverageBacktrackAmount=0
%%%mzn-stat: AverageLbd=55.1937432537353
%%%mzn-stat: 2AutonomousSearchNumBackupCalled=40274
%%%mzn-stat: 2AutonomousSearchNumPredicatesRemoved=0
%%%mzn-stat: 2AutonomousSearchNumCalls=40287
%%%mzn-stat: 2AutonomousSearchNumPredicatesAdded=14912
%%%mzn-stat: 2AutonomousSearchAverageSizeOfHeap=1.2508501501725122
%%%mzn-stat: 2AutonomousSearchNumAssignedPredicatesEncountered=50393
%%%mzn-stat-end
maxleg = 265;
succ = array1d(1..150,[4, 5, 8, 10, 1, 9, 2, 15, 18, 21, 3, 14, 20, 7, 16, 19, 42, 32, 28, 11, 41, 12, 22, 23, 38, 34, 29, 52, 36, 6, 33, 71, 50, 35, 30, 55, 13, 37, 31, 24, 25, 74, 26, 39, 40, 51, 44, 54, 47, 58, 64, 61, 46, 63, 17, 70, 43, 65, 53, 57, 49, 76, 68, 27, 67, 45, 100, 75, 72, 60, 59, 82, 66, 77, 78, 86, 79, 80, 84, 73, 69, 97, 56, 81, 104, 91, 98, 83, 48, 93, 109, 88, 96, 92, 89, 103, 87, 105, 132, 101, 108, 94, 99, 118, 106, 114, 90, 128, 112, 116, 62, 117, 95, 120, 123, 129, 121, 149, 102, 148, 126, 130, 113, 127, 119, 115, 110, 131, 138, 150, 137, 145, 111, 122, 141, 142, 143, 85, 140, 124, 144, 107, 134, 136, 147, 139, 125, 133, 135, 146]);
% time elapsed: 162.20 s
----------
%%%mzn-stat: initTime=0.073570032
%%%mzn-stat: objective=262
%%%mzn-stat: nodes=326766
%%%mzn-stat: restarts=0
%%%mzn-stat: peakDepth=3377
%%%mzn-stat: solveTime=160.030985891
%%%mzn-stat: variables=4319
%%%mzn-stat: propagators=3820
%%%mzn-stat: failures=106384
%%%mzn-stat: propagations=3593946
%%%mzn-stat: nogoods=106384
%%%mzn-stat: numAtomicConstraintsPropagated=0
%%%mzn-stat: allDifferentNumber1TotalHallSetSize=3319570
%%%mzn-stat: allDifferentNumber1NumberOfConflicts=77288
%%%mzn-stat: allDifferentNumber1MaxHallSetSize=141
%%%mzn-stat: allDifferentNumber1PropagationsTotal=475077
%%%mzn-stat: allDifferentNumber1PropagationsThatFoundConflict=77288
%%%mzn-stat: circuitNumber2PropagationsThatFoundConflict=960
%%%mzn-stat: circuitNumber2TotalFixedEdgesAtConflict=120890
%%%mzn-stat: circuitNumber2NumberOfConflicts=960
%%%mzn-stat: circuitNumber2PropagationsThatPruned=8124
%%%mzn-stat: circuitNumber2PropagationsTotal=266210
%%%mzn-stat: AverageConflictSize=72.08912054444278
%%%mzn-stat: NumUnitNogoodsLearned=0
%%%mzn-stat: AverageLearnedNogoodLength=102.25642013836668
%%%mzn-stat: AverageBacktrackAmount=0
%%%mzn-stat: AverageLbd=54.9937302601895
%%%mzn-stat: 2AutonomousSearchNumBackupCalled=43200
%%%mzn-stat: 2AutonomousSearchNumPredicatesRemoved=0
%%%mzn-stat: 2AutonomousSearchNumCalls=43214
%%%mzn-stat: 2AutonomousSearchNumPredicatesAdded=16404
%%%mzn-stat: 2AutonomousSearchAverageSizeOfHeap=1.2965936964872495
%%%mzn-stat: 2AutonomousSearchNumAssignedPredicatesEncountered=56031
%%%mzn-stat-end
maxleg = 262;
succ = array1d(1..150,[4, 5, 8, 10, 1, 9, 2, 15, 18, 21, 3, 14, 20, 7, 16, 19, 42, 32, 28, 11, 41, 12, 22, 23, 38, 34, 29, 52, 36, 6, 33, 71, 50, 35, 30, 55, 13, 37, 31, 24, 25, 74, 26, 39, 66, 51, 44, 54, 47, 58, 64, 61, 46, 63, 17, 70, 43, 65, 53, 57, 49, 76, 68, 27, 67, 40, 100, 75, 72, 60, 59, 82, 80, 77, 78, 86, 79, 45, 84, 85, 69, 97, 56, 81, 104, 91, 98, 83, 48, 93, 109, 88, 73, 92, 89, 90, 87, 105, 103, 101, 108, 94, 96, 132, 106, 114, 121, 128, 112, 116, 62, 122, 127, 117, 123, 129, 120, 149, 102, 148, 140, 130, 113, 107, 119, 115, 110, 131, 138, 150, 137, 145, 111, 143, 99, 125, 134, 118, 124, 95, 144, 141, 126, 136, 147, 139, 142, 133, 135, 146]);
% time elapsed: 163.33 s
----------
%%%mzn-stat: initTime=0.073570032
%%%mzn-stat: objective=260
%%%mzn-stat: nodes=330007
%%%mzn-stat: restarts=0
%%%mzn-stat: peakDepth=3377
%%%mzn-stat: solveTime=160.10905898
%%%mzn-stat: variables=4319
%%%mzn-stat: propagators=3820
%%%mzn-stat: failures=106421
%%%mzn-stat: propagations=3603099
%%%mzn-stat: nogoods=106421
%%%mzn-stat: numAtomicConstraintsPropagated=0
%%%mzn-stat: allDifferentNumber1TotalHallSetSize=3319864
%%%mzn-stat: allDifferentNumber1NumberOfConflicts=77323
%%%mzn-stat: allDifferentNumber1MaxHallSetSize=141
%%%mzn-stat: allDifferentNumber1PropagationsTotal=475537
%%%mzn-stat: allDifferentNumber1PropagationsThatFoundConflict=77323
%%%mzn-stat: circuitNumber2PropagationsThatFoundConflict=960
%%%mzn-stat: circuitNumber2TotalFixedEdgesAtConflict=120890
%%%mzn-stat: circuitNumber2NumberOfConflicts=960
%%%mzn-stat: circuitNumber2PropagationsThatPruned=8130
%%%mzn-stat: circuitNumber2PropagationsTotal=266513
%%%mzn-stat: AverageConflictSize=72.07399855291719
%%%mzn-stat: NumUnitNogoodsLearned=0
%%%mzn-stat: AverageLearnedNogoodLength=102.23279239999624
%%%mzn-stat: AverageBacktrackAmount=0
%%%mzn-stat: AverageLbd=54.979787823831764
%%%mzn-stat: 2AutonomousSearchNumBackupCalled=46131
%%%mzn-stat: 2AutonomousSearchNumPredicatesRemoved=0
%%%mzn-stat: 2AutonomousSearchNumCalls=46146
%%%mzn-stat: 2AutonomousSearchNumPredicatesAdded=17126
%%%mzn-stat: 2AutonomousSearchAverageSizeOfHeap=1.336713908031032
%%%mzn-stat: 2AutonomousSearchNumAssignedPredicatesEncountered=61684
%%%mzn-stat-end
maxleg = 260;
succ = array1d(1..150,[4, 5, 8, 10, 1, 9, 2, 15, 18, 21, 3, 14, 20, 7, 16, 19, 42, 32, 28, 11, 41, 12, 22, 23, 38, 34, 29, 52, 36, 6, 33, 71, 50, 35, 30, 55, 13, 37, 31, 24, 25, 74, 26, 39, 66, 51, 44, 54, 47, 58, 64, 61, 46, 63, 17, 70, 43, 65, 53, 57, 49, 76, 68, 27, 67, 40, 100, 75, 72, 60, 59, 82, 80, 77, 78, 86, 79, 45, 84, 85, 69, 97, 56, 81, 104, 91, 98, 83, 48, 93, 109, 88, 73, 92, 89, 90, 105, 106, 103, 101, 108, 94, 96, 132, 87, 114, 121, 128, 112, 116, 62, 122, 127, 117, 146, 129, 120, 149, 102, 148, 140, 130, 113, 107, 119, 123, 110, 131, 138, 150, 137, 145, 111, 143, 99, 125, 134, 118, 124, 95, 144, 141, 126, 136, 147, 139, 142, 133, 135, 115]);
% time elapsed: 163.43 s
----------
%%%mzn-stat: initTime=0.073570032
%%%mzn-stat: objective=259
%%%mzn-stat: nodes=365990
%%%mzn-stat: restarts=0
%%%mzn-stat: peakDepth=3377
%%%mzn-stat: solveTime=185.731902396
%%%mzn-stat: variables=4319
%%%mzn-stat: propagators=3820
%%%mzn-stat: failures=114956
%%%mzn-stat: propagations=3977430
%%%mzn-stat: nogoods=114956
%%%mzn-stat: numAtomicConstraintsPropagated=0
%%%mzn-stat: allDifferentNumber1TotalHallSetSize=3779531
%%%mzn-stat: allDifferentNumber1NumberOfConflicts=85755
%%%mzn-stat: allDifferentNumber1MaxHallSetSize=141
%%%mzn-stat: allDifferentNumber1PropagationsTotal=534244
%%%mzn-stat: allDifferentNumber1PropagationsThatFoundConflict=85755
%%%mzn-stat: circuitNumber2PropagationsThatFoundConflict=996
%%%mzn-stat: circuitNumber2TotalFixedEdgesAtConflict=125913
%%%mzn-stat: circuitNumber2NumberOfConflicts=996
%%%mzn-stat: circuitNumber2PropagationsThatPruned=10910
%%%mzn-stat: circuitNumber2PropagationsTotal=297626
%%%mzn-stat: AverageConflictSize=83.04819235185636
%%%mzn-stat: NumUnitNogoodsLearned=0
%%%mzn-stat: AverageLearnedNogoodLength=111.04159852465291
%%%mzn-stat: AverageBacktrackAmount=0
%%%mzn-stat: AverageLbd=57.85851978148161
%%%mzn-stat: 2AutonomousSearchNumBackupCalled=49024
%%%mzn-stat: 2AutonomousSearchNumPredicatesRemoved=0
%%%mzn-stat: 2AutonomousSearchNumCalls=49040
%%%mzn-stat: 2AutonomousSearchNumPredicatesAdded=19799
%%%mzn-stat: 2AutonomousSearchAverageSizeOfHeap=1.3781810766721043
%%%mzn-stat: 2AutonomousSearchNumAssignedPredicatesEncountered=67586
%%%mzn-stat-end
maxleg = 259;
succ = array1d(1..150,[5, 7, 8, 10, 2, 9, 14, 15, 18, 1, 3, 22, 4, 12, 16, 19, 42, 32, 20, 13, 57, 23, 24, 30, 38, 34, 29, 11, 36, 6, 33, 52, 50, 35, 40, 55, 39, 28, 31, 43, 25, 74, 41, 37, 66, 51, 44, 54, 47, 58, 64, 61, 46, 63, 17, 70, 26, 65, 53, 21, 49, 76, 68, 27, 67, 73, 100, 75, 72, 60, 59, 82, 80, 77, 78, 86, 79, 45, 84, 85, 69, 97, 56, 81, 104, 91, 71, 83, 48, 93, 109, 88, 96, 92, 89, 103, 98, 105, 132, 101, 108, 94, 99, 118, 106, 114, 90, 128, 87, 124, 62, 117, 95, 112, 123, 110, 120, 129, 102, 121, 126, 130, 140, 107, 119, 143, 113, 131, 138, 150, 133, 149, 148, 122, 141, 142, 134, 116, 127, 139, 144, 145, 137, 136, 147, 115, 125, 111, 135, 146]);
% time elapsed: 189.07 s
----------
%%%mzn-stat: initTime=0.073570032
%%%mzn-stat: objective=258
%%%mzn-stat: nodes=373818
%%%mzn-stat: restarts=0
%%%mzn-stat: peakDepth=3377
%%%mzn-stat: solveTime=186.804776909
%%%mzn-stat: variables=4319
%%%mzn-stat: propagators=3820
%%%mzn-stat: failures=115183
%%%mzn-stat: propagations=4033580
%%%mzn-stat: nogoods=115183
%%%mzn-stat: numAtomicConstraintsPropagated=0
%%%mzn-stat: allDifferentNumber1TotalHallSetSize=3780777
%%%mzn-stat: allDifferentNumber1NumberOfConflicts=85969
%%%mzn-stat: allDifferentNumber1MaxHallSetSize=141
%%%mzn-stat: allDifferentNumber1PropagationsTotal=541368
%%%mzn-stat: allDifferentNumber1PropagationsThatFoundConflict=85969
%%%mzn-stat: circuitNumber2PropagationsThatFoundConflict=998
%%%mzn-stat: circuitNumber2TotalFixedEdgesAtConflict=126189
%%%mzn-stat: circuitNumber2NumberOfConflicts=998
%%%mzn-stat: circuitNumber2PropagationsThatPruned=10942
%%%mzn-stat: circuitNumber2PropagationsTotal=302478
%%%mzn-stat: AverageConflictSize=82.91755727841782
%%%mzn-stat: NumUnitNogoodsLearned=0
%%%mzn-stat: AverageLearnedNogoodLength=110.87158695293576
%%%mzn-stat: AverageBacktrackAmount=0
%%%mzn-stat: AverageLbd=57.773768698505855
%%%mzn-stat: 2AutonomousSearchNumBackupCalled=51904
%%%mzn-stat: 2AutonomousSearchNumPredicatesRemoved=0
%%%mzn-stat: 2AutonomousSearchNumCalls=51921
%%%mzn-stat: 2AutonomousSearchNumPredicatesAdded=21316
%%%mzn-stat: 2AutonomousSearchAverageSizeOfHeap=1.41659444155544
%%%mzn-stat: 2AutonomousSearchNumAssignedPredicatesEncountered=73551
%%%mzn-stat-end
maxleg = 258;
succ = array1d(1..150,[5, 7, 8, 10, 2, 9, 14, 15, 18, 1, 3, 22, 4, 12, 16, 19, 42, 32, 20, 31, 57, 23, 24, 30, 38, 34, 29, 11, 36, 6, 33, 28, 50, 35, 40, 55, 13, 37, 44, 43, 25, 74, 41, 47, 66, 51, 49, 54, 61, 58, 64, 39, 46, 63, 17, 70, 26, 65, 53, 21, 62, 76, 68, 27, 67, 73, 100, 75, 72, 60, 52, 59, 80, 71, 78, 86, 79, 45, 84, 85, 69, 97, 56, 81, 104, 91, 98, 83, 48, 77, 109, 88, 90, 92, 89, 93, 105, 82, 103, 101, 108, 94, 96, 99, 106, 114, 121, 128, 87, 116, 148, 122, 127, 126, 146, 129, 112, 132, 102, 117, 140, 134, 113, 107, 119, 123, 110, 131, 138, 150, 133, 149, 111, 137, 141, 142, 143, 118, 124, 95, 144, 145, 130, 136, 147, 139, 125, 120, 135, 115]);
% time elapsed: 190.18 s
----------
%%%mzn-stat: initTime=0.073570032
%%%mzn-stat: objective=257
%%%mzn-stat: nodes=386562
%%%mzn-stat: restarts=0
%%%mzn-stat: peakDepth=3377
%%%mzn-stat: solveTime=188.864704884
%%%mzn-stat: variables=4319
%%%mzn-stat: propagators=3820
%%%mzn-stat: failures=115378
%%%mzn-stat: propagations=4137006
%%%mzn-stat: nogoods=115378
%%%mzn-stat: numAtomicConstraintsPropagated=0
%%%mzn-stat: allDifferentNumber1TotalHallSetSize=3781347
%%%mzn-stat: allDifferentNumber1NumberOfConflicts=86163
%%%mzn-stat: allDifferentNumber1MaxHallSetSize=141
%%%mzn-stat: allDifferentNumber1PropagationsTotal=556266
%%%mzn-stat: allDifferentNumber1PropagationsThatFoundConflict=86163
%%%mzn-stat: circuitNumber2PropagationsThatFoundConflict=999
%%%mzn-stat: circuitNumber2TotalFixedEdgesAtConflict=126311
%%%mzn-stat: circuitNumber2NumberOfConflicts=999
%%%mzn-stat: circuitNumber2PropagationsThatPruned=11176
%%%mzn-stat: circuitNumber2PropagationsTotal=312486
%%%mzn-stat: AverageConflictSize=82.7868311116504
%%%mzn-stat: NumUnitNogoodsLearned=0
%%%mzn-stat: AverageLearnedNogoodLength=110.69358976581324
%%%mzn-stat: AverageBacktrackAmount=0
%%%mzn-stat: AverageLbd=57.682313785990395
%%%mzn-stat: 2AutonomousSearchNumBackupCalled=54748
%%%mzn-stat: 2AutonomousSearchNumPredicatesRemoved=0
%%%mzn-stat: 2AutonomousSearchNumCalls=54766
%%%mzn-stat: 2AutonomousSearchNumPredicatesAdded=21851
%%%mzn-stat: 2AutonomousSearchAverageSizeOfHeap=1.4524887704049958
%%%mzn-stat: 2AutonomousSearchNumAssignedPredicatesEncountered=79547
%%%mzn-stat-end
maxleg = 257;
succ = array1d(1..150,[5, 7, 8, 10, 2, 9, 14, 15, 18, 1, 3, 22, 37, 12, 16, 19, 42, 32, 20, 31, 4, 23, 24, 30, 38, 34, 29, 11, 36, 6, 33, 28, 50, 35, 40, 55, 39, 41, 44, 43, 26, 74, 57, 47, 66, 51, 25, 54, 13, 58, 64, 61, 46, 63, 17, 70, 21, 65, 53, 73, 49, 52, 68, 27, 67, 80, 100, 75, 72, 60, 59, 82, 93, 77, 78, 62, 79, 45, 84, 85, 69, 97, 56, 81, 104, 76, 71, 83, 48, 95, 86, 88, 90, 92, 89, 103, 98, 105, 132, 101, 108, 94, 99, 96, 106, 114, 121, 128, 87, 116, 91, 109, 123, 117, 130, 129, 120, 149, 102, 148, 112, 134, 115, 110, 119, 140, 124, 131, 138, 150, 137, 145, 111, 143, 141, 125, 122, 118, 127, 113, 144, 107, 126, 136, 147, 139, 142, 133, 135, 146]);
% time elapsed: 192.26 s
----------
%%%mzn-stat: initTime=0.073570032
%%%mzn-stat: objective=254
%%%mzn-stat: nodes=389582
%%%mzn-stat: restarts=0
%%%mzn-stat: peakDepth=3377
%%%mzn-stat: solveTime=188.915560256
%%%mzn-stat: variables=4319
%%%mzn-stat: propagators=3820
%%%mzn-stat: failures=115383
%%%mzn-stat: propagations=4143911
%%%mzn-stat: nogoods=115383
%%%mzn-stat: numAtomicConstraintsPropagated=0
%%%mzn-stat: allDifferentNumber1TotalHallSetSize=3781436
%%%mzn-stat: allDifferentNumber1NumberOfConflicts=86167
%%%mzn-stat: allDifferentNumber1MaxHallSetSize=141
%%%mzn-stat: allDifferentNumber1PropagationsTotal=556495
%%%mzn-stat: allDifferentNumber1PropagationsThatFoundConflict=86167
%%%mzn-stat: circuitNumber2PropagationsThatFoundConflict=1000
%%%mzn-stat: circuitNumber2TotalFixedEdgesAtConflict=126436
%%%mzn-stat: circuitNumber2NumberOfConflicts=1000
%%%mzn-stat: circuitNumber2PropagationsThatPruned=11182
%%%mzn-stat: circuitNumber2PropagationsTotal=312636
%%%mzn-stat: AverageConflictSize=82.78506365755787
%%%mzn-stat: NumUnitNogoodsLearned=0
%%%mzn-stat: AverageLearnedNogoodLength=110.69177435150759
%%%mzn-stat: AverageBacktrackAmount=0
%%%mzn-stat: AverageLbd=57.68132220517754
%%%mzn-stat: 2AutonomousSearchNumBackupCalled=57626
%%%mzn-stat: 2AutonomousSearchNumPredicatesRemoved=0
%%%mzn-stat: 2AutonomousSearchNumCalls=57645
%%%mzn-stat: 2AutonomousSearchNumPredicatesAdded=22448
%%%mzn-stat: 2AutonomousSearchAverageSizeOfHeap=1.4840662676728251
%%%mzn-stat: 2AutonomousSearchNumAssignedPredicatesEncountered=85549
%%%mzn-stat-end
maxleg = 254;
succ = array1d(1..150,[5, 7, 8, 10, 2, 9, 14, 15, 18, 1, 3, 22, 37, 12, 16, 19, 42, 32, 20, 31, 4, 23, 24, 30, 38, 34, 29, 11, 36, 6, 33, 28, 50, 35, 40, 55, 39, 41, 44, 43, 26, 74, 57, 47, 66, 51, 25, 54, 13, 58, 64, 61, 46, 63, 17, 70, 21, 65, 53, 73, 49, 52, 68, 27, 67, 80, 100, 75, 72, 60, 59, 82, 93, 77, 78, 62, 79, 45, 84, 85, 69, 97, 56, 81, 104, 76, 71, 83, 48, 95, 86, 88, 90, 92, 89, 103, 98, 105, 132, 101, 108, 94, 99, 96, 106, 114, 121, 128, 87, 116, 133, 109, 123, 117, 130, 129, 120, 149, 102, 148, 112, 134, 115, 110, 119, 140, 124, 131, 138, 150, 137, 145, 91, 143, 141, 125, 122, 118, 127, 113, 144, 107, 126, 136, 147, 139, 142, 111, 135, 146]);
% time elapsed: 192.34 s
----------
