%%%mzn-stat: initTime=0.003176405
%%%mzn-stat: objective=378
%%%mzn-stat: nodes=1124
%%%mzn-stat: restarts=0
%%%mzn-stat: peakDepth=95
%%%mzn-stat: solveTime=0.034453956
%%%mzn-stat: variables=298
%%%mzn-stat: propagators=196
%%%mzn-stat: failures=456
%%%mzn-stat: propagations=49425
%%%mzn-stat: nogoods=456
%%%mzn-stat: AverageConflictSize=4.217105263157895
%%%mzn-stat: NumUnitNogoodsLearned=377
%%%mzn-stat: AverageLearnedNogoodLength=2.2478070175438596
%%%mzn-stat: AverageBacktrackAmount=0
%%%mzn-stat: AverageLbd=1.4824561403508771
%%%mzn-stat-end
maxleg = 378;
succ = array1d(1..20,[8, 7, 11, 1, 16, 18, 19, 15, 4, 14, 6, 3, 12, 2, 10, 20, 5, 17, 13, 9]);
% time elapsed: 1.59 s
----------
==========
% time elapsed: 1.59 s
%%%mzn-stat: initTime=0.003176405
%%%mzn-stat: objective=378
%%%mzn-stat: nodes=1124
%%%mzn-stat: restarts=0
%%%mzn-stat: peakDepth=95
%%%mzn-stat: solveTime=0.034457012
%%%mzn-stat: variables=298
%%%mzn-stat: propagators=196
%%%mzn-stat: failures=456
%%%mzn-stat: propagations=49425
%%%mzn-stat: nogoods=456
%%%mzn-stat: AverageConflictSize=4.217105263157895
%%%mzn-stat: NumUnitNogoodsLearned=377
%%%mzn-stat: AverageLearnedNogoodLength=2.2478070175438596
%%%mzn-stat: AverageBacktrackAmount=0
%%%mzn-stat: AverageLbd=1.4824561403508771
%%%mzn-stat-end
