% Logging successfully configured
%%%mzn-stat: initTime=0.042877048
%%%mzn-stat: objective=672
%%%mzn-stat: nodes=264
%%%mzn-stat: restarts=0
%%%mzn-stat: peakDepth=264
%%%mzn-stat: solveTime=0.000252075
%%%mzn-stat: variables=531
%%%mzn-stat: propagators=564
%%%mzn-stat: failures=0
%%%mzn-stat: propagations=1760
%%%mzn-stat: nogoods=0
%%%mzn-stat: numAtomicConstraintsPropagated=0
%%%mzn-stat: circuitNumber191PropagationsThatFoundConflict=0
%%%mzn-stat: circuitNumber191TotalFixedEdgesAtConflict=0
%%%mzn-stat: circuitNumber191NumberOfConflicts=0
%%%mzn-stat: circuitNumber191PropagationsThatPruned=0
%%%mzn-stat: circuitNumber191PropagationsTotal=18
%%%mzn-stat: AverageConflictSize=0
%%%mzn-stat: NumUnitNogoodsLearned=0
%%%mzn-stat: AverageLearnedNogoodLength=0
%%%mzn-stat: AverageBacktrackAmount=0
%%%mzn-stat: AverageLbd=0
%%%mzn-stat: 2AutonomousSearchNumBackupCalled=246
%%%mzn-stat: 2AutonomousSearchNumPredicatesRemoved=0
%%%mzn-stat: 2AutonomousSearchNumCalls=247
%%%mzn-stat: 2AutonomousSearchNumPredicatesAdded=0
%%%mzn-stat: 2AutonomousSearchAverageSizeOfHeap=0
%%%mzn-stat: 2AutonomousSearchNumAssignedPredicatesEncountered=0
%%%mzn-stat-end
maxleg = 672;
succ = array1d(1..20,[2, 4, 5, 3, 7, 1, 9, 11, 8, 14, 10, 6, 12, 15, 17, 18, 16, 20, 13, 19]);
% time elapsed: 8.70 s
----------
%%%mzn-stat: initTime=0.042877048
%%%mzn-stat: objective=663
%%%mzn-stat: nodes=519
%%%mzn-stat: restarts=0
%%%mzn-stat: peakDepth=264
%%%mzn-stat: solveTime=0.000436454
%%%mzn-stat: variables=531
%%%mzn-stat: propagators=564
%%%mzn-stat: failures=0
%%%mzn-stat: propagations=2717
%%%mzn-stat: nogoods=0
%%%mzn-stat: numAtomicConstraintsPropagated=0
%%%mzn-stat: circuitNumber191PropagationsThatFoundConflict=0
%%%mzn-stat: circuitNumber191TotalFixedEdgesAtConflict=0
%%%mzn-stat: circuitNumber191NumberOfConflicts=0
%%%mzn-stat: circuitNumber191PropagationsThatPruned=1
%%%mzn-stat: circuitNumber191PropagationsTotal=36
%%%mzn-stat: AverageConflictSize=0
%%%mzn-stat: NumUnitNogoodsLearned=0
%%%mzn-stat: AverageLearnedNogoodLength=0
%%%mzn-stat: AverageBacktrackAmount=0
%%%mzn-stat: AverageLbd=0
%%%mzn-stat: 2AutonomousSearchNumBackupCalled=483
%%%mzn-stat: 2AutonomousSearchNumPredicatesRemoved=0
%%%mzn-stat: 2AutonomousSearchNumCalls=485
%%%mzn-stat: 2AutonomousSearchNumPredicatesAdded=0
%%%mzn-stat: 2AutonomousSearchAverageSizeOfHeap=0
%%%mzn-stat: 2AutonomousSearchNumAssignedPredicatesEncountered=0
%%%mzn-stat-end
maxleg = 663;
succ = array1d(1..20,[2, 6, 4, 1, 3, 12, 5, 9, 7, 11, 8, 13, 14, 15, 17, 10, 19, 16, 20, 18]);
% time elapsed: 8.70 s
----------
%%%mzn-stat: initTime=0.042877048
%%%mzn-stat: objective=651
%%%mzn-stat: nodes=772
%%%mzn-stat: restarts=0
%%%mzn-stat: peakDepth=264
%%%mzn-stat: solveTime=0.000626446
%%%mzn-stat: variables=531
%%%mzn-stat: propagators=564
%%%mzn-stat: failures=0
%%%mzn-stat: propagations=3692
%%%mzn-stat: nogoods=0
%%%mzn-stat: numAtomicConstraintsPropagated=0
%%%mzn-stat: circuitNumber191PropagationsThatFoundConflict=0
%%%mzn-stat: circuitNumber191TotalFixedEdgesAtConflict=0
%%%mzn-stat: circuitNumber191NumberOfConflicts=0
%%%mzn-stat: circuitNumber191PropagationsThatPruned=1
%%%mzn-stat: circuitNumber191PropagationsTotal=53
%%%mzn-stat: AverageConflictSize=0
%%%mzn-stat: NumUnitNogoodsLearned=0
%%%mzn-stat: AverageLearnedNogoodLength=0
%%%mzn-stat: AverageBacktrackAmount=0
%%%mzn-stat: AverageLbd=0
%%%mzn-stat: 2AutonomousSearchNumBackupCalled=718
%%%mzn-stat: 2AutonomousSearchNumPredicatesRemoved=0
%%%mzn-stat: 2AutonomousSearchNumCalls=721
%%%mzn-stat: 2AutonomousSearchNumPredicatesAdded=0
%%%mzn-stat: 2AutonomousSearchAverageSizeOfHeap=0
%%%mzn-stat: 2AutonomousSearchNumAssignedPredicatesEncountered=0
%%%mzn-stat-end
maxleg = 651;
succ = array1d(1..20,[2, 6, 4, 5, 7, 12, 9, 3, 10, 11, 14, 8, 1, 15, 17, 18, 16, 20, 13, 19]);
% time elapsed: 8.70 s
----------
%%%mzn-stat: initTime=0.042877048
%%%mzn-stat: objective=623
%%%mzn-stat: nodes=1004
%%%mzn-stat: restarts=0
%%%mzn-stat: peakDepth=264
%%%mzn-stat: solveTime=0.001034303
%%%mzn-stat: variables=531
%%%mzn-stat: propagators=564
%%%mzn-stat: failures=2
%%%mzn-stat: propagations=4906
%%%mzn-stat: nogoods=2
%%%mzn-stat: numAtomicConstraintsPropagated=0
%%%mzn-stat: circuitNumber191PropagationsThatFoundConflict=2
%%%mzn-stat: circuitNumber191TotalFixedEdgesAtConflict=40
%%%mzn-stat: circuitNumber191NumberOfConflicts=2
%%%mzn-stat: circuitNumber191PropagationsThatPruned=3
%%%mzn-stat: circuitNumber191PropagationsTotal=73
%%%mzn-stat: AverageConflictSize=17.5
%%%mzn-stat: NumUnitNogoodsLearned=0
%%%mzn-stat: AverageLearnedNogoodLength=19
%%%mzn-stat: AverageBacktrackAmount=0
%%%mzn-stat: AverageLbd=17
%%%mzn-stat: 2AutonomousSearchNumBackupCalled=932
%%%mzn-stat: 2AutonomousSearchNumPredicatesRemoved=0
%%%mzn-stat: 2AutonomousSearchNumCalls=936
%%%mzn-stat: 2AutonomousSearchNumPredicatesAdded=46
%%%mzn-stat: 2AutonomousSearchAverageSizeOfHeap=0.049145299145299144
%%%mzn-stat: 2AutonomousSearchNumAssignedPredicatesEncountered=46
%%%mzn-stat-end
maxleg = 623;
succ = array1d(1..20,[2, 6, 4, 5, 7, 12, 9, 3, 10, 11, 14, 8, 1, 15, 17, 20, 16, 19, 13, 18]);
% time elapsed: 8.70 s
----------
%%%mzn-stat: initTime=0.042877048
%%%mzn-stat: objective=614
%%%mzn-stat: nodes=1230
%%%mzn-stat: restarts=0
%%%mzn-stat: peakDepth=264
%%%mzn-stat: solveTime=0.001233088
%%%mzn-stat: variables=531
%%%mzn-stat: propagators=564
%%%mzn-stat: failures=2
%%%mzn-stat: propagations=5880
%%%mzn-stat: nogoods=2
%%%mzn-stat: numAtomicConstraintsPropagated=0
%%%mzn-stat: circuitNumber191PropagationsThatFoundConflict=2
%%%mzn-stat: circuitNumber191TotalFixedEdgesAtConflict=40
%%%mzn-stat: circuitNumber191NumberOfConflicts=2
%%%mzn-stat: circuitNumber191PropagationsThatPruned=4
%%%mzn-stat: circuitNumber191PropagationsTotal=89
%%%mzn-stat: AverageConflictSize=17.5
%%%mzn-stat: NumUnitNogoodsLearned=0
%%%mzn-stat: AverageLearnedNogoodLength=19
%%%mzn-stat: AverageBacktrackAmount=0
%%%mzn-stat: AverageLbd=17
%%%mzn-stat: 2AutonomousSearchNumBackupCalled=1142
%%%mzn-stat: 2AutonomousSearchNumPredicatesRemoved=0
%%%mzn-stat: 2AutonomousSearchNumCalls=1147
%%%mzn-stat: 2AutonomousSearchNumPredicatesAdded=46
%%%mzn-stat: 2AutonomousSearchAverageSizeOfHeap=0.08020924149956409
%%%mzn-stat: 2AutonomousSearchNumAssignedPredicatesEncountered=92
%%%mzn-stat-end
maxleg = 614;
succ = array1d(1..20,[2, 6, 4, 5, 7, 12, 9, 3, 10, 11, 14, 8, 1, 16, 13, 20, 15, 19, 17, 18]);
% time elapsed: 8.70 s
----------
%%%mzn-stat: initTime=0.042877048
%%%mzn-stat: objective=613
%%%mzn-stat: nodes=1466
%%%mzn-stat: restarts=0
%%%mzn-stat: peakDepth=264
%%%mzn-stat: solveTime=0.001636072
%%%mzn-stat: variables=531
%%%mzn-stat: propagators=564
%%%mzn-stat: failures=4
%%%mzn-stat: propagations=7136
%%%mzn-stat: nogoods=4
%%%mzn-stat: numAtomicConstraintsPropagated=0
%%%mzn-stat: circuitNumber191PropagationsThatFoundConflict=4
%%%mzn-stat: circuitNumber191TotalFixedEdgesAtConflict=80
%%%mzn-stat: circuitNumber191NumberOfConflicts=4
%%%mzn-stat: circuitNumber191PropagationsThatPruned=7
%%%mzn-stat: circuitNumber191PropagationsTotal=110
%%%mzn-stat: AverageConflictSize=17.25
%%%mzn-stat: NumUnitNogoodsLearned=0
%%%mzn-stat: AverageLearnedNogoodLength=18.5
%%%mzn-stat: AverageBacktrackAmount=0
%%%mzn-stat: AverageLbd=16
%%%mzn-stat: 2AutonomousSearchNumBackupCalled=1361
%%%mzn-stat: 2AutonomousSearchNumPredicatesRemoved=0
%%%mzn-stat: 2AutonomousSearchNumCalls=1367
%%%mzn-stat: 2AutonomousSearchNumPredicatesAdded=135
%%%mzn-stat: 2AutonomousSearchAverageSizeOfHeap=0.14557425018288223
%%%mzn-stat: 2AutonomousSearchNumAssignedPredicatesEncountered=199
%%%mzn-stat-end
maxleg = 613;
succ = array1d(1..20,[2, 6, 4, 5, 7, 13, 9, 3, 10, 11, 12, 1, 14, 17, 19, 8, 15, 20, 18, 16]);
% time elapsed: 8.70 s
----------
%%%mzn-stat: initTime=0.042877048
%%%mzn-stat: objective=575
%%%mzn-stat: nodes=1685
%%%mzn-stat: restarts=0
%%%mzn-stat: peakDepth=264
%%%mzn-stat: solveTime=0.001860564
%%%mzn-stat: variables=531
%%%mzn-stat: propagators=564
%%%mzn-stat: failures=4
%%%mzn-stat: propagations=8125
%%%mzn-stat: nogoods=4
%%%mzn-stat: numAtomicConstraintsPropagated=0
%%%mzn-stat: circuitNumber191PropagationsThatFoundConflict=4
%%%mzn-stat: circuitNumber191TotalFixedEdgesAtConflict=80
%%%mzn-stat: circuitNumber191NumberOfConflicts=4
%%%mzn-stat: circuitNumber191PropagationsThatPruned=9
%%%mzn-stat: circuitNumber191PropagationsTotal=128
%%%mzn-stat: AverageConflictSize=17.25
%%%mzn-stat: NumUnitNogoodsLearned=0
%%%mzn-stat: AverageLearnedNogoodLength=18.5
%%%mzn-stat: AverageBacktrackAmount=0
%%%mzn-stat: AverageLbd=16
%%%mzn-stat: 2AutonomousSearchNumBackupCalled=1563
%%%mzn-stat: 2AutonomousSearchNumPredicatesRemoved=0
%%%mzn-stat: 2AutonomousSearchNumCalls=1570
%%%mzn-stat: 2AutonomousSearchNumPredicatesAdded=135
%%%mzn-stat: 2AutonomousSearchAverageSizeOfHeap=0.19490445859872613
%%%mzn-stat: 2AutonomousSearchNumAssignedPredicatesEncountered=306
%%%mzn-stat-end
maxleg = 575;
succ = array1d(1..20,[2, 6, 4, 5, 7, 13, 9, 3, 10, 11, 12, 1, 15, 8, 17, 14, 19, 20, 18, 16]);
% time elapsed: 8.70 s
----------
%%%mzn-stat: initTime=0.042877048
%%%mzn-stat: objective=508
%%%mzn-stat: nodes=1892
%%%mzn-stat: restarts=0
%%%mzn-stat: peakDepth=264
%%%mzn-stat: solveTime=0.00226585
%%%mzn-stat: variables=531
%%%mzn-stat: propagators=564
%%%mzn-stat: failures=6
%%%mzn-stat: propagations=9411
%%%mzn-stat: nogoods=6
%%%mzn-stat: numAtomicConstraintsPropagated=0
%%%mzn-stat: circuitNumber191PropagationsThatFoundConflict=6
%%%mzn-stat: circuitNumber191TotalFixedEdgesAtConflict=120
%%%mzn-stat: circuitNumber191NumberOfConflicts=6
%%%mzn-stat: circuitNumber191PropagationsThatPruned=12
%%%mzn-stat: circuitNumber191PropagationsTotal=149
%%%mzn-stat: AverageConflictSize=13.833333333333334
%%%mzn-stat: NumUnitNogoodsLearned=0
%%%mzn-stat: AverageLearnedNogoodLength=21.5
%%%mzn-stat: AverageBacktrackAmount=0
%%%mzn-stat: AverageLbd=15.5
%%%mzn-stat: 2AutonomousSearchNumBackupCalled=1752
%%%mzn-stat: 2AutonomousSearchNumPredicatesRemoved=0
%%%mzn-stat: 2AutonomousSearchNumCalls=1760
%%%mzn-stat: 2AutonomousSearchNumPredicatesAdded=268
%%%mzn-stat: 2AutonomousSearchAverageSizeOfHeap=0.275
%%%mzn-stat: 2AutonomousSearchNumAssignedPredicatesEncountered=484
%%%mzn-stat-end
maxleg = 508;
succ = array1d(1..20,[2, 6, 4, 5, 7, 13, 9, 3, 10, 11, 12, 14, 15, 17, 19, 8, 1, 20, 18, 16]);
% time elapsed: 8.70 s
----------
%%%mzn-stat: initTime=0.042877048
%%%mzn-stat: objective=493
%%%mzn-stat: nodes=2088
%%%mzn-stat: restarts=0
%%%mzn-stat: peakDepth=264
%%%mzn-stat: solveTime=0.002758271
%%%mzn-stat: variables=531
%%%mzn-stat: propagators=564
%%%mzn-stat: failures=10
%%%mzn-stat: propagations=10888
%%%mzn-stat: nogoods=10
%%%mzn-stat: numAtomicConstraintsPropagated=0
%%%mzn-stat: circuitNumber191PropagationsThatFoundConflict=7
%%%mzn-stat: circuitNumber191TotalFixedEdgesAtConflict=140
%%%mzn-stat: circuitNumber191NumberOfConflicts=7
%%%mzn-stat: circuitNumber191PropagationsThatPruned=13
%%%mzn-stat: circuitNumber191PropagationsTotal=166
%%%mzn-stat: AverageConflictSize=9.5
%%%mzn-stat: NumUnitNogoodsLearned=0
%%%mzn-stat: AverageLearnedNogoodLength=25.4
%%%mzn-stat: AverageBacktrackAmount=0
%%%mzn-stat: AverageLbd=14.3
%%%mzn-stat: 2AutonomousSearchNumBackupCalled=1930
%%%mzn-stat: 2AutonomousSearchNumPredicatesRemoved=0
%%%mzn-stat: 2AutonomousSearchNumCalls=1939
%%%mzn-stat: 2AutonomousSearchNumPredicatesAdded=386
%%%mzn-stat: 2AutonomousSearchAverageSizeOfHeap=0.35018050541516244
%%%mzn-stat: 2AutonomousSearchNumAssignedPredicatesEncountered=679
%%%mzn-stat-end
maxleg = 493;
succ = array1d(1..20,[2, 6, 4, 5, 7, 13, 9, 3, 10, 11, 12, 14, 15, 20, 19, 17, 1, 8, 18, 16]);
% time elapsed: 8.70 s
----------
%%%mzn-stat: initTime=0.042877048
%%%mzn-stat: objective=489
%%%mzn-stat: nodes=2273
%%%mzn-stat: restarts=0
%%%mzn-stat: peakDepth=264
%%%mzn-stat: solveTime=0.002994583
%%%mzn-stat: variables=531
%%%mzn-stat: propagators=564
%%%mzn-stat: failures=10
%%%mzn-stat: propagations=11911
%%%mzn-stat: nogoods=10
%%%mzn-stat: numAtomicConstraintsPropagated=0
%%%mzn-stat: circuitNumber191PropagationsThatFoundConflict=7
%%%mzn-stat: circuitNumber191TotalFixedEdgesAtConflict=140
%%%mzn-stat: circuitNumber191NumberOfConflicts=7
%%%mzn-stat: circuitNumber191PropagationsThatPruned=14
%%%mzn-stat: circuitNumber191PropagationsTotal=182
%%%mzn-stat: AverageConflictSize=9.5
%%%mzn-stat: NumUnitNogoodsLearned=0
%%%mzn-stat: AverageLearnedNogoodLength=25.4
%%%mzn-stat: AverageBacktrackAmount=0
%%%mzn-stat: AverageLbd=14.3
%%%mzn-stat: 2AutonomousSearchNumBackupCalled=2101
%%%mzn-stat: 2AutonomousSearchNumPredicatesRemoved=0
%%%mzn-stat: 2AutonomousSearchNumCalls=2111
%%%mzn-stat: 2AutonomousSearchNumPredicatesAdded=386
%%%mzn-stat: 2AutonomousSearchAverageSizeOfHeap=0.414021790620559
%%%mzn-stat: 2AutonomousSearchNumAssignedPredicatesEncountered=874
%%%mzn-stat-end
maxleg = 489;
succ = array1d(1..20,[2, 6, 4, 7, 3, 13, 9, 5, 10, 11, 12, 14, 15, 20, 19, 17, 1, 8, 18, 16]);
% time elapsed: 8.70 s
----------
%%%mzn-stat: initTime=0.042877048
%%%mzn-stat: objective=485
%%%mzn-stat: nodes=2462
%%%mzn-stat: restarts=0
%%%mzn-stat: peakDepth=264
%%%mzn-stat: solveTime=0.003324116
%%%mzn-stat: variables=531
%%%mzn-stat: propagators=564
%%%mzn-stat: failures=12
%%%mzn-stat: propagations=13104
%%%mzn-stat: nogoods=12
%%%mzn-stat: numAtomicConstraintsPropagated=0
%%%mzn-stat: circuitNumber191PropagationsThatFoundConflict=7
%%%mzn-stat: circuitNumber191TotalFixedEdgesAtConflict=140
%%%mzn-stat: circuitNumber191NumberOfConflicts=7
%%%mzn-stat: circuitNumber191PropagationsThatPruned=14
%%%mzn-stat: circuitNumber191PropagationsTotal=197
%%%mzn-stat: AverageConflictSize=8.25
%%%mzn-stat: NumUnitNogoodsLearned=0
%%%mzn-stat: AverageLearnedNogoodLength=24.5
%%%mzn-stat: AverageBacktrackAmount=0
%%%mzn-stat: AverageLbd=13.25
%%%mzn-stat: 2AutonomousSearchNumBackupCalled=2273
%%%mzn-stat: 2AutonomousSearchNumPredicatesRemoved=0
%%%mzn-stat: 2AutonomousSearchNumCalls=2284
%%%mzn-stat: 2AutonomousSearchNumPredicatesAdded=445
%%%mzn-stat: 2AutonomousSearchAverageSizeOfHeap=0.48029772329246934
%%%mzn-stat: 2AutonomousSearchNumAssignedPredicatesEncountered=1097
%%%mzn-stat-end
maxleg = 485;
succ = array1d(1..20,[2, 6, 4, 7, 3, 13, 9, 5, 10, 11, 14, 8, 12, 20, 1, 18, 15, 19, 17, 16]);
% time elapsed: 8.70 s
----------
%%%mzn-stat: initTime=0.042877048
%%%mzn-stat: objective=460
%%%mzn-stat: nodes=2634
%%%mzn-stat: restarts=0
%%%mzn-stat: peakDepth=264
%%%mzn-stat: solveTime=0.003826095
%%%mzn-stat: variables=531
%%%mzn-stat: propagators=564
%%%mzn-stat: failures=17
%%%mzn-stat: propagations=14580
%%%mzn-stat: nogoods=17
%%%mzn-stat: numAtomicConstraintsPropagated=0
%%%mzn-stat: circuitNumber191PropagationsThatFoundConflict=7
%%%mzn-stat: circuitNumber191TotalFixedEdgesAtConflict=140
%%%mzn-stat: circuitNumber191NumberOfConflicts=7
%%%mzn-stat: circuitNumber191PropagationsThatPruned=16
%%%mzn-stat: circuitNumber191PropagationsTotal=215
%%%mzn-stat: AverageConflictSize=6.411764705882353
%%%mzn-stat: NumUnitNogoodsLearned=0
%%%mzn-stat: AverageLearnedNogoodLength=22
%%%mzn-stat: AverageBacktrackAmount=0
%%%mzn-stat: AverageLbd=11.764705882352942
%%%mzn-stat: 2AutonomousSearchNumBackupCalled=2426
%%%mzn-stat: 2AutonomousSearchNumPredicatesRemoved=0
%%%mzn-stat: 2AutonomousSearchNumCalls=2438
%%%mzn-stat: 2AutonomousSearchNumPredicatesAdded=575
%%%mzn-stat: 2AutonomousSearchAverageSizeOfHeap=0.5512715340442986
%%%mzn-stat: 2AutonomousSearchNumAssignedPredicatesEncountered=1344
%%%mzn-stat-end
maxleg = 460;
succ = array1d(1..20,[2, 6, 4, 7, 3, 13, 9, 5, 10, 11, 14, 8, 15, 20, 19, 17, 1, 12, 18, 16]);
% time elapsed: 8.70 s
----------
%%%mzn-stat: initTime=0.042877048
%%%mzn-stat: objective=452
%%%mzn-stat: nodes=2812
%%%mzn-stat: restarts=0
%%%mzn-stat: peakDepth=264
%%%mzn-stat: solveTime=0.004563385
%%%mzn-stat: variables=531
%%%mzn-stat: propagators=564
%%%mzn-stat: failures=20
%%%mzn-stat: propagations=15981
%%%mzn-stat: nogoods=20
%%%mzn-stat: numAtomicConstraintsPropagated=0
%%%mzn-stat: circuitNumber191PropagationsThatFoundConflict=8
%%%mzn-stat: circuitNumber191TotalFixedEdgesAtConflict=160
%%%mzn-stat: circuitNumber191NumberOfConflicts=8
%%%mzn-stat: circuitNumber191PropagationsThatPruned=19
%%%mzn-stat: circuitNumber191PropagationsTotal=234
%%%mzn-stat: AverageConflictSize=5.95
%%%mzn-stat: NumUnitNogoodsLearned=0
%%%mzn-stat: AverageLearnedNogoodLength=21.4
%%%mzn-stat: AverageBacktrackAmount=0
%%%mzn-stat: AverageLbd=10.95
%%%mzn-stat: 2AutonomousSearchNumBackupCalled=2588
%%%mzn-stat: 2AutonomousSearchNumPredicatesRemoved=0
%%%mzn-stat: 2AutonomousSearchNumCalls=2601
%%%mzn-stat: 2AutonomousSearchNumPredicatesAdded=726
%%%mzn-stat: 2AutonomousSearchAverageSizeOfHeap=0.6182237600922722
%%%mzn-stat: 2AutonomousSearchNumAssignedPredicatesEncountered=1608
%%%mzn-stat-end
maxleg = 452;
succ = array1d(1..20,[2, 6, 4, 7, 3, 13, 9, 5, 10, 11, 14, 8, 19, 20, 1, 17, 15, 12, 18, 16]);
% time elapsed: 8.70 s
----------
