%%%mzn-stat: initTime=0.012170932
%%%mzn-stat: objective=240
%%%mzn-stat: nodes=22559
%%%mzn-stat: restarts=0
%%%mzn-stat: peakDepth=342
%%%mzn-stat: solveTime=1.966009824
%%%mzn-stat: variables=1141
%%%mzn-stat: propagators=837
%%%mzn-stat: failures=5826
%%%mzn-stat: propagations=362159
%%%mzn-stat: nogoods=5826
%%%mzn-stat: AverageConflictSize=45.858221764503945
%%%mzn-stat: NumUnitNogoodsLearned=239
%%%mzn-stat: AverageLearnedNogoodLength=57.85530381050464
%%%mzn-stat: AverageBacktrackAmount=0
%%%mzn-stat: AverageLbd=19.29539993134226
%%%mzn-stat-end
maxleg = 240;
succ = array1d(1..50,[32, 5, 11, 41, 40, 25, 31, 22, 3, 4, 19, 33, 7, 35, 14, 47, 9, 16, 28, 43, 44, 48, 10, 49, 21, 38, 13, 42, 37, 24, 36, 26, 18, 39, 50, 1, 8, 23, 30, 15, 12, 45, 29, 27, 34, 2, 17, 6, 46, 20]);
% time elapsed: 3.56 s
----------
==========
% time elapsed: 3.56 s
%%%mzn-stat: initTime=0.012170932
%%%mzn-stat: objective=240
%%%mzn-stat: nodes=22559
%%%mzn-stat: restarts=0
%%%mzn-stat: peakDepth=342
%%%mzn-stat: solveTime=1.966013947
%%%mzn-stat: variables=1141
%%%mzn-stat: propagators=837
%%%mzn-stat: failures=5826
%%%mzn-stat: propagations=362159
%%%mzn-stat: nogoods=5826
%%%mzn-stat: AverageConflictSize=45.858221764503945
%%%mzn-stat: NumUnitNogoodsLearned=239
%%%mzn-stat: AverageLearnedNogoodLength=57.85530381050464
%%%mzn-stat: AverageBacktrackAmount=0
%%%mzn-stat: AverageLbd=19.29539993134226
%%%mzn-stat-end
