% Logging successfully configured
%%%mzn-stat: initTime=0.005154606
%%%mzn-stat: objective=946
%%%mzn-stat: nodes=248
%%%mzn-stat: restarts=0
%%%mzn-stat: peakDepth=248
%%%mzn-stat: solveTime=0.00071752
%%%mzn-stat: variables=504
%%%mzn-stat: propagators=355
%%%mzn-stat: failures=0
%%%mzn-stat: propagations=1163
%%%mzn-stat: nogoods=0
%%%mzn-stat: numAtomicConstraintsPropagated=0
%%%mzn-stat: allDifferentNumber1PropagationsTotal=36
%%%mzn-stat: allDifferentNumber1PropagationsThatFoundConflict=0
%%%mzn-stat: allDifferentNumber1PropagationsThatPruned=18
%%%mzn-stat: allDifferentNumber1TotalValuesPruned=110
%%%mzn-stat: allDifferentNumber1TotalHallSetSizeConflict=0
%%%mzn-stat: allDifferentNumber1NumberOfConflicts=0
%%%mzn-stat: allDifferentNumber1MaxHallSetSizeConflict=0
%%%mzn-stat: allDifferentNumber1TotalPruningHallSetSize=120
%%%mzn-stat: allDifferentNumber1NumberOfPruningExplanations=110
%%%mzn-stat: allDifferentNumber1MaxPruningHallSetSize=4
%%%mzn-stat: allDifferentNumber1TotalFixedEdgesAtConflict=0
%%%mzn-stat: allDifferentNumber1TotalVarsInvolvedInPruning=108
%%%mzn-stat: allDifferentNumber1MaxValuesPrunedFromSingleVar=3
%%%mzn-stat: allDifferentNumber1TotalSccSizeAtPruning=26
%%%mzn-stat: allDifferentNumber1NumberOfSccPruningCalls=18
%%%mzn-stat: circuitNumber2PropagationsThatFoundConflict=0
%%%mzn-stat: circuitNumber2TotalFixedEdgesAtConflict=0
%%%mzn-stat: circuitNumber2NumberOfConflicts=0
%%%mzn-stat: circuitNumber2PropagationsThatPruned=1
%%%mzn-stat: circuitNumber2PropagationsTotal=19
%%%mzn-stat: AverageConflictSize=0
%%%mzn-stat: NumUnitNogoodsLearned=0
%%%mzn-stat: AverageLearnedNogoodLength=0
%%%mzn-stat: AverageBacktrackAmount=0
%%%mzn-stat: AverageLbd=0
%%%mzn-stat: 2AutonomousSearchNumBackupCalled=232
%%%mzn-stat: 2AutonomousSearchNumPredicatesRemoved=0
%%%mzn-stat: 2AutonomousSearchNumCalls=233
%%%mzn-stat: 2AutonomousSearchNumPredicatesAdded=0
%%%mzn-stat: 2AutonomousSearchAverageSizeOfHeap=0
%%%mzn-stat: 2AutonomousSearchNumAssignedPredicatesEncountered=0
%%%mzn-stat-end
maxleg = 946;
succ = array1d(1..20,[2, 3, 4, 5, 7, 8, 6, 9, 10, 13, 1, 11, 14, 15, 19, 17, 18, 20, 16, 12]);
% time elapsed: 7.42 s
----------
%%%mzn-stat: initTime=0.005154606
%%%mzn-stat: objective=627
%%%mzn-stat: nodes=484
%%%mzn-stat: restarts=0
%%%mzn-stat: peakDepth=248
%%%mzn-stat: solveTime=0.001792708
%%%mzn-stat: variables=504
%%%mzn-stat: propagators=355
%%%mzn-stat: failures=0
%%%mzn-stat: propagations=1747
%%%mzn-stat: nogoods=0
%%%mzn-stat: numAtomicConstraintsPropagated=0
%%%mzn-stat: allDifferentNumber1PropagationsTotal=72
%%%mzn-stat: allDifferentNumber1PropagationsThatFoundConflict=0
%%%mzn-stat: allDifferentNumber1PropagationsThatPruned=36
%%%mzn-stat: allDifferentNumber1TotalValuesPruned=219
%%%mzn-stat: allDifferentNumber1TotalHallSetSizeConflict=0
%%%mzn-stat: allDifferentNumber1NumberOfConflicts=0
%%%mzn-stat: allDifferentNumber1MaxHallSetSizeConflict=0
%%%mzn-stat: allDifferentNumber1TotalPruningHallSetSize=239
%%%mzn-stat: allDifferentNumber1NumberOfPruningExplanations=219
%%%mzn-stat: allDifferentNumber1MaxPruningHallSetSize=4
%%%mzn-stat: allDifferentNumber1TotalFixedEdgesAtConflict=0
%%%mzn-stat: allDifferentNumber1TotalVarsInvolvedInPruning=215
%%%mzn-stat: allDifferentNumber1MaxValuesPrunedFromSingleVar=3
%%%mzn-stat: allDifferentNumber1TotalSccSizeAtPruning=52
%%%mzn-stat: allDifferentNumber1NumberOfSccPruningCalls=36
%%%mzn-stat: circuitNumber2PropagationsThatFoundConflict=0
%%%mzn-stat: circuitNumber2TotalFixedEdgesAtConflict=0
%%%mzn-stat: circuitNumber2NumberOfConflicts=0
%%%mzn-stat: circuitNumber2PropagationsThatPruned=2
%%%mzn-stat: circuitNumber2PropagationsTotal=37
%%%mzn-stat: AverageConflictSize=0
%%%mzn-stat: NumUnitNogoodsLearned=0
%%%mzn-stat: AverageLearnedNogoodLength=0
%%%mzn-stat: AverageBacktrackAmount=0
%%%mzn-stat: AverageLbd=0
%%%mzn-stat: 2AutonomousSearchNumBackupCalled=451
%%%mzn-stat: 2AutonomousSearchNumPredicatesRemoved=0
%%%mzn-stat: 2AutonomousSearchNumCalls=453
%%%mzn-stat: 2AutonomousSearchNumPredicatesAdded=0
%%%mzn-stat: 2AutonomousSearchAverageSizeOfHeap=0
%%%mzn-stat: 2AutonomousSearchNumAssignedPredicatesEncountered=0
%%%mzn-stat-end
maxleg = 627;
succ = array1d(1..20,[2, 3, 4, 5, 7, 8, 6, 9, 10, 14, 1, 11, 12, 15, 19, 17, 18, 20, 16, 13]);
% time elapsed: 7.42 s
----------
%%%mzn-stat: initTime=0.005154606
%%%mzn-stat: objective=614
%%%mzn-stat: nodes=723
%%%mzn-stat: restarts=0
%%%mzn-stat: peakDepth=248
%%%mzn-stat: solveTime=0.002784652
%%%mzn-stat: variables=504
%%%mzn-stat: propagators=355
%%%mzn-stat: failures=2
%%%mzn-stat: propagations=2389
%%%mzn-stat: nogoods=2
%%%mzn-stat: numAtomicConstraintsPropagated=0
%%%mzn-stat: allDifferentNumber1PropagationsTotal=111
%%%mzn-stat: allDifferentNumber1PropagationsThatFoundConflict=0
%%%mzn-stat: allDifferentNumber1PropagationsThatPruned=56
%%%mzn-stat: allDifferentNumber1TotalValuesPruned=339
%%%mzn-stat: allDifferentNumber1TotalHallSetSizeConflict=0
%%%mzn-stat: allDifferentNumber1NumberOfConflicts=0
%%%mzn-stat: allDifferentNumber1MaxHallSetSizeConflict=0
%%%mzn-stat: allDifferentNumber1TotalPruningHallSetSize=392
%%%mzn-stat: allDifferentNumber1NumberOfPruningExplanations=339
%%%mzn-stat: allDifferentNumber1MaxPruningHallSetSize=4
%%%mzn-stat: allDifferentNumber1TotalFixedEdgesAtConflict=0
%%%mzn-stat: allDifferentNumber1TotalVarsInvolvedInPruning=327
%%%mzn-stat: allDifferentNumber1MaxValuesPrunedFromSingleVar=4
%%%mzn-stat: allDifferentNumber1TotalSccSizeAtPruning=93
%%%mzn-stat: allDifferentNumber1NumberOfSccPruningCalls=56
%%%mzn-stat: circuitNumber2PropagationsThatFoundConflict=2
%%%mzn-stat: circuitNumber2TotalFixedEdgesAtConflict=34
%%%mzn-stat: circuitNumber2NumberOfConflicts=2
%%%mzn-stat: circuitNumber2PropagationsThatPruned=3
%%%mzn-stat: circuitNumber2PropagationsTotal=57
%%%mzn-stat: AverageConflictSize=17
%%%mzn-stat: NumUnitNogoodsLearned=0
%%%mzn-stat: AverageLearnedNogoodLength=18.5
%%%mzn-stat: AverageBacktrackAmount=0
%%%mzn-stat: AverageLbd=15.5
%%%mzn-stat: 2AutonomousSearchNumBackupCalled=671
%%%mzn-stat: 2AutonomousSearchNumPredicatesRemoved=0
%%%mzn-stat: 2AutonomousSearchNumCalls=674
%%%mzn-stat: 2AutonomousSearchNumPredicatesAdded=61
%%%mzn-stat: 2AutonomousSearchAverageSizeOfHeap=0.09050445103857567
%%%mzn-stat: 2AutonomousSearchNumAssignedPredicatesEncountered=61
%%%mzn-stat-end
maxleg = 614;
succ = array1d(1..20,[2, 3, 4, 5, 7, 8, 6, 9, 10, 14, 1, 11, 12, 16, 13, 17, 18, 20, 15, 19]);
% time elapsed: 7.42 s
----------
%%%mzn-stat: initTime=0.005154606
%%%mzn-stat: objective=546
%%%mzn-stat: nodes=930
%%%mzn-stat: restarts=0
%%%mzn-stat: peakDepth=248
%%%mzn-stat: solveTime=0.003416788
%%%mzn-stat: variables=504
%%%mzn-stat: propagators=355
%%%mzn-stat: failures=2
%%%mzn-stat: propagations=2991
%%%mzn-stat: nogoods=2
%%%mzn-stat: numAtomicConstraintsPropagated=0
%%%mzn-stat: allDifferentNumber1PropagationsTotal=143
%%%mzn-stat: allDifferentNumber1PropagationsThatFoundConflict=0
%%%mzn-stat: allDifferentNumber1PropagationsThatPruned=72
%%%mzn-stat: allDifferentNumber1TotalValuesPruned=440
%%%mzn-stat: allDifferentNumber1TotalHallSetSizeConflict=0
%%%mzn-stat: allDifferentNumber1NumberOfConflicts=0
%%%mzn-stat: allDifferentNumber1MaxHallSetSizeConflict=0
%%%mzn-stat: allDifferentNumber1TotalPruningHallSetSize=502
%%%mzn-stat: allDifferentNumber1NumberOfPruningExplanations=440
%%%mzn-stat: allDifferentNumber1MaxPruningHallSetSize=4
%%%mzn-stat: allDifferentNumber1TotalFixedEdgesAtConflict=0
%%%mzn-stat: allDifferentNumber1TotalVarsInvolvedInPruning=427
%%%mzn-stat: allDifferentNumber1MaxValuesPrunedFromSingleVar=4
%%%mzn-stat: allDifferentNumber1TotalSccSizeAtPruning=115
%%%mzn-stat: allDifferentNumber1NumberOfSccPruningCalls=72
%%%mzn-stat: circuitNumber2PropagationsThatFoundConflict=2
%%%mzn-stat: circuitNumber2TotalFixedEdgesAtConflict=34
%%%mzn-stat: circuitNumber2NumberOfConflicts=2
%%%mzn-stat: circuitNumber2PropagationsThatPruned=4
%%%mzn-stat: circuitNumber2PropagationsTotal=73
%%%mzn-stat: AverageConflictSize=17
%%%mzn-stat: NumUnitNogoodsLearned=0
%%%mzn-stat: AverageLearnedNogoodLength=18.5
%%%mzn-stat: AverageBacktrackAmount=0
%%%mzn-stat: AverageLbd=15.5
%%%mzn-stat: 2AutonomousSearchNumBackupCalled=862
%%%mzn-stat: 2AutonomousSearchNumPredicatesRemoved=0
%%%mzn-stat: 2AutonomousSearchNumCalls=866
%%%mzn-stat: 2AutonomousSearchNumPredicatesAdded=61
%%%mzn-stat: 2AutonomousSearchAverageSizeOfHeap=0.14087759815242495
%%%mzn-stat: 2AutonomousSearchNumAssignedPredicatesEncountered=122
%%%mzn-stat-end
maxleg = 546;
succ = array1d(1..20,[2, 3, 4, 5, 7, 8, 6, 9, 10, 14, 1, 11, 12, 16, 13, 18, 20, 17, 15, 19]);
% time elapsed: 7.42 s
----------
%%%mzn-stat: initTime=0.005154606
%%%mzn-stat: objective=525
%%%mzn-stat: nodes=1128
%%%mzn-stat: restarts=0
%%%mzn-stat: peakDepth=248
%%%mzn-stat: solveTime=0.004053462
%%%mzn-stat: variables=504
%%%mzn-stat: propagators=355
%%%mzn-stat: failures=2
%%%mzn-stat: propagations=3622
%%%mzn-stat: nogoods=2
%%%mzn-stat: numAtomicConstraintsPropagated=0
%%%mzn-stat: allDifferentNumber1PropagationsTotal=177
%%%mzn-stat: allDifferentNumber1PropagationsThatFoundConflict=0
%%%mzn-stat: allDifferentNumber1PropagationsThatPruned=89
%%%mzn-stat: allDifferentNumber1TotalValuesPruned=531
%%%mzn-stat: allDifferentNumber1TotalHallSetSizeConflict=0
%%%mzn-stat: allDifferentNumber1NumberOfConflicts=0
%%%mzn-stat: allDifferentNumber1MaxHallSetSizeConflict=0
%%%mzn-stat: allDifferentNumber1TotalPruningHallSetSize=611
%%%mzn-stat: allDifferentNumber1NumberOfPruningExplanations=531
%%%mzn-stat: allDifferentNumber1MaxPruningHallSetSize=8
%%%mzn-stat: allDifferentNumber1TotalFixedEdgesAtConflict=0
%%%mzn-stat: allDifferentNumber1TotalVarsInvolvedInPruning=516
%%%mzn-stat: allDifferentNumber1MaxValuesPrunedFromSingleVar=4
%%%mzn-stat: allDifferentNumber1TotalSccSizeAtPruning=149
%%%mzn-stat: allDifferentNumber1NumberOfSccPruningCalls=89
%%%mzn-stat: circuitNumber2PropagationsThatFoundConflict=2
%%%mzn-stat: circuitNumber2TotalFixedEdgesAtConflict=34
%%%mzn-stat: circuitNumber2NumberOfConflicts=2
%%%mzn-stat: circuitNumber2PropagationsThatPruned=5
%%%mzn-stat: circuitNumber2PropagationsTotal=90
%%%mzn-stat: AverageConflictSize=17
%%%mzn-stat: NumUnitNogoodsLearned=0
%%%mzn-stat: AverageLearnedNogoodLength=18.5
%%%mzn-stat: AverageBacktrackAmount=0
%%%mzn-stat: AverageLbd=15.5
%%%mzn-stat: 2AutonomousSearchNumBackupCalled=1044
%%%mzn-stat: 2AutonomousSearchNumPredicatesRemoved=0
%%%mzn-stat: 2AutonomousSearchNumCalls=1049
%%%mzn-stat: 2AutonomousSearchNumPredicatesAdded=61
%%%mzn-stat: 2AutonomousSearchAverageSizeOfHeap=0.1744518589132507
%%%mzn-stat: 2AutonomousSearchNumAssignedPredicatesEncountered=183
%%%mzn-stat-end
maxleg = 525;
succ = array1d(1..20,[2, 3, 4, 5, 7, 8, 10, 9, 16, 6, 1, 11, 12, 13, 14, 18, 20, 17, 15, 19]);
% time elapsed: 7.42 s
----------
%%%mzn-stat: initTime=0.005154606
%%%mzn-stat: objective=498
%%%mzn-stat: nodes=1314
%%%mzn-stat: restarts=0
%%%mzn-stat: peakDepth=248
%%%mzn-stat: solveTime=0.004637283
%%%mzn-stat: variables=504
%%%mzn-stat: propagators=355
%%%mzn-stat: failures=2
%%%mzn-stat: propagations=4241
%%%mzn-stat: nogoods=2
%%%mzn-stat: numAtomicConstraintsPropagated=0
%%%mzn-stat: allDifferentNumber1PropagationsTotal=208
%%%mzn-stat: allDifferentNumber1PropagationsThatFoundConflict=0
%%%mzn-stat: allDifferentNumber1PropagationsThatPruned=104
%%%mzn-stat: allDifferentNumber1TotalValuesPruned=614
%%%mzn-stat: allDifferentNumber1TotalHallSetSizeConflict=0
%%%mzn-stat: allDifferentNumber1NumberOfConflicts=0
%%%mzn-stat: allDifferentNumber1MaxHallSetSizeConflict=0
%%%mzn-stat: allDifferentNumber1TotalPruningHallSetSize=701
%%%mzn-stat: allDifferentNumber1NumberOfPruningExplanations=614
%%%mzn-stat: allDifferentNumber1MaxPruningHallSetSize=8
%%%mzn-stat: allDifferentNumber1TotalFixedEdgesAtConflict=0
%%%mzn-stat: allDifferentNumber1TotalVarsInvolvedInPruning=597
%%%mzn-stat: allDifferentNumber1MaxValuesPrunedFromSingleVar=4
%%%mzn-stat: allDifferentNumber1TotalSccSizeAtPruning=170
%%%mzn-stat: allDifferentNumber1NumberOfSccPruningCalls=104
%%%mzn-stat: circuitNumber2PropagationsThatFoundConflict=2
%%%mzn-stat: circuitNumber2TotalFixedEdgesAtConflict=34
%%%mzn-stat: circuitNumber2NumberOfConflicts=2
%%%mzn-stat: circuitNumber2PropagationsThatPruned=6
%%%mzn-stat: circuitNumber2PropagationsTotal=106
%%%mzn-stat: AverageConflictSize=17
%%%mzn-stat: NumUnitNogoodsLearned=0
%%%mzn-stat: AverageLearnedNogoodLength=18.5
%%%mzn-stat: AverageBacktrackAmount=0
%%%mzn-stat: AverageLbd=15.5
%%%mzn-stat: 2AutonomousSearchNumBackupCalled=1214
%%%mzn-stat: 2AutonomousSearchNumPredicatesRemoved=0
%%%mzn-stat: 2AutonomousSearchNumCalls=1220
%%%mzn-stat: 2AutonomousSearchNumPredicatesAdded=61
%%%mzn-stat: 2AutonomousSearchAverageSizeOfHeap=0.2
%%%mzn-stat: 2AutonomousSearchNumAssignedPredicatesEncountered=244
%%%mzn-stat-end
maxleg = 498;
succ = array1d(1..20,[2, 3, 4, 5, 11, 8, 1, 7, 6, 9, 12, 13, 14, 15, 19, 10, 18, 16, 20, 17]);
% time elapsed: 7.42 s
----------
%%%mzn-stat: initTime=0.005154606
%%%mzn-stat: objective=489
%%%mzn-stat: nodes=1483
%%%mzn-stat: restarts=0
%%%mzn-stat: peakDepth=248
%%%mzn-stat: solveTime=0.005183701
%%%mzn-stat: variables=504
%%%mzn-stat: propagators=355
%%%mzn-stat: failures=2
%%%mzn-stat: propagations=4874
%%%mzn-stat: nogoods=2
%%%mzn-stat: numAtomicConstraintsPropagated=0
%%%mzn-stat: allDifferentNumber1PropagationsTotal=237
%%%mzn-stat: allDifferentNumber1PropagationsThatFoundConflict=0
%%%mzn-stat: allDifferentNumber1PropagationsThatPruned=118
%%%mzn-stat: allDifferentNumber1TotalValuesPruned=690
%%%mzn-stat: allDifferentNumber1TotalHallSetSizeConflict=0
%%%mzn-stat: allDifferentNumber1NumberOfConflicts=0
%%%mzn-stat: allDifferentNumber1MaxHallSetSizeConflict=0
%%%mzn-stat: allDifferentNumber1TotalPruningHallSetSize=792
%%%mzn-stat: allDifferentNumber1NumberOfPruningExplanations=690
%%%mzn-stat: allDifferentNumber1MaxPruningHallSetSize=8
%%%mzn-stat: allDifferentNumber1TotalFixedEdgesAtConflict=0
%%%mzn-stat: allDifferentNumber1TotalVarsInvolvedInPruning=670
%%%mzn-stat: allDifferentNumber1MaxValuesPrunedFromSingleVar=4
%%%mzn-stat: allDifferentNumber1TotalSccSizeAtPruning=191
%%%mzn-stat: allDifferentNumber1NumberOfSccPruningCalls=118
%%%mzn-stat: circuitNumber2PropagationsThatFoundConflict=2
%%%mzn-stat: circuitNumber2TotalFixedEdgesAtConflict=34
%%%mzn-stat: circuitNumber2NumberOfConflicts=2
%%%mzn-stat: circuitNumber2PropagationsThatPruned=7
%%%mzn-stat: circuitNumber2PropagationsTotal=121
%%%mzn-stat: AverageConflictSize=17
%%%mzn-stat: NumUnitNogoodsLearned=0
%%%mzn-stat: AverageLearnedNogoodLength=18.5
%%%mzn-stat: AverageBacktrackAmount=0
%%%mzn-stat: AverageLbd=15.5
%%%mzn-stat: 2AutonomousSearchNumBackupCalled=1368
%%%mzn-stat: 2AutonomousSearchNumPredicatesRemoved=0
%%%mzn-stat: 2AutonomousSearchNumCalls=1375
%%%mzn-stat: 2AutonomousSearchNumPredicatesAdded=61
%%%mzn-stat: 2AutonomousSearchAverageSizeOfHeap=0.22181818181818183
%%%mzn-stat: 2AutonomousSearchNumAssignedPredicatesEncountered=305
%%%mzn-stat-end
maxleg = 489;
succ = array1d(1..20,[3, 4, 2, 5, 11, 8, 1, 7, 6, 9, 12, 13, 14, 15, 19, 10, 18, 16, 20, 17]);
% time elapsed: 7.42 s
----------
%%%mzn-stat: initTime=0.005154606
%%%mzn-stat: objective=437
%%%mzn-stat: nodes=1623
%%%mzn-stat: restarts=0
%%%mzn-stat: peakDepth=248
%%%mzn-stat: solveTime=0.005711794
%%%mzn-stat: variables=504
%%%mzn-stat: propagators=355
%%%mzn-stat: failures=2
%%%mzn-stat: propagations=5520
%%%mzn-stat: nogoods=2
%%%mzn-stat: numAtomicConstraintsPropagated=0
%%%mzn-stat: allDifferentNumber1PropagationsTotal=266
%%%mzn-stat: allDifferentNumber1PropagationsThatFoundConflict=0
%%%mzn-stat: allDifferentNumber1PropagationsThatPruned=132
%%%mzn-stat: allDifferentNumber1TotalValuesPruned=761
%%%mzn-stat: allDifferentNumber1TotalHallSetSizeConflict=0
%%%mzn-stat: allDifferentNumber1NumberOfConflicts=0
%%%mzn-stat: allDifferentNumber1MaxHallSetSizeConflict=0
%%%mzn-stat: allDifferentNumber1TotalPruningHallSetSize=878
%%%mzn-stat: allDifferentNumber1NumberOfPruningExplanations=761
%%%mzn-stat: allDifferentNumber1MaxPruningHallSetSize=8
%%%mzn-stat: allDifferentNumber1TotalFixedEdgesAtConflict=0
%%%mzn-stat: allDifferentNumber1TotalVarsInvolvedInPruning=739
%%%mzn-stat: allDifferentNumber1MaxValuesPrunedFromSingleVar=4
%%%mzn-stat: allDifferentNumber1TotalSccSizeAtPruning=212
%%%mzn-stat: allDifferentNumber1NumberOfSccPruningCalls=132
%%%mzn-stat: circuitNumber2PropagationsThatFoundConflict=2
%%%mzn-stat: circuitNumber2TotalFixedEdgesAtConflict=34
%%%mzn-stat: circuitNumber2NumberOfConflicts=2
%%%mzn-stat: circuitNumber2PropagationsThatPruned=8
%%%mzn-stat: circuitNumber2PropagationsTotal=136
%%%mzn-stat: AverageConflictSize=17
%%%mzn-stat: NumUnitNogoodsLearned=0
%%%mzn-stat: AverageLearnedNogoodLength=18.5
%%%mzn-stat: AverageBacktrackAmount=0
%%%mzn-stat: AverageLbd=15.5
%%%mzn-stat: 2AutonomousSearchNumBackupCalled=1493
%%%mzn-stat: 2AutonomousSearchNumPredicatesRemoved=0
%%%mzn-stat: 2AutonomousSearchNumCalls=1501
%%%mzn-stat: 2AutonomousSearchNumPredicatesAdded=61
%%%mzn-stat: 2AutonomousSearchAverageSizeOfHeap=0.24383744170552965
%%%mzn-stat: 2AutonomousSearchNumAssignedPredicatesEncountered=366
%%%mzn-stat-end
maxleg = 437;
succ = array1d(1..20,[3, 4, 2, 5, 11, 8, 1, 7, 6, 9, 14, 13, 15, 12, 19, 10, 18, 16, 20, 17]);
% time elapsed: 7.43 s
----------
%%%mzn-stat: initTime=0.005154606
%%%mzn-stat: objective=404
%%%mzn-stat: nodes=1758
%%%mzn-stat: restarts=0
%%%mzn-stat: peakDepth=248
%%%mzn-stat: solveTime=0.006401519
%%%mzn-stat: variables=504
%%%mzn-stat: propagators=355
%%%mzn-stat: failures=3
%%%mzn-stat: propagations=6222
%%%mzn-stat: nogoods=3
%%%mzn-stat: numAtomicConstraintsPropagated=0
%%%mzn-stat: allDifferentNumber1PropagationsTotal=299
%%%mzn-stat: allDifferentNumber1PropagationsThatFoundConflict=0
%%%mzn-stat: allDifferentNumber1PropagationsThatPruned=148
%%%mzn-stat: allDifferentNumber1TotalValuesPruned=826
%%%mzn-stat: allDifferentNumber1TotalHallSetSizeConflict=0
%%%mzn-stat: allDifferentNumber1NumberOfConflicts=0
%%%mzn-stat: allDifferentNumber1MaxHallSetSizeConflict=0
%%%mzn-stat: allDifferentNumber1TotalPruningHallSetSize=1015
%%%mzn-stat: allDifferentNumber1NumberOfPruningExplanations=826
%%%mzn-stat: allDifferentNumber1MaxPruningHallSetSize=14
%%%mzn-stat: allDifferentNumber1TotalFixedEdgesAtConflict=0
%%%mzn-stat: allDifferentNumber1TotalVarsInvolvedInPruning=797
%%%mzn-stat: allDifferentNumber1MaxValuesPrunedFromSingleVar=4
%%%mzn-stat: allDifferentNumber1TotalSccSizeAtPruning=283
%%%mzn-stat: allDifferentNumber1NumberOfSccPruningCalls=148
%%%mzn-stat: circuitNumber2PropagationsThatFoundConflict=3
%%%mzn-stat: circuitNumber2TotalFixedEdgesAtConflict=47
%%%mzn-stat: circuitNumber2NumberOfConflicts=3
%%%mzn-stat: circuitNumber2PropagationsThatPruned=8
%%%mzn-stat: circuitNumber2PropagationsTotal=152
%%%mzn-stat: AverageConflictSize=12
%%%mzn-stat: NumUnitNogoodsLearned=0
%%%mzn-stat: AverageLearnedNogoodLength=15.666666666666666
%%%mzn-stat: AverageBacktrackAmount=0
%%%mzn-stat: AverageLbd=11.333333333333334
%%%mzn-stat: 2AutonomousSearchNumBackupCalled=1613
%%%mzn-stat: 2AutonomousSearchNumPredicatesRemoved=0
%%%mzn-stat: 2AutonomousSearchNumCalls=1622
%%%mzn-stat: 2AutonomousSearchNumPredicatesAdded=91
%%%mzn-stat: 2AutonomousSearchAverageSizeOfHeap=0.281134401972873
%%%mzn-stat: 2AutonomousSearchNumAssignedPredicatesEncountered=456
%%%mzn-stat-end
maxleg = 404;
succ = array1d(1..20,[3, 4, 2, 5, 11, 8, 1, 7, 6, 16, 14, 13, 15, 12, 19, 18, 10, 9, 20, 17]);
% time elapsed: 7.44 s
----------
%%%mzn-stat: initTime=0.005154606
%%%mzn-stat: objective=392
%%%mzn-stat: nodes=1880
%%%mzn-stat: restarts=0
%%%mzn-stat: peakDepth=248
%%%mzn-stat: solveTime=0.006946293
%%%mzn-stat: variables=504
%%%mzn-stat: propagators=355
%%%mzn-stat: failures=3
%%%mzn-stat: propagations=6904
%%%mzn-stat: nogoods=3
%%%mzn-stat: numAtomicConstraintsPropagated=0
%%%mzn-stat: allDifferentNumber1PropagationsTotal=328
%%%mzn-stat: allDifferentNumber1PropagationsThatFoundConflict=0
%%%mzn-stat: allDifferentNumber1PropagationsThatPruned=163
%%%mzn-stat: allDifferentNumber1TotalValuesPruned=883
%%%mzn-stat: allDifferentNumber1TotalHallSetSizeConflict=0
%%%mzn-stat: allDifferentNumber1NumberOfConflicts=0
%%%mzn-stat: allDifferentNumber1MaxHallSetSizeConflict=0
%%%mzn-stat: allDifferentNumber1TotalPruningHallSetSize=1147
%%%mzn-stat: allDifferentNumber1NumberOfPruningExplanations=883
%%%mzn-stat: allDifferentNumber1MaxPruningHallSetSize=15
%%%mzn-stat: allDifferentNumber1TotalFixedEdgesAtConflict=0
%%%mzn-stat: allDifferentNumber1TotalVarsInvolvedInPruning=847
%%%mzn-stat: allDifferentNumber1MaxValuesPrunedFromSingleVar=4
%%%mzn-stat: allDifferentNumber1TotalSccSizeAtPruning=355
%%%mzn-stat: allDifferentNumber1NumberOfSccPruningCalls=163
%%%mzn-stat: circuitNumber2PropagationsThatFoundConflict=3
%%%mzn-stat: circuitNumber2TotalFixedEdgesAtConflict=47
%%%mzn-stat: circuitNumber2NumberOfConflicts=3
%%%mzn-stat: circuitNumber2PropagationsThatPruned=9
%%%mzn-stat: circuitNumber2PropagationsTotal=167
%%%mzn-stat: AverageConflictSize=12
%%%mzn-stat: NumUnitNogoodsLearned=0
%%%mzn-stat: AverageLearnedNogoodLength=15.666666666666666
%%%mzn-stat: AverageBacktrackAmount=0
%%%mzn-stat: AverageLbd=11.333333333333334
%%%mzn-stat: 2AutonomousSearchNumBackupCalled=1722
%%%mzn-stat: 2AutonomousSearchNumPredicatesRemoved=0
%%%mzn-stat: 2AutonomousSearchNumCalls=1732
%%%mzn-stat: 2AutonomousSearchNumPredicatesAdded=91
%%%mzn-stat: 2AutonomousSearchAverageSizeOfHeap=0.31524249422632794
%%%mzn-stat: 2AutonomousSearchNumAssignedPredicatesEncountered=546
%%%mzn-stat-end
maxleg = 392;
succ = array1d(1..20,[3, 4, 2, 5, 11, 8, 1, 7, 6, 16, 14, 13, 19, 12, 20, 18, 10, 9, 15, 17]);
% time elapsed: 7.44 s
----------
%%%mzn-stat: initTime=0.005154606
%%%mzn-stat: objective=378
%%%mzn-stat: nodes=1992
%%%mzn-stat: restarts=0
%%%mzn-stat: peakDepth=248
%%%mzn-stat: solveTime=0.007624423
%%%mzn-stat: variables=504
%%%mzn-stat: propagators=355
%%%mzn-stat: failures=4
%%%mzn-stat: propagations=7630
%%%mzn-stat: nogoods=4
%%%mzn-stat: numAtomicConstraintsPropagated=0
%%%mzn-stat: allDifferentNumber1PropagationsTotal=360
%%%mzn-stat: allDifferentNumber1PropagationsThatFoundConflict=0
%%%mzn-stat: allDifferentNumber1PropagationsThatPruned=180
%%%mzn-stat: allDifferentNumber1TotalValuesPruned=944
%%%mzn-stat: allDifferentNumber1TotalHallSetSizeConflict=0
%%%mzn-stat: allDifferentNumber1NumberOfConflicts=0
%%%mzn-stat: allDifferentNumber1MaxHallSetSizeConflict=0
%%%mzn-stat: allDifferentNumber1TotalPruningHallSetSize=1286
%%%mzn-stat: allDifferentNumber1NumberOfPruningExplanations=944
%%%mzn-stat: allDifferentNumber1MaxPruningHallSetSize=15
%%%mzn-stat: allDifferentNumber1TotalFixedEdgesAtConflict=0
%%%mzn-stat: allDifferentNumber1TotalVarsInvolvedInPruning=901
%%%mzn-stat: allDifferentNumber1MaxValuesPrunedFromSingleVar=4
%%%mzn-stat: allDifferentNumber1TotalSccSizeAtPruning=418
%%%mzn-stat: allDifferentNumber1NumberOfSccPruningCalls=180
%%%mzn-stat: circuitNumber2PropagationsThatFoundConflict=4
%%%mzn-stat: circuitNumber2TotalFixedEdgesAtConflict=60
%%%mzn-stat: circuitNumber2NumberOfConflicts=4
%%%mzn-stat: circuitNumber2PropagationsThatPruned=11
%%%mzn-stat: circuitNumber2PropagationsTotal=184
%%%mzn-stat: AverageConflictSize=9.5
%%%mzn-stat: NumUnitNogoodsLearned=0
%%%mzn-stat: AverageLearnedNogoodLength=16.25
%%%mzn-stat: AverageBacktrackAmount=0
%%%mzn-stat: AverageLbd=10.25
%%%mzn-stat: 2AutonomousSearchNumBackupCalled=1820
%%%mzn-stat: 2AutonomousSearchNumPredicatesRemoved=0
%%%mzn-stat: 2AutonomousSearchNumCalls=1831
%%%mzn-stat: 2AutonomousSearchNumPredicatesAdded=137
%%%mzn-stat: 2AutonomousSearchAverageSizeOfHeap=0.3566357181867832
%%%mzn-stat: 2AutonomousSearchNumAssignedPredicatesEncountered=653
%%%mzn-stat-end
maxleg = 378;
succ = array1d(1..20,[3, 4, 2, 5, 11, 9, 1, 7, 8, 16, 14, 13, 19, 12, 20, 18, 10, 6, 15, 17]);
% time elapsed: 7.44 s
----------
%%%mzn-stat: initTime=0.005154606
%%%mzn-stat: objective=362
%%%mzn-stat: nodes=2101
%%%mzn-stat: restarts=0
%%%mzn-stat: peakDepth=248
%%%mzn-stat: solveTime=0.008180952
%%%mzn-stat: variables=504
%%%mzn-stat: propagators=355
%%%mzn-stat: failures=4
%%%mzn-stat: propagations=8317
%%%mzn-stat: nogoods=4
%%%mzn-stat: numAtomicConstraintsPropagated=0
%%%mzn-stat: allDifferentNumber1PropagationsTotal=390
%%%mzn-stat: allDifferentNumber1PropagationsThatFoundConflict=0
%%%mzn-stat: allDifferentNumber1PropagationsThatPruned=195
%%%mzn-stat: allDifferentNumber1TotalValuesPruned=992
%%%mzn-stat: allDifferentNumber1TotalHallSetSizeConflict=0
%%%mzn-stat: allDifferentNumber1NumberOfConflicts=0
%%%mzn-stat: allDifferentNumber1MaxHallSetSizeConflict=0
%%%mzn-stat: allDifferentNumber1TotalPruningHallSetSize=1376
%%%mzn-stat: allDifferentNumber1NumberOfPruningExplanations=992
%%%mzn-stat: allDifferentNumber1MaxPruningHallSetSize=15
%%%mzn-stat: allDifferentNumber1TotalFixedEdgesAtConflict=0
%%%mzn-stat: allDifferentNumber1TotalVarsInvolvedInPruning=946
%%%mzn-stat: allDifferentNumber1MaxValuesPrunedFromSingleVar=4
%%%mzn-stat: allDifferentNumber1TotalSccSizeAtPruning=470
%%%mzn-stat: allDifferentNumber1NumberOfSccPruningCalls=195
%%%mzn-stat: circuitNumber2PropagationsThatFoundConflict=4
%%%mzn-stat: circuitNumber2TotalFixedEdgesAtConflict=60
%%%mzn-stat: circuitNumber2NumberOfConflicts=4
%%%mzn-stat: circuitNumber2PropagationsThatPruned=12
%%%mzn-stat: circuitNumber2PropagationsTotal=199
%%%mzn-stat: AverageConflictSize=9.5
%%%mzn-stat: NumUnitNogoodsLearned=0
%%%mzn-stat: AverageLearnedNogoodLength=16.25
%%%mzn-stat: AverageBacktrackAmount=0
%%%mzn-stat: AverageLbd=10.25
%%%mzn-stat: 2AutonomousSearchNumBackupCalled=1916
%%%mzn-stat: 2AutonomousSearchNumPredicatesRemoved=0
%%%mzn-stat: 2AutonomousSearchNumCalls=1928
%%%mzn-stat: 2AutonomousSearchNumPredicatesAdded=137
%%%mzn-stat: 2AutonomousSearchAverageSizeOfHeap=0.3941908713692946
%%%mzn-stat: 2AutonomousSearchNumAssignedPredicatesEncountered=760
%%%mzn-stat-end
maxleg = 362;
succ = array1d(1..20,[3, 5, 2, 1, 11, 9, 4, 7, 8, 16, 14, 13, 19, 12, 20, 18, 10, 6, 15, 17]);
% time elapsed: 7.44 s
----------
%%%mzn-stat: initTime=0.005154606
%%%mzn-stat: objective=356
%%%mzn-stat: nodes=2188
%%%mzn-stat: restarts=0
%%%mzn-stat: peakDepth=248
%%%mzn-stat: solveTime=0.008707896
%%%mzn-stat: variables=504
%%%mzn-stat: propagators=355
%%%mzn-stat: failures=4
%%%mzn-stat: propagations=9015
%%%mzn-stat: nogoods=4
%%%mzn-stat: numAtomicConstraintsPropagated=0
%%%mzn-stat: allDifferentNumber1PropagationsTotal=417
%%%mzn-stat: allDifferentNumber1PropagationsThatFoundConflict=0
%%%mzn-stat: allDifferentNumber1PropagationsThatPruned=209
%%%mzn-stat: allDifferentNumber1TotalValuesPruned=1039
%%%mzn-stat: allDifferentNumber1TotalHallSetSizeConflict=0
%%%mzn-stat: allDifferentNumber1NumberOfConflicts=0
%%%mzn-stat: allDifferentNumber1MaxHallSetSizeConflict=0
%%%mzn-stat: allDifferentNumber1TotalPruningHallSetSize=1480
%%%mzn-stat: allDifferentNumber1NumberOfPruningExplanations=1039
%%%mzn-stat: allDifferentNumber1MaxPruningHallSetSize=15
%%%mzn-stat: allDifferentNumber1TotalFixedEdgesAtConflict=0
%%%mzn-stat: allDifferentNumber1TotalVarsInvolvedInPruning=989
%%%mzn-stat: allDifferentNumber1MaxValuesPrunedFromSingleVar=4
%%%mzn-stat: allDifferentNumber1TotalSccSizeAtPruning=532
%%%mzn-stat: allDifferentNumber1NumberOfSccPruningCalls=209
%%%mzn-stat: circuitNumber2PropagationsThatFoundConflict=4
%%%mzn-stat: circuitNumber2TotalFixedEdgesAtConflict=60
%%%mzn-stat: circuitNumber2NumberOfConflicts=4
%%%mzn-stat: circuitNumber2PropagationsThatPruned=14
%%%mzn-stat: circuitNumber2PropagationsTotal=214
%%%mzn-stat: AverageConflictSize=9.5
%%%mzn-stat: NumUnitNogoodsLearned=0
%%%mzn-stat: AverageLearnedNogoodLength=16.25
%%%mzn-stat: AverageBacktrackAmount=0
%%%mzn-stat: AverageLbd=10.25
%%%mzn-stat: 2AutonomousSearchNumBackupCalled=1992
%%%mzn-stat: 2AutonomousSearchNumPredicatesRemoved=0
%%%mzn-stat: 2AutonomousSearchNumCalls=2005
%%%mzn-stat: 2AutonomousSearchNumPredicatesAdded=137
%%%mzn-stat: 2AutonomousSearchAverageSizeOfHeap=0.43241895261845387
%%%mzn-stat: 2AutonomousSearchNumAssignedPredicatesEncountered=867
%%%mzn-stat-end
maxleg = 356;
succ = array1d(1..20,[3, 5, 2, 1, 11, 9, 4, 7, 8, 16, 14, 15, 12, 19, 20, 18, 10, 6, 13, 17]);
% time elapsed: 7.44 s
----------
==========
% time elapsed: 8.10 s
%%%mzn-stat: initTime=0.005154606
%%%mzn-stat: objective=356
%%%mzn-stat: nodes=5132
%%%mzn-stat: restarts=0
%%%mzn-stat: peakDepth=248
%%%mzn-stat: solveTime=0.674550037
%%%mzn-stat: variables=504
%%%mzn-stat: propagators=355
%%%mzn-stat: failures=2875
%%%mzn-stat: propagations=257126
%%%mzn-stat: nogoods=2875
%%%mzn-stat: numAtomicConstraintsPropagated=0
%%%mzn-stat: allDifferentNumber1PropagationsTotal=15071
%%%mzn-stat: allDifferentNumber1PropagationsThatFoundConflict=598
%%%mzn-stat: allDifferentNumber1PropagationsThatPruned=9633
%%%mzn-stat: allDifferentNumber1TotalValuesPruned=27546
%%%mzn-stat: allDifferentNumber1TotalHallSetSizeConflict=1346
%%%mzn-stat: allDifferentNumber1NumberOfConflicts=598
%%%mzn-stat: allDifferentNumber1MaxHallSetSizeConflict=11
%%%mzn-stat: allDifferentNumber1TotalPruningHallSetSize=61191
%%%mzn-stat: allDifferentNumber1NumberOfPruningExplanations=27546
%%%mzn-stat: allDifferentNumber1MaxPruningHallSetSize=17
%%%mzn-stat: allDifferentNumber1TotalFixedEdgesAtConflict=10401
%%%mzn-stat: allDifferentNumber1TotalVarsInvolvedInPruning=22703
%%%mzn-stat: allDifferentNumber1MaxValuesPrunedFromSingleVar=4
%%%mzn-stat: allDifferentNumber1TotalSccSizeAtPruning=37849
%%%mzn-stat: allDifferentNumber1NumberOfSccPruningCalls=9633
%%%mzn-stat: circuitNumber2PropagationsThatFoundConflict=1885
%%%mzn-stat: circuitNumber2TotalFixedEdgesAtConflict=31375
%%%mzn-stat: circuitNumber2NumberOfConflicts=1885
%%%mzn-stat: circuitNumber2PropagationsThatPruned=3157
%%%mzn-stat: circuitNumber2PropagationsTotal=9197
%%%mzn-stat: AverageConflictSize=12.045565217391305
%%%mzn-stat: NumUnitNogoodsLearned=1
%%%mzn-stat: AverageLearnedNogoodLength=57.3095652173913
%%%mzn-stat: AverageBacktrackAmount=0
%%%mzn-stat: AverageLbd=6.533565217391304
%%%mzn-stat: 2AutonomousSearchNumBackupCalled=1992
%%%mzn-stat: 2AutonomousSearchNumPredicatesRemoved=0
%%%mzn-stat: 2AutonomousSearchNumCalls=2005
%%%mzn-stat: 2AutonomousSearchNumPredicatesAdded=1270
%%%mzn-stat: 2AutonomousSearchAverageSizeOfHeap=0.43241895261845387
%%%mzn-stat: 2AutonomousSearchNumAssignedPredicatesEncountered=867
%%%mzn-stat-end
