% Logging successfully configured
=====UNKNOWN=====
% time elapsed: 300.12 s
%%%mzn-stat: initTime=0.043402514
%%%mzn-stat: nodes=549196
%%%mzn-stat: restarts=0
%%%mzn-stat: peakDepth=79
%%%mzn-stat: solveTime=296.942753256
%%%mzn-stat: variables=2332
%%%mzn-stat: propagators=6516
%%%mzn-stat: failures=459744
%%%mzn-stat: propagations=506710633
%%%mzn-stat: nogoods=459744
%%%mzn-stat: numAtomicConstraintsPropagated=0
%%%mzn-stat: circuitNumber4951PropagationsThatFoundConflict=1640
%%%mzn-stat: circuitNumber4951TotalFixedEdgesAtConflict=137319
%%%mzn-stat: circuitNumber4951NumberOfConflicts=1640
%%%mzn-stat: circuitNumber4951PropagationsThatPruned=36907
%%%mzn-stat: circuitNumber4951PropagationsTotal=493000
%%%mzn-stat: AverageConflictSize=13.77300193150971
%%%mzn-stat: NumUnitNogoodsLearned=0
%%%mzn-stat: AverageLearnedNogoodLength=52.25266887659219
%%%mzn-stat: AverageBacktrackAmount=0
%%%mzn-stat: AverageLbd=31.233784453956986
%%%mzn-stat: 2AutonomousSearchNumBackupCalled=0
%%%mzn-stat: 2AutonomousSearchNumPredicatesRemoved=0
%%%mzn-stat: 2AutonomousSearchNumCalls=0
%%%mzn-stat: 2AutonomousSearchNumPredicatesAdded=3304
%%%mzn-stat: 2AutonomousSearchAverageSizeOfHeap=0
%%%mzn-stat: 2AutonomousSearchNumAssignedPredicatesEncountered=0
%%%mzn-stat-end
