% Logging successfully configured
%%%mzn-stat: initTime=0.028929665
%%%mzn-stat: objective=939
%%%mzn-stat: nodes=461
%%%mzn-stat: restarts=0
%%%mzn-stat: peakDepth=442
%%%mzn-stat: solveTime=0.003596883
%%%mzn-stat: variables=1055
%%%mzn-stat: propagators=1895
%%%mzn-stat: failures=18
%%%mzn-stat: propagations=12393
%%%mzn-stat: nogoods=18
%%%mzn-stat: numAtomicConstraintsPropagated=0
%%%mzn-stat: circuitNumber1226PropagationsThatFoundConflict=1
%%%mzn-stat: circuitNumber1226TotalFixedEdgesAtConflict=45
%%%mzn-stat: circuitNumber1226NumberOfConflicts=1
%%%mzn-stat: circuitNumber1226PropagationsThatPruned=13
%%%mzn-stat: circuitNumber1226PropagationsTotal=52
%%%mzn-stat: AverageConflictSize=2.6666666666666665
%%%mzn-stat: NumUnitNogoodsLearned=0
%%%mzn-stat: AverageLearnedNogoodLength=19.944444444444443
%%%mzn-stat: AverageBacktrackAmount=0
%%%mzn-stat: AverageLbd=13.555555555555555
%%%mzn-stat: 2AutonomousSearchNumBackupCalled=414
%%%mzn-stat: 2AutonomousSearchNumPredicatesRemoved=0
%%%mzn-stat: 2AutonomousSearchNumCalls=415
%%%mzn-stat: 2AutonomousSearchNumPredicatesAdded=520
%%%mzn-stat: 2AutonomousSearchAverageSizeOfHeap=1.2530120481927711
%%%mzn-stat: 2AutonomousSearchNumAssignedPredicatesEncountered=520
%%%mzn-stat-end
maxleg = 939;
succ = array1d(1..50,[2, 7, 17, 18, 10, 15, 3, 5, 14, 6, 20, 13, 11, 26, 37, 36, 8, 9, 4, 30, 48, 1, 24, 29, 16, 44, 31, 40, 35, 28, 34, 21, 45, 49, 19, 42, 12, 39, 50, 25, 38, 27, 33, 41, 22, 32, 43, 23, 46, 47]);
% time elapsed: 3.46 s
----------
%%%mzn-stat: initTime=0.028929665
%%%mzn-stat: objective=911
%%%mzn-stat: nodes=912
%%%mzn-stat: restarts=0
%%%mzn-stat: peakDepth=442
%%%mzn-stat: solveTime=0.005304337
%%%mzn-stat: variables=1055
%%%mzn-stat: propagators=1895
%%%mzn-stat: failures=24
%%%mzn-stat: propagations=18344
%%%mzn-stat: nogoods=24
%%%mzn-stat: numAtomicConstraintsPropagated=0
%%%mzn-stat: circuitNumber1226PropagationsThatFoundConflict=1
%%%mzn-stat: circuitNumber1226TotalFixedEdgesAtConflict=45
%%%mzn-stat: circuitNumber1226NumberOfConflicts=1
%%%mzn-stat: circuitNumber1226PropagationsThatPruned=15
%%%mzn-stat: circuitNumber1226PropagationsTotal=97
%%%mzn-stat: AverageConflictSize=2.5
%%%mzn-stat: NumUnitNogoodsLearned=0
%%%mzn-stat: AverageLearnedNogoodLength=16.458333333333332
%%%mzn-stat: AverageBacktrackAmount=0
%%%mzn-stat: AverageLbd=11.5
%%%mzn-stat: 2AutonomousSearchNumBackupCalled=818
%%%mzn-stat: 2AutonomousSearchNumPredicatesRemoved=0
%%%mzn-stat: 2AutonomousSearchNumCalls=820
%%%mzn-stat: 2AutonomousSearchNumPredicatesAdded=688
%%%mzn-stat: 2AutonomousSearchAverageSizeOfHeap=1.4060975609756097
%%%mzn-stat: 2AutonomousSearchNumAssignedPredicatesEncountered=1153
%%%mzn-stat-end
maxleg = 911;
succ = array1d(1..50,[8, 7, 17, 18, 2, 10, 1, 26, 5, 27, 14, 13, 11, 6, 37, 3, 9, 28, 4, 30, 36, 19, 24, 20, 16, 44, 31, 15, 35, 33, 25, 40, 29, 49, 34, 42, 12, 39, 50, 21, 38, 45, 48, 41, 22, 32, 43, 23, 46, 47]);
% time elapsed: 3.46 s
----------
==========
% time elapsed: 3.46 s
%%%mzn-stat: initTime=0.028929665
%%%mzn-stat: objective=911
%%%mzn-stat: nodes=912
%%%mzn-stat: restarts=0
%%%mzn-stat: peakDepth=442
%%%mzn-stat: solveTime=0.005361973
%%%mzn-stat: variables=1055
%%%mzn-stat: propagators=1895
%%%mzn-stat: failures=25
%%%mzn-stat: propagations=18394
%%%mzn-stat: nogoods=25
%%%mzn-stat: numAtomicConstraintsPropagated=0
%%%mzn-stat: circuitNumber1226PropagationsThatFoundConflict=1
%%%mzn-stat: circuitNumber1226TotalFixedEdgesAtConflict=45
%%%mzn-stat: circuitNumber1226NumberOfConflicts=1
%%%mzn-stat: circuitNumber1226PropagationsThatPruned=15
%%%mzn-stat: circuitNumber1226PropagationsTotal=97
%%%mzn-stat: AverageConflictSize=2.48
%%%mzn-stat: NumUnitNogoodsLearned=1
%%%mzn-stat: AverageLearnedNogoodLength=15.84
%%%mzn-stat: AverageBacktrackAmount=0
%%%mzn-stat: AverageLbd=11.08
%%%mzn-stat: 2AutonomousSearchNumBackupCalled=818
%%%mzn-stat: 2AutonomousSearchNumPredicatesRemoved=0
%%%mzn-stat: 2AutonomousSearchNumCalls=820
%%%mzn-stat: 2AutonomousSearchNumPredicatesAdded=737
%%%mzn-stat: 2AutonomousSearchAverageSizeOfHeap=1.4060975609756097
%%%mzn-stat: 2AutonomousSearchNumAssignedPredicatesEncountered=1153
%%%mzn-stat-end
