% Logging successfully configured
%%%mzn-stat: initTime=0.046393901
%%%mzn-stat: objective=902
%%%mzn-stat: nodes=2558
%%%mzn-stat: restarts=0
%%%mzn-stat: peakDepth=2556
%%%mzn-stat: solveTime=0.049032279
%%%mzn-stat: variables=3349
%%%mzn-stat: propagators=2906
%%%mzn-stat: failures=2
%%%mzn-stat: propagations=10454
%%%mzn-stat: nogoods=2
%%%mzn-stat: numAtomicConstraintsPropagated=0
%%%mzn-stat: allDifferentNumber1PropagationsTotal=261
%%%mzn-stat: allDifferentNumber1PropagationsThatFoundConflict=0
%%%mzn-stat: allDifferentNumber1PropagationsThatPruned=133
%%%mzn-stat: allDifferentNumber1TotalValuesPruned=1279
%%%mzn-stat: allDifferentNumber1TotalHallSetSizeConflict=0
%%%mzn-stat: allDifferentNumber1NumberOfConflicts=0
%%%mzn-stat: allDifferentNumber1MaxHallSetSizeConflict=0
%%%mzn-stat: allDifferentNumber1TotalPruningHallSetSize=1756
%%%mzn-stat: allDifferentNumber1NumberOfPruningExplanations=1279
%%%mzn-stat: allDifferentNumber1MaxPruningHallSetSize=27
%%%mzn-stat: allDifferentNumber1TotalFixedEdgesAtConflict=0
%%%mzn-stat: allDifferentNumber1TotalVarsInvolvedInPruning=1256
%%%mzn-stat: allDifferentNumber1MaxValuesPrunedFromSingleVar=4
%%%mzn-stat: allDifferentNumber1TotalSccSizeAtPruning=277
%%%mzn-stat: allDifferentNumber1NumberOfSccPruningCalls=133
%%%mzn-stat: circuitNumber2PropagationsThatFoundConflict=2
%%%mzn-stat: circuitNumber2TotalFixedEdgesAtConflict=292
%%%mzn-stat: circuitNumber2NumberOfConflicts=2
%%%mzn-stat: circuitNumber2PropagationsThatPruned=5
%%%mzn-stat: circuitNumber2PropagationsTotal=134
%%%mzn-stat: AverageConflictSize=41
%%%mzn-stat: NumUnitNogoodsLearned=0
%%%mzn-stat: AverageLearnedNogoodLength=45
%%%mzn-stat: AverageBacktrackAmount=0
%%%mzn-stat: AverageLbd=38
%%%mzn-stat: 2AutonomousSearchNumBackupCalled=2432
%%%mzn-stat: 2AutonomousSearchNumPredicatesRemoved=0
%%%mzn-stat: 2AutonomousSearchNumCalls=2433
%%%mzn-stat: 2AutonomousSearchNumPredicatesAdded=105
%%%mzn-stat: 2AutonomousSearchAverageSizeOfHeap=0.04315659679408138
%%%mzn-stat: 2AutonomousSearchNumAssignedPredicatesEncountered=105
%%%mzn-stat-end
maxleg = 902;
succ = array1d(1..150,[5, 12, 8, 10, 26, 9, 14, 19, 18, 1, 3, 34, 4, 2, 11, 15, 27, 53, 20, 31, 57, 7, 22, 23, 38, 35, 29, 16, 36, 6, 33, 28, 50, 40, 43, 55, 13, 41, 37, 30, 60, 17, 66, 39, 24, 51, 25, 54, 44, 58, 64, 32, 46, 63, 72, 47, 73, 65, 71, 21, 49, 52, 68, 69, 67, 45, 42, 81, 82, 56, 74, 84, 93, 87, 48, 86, 59, 75, 77, 78, 113, 97, 70, 79, 80, 61, 98, 83, 95, 96, 62, 88, 90, 92, 110, 103, 105, 106, 104, 76, 100, 94, 99, 85, 114, 115, 121, 101, 91, 116, 133, 109, 123, 112, 126, 129, 120, 132, 102, 148, 117, 144, 146, 89, 136, 140, 124, 108, 138, 143, 134, 149, 131, 122, 141, 142, 128, 118, 127, 139, 125, 147, 137, 119, 107, 150, 145, 111, 135, 130]);
% time elapsed: 12.04 s
----------
%%%mzn-stat: initTime=0.046393901
%%%mzn-stat: objective=340
%%%mzn-stat: nodes=5097
%%%mzn-stat: restarts=0
%%%mzn-stat: peakDepth=2556
%%%mzn-stat: solveTime=0.105274687
%%%mzn-stat: variables=3349
%%%mzn-stat: propagators=2906
%%%mzn-stat: failures=8
%%%mzn-stat: propagations=15701
%%%mzn-stat: nogoods=8
%%%mzn-stat: numAtomicConstraintsPropagated=0
%%%mzn-stat: allDifferentNumber1PropagationsTotal=578
%%%mzn-stat: allDifferentNumber1PropagationsThatFoundConflict=0
%%%mzn-stat: allDifferentNumber1PropagationsThatPruned=303
%%%mzn-stat: allDifferentNumber1TotalValuesPruned=2787
%%%mzn-stat: allDifferentNumber1TotalHallSetSizeConflict=0
%%%mzn-stat: allDifferentNumber1NumberOfConflicts=0
%%%mzn-stat: allDifferentNumber1MaxHallSetSizeConflict=0
%%%mzn-stat: allDifferentNumber1TotalPruningHallSetSize=5810
%%%mzn-stat: allDifferentNumber1NumberOfPruningExplanations=2787
%%%mzn-stat: allDifferentNumber1MaxPruningHallSetSize=46
%%%mzn-stat: allDifferentNumber1TotalFixedEdgesAtConflict=0
%%%mzn-stat: allDifferentNumber1TotalVarsInvolvedInPruning=2669
%%%mzn-stat: allDifferentNumber1MaxValuesPrunedFromSingleVar=6
%%%mzn-stat: allDifferentNumber1TotalSccSizeAtPruning=1036
%%%mzn-stat: allDifferentNumber1NumberOfSccPruningCalls=303
%%%mzn-stat: circuitNumber2PropagationsThatFoundConflict=7
%%%mzn-stat: circuitNumber2TotalFixedEdgesAtConflict=882
%%%mzn-stat: circuitNumber2NumberOfConflicts=7
%%%mzn-stat: circuitNumber2PropagationsThatPruned=21
%%%mzn-stat: circuitNumber2PropagationsTotal=303
%%%mzn-stat: AverageConflictSize=14.25
%%%mzn-stat: NumUnitNogoodsLearned=0
%%%mzn-stat: AverageLearnedNogoodLength=32
%%%mzn-stat: AverageBacktrackAmount=0
%%%mzn-stat: AverageLbd=18
%%%mzn-stat: 2AutonomousSearchNumBackupCalled=4829
%%%mzn-stat: 2AutonomousSearchNumPredicatesRemoved=0
%%%mzn-stat: 2AutonomousSearchNumCalls=4831
%%%mzn-stat: 2AutonomousSearchNumPredicatesAdded=583
%%%mzn-stat: 2AutonomousSearchAverageSizeOfHeap=0.1422065824880977
%%%mzn-stat: 2AutonomousSearchNumAssignedPredicatesEncountered=687
%%%mzn-stat-end
maxleg = 340;
succ = array1d(1..150,[5, 12, 8, 10, 26, 9, 14, 19, 18, 1, 3, 34, 4, 2, 11, 15, 27, 53, 20, 31, 57, 7, 22, 23, 38, 35, 29, 16, 36, 6, 33, 28, 50, 40, 43, 55, 13, 41, 37, 30, 60, 17, 66, 39, 24, 51, 25, 54, 44, 58, 64, 32, 46, 63, 72, 47, 73, 65, 71, 21, 49, 52, 68, 69, 67, 45, 42, 81, 82, 56, 74, 84, 93, 87, 48, 86, 59, 75, 77, 78, 113, 97, 70, 79, 80, 61, 98, 83, 95, 96, 62, 88, 90, 92, 110, 103, 105, 106, 104, 76, 100, 94, 99, 118, 114, 115, 145, 101, 91, 124, 133, 109, 89, 117, 123, 85, 120, 138, 102, 148, 107, 112, 126, 127, 136, 140, 139, 108, 116, 143, 134, 149, 131, 122, 141, 144, 128, 129, 146, 121, 142, 147, 137, 119, 132, 150, 125, 111, 135, 130]);
% time elapsed: 12.08 s
----------
%%%mzn-stat: initTime=0.046393901
%%%mzn-stat: objective=336
%%%mzn-stat: nodes=7618
%%%mzn-stat: restarts=0
%%%mzn-stat: peakDepth=2556
%%%mzn-stat: solveTime=0.15354602
%%%mzn-stat: variables=3349
%%%mzn-stat: propagators=2906
%%%mzn-stat: failures=9
%%%mzn-stat: propagations=20691
%%%mzn-stat: nogoods=9
%%%mzn-stat: numAtomicConstraintsPropagated=0
%%%mzn-stat: allDifferentNumber1PropagationsTotal=840
%%%mzn-stat: allDifferentNumber1PropagationsThatFoundConflict=0
%%%mzn-stat: allDifferentNumber1PropagationsThatPruned=439
%%%mzn-stat: allDifferentNumber1TotalValuesPruned=4062
%%%mzn-stat: allDifferentNumber1TotalHallSetSizeConflict=0
%%%mzn-stat: allDifferentNumber1NumberOfConflicts=0
%%%mzn-stat: allDifferentNumber1MaxHallSetSizeConflict=0
%%%mzn-stat: allDifferentNumber1TotalPruningHallSetSize=8038
%%%mzn-stat: allDifferentNumber1NumberOfPruningExplanations=4062
%%%mzn-stat: allDifferentNumber1MaxPruningHallSetSize=46
%%%mzn-stat: allDifferentNumber1TotalFixedEdgesAtConflict=0
%%%mzn-stat: allDifferentNumber1TotalVarsInvolvedInPruning=3912
%%%mzn-stat: allDifferentNumber1MaxValuesPrunedFromSingleVar=6
%%%mzn-stat: allDifferentNumber1TotalSccSizeAtPruning=1381
%%%mzn-stat: allDifferentNumber1NumberOfSccPruningCalls=439
%%%mzn-stat: circuitNumber2PropagationsThatFoundConflict=8
%%%mzn-stat: circuitNumber2TotalFixedEdgesAtConflict=1023
%%%mzn-stat: circuitNumber2NumberOfConflicts=8
%%%mzn-stat: circuitNumber2PropagationsThatPruned=28
%%%mzn-stat: circuitNumber2PropagationsTotal=438
%%%mzn-stat: AverageConflictSize=18.11111111111111
%%%mzn-stat: NumUnitNogoodsLearned=0
%%%mzn-stat: AverageLearnedNogoodLength=34.77777777777778
%%%mzn-stat: AverageBacktrackAmount=0
%%%mzn-stat: AverageLbd=21.22222222222222
%%%mzn-stat: 2AutonomousSearchNumBackupCalled=7227
%%%mzn-stat: 2AutonomousSearchNumPredicatesRemoved=0
%%%mzn-stat: 2AutonomousSearchNumCalls=7230
%%%mzn-stat: 2AutonomousSearchNumPredicatesAdded=693
%%%mzn-stat: 2AutonomousSearchAverageSizeOfHeap=0.18976486860304287
%%%mzn-stat: 2AutonomousSearchNumAssignedPredicatesEncountered=1372
%%%mzn-stat-end
maxleg = 336;
succ = array1d(1..150,[5, 12, 8, 10, 26, 9, 14, 19, 18, 1, 3, 34, 4, 2, 11, 15, 27, 53, 20, 31, 57, 7, 22, 23, 38, 35, 29, 16, 36, 6, 33, 28, 50, 40, 43, 55, 13, 41, 37, 30, 60, 17, 66, 39, 24, 51, 25, 54, 44, 58, 64, 32, 46, 63, 72, 47, 73, 65, 71, 21, 49, 52, 68, 69, 67, 45, 42, 81, 82, 56, 74, 84, 93, 87, 48, 86, 59, 75, 77, 78, 113, 97, 70, 79, 80, 61, 98, 83, 95, 96, 62, 88, 90, 92, 110, 103, 105, 106, 104, 76, 100, 94, 99, 118, 114, 115, 145, 101, 91, 124, 133, 109, 89, 117, 123, 85, 120, 138, 102, 148, 107, 112, 126, 127, 136, 140, 139, 131, 116, 143, 134, 149, 128, 122, 141, 144, 108, 129, 146, 121, 142, 147, 137, 119, 132, 150, 125, 111, 135, 130]);
% time elapsed: 12.13 s
----------
%%%mzn-stat: initTime=0.046393901
%%%mzn-stat: objective=298
%%%mzn-stat: nodes=10144
%%%mzn-stat: restarts=0
%%%mzn-stat: peakDepth=2556
%%%mzn-stat: solveTime=0.202053547
%%%mzn-stat: variables=3349
%%%mzn-stat: propagators=2906
%%%mzn-stat: failures=10
%%%mzn-stat: propagations=25687
%%%mzn-stat: nogoods=10
%%%mzn-stat: numAtomicConstraintsPropagated=0
%%%mzn-stat: allDifferentNumber1PropagationsTotal=1097
%%%mzn-stat: allDifferentNumber1PropagationsThatFoundConflict=0
%%%mzn-stat: allDifferentNumber1PropagationsThatPruned=571
%%%mzn-stat: allDifferentNumber1TotalValuesPruned=5335
%%%mzn-stat: allDifferentNumber1TotalHallSetSizeConflict=0
%%%mzn-stat: allDifferentNumber1NumberOfConflicts=0
%%%mzn-stat: allDifferentNumber1MaxHallSetSizeConflict=0
%%%mzn-stat: allDifferentNumber1TotalPruningHallSetSize=10301
%%%mzn-stat: allDifferentNumber1NumberOfPruningExplanations=5335
%%%mzn-stat: allDifferentNumber1MaxPruningHallSetSize=46
%%%mzn-stat: allDifferentNumber1TotalFixedEdgesAtConflict=0
%%%mzn-stat: allDifferentNumber1TotalVarsInvolvedInPruning=5146
%%%mzn-stat: allDifferentNumber1MaxValuesPrunedFromSingleVar=6
%%%mzn-stat: allDifferentNumber1TotalSccSizeAtPruning=1732
%%%mzn-stat: allDifferentNumber1NumberOfSccPruningCalls=571
%%%mzn-stat: circuitNumber2PropagationsThatFoundConflict=9
%%%mzn-stat: circuitNumber2TotalFixedEdgesAtConflict=1147
%%%mzn-stat: circuitNumber2NumberOfConflicts=9
%%%mzn-stat: circuitNumber2PropagationsThatPruned=34
%%%mzn-stat: circuitNumber2PropagationsTotal=569
%%%mzn-stat: AverageConflictSize=21.2
%%%mzn-stat: NumUnitNogoodsLearned=0
%%%mzn-stat: AverageLearnedNogoodLength=37.5
%%%mzn-stat: AverageBacktrackAmount=0
%%%mzn-stat: AverageLbd=23.7
%%%mzn-stat: 2AutonomousSearchNumBackupCalled=9630
%%%mzn-stat: 2AutonomousSearchNumPredicatesRemoved=0
%%%mzn-stat: 2AutonomousSearchNumCalls=9634
%%%mzn-stat: 2AutonomousSearchNumPredicatesAdded=875
%%%mzn-stat: 2AutonomousSearchAverageSizeOfHeap=0.22648951629645006
%%%mzn-stat: 2AutonomousSearchNumAssignedPredicatesEncountered=2182
%%%mzn-stat-end
maxleg = 298;
succ = array1d(1..150,[5, 12, 8, 10, 26, 9, 14, 19, 18, 1, 3, 34, 4, 2, 11, 15, 27, 53, 20, 31, 57, 7, 22, 23, 38, 35, 29, 16, 36, 6, 33, 28, 50, 40, 43, 55, 13, 41, 37, 30, 60, 17, 66, 39, 24, 51, 25, 54, 44, 58, 64, 32, 46, 63, 72, 47, 73, 65, 71, 21, 49, 52, 68, 69, 67, 45, 42, 81, 82, 56, 74, 84, 93, 87, 48, 86, 59, 75, 77, 78, 113, 97, 70, 79, 80, 61, 98, 83, 95, 96, 62, 88, 90, 92, 110, 103, 105, 106, 104, 76, 100, 94, 99, 118, 114, 115, 145, 101, 91, 124, 133, 117, 89, 109, 123, 85, 120, 138, 102, 148, 107, 112, 126, 127, 136, 140, 139, 108, 116, 143, 128, 149, 131, 122, 141, 144, 134, 129, 146, 121, 142, 147, 137, 119, 132, 150, 125, 111, 135, 130]);
% time elapsed: 12.20 s
----------
%%%mzn-stat: initTime=0.046393901
%%%mzn-stat: objective=290
%%%mzn-stat: nodes=13187
%%%mzn-stat: restarts=0
%%%mzn-stat: peakDepth=2556
%%%mzn-stat: solveTime=0.556232362
%%%mzn-stat: variables=3349
%%%mzn-stat: propagators=2906
%%%mzn-stat: failures=197
%%%mzn-stat: propagations=39833
%%%mzn-stat: nogoods=197
%%%mzn-stat: numAtomicConstraintsPropagated=0
%%%mzn-stat: allDifferentNumber1PropagationsTotal=2789
%%%mzn-stat: allDifferentNumber1PropagationsThatFoundConflict=1
%%%mzn-stat: allDifferentNumber1PropagationsThatPruned=1531
%%%mzn-stat: allDifferentNumber1TotalValuesPruned=9319
%%%mzn-stat: allDifferentNumber1TotalHallSetSizeConflict=2
%%%mzn-stat: allDifferentNumber1NumberOfConflicts=1
%%%mzn-stat: allDifferentNumber1MaxHallSetSizeConflict=2
%%%mzn-stat: allDifferentNumber1TotalPruningHallSetSize=18047
%%%mzn-stat: allDifferentNumber1NumberOfPruningExplanations=9319
%%%mzn-stat: allDifferentNumber1MaxPruningHallSetSize=46
%%%mzn-stat: allDifferentNumber1TotalFixedEdgesAtConflict=120
%%%mzn-stat: allDifferentNumber1TotalVarsInvolvedInPruning=8776
%%%mzn-stat: allDifferentNumber1MaxValuesPrunedFromSingleVar=7
%%%mzn-stat: allDifferentNumber1TotalSccSizeAtPruning=5442
%%%mzn-stat: allDifferentNumber1NumberOfSccPruningCalls=1531
%%%mzn-stat: circuitNumber2PropagationsThatFoundConflict=194
%%%mzn-stat: circuitNumber2TotalFixedEdgesAtConflict=27304
%%%mzn-stat: circuitNumber2NumberOfConflicts=194
%%%mzn-stat: circuitNumber2PropagationsThatPruned=121
%%%mzn-stat: circuitNumber2PropagationsTotal=1526
%%%mzn-stat: AverageConflictSize=73.22842639593908
%%%mzn-stat: NumUnitNogoodsLearned=0
%%%mzn-stat: AverageLearnedNogoodLength=76.41624365482234
%%%mzn-stat: AverageBacktrackAmount=0
%%%mzn-stat: AverageLbd=65.75634517766497
%%%mzn-stat: 2AutonomousSearchNumBackupCalled=12024
%%%mzn-stat: 2AutonomousSearchNumPredicatesRemoved=0
%%%mzn-stat: 2AutonomousSearchNumCalls=12029
%%%mzn-stat: 2AutonomousSearchNumPredicatesAdded=1765
%%%mzn-stat: 2AutonomousSearchAverageSizeOfHeap=0.3009393964585585
%%%mzn-stat: 2AutonomousSearchNumAssignedPredicatesEncountered=3620
%%%mzn-stat-end
maxleg = 290;
succ = array1d(1..150,[5, 12, 8, 10, 26, 9, 14, 19, 18, 1, 3, 34, 4, 2, 11, 15, 27, 53, 20, 31, 57, 7, 22, 23, 38, 35, 29, 16, 36, 6, 33, 28, 50, 40, 43, 55, 13, 41, 37, 30, 60, 17, 66, 39, 24, 51, 25, 54, 44, 58, 64, 32, 46, 63, 72, 47, 73, 65, 71, 21, 49, 52, 68, 69, 67, 45, 100, 81, 82, 56, 74, 84, 93, 42, 48, 86, 59, 75, 77, 78, 113, 97, 70, 106, 80, 61, 98, 83, 95, 79, 62, 88, 90, 92, 110, 103, 105, 109, 104, 76, 108, 94, 99, 85, 87, 115, 96, 128, 120, 116, 133, 91, 123, 117, 146, 129, 121, 132, 102, 148, 107, 112, 126, 89, 136, 140, 124, 131, 138, 143, 134, 149, 101, 114, 141, 144, 122, 118, 127, 139, 142, 145, 137, 119, 147, 150, 125, 111, 135, 130]);
% time elapsed: 12.56 s
----------
%%%mzn-stat: initTime=0.046393901
%%%mzn-stat: objective=272
%%%mzn-stat: nodes=15671
%%%mzn-stat: restarts=0
%%%mzn-stat: peakDepth=2556
%%%mzn-stat: solveTime=0.604216715
%%%mzn-stat: variables=3349
%%%mzn-stat: propagators=2906
%%%mzn-stat: failures=197
%%%mzn-stat: propagations=44764
%%%mzn-stat: nogoods=197
%%%mzn-stat: numAtomicConstraintsPropagated=0
%%%mzn-stat: allDifferentNumber1PropagationsTotal=3047
%%%mzn-stat: allDifferentNumber1PropagationsThatFoundConflict=1
%%%mzn-stat: allDifferentNumber1PropagationsThatPruned=1663
%%%mzn-stat: allDifferentNumber1TotalValuesPruned=10554
%%%mzn-stat: allDifferentNumber1TotalHallSetSizeConflict=2
%%%mzn-stat: allDifferentNumber1NumberOfConflicts=1
%%%mzn-stat: allDifferentNumber1MaxHallSetSizeConflict=2
%%%mzn-stat: allDifferentNumber1TotalPruningHallSetSize=20105
%%%mzn-stat: allDifferentNumber1NumberOfPruningExplanations=10554
%%%mzn-stat: allDifferentNumber1MaxPruningHallSetSize=46
%%%mzn-stat: allDifferentNumber1TotalFixedEdgesAtConflict=120
%%%mzn-stat: allDifferentNumber1TotalVarsInvolvedInPruning=9983
%%%mzn-stat: allDifferentNumber1MaxValuesPrunedFromSingleVar=7
%%%mzn-stat: allDifferentNumber1TotalSccSizeAtPruning=5823
%%%mzn-stat: allDifferentNumber1NumberOfSccPruningCalls=1663
%%%mzn-stat: circuitNumber2PropagationsThatFoundConflict=194
%%%mzn-stat: circuitNumber2TotalFixedEdgesAtConflict=27304
%%%mzn-stat: circuitNumber2NumberOfConflicts=194
%%%mzn-stat: circuitNumber2PropagationsThatPruned=127
%%%mzn-stat: circuitNumber2PropagationsTotal=1658
%%%mzn-stat: AverageConflictSize=73.22842639593908
%%%mzn-stat: NumUnitNogoodsLearned=0
%%%mzn-stat: AverageLearnedNogoodLength=76.41624365482234
%%%mzn-stat: AverageBacktrackAmount=0
%%%mzn-stat: AverageLbd=65.75634517766497
%%%mzn-stat: 2AutonomousSearchNumBackupCalled=14385
%%%mzn-stat: 2AutonomousSearchNumPredicatesRemoved=0
%%%mzn-stat: 2AutonomousSearchNumCalls=14391
%%%mzn-stat: 2AutonomousSearchNumPredicatesAdded=1765
%%%mzn-stat: 2AutonomousSearchAverageSizeOfHeap=0.3514696685428393
%%%mzn-stat: 2AutonomousSearchNumAssignedPredicatesEncountered=5058
%%%mzn-stat-end
maxleg = 272;
succ = array1d(1..150,[5, 12, 8, 10, 26, 9, 14, 19, 18, 1, 3, 34, 4, 2, 11, 15, 27, 53, 20, 31, 57, 7, 22, 23, 38, 35, 29, 16, 36, 6, 33, 28, 50, 40, 43, 55, 13, 41, 37, 30, 60, 17, 66, 39, 24, 51, 25, 54, 44, 58, 64, 32, 46, 63, 72, 47, 73, 65, 71, 21, 49, 52, 68, 69, 67, 45, 100, 81, 82, 56, 74, 84, 93, 42, 48, 86, 59, 75, 77, 78, 113, 97, 70, 106, 80, 61, 98, 83, 95, 79, 62, 88, 90, 92, 110, 103, 105, 109, 104, 76, 108, 94, 99, 85, 87, 115, 96, 128, 120, 116, 133, 91, 123, 117, 146, 129, 121, 132, 102, 148, 107, 112, 126, 89, 136, 140, 124, 131, 138, 143, 137, 149, 101, 114, 141, 144, 134, 118, 127, 139, 142, 145, 122, 119, 147, 150, 125, 111, 135, 130]);
% time elapsed: 12.62 s
----------
%%%mzn-stat: initTime=0.046393901
%%%mzn-stat: objective=262
%%%mzn-stat: nodes=18113
%%%mzn-stat: restarts=0
%%%mzn-stat: peakDepth=2556
%%%mzn-stat: solveTime=0.651048356
%%%mzn-stat: variables=3349
%%%mzn-stat: propagators=2906
%%%mzn-stat: failures=197
%%%mzn-stat: propagations=49706
%%%mzn-stat: nogoods=197
%%%mzn-stat: numAtomicConstraintsPropagated=0
%%%mzn-stat: allDifferentNumber1PropagationsTotal=3303
%%%mzn-stat: allDifferentNumber1PropagationsThatFoundConflict=1
%%%mzn-stat: allDifferentNumber1PropagationsThatPruned=1794
%%%mzn-stat: allDifferentNumber1TotalValuesPruned=11775
%%%mzn-stat: allDifferentNumber1TotalHallSetSizeConflict=2
%%%mzn-stat: allDifferentNumber1NumberOfConflicts=1
%%%mzn-stat: allDifferentNumber1MaxHallSetSizeConflict=2
%%%mzn-stat: allDifferentNumber1TotalPruningHallSetSize=21881
%%%mzn-stat: allDifferentNumber1NumberOfPruningExplanations=11775
%%%mzn-stat: allDifferentNumber1MaxPruningHallSetSize=46
%%%mzn-stat: allDifferentNumber1TotalFixedEdgesAtConflict=120
%%%mzn-stat: allDifferentNumber1TotalVarsInvolvedInPruning=11186
%%%mzn-stat: allDifferentNumber1MaxValuesPrunedFromSingleVar=7
%%%mzn-stat: allDifferentNumber1TotalSccSizeAtPruning=6182
%%%mzn-stat: allDifferentNumber1NumberOfSccPruningCalls=1794
%%%mzn-stat: circuitNumber2PropagationsThatFoundConflict=194
%%%mzn-stat: circuitNumber2TotalFixedEdgesAtConflict=27304
%%%mzn-stat: circuitNumber2NumberOfConflicts=194
%%%mzn-stat: circuitNumber2PropagationsThatPruned=132
%%%mzn-stat: circuitNumber2PropagationsTotal=1789
%%%mzn-stat: AverageConflictSize=73.22842639593908
%%%mzn-stat: NumUnitNogoodsLearned=0
%%%mzn-stat: AverageLearnedNogoodLength=76.41624365482234
%%%mzn-stat: AverageBacktrackAmount=0
%%%mzn-stat: AverageLbd=65.75634517766497
%%%mzn-stat: 2AutonomousSearchNumBackupCalled=16704
%%%mzn-stat: 2AutonomousSearchNumPredicatesRemoved=0
%%%mzn-stat: 2AutonomousSearchNumCalls=16711
%%%mzn-stat: 2AutonomousSearchNumPredicatesAdded=1765
%%%mzn-stat: 2AutonomousSearchAverageSizeOfHeap=0.38872598886960685
%%%mzn-stat: 2AutonomousSearchNumAssignedPredicatesEncountered=6496
%%%mzn-stat-end
maxleg = 262;
succ = array1d(1..150,[5, 12, 8, 10, 26, 9, 14, 19, 18, 1, 3, 34, 4, 2, 11, 15, 42, 53, 20, 31, 57, 7, 22, 23, 38, 35, 29, 16, 36, 6, 33, 28, 50, 40, 43, 55, 13, 41, 37, 30, 60, 32, 66, 39, 24, 51, 25, 54, 44, 58, 64, 47, 46, 63, 17, 70, 73, 65, 71, 21, 49, 52, 68, 27, 67, 45, 100, 81, 72, 83, 74, 82, 93, 87, 48, 86, 59, 75, 77, 78, 69, 97, 88, 79, 80, 61, 98, 92, 95, 96, 62, 94, 90, 102, 110, 103, 105, 106, 104, 101, 108, 119, 99, 85, 114, 115, 121, 128, 91, 116, 76, 109, 123, 117, 126, 129, 120, 132, 136, 148, 112, 134, 84, 89, 56, 140, 124, 131, 138, 150, 137, 149, 111, 143, 144, 142, 122, 118, 127, 139, 125, 147, 130, 141, 107, 113, 145, 133, 135, 146]);
% time elapsed: 12.67 s
----------
%%%mzn-stat: initTime=0.046393901
%%%mzn-stat: objective=258
%%%mzn-stat: nodes=20596
%%%mzn-stat: restarts=0
%%%mzn-stat: peakDepth=2556
%%%mzn-stat: solveTime=0.714433048
%%%mzn-stat: variables=3349
%%%mzn-stat: propagators=2906
%%%mzn-stat: failures=204
%%%mzn-stat: propagations=55095
%%%mzn-stat: nogoods=204
%%%mzn-stat: numAtomicConstraintsPropagated=0
%%%mzn-stat: allDifferentNumber1PropagationsTotal=3611
%%%mzn-stat: allDifferentNumber1PropagationsThatFoundConflict=1
%%%mzn-stat: allDifferentNumber1PropagationsThatPruned=1955
%%%mzn-stat: allDifferentNumber1TotalValuesPruned=13091
%%%mzn-stat: allDifferentNumber1TotalHallSetSizeConflict=2
%%%mzn-stat: allDifferentNumber1NumberOfConflicts=1
%%%mzn-stat: allDifferentNumber1MaxHallSetSizeConflict=2
%%%mzn-stat: allDifferentNumber1TotalPruningHallSetSize=23877
%%%mzn-stat: allDifferentNumber1NumberOfPruningExplanations=13091
%%%mzn-stat: allDifferentNumber1MaxPruningHallSetSize=46
%%%mzn-stat: allDifferentNumber1TotalFixedEdgesAtConflict=120
%%%mzn-stat: allDifferentNumber1TotalVarsInvolvedInPruning=12473
%%%mzn-stat: allDifferentNumber1MaxValuesPrunedFromSingleVar=7
%%%mzn-stat: allDifferentNumber1TotalSccSizeAtPruning=6633
%%%mzn-stat: allDifferentNumber1NumberOfSccPruningCalls=1955
%%%mzn-stat: circuitNumber2PropagationsThatFoundConflict=201
%%%mzn-stat: circuitNumber2TotalFixedEdgesAtConflict=28288
%%%mzn-stat: circuitNumber2NumberOfConflicts=201
%%%mzn-stat: circuitNumber2PropagationsThatPruned=137
%%%mzn-stat: circuitNumber2PropagationsTotal=1950
%%%mzn-stat: AverageConflictSize=74.04901960784314
%%%mzn-stat: NumUnitNogoodsLearned=0
%%%mzn-stat: AverageLearnedNogoodLength=77.51470588235294
%%%mzn-stat: AverageBacktrackAmount=0
%%%mzn-stat: AverageLbd=66.79901960784314
%%%mzn-stat: 2AutonomousSearchNumBackupCalled=19043
%%%mzn-stat: 2AutonomousSearchNumPredicatesRemoved=0
%%%mzn-stat: 2AutonomousSearchNumCalls=19051
%%%mzn-stat: 2AutonomousSearchNumPredicatesAdded=2231
%%%mzn-stat: 2AutonomousSearchAverageSizeOfHeap=0.4217101464490053
%%%mzn-stat: 2AutonomousSearchNumAssignedPredicatesEncountered=8034
%%%mzn-stat-end
maxleg = 258;
succ = array1d(1..150,[5, 12, 8, 10, 26, 9, 14, 19, 18, 1, 3, 34, 4, 2, 11, 15, 42, 53, 20, 31, 57, 7, 22, 23, 38, 35, 29, 16, 36, 6, 33, 28, 50, 40, 43, 55, 13, 41, 37, 30, 60, 32, 66, 39, 24, 51, 25, 54, 44, 58, 64, 47, 46, 63, 17, 70, 73, 65, 71, 21, 49, 52, 68, 27, 67, 45, 100, 81, 72, 83, 74, 82, 93, 87, 48, 86, 59, 75, 77, 78, 69, 97, 88, 79, 80, 61, 98, 92, 95, 96, 62, 94, 90, 102, 110, 103, 105, 106, 104, 101, 108, 119, 99, 85, 114, 115, 121, 128, 91, 116, 76, 109, 123, 117, 150, 129, 120, 132, 136, 148, 112, 134, 139, 89, 56, 140, 124, 131, 138, 126, 137, 149, 111, 143, 144, 142, 122, 118, 127, 84, 125, 147, 130, 141, 107, 113, 145, 133, 135, 146]);
% time elapsed: 12.73 s
----------
%%%mzn-stat: initTime=0.046393901
%%%mzn-stat: objective=256
%%%mzn-stat: nodes=23074
%%%mzn-stat: restarts=0
%%%mzn-stat: peakDepth=2556
%%%mzn-stat: solveTime=0.766350698
%%%mzn-stat: variables=3349
%%%mzn-stat: propagators=2906
%%%mzn-stat: failures=207
%%%mzn-stat: propagations=60219
%%%mzn-stat: nogoods=207
%%%mzn-stat: numAtomicConstraintsPropagated=0
%%%mzn-stat: allDifferentNumber1PropagationsTotal=3877
%%%mzn-stat: allDifferentNumber1PropagationsThatFoundConflict=1
%%%mzn-stat: allDifferentNumber1PropagationsThatPruned=2090
%%%mzn-stat: allDifferentNumber1TotalValuesPruned=14357
%%%mzn-stat: allDifferentNumber1TotalHallSetSizeConflict=2
%%%mzn-stat: allDifferentNumber1NumberOfConflicts=1
%%%mzn-stat: allDifferentNumber1MaxHallSetSizeConflict=2
%%%mzn-stat: allDifferentNumber1TotalPruningHallSetSize=26063
%%%mzn-stat: allDifferentNumber1NumberOfPruningExplanations=14357
%%%mzn-stat: allDifferentNumber1MaxPruningHallSetSize=46
%%%mzn-stat: allDifferentNumber1TotalFixedEdgesAtConflict=120
%%%mzn-stat: allDifferentNumber1TotalVarsInvolvedInPruning=13705
%%%mzn-stat: allDifferentNumber1MaxValuesPrunedFromSingleVar=7
%%%mzn-stat: allDifferentNumber1TotalSccSizeAtPruning=7044
%%%mzn-stat: allDifferentNumber1NumberOfSccPruningCalls=2090
%%%mzn-stat: circuitNumber2PropagationsThatFoundConflict=204
%%%mzn-stat: circuitNumber2TotalFixedEdgesAtConflict=28650
%%%mzn-stat: circuitNumber2NumberOfConflicts=204
%%%mzn-stat: circuitNumber2PropagationsThatPruned=142
%%%mzn-stat: circuitNumber2PropagationsTotal=2086
%%%mzn-stat: AverageConflictSize=73.69565217391305
%%%mzn-stat: NumUnitNogoodsLearned=0
%%%mzn-stat: AverageLearnedNogoodLength=77.79227053140097
%%%mzn-stat: AverageBacktrackAmount=0
%%%mzn-stat: AverageLbd=66.73429951690821
%%%mzn-stat: 2AutonomousSearchNumBackupCalled=21393
%%%mzn-stat: 2AutonomousSearchNumPredicatesRemoved=0
%%%mzn-stat: 2AutonomousSearchNumCalls=21402
%%%mzn-stat: 2AutonomousSearchNumPredicatesAdded=2703
%%%mzn-stat: 2AutonomousSearchAverageSizeOfHeap=0.4541631623212784
%%%mzn-stat: 2AutonomousSearchNumAssignedPredicatesEncountered=9720
%%%mzn-stat-end
maxleg = 256;
succ = array1d(1..150,[5, 12, 8, 10, 26, 9, 14, 19, 18, 1, 3, 34, 37, 2, 11, 15, 42, 53, 20, 31, 4, 7, 22, 23, 38, 35, 29, 16, 36, 6, 33, 28, 50, 40, 43, 55, 39, 41, 44, 30, 57, 32, 66, 47, 24, 51, 25, 54, 13, 58, 64, 61, 46, 63, 17, 70, 21, 65, 71, 73, 49, 52, 68, 27, 67, 45, 100, 81, 72, 60, 74, 82, 93, 87, 48, 86, 59, 75, 77, 78, 69, 97, 56, 79, 80, 62, 98, 83, 95, 96, 109, 88, 90, 92, 110, 103, 105, 106, 104, 101, 108, 94, 99, 118, 114, 115, 145, 128, 112, 124, 76, 120, 89, 117, 123, 85, 91, 138, 102, 148, 107, 134, 113, 127, 136, 121, 139, 131, 116, 150, 137, 149, 111, 143, 141, 144, 122, 129, 140, 126, 142, 147, 130, 119, 132, 84, 125, 133, 135, 146]);
% time elapsed: 12.80 s
----------
%%%mzn-stat: initTime=0.046393901
%%%mzn-stat: objective=249
%%%mzn-stat: nodes=25500
%%%mzn-stat: restarts=0
%%%mzn-stat: peakDepth=2556
%%%mzn-stat: solveTime=0.814316346
%%%mzn-stat: variables=3349
%%%mzn-stat: propagators=2906
%%%mzn-stat: failures=207
%%%mzn-stat: propagations=65247
%%%mzn-stat: nogoods=207
%%%mzn-stat: numAtomicConstraintsPropagated=0
%%%mzn-stat: allDifferentNumber1PropagationsTotal=4132
%%%mzn-stat: allDifferentNumber1PropagationsThatFoundConflict=1
%%%mzn-stat: allDifferentNumber1PropagationsThatPruned=2220
%%%mzn-stat: allDifferentNumber1TotalValuesPruned=15557
%%%mzn-stat: allDifferentNumber1TotalHallSetSizeConflict=2
%%%mzn-stat: allDifferentNumber1NumberOfConflicts=1
%%%mzn-stat: allDifferentNumber1MaxHallSetSizeConflict=2
%%%mzn-stat: allDifferentNumber1TotalPruningHallSetSize=27656
%%%mzn-stat: allDifferentNumber1NumberOfPruningExplanations=15557
%%%mzn-stat: allDifferentNumber1MaxPruningHallSetSize=46
%%%mzn-stat: allDifferentNumber1TotalFixedEdgesAtConflict=120
%%%mzn-stat: allDifferentNumber1TotalVarsInvolvedInPruning=14888
%%%mzn-stat: allDifferentNumber1MaxValuesPrunedFromSingleVar=7
%%%mzn-stat: allDifferentNumber1TotalSccSizeAtPruning=7328
%%%mzn-stat: allDifferentNumber1NumberOfSccPruningCalls=2220
%%%mzn-stat: circuitNumber2PropagationsThatFoundConflict=204
%%%mzn-stat: circuitNumber2TotalFixedEdgesAtConflict=28650
%%%mzn-stat: circuitNumber2NumberOfConflicts=204
%%%mzn-stat: circuitNumber2PropagationsThatPruned=147
%%%mzn-stat: circuitNumber2PropagationsTotal=2215
%%%mzn-stat: AverageConflictSize=73.69565217391305
%%%mzn-stat: NumUnitNogoodsLearned=0
%%%mzn-stat: AverageLearnedNogoodLength=77.79227053140097
%%%mzn-stat: AverageBacktrackAmount=0
%%%mzn-stat: AverageLbd=66.73429951690821
%%%mzn-stat: 2AutonomousSearchNumBackupCalled=23696
%%%mzn-stat: 2AutonomousSearchNumPredicatesRemoved=0
%%%mzn-stat: 2AutonomousSearchNumCalls=23706
%%%mzn-stat: 2AutonomousSearchNumPredicatesAdded=2703
%%%mzn-stat: 2AutonomousSearchAverageSizeOfHeap=0.48114401417362695
%%%mzn-stat: 2AutonomousSearchNumAssignedPredicatesEncountered=11406
%%%mzn-stat-end
maxleg = 249;
succ = array1d(1..150,[5, 12, 8, 10, 26, 9, 14, 19, 18, 1, 3, 34, 37, 2, 11, 15, 42, 53, 20, 31, 4, 7, 22, 23, 38, 35, 29, 16, 36, 6, 33, 28, 50, 40, 43, 55, 39, 41, 44, 30, 57, 32, 66, 47, 24, 51, 25, 54, 13, 58, 64, 61, 46, 63, 17, 70, 21, 65, 71, 73, 49, 52, 68, 27, 67, 45, 100, 81, 72, 60, 74, 82, 93, 87, 48, 86, 59, 75, 77, 78, 69, 97, 56, 79, 80, 62, 98, 83, 95, 96, 109, 88, 90, 92, 110, 103, 105, 106, 104, 101, 108, 94, 99, 118, 114, 115, 145, 128, 112, 124, 76, 120, 89, 117, 123, 85, 91, 138, 102, 148, 107, 134, 126, 127, 136, 121, 139, 131, 116, 150, 137, 149, 111, 143, 141, 144, 122, 129, 140, 84, 142, 147, 130, 119, 132, 113, 125, 133, 135, 146]);
% time elapsed: 12.84 s
----------
%%%mzn-stat: initTime=0.046393901
%%%mzn-stat: objective=248
%%%mzn-stat: nodes=27971
%%%mzn-stat: restarts=0
%%%mzn-stat: peakDepth=2556
%%%mzn-stat: solveTime=0.876551809
%%%mzn-stat: variables=3349
%%%mzn-stat: propagators=2906
%%%mzn-stat: failures=219
%%%mzn-stat: propagations=70895
%%%mzn-stat: nogoods=219
%%%mzn-stat: numAtomicConstraintsPropagated=0
%%%mzn-stat: allDifferentNumber1PropagationsTotal=4487
%%%mzn-stat: allDifferentNumber1PropagationsThatFoundConflict=2
%%%mzn-stat: allDifferentNumber1PropagationsThatPruned=2405
%%%mzn-stat: allDifferentNumber1TotalValuesPruned=16972
%%%mzn-stat: allDifferentNumber1TotalHallSetSizeConflict=4
%%%mzn-stat: allDifferentNumber1NumberOfConflicts=2
%%%mzn-stat: allDifferentNumber1MaxHallSetSizeConflict=2
%%%mzn-stat: allDifferentNumber1TotalPruningHallSetSize=29947
%%%mzn-stat: allDifferentNumber1NumberOfPruningExplanations=16972
%%%mzn-stat: allDifferentNumber1MaxPruningHallSetSize=46
%%%mzn-stat: allDifferentNumber1TotalFixedEdgesAtConflict=259
%%%mzn-stat: allDifferentNumber1TotalVarsInvolvedInPruning=16239
%%%mzn-stat: allDifferentNumber1MaxValuesPrunedFromSingleVar=7
%%%mzn-stat: allDifferentNumber1TotalSccSizeAtPruning=8076
%%%mzn-stat: allDifferentNumber1NumberOfSccPruningCalls=2405
%%%mzn-stat: circuitNumber2PropagationsThatFoundConflict=215
%%%mzn-stat: circuitNumber2TotalFixedEdgesAtConflict=30178
%%%mzn-stat: circuitNumber2NumberOfConflicts=215
%%%mzn-stat: circuitNumber2PropagationsThatPruned=167
%%%mzn-stat: circuitNumber2PropagationsTotal=2403
%%%mzn-stat: AverageConflictSize=71.03196347031964
%%%mzn-stat: NumUnitNogoodsLearned=0
%%%mzn-stat: AverageLearnedNogoodLength=75.53424657534246
%%%mzn-stat: AverageBacktrackAmount=0
%%%mzn-stat: AverageLbd=64.42009132420091
%%%mzn-stat: 2AutonomousSearchNumBackupCalled=26007
%%%mzn-stat: 2AutonomousSearchNumPredicatesRemoved=0
%%%mzn-stat: 2AutonomousSearchNumCalls=26018
%%%mzn-stat: 2AutonomousSearchNumPredicatesAdded=3515
%%%mzn-stat: 2AutonomousSearchAverageSizeOfHeap=0.5209470366669229
%%%mzn-stat: 2AutonomousSearchNumAssignedPredicatesEncountered=13554
%%%mzn-stat-end
maxleg = 248;
succ = array1d(1..150,[5, 12, 8, 10, 26, 9, 14, 19, 18, 1, 3, 34, 37, 2, 11, 15, 42, 53, 20, 31, 4, 7, 22, 23, 38, 35, 29, 16, 36, 6, 33, 28, 50, 40, 43, 55, 39, 41, 44, 30, 57, 32, 66, 47, 24, 51, 25, 54, 13, 58, 64, 61, 46, 63, 17, 70, 21, 65, 71, 73, 49, 52, 68, 27, 67, 45, 100, 81, 72, 60, 74, 82, 93, 87, 48, 86, 59, 75, 77, 78, 69, 97, 56, 79, 80, 62, 98, 83, 95, 96, 109, 88, 90, 92, 110, 103, 105, 106, 104, 101, 108, 94, 99, 118, 114, 115, 145, 128, 112, 124, 76, 120, 89, 117, 146, 85, 91, 138, 102, 148, 107, 134, 84, 127, 136, 121, 139, 131, 116, 150, 137, 149, 111, 143, 141, 144, 122, 129, 140, 126, 142, 147, 130, 119, 132, 113, 125, 133, 135, 123]);
% time elapsed: 12.91 s
----------
%%%mzn-stat: initTime=0.046393901
%%%mzn-stat: objective=244
%%%mzn-stat: nodes=30429
%%%mzn-stat: restarts=0
%%%mzn-stat: peakDepth=2556
%%%mzn-stat: solveTime=0.941250193
%%%mzn-stat: variables=3349
%%%mzn-stat: propagators=2906
%%%mzn-stat: failures=232
%%%mzn-stat: propagations=76631
%%%mzn-stat: nogoods=232
%%%mzn-stat: numAtomicConstraintsPropagated=0
%%%mzn-stat: allDifferentNumber1PropagationsTotal=4841
%%%mzn-stat: allDifferentNumber1PropagationsThatFoundConflict=2
%%%mzn-stat: allDifferentNumber1PropagationsThatPruned=2592
%%%mzn-stat: allDifferentNumber1TotalValuesPruned=18418
%%%mzn-stat: allDifferentNumber1TotalHallSetSizeConflict=4
%%%mzn-stat: allDifferentNumber1NumberOfConflicts=2
%%%mzn-stat: allDifferentNumber1MaxHallSetSizeConflict=2
%%%mzn-stat: allDifferentNumber1TotalPruningHallSetSize=32682
%%%mzn-stat: allDifferentNumber1NumberOfPruningExplanations=18418
%%%mzn-stat: allDifferentNumber1MaxPruningHallSetSize=46
%%%mzn-stat: allDifferentNumber1TotalFixedEdgesAtConflict=259
%%%mzn-stat: allDifferentNumber1TotalVarsInvolvedInPruning=17604
%%%mzn-stat: allDifferentNumber1MaxValuesPrunedFromSingleVar=7
%%%mzn-stat: allDifferentNumber1TotalSccSizeAtPruning=8877
%%%mzn-stat: allDifferentNumber1NumberOfSccPruningCalls=2592
%%%mzn-stat: circuitNumber2PropagationsThatFoundConflict=228
%%%mzn-stat: circuitNumber2TotalFixedEdgesAtConflict=31935
%%%mzn-stat: circuitNumber2NumberOfConflicts=228
%%%mzn-stat: circuitNumber2PropagationsThatPruned=186
%%%mzn-stat: circuitNumber2PropagationsTotal=2592
%%%mzn-stat: AverageConflictSize=68.34913793103448
%%%mzn-stat: NumUnitNogoodsLearned=0
%%%mzn-stat: AverageLearnedNogoodLength=73.33189655172414
%%%mzn-stat: AverageBacktrackAmount=0
%%%mzn-stat: AverageLbd=62.06896551724138
%%%mzn-stat: 2AutonomousSearchNumBackupCalled=28304
%%%mzn-stat: 2AutonomousSearchNumPredicatesRemoved=0
%%%mzn-stat: 2AutonomousSearchNumCalls=28316
%%%mzn-stat: 2AutonomousSearchNumPredicatesAdded=4461
%%%mzn-stat: 2AutonomousSearchAverageSizeOfHeap=0.5568936290436503
%%%mzn-stat: 2AutonomousSearchNumAssignedPredicatesEncountered=15769
%%%mzn-stat-end
maxleg = 244;
succ = array1d(1..150,[5, 12, 8, 10, 26, 9, 14, 19, 18, 1, 3, 34, 37, 2, 11, 15, 42, 53, 20, 31, 4, 7, 22, 23, 38, 35, 29, 16, 36, 6, 33, 28, 50, 40, 43, 55, 39, 41, 44, 30, 57, 32, 66, 47, 24, 51, 25, 54, 13, 58, 64, 61, 46, 63, 17, 70, 21, 65, 71, 73, 49, 52, 68, 69, 67, 45, 100, 81, 72, 60, 74, 27, 93, 87, 48, 86, 59, 75, 77, 78, 84, 97, 56, 79, 80, 62, 98, 83, 95, 96, 109, 88, 90, 92, 110, 103, 105, 82, 104, 101, 108, 94, 99, 118, 114, 115, 145, 128, 112, 124, 76, 120, 89, 117, 146, 85, 91, 138, 102, 148, 107, 134, 106, 127, 136, 121, 139, 131, 116, 150, 137, 149, 111, 143, 141, 144, 122, 129, 140, 126, 142, 147, 130, 119, 132, 113, 125, 133, 135, 123]);
% time elapsed: 13.00 s
----------
%%%mzn-stat: initTime=0.046393901
%%%mzn-stat: objective=243
%%%mzn-stat: nodes=32867
%%%mzn-stat: restarts=0
%%%mzn-stat: peakDepth=2556
%%%mzn-stat: solveTime=0.989568792
%%%mzn-stat: variables=3349
%%%mzn-stat: propagators=2906
%%%mzn-stat: failures=233
%%%mzn-stat: propagations=81627
%%%mzn-stat: nogoods=233
%%%mzn-stat: numAtomicConstraintsPropagated=0
%%%mzn-stat: allDifferentNumber1PropagationsTotal=5099
%%%mzn-stat: allDifferentNumber1PropagationsThatFoundConflict=2
%%%mzn-stat: allDifferentNumber1PropagationsThatPruned=2724
%%%mzn-stat: allDifferentNumber1TotalValuesPruned=19596
%%%mzn-stat: allDifferentNumber1TotalHallSetSizeConflict=4
%%%mzn-stat: allDifferentNumber1NumberOfConflicts=2
%%%mzn-stat: allDifferentNumber1MaxHallSetSizeConflict=2
%%%mzn-stat: allDifferentNumber1TotalPruningHallSetSize=34278
%%%mzn-stat: allDifferentNumber1NumberOfPruningExplanations=19596
%%%mzn-stat: allDifferentNumber1MaxPruningHallSetSize=46
%%%mzn-stat: allDifferentNumber1TotalFixedEdgesAtConflict=259
%%%mzn-stat: allDifferentNumber1TotalVarsInvolvedInPruning=18766
%%%mzn-stat: allDifferentNumber1MaxValuesPrunedFromSingleVar=7
%%%mzn-stat: allDifferentNumber1TotalSccSizeAtPruning=9196
%%%mzn-stat: allDifferentNumber1NumberOfSccPruningCalls=2724
%%%mzn-stat: circuitNumber2PropagationsThatFoundConflict=229
%%%mzn-stat: circuitNumber2TotalFixedEdgesAtConflict=32067
%%%mzn-stat: circuitNumber2NumberOfConflicts=229
%%%mzn-stat: circuitNumber2PropagationsThatPruned=192
%%%mzn-stat: circuitNumber2PropagationsTotal=2723
%%%mzn-stat: AverageConflictSize=68.36909871244636
%%%mzn-stat: NumUnitNogoodsLearned=0
%%%mzn-stat: AverageLearnedNogoodLength=73.46351931330472
%%%mzn-stat: AverageBacktrackAmount=0
%%%mzn-stat: AverageLbd=62.15021459227468
%%%mzn-stat: 2AutonomousSearchNumBackupCalled=30619
%%%mzn-stat: 2AutonomousSearchNumPredicatesRemoved=0
%%%mzn-stat: 2AutonomousSearchNumCalls=30632
%%%mzn-stat: 2AutonomousSearchNumPredicatesAdded=4634
%%%mzn-stat: 2AutonomousSearchAverageSizeOfHeap=0.5870984591277096
%%%mzn-stat: 2AutonomousSearchNumAssignedPredicatesEncountered=17984
%%%mzn-stat-end
maxleg = 243;
succ = array1d(1..150,[5, 12, 8, 10, 26, 9, 14, 19, 18, 1, 3, 34, 37, 2, 11, 15, 42, 53, 20, 31, 4, 7, 22, 23, 38, 35, 29, 16, 36, 6, 33, 28, 50, 40, 43, 55, 39, 41, 44, 30, 57, 32, 66, 47, 24, 51, 25, 54, 13, 58, 64, 61, 46, 63, 17, 70, 21, 65, 71, 73, 49, 52, 68, 69, 67, 45, 100, 81, 72, 60, 74, 27, 93, 87, 48, 86, 59, 75, 77, 78, 84, 97, 56, 79, 80, 62, 98, 83, 95, 96, 109, 88, 90, 92, 110, 103, 105, 82, 104, 101, 108, 94, 99, 118, 114, 115, 145, 128, 112, 124, 76, 120, 89, 117, 150, 85, 91, 138, 102, 148, 107, 134, 106, 127, 136, 121, 139, 131, 116, 123, 137, 149, 111, 143, 141, 144, 122, 129, 140, 126, 142, 147, 130, 119, 132, 113, 125, 133, 135, 146]);
% time elapsed: 13.04 s
----------
%%%mzn-stat: initTime=0.046393901
%%%mzn-stat: objective=234
%%%mzn-stat: nodes=41782
%%%mzn-stat: restarts=0
%%%mzn-stat: peakDepth=2556
%%%mzn-stat: solveTime=13.22551695
%%%mzn-stat: variables=3349
%%%mzn-stat: propagators=2906
%%%mzn-stat: failures=6737
%%%mzn-stat: propagations=492251
%%%mzn-stat: nogoods=6737
%%%mzn-stat: numAtomicConstraintsPropagated=0
%%%mzn-stat: allDifferentNumber1PropagationsTotal=41154
%%%mzn-stat: allDifferentNumber1PropagationsThatFoundConflict=2
%%%mzn-stat: allDifferentNumber1PropagationsThatPruned=30985
%%%mzn-stat: allDifferentNumber1TotalValuesPruned=220263
%%%mzn-stat: allDifferentNumber1TotalHallSetSizeConflict=4
%%%mzn-stat: allDifferentNumber1NumberOfConflicts=2
%%%mzn-stat: allDifferentNumber1MaxHallSetSizeConflict=2
%%%mzn-stat: allDifferentNumber1TotalPruningHallSetSize=2300492
%%%mzn-stat: allDifferentNumber1NumberOfPruningExplanations=220263
%%%mzn-stat: allDifferentNumber1MaxPruningHallSetSize=47
%%%mzn-stat: allDifferentNumber1TotalFixedEdgesAtConflict=259
%%%mzn-stat: allDifferentNumber1TotalVarsInvolvedInPruning=160817
%%%mzn-stat: allDifferentNumber1MaxValuesPrunedFromSingleVar=7
%%%mzn-stat: allDifferentNumber1TotalSccSizeAtPruning=821231
%%%mzn-stat: allDifferentNumber1NumberOfSccPruningCalls=30985
%%%mzn-stat: circuitNumber2PropagationsThatFoundConflict=6733
%%%mzn-stat: circuitNumber2TotalFixedEdgesAtConflict=768910
%%%mzn-stat: circuitNumber2NumberOfConflicts=6733
%%%mzn-stat: circuitNumber2PropagationsThatPruned=3651
%%%mzn-stat: circuitNumber2PropagationsTotal=26110
%%%mzn-stat: AverageConflictSize=6.20736232744545
%%%mzn-stat: NumUnitNogoodsLearned=0
%%%mzn-stat: AverageLearnedNogoodLength=114.09559150957399
%%%mzn-stat: AverageBacktrackAmount=0
%%%mzn-stat: AverageLbd=37.02894463411014
%%%mzn-stat: 2AutonomousSearchNumBackupCalled=32862
%%%mzn-stat: 2AutonomousSearchNumPredicatesRemoved=0
%%%mzn-stat: 2AutonomousSearchNumCalls=32876
%%%mzn-stat: 2AutonomousSearchNumPredicatesAdded=6882
%%%mzn-stat: 2AutonomousSearchAverageSizeOfHeap=0.6595084560165471
%%%mzn-stat: 2AutonomousSearchNumAssignedPredicatesEncountered=21682
%%%mzn-stat-end
maxleg = 234;
succ = array1d(1..150,[5, 12, 8, 10, 26, 9, 14, 19, 18, 1, 3, 34, 37, 2, 11, 15, 42, 53, 20, 31, 4, 7, 22, 23, 38, 35, 29, 16, 36, 6, 33, 28, 50, 40, 43, 64, 39, 41, 44, 30, 57, 32, 66, 47, 24, 51, 25, 54, 13, 58, 69, 61, 46, 63, 17, 70, 60, 65, 71, 21, 49, 52, 68, 82, 67, 45, 100, 81, 72, 83, 74, 27, 93, 87, 48, 86, 59, 75, 77, 78, 84, 97, 88, 79, 80, 62, 55, 92, 95, 96, 109, 94, 90, 102, 110, 103, 98, 105, 73, 101, 108, 119, 104, 118, 114, 115, 145, 128, 112, 124, 76, 117, 89, 122, 150, 85, 120, 138, 136, 148, 107, 134, 106, 127, 56, 121, 139, 131, 116, 123, 133, 99, 91, 137, 149, 141, 143, 129, 140, 126, 144, 125, 130, 135, 147, 113, 142, 111, 132, 146]);
% time elapsed: 25.30 s
----------
%%%mzn-stat: initTime=0.046393901
%%%mzn-stat: objective=231
%%%mzn-stat: nodes=44611
%%%mzn-stat: restarts=0
%%%mzn-stat: peakDepth=2556
%%%mzn-stat: solveTime=13.607358303
%%%mzn-stat: variables=3349
%%%mzn-stat: propagators=2906
%%%mzn-stat: failures=7116
%%%mzn-stat: propagations=514481
%%%mzn-stat: nogoods=7116
%%%mzn-stat: numAtomicConstraintsPropagated=0
%%%mzn-stat: allDifferentNumber1PropagationsTotal=43077
%%%mzn-stat: allDifferentNumber1PropagationsThatFoundConflict=16
%%%mzn-stat: allDifferentNumber1PropagationsThatPruned=32219
%%%mzn-stat: allDifferentNumber1TotalValuesPruned=226264
%%%mzn-stat: allDifferentNumber1TotalHallSetSizeConflict=65
%%%mzn-stat: allDifferentNumber1NumberOfConflicts=16
%%%mzn-stat: allDifferentNumber1MaxHallSetSizeConflict=9
%%%mzn-stat: allDifferentNumber1TotalPruningHallSetSize=2326467
%%%mzn-stat: allDifferentNumber1NumberOfPruningExplanations=226264
%%%mzn-stat: allDifferentNumber1MaxPruningHallSetSize=48
%%%mzn-stat: allDifferentNumber1TotalFixedEdgesAtConflict=2010
%%%mzn-stat: allDifferentNumber1TotalVarsInvolvedInPruning=165787
%%%mzn-stat: allDifferentNumber1MaxValuesPrunedFromSingleVar=7
%%%mzn-stat: allDifferentNumber1TotalSccSizeAtPruning=837665
%%%mzn-stat: allDifferentNumber1NumberOfSccPruningCalls=32219
%%%mzn-stat: circuitNumber2PropagationsThatFoundConflict=7087
%%%mzn-stat: circuitNumber2TotalFixedEdgesAtConflict=810638
%%%mzn-stat: circuitNumber2NumberOfConflicts=7087
%%%mzn-stat: circuitNumber2PropagationsThatPruned=3949
%%%mzn-stat: circuitNumber2PropagationsTotal=27313
%%%mzn-stat: AverageConflictSize=6.289347948285553
%%%mzn-stat: NumUnitNogoodsLearned=0
%%%mzn-stat: AverageLearnedNogoodLength=110.63799887577291
%%%mzn-stat: AverageBacktrackAmount=0
%%%mzn-stat: AverageLbd=36.11832490163013
%%%mzn-stat: 2AutonomousSearchNumBackupCalled=35069
%%%mzn-stat: 2AutonomousSearchNumPredicatesRemoved=0
%%%mzn-stat: 2AutonomousSearchNumCalls=35084
%%%mzn-stat: 2AutonomousSearchNumPredicatesAdded=8718
%%%mzn-stat: 2AutonomousSearchAverageSizeOfHeap=0.727853152434158
%%%mzn-stat: 2AutonomousSearchNumAssignedPredicatesEncountered=25536
%%%mzn-stat-end
maxleg = 231;
succ = array1d(1..150,[5, 12, 8, 10, 26, 9, 14, 19, 18, 1, 3, 34, 37, 2, 11, 15, 42, 53, 20, 31, 4, 7, 22, 23, 38, 35, 29, 16, 36, 6, 33, 28, 50, 40, 43, 64, 39, 41, 44, 30, 57, 32, 66, 47, 24, 51, 25, 54, 13, 58, 69, 61, 46, 63, 17, 70, 60, 65, 71, 21, 62, 49, 68, 82, 67, 45, 100, 81, 72, 83, 52, 27, 93, 87, 48, 86, 59, 75, 77, 78, 84, 97, 88, 79, 80, 111, 55, 92, 95, 96, 74, 94, 90, 102, 110, 103, 98, 105, 73, 101, 108, 119, 104, 118, 114, 115, 145, 128, 91, 124, 148, 122, 89, 109, 150, 85, 112, 138, 136, 117, 107, 134, 106, 127, 56, 121, 139, 131, 116, 123, 133, 99, 76, 137, 149, 141, 143, 129, 140, 126, 144, 125, 130, 135, 147, 113, 142, 120, 132, 146]);
% time elapsed: 25.68 s
----------
%%%mzn-stat: initTime=0.046393901
%%%mzn-stat: objective=229
%%%mzn-stat: nodes=72230
%%%mzn-stat: restarts=0
%%%mzn-stat: peakDepth=2556
%%%mzn-stat: solveTime=23.873851247
%%%mzn-stat: variables=3349
%%%mzn-stat: propagators=2906
%%%mzn-stat: failures=12953
%%%mzn-stat: propagations=892501
%%%mzn-stat: nogoods=12953
%%%mzn-stat: numAtomicConstraintsPropagated=0
%%%mzn-stat: allDifferentNumber1PropagationsTotal=104995
%%%mzn-stat: allDifferentNumber1PropagationsThatFoundConflict=316
%%%mzn-stat: allDifferentNumber1PropagationsThatPruned=67343
%%%mzn-stat: allDifferentNumber1TotalValuesPruned=419511
%%%mzn-stat: allDifferentNumber1TotalHallSetSizeConflict=4310
%%%mzn-stat: allDifferentNumber1NumberOfConflicts=316
%%%mzn-stat: allDifferentNumber1MaxHallSetSizeConflict=29
%%%mzn-stat: allDifferentNumber1TotalPruningHallSetSize=3182216
%%%mzn-stat: allDifferentNumber1NumberOfPruningExplanations=419511
%%%mzn-stat: allDifferentNumber1MaxPruningHallSetSize=48
%%%mzn-stat: allDifferentNumber1TotalFixedEdgesAtConflict=36109
%%%mzn-stat: allDifferentNumber1TotalVarsInvolvedInPruning=318774
%%%mzn-stat: allDifferentNumber1MaxValuesPrunedFromSingleVar=7
%%%mzn-stat: allDifferentNumber1TotalSccSizeAtPruning=1161209
%%%mzn-stat: allDifferentNumber1NumberOfSccPruningCalls=67343
%%%mzn-stat: circuitNumber2PropagationsThatFoundConflict=10813
%%%mzn-stat: circuitNumber2TotalFixedEdgesAtConflict=1246322
%%%mzn-stat: circuitNumber2NumberOfConflicts=10813
%%%mzn-stat: circuitNumber2PropagationsThatPruned=10237
%%%mzn-stat: circuitNumber2PropagationsTotal=60835
%%%mzn-stat: AverageConflictSize=6.980159036516637
%%%mzn-stat: NumUnitNogoodsLearned=0
%%%mzn-stat: AverageLearnedNogoodLength=90.63166833938084
%%%mzn-stat: AverageBacktrackAmount=0
%%%mzn-stat: AverageLbd=30.073033274144986
%%%mzn-stat: 2AutonomousSearchNumBackupCalled=37271
%%%mzn-stat: 2AutonomousSearchNumPredicatesRemoved=0
%%%mzn-stat: 2AutonomousSearchNumCalls=37287
%%%mzn-stat: 2AutonomousSearchNumPredicatesAdded=12652
%%%mzn-stat: 2AutonomousSearchAverageSizeOfHeap=0.8247110252903157
%%%mzn-stat: 2AutonomousSearchNumAssignedPredicatesEncountered=30751
%%%mzn-stat-end
maxleg = 229;
succ = array1d(1..150,[5, 12, 8, 10, 26, 9, 14, 19, 18, 1, 3, 34, 37, 2, 11, 15, 42, 53, 20, 31, 4, 7, 22, 23, 38, 35, 29, 16, 36, 6, 33, 28, 50, 40, 43, 64, 39, 41, 44, 30, 57, 32, 66, 47, 78, 51, 25, 24, 13, 58, 69, 61, 46, 48, 17, 70, 60, 65, 71, 21, 62, 49, 54, 82, 67, 45, 100, 63, 72, 83, 52, 27, 93, 87, 80, 86, 59, 75, 77, 85, 68, 97, 88, 79, 104, 111, 55, 92, 95, 96, 74, 94, 90, 102, 113, 103, 98, 105, 73, 101, 108, 119, 107, 99, 114, 84, 145, 128, 91, 124, 148, 109, 81, 122, 106, 110, 120, 138, 136, 121, 126, 134, 146, 127, 56, 140, 89, 131, 116, 115, 133, 118, 76, 137, 149, 141, 143, 129, 123, 139, 144, 125, 112, 135, 147, 150, 142, 117, 132, 130]);
% time elapsed: 35.95 s
----------
%%%mzn-stat: initTime=0.046393901
%%%mzn-stat: objective=229
%%%mzn-stat: nodes=1057872
%%%mzn-stat: restarts=0
%%%mzn-stat: peakDepth=2556
%%%mzn-stat: solveTime=1787.740519114
%%%mzn-stat: variables=3349
%%%mzn-stat: propagators=2906
%%%mzn-stat: failures=990632
%%%mzn-stat: propagations=39913503
%%%mzn-stat: nogoods=990632
%%%mzn-stat: numAtomicConstraintsPropagated=0
%%%mzn-stat: allDifferentNumber1PropagationsTotal=3480664
%%%mzn-stat: allDifferentNumber1PropagationsThatFoundConflict=8388
%%%mzn-stat: allDifferentNumber1PropagationsThatPruned=2404210
%%%mzn-stat: allDifferentNumber1TotalValuesPruned=12028299
%%%mzn-stat: allDifferentNumber1TotalHallSetSizeConflict=119315
%%%mzn-stat: allDifferentNumber1NumberOfConflicts=8388
%%%mzn-stat: allDifferentNumber1MaxHallSetSizeConflict=31
%%%mzn-stat: allDifferentNumber1TotalPruningHallSetSize=88171384
%%%mzn-stat: allDifferentNumber1NumberOfPruningExplanations=12028299
%%%mzn-stat: allDifferentNumber1MaxPruningHallSetSize=62
%%%mzn-stat: allDifferentNumber1TotalFixedEdgesAtConflict=944505
%%%mzn-stat: allDifferentNumber1TotalVarsInvolvedInPruning=10303378
%%%mzn-stat: allDifferentNumber1MaxValuesPrunedFromSingleVar=7
%%%mzn-stat: allDifferentNumber1TotalSccSizeAtPruning=70897401
%%%mzn-stat: allDifferentNumber1NumberOfSccPruningCalls=2404210
%%%mzn-stat: circuitNumber2PropagationsThatFoundConflict=774334
%%%mzn-stat: circuitNumber2TotalFixedEdgesAtConflict=86992106
%%%mzn-stat: circuitNumber2NumberOfConflicts=774334
%%%mzn-stat: circuitNumber2PropagationsThatPruned=375064
%%%mzn-stat: circuitNumber2PropagationsTotal=2128761
%%%mzn-stat: AverageConflictSize=19.18956888127983
%%%mzn-stat: NumUnitNogoodsLearned=0
%%%mzn-stat: AverageLearnedNogoodLength=123.37562485362879
%%%mzn-stat: AverageBacktrackAmount=0
%%%mzn-stat: AverageLbd=36.485663697518355
%%%mzn-stat: 2AutonomousSearchNumBackupCalled=37271
%%%mzn-stat: 2AutonomousSearchNumPredicatesRemoved=0
%%%mzn-stat: 2AutonomousSearchNumCalls=37287
%%%mzn-stat: 2AutonomousSearchNumPredicatesAdded=17365
%%%mzn-stat: 2AutonomousSearchAverageSizeOfHeap=0.8247110252903157
%%%mzn-stat: 2AutonomousSearchNumAssignedPredicatesEncountered=30751
%%%mzn-stat-end
