% Logging successfully configured
%%%mzn-stat: initTime=0.007222759
%%%mzn-stat: objective=529
%%%mzn-stat: nodes=18475
%%%mzn-stat: restarts=0
%%%mzn-stat: peakDepth=599
%%%mzn-stat: solveTime=1.951305037
%%%mzn-stat: variables=1114
%%%mzn-stat: propagators=815
%%%mzn-stat: failures=10296
%%%mzn-stat: propagations=337025
%%%mzn-stat: nogoods=10296
%%%mzn-stat: numAtomicConstraintsPropagated=0
%%%mzn-stat: allDifferentNumber1TotalHallSetSize=11894
%%%mzn-stat: allDifferentNumber1NumberOfConflicts=2586
%%%mzn-stat: allDifferentNumber1MaxHallSetSize=25
%%%mzn-stat: allDifferentNumber1PropagationsTotal=42533
%%%mzn-stat: allDifferentNumber1PropagationsThatFoundConflict=2586
%%%mzn-stat: circuitNumber2PropagationsThatFoundConflict=6412
%%%mzn-stat: circuitNumber2TotalFixedEdgesAtConflict=297140
%%%mzn-stat: circuitNumber2NumberOfConflicts=6412
%%%mzn-stat: circuitNumber2PropagationsThatPruned=4660
%%%mzn-stat: circuitNumber2PropagationsTotal=27115
%%%mzn-stat: AverageConflictSize=29.253593628593627
%%%mzn-stat: NumUnitNogoodsLearned=0
%%%mzn-stat: AverageLearnedNogoodLength=32.686285936285934
%%%mzn-stat: AverageBacktrackAmount=0
%%%mzn-stat: AverageLbd=31.052836052836053
%%%mzn-stat: 2AutonomousSearchNumBackupCalled=559
%%%mzn-stat: 2AutonomousSearchNumPredicatesRemoved=0
%%%mzn-stat: 2AutonomousSearchNumCalls=560
%%%mzn-stat: 2AutonomousSearchNumPredicatesAdded=1166
%%%mzn-stat: 2AutonomousSearchAverageSizeOfHeap=2.0821428571428573
%%%mzn-stat: 2AutonomousSearchNumAssignedPredicatesEncountered=1166
%%%mzn-stat-end
maxleg = 529;
succ = array1d(1..50,[6, 5, 4, 13, 12, 14, 2, 1, 7, 9, 8, 3, 17, 18, 28, 10, 20, 23, 11, 21, 22, 27, 32, 25, 33, 19, 26, 16, 38, 47, 34, 40, 36, 35, 43, 44, 39, 45, 30, 42, 37, 46, 41, 49, 50, 48, 29, 24, 31, 15]);
% time elapsed: 2.22 s
----------
%%%mzn-stat: initTime=0.007222759
%%%mzn-stat: objective=437
%%%mzn-stat: nodes=19147
%%%mzn-stat: restarts=0
%%%mzn-stat: peakDepth=599
%%%mzn-stat: solveTime=1.9611711139999999
%%%mzn-stat: variables=1114
%%%mzn-stat: propagators=815
%%%mzn-stat: failures=10377
%%%mzn-stat: propagations=341210
%%%mzn-stat: nogoods=10377
%%%mzn-stat: numAtomicConstraintsPropagated=0
%%%mzn-stat: allDifferentNumber1TotalHallSetSize=11904
%%%mzn-stat: allDifferentNumber1NumberOfConflicts=2591
%%%mzn-stat: allDifferentNumber1MaxHallSetSize=25
%%%mzn-stat: allDifferentNumber1PropagationsTotal=42872
%%%mzn-stat: allDifferentNumber1PropagationsThatFoundConflict=2591
%%%mzn-stat: circuitNumber2PropagationsThatFoundConflict=6488
%%%mzn-stat: circuitNumber2TotalFixedEdgesAtConflict=300677
%%%mzn-stat: circuitNumber2NumberOfConflicts=6488
%%%mzn-stat: circuitNumber2PropagationsThatPruned=4700
%%%mzn-stat: circuitNumber2PropagationsTotal=27344
%%%mzn-stat: AverageConflictSize=29.078635443769876
%%%mzn-stat: NumUnitNogoodsLearned=0
%%%mzn-stat: AverageLearnedNogoodLength=32.58051459959526
%%%mzn-stat: AverageBacktrackAmount=0
%%%mzn-stat: AverageLbd=30.921846391057144
%%%mzn-stat: 2AutonomousSearchNumBackupCalled=1088
%%%mzn-stat: 2AutonomousSearchNumPredicatesRemoved=0
%%%mzn-stat: 2AutonomousSearchNumCalls=1090
%%%mzn-stat: 2AutonomousSearchNumPredicatesAdded=1564
%%%mzn-stat: 2AutonomousSearchAverageSizeOfHeap=2.1394495412844035
%%%mzn-stat: 2AutonomousSearchNumAssignedPredicatesEncountered=2332
%%%mzn-stat-end
maxleg = 437;
succ = array1d(1..50,[6, 5, 4, 13, 12, 14, 2, 1, 7, 9, 8, 3, 17, 18, 28, 10, 20, 23, 11, 21, 22, 27, 32, 25, 33, 19, 26, 16, 38, 47, 34, 40, 48, 24, 31, 35, 41, 45, 37, 39, 43, 30, 44, 49, 50, 42, 29, 46, 36, 15]);
% time elapsed: 2.23 s
----------
%%%mzn-stat: initTime=0.007222759
%%%mzn-stat: objective=420
%%%mzn-stat: nodes=20408
%%%mzn-stat: restarts=0
%%%mzn-stat: peakDepth=599
%%%mzn-stat: solveTime=1.995556723
%%%mzn-stat: variables=1114
%%%mzn-stat: propagators=815
%%%mzn-stat: failures=10580
%%%mzn-stat: propagations=350829
%%%mzn-stat: nogoods=10580
%%%mzn-stat: numAtomicConstraintsPropagated=0
%%%mzn-stat: allDifferentNumber1TotalHallSetSize=12627
%%%mzn-stat: allDifferentNumber1NumberOfConflicts=2679
%%%mzn-stat: allDifferentNumber1MaxHallSetSize=25
%%%mzn-stat: allDifferentNumber1PropagationsTotal=44002
%%%mzn-stat: allDifferentNumber1PropagationsThatFoundConflict=2679
%%%mzn-stat: circuitNumber2PropagationsThatFoundConflict=6540
%%%mzn-stat: circuitNumber2TotalFixedEdgesAtConflict=303113
%%%mzn-stat: circuitNumber2NumberOfConflicts=6540
%%%mzn-stat: circuitNumber2PropagationsThatPruned=4721
%%%mzn-stat: circuitNumber2PropagationsTotal=28095
%%%mzn-stat: AverageConflictSize=28.745652173913044
%%%mzn-stat: NumUnitNogoodsLearned=0
%%%mzn-stat: AverageLearnedNogoodLength=32.4601134215501
%%%mzn-stat: AverageBacktrackAmount=0
%%%mzn-stat: AverageLbd=30.739792060491492
%%%mzn-stat: 2AutonomousSearchNumBackupCalled=1627
%%%mzn-stat: 2AutonomousSearchNumPredicatesRemoved=0
%%%mzn-stat: 2AutonomousSearchNumCalls=1630
%%%mzn-stat: 2AutonomousSearchNumPredicatesAdded=2268
%%%mzn-stat: 2AutonomousSearchAverageSizeOfHeap=2.165030674846626
%%%mzn-stat: 2AutonomousSearchNumAssignedPredicatesEncountered=3529
%%%mzn-stat-end
maxleg = 420;
succ = array1d(1..50,[6, 5, 4, 13, 14, 12, 2, 1, 7, 9, 8, 3, 17, 18, 28, 10, 20, 23, 11, 21, 22, 27, 32, 25, 33, 19, 29, 16, 38, 26, 34, 40, 48, 24, 31, 35, 41, 45, 37, 39, 43, 30, 44, 49, 47, 42, 50, 46, 36, 15]);
% time elapsed: 2.26 s
----------
%%%mzn-stat: initTime=0.007222759
%%%mzn-stat: objective=408
%%%mzn-stat: nodes=21505
%%%mzn-stat: restarts=0
%%%mzn-stat: peakDepth=599
%%%mzn-stat: solveTime=2.021885564
%%%mzn-stat: variables=1114
%%%mzn-stat: propagators=815
%%%mzn-stat: failures=10718
%%%mzn-stat: propagations=359278
%%%mzn-stat: nogoods=10718
%%%mzn-stat: numAtomicConstraintsPropagated=0
%%%mzn-stat: allDifferentNumber1TotalHallSetSize=12768
%%%mzn-stat: allDifferentNumber1NumberOfConflicts=2723
%%%mzn-stat: allDifferentNumber1MaxHallSetSize=25
%%%mzn-stat: allDifferentNumber1PropagationsTotal=44930
%%%mzn-stat: allDifferentNumber1PropagationsThatFoundConflict=2723
%%%mzn-stat: circuitNumber2PropagationsThatFoundConflict=6582
%%%mzn-stat: circuitNumber2TotalFixedEdgesAtConflict=305097
%%%mzn-stat: circuitNumber2NumberOfConflicts=6582
%%%mzn-stat: circuitNumber2PropagationsThatPruned=4767
%%%mzn-stat: circuitNumber2PropagationsTotal=28712
%%%mzn-stat: AverageConflictSize=28.518846799776078
%%%mzn-stat: NumUnitNogoodsLearned=0
%%%mzn-stat: AverageLearnedNogoodLength=32.38990483299123
%%%mzn-stat: AverageBacktrackAmount=0
%%%mzn-stat: AverageLbd=30.632394103377496
%%%mzn-stat: 2AutonomousSearchNumBackupCalled=2147
%%%mzn-stat: 2AutonomousSearchNumPredicatesRemoved=0
%%%mzn-stat: 2AutonomousSearchNumCalls=2151
%%%mzn-stat: 2AutonomousSearchNumPredicatesAdded=3006
%%%mzn-stat: 2AutonomousSearchAverageSizeOfHeap=2.2036262203626222
%%%mzn-stat: 2AutonomousSearchNumAssignedPredicatesEncountered=4740
%%%mzn-stat-end
maxleg = 408;
succ = array1d(1..50,[6, 5, 4, 13, 18, 12, 2, 1, 7, 9, 8, 3, 17, 23, 28, 10, 20, 14, 11, 21, 22, 27, 32, 25, 33, 19, 29, 16, 38, 26, 34, 40, 48, 24, 31, 35, 41, 45, 37, 39, 43, 30, 44, 49, 47, 42, 50, 46, 36, 15]);
% time elapsed: 2.29 s
----------
%%%mzn-stat: initTime=0.007222759
%%%mzn-stat: objective=376
%%%mzn-stat: nodes=22381
%%%mzn-stat: restarts=0
%%%mzn-stat: peakDepth=599
%%%mzn-stat: solveTime=2.036824878
%%%mzn-stat: variables=1114
%%%mzn-stat: propagators=815
%%%mzn-stat: failures=10787
%%%mzn-stat: propagations=364611
%%%mzn-stat: nogoods=10787
%%%mzn-stat: numAtomicConstraintsPropagated=0
%%%mzn-stat: allDifferentNumber1TotalHallSetSize=12868
%%%mzn-stat: allDifferentNumber1NumberOfConflicts=2754
%%%mzn-stat: allDifferentNumber1MaxHallSetSize=25
%%%mzn-stat: allDifferentNumber1PropagationsTotal=45540
%%%mzn-stat: allDifferentNumber1PropagationsThatFoundConflict=2754
%%%mzn-stat: circuitNumber2PropagationsThatFoundConflict=6595
%%%mzn-stat: circuitNumber2TotalFixedEdgesAtConflict=305699
%%%mzn-stat: circuitNumber2NumberOfConflicts=6595
%%%mzn-stat: circuitNumber2PropagationsThatPruned=4779
%%%mzn-stat: circuitNumber2PropagationsTotal=29108
%%%mzn-stat: AverageConflictSize=28.391489756188005
%%%mzn-stat: NumUnitNogoodsLearned=0
%%%mzn-stat: AverageLearnedNogoodLength=32.364790952071935
%%%mzn-stat: AverageBacktrackAmount=0
%%%mzn-stat: AverageLbd=30.568554741818858
%%%mzn-stat: 2AutonomousSearchNumBackupCalled=2634
%%%mzn-stat: 2AutonomousSearchNumPredicatesRemoved=0
%%%mzn-stat: 2AutonomousSearchNumCalls=2639
%%%mzn-stat: 2AutonomousSearchNumPredicatesAdded=3694
%%%mzn-stat: 2AutonomousSearchAverageSizeOfHeap=2.2671466464569914
%%%mzn-stat: 2AutonomousSearchNumAssignedPredicatesEncountered=5983
%%%mzn-stat-end
maxleg = 376;
succ = array1d(1..50,[6, 5, 4, 13, 18, 12, 2, 11, 7, 9, 1, 3, 17, 23, 28, 10, 20, 14, 8, 21, 22, 27, 32, 25, 33, 19, 29, 16, 38, 26, 34, 40, 48, 24, 31, 35, 41, 45, 37, 39, 43, 30, 44, 49, 47, 42, 50, 46, 36, 15]);
% time elapsed: 2.31 s
----------
%%%mzn-stat: initTime=0.007222759
%%%mzn-stat: objective=357
%%%mzn-stat: nodes=25501
%%%mzn-stat: restarts=0
%%%mzn-stat: peakDepth=599
%%%mzn-stat: solveTime=2.256206718
%%%mzn-stat: variables=1114
%%%mzn-stat: propagators=815
%%%mzn-stat: failures=12113
%%%mzn-stat: propagations=416754
%%%mzn-stat: nogoods=12113
%%%mzn-stat: numAtomicConstraintsPropagated=0
%%%mzn-stat: allDifferentNumber1TotalHallSetSize=31944
%%%mzn-stat: allDifferentNumber1NumberOfConflicts=3841
%%%mzn-stat: allDifferentNumber1MaxHallSetSize=30
%%%mzn-stat: allDifferentNumber1PropagationsTotal=50874
%%%mzn-stat: allDifferentNumber1PropagationsThatFoundConflict=3841
%%%mzn-stat: circuitNumber2PropagationsThatFoundConflict=6657
%%%mzn-stat: circuitNumber2TotalFixedEdgesAtConflict=308202
%%%mzn-stat: circuitNumber2NumberOfConflicts=6657
%%%mzn-stat: circuitNumber2PropagationsThatPruned=5110
%%%mzn-stat: circuitNumber2PropagationsTotal=31914
%%%mzn-stat: AverageConflictSize=28.00041277965822
%%%mzn-stat: NumUnitNogoodsLearned=0
%%%mzn-stat: AverageLearnedNogoodLength=33.2968711301907
%%%mzn-stat: AverageBacktrackAmount=0
%%%mzn-stat: AverageLbd=29.804177330141172
%%%mzn-stat: 2AutonomousSearchNumBackupCalled=3114
%%%mzn-stat: 2AutonomousSearchNumPredicatesRemoved=0
%%%mzn-stat: 2AutonomousSearchNumCalls=3120
%%%mzn-stat: 2AutonomousSearchNumPredicatesAdded=4798
%%%mzn-stat: 2AutonomousSearchAverageSizeOfHeap=2.4038461538461537
%%%mzn-stat: 2AutonomousSearchNumAssignedPredicatesEncountered=7500
%%%mzn-stat-end
maxleg = 357;
succ = array1d(1..50,[6, 7, 4, 13, 18, 12, 3, 11, 10, 16, 1, 2, 9, 23, 28, 31, 20, 14, 8, 21, 22, 27, 32, 5, 24, 19, 29, 33, 38, 42, 34, 40, 37, 35, 36, 49, 39, 45, 41, 26, 43, 46, 17, 15, 50, 48, 30, 25, 44, 47]);
% time elapsed: 2.53 s
----------
%%%mzn-stat: initTime=0.007222759
%%%mzn-stat: objective=356
%%%mzn-stat: nodes=26194
%%%mzn-stat: restarts=0
%%%mzn-stat: peakDepth=599
%%%mzn-stat: solveTime=2.275342429
%%%mzn-stat: variables=1114
%%%mzn-stat: propagators=815
%%%mzn-stat: failures=12229
%%%mzn-stat: propagations=422324
%%%mzn-stat: nogoods=12229
%%%mzn-stat: numAtomicConstraintsPropagated=0
%%%mzn-stat: allDifferentNumber1TotalHallSetSize=32281
%%%mzn-stat: allDifferentNumber1NumberOfConflicts=3867
%%%mzn-stat: allDifferentNumber1MaxHallSetSize=30
%%%mzn-stat: allDifferentNumber1PropagationsTotal=51272
%%%mzn-stat: allDifferentNumber1PropagationsThatFoundConflict=3867
%%%mzn-stat: circuitNumber2PropagationsThatFoundConflict=6718
%%%mzn-stat: circuitNumber2TotalFixedEdgesAtConflict=310918
%%%mzn-stat: circuitNumber2NumberOfConflicts=6718
%%%mzn-stat: circuitNumber2PropagationsThatPruned=5154
%%%mzn-stat: circuitNumber2PropagationsTotal=32176
%%%mzn-stat: AverageConflictSize=27.96213917736528
%%%mzn-stat: NumUnitNogoodsLearned=0
%%%mzn-stat: AverageLearnedNogoodLength=33.31703328154387
%%%mzn-stat: AverageBacktrackAmount=0
%%%mzn-stat: AverageLbd=29.746095347125685
%%%mzn-stat: 2AutonomousSearchNumBackupCalled=3622
%%%mzn-stat: 2AutonomousSearchNumPredicatesRemoved=0
%%%mzn-stat: 2AutonomousSearchNumCalls=3629
%%%mzn-stat: 2AutonomousSearchNumPredicatesAdded=5479
%%%mzn-stat: 2AutonomousSearchAverageSizeOfHeap=2.4904932488288787
%%%mzn-stat: 2AutonomousSearchNumAssignedPredicatesEncountered=9038
%%%mzn-stat-end
maxleg = 356;
succ = array1d(1..50,[6, 7, 4, 13, 18, 12, 3, 11, 10, 16, 1, 2, 9, 23, 28, 31, 20, 14, 8, 21, 22, 27, 32, 25, 5, 19, 26, 24, 38, 47, 34, 40, 37, 35, 36, 49, 39, 17, 30, 42, 15, 46, 41, 43, 29, 48, 50, 33, 44, 45]);
% time elapsed: 2.55 s
----------
%%%mzn-stat: initTime=0.007222759
%%%mzn-stat: objective=354
%%%mzn-stat: nodes=27537
%%%mzn-stat: restarts=0
%%%mzn-stat: peakDepth=599
%%%mzn-stat: solveTime=2.406832408
%%%mzn-stat: variables=1114
%%%mzn-stat: propagators=815
%%%mzn-stat: failures=12990
%%%mzn-stat: propagations=451988
%%%mzn-stat: nogoods=12990
%%%mzn-stat: numAtomicConstraintsPropagated=0
%%%mzn-stat: allDifferentNumber1TotalHallSetSize=38211
%%%mzn-stat: allDifferentNumber1NumberOfConflicts=4274
%%%mzn-stat: allDifferentNumber1MaxHallSetSize=30
%%%mzn-stat: allDifferentNumber1PropagationsTotal=53217
%%%mzn-stat: allDifferentNumber1PropagationsThatFoundConflict=4274
%%%mzn-stat: circuitNumber2PropagationsThatFoundConflict=6767
%%%mzn-stat: circuitNumber2TotalFixedEdgesAtConflict=312965
%%%mzn-stat: circuitNumber2NumberOfConflicts=6767
%%%mzn-stat: circuitNumber2PropagationsThatPruned=5378
%%%mzn-stat: circuitNumber2PropagationsTotal=33198
%%%mzn-stat: AverageConflictSize=27.998152424942262
%%%mzn-stat: NumUnitNogoodsLearned=0
%%%mzn-stat: AverageLearnedNogoodLength=34.31301000769823
%%%mzn-stat: AverageBacktrackAmount=0
%%%mzn-stat: AverageLbd=29.57451886066205
%%%mzn-stat: 2AutonomousSearchNumBackupCalled=4115
%%%mzn-stat: 2AutonomousSearchNumPredicatesRemoved=0
%%%mzn-stat: 2AutonomousSearchNumCalls=4123
%%%mzn-stat: 2AutonomousSearchNumPredicatesAdded=6538
%%%mzn-stat: 2AutonomousSearchAverageSizeOfHeap=2.5731263642978415
%%%mzn-stat: 2AutonomousSearchNumAssignedPredicatesEncountered=10609
%%%mzn-stat-end
maxleg = 354;
succ = array1d(1..50,[6, 7, 4, 13, 18, 12, 3, 11, 10, 16, 1, 2, 9, 23, 28, 31, 20, 14, 8, 21, 22, 27, 32, 25, 5, 19, 29, 33, 38, 42, 34, 40, 37, 35, 36, 49, 39, 45, 41, 26, 43, 46, 17, 15, 50, 48, 30, 24, 44, 47]);
% time elapsed: 2.68 s
----------
%%%mzn-stat: initTime=0.007222759
%%%mzn-stat: objective=341
%%%mzn-stat: nodes=28111
%%%mzn-stat: restarts=0
%%%mzn-stat: peakDepth=599
%%%mzn-stat: solveTime=2.410767696
%%%mzn-stat: variables=1114
%%%mzn-stat: propagators=815
%%%mzn-stat: failures=13000
%%%mzn-stat: propagations=454123
%%%mzn-stat: nogoods=13000
%%%mzn-stat: numAtomicConstraintsPropagated=0
%%%mzn-stat: allDifferentNumber1TotalHallSetSize=38281
%%%mzn-stat: allDifferentNumber1NumberOfConflicts=4281
%%%mzn-stat: allDifferentNumber1MaxHallSetSize=30
%%%mzn-stat: allDifferentNumber1PropagationsTotal=53365
%%%mzn-stat: allDifferentNumber1PropagationsThatFoundConflict=4281
%%%mzn-stat: circuitNumber2PropagationsThatFoundConflict=6767
%%%mzn-stat: circuitNumber2TotalFixedEdgesAtConflict=312965
%%%mzn-stat: circuitNumber2NumberOfConflicts=6767
%%%mzn-stat: circuitNumber2PropagationsThatPruned=5387
%%%mzn-stat: circuitNumber2PropagationsTotal=33297
%%%mzn-stat: AverageConflictSize=27.997846153846154
%%%mzn-stat: NumUnitNogoodsLearned=0
%%%mzn-stat: AverageLearnedNogoodLength=34.31123076923077
%%%mzn-stat: AverageBacktrackAmount=0
%%%mzn-stat: AverageLbd=29.565538461538463
%%%mzn-stat: 2AutonomousSearchNumBackupCalled=4601
%%%mzn-stat: 2AutonomousSearchNumPredicatesRemoved=0
%%%mzn-stat: 2AutonomousSearchNumCalls=4610
%%%mzn-stat: 2AutonomousSearchNumPredicatesAdded=6855
%%%mzn-stat: 2AutonomousSearchAverageSizeOfHeap=2.642516268980477
%%%mzn-stat: 2AutonomousSearchNumAssignedPredicatesEncountered=12182
%%%mzn-stat-end
maxleg = 341;
succ = array1d(1..50,[6, 7, 4, 13, 18, 12, 3, 11, 10, 16, 1, 2, 9, 23, 28, 31, 20, 14, 8, 21, 22, 27, 32, 25, 5, 19, 29, 33, 38, 42, 35, 40, 34, 41, 36, 49, 39, 45, 30, 26, 37, 46, 17, 43, 47, 48, 50, 24, 44, 15]);
% time elapsed: 2.69 s
----------
%%%mzn-stat: initTime=0.007222759
%%%mzn-stat: objective=334
%%%mzn-stat: nodes=28925
%%%mzn-stat: restarts=0
%%%mzn-stat: peakDepth=599
%%%mzn-stat: solveTime=2.419645945
%%%mzn-stat: variables=1114
%%%mzn-stat: propagators=815
%%%mzn-stat: failures=13031
%%%mzn-stat: propagations=459489
%%%mzn-stat: nogoods=13031
%%%mzn-stat: numAtomicConstraintsPropagated=0
%%%mzn-stat: allDifferentNumber1TotalHallSetSize=38368
%%%mzn-stat: allDifferentNumber1NumberOfConflicts=4310
%%%mzn-stat: allDifferentNumber1MaxHallSetSize=30
%%%mzn-stat: allDifferentNumber1PropagationsTotal=53902
%%%mzn-stat: allDifferentNumber1PropagationsThatFoundConflict=4310
%%%mzn-stat: circuitNumber2PropagationsThatFoundConflict=6768
%%%mzn-stat: circuitNumber2TotalFixedEdgesAtConflict=313004
%%%mzn-stat: circuitNumber2NumberOfConflicts=6768
%%%mzn-stat: circuitNumber2PropagationsThatPruned=5437
%%%mzn-stat: circuitNumber2PropagationsTotal=33663
%%%mzn-stat: AverageConflictSize=27.944516921187937
%%%mzn-stat: NumUnitNogoodsLearned=0
%%%mzn-stat: AverageLearnedNogoodLength=34.24779372266135
%%%mzn-stat: AverageBacktrackAmount=0
%%%mzn-stat: AverageLbd=29.5073286777684
%%%mzn-stat: 2AutonomousSearchNumBackupCalled=5074
%%%mzn-stat: 2AutonomousSearchNumPredicatesRemoved=0
%%%mzn-stat: 2AutonomousSearchNumCalls=5084
%%%mzn-stat: 2AutonomousSearchNumPredicatesAdded=7186
%%%mzn-stat: 2AutonomousSearchAverageSizeOfHeap=2.706136900078678
%%%mzn-stat: 2AutonomousSearchNumAssignedPredicatesEncountered=13758
%%%mzn-stat-end
maxleg = 334;
succ = array1d(1..50,[6, 7, 4, 13, 18, 12, 3, 11, 10, 16, 1, 2, 9, 23, 28, 31, 20, 14, 26, 21, 22, 27, 32, 25, 5, 29, 19, 33, 38, 39, 35, 8, 37, 15, 36, 49, 41, 45, 40, 42, 43, 46, 44, 17, 50, 48, 30, 24, 34, 47]);
% time elapsed: 2.70 s
----------
%%%mzn-stat: initTime=0.007222759
%%%mzn-stat: objective=332
%%%mzn-stat: nodes=29530
%%%mzn-stat: restarts=0
%%%mzn-stat: peakDepth=599
%%%mzn-stat: solveTime=2.423524983
%%%mzn-stat: variables=1114
%%%mzn-stat: propagators=815
%%%mzn-stat: failures=13042
%%%mzn-stat: propagations=462290
%%%mzn-stat: nogoods=13042
%%%mzn-stat: numAtomicConstraintsPropagated=0
%%%mzn-stat: allDifferentNumber1TotalHallSetSize=38380
%%%mzn-stat: allDifferentNumber1NumberOfConflicts=4316
%%%mzn-stat: allDifferentNumber1MaxHallSetSize=30
%%%mzn-stat: allDifferentNumber1PropagationsTotal=54134
%%%mzn-stat: allDifferentNumber1PropagationsThatFoundConflict=4316
%%%mzn-stat: circuitNumber2PropagationsThatFoundConflict=6768
%%%mzn-stat: circuitNumber2TotalFixedEdgesAtConflict=313004
%%%mzn-stat: circuitNumber2NumberOfConflicts=6768
%%%mzn-stat: circuitNumber2PropagationsThatPruned=5443
%%%mzn-stat: circuitNumber2PropagationsTotal=33813
%%%mzn-stat: AverageConflictSize=27.925318202729642
%%%mzn-stat: NumUnitNogoodsLearned=0
%%%mzn-stat: AverageLearnedNogoodLength=34.222895261462966
%%%mzn-stat: AverageBacktrackAmount=0
%%%mzn-stat: AverageLbd=29.48642846189235
%%%mzn-stat: 2AutonomousSearchNumBackupCalled=5533
%%%mzn-stat: 2AutonomousSearchNumPredicatesRemoved=0
%%%mzn-stat: 2AutonomousSearchNumCalls=5544
%%%mzn-stat: 2AutonomousSearchNumPredicatesAdded=7209
%%%mzn-stat: 2AutonomousSearchAverageSizeOfHeap=2.767135642135642
%%%mzn-stat: 2AutonomousSearchNumAssignedPredicatesEncountered=15341
%%%mzn-stat-end
maxleg = 332;
succ = array1d(1..50,[6, 7, 4, 13, 18, 12, 3, 11, 10, 16, 1, 2, 9, 33, 28, 31, 20, 14, 26, 21, 22, 27, 32, 25, 5, 29, 19, 34, 38, 39, 35, 8, 37, 41, 36, 49, 23, 45, 40, 42, 43, 46, 17, 15, 50, 48, 30, 24, 44, 47]);
% time elapsed: 2.70 s
----------
%%%mzn-stat: initTime=0.007222759
%%%mzn-stat: objective=323
%%%mzn-stat: nodes=1550102
%%%mzn-stat: restarts=0
%%%mzn-stat: peakDepth=599
%%%mzn-stat: solveTime=535.548541944
%%%mzn-stat: variables=1114
%%%mzn-stat: propagators=815
%%%mzn-stat: failures=1500636
%%%mzn-stat: propagations=56113077
%%%mzn-stat: nogoods=1500636
%%%mzn-stat: numAtomicConstraintsPropagated=0
%%%mzn-stat: allDifferentNumber1TotalHallSetSize=13346890
%%%mzn-stat: allDifferentNumber1NumberOfConflicts=721169
%%%mzn-stat: allDifferentNumber1MaxHallSetSize=43
%%%mzn-stat: allDifferentNumber1PropagationsTotal=3902741
%%%mzn-stat: allDifferentNumber1PropagationsThatFoundConflict=721169
%%%mzn-stat: circuitNumber2PropagationsThatFoundConflict=88730
%%%mzn-stat: circuitNumber2TotalFixedEdgesAtConflict=3488989
%%%mzn-stat: circuitNumber2NumberOfConflicts=88730
%%%mzn-stat: circuitNumber2PropagationsThatPruned=314379
%%%mzn-stat: circuitNumber2PropagationsTotal=1988672
%%%mzn-stat: AverageConflictSize=39.239890286518516
%%%mzn-stat: NumUnitNogoodsLearned=0
%%%mzn-stat: AverageLearnedNogoodLength=70.88528264016057
%%%mzn-stat: AverageBacktrackAmount=0
%%%mzn-stat: AverageLbd=23.012031565282985
%%%mzn-stat: 2AutonomousSearchNumBackupCalled=5990
%%%mzn-stat: 2AutonomousSearchNumPredicatesRemoved=0
%%%mzn-stat: 2AutonomousSearchNumCalls=6002
%%%mzn-stat: 2AutonomousSearchNumPredicatesAdded=9121
%%%mzn-stat: 2AutonomousSearchAverageSizeOfHeap=2.9486837720759747
%%%mzn-stat: 2AutonomousSearchNumAssignedPredicatesEncountered=17698
%%%mzn-stat-end
maxleg = 323;
succ = array1d(1..50,[6, 7, 4, 13, 18, 12, 3, 11, 10, 16, 1, 2, 9, 33, 28, 31, 20, 37, 26, 21, 22, 27, 32, 25, 5, 29, 19, 34, 38, 39, 35, 8, 24, 41, 36, 49, 23, 45, 40, 42, 43, 46, 17, 15, 50, 48, 30, 14, 44, 47]);
% time elapsed: 535.82 s
----------
%%%mzn-stat: initTime=0.007222759
%%%mzn-stat: objective=312
%%%mzn-stat: nodes=1550637
%%%mzn-stat: restarts=0
%%%mzn-stat: peakDepth=599
%%%mzn-stat: solveTime=535.557312424
%%%mzn-stat: variables=1114
%%%mzn-stat: propagators=815
%%%mzn-stat: failures=1500657
%%%mzn-stat: propagations=56115587
%%%mzn-stat: nogoods=1500657
%%%mzn-stat: numAtomicConstraintsPropagated=0
%%%mzn-stat: allDifferentNumber1TotalHallSetSize=13347050
%%%mzn-stat: allDifferentNumber1NumberOfConflicts=721181
%%%mzn-stat: allDifferentNumber1MaxHallSetSize=43
%%%mzn-stat: allDifferentNumber1PropagationsTotal=3902910
%%%mzn-stat: allDifferentNumber1PropagationsThatFoundConflict=721181
%%%mzn-stat: circuitNumber2PropagationsThatFoundConflict=88736
%%%mzn-stat: circuitNumber2TotalFixedEdgesAtConflict=3489243
%%%mzn-stat: circuitNumber2NumberOfConflicts=88736
%%%mzn-stat: circuitNumber2PropagationsThatPruned=314382
%%%mzn-stat: circuitNumber2PropagationsTotal=1988774
%%%mzn-stat: AverageConflictSize=39.23972766594898
%%%mzn-stat: NumUnitNogoodsLearned=0
%%%mzn-stat: AverageLearnedNogoodLength=70.88501969470705
%%%mzn-stat: AverageBacktrackAmount=0
%%%mzn-stat: AverageLbd=23.011988082553174
%%%mzn-stat: 2AutonomousSearchNumBackupCalled=6428
%%%mzn-stat: 2AutonomousSearchNumPredicatesRemoved=0
%%%mzn-stat: 2AutonomousSearchNumCalls=6441
%%%mzn-stat: 2AutonomousSearchNumPredicatesAdded=9800
%%%mzn-stat: 2AutonomousSearchAverageSizeOfHeap=3.113957460021736
%%%mzn-stat: 2AutonomousSearchNumAssignedPredicatesEncountered=20057
%%%mzn-stat-end
maxleg = 312;
succ = array1d(1..50,[6, 7, 4, 13, 18, 12, 3, 11, 10, 16, 1, 2, 9, 33, 28, 31, 20, 37, 26, 21, 22, 27, 32, 25, 48, 29, 19, 34, 38, 40, 35, 8, 24, 41, 36, 49, 39, 45, 30, 42, 14, 46, 17, 43, 47, 23, 50, 5, 44, 15]);
% time elapsed: 535.84 s
----------
%%%mzn-stat: initTime=0.007222759
%%%mzn-stat: objective=308
%%%mzn-stat: nodes=1551098
%%%mzn-stat: restarts=0
%%%mzn-stat: peakDepth=599
%%%mzn-stat: solveTime=535.560048741
%%%mzn-stat: variables=1114
%%%mzn-stat: propagators=815
%%%mzn-stat: failures=1500658
%%%mzn-stat: propagations=56117115
%%%mzn-stat: nogoods=1500658
%%%mzn-stat: numAtomicConstraintsPropagated=0
%%%mzn-stat: allDifferentNumber1TotalHallSetSize=13347052
%%%mzn-stat: allDifferentNumber1NumberOfConflicts=721182
%%%mzn-stat: allDifferentNumber1MaxHallSetSize=43
%%%mzn-stat: allDifferentNumber1PropagationsTotal=3902972
%%%mzn-stat: allDifferentNumber1PropagationsThatFoundConflict=721182
%%%mzn-stat: circuitNumber2PropagationsThatFoundConflict=88736
%%%mzn-stat: circuitNumber2TotalFixedEdgesAtConflict=3489243
%%%mzn-stat: circuitNumber2NumberOfConflicts=88736
%%%mzn-stat: circuitNumber2PropagationsThatPruned=314384
%%%mzn-stat: circuitNumber2PropagationsTotal=1988815
%%%mzn-stat: AverageConflictSize=39.239702850349644
%%%mzn-stat: NumUnitNogoodsLearned=0
%%%mzn-stat: AverageLearnedNogoodLength=70.88497379149679
%%%mzn-stat: AverageBacktrackAmount=0
%%%mzn-stat: AverageLbd=23.011974080703265
%%%mzn-stat: 2AutonomousSearchNumBackupCalled=6851
%%%mzn-stat: 2AutonomousSearchNumPredicatesRemoved=0
%%%mzn-stat: 2AutonomousSearchNumCalls=6865
%%%mzn-stat: 2AutonomousSearchNumPredicatesAdded=9802
%%%mzn-stat: 2AutonomousSearchAverageSizeOfHeap=3.2652585579024036
%%%mzn-stat: 2AutonomousSearchNumAssignedPredicatesEncountered=22416
%%%mzn-stat-end
maxleg = 308;
succ = array1d(1..50,[6, 7, 4, 13, 18, 12, 3, 11, 10, 16, 1, 2, 9, 33, 28, 31, 20, 37, 26, 21, 22, 27, 32, 25, 48, 29, 19, 34, 38, 40, 36, 8, 24, 41, 49, 35, 39, 45, 30, 42, 14, 46, 17, 43, 47, 23, 50, 5, 44, 15]);
% time elapsed: 535.85 s
----------
%%%mzn-stat: initTime=0.007222759
%%%mzn-stat: objective=304
%%%mzn-stat: nodes=1694913
%%%mzn-stat: restarts=0
%%%mzn-stat: peakDepth=599
%%%mzn-stat: solveTime=580.469178348
%%%mzn-stat: variables=1114
%%%mzn-stat: propagators=815
%%%mzn-stat: failures=1625364
%%%mzn-stat: propagations=60534748
%%%mzn-stat: nogoods=1625364
%%%mzn-stat: numAtomicConstraintsPropagated=0
%%%mzn-stat: allDifferentNumber1TotalHallSetSize=15030576
%%%mzn-stat: allDifferentNumber1NumberOfConflicts=808863
%%%mzn-stat: allDifferentNumber1MaxHallSetSize=43
%%%mzn-stat: allDifferentNumber1PropagationsTotal=4266547
%%%mzn-stat: allDifferentNumber1PropagationsThatFoundConflict=808863
%%%mzn-stat: circuitNumber2PropagationsThatFoundConflict=90894
%%%mzn-stat: circuitNumber2TotalFixedEdgesAtConflict=3555238
%%%mzn-stat: circuitNumber2NumberOfConflicts=90894
%%%mzn-stat: circuitNumber2PropagationsThatPruned=331139
%%%mzn-stat: circuitNumber2PropagationsTotal=2147772
%%%mzn-stat: AverageConflictSize=40.06570712775723
%%%mzn-stat: NumUnitNogoodsLearned=0
%%%mzn-stat: AverageLearnedNogoodLength=71.53259577546937
%%%mzn-stat: AverageBacktrackAmount=0
%%%mzn-stat: AverageLbd=22.65672920035143
%%%mzn-stat: 2AutonomousSearchNumBackupCalled=7276
%%%mzn-stat: 2AutonomousSearchNumPredicatesRemoved=0
%%%mzn-stat: 2AutonomousSearchNumCalls=7291
%%%mzn-stat: 2AutonomousSearchNumPredicatesAdded=11810
%%%mzn-stat: 2AutonomousSearchAverageSizeOfHeap=3.420518447400905
%%%mzn-stat: 2AutonomousSearchNumAssignedPredicatesEncountered=24939
%%%mzn-stat-end
maxleg = 304;
succ = array1d(1..50,[6, 7, 4, 13, 18, 12, 3, 11, 10, 16, 1, 2, 9, 33, 28, 35, 20, 37, 26, 21, 22, 27, 32, 25, 48, 29, 19, 34, 38, 40, 43, 8, 24, 41, 36, 31, 39, 45, 30, 42, 14, 46, 49, 17, 47, 23, 50, 5, 44, 15]);
% time elapsed: 580.75 s
----------
%%%mzn-stat: initTime=0.007222759
%%%mzn-stat: objective=303
%%%mzn-stat: nodes=2777864
%%%mzn-stat: restarts=0
%%%mzn-stat: peakDepth=599
%%%mzn-stat: solveTime=935.733304802
%%%mzn-stat: variables=1114
%%%mzn-stat: propagators=815
%%%mzn-stat: failures=2528321
%%%mzn-stat: propagations=86464773
%%%mzn-stat: nogoods=2528321
%%%mzn-stat: numAtomicConstraintsPropagated=0
%%%mzn-stat: allDifferentNumber1TotalHallSetSize=19760871
%%%mzn-stat: allDifferentNumber1NumberOfConflicts=1084038
%%%mzn-stat: allDifferentNumber1MaxHallSetSize=43
%%%mzn-stat: allDifferentNumber1PropagationsTotal=6290058
%%%mzn-stat: allDifferentNumber1PropagationsThatFoundConflict=1084038
%%%mzn-stat: circuitNumber2PropagationsThatFoundConflict=99636
%%%mzn-stat: circuitNumber2TotalFixedEdgesAtConflict=3904427
%%%mzn-stat: circuitNumber2NumberOfConflicts=99636
%%%mzn-stat: circuitNumber2PropagationsThatPruned=379027
%%%mzn-stat: circuitNumber2PropagationsTotal=3006588
%%%mzn-stat: AverageConflictSize=42.14148599010964
%%%mzn-stat: NumUnitNogoodsLearned=0
%%%mzn-stat: AverageLearnedNogoodLength=77.83334790163116
%%%mzn-stat: AverageBacktrackAmount=0
%%%mzn-stat: AverageLbd=21.88646932094461
%%%mzn-stat: 2AutonomousSearchNumBackupCalled=7686
%%%mzn-stat: 2AutonomousSearchNumPredicatesRemoved=0
%%%mzn-stat: 2AutonomousSearchNumCalls=7702
%%%mzn-stat: 2AutonomousSearchNumPredicatesAdded=13992
%%%mzn-stat: 2AutonomousSearchAverageSizeOfHeap=3.5907556478836664
%%%mzn-stat: 2AutonomousSearchNumAssignedPredicatesEncountered=27656
%%%mzn-stat-end
maxleg = 303;
succ = array1d(1..50,[6, 7, 4, 13, 18, 12, 3, 11, 10, 16, 1, 2, 17, 33, 9, 35, 20, 37, 26, 21, 22, 27, 32, 25, 48, 29, 19, 34, 38, 40, 43, 8, 24, 41, 36, 31, 39, 45, 30, 42, 14, 46, 44, 49, 47, 23, 50, 5, 28, 15]);
% time elapsed: 936.11 s
----------
%%%mzn-stat: initTime=0.007222759
%%%mzn-stat: objective=285
%%%mzn-stat: nodes=2778633
%%%mzn-stat: restarts=0
%%%mzn-stat: peakDepth=599
%%%mzn-stat: solveTime=935.762486061
%%%mzn-stat: variables=1114
%%%mzn-stat: propagators=815
%%%mzn-stat: failures=2528406
%%%mzn-stat: propagations=86472589
%%%mzn-stat: nogoods=2528406
%%%mzn-stat: numAtomicConstraintsPropagated=0
%%%mzn-stat: allDifferentNumber1TotalHallSetSize=19761592
%%%mzn-stat: allDifferentNumber1NumberOfConflicts=1084088
%%%mzn-stat: allDifferentNumber1MaxHallSetSize=43
%%%mzn-stat: allDifferentNumber1PropagationsTotal=6290763
%%%mzn-stat: allDifferentNumber1PropagationsThatFoundConflict=1084088
%%%mzn-stat: circuitNumber2PropagationsThatFoundConflict=99650
%%%mzn-stat: circuitNumber2TotalFixedEdgesAtConflict=3905033
%%%mzn-stat: circuitNumber2NumberOfConflicts=99650
%%%mzn-stat: circuitNumber2PropagationsThatPruned=379096
%%%mzn-stat: circuitNumber2PropagationsTotal=3007001
%%%mzn-stat: AverageConflictSize=42.14129099519618
%%%mzn-stat: NumUnitNogoodsLearned=0
%%%mzn-stat: AverageLearnedNogoodLength=77.83239598387284
%%%mzn-stat: AverageBacktrackAmount=0
%%%mzn-stat: AverageLbd=21.886242162057833
%%%mzn-stat: 2AutonomousSearchNumBackupCalled=8095
%%%mzn-stat: 2AutonomousSearchNumPredicatesRemoved=0
%%%mzn-stat: 2AutonomousSearchNumCalls=8112
%%%mzn-stat: 2AutonomousSearchNumPredicatesAdded=15008
%%%mzn-stat: 2AutonomousSearchAverageSizeOfHeap=3.7460552268244576
%%%mzn-stat: 2AutonomousSearchNumAssignedPredicatesEncountered=30388
%%%mzn-stat-end
maxleg = 285;
succ = array1d(1..50,[6, 7, 4, 15, 18, 12, 3, 11, 10, 16, 1, 2, 17, 33, 9, 35, 20, 37, 26, 21, 22, 27, 46, 25, 48, 29, 40, 34, 38, 19, 43, 8, 24, 41, 36, 31, 39, 45, 30, 23, 14, 32, 44, 49, 47, 42, 50, 5, 28, 13]);
% time elapsed: 936.11 s
----------
%%%mzn-stat: initTime=0.007222759
%%%mzn-stat: objective=279
%%%mzn-stat: nodes=2839469
%%%mzn-stat: restarts=0
%%%mzn-stat: peakDepth=599
%%%mzn-stat: solveTime=953.981263201
%%%mzn-stat: variables=1114
%%%mzn-stat: propagators=815
%%%mzn-stat: failures=2582086
%%%mzn-stat: propagations=88082363
%%%mzn-stat: nogoods=2582086
%%%mzn-stat: numAtomicConstraintsPropagated=0
%%%mzn-stat: allDifferentNumber1TotalHallSetSize=20149021
%%%mzn-stat: allDifferentNumber1NumberOfConflicts=1116708
%%%mzn-stat: allDifferentNumber1MaxHallSetSize=43
%%%mzn-stat: allDifferentNumber1PropagationsTotal=6414861
%%%mzn-stat: allDifferentNumber1PropagationsThatFoundConflict=1116708
%%%mzn-stat: circuitNumber2PropagationsThatFoundConflict=99755
%%%mzn-stat: circuitNumber2TotalFixedEdgesAtConflict=3908848
%%%mzn-stat: circuitNumber2NumberOfConflicts=99755
%%%mzn-stat: circuitNumber2PropagationsThatPruned=383222
%%%mzn-stat: circuitNumber2PropagationsTotal=3048439
%%%mzn-stat: AverageConflictSize=42.06788968299274
%%%mzn-stat: NumUnitNogoodsLearned=0
%%%mzn-stat: AverageLearnedNogoodLength=77.66151321063667
%%%mzn-stat: AverageBacktrackAmount=0
%%%mzn-stat: AverageLbd=21.864655166404216
%%%mzn-stat: 2AutonomousSearchNumBackupCalled=8494
%%%mzn-stat: 2AutonomousSearchNumPredicatesRemoved=0
%%%mzn-stat: 2AutonomousSearchNumCalls=8512
%%%mzn-stat: 2AutonomousSearchNumPredicatesAdded=16693
%%%mzn-stat: 2AutonomousSearchAverageSizeOfHeap=3.9046052631578947
%%%mzn-stat: 2AutonomousSearchNumAssignedPredicatesEncountered=33236
%%%mzn-stat-end
maxleg = 279;
succ = array1d(1..50,[6, 7, 4, 15, 18, 12, 3, 11, 10, 16, 19, 2, 17, 1, 9, 35, 43, 14, 26, 13, 20, 21, 46, 25, 48, 27, 29, 33, 38, 40, 34, 8, 24, 41, 36, 31, 39, 45, 30, 23, 37, 32, 44, 49, 47, 42, 50, 5, 28, 22]);
% time elapsed: 954.27 s
----------
%%%mzn-stat: initTime=0.007222759
%%%mzn-stat: objective=274
%%%mzn-stat: nodes=2843350
%%%mzn-stat: restarts=0
%%%mzn-stat: peakDepth=599
%%%mzn-stat: solveTime=954.812798282
%%%mzn-stat: variables=1114
%%%mzn-stat: propagators=815
%%%mzn-stat: failures=2585383
%%%mzn-stat: propagations=88201714
%%%mzn-stat: nogoods=2585383
%%%mzn-stat: numAtomicConstraintsPropagated=0
%%%mzn-stat: allDifferentNumber1TotalHallSetSize=20211950
%%%mzn-stat: allDifferentNumber1NumberOfConflicts=1119986
%%%mzn-stat: allDifferentNumber1MaxHallSetSize=43
%%%mzn-stat: allDifferentNumber1PropagationsTotal=6424293
%%%mzn-stat: allDifferentNumber1PropagationsThatFoundConflict=1119986
%%%mzn-stat: circuitNumber2PropagationsThatFoundConflict=99755
%%%mzn-stat: circuitNumber2TotalFixedEdgesAtConflict=3908848
%%%mzn-stat: circuitNumber2NumberOfConflicts=99755
%%%mzn-stat: circuitNumber2PropagationsThatPruned=384043
%%%mzn-stat: circuitNumber2PropagationsTotal=3051772
%%%mzn-stat: AverageConflictSize=42.122478565071404
%%%mzn-stat: NumUnitNogoodsLearned=0
%%%mzn-stat: AverageLearnedNogoodLength=77.67781524052722
%%%mzn-stat: AverageBacktrackAmount=0
%%%mzn-stat: AverageLbd=21.86540678885875
%%%mzn-stat: 2AutonomousSearchNumBackupCalled=8860
%%%mzn-stat: 2AutonomousSearchNumPredicatesRemoved=0
%%%mzn-stat: 2AutonomousSearchNumCalls=8879
%%%mzn-stat: 2AutonomousSearchNumPredicatesAdded=17653
%%%mzn-stat: 2AutonomousSearchAverageSizeOfHeap=4.066336299132785
%%%mzn-stat: 2AutonomousSearchNumAssignedPredicatesEncountered=36105
%%%mzn-stat-end
maxleg = 274;
succ = array1d(1..50,[6, 7, 4, 15, 18, 12, 3, 11, 10, 16, 19, 14, 17, 2, 9, 35, 20, 37, 26, 21, 22, 27, 46, 25, 48, 29, 30, 33, 38, 1, 43, 8, 24, 28, 36, 31, 41, 45, 40, 23, 39, 32, 44, 49, 47, 42, 50, 5, 34, 13]);
% time elapsed: 955.10 s
----------
%%%mzn-stat: initTime=0.007222759
%%%mzn-stat: objective=272
%%%mzn-stat: nodes=2843803
%%%mzn-stat: restarts=0
%%%mzn-stat: peakDepth=599
%%%mzn-stat: solveTime=954.822108104
%%%mzn-stat: variables=1114
%%%mzn-stat: propagators=815
%%%mzn-stat: failures=2585404
%%%mzn-stat: propagations=88204220
%%%mzn-stat: nogoods=2585404
%%%mzn-stat: numAtomicConstraintsPropagated=0
%%%mzn-stat: allDifferentNumber1TotalHallSetSize=20212074
%%%mzn-stat: allDifferentNumber1NumberOfConflicts=1119997
%%%mzn-stat: allDifferentNumber1MaxHallSetSize=43
%%%mzn-stat: allDifferentNumber1PropagationsTotal=6424430
%%%mzn-stat: allDifferentNumber1PropagationsThatFoundConflict=1119997
%%%mzn-stat: circuitNumber2PropagationsThatFoundConflict=99759
%%%mzn-stat: circuitNumber2TotalFixedEdgesAtConflict=3909030
%%%mzn-stat: circuitNumber2NumberOfConflicts=99759
%%%mzn-stat: circuitNumber2PropagationsThatPruned=384052
%%%mzn-stat: circuitNumber2PropagationsTotal=3051853
%%%mzn-stat: AverageConflictSize=42.12237159066823
%%%mzn-stat: NumUnitNogoodsLearned=0
%%%mzn-stat: AverageLearnedNogoodLength=77.67744924971107
%%%mzn-stat: AverageBacktrackAmount=0
%%%mzn-stat: AverageLbd=21.865317760783228
%%%mzn-stat: 2AutonomousSearchNumBackupCalled=9236
%%%mzn-stat: 2AutonomousSearchNumPredicatesRemoved=0
%%%mzn-stat: 2AutonomousSearchNumCalls=9256
%%%mzn-stat: 2AutonomousSearchNumPredicatesAdded=18297
%%%mzn-stat: 2AutonomousSearchAverageSizeOfHeap=4.217048401037165
%%%mzn-stat: 2AutonomousSearchNumAssignedPredicatesEncountered=39033
%%%mzn-stat-end
maxleg = 272;
succ = array1d(1..50,[6, 7, 4, 15, 18, 12, 3, 11, 10, 16, 19, 14, 17, 2, 9, 35, 43, 37, 26, 13, 20, 21, 46, 25, 48, 27, 29, 33, 38, 40, 34, 8, 24, 41, 36, 31, 1, 45, 30, 23, 39, 32, 44, 49, 47, 42, 50, 5, 28, 22]);
% time elapsed: 955.12 s
----------
%%%mzn-stat: initTime=0.007222759
%%%mzn-stat: objective=262
%%%mzn-stat: nodes=2855137
%%%mzn-stat: restarts=0
%%%mzn-stat: peakDepth=599
%%%mzn-stat: solveTime=957.773294896
%%%mzn-stat: variables=1114
%%%mzn-stat: propagators=815
%%%mzn-stat: failures=2596018
%%%mzn-stat: propagations=88601694
%%%mzn-stat: nogoods=2596018
%%%mzn-stat: numAtomicConstraintsPropagated=0
%%%mzn-stat: allDifferentNumber1TotalHallSetSize=20474156
%%%mzn-stat: allDifferentNumber1NumberOfConflicts=1130463
%%%mzn-stat: allDifferentNumber1MaxHallSetSize=43
%%%mzn-stat: allDifferentNumber1PropagationsTotal=6454640
%%%mzn-stat: allDifferentNumber1PropagationsThatFoundConflict=1130463
%%%mzn-stat: circuitNumber2PropagationsThatFoundConflict=99773
%%%mzn-stat: circuitNumber2TotalFixedEdgesAtConflict=3909628
%%%mzn-stat: circuitNumber2NumberOfConflicts=99773
%%%mzn-stat: circuitNumber2PropagationsThatPruned=386878
%%%mzn-stat: circuitNumber2PropagationsTotal=3062685
%%%mzn-stat: AverageConflictSize=42.27541026294887
%%%mzn-stat: NumUnitNogoodsLearned=0
%%%mzn-stat: AverageLearnedNogoodLength=77.71538756665015
%%%mzn-stat: AverageBacktrackAmount=0
%%%mzn-stat: AverageLbd=21.868948520387764
%%%mzn-stat: 2AutonomousSearchNumBackupCalled=9570
%%%mzn-stat: 2AutonomousSearchNumPredicatesRemoved=0
%%%mzn-stat: 2AutonomousSearchNumCalls=9591
%%%mzn-stat: 2AutonomousSearchNumPredicatesAdded=20074
%%%mzn-stat: 2AutonomousSearchAverageSizeOfHeap=4.393598164946304
%%%mzn-stat: 2AutonomousSearchNumAssignedPredicatesEncountered=42139
%%%mzn-stat-end
maxleg = 262;
succ = array1d(1..50,[6, 7, 4, 15, 18, 12, 3, 11, 16, 28, 19, 14, 17, 2, 9, 31, 43, 37, 26, 13, 20, 21, 46, 25, 48, 27, 29, 41, 38, 40, 35, 8, 24, 33, 36, 10, 1, 45, 30, 23, 39, 32, 44, 49, 47, 42, 50, 5, 34, 22]);
% time elapsed: 958.07 s
----------
%%%mzn-stat: initTime=0.007222759
%%%mzn-stat: objective=261
%%%mzn-stat: nodes=2855520
%%%mzn-stat: restarts=0
%%%mzn-stat: peakDepth=599
%%%mzn-stat: solveTime=957.778789748
%%%mzn-stat: variables=1114
%%%mzn-stat: propagators=815
%%%mzn-stat: failures=2596023
%%%mzn-stat: propagations=88603539
%%%mzn-stat: nogoods=2596023
%%%mzn-stat: numAtomicConstraintsPropagated=0
%%%mzn-stat: allDifferentNumber1TotalHallSetSize=20474156
%%%mzn-stat: allDifferentNumber1NumberOfConflicts=1130463
%%%mzn-stat: allDifferentNumber1MaxHallSetSize=43
%%%mzn-stat: allDifferentNumber1PropagationsTotal=6454704
%%%mzn-stat: allDifferentNumber1PropagationsThatFoundConflict=1130463
%%%mzn-stat: circuitNumber2PropagationsThatFoundConflict=99777
%%%mzn-stat: circuitNumber2TotalFixedEdgesAtConflict=3909811
%%%mzn-stat: circuitNumber2NumberOfConflicts=99777
%%%mzn-stat: circuitNumber2PropagationsThatPruned=386882
%%%mzn-stat: circuitNumber2PropagationsTotal=3062730
%%%mzn-stat: AverageConflictSize=42.27540164320578
%%%mzn-stat: NumUnitNogoodsLearned=0
%%%mzn-stat: AverageLearnedNogoodLength=77.71533110453952
%%%mzn-stat: AverageBacktrackAmount=0
%%%mzn-stat: AverageLbd=21.86894723197753
%%%mzn-stat: 2AutonomousSearchNumBackupCalled=9914
%%%mzn-stat: 2AutonomousSearchNumPredicatesRemoved=0
%%%mzn-stat: 2AutonomousSearchNumCalls=9936
%%%mzn-stat: 2AutonomousSearchNumPredicatesAdded=20302
%%%mzn-stat: 2AutonomousSearchAverageSizeOfHeap=4.553643317230274
%%%mzn-stat: 2AutonomousSearchNumAssignedPredicatesEncountered=45245
%%%mzn-stat-end
maxleg = 261;
succ = array1d(1..50,[6, 7, 4, 15, 18, 12, 3, 11, 16, 28, 19, 14, 17, 2, 9, 31, 44, 37, 26, 13, 20, 21, 46, 25, 48, 27, 29, 41, 38, 40, 35, 8, 24, 33, 36, 10, 1, 45, 30, 23, 39, 32, 49, 43, 47, 42, 50, 5, 34, 22]);
% time elapsed: 958.08 s
----------
%%%mzn-stat: initTime=0.007222759
%%%mzn-stat: objective=258
%%%mzn-stat: nodes=2858044
%%%mzn-stat: restarts=0
%%%mzn-stat: peakDepth=599
%%%mzn-stat: solveTime=958.343115748
%%%mzn-stat: variables=1114
%%%mzn-stat: propagators=815
%%%mzn-stat: failures=2597921
%%%mzn-stat: propagations=88673484
%%%mzn-stat: nogoods=2597921
%%%mzn-stat: numAtomicConstraintsPropagated=0
%%%mzn-stat: allDifferentNumber1TotalHallSetSize=20490015
%%%mzn-stat: allDifferentNumber1NumberOfConflicts=1132198
%%%mzn-stat: allDifferentNumber1MaxHallSetSize=43
%%%mzn-stat: allDifferentNumber1PropagationsTotal=6460016
%%%mzn-stat: allDifferentNumber1PropagationsThatFoundConflict=1132198
%%%mzn-stat: circuitNumber2PropagationsThatFoundConflict=99788
%%%mzn-stat: circuitNumber2TotalFixedEdgesAtConflict=3910290
%%%mzn-stat: circuitNumber2NumberOfConflicts=99788
%%%mzn-stat: circuitNumber2PropagationsThatPruned=387301
%%%mzn-stat: circuitNumber2PropagationsTotal=3064474
%%%mzn-stat: AverageConflictSize=42.270044393189785
%%%mzn-stat: NumUnitNogoodsLearned=0
%%%mzn-stat: AverageLearnedNogoodLength=77.70795724735278
%%%mzn-stat: AverageBacktrackAmount=0
%%%mzn-stat: AverageLbd=21.864506657438774
%%%mzn-stat: 2AutonomousSearchNumBackupCalled=10250
%%%mzn-stat: 2AutonomousSearchNumPredicatesRemoved=0
%%%mzn-stat: 2AutonomousSearchNumCalls=10273
%%%mzn-stat: 2AutonomousSearchNumPredicatesAdded=22098
%%%mzn-stat: 2AutonomousSearchAverageSizeOfHeap=4.720140173269736
%%%mzn-stat: 2AutonomousSearchNumAssignedPredicatesEncountered=48490
%%%mzn-stat-end
maxleg = 258;
succ = array1d(1..50,[6, 14, 4, 15, 18, 12, 3, 11, 16, 7, 19, 33, 17, 1, 9, 28, 44, 37, 26, 13, 20, 21, 46, 25, 48, 27, 29, 34, 38, 40, 35, 8, 24, 2, 36, 10, 41, 45, 30, 23, 39, 32, 49, 43, 47, 42, 50, 5, 31, 22]);
% time elapsed: 958.64 s
----------
%%%mzn-stat: initTime=0.007222759
%%%mzn-stat: objective=257
%%%mzn-stat: nodes=2858409
%%%mzn-stat: restarts=0
%%%mzn-stat: peakDepth=599
%%%mzn-stat: solveTime=958.347404734
%%%mzn-stat: variables=1114
%%%mzn-stat: propagators=815
%%%mzn-stat: failures=2597926
%%%mzn-stat: propagations=88675246
%%%mzn-stat: nogoods=2597926
%%%mzn-stat: numAtomicConstraintsPropagated=0
%%%mzn-stat: allDifferentNumber1TotalHallSetSize=20490035
%%%mzn-stat: allDifferentNumber1NumberOfConflicts=1132200
%%%mzn-stat: allDifferentNumber1MaxHallSetSize=43
%%%mzn-stat: allDifferentNumber1PropagationsTotal=6460077
%%%mzn-stat: allDifferentNumber1PropagationsThatFoundConflict=1132200
%%%mzn-stat: circuitNumber2PropagationsThatFoundConflict=99791
%%%mzn-stat: circuitNumber2TotalFixedEdgesAtConflict=3910425
%%%mzn-stat: circuitNumber2NumberOfConflicts=99791
%%%mzn-stat: circuitNumber2PropagationsThatPruned=387304
%%%mzn-stat: circuitNumber2PropagationsTotal=3064512
%%%mzn-stat: AverageConflictSize=42.27003732977768
%%%mzn-stat: NumUnitNogoodsLearned=0
%%%mzn-stat: AverageLearnedNogoodLength=77.7079081544278
%%%mzn-stat: AverageBacktrackAmount=0
%%%mzn-stat: AverageLbd=21.864503838831435
%%%mzn-stat: 2AutonomousSearchNumBackupCalled=10581
%%%mzn-stat: 2AutonomousSearchNumPredicatesRemoved=0
%%%mzn-stat: 2AutonomousSearchNumCalls=10605
%%%mzn-stat: 2AutonomousSearchNumPredicatesAdded=22503
%%%mzn-stat: 2AutonomousSearchAverageSizeOfHeap=4.878359264497878
%%%mzn-stat: 2AutonomousSearchNumAssignedPredicatesEncountered=51735
%%%mzn-stat-end
maxleg = 257;
succ = array1d(1..50,[6, 14, 4, 15, 18, 12, 3, 11, 16, 7, 19, 33, 17, 1, 9, 28, 44, 37, 26, 13, 22, 20, 46, 25, 48, 27, 29, 34, 38, 40, 35, 8, 24, 2, 36, 10, 41, 45, 30, 23, 39, 32, 49, 43, 47, 42, 50, 5, 31, 21]);
% time elapsed: 958.65 s
----------
%%%mzn-stat: initTime=0.007222759
%%%mzn-stat: objective=255
%%%mzn-stat: nodes=2879388
%%%mzn-stat: restarts=0
%%%mzn-stat: peakDepth=599
%%%mzn-stat: solveTime=963.216791696
%%%mzn-stat: variables=1114
%%%mzn-stat: propagators=815
%%%mzn-stat: failures=2612958
%%%mzn-stat: propagations=89388725
%%%mzn-stat: nogoods=2612958
%%%mzn-stat: numAtomicConstraintsPropagated=0
%%%mzn-stat: allDifferentNumber1TotalHallSetSize=20600610
%%%mzn-stat: allDifferentNumber1NumberOfConflicts=1143379
%%%mzn-stat: allDifferentNumber1MaxHallSetSize=46
%%%mzn-stat: allDifferentNumber1PropagationsTotal=6506947
%%%mzn-stat: allDifferentNumber1PropagationsThatFoundConflict=1143379
%%%mzn-stat: circuitNumber2PropagationsThatFoundConflict=99809
%%%mzn-stat: circuitNumber2TotalFixedEdgesAtConflict=3911013
%%%mzn-stat: circuitNumber2NumberOfConflicts=99809
%%%mzn-stat: circuitNumber2PropagationsThatPruned=391941
%%%mzn-stat: circuitNumber2PropagationsTotal=3085181
%%%mzn-stat: AverageConflictSize=42.247603290982866
%%%mzn-stat: NumUnitNogoodsLearned=0
%%%mzn-stat: AverageLearnedNogoodLength=77.68417976867596
%%%mzn-stat: AverageBacktrackAmount=0
%%%mzn-stat: AverageLbd=21.83577692408374
%%%mzn-stat: 2AutonomousSearchNumBackupCalled=10896
%%%mzn-stat: 2AutonomousSearchNumPredicatesRemoved=0
%%%mzn-stat: 2AutonomousSearchNumCalls=10921
%%%mzn-stat: 2AutonomousSearchNumPredicatesAdded=24310
%%%mzn-stat: 2AutonomousSearchAverageSizeOfHeap=5.037267649482648
%%%mzn-stat: 2AutonomousSearchNumAssignedPredicatesEncountered=55012
%%%mzn-stat-end
maxleg = 255;
succ = array1d(1..50,[6, 14, 4, 15, 18, 46, 3, 11, 16, 7, 19, 1, 17, 12, 9, 28, 44, 2, 26, 13, 22, 20, 40, 25, 48, 30, 29, 34, 38, 27, 35, 8, 24, 41, 36, 10, 33, 45, 37, 42, 39, 32, 49, 43, 47, 23, 50, 5, 31, 21]);
% time elapsed: 963.52 s
----------
==========
% time elapsed: 963.53 s
%%%mzn-stat: initTime=0.007222759
%%%mzn-stat: objective=255
%%%mzn-stat: nodes=2879388
%%%mzn-stat: restarts=0
%%%mzn-stat: peakDepth=599
%%%mzn-stat: solveTime=963.217458747
%%%mzn-stat: variables=1114
%%%mzn-stat: propagators=815
%%%mzn-stat: failures=2612959
%%%mzn-stat: propagations=89389170
%%%mzn-stat: nogoods=2612959
%%%mzn-stat: numAtomicConstraintsPropagated=0
%%%mzn-stat: allDifferentNumber1TotalHallSetSize=20600660
%%%mzn-stat: allDifferentNumber1NumberOfConflicts=1143380
%%%mzn-stat: allDifferentNumber1MaxHallSetSize=50
%%%mzn-stat: allDifferentNumber1PropagationsTotal=6506949
%%%mzn-stat: allDifferentNumber1PropagationsThatFoundConflict=1143380
%%%mzn-stat: circuitNumber2PropagationsThatFoundConflict=99809
%%%mzn-stat: circuitNumber2TotalFixedEdgesAtConflict=3911013
%%%mzn-stat: circuitNumber2NumberOfConflicts=99809
%%%mzn-stat: circuitNumber2PropagationsThatPruned=391942
%%%mzn-stat: circuitNumber2PropagationsTotal=3085182
%%%mzn-stat: AverageConflictSize=42.247604344346776
%%%mzn-stat: NumUnitNogoodsLearned=1
%%%mzn-stat: AverageLearnedNogoodLength=77.68415042103608
%%%mzn-stat: AverageBacktrackAmount=0
%%%mzn-stat: AverageLbd=21.83576895006772
%%%mzn-stat: 2AutonomousSearchNumBackupCalled=10896
%%%mzn-stat: 2AutonomousSearchNumPredicatesRemoved=0
%%%mzn-stat: 2AutonomousSearchNumCalls=10921
%%%mzn-stat: 2AutonomousSearchNumPredicatesAdded=24951
%%%mzn-stat: 2AutonomousSearchAverageSizeOfHeap=5.037267649482648
%%%mzn-stat: 2AutonomousSearchNumAssignedPredicatesEncountered=55012
%%%mzn-stat-end
