% Logging successfully configured
%%%mzn-stat: initTime=0.005822702
%%%mzn-stat: objective=1011
%%%mzn-stat: nodes=327
%%%mzn-stat: restarts=0
%%%mzn-stat: peakDepth=324
%%%mzn-stat: solveTime=0.003742309
%%%mzn-stat: variables=828
%%%mzn-stat: propagators=502
%%%mzn-stat: failures=3
%%%mzn-stat: propagations=1766
%%%mzn-stat: nogoods=3
%%%mzn-stat: numAtomicConstraintsPropagated=0
%%%mzn-stat: circuitNumber1PropagationsTotal=72
%%%mzn-stat: circuitNumber1CircuitConflicts=0
%%%mzn-stat: circuitNumber1AlldiffConflicts=1
%%%mzn-stat: circuitNumber1TotalFixedEdgesAtConflict=49
%%%mzn-stat: circuitNumber1NumberOfConflicts=1
%%%mzn-stat: circuitNumber1GacPrunings=231
%%%mzn-stat: circuitNumber1PropagationsThatGacPruned=36
%%%mzn-stat: circuitNumber1TotalPruningHallSetSize=1031
%%%mzn-stat: circuitNumber1NumberOfPruningExplanations=231
%%%mzn-stat: circuitNumber1MaxPruningHallSetSize=24
%%%mzn-stat: circuitNumber1TotalSccSizeAtPruning=216
%%%mzn-stat: circuitNumber1NumberOfSccPruningCalls=36
%%%mzn-stat: circuitNumber1TotalVarsInvolvedInPruning=191
%%%mzn-stat: circuitNumber1MaxValuesPrunedFromSingleVar=7
%%%mzn-stat: circuitNumber1HallCircuitChecks=67
%%%mzn-stat: circuitNumber1HallCircuitPrunings=0
%%%mzn-stat: circuitNumber1CircuitPreventPrunings=22
%%%mzn-stat: AverageConflictSize=10
%%%mzn-stat: NumUnitNogoodsLearned=0
%%%mzn-stat: AverageLearnedNogoodLength=31.666666666666668
%%%mzn-stat: AverageBacktrackAmount=0
%%%mzn-stat: AverageLbd=17.666666666666668
%%%mzn-stat: 2AutonomousSearchNumBackupCalled=298
%%%mzn-stat: 2AutonomousSearchNumPredicatesRemoved=0
%%%mzn-stat: 2AutonomousSearchNumCalls=299
%%%mzn-stat: 2AutonomousSearchNumPredicatesAdded=662
%%%mzn-stat: 2AutonomousSearchAverageSizeOfHeap=2.2140468227424748
%%%mzn-stat: 2AutonomousSearchNumAssignedPredicatesEncountered=662
%%%mzn-stat-end
maxleg = 1011;
succ = array1d(1..50,[2, 11, 18, 19, 4, 23, 22, 17, 25, 12, 9, 41, 15, 24, 7, 3, 13, 36, 1, 40, 20, 6, 42, 32, 47, 27, 49, 30, 8, 44, 48, 26, 38, 50, 37, 46, 14, 10, 34, 33, 16, 31, 28, 39, 5, 35, 21, 45, 43, 29]);
% time elapsed: 1.37 s
----------
%%%mzn-stat: initTime=0.005822702
%%%mzn-stat: objective=986
%%%mzn-stat: nodes=643
%%%mzn-stat: restarts=0
%%%mzn-stat: peakDepth=324
%%%mzn-stat: solveTime=0.006766208
%%%mzn-stat: variables=828
%%%mzn-stat: propagators=502
%%%mzn-stat: failures=5
%%%mzn-stat: propagations=2700
%%%mzn-stat: nogoods=5
%%%mzn-stat: numAtomicConstraintsPropagated=0
%%%mzn-stat: circuitNumber1PropagationsTotal=135
%%%mzn-stat: circuitNumber1CircuitConflicts=1
%%%mzn-stat: circuitNumber1AlldiffConflicts=1
%%%mzn-stat: circuitNumber1TotalFixedEdgesAtConflict=99
%%%mzn-stat: circuitNumber1NumberOfConflicts=2
%%%mzn-stat: circuitNumber1GacPrunings=412
%%%mzn-stat: circuitNumber1PropagationsThatGacPruned=68
%%%mzn-stat: circuitNumber1TotalPruningHallSetSize=1728
%%%mzn-stat: circuitNumber1NumberOfPruningExplanations=412
%%%mzn-stat: circuitNumber1MaxPruningHallSetSize=24
%%%mzn-stat: circuitNumber1TotalSccSizeAtPruning=369
%%%mzn-stat: circuitNumber1NumberOfSccPruningCalls=68
%%%mzn-stat: circuitNumber1TotalVarsInvolvedInPruning=347
%%%mzn-stat: circuitNumber1MaxValuesPrunedFromSingleVar=7
%%%mzn-stat: circuitNumber1HallCircuitChecks=126
%%%mzn-stat: circuitNumber1HallCircuitPrunings=0
%%%mzn-stat: circuitNumber1CircuitPreventPrunings=32
%%%mzn-stat: AverageConflictSize=13.8
%%%mzn-stat: NumUnitNogoodsLearned=0
%%%mzn-stat: AverageLearnedNogoodLength=32.6
%%%mzn-stat: AverageBacktrackAmount=0
%%%mzn-stat: AverageLbd=18.2
%%%mzn-stat: 2AutonomousSearchNumBackupCalled=588
%%%mzn-stat: 2AutonomousSearchNumPredicatesRemoved=0
%%%mzn-stat: 2AutonomousSearchNumCalls=590
%%%mzn-stat: 2AutonomousSearchNumPredicatesAdded=918
%%%mzn-stat: 2AutonomousSearchAverageSizeOfHeap=2.2864406779661017
%%%mzn-stat: 2AutonomousSearchNumAssignedPredicatesEncountered=1349
%%%mzn-stat-end
maxleg = 986;
succ = array1d(1..50,[2, 11, 18, 19, 4, 23, 22, 35, 17, 12, 9, 41, 15, 24, 7, 3, 13, 29, 1, 25, 20, 6, 42, 32, 48, 27, 49, 30, 8, 44, 43, 26, 38, 50, 37, 46, 14, 10, 34, 33, 16, 31, 28, 39, 5, 47, 21, 45, 36, 40]);
% time elapsed: 1.37 s
----------
%%%mzn-stat: initTime=0.005822702
%%%mzn-stat: objective=935
%%%mzn-stat: nodes=931
%%%mzn-stat: restarts=0
%%%mzn-stat: peakDepth=324
%%%mzn-stat: solveTime=0.009451692
%%%mzn-stat: variables=828
%%%mzn-stat: propagators=502
%%%mzn-stat: failures=5
%%%mzn-stat: propagations=3573
%%%mzn-stat: nogoods=5
%%%mzn-stat: numAtomicConstraintsPropagated=0
%%%mzn-stat: circuitNumber1PropagationsTotal=194
%%%mzn-stat: circuitNumber1CircuitConflicts=1
%%%mzn-stat: circuitNumber1AlldiffConflicts=1
%%%mzn-stat: circuitNumber1TotalFixedEdgesAtConflict=99
%%%mzn-stat: circuitNumber1NumberOfConflicts=2
%%%mzn-stat: circuitNumber1GacPrunings=550
%%%mzn-stat: circuitNumber1PropagationsThatGacPruned=98
%%%mzn-stat: circuitNumber1TotalPruningHallSetSize=1974
%%%mzn-stat: circuitNumber1NumberOfPruningExplanations=550
%%%mzn-stat: circuitNumber1MaxPruningHallSetSize=24
%%%mzn-stat: circuitNumber1TotalSccSizeAtPruning=458
%%%mzn-stat: circuitNumber1NumberOfSccPruningCalls=98
%%%mzn-stat: circuitNumber1TotalVarsInvolvedInPruning=479
%%%mzn-stat: circuitNumber1MaxValuesPrunedFromSingleVar=7
%%%mzn-stat: circuitNumber1HallCircuitChecks=183
%%%mzn-stat: circuitNumber1HallCircuitPrunings=0
%%%mzn-stat: circuitNumber1CircuitPreventPrunings=42
%%%mzn-stat: AverageConflictSize=13.8
%%%mzn-stat: NumUnitNogoodsLearned=0
%%%mzn-stat: AverageLearnedNogoodLength=32.6
%%%mzn-stat: AverageBacktrackAmount=0
%%%mzn-stat: AverageLbd=18.2
%%%mzn-stat: 2AutonomousSearchNumBackupCalled=850
%%%mzn-stat: 2AutonomousSearchNumPredicatesRemoved=0
%%%mzn-stat: 2AutonomousSearchNumCalls=853
%%%mzn-stat: 2AutonomousSearchNumPredicatesAdded=918
%%%mzn-stat: 2AutonomousSearchAverageSizeOfHeap=2.3868698710433764
%%%mzn-stat: 2AutonomousSearchNumAssignedPredicatesEncountered=2036
%%%mzn-stat-end
maxleg = 935;
succ = array1d(1..50,[2, 11, 18, 19, 4, 23, 22, 35, 17, 12, 9, 41, 15, 24, 7, 3, 13, 36, 1, 25, 20, 6, 42, 32, 40, 27, 39, 47, 8, 28, 48, 49, 38, 50, 37, 46, 14, 10, 34, 33, 16, 43, 31, 30, 5, 26, 21, 44, 45, 29]);
% time elapsed: 1.37 s
----------
%%%mzn-stat: initTime=0.005822702
%%%mzn-stat: objective=917
%%%mzn-stat: nodes=1238
%%%mzn-stat: restarts=0
%%%mzn-stat: peakDepth=324
%%%mzn-stat: solveTime=0.012528543
%%%mzn-stat: variables=828
%%%mzn-stat: propagators=502
%%%mzn-stat: failures=7
%%%mzn-stat: propagations=4541
%%%mzn-stat: nogoods=7
%%%mzn-stat: numAtomicConstraintsPropagated=0
%%%mzn-stat: circuitNumber1PropagationsTotal=263
%%%mzn-stat: circuitNumber1CircuitConflicts=1
%%%mzn-stat: circuitNumber1AlldiffConflicts=3
%%%mzn-stat: circuitNumber1TotalFixedEdgesAtConflict=197
%%%mzn-stat: circuitNumber1NumberOfConflicts=4
%%%mzn-stat: circuitNumber1GacPrunings=709
%%%mzn-stat: circuitNumber1PropagationsThatGacPruned=131
%%%mzn-stat: circuitNumber1TotalPruningHallSetSize=2317
%%%mzn-stat: circuitNumber1NumberOfPruningExplanations=709
%%%mzn-stat: circuitNumber1MaxPruningHallSetSize=24
%%%mzn-stat: circuitNumber1TotalSccSizeAtPruning=613
%%%mzn-stat: circuitNumber1NumberOfSccPruningCalls=131
%%%mzn-stat: circuitNumber1TotalVarsInvolvedInPruning=629
%%%mzn-stat: circuitNumber1MaxValuesPrunedFromSingleVar=7
%%%mzn-stat: circuitNumber1HallCircuitChecks=252
%%%mzn-stat: circuitNumber1HallCircuitPrunings=0
%%%mzn-stat: circuitNumber1CircuitPreventPrunings=56
%%%mzn-stat: AverageConflictSize=10.428571428571429
%%%mzn-stat: NumUnitNogoodsLearned=0
%%%mzn-stat: AverageLearnedNogoodLength=33.142857142857146
%%%mzn-stat: AverageBacktrackAmount=0
%%%mzn-stat: AverageLbd=20
%%%mzn-stat: 2AutonomousSearchNumBackupCalled=1129
%%%mzn-stat: 2AutonomousSearchNumPredicatesRemoved=0
%%%mzn-stat: 2AutonomousSearchNumCalls=1133
%%%mzn-stat: 2AutonomousSearchNumPredicatesAdded=1236
%%%mzn-stat: 2AutonomousSearchAverageSizeOfHeap=2.4986760812003532
%%%mzn-stat: 2AutonomousSearchNumAssignedPredicatesEncountered=2831
%%%mzn-stat-end
maxleg = 917;
succ = array1d(1..50,[2, 11, 18, 19, 4, 30, 22, 35, 17, 12, 9, 41, 15, 24, 7, 3, 13, 36, 1, 25, 20, 6, 42, 32, 23, 27, 49, 50, 8, 28, 48, 34, 38, 10, 37, 46, 14, 47, 40, 33, 16, 43, 31, 39, 5, 26, 21, 45, 44, 29]);
% time elapsed: 1.37 s
----------
%%%mzn-stat: initTime=0.005822702
%%%mzn-stat: objective=912
%%%mzn-stat: nodes=1539
%%%mzn-stat: restarts=0
%%%mzn-stat: peakDepth=324
%%%mzn-stat: solveTime=0.014924673
%%%mzn-stat: variables=828
%%%mzn-stat: propagators=502
%%%mzn-stat: failures=8
%%%mzn-stat: propagations=5443
%%%mzn-stat: nogoods=8
%%%mzn-stat: numAtomicConstraintsPropagated=0
%%%mzn-stat: circuitNumber1PropagationsTotal=325
%%%mzn-stat: circuitNumber1CircuitConflicts=2
%%%mzn-stat: circuitNumber1AlldiffConflicts=3
%%%mzn-stat: circuitNumber1TotalFixedEdgesAtConflict=244
%%%mzn-stat: circuitNumber1NumberOfConflicts=5
%%%mzn-stat: circuitNumber1GacPrunings=848
%%%mzn-stat: circuitNumber1PropagationsThatGacPruned=160
%%%mzn-stat: circuitNumber1TotalPruningHallSetSize=2616
%%%mzn-stat: circuitNumber1NumberOfPruningExplanations=848
%%%mzn-stat: circuitNumber1MaxPruningHallSetSize=25
%%%mzn-stat: circuitNumber1TotalSccSizeAtPruning=754
%%%mzn-stat: circuitNumber1NumberOfSccPruningCalls=160
%%%mzn-stat: circuitNumber1TotalVarsInvolvedInPruning=761
%%%mzn-stat: circuitNumber1MaxValuesPrunedFromSingleVar=7
%%%mzn-stat: circuitNumber1HallCircuitChecks=311
%%%mzn-stat: circuitNumber1HallCircuitPrunings=0
%%%mzn-stat: circuitNumber1CircuitPreventPrunings=68
%%%mzn-stat: AverageConflictSize=9.375
%%%mzn-stat: NumUnitNogoodsLearned=0
%%%mzn-stat: AverageLearnedNogoodLength=30.125
%%%mzn-stat: AverageBacktrackAmount=0
%%%mzn-stat: AverageLbd=18.375
%%%mzn-stat: 2AutonomousSearchNumBackupCalled=1404
%%%mzn-stat: 2AutonomousSearchNumPredicatesRemoved=0
%%%mzn-stat: 2AutonomousSearchNumCalls=1409
%%%mzn-stat: 2AutonomousSearchNumPredicatesAdded=1269
%%%mzn-stat: 2AutonomousSearchAverageSizeOfHeap=2.5876508161816894
%%%mzn-stat: 2AutonomousSearchNumAssignedPredicatesEncountered=3646
%%%mzn-stat-end
maxleg = 912;
succ = array1d(1..50,[14, 11, 18, 19, 4, 30, 2, 35, 17, 12, 9, 41, 15, 24, 7, 3, 22, 36, 1, 25, 20, 6, 42, 32, 23, 27, 49, 47, 33, 28, 48, 29, 38, 50, 37, 46, 10, 44, 34, 13, 16, 43, 31, 39, 5, 26, 21, 8, 45, 40]);
% time elapsed: 1.37 s
----------
%%%mzn-stat: initTime=0.005822702
%%%mzn-stat: objective=887
%%%mzn-stat: nodes=1831
%%%mzn-stat: restarts=0
%%%mzn-stat: peakDepth=324
%%%mzn-stat: solveTime=0.018173157
%%%mzn-stat: variables=828
%%%mzn-stat: propagators=502
%%%mzn-stat: failures=10
%%%mzn-stat: propagations=6381
%%%mzn-stat: nogoods=10
%%%mzn-stat: numAtomicConstraintsPropagated=0
%%%mzn-stat: circuitNumber1PropagationsTotal=384
%%%mzn-stat: circuitNumber1CircuitConflicts=2
%%%mzn-stat: circuitNumber1AlldiffConflicts=4
%%%mzn-stat: circuitNumber1TotalFixedEdgesAtConflict=293
%%%mzn-stat: circuitNumber1NumberOfConflicts=6
%%%mzn-stat: circuitNumber1GacPrunings=999
%%%mzn-stat: circuitNumber1PropagationsThatGacPruned=190
%%%mzn-stat: circuitNumber1TotalPruningHallSetSize=2984
%%%mzn-stat: circuitNumber1NumberOfPruningExplanations=999
%%%mzn-stat: circuitNumber1MaxPruningHallSetSize=25
%%%mzn-stat: circuitNumber1TotalSccSizeAtPruning=945
%%%mzn-stat: circuitNumber1NumberOfSccPruningCalls=190
%%%mzn-stat: circuitNumber1TotalVarsInvolvedInPruning=901
%%%mzn-stat: circuitNumber1MaxValuesPrunedFromSingleVar=7
%%%mzn-stat: circuitNumber1HallCircuitChecks=369
%%%mzn-stat: circuitNumber1HallCircuitPrunings=0
%%%mzn-stat: circuitNumber1CircuitPreventPrunings=84
%%%mzn-stat: AverageConflictSize=10.8
%%%mzn-stat: NumUnitNogoodsLearned=0
%%%mzn-stat: AverageLearnedNogoodLength=31.8
%%%mzn-stat: AverageBacktrackAmount=0
%%%mzn-stat: AverageLbd=18.4
%%%mzn-stat: 2AutonomousSearchNumBackupCalled=1673
%%%mzn-stat: 2AutonomousSearchNumPredicatesRemoved=0
%%%mzn-stat: 2AutonomousSearchNumCalls=1679
%%%mzn-stat: 2AutonomousSearchNumPredicatesAdded=1480
%%%mzn-stat: 2AutonomousSearchAverageSizeOfHeap=2.674210839785587
%%%mzn-stat: 2AutonomousSearchNumAssignedPredicatesEncountered=4490
%%%mzn-stat-end
maxleg = 887;
succ = array1d(1..50,[14, 11, 18, 19, 4, 30, 2, 35, 17, 12, 9, 41, 15, 24, 7, 3, 22, 36, 1, 40, 20, 6, 42, 32, 48, 23, 49, 47, 8, 27, 43, 34, 38, 50, 37, 46, 25, 10, 33, 13, 16, 31, 28, 39, 5, 26, 21, 44, 45, 29]);
% time elapsed: 1.38 s
----------
%%%mzn-stat: initTime=0.005822702
%%%mzn-stat: objective=818
%%%mzn-stat: nodes=2098
%%%mzn-stat: restarts=0
%%%mzn-stat: peakDepth=324
%%%mzn-stat: solveTime=0.020253688
%%%mzn-stat: variables=828
%%%mzn-stat: propagators=502
%%%mzn-stat: failures=10
%%%mzn-stat: propagations=7246
%%%mzn-stat: nogoods=10
%%%mzn-stat: numAtomicConstraintsPropagated=0
%%%mzn-stat: circuitNumber1PropagationsTotal=433
%%%mzn-stat: circuitNumber1CircuitConflicts=2
%%%mzn-stat: circuitNumber1AlldiffConflicts=4
%%%mzn-stat: circuitNumber1TotalFixedEdgesAtConflict=293
%%%mzn-stat: circuitNumber1NumberOfConflicts=6
%%%mzn-stat: circuitNumber1GacPrunings=1137
%%%mzn-stat: circuitNumber1PropagationsThatGacPruned=215
%%%mzn-stat: circuitNumber1TotalPruningHallSetSize=3362
%%%mzn-stat: circuitNumber1NumberOfPruningExplanations=1137
%%%mzn-stat: circuitNumber1MaxPruningHallSetSize=49
%%%mzn-stat: circuitNumber1TotalSccSizeAtPruning=1161
%%%mzn-stat: circuitNumber1NumberOfSccPruningCalls=215
%%%mzn-stat: circuitNumber1TotalVarsInvolvedInPruning=1028
%%%mzn-stat: circuitNumber1MaxValuesPrunedFromSingleVar=7
%%%mzn-stat: circuitNumber1HallCircuitChecks=416
%%%mzn-stat: circuitNumber1HallCircuitPrunings=0
%%%mzn-stat: circuitNumber1CircuitPreventPrunings=93
%%%mzn-stat: AverageConflictSize=10.8
%%%mzn-stat: NumUnitNogoodsLearned=0
%%%mzn-stat: AverageLearnedNogoodLength=31.8
%%%mzn-stat: AverageBacktrackAmount=0
%%%mzn-stat: AverageLbd=18.4
%%%mzn-stat: 2AutonomousSearchNumBackupCalled=1919
%%%mzn-stat: 2AutonomousSearchNumPredicatesRemoved=0
%%%mzn-stat: 2AutonomousSearchNumCalls=1926
%%%mzn-stat: 2AutonomousSearchNumPredicatesAdded=1480
%%%mzn-stat: 2AutonomousSearchAverageSizeOfHeap=2.769470404984424
%%%mzn-stat: 2AutonomousSearchNumAssignedPredicatesEncountered=5334
%%%mzn-stat-end
maxleg = 818;
succ = array1d(1..50,[14, 11, 18, 19, 4, 30, 2, 35, 17, 12, 9, 41, 26, 24, 7, 3, 13, 36, 1, 40, 20, 6, 42, 32, 47, 23, 39, 22, 8, 44, 48, 49, 38, 50, 37, 15, 25, 10, 34, 33, 16, 31, 28, 46, 5, 27, 21, 45, 43, 29]);
% time elapsed: 1.38 s
----------
==========
% time elapsed: 1.38 s
%%%mzn-stat: initTime=0.005822702
%%%mzn-stat: objective=818
%%%mzn-stat: nodes=2098
%%%mzn-stat: restarts=0
%%%mzn-stat: peakDepth=324
%%%mzn-stat: solveTime=0.020423373
%%%mzn-stat: variables=828
%%%mzn-stat: propagators=502
%%%mzn-stat: failures=11
%%%mzn-stat: propagations=7364
%%%mzn-stat: nogoods=11
%%%mzn-stat: numAtomicConstraintsPropagated=0
%%%mzn-stat: circuitNumber1PropagationsTotal=434
%%%mzn-stat: circuitNumber1CircuitConflicts=2
%%%mzn-stat: circuitNumber1AlldiffConflicts=5
%%%mzn-stat: circuitNumber1TotalFixedEdgesAtConflict=296
%%%mzn-stat: circuitNumber1NumberOfConflicts=7
%%%mzn-stat: circuitNumber1GacPrunings=1137
%%%mzn-stat: circuitNumber1PropagationsThatGacPruned=215
%%%mzn-stat: circuitNumber1TotalPruningHallSetSize=3362
%%%mzn-stat: circuitNumber1NumberOfPruningExplanations=1137
%%%mzn-stat: circuitNumber1MaxPruningHallSetSize=49
%%%mzn-stat: circuitNumber1TotalSccSizeAtPruning=1161
%%%mzn-stat: circuitNumber1NumberOfSccPruningCalls=215
%%%mzn-stat: circuitNumber1TotalVarsInvolvedInPruning=1028
%%%mzn-stat: circuitNumber1MaxValuesPrunedFromSingleVar=7
%%%mzn-stat: circuitNumber1HallCircuitChecks=416
%%%mzn-stat: circuitNumber1HallCircuitPrunings=0
%%%mzn-stat: circuitNumber1CircuitPreventPrunings=93
%%%mzn-stat: AverageConflictSize=11.363636363636363
%%%mzn-stat: NumUnitNogoodsLearned=1
%%%mzn-stat: AverageLearnedNogoodLength=29
%%%mzn-stat: AverageBacktrackAmount=0
%%%mzn-stat: AverageLbd=16.818181818181817
%%%mzn-stat: 2AutonomousSearchNumBackupCalled=1919
%%%mzn-stat: 2AutonomousSearchNumPredicatesRemoved=0
%%%mzn-stat: 2AutonomousSearchNumCalls=1926
%%%mzn-stat: 2AutonomousSearchNumPredicatesAdded=1763
%%%mzn-stat: 2AutonomousSearchAverageSizeOfHeap=2.769470404984424
%%%mzn-stat: 2AutonomousSearchNumAssignedPredicatesEncountered=5334
%%%mzn-stat-end
