% Logging successfully configured
%%%mzn-stat: initTime=0.012519188
%%%mzn-stat: objective=848
%%%mzn-stat: nodes=2431
%%%mzn-stat: restarts=0
%%%mzn-stat: peakDepth=564
%%%mzn-stat: solveTime=0.687294887
%%%mzn-stat: variables=1083
%%%mzn-stat: propagators=791
%%%mzn-stat: failures=1112
%%%mzn-stat: propagations=41818
%%%mzn-stat: nogoods=1112
%%%mzn-stat: numAtomicConstraintsPropagated=0
%%%mzn-stat: allDifferentNumber1PropagationsTotal=5814
%%%mzn-stat: allDifferentNumber1PropagationsThatFoundConflict=26
%%%mzn-stat: allDifferentNumber1PropagationsThatPruned=3666
%%%mzn-stat: allDifferentNumber1TotalValuesPruned=15157
%%%mzn-stat: allDifferentNumber1TotalHallSetSizeConflict=131
%%%mzn-stat: allDifferentNumber1NumberOfConflicts=26
%%%mzn-stat: allDifferentNumber1MaxHallSetSizeConflict=18
%%%mzn-stat: allDifferentNumber1TotalPruningHallSetSize=97119
%%%mzn-stat: allDifferentNumber1NumberOfPruningExplanations=15157
%%%mzn-stat: allDifferentNumber1MaxPruningHallSetSize=68
%%%mzn-stat: allDifferentNumber1TotalFixedEdgesAtConflict=1754
%%%mzn-stat: allDifferentNumber1TotalVarsInvolvedInPruning=12195
%%%mzn-stat: allDifferentNumber1MaxValuesPrunedFromSingleVar=5
%%%mzn-stat: allDifferentNumber1TotalSccSizeAtPruning=48230
%%%mzn-stat: allDifferentNumber1NumberOfSccPruningCalls=3666
%%%mzn-stat: circuitNumber2PropagationsThatFoundConflict=1065
%%%mzn-stat: circuitNumber2TotalFixedEdgesAtConflict=87082
%%%mzn-stat: circuitNumber2NumberOfConflicts=1065
%%%mzn-stat: circuitNumber2PropagationsThatPruned=510
%%%mzn-stat: circuitNumber2PropagationsTotal=3517
%%%mzn-stat: AverageConflictSize=11.871402877697841
%%%mzn-stat: NumUnitNogoodsLearned=0
%%%mzn-stat: AverageLearnedNogoodLength=21.932553956834532
%%%mzn-stat: AverageBacktrackAmount=0
%%%mzn-stat: AverageLbd=11.767086330935252
%%%mzn-stat: 2AutonomousSearchNumBackupCalled=511
%%%mzn-stat: 2AutonomousSearchNumPredicatesRemoved=0
%%%mzn-stat: 2AutonomousSearchNumCalls=512
%%%mzn-stat: 2AutonomousSearchNumPredicatesAdded=5716
%%%mzn-stat: 2AutonomousSearchAverageSizeOfHeap=11.1640625
%%%mzn-stat: 2AutonomousSearchNumAssignedPredicatesEncountered=5716
%%%mzn-stat-end
maxleg = 848;
succ = array1d(1..100,[2, 3, 10, 16, 47, 44, 13, 15, 18, 7, 38, 27, 40, 23, 20, 35, 1, 25, 34, 57, 28, 29, 9, 14, 30, 70, 19, 12, 36, 26, 33, 45, 58, 41, 66, 32, 48, 71, 21, 55, 64, 97, 4, 98, 87, 6, 60, 73, 93, 43, 5, 79, 80, 82, 88, 50, 54, 46, 24, 56, 51, 95, 94, 74, 31, 81, 65, 49, 92, 84, 83, 90, 76, 72, 86, 89, 52, 42, 61, 68, 85, 67, 59, 78, 39, 22, 17, 53, 63, 11, 96, 75, 62, 99, 100, 8, 37, 69, 91, 77]);
% time elapsed: 2.00 s
----------
%%%mzn-stat: initTime=0.012519188
%%%mzn-stat: objective=728
%%%mzn-stat: nodes=5214
%%%mzn-stat: restarts=0
%%%mzn-stat: peakDepth=566
%%%mzn-stat: solveTime=1.498656979
%%%mzn-stat: variables=1083
%%%mzn-stat: propagators=791
%%%mzn-stat: failures=2484
%%%mzn-stat: propagations=88076
%%%mzn-stat: nogoods=2484
%%%mzn-stat: numAtomicConstraintsPropagated=0
%%%mzn-stat: allDifferentNumber1PropagationsTotal=12520
%%%mzn-stat: allDifferentNumber1PropagationsThatFoundConflict=47
%%%mzn-stat: allDifferentNumber1PropagationsThatPruned=7744
%%%mzn-stat: allDifferentNumber1TotalValuesPruned=29260
%%%mzn-stat: allDifferentNumber1TotalHallSetSizeConflict=270
%%%mzn-stat: allDifferentNumber1NumberOfConflicts=47
%%%mzn-stat: allDifferentNumber1MaxHallSetSizeConflict=33
%%%mzn-stat: allDifferentNumber1TotalPruningHallSetSize=182296
%%%mzn-stat: allDifferentNumber1NumberOfPruningExplanations=29260
%%%mzn-stat: allDifferentNumber1MaxPruningHallSetSize=68
%%%mzn-stat: allDifferentNumber1TotalFixedEdgesAtConflict=2975
%%%mzn-stat: allDifferentNumber1TotalVarsInvolvedInPruning=24377
%%%mzn-stat: allDifferentNumber1MaxValuesPrunedFromSingleVar=5
%%%mzn-stat: allDifferentNumber1TotalSccSizeAtPruning=83474
%%%mzn-stat: allDifferentNumber1NumberOfSccPruningCalls=7744
%%%mzn-stat: circuitNumber2PropagationsThatFoundConflict=2380
%%%mzn-stat: circuitNumber2TotalFixedEdgesAtConflict=197424
%%%mzn-stat: circuitNumber2NumberOfConflicts=2380
%%%mzn-stat: circuitNumber2PropagationsThatPruned=1013
%%%mzn-stat: circuitNumber2PropagationsTotal=7566
%%%mzn-stat: AverageConflictSize=13.21135265700483
%%%mzn-stat: NumUnitNogoodsLearned=0
%%%mzn-stat: AverageLearnedNogoodLength=21.14009661835749
%%%mzn-stat: AverageBacktrackAmount=0
%%%mzn-stat: AverageLbd=11.821658615136876
%%%mzn-stat: 2AutonomousSearchNumBackupCalled=1021
%%%mzn-stat: 2AutonomousSearchNumPredicatesRemoved=0
%%%mzn-stat: 2AutonomousSearchNumCalls=1023
%%%mzn-stat: 2AutonomousSearchNumPredicatesAdded=10914
%%%mzn-stat: 2AutonomousSearchAverageSizeOfHeap=11.489736070381232
%%%mzn-stat: 2AutonomousSearchNumAssignedPredicatesEncountered=11754
%%%mzn-stat-end
maxleg = 728;
succ = array1d(1..100,[2, 3, 10, 16, 47, 44, 13, 15, 18, 7, 38, 27, 40, 23, 20, 35, 1, 25, 34, 57, 28, 29, 9, 14, 30, 70, 19, 12, 36, 26, 33, 45, 58, 41, 66, 37, 48, 53, 81, 64, 74, 97, 4, 98, 87, 75, 60, 24, 93, 43, 5, 79, 55, 82, 88, 50, 54, 46, 42, 56, 51, 95, 94, 59, 31, 85, 65, 49, 92, 84, 11, 90, 76, 72, 21, 89, 52, 83, 61, 68, 17, 67, 71, 78, 39, 22, 91, 80, 63, 6, 96, 86, 62, 99, 100, 8, 73, 69, 32, 77]);
% time elapsed: 2.80 s
----------
%%%mzn-stat: initTime=0.012519188
%%%mzn-stat: objective=621
%%%mzn-stat: nodes=8221
%%%mzn-stat: restarts=0
%%%mzn-stat: peakDepth=566
%%%mzn-stat: solveTime=4.688520242
%%%mzn-stat: variables=1083
%%%mzn-stat: propagators=791
%%%mzn-stat: failures=4876
%%%mzn-stat: propagations=172373
%%%mzn-stat: nogoods=4876
%%%mzn-stat: numAtomicConstraintsPropagated=0
%%%mzn-stat: allDifferentNumber1PropagationsTotal=22362
%%%mzn-stat: allDifferentNumber1PropagationsThatFoundConflict=349
%%%mzn-stat: allDifferentNumber1PropagationsThatPruned=13954
%%%mzn-stat: allDifferentNumber1TotalValuesPruned=51855
%%%mzn-stat: allDifferentNumber1TotalHallSetSizeConflict=874
%%%mzn-stat: allDifferentNumber1NumberOfConflicts=349
%%%mzn-stat: allDifferentNumber1MaxHallSetSizeConflict=33
%%%mzn-stat: allDifferentNumber1TotalPruningHallSetSize=326392
%%%mzn-stat: allDifferentNumber1NumberOfPruningExplanations=51855
%%%mzn-stat: allDifferentNumber1MaxPruningHallSetSize=68
%%%mzn-stat: allDifferentNumber1TotalFixedEdgesAtConflict=30060
%%%mzn-stat: allDifferentNumber1TotalVarsInvolvedInPruning=43608
%%%mzn-stat: allDifferentNumber1MaxValuesPrunedFromSingleVar=5
%%%mzn-stat: allDifferentNumber1TotalSccSizeAtPruning=130296
%%%mzn-stat: allDifferentNumber1NumberOfSccPruningCalls=13954
%%%mzn-stat: circuitNumber2PropagationsThatFoundConflict=4453
%%%mzn-stat: circuitNumber2TotalFixedEdgesAtConflict=389008
%%%mzn-stat: circuitNumber2NumberOfConflicts=4453
%%%mzn-stat: circuitNumber2PropagationsThatPruned=3361
%%%mzn-stat: circuitNumber2PropagationsTotal=14414
%%%mzn-stat: AverageConflictSize=42.6123872026251
%%%mzn-stat: NumUnitNogoodsLearned=0
%%%mzn-stat: AverageLearnedNogoodLength=48.488105004101726
%%%mzn-stat: AverageBacktrackAmount=0
%%%mzn-stat: AverageLbd=29.02871205906481
%%%mzn-stat: 2AutonomousSearchNumBackupCalled=1531
%%%mzn-stat: 2AutonomousSearchNumPredicatesRemoved=0
%%%mzn-stat: 2AutonomousSearchNumCalls=1534
%%%mzn-stat: 2AutonomousSearchNumPredicatesAdded=15011
%%%mzn-stat: 2AutonomousSearchAverageSizeOfHeap=11.939374185136897
%%%mzn-stat: 2AutonomousSearchNumAssignedPredicatesEncountered=18315
%%%mzn-stat-end
maxleg = 621;
succ = array1d(1..100,[2, 3, 10, 16, 47, 44, 13, 15, 18, 7, 38, 27, 40, 23, 20, 35, 1, 25, 34, 57, 28, 29, 9, 14, 30, 70, 19, 12, 36, 26, 33, 45, 65, 41, 66, 32, 48, 53, 21, 64, 74, 97, 4, 58, 87, 75, 60, 24, 93, 43, 5, 79, 55, 8, 88, 50, 96, 46, 42, 56, 51, 95, 89, 59, 67, 81, 82, 49, 98, 84, 11, 90, 37, 72, 86, 22, 52, 83, 61, 68, 85, 54, 71, 78, 39, 92, 17, 80, 76, 6, 99, 69, 62, 63, 100, 91, 73, 31, 94, 77]);
% time elapsed: 5.99 s
----------
