% Logging successfully configured
=====UNKNOWN=====
% time elapsed: 1799.82 s
%%%mzn-stat: initTime=0.051237755
%%%mzn-stat: nodes=336326
%%%mzn-stat: restarts=0
%%%mzn-stat: peakDepth=125
%%%mzn-stat: solveTime=1786.461263326
%%%mzn-stat: variables=3426
%%%mzn-stat: propagators=2969
%%%mzn-stat: failures=333034
%%%mzn-stat: propagations=7447230
%%%mzn-stat: nogoods=333034
%%%mzn-stat: numAtomicConstraintsPropagated=0
%%%mzn-stat: circuitNumber1PropagationsTotal=1672191
%%%mzn-stat: circuitNumber1CircuitConflicts=332202
%%%mzn-stat: circuitNumber1AlldiffConflicts=83
%%%mzn-stat: circuitNumber1TotalFixedEdgesAtConflict=43851530
%%%mzn-stat: circuitNumber1NumberOfConflicts=332285
%%%mzn-stat: circuitNumber1GacPrunings=2412688
%%%mzn-stat: circuitNumber1PropagationsThatGacPruned=972360
%%%mzn-stat: circuitNumber1TotalPruningHallSetSize=3357949
%%%mzn-stat: circuitNumber1NumberOfPruningExplanations=2412688
%%%mzn-stat: circuitNumber1MaxPruningHallSetSize=37
%%%mzn-stat: circuitNumber1TotalSccSizeAtPruning=1731057
%%%mzn-stat: circuitNumber1NumberOfSccPruningCalls=972360
%%%mzn-stat: circuitNumber1TotalVarsInvolvedInPruning=2317174
%%%mzn-stat: circuitNumber1MaxValuesPrunedFromSingleVar=5
%%%mzn-stat: circuitNumber1HallCircuitChecks=5834998
%%%mzn-stat: circuitNumber1HallCircuitPrunings=332972
%%%mzn-stat: circuitNumber1CircuitPreventPrunings=778917
%%%mzn-stat: AverageConflictSize=5.043097701736159
%%%mzn-stat: NumUnitNogoodsLearned=0
%%%mzn-stat: AverageLearnedNogoodLength=114.27726898755083
%%%mzn-stat: AverageBacktrackAmount=0
%%%mzn-stat: AverageLbd=114.06674093335816
%%%mzn-stat: 2AutonomousSearchNumBackupCalled=0
%%%mzn-stat: 2AutonomousSearchNumPredicatesRemoved=0
%%%mzn-stat: 2AutonomousSearchNumCalls=0
%%%mzn-stat: 2AutonomousSearchNumPredicatesAdded=3007
%%%mzn-stat: 2AutonomousSearchAverageSizeOfHeap=0
%%%mzn-stat: 2AutonomousSearchNumAssignedPredicatesEncountered=0
%%%mzn-stat-end
