%%%mzn-stat: initTime=0.08113513
%%%mzn-stat: objective=234
%%%mzn-stat: nodes=286571
%%%mzn-stat: restarts=51
%%%mzn-stat: peakDepth=2126
%%%mzn-stat: solveTime=95.295106124
%%%mzn-stat: variables=3340
%%%mzn-stat: propagators=14070
%%%mzn-stat: failures=204561
%%%mzn-stat: propagations=134735896
%%%mzn-stat: nogoods=204561
%%%mzn-stat: AverageConflictSize=18.204760438206698
%%%mzn-stat: NumUnitNogoodsLearned=136
%%%mzn-stat: AverageLearnedNogoodLength=54.48321038712169
%%%mzn-stat: AverageBacktrackAmount=0
%%%mzn-stat: AverageLbd=18.07111326205875
%%%mzn-stat-end
maxleg = 234;
succ = array1d(1..150,[131, 100, 118, 124, 79, 92, 110, 20, 147, 133, 83, 39, 136, 30, 130, 77, 81, 112, 126, 15, 125, 73, 18, 59, 62, 9, 21, 27, 76, 23, 103, 148, 98, 82, 66, 99, 42, 71, 105, 13, 107, 97, 123, 69, 94, 109, 56, 134, 70, 61, 52, 60, 80, 96, 41, 51, 65, 138, 129, 5, 120, 127, 115, 116, 67, 119, 31, 85, 28, 25, 11, 58, 32, 144, 145, 37, 50, 143, 35, 10, 141, 74, 108, 26, 17, 46, 54, 55, 91, 7, 29, 106, 146, 87, 47, 114, 24, 6, 45, 49, 44, 8, 12, 90, 4, 101, 142, 48, 33, 3, 63, 2, 75, 19, 36, 22, 1, 132, 113, 139, 93, 86, 16, 43, 40, 72, 95, 111, 38, 57, 53, 14, 88, 135, 84, 149, 140, 34, 121, 78, 104, 64, 128, 102, 122, 68, 150, 89, 117, 137]);
% time elapsed: 102.57 s
----------
%%%mzn-stat: initTime=0.08113513
%%%mzn-stat: objective=233
%%%mzn-stat: nodes=290668
%%%mzn-stat: restarts=52
%%%mzn-stat: peakDepth=2412
%%%mzn-stat: solveTime=95.465457337
%%%mzn-stat: variables=3340
%%%mzn-stat: propagators=14070
%%%mzn-stat: failures=204791
%%%mzn-stat: propagations=135015221
%%%mzn-stat: nogoods=204791
%%%mzn-stat: AverageConflictSize=18.192293606652637
%%%mzn-stat: NumUnitNogoodsLearned=136
%%%mzn-stat: AverageLearnedNogoodLength=54.46128491974745
%%%mzn-stat: AverageBacktrackAmount=0
%%%mzn-stat: AverageLbd=18.067083026109547
%%%mzn-stat-end
maxleg = 233;
succ = array1d(1..150,[131, 100, 118, 124, 79, 92, 110, 20, 147, 133, 83, 39, 136, 30, 130, 77, 81, 112, 126, 15, 125, 73, 18, 59, 62, 9, 21, 27, 76, 23, 103, 148, 98, 82, 66, 99, 42, 71, 105, 13, 107, 97, 123, 69, 94, 109, 56, 134, 68, 61, 52, 60, 80, 96, 41, 51, 65, 138, 129, 5, 120, 127, 115, 116, 67, 119, 31, 85, 28, 25, 11, 58, 32, 144, 145, 37, 50, 143, 35, 10, 141, 74, 108, 26, 17, 46, 54, 55, 91, 7, 29, 106, 146, 87, 49, 114, 24, 6, 45, 47, 44, 8, 12, 90, 4, 101, 142, 48, 33, 3, 63, 2, 75, 19, 36, 22, 1, 132, 113, 139, 93, 86, 16, 43, 40, 72, 95, 111, 38, 57, 53, 14, 88, 135, 84, 149, 140, 34, 121, 78, 104, 64, 128, 102, 122, 70, 150, 89, 117, 137]);
% time elapsed: 102.76 s
----------
%%%mzn-stat: initTime=0.08113513
%%%mzn-stat: objective=232
%%%mzn-stat: nodes=293950
%%%mzn-stat: restarts=53
%%%mzn-stat: peakDepth=2412
%%%mzn-stat: solveTime=95.615935944
%%%mzn-stat: variables=3340
%%%mzn-stat: propagators=14070
%%%mzn-stat: failures=204993
%%%mzn-stat: propagations=135327926
%%%mzn-stat: nogoods=204993
%%%mzn-stat: AverageConflictSize=18.181840355524336
%%%mzn-stat: NumUnitNogoodsLearned=136
%%%mzn-stat: AverageLearnedNogoodLength=54.45509358856156
%%%mzn-stat: AverageBacktrackAmount=0
%%%mzn-stat: AverageLbd=18.064680257374643
%%%mzn-stat-end
maxleg = 232;
succ = array1d(1..150,[131, 100, 118, 124, 79, 92, 110, 20, 147, 133, 83, 39, 136, 30, 130, 77, 81, 112, 126, 15, 125, 73, 18, 59, 62, 9, 21, 27, 76, 23, 103, 148, 98, 82, 66, 99, 42, 71, 105, 13, 107, 97, 123, 69, 94, 109, 56, 134, 68, 61, 52, 60, 80, 96, 41, 51, 65, 138, 129, 5, 120, 127, 115, 116, 67, 119, 31, 85, 28, 25, 11, 58, 32, 144, 145, 37, 50, 143, 35, 10, 141, 74, 108, 26, 17, 46, 54, 55, 91, 7, 29, 106, 146, 87, 49, 114, 24, 6, 45, 47, 44, 8, 12, 90, 4, 101, 142, 48, 33, 3, 63, 2, 75, 19, 36, 22, 1, 132, 113, 139, 93, 86, 16, 43, 40, 72, 95, 111, 38, 57, 53, 14, 88, 135, 84, 149, 140, 34, 121, 78, 104, 64, 128, 102, 122, 70, 150, 89, 117, 137]);
% time elapsed: 102.92 s
----------
%%%mzn-stat: initTime=0.08113513
%%%mzn-stat: objective=231
%%%mzn-stat: nodes=297992
%%%mzn-stat: restarts=54
%%%mzn-stat: peakDepth=2412
%%%mzn-stat: solveTime=95.971704846
%%%mzn-stat: variables=3340
%%%mzn-stat: propagators=14070
%%%mzn-stat: failures=205822
%%%mzn-stat: propagations=136137077
%%%mzn-stat: nogoods=205822
%%%mzn-stat: AverageConflictSize=18.141423171478266
%%%mzn-stat: NumUnitNogoodsLearned=136
%%%mzn-stat: AverageLearnedNogoodLength=54.389788263645286
%%%mzn-stat: AverageBacktrackAmount=0
%%%mzn-stat: AverageLbd=18.056806366666343
%%%mzn-stat-end
maxleg = 231;
succ = array1d(1..150,[131, 100, 118, 124, 79, 92, 110, 20, 147, 133, 83, 39, 136, 30, 130, 77, 81, 112, 126, 15, 125, 73, 18, 59, 62, 9, 21, 27, 76, 23, 103, 148, 98, 82, 66, 99, 42, 71, 105, 13, 107, 97, 123, 69, 94, 109, 56, 134, 68, 61, 52, 60, 80, 96, 41, 51, 65, 138, 129, 5, 120, 127, 115, 116, 67, 119, 31, 85, 28, 25, 11, 58, 32, 144, 145, 37, 50, 143, 35, 10, 141, 74, 108, 26, 17, 46, 54, 55, 91, 7, 29, 106, 146, 87, 49, 114, 24, 6, 45, 47, 44, 8, 12, 90, 4, 101, 142, 48, 33, 3, 63, 2, 75, 19, 36, 22, 1, 132, 113, 139, 93, 86, 16, 43, 40, 72, 95, 111, 38, 57, 53, 14, 88, 135, 84, 149, 140, 34, 121, 78, 104, 64, 128, 102, 122, 70, 150, 89, 117, 137]);
% time elapsed: 103.28 s
----------
%%%mzn-stat: initTime=0.08113513
%%%mzn-stat: objective=230
%%%mzn-stat: nodes=301939
%%%mzn-stat: restarts=55
%%%mzn-stat: peakDepth=2412
%%%mzn-stat: solveTime=96.528659176
%%%mzn-stat: variables=3340
%%%mzn-stat: propagators=14070
%%%mzn-stat: failures=206790
%%%mzn-stat: propagations=137321274
%%%mzn-stat: nogoods=206790
%%%mzn-stat: AverageConflictSize=18.115900188597127
%%%mzn-stat: NumUnitNogoodsLearned=136
%%%mzn-stat: AverageLearnedNogoodLength=54.449422119057985
%%%mzn-stat: AverageBacktrackAmount=0
%%%mzn-stat: AverageLbd=18.040998114028724
%%%mzn-stat-end
maxleg = 230;
succ = array1d(1..150,[131, 100, 118, 124, 79, 92, 110, 20, 147, 133, 83, 39, 136, 30, 130, 77, 81, 112, 126, 15, 125, 73, 18, 59, 62, 9, 21, 27, 76, 23, 103, 148, 98, 82, 66, 99, 42, 71, 105, 13, 107, 97, 123, 69, 94, 109, 56, 134, 68, 61, 52, 60, 80, 96, 41, 51, 65, 138, 129, 5, 120, 127, 115, 116, 67, 119, 31, 85, 28, 25, 11, 58, 32, 144, 145, 37, 50, 143, 35, 10, 141, 74, 108, 26, 17, 46, 54, 55, 91, 7, 29, 106, 146, 87, 49, 114, 24, 6, 45, 47, 44, 8, 12, 90, 4, 101, 142, 48, 33, 3, 63, 2, 75, 19, 36, 22, 1, 132, 113, 139, 93, 86, 16, 43, 40, 72, 95, 111, 38, 57, 53, 14, 88, 135, 84, 149, 140, 34, 121, 78, 104, 64, 128, 102, 122, 70, 150, 89, 117, 137]);
% time elapsed: 103.85 s
----------
%%%mzn-stat: initTime=0.08113513
%%%mzn-stat: objective=229
%%%mzn-stat: nodes=364497
%%%mzn-stat: restarts=56
%%%mzn-stat: peakDepth=2412
%%%mzn-stat: solveTime=120.067027474
%%%mzn-stat: variables=3340
%%%mzn-stat: propagators=14070
%%%mzn-stat: failures=259088
%%%mzn-stat: propagations=181624839
%%%mzn-stat: nogoods=259088
%%%mzn-stat: AverageConflictSize=16.68412276909776
%%%mzn-stat: NumUnitNogoodsLearned=136
%%%mzn-stat: AverageLearnedNogoodLength=49.67026261347496
%%%mzn-stat: AverageBacktrackAmount=0
%%%mzn-stat: AverageLbd=16.711318162168837
%%%mzn-stat-end
maxleg = 229;
succ = array1d(1..150,[131, 100, 118, 124, 79, 92, 110, 20, 147, 133, 83, 39, 136, 30, 130, 77, 81, 112, 126, 15, 125, 73, 18, 59, 62, 9, 21, 27, 76, 23, 103, 148, 98, 82, 66, 99, 42, 71, 105, 13, 107, 97, 123, 69, 94, 109, 56, 134, 68, 61, 52, 60, 80, 96, 41, 51, 65, 138, 129, 5, 120, 127, 115, 116, 67, 119, 31, 85, 28, 25, 11, 58, 32, 144, 145, 37, 50, 143, 35, 10, 141, 74, 108, 26, 17, 46, 54, 55, 91, 7, 29, 106, 146, 87, 49, 114, 24, 6, 45, 47, 44, 8, 12, 90, 4, 101, 142, 48, 33, 3, 63, 2, 75, 19, 36, 22, 1, 132, 113, 139, 93, 86, 16, 43, 40, 72, 95, 111, 38, 57, 53, 14, 88, 135, 84, 149, 140, 34, 121, 78, 104, 64, 128, 102, 122, 70, 150, 89, 117, 137]);
% time elapsed: 127.40 s
----------
%%%mzn-stat: initTime=0.08113513
%%%mzn-stat: objective=228
%%%mzn-stat: nodes=374119
%%%mzn-stat: restarts=57
%%%mzn-stat: peakDepth=2412
%%%mzn-stat: solveTime=122.175075335
%%%mzn-stat: variables=3340
%%%mzn-stat: propagators=14070
%%%mzn-stat: failures=263895
%%%mzn-stat: propagations=185164153
%%%mzn-stat: nogoods=263895
%%%mzn-stat: AverageConflictSize=16.593959718827563
%%%mzn-stat: NumUnitNogoodsLearned=136
%%%mzn-stat: AverageLearnedNogoodLength=49.5311695939673
%%%mzn-stat: AverageBacktrackAmount=0
%%%mzn-stat: AverageLbd=16.699225070577313
%%%mzn-stat-end
maxleg = 228;
succ = array1d(1..150,[131, 100, 118, 124, 79, 92, 110, 20, 147, 133, 83, 39, 136, 30, 130, 77, 81, 112, 126, 15, 125, 73, 18, 59, 62, 9, 21, 27, 76, 23, 103, 148, 98, 82, 66, 99, 42, 71, 105, 13, 107, 97, 123, 69, 94, 109, 56, 134, 68, 61, 52, 60, 80, 96, 41, 51, 65, 138, 129, 5, 120, 127, 115, 116, 67, 119, 31, 85, 28, 25, 11, 58, 32, 144, 145, 37, 50, 143, 35, 10, 141, 74, 108, 26, 17, 46, 54, 55, 91, 7, 29, 106, 146, 87, 49, 114, 24, 6, 45, 47, 44, 8, 12, 90, 4, 101, 142, 48, 33, 3, 63, 2, 75, 19, 36, 22, 1, 132, 113, 139, 93, 86, 16, 43, 40, 72, 95, 111, 38, 57, 53, 14, 88, 135, 84, 149, 140, 34, 121, 78, 104, 64, 128, 102, 122, 70, 150, 89, 117, 137]);
% time elapsed: 129.52 s
----------
%%%mzn-stat: initTime=0.08113513
%%%mzn-stat: objective=227
%%%mzn-stat: nodes=378657
%%%mzn-stat: restarts=58
%%%mzn-stat: peakDepth=2412
%%%mzn-stat: solveTime=122.562888657
%%%mzn-stat: variables=3340
%%%mzn-stat: propagators=14070
%%%mzn-stat: failures=264584
%%%mzn-stat: propagations=185969255
%%%mzn-stat: nogoods=264584
%%%mzn-stat: AverageConflictSize=16.572056511353672
%%%mzn-stat: NumUnitNogoodsLearned=136
%%%mzn-stat: AverageLearnedNogoodLength=49.50625888186738
%%%mzn-stat: AverageBacktrackAmount=0
%%%mzn-stat: AverageLbd=16.690438575272882
%%%mzn-stat-end
maxleg = 227;
succ = array1d(1..150,[131, 93, 118, 124, 79, 92, 110, 20, 147, 133, 83, 39, 136, 30, 130, 77, 81, 112, 126, 15, 125, 73, 18, 59, 62, 9, 21, 27, 76, 23, 103, 148, 98, 82, 66, 99, 42, 71, 105, 13, 107, 97, 123, 69, 94, 109, 56, 134, 68, 61, 52, 60, 80, 96, 41, 51, 65, 138, 129, 5, 120, 140, 115, 116, 67, 119, 31, 85, 28, 25, 11, 58, 32, 144, 145, 37, 50, 143, 35, 10, 141, 74, 108, 26, 17, 46, 54, 55, 91, 7, 29, 106, 146, 87, 49, 114, 24, 6, 45, 47, 44, 8, 12, 90, 4, 101, 142, 48, 33, 3, 63, 2, 75, 19, 36, 22, 1, 132, 113, 139, 100, 86, 16, 43, 40, 72, 95, 111, 38, 57, 53, 14, 88, 135, 84, 149, 127, 34, 121, 78, 104, 64, 128, 102, 122, 70, 150, 89, 117, 137]);
% time elapsed: 129.92 s
----------
%%%mzn-stat: initTime=0.08113513
%%%mzn-stat: objective=226
%%%mzn-stat: nodes=390879
%%%mzn-stat: restarts=73
%%%mzn-stat: peakDepth=2412
%%%mzn-stat: solveTime=124.206011904
%%%mzn-stat: variables=3340
%%%mzn-stat: propagators=14070
%%%mzn-stat: failures=267668
%%%mzn-stat: propagations=188721796
%%%mzn-stat: nogoods=267668
%%%mzn-stat: AverageConflictSize=16.489210514517985
%%%mzn-stat: NumUnitNogoodsLearned=136
%%%mzn-stat: AverageLearnedNogoodLength=49.44127426513442
%%%mzn-stat: AverageBacktrackAmount=0
%%%mzn-stat: AverageLbd=16.712057474184437
%%%mzn-stat-end
maxleg = 226;
succ = array1d(1..150,[81, 93, 118, 124, 79, 92, 110, 20, 23, 133, 83, 39, 136, 30, 130, 77, 80, 112, 65, 15, 125, 73, 18, 59, 62, 9, 21, 27, 76, 147, 103, 148, 98, 82, 66, 99, 42, 71, 105, 13, 107, 97, 123, 69, 94, 109, 56, 134, 68, 61, 52, 60, 88, 126, 41, 51, 96, 138, 129, 5, 120, 140, 115, 116, 67, 119, 31, 85, 28, 25, 11, 58, 32, 144, 145, 37, 50, 143, 35, 10, 141, 74, 108, 26, 17, 46, 54, 55, 91, 7, 29, 106, 146, 87, 49, 114, 24, 6, 45, 47, 44, 8, 12, 90, 4, 101, 142, 48, 33, 3, 63, 2, 75, 19, 36, 22, 1, 132, 113, 139, 100, 86, 16, 43, 40, 72, 95, 111, 38, 57, 53, 14, 131, 135, 84, 149, 127, 34, 121, 78, 104, 64, 128, 102, 122, 70, 150, 89, 117, 137]);
% time elapsed: 131.57 s
----------
%%%mzn-stat: initTime=0.08113513
%%%mzn-stat: objective=224
%%%mzn-stat: nodes=396926
%%%mzn-stat: restarts=76
%%%mzn-stat: peakDepth=2412
%%%mzn-stat: solveTime=124.632629232
%%%mzn-stat: variables=3340
%%%mzn-stat: propagators=14070
%%%mzn-stat: failures=268184
%%%mzn-stat: propagations=189352129
%%%mzn-stat: nogoods=268184
%%%mzn-stat: AverageConflictSize=16.486934343585002
%%%mzn-stat: NumUnitNogoodsLearned=136
%%%mzn-stat: AverageLearnedNogoodLength=49.446051964323004
%%%mzn-stat: AverageBacktrackAmount=0
%%%mzn-stat: AverageLbd=16.713111147570324
%%%mzn-stat-end
maxleg = 224;
succ = array1d(1..150,[81, 93, 118, 124, 61, 92, 110, 57, 23, 133, 83, 39, 136, 30, 130, 66, 80, 112, 65, 15, 125, 73, 18, 59, 62, 9, 21, 27, 76, 147, 103, 148, 98, 82, 77, 99, 42, 71, 105, 13, 107, 97, 123, 69, 94, 109, 79, 134, 68, 60, 52, 5, 88, 126, 41, 51, 96, 138, 129, 16, 120, 140, 115, 116, 67, 119, 31, 85, 28, 25, 11, 58, 32, 144, 145, 37, 50, 143, 35, 10, 141, 74, 108, 26, 17, 46, 54, 55, 91, 7, 29, 106, 146, 87, 49, 114, 24, 6, 45, 47, 44, 8, 12, 90, 4, 101, 142, 48, 33, 3, 63, 2, 75, 20, 36, 22, 1, 132, 113, 139, 100, 86, 56, 43, 40, 72, 95, 111, 38, 19, 53, 14, 131, 135, 84, 149, 127, 34, 121, 78, 104, 64, 128, 102, 122, 70, 150, 89, 117, 137]);
% time elapsed: 132.01 s
----------
%%%mzn-stat: initTime=0.08113513
%%%mzn-stat: objective=223
%%%mzn-stat: nodes=403184
%%%mzn-stat: restarts=82
%%%mzn-stat: peakDepth=2412
%%%mzn-stat: solveTime=125.079434577
%%%mzn-stat: variables=3340
%%%mzn-stat: propagators=14070
%%%mzn-stat: failures=268813
%%%mzn-stat: propagations=190082728
%%%mzn-stat: nogoods=268813
%%%mzn-stat: AverageConflictSize=16.462481353208364
%%%mzn-stat: NumUnitNogoodsLearned=136
%%%mzn-stat: AverageLearnedNogoodLength=49.41717476461332
%%%mzn-stat: AverageBacktrackAmount=0
%%%mzn-stat: AverageLbd=16.719399731411798
%%%mzn-stat-end
maxleg = 223;
succ = array1d(1..150,[81, 93, 118, 124, 61, 92, 110, 57, 23, 133, 83, 39, 136, 30, 19, 66, 80, 112, 65, 15, 125, 73, 18, 59, 62, 9, 21, 27, 76, 147, 103, 148, 98, 82, 77, 99, 42, 71, 105, 13, 107, 97, 123, 69, 94, 109, 79, 134, 68, 60, 52, 5, 88, 126, 41, 51, 96, 138, 129, 16, 120, 140, 115, 116, 67, 119, 130, 85, 28, 25, 11, 58, 32, 144, 145, 37, 50, 143, 35, 10, 141, 74, 108, 26, 17, 46, 54, 55, 91, 7, 29, 106, 146, 87, 49, 114, 24, 6, 45, 47, 44, 8, 12, 90, 4, 101, 142, 48, 33, 3, 63, 2, 75, 20, 36, 22, 1, 132, 113, 139, 100, 86, 56, 43, 40, 72, 95, 111, 38, 31, 53, 14, 131, 135, 84, 149, 127, 34, 121, 78, 104, 64, 128, 102, 122, 70, 150, 89, 117, 137]);
% time elapsed: 132.47 s
----------
%%%mzn-stat: initTime=0.08113513
%%%mzn-stat: objective=222
%%%mzn-stat: nodes=408181
%%%mzn-stat: restarts=83
%%%mzn-stat: peakDepth=2495
%%%mzn-stat: solveTime=125.695231072
%%%mzn-stat: variables=3340
%%%mzn-stat: propagators=14070
%%%mzn-stat: failures=269846
%%%mzn-stat: propagations=191131487
%%%mzn-stat: nogoods=269846
%%%mzn-stat: AverageConflictSize=16.449256242449398
%%%mzn-stat: NumUnitNogoodsLearned=136
%%%mzn-stat: AverageLearnedNogoodLength=49.43704557414229
%%%mzn-stat: AverageBacktrackAmount=0
%%%mzn-stat: AverageLbd=16.71753889255353
%%%mzn-stat-end
maxleg = 222;
succ = array1d(1..150,[81, 93, 118, 124, 61, 92, 110, 57, 23, 133, 83, 39, 136, 30, 19, 66, 80, 112, 65, 15, 125, 73, 18, 59, 62, 9, 21, 27, 76, 147, 103, 148, 98, 82, 77, 99, 42, 71, 105, 13, 107, 97, 123, 69, 94, 109, 79, 134, 68, 60, 52, 5, 88, 126, 41, 51, 96, 138, 129, 16, 120, 140, 115, 116, 67, 119, 130, 85, 28, 25, 11, 58, 32, 144, 145, 37, 50, 143, 35, 10, 141, 74, 108, 26, 17, 46, 54, 55, 91, 7, 29, 106, 146, 87, 49, 114, 24, 6, 45, 47, 44, 8, 12, 90, 4, 101, 142, 48, 33, 3, 63, 2, 75, 20, 36, 22, 1, 132, 113, 139, 100, 86, 56, 43, 40, 72, 95, 111, 38, 31, 53, 14, 131, 135, 84, 149, 127, 34, 121, 78, 104, 64, 128, 102, 122, 70, 150, 89, 117, 137]);
% time elapsed: 133.10 s
----------
%%%mzn-stat: initTime=0.08113513
%%%mzn-stat: objective=221
%%%mzn-stat: nodes=434118
%%%mzn-stat: restarts=84
%%%mzn-stat: peakDepth=2495
%%%mzn-stat: solveTime=134.589746081
%%%mzn-stat: variables=3340
%%%mzn-stat: propagators=14070
%%%mzn-stat: failures=289405
%%%mzn-stat: propagations=203638578
%%%mzn-stat: nogoods=289405
%%%mzn-stat: AverageConflictSize=16.16872203313695
%%%mzn-stat: NumUnitNogoodsLearned=136
%%%mzn-stat: AverageLearnedNogoodLength=48.300195228140495
%%%mzn-stat: AverageBacktrackAmount=0
%%%mzn-stat: AverageLbd=16.47110105215874
%%%mzn-stat-end
maxleg = 221;
succ = array1d(1..150,[81, 93, 118, 124, 61, 92, 110, 57, 23, 133, 83, 39, 136, 30, 19, 66, 80, 112, 65, 15, 125, 73, 18, 59, 62, 9, 21, 27, 76, 147, 103, 148, 98, 82, 77, 99, 42, 71, 105, 13, 107, 97, 123, 69, 94, 109, 79, 134, 68, 60, 52, 5, 88, 126, 41, 51, 96, 138, 129, 16, 120, 140, 115, 116, 67, 119, 130, 85, 28, 25, 11, 58, 32, 144, 145, 37, 50, 143, 35, 10, 141, 74, 108, 26, 17, 46, 54, 55, 91, 7, 29, 106, 146, 87, 49, 114, 24, 6, 45, 47, 44, 8, 12, 90, 4, 101, 142, 48, 33, 3, 63, 2, 75, 20, 36, 22, 1, 132, 113, 139, 100, 86, 56, 43, 40, 72, 95, 111, 38, 31, 53, 14, 131, 135, 84, 149, 127, 34, 121, 78, 104, 64, 128, 102, 122, 70, 150, 89, 117, 137]);
% time elapsed: 142.00 s
----------
%%%mzn-stat: initTime=0.08113513
%%%mzn-stat: objective=220
%%%mzn-stat: nodes=438374
%%%mzn-stat: restarts=85
%%%mzn-stat: peakDepth=2495
%%%mzn-stat: solveTime=134.987827919
%%%mzn-stat: variables=3340
%%%mzn-stat: propagators=14070
%%%mzn-stat: failures=290269
%%%mzn-stat: propagations=204282012
%%%mzn-stat: nogoods=290269
%%%mzn-stat: AverageConflictSize=16.14488285004599
%%%mzn-stat: NumUnitNogoodsLearned=136
%%%mzn-stat: AverageLearnedNogoodLength=48.271227723249815
%%%mzn-stat: AverageBacktrackAmount=0
%%%mzn-stat: AverageLbd=16.46140648846415
%%%mzn-stat-end
maxleg = 220;
succ = array1d(1..150,[81, 93, 118, 124, 61, 92, 110, 57, 23, 133, 83, 39, 136, 30, 19, 66, 80, 112, 65, 15, 125, 73, 18, 59, 62, 9, 21, 27, 76, 147, 103, 148, 98, 82, 77, 99, 42, 71, 105, 13, 107, 97, 123, 69, 94, 109, 79, 134, 68, 60, 52, 5, 88, 126, 41, 51, 96, 138, 129, 16, 120, 140, 115, 116, 67, 119, 130, 85, 28, 25, 11, 58, 32, 144, 145, 37, 50, 143, 35, 10, 141, 74, 108, 26, 17, 46, 54, 55, 91, 7, 29, 106, 146, 87, 49, 114, 24, 6, 45, 47, 44, 8, 12, 90, 4, 101, 142, 48, 33, 3, 63, 2, 75, 20, 36, 22, 1, 132, 113, 139, 100, 86, 56, 43, 40, 72, 95, 111, 38, 31, 53, 14, 131, 135, 84, 149, 127, 34, 121, 78, 104, 64, 128, 102, 122, 70, 150, 89, 117, 137]);
% time elapsed: 142.41 s
----------
%%%mzn-stat: initTime=0.08113513
%%%mzn-stat: objective=217
%%%mzn-stat: nodes=448002
%%%mzn-stat: restarts=91
%%%mzn-stat: peakDepth=2495
%%%mzn-stat: solveTime=136.531183093
%%%mzn-stat: variables=3340
%%%mzn-stat: propagators=14070
%%%mzn-stat: failures=293565
%%%mzn-stat: propagations=206718291
%%%mzn-stat: nogoods=293565
%%%mzn-stat: AverageConflictSize=16.06044657912217
%%%mzn-stat: NumUnitNogoodsLearned=136
%%%mzn-stat: AverageLearnedNogoodLength=48.1423228245874
%%%mzn-stat: AverageBacktrackAmount=0
%%%mzn-stat: AverageLbd=16.42885902611006
%%%mzn-stat-end
maxleg = 217;
succ = array1d(1..150,[81, 93, 118, 124, 61, 92, 110, 57, 23, 133, 83, 39, 136, 30, 19, 66, 80, 112, 65, 15, 125, 73, 18, 59, 62, 9, 21, 27, 76, 147, 144, 148, 98, 103, 77, 99, 42, 71, 105, 13, 107, 97, 123, 69, 94, 109, 79, 134, 68, 60, 52, 5, 88, 102, 41, 51, 96, 138, 129, 16, 120, 140, 115, 116, 67, 119, 130, 85, 28, 25, 11, 58, 32, 126, 145, 37, 50, 143, 35, 10, 141, 74, 108, 26, 17, 46, 54, 55, 91, 7, 29, 106, 146, 87, 49, 114, 24, 6, 45, 47, 44, 8, 12, 90, 4, 101, 142, 48, 33, 3, 63, 2, 75, 20, 36, 22, 1, 132, 113, 139, 100, 86, 56, 43, 40, 72, 95, 111, 38, 31, 53, 14, 131, 135, 84, 149, 127, 34, 121, 78, 104, 64, 128, 82, 122, 70, 150, 89, 117, 137]);
% time elapsed: 143.97 s
----------
%%%mzn-stat: initTime=0.08113513
%%%mzn-stat: objective=212
%%%mzn-stat: nodes=456151
%%%mzn-stat: restarts=100
%%%mzn-stat: peakDepth=2495
%%%mzn-stat: solveTime=136.98287688
%%%mzn-stat: variables=3340
%%%mzn-stat: propagators=14070
%%%mzn-stat: failures=294098
%%%mzn-stat: propagations=207392337
%%%mzn-stat: nogoods=294098
%%%mzn-stat: AverageConflictSize=16.050823194989427
%%%mzn-stat: NumUnitNogoodsLearned=136
%%%mzn-stat: AverageLearnedNogoodLength=48.129691463389754
%%%mzn-stat: AverageBacktrackAmount=0
%%%mzn-stat: AverageLbd=16.44572897469551
%%%mzn-stat-end
maxleg = 212;
succ = array1d(1..150,[81, 93, 118, 124, 61, 92, 110, 57, 23, 133, 83, 39, 136, 150, 19, 66, 80, 112, 65, 15, 86, 73, 18, 59, 62, 9, 21, 27, 76, 147, 144, 148, 98, 103, 77, 99, 42, 71, 105, 13, 107, 97, 123, 69, 94, 109, 79, 134, 68, 60, 52, 5, 88, 102, 41, 51, 96, 138, 129, 16, 120, 140, 115, 116, 67, 119, 130, 85, 125, 25, 11, 58, 32, 126, 145, 37, 50, 143, 35, 10, 90, 74, 108, 26, 17, 46, 54, 55, 91, 7, 29, 106, 146, 87, 49, 114, 24, 6, 45, 47, 44, 8, 12, 28, 4, 101, 142, 48, 33, 3, 63, 2, 75, 20, 36, 22, 1, 132, 113, 139, 100, 141, 56, 43, 40, 72, 95, 111, 38, 31, 53, 14, 131, 135, 84, 149, 127, 34, 121, 78, 104, 64, 128, 82, 122, 70, 137, 89, 117, 30]);
% time elapsed: 144.43 s
----------
%%%mzn-stat: initTime=0.08113513
%%%mzn-stat: objective=207
%%%mzn-stat: nodes=468622
%%%mzn-stat: restarts=106
%%%mzn-stat: peakDepth=2495
%%%mzn-stat: solveTime=139.053698913
%%%mzn-stat: variables=3340
%%%mzn-stat: propagators=14070
%%%mzn-stat: failures=299332
%%%mzn-stat: propagations=210915513
%%%mzn-stat: nogoods=299332
%%%mzn-stat: AverageConflictSize=15.909759063514759
%%%mzn-stat: NumUnitNogoodsLearned=136
%%%mzn-stat: AverageLearnedNogoodLength=47.84075207461949
%%%mzn-stat: AverageBacktrackAmount=0
%%%mzn-stat: AverageLbd=16.43576697446314
%%%mzn-stat-end
maxleg = 207;
succ = array1d(1..150,[81, 93, 118, 124, 120, 92, 110, 57, 23, 133, 83, 39, 136, 150, 19, 66, 80, 112, 65, 15, 86, 73, 18, 59, 62, 9, 21, 27, 76, 147, 144, 148, 98, 103, 77, 99, 42, 71, 105, 13, 107, 97, 50, 69, 94, 109, 79, 134, 68, 60, 52, 16, 88, 102, 41, 51, 96, 138, 129, 5, 123, 140, 115, 116, 67, 119, 130, 85, 125, 25, 11, 58, 32, 126, 145, 37, 61, 143, 35, 10, 90, 74, 108, 26, 17, 46, 54, 55, 91, 7, 29, 106, 146, 87, 49, 114, 24, 6, 45, 47, 44, 8, 12, 28, 4, 101, 142, 48, 33, 3, 63, 2, 75, 20, 36, 22, 1, 132, 113, 139, 100, 141, 56, 43, 40, 72, 95, 111, 38, 31, 53, 14, 131, 135, 84, 149, 127, 34, 121, 78, 104, 64, 128, 82, 122, 70, 137, 89, 117, 30]);
% time elapsed: 146.51 s
----------
%%%mzn-stat: initTime=0.08113513
%%%mzn-stat: objective=206
%%%mzn-stat: nodes=472782
%%%mzn-stat: restarts=107
%%%mzn-stat: peakDepth=2495
%%%mzn-stat: solveTime=139.363708436
%%%mzn-stat: variables=3340
%%%mzn-stat: propagators=14070
%%%mzn-stat: failures=299792
%%%mzn-stat: propagations=211460759
%%%mzn-stat: nogoods=299792
%%%mzn-stat: AverageConflictSize=15.903469739019053
%%%mzn-stat: NumUnitNogoodsLearned=136
%%%mzn-stat: AverageLearnedNogoodLength=47.84042936435929
%%%mzn-stat: AverageBacktrackAmount=0
%%%mzn-stat: AverageLbd=16.43335045631638
%%%mzn-stat-end
maxleg = 206;
succ = array1d(1..150,[81, 93, 118, 124, 120, 92, 110, 57, 23, 133, 83, 39, 136, 150, 19, 66, 80, 112, 65, 15, 86, 73, 18, 59, 62, 9, 21, 27, 76, 147, 144, 148, 98, 103, 77, 99, 42, 71, 105, 13, 107, 97, 50, 69, 94, 109, 79, 134, 68, 60, 52, 16, 88, 102, 41, 51, 96, 138, 129, 5, 123, 140, 115, 116, 67, 119, 130, 85, 125, 25, 11, 58, 32, 126, 145, 37, 61, 143, 35, 10, 90, 74, 108, 26, 17, 46, 54, 55, 91, 7, 29, 106, 146, 87, 49, 114, 24, 6, 45, 47, 44, 8, 12, 28, 4, 101, 142, 48, 33, 3, 63, 2, 75, 20, 36, 22, 1, 132, 113, 139, 100, 141, 56, 43, 40, 72, 95, 111, 38, 31, 53, 14, 131, 135, 84, 149, 127, 34, 121, 78, 104, 64, 128, 82, 122, 70, 137, 89, 117, 30]);
% time elapsed: 146.83 s
----------
%%%mzn-stat: initTime=0.08113513
%%%mzn-stat: objective=205
%%%mzn-stat: nodes=476805
%%%mzn-stat: restarts=108
%%%mzn-stat: peakDepth=2495
%%%mzn-stat: solveTime=139.721582777
%%%mzn-stat: variables=3340
%%%mzn-stat: propagators=14070
%%%mzn-stat: failures=300483
%%%mzn-stat: propagations=212078002
%%%mzn-stat: nogoods=300483
%%%mzn-stat: AverageConflictSize=15.89182083512212
%%%mzn-stat: NumUnitNogoodsLearned=136
%%%mzn-stat: AverageLearnedNogoodLength=47.83503559269576
%%%mzn-stat: AverageBacktrackAmount=0
%%%mzn-stat: AverageLbd=16.429365388391357
%%%mzn-stat-end
maxleg = 205;
succ = array1d(1..150,[81, 93, 118, 124, 120, 92, 110, 57, 23, 133, 83, 39, 136, 150, 19, 66, 80, 112, 65, 15, 86, 73, 18, 59, 62, 9, 21, 27, 76, 147, 144, 148, 98, 103, 77, 99, 42, 71, 105, 13, 107, 97, 50, 69, 94, 109, 79, 134, 68, 60, 52, 16, 88, 102, 41, 51, 96, 138, 129, 5, 123, 140, 115, 116, 67, 119, 130, 85, 125, 25, 11, 58, 32, 126, 145, 37, 61, 143, 35, 10, 90, 74, 108, 26, 17, 46, 54, 55, 91, 7, 29, 106, 146, 87, 49, 114, 24, 6, 45, 47, 44, 8, 12, 28, 4, 101, 142, 48, 33, 3, 63, 2, 75, 20, 36, 22, 1, 132, 113, 139, 100, 141, 56, 43, 40, 72, 95, 111, 38, 31, 53, 14, 131, 135, 84, 149, 127, 34, 121, 78, 104, 64, 128, 82, 122, 70, 137, 89, 117, 30]);
% time elapsed: 147.20 s
----------
%%%mzn-stat: initTime=0.08113513
%%%mzn-stat: objective=204
%%%mzn-stat: nodes=485848
%%%mzn-stat: restarts=109
%%%mzn-stat: peakDepth=2495
%%%mzn-stat: solveTime=142.013091651
%%%mzn-stat: variables=3340
%%%mzn-stat: propagators=14070
%%%mzn-stat: failures=305515
%%%mzn-stat: propagations=214746925
%%%mzn-stat: nogoods=305515
%%%mzn-stat: AverageConflictSize=15.840489010359557
%%%mzn-stat: NumUnitNogoodsLearned=136
%%%mzn-stat: AverageLearnedNogoodLength=47.67025514295534
%%%mzn-stat: AverageBacktrackAmount=0
%%%mzn-stat: AverageLbd=16.409465983666923
%%%mzn-stat-end
maxleg = 204;
succ = array1d(1..150,[81, 93, 118, 124, 120, 92, 110, 57, 23, 133, 83, 39, 136, 150, 19, 66, 80, 112, 65, 15, 86, 73, 18, 59, 62, 9, 21, 27, 76, 147, 144, 148, 98, 103, 77, 99, 42, 71, 105, 13, 107, 97, 50, 69, 94, 109, 79, 134, 68, 60, 52, 16, 88, 102, 41, 51, 96, 138, 129, 5, 123, 140, 115, 116, 67, 119, 130, 85, 125, 25, 11, 58, 32, 126, 145, 37, 61, 143, 35, 10, 90, 74, 108, 26, 17, 46, 54, 55, 91, 7, 29, 106, 146, 87, 49, 114, 24, 6, 45, 47, 44, 8, 12, 28, 4, 101, 142, 48, 33, 3, 63, 2, 75, 20, 36, 22, 1, 132, 113, 139, 100, 141, 56, 43, 40, 72, 95, 111, 38, 31, 53, 14, 131, 135, 84, 149, 127, 34, 121, 78, 104, 64, 128, 82, 122, 70, 137, 89, 117, 30]);
% time elapsed: 149.50 s
----------
%%%mzn-stat: initTime=0.08113513
%%%mzn-stat: objective=203
%%%mzn-stat: nodes=489091
%%%mzn-stat: restarts=110
%%%mzn-stat: peakDepth=2495
%%%mzn-stat: solveTime=142.203813542
%%%mzn-stat: variables=3340
%%%mzn-stat: propagators=14070
%%%mzn-stat: failures=305811
%%%mzn-stat: propagations=215050246
%%%mzn-stat: nogoods=305811
%%%mzn-stat: AverageConflictSize=15.83391048719634
%%%mzn-stat: NumUnitNogoodsLearned=136
%%%mzn-stat: AverageLearnedNogoodLength=47.666633966731084
%%%mzn-stat: AverageBacktrackAmount=0
%%%mzn-stat: AverageLbd=16.407241727733798
%%%mzn-stat-end
maxleg = 203;
succ = array1d(1..150,[81, 93, 118, 124, 120, 92, 110, 57, 23, 133, 83, 39, 136, 150, 19, 66, 80, 112, 65, 15, 86, 73, 18, 59, 62, 9, 21, 27, 76, 147, 144, 148, 98, 103, 77, 99, 42, 71, 105, 13, 107, 97, 50, 69, 94, 109, 79, 134, 68, 60, 52, 16, 88, 102, 41, 51, 96, 138, 129, 5, 123, 140, 115, 116, 67, 119, 130, 85, 125, 25, 11, 58, 32, 126, 145, 37, 61, 143, 35, 10, 90, 74, 108, 26, 17, 46, 54, 55, 91, 7, 29, 106, 146, 87, 49, 114, 24, 6, 45, 47, 44, 8, 12, 28, 4, 101, 142, 48, 33, 3, 63, 2, 75, 20, 36, 22, 1, 132, 113, 139, 100, 141, 56, 43, 40, 72, 95, 111, 38, 31, 53, 14, 131, 135, 84, 149, 127, 34, 121, 78, 104, 64, 128, 82, 122, 70, 137, 89, 117, 30]);
% time elapsed: 149.71 s
----------
%%%mzn-stat: initTime=0.08113513
%%%mzn-stat: objective=202
%%%mzn-stat: nodes=492665
%%%mzn-stat: restarts=111
%%%mzn-stat: peakDepth=2495
%%%mzn-stat: solveTime=142.432797695
%%%mzn-stat: variables=3340
%%%mzn-stat: propagators=14070
%%%mzn-stat: failures=306115
%%%mzn-stat: propagations=215366035
%%%mzn-stat: nogoods=306115
%%%mzn-stat: AverageConflictSize=15.826568446498865
%%%mzn-stat: NumUnitNogoodsLearned=136
%%%mzn-stat: AverageLearnedNogoodLength=47.66822926024533
%%%mzn-stat: AverageBacktrackAmount=0
%%%mzn-stat: AverageLbd=16.40618068372997
%%%mzn-stat-end
maxleg = 202;
succ = array1d(1..150,[81, 93, 118, 124, 120, 92, 110, 57, 23, 133, 83, 39, 136, 150, 19, 66, 80, 112, 65, 15, 86, 73, 18, 59, 62, 9, 21, 27, 76, 147, 144, 148, 98, 103, 77, 99, 42, 71, 105, 13, 107, 97, 50, 69, 94, 109, 79, 134, 68, 60, 52, 16, 88, 102, 41, 51, 96, 138, 129, 5, 123, 140, 115, 116, 130, 119, 74, 85, 125, 25, 11, 58, 37, 126, 145, 36, 61, 143, 35, 10, 90, 67, 108, 26, 17, 46, 54, 55, 91, 7, 29, 106, 146, 87, 49, 114, 24, 6, 45, 47, 44, 8, 12, 28, 4, 101, 142, 48, 33, 3, 63, 2, 75, 20, 32, 22, 1, 132, 113, 139, 100, 141, 56, 43, 40, 72, 95, 111, 38, 31, 53, 14, 131, 135, 84, 149, 127, 34, 121, 78, 104, 64, 128, 82, 122, 70, 137, 89, 117, 30]);
% time elapsed: 149.95 s
----------
%%%mzn-stat: initTime=0.08113513
%%%mzn-stat: objective=201
%%%mzn-stat: nodes=504627
%%%mzn-stat: restarts=114
%%%mzn-stat: peakDepth=2495
%%%mzn-stat: solveTime=144.430538292
%%%mzn-stat: variables=3340
%%%mzn-stat: propagators=14070
%%%mzn-stat: failures=312144
%%%mzn-stat: propagations=218672737
%%%mzn-stat: nogoods=312144
%%%mzn-stat: AverageConflictSize=15.70781434209852
%%%mzn-stat: NumUnitNogoodsLearned=136
%%%mzn-stat: AverageLearnedNogoodLength=47.38114459992824
%%%mzn-stat: AverageBacktrackAmount=0
%%%mzn-stat: AverageLbd=16.366721769439746
%%%mzn-stat-end
maxleg = 201;
succ = array1d(1..150,[81, 68, 118, 124, 120, 92, 88, 57, 23, 146, 83, 39, 136, 150, 19, 66, 80, 112, 65, 15, 86, 73, 18, 59, 62, 9, 21, 27, 76, 147, 144, 148, 98, 103, 77, 99, 42, 71, 105, 13, 107, 97, 50, 69, 94, 109, 79, 134, 121, 60, 52, 16, 110, 102, 41, 51, 96, 138, 129, 5, 123, 93, 115, 116, 130, 119, 74, 85, 125, 25, 11, 58, 37, 126, 145, 36, 61, 143, 35, 10, 90, 67, 108, 26, 17, 46, 54, 55, 91, 7, 29, 106, 133, 87, 49, 114, 24, 6, 45, 47, 44, 8, 12, 28, 4, 101, 142, 48, 33, 3, 63, 2, 75, 20, 32, 22, 1, 132, 113, 139, 100, 141, 56, 43, 40, 72, 95, 111, 38, 31, 53, 14, 131, 135, 84, 149, 140, 34, 127, 78, 104, 64, 128, 82, 122, 70, 137, 89, 117, 30]);
% time elapsed: 151.96 s
----------
%%%mzn-stat: initTime=0.08113513
%%%mzn-stat: objective=200
%%%mzn-stat: nodes=507926
%%%mzn-stat: restarts=115
%%%mzn-stat: peakDepth=2495
%%%mzn-stat: solveTime=144.685555561
%%%mzn-stat: variables=3340
%%%mzn-stat: propagators=14070
%%%mzn-stat: failures=312539
%%%mzn-stat: propagations=219064783
%%%mzn-stat: nogoods=312539
%%%mzn-stat: AverageConflictSize=15.70044378461568
%%%mzn-stat: NumUnitNogoodsLearned=136
%%%mzn-stat: AverageLearnedNogoodLength=47.40333526375908
%%%mzn-stat: AverageBacktrackAmount=0
%%%mzn-stat: AverageLbd=16.367922083324
%%%mzn-stat-end
maxleg = 200;
succ = array1d(1..150,[81, 68, 118, 124, 120, 92, 88, 57, 23, 133, 83, 39, 136, 150, 19, 66, 80, 112, 65, 15, 86, 73, 18, 59, 62, 9, 21, 27, 76, 146, 144, 148, 98, 103, 77, 99, 42, 71, 105, 13, 107, 97, 50, 69, 94, 109, 79, 134, 100, 60, 52, 16, 110, 102, 41, 51, 96, 138, 129, 5, 123, 93, 115, 116, 130, 119, 74, 85, 125, 25, 11, 58, 37, 126, 145, 36, 61, 143, 35, 10, 90, 67, 108, 26, 17, 46, 54, 55, 91, 7, 29, 106, 121, 87, 49, 114, 24, 6, 45, 47, 44, 8, 12, 28, 4, 101, 142, 48, 33, 3, 63, 2, 75, 20, 32, 22, 1, 132, 113, 139, 95, 141, 56, 43, 40, 72, 147, 111, 38, 31, 53, 14, 131, 135, 84, 149, 140, 34, 127, 30, 104, 64, 128, 82, 122, 70, 137, 89, 117, 78]);
% time elapsed: 152.22 s
----------
%%%mzn-stat: initTime=0.08113513
%%%mzn-stat: objective=199
%%%mzn-stat: nodes=527863
%%%mzn-stat: restarts=116
%%%mzn-stat: peakDepth=2495
%%%mzn-stat: solveTime=150.933656554
%%%mzn-stat: variables=3340
%%%mzn-stat: propagators=14070
%%%mzn-stat: failures=326369
%%%mzn-stat: propagations=226048440
%%%mzn-stat: nogoods=326369
%%%mzn-stat: AverageConflictSize=15.610676871884278
%%%mzn-stat: NumUnitNogoodsLearned=136
%%%mzn-stat: AverageLearnedNogoodLength=47.09018013352984
%%%mzn-stat: AverageBacktrackAmount=0
%%%mzn-stat: AverageLbd=16.20520944084763
%%%mzn-stat-end
maxleg = 199;
succ = array1d(1..150,[81, 68, 118, 124, 120, 92, 88, 57, 23, 133, 83, 39, 136, 150, 19, 66, 80, 112, 65, 15, 86, 73, 18, 59, 62, 9, 21, 27, 76, 146, 144, 148, 98, 103, 77, 99, 42, 71, 105, 13, 107, 97, 50, 69, 94, 109, 79, 134, 100, 60, 52, 16, 110, 102, 41, 51, 96, 138, 129, 5, 123, 93, 115, 116, 130, 119, 74, 85, 125, 25, 11, 58, 37, 126, 145, 36, 61, 143, 35, 10, 90, 67, 108, 26, 17, 46, 54, 55, 91, 7, 29, 106, 121, 87, 49, 114, 24, 6, 45, 47, 44, 8, 12, 28, 4, 101, 142, 48, 33, 3, 63, 2, 75, 20, 32, 22, 1, 132, 113, 139, 95, 141, 56, 43, 40, 72, 147, 111, 38, 31, 53, 14, 131, 135, 84, 149, 140, 34, 127, 30, 104, 64, 128, 82, 122, 70, 137, 89, 117, 78]);
% time elapsed: 158.49 s
----------
%%%mzn-stat: initTime=0.08113513
%%%mzn-stat: objective=198
%%%mzn-stat: nodes=531832
%%%mzn-stat: restarts=117
%%%mzn-stat: peakDepth=2495
%%%mzn-stat: solveTime=151.34533784
%%%mzn-stat: variables=3340
%%%mzn-stat: propagators=14070
%%%mzn-stat: failures=327173
%%%mzn-stat: propagations=226797213
%%%mzn-stat: nogoods=327173
%%%mzn-stat: AverageConflictSize=15.58959021679662
%%%mzn-stat: NumUnitNogoodsLearned=136
%%%mzn-stat: AverageLearnedNogoodLength=47.07573668976352
%%%mzn-stat: AverageBacktrackAmount=0
%%%mzn-stat: AverageLbd=16.20417638374805
%%%mzn-stat-end
maxleg = 198;
succ = array1d(1..150,[81, 68, 118, 124, 120, 92, 88, 57, 23, 133, 83, 39, 136, 150, 19, 66, 80, 112, 65, 15, 86, 73, 18, 59, 62, 9, 21, 27, 76, 146, 144, 148, 98, 103, 77, 99, 42, 71, 105, 13, 107, 97, 50, 69, 94, 109, 79, 134, 100, 60, 52, 16, 110, 102, 41, 51, 96, 138, 129, 5, 123, 93, 115, 116, 130, 119, 74, 85, 125, 25, 11, 58, 37, 126, 145, 36, 61, 143, 35, 10, 90, 67, 108, 26, 17, 46, 54, 55, 91, 7, 29, 106, 121, 87, 49, 114, 24, 6, 45, 47, 44, 8, 12, 28, 4, 101, 142, 48, 33, 3, 63, 2, 75, 20, 32, 22, 1, 132, 113, 139, 95, 141, 56, 43, 40, 72, 147, 111, 38, 31, 53, 14, 131, 135, 84, 149, 140, 34, 127, 30, 104, 64, 128, 82, 122, 70, 137, 89, 117, 78]);
% time elapsed: 158.91 s
----------
%%%mzn-stat: initTime=0.08113513
%%%mzn-stat: objective=195
%%%mzn-stat: nodes=536728
%%%mzn-stat: restarts=119
%%%mzn-stat: peakDepth=2495
%%%mzn-stat: solveTime=151.747699082
%%%mzn-stat: variables=3340
%%%mzn-stat: propagators=14070
%%%mzn-stat: failures=328112
%%%mzn-stat: propagations=227479476
%%%mzn-stat: nogoods=328112
%%%mzn-stat: AverageConflictSize=15.56537097088799
%%%mzn-stat: NumUnitNogoodsLearned=136
%%%mzn-stat: AverageLearnedNogoodLength=47.01893560735358
%%%mzn-stat: AverageBacktrackAmount=0
%%%mzn-stat: AverageLbd=16.19794765202126
%%%mzn-stat-end
maxleg = 195;
succ = array1d(1..150,[81, 68, 118, 124, 120, 92, 88, 57, 23, 133, 83, 41, 136, 150, 19, 66, 80, 112, 65, 15, 86, 73, 18, 59, 62, 9, 12, 27, 76, 146, 144, 148, 98, 103, 77, 99, 42, 71, 104, 13, 107, 97, 50, 33, 94, 109, 79, 134, 100, 60, 52, 16, 110, 102, 40, 51, 96, 138, 129, 5, 123, 93, 115, 116, 130, 119, 74, 17, 125, 25, 11, 69, 37, 126, 145, 36, 61, 143, 35, 10, 105, 67, 108, 26, 39, 46, 54, 55, 91, 7, 29, 106, 121, 87, 49, 114, 24, 28, 45, 47, 58, 8, 90, 21, 4, 101, 142, 48, 6, 3, 63, 2, 75, 20, 32, 22, 1, 132, 113, 139, 95, 141, 56, 43, 34, 72, 147, 111, 38, 31, 53, 14, 131, 135, 84, 149, 140, 44, 127, 30, 85, 64, 128, 82, 122, 70, 137, 89, 117, 78]);
% time elapsed: 159.33 s
----------
%%%mzn-stat: initTime=0.08113513
%%%mzn-stat: objective=193
%%%mzn-stat: nodes=568596
%%%mzn-stat: restarts=127
%%%mzn-stat: peakDepth=2495
%%%mzn-stat: solveTime=157.879816165
%%%mzn-stat: variables=3340
%%%mzn-stat: propagators=14070
%%%mzn-stat: failures=346412
%%%mzn-stat: propagations=237208460
%%%mzn-stat: nogoods=346412
%%%mzn-stat: AverageConflictSize=15.277868549588351
%%%mzn-stat: NumUnitNogoodsLearned=136
%%%mzn-stat: AverageLearnedNogoodLength=46.1838735378682
%%%mzn-stat: AverageBacktrackAmount=0
%%%mzn-stat: AverageLbd=16.10062584437029
%%%mzn-stat-end
maxleg = 193;
succ = array1d(1..150,[81, 68, 118, 124, 120, 92, 88, 57, 23, 133, 83, 41, 136, 150, 8, 66, 80, 112, 65, 15, 86, 73, 18, 59, 62, 9, 12, 27, 76, 146, 144, 148, 98, 103, 77, 99, 42, 71, 104, 13, 107, 97, 50, 33, 94, 109, 79, 134, 100, 60, 52, 16, 110, 114, 40, 51, 96, 138, 129, 5, 123, 93, 115, 116, 130, 119, 74, 17, 125, 25, 11, 69, 37, 126, 145, 36, 61, 143, 35, 10, 105, 67, 108, 26, 39, 46, 54, 53, 91, 7, 29, 106, 121, 87, 49, 102, 24, 28, 45, 47, 58, 19, 90, 21, 4, 101, 142, 48, 6, 3, 63, 2, 75, 20, 32, 22, 1, 132, 113, 139, 95, 141, 56, 43, 34, 72, 147, 111, 38, 31, 55, 14, 131, 128, 84, 149, 140, 44, 127, 30, 85, 64, 135, 82, 122, 70, 137, 89, 117, 78]);
% time elapsed: 165.46 s
----------
%%%mzn-stat: initTime=0.08113513
%%%mzn-stat: objective=192
%%%mzn-stat: nodes=572620
%%%mzn-stat: restarts=129
%%%mzn-stat: peakDepth=2495
%%%mzn-stat: solveTime=158.101924322
%%%mzn-stat: variables=3340
%%%mzn-stat: propagators=14070
%%%mzn-stat: failures=346843
%%%mzn-stat: propagations=237718441
%%%mzn-stat: nogoods=346843
%%%mzn-stat: AverageConflictSize=15.266330875929455
%%%mzn-stat: NumUnitNogoodsLearned=136
%%%mzn-stat: AverageLearnedNogoodLength=46.161346776495414
%%%mzn-stat: AverageBacktrackAmount=0
%%%mzn-stat: AverageLbd=16.099756950551114
%%%mzn-stat-end
maxleg = 192;
succ = array1d(1..150,[81, 68, 118, 124, 120, 92, 88, 57, 23, 133, 38, 41, 136, 135, 8, 66, 80, 112, 65, 15, 86, 73, 18, 59, 62, 30, 12, 27, 76, 146, 144, 148, 98, 103, 77, 99, 42, 71, 104, 13, 107, 97, 50, 33, 94, 109, 61, 134, 100, 60, 52, 16, 110, 114, 40, 51, 96, 138, 129, 5, 79, 93, 115, 116, 130, 119, 74, 17, 125, 25, 78, 69, 37, 126, 145, 36, 123, 150, 35, 10, 105, 67, 108, 26, 39, 46, 54, 53, 91, 7, 29, 106, 121, 87, 49, 102, 24, 28, 45, 47, 58, 19, 90, 21, 4, 101, 142, 48, 6, 2, 63, 3, 75, 20, 32, 22, 1, 143, 113, 139, 95, 141, 56, 43, 34, 72, 147, 111, 11, 31, 55, 14, 131, 128, 84, 149, 140, 44, 127, 9, 85, 64, 132, 82, 122, 70, 137, 89, 117, 83]);
% time elapsed: 165.70 s
----------
%%%mzn-stat: initTime=0.08113513
%%%mzn-stat: objective=191
%%%mzn-stat: nodes=579577
%%%mzn-stat: restarts=131
%%%mzn-stat: peakDepth=2495
%%%mzn-stat: solveTime=159.511920749
%%%mzn-stat: variables=3340
%%%mzn-stat: propagators=14070
%%%mzn-stat: failures=349938
%%%mzn-stat: propagations=239859253
%%%mzn-stat: nogoods=349938
%%%mzn-stat: AverageConflictSize=15.22685161371443
%%%mzn-stat: NumUnitNogoodsLearned=136
%%%mzn-stat: AverageLearnedNogoodLength=46.09398236258995
%%%mzn-stat: AverageBacktrackAmount=0
%%%mzn-stat: AverageLbd=16.09108756408278
%%%mzn-stat-end
maxleg = 191;
succ = array1d(1..150,[81, 68, 118, 124, 120, 92, 88, 57, 23, 133, 38, 41, 136, 135, 8, 66, 80, 112, 65, 15, 86, 73, 18, 59, 62, 70, 12, 27, 76, 146, 144, 148, 98, 103, 77, 99, 42, 71, 104, 13, 107, 97, 50, 33, 94, 109, 61, 134, 25, 60, 52, 16, 110, 114, 40, 51, 96, 138, 129, 5, 79, 93, 115, 116, 130, 119, 74, 17, 125, 30, 83, 69, 37, 126, 145, 36, 123, 150, 35, 10, 105, 67, 108, 26, 39, 46, 54, 53, 91, 7, 29, 106, 121, 87, 49, 102, 24, 28, 45, 47, 58, 19, 90, 21, 4, 101, 142, 48, 6, 2, 63, 3, 75, 20, 32, 22, 1, 143, 113, 139, 100, 141, 56, 43, 34, 72, 147, 111, 11, 31, 55, 14, 131, 128, 78, 149, 140, 44, 127, 9, 85, 64, 132, 82, 122, 95, 137, 89, 117, 84]);
% time elapsed: 167.12 s
----------
%%%mzn-stat: initTime=0.08113513
%%%mzn-stat: objective=190
%%%mzn-stat: nodes=582353
%%%mzn-stat: restarts=132
%%%mzn-stat: peakDepth=2495
%%%mzn-stat: solveTime=159.61430086
%%%mzn-stat: variables=3340
%%%mzn-stat: propagators=14070
%%%mzn-stat: failures=350053
%%%mzn-stat: propagations=240051720
%%%mzn-stat: nogoods=350053
%%%mzn-stat: AverageConflictSize=15.22472311335712
%%%mzn-stat: NumUnitNogoodsLearned=136
%%%mzn-stat: AverageLearnedNogoodLength=46.09664250842015
%%%mzn-stat: AverageBacktrackAmount=0
%%%mzn-stat: AverageLbd=16.090894807357742
%%%mzn-stat-end
maxleg = 190;
succ = array1d(1..150,[81, 68, 118, 124, 120, 92, 88, 57, 23, 133, 38, 41, 136, 135, 8, 66, 80, 112, 65, 15, 86, 73, 18, 59, 62, 70, 12, 27, 76, 146, 144, 148, 98, 103, 77, 99, 42, 71, 104, 13, 107, 97, 50, 33, 94, 109, 61, 134, 25, 60, 52, 16, 110, 114, 40, 51, 96, 138, 129, 5, 79, 93, 115, 116, 130, 119, 74, 17, 125, 30, 83, 69, 37, 126, 145, 36, 123, 150, 35, 10, 105, 67, 108, 26, 39, 46, 54, 53, 91, 7, 29, 106, 121, 87, 49, 102, 24, 28, 45, 47, 58, 19, 90, 21, 4, 101, 142, 48, 6, 2, 63, 3, 75, 20, 32, 22, 1, 143, 113, 139, 100, 141, 56, 43, 34, 72, 147, 111, 11, 31, 55, 14, 131, 128, 78, 149, 140, 44, 127, 9, 85, 64, 132, 82, 122, 95, 137, 89, 117, 84]);
% time elapsed: 167.23 s
----------
%%%mzn-stat: initTime=0.08113513
%%%mzn-stat: objective=189
%%%mzn-stat: nodes=585354
%%%mzn-stat: restarts=133
%%%mzn-stat: peakDepth=2495
%%%mzn-stat: solveTime=159.769648356
%%%mzn-stat: variables=3340
%%%mzn-stat: propagators=14070
%%%mzn-stat: failures=350330
%%%mzn-stat: propagations=240352163
%%%mzn-stat: nogoods=350330
%%%mzn-stat: AverageConflictSize=15.218942140267748
%%%mzn-stat: NumUnitNogoodsLearned=136
%%%mzn-stat: AverageLearnedNogoodLength=46.09177632517912
%%%mzn-stat: AverageBacktrackAmount=0
%%%mzn-stat: AverageLbd=16.09022635800531
%%%mzn-stat-end
maxleg = 189;
succ = array1d(1..150,[81, 68, 118, 124, 120, 92, 88, 57, 23, 133, 38, 125, 136, 135, 8, 66, 80, 112, 34, 15, 86, 73, 18, 59, 62, 70, 12, 27, 76, 146, 144, 148, 98, 31, 77, 99, 42, 71, 104, 13, 107, 97, 50, 33, 94, 109, 61, 134, 25, 60, 52, 16, 110, 114, 40, 51, 96, 138, 129, 5, 79, 93, 115, 116, 130, 119, 65, 17, 103, 30, 83, 69, 37, 126, 145, 36, 123, 150, 35, 10, 105, 67, 108, 26, 39, 46, 54, 53, 91, 7, 29, 106, 121, 87, 49, 102, 24, 28, 45, 47, 58, 19, 90, 21, 4, 101, 142, 48, 6, 2, 63, 3, 75, 20, 32, 22, 1, 143, 113, 139, 100, 141, 56, 43, 41, 72, 147, 111, 11, 74, 55, 14, 131, 128, 78, 149, 140, 44, 127, 9, 85, 64, 132, 82, 122, 95, 137, 89, 117, 84]);
% time elapsed: 167.40 s
----------
%%%mzn-stat: initTime=0.08113513
%%%mzn-stat: objective=188
%%%mzn-stat: nodes=589117
%%%mzn-stat: restarts=134
%%%mzn-stat: peakDepth=2495
%%%mzn-stat: solveTime=160.049013614
%%%mzn-stat: variables=3340
%%%mzn-stat: propagators=14070
%%%mzn-stat: failures=350796
%%%mzn-stat: propagations=240914995
%%%mzn-stat: nogoods=350796
%%%mzn-stat: AverageConflictSize=15.207049111164324
%%%mzn-stat: NumUnitNogoodsLearned=136
%%%mzn-stat: AverageLearnedNogoodLength=46.08143479401134
%%%mzn-stat: AverageBacktrackAmount=0
%%%mzn-stat: AverageLbd=16.088989042064334
%%%mzn-stat-end
maxleg = 188;
succ = array1d(1..150,[81, 68, 146, 124, 120, 92, 88, 57, 23, 133, 38, 125, 136, 135, 8, 66, 80, 112, 34, 15, 86, 76, 18, 59, 62, 70, 12, 27, 111, 140, 144, 148, 98, 31, 77, 99, 42, 71, 104, 13, 107, 97, 50, 33, 94, 109, 61, 134, 25, 60, 52, 16, 110, 114, 40, 51, 96, 138, 129, 5, 79, 93, 115, 116, 130, 119, 65, 17, 103, 30, 83, 69, 37, 126, 145, 29, 123, 150, 35, 10, 105, 67, 108, 26, 39, 46, 54, 53, 73, 7, 89, 106, 121, 87, 49, 102, 24, 28, 45, 47, 58, 19, 90, 21, 4, 101, 142, 48, 6, 2, 63, 3, 75, 20, 32, 22, 1, 143, 113, 139, 100, 141, 56, 43, 41, 72, 147, 118, 11, 74, 55, 36, 131, 128, 78, 149, 14, 44, 127, 9, 85, 64, 132, 82, 122, 95, 137, 91, 117, 84]);
% time elapsed: 167.69 s
----------
%%%mzn-stat: initTime=0.08113513
%%%mzn-stat: objective=186
%%%mzn-stat: nodes=736970
%%%mzn-stat: restarts=140
%%%mzn-stat: peakDepth=2495
%%%mzn-stat: solveTime=229.740129029
%%%mzn-stat: variables=3340
%%%mzn-stat: propagators=14070
%%%mzn-stat: failures=473899
%%%mzn-stat: propagations=328567781
%%%mzn-stat: nogoods=473899
%%%mzn-stat: AverageConflictSize=15.63513955505287
%%%mzn-stat: NumUnitNogoodsLearned=136
%%%mzn-stat: AverageLearnedNogoodLength=45.653523219082544
%%%mzn-stat: AverageBacktrackAmount=0
%%%mzn-stat: AverageLbd=15.37241057693728
%%%mzn-stat-end
maxleg = 186;
succ = array1d(1..150,[81, 68, 146, 124, 120, 92, 88, 57, 23, 133, 38, 125, 136, 135, 8, 66, 80, 112, 34, 15, 86, 76, 18, 59, 62, 70, 12, 27, 89, 140, 65, 148, 98, 31, 77, 99, 42, 71, 104, 13, 107, 97, 50, 33, 94, 109, 61, 134, 25, 60, 52, 16, 110, 114, 40, 51, 96, 138, 129, 5, 79, 93, 115, 116, 130, 119, 144, 17, 103, 30, 83, 69, 37, 126, 145, 111, 123, 150, 35, 10, 105, 67, 108, 26, 39, 46, 54, 53, 73, 7, 29, 106, 121, 87, 49, 102, 24, 28, 45, 47, 58, 82, 90, 21, 4, 101, 142, 48, 6, 2, 63, 3, 75, 20, 32, 22, 1, 143, 113, 139, 100, 141, 56, 43, 41, 72, 147, 118, 11, 74, 55, 36, 131, 128, 78, 149, 14, 44, 127, 9, 85, 64, 132, 19, 122, 95, 137, 91, 117, 84]);
% time elapsed: 237.39 s
----------
%%%mzn-stat: initTime=0.08113513
%%%mzn-stat: objective=185
%%%mzn-stat: nodes=740683
%%%mzn-stat: restarts=142
%%%mzn-stat: peakDepth=2495
%%%mzn-stat: solveTime=229.912233884
%%%mzn-stat: variables=3340
%%%mzn-stat: propagators=14070
%%%mzn-stat: failures=474150
%%%mzn-stat: propagations=328881325
%%%mzn-stat: nogoods=474150
%%%mzn-stat: AverageConflictSize=15.630612675313719
%%%mzn-stat: NumUnitNogoodsLearned=136
%%%mzn-stat: AverageLearnedNogoodLength=45.647457555625856
%%%mzn-stat: AverageBacktrackAmount=0
%%%mzn-stat: AverageLbd=15.372388484656755
%%%mzn-stat-end
maxleg = 185;
succ = array1d(1..150,[81, 68, 146, 124, 120, 92, 88, 57, 23, 133, 38, 125, 136, 135, 8, 66, 80, 112, 34, 45, 86, 76, 18, 59, 62, 70, 12, 27, 89, 140, 65, 148, 98, 31, 77, 87, 42, 71, 104, 13, 107, 97, 50, 33, 94, 109, 61, 134, 25, 60, 52, 16, 110, 114, 40, 51, 96, 138, 129, 5, 79, 93, 115, 116, 130, 119, 144, 17, 103, 30, 83, 69, 37, 126, 145, 111, 123, 150, 35, 10, 105, 67, 108, 26, 39, 46, 54, 53, 73, 7, 20, 106, 121, 99, 49, 102, 24, 28, 29, 47, 58, 82, 90, 21, 4, 101, 142, 48, 6, 2, 63, 3, 75, 15, 32, 22, 1, 143, 113, 139, 100, 141, 56, 43, 41, 72, 147, 118, 11, 74, 55, 36, 131, 128, 78, 149, 14, 44, 127, 9, 85, 64, 132, 19, 122, 95, 137, 91, 117, 84]);
% time elapsed: 237.58 s
----------
%%%mzn-stat: initTime=0.08113513
%%%mzn-stat: objective=184
%%%mzn-stat: nodes=745120
%%%mzn-stat: restarts=144
%%%mzn-stat: peakDepth=2495
%%%mzn-stat: solveTime=230.164061537
%%%mzn-stat: variables=3340
%%%mzn-stat: propagators=14070
%%%mzn-stat: failures=474574
%%%mzn-stat: propagations=329299364
%%%mzn-stat: nogoods=474574
%%%mzn-stat: AverageConflictSize=15.621905119117356
%%%mzn-stat: NumUnitNogoodsLearned=136
%%%mzn-stat: AverageLearnedNogoodLength=45.63391378373025
%%%mzn-stat: AverageBacktrackAmount=0
%%%mzn-stat: AverageLbd=15.371031704223157
%%%mzn-stat-end
maxleg = 184;
succ = array1d(1..150,[81, 68, 146, 124, 120, 92, 88, 57, 23, 133, 38, 125, 136, 135, 8, 66, 80, 112, 34, 45, 75, 76, 18, 59, 62, 70, 21, 27, 89, 140, 65, 148, 98, 31, 77, 87, 42, 71, 104, 13, 107, 97, 50, 33, 94, 109, 61, 134, 25, 60, 52, 16, 110, 114, 40, 51, 96, 138, 129, 5, 79, 93, 115, 116, 130, 119, 144, 17, 103, 30, 83, 69, 37, 126, 145, 111, 123, 150, 35, 10, 105, 67, 108, 26, 39, 46, 54, 53, 73, 7, 20, 106, 121, 99, 49, 102, 24, 28, 29, 47, 58, 82, 90, 12, 4, 101, 142, 48, 6, 2, 63, 3, 86, 15, 32, 22, 1, 143, 113, 139, 100, 141, 56, 43, 41, 72, 147, 118, 11, 74, 55, 36, 131, 128, 78, 149, 14, 44, 127, 9, 85, 64, 132, 19, 122, 95, 137, 91, 117, 84]);
% time elapsed: 237.84 s
----------
%%%mzn-stat: initTime=0.08113513
%%%mzn-stat: objective=183
%%%mzn-stat: nodes=754021
%%%mzn-stat: restarts=147
%%%mzn-stat: peakDepth=2495
%%%mzn-stat: solveTime=231.416808281
%%%mzn-stat: variables=3340
%%%mzn-stat: propagators=14070
%%%mzn-stat: failures=477821
%%%mzn-stat: propagations=331442941
%%%mzn-stat: nogoods=477821
%%%mzn-stat: AverageConflictSize=15.565515119678707
%%%mzn-stat: NumUnitNogoodsLearned=136
%%%mzn-stat: AverageLearnedNogoodLength=45.52734182884386
%%%mzn-stat: AverageBacktrackAmount=0
%%%mzn-stat: AverageLbd=15.364841645720887
%%%mzn-stat-end
maxleg = 183;
succ = array1d(1..150,[81, 25, 146, 124, 120, 92, 88, 57, 23, 133, 38, 125, 136, 135, 8, 66, 80, 112, 34, 45, 75, 76, 18, 59, 62, 70, 21, 27, 89, 140, 65, 148, 98, 31, 77, 87, 42, 71, 104, 13, 107, 97, 50, 33, 94, 109, 61, 134, 100, 60, 52, 16, 110, 114, 40, 51, 96, 138, 129, 5, 79, 93, 115, 116, 130, 119, 144, 17, 103, 30, 83, 69, 37, 126, 145, 111, 123, 150, 35, 10, 105, 67, 108, 26, 39, 46, 54, 53, 73, 7, 20, 106, 68, 99, 49, 102, 24, 28, 29, 47, 58, 82, 90, 12, 4, 101, 142, 48, 6, 2, 63, 3, 86, 15, 32, 22, 1, 143, 113, 139, 95, 141, 56, 43, 41, 72, 147, 118, 11, 74, 55, 36, 131, 128, 78, 149, 14, 44, 127, 9, 85, 64, 132, 19, 122, 121, 137, 91, 117, 84]);
% time elapsed: 239.10 s
----------
%%%mzn-stat: initTime=0.08113513
%%%mzn-stat: objective=182
%%%mzn-stat: nodes=764308
%%%mzn-stat: restarts=153
%%%mzn-stat: peakDepth=2495
%%%mzn-stat: solveTime=233.029361305
%%%mzn-stat: variables=3340
%%%mzn-stat: propagators=14070
%%%mzn-stat: failures=482023
%%%mzn-stat: propagations=334114248
%%%mzn-stat: nogoods=482023
%%%mzn-stat: AverageConflictSize=15.503310008028663
%%%mzn-stat: NumUnitNogoodsLearned=136
%%%mzn-stat: AverageLearnedNogoodLength=45.37681396945789
%%%mzn-stat: AverageBacktrackAmount=0
%%%mzn-stat: AverageLbd=15.354802571661518
%%%mzn-stat-end
maxleg = 182;
succ = array1d(1..150,[81, 25, 146, 124, 120, 58, 88, 57, 23, 133, 38, 125, 136, 135, 8, 66, 80, 112, 34, 45, 75, 76, 18, 59, 62, 70, 21, 27, 89, 140, 65, 148, 98, 31, 77, 87, 42, 71, 104, 13, 107, 97, 50, 33, 94, 109, 61, 134, 100, 60, 52, 16, 110, 114, 40, 51, 96, 138, 129, 5, 79, 93, 115, 116, 130, 119, 144, 17, 101, 30, 83, 69, 37, 126, 92, 111, 123, 150, 35, 10, 105, 67, 108, 26, 39, 46, 54, 53, 73, 7, 20, 106, 68, 99, 49, 102, 24, 103, 29, 47, 28, 82, 90, 12, 4, 86, 142, 48, 6, 2, 63, 3, 145, 15, 32, 22, 1, 143, 113, 139, 95, 141, 56, 43, 41, 72, 147, 118, 11, 74, 55, 36, 131, 128, 78, 149, 14, 44, 127, 9, 85, 64, 132, 19, 122, 121, 137, 91, 117, 84]);
% time elapsed: 240.73 s
----------
%%%mzn-stat: initTime=0.08113513
%%%mzn-stat: objective=179
%%%mzn-stat: nodes=834944
%%%mzn-stat: restarts=182
%%%mzn-stat: peakDepth=2495
%%%mzn-stat: solveTime=249.091678551
%%%mzn-stat: variables=3340
%%%mzn-stat: propagators=14070
%%%mzn-stat: failures=525226
%%%mzn-stat: propagations=355095763
%%%mzn-stat: nogoods=525226
%%%mzn-stat: AverageConflictSize=15.03885946240285
%%%mzn-stat: NumUnitNogoodsLearned=136
%%%mzn-stat: AverageLearnedNogoodLength=44.23553479835347
%%%mzn-stat: AverageBacktrackAmount=0
%%%mzn-stat: AverageLbd=15.245713273904947
%%%mzn-stat-end
maxleg = 179;
succ = array1d(1..150,[81, 25, 146, 124, 120, 58, 88, 57, 23, 133, 38, 125, 136, 135, 8, 66, 80, 112, 34, 45, 75, 76, 18, 59, 62, 139, 21, 27, 89, 24, 44, 148, 98, 31, 77, 87, 42, 71, 104, 13, 107, 97, 50, 33, 94, 109, 61, 134, 70, 60, 52, 16, 110, 114, 40, 51, 96, 103, 129, 5, 79, 93, 115, 116, 130, 119, 144, 17, 101, 30, 83, 69, 37, 126, 92, 111, 123, 150, 35, 10, 105, 67, 108, 26, 39, 46, 54, 53, 73, 7, 20, 106, 68, 99, 49, 102, 14, 138, 29, 47, 28, 82, 90, 12, 4, 86, 142, 48, 6, 2, 63, 3, 145, 15, 32, 22, 1, 143, 113, 100, 95, 141, 56, 43, 41, 72, 147, 118, 11, 74, 55, 36, 131, 128, 78, 149, 140, 65, 127, 9, 85, 64, 132, 19, 122, 121, 137, 91, 117, 84]);
% time elapsed: 256.80 s
----------
%%%mzn-stat: initTime=0.08113513
%%%mzn-stat: objective=178
%%%mzn-stat: nodes=840212
%%%mzn-stat: restarts=186
%%%mzn-stat: peakDepth=2495
%%%mzn-stat: solveTime=249.394060506
%%%mzn-stat: variables=3340
%%%mzn-stat: propagators=14070
%%%mzn-stat: failures=525508
%%%mzn-stat: propagations=355554423
%%%mzn-stat: nogoods=525508
%%%mzn-stat: AverageConflictSize=15.033811093265944
%%%mzn-stat: NumUnitNogoodsLearned=136
%%%mzn-stat: AverageLearnedNogoodLength=44.23229903255517
%%%mzn-stat: AverageBacktrackAmount=0
%%%mzn-stat: AverageLbd=15.248298788981328
%%%mzn-stat-end
maxleg = 178;
succ = array1d(1..150,[81, 25, 146, 124, 120, 58, 88, 57, 23, 133, 38, 125, 136, 135, 20, 66, 80, 112, 34, 45, 75, 76, 18, 59, 62, 139, 21, 27, 89, 24, 44, 148, 98, 31, 77, 87, 42, 71, 104, 107, 142, 97, 50, 33, 94, 109, 61, 134, 70, 60, 52, 16, 110, 114, 40, 51, 96, 103, 129, 5, 79, 93, 115, 116, 130, 119, 144, 17, 101, 30, 83, 69, 37, 126, 92, 111, 123, 150, 35, 10, 105, 67, 108, 26, 39, 46, 54, 53, 22, 7, 8, 106, 68, 99, 49, 102, 14, 138, 29, 47, 28, 82, 90, 12, 4, 86, 149, 48, 6, 2, 63, 3, 145, 15, 32, 13, 1, 143, 113, 100, 95, 141, 56, 43, 41, 72, 147, 118, 11, 74, 55, 36, 131, 128, 78, 73, 140, 65, 127, 9, 85, 64, 132, 19, 122, 121, 137, 91, 117, 84]);
% time elapsed: 257.12 s
----------
%%%mzn-stat: initTime=0.08113513
%%%mzn-stat: objective=176
%%%mzn-stat: nodes=846281
%%%mzn-stat: restarts=189
%%%mzn-stat: peakDepth=2495
%%%mzn-stat: solveTime=250.254057647
%%%mzn-stat: variables=3340
%%%mzn-stat: propagators=14070
%%%mzn-stat: failures=527381
%%%mzn-stat: propagations=357017526
%%%mzn-stat: nogoods=527381
%%%mzn-stat: AverageConflictSize=15.006160631497911
%%%mzn-stat: NumUnitNogoodsLearned=136
%%%mzn-stat: AverageLearnedNogoodLength=44.18965605511006
%%%mzn-stat: AverageBacktrackAmount=0
%%%mzn-stat: AverageLbd=15.246381648182243
%%%mzn-stat-end
maxleg = 176;
succ = array1d(1..150,[81, 25, 146, 124, 35, 58, 88, 57, 23, 133, 38, 125, 136, 135, 20, 66, 80, 112, 34, 45, 75, 76, 18, 59, 62, 139, 21, 27, 89, 24, 44, 148, 98, 31, 77, 87, 42, 71, 104, 72, 142, 97, 50, 33, 94, 109, 61, 134, 70, 60, 52, 16, 110, 114, 41, 51, 96, 103, 129, 120, 79, 93, 115, 116, 130, 119, 144, 17, 101, 30, 83, 69, 37, 126, 92, 111, 123, 150, 5, 10, 105, 67, 108, 26, 39, 46, 54, 53, 22, 7, 8, 106, 68, 99, 49, 102, 14, 138, 29, 47, 28, 82, 90, 12, 4, 86, 149, 48, 6, 2, 63, 3, 145, 15, 32, 13, 1, 143, 113, 100, 95, 141, 56, 43, 40, 107, 147, 118, 11, 74, 55, 36, 131, 128, 78, 73, 140, 65, 127, 9, 85, 64, 132, 19, 122, 121, 137, 91, 117, 84]);
% time elapsed: 257.99 s
----------
%%%mzn-stat: initTime=0.08113513
%%%mzn-stat: objective=175
%%%mzn-stat: nodes=853316
%%%mzn-stat: restarts=196
%%%mzn-stat: peakDepth=2495
%%%mzn-stat: solveTime=250.899489618
%%%mzn-stat: variables=3340
%%%mzn-stat: propagators=14070
%%%mzn-stat: failures=528404
%%%mzn-stat: propagations=358142858
%%%mzn-stat: nogoods=528404
%%%mzn-stat: AverageConflictSize=14.99288801750176
%%%mzn-stat: NumUnitNogoodsLearned=136
%%%mzn-stat: AverageLearnedNogoodLength=44.186304418588804
%%%mzn-stat: AverageBacktrackAmount=0
%%%mzn-stat: AverageLbd=15.249602576816224
%%%mzn-stat-end
maxleg = 175;
succ = array1d(1..150,[81, 25, 146, 124, 35, 58, 88, 57, 23, 133, 38, 125, 136, 135, 20, 66, 80, 93, 34, 45, 75, 76, 18, 59, 3, 147, 21, 27, 89, 24, 44, 148, 98, 31, 77, 87, 42, 71, 104, 72, 142, 97, 50, 33, 94, 109, 61, 134, 70, 60, 52, 16, 110, 114, 41, 51, 96, 103, 129, 120, 79, 112, 115, 116, 130, 119, 144, 17, 101, 139, 83, 69, 37, 126, 92, 111, 123, 150, 5, 10, 105, 67, 108, 26, 39, 46, 54, 53, 22, 7, 8, 106, 68, 99, 49, 102, 14, 138, 29, 47, 28, 82, 90, 12, 4, 86, 149, 48, 6, 2, 63, 9, 145, 15, 32, 13, 1, 143, 113, 100, 95, 141, 56, 43, 40, 107, 62, 118, 11, 74, 55, 36, 131, 128, 78, 73, 140, 65, 127, 30, 85, 64, 132, 19, 122, 121, 137, 91, 117, 84]);
% time elapsed: 258.65 s
----------
%%%mzn-stat: initTime=0.08113513
%%%mzn-stat: objective=174
%%%mzn-stat: nodes=856189
%%%mzn-stat: restarts=197
%%%mzn-stat: peakDepth=2495
%%%mzn-stat: solveTime=251.008832531
%%%mzn-stat: variables=3340
%%%mzn-stat: propagators=14070
%%%mzn-stat: failures=528486
%%%mzn-stat: propagations=358283536
%%%mzn-stat: nogoods=528486
%%%mzn-stat: AverageConflictSize=14.99128642953645
%%%mzn-stat: NumUnitNogoodsLearned=136
%%%mzn-stat: AverageLearnedNogoodLength=44.18624334419455
%%%mzn-stat: AverageBacktrackAmount=0
%%%mzn-stat: AverageLbd=15.250125831147844
%%%mzn-stat-end
maxleg = 174;
succ = array1d(1..150,[81, 25, 146, 124, 35, 58, 88, 57, 23, 133, 38, 125, 136, 135, 20, 66, 80, 93, 34, 45, 75, 76, 18, 59, 3, 147, 21, 27, 87, 24, 44, 148, 98, 31, 77, 89, 42, 71, 104, 72, 142, 97, 50, 33, 94, 109, 61, 134, 70, 60, 52, 16, 110, 102, 41, 51, 96, 103, 129, 120, 79, 112, 115, 116, 130, 119, 144, 17, 101, 139, 83, 69, 37, 126, 92, 111, 123, 150, 5, 10, 105, 67, 108, 26, 39, 46, 54, 53, 22, 7, 8, 106, 68, 99, 49, 114, 14, 138, 29, 47, 28, 82, 90, 12, 4, 86, 149, 48, 6, 2, 63, 9, 145, 15, 32, 13, 1, 143, 113, 100, 95, 141, 56, 43, 40, 107, 62, 118, 11, 74, 55, 36, 131, 128, 78, 73, 140, 65, 127, 30, 85, 64, 132, 19, 122, 121, 137, 91, 117, 84]);
% time elapsed: 258.77 s
----------
%%%mzn-stat: initTime=0.08113513
%%%mzn-stat: objective=173
%%%mzn-stat: nodes=861510
%%%mzn-stat: restarts=199
%%%mzn-stat: peakDepth=2495
%%%mzn-stat: solveTime=251.799068263
%%%mzn-stat: variables=3340
%%%mzn-stat: propagators=14070
%%%mzn-stat: failures=530159
%%%mzn-stat: propagations=359695977
%%%mzn-stat: nogoods=530159
%%%mzn-stat: AverageConflictSize=14.97754258628072
%%%mzn-stat: NumUnitNogoodsLearned=136
%%%mzn-stat: AverageLearnedNogoodLength=44.15951252360141
%%%mzn-stat: AverageBacktrackAmount=0
%%%mzn-stat: AverageLbd=15.245813048538269
%%%mzn-stat-end
maxleg = 173;
succ = array1d(1..150,[81, 25, 146, 124, 51, 58, 88, 57, 23, 133, 38, 125, 136, 135, 20, 66, 80, 93, 34, 45, 75, 76, 18, 59, 3, 147, 12, 27, 87, 24, 44, 148, 98, 31, 77, 89, 42, 71, 90, 74, 142, 97, 35, 33, 94, 101, 61, 134, 70, 60, 52, 16, 110, 102, 41, 50, 96, 103, 129, 120, 79, 112, 115, 116, 144, 119, 138, 17, 104, 139, 83, 69, 37, 130, 92, 111, 123, 150, 5, 10, 105, 67, 108, 26, 39, 46, 54, 53, 22, 7, 8, 106, 68, 99, 49, 114, 14, 109, 29, 47, 28, 82, 72, 21, 4, 86, 149, 48, 6, 2, 63, 9, 145, 15, 32, 13, 1, 143, 113, 100, 95, 141, 56, 43, 40, 107, 62, 118, 11, 126, 55, 36, 131, 128, 78, 73, 140, 65, 127, 30, 85, 64, 132, 19, 122, 121, 137, 91, 117, 84]);
% time elapsed: 259.57 s
----------
%%%mzn-stat: initTime=0.08113513
%%%mzn-stat: objective=172
%%%mzn-stat: nodes=864976
%%%mzn-stat: restarts=201
%%%mzn-stat: peakDepth=2495
%%%mzn-stat: solveTime=252.111774373
%%%mzn-stat: variables=3340
%%%mzn-stat: propagators=14070
%%%mzn-stat: failures=530619
%%%mzn-stat: propagations=360205207
%%%mzn-stat: nogoods=530619
%%%mzn-stat: AverageConflictSize=14.970920754816545
%%%mzn-stat: NumUnitNogoodsLearned=136
%%%mzn-stat: AverageLearnedNogoodLength=44.16619080734011
%%%mzn-stat: AverageBacktrackAmount=0
%%%mzn-stat: AverageLbd=15.247831306455291
%%%mzn-stat-end
maxleg = 172;
succ = array1d(1..150,[81, 25, 146, 124, 51, 58, 88, 57, 23, 133, 38, 125, 136, 135, 20, 66, 80, 93, 34, 45, 75, 76, 18, 59, 3, 147, 12, 27, 87, 24, 44, 148, 98, 126, 77, 89, 42, 71, 90, 74, 142, 97, 35, 33, 94, 101, 61, 134, 70, 60, 52, 16, 110, 102, 41, 50, 96, 103, 129, 120, 79, 112, 115, 116, 31, 119, 138, 17, 104, 139, 83, 69, 37, 130, 106, 111, 123, 150, 5, 10, 105, 67, 108, 26, 39, 92, 54, 53, 22, 7, 8, 46, 68, 99, 49, 114, 14, 109, 29, 47, 28, 82, 72, 21, 4, 86, 149, 48, 6, 2, 63, 9, 145, 15, 32, 13, 1, 143, 113, 100, 95, 141, 56, 43, 40, 107, 62, 118, 11, 144, 55, 36, 131, 128, 78, 73, 140, 65, 127, 30, 85, 64, 132, 19, 122, 121, 137, 91, 117, 84]);
% time elapsed: 259.89 s
----------
%%%mzn-stat: initTime=0.08113513
%%%mzn-stat: objective=170
%%%mzn-stat: nodes=872023
%%%mzn-stat: restarts=211
%%%mzn-stat: peakDepth=2495
%%%mzn-stat: solveTime=252.926978082
%%%mzn-stat: variables=3340
%%%mzn-stat: propagators=14070
%%%mzn-stat: failures=531912
%%%mzn-stat: propagations=361433904
%%%mzn-stat: nogoods=531912
%%%mzn-stat: AverageConflictSize=14.955157996059498
%%%mzn-stat: NumUnitNogoodsLearned=136
%%%mzn-stat: AverageLearnedNogoodLength=44.16068071410309
%%%mzn-stat: AverageBacktrackAmount=0
%%%mzn-stat: AverageLbd=15.2530832167727
%%%mzn-stat-end
maxleg = 170;
succ = array1d(1..150,[81, 25, 146, 124, 51, 58, 88, 57, 23, 133, 38, 125, 136, 135, 20, 66, 80, 93, 34, 45, 75, 76, 18, 59, 3, 147, 12, 27, 87, 24, 44, 148, 98, 126, 77, 89, 42, 71, 90, 74, 142, 97, 35, 33, 94, 101, 61, 134, 70, 60, 52, 16, 110, 102, 41, 50, 96, 103, 129, 120, 79, 112, 115, 116, 31, 119, 138, 17, 104, 95, 83, 69, 111, 130, 106, 73, 123, 150, 5, 10, 105, 67, 108, 26, 39, 92, 54, 53, 22, 7, 8, 46, 68, 99, 139, 114, 14, 109, 29, 47, 28, 82, 72, 21, 4, 86, 149, 48, 6, 2, 63, 9, 145, 15, 32, 13, 1, 143, 113, 100, 49, 141, 56, 43, 40, 107, 62, 118, 11, 144, 55, 36, 131, 128, 78, 37, 140, 65, 127, 30, 85, 64, 132, 19, 122, 121, 137, 91, 117, 84]);
% time elapsed: 260.72 s
----------
%%%mzn-stat: initTime=0.08113513
%%%mzn-stat: objective=170
%%%mzn-stat: nodes=6956008
%%%mzn-stat: restarts=8015
%%%mzn-stat: peakDepth=2495
%%%mzn-stat: solveTime=1792.699116492
%%%mzn-stat: variables=3340
%%%mzn-stat: propagators=14070
%%%mzn-stat: failures=3582996
%%%mzn-stat: propagations=2157997322
%%%mzn-stat: nogoods=3582996
%%%mzn-stat: AverageConflictSize=12.350423221237198
%%%mzn-stat: NumUnitNogoodsLearned=136
%%%mzn-stat: AverageLearnedNogoodLength=40.47813952346026
%%%mzn-stat: AverageBacktrackAmount=0
%%%mzn-stat: AverageLbd=13.810560491834208
%%%mzn-stat-end
