%%%mzn-stat: initTime=0.006626299
%%%mzn-stat: objective=304
%%%mzn-stat: nodes=49026
%%%mzn-stat: restarts=28
%%%mzn-stat: peakDepth=280
%%%mzn-stat: solveTime=5.218893003
%%%mzn-stat: variables=666
%%%mzn-stat: propagators=446
%%%mzn-stat: failures=31992
%%%mzn-stat: propagations=910688
%%%mzn-stat: nogoods=31992
%%%mzn-stat: AverageConflictSize=12.437265566391599
%%%mzn-stat: NumUnitNogoodsLearned=303
%%%mzn-stat: AverageLearnedNogoodLength=18.975900225056265
%%%mzn-stat: AverageBacktrackAmount=0
%%%mzn-stat: AverageLbd=10.87137409352338
%%%mzn-stat-end
maxleg = 304;
succ = array1d(1..50,[27, 34, 12, 13, 29, 47, 50, 26, 44, 33, 4, 32, 48, 8, 35, 25, 22, 1, 40, 37, 3, 45, 7, 15, 39, 49, 5, 17, 36, 21, 46, 28, 14, 38, 42, 2, 10, 24, 31, 9, 30, 23, 19, 41, 16, 20, 18, 6, 11, 43]);
% time elapsed: 6.64 s
----------
==========
% time elapsed: 6.64 s
%%%mzn-stat: initTime=0.006626299
%%%mzn-stat: objective=304
%%%mzn-stat: nodes=49026
%%%mzn-stat: restarts=28
%%%mzn-stat: peakDepth=280
%%%mzn-stat: solveTime=5.21889659
%%%mzn-stat: variables=666
%%%mzn-stat: propagators=446
%%%mzn-stat: failures=31992
%%%mzn-stat: propagations=910688
%%%mzn-stat: nogoods=31992
%%%mzn-stat: AverageConflictSize=12.437265566391599
%%%mzn-stat: NumUnitNogoodsLearned=303
%%%mzn-stat: AverageLearnedNogoodLength=18.975900225056265
%%%mzn-stat: AverageBacktrackAmount=0
%%%mzn-stat: AverageLbd=10.87137409352338
%%%mzn-stat-end
