% Logging successfully configured
=====UNKNOWN=====
% time elapsed: 300.05 s
%%%mzn-stat: initTime=0.027190219
%%%mzn-stat: nodes=348560
%%%mzn-stat: restarts=0
%%%mzn-stat: peakDepth=90
%%%mzn-stat: solveTime=296.533031959
%%%mzn-stat: variables=2741
%%%mzn-stat: propagators=12991
%%%mzn-stat: failures=300455
%%%mzn-stat: propagations=516712663
%%%mzn-stat: nogoods=300455
%%%mzn-stat: numAtomicConstraintsPropagated=0
%%%mzn-stat: circuitNumber11176PropagationsThatFoundConflict=365
%%%mzn-stat: circuitNumber11176TotalFixedEdgesAtConflict=45940
%%%mzn-stat: circuitNumber11176NumberOfConflicts=365
%%%mzn-stat: circuitNumber11176PropagationsThatPruned=27275
%%%mzn-stat: circuitNumber11176PropagationsTotal=311108
%%%mzn-stat: AverageConflictSize=21.528771363432128
%%%mzn-stat: NumUnitNogoodsLearned=0
%%%mzn-stat: AverageLearnedNogoodLength=77.30064402323143
%%%mzn-stat: AverageBacktrackAmount=0
%%%mzn-stat: AverageLbd=38.193466575693535
%%%mzn-stat: 2AutonomousSearchNumBackupCalled=0
%%%mzn-stat: 2AutonomousSearchNumPredicatesRemoved=0
%%%mzn-stat: 2AutonomousSearchNumCalls=0
%%%mzn-stat: 2AutonomousSearchNumPredicatesAdded=7584
%%%mzn-stat: 2AutonomousSearchAverageSizeOfHeap=0
%%%mzn-stat: 2AutonomousSearchNumAssignedPredicatesEncountered=0
%%%mzn-stat-end
