%%%mzn-stat: initTime=0.017669375
%%%mzn-stat: objective=595
%%%mzn-stat: nodes=20558
%%%mzn-stat: restarts=10
%%%mzn-stat: peakDepth=772
%%%mzn-stat: solveTime=5.108349587
%%%mzn-stat: variables=1578
%%%mzn-stat: propagators=2423
%%%mzn-stat: failures=11659
%%%mzn-stat: propagations=3242092
%%%mzn-stat: nogoods=11659
%%%mzn-stat: AverageConflictSize=48.76327300797667
%%%mzn-stat: NumUnitNogoodsLearned=220
%%%mzn-stat: AverageLearnedNogoodLength=141.2431597907196
%%%mzn-stat: AverageBacktrackAmount=0
%%%mzn-stat: AverageLbd=13.716785316064843
%%%mzn-stat-end
maxleg = 595;
succ = array1d(1..50,[19, 31, 28, 3, 25, 11, 14, 39, 7, 15, 29, 24, 47, 37, 9, 34, 22, 1, 42, 4, 45, 26, 12, 48, 16, 30, 32, 2, 21, 27, 43, 8, 18, 49, 36, 33, 41, 17, 40, 46, 38, 5, 44, 35, 13, 23, 50, 6, 10, 20]);
% time elapsed: 5.49 s
----------
%%%mzn-stat: initTime=0.017669375
%%%mzn-stat: objective=594
%%%mzn-stat: nodes=21643
%%%mzn-stat: restarts=11
%%%mzn-stat: peakDepth=954
%%%mzn-stat: solveTime=5.15240322
%%%mzn-stat: variables=1578
%%%mzn-stat: propagators=2423
%%%mzn-stat: failures=11710
%%%mzn-stat: propagations=3264269
%%%mzn-stat: nogoods=11710
%%%mzn-stat: AverageConflictSize=48.71298035866781
%%%mzn-stat: NumUnitNogoodsLearned=220
%%%mzn-stat: AverageLearnedNogoodLength=141.21750640478223
%%%mzn-stat: AverageBacktrackAmount=0
%%%mzn-stat: AverageLbd=13.732792485055509
%%%mzn-stat-end
maxleg = 594;
succ = array1d(1..50,[19, 31, 28, 3, 25, 11, 14, 12, 7, 15, 39, 24, 47, 37, 9, 34, 22, 1, 42, 4, 45, 26, 32, 48, 16, 30, 29, 2, 21, 27, 43, 8, 18, 49, 36, 33, 41, 17, 40, 46, 38, 6, 44, 35, 13, 23, 50, 5, 10, 20]);
% time elapsed: 5.53 s
----------
%%%mzn-stat: initTime=0.017669375
%%%mzn-stat: objective=589
%%%mzn-stat: nodes=23021
%%%mzn-stat: restarts=12
%%%mzn-stat: peakDepth=954
%%%mzn-stat: solveTime=5.242353018
%%%mzn-stat: variables=1578
%%%mzn-stat: propagators=2423
%%%mzn-stat: failures=11997
%%%mzn-stat: propagations=3361095
%%%mzn-stat: nogoods=11997
%%%mzn-stat: AverageConflictSize=47.844627823622574
%%%mzn-stat: NumUnitNogoodsLearned=220
%%%mzn-stat: AverageLearnedNogoodLength=139.54055180461782
%%%mzn-stat: AverageBacktrackAmount=0
%%%mzn-stat: AverageLbd=13.692756522463949
%%%mzn-stat-end
maxleg = 589;
succ = array1d(1..50,[19, 31, 28, 3, 25, 11, 14, 12, 7, 15, 39, 24, 47, 37, 9, 34, 22, 1, 42, 4, 45, 26, 32, 48, 16, 30, 29, 2, 21, 27, 43, 8, 18, 49, 36, 33, 41, 17, 40, 46, 38, 6, 44, 35, 13, 23, 50, 5, 10, 20]);
% time elapsed: 5.62 s
----------
%%%mzn-stat: initTime=0.017669375
%%%mzn-stat: objective=581
%%%mzn-stat: nodes=25286
%%%mzn-stat: restarts=13
%%%mzn-stat: peakDepth=954
%%%mzn-stat: solveTime=5.598908068
%%%mzn-stat: variables=1578
%%%mzn-stat: propagators=2423
%%%mzn-stat: failures=12773
%%%mzn-stat: propagations=3613345
%%%mzn-stat: nogoods=12773
%%%mzn-stat: AverageConflictSize=47.410475221169655
%%%mzn-stat: NumUnitNogoodsLearned=220
%%%mzn-stat: AverageLearnedNogoodLength=137.7792217959759
%%%mzn-stat: AverageBacktrackAmount=0
%%%mzn-stat: AverageLbd=13.680576215454474
%%%mzn-stat-end
maxleg = 581;
succ = array1d(1..50,[19, 31, 28, 3, 25, 11, 14, 39, 7, 15, 47, 24, 45, 37, 9, 34, 13, 1, 42, 4, 30, 26, 12, 48, 16, 29, 32, 2, 21, 27, 43, 8, 18, 49, 36, 33, 41, 17, 40, 46, 38, 6, 44, 35, 20, 23, 50, 5, 10, 22]);
% time elapsed: 5.98 s
----------
%%%mzn-stat: initTime=0.017669375
%%%mzn-stat: objective=529
%%%mzn-stat: nodes=26525
%%%mzn-stat: restarts=15
%%%mzn-stat: peakDepth=954
%%%mzn-stat: solveTime=5.627327957
%%%mzn-stat: variables=1578
%%%mzn-stat: propagators=2423
%%%mzn-stat: failures=12835
%%%mzn-stat: propagations=3642394
%%%mzn-stat: nogoods=12835
%%%mzn-stat: AverageConflictSize=47.226879626022594
%%%mzn-stat: NumUnitNogoodsLearned=220
%%%mzn-stat: AverageLearnedNogoodLength=137.40148032723022
%%%mzn-stat: AverageBacktrackAmount=0
%%%mzn-stat: AverageLbd=13.80607713283989
%%%mzn-stat-end
maxleg = 529;
succ = array1d(1..50,[19, 31, 28, 3, 25, 11, 14, 30, 7, 15, 39, 24, 45, 37, 9, 34, 13, 1, 32, 4, 22, 26, 12, 48, 16, 42, 47, 2, 21, 27, 43, 8, 18, 49, 36, 33, 41, 17, 40, 46, 38, 6, 44, 35, 20, 23, 50, 5, 10, 29]);
% time elapsed: 6.01 s
----------
%%%mzn-stat: initTime=0.017669375
%%%mzn-stat: objective=527
%%%mzn-stat: nodes=29204
%%%mzn-stat: restarts=16
%%%mzn-stat: peakDepth=959
%%%mzn-stat: solveTime=6.182788592
%%%mzn-stat: variables=1578
%%%mzn-stat: propagators=2423
%%%mzn-stat: failures=13994
%%%mzn-stat: propagations=3951907
%%%mzn-stat: nogoods=13994
%%%mzn-stat: AverageConflictSize=47.22295269401172
%%%mzn-stat: NumUnitNogoodsLearned=220
%%%mzn-stat: AverageLearnedNogoodLength=135.45605259396885
%%%mzn-stat: AverageBacktrackAmount=0
%%%mzn-stat: AverageLbd=13.653351436329856
%%%mzn-stat-end
maxleg = 527;
succ = array1d(1..50,[19, 31, 28, 3, 25, 11, 14, 30, 7, 15, 39, 24, 45, 37, 9, 34, 13, 1, 32, 4, 22, 26, 12, 48, 33, 41, 47, 2, 21, 27, 43, 8, 18, 44, 36, 10, 42, 17, 40, 46, 38, 6, 49, 35, 20, 23, 50, 5, 16, 29]);
% time elapsed: 6.57 s
----------
%%%mzn-stat: initTime=0.017669375
%%%mzn-stat: objective=507
%%%mzn-stat: nodes=33540
%%%mzn-stat: restarts=17
%%%mzn-stat: peakDepth=971
%%%mzn-stat: solveTime=6.695892973
%%%mzn-stat: variables=1578
%%%mzn-stat: propagators=2423
%%%mzn-stat: failures=16522
%%%mzn-stat: propagations=4559266
%%%mzn-stat: nogoods=16522
%%%mzn-stat: AverageConflictSize=41.70039946737683
%%%mzn-stat: NumUnitNogoodsLearned=220
%%%mzn-stat: AverageLearnedNogoodLength=121.2421619658637
%%%mzn-stat: AverageBacktrackAmount=0
%%%mzn-stat: AverageLbd=12.820723883307105
%%%mzn-stat-end
maxleg = 507;
succ = array1d(1..50,[19, 31, 28, 3, 25, 11, 14, 30, 7, 15, 39, 24, 45, 37, 9, 34, 13, 1, 32, 4, 22, 26, 12, 48, 33, 41, 47, 2, 21, 27, 43, 8, 18, 44, 36, 10, 42, 17, 40, 46, 38, 6, 49, 35, 20, 23, 50, 5, 16, 29]);
% time elapsed: 7.08 s
----------
%%%mzn-stat: initTime=0.017669375
%%%mzn-stat: objective=506
%%%mzn-stat: nodes=34929
%%%mzn-stat: restarts=18
%%%mzn-stat: peakDepth=971
%%%mzn-stat: solveTime=6.824207015
%%%mzn-stat: variables=1578
%%%mzn-stat: propagators=2423
%%%mzn-stat: failures=16759
%%%mzn-stat: propagations=4655493
%%%mzn-stat: nogoods=16759
%%%mzn-stat: AverageConflictSize=41.65684110030431
%%%mzn-stat: NumUnitNogoodsLearned=220
%%%mzn-stat: AverageLearnedNogoodLength=121.21779342442866
%%%mzn-stat: AverageBacktrackAmount=0
%%%mzn-stat: AverageLbd=12.805835670386061
%%%mzn-stat-end
maxleg = 506;
succ = array1d(1..50,[19, 31, 28, 3, 25, 11, 14, 30, 7, 15, 39, 24, 45, 37, 9, 34, 13, 1, 32, 4, 22, 26, 12, 48, 33, 41, 47, 2, 21, 27, 43, 8, 18, 44, 36, 10, 42, 17, 40, 46, 38, 6, 49, 35, 20, 23, 50, 5, 16, 29]);
% time elapsed: 7.21 s
----------
%%%mzn-stat: initTime=0.017669375
%%%mzn-stat: objective=499
%%%mzn-stat: nodes=36453
%%%mzn-stat: restarts=19
%%%mzn-stat: peakDepth=971
%%%mzn-stat: solveTime=6.991955093
%%%mzn-stat: variables=1578
%%%mzn-stat: propagators=2423
%%%mzn-stat: failures=17034
%%%mzn-stat: propagations=4728272
%%%mzn-stat: nogoods=17034
%%%mzn-stat: AverageConflictSize=42.304097686978984
%%%mzn-stat: NumUnitNogoodsLearned=220
%%%mzn-stat: AverageLearnedNogoodLength=122.06698367969942
%%%mzn-stat: AverageBacktrackAmount=0
%%%mzn-stat: AverageLbd=12.808852882470353
%%%mzn-stat-end
maxleg = 499;
succ = array1d(1..50,[19, 31, 28, 3, 25, 11, 14, 30, 7, 15, 39, 24, 45, 37, 9, 34, 13, 1, 32, 4, 22, 26, 12, 48, 33, 41, 47, 2, 21, 27, 43, 8, 18, 44, 36, 10, 42, 17, 40, 46, 38, 6, 49, 35, 20, 23, 50, 5, 16, 29]);
% time elapsed: 7.38 s
----------
%%%mzn-stat: initTime=0.017669375
%%%mzn-stat: objective=492
%%%mzn-stat: nodes=38952
%%%mzn-stat: restarts=20
%%%mzn-stat: peakDepth=971
%%%mzn-stat: solveTime=7.5016485920000004
%%%mzn-stat: variables=1578
%%%mzn-stat: propagators=2423
%%%mzn-stat: failures=17885
%%%mzn-stat: propagations=4927497
%%%mzn-stat: nogoods=17885
%%%mzn-stat: AverageConflictSize=43.91803187028236
%%%mzn-stat: NumUnitNogoodsLearned=220
%%%mzn-stat: AverageLearnedNogoodLength=124.25826111266424
%%%mzn-stat: AverageBacktrackAmount=0
%%%mzn-stat: AverageLbd=12.731059547106513
%%%mzn-stat-end
maxleg = 492;
succ = array1d(1..50,[19, 31, 28, 3, 25, 11, 14, 30, 7, 15, 39, 24, 45, 37, 9, 34, 13, 1, 32, 4, 22, 26, 12, 48, 33, 41, 47, 2, 21, 27, 43, 8, 18, 44, 36, 10, 42, 17, 40, 46, 38, 6, 49, 35, 20, 23, 50, 5, 16, 29]);
% time elapsed: 7.90 s
----------
%%%mzn-stat: initTime=0.017669375
%%%mzn-stat: objective=490
%%%mzn-stat: nodes=48943
%%%mzn-stat: restarts=21
%%%mzn-stat: peakDepth=971
%%%mzn-stat: solveTime=9.749572952
%%%mzn-stat: variables=1578
%%%mzn-stat: propagators=2423
%%%mzn-stat: failures=24715
%%%mzn-stat: propagations=6520035
%%%mzn-stat: nogoods=24715
%%%mzn-stat: AverageConflictSize=38.73356261379729
%%%mzn-stat: NumUnitNogoodsLearned=220
%%%mzn-stat: AverageLearnedNogoodLength=112.55529030952863
%%%mzn-stat: AverageBacktrackAmount=0
%%%mzn-stat: AverageLbd=12.093667813068986
%%%mzn-stat-end
maxleg = 490;
succ = array1d(1..50,[19, 31, 28, 3, 25, 11, 14, 30, 7, 15, 39, 24, 45, 37, 9, 34, 13, 1, 32, 4, 22, 26, 12, 48, 33, 41, 47, 2, 21, 27, 43, 8, 18, 44, 36, 10, 42, 17, 40, 46, 38, 6, 49, 35, 20, 23, 50, 5, 16, 29]);
% time elapsed: 10.15 s
----------
%%%mzn-stat: initTime=0.017669375
%%%mzn-stat: objective=472
%%%mzn-stat: nodes=50260
%%%mzn-stat: restarts=22
%%%mzn-stat: peakDepth=991
%%%mzn-stat: solveTime=9.899749491
%%%mzn-stat: variables=1578
%%%mzn-stat: propagators=2423
%%%mzn-stat: failures=24926
%%%mzn-stat: propagations=6562424
%%%mzn-stat: nogoods=24926
%%%mzn-stat: AverageConflictSize=39.149041161839044
%%%mzn-stat: NumUnitNogoodsLearned=220
%%%mzn-stat: AverageLearnedNogoodLength=113.35990531974645
%%%mzn-stat: AverageBacktrackAmount=0
%%%mzn-stat: AverageLbd=12.086054721977051
%%%mzn-stat-end
maxleg = 472;
succ = array1d(1..50,[19, 31, 28, 3, 25, 11, 14, 30, 7, 15, 39, 24, 45, 37, 9, 34, 13, 1, 32, 4, 22, 26, 12, 48, 33, 41, 47, 2, 21, 27, 43, 8, 18, 44, 36, 10, 42, 17, 40, 46, 38, 6, 49, 35, 20, 23, 50, 5, 16, 29]);
% time elapsed: 10.30 s
----------
%%%mzn-stat: initTime=0.017669375
%%%mzn-stat: objective=453
%%%mzn-stat: nodes=51366
%%%mzn-stat: restarts=23
%%%mzn-stat: peakDepth=991
%%%mzn-stat: solveTime=9.957467134
%%%mzn-stat: variables=1578
%%%mzn-stat: propagators=2423
%%%mzn-stat: failures=25013
%%%mzn-stat: propagations=6589261
%%%mzn-stat: nogoods=25013
%%%mzn-stat: AverageConflictSize=39.20497341382481
%%%mzn-stat: NumUnitNogoodsLearned=220
%%%mzn-stat: AverageLearnedNogoodLength=113.40251069443889
%%%mzn-stat: AverageBacktrackAmount=0
%%%mzn-stat: AverageLbd=12.09295166513413
%%%mzn-stat-end
maxleg = 453;
succ = array1d(1..50,[19, 31, 28, 3, 25, 11, 14, 30, 7, 15, 39, 24, 45, 37, 9, 34, 13, 1, 32, 4, 22, 26, 12, 48, 33, 41, 47, 2, 21, 27, 43, 8, 18, 44, 36, 10, 42, 17, 40, 46, 38, 6, 49, 35, 20, 23, 50, 5, 16, 29]);
% time elapsed: 10.36 s
----------
%%%mzn-stat: initTime=0.017669375
%%%mzn-stat: objective=452
%%%mzn-stat: nodes=52430
%%%mzn-stat: restarts=24
%%%mzn-stat: peakDepth=991
%%%mzn-stat: solveTime=10.014619774
%%%mzn-stat: variables=1578
%%%mzn-stat: propagators=2423
%%%mzn-stat: failures=25071
%%%mzn-stat: propagations=6615371
%%%mzn-stat: nogoods=25071
%%%mzn-stat: AverageConflictSize=39.29304774440589
%%%mzn-stat: NumUnitNogoodsLearned=220
%%%mzn-stat: AverageLearnedNogoodLength=113.52841928921862
%%%mzn-stat: AverageBacktrackAmount=0
%%%mzn-stat: AverageLbd=12.102309441187028
%%%mzn-stat-end
maxleg = 452;
succ = array1d(1..50,[19, 31, 28, 3, 25, 11, 14, 30, 7, 15, 39, 24, 45, 37, 9, 34, 13, 1, 32, 4, 22, 26, 12, 48, 33, 41, 47, 2, 21, 27, 43, 8, 18, 44, 36, 10, 42, 17, 40, 46, 38, 6, 49, 35, 20, 23, 50, 5, 16, 29]);
% time elapsed: 10.42 s
----------
%%%mzn-stat: initTime=0.017669375
%%%mzn-stat: objective=451
%%%mzn-stat: nodes=57868
%%%mzn-stat: restarts=25
%%%mzn-stat: peakDepth=991
%%%mzn-stat: solveTime=12.30390221
%%%mzn-stat: variables=1578
%%%mzn-stat: propagators=2423
%%%mzn-stat: failures=28333
%%%mzn-stat: propagations=7399360
%%%mzn-stat: nogoods=28333
%%%mzn-stat: AverageConflictSize=45.25973246744079
%%%mzn-stat: NumUnitNogoodsLearned=220
%%%mzn-stat: AverageLearnedNogoodLength=126.47188790456359
%%%mzn-stat: AverageBacktrackAmount=0
%%%mzn-stat: AverageLbd=11.974093812868386
%%%mzn-stat-end
maxleg = 451;
succ = array1d(1..50,[19, 31, 28, 3, 25, 11, 14, 30, 7, 15, 39, 24, 45, 37, 9, 34, 13, 1, 32, 4, 22, 26, 12, 48, 33, 41, 47, 2, 21, 27, 43, 8, 18, 44, 36, 10, 42, 17, 40, 46, 38, 6, 49, 35, 20, 23, 50, 5, 16, 29]);
% time elapsed: 12.72 s
----------
%%%mzn-stat: initTime=0.017669375
%%%mzn-stat: objective=449
%%%mzn-stat: nodes=59879
%%%mzn-stat: restarts=26
%%%mzn-stat: peakDepth=991
%%%mzn-stat: solveTime=12.781242054
%%%mzn-stat: variables=1578
%%%mzn-stat: propagators=2423
%%%mzn-stat: failures=29095
%%%mzn-stat: propagations=7560782
%%%mzn-stat: nogoods=29095
%%%mzn-stat: AverageConflictSize=46.10847224609039
%%%mzn-stat: NumUnitNogoodsLearned=220
%%%mzn-stat: AverageLearnedNogoodLength=128.20199346966834
%%%mzn-stat: AverageBacktrackAmount=0
%%%mzn-stat: AverageLbd=11.946623131122186
%%%mzn-stat-end
maxleg = 449;
succ = array1d(1..50,[19, 31, 28, 3, 25, 11, 14, 30, 7, 15, 39, 24, 45, 37, 9, 34, 13, 1, 32, 4, 22, 26, 12, 48, 33, 41, 47, 2, 21, 27, 43, 8, 18, 44, 36, 10, 42, 17, 40, 46, 38, 6, 49, 35, 20, 23, 50, 5, 16, 29]);
% time elapsed: 13.20 s
----------
%%%mzn-stat: initTime=0.017669375
%%%mzn-stat: objective=447
%%%mzn-stat: nodes=61089
%%%mzn-stat: restarts=27
%%%mzn-stat: peakDepth=991
%%%mzn-stat: solveTime=12.872127266
%%%mzn-stat: variables=1578
%%%mzn-stat: propagators=2423
%%%mzn-stat: failures=29216
%%%mzn-stat: propagations=7602915
%%%mzn-stat: nogoods=29216
%%%mzn-stat: AverageConflictSize=46.24599534501643
%%%mzn-stat: NumUnitNogoodsLearned=220
%%%mzn-stat: AverageLearnedNogoodLength=128.50243017524645
%%%mzn-stat: AverageBacktrackAmount=0
%%%mzn-stat: AverageLbd=11.952252190580504
%%%mzn-stat-end
maxleg = 447;
succ = array1d(1..50,[19, 31, 28, 3, 25, 11, 14, 30, 7, 15, 39, 24, 45, 37, 9, 34, 13, 1, 32, 4, 22, 26, 12, 48, 33, 41, 47, 2, 21, 27, 43, 8, 18, 44, 36, 10, 42, 17, 40, 46, 38, 6, 49, 35, 20, 23, 50, 5, 16, 29]);
% time elapsed: 13.29 s
----------
%%%mzn-stat: initTime=0.017669375
%%%mzn-stat: objective=445
%%%mzn-stat: nodes=62132
%%%mzn-stat: restarts=28
%%%mzn-stat: peakDepth=991
%%%mzn-stat: solveTime=12.918563842
%%%mzn-stat: variables=1578
%%%mzn-stat: propagators=2423
%%%mzn-stat: failures=29278
%%%mzn-stat: propagations=7628429
%%%mzn-stat: nogoods=29278
%%%mzn-stat: AverageConflictSize=46.28133752305485
%%%mzn-stat: NumUnitNogoodsLearned=220
%%%mzn-stat: AverageLearnedNogoodLength=128.5832365598743
%%%mzn-stat: AverageBacktrackAmount=0
%%%mzn-stat: AverageLbd=11.956383632761801
%%%mzn-stat-end
maxleg = 445;
succ = array1d(1..50,[19, 31, 28, 3, 25, 11, 14, 30, 7, 15, 39, 24, 45, 37, 9, 34, 13, 1, 32, 4, 22, 26, 12, 48, 33, 41, 47, 2, 21, 27, 43, 8, 18, 44, 36, 10, 42, 17, 40, 46, 38, 6, 49, 35, 20, 23, 50, 5, 16, 29]);
% time elapsed: 13.34 s
----------
%%%mzn-stat: initTime=0.017669375
%%%mzn-stat: objective=441
%%%mzn-stat: nodes=64032
%%%mzn-stat: restarts=31
%%%mzn-stat: peakDepth=991
%%%mzn-stat: solveTime=12.997371539
%%%mzn-stat: variables=1578
%%%mzn-stat: propagators=2423
%%%mzn-stat: failures=29434
%%%mzn-stat: propagations=7698483
%%%mzn-stat: nogoods=29434
%%%mzn-stat: AverageConflictSize=46.141638920975744
%%%mzn-stat: NumUnitNogoodsLearned=220
%%%mzn-stat: AverageLearnedNogoodLength=128.36760209281783
%%%mzn-stat: AverageBacktrackAmount=0
%%%mzn-stat: AverageLbd=12.016375620031257
%%%mzn-stat-end
maxleg = 441;
succ = array1d(1..50,[19, 31, 28, 3, 25, 11, 14, 30, 7, 15, 39, 24, 45, 37, 9, 34, 13, 1, 32, 4, 22, 26, 12, 48, 33, 41, 47, 2, 21, 27, 43, 8, 18, 44, 10, 35, 42, 17, 40, 46, 38, 6, 49, 36, 20, 23, 50, 5, 16, 29]);
% time elapsed: 13.42 s
----------
%%%mzn-stat: initTime=0.017669375
%%%mzn-stat: objective=433
%%%mzn-stat: nodes=66654
%%%mzn-stat: restarts=34
%%%mzn-stat: peakDepth=991
%%%mzn-stat: solveTime=13.16222051
%%%mzn-stat: variables=1578
%%%mzn-stat: propagators=2423
%%%mzn-stat: failures=29704
%%%mzn-stat: propagations=7781525
%%%mzn-stat: nogoods=29704
%%%mzn-stat: AverageConflictSize=46.238722057635336
%%%mzn-stat: NumUnitNogoodsLearned=220
%%%mzn-stat: AverageLearnedNogoodLength=128.61183678965796
%%%mzn-stat: AverageBacktrackAmount=0
%%%mzn-stat: AverageLbd=12.064334769727983
%%%mzn-stat-end
maxleg = 433;
succ = array1d(1..50,[19, 31, 28, 3, 25, 11, 14, 30, 10, 36, 39, 24, 45, 37, 17, 34, 13, 1, 32, 4, 22, 26, 12, 48, 33, 15, 47, 2, 21, 27, 43, 8, 18, 44, 7, 35, 42, 9, 40, 46, 38, 6, 49, 41, 20, 23, 50, 5, 16, 29]);
% time elapsed: 13.59 s
----------
%%%mzn-stat: initTime=0.017669375
%%%mzn-stat: objective=423
%%%mzn-stat: nodes=67727
%%%mzn-stat: restarts=35
%%%mzn-stat: peakDepth=991
%%%mzn-stat: solveTime=13.222332823
%%%mzn-stat: variables=1578
%%%mzn-stat: propagators=2423
%%%mzn-stat: failures=29755
%%%mzn-stat: propagations=7805110
%%%mzn-stat: nogoods=29755
%%%mzn-stat: AverageConflictSize=46.30035288186859
%%%mzn-stat: NumUnitNogoodsLearned=220
%%%mzn-stat: AverageLearnedNogoodLength=128.77381952613007
%%%mzn-stat: AverageBacktrackAmount=0
%%%mzn-stat: AverageLbd=12.070811628297765
%%%mzn-stat-end
maxleg = 423;
succ = array1d(1..50,[19, 31, 28, 11, 25, 1, 14, 30, 10, 36, 39, 24, 45, 37, 17, 34, 13, 3, 32, 4, 22, 26, 12, 48, 33, 15, 47, 2, 21, 27, 43, 8, 18, 44, 7, 35, 42, 9, 40, 46, 38, 6, 49, 41, 20, 23, 50, 5, 16, 29]);
% time elapsed: 13.66 s
----------
%%%mzn-stat: initTime=0.017669375
%%%mzn-stat: objective=412
%%%mzn-stat: nodes=69664
%%%mzn-stat: restarts=38
%%%mzn-stat: peakDepth=991
%%%mzn-stat: solveTime=13.339151835
%%%mzn-stat: variables=1578
%%%mzn-stat: propagators=2423
%%%mzn-stat: failures=29978
%%%mzn-stat: propagations=7898196
%%%mzn-stat: nogoods=29978
%%%mzn-stat: AverageConflictSize=46.16191874040963
%%%mzn-stat: NumUnitNogoodsLearned=220
%%%mzn-stat: AverageLearnedNogoodLength=128.5798919207419
%%%mzn-stat: AverageBacktrackAmount=0
%%%mzn-stat: AverageLbd=12.113449863233038
%%%mzn-stat-end
maxleg = 412;
succ = array1d(1..50,[19, 28, 41, 11, 25, 1, 14, 30, 10, 44, 39, 24, 45, 37, 17, 36, 13, 3, 32, 4, 22, 26, 12, 48, 33, 15, 47, 7, 21, 27, 43, 8, 18, 2, 34, 35, 42, 9, 40, 46, 38, 6, 49, 31, 20, 23, 50, 5, 16, 29]);
% time elapsed: 13.78 s
----------
%%%mzn-stat: initTime=0.017669375
%%%mzn-stat: objective=407
%%%mzn-stat: nodes=70592
%%%mzn-stat: restarts=39
%%%mzn-stat: peakDepth=991
%%%mzn-stat: solveTime=13.358285024
%%%mzn-stat: variables=1578
%%%mzn-stat: propagators=2423
%%%mzn-stat: failures=29994
%%%mzn-stat: propagations=7909280
%%%mzn-stat: nogoods=29994
%%%mzn-stat: AverageConflictSize=46.152397146095886
%%%mzn-stat: NumUnitNogoodsLearned=220
%%%mzn-stat: AverageLearnedNogoodLength=128.56414616256583
%%%mzn-stat: AverageBacktrackAmount=0
%%%mzn-stat: AverageLbd=12.111088884443555
%%%mzn-stat-end
maxleg = 407;
succ = array1d(1..50,[19, 28, 41, 11, 48, 1, 14, 30, 10, 44, 39, 25, 45, 37, 17, 36, 13, 3, 32, 4, 22, 26, 12, 5, 24, 15, 47, 7, 21, 27, 43, 8, 18, 2, 34, 35, 42, 9, 40, 46, 38, 6, 49, 31, 20, 23, 50, 33, 16, 29]);
% time elapsed: 13.80 s
----------
%%%mzn-stat: initTime=0.017669375
%%%mzn-stat: objective=406
%%%mzn-stat: nodes=75584
%%%mzn-stat: restarts=40
%%%mzn-stat: peakDepth=991
%%%mzn-stat: solveTime=15.302015175
%%%mzn-stat: variables=1578
%%%mzn-stat: propagators=2423
%%%mzn-stat: failures=32772
%%%mzn-stat: propagations=8522068
%%%mzn-stat: nogoods=32772
%%%mzn-stat: AverageConflictSize=51.64735139753448
%%%mzn-stat: NumUnitNogoodsLearned=220
%%%mzn-stat: AverageLearnedNogoodLength=135.54674722323935
%%%mzn-stat: AverageBacktrackAmount=0
%%%mzn-stat: AverageLbd=11.931221774685707
%%%mzn-stat-end
maxleg = 406;
succ = array1d(1..50,[19, 28, 41, 30, 48, 1, 14, 11, 10, 44, 39, 25, 45, 37, 17, 36, 13, 3, 32, 9, 22, 26, 12, 5, 24, 15, 47, 7, 21, 27, 43, 8, 18, 2, 34, 35, 42, 4, 40, 46, 38, 6, 49, 31, 20, 23, 50, 33, 16, 29]);
% time elapsed: 15.75 s
----------
%%%mzn-stat: initTime=0.017669375
%%%mzn-stat: objective=404
%%%mzn-stat: nodes=77227
%%%mzn-stat: restarts=41
%%%mzn-stat: peakDepth=991
%%%mzn-stat: solveTime=15.49543322
%%%mzn-stat: variables=1578
%%%mzn-stat: propagators=2423
%%%mzn-stat: failures=33378
%%%mzn-stat: propagations=8732970
%%%mzn-stat: nogoods=33378
%%%mzn-stat: AverageConflictSize=51.030199532626284
%%%mzn-stat: NumUnitNogoodsLearned=220
%%%mzn-stat: AverageLearnedNogoodLength=133.8957097489364
%%%mzn-stat: AverageBacktrackAmount=0
%%%mzn-stat: AverageLbd=11.911678351009646
%%%mzn-stat-end
maxleg = 404;
succ = array1d(1..50,[19, 28, 41, 30, 48, 1, 14, 11, 10, 44, 39, 25, 45, 37, 17, 36, 13, 3, 32, 9, 22, 26, 12, 5, 24, 15, 47, 7, 21, 27, 43, 8, 18, 2, 34, 35, 42, 4, 40, 46, 38, 6, 49, 31, 20, 23, 50, 33, 16, 29]);
% time elapsed: 15.94 s
----------
%%%mzn-stat: initTime=0.017669375
%%%mzn-stat: objective=395
%%%mzn-stat: nodes=79137
%%%mzn-stat: restarts=43
%%%mzn-stat: peakDepth=991
%%%mzn-stat: solveTime=15.85734329
%%%mzn-stat: variables=1578
%%%mzn-stat: propagators=2423
%%%mzn-stat: failures=33883
%%%mzn-stat: propagations=8867683
%%%mzn-stat: nogoods=33883
%%%mzn-stat: AverageConflictSize=51.906383732255115
%%%mzn-stat: NumUnitNogoodsLearned=220
%%%mzn-stat: AverageLearnedNogoodLength=135.0055189918248
%%%mzn-stat: AverageBacktrackAmount=0
%%%mzn-stat: AverageLbd=11.908567718324823
%%%mzn-stat-end
maxleg = 395;
succ = array1d(1..50,[19, 28, 41, 30, 48, 1, 14, 11, 10, 44, 39, 33, 45, 37, 17, 36, 13, 3, 32, 9, 22, 26, 12, 5, 18, 15, 47, 7, 21, 27, 43, 8, 24, 2, 34, 35, 42, 4, 40, 46, 38, 6, 49, 31, 20, 23, 50, 25, 16, 29]);
% time elapsed: 16.31 s
----------
%%%mzn-stat: initTime=0.017669375
%%%mzn-stat: objective=390
%%%mzn-stat: nodes=80766
%%%mzn-stat: restarts=44
%%%mzn-stat: peakDepth=991
%%%mzn-stat: solveTime=16.208997083
%%%mzn-stat: variables=1578
%%%mzn-stat: propagators=2423
%%%mzn-stat: failures=34329
%%%mzn-stat: propagations=9006520
%%%mzn-stat: nogoods=34329
%%%mzn-stat: AverageConflictSize=52.61787410061464
%%%mzn-stat: NumUnitNogoodsLearned=220
%%%mzn-stat: AverageLearnedNogoodLength=136.08666142328644
%%%mzn-stat: AverageBacktrackAmount=0
%%%mzn-stat: AverageLbd=11.893035043257887
%%%mzn-stat-end
maxleg = 390;
succ = array1d(1..50,[19, 28, 41, 30, 48, 1, 14, 11, 10, 44, 39, 33, 20, 37, 17, 36, 13, 3, 32, 4, 22, 26, 12, 5, 18, 15, 47, 7, 21, 27, 43, 8, 24, 2, 34, 35, 42, 9, 40, 46, 50, 6, 49, 31, 38, 23, 45, 25, 16, 29]);
% time elapsed: 16.67 s
----------
%%%mzn-stat: initTime=0.017669375
%%%mzn-stat: objective=389
%%%mzn-stat: nodes=81834
%%%mzn-stat: restarts=45
%%%mzn-stat: peakDepth=991
%%%mzn-stat: solveTime=16.313449453
%%%mzn-stat: variables=1578
%%%mzn-stat: propagators=2423
%%%mzn-stat: failures=34437
%%%mzn-stat: propagations=9035680
%%%mzn-stat: nogoods=34437
%%%mzn-stat: AverageConflictSize=52.77704213491303
%%%mzn-stat: NumUnitNogoodsLearned=220
%%%mzn-stat: AverageLearnedNogoodLength=136.23953886807794
%%%mzn-stat: AverageBacktrackAmount=0
%%%mzn-stat: AverageLbd=11.900223596712838
%%%mzn-stat-end
maxleg = 389;
succ = array1d(1..50,[19, 28, 41, 30, 48, 1, 14, 11, 10, 44, 39, 33, 20, 37, 17, 36, 13, 3, 32, 4, 22, 26, 12, 5, 18, 15, 47, 7, 21, 27, 43, 8, 24, 2, 34, 35, 42, 9, 40, 46, 50, 6, 49, 31, 38, 23, 45, 25, 16, 29]);
% time elapsed: 16.77 s
----------
%%%mzn-stat: initTime=0.017669375
%%%mzn-stat: objective=387
%%%mzn-stat: nodes=82874
%%%mzn-stat: restarts=46
%%%mzn-stat: peakDepth=991
%%%mzn-stat: solveTime=16.390388125
%%%mzn-stat: variables=1578
%%%mzn-stat: propagators=2423
%%%mzn-stat: failures=34529
%%%mzn-stat: propagations=9065827
%%%mzn-stat: nogoods=34529
%%%mzn-stat: AverageConflictSize=52.87931883344435
%%%mzn-stat: NumUnitNogoodsLearned=220
%%%mzn-stat: AverageLearnedNogoodLength=136.32529178371803
%%%mzn-stat: AverageBacktrackAmount=0
%%%mzn-stat: AverageLbd=11.906658171392163
%%%mzn-stat-end
maxleg = 387;
succ = array1d(1..50,[19, 28, 41, 30, 48, 1, 14, 11, 10, 44, 39, 33, 20, 37, 17, 36, 13, 3, 32, 4, 22, 26, 12, 5, 18, 15, 47, 7, 21, 27, 43, 8, 24, 2, 34, 35, 42, 9, 40, 46, 50, 6, 49, 31, 38, 23, 45, 25, 16, 29]);
% time elapsed: 16.86 s
----------
%%%mzn-stat: initTime=0.017669375
%%%mzn-stat: objective=386
%%%mzn-stat: nodes=83844
%%%mzn-stat: restarts=47
%%%mzn-stat: peakDepth=991
%%%mzn-stat: solveTime=16.445677036
%%%mzn-stat: variables=1578
%%%mzn-stat: propagators=2423
%%%mzn-stat: failures=34587
%%%mzn-stat: propagations=9087203
%%%mzn-stat: nogoods=34587
%%%mzn-stat: AverageConflictSize=52.95420244600572
%%%mzn-stat: NumUnitNogoodsLearned=220
%%%mzn-stat: AverageLearnedNogoodLength=136.46329545783098
%%%mzn-stat: AverageBacktrackAmount=0
%%%mzn-stat: AverageLbd=11.910631161997282
%%%mzn-stat-end
maxleg = 386;
succ = array1d(1..50,[19, 28, 41, 30, 48, 1, 14, 11, 10, 44, 39, 33, 20, 37, 17, 36, 13, 3, 32, 4, 22, 26, 12, 5, 18, 15, 47, 7, 21, 27, 43, 8, 24, 2, 34, 35, 42, 9, 40, 46, 50, 6, 49, 31, 38, 23, 45, 25, 16, 29]);
% time elapsed: 16.91 s
----------
%%%mzn-stat: initTime=0.017669375
%%%mzn-stat: objective=380
%%%mzn-stat: nodes=85714
%%%mzn-stat: restarts=48
%%%mzn-stat: peakDepth=991
%%%mzn-stat: solveTime=16.777670055
%%%mzn-stat: variables=1578
%%%mzn-stat: propagators=2423
%%%mzn-stat: failures=35037
%%%mzn-stat: propagations=9198048
%%%mzn-stat: nogoods=35037
%%%mzn-stat: AverageConflictSize=53.91243542540742
%%%mzn-stat: NumUnitNogoodsLearned=220
%%%mzn-stat: AverageLearnedNogoodLength=137.24987869966037
%%%mzn-stat: AverageBacktrackAmount=0
%%%mzn-stat: AverageLbd=11.914576019636385
%%%mzn-stat-end
maxleg = 380;
succ = array1d(1..50,[19, 28, 41, 30, 48, 1, 14, 42, 10, 44, 39, 33, 20, 37, 17, 36, 13, 3, 45, 4, 22, 26, 12, 5, 18, 15, 47, 7, 27, 11, 43, 8, 24, 2, 34, 35, 46, 9, 40, 32, 50, 6, 49, 31, 38, 23, 21, 25, 16, 29]);
% time elapsed: 17.25 s
----------
%%%mzn-stat: initTime=0.017669375
%%%mzn-stat: objective=379
%%%mzn-stat: nodes=86650
%%%mzn-stat: restarts=49
%%%mzn-stat: peakDepth=991
%%%mzn-stat: solveTime=16.803323847
%%%mzn-stat: variables=1578
%%%mzn-stat: propagators=2423
%%%mzn-stat: failures=35051
%%%mzn-stat: propagations=9210459
%%%mzn-stat: nogoods=35051
%%%mzn-stat: AverageConflictSize=53.94042965963881
%%%mzn-stat: NumUnitNogoodsLearned=220
%%%mzn-stat: AverageLearnedNogoodLength=137.26806653162535
%%%mzn-stat: AverageBacktrackAmount=0
%%%mzn-stat: AverageLbd=11.914838378362957
%%%mzn-stat-end
maxleg = 379;
succ = array1d(1..50,[19, 28, 41, 30, 48, 1, 14, 42, 10, 44, 40, 33, 20, 39, 17, 36, 13, 3, 45, 4, 22, 26, 12, 5, 18, 15, 47, 7, 27, 11, 43, 8, 24, 2, 34, 35, 46, 9, 37, 32, 50, 6, 49, 31, 38, 23, 21, 25, 16, 29]);
% time elapsed: 17.28 s
----------
%%%mzn-stat: initTime=0.017669375
%%%mzn-stat: objective=378
%%%mzn-stat: nodes=87940
%%%mzn-stat: restarts=50
%%%mzn-stat: peakDepth=991
%%%mzn-stat: solveTime=17.114368091
%%%mzn-stat: variables=1578
%%%mzn-stat: propagators=2423
%%%mzn-stat: failures=35405
%%%mzn-stat: propagations=9284431
%%%mzn-stat: nogoods=35405
%%%mzn-stat: AverageConflictSize=54.76291484253637
%%%mzn-stat: NumUnitNogoodsLearned=220
%%%mzn-stat: AverageLearnedNogoodLength=137.88414065809914
%%%mzn-stat: AverageBacktrackAmount=0
%%%mzn-stat: AverageLbd=11.909843242479877
%%%mzn-stat-end
maxleg = 378;
succ = array1d(1..50,[19, 28, 41, 30, 48, 1, 14, 42, 10, 44, 40, 33, 20, 39, 17, 36, 13, 3, 45, 4, 22, 26, 12, 5, 18, 15, 47, 7, 27, 11, 43, 8, 24, 2, 34, 35, 46, 9, 37, 32, 50, 6, 49, 31, 38, 23, 21, 25, 16, 29]);
% time elapsed: 17.63 s
----------
%%%mzn-stat: initTime=0.017669375
%%%mzn-stat: objective=377
%%%mzn-stat: nodes=89369
%%%mzn-stat: restarts=51
%%%mzn-stat: peakDepth=991
%%%mzn-stat: solveTime=17.355119768
%%%mzn-stat: variables=1578
%%%mzn-stat: propagators=2423
%%%mzn-stat: failures=35754
%%%mzn-stat: propagations=9399816
%%%mzn-stat: nogoods=35754
%%%mzn-stat: AverageConflictSize=54.798847681378305
%%%mzn-stat: NumUnitNogoodsLearned=220
%%%mzn-stat: AverageLearnedNogoodLength=138.39486491021984
%%%mzn-stat: AverageBacktrackAmount=0
%%%mzn-stat: AverageLbd=11.907954354757509
%%%mzn-stat-end
maxleg = 377;
succ = array1d(1..50,[19, 28, 41, 30, 48, 1, 14, 42, 10, 44, 40, 33, 20, 39, 17, 36, 13, 3, 45, 4, 22, 26, 12, 5, 18, 15, 47, 7, 27, 11, 43, 8, 24, 2, 34, 35, 46, 9, 37, 32, 50, 6, 49, 31, 38, 23, 21, 25, 16, 29]);
% time elapsed: 17.86 s
----------
%%%mzn-stat: initTime=0.017669375
%%%mzn-stat: objective=371
%%%mzn-stat: nodes=90662
%%%mzn-stat: restarts=53
%%%mzn-stat: peakDepth=991
%%%mzn-stat: solveTime=17.489576983
%%%mzn-stat: variables=1578
%%%mzn-stat: propagators=2423
%%%mzn-stat: failures=35921
%%%mzn-stat: propagations=9458713
%%%mzn-stat: nogoods=35921
%%%mzn-stat: AverageConflictSize=54.83377411541995
%%%mzn-stat: NumUnitNogoodsLearned=220
%%%mzn-stat: AverageLearnedNogoodLength=138.64897970546477
%%%mzn-stat: AverageBacktrackAmount=0
%%%mzn-stat: AverageLbd=11.923972049775896
%%%mzn-stat-end
maxleg = 371;
succ = array1d(1..50,[11, 28, 41, 30, 46, 3, 14, 42, 10, 44, 40, 33, 20, 39, 17, 36, 13, 12, 45, 4, 22, 26, 1, 5, 18, 15, 47, 7, 27, 19, 43, 8, 24, 2, 34, 35, 48, 9, 37, 32, 50, 6, 49, 31, 38, 23, 21, 25, 16, 29]);
% time elapsed: 18.00 s
----------
%%%mzn-stat: initTime=0.017669375
%%%mzn-stat: objective=366
%%%mzn-stat: nodes=95884
%%%mzn-stat: restarts=54
%%%mzn-stat: peakDepth=991
%%%mzn-stat: solveTime=18.428714232
%%%mzn-stat: variables=1578
%%%mzn-stat: propagators=2423
%%%mzn-stat: failures=39328
%%%mzn-stat: propagations=10225747
%%%mzn-stat: nogoods=39328
%%%mzn-stat: AverageConflictSize=51.45929109031733
%%%mzn-stat: NumUnitNogoodsLearned=220
%%%mzn-stat: AverageLearnedNogoodLength=131.17923616761595
%%%mzn-stat: AverageBacktrackAmount=0
%%%mzn-stat: AverageLbd=11.734845402766476
%%%mzn-stat-end
maxleg = 366;
succ = array1d(1..50,[11, 28, 41, 45, 48, 3, 14, 40, 10, 44, 30, 33, 20, 39, 17, 36, 13, 12, 32, 4, 22, 26, 1, 25, 5, 15, 47, 7, 27, 19, 43, 8, 24, 2, 34, 35, 42, 9, 18, 37, 50, 6, 49, 31, 38, 23, 21, 46, 16, 29]);
% time elapsed: 18.94 s
----------
%%%mzn-stat: initTime=0.017669375
%%%mzn-stat: objective=365
%%%mzn-stat: nodes=97421
%%%mzn-stat: restarts=55
%%%mzn-stat: peakDepth=991
%%%mzn-stat: solveTime=18.882974811
%%%mzn-stat: variables=1578
%%%mzn-stat: propagators=2423
%%%mzn-stat: failures=39882
%%%mzn-stat: propagations=10353994
%%%mzn-stat: nogoods=39882
%%%mzn-stat: AverageConflictSize=52.77365728900256
%%%mzn-stat: NumUnitNogoodsLearned=220
%%%mzn-stat: AverageLearnedNogoodLength=132.3594102602678
%%%mzn-stat: AverageBacktrackAmount=0
%%%mzn-stat: AverageLbd=11.728097888771877
%%%mzn-stat-end
maxleg = 365;
succ = array1d(1..50,[11, 28, 41, 45, 48, 3, 14, 40, 10, 44, 30, 33, 38, 39, 17, 36, 20, 12, 32, 9, 22, 26, 1, 25, 5, 15, 47, 7, 27, 19, 43, 8, 24, 2, 34, 35, 42, 4, 18, 37, 50, 6, 49, 31, 21, 23, 13, 46, 16, 29]);
% time elapsed: 19.40 s
----------
%%%mzn-stat: initTime=0.017669375
%%%mzn-stat: objective=354
%%%mzn-stat: nodes=99702
%%%mzn-stat: restarts=57
%%%mzn-stat: peakDepth=991
%%%mzn-stat: solveTime=19.479735434
%%%mzn-stat: variables=1578
%%%mzn-stat: propagators=2423
%%%mzn-stat: failures=40800
%%%mzn-stat: propagations=10565019
%%%mzn-stat: nogoods=40800
%%%mzn-stat: AverageConflictSize=53.561617647058824
%%%mzn-stat: NumUnitNogoodsLearned=220
%%%mzn-stat: AverageLearnedNogoodLength=132.7492156862745
%%%mzn-stat: AverageBacktrackAmount=0
%%%mzn-stat: AverageLbd=11.74343137254902
%%%mzn-stat-end
maxleg = 354;
succ = array1d(1..50,[11, 28, 41, 45, 48, 3, 14, 40, 10, 44, 30, 33, 38, 39, 17, 36, 20, 37, 32, 9, 22, 26, 1, 25, 5, 15, 47, 7, 27, 19, 43, 8, 24, 2, 34, 35, 12, 4, 18, 42, 50, 6, 49, 31, 21, 23, 13, 46, 16, 29]);
% time elapsed: 20.00 s
----------
%%%mzn-stat: initTime=0.017669375
%%%mzn-stat: objective=352
%%%mzn-stat: nodes=102799
%%%mzn-stat: restarts=61
%%%mzn-stat: peakDepth=991
%%%mzn-stat: solveTime=19.827660371
%%%mzn-stat: variables=1578
%%%mzn-stat: propagators=2423
%%%mzn-stat: failures=41370
%%%mzn-stat: propagations=10751025
%%%mzn-stat: nogoods=41370
%%%mzn-stat: AverageConflictSize=53.80362581580856
%%%mzn-stat: NumUnitNogoodsLearned=220
%%%mzn-stat: AverageLearnedNogoodLength=132.91518008218515
%%%mzn-stat: AverageBacktrackAmount=0
%%%mzn-stat: AverageLbd=11.809958907420837
%%%mzn-stat-end
maxleg = 352;
succ = array1d(1..50,[11, 12, 41, 45, 48, 3, 16, 40, 10, 28, 30, 14, 38, 39, 17, 35, 20, 37, 32, 9, 22, 26, 1, 25, 5, 15, 47, 7, 27, 19, 34, 8, 24, 2, 36, 49, 33, 4, 18, 42, 50, 6, 44, 31, 21, 23, 13, 46, 43, 29]);
% time elapsed: 20.35 s
----------
%%%mzn-stat: initTime=0.017669375
%%%mzn-stat: objective=351
%%%mzn-stat: nodes=103647
%%%mzn-stat: restarts=62
%%%mzn-stat: peakDepth=991
%%%mzn-stat: solveTime=19.848578227
%%%mzn-stat: variables=1578
%%%mzn-stat: propagators=2423
%%%mzn-stat: failures=41383
%%%mzn-stat: propagations=10761701
%%%mzn-stat: nogoods=41383
%%%mzn-stat: AverageConflictSize=53.80837541985839
%%%mzn-stat: NumUnitNogoodsLearned=220
%%%mzn-stat: AverageLearnedNogoodLength=132.95051107942876
%%%mzn-stat: AverageBacktrackAmount=0
%%%mzn-stat: AverageLbd=11.80958364545828
%%%mzn-stat-end
maxleg = 351;
succ = array1d(1..50,[11, 12, 41, 45, 48, 3, 16, 40, 10, 28, 30, 14, 38, 39, 17, 35, 20, 37, 32, 9, 22, 26, 1, 25, 5, 15, 47, 7, 27, 19, 34, 8, 24, 2, 36, 49, 33, 4, 18, 42, 50, 6, 44, 31, 21, 23, 13, 46, 43, 29]);
% time elapsed: 20.38 s
----------
%%%mzn-stat: initTime=0.017669375
%%%mzn-stat: objective=350
%%%mzn-stat: nodes=105483
%%%mzn-stat: restarts=63
%%%mzn-stat: peakDepth=991
%%%mzn-stat: solveTime=20.409291724
%%%mzn-stat: variables=1578
%%%mzn-stat: propagators=2423
%%%mzn-stat: failures=42141
%%%mzn-stat: propagations=10923329
%%%mzn-stat: nogoods=42141
%%%mzn-stat: AverageConflictSize=54.80683894544505
%%%mzn-stat: NumUnitNogoodsLearned=220
%%%mzn-stat: AverageLearnedNogoodLength=133.45950499513538
%%%mzn-stat: AverageBacktrackAmount=0
%%%mzn-stat: AverageLbd=11.78263448897748
%%%mzn-stat-end
maxleg = 350;
succ = array1d(1..50,[11, 12, 41, 45, 48, 3, 16, 40, 10, 28, 30, 14, 38, 39, 17, 35, 20, 37, 32, 9, 22, 26, 1, 25, 5, 15, 47, 7, 27, 19, 34, 8, 24, 2, 36, 49, 33, 4, 18, 42, 50, 6, 44, 31, 21, 23, 13, 46, 43, 29]);
% time elapsed: 20.94 s
----------
%%%mzn-stat: initTime=0.017669375
%%%mzn-stat: objective=349
%%%mzn-stat: nodes=108053
%%%mzn-stat: restarts=64
%%%mzn-stat: peakDepth=991
%%%mzn-stat: solveTime=21.45868211
%%%mzn-stat: variables=1578
%%%mzn-stat: propagators=2423
%%%mzn-stat: failures=43415
%%%mzn-stat: propagations=11197192
%%%mzn-stat: nogoods=43415
%%%mzn-stat: AverageConflictSize=56.47285500403086
%%%mzn-stat: NumUnitNogoodsLearned=220
%%%mzn-stat: AverageLearnedNogoodLength=135.5228607624093
%%%mzn-stat: AverageBacktrackAmount=0
%%%mzn-stat: AverageLbd=11.756512726016354
%%%mzn-stat-end
maxleg = 349;
succ = array1d(1..50,[11, 12, 41, 45, 48, 3, 16, 40, 10, 28, 30, 14, 38, 39, 17, 35, 20, 37, 32, 9, 22, 26, 1, 25, 5, 15, 47, 7, 27, 19, 34, 8, 24, 2, 36, 49, 33, 4, 18, 42, 50, 6, 44, 31, 21, 23, 13, 46, 43, 29]);
% time elapsed: 21.99 s
----------
%%%mzn-stat: initTime=0.017669375
%%%mzn-stat: objective=348
%%%mzn-stat: nodes=109527
%%%mzn-stat: restarts=65
%%%mzn-stat: peakDepth=991
%%%mzn-stat: solveTime=21.652645698
%%%mzn-stat: variables=1578
%%%mzn-stat: propagators=2423
%%%mzn-stat: failures=43931
%%%mzn-stat: propagations=11341599
%%%mzn-stat: nogoods=43931
%%%mzn-stat: AverageConflictSize=56.130978124786594
%%%mzn-stat: NumUnitNogoodsLearned=220
%%%mzn-stat: AverageLearnedNogoodLength=135.17456921080785
%%%mzn-stat: AverageBacktrackAmount=0
%%%mzn-stat: AverageLbd=11.755821629373335
%%%mzn-stat-end
maxleg = 348;
succ = array1d(1..50,[11, 12, 41, 45, 48, 3, 16, 40, 10, 28, 30, 14, 38, 39, 17, 35, 20, 37, 32, 9, 22, 26, 1, 25, 5, 15, 47, 7, 27, 19, 34, 8, 24, 2, 36, 49, 33, 4, 18, 42, 50, 6, 44, 31, 21, 23, 13, 46, 43, 29]);
% time elapsed: 22.19 s
----------
%%%mzn-stat: initTime=0.017669375
%%%mzn-stat: objective=347
%%%mzn-stat: nodes=110786
%%%mzn-stat: restarts=66
%%%mzn-stat: peakDepth=991
%%%mzn-stat: solveTime=21.904246397
%%%mzn-stat: variables=1578
%%%mzn-stat: propagators=2423
%%%mzn-stat: failures=44242
%%%mzn-stat: propagations=11414979
%%%mzn-stat: nogoods=44242
%%%mzn-stat: AverageConflictSize=56.60876542651779
%%%mzn-stat: NumUnitNogoodsLearned=220
%%%mzn-stat: AverageLearnedNogoodLength=135.53661678947606
%%%mzn-stat: AverageBacktrackAmount=0
%%%mzn-stat: AverageLbd=11.747050314181095
%%%mzn-stat-end
maxleg = 347;
succ = array1d(1..50,[11, 12, 41, 45, 48, 3, 16, 40, 10, 28, 30, 14, 38, 39, 17, 35, 20, 37, 32, 9, 22, 26, 1, 25, 5, 15, 47, 7, 27, 19, 34, 8, 24, 2, 36, 49, 33, 4, 18, 42, 50, 6, 44, 31, 21, 23, 13, 46, 43, 29]);
% time elapsed: 22.45 s
----------
%%%mzn-stat: initTime=0.017669375
%%%mzn-stat: objective=346
%%%mzn-stat: nodes=113901
%%%mzn-stat: restarts=67
%%%mzn-stat: peakDepth=991
%%%mzn-stat: solveTime=23.383647044
%%%mzn-stat: variables=1578
%%%mzn-stat: propagators=2423
%%%mzn-stat: failures=45957
%%%mzn-stat: propagations=11819844
%%%mzn-stat: nogoods=45957
%%%mzn-stat: AverageConflictSize=59.33174489196423
%%%mzn-stat: NumUnitNogoodsLearned=220
%%%mzn-stat: AverageLearnedNogoodLength=137.44358857192594
%%%mzn-stat: AverageBacktrackAmount=0
%%%mzn-stat: AverageLbd=11.717148638945101
%%%mzn-stat-end
maxleg = 346;
succ = array1d(1..50,[11, 12, 41, 45, 48, 3, 16, 40, 10, 28, 30, 14, 38, 39, 17, 35, 20, 37, 32, 9, 22, 26, 1, 25, 5, 15, 47, 7, 27, 19, 34, 8, 24, 2, 36, 49, 33, 4, 18, 42, 50, 6, 44, 31, 21, 23, 13, 46, 43, 29]);
% time elapsed: 23.93 s
----------
%%%mzn-stat: initTime=0.017669375
%%%mzn-stat: objective=341
%%%mzn-stat: nodes=115551
%%%mzn-stat: restarts=68
%%%mzn-stat: peakDepth=991
%%%mzn-stat: solveTime=23.506875174
%%%mzn-stat: variables=1578
%%%mzn-stat: propagators=2423
%%%mzn-stat: failures=46370
%%%mzn-stat: propagations=11904722
%%%mzn-stat: nogoods=46370
%%%mzn-stat: AverageConflictSize=58.98466681043778
%%%mzn-stat: NumUnitNogoodsLearned=220
%%%mzn-stat: AverageLearnedNogoodLength=136.68125943497952
%%%mzn-stat: AverageBacktrackAmount=0
%%%mzn-stat: AverageLbd=11.724110416217382
%%%mzn-stat-end
maxleg = 341;
succ = array1d(1..50,[11, 12, 41, 45, 48, 3, 16, 40, 10, 28, 30, 14, 38, 39, 17, 35, 20, 33, 32, 9, 22, 26, 1, 25, 5, 15, 47, 7, 27, 19, 34, 8, 24, 2, 36, 49, 18, 4, 37, 42, 50, 6, 44, 31, 21, 23, 13, 46, 43, 29]);
% time elapsed: 24.06 s
----------
%%%mzn-stat: initTime=0.017669375
%%%mzn-stat: objective=340
%%%mzn-stat: nodes=116332
%%%mzn-stat: restarts=69
%%%mzn-stat: peakDepth=991
%%%mzn-stat: solveTime=23.535325073
%%%mzn-stat: variables=1578
%%%mzn-stat: propagators=2423
%%%mzn-stat: failures=46389
%%%mzn-stat: propagations=11914548
%%%mzn-stat: nogoods=46389
%%%mzn-stat: AverageConflictSize=59.034792731035374
%%%mzn-stat: NumUnitNogoodsLearned=220
%%%mzn-stat: AverageLearnedNogoodLength=136.73385932009742
%%%mzn-stat: AverageBacktrackAmount=0
%%%mzn-stat: AverageLbd=11.725473711440213
%%%mzn-stat-end
maxleg = 340;
succ = array1d(1..50,[11, 12, 41, 45, 48, 3, 16, 42, 10, 28, 30, 14, 38, 39, 17, 35, 20, 33, 40, 9, 22, 26, 1, 25, 5, 15, 47, 7, 27, 19, 34, 8, 24, 2, 36, 49, 18, 4, 37, 32, 50, 6, 44, 31, 21, 23, 13, 46, 43, 29]);
% time elapsed: 24.09 s
----------
%%%mzn-stat: initTime=0.017669375
%%%mzn-stat: objective=339
%%%mzn-stat: nodes=117460
%%%mzn-stat: restarts=70
%%%mzn-stat: peakDepth=991
%%%mzn-stat: solveTime=23.728980054
%%%mzn-stat: variables=1578
%%%mzn-stat: propagators=2423
%%%mzn-stat: failures=46597
%%%mzn-stat: propagations=11986579
%%%mzn-stat: nogoods=46597
%%%mzn-stat: AverageConflictSize=59.39577655213855
%%%mzn-stat: NumUnitNogoodsLearned=220
%%%mzn-stat: AverageLearnedNogoodLength=137.16631972015367
%%%mzn-stat: AverageBacktrackAmount=0
%%%mzn-stat: AverageLbd=11.729424641071313
%%%mzn-stat-end
maxleg = 339;
succ = array1d(1..50,[11, 12, 41, 45, 48, 3, 16, 42, 10, 28, 30, 14, 38, 39, 17, 35, 20, 33, 40, 9, 22, 26, 1, 25, 5, 15, 47, 7, 27, 19, 34, 8, 24, 2, 36, 49, 18, 4, 37, 32, 50, 6, 44, 31, 21, 23, 13, 46, 43, 29]);
% time elapsed: 24.29 s
----------
%%%mzn-stat: initTime=0.017669375
%%%mzn-stat: objective=338
%%%mzn-stat: nodes=123405
%%%mzn-stat: restarts=71
%%%mzn-stat: peakDepth=991
%%%mzn-stat: solveTime=25.977649027
%%%mzn-stat: variables=1578
%%%mzn-stat: propagators=2423
%%%mzn-stat: failures=50782
%%%mzn-stat: propagations=12802590
%%%mzn-stat: nogoods=50782
%%%mzn-stat: AverageConflictSize=59.118388405340475
%%%mzn-stat: NumUnitNogoodsLearned=220
%%%mzn-stat: AverageLearnedNogoodLength=141.50710881808516
%%%mzn-stat: AverageBacktrackAmount=0
%%%mzn-stat: AverageLbd=11.676755543302745
%%%mzn-stat-end
maxleg = 338;
succ = array1d(1..50,[11, 12, 41, 45, 48, 3, 16, 42, 10, 28, 30, 14, 38, 39, 17, 35, 20, 33, 40, 9, 22, 26, 1, 25, 5, 15, 47, 7, 27, 19, 34, 8, 24, 2, 36, 49, 18, 4, 37, 32, 50, 6, 44, 31, 21, 23, 13, 46, 43, 29]);
% time elapsed: 26.55 s
----------
%%%mzn-stat: initTime=0.017669375
%%%mzn-stat: objective=337
%%%mzn-stat: nodes=124355
%%%mzn-stat: restarts=72
%%%mzn-stat: peakDepth=991
%%%mzn-stat: solveTime=26.095435928
%%%mzn-stat: variables=1578
%%%mzn-stat: propagators=2423
%%%mzn-stat: failures=50910
%%%mzn-stat: propagations=12843570
%%%mzn-stat: nogoods=50910
%%%mzn-stat: AverageConflictSize=59.244117069338046
%%%mzn-stat: NumUnitNogoodsLearned=220
%%%mzn-stat: AverageLearnedNogoodLength=141.7004910626596
%%%mzn-stat: AverageBacktrackAmount=0
%%%mzn-stat: AverageLbd=11.681987821646041
%%%mzn-stat-end
maxleg = 337;
succ = array1d(1..50,[11, 12, 41, 45, 48, 3, 16, 42, 10, 28, 30, 14, 38, 39, 17, 35, 20, 33, 40, 9, 22, 26, 1, 25, 5, 15, 47, 7, 27, 19, 34, 8, 24, 2, 36, 49, 18, 4, 37, 32, 50, 6, 44, 31, 21, 23, 13, 46, 43, 29]);
% time elapsed: 26.66 s
----------
%%%mzn-stat: initTime=0.017669375
%%%mzn-stat: objective=336
%%%mzn-stat: nodes=125183
%%%mzn-stat: restarts=73
%%%mzn-stat: peakDepth=991
%%%mzn-stat: solveTime=26.164518226
%%%mzn-stat: variables=1578
%%%mzn-stat: propagators=2423
%%%mzn-stat: failures=50987
%%%mzn-stat: propagations=12875755
%%%mzn-stat: nogoods=50987
%%%mzn-stat: AverageConflictSize=59.27736481848314
%%%mzn-stat: NumUnitNogoodsLearned=220
%%%mzn-stat: AverageLearnedNogoodLength=141.73463824112028
%%%mzn-stat: AverageBacktrackAmount=0
%%%mzn-stat: AverageLbd=11.684213623080392
%%%mzn-stat-end
maxleg = 336;
succ = array1d(1..50,[11, 12, 41, 45, 48, 3, 16, 42, 10, 28, 30, 14, 38, 39, 17, 35, 20, 33, 40, 9, 22, 26, 1, 25, 5, 15, 47, 7, 27, 19, 34, 8, 24, 2, 36, 49, 18, 4, 37, 32, 50, 6, 44, 31, 21, 23, 13, 46, 43, 29]);
% time elapsed: 26.74 s
----------
%%%mzn-stat: initTime=0.017669375
%%%mzn-stat: objective=335
%%%mzn-stat: nodes=126470
%%%mzn-stat: restarts=74
%%%mzn-stat: peakDepth=991
%%%mzn-stat: solveTime=26.590814154
%%%mzn-stat: variables=1578
%%%mzn-stat: propagators=2423
%%%mzn-stat: failures=51445
%%%mzn-stat: propagations=12996010
%%%mzn-stat: nogoods=51445
%%%mzn-stat: AverageConflictSize=60.145631256681895
%%%mzn-stat: NumUnitNogoodsLearned=220
%%%mzn-stat: AverageLearnedNogoodLength=142.32053649528623
%%%mzn-stat: AverageBacktrackAmount=0
%%%mzn-stat: AverageLbd=11.685275536981242
%%%mzn-stat-end
maxleg = 335;
succ = array1d(1..50,[11, 12, 41, 45, 48, 3, 16, 42, 10, 28, 30, 14, 38, 39, 17, 35, 20, 33, 40, 9, 22, 26, 1, 25, 5, 15, 47, 7, 27, 19, 34, 8, 24, 2, 36, 49, 18, 4, 37, 32, 50, 6, 44, 31, 21, 23, 13, 46, 43, 29]);
% time elapsed: 27.17 s
----------
%%%mzn-stat: initTime=0.017669375
%%%mzn-stat: objective=334
%%%mzn-stat: nodes=130537
%%%mzn-stat: restarts=75
%%%mzn-stat: peakDepth=991
%%%mzn-stat: solveTime=27.706461776
%%%mzn-stat: variables=1578
%%%mzn-stat: propagators=2423
%%%mzn-stat: failures=54094
%%%mzn-stat: propagations=13635891
%%%mzn-stat: nogoods=54094
%%%mzn-stat: AverageConflictSize=59.28385772913817
%%%mzn-stat: NumUnitNogoodsLearned=220
%%%mzn-stat: AverageLearnedNogoodLength=139.6802972603246
%%%mzn-stat: AverageBacktrackAmount=0
%%%mzn-stat: AverageLbd=11.630698413872148
%%%mzn-stat-end
maxleg = 334;
succ = array1d(1..50,[11, 12, 41, 45, 48, 3, 16, 42, 10, 28, 30, 14, 38, 39, 17, 35, 20, 33, 40, 9, 22, 26, 1, 25, 5, 15, 47, 7, 27, 19, 34, 8, 24, 2, 36, 49, 18, 4, 37, 32, 50, 6, 44, 31, 21, 23, 13, 46, 43, 29]);
% time elapsed: 28.29 s
----------
%%%mzn-stat: initTime=0.017669375
%%%mzn-stat: objective=333
%%%mzn-stat: nodes=131400
%%%mzn-stat: restarts=76
%%%mzn-stat: peakDepth=991
%%%mzn-stat: solveTime=27.774662084
%%%mzn-stat: variables=1578
%%%mzn-stat: propagators=2423
%%%mzn-stat: failures=54166
%%%mzn-stat: propagations=13661223
%%%mzn-stat: nogoods=54166
%%%mzn-stat: AverageConflictSize=59.33786877376952
%%%mzn-stat: NumUnitNogoodsLearned=220
%%%mzn-stat: AverageLearnedNogoodLength=139.79679134512423
%%%mzn-stat: AverageBacktrackAmount=0
%%%mzn-stat: AverageLbd=11.633515489421407
%%%mzn-stat-end
maxleg = 333;
succ = array1d(1..50,[11, 12, 41, 45, 48, 3, 16, 42, 10, 28, 30, 14, 38, 39, 17, 35, 20, 33, 40, 9, 22, 26, 1, 25, 5, 15, 47, 7, 27, 19, 34, 8, 24, 2, 36, 49, 18, 4, 37, 32, 50, 6, 44, 31, 21, 23, 13, 46, 43, 29]);
% time elapsed: 28.36 s
----------
%%%mzn-stat: initTime=0.017669375
%%%mzn-stat: objective=332
%%%mzn-stat: nodes=132377
%%%mzn-stat: restarts=77
%%%mzn-stat: peakDepth=991
%%%mzn-stat: solveTime=27.844241487
%%%mzn-stat: variables=1578
%%%mzn-stat: propagators=2423
%%%mzn-stat: failures=54334
%%%mzn-stat: propagations=13699309
%%%mzn-stat: nogoods=54334
%%%mzn-stat: AverageConflictSize=59.24367799168108
%%%mzn-stat: NumUnitNogoodsLearned=220
%%%mzn-stat: AverageLearnedNogoodLength=139.59920123679464
%%%mzn-stat: AverageBacktrackAmount=0
%%%mzn-stat: AverageLbd=11.638163948908602
%%%mzn-stat-end
maxleg = 332;
succ = array1d(1..50,[11, 12, 41, 45, 48, 3, 16, 42, 10, 28, 30, 14, 38, 39, 17, 35, 20, 33, 40, 9, 22, 26, 1, 25, 5, 15, 47, 7, 27, 19, 34, 8, 24, 2, 36, 49, 18, 4, 37, 32, 50, 6, 44, 31, 21, 23, 13, 46, 43, 29]);
% time elapsed: 28.43 s
----------
%%%mzn-stat: initTime=0.017669375
%%%mzn-stat: objective=331
%%%mzn-stat: nodes=134434
%%%mzn-stat: restarts=78
%%%mzn-stat: peakDepth=991
%%%mzn-stat: solveTime=28.554465479
%%%mzn-stat: variables=1578
%%%mzn-stat: propagators=2423
%%%mzn-stat: failures=55231
%%%mzn-stat: propagations=13896988
%%%mzn-stat: nogoods=55231
%%%mzn-stat: AverageConflictSize=60.46327243758034
%%%mzn-stat: NumUnitNogoodsLearned=220
%%%mzn-stat: AverageLearnedNogoodLength=140.86103818507723
%%%mzn-stat: AverageBacktrackAmount=0
%%%mzn-stat: AverageLbd=11.624142238960005
%%%mzn-stat-end
maxleg = 331;
succ = array1d(1..50,[11, 12, 41, 45, 48, 3, 16, 42, 10, 28, 30, 14, 38, 39, 17, 35, 20, 33, 40, 9, 22, 26, 1, 25, 5, 15, 47, 7, 27, 19, 34, 8, 24, 2, 36, 49, 18, 4, 37, 32, 50, 6, 44, 31, 21, 23, 13, 46, 43, 29]);
% time elapsed: 29.15 s
----------
%%%mzn-stat: initTime=0.017669375
%%%mzn-stat: objective=330
%%%mzn-stat: nodes=138824
%%%mzn-stat: restarts=79
%%%mzn-stat: peakDepth=991
%%%mzn-stat: solveTime=29.69080891
%%%mzn-stat: variables=1578
%%%mzn-stat: propagators=2423
%%%mzn-stat: failures=58201
%%%mzn-stat: propagations=14421134
%%%mzn-stat: nogoods=58201
%%%mzn-stat: AverageConflictSize=58.808800536073264
%%%mzn-stat: NumUnitNogoodsLearned=220
%%%mzn-stat: AverageLearnedNogoodLength=137.8820982457346
%%%mzn-stat: AverageBacktrackAmount=0
%%%mzn-stat: AverageLbd=11.525128434219344
%%%mzn-stat-end
maxleg = 330;
succ = array1d(1..50,[11, 12, 41, 45, 48, 3, 16, 42, 10, 28, 30, 14, 38, 39, 17, 35, 20, 33, 40, 9, 22, 26, 1, 25, 5, 15, 47, 7, 27, 19, 34, 8, 24, 2, 36, 49, 18, 4, 37, 32, 50, 6, 44, 31, 21, 23, 13, 46, 43, 29]);
% time elapsed: 30.29 s
----------
%%%mzn-stat: initTime=0.017669375
%%%mzn-stat: objective=329
%%%mzn-stat: nodes=140194
%%%mzn-stat: restarts=80
%%%mzn-stat: peakDepth=991
%%%mzn-stat: solveTime=30.131688477
%%%mzn-stat: variables=1578
%%%mzn-stat: propagators=2423
%%%mzn-stat: failures=58740
%%%mzn-stat: propagations=14525737
%%%mzn-stat: nogoods=58740
%%%mzn-stat: AverageConflictSize=59.57288049029622
%%%mzn-stat: NumUnitNogoodsLearned=220
%%%mzn-stat: AverageLearnedNogoodLength=138.5742254000681
%%%mzn-stat: AverageBacktrackAmount=0
%%%mzn-stat: AverageLbd=11.5210759278175
%%%mzn-stat-end
maxleg = 329;
succ = array1d(1..50,[11, 12, 41, 45, 48, 3, 16, 42, 10, 28, 30, 14, 38, 39, 17, 35, 20, 33, 40, 9, 22, 26, 1, 25, 5, 15, 47, 7, 27, 19, 34, 8, 24, 2, 36, 49, 18, 4, 37, 32, 50, 6, 44, 31, 21, 23, 13, 46, 43, 29]);
% time elapsed: 30.74 s
----------
%%%mzn-stat: initTime=0.017669375
%%%mzn-stat: objective=328
%%%mzn-stat: nodes=144170
%%%mzn-stat: restarts=81
%%%mzn-stat: peakDepth=991
%%%mzn-stat: solveTime=31.609239272
%%%mzn-stat: variables=1578
%%%mzn-stat: propagators=2423
%%%mzn-stat: failures=61159
%%%mzn-stat: propagations=15008555
%%%mzn-stat: nogoods=61159
%%%mzn-stat: AverageConflictSize=59.847283310714694
%%%mzn-stat: NumUnitNogoodsLearned=220
%%%mzn-stat: AverageLearnedNogoodLength=138.92872676139243
%%%mzn-stat: AverageBacktrackAmount=0
%%%mzn-stat: AverageLbd=11.501267188802956
%%%mzn-stat-end
maxleg = 328;
succ = array1d(1..50,[11, 12, 41, 45, 48, 3, 16, 42, 10, 28, 30, 14, 38, 39, 17, 35, 20, 33, 40, 9, 22, 26, 1, 25, 5, 15, 47, 7, 27, 19, 34, 8, 24, 2, 36, 49, 18, 4, 37, 32, 50, 6, 44, 31, 21, 23, 13, 46, 43, 29]);
% time elapsed: 32.22 s
----------
%%%mzn-stat: initTime=0.017669375
%%%mzn-stat: objective=327
%%%mzn-stat: nodes=145660
%%%mzn-stat: restarts=82
%%%mzn-stat: peakDepth=991
%%%mzn-stat: solveTime=32.066235828
%%%mzn-stat: variables=1578
%%%mzn-stat: propagators=2423
%%%mzn-stat: failures=61701
%%%mzn-stat: propagations=15118616
%%%mzn-stat: nogoods=61701
%%%mzn-stat: AverageConflictSize=60.695337190645205
%%%mzn-stat: NumUnitNogoodsLearned=220
%%%mzn-stat: AverageLearnedNogoodLength=139.64185345456315
%%%mzn-stat: AverageBacktrackAmount=0
%%%mzn-stat: AverageLbd=11.490802418113159
%%%mzn-stat-end
maxleg = 327;
succ = array1d(1..50,[11, 12, 41, 45, 48, 3, 16, 42, 10, 28, 30, 14, 38, 39, 17, 35, 20, 33, 40, 9, 22, 26, 1, 25, 5, 15, 47, 7, 27, 19, 34, 8, 24, 2, 36, 49, 18, 4, 37, 32, 50, 6, 44, 31, 21, 23, 13, 46, 43, 29]);
% time elapsed: 32.68 s
----------
%%%mzn-stat: initTime=0.017669375
%%%mzn-stat: objective=326
%%%mzn-stat: nodes=152083
%%%mzn-stat: restarts=83
%%%mzn-stat: peakDepth=991
%%%mzn-stat: solveTime=34.734231847
%%%mzn-stat: variables=1578
%%%mzn-stat: propagators=2423
%%%mzn-stat: failures=66137
%%%mzn-stat: propagations=16071862
%%%mzn-stat: nogoods=66137
%%%mzn-stat: AverageConflictSize=60.73229810847181
%%%mzn-stat: NumUnitNogoodsLearned=220
%%%mzn-stat: AverageLearnedNogoodLength=139.33766273039296
%%%mzn-stat: AverageBacktrackAmount=0
%%%mzn-stat: AverageLbd=11.36295870692653
%%%mzn-stat-end
maxleg = 326;
succ = array1d(1..50,[11, 12, 41, 45, 48, 3, 16, 42, 10, 28, 30, 14, 38, 39, 17, 35, 20, 33, 40, 9, 22, 26, 1, 25, 5, 15, 47, 7, 27, 19, 34, 8, 24, 2, 36, 49, 18, 4, 37, 32, 50, 6, 44, 31, 21, 23, 13, 46, 43, 29]);
% time elapsed: 35.35 s
----------
%%%mzn-stat: initTime=0.017669375
%%%mzn-stat: objective=325
%%%mzn-stat: nodes=154551
%%%mzn-stat: restarts=84
%%%mzn-stat: peakDepth=991
%%%mzn-stat: solveTime=35.168794751
%%%mzn-stat: variables=1578
%%%mzn-stat: propagators=2423
%%%mzn-stat: failures=67300
%%%mzn-stat: propagations=16325657
%%%mzn-stat: nogoods=67300
%%%mzn-stat: AverageConflictSize=60.065007429420504
%%%mzn-stat: NumUnitNogoodsLearned=220
%%%mzn-stat: AverageLearnedNogoodLength=138.1372808320951
%%%mzn-stat: AverageBacktrackAmount=0
%%%mzn-stat: AverageLbd=11.331054977711739
%%%mzn-stat-end
maxleg = 325;
succ = array1d(1..50,[11, 12, 41, 45, 48, 3, 16, 42, 10, 28, 30, 14, 38, 39, 17, 35, 20, 33, 40, 9, 22, 26, 1, 25, 5, 15, 47, 7, 27, 19, 34, 8, 24, 2, 36, 49, 18, 4, 37, 32, 50, 6, 44, 31, 21, 23, 13, 46, 43, 29]);
% time elapsed: 35.79 s
----------
%%%mzn-stat: initTime=0.017669375
%%%mzn-stat: objective=324
%%%mzn-stat: nodes=157068
%%%mzn-stat: restarts=85
%%%mzn-stat: peakDepth=991
%%%mzn-stat: solveTime=35.761242736
%%%mzn-stat: variables=1578
%%%mzn-stat: propagators=2423
%%%mzn-stat: failures=68256
%%%mzn-stat: propagations=16586027
%%%mzn-stat: nogoods=68256
%%%mzn-stat: AverageConflictSize=60.2440078527895
%%%mzn-stat: NumUnitNogoodsLearned=220
%%%mzn-stat: AverageLearnedNogoodLength=139.1969790201594
%%%mzn-stat: AverageBacktrackAmount=0
%%%mzn-stat: AverageLbd=11.325363338021566
%%%mzn-stat-end
maxleg = 324;
succ = array1d(1..50,[11, 12, 41, 45, 48, 3, 16, 42, 10, 28, 30, 14, 38, 39, 17, 35, 20, 33, 40, 9, 22, 26, 1, 25, 5, 15, 47, 7, 27, 19, 34, 8, 24, 2, 36, 49, 18, 4, 37, 32, 50, 6, 44, 31, 21, 23, 13, 46, 43, 29]);
% time elapsed: 36.39 s
----------
%%%mzn-stat: initTime=0.017669375
%%%mzn-stat: objective=323
%%%mzn-stat: nodes=159065
%%%mzn-stat: restarts=86
%%%mzn-stat: peakDepth=991
%%%mzn-stat: solveTime=36.266131111
%%%mzn-stat: variables=1578
%%%mzn-stat: propagators=2423
%%%mzn-stat: failures=69075
%%%mzn-stat: propagations=16767250
%%%mzn-stat: nogoods=69075
%%%mzn-stat: AverageConflictSize=60.555251538183136
%%%mzn-stat: NumUnitNogoodsLearned=220
%%%mzn-stat: AverageLearnedNogoodLength=139.98278682591385
%%%mzn-stat: AverageBacktrackAmount=0
%%%mzn-stat: AverageLbd=11.310358306188926
%%%mzn-stat-end
maxleg = 323;
succ = array1d(1..50,[11, 12, 41, 45, 48, 3, 16, 42, 10, 28, 30, 14, 38, 39, 17, 35, 20, 33, 40, 9, 22, 26, 1, 25, 5, 15, 47, 7, 27, 19, 34, 8, 24, 2, 36, 49, 18, 4, 37, 32, 50, 6, 44, 31, 21, 23, 13, 46, 43, 29]);
% time elapsed: 36.89 s
----------
%%%mzn-stat: initTime=0.017669375
%%%mzn-stat: objective=317
%%%mzn-stat: nodes=161333
%%%mzn-stat: restarts=89
%%%mzn-stat: peakDepth=991
%%%mzn-stat: solveTime=36.819115026
%%%mzn-stat: variables=1578
%%%mzn-stat: propagators=2423
%%%mzn-stat: failures=69990
%%%mzn-stat: propagations=16955220
%%%mzn-stat: nogoods=69990
%%%mzn-stat: AverageConflictSize=60.44773539077011
%%%mzn-stat: NumUnitNogoodsLearned=220
%%%mzn-stat: AverageLearnedNogoodLength=140.2300471495928
%%%mzn-stat: AverageBacktrackAmount=0
%%%mzn-stat: AverageLbd=11.315030718674096
%%%mzn-stat-end
maxleg = 317;
succ = array1d(1..50,[11, 12, 41, 45, 48, 3, 31, 42, 10, 28, 30, 14, 38, 39, 16, 35, 20, 33, 40, 50, 22, 26, 1, 25, 5, 15, 47, 7, 27, 19, 34, 8, 24, 2, 36, 49, 18, 4, 37, 32, 43, 6, 44, 17, 21, 23, 13, 46, 9, 29]);
% time elapsed: 37.45 s
----------
%%%mzn-stat: initTime=0.017669375
%%%mzn-stat: objective=316
%%%mzn-stat: nodes=162654
%%%mzn-stat: restarts=90
%%%mzn-stat: peakDepth=991
%%%mzn-stat: solveTime=37.044949036
%%%mzn-stat: variables=1578
%%%mzn-stat: propagators=2423
%%%mzn-stat: failures=70395
%%%mzn-stat: propagations=17066381
%%%mzn-stat: nogoods=70395
%%%mzn-stat: AverageConflictSize=60.53796434405853
%%%mzn-stat: NumUnitNogoodsLearned=220
%%%mzn-stat: AverageLearnedNogoodLength=140.47557354925775
%%%mzn-stat: AverageBacktrackAmount=0
%%%mzn-stat: AverageLbd=11.310220896370481
%%%mzn-stat-end
maxleg = 316;
succ = array1d(1..50,[11, 12, 41, 45, 48, 3, 31, 42, 10, 28, 30, 14, 38, 39, 16, 35, 20, 33, 40, 50, 22, 26, 1, 25, 5, 15, 47, 7, 27, 19, 34, 8, 24, 2, 36, 49, 18, 4, 37, 32, 43, 6, 44, 17, 21, 23, 13, 46, 9, 29]);
% time elapsed: 37.68 s
----------
%%%mzn-stat: initTime=0.017669375
%%%mzn-stat: objective=315
%%%mzn-stat: nodes=163718
%%%mzn-stat: restarts=91
%%%mzn-stat: peakDepth=991
%%%mzn-stat: solveTime=37.147178482
%%%mzn-stat: variables=1578
%%%mzn-stat: propagators=2423
%%%mzn-stat: failures=70655
%%%mzn-stat: propagations=17140047
%%%mzn-stat: nogoods=70655
%%%mzn-stat: AverageConflictSize=60.388677375981885
%%%mzn-stat: NumUnitNogoodsLearned=220
%%%mzn-stat: AverageLearnedNogoodLength=140.209369471375
%%%mzn-stat: AverageBacktrackAmount=0
%%%mzn-stat: AverageLbd=11.31155615313849
%%%mzn-stat-end
maxleg = 315;
succ = array1d(1..50,[11, 12, 28, 45, 48, 3, 41, 42, 10, 31, 30, 14, 38, 39, 16, 35, 20, 33, 40, 50, 22, 26, 1, 25, 5, 15, 47, 7, 27, 19, 34, 8, 24, 2, 36, 49, 18, 4, 37, 32, 43, 6, 44, 17, 21, 23, 13, 46, 9, 29]);
% time elapsed: 37.79 s
----------
%%%mzn-stat: initTime=0.017669375
%%%mzn-stat: objective=314
%%%mzn-stat: nodes=164897
%%%mzn-stat: restarts=92
%%%mzn-stat: peakDepth=991
%%%mzn-stat: solveTime=37.347133479
%%%mzn-stat: variables=1578
%%%mzn-stat: propagators=2423
%%%mzn-stat: failures=70964
%%%mzn-stat: propagations=17256261
%%%mzn-stat: nogoods=70964
%%%mzn-stat: AverageConflictSize=60.359069387294966
%%%mzn-stat: NumUnitNogoodsLearned=220
%%%mzn-stat: AverageLearnedNogoodLength=140.42139676455668
%%%mzn-stat: AverageBacktrackAmount=0
%%%mzn-stat: AverageLbd=11.30732484076433
%%%mzn-stat-end
maxleg = 314;
succ = array1d(1..50,[11, 12, 28, 45, 48, 3, 41, 42, 10, 31, 30, 14, 38, 39, 16, 35, 20, 33, 40, 50, 22, 26, 1, 25, 5, 15, 47, 7, 27, 19, 34, 8, 24, 2, 36, 49, 18, 4, 37, 32, 43, 6, 44, 17, 21, 23, 13, 46, 9, 29]);
% time elapsed: 37.99 s
----------
%%%mzn-stat: initTime=0.017669375
%%%mzn-stat: objective=303
%%%mzn-stat: nodes=166209
%%%mzn-stat: restarts=94
%%%mzn-stat: peakDepth=991
%%%mzn-stat: solveTime=37.610094285
%%%mzn-stat: variables=1578
%%%mzn-stat: propagators=2423
%%%mzn-stat: failures=71362
%%%mzn-stat: propagations=17368868
%%%mzn-stat: nogoods=71362
%%%mzn-stat: AverageConflictSize=60.49190045122054
%%%mzn-stat: NumUnitNogoodsLearned=220
%%%mzn-stat: AverageLearnedNogoodLength=140.8017432246854
%%%mzn-stat: AverageBacktrackAmount=0
%%%mzn-stat: AverageLbd=11.321711835430621
%%%mzn-stat-end
maxleg = 303;
succ = array1d(1..50,[11, 12, 28, 45, 48, 3, 41, 42, 10, 44, 30, 14, 38, 39, 16, 35, 20, 33, 40, 50, 22, 26, 1, 25, 5, 15, 47, 7, 27, 19, 34, 8, 24, 2, 36, 31, 18, 4, 37, 32, 49, 6, 9, 17, 21, 23, 13, 46, 43, 29]);
% time elapsed: 38.26 s
----------
%%%mzn-stat: initTime=0.017669375
%%%mzn-stat: objective=302
%%%mzn-stat: nodes=167415
%%%mzn-stat: restarts=96
%%%mzn-stat: peakDepth=991
%%%mzn-stat: solveTime=37.651286848
%%%mzn-stat: variables=1578
%%%mzn-stat: propagators=2423
%%%mzn-stat: failures=71425
%%%mzn-stat: propagations=17393333
%%%mzn-stat: nogoods=71425
%%%mzn-stat: AverageConflictSize=60.46550927546377
%%%mzn-stat: NumUnitNogoodsLearned=220
%%%mzn-stat: AverageLearnedNogoodLength=140.76382219110957
%%%mzn-stat: AverageBacktrackAmount=0
%%%mzn-stat: AverageLbd=11.328974448722436
%%%mzn-stat-end
maxleg = 302;
succ = array1d(1..50,[11, 12, 28, 45, 48, 3, 41, 42, 43, 49, 30, 14, 38, 39, 16, 35, 20, 33, 40, 50, 22, 26, 1, 25, 5, 15, 47, 7, 27, 19, 34, 8, 24, 2, 36, 31, 18, 4, 37, 32, 9, 6, 10, 17, 21, 23, 13, 46, 44, 29]);
% time elapsed: 38.31 s
----------
%%%mzn-stat: initTime=0.017669375
%%%mzn-stat: objective=301
%%%mzn-stat: nodes=168111
%%%mzn-stat: restarts=97
%%%mzn-stat: peakDepth=991
%%%mzn-stat: solveTime=37.704773962
%%%mzn-stat: variables=1578
%%%mzn-stat: propagators=2423
%%%mzn-stat: failures=71477
%%%mzn-stat: propagations=17419088
%%%mzn-stat: nogoods=71477
%%%mzn-stat: AverageConflictSize=60.51293423059166
%%%mzn-stat: NumUnitNogoodsLearned=220
%%%mzn-stat: AverageLearnedNogoodLength=140.8505673153602
%%%mzn-stat: AverageBacktrackAmount=0
%%%mzn-stat: AverageLbd=11.331141486072443
%%%mzn-stat-end
maxleg = 301;
succ = array1d(1..50,[11, 12, 28, 45, 48, 3, 41, 42, 43, 49, 30, 14, 38, 39, 16, 35, 20, 33, 40, 50, 22, 26, 1, 25, 5, 15, 47, 7, 27, 19, 34, 8, 24, 2, 36, 31, 18, 4, 37, 32, 9, 6, 10, 17, 21, 23, 13, 46, 44, 29]);
% time elapsed: 38.36 s
----------
%%%mzn-stat: initTime=0.017669375
%%%mzn-stat: objective=300
%%%mzn-stat: nodes=169251
%%%mzn-stat: restarts=98
%%%mzn-stat: peakDepth=991
%%%mzn-stat: solveTime=37.900857024
%%%mzn-stat: variables=1578
%%%mzn-stat: propagators=2423
%%%mzn-stat: failures=71713
%%%mzn-stat: propagations=17493418
%%%mzn-stat: nogoods=71713
%%%mzn-stat: AverageConflictSize=60.732168505013036
%%%mzn-stat: NumUnitNogoodsLearned=220
%%%mzn-stat: AverageLearnedNogoodLength=141.24953634626917
%%%mzn-stat: AverageBacktrackAmount=0
%%%mzn-stat: AverageLbd=11.331264903155635
%%%mzn-stat-end
maxleg = 300;
succ = array1d(1..50,[11, 12, 28, 45, 48, 3, 41, 42, 43, 49, 30, 14, 38, 39, 16, 35, 20, 33, 40, 50, 22, 26, 1, 25, 5, 15, 47, 7, 27, 19, 34, 8, 24, 2, 36, 31, 18, 4, 37, 32, 9, 6, 10, 17, 21, 23, 13, 46, 44, 29]);
% time elapsed: 38.56 s
----------
%%%mzn-stat: initTime=0.017669375
%%%mzn-stat: objective=299
%%%mzn-stat: nodes=171450
%%%mzn-stat: restarts=99
%%%mzn-stat: peakDepth=991
%%%mzn-stat: solveTime=38.726898971
%%%mzn-stat: variables=1578
%%%mzn-stat: propagators=2423
%%%mzn-stat: failures=72934
%%%mzn-stat: propagations=17913132
%%%mzn-stat: nogoods=72934
%%%mzn-stat: AverageConflictSize=60.91881701264157
%%%mzn-stat: NumUnitNogoodsLearned=220
%%%mzn-stat: AverageLearnedNogoodLength=142.60920832533523
%%%mzn-stat: AverageBacktrackAmount=0
%%%mzn-stat: AverageLbd=11.31004744015137
%%%mzn-stat-end
maxleg = 299;
succ = array1d(1..50,[11, 12, 28, 45, 48, 3, 41, 42, 43, 49, 30, 14, 38, 39, 16, 35, 20, 33, 40, 50, 22, 26, 1, 25, 5, 15, 47, 7, 27, 19, 34, 8, 24, 2, 36, 31, 18, 4, 37, 32, 9, 6, 10, 17, 21, 23, 13, 46, 44, 29]);
% time elapsed: 39.40 s
----------
%%%mzn-stat: initTime=0.017669375
%%%mzn-stat: objective=298
%%%mzn-stat: nodes=172213
%%%mzn-stat: restarts=100
%%%mzn-stat: peakDepth=991
%%%mzn-stat: solveTime=38.781513031
%%%mzn-stat: variables=1578
%%%mzn-stat: propagators=2423
%%%mzn-stat: failures=72986
%%%mzn-stat: propagations=17933863
%%%mzn-stat: nogoods=72986
%%%mzn-stat: AverageConflictSize=60.93102786835831
%%%mzn-stat: NumUnitNogoodsLearned=220
%%%mzn-stat: AverageLearnedNogoodLength=142.6902556654701
%%%mzn-stat: AverageBacktrackAmount=0
%%%mzn-stat: AverageLbd=11.313525881675938
%%%mzn-stat-end
maxleg = 298;
succ = array1d(1..50,[11, 12, 28, 45, 48, 3, 41, 42, 43, 49, 30, 14, 38, 39, 16, 35, 20, 33, 40, 50, 22, 26, 1, 25, 5, 15, 47, 7, 27, 19, 34, 8, 24, 2, 36, 31, 18, 4, 37, 32, 9, 6, 10, 17, 21, 23, 13, 46, 44, 29]);
% time elapsed: 39.45 s
----------
%%%mzn-stat: initTime=0.017669375
%%%mzn-stat: objective=294
%%%mzn-stat: nodes=173442
%%%mzn-stat: restarts=101
%%%mzn-stat: peakDepth=991
%%%mzn-stat: solveTime=38.971437016
%%%mzn-stat: variables=1578
%%%mzn-stat: propagators=2423
%%%mzn-stat: failures=73273
%%%mzn-stat: propagations=18048711
%%%mzn-stat: nogoods=73273
%%%mzn-stat: AverageConflictSize=60.89417657254378
%%%mzn-stat: NumUnitNogoodsLearned=220
%%%mzn-stat: AverageLearnedNogoodLength=142.9328811431223
%%%mzn-stat: AverageBacktrackAmount=0
%%%mzn-stat: AverageLbd=11.321277960503869
%%%mzn-stat-end
maxleg = 294;
succ = array1d(1..50,[11, 12, 28, 45, 25, 46, 39, 42, 43, 49, 30, 14, 38, 41, 16, 35, 13, 48, 40, 50, 22, 47, 1, 2, 33, 15, 19, 7, 27, 26, 34, 8, 24, 3, 36, 31, 18, 4, 37, 32, 9, 6, 10, 17, 21, 23, 20, 5, 44, 29]);
% time elapsed: 39.65 s
----------
%%%mzn-stat: initTime=0.017669375
%%%mzn-stat: objective=288
%%%mzn-stat: nodes=174779
%%%mzn-stat: restarts=103
%%%mzn-stat: peakDepth=991
%%%mzn-stat: solveTime=39.077670422
%%%mzn-stat: variables=1578
%%%mzn-stat: propagators=2423
%%%mzn-stat: failures=73626
%%%mzn-stat: propagations=18138126
%%%mzn-stat: nogoods=73626
%%%mzn-stat: AverageConflictSize=60.64678238665689
%%%mzn-stat: NumUnitNogoodsLearned=220
%%%mzn-stat: AverageLearnedNogoodLength=142.44855078369054
%%%mzn-stat: AverageBacktrackAmount=0
%%%mzn-stat: AverageLbd=11.326243446608535
%%%mzn-stat-end
maxleg = 288;
succ = array1d(1..50,[11, 12, 33, 45, 25, 46, 16, 42, 43, 49, 30, 14, 38, 41, 28, 35, 13, 48, 40, 50, 22, 47, 1, 2, 24, 15, 19, 7, 27, 26, 34, 8, 39, 3, 36, 31, 18, 4, 37, 32, 9, 6, 10, 17, 21, 23, 20, 5, 44, 29]);
% time elapsed: 39.76 s
----------
%%%mzn-stat: initTime=0.017669375
%%%mzn-stat: objective=285
%%%mzn-stat: nodes=176966
%%%mzn-stat: restarts=107
%%%mzn-stat: peakDepth=991
%%%mzn-stat: solveTime=39.178143973
%%%mzn-stat: variables=1578
%%%mzn-stat: propagators=2423
%%%mzn-stat: failures=73854
%%%mzn-stat: propagations=18221293
%%%mzn-stat: nogoods=73854
%%%mzn-stat: AverageConflictSize=60.53899585669023
%%%mzn-stat: NumUnitNogoodsLearned=220
%%%mzn-stat: AverageLearnedNogoodLength=142.28308554716062
%%%mzn-stat: AverageBacktrackAmount=0
%%%mzn-stat: AverageLbd=11.35043464131936
%%%mzn-stat-end
maxleg = 285;
succ = array1d(1..50,[30, 12, 33, 45, 25, 46, 16, 32, 43, 49, 8, 14, 38, 41, 28, 35, 13, 48, 40, 50, 22, 47, 1, 2, 24, 15, 19, 7, 27, 26, 34, 42, 39, 3, 36, 31, 18, 4, 37, 11, 9, 6, 10, 17, 21, 23, 20, 5, 44, 29]);
% time elapsed: 39.87 s
----------
%%%mzn-stat: initTime=0.017669375
%%%mzn-stat: objective=284
%%%mzn-stat: nodes=177653
%%%mzn-stat: restarts=108
%%%mzn-stat: peakDepth=991
%%%mzn-stat: solveTime=39.195303708
%%%mzn-stat: variables=1578
%%%mzn-stat: propagators=2423
%%%mzn-stat: failures=73865
%%%mzn-stat: propagations=18231759
%%%mzn-stat: nogoods=73865
%%%mzn-stat: AverageConflictSize=60.53890205103906
%%%mzn-stat: NumUnitNogoodsLearned=220
%%%mzn-stat: AverageLearnedNogoodLength=142.28427536722398
%%%mzn-stat: AverageBacktrackAmount=0
%%%mzn-stat: AverageLbd=11.35084275367224
%%%mzn-stat-end
maxleg = 284;
succ = array1d(1..50,[30, 12, 33, 45, 25, 46, 16, 32, 43, 49, 8, 14, 38, 41, 28, 35, 13, 48, 40, 50, 22, 47, 1, 2, 24, 15, 19, 7, 27, 26, 34, 42, 39, 3, 36, 31, 18, 4, 37, 11, 9, 6, 10, 17, 21, 23, 20, 5, 44, 29]);
% time elapsed: 39.89 s
----------
%%%mzn-stat: initTime=0.017669375
%%%mzn-stat: objective=279
%%%mzn-stat: nodes=179027
%%%mzn-stat: restarts=109
%%%mzn-stat: peakDepth=991
%%%mzn-stat: solveTime=39.581316901
%%%mzn-stat: variables=1578
%%%mzn-stat: propagators=2423
%%%mzn-stat: failures=74360
%%%mzn-stat: propagations=18400845
%%%mzn-stat: nogoods=74360
%%%mzn-stat: AverageConflictSize=60.88830016137708
%%%mzn-stat: NumUnitNogoodsLearned=220
%%%mzn-stat: AverageLearnedNogoodLength=142.96933835395373
%%%mzn-stat: AverageBacktrackAmount=0
%%%mzn-stat: AverageLbd=11.355110274341044
%%%mzn-stat-end
maxleg = 279;
succ = array1d(1..50,[30, 12, 33, 45, 25, 46, 16, 32, 43, 49, 8, 14, 21, 41, 28, 35, 13, 48, 40, 50, 22, 47, 1, 2, 24, 15, 19, 7, 27, 26, 34, 42, 39, 3, 36, 31, 18, 4, 37, 11, 9, 6, 10, 17, 29, 23, 20, 5, 44, 38]);
% time elapsed: 40.28 s
----------
%%%mzn-stat: initTime=0.017669375
%%%mzn-stat: objective=278
%%%mzn-stat: nodes=179961
%%%mzn-stat: restarts=111
%%%mzn-stat: peakDepth=991
%%%mzn-stat: solveTime=39.634833708
%%%mzn-stat: variables=1578
%%%mzn-stat: propagators=2423
%%%mzn-stat: failures=74445
%%%mzn-stat: propagations=18433050
%%%mzn-stat: nogoods=74445
%%%mzn-stat: AverageConflictSize=60.87122036402713
%%%mzn-stat: NumUnitNogoodsLearned=220
%%%mzn-stat: AverageLearnedNogoodLength=142.94628249042918
%%%mzn-stat: AverageBacktrackAmount=0
%%%mzn-stat: AverageLbd=11.362455504063403
%%%mzn-stat-end
maxleg = 278;
succ = array1d(1..50,[30, 24, 12, 15, 48, 46, 16, 32, 43, 49, 8, 14, 21, 41, 7, 35, 13, 33, 40, 50, 22, 47, 1, 25, 5, 4, 19, 3, 27, 26, 34, 42, 39, 2, 36, 31, 28, 45, 37, 11, 9, 6, 10, 17, 29, 23, 20, 18, 44, 38]);
% time elapsed: 40.33 s
----------
%%%mzn-stat: initTime=0.017669375
%%%mzn-stat: objective=277
%%%mzn-stat: nodes=180712
%%%mzn-stat: restarts=112
%%%mzn-stat: peakDepth=991
%%%mzn-stat: solveTime=39.706477853
%%%mzn-stat: variables=1578
%%%mzn-stat: propagators=2423
%%%mzn-stat: failures=74558
%%%mzn-stat: propagations=18471416
%%%mzn-stat: nogoods=74558
%%%mzn-stat: AverageConflictSize=60.86652002467877
%%%mzn-stat: NumUnitNogoodsLearned=220
%%%mzn-stat: AverageLearnedNogoodLength=142.97534805118164
%%%mzn-stat: AverageBacktrackAmount=0
%%%mzn-stat: AverageLbd=11.36500442608439
%%%mzn-stat-end
maxleg = 277;
succ = array1d(1..50,[30, 24, 12, 15, 48, 46, 16, 32, 43, 49, 8, 14, 21, 37, 7, 35, 13, 33, 40, 50, 22, 47, 1, 25, 5, 4, 19, 2, 27, 26, 34, 42, 39, 3, 36, 31, 28, 45, 41, 11, 9, 6, 10, 17, 29, 23, 20, 18, 44, 38]);
% time elapsed: 40.41 s
----------
%%%mzn-stat: initTime=0.017669375
%%%mzn-stat: objective=276
%%%mzn-stat: nodes=181660
%%%mzn-stat: restarts=113
%%%mzn-stat: peakDepth=991
%%%mzn-stat: solveTime=39.86054741
%%%mzn-stat: variables=1578
%%%mzn-stat: propagators=2423
%%%mzn-stat: failures=74801
%%%mzn-stat: propagations=18528759
%%%mzn-stat: nogoods=74801
%%%mzn-stat: AverageConflictSize=60.846405796713945
%%%mzn-stat: NumUnitNogoodsLearned=220
%%%mzn-stat: AverageLearnedNogoodLength=143.04232563735778
%%%mzn-stat: AverageBacktrackAmount=0
%%%mzn-stat: AverageLbd=11.364487105787356
%%%mzn-stat-end
maxleg = 276;
succ = array1d(1..50,[30, 24, 12, 15, 48, 46, 16, 32, 43, 49, 8, 14, 21, 37, 7, 35, 13, 33, 40, 50, 22, 47, 1, 25, 5, 4, 19, 2, 27, 26, 34, 42, 39, 3, 36, 31, 28, 45, 41, 11, 9, 6, 10, 17, 29, 23, 20, 18, 44, 38]);
% time elapsed: 40.57 s
----------
%%%mzn-stat: initTime=0.017669375
%%%mzn-stat: objective=275
%%%mzn-stat: nodes=182802
%%%mzn-stat: restarts=115
%%%mzn-stat: peakDepth=991
%%%mzn-stat: solveTime=40.03584777
%%%mzn-stat: variables=1578
%%%mzn-stat: propagators=2423
%%%mzn-stat: failures=75060
%%%mzn-stat: propagations=18626581
%%%mzn-stat: nogoods=75060
%%%mzn-stat: AverageConflictSize=60.940274447108976
%%%mzn-stat: NumUnitNogoodsLearned=220
%%%mzn-stat: AverageLearnedNogoodLength=143.23834265920595
%%%mzn-stat: AverageBacktrackAmount=0
%%%mzn-stat: AverageLbd=11.372821742605915
%%%mzn-stat-end
maxleg = 275;
succ = array1d(1..50,[30, 24, 12, 15, 48, 39, 16, 32, 43, 49, 8, 14, 21, 37, 7, 35, 13, 33, 40, 50, 22, 47, 1, 25, 5, 4, 19, 2, 27, 26, 34, 42, 6, 3, 36, 31, 28, 45, 41, 11, 9, 46, 10, 17, 29, 23, 20, 18, 44, 38]);
% time elapsed: 40.75 s
----------
%%%mzn-stat: initTime=0.017669375
%%%mzn-stat: objective=274
%%%mzn-stat: nodes=183721
%%%mzn-stat: restarts=116
%%%mzn-stat: peakDepth=991
%%%mzn-stat: solveTime=40.264754402
%%%mzn-stat: variables=1578
%%%mzn-stat: propagators=2423
%%%mzn-stat: failures=75291
%%%mzn-stat: propagations=18679714
%%%mzn-stat: nogoods=75291
%%%mzn-stat: AverageConflictSize=61.30565406223852
%%%mzn-stat: NumUnitNogoodsLearned=220
%%%mzn-stat: AverageLearnedNogoodLength=143.8180791860913
%%%mzn-stat: AverageBacktrackAmount=0
%%%mzn-stat: AverageLbd=11.375303821173846
%%%mzn-stat-end
maxleg = 274;
succ = array1d(1..50,[30, 24, 12, 15, 48, 39, 16, 32, 43, 49, 8, 14, 21, 37, 7, 35, 13, 33, 40, 50, 22, 47, 1, 25, 5, 4, 19, 2, 27, 26, 34, 42, 6, 3, 36, 31, 28, 45, 41, 11, 9, 46, 10, 17, 29, 23, 20, 18, 44, 38]);
% time elapsed: 40.98 s
----------
%%%mzn-stat: initTime=0.017669375
%%%mzn-stat: objective=273
%%%mzn-stat: nodes=187628
%%%mzn-stat: restarts=117
%%%mzn-stat: peakDepth=991
%%%mzn-stat: solveTime=41.11604067
%%%mzn-stat: variables=1578
%%%mzn-stat: propagators=2423
%%%mzn-stat: failures=78039
%%%mzn-stat: propagations=19224809
%%%mzn-stat: nogoods=78039
%%%mzn-stat: AverageConflictSize=59.91163392662643
%%%mzn-stat: NumUnitNogoodsLearned=220
%%%mzn-stat: AverageLearnedNogoodLength=141.1264752239265
%%%mzn-stat: AverageBacktrackAmount=0
%%%mzn-stat: AverageLbd=11.327528543420597
%%%mzn-stat-end
maxleg = 273;
succ = array1d(1..50,[30, 24, 12, 15, 48, 39, 16, 32, 43, 49, 8, 14, 21, 37, 7, 35, 13, 33, 40, 50, 22, 47, 1, 25, 5, 4, 19, 2, 27, 26, 34, 42, 6, 3, 36, 31, 28, 45, 41, 11, 9, 46, 10, 17, 29, 23, 20, 18, 44, 38]);
% time elapsed: 41.84 s
----------
%%%mzn-stat: initTime=0.017669375
%%%mzn-stat: objective=272
%%%mzn-stat: nodes=189774
%%%mzn-stat: restarts=118
%%%mzn-stat: peakDepth=991
%%%mzn-stat: solveTime=42.167576909
%%%mzn-stat: variables=1578
%%%mzn-stat: propagators=2423
%%%mzn-stat: failures=79364
%%%mzn-stat: propagations=19639025
%%%mzn-stat: nogoods=79364
%%%mzn-stat: AverageConflictSize=60.42520538279321
%%%mzn-stat: NumUnitNogoodsLearned=220
%%%mzn-stat: AverageLearnedNogoodLength=143.06952774557735
%%%mzn-stat: AverageBacktrackAmount=0
%%%mzn-stat: AverageLbd=11.320951564941284
%%%mzn-stat-end
maxleg = 272;
succ = array1d(1..50,[30, 24, 12, 15, 48, 39, 16, 32, 43, 49, 8, 14, 21, 37, 7, 35, 13, 33, 40, 50, 22, 47, 1, 25, 5, 4, 19, 2, 27, 26, 34, 42, 6, 3, 36, 31, 28, 45, 41, 11, 9, 46, 10, 17, 29, 23, 20, 18, 44, 38]);
% time elapsed: 42.89 s
----------
%%%mzn-stat: initTime=0.017669375
%%%mzn-stat: objective=268
%%%mzn-stat: nodes=190898
%%%mzn-stat: restarts=120
%%%mzn-stat: peakDepth=991
%%%mzn-stat: solveTime=42.265378138
%%%mzn-stat: variables=1578
%%%mzn-stat: propagators=2423
%%%mzn-stat: failures=79500
%%%mzn-stat: propagations=19681281
%%%mzn-stat: nogoods=79500
%%%mzn-stat: AverageConflictSize=60.44366037735849
%%%mzn-stat: NumUnitNogoodsLearned=220
%%%mzn-stat: AverageLearnedNogoodLength=143.12928301886794
%%%mzn-stat: AverageBacktrackAmount=0
%%%mzn-stat: AverageLbd=11.328490566037736
%%%mzn-stat-end
maxleg = 268;
succ = array1d(1..50,[30, 24, 7, 15, 48, 39, 16, 32, 43, 49, 8, 3, 21, 12, 28, 35, 13, 33, 40, 50, 22, 47, 1, 25, 5, 4, 19, 2, 27, 26, 34, 42, 6, 41, 36, 31, 14, 45, 37, 11, 9, 46, 10, 17, 29, 23, 20, 18, 44, 38]);
% time elapsed: 43.00 s
----------
%%%mzn-stat: initTime=0.017669375
%%%mzn-stat: objective=267
%%%mzn-stat: nodes=192364
%%%mzn-stat: restarts=121
%%%mzn-stat: peakDepth=991
%%%mzn-stat: solveTime=42.823506819
%%%mzn-stat: variables=1578
%%%mzn-stat: propagators=2423
%%%mzn-stat: failures=80186
%%%mzn-stat: propagations=19889248
%%%mzn-stat: nogoods=80186
%%%mzn-stat: AverageConflictSize=61.1303469433567
%%%mzn-stat: NumUnitNogoodsLearned=220
%%%mzn-stat: AverageLearnedNogoodLength=144.38121367819818
%%%mzn-stat: AverageBacktrackAmount=0
%%%mzn-stat: AverageLbd=11.33347467138902
%%%mzn-stat-end
maxleg = 267;
succ = array1d(1..50,[30, 24, 7, 15, 48, 39, 16, 32, 43, 49, 8, 3, 21, 12, 28, 35, 13, 33, 40, 50, 22, 47, 1, 25, 5, 4, 19, 2, 27, 26, 34, 42, 6, 41, 36, 31, 14, 45, 37, 11, 9, 46, 10, 17, 29, 23, 20, 18, 44, 38]);
% time elapsed: 43.56 s
----------
%%%mzn-stat: initTime=0.017669375
%%%mzn-stat: objective=266
%%%mzn-stat: nodes=193067
%%%mzn-stat: restarts=122
%%%mzn-stat: peakDepth=991
%%%mzn-stat: solveTime=42.894276601
%%%mzn-stat: variables=1578
%%%mzn-stat: propagators=2423
%%%mzn-stat: failures=80248
%%%mzn-stat: propagations=19907949
%%%mzn-stat: nogoods=80248
%%%mzn-stat: AverageConflictSize=61.18192353703519
%%%mzn-stat: NumUnitNogoodsLearned=220
%%%mzn-stat: AverageLearnedNogoodLength=144.5321254112252
%%%mzn-stat: AverageBacktrackAmount=0
%%%mzn-stat: AverageLbd=11.33473731432559
%%%mzn-stat-end
maxleg = 266;
succ = array1d(1..50,[30, 24, 7, 15, 48, 39, 16, 32, 43, 49, 8, 3, 21, 12, 28, 35, 13, 33, 40, 50, 22, 47, 1, 25, 5, 4, 19, 2, 27, 26, 34, 42, 6, 41, 36, 31, 14, 45, 37, 11, 9, 46, 10, 17, 29, 23, 20, 18, 44, 38]);
% time elapsed: 43.64 s
----------
%%%mzn-stat: initTime=0.017669375
%%%mzn-stat: objective=262
%%%mzn-stat: nodes=193747
%%%mzn-stat: restarts=123
%%%mzn-stat: peakDepth=991
%%%mzn-stat: solveTime=42.961931065
%%%mzn-stat: variables=1578
%%%mzn-stat: propagators=2423
%%%mzn-stat: failures=80322
%%%mzn-stat: propagations=19937381
%%%mzn-stat: nogoods=80322
%%%mzn-stat: AverageConflictSize=61.23656034461293
%%%mzn-stat: NumUnitNogoodsLearned=220
%%%mzn-stat: AverageLearnedNogoodLength=144.62800976071313
%%%mzn-stat: AverageBacktrackAmount=0
%%%mzn-stat: AverageLbd=11.337080749981325
%%%mzn-stat-end
maxleg = 262;
succ = array1d(1..50,[30, 24, 7, 15, 48, 39, 34, 32, 43, 49, 8, 3, 21, 12, 28, 35, 13, 33, 40, 50, 22, 47, 1, 25, 5, 4, 19, 2, 27, 26, 36, 42, 6, 41, 31, 10, 14, 45, 37, 11, 9, 46, 16, 17, 29, 23, 20, 18, 44, 38]);
% time elapsed: 43.71 s
----------
%%%mzn-stat: initTime=0.017669375
%%%mzn-stat: objective=257
%%%mzn-stat: nodes=194845
%%%mzn-stat: restarts=124
%%%mzn-stat: peakDepth=991
%%%mzn-stat: solveTime=43.383593712
%%%mzn-stat: variables=1578
%%%mzn-stat: propagators=2423
%%%mzn-stat: failures=80805
%%%mzn-stat: propagations=20070236
%%%mzn-stat: nogoods=80805
%%%mzn-stat: AverageConflictSize=61.758913433574655
%%%mzn-stat: NumUnitNogoodsLearned=220
%%%mzn-stat: AverageLearnedNogoodLength=145.510228327455
%%%mzn-stat: AverageBacktrackAmount=0
%%%mzn-stat: AverageLbd=11.33767712394035
%%%mzn-stat-end
maxleg = 257;
succ = array1d(1..50,[30, 24, 7, 15, 18, 39, 34, 32, 43, 49, 8, 3, 21, 12, 28, 35, 13, 33, 40, 50, 22, 47, 1, 25, 48, 4, 19, 2, 27, 26, 36, 42, 6, 41, 31, 10, 14, 45, 37, 11, 9, 46, 16, 17, 29, 23, 20, 5, 44, 38]);
% time elapsed: 44.13 s
----------
%%%mzn-stat: initTime=0.017669375
%%%mzn-stat: objective=255
%%%mzn-stat: nodes=197039
%%%mzn-stat: restarts=126
%%%mzn-stat: peakDepth=991
%%%mzn-stat: solveTime=43.878045493
%%%mzn-stat: variables=1578
%%%mzn-stat: propagators=2423
%%%mzn-stat: failures=82094
%%%mzn-stat: propagations=20328787
%%%mzn-stat: nogoods=82094
%%%mzn-stat: AverageConflictSize=61.30579579506419
%%%mzn-stat: NumUnitNogoodsLearned=220
%%%mzn-stat: AverageLearnedNogoodLength=144.51728506346385
%%%mzn-stat: AverageBacktrackAmount=0
%%%mzn-stat: AverageLbd=11.324384242453773
%%%mzn-stat-end
maxleg = 255;
succ = array1d(1..50,[39, 24, 7, 15, 18, 46, 34, 32, 43, 49, 8, 3, 21, 12, 28, 35, 13, 33, 30, 50, 22, 47, 40, 25, 48, 4, 19, 2, 27, 26, 36, 42, 6, 41, 31, 10, 14, 45, 37, 11, 9, 1, 16, 17, 29, 23, 20, 5, 44, 38]);
% time elapsed: 44.63 s
----------
=====ERROR=====
% time elapsed: 1449.69 s
